36.0 APEX_CODE,FINEST;APEX_PROFILING,INFO;CALLOUT,INFO;DB,INFO;SYSTEM,DEBUG;VALIDATION,INFO;VISUALFORCE,INFO;WAVE,INFO;WORKFLOW,INFO
12:37:24.0 (513881)|USER_INFO|[EXTERNAL]|0051r000007Oz5Q|lydia.abril@gmail.com|hora estándar de Europa central|GMT+02:00
12:37:24.0 (601147)|EXECUTION_STARTED
12:37:24.0 (606115)|CODE_UNIT_STARTED|[EXTERNAL]|01p1r000007YiiW|ReservaVueloTest.testModificar
12:37:24.0 (901230)|HEAP_ALLOCATE|[72]|Bytes:3
12:37:24.0 (939469)|HEAP_ALLOCATE|[77]|Bytes:152
12:37:24.0 (959494)|HEAP_ALLOCATE|[342]|Bytes:408
12:37:24.0 (984752)|HEAP_ALLOCATE|[355]|Bytes:408
12:37:24.0 (1007402)|HEAP_ALLOCATE|[467]|Bytes:48
12:37:24.0 (1045091)|HEAP_ALLOCATE|[139]|Bytes:6
12:37:24.0 (1064527)|HEAP_ALLOCATE|[EXTERNAL]|Bytes:86
12:37:24.0 (1088990)|METHOD_ENTRY|[2]|01p1r000007YiiW|ReservaVueloTest.ReservaVueloTest()
12:37:24.0 (1104510)|STATEMENT_EXECUTE|[2]
12:37:24.0 (1110897)|STATEMENT_EXECUTE|[2]
12:37:24.0 (1116974)|METHOD_EXIT|[2]|ReservaVueloTest
12:37:24.0 (1353627)|HEAP_ALLOCATE|[50]|Bytes:5
12:37:24.0 (1384839)|HEAP_ALLOCATE|[56]|Bytes:5
12:37:24.0 (1396767)|HEAP_ALLOCATE|[64]|Bytes:7
12:37:24.0 (1446231)|STATEMENT_EXECUTE|[25]
12:37:24.0 (1449475)|STATEMENT_EXECUTE|[27]
12:37:24.0 (1501359)|HEAP_ALLOCATE|[27]|Bytes:4
12:37:24.0 (1579453)|HEAP_ALLOCATE|[27]|Bytes:14
12:37:24.0 (1640550)|VARIABLE_ASSIGNMENT|[27]|this.LastName|"ContactoPrueba"|0x4ff482cf
12:37:24.0 (1677124)|HEAP_ALLOCATE|[27]|Bytes:28
12:37:24.0 (1709320)|VARIABLE_ASSIGNMENT|[27]|this.Nif__c|123456789|0x4ff482cf
12:37:24.0 (1751321)|VARIABLE_SCOPE_BEGIN|[27]|oContact|Contact|true|false
12:37:24.0 (1779512)|VARIABLE_ASSIGNMENT|[27]|oContact|{"LastName":"ContactoPrueba","Nif__c":123456789}|0x4ff482cf
12:37:24.0 (1788375)|STATEMENT_EXECUTE|[28]
12:37:24.0 (1815126)|HEAP_ALLOCATE|[28]|Bytes:8
12:37:24.0 (1829589)|DML_BEGIN|[28]|Op:Insert|Type:Contact|Rows:1
12:37:24.0 (1864971)|HEAP_ALLOCATE|[EXTERNAL]|Bytes:8
12:37:24.0 (10822211)|CODE_UNIT_STARTED|[EXTERNAL]|DuplicateDetector
12:37:24.0 (10847294)|DUPLICATE_DETECTION_BEGIN
12:37:24.0 (11428186)|DUPLICATE_DETECTION_RULE_INVOCATION|DuplicateRuleId:0Bm1r0000018X89|DuplicateRuleName:Standard Contact Duplicate Rule|DmlType:INSERT
12:37:24.0 (73738596)|DUPLICATE_DETECTION_MATCH_INVOCATION_DETAILS|EntityType:Contact|ActionTaken:Allow_[Alert,Report]|DuplicateRecordIds:
12:37:24.0 (73767603)|DUPLICATE_DETECTION_MATCH_INVOCATION_SUMMARY|EntityType:Contact|NumRecordsToBeSaved:1|NumRecordsToBeSavedWithDuplicates:0|NumDuplicateRecordsFound:0
12:37:24.0 (73779760)|DUPLICATE_DETECTION_MATCH_INVOCATION_DETAILS|EntityType:Contact|ActionTaken:Allow_[Alert,Report]|DuplicateRecordIds:
12:37:24.0 (73786371)|DUPLICATE_DETECTION_MATCH_INVOCATION_SUMMARY|EntityType:Contact|NumRecordsToBeSaved:1|NumRecordsToBeSavedWithDuplicates:0|NumDuplicateRecordsFound:0
12:37:24.0 (73944916)|DUPLICATE_DETECTION_END
12:37:24.0 (73952682)|CODE_UNIT_FINISHED|DuplicateDetector
12:37:24.0 (106934179)|DML_END|[28]
12:37:24.0 (106961932)|STATEMENT_EXECUTE|[30]
12:37:24.0 (107010335)|HEAP_ALLOCATE|[30]|Bytes:4
12:37:24.0 (107093419)|HEAP_ALLOCATE|[30]|Bytes:13
12:37:24.0 (107141901)|VARIABLE_ASSIGNMENT|[30]|this.Name|"ReservaPrueba"|0x6a58e7aa
12:37:24.0 (107149587)|HEAP_ALLOCATE|[31]|Bytes:6
12:37:24.0 (107167741)|VARIABLE_ASSIGNMENT|[30]|this.Origen__c|"Madrid"|0x6a58e7aa
12:37:24.0 (107173842)|HEAP_ALLOCATE|[32]|Bytes:4
12:37:24.0 (107186894)|VARIABLE_ASSIGNMENT|[30]|this.Destino__c|"Roma"|0x6a58e7aa
12:37:24.0 (107192505)|HEAP_ALLOCATE|[33]|Bytes:7
12:37:24.0 (107205181)|VARIABLE_ASSIGNMENT|[30]|this.Case__c|"Turista"|0x6a58e7aa
12:37:24.0 (107244724)|VARIABLE_ASSIGNMENT|[30]|this.Contacto__c|"0031r000024iLzGAAU"|0x6a58e7aa
12:37:24.0 (107297843)|HEAP_ALLOCATE|[35]|Bytes:4
12:37:24.0 (107369566)|HEAP_ALLOCATE|[35]|Bytes:56
12:37:24.0 (107422496)|VARIABLE_ASSIGNMENT|[30]|this.Fecha_Salida__c|"2019-01-10T23:00:00.000Z"|0x6a58e7aa
12:37:24.0 (107434124)|HEAP_ALLOCATE|[36]|Bytes:4
12:37:24.0 (107451745)|VARIABLE_ASSIGNMENT|[30]|this.Observaciones__c|"Nada"|0x6a58e7aa
12:37:24.0 (107483088)|VARIABLE_SCOPE_BEGIN|[30]|oReserva|Reserva_Vuelo__c|true|false
12:37:24.0 (107510999)|VARIABLE_ASSIGNMENT|[30]|oReserva|{"Name":"ReservaPrueba","Origen__c":"Madrid","Destino__c":"Roma","Case__c":"Turista","Contacto__c":"0031r000024iLzGAAU","Fecha_Salida__c":"2019-01-10T23:00:00.000Z","Observaciones__c":"Nada"}|0x6a58e7aa
12:37:24.0 (107519517)|STATEMENT_EXECUTE|[37]
12:37:24.0 (107538016)|HEAP_ALLOCATE|[37]|Bytes:8
12:37:24.0 (107548033)|DML_BEGIN|[37]|Op:Insert|Type:Reserva_Vuelo__c|Rows:1
12:37:24.0 (107584476)|HEAP_ALLOCATE|[EXTERNAL]|Bytes:8
12:37:24.0 (112484679)|CODE_UNIT_STARTED|[EXTERNAL]|01q1r000000isRT|ReservaVueloTrigger on Reserva_Vuelo trigger event BeforeInsert
12:37:24.0 (112519146)|HEAP_ALLOCATE|[EXTERNAL]|Bytes:8
12:37:24.0 (112673788)|HEAP_ALLOCATE|[EXTERNAL]|Bytes:12
12:37:24.0 (112690217)|VARIABLE_SCOPE_BEGIN|[1]|this|ReservaVueloTrigger|true|false
12:37:24.0 (112750201)|VARIABLE_ASSIGNMENT|[1]|this|{}|0x5ec3ccd7
12:37:24.0 (112829307)|HEAP_ALLOCATE|[EXTERNAL]|Bytes:12
12:37:24.0 (112919647)|VARIABLE_SCOPE_BEGIN|[1]|this|ReservaVueloTrigger|true|false
12:37:24.0 (112937627)|VARIABLE_ASSIGNMENT|[1]|this|{}|0x5ec3ccd7
12:37:24.0 (112945801)|STATEMENT_EXECUTE|[1]
12:37:24.0 (112947983)|STATEMENT_EXECUTE|[4]
12:37:24.0 (113255348)|VARIABLE_ASSIGNMENT|[4]|this.listNew|[{"Contacto__c":"0031r000024iLzGAAU","Origen__c":"Madrid","Destino__c":"Roma","IsDeleted":false,"Fecha_Salida__c":"2019-01-10T23:00:00.000Z","OwnerId":"0051r000007Oz5QAAS","Observaciones__c":"Nada","Case__c":"Turista","Modificado__c":false,"Name":"ReservaPrueba"}]|0x5ec3ccd7
12:37:24.0 (113268389)|STATEMENT_EXECUTE|[7]
12:37:24.0 (113285933)|VARIABLE_ASSIGNMENT|[7]|this.mapOld|null|0x5ec3ccd7
12:37:24.0 (113296580)|STATEMENT_EXECUTE|[10]
12:37:24.0 (113301311)|STATEMENT_EXECUTE|[11]
12:37:24.0 (113302956)|STATEMENT_EXECUTE|[12]
12:37:24.0 (114723626)|HEAP_ALLOCATE|[12]|Bytes:4
12:37:24.0 (114761272)|METHOD_ENTRY|[1]|01p1r000007Yidp|ReservaVueloMethods.ReservaVueloMethods()
12:37:24.0 (114768195)|STATEMENT_EXECUTE|[1]
12:37:24.0 (114773216)|STATEMENT_EXECUTE|[1]
12:37:24.0 (115180237)|SYSTEM_MODE_ENTER|false
12:37:24.0 (115196076)|HEAP_ALLOCATE|[12]|Bytes:5
12:37:24.0 (115205988)|SYSTEM_MODE_EXIT|false
12:37:24.0 (115218778)|METHOD_EXIT|[1]|ReservaVueloMethods
12:37:24.0 (115251145)|METHOD_ENTRY|[12]|01p1r000007Yidp|ReservaVueloMethods.RellenarCuenta(List<Reserva_Vuelo__c>)
12:37:24.0 (115284693)|VARIABLE_SCOPE_BEGIN|[4]|listReservas|List<Reserva_Vuelo__c>|true|false
12:37:24.0 (115413524)|VARIABLE_ASSIGNMENT|[4]|listReservas|[{"Contacto__c":"0031r000024iLzGAAU","Origen__c":"Madrid","Destino__c":"Roma","IsDeleted":false,"Fecha_Salida__c":"2019-01-10T23:00:00.000Z","OwnerId":"0051r000007Oz5QAAS","Observaciones__c":"Nada","Case__c":"Turista","Modificado__c":false,"Name":"ReservaPrueba"}]|0x332ab20a
12:37:24.0 (115447106)|SYSTEM_MODE_ENTER|false
12:37:24.0 (115454710)|HEAP_ALLOCATE|[6]|Bytes:5
12:37:24.0 (115461457)|STATEMENT_EXECUTE|[4]
12:37:24.0 (115544534)|STATEMENT_EXECUTE|[6]
12:37:24.0 (115546828)|STATEMENT_EXECUTE|[9]
12:37:24.0 (115564037)|HEAP_ALLOCATE|[9]|Bytes:4
12:37:24.0 (115597098)|VARIABLE_SCOPE_BEGIN|[9]|listContactosIds|Set<String>|true|false
12:37:24.0 (115625318)|VARIABLE_ASSIGNMENT|[9]|listContactosIds|[]|0x37da9d35
12:37:24.0 (115765785)|HEAP_ALLOCATE|[10]|Bytes:5
12:37:24.0 (115785862)|HEAP_ALLOCATE|[10]|Bytes:4
12:37:24.0 (115793725)|VARIABLE_SCOPE_BEGIN|[10]|inReserva|Reserva_Vuelo__c|true|false
12:37:24.0 (115918339)|VARIABLE_ASSIGNMENT|[10]|inReserva|{"Contacto__c":"0031r000024iLzGAAU","Origen__c":"Madrid","Destino__c":"Roma","IsDeleted":false,"Fecha_Salida__c":"2019-01-10T23:00:00.000Z","OwnerId":"0051r000007Oz5QAAS","Observaciones__c":"Nada","Case__c":"Turista","Modificado__c":false,"Name":"ReservaPrueba"}|0x40972c0e
12:37:24.0 (115928770)|STATEMENT_EXECUTE|[10]
12:37:24.0 (115930976)|STATEMENT_EXECUTE|[11]
12:37:24.0 (116003308)|HEAP_ALLOCATE|[EXTERNAL]|Bytes:4
12:37:24.0 (116030055)|HEAP_ALLOCATE|[10]|Bytes:5
12:37:24.0 (116046322)|VARIABLE_ASSIGNMENT|[10]|inReserva|null|
12:37:24.0 (116052525)|STATEMENT_EXECUTE|[23]
12:37:24.0 (116090792)|HEAP_ALLOCATE|[23]|Bytes:4
12:37:24.0 (116097295)|HEAP_ALLOCATE|[23]|Bytes:49
12:37:24.0 (116115441)|HEAP_ALLOCATE|[23]|Bytes:4
12:37:24.0 (116126205)|HEAP_ALLOCATE|[23]|Bytes:7
12:37:24.0 (116158809)|HEAP_ALLOCATE|[23]|Bytes:8
12:37:24.0 (116167250)|HEAP_ALLOCATE|[23]|Bytes:8
12:37:24.0 (116384230)|SOQL_EXECUTE_BEGIN|[23]|Aggregations:0|SELECT AccountId FROM Contact WHERE id = :tmpVar1
12:37:24.0 (120300210)|SOQL_EXECUTE_END|[23]|Rows:1
12:37:24.0 (120323040)|HEAP_ALLOCATE|[23]|Bytes:8
12:37:24.0 (120339515)|HEAP_ALLOCATE|[23]|Bytes:29
12:37:24.0 (120380484)|HEAP_ALLOCATE|[23]|Bytes:8
12:37:24.0 (120416827)|HEAP_ALLOCATE|[23]|Bytes:8
12:37:24.0 (120431330)|HEAP_ALLOCATE|[23]|Bytes:18
12:37:24.0 (120463911)|VARIABLE_SCOPE_BEGIN|[23]|contactos|Map<String,Contact>|true|false
12:37:24.0 (120496657)|VARIABLE_ASSIGNMENT|[23]|contactos|{"0031r000024iLzGAAU":{"Id":"0031r000024iLzGAAU"}}|0x4b67985f
12:37:24.0 (120543382)|HEAP_ALLOCATE|[26]|Bytes:5
12:37:24.0 (120556962)|HEAP_ALLOCATE|[26]|Bytes:4
12:37:24.0 (120564920)|VARIABLE_SCOPE_BEGIN|[26]|inReserva|Reserva_Vuelo__c|true|false
12:37:24.0 (120713748)|VARIABLE_ASSIGNMENT|[26]|inReserva|{"Contacto__c":"0031r000024iLzGAAU","Origen__c":"Madrid","Destino__c":"Roma","IsDeleted":false,"Fecha_Salida__c":"2019-01-10T23:00:00.000Z","OwnerId":"0051r000007Oz5QAAS","Observaciones__c":"Nada","Case__c":"Turista","Modificado__c":false,"Name":"ReservaPrueba"}|0x40972c0e
12:37:24.0 (120726282)|STATEMENT_EXECUTE|[26]
12:37:24.0 (120728682)|STATEMENT_EXECUTE|[27]
12:37:24.0 (120965341)|VARIABLE_ASSIGNMENT|[27]|this.Cuenta__c|null|0x40972c0e
12:37:24.0 (120991429)|HEAP_ALLOCATE|[26]|Bytes:5
12:37:24.0 (121010768)|VARIABLE_ASSIGNMENT|[26]|inReserva|null|
12:37:24.0 (121021648)|SYSTEM_MODE_EXIT|false
12:37:24.0 (121033767)|METHOD_EXIT|[12]|01p1r000007Yidp|ReservaVueloMethods.RellenarCuenta(List<Reserva_Vuelo__c>)
12:37:24.0 (121053330)|STATEMENT_EXECUTE|[14]
12:37:24.121 (121063802)|CUMULATIVE_LIMIT_USAGE
12:37:24.121 (121063802)|LIMIT_USAGE_FOR_NS|(default)|
  Number of SOQL queries: 1 out of 100
  Number of query rows: 1 out of 50000
  Number of SOSL queries: 0 out of 20
  Number of DML statements: 2 out of 150
  Number of DML rows: 2 out of 10000
  Maximum CPU time: 0 out of 10000
  Maximum heap size: 0 out of 6000000
  Number of callouts: 0 out of 100
  Number of Email Invocations: 0 out of 10
  Number of future calls: 0 out of 50
  Number of queueable jobs added to the queue: 0 out of 50
  Number of Mobile Apex push calls: 0 out of 10

12:37:24.121 (121063802)|CUMULATIVE_LIMIT_USAGE_END

12:37:24.0 (122479635)|CODE_UNIT_FINISHED|ReservaVueloTrigger on Reserva_Vuelo trigger event BeforeInsert
12:37:24.0 (126094604)|CODE_UNIT_STARTED|[EXTERNAL]|Validation:Reserva_Vuelo:new
12:37:24.0 (126114390)|VALIDATION_RULE|03d1r0000006A1e|DiferentesCampos
12:37:24.0 (126394318)|VALIDATION_FORMULA|TEXT(Origen__c)  =  TEXT(Destino__c)|Destino__c=Roma , Origen__c=Madrid
12:37:24.0 (126403660)|VALIDATION_PASS
12:37:24.0 (126406079)|VALIDATION_RULE|03d1r0000006A1Z|Fecha_de_salida
12:37:24.0 (126514451)|VALIDATION_FORMULA|Fecha_Salida__c  <   NOW()|Fecha_Salida__c=2019-01-10 23:00:00
12:37:24.0 (126523665)|VALIDATION_PASS
12:37:24.0 (126557172)|CODE_UNIT_FINISHED|Validation:Reserva_Vuelo:new
12:37:24.0 (166567934)|DML_END|[37]
12:37:24.0 (166598178)|STATEMENT_EXECUTE|[40]
12:37:24.0 (166658911)|HEAP_ALLOCATE|[40]|Bytes:63
12:37:24.0 (166677421)|SYSTEM_METHOD_ENTRY|[1]|Test.Test()
12:37:24.0 (166681736)|STATEMENT_EXECUTE|[1]
12:37:24.0 (166691694)|SYSTEM_METHOD_EXIT|[1]|Test
12:37:24.0 (166708033)|METHOD_ENTRY|[40]||System.Test.startTest()
12:37:24.0 (168250381)|METHOD_EXIT|[40]||System.Test.startTest()
12:37:24.0 (168260854)|STATEMENT_EXECUTE|[42]
12:37:24.0 (168266108)|HEAP_ALLOCATE|[42]|Bytes:95
12:37:24.0 (168286100)|HEAP_ALLOCATE|[42]|Bytes:4
12:37:24.0 (168552445)|SOQL_EXECUTE_BEGIN|[42]|Aggregations:0|SELECT Id, Name, Origen__c, Destino__c, Modificado__c FROM Reserva_Vuelo__c WHERE Id = :tmpVar1
12:37:24.0 (171076085)|SOQL_EXECUTE_END|[42]|Rows:1
12:37:24.0 (171097974)|HEAP_ALLOCATE|[42]|Bytes:8
12:37:24.0 (171124669)|HEAP_ALLOCATE|[42]|Bytes:108
12:37:24.0 (171167670)|HEAP_ALLOCATE|[42]|Bytes:8
12:37:24.0 (171178659)|HEAP_ALLOCATE|[42]|Bytes:42
12:37:24.0 (171198335)|HEAP_ALLOCATE|[42]|Bytes:24
12:37:24.0 (171207265)|VARIABLE_SCOPE_BEGIN|[42]|oReservaUpdate|Reserva_Vuelo__c|true|false
12:37:24.0 (171236320)|VARIABLE_ASSIGNMENT|[42]|oReservaUpdate|{"Id":"a001r00000oUFzyAAG","Name":"ReservaPrueba","Origen__c":"Madrid","Destino__c":"Roma","Modificado__c":false}|0xf657f9c
12:37:24.0 (171244964)|STATEMENT_EXECUTE|[44]
12:37:24.0 (171248046)|HEAP_ALLOCATE|[44]|Bytes:6
12:37:24.0 (171300089)|VARIABLE_ASSIGNMENT|[44]|this.Destino__c|"Berlín"|0xf657f9c
12:37:24.0 (171306801)|STATEMENT_EXECUTE|[46]
12:37:24.0 (171340456)|HEAP_ALLOCATE|[46]|Bytes:8
12:37:24.0 (171350129)|DML_BEGIN|[46]|Op:Update|Type:Reserva_Vuelo__c|Rows:1
12:37:24.0 (171372333)|HEAP_ALLOCATE|[EXTERNAL]|Bytes:8
12:37:24.0 (178300346)|CODE_UNIT_STARTED|[EXTERNAL]|01q1r000000isRT|ReservaVueloTrigger on Reserva_Vuelo trigger event BeforeUpdate
12:37:24.0 (178337258)|HEAP_ALLOCATE|[EXTERNAL]|Bytes:8
12:37:24.0 (178363642)|HEAP_ALLOCATE|[EXTERNAL]|Bytes:8
12:37:24.0 (178408245)|HEAP_ALLOCATE|[EXTERNAL]|Bytes:12
12:37:24.0 (178416469)|VARIABLE_SCOPE_BEGIN|[1]|this|ReservaVueloTrigger|true|false
12:37:24.0 (178445749)|VARIABLE_ASSIGNMENT|[1]|this|{}|0x76458c40
12:37:24.0 (178481189)|HEAP_ALLOCATE|[EXTERNAL]|Bytes:12
12:37:24.0 (178488086)|VARIABLE_SCOPE_BEGIN|[1]|this|ReservaVueloTrigger|true|false
12:37:24.0 (178500470)|VARIABLE_ASSIGNMENT|[1]|this|{}|0x76458c40
12:37:24.0 (178508040)|STATEMENT_EXECUTE|[1]
12:37:24.0 (178510413)|STATEMENT_EXECUTE|[4]
12:37:24.0 (178713382)|VARIABLE_ASSIGNMENT|[4]|this.listNew|[{"LastModifiedDate":"2018-04-09T10:37:24.000Z","Origen__c":"Madrid","IsDeleted":false,"Fecha_Salida__c":"2019-01-10T23:00:00.000Z","N_Reserva__c":"RV-100008","Name":"ReservaPrueba","SystemModstamp":"2018-04-09T10:37:24.000Z","Contacto__c":"0031r000024iLzGAAU","Destino__c":"Berlín","OwnerId":"0051r000007Oz5QAAS","CreatedById":"0051r000007Oz5QAAS","Observaciones__c":"Nada","CreatedDate":"2018-04-09T10:37:24.000Z","Case__c":"Turista","Modificado__c":false,"Id":"a001r00000oUFzyAAG","LastModifiedById":"0051r000007Oz5QAAS"}]|0x76458c40
12:37:24.0 (178728333)|STATEMENT_EXECUTE|[7]
12:37:24.0 (178864033)|VARIABLE_ASSIGNMENT|[7]|this.mapOld|{"a001r00000oUFzyAAG":{"LastModifiedDate":"2018-04-09T10:37:24.000Z","Origen__c":"Madrid","IsDeleted":false,"Fecha_Salida__c":"2019-01-10T23:00:00.000Z","N_Reserva__c":"RV-100008","Name":"ReservaPrueba","SystemModstamp":"2018-04-09T10:37:24.000Z","Contacto__c":"0031r000024iLzGAAU","Destino__c":"Roma","OwnerId":"0051r000007Oz5QAAS","CreatedById":"0051r000007Oz5QAAS","Observaciones__c":"Nada","CreatedDate":"2018-04-09T10:37:24.000Z","Case__c":"Turista","Modificado__c":false,"Id":"a001r00000oUFzyAAG","LastModifiedById":"0051r000007Oz5QAAS"}}|0x76458c40
12:37:24.0 (178884622)|STATEMENT_EXECUTE|[10]
12:37:24.0 (178889260)|STATEMENT_EXECUTE|[11]
12:37:24.0 (178893256)|STATEMENT_EXECUTE|[14]
12:37:24.0 (178894905)|STATEMENT_EXECUTE|[15]
12:37:24.0 (178923241)|METHOD_ENTRY|[15]|01p1r000007Yidp|ReservaVueloMethods.Modificado(List<Reserva_Vuelo__c>, Map<Id,Reserva_Vuelo__c>)
12:37:24.0 (178975125)|VARIABLE_SCOPE_BEGIN|[33]|listNew|List<Reserva_Vuelo__c>|true|false
12:37:24.0 (179073247)|VARIABLE_ASSIGNMENT|[33]|listNew|[{"LastModifiedDate":"2018-04-09T10:37:24.000Z","Origen__c":"Madrid","IsDeleted":false,"Fecha_Salida__c":"2019-01-10T23:00:00.000Z","N_Reserva__c":"RV-100008","Name":"ReservaPrueba","SystemModstamp":"2018-04-09T10:37:24.000Z","Contacto__c":"0031r000024iLzGAAU","Destino__c":"Berlín","OwnerId":"0051r000007Oz5QAAS","CreatedById":"0051r000007Oz5QAAS","Observaciones__c":"Nada","CreatedDate":"2018-04-09T10:37:24.000Z","Case__c":"Turista","Modificado__c":false,"Id":"a001r00000oUFzyAAG","LastModifiedById":"0051r000007Oz5QAAS"}]|0x565c5b09
12:37:24.0 (179087730)|VARIABLE_SCOPE_BEGIN|[33]|mapOld|Map<Id,Reserva_Vuelo__c>|true|false
12:37:24.0 (179164976)|VARIABLE_ASSIGNMENT|[33]|mapOld|{"a001r00000oUFzyAAG":{"LastModifiedDate":"2018-04-09T10:37:24.000Z","Origen__c":"Madrid","IsDeleted":false,"Fecha_Salida__c":"2019-01-10T23:00:00.000Z","N_Reserva__c":"RV-100008","Name":"ReservaPrueba","SystemModstamp":"2018-04-09T10:37:24.000Z","Contacto__c":"0031r000024iLzGAAU","Destino__c":"Roma","OwnerId":"0051r000007Oz5QAAS","CreatedById":"0051r000007Oz5QAAS","Observaciones__c":"Nada","CreatedDate":"2018-04-09T10:37:24.000Z","Case__c":"Turista","Modificado__c":false,"Id":"a001r00000oUFzyAAG","LastModifiedById":"0051r000007Oz5QAAS"}}|0x6d1da537
12:37:24.0 (179858469)|SYSTEM_MODE_ENTER|false
12:37:24.0 (179870324)|HEAP_ALLOCATE|[35]|Bytes:5
12:37:24.0 (179876939)|STATEMENT_EXECUTE|[33]
12:37:24.0 (179918831)|HEAP_ALLOCATE|[35]|Bytes:5
12:37:24.0 (179933942)|HEAP_ALLOCATE|[35]|Bytes:4
12:37:24.0 (179941488)|VARIABLE_SCOPE_BEGIN|[35]|inReservaVueloNew|Reserva_Vuelo__c|true|false
12:37:24.0 (180033584)|VARIABLE_ASSIGNMENT|[35]|inReservaVueloNew|{"LastModifiedDate":"2018-04-09T10:37:24.000Z","Origen__c":"Madrid","IsDeleted":false,"Fecha_Salida__c":"2019-01-10T23:00:00.000Z","N_Reserva__c":"RV-100008","Name":"ReservaPrueba","SystemModstamp":"2018-04-09T10:37:24.000Z","Contacto__c":"0031r000024iLzGAAU","Destino__c":"Berlín","OwnerId":"0051r000007Oz5QAAS","CreatedById":"0051r000007Oz5QAAS","Observaciones__c":"Nada","CreatedDate":"2018-04-09T10:37:24.000Z","Case__c":"Turista","Modificado__c":false,"Id":"a001r00000oUFzyAAG","LastModifiedById":"0051r000007Oz5QAAS"}|0x37600358
12:37:24.0 (180049957)|STATEMENT_EXECUTE|[35]
12:37:24.0 (180052746)|STATEMENT_EXECUTE|[37]
12:37:24.0 (180136334)|VARIABLE_SCOPE_BEGIN|[37]|inReservaVueloOld|Reserva_Vuelo__c|true|false
12:37:24.0 (180218723)|VARIABLE_ASSIGNMENT|[37]|inReservaVueloOld|{"LastModifiedDate":"2018-04-09T10:37:24.000Z","Origen__c":"Madrid","IsDeleted":false,"Fecha_Salida__c":"2019-01-10T23:00:00.000Z","N_Reserva__c":"RV-100008","Name":"ReservaPrueba","SystemModstamp":"2018-04-09T10:37:24.000Z","Contacto__c":"0031r000024iLzGAAU","Destino__c":"Roma","OwnerId":"0051r000007Oz5QAAS","CreatedById":"0051r000007Oz5QAAS","Observaciones__c":"Nada","CreatedDate":"2018-04-09T10:37:24.000Z","Case__c":"Turista","Modificado__c":false,"Id":"a001r00000oUFzyAAG","LastModifiedById":"0051r000007Oz5QAAS"}|0x6e888bda
12:37:24.0 (180277250)|STATEMENT_EXECUTE|[39]
12:37:24.0 (180279619)|STATEMENT_EXECUTE|[40]
12:37:24.0 (180359613)|VARIABLE_ASSIGNMENT|[40]|this.Modificado__c|true|0x37600358
12:37:24.0 (180377738)|HEAP_ALLOCATE|[35]|Bytes:5
12:37:24.0 (180391691)|VARIABLE_ASSIGNMENT|[35]|inReservaVueloNew|null|
12:37:24.0 (180399664)|SYSTEM_MODE_EXIT|false
12:37:24.0 (180409319)|METHOD_EXIT|[15]|01p1r000007Yidp|ReservaVueloMethods.Modificado(List<Reserva_Vuelo__c>, Map<Id,Reserva_Vuelo__c>)
12:37:24.180 (180419295)|CUMULATIVE_LIMIT_USAGE
12:37:24.180 (180419295)|LIMIT_USAGE_FOR_NS|(default)|
  Number of SOQL queries: 1 out of 100
  Number of query rows: 1 out of 50000
  Number of SOSL queries: 0 out of 20
  Number of DML statements: 2 out of 150
  Number of DML rows: 2 out of 10000
  Maximum CPU time: 0 out of 10000
  Maximum heap size: 0 out of 6000000
  Number of callouts: 0 out of 100
  Number of Email Invocations: 0 out of 10
  Number of future calls: 0 out of 50
  Number of queueable jobs added to the queue: 0 out of 50
  Number of Mobile Apex push calls: 0 out of 10

12:37:24.180 (180419295)|TESTING_LIMITS
12:37:24.180 (180419295)|LIMIT_USAGE_FOR_NS|(default)|
  Number of SOQL queries: 1 out of 100
  Number of query rows: 1 out of 50000
  Number of SOSL queries: 0 out of 20
  Number of DML statements: 1 out of 150
  Number of DML rows: 1 out of 10000
  Maximum CPU time: 0 out of 10000
  Maximum heap size: 0 out of 6000000
  Number of callouts: 0 out of 100
  Number of Email Invocations: 0 out of 10
  Number of future calls: 0 out of 50
  Number of queueable jobs added to the queue: 0 out of 50
  Number of Mobile Apex push calls: 0 out of 10

12:37:24.180 (180419295)|CUMULATIVE_LIMIT_USAGE_END

12:37:24.0 (181798138)|CODE_UNIT_FINISHED|ReservaVueloTrigger on Reserva_Vuelo trigger event BeforeUpdate
12:37:24.0 (183189546)|CODE_UNIT_STARTED|[EXTERNAL]|Validation:Reserva_Vuelo:a001r00000oUFzy
12:37:24.0 (183200317)|VALIDATION_RULE|03d1r0000006A1e|DiferentesCampos
12:37:24.0 (183378334)|VALIDATION_FORMULA|TEXT(Origen__c)  =  TEXT(Destino__c)|Destino__c=Berlín , Origen__c=Madrid
12:37:24.0 (183386267)|VALIDATION_PASS
12:37:24.0 (183388681)|VALIDATION_RULE|03d1r0000006A1Z|Fecha_de_salida
12:37:24.0 (183457836)|VALIDATION_FORMULA|Fecha_Salida__c  <   NOW()|Fecha_Salida__c=2019-01-10 23:00:00
12:37:24.0 (183463573)|VALIDATION_PASS
12:37:24.0 (183500465)|CODE_UNIT_FINISHED|Validation:Reserva_Vuelo:a001r00000oUFzy
12:37:24.0 (193050823)|DML_END|[46]
12:37:24.0 (193125082)|HEAP_ALLOCATE|[46]|Bytes:4
12:37:24.0 (193161025)|VARIABLE_SCOPE_BEGIN|[46]|SB|Database.SaveResult|true|false
12:37:24.0 (193202601)|VARIABLE_ASSIGNMENT|[46]|SB|{"success":true,"id":"a001r00000oUFzyAAG"}|0x69933e97
12:37:24.0 (193212156)|STATEMENT_EXECUTE|[48]
12:37:24.0 (193231261)|METHOD_ENTRY|[48]||System.Test.stopTest()
12:37:24.0 (194084197)|METHOD_EXIT|[48]||System.Test.stopTest()
12:37:24.0 (194093340)|STATEMENT_EXECUTE|[51]
12:37:24.0 (194118844)|HEAP_ALLOCATE|[51]|Bytes:4
12:37:24.0 (194408380)|SOQL_EXECUTE_BEGIN|[51]|Aggregations:0|SELECT Id, Name, Origen__c, Destino__c, Modificado__c FROM Reserva_Vuelo__c WHERE Id = :tmpVar1
12:37:24.0 (196787909)|SOQL_EXECUTE_END|[51]|Rows:1
12:37:24.0 (196809273)|HEAP_ALLOCATE|[51]|Bytes:8
12:37:24.0 (196829564)|HEAP_ALLOCATE|[51]|Bytes:110
12:37:24.0 (196868392)|HEAP_ALLOCATE|[51]|Bytes:8
12:37:24.0 (196893400)|HEAP_ALLOCATE|[51]|Bytes:24
12:37:24.0 (196901220)|VARIABLE_SCOPE_BEGIN|[51]|oReservaCheck|Reserva_Vuelo__c|true|false
12:37:24.0 (196921864)|VARIABLE_ASSIGNMENT|[51]|oReservaCheck|{"Id":"a001r00000oUFzyAAG","Name":"ReservaPrueba","Origen__c":"Madrid","Destino__c":"Berlín","Modificado__c":true}|0x63705e03
12:37:24.0 (196929881)|STATEMENT_EXECUTE|[53]
12:37:24.197 (197002375)|CUMULATIVE_LIMIT_USAGE
12:37:24.197 (197002375)|LIMIT_USAGE_FOR_NS|(default)|
  Number of SOQL queries: 2 out of 100
  Number of query rows: 2 out of 50000
  Number of SOSL queries: 0 out of 20
  Number of DML statements: 2 out of 150
  Number of DML rows: 2 out of 10000
  Maximum CPU time: 0 out of 10000
  Maximum heap size: 0 out of 6000000
  Number of callouts: 0 out of 100
  Number of Email Invocations: 0 out of 10
  Number of future calls: 0 out of 50
  Number of queueable jobs added to the queue: 0 out of 50
  Number of Mobile Apex push calls: 0 out of 10

12:37:24.197 (197002375)|TESTING_LIMITS
12:37:24.197 (197002375)|LIMIT_USAGE_FOR_NS|(default)|
  Number of SOQL queries: 1 out of 100
  Number of query rows: 1 out of 50000
  Number of SOSL queries: 0 out of 20
  Number of DML statements: 1 out of 150
  Number of DML rows: 1 out of 10000
  Maximum CPU time: 0 out of 10000
  Maximum heap size: 0 out of 6000000
  Number of callouts: 0 out of 100
  Number of Email Invocations: 0 out of 10
  Number of future calls: 0 out of 50
  Number of queueable jobs added to the queue: 0 out of 50
  Number of Mobile Apex push calls: 0 out of 10

12:37:24.197 (197002375)|CUMULATIVE_LIMIT_USAGE_END

12:37:24.0 (197048412)|CODE_UNIT_FINISHED|ReservaVueloTest.testModificar
12:37:24.0 (198252441)|EXECUTION_FINISHED
12:37:24.242 (242973785)|USER_INFO|[EXTERNAL]|0051r000007Oz5Q|lydia.abril@gmail.com|hora estándar de Europa central|GMT+02:00
12:37:24.242 (242997350)|EXECUTION_STARTED
12:37:24.242 (243000942)|CODE_UNIT_STARTED|[EXTERNAL]|01p1r000007YiiW|ReservaVueloTest.testRellenarCuenta
12:37:24.242 (243133131)|HEAP_ALLOCATE|[72]|Bytes:3
12:37:24.242 (243160085)|HEAP_ALLOCATE|[77]|Bytes:152
12:37:24.242 (243172605)|HEAP_ALLOCATE|[342]|Bytes:408
12:37:24.242 (243186411)|HEAP_ALLOCATE|[355]|Bytes:408
12:37:24.242 (243199263)|HEAP_ALLOCATE|[467]|Bytes:48
12:37:24.242 (243223602)|HEAP_ALLOCATE|[139]|Bytes:6
12:37:24.242 (243237362)|HEAP_ALLOCATE|[EXTERNAL]|Bytes:86
12:37:24.242 (243245612)|METHOD_ENTRY|[2]|01p1r000007YiiW|ReservaVueloTest.ReservaVueloTest()
12:37:24.242 (243253725)|STATEMENT_EXECUTE|[2]
12:37:24.242 (243259255)|STATEMENT_EXECUTE|[2]
12:37:24.242 (243263122)|METHOD_EXIT|[2]|ReservaVueloTest
12:37:24.242 (243389639)|HEAP_ALLOCATE|[50]|Bytes:5
12:37:24.242 (243421306)|HEAP_ALLOCATE|[56]|Bytes:5
12:37:24.242 (243428886)|HEAP_ALLOCATE|[64]|Bytes:7
12:37:24.242 (243461225)|STATEMENT_EXECUTE|[4]
12:37:24.242 (243463601)|STATEMENT_EXECUTE|[6]
12:37:24.242 (243499031)|HEAP_ALLOCATE|[6]|Bytes:4
12:37:24.242 (243546383)|HEAP_ALLOCATE|[6]|Bytes:12
12:37:24.242 (243594044)|VARIABLE_ASSIGNMENT|[6]|this.Name|"CuentaPrueba"|0x69634eb
12:37:24.242 (243619510)|VARIABLE_SCOPE_BEGIN|[6]|oAccount|Account|true|false
12:37:24.242 (243639232)|VARIABLE_ASSIGNMENT|[6]|oAccount|{"Name":"CuentaPrueba"}|0x69634eb
12:37:24.242 (243645046)|STATEMENT_EXECUTE|[7]
12:37:24.242 (243666899)|HEAP_ALLOCATE|[7]|Bytes:8
12:37:24.242 (243677858)|DML_BEGIN|[7]|Op:Insert|Type:Account|Rows:1
12:37:24.242 (243706151)|HEAP_ALLOCATE|[EXTERNAL]|Bytes:8
12:37:24.242 (252238812)|CODE_UNIT_STARTED|[EXTERNAL]|DuplicateDetector
12:37:24.242 (252256187)|DUPLICATE_DETECTION_BEGIN
12:37:24.242 (252299826)|DUPLICATE_DETECTION_RULE_INVOCATION|DuplicateRuleId:0Bm1r0000018X88|DuplicateRuleName:Standard Account Duplicate Rule|DmlType:INSERT
12:37:24.242 (267490112)|DUPLICATE_DETECTION_MATCH_INVOCATION_DETAILS|EntityType:Account|ActionTaken:Allow_[Alert,Report]|DuplicateRecordIds:
12:37:24.242 (267521756)|DUPLICATE_DETECTION_MATCH_INVOCATION_SUMMARY|EntityType:Account|NumRecordsToBeSaved:1|NumRecordsToBeSavedWithDuplicates:0|NumDuplicateRecordsFound:0
12:37:24.242 (267672653)|DUPLICATE_DETECTION_END
12:37:24.242 (267680891)|CODE_UNIT_FINISHED|DuplicateDetector
12:37:24.242 (292161243)|DML_END|[7]
12:37:24.242 (292188645)|STATEMENT_EXECUTE|[9]
12:37:24.242 (292214395)|HEAP_ALLOCATE|[9]|Bytes:4
12:37:24.242 (292237135)|HEAP_ALLOCATE|[9]|Bytes:15
12:37:24.242 (292282842)|VARIABLE_ASSIGNMENT|[9]|this.LastName|"ContactoPrueba0"|0x3cd19988
12:37:24.242 (292313301)|HEAP_ALLOCATE|[9]|Bytes:28
12:37:24.242 (292338955)|VARIABLE_ASSIGNMENT|[9]|this.Nif__c|123456789|0x3cd19988
12:37:24.242 (292371634)|VARIABLE_ASSIGNMENT|[9]|this.AccountId|"0011r00001mxTFQAA2"|0x3cd19988
12:37:24.242 (292399577)|VARIABLE_SCOPE_BEGIN|[9]|oContact|Contact|true|false
12:37:24.242 (292423899)|VARIABLE_ASSIGNMENT|[9]|oContact|{"LastName":"ContactoPrueba0","Nif__c":123456789,"AccountId":"0011r00001mxTFQAA2"}|0x3cd19988
12:37:24.242 (292430506)|STATEMENT_EXECUTE|[10]
12:37:24.242 (292447748)|HEAP_ALLOCATE|[10]|Bytes:8
12:37:24.242 (292458644)|DML_BEGIN|[10]|Op:Insert|Type:Contact|Rows:1
12:37:24.242 (292494975)|HEAP_ALLOCATE|[EXTERNAL]|Bytes:8
12:37:24.242 (296693985)|CODE_UNIT_STARTED|[EXTERNAL]|DuplicateDetector
12:37:24.242 (296711713)|DUPLICATE_DETECTION_BEGIN
12:37:24.242 (296792813)|DUPLICATE_DETECTION_RULE_INVOCATION|DuplicateRuleId:0Bm1r0000018X89|DuplicateRuleName:Standard Contact Duplicate Rule|DmlType:INSERT
12:37:24.242 (318353057)|DUPLICATE_DETECTION_MATCH_INVOCATION_DETAILS|EntityType:Contact|ActionTaken:Allow_[Alert,Report]|DuplicateRecordIds:
12:37:24.242 (318378470)|DUPLICATE_DETECTION_MATCH_INVOCATION_SUMMARY|EntityType:Contact|NumRecordsToBeSaved:1|NumRecordsToBeSavedWithDuplicates:0|NumDuplicateRecordsFound:0
12:37:24.242 (318390297)|DUPLICATE_DETECTION_MATCH_INVOCATION_DETAILS|EntityType:Contact|ActionTaken:Allow_[Alert,Report]|DuplicateRecordIds:
12:37:24.242 (318397006)|DUPLICATE_DETECTION_MATCH_INVOCATION_SUMMARY|EntityType:Contact|NumRecordsToBeSaved:1|NumRecordsToBeSavedWithDuplicates:0|NumDuplicateRecordsFound:0
12:37:24.242 (318528961)|DUPLICATE_DETECTION_END
12:37:24.242 (318543200)|CODE_UNIT_FINISHED|DuplicateDetector
12:37:24.242 (334192229)|DML_END|[10]
12:37:24.242 (334219485)|STATEMENT_EXECUTE|[12]
12:37:24.242 (334254428)|HEAP_ALLOCATE|[12]|Bytes:4
12:37:24.242 (334278207)|HEAP_ALLOCATE|[12]|Bytes:14
12:37:24.242 (334321183)|VARIABLE_ASSIGNMENT|[12]|this.Name|"ReservaPrueba0"|0x1e4b89b6
12:37:24.242 (334329226)|HEAP_ALLOCATE|[13]|Bytes:6
12:37:24.242 (334347496)|VARIABLE_ASSIGNMENT|[12]|this.Origen__c|"Madrid"|0x1e4b89b6
12:37:24.242 (334353152)|HEAP_ALLOCATE|[14]|Bytes:4
12:37:24.242 (334367138)|VARIABLE_ASSIGNMENT|[12]|this.Destino__c|"Roma"|0x1e4b89b6
12:37:24.242 (334372485)|HEAP_ALLOCATE|[15]|Bytes:7
12:37:24.242 (334386194)|VARIABLE_ASSIGNMENT|[12]|this.Case__c|"Turista"|0x1e4b89b6
12:37:24.242 (334411124)|VARIABLE_ASSIGNMENT|[12]|this.Contacto__c|"0031r000024iLzHAAU"|0x1e4b89b6
12:37:24.242 (334459966)|HEAP_ALLOCATE|[17]|Bytes:4
12:37:24.242 (334509891)|HEAP_ALLOCATE|[17]|Bytes:56
12:37:24.242 (334549605)|VARIABLE_ASSIGNMENT|[12]|this.Fecha_Salida__c|"2019-01-10T23:00:00.000Z"|0x1e4b89b6
12:37:24.242 (334557178)|HEAP_ALLOCATE|[18]|Bytes:4
12:37:24.242 (334572392)|VARIABLE_ASSIGNMENT|[12]|this.Observaciones__c|"Nada"|0x1e4b89b6
12:37:24.242 (334603011)|VARIABLE_SCOPE_BEGIN|[12]|oReserva|Reserva_Vuelo__c|true|false
12:37:24.242 (334631676)|VARIABLE_ASSIGNMENT|[12]|oReserva|{"Name":"ReservaPrueba0","Origen__c":"Madrid","Destino__c":"Roma","Case__c":"Turista","Contacto__c":"0031r000024iLzHAAU","Fecha_Salida__c":"2019-01-10T23:00:00.000Z","Observaciones__c":"Nada"}|0x1e4b89b6
12:37:24.242 (334639410)|STATEMENT_EXECUTE|[19]
12:37:24.242 (334654677)|HEAP_ALLOCATE|[19]|Bytes:8
12:37:24.242 (334664459)|DML_BEGIN|[19]|Op:Insert|Type:Reserva_Vuelo__c|Rows:1
12:37:24.242 (334691165)|HEAP_ALLOCATE|[EXTERNAL]|Bytes:8
12:37:24.242 (337295896)|CODE_UNIT_STARTED|[EXTERNAL]|01q1r000000isRT|ReservaVueloTrigger on Reserva_Vuelo trigger event BeforeInsert
12:37:24.242 (337335548)|HEAP_ALLOCATE|[EXTERNAL]|Bytes:8
12:37:24.242 (337386491)|HEAP_ALLOCATE|[EXTERNAL]|Bytes:12
12:37:24.242 (337395310)|VARIABLE_SCOPE_BEGIN|[1]|this|ReservaVueloTrigger|true|false
12:37:24.242 (337424355)|VARIABLE_ASSIGNMENT|[1]|this|{}|0x3cc6ffdd
12:37:24.242 (337460640)|HEAP_ALLOCATE|[EXTERNAL]|Bytes:12
12:37:24.242 (337468934)|VARIABLE_SCOPE_BEGIN|[1]|this|ReservaVueloTrigger|true|false
12:37:24.242 (337481421)|VARIABLE_ASSIGNMENT|[1]|this|{}|0x3cc6ffdd
12:37:24.242 (337489207)|STATEMENT_EXECUTE|[1]
12:37:24.242 (337491473)|STATEMENT_EXECUTE|[4]
12:37:24.242 (337706419)|VARIABLE_ASSIGNMENT|[4]|this.listNew|[{"Contacto__c":"0031r000024iLzHAAU","Origen__c":"Madrid","Destino__c":"Roma","IsDeleted":false,"Fecha_Salida__c":"2019-01-10T23:00:00.000Z","OwnerId":"0051r000007Oz5QAAS","Observaciones__c":"Nada","Case__c":"Turista","Modificado__c":false,"Name":"ReservaPrueba0"}]|0x3cc6ffdd
12:37:24.242 (337718487)|STATEMENT_EXECUTE|[7]
12:37:24.242 (337735083)|VARIABLE_ASSIGNMENT|[7]|this.mapOld|null|0x3cc6ffdd
12:37:24.242 (337745478)|STATEMENT_EXECUTE|[10]
12:37:24.242 (337750473)|STATEMENT_EXECUTE|[11]
12:37:24.242 (337752210)|STATEMENT_EXECUTE|[12]
12:37:24.242 (337769172)|HEAP_ALLOCATE|[12]|Bytes:4
12:37:24.242 (337783667)|METHOD_ENTRY|[1]|01p1r000007Yidp|ReservaVueloMethods.ReservaVueloMethods()
12:37:24.242 (337789248)|STATEMENT_EXECUTE|[1]
12:37:24.242 (337792369)|STATEMENT_EXECUTE|[1]
12:37:24.242 (338184449)|SYSTEM_MODE_ENTER|false
12:37:24.242 (338199807)|HEAP_ALLOCATE|[12]|Bytes:5
12:37:24.242 (338210791)|SYSTEM_MODE_EXIT|false
12:37:24.242 (338225186)|METHOD_EXIT|[1]|ReservaVueloMethods
12:37:24.242 (338242022)|METHOD_ENTRY|[12]|01p1r000007Yidp|ReservaVueloMethods.RellenarCuenta(List<Reserva_Vuelo__c>)
12:37:24.242 (338256632)|VARIABLE_SCOPE_BEGIN|[4]|listReservas|List<Reserva_Vuelo__c>|true|false
12:37:24.242 (338373947)|VARIABLE_ASSIGNMENT|[4]|listReservas|[{"Contacto__c":"0031r000024iLzHAAU","Origen__c":"Madrid","Destino__c":"Roma","IsDeleted":false,"Fecha_Salida__c":"2019-01-10T23:00:00.000Z","OwnerId":"0051r000007Oz5QAAS","Observaciones__c":"Nada","Case__c":"Turista","Modificado__c":false,"Name":"ReservaPrueba0"}]|0xed14263
12:37:24.242 (338410392)|SYSTEM_MODE_ENTER|false
12:37:24.242 (338419665)|HEAP_ALLOCATE|[6]|Bytes:5
12:37:24.242 (338427689)|STATEMENT_EXECUTE|[4]
12:37:24.242 (338454127)|STATEMENT_EXECUTE|[6]
12:37:24.242 (338456727)|STATEMENT_EXECUTE|[9]
12:37:24.242 (338479071)|HEAP_ALLOCATE|[9]|Bytes:4
12:37:24.242 (338511387)|VARIABLE_SCOPE_BEGIN|[9]|listContactosIds|Set<String>|true|false
12:37:24.242 (338548591)|VARIABLE_ASSIGNMENT|[9]|listContactosIds|[]|0x5fc8ad98
12:37:24.242 (338586882)|HEAP_ALLOCATE|[10]|Bytes:5
12:37:24.242 (338636080)|HEAP_ALLOCATE|[10]|Bytes:4
12:37:24.242 (338645908)|VARIABLE_SCOPE_BEGIN|[10]|inReserva|Reserva_Vuelo__c|true|false
12:37:24.242 (338762363)|VARIABLE_ASSIGNMENT|[10]|inReserva|{"Contacto__c":"0031r000024iLzHAAU","Origen__c":"Madrid","Destino__c":"Roma","IsDeleted":false,"Fecha_Salida__c":"2019-01-10T23:00:00.000Z","OwnerId":"0051r000007Oz5QAAS","Observaciones__c":"Nada","Case__c":"Turista","Modificado__c":false,"Name":"ReservaPrueba0"}|0x2e7dcae6
12:37:24.242 (338778916)|STATEMENT_EXECUTE|[10]
12:37:24.242 (338781662)|STATEMENT_EXECUTE|[11]
12:37:24.242 (338818535)|HEAP_ALLOCATE|[EXTERNAL]|Bytes:4
12:37:24.242 (338836032)|HEAP_ALLOCATE|[10]|Bytes:5
12:37:24.242 (338870152)|VARIABLE_ASSIGNMENT|[10]|inReserva|null|
12:37:24.242 (338879612)|STATEMENT_EXECUTE|[23]
12:37:24.242 (338909915)|HEAP_ALLOCATE|[23]|Bytes:4
12:37:24.242 (338916324)|HEAP_ALLOCATE|[23]|Bytes:49
12:37:24.242 (338925664)|HEAP_ALLOCATE|[23]|Bytes:4
12:37:24.242 (338935949)|HEAP_ALLOCATE|[23]|Bytes:7
12:37:24.242 (338969071)|HEAP_ALLOCATE|[23]|Bytes:8
12:37:24.242 (338976534)|HEAP_ALLOCATE|[23]|Bytes:8
12:37:24.242 (339241702)|SOQL_EXECUTE_BEGIN|[23]|Aggregations:0|SELECT AccountId FROM Contact WHERE id = :tmpVar1
12:37:24.242 (342845294)|SOQL_EXECUTE_END|[23]|Rows:1
12:37:24.242 (342870507)|HEAP_ALLOCATE|[23]|Bytes:8
12:37:24.242 (342887649)|HEAP_ALLOCATE|[23]|Bytes:60
12:37:24.242 (342921952)|HEAP_ALLOCATE|[23]|Bytes:8
12:37:24.242 (342943756)|HEAP_ALLOCATE|[23]|Bytes:12
12:37:24.242 (342952948)|HEAP_ALLOCATE|[23]|Bytes:18
12:37:24.242 (342962058)|VARIABLE_SCOPE_BEGIN|[23]|contactos|Map<String,Contact>|true|false
12:37:24.242 (342990780)|VARIABLE_ASSIGNMENT|[23]|contactos|{"0031r000024iLzHAAU":{"AccountId":"0011r00001mxTFQAA2","Id":"0031r000024iLzHAAU"}}|0x508f8721
12:37:24.242 (343023909)|HEAP_ALLOCATE|[26]|Bytes:5
12:37:24.242 (343045060)|HEAP_ALLOCATE|[26]|Bytes:4
12:37:24.242 (343053356)|VARIABLE_SCOPE_BEGIN|[26]|inReserva|Reserva_Vuelo__c|true|false
12:37:24.242 (343170525)|VARIABLE_ASSIGNMENT|[26]|inReserva|{"Contacto__c":"0031r000024iLzHAAU","Origen__c":"Madrid","Destino__c":"Roma","IsDeleted":false,"Fecha_Salida__c":"2019-01-10T23:00:00.000Z","OwnerId":"0051r000007Oz5QAAS","Observaciones__c":"Nada","Case__c":"Turista","Modificado__c":false,"Name":"ReservaPrueba0"}|0x2e7dcae6
12:37:24.242 (343183545)|STATEMENT_EXECUTE|[26]
12:37:24.242 (343186075)|STATEMENT_EXECUTE|[27]
12:37:24.242 (343343083)|VARIABLE_ASSIGNMENT|[27]|this.Cuenta__c|"0011r00001mxTFQAA2"|0x2e7dcae6
12:37:24.242 (343360158)|HEAP_ALLOCATE|[26]|Bytes:5
12:37:24.242 (343373824)|VARIABLE_ASSIGNMENT|[26]|inReserva|null|
12:37:24.242 (343382800)|SYSTEM_MODE_EXIT|false
12:37:24.242 (343394055)|METHOD_EXIT|[12]|01p1r000007Yidp|ReservaVueloMethods.RellenarCuenta(List<Reserva_Vuelo__c>)
12:37:24.242 (343409953)|STATEMENT_EXECUTE|[14]
12:37:24.343 (343419016)|CUMULATIVE_LIMIT_USAGE
12:37:24.343 (343419016)|LIMIT_USAGE_FOR_NS|(default)|
  Number of SOQL queries: 1 out of 100
  Number of query rows: 1 out of 50000
  Number of SOSL queries: 0 out of 20
  Number of DML statements: 3 out of 150
  Number of DML rows: 3 out of 10000
  Maximum CPU time: 0 out of 10000
  Maximum heap size: 0 out of 6000000
  Number of callouts: 0 out of 100
  Number of Email Invocations: 0 out of 10
  Number of future calls: 0 out of 50
  Number of queueable jobs added to the queue: 0 out of 50
  Number of Mobile Apex push calls: 0 out of 10

12:37:24.343 (343419016)|CUMULATIVE_LIMIT_USAGE_END

12:37:24.242 (345013036)|CODE_UNIT_FINISHED|ReservaVueloTrigger on Reserva_Vuelo trigger event BeforeInsert
12:37:24.242 (348916880)|CODE_UNIT_STARTED|[EXTERNAL]|Validation:Reserva_Vuelo:new
12:37:24.242 (348930590)|VALIDATION_RULE|03d1r0000006A1e|DiferentesCampos
12:37:24.242 (349107828)|VALIDATION_FORMULA|TEXT(Origen__c)  =  TEXT(Destino__c)|Destino__c=Roma , Origen__c=Madrid
12:37:24.242 (349119282)|VALIDATION_PASS
12:37:24.242 (349122136)|VALIDATION_RULE|03d1r0000006A1Z|Fecha_de_salida
12:37:24.242 (349205771)|VALIDATION_FORMULA|Fecha_Salida__c  <   NOW()|Fecha_Salida__c=2019-01-10 23:00:00
12:37:24.242 (349211968)|VALIDATION_PASS
12:37:24.242 (349245646)|CODE_UNIT_FINISHED|Validation:Reserva_Vuelo:new
12:37:24.242 (361548282)|DML_END|[19]
12:37:24.242 (361577665)|STATEMENT_EXECUTE|[21]
12:37:24.242 (361723860)|EXCEPTION_THROWN|[21]|System.AssertException: Assertion Failed
12:37:24.242 (361939336)|HEAP_ALLOCATE|[21]|Bytes:20
12:37:24.242 (362022131)|FATAL_ERROR|System.AssertException: Assertion Failed

Class.ReservaVueloTest.testRellenarCuenta: line 21, column 1
12:37:24.242 (362034461)|FATAL_ERROR|System.AssertException: Assertion Failed

Class.ReservaVueloTest.testRellenarCuenta: line 21, column 1
12:37:24.362 (362038482)|CUMULATIVE_LIMIT_USAGE
12:37:24.362 (362038482)|LIMIT_USAGE_FOR_NS|(default)|
  Number of SOQL queries: 1 out of 100
  Number of query rows: 1 out of 50000
  Number of SOSL queries: 0 out of 20
  Number of DML statements: 3 out of 150
  Number of DML rows: 3 out of 10000
  Maximum CPU time: 0 out of 10000
  Maximum heap size: 0 out of 6000000
  Number of callouts: 0 out of 100
  Number of Email Invocations: 0 out of 10
  Number of future calls: 0 out of 50
  Number of queueable jobs added to the queue: 0 out of 50
  Number of Mobile Apex push calls: 0 out of 10

12:37:24.362 (362038482)|CUMULATIVE_LIMIT_USAGE_END

12:37:24.242 (362087663)|CODE_UNIT_FINISHED|ReservaVueloTest.testRellenarCuenta
12:37:24.242 (362940092)|EXECUTION_FINISHED
12:37:24.426 (426723177)|USER_INFO|[EXTERNAL]|0051r000007Oz5Q|lydia.abril@gmail.com|hora estándar de Europa central|GMT+02:00
12:37:24.426 (426753486)|EXECUTION_STARTED
12:37:24.426 (426758912)|CODE_UNIT_STARTED|[EXTERNAL]|DuplicateDetector
12:37:24.426 (426774010)|DUPLICATE_DETECTION_BEGIN
12:37:24.426 (426828243)|DUPLICATE_DETECTION_RULE_INVOCATION|DuplicateRuleId:0Bm1r0000018X88|DuplicateRuleName:Standard Account Duplicate Rule|DmlType:INSERT
12:37:24.426 (437519021)|DUPLICATE_DETECTION_END
12:37:24.426 (437527213)|CODE_UNIT_FINISHED|DuplicateDetector
12:37:24.426 (438639782)|EXECUTION_FINISHED
12:37:24.440 (440246586)|USER_INFO|[EXTERNAL]|0051r000007Oz5Q|lydia.abril@gmail.com|hora estándar de Europa central|GMT+02:00
12:37:24.440 (440264737)|EXECUTION_STARTED
12:37:24.440 (440269603)|CODE_UNIT_STARTED|[EXTERNAL]|DuplicateDetector
12:37:24.440 (440277958)|DUPLICATE_DETECTION_BEGIN
12:37:24.440 (440333154)|DUPLICATE_DETECTION_RULE_INVOCATION|DuplicateRuleId:0Bm1r0000018X89|DuplicateRuleName:Standard Contact Duplicate Rule|DmlType:INSERT
12:37:24.440 (452187214)|DUPLICATE_DETECTION_END
12:37:24.440 (452199711)|CODE_UNIT_FINISHED|DuplicateDetector
12:37:24.440 (453186086)|EXECUTION_FINISHED
