36.0 APEX_CODE,FINEST;APEX_PROFILING,INFO;CALLOUT,INFO;DB,INFO;SYSTEM,DEBUG;VALIDATION,INFO;VISUALFORCE,INFO;WAVE,INFO;WORKFLOW,INFO
10:47:36.0 (69228)|USER_INFO|[EXTERNAL]|0051r000007Oz5Q|lydia.abril@gmail.com|hora estándar de Europa central|GMT+02:00
10:47:36.0 (116079)|EXECUTION_STARTED
10:47:36.0 (120557)|CODE_UNIT_STARTED|[EXTERNAL]|TRIGGERS
10:47:36.0 (1206376)|CODE_UNIT_STARTED|[EXTERNAL]|01q1r000000j3dJ|PasajeroTrigger on Pasajero trigger event BeforeInsert
10:47:36.0 (1235715)|HEAP_ALLOCATE|[EXTERNAL]|Bytes:8
10:47:36.0 (1572809)|HEAP_ALLOCATE|[72]|Bytes:3
10:47:36.0 (1603452)|HEAP_ALLOCATE|[77]|Bytes:152
10:47:36.0 (1616264)|HEAP_ALLOCATE|[342]|Bytes:408
10:47:36.0 (1627213)|HEAP_ALLOCATE|[355]|Bytes:408
10:47:36.0 (1637807)|HEAP_ALLOCATE|[467]|Bytes:48
10:47:36.0 (1662654)|HEAP_ALLOCATE|[139]|Bytes:6
10:47:36.0 (1682398)|HEAP_ALLOCATE|[EXTERNAL]|Bytes:8
10:47:36.0 (1690106)|VARIABLE_SCOPE_BEGIN|[1]|this|PasajeroTrigger|true|false
10:47:36.0 (1732315)|VARIABLE_ASSIGNMENT|[1]|this|{}|0x7ac0c567
10:47:36.0 (1763385)|HEAP_ALLOCATE|[EXTERNAL]|Bytes:8
10:47:36.0 (1769120)|VARIABLE_SCOPE_BEGIN|[1]|this|PasajeroTrigger|true|false
10:47:36.0 (1780950)|VARIABLE_ASSIGNMENT|[1]|this|{}|0x7ac0c567
10:47:36.0 (1789863)|STATEMENT_EXECUTE|[1]
10:47:36.0 (1792111)|STATEMENT_EXECUTE|[4]
10:47:36.0 (1821506)|HEAP_ALLOCATE|[50]|Bytes:5
10:47:36.0 (1841303)|HEAP_ALLOCATE|[56]|Bytes:5
10:47:36.0 (1848729)|HEAP_ALLOCATE|[64]|Bytes:7
10:47:36.0 (2181180)|VARIABLE_ASSIGNMENT|[4]|this.listNew|[{"IsDeleted":false,"Nombre_pasajero__c":"aaaaa","Edad__c":12,"Nif__c":"111111111","Reserva__c":"a001r00000oUEbDAAW","Name":"aaaaaa"}]|0x7ac0c567
10:47:36.0 (2201108)|STATEMENT_EXECUTE|[7]
10:47:36.0 (2208021)|STATEMENT_EXECUTE|[8]
10:47:36.0 (2209797)|STATEMENT_EXECUTE|[9]
10:47:36.0 (2305943)|HEAP_ALLOCATE|[9]|Bytes:7
10:47:36.0 (2313013)|HEAP_ALLOCATE|[9]|Bytes:2
10:47:36.0 (2353681)|METHOD_ENTRY|[1]|01p1r000008Zry1|PasajeroMethods.PasajeroMethods()
10:47:36.0 (2361390)|STATEMENT_EXECUTE|[1]
10:47:36.0 (2365860)|STATEMENT_EXECUTE|[1]
10:47:36.0 (2780497)|SYSTEM_MODE_ENTER|false
10:47:36.0 (2794660)|HEAP_ALLOCATE|[9]|Bytes:5
10:47:36.0 (2803587)|SYSTEM_MODE_EXIT|false
10:47:36.0 (2815116)|METHOD_EXIT|[1]|PasajeroMethods
10:47:36.0 (2827768)|METHOD_ENTRY|[9]|01p1r000008Zry1|PasajeroMethods.ValidarNif(List<Pasajero__c>)
10:47:36.0 (2846700)|VARIABLE_SCOPE_BEGIN|[65]|listNew|List<Pasajero__c>|true|false
10:47:36.0 (2945551)|VARIABLE_ASSIGNMENT|[65]|listNew|[{"IsDeleted":false,"Nombre_pasajero__c":"aaaaa","Edad__c":12,"Nif__c":"111111111","Reserva__c":"a001r00000oUEbDAAW","Name":"aaaaaa"}]|0x15f03d60
10:47:36.0 (2965239)|SYSTEM_MODE_ENTER|false
10:47:36.0 (2971330)|HEAP_ALLOCATE|[67]|Bytes:5
10:47:36.0 (2977005)|STATEMENT_EXECUTE|[65]
10:47:36.0 (3035231)|STATEMENT_EXECUTE|[67]
10:47:36.0 (3038675)|STATEMENT_EXECUTE|[70]
10:47:36.0 (3042014)|HEAP_ALLOCATE|[70]|Bytes:30
10:47:36.0 (3058558)|HEAP_ALLOCATE|[70]|Bytes:4
10:47:36.0 (3210031)|SOQL_EXECUTE_BEGIN|[70]|Aggregations:0|SELECT Nif__c FROM Pasajero__c
10:47:36.0 (4761648)|SOQL_EXECUTE_END|[70]|Rows:3
10:47:36.0 (4783996)|HEAP_ALLOCATE|[70]|Bytes:16
10:47:36.0 (4801528)|HEAP_ALLOCATE|[70]|Bytes:144
10:47:36.0 (4829278)|HEAP_ALLOCATE|[70]|Bytes:16
10:47:36.0 (4841412)|VARIABLE_SCOPE_BEGIN|[70]|listPasajero|List<Pasajero__c>|true|false
10:47:36.0 (4867301)|VARIABLE_ASSIGNMENT|[70]|listPasajero|[{"Nif__c":"987654765","Id":"a021r00000dd60CAAQ"},{"Nif__c":"111222333","Id":"a021r00000dd5yHAAQ"},{"Nif__c":"111111111","Id":"a021r00000dd5xYAAQ"}]|0x7a3162
10:47:36.0 (4876743)|STATEMENT_EXECUTE|[72]
10:47:36.0 (4888269)|HEAP_ALLOCATE|[72]|Bytes:4
10:47:36.0 (4919497)|VARIABLE_SCOPE_BEGIN|[72]|listPasajeroNif|List<String>|true|false
10:47:36.0 (4942330)|HEAP_ALLOCATE|[EXTERNAL]|Bytes:4
10:47:36.0 (4952093)|VARIABLE_ASSIGNMENT|[72]|listPasajeroNif|[]|0x3a632873
10:47:36.0 (5087464)|HEAP_ALLOCATE|[74]|Bytes:5
10:47:36.0 (5108897)|HEAP_ALLOCATE|[74]|Bytes:12
10:47:36.0 (5118547)|VARIABLE_SCOPE_BEGIN|[74]|inPasajero|Pasajero__c|true|false
10:47:36.0 (5133085)|VARIABLE_ASSIGNMENT|[74]|inPasajero|{"Nif__c":"987654765","Id":"a021r00000dd60CAAQ"}|0x224dd25b
10:47:36.0 (5140374)|STATEMENT_EXECUTE|[74]
10:47:36.0 (5142412)|STATEMENT_EXECUTE|[75]
10:47:36.0 (5198696)|HEAP_ALLOCATE|[EXTERNAL]|Bytes:4
10:47:36.0 (5214724)|HEAP_ALLOCATE|[74]|Bytes:5
10:47:36.0 (5224623)|HEAP_ALLOCATE|[74]|Bytes:12
10:47:36.0 (5230525)|VARIABLE_SCOPE_BEGIN|[74]|inPasajero|Pasajero__c|true|false
10:47:36.0 (5243012)|VARIABLE_ASSIGNMENT|[74]|inPasajero|{"Nif__c":"111222333","Id":"a021r00000dd5yHAAQ"}|0x736d0651
10:47:36.0 (5249207)|STATEMENT_EXECUTE|[74]
10:47:36.0 (5251057)|STATEMENT_EXECUTE|[75]
10:47:36.0 (5261491)|HEAP_ALLOCATE|[EXTERNAL]|Bytes:4
10:47:36.0 (5271304)|HEAP_ALLOCATE|[74]|Bytes:5
10:47:36.0 (5278873)|HEAP_ALLOCATE|[74]|Bytes:12
10:47:36.0 (5283639)|VARIABLE_SCOPE_BEGIN|[74]|inPasajero|Pasajero__c|true|false
10:47:36.0 (5294336)|VARIABLE_ASSIGNMENT|[74]|inPasajero|{"Nif__c":"111111111","Id":"a021r00000dd5xYAAQ"}|0x50ee88ff
10:47:36.0 (5300525)|STATEMENT_EXECUTE|[74]
10:47:36.0 (5302247)|STATEMENT_EXECUTE|[75]
10:47:36.0 (5309814)|HEAP_ALLOCATE|[EXTERNAL]|Bytes:4
10:47:36.0 (5318917)|HEAP_ALLOCATE|[74]|Bytes:5
10:47:36.0 (5328046)|VARIABLE_ASSIGNMENT|[74]|inPasajero|null|
10:47:36.0 (5350623)|HEAP_ALLOCATE|[79]|Bytes:5
10:47:36.0 (5365678)|HEAP_ALLOCATE|[79]|Bytes:4
10:47:36.0 (5378885)|VARIABLE_SCOPE_BEGIN|[79]|inPasajero|Pasajero__c|true|false
10:47:36.0 (5520423)|VARIABLE_ASSIGNMENT|[79]|inPasajero|{"IsDeleted":false,"Nombre_pasajero__c":"aaaaa","Edad__c":12,"Nif__c":"111111111","Reserva__c":"a001r00000oUEbDAAW","Name":"aaaaaa"}|0xe6ae485
10:47:36.0 (5529506)|STATEMENT_EXECUTE|[79]
10:47:36.0 (5569238)|STATEMENT_EXECUTE|[82]
10:47:36.0 (5571523)|STATEMENT_EXECUTE|[83]
10:47:36.0 (5575495)|HEAP_ALLOCATE|[83]|Bytes:29
10:47:36.0 (5632648)|STATEMENT_EXECUTE|[87]
10:47:36.0 (5660936)|HEAP_ALLOCATE|[87]|Bytes:8
10:47:36.0 (5672755)|VARIABLE_SCOPE_BEGIN|[87]|numerosNif|String|false|false
10:47:36.0 (5683621)|VARIABLE_ASSIGNMENT|[87]|numerosNif|"11111111"
10:47:36.0 (5709736)|STATEMENT_EXECUTE|[89]
10:47:36.0 (5711735)|STATEMENT_EXECUTE|[94]
10:47:36.0 (5732620)|VARIABLE_SCOPE_BEGIN|[94]|letraNif|String|false|false
10:47:36.0 (5742146)|VARIABLE_ASSIGNMENT|[94]|letraNif|""
10:47:36.0 (5770009)|STATEMENT_EXECUTE|[96]
10:47:36.0 (5772036)|STATEMENT_EXECUTE|[97]
10:47:36.0 (5775022)|HEAP_ALLOCATE|[97]|Bytes:21
10:47:36.0 (5809269)|HEAP_ALLOCATE|[79]|Bytes:5
10:47:36.0 (5821595)|VARIABLE_ASSIGNMENT|[79]|inPasajero|null|
10:47:36.0 (5829473)|SYSTEM_MODE_EXIT|false
10:47:36.0 (5837503)|METHOD_EXIT|[9]|01p1r000008Zry1|PasajeroMethods.ValidarNif(List<Pasajero__c>)
10:47:36.0 (5843272)|STATEMENT_EXECUTE|[10]
10:47:36.0 (5855719)|METHOD_ENTRY|[10]|01p1r000008Zry1|PasajeroMethods.RellenarContacto(List<Pasajero__c>)
10:47:36.0 (5868288)|VARIABLE_SCOPE_BEGIN|[33]|listPasajeros|List<Pasajero__c>|true|false
10:47:36.0 (5958387)|VARIABLE_ASSIGNMENT|[33]|listPasajeros|[{"IsDeleted":false,"Nombre_pasajero__c":"aaaaa","Edad__c":12,"Nif__c":"111111111","Reserva__c":"a001r00000oUEbDAAW","Name":"aaaaaa"}]|0x15f03d60
10:47:36.0 (5977686)|SYSTEM_MODE_ENTER|false
10:47:36.0 (5983379)|HEAP_ALLOCATE|[35]|Bytes:5
10:47:36.0 (5988899)|STATEMENT_EXECUTE|[33]
10:47:36.0 (6011012)|STATEMENT_EXECUTE|[35]
10:47:36.0 (6013709)|STATEMENT_EXECUTE|[38]
10:47:36.0 (6022326)|HEAP_ALLOCATE|[38]|Bytes:4
10:47:36.0 (6039654)|VARIABLE_SCOPE_BEGIN|[38]|listNifs|List<String>|true|false
10:47:36.0 (6058882)|HEAP_ALLOCATE|[EXTERNAL]|Bytes:4
10:47:36.0 (6067441)|VARIABLE_ASSIGNMENT|[38]|listNifs|[]|0x7db03b31
10:47:36.0 (6092799)|HEAP_ALLOCATE|[40]|Bytes:5
10:47:36.0 (6109462)|HEAP_ALLOCATE|[40]|Bytes:4
10:47:36.0 (6116388)|VARIABLE_SCOPE_BEGIN|[40]|inPasajero|Pasajero__c|true|false
10:47:36.0 (6201684)|VARIABLE_ASSIGNMENT|[40]|inPasajero|{"IsDeleted":false,"Nombre_pasajero__c":"aaaaa","Edad__c":12,"Nif__c":"111111111","Reserva__c":"a001r00000oUEbDAAW","Name":"aaaaaa"}|0xe6ae485
10:47:36.0 (6210074)|STATEMENT_EXECUTE|[40]
10:47:36.0 (6211767)|STATEMENT_EXECUTE|[41]
10:47:36.0 (6238124)|HEAP_ALLOCATE|[EXTERNAL]|Bytes:4
10:47:36.0 (6245962)|STATEMENT_EXECUTE|[43]
10:47:36.0 (6273143)|USER_DEBUG|[43]|DEBUG|111111111
10:47:36.0 (6287895)|HEAP_ALLOCATE|[40]|Bytes:5
10:47:36.0 (6299440)|VARIABLE_ASSIGNMENT|[40]|inPasajero|null|
10:47:36.0 (6306768)|SYSTEM_MODE_EXIT|false
10:47:36.0 (6314118)|METHOD_EXIT|[10]|01p1r000008Zry1|PasajeroMethods.RellenarContacto(List<Pasajero__c>)
10:47:36.6 (6324445)|CUMULATIVE_LIMIT_USAGE
10:47:36.6 (6324445)|LIMIT_USAGE_FOR_NS|(default)|
  Number of SOQL queries: 1 out of 100
  Number of query rows: 3 out of 50000
  Number of SOSL queries: 0 out of 20
  Number of DML statements: 0 out of 150
  Number of DML rows: 0 out of 10000
  Maximum CPU time: 0 out of 10000
  Maximum heap size: 0 out of 6000000
  Number of callouts: 0 out of 100
  Number of Email Invocations: 0 out of 10
  Number of future calls: 0 out of 50
  Number of queueable jobs added to the queue: 0 out of 50
  Number of Mobile Apex push calls: 0 out of 10

10:47:36.6 (6324445)|CUMULATIVE_LIMIT_USAGE_END

10:47:36.0 (7493884)|CODE_UNIT_FINISHED|PasajeroTrigger on Pasajero trigger event BeforeInsert
10:47:36.0 (14754476)|CODE_UNIT_FINISHED|TRIGGERS
10:47:36.0 (14765301)|EXECUTION_FINISHED
