36.0 APEX_CODE,FINEST;APEX_PROFILING,INFO;CALLOUT,INFO;DB,INFO;SYSTEM,DEBUG;VALIDATION,INFO;VISUALFORCE,INFO;WAVE,INFO;WORKFLOW,INFO
15:24:28.0 (970842)|USER_INFO|[EXTERNAL]|0051r000007Oz5Q|lydia.abril@gmail.com|hora estándar de Europa central|GMT+02:00
15:24:28.0 (1068150)|EXECUTION_STARTED
15:24:28.0 (1074706)|CODE_UNIT_STARTED|[EXTERNAL]|01p1r000008aN28|PasajeroTest.RellenarContactoTest
15:24:28.0 (1278481)|HEAP_ALLOCATE|[72]|Bytes:3
15:24:28.0 (1324889)|HEAP_ALLOCATE|[77]|Bytes:152
15:24:28.0 (1342301)|HEAP_ALLOCATE|[342]|Bytes:408
15:24:28.0 (1357047)|HEAP_ALLOCATE|[355]|Bytes:408
15:24:28.0 (1369279)|HEAP_ALLOCATE|[467]|Bytes:48
15:24:28.0 (1394124)|HEAP_ALLOCATE|[139]|Bytes:6
15:24:28.0 (1409857)|HEAP_ALLOCATE|[EXTERNAL]|Bytes:116
15:24:28.0 (1464584)|METHOD_ENTRY|[2]|01p1r000008aN28|PasajeroTest.PasajeroTest()
15:24:28.0 (1473206)|STATEMENT_EXECUTE|[2]
15:24:28.0 (1478493)|STATEMENT_EXECUTE|[2]
15:24:28.0 (1491402)|METHOD_EXIT|[2]|PasajeroTest
15:24:28.0 (1689142)|HEAP_ALLOCATE|[50]|Bytes:5
15:24:28.0 (1712219)|HEAP_ALLOCATE|[56]|Bytes:5
15:24:28.0 (1725876)|HEAP_ALLOCATE|[64]|Bytes:7
15:24:28.0 (1765203)|STATEMENT_EXECUTE|[4]
15:24:28.0 (1768446)|STATEMENT_EXECUTE|[6]
15:24:28.0 (1814232)|HEAP_ALLOCATE|[6]|Bytes:4
15:24:28.0 (1888304)|HEAP_ALLOCATE|[6]|Bytes:13
15:24:28.0 (1943093)|VARIABLE_ASSIGNMENT|[6]|this.Name|"CuentaPrueba0"|0x67033e6b
15:24:28.0 (1965641)|VARIABLE_SCOPE_BEGIN|[6]|oAccount|Account|true|false
15:24:28.0 (2178205)|VARIABLE_ASSIGNMENT|[6]|oAccount|{"Name":"CuentaPrueba0"}|0x67033e6b
15:24:28.0 (2187011)|STATEMENT_EXECUTE|[7]
15:24:28.0 (2221377)|HEAP_ALLOCATE|[7]|Bytes:8
15:24:28.0 (2237336)|DML_BEGIN|[7]|Op:Insert|Type:Account|Rows:1
15:24:28.0 (2269103)|HEAP_ALLOCATE|[EXTERNAL]|Bytes:8
15:24:28.0 (20287765)|CODE_UNIT_STARTED|[EXTERNAL]|DuplicateDetector
15:24:28.0 (20311237)|DUPLICATE_DETECTION_BEGIN
15:24:28.0 (21274364)|DUPLICATE_DETECTION_RULE_INVOCATION|DuplicateRuleId:0Bm1r0000018X88|DuplicateRuleName:Standard Account Duplicate Rule|DmlType:INSERT
15:24:28.0 (47504654)|DUPLICATE_DETECTION_MATCH_INVOCATION_DETAILS|EntityType:Account|ActionTaken:Allow_[Alert,Report]|DuplicateRecordIds:
15:24:28.0 (47531085)|DUPLICATE_DETECTION_MATCH_INVOCATION_SUMMARY|EntityType:Account|NumRecordsToBeSaved:1|NumRecordsToBeSavedWithDuplicates:0|NumDuplicateRecordsFound:0
15:24:28.0 (47642455)|DUPLICATE_DETECTION_END
15:24:28.0 (47653356)|CODE_UNIT_FINISHED|DuplicateDetector
15:24:28.0 (70500858)|DML_END|[7]
15:24:28.0 (70534275)|STATEMENT_EXECUTE|[9]
15:24:28.0 (70581509)|HEAP_ALLOCATE|[9]|Bytes:4
15:24:28.0 (70689309)|HEAP_ALLOCATE|[9]|Bytes:15
15:24:28.0 (70735823)|VARIABLE_ASSIGNMENT|[9]|this.LastName|"ContactoPrueba0"|0x33be3ee6
15:24:28.0 (70745204)|HEAP_ALLOCATE|[9]|Bytes:9
15:24:28.0 (70762888)|VARIABLE_ASSIGNMENT|[9]|this.Nif__c|"47898592B"|0x33be3ee6
15:24:28.0 (70815646)|VARIABLE_ASSIGNMENT|[9]|this.AccountId|"0011r00001myenpAAA"|0x33be3ee6
15:24:28.0 (70847929)|VARIABLE_SCOPE_BEGIN|[9]|oContact|Contact|true|false
15:24:28.0 (70870281)|VARIABLE_ASSIGNMENT|[9]|oContact|{"LastName":"ContactoPrueba0","Nif__c":"47898592B","AccountId":"0011r00001myenpAAA"}|0x33be3ee6
15:24:28.0 (70880338)|STATEMENT_EXECUTE|[11]
15:24:28.0 (70904922)|HEAP_ALLOCATE|[11]|Bytes:8
15:24:28.0 (70918418)|DML_BEGIN|[11]|Op:Insert|Type:Contact|Rows:1
15:24:28.0 (70962106)|HEAP_ALLOCATE|[EXTERNAL]|Bytes:8
15:24:28.0 (84498008)|CODE_UNIT_STARTED|[EXTERNAL]|01q1r000000j4Bx|ContactTrigger on Contact trigger event BeforeInsert
15:24:28.0 (84549208)|HEAP_ALLOCATE|[EXTERNAL]|Bytes:8
15:24:28.0 (84738161)|HEAP_ALLOCATE|[EXTERNAL]|Bytes:8
15:24:28.0 (84752919)|VARIABLE_SCOPE_BEGIN|[1]|this|ContactTrigger|true|false
15:24:28.0 (84824306)|VARIABLE_ASSIGNMENT|[1]|this|{}|0x1f490409
15:24:28.0 (84907870)|HEAP_ALLOCATE|[EXTERNAL]|Bytes:8
15:24:28.0 (84920369)|VARIABLE_SCOPE_BEGIN|[1]|this|ContactTrigger|true|false
15:24:28.0 (84939911)|VARIABLE_ASSIGNMENT|[1]|this|{}|0x1f490409
15:24:28.0 (84951181)|STATEMENT_EXECUTE|[1]
15:24:28.0 (84954008)|STATEMENT_EXECUTE|[3]
15:24:28.0 (85462700)|VARIABLE_ASSIGNMENT|[3]|this.listNew|[{"IsDeleted":false,"AccountId":"0011r00001myenpAAA","IsEmailBounced":false,"CleanStatus":"Pending","DoNotCall":false,"OwnerId":"0051r000007Oz5QAAS","Premium__c":false,"HasOptedOutOfEmail":false,"HasOptedOutOfFax":false,"Nif__c":"47898592B","LastName":"ContactoPrueba0"}]|0x1f490409
15:24:28.0 (85489236)|STATEMENT_EXECUTE|[5]
15:24:28.0 (85497059)|STATEMENT_EXECUTE|[6]
15:24:28.0 (85499051)|STATEMENT_EXECUTE|[7]
15:24:28.0 (87810333)|HEAP_ALLOCATE|[7]|Bytes:1
15:24:28.0 (87858223)|METHOD_ENTRY|[1]|01p1r000008aKc5|ContactMethods.ContactMethods()
15:24:28.0 (87866023)|STATEMENT_EXECUTE|[1]
15:24:28.0 (87873164)|STATEMENT_EXECUTE|[1]
15:24:28.0 (88270377)|SYSTEM_MODE_ENTER|false
15:24:28.0 (88295832)|HEAP_ALLOCATE|[7]|Bytes:5
15:24:28.0 (88305203)|SYSTEM_MODE_EXIT|false
15:24:28.0 (88317550)|METHOD_EXIT|[1]|ContactMethods
15:24:28.0 (88360818)|METHOD_ENTRY|[7]|01p1r000008aKc5|ContactMethods.ValidarNif(List<Contact>)
15:24:28.0 (88406860)|VARIABLE_SCOPE_BEGIN|[3]|listNew|List<Contact>|true|false
15:24:28.0 (88717564)|VARIABLE_ASSIGNMENT|[3]|listNew|[{"IsDeleted":false,"AccountId":"0011r00001myenpAAA","IsEmailBounced":false,"CleanStatus":"Pending","DoNotCall":false,"OwnerId":"0051r000007Oz5QAAS","Premium__c":false,"HasOptedOutOfEmail":false,"HasOptedOutOfFax":false,"Nif__c":"47898592B","LastName":"ContactoPrueba0"}]|0x6d9505c4
15:24:28.0 (88743344)|SYSTEM_MODE_ENTER|false
15:24:28.0 (88751054)|HEAP_ALLOCATE|[5]|Bytes:5
15:24:28.0 (88757211)|STATEMENT_EXECUTE|[3]
15:24:28.0 (88831298)|STATEMENT_EXECUTE|[5]
15:24:28.0 (89002203)|HEAP_ALLOCATE|[7]|Bytes:5
15:24:28.0 (89057221)|HEAP_ALLOCATE|[7]|Bytes:4
15:24:28.0 (89069820)|VARIABLE_SCOPE_BEGIN|[7]|inContact|Contact|true|false
15:24:28.0 (89434543)|VARIABLE_ASSIGNMENT|[7]|inContact|{"IsDeleted":false,"AccountId":"0011r00001myenpAAA","IsEmailBounced":false,"CleanStatus":"Pending","DoNotCall":false,"OwnerId":"0051r000007Oz5QAAS","Premium__c":false,"HasOptedOutOfEmail":false,"HasOptedOutOfFax":false,"Nif__c":"47898592B","LastName":"ContactoPrueba0"}|0x150ff295
15:24:28.0 (89448256)|STATEMENT_EXECUTE|[7]
15:24:28.0 (91627941)|HEAP_ALLOCATE|[8]|Bytes:1
15:24:28.0 (91647434)|HEAP_ALLOCATE|[8]|Bytes:7
15:24:28.0 (91663306)|METHOD_ENTRY|[1]|01p1r000009oduV|Utils.Utils()
15:24:28.0 (91670810)|STATEMENT_EXECUTE|[1]
15:24:28.0 (91677170)|STATEMENT_EXECUTE|[1]
15:24:28.0 (91684618)|HEAP_ALLOCATE|[8]|Bytes:5
15:24:28.0 (91695879)|METHOD_EXIT|[1]|Utils
15:24:28.0 (91721684)|METHOD_ENTRY|[8]|01p1r000009oduV|Utils.isNifNie(String)
15:24:28.0 (91745773)|VARIABLE_SCOPE_BEGIN|[3]|nif|String|false|false
15:24:28.0 (91760248)|VARIABLE_ASSIGNMENT|[3]|nif|"47898592B"
15:24:28.0 (91776938)|HEAP_ALLOCATE|[5]|Bytes:5
15:24:28.0 (91781780)|STATEMENT_EXECUTE|[3]
15:24:28.0 (91783614)|STATEMENT_EXECUTE|[5]
15:24:28.0 (91786778)|HEAP_ALLOCATE|[5]|Bytes:4
15:24:28.0 (91803140)|HEAP_ALLOCATE|[5]|Bytes:13
15:24:28.0 (91844509)|USER_DEBUG|[5]|DEBUG|NIF 47898592B
15:24:28.0 (91886491)|HEAP_ALLOCATE|[7]|Bytes:9
15:24:28.0 (91897650)|HEAP_ALLOCATE|[7]|Bytes:1
15:24:28.0 (91919217)|HEAP_ALLOCATE|[7]|Bytes:9
15:24:28.0 (91926445)|HEAP_ALLOCATE|[7]|Bytes:1
15:24:28.0 (91942411)|HEAP_ALLOCATE|[7]|Bytes:9
15:24:28.0 (91949583)|HEAP_ALLOCATE|[7]|Bytes:1
15:24:28.0 (91961794)|STATEMENT_EXECUTE|[7]
15:24:28.0 (91963783)|STATEMENT_EXECUTE|[11]
15:24:28.0 (91966316)|HEAP_ALLOCATE|[11]|Bytes:59
15:24:28.0 (92004629)|HEAP_ALLOCATE|[11]|Bytes:24
15:24:28.0 (92015706)|SYSTEM_METHOD_ENTRY|[1]|Pattern.Pattern()
15:24:28.0 (92020172)|STATEMENT_EXECUTE|[1]
15:24:28.0 (92026745)|SYSTEM_METHOD_EXIT|[1]|Pattern
15:24:28.0 (92069324)|METHOD_ENTRY|[11]||System.Pattern.compile(String)
15:24:28.0 (92261995)|METHOD_EXIT|[11]||System.Pattern.compile(String)
15:24:28.0 (92271799)|VARIABLE_SCOPE_BEGIN|[11]|nifPattern|System.Pattern|true|false
15:24:28.0 (92304064)|VARIABLE_ASSIGNMENT|[11]|nifPattern|{"delegate":"0x57eec72f"}|0x4881d50d
15:24:28.0 (92311470)|STATEMENT_EXECUTE|[12]
15:24:28.0 (92320654)|METHOD_ENTRY|[12]||System.Pattern.matcher(String)
15:24:28.0 (92471455)|METHOD_EXIT|[12]||System.Pattern.matcher(String)
15:24:28.0 (92477877)|VARIABLE_SCOPE_BEGIN|[12]|m|System.Matcher|true|false
15:24:28.0 (92500533)|VARIABLE_ASSIGNMENT|[12]|m|{"delegate":"0x51e3c6b8"}|0x301f12ad
15:24:28.0 (92516308)|METHOD_ENTRY|[13]||System.Matcher.matches()
15:24:28.0 (92591103)|METHOD_EXIT|[13]||System.Matcher.matches()
15:24:28.0 (92598076)|STATEMENT_EXECUTE|[13]
15:24:28.0 (92600023)|STATEMENT_EXECUTE|[14]
15:24:28.0 (92608426)|METHOD_ENTRY|[14]||System.Matcher.group(Integer)
15:24:28.0 (92669314)|METHOD_EXIT|[14]||System.Matcher.group(Integer)
15:24:28.0 (92676859)|VARIABLE_SCOPE_BEGIN|[14]|letra|String|false|false
15:24:28.0 (92691313)|VARIABLE_ASSIGNMENT|[14]|letra|"B"
15:24:28.0 (92699111)|STATEMENT_EXECUTE|[16]
15:24:28.0 (92704370)|HEAP_ALLOCATE|[16]|Bytes:23
15:24:28.0 (92711579)|VARIABLE_SCOPE_BEGIN|[16]|letras|String|false|false
15:24:28.0 (92727205)|VARIABLE_ASSIGNMENT|[16]|letras|"TRWAGMYFPDXBNJZSQVHL (3 more) ..."
15:24:28.0 (92733577)|STATEMENT_EXECUTE|[17]
15:24:28.0 (92743028)|METHOD_ENTRY|[17]||System.Matcher.group(Integer)
15:24:28.0 (92787090)|METHOD_EXIT|[17]||System.Matcher.group(Integer)
15:24:28.0 (92816444)|VARIABLE_SCOPE_BEGIN|[17]|dni|Integer|false|false
15:24:28.0 (92823753)|HEAP_ALLOCATE|[17]|Bytes:4
15:24:28.0 (92832775)|VARIABLE_ASSIGNMENT|[17]|dni|47898592
15:24:28.0 (92838420)|STATEMENT_EXECUTE|[18]
15:24:28.0 (92867850)|VARIABLE_SCOPE_BEGIN|[2]|Math.E|Double|false|true
15:24:28.0 (92876222)|VARIABLE_SCOPE_BEGIN|[3]|Math.PI|Double|false|true
15:24:28.0 (92888167)|HEAP_ALLOCATE|[18]|Bytes:206
15:24:28.0 (92898971)|SYSTEM_METHOD_ENTRY|[1]|Math.Math()
15:24:28.0 (92903083)|STATEMENT_EXECUTE|[1]
15:24:28.0 (92960437)|SYSTEM_METHOD_EXIT|[1]|Math
15:24:28.0 (92971707)|METHOD_ENTRY|[18]||System.Math.mod(Integer, Integer)
15:24:28.0 (93020452)|METHOD_EXIT|[18]||System.Math.mod(Integer, Integer)
15:24:28.0 (93026211)|HEAP_ALLOCATE|[18]|Bytes:4
15:24:28.0 (93032742)|VARIABLE_ASSIGNMENT|[18]|dni|11
15:24:28.0 (93038002)|STATEMENT_EXECUTE|[20]
15:24:28.0 (93061708)|HEAP_ALLOCATE|[20]|Bytes:1
15:24:28.0 (93071958)|VARIABLE_SCOPE_BEGIN|[20]|reference|String|false|false
15:24:28.0 (93082278)|VARIABLE_ASSIGNMENT|[20]|reference|"B"
15:24:28.0 (93105316)|STATEMENT_EXECUTE|[22]
15:24:28.0 (93107342)|STATEMENT_EXECUTE|[23]
15:24:28.0 (93110132)|HEAP_ALLOCATE|[23]|Bytes:21
15:24:28.0 (93114174)|HEAP_ALLOCATE|[23]|Bytes:1
15:24:28.0 (93122855)|HEAP_ALLOCATE|[23]|Bytes:24
15:24:28.0 (93138412)|USER_DEBUG|[23]|DEBUG|son iguales. Es NIF. B B
15:24:28.0 (93146049)|STATEMENT_EXECUTE|[24]
15:24:28.0 (93150598)|HEAP_ALLOCATE|[24]|Bytes:5
15:24:28.0 (93160105)|METHOD_EXIT|[8]|01p1r000009oduV|Utils.isNifNie(String)
15:24:28.0 (93165677)|STATEMENT_EXECUTE|[8]
15:24:28.0 (93175984)|HEAP_ALLOCATE|[7]|Bytes:5
15:24:28.0 (93188102)|VARIABLE_ASSIGNMENT|[7]|inContact|null|
15:24:28.0 (93195783)|SYSTEM_MODE_EXIT|false
15:24:28.0 (93205671)|METHOD_EXIT|[7]|01p1r000008aKc5|ContactMethods.ValidarNif(List<Contact>)
15:24:28.93 (93215439)|CUMULATIVE_LIMIT_USAGE
15:24:28.93 (93215439)|LIMIT_USAGE_FOR_NS|(default)|
  Number of SOQL queries: 0 out of 100
  Number of query rows: 0 out of 50000
  Number of SOSL queries: 0 out of 20
  Number of DML statements: 2 out of 150
  Number of DML rows: 2 out of 10000
  Maximum CPU time: 0 out of 10000
  Maximum heap size: 0 out of 6000000
  Number of callouts: 0 out of 100
  Number of Email Invocations: 0 out of 10
  Number of future calls: 0 out of 50
  Number of queueable jobs added to the queue: 0 out of 50
  Number of Mobile Apex push calls: 0 out of 10

15:24:28.93 (93215439)|CUMULATIVE_LIMIT_USAGE_END

15:24:28.0 (94395131)|CODE_UNIT_FINISHED|ContactTrigger on Contact trigger event BeforeInsert
15:24:28.0 (100529694)|CODE_UNIT_STARTED|[EXTERNAL]|DuplicateDetector
15:24:28.0 (100555873)|DUPLICATE_DETECTION_BEGIN
15:24:28.0 (100613918)|DUPLICATE_DETECTION_RULE_INVOCATION|DuplicateRuleId:0Bm1r0000018X89|DuplicateRuleName:Standard Contact Duplicate Rule|DmlType:INSERT
15:24:28.0 (131092617)|DUPLICATE_DETECTION_MATCH_INVOCATION_DETAILS|EntityType:Contact|ActionTaken:Allow_[Alert,Report]|DuplicateRecordIds:
15:24:28.0 (131115412)|DUPLICATE_DETECTION_MATCH_INVOCATION_SUMMARY|EntityType:Contact|NumRecordsToBeSaved:1|NumRecordsToBeSavedWithDuplicates:0|NumDuplicateRecordsFound:0
15:24:28.0 (131130119)|DUPLICATE_DETECTION_MATCH_INVOCATION_DETAILS|EntityType:Contact|ActionTaken:Allow_[Alert,Report]|DuplicateRecordIds:
15:24:28.0 (131136739)|DUPLICATE_DETECTION_MATCH_INVOCATION_SUMMARY|EntityType:Contact|NumRecordsToBeSaved:1|NumRecordsToBeSavedWithDuplicates:0|NumDuplicateRecordsFound:0
15:24:28.0 (131246283)|DUPLICATE_DETECTION_END
15:24:28.0 (131254928)|CODE_UNIT_FINISHED|DuplicateDetector
15:24:28.0 (149792439)|DML_END|[11]
15:24:28.0 (149830002)|STATEMENT_EXECUTE|[13]
15:24:28.0 (149877127)|HEAP_ALLOCATE|[13]|Bytes:4
15:24:28.0 (149956284)|HEAP_ALLOCATE|[13]|Bytes:14
15:24:28.0 (150011277)|VARIABLE_ASSIGNMENT|[13]|this.Name|"ReservaPrueba0"|0x4e64dd19
15:24:28.0 (150025557)|HEAP_ALLOCATE|[14]|Bytes:6
15:24:28.0 (150055924)|VARIABLE_ASSIGNMENT|[13]|this.Origen__c|"Madrid"|0x4e64dd19
15:24:28.0 (150063977)|HEAP_ALLOCATE|[15]|Bytes:4
15:24:28.0 (150079666)|VARIABLE_ASSIGNMENT|[13]|this.Destino__c|"Roma"|0x4e64dd19
15:24:28.0 (150087649)|HEAP_ALLOCATE|[16]|Bytes:7
15:24:28.0 (150100789)|VARIABLE_ASSIGNMENT|[13]|this.Case__c|"Turista"|0x4e64dd19
15:24:28.0 (150137979)|VARIABLE_ASSIGNMENT|[13]|this.Contacto__c|"0031r000024jSXKAA2"|0x4e64dd19
15:24:28.0 (150188878)|HEAP_ALLOCATE|[18]|Bytes:4
15:24:28.0 (150248727)|HEAP_ALLOCATE|[18]|Bytes:56
15:24:28.0 (150310852)|VARIABLE_ASSIGNMENT|[13]|this.Fecha_Salida__c|"2019-01-10T23:00:00.000Z"|0x4e64dd19
15:24:28.0 (150323888)|HEAP_ALLOCATE|[19]|Bytes:4
15:24:28.0 (150349200)|VARIABLE_ASSIGNMENT|[13]|this.Observaciones__c|"Nada"|0x4e64dd19
15:24:28.0 (150380220)|VARIABLE_SCOPE_BEGIN|[13]|oReserva|Reserva_Vuelo__c|true|false
15:24:28.0 (150419573)|VARIABLE_ASSIGNMENT|[13]|oReserva|{"Name":"ReservaPrueba0","Origen__c":"Madrid","Destino__c":"Roma","Case__c":"Turista","Contacto__c":"0031r000024jSXKAA2","Fecha_Salida__c":"2019-01-10T23:00:00.000Z","Observaciones__c":"Nada"}|0x4e64dd19
15:24:28.0 (150433986)|STATEMENT_EXECUTE|[21]
15:24:28.0 (150458029)|HEAP_ALLOCATE|[21]|Bytes:8
15:24:28.0 (150475410)|DML_BEGIN|[21]|Op:Insert|Type:Reserva_Vuelo__c|Rows:1
15:24:28.0 (150515315)|HEAP_ALLOCATE|[EXTERNAL]|Bytes:8
15:24:28.0 (171887172)|CODE_UNIT_STARTED|[EXTERNAL]|01q1r000000isRT|ReservaVueloTrigger on Reserva_Vuelo trigger event BeforeInsert
15:24:28.0 (171937167)|HEAP_ALLOCATE|[EXTERNAL]|Bytes:8
15:24:28.0 (172082143)|HEAP_ALLOCATE|[EXTERNAL]|Bytes:12
15:24:28.0 (172103333)|VARIABLE_SCOPE_BEGIN|[1]|this|ReservaVueloTrigger|true|false
15:24:28.0 (172177176)|VARIABLE_ASSIGNMENT|[1]|this|{}|0x563fd485
15:24:28.0 (172248670)|HEAP_ALLOCATE|[EXTERNAL]|Bytes:12
15:24:28.0 (172305235)|VARIABLE_SCOPE_BEGIN|[1]|this|ReservaVueloTrigger|true|false
15:24:28.0 (172331448)|VARIABLE_ASSIGNMENT|[1]|this|{}|0x563fd485
15:24:28.0 (172347809)|STATEMENT_EXECUTE|[1]
15:24:28.0 (172351534)|STATEMENT_EXECUTE|[4]
15:24:28.0 (172789188)|VARIABLE_ASSIGNMENT|[4]|this.listNew|[{"Contacto__c":"0031r000024jSXKAA2","Origen__c":"Madrid","Destino__c":"Roma","IsDeleted":false,"Fecha_Salida__c":"2019-01-10T23:00:00.000Z","OwnerId":"0051r000007Oz5QAAS","Observaciones__c":"Nada","Case__c":"Turista","Modificado__c":false,"Name":"ReservaPrueba0"}]|0x563fd485
15:24:28.0 (172810763)|STATEMENT_EXECUTE|[7]
15:24:28.0 (172837656)|VARIABLE_ASSIGNMENT|[7]|this.mapOld|null|0x563fd485
15:24:28.0 (172852574)|STATEMENT_EXECUTE|[10]
15:24:28.0 (172858753)|STATEMENT_EXECUTE|[11]
15:24:28.0 (172861293)|STATEMENT_EXECUTE|[12]
15:24:28.0 (177298320)|HEAP_ALLOCATE|[12]|Bytes:4
15:24:28.0 (177344253)|METHOD_ENTRY|[1]|01p1r000007Yidp|ReservaVueloMethods.ReservaVueloMethods()
15:24:28.0 (177357670)|STATEMENT_EXECUTE|[1]
15:24:28.0 (177368763)|STATEMENT_EXECUTE|[1]
15:24:28.0 (177752870)|SYSTEM_MODE_ENTER|false
15:24:28.0 (177767622)|HEAP_ALLOCATE|[12]|Bytes:5
15:24:28.0 (177777343)|SYSTEM_MODE_EXIT|false
15:24:28.0 (177791003)|METHOD_EXIT|[1]|ReservaVueloMethods
15:24:28.0 (177845703)|METHOD_ENTRY|[12]|01p1r000007Yidp|ReservaVueloMethods.RellenarCuenta(List<Reserva_Vuelo__c>)
15:24:28.0 (177901508)|VARIABLE_SCOPE_BEGIN|[4]|listReservas|List<Reserva_Vuelo__c>|true|false
15:24:28.0 (178146981)|VARIABLE_ASSIGNMENT|[4]|listReservas|[{"Contacto__c":"0031r000024jSXKAA2","Origen__c":"Madrid","Destino__c":"Roma","IsDeleted":false,"Fecha_Salida__c":"2019-01-10T23:00:00.000Z","OwnerId":"0051r000007Oz5QAAS","Observaciones__c":"Nada","Case__c":"Turista","Modificado__c":false,"Name":"ReservaPrueba0"}]|0x643a9021
15:24:28.0 (178187785)|SYSTEM_MODE_ENTER|false
15:24:28.0 (178196956)|HEAP_ALLOCATE|[6]|Bytes:5
15:24:28.0 (178204895)|STATEMENT_EXECUTE|[4]
15:24:28.0 (178295393)|STATEMENT_EXECUTE|[6]
15:24:28.0 (178298533)|STATEMENT_EXECUTE|[9]
15:24:28.0 (178315915)|HEAP_ALLOCATE|[9]|Bytes:4
15:24:28.0 (178354463)|VARIABLE_SCOPE_BEGIN|[9]|listContactosIds|Set<String>|true|false
15:24:28.0 (178389963)|VARIABLE_ASSIGNMENT|[9]|listContactosIds|[]|0x51424dcc
15:24:28.0 (178532688)|HEAP_ALLOCATE|[10]|Bytes:5
15:24:28.0 (178555746)|HEAP_ALLOCATE|[10]|Bytes:4
15:24:28.0 (178567642)|VARIABLE_SCOPE_BEGIN|[10]|inReserva|Reserva_Vuelo__c|true|false
15:24:28.0 (178760247)|VARIABLE_ASSIGNMENT|[10]|inReserva|{"Contacto__c":"0031r000024jSXKAA2","Origen__c":"Madrid","Destino__c":"Roma","IsDeleted":false,"Fecha_Salida__c":"2019-01-10T23:00:00.000Z","OwnerId":"0051r000007Oz5QAAS","Observaciones__c":"Nada","Case__c":"Turista","Modificado__c":false,"Name":"ReservaPrueba0"}|0x12f92d9c
15:24:28.0 (178776216)|STATEMENT_EXECUTE|[10]
15:24:28.0 (178779295)|STATEMENT_EXECUTE|[11]
15:24:28.0 (178855585)|HEAP_ALLOCATE|[EXTERNAL]|Bytes:4
15:24:28.0 (178880043)|HEAP_ALLOCATE|[10]|Bytes:5
15:24:28.0 (178896385)|VARIABLE_ASSIGNMENT|[10]|inReserva|null|
15:24:28.0 (178905004)|STATEMENT_EXECUTE|[23]
15:24:28.0 (178955209)|HEAP_ALLOCATE|[23]|Bytes:4
15:24:28.0 (178965522)|HEAP_ALLOCATE|[23]|Bytes:49
15:24:28.0 (178978177)|HEAP_ALLOCATE|[23]|Bytes:4
15:24:28.0 (178992419)|HEAP_ALLOCATE|[23]|Bytes:7
15:24:28.0 (179032182)|HEAP_ALLOCATE|[23]|Bytes:8
15:24:28.0 (179045407)|HEAP_ALLOCATE|[23]|Bytes:8
15:24:28.0 (179242839)|SOQL_EXECUTE_BEGIN|[23]|Aggregations:0|SELECT AccountId FROM Contact WHERE id = :tmpVar1
15:24:28.0 (183505380)|SOQL_EXECUTE_END|[23]|Rows:1
15:24:28.0 (183536625)|HEAP_ALLOCATE|[23]|Bytes:8
15:24:28.0 (183554842)|HEAP_ALLOCATE|[23]|Bytes:60
15:24:28.0 (183597804)|HEAP_ALLOCATE|[23]|Bytes:8
15:24:28.0 (183651506)|HEAP_ALLOCATE|[23]|Bytes:12
15:24:28.0 (183662002)|HEAP_ALLOCATE|[23]|Bytes:18
15:24:28.0 (183675271)|VARIABLE_SCOPE_BEGIN|[23]|contactos|Map<String,Contact>|true|false
15:24:28.0 (183709727)|VARIABLE_ASSIGNMENT|[23]|contactos|{"0031r000024jSXKAA2":{"AccountId":"0011r00001myenpAAA","Id":"0031r000024jSXKAA2"}}|0x2d0f4122
15:24:28.0 (183769880)|HEAP_ALLOCATE|[26]|Bytes:5
15:24:28.0 (183787758)|HEAP_ALLOCATE|[26]|Bytes:4
15:24:28.0 (183796754)|VARIABLE_SCOPE_BEGIN|[26]|inReserva|Reserva_Vuelo__c|true|false
15:24:28.0 (183944928)|VARIABLE_ASSIGNMENT|[26]|inReserva|{"Contacto__c":"0031r000024jSXKAA2","Origen__c":"Madrid","Destino__c":"Roma","IsDeleted":false,"Fecha_Salida__c":"2019-01-10T23:00:00.000Z","OwnerId":"0051r000007Oz5QAAS","Observaciones__c":"Nada","Case__c":"Turista","Modificado__c":false,"Name":"ReservaPrueba0"}|0x12f92d9c
15:24:28.0 (183961320)|STATEMENT_EXECUTE|[26]
15:24:28.0 (183964615)|STATEMENT_EXECUTE|[27]
15:24:28.0 (184178191)|VARIABLE_ASSIGNMENT|[27]|this.Cuenta__c|"0011r00001myenpAAA"|0x12f92d9c
15:24:28.0 (184197803)|HEAP_ALLOCATE|[26]|Bytes:5
15:24:28.0 (184211506)|VARIABLE_ASSIGNMENT|[26]|inReserva|null|
15:24:28.0 (184221824)|SYSTEM_MODE_EXIT|false
15:24:28.0 (184236446)|METHOD_EXIT|[12]|01p1r000007Yidp|ReservaVueloMethods.RellenarCuenta(List<Reserva_Vuelo__c>)
15:24:28.0 (184257440)|STATEMENT_EXECUTE|[14]
15:24:28.184 (184269877)|CUMULATIVE_LIMIT_USAGE
15:24:28.184 (184269877)|LIMIT_USAGE_FOR_NS|(default)|
  Number of SOQL queries: 1 out of 100
  Number of query rows: 1 out of 50000
  Number of SOSL queries: 0 out of 20
  Number of DML statements: 3 out of 150
  Number of DML rows: 3 out of 10000
  Maximum CPU time: 0 out of 10000
  Maximum heap size: 0 out of 6000000
  Number of callouts: 0 out of 100
  Number of Email Invocations: 0 out of 10
  Number of future calls: 0 out of 50
  Number of queueable jobs added to the queue: 0 out of 50
  Number of Mobile Apex push calls: 0 out of 10

15:24:28.184 (184269877)|CUMULATIVE_LIMIT_USAGE_END

15:24:28.0 (185520363)|CODE_UNIT_FINISHED|ReservaVueloTrigger on Reserva_Vuelo trigger event BeforeInsert
15:24:28.0 (187739808)|CODE_UNIT_STARTED|[EXTERNAL]|Validation:Reserva_Vuelo:new
15:24:28.0 (187752279)|VALIDATION_RULE|03d1r0000006A1e|DiferentesCampos
15:24:28.0 (188323695)|VALIDATION_FORMULA|TEXT(Origen__c)  =  TEXT(Destino__c)|Destino__c=Roma , Origen__c=Madrid
15:24:28.0 (188338099)|VALIDATION_PASS
15:24:28.0 (188341503)|VALIDATION_RULE|03d1r0000006A1Z|Fecha_de_salida
15:24:28.0 (188452581)|VALIDATION_FORMULA|Fecha_Salida__c  <   NOW()|Fecha_Salida__c=2019-01-10 23:00:00
15:24:28.0 (188461920)|VALIDATION_PASS
15:24:28.0 (188495702)|CODE_UNIT_FINISHED|Validation:Reserva_Vuelo:new
15:24:28.0 (205387370)|DML_END|[21]
15:24:28.0 (205421604)|STATEMENT_EXECUTE|[23]
15:24:28.0 (205470984)|HEAP_ALLOCATE|[23]|Bytes:4
15:24:28.0 (205573321)|HEAP_ALLOCATE|[23]|Bytes:9
15:24:28.0 (205632547)|VARIABLE_ASSIGNMENT|[23]|this.Name|"Pasajero0"|0x1b6209bb
15:24:28.0 (205709272)|VARIABLE_ASSIGNMENT|[23]|this.Reserva__c|"a001r00000oULTQAA4"|0x1b6209bb
15:24:28.0 (205735923)|VARIABLE_ASSIGNMENT|[23]|this.Nif__c|"47898592B"|0x1b6209bb
15:24:28.0 (205774276)|HEAP_ALLOCATE|[23]|Bytes:28
15:24:28.0 (205802458)|VARIABLE_ASSIGNMENT|[23]|this.Edad__c|59|0x1b6209bb
15:24:28.0 (205838102)|VARIABLE_SCOPE_BEGIN|[23]|oPasajero|Pasajero__c|true|false
15:24:28.0 (205867882)|VARIABLE_ASSIGNMENT|[23]|oPasajero|{"Name":"Pasajero0","Reserva__c":"a001r00000oULTQAA4","Nif__c":"47898592B","Edad__c":59}|0x1b6209bb
15:24:28.0 (205878061)|STATEMENT_EXECUTE|[27]
15:24:28.0 (205908940)|HEAP_ALLOCATE|[27]|Bytes:8
15:24:28.0 (205925319)|DML_BEGIN|[27]|Op:Insert|Type:Pasajero__c|Rows:1
15:24:28.0 (205967788)|HEAP_ALLOCATE|[EXTERNAL]|Bytes:8
15:24:28.0 (231183909)|CODE_UNIT_STARTED|[EXTERNAL]|01q1r000000j3dJ|PasajeroTrigger on Pasajero trigger event BeforeInsert
15:24:28.0 (231232068)|HEAP_ALLOCATE|[EXTERNAL]|Bytes:8
15:24:28.0 (231357141)|HEAP_ALLOCATE|[EXTERNAL]|Bytes:8
15:24:28.0 (231372167)|VARIABLE_SCOPE_BEGIN|[1]|this|PasajeroTrigger|true|false
15:24:28.0 (231427339)|VARIABLE_ASSIGNMENT|[1]|this|{}|0x4f5c1e13
15:24:28.0 (231489667)|HEAP_ALLOCATE|[EXTERNAL]|Bytes:8
15:24:28.0 (231538422)|VARIABLE_SCOPE_BEGIN|[1]|this|PasajeroTrigger|true|false
15:24:28.0 (231554290)|VARIABLE_ASSIGNMENT|[1]|this|{}|0x4f5c1e13
15:24:28.0 (231564499)|STATEMENT_EXECUTE|[1]
15:24:28.0 (231566908)|STATEMENT_EXECUTE|[4]
15:24:28.0 (231835649)|VARIABLE_ASSIGNMENT|[4]|this.listNew|[{"IsDeleted":false,"Edad__c":59,"Nif__c":"47898592B","Reserva__c":"a001r00000oULTQAA4","Name":"Pasajero0"}]|0x4f5c1e13
15:24:28.0 (231852949)|STATEMENT_EXECUTE|[7]
15:24:28.0 (231860176)|STATEMENT_EXECUTE|[8]
15:24:28.0 (231861827)|STATEMENT_EXECUTE|[9]
15:24:28.0 (236225031)|HEAP_ALLOCATE|[9]|Bytes:4
15:24:28.0 (236254806)|METHOD_ENTRY|[1]|01p1r000008Zry1|PasajeroMethods.PasajeroMethods()
15:24:28.0 (236263933)|STATEMENT_EXECUTE|[1]
15:24:28.0 (236274326)|STATEMENT_EXECUTE|[1]
15:24:28.0 (236723132)|SYSTEM_MODE_ENTER|false
15:24:28.0 (236741109)|HEAP_ALLOCATE|[9]|Bytes:5
15:24:28.0 (236753480)|SYSTEM_MODE_EXIT|false
15:24:28.0 (236769347)|METHOD_EXIT|[1]|PasajeroMethods
15:24:28.0 (236820074)|METHOD_ENTRY|[9]|01p1r000008Zry1|PasajeroMethods.ValidarNif(List<Pasajero__c>)
15:24:28.0 (236879526)|VARIABLE_SCOPE_BEGIN|[32]|listNew|List<Pasajero__c>|true|false
15:24:28.0 (237092825)|VARIABLE_ASSIGNMENT|[32]|listNew|[{"IsDeleted":false,"Edad__c":59,"Nif__c":"47898592B","Reserva__c":"a001r00000oULTQAA4","Name":"Pasajero0"}]|0x785fdfa2
15:24:28.0 (237123198)|SYSTEM_MODE_ENTER|false
15:24:28.0 (237132912)|HEAP_ALLOCATE|[34]|Bytes:5
15:24:28.0 (237141666)|STATEMENT_EXECUTE|[32]
15:24:28.0 (237243447)|STATEMENT_EXECUTE|[34]
15:24:28.0 (237402053)|HEAP_ALLOCATE|[36]|Bytes:5
15:24:28.0 (237428172)|HEAP_ALLOCATE|[36]|Bytes:4
15:24:28.0 (237441505)|VARIABLE_SCOPE_BEGIN|[36]|inPasajero|Pasajero__c|true|false
15:24:28.0 (237618675)|VARIABLE_ASSIGNMENT|[36]|inPasajero|{"IsDeleted":false,"Edad__c":59,"Nif__c":"47898592B","Reserva__c":"a001r00000oULTQAA4","Name":"Pasajero0"}|0x5a28e2da
15:24:28.0 (237644805)|STATEMENT_EXECUTE|[36]
15:24:28.0 (237683122)|METHOD_ENTRY|[37]|01p1r000009oduV|Utils.isNifNie(String)
15:24:28.0 (237708012)|VARIABLE_SCOPE_BEGIN|[3]|nif|String|false|false
15:24:28.0 (237724543)|VARIABLE_ASSIGNMENT|[3]|nif|"47898592B"
15:24:28.0 (237745798)|HEAP_ALLOCATE|[5]|Bytes:5
15:24:28.0 (237754328)|STATEMENT_EXECUTE|[3]
15:24:28.0 (237757111)|STATEMENT_EXECUTE|[5]
15:24:28.0 (237769842)|HEAP_ALLOCATE|[5]|Bytes:13
15:24:28.0 (237789597)|USER_DEBUG|[5]|DEBUG|NIF 47898592B
15:24:28.0 (237820736)|HEAP_ALLOCATE|[7]|Bytes:9
15:24:28.0 (237859806)|HEAP_ALLOCATE|[7]|Bytes:9
15:24:28.0 (237890887)|HEAP_ALLOCATE|[7]|Bytes:9
15:24:28.0 (237917145)|STATEMENT_EXECUTE|[7]
15:24:28.0 (237920228)|STATEMENT_EXECUTE|[11]
15:24:28.0 (237930892)|METHOD_ENTRY|[11]||System.Pattern.compile(String)
15:24:28.0 (238025983)|METHOD_EXIT|[11]||System.Pattern.compile(String)
15:24:28.0 (238034960)|VARIABLE_SCOPE_BEGIN|[11]|nifPattern|System.Pattern|true|false
15:24:28.0 (238076698)|VARIABLE_ASSIGNMENT|[11]|nifPattern|{"delegate":"0x57eec72f"}|0x5c8c84f2
15:24:28.0 (238086009)|STATEMENT_EXECUTE|[12]
15:24:28.0 (238094275)|METHOD_ENTRY|[12]||System.Pattern.matcher(String)
15:24:28.0 (238183535)|METHOD_EXIT|[12]||System.Pattern.matcher(String)
15:24:28.0 (238191810)|VARIABLE_SCOPE_BEGIN|[12]|m|System.Matcher|true|false
15:24:28.0 (238218553)|VARIABLE_ASSIGNMENT|[12]|m|{"delegate":"0x3ee83b81"}|0x36b368a0
15:24:28.0 (238232891)|METHOD_ENTRY|[13]||System.Matcher.matches()
15:24:28.0 (238273664)|METHOD_EXIT|[13]||System.Matcher.matches()
15:24:28.0 (238282307)|STATEMENT_EXECUTE|[13]
15:24:28.0 (238284853)|STATEMENT_EXECUTE|[14]
15:24:28.0 (238293456)|METHOD_ENTRY|[14]||System.Matcher.group(Integer)
15:24:28.0 (238341951)|METHOD_EXIT|[14]||System.Matcher.group(Integer)
15:24:28.0 (238350049)|VARIABLE_SCOPE_BEGIN|[14]|letra|String|false|false
15:24:28.0 (238364337)|VARIABLE_ASSIGNMENT|[14]|letra|"B"
15:24:28.0 (238372176)|STATEMENT_EXECUTE|[16]
15:24:28.0 (238376955)|VARIABLE_SCOPE_BEGIN|[16]|letras|String|false|false
15:24:28.0 (238391288)|VARIABLE_ASSIGNMENT|[16]|letras|"TRWAGMYFPDXBNJZSQVHL (3 more) ..."
15:24:28.0 (238397809)|STATEMENT_EXECUTE|[17]
15:24:28.0 (238404557)|METHOD_ENTRY|[17]||System.Matcher.group(Integer)
15:24:28.0 (238439342)|METHOD_EXIT|[17]||System.Matcher.group(Integer)
15:24:28.0 (238474853)|VARIABLE_SCOPE_BEGIN|[17]|dni|Integer|false|false
15:24:28.0 (238486432)|HEAP_ALLOCATE|[17]|Bytes:4
15:24:28.0 (238497099)|VARIABLE_ASSIGNMENT|[17]|dni|47898592
15:24:28.0 (238504125)|STATEMENT_EXECUTE|[18]
15:24:28.0 (238515192)|METHOD_ENTRY|[18]||System.Math.mod(Integer, Integer)
15:24:28.0 (238555525)|METHOD_EXIT|[18]||System.Math.mod(Integer, Integer)
15:24:28.0 (238562197)|HEAP_ALLOCATE|[18]|Bytes:4
15:24:28.0 (238571739)|VARIABLE_ASSIGNMENT|[18]|dni|11
15:24:28.0 (238578617)|STATEMENT_EXECUTE|[20]
15:24:28.0 (238598172)|HEAP_ALLOCATE|[20]|Bytes:1
15:24:28.0 (238612950)|VARIABLE_SCOPE_BEGIN|[20]|reference|String|false|false
15:24:28.0 (238627150)|VARIABLE_ASSIGNMENT|[20]|reference|"B"
15:24:28.0 (238652833)|STATEMENT_EXECUTE|[22]
15:24:28.0 (238655544)|STATEMENT_EXECUTE|[23]
15:24:28.0 (238664260)|HEAP_ALLOCATE|[23]|Bytes:24
15:24:28.0 (238683513)|USER_DEBUG|[23]|DEBUG|son iguales. Es NIF. B B
15:24:28.0 (238693466)|STATEMENT_EXECUTE|[24]
15:24:28.0 (238699632)|HEAP_ALLOCATE|[24]|Bytes:5
15:24:28.0 (238712211)|METHOD_EXIT|[37]|01p1r000009oduV|Utils.isNifNie(String)
15:24:28.0 (238720591)|STATEMENT_EXECUTE|[37]
15:24:28.0 (238733578)|HEAP_ALLOCATE|[36]|Bytes:5
15:24:28.0 (238750208)|VARIABLE_ASSIGNMENT|[36]|inPasajero|null|
15:24:28.0 (238759592)|SYSTEM_MODE_EXIT|false
15:24:28.0 (238769139)|METHOD_EXIT|[9]|01p1r000008Zry1|PasajeroMethods.ValidarNif(List<Pasajero__c>)
15:24:28.0 (238777109)|STATEMENT_EXECUTE|[10]
15:24:28.0 (238800510)|METHOD_ENTRY|[10]|01p1r000008Zry1|PasajeroMethods.RellenarContacto(List<Pasajero__c>)
15:24:28.0 (238828227)|VARIABLE_SCOPE_BEGIN|[3]|listPasajeros|List<Pasajero__c>|true|false
15:24:28.0 (238974167)|VARIABLE_ASSIGNMENT|[3]|listPasajeros|[{"IsDeleted":false,"Edad__c":59,"Nif__c":"47898592B","Reserva__c":"a001r00000oULTQAA4","Name":"Pasajero0"}]|0x785fdfa2
15:24:28.0 (238995701)|SYSTEM_MODE_ENTER|false
15:24:28.0 (239004496)|HEAP_ALLOCATE|[5]|Bytes:5
15:24:28.0 (239012884)|STATEMENT_EXECUTE|[3]
15:24:28.0 (239044196)|STATEMENT_EXECUTE|[5]
15:24:28.0 (239047228)|STATEMENT_EXECUTE|[8]
15:24:28.0 (239066393)|HEAP_ALLOCATE|[8]|Bytes:4
15:24:28.0 (239095262)|VARIABLE_SCOPE_BEGIN|[8]|listNifs|List<String>|true|false
15:24:28.0 (239126881)|HEAP_ALLOCATE|[EXTERNAL]|Bytes:4
15:24:28.0 (239141443)|VARIABLE_ASSIGNMENT|[8]|listNifs|[]|0x6ac5de37
15:24:28.0 (239180501)|HEAP_ALLOCATE|[10]|Bytes:5
15:24:28.0 (239196913)|HEAP_ALLOCATE|[10]|Bytes:4
15:24:28.0 (239206131)|VARIABLE_SCOPE_BEGIN|[10]|inPasajero|Pasajero__c|true|false
15:24:28.0 (239340186)|VARIABLE_ASSIGNMENT|[10]|inPasajero|{"IsDeleted":false,"Edad__c":59,"Nif__c":"47898592B","Reserva__c":"a001r00000oULTQAA4","Name":"Pasajero0"}|0x5a28e2da
15:24:28.0 (239353204)|STATEMENT_EXECUTE|[10]
15:24:28.0 (239356063)|STATEMENT_EXECUTE|[11]
15:24:28.0 (239397728)|HEAP_ALLOCATE|[EXTERNAL]|Bytes:4
15:24:28.0 (239419305)|HEAP_ALLOCATE|[10]|Bytes:5
15:24:28.0 (239434197)|VARIABLE_ASSIGNMENT|[10]|inPasajero|null|
15:24:28.0 (239442721)|STATEMENT_EXECUTE|[17]
15:24:28.0 (239471561)|HEAP_ALLOCATE|[17]|Bytes:4
15:24:28.0 (239493431)|VARIABLE_SCOPE_BEGIN|[17]|mapContactos|Map<String,Contact>|true|false
15:24:28.0 (239515295)|VARIABLE_ASSIGNMENT|[17]|mapContactos|{}|0x49914dcf
15:24:28.0 (239527115)|HEAP_ALLOCATE|[19]|Bytes:61
15:24:28.0 (239543948)|HEAP_ALLOCATE|[19]|Bytes:4
15:24:28.0 (239823288)|SOQL_EXECUTE_BEGIN|[19]|Aggregations:0|SELECT Id, Name, Nif__c FROM Contact 
15:24:28.0 (243701113)|SOQL_EXECUTE_END|[19]|Rows:1
15:24:28.0 (243735805)|HEAP_ALLOCATE|[EXTERNAL]|Bytes:8
15:24:28.0 (243983719)|HEAP_ALLOCATE|[19]|Bytes:54
15:24:28.0 (243998592)|HEAP_ALLOCATE|[19]|Bytes:8
15:24:28.0 (244017413)|SYSTEM_METHOD_ENTRY|[7]|QueryLocatorIterator.QueryLocatorIterator()
15:24:28.0 (244029133)|STATEMENT_EXECUTE|[7]
15:24:28.0 (244043500)|SYSTEM_METHOD_EXIT|[7]|QueryLocatorIterator
15:24:28.0 (244053089)|HEAP_ALLOCATE|[19]|Bytes:28
15:24:28.0 (244083062)|HEAP_ALLOCATE|[19]|Bytes:8
15:24:28.0 (244096942)|HEAP_ALLOCATE|[19]|Bytes:8
15:24:28.0 (244100333)|HEAP_ALLOCATE|[19]|Bytes:8
15:24:28.0 (244109028)|VARIABLE_SCOPE_BEGIN|[15]|this|Database.QueryLocatorIterator|true|false
15:24:28.0 (244179645)|VARIABLE_ASSIGNMENT|[15]|this|{}|0x655aaebb
15:24:28.0 (244187108)|VARIABLE_SCOPE_BEGIN|[15]|values|List<SObject>|true|false
15:24:28.0 (244210314)|VARIABLE_ASSIGNMENT|[15]|values|[{"Id":"0031r000024jSXKAA2","Name":"ContactoPrueba0","Nif__c":"47898592B"}]|0x1736ed55
15:24:28.0 (244216078)|VARIABLE_SCOPE_BEGIN|[15]|ql|Database.QueryLocator|true|false
15:24:28.0 (244231358)|VARIABLE_ASSIGNMENT|[15]|ql|{"query":"SELECT Id, Name, Nif (41 more) ..."}|0x349f65e6
15:24:28.0 (244236794)|VARIABLE_SCOPE_BEGIN|[15]|totalNumRecords|Integer|false|false
15:24:28.0 (244245965)|VARIABLE_ASSIGNMENT|[15]|totalNumRecords|1
15:24:28.0 (244250661)|VARIABLE_SCOPE_BEGIN|[15]|queryMoreSize|Integer|false|false
15:24:28.0 (244256655)|VARIABLE_ASSIGNMENT|[15]|queryMoreSize|49998
15:24:28.0 (244318268)|HEAP_ALLOCATE|[19]|Bytes:28
15:24:28.0 (244346553)|METHOD_ENTRY|[19]||Database.QueryLocatorIterator.hasNext()
15:24:28.0 (244407035)|METHOD_EXIT|[19]||Database.QueryLocatorIterator.hasNext()
15:24:28.0 (244416029)|METHOD_ENTRY|[19]||Database.QueryLocatorIterator.next()
15:24:28.0 (244488234)|METHOD_EXIT|[19]||Database.QueryLocatorIterator.next()
15:24:28.0 (244496738)|VARIABLE_SCOPE_BEGIN|[19]|inContact|Contact|true|false
15:24:28.0 (244515135)|VARIABLE_ASSIGNMENT|[19]|inContact|{"Id":"0031r000024jSXKAA2","Name":"ContactoPrueba0","Nif__c":"47898592B"}|0x221630b6
15:24:28.0 (244526546)|STATEMENT_EXECUTE|[19]
15:24:28.0 (244529754)|STATEMENT_EXECUTE|[20]
15:24:28.0 (244581890)|HEAP_ALLOCATE|[EXTERNAL]|Bytes:-4
15:24:28.0 (244594762)|METHOD_ENTRY|[19]||Database.QueryLocatorIterator.hasNext()
15:24:28.0 (244617204)|METHOD_EXIT|[19]||Database.QueryLocatorIterator.hasNext()
15:24:28.0 (244629607)|VARIABLE_ASSIGNMENT|[19]|inContact|null|
15:24:28.0 (244687145)|HEAP_ALLOCATE|[24]|Bytes:5
15:24:28.0 (244704740)|HEAP_ALLOCATE|[24]|Bytes:4
15:24:28.0 (244710859)|VARIABLE_SCOPE_BEGIN|[24]|inPasajero|Pasajero__c|true|false
15:24:28.0 (244843908)|VARIABLE_ASSIGNMENT|[24]|inPasajero|{"IsDeleted":false,"Edad__c":59,"Nif__c":"47898592B","Reserva__c":"a001r00000oULTQAA4","Name":"Pasajero0"}|0x5a28e2da
15:24:28.0 (244852412)|STATEMENT_EXECUTE|[24]
15:24:28.0 (244887650)|STATEMENT_EXECUTE|[25]
15:24:28.0 (244889887)|STATEMENT_EXECUTE|[26]
15:24:28.0 (245030764)|VARIABLE_ASSIGNMENT|[26]|this.Contacto__c|"0031r000024jSXKAA2"|0x5a28e2da
15:24:28.0 (245048481)|HEAP_ALLOCATE|[24]|Bytes:5
15:24:28.0 (245061043)|VARIABLE_ASSIGNMENT|[24]|inPasajero|null|
15:24:28.0 (245069096)|SYSTEM_MODE_EXIT|false
15:24:28.0 (245078839)|METHOD_EXIT|[10]|01p1r000008Zry1|PasajeroMethods.RellenarContacto(List<Pasajero__c>)
15:24:28.245 (245088935)|CUMULATIVE_LIMIT_USAGE
15:24:28.245 (245088935)|LIMIT_USAGE_FOR_NS|(default)|
  Number of SOQL queries: 2 out of 100
  Number of query rows: 2 out of 50000
  Number of SOSL queries: 0 out of 20
  Number of DML statements: 4 out of 150
  Number of DML rows: 4 out of 10000
  Maximum CPU time: 0 out of 10000
  Maximum heap size: 0 out of 6000000
  Number of callouts: 0 out of 100
  Number of Email Invocations: 0 out of 10
  Number of future calls: 0 out of 50
  Number of queueable jobs added to the queue: 0 out of 50
  Number of Mobile Apex push calls: 0 out of 10

15:24:28.245 (245088935)|CUMULATIVE_LIMIT_USAGE_END

15:24:28.0 (246654176)|CODE_UNIT_FINISHED|PasajeroTrigger on Pasajero trigger event BeforeInsert
15:24:28.0 (265178609)|DML_END|[27]
15:24:28.0 (265210487)|STATEMENT_EXECUTE|[29]
15:24:28.0 (265218906)|HEAP_ALLOCATE|[29]|Bytes:55
15:24:28.0 (265249682)|HEAP_ALLOCATE|[29]|Bytes:4
15:24:28.0 (265508025)|SOQL_EXECUTE_BEGIN|[29]|Aggregations:0|SELECT Contacto__c FROM Pasajero__c WHERE Id = :tmpVar1
15:24:28.0 (268497805)|SOQL_EXECUTE_END|[29]|Rows:1
15:24:28.0 (268537673)|HEAP_ALLOCATE|[29]|Bytes:8
15:24:28.0 (268556251)|HEAP_ALLOCATE|[29]|Bytes:62
15:24:28.0 (268603796)|HEAP_ALLOCATE|[29]|Bytes:8
15:24:28.0 (268624316)|HEAP_ALLOCATE|[29]|Bytes:37
15:24:28.0 (268657707)|HEAP_ALLOCATE|[29]|Bytes:12
15:24:28.0 (268680226)|VARIABLE_SCOPE_BEGIN|[29]|pasajeroCheck|Pasajero__c|true|false
15:24:28.0 (268715091)|VARIABLE_ASSIGNMENT|[29]|pasajeroCheck|{"Contacto__c":"0031r000024jSXKAA2","Id":"a021r00000ddBYHAA2"}|0x5e860598
15:24:28.0 (268726983)|STATEMENT_EXECUTE|[31]
15:24:28.268 (268831595)|CUMULATIVE_LIMIT_USAGE
15:24:28.268 (268831595)|LIMIT_USAGE_FOR_NS|(default)|
  Number of SOQL queries: 3 out of 100
  Number of query rows: 3 out of 50000
  Number of SOSL queries: 0 out of 20
  Number of DML statements: 4 out of 150
  Number of DML rows: 4 out of 10000
  Maximum CPU time: 0 out of 10000
  Maximum heap size: 0 out of 6000000
  Number of callouts: 0 out of 100
  Number of Email Invocations: 0 out of 10
  Number of future calls: 0 out of 50
  Number of queueable jobs added to the queue: 0 out of 50
  Number of Mobile Apex push calls: 0 out of 10

15:24:28.268 (268831595)|CUMULATIVE_LIMIT_USAGE_END

15:24:28.0 (268869688)|CODE_UNIT_FINISHED|PasajeroTest.RellenarContactoTest
15:24:28.0 (269710177)|EXECUTION_FINISHED
15:24:28.372 (372645810)|USER_INFO|[EXTERNAL]|0051r000007Oz5Q|lydia.abril@gmail.com|hora estándar de Europa central|GMT+02:00
15:24:28.372 (372690743)|EXECUTION_STARTED
15:24:28.372 (372701484)|CODE_UNIT_STARTED|[EXTERNAL]|01p1r000008aN28|PasajeroTest.ValidarNifTest
15:24:28.372 (372938796)|HEAP_ALLOCATE|[72]|Bytes:3
15:24:28.372 (372993933)|HEAP_ALLOCATE|[77]|Bytes:152
15:24:28.372 (373018345)|HEAP_ALLOCATE|[342]|Bytes:408
15:24:28.372 (373045271)|HEAP_ALLOCATE|[355]|Bytes:408
15:24:28.372 (373066304)|HEAP_ALLOCATE|[467]|Bytes:48
15:24:28.372 (373101812)|HEAP_ALLOCATE|[139]|Bytes:6
15:24:28.372 (373119344)|HEAP_ALLOCATE|[EXTERNAL]|Bytes:116
15:24:28.372 (373133872)|METHOD_ENTRY|[2]|01p1r000008aN28|PasajeroTest.PasajeroTest()
15:24:28.372 (373149983)|STATEMENT_EXECUTE|[2]
15:24:28.372 (373160300)|STATEMENT_EXECUTE|[2]
15:24:28.372 (373168333)|METHOD_EXIT|[2]|PasajeroTest
15:24:28.372 (373393599)|HEAP_ALLOCATE|[50]|Bytes:5
15:24:28.372 (373425537)|HEAP_ALLOCATE|[56]|Bytes:5
15:24:28.372 (373433901)|HEAP_ALLOCATE|[64]|Bytes:7
15:24:28.372 (373478885)|STATEMENT_EXECUTE|[36]
15:24:28.372 (373481333)|STATEMENT_EXECUTE|[38]
15:24:28.372 (373517831)|HEAP_ALLOCATE|[38]|Bytes:4
15:24:28.372 (373532798)|HEAP_ALLOCATE|[38]|Bytes:13
15:24:28.372 (373600446)|VARIABLE_ASSIGNMENT|[38]|this.Name|"CuentaPrueba0"|0x15bc211
15:24:28.372 (373644769)|VARIABLE_SCOPE_BEGIN|[38]|oAccount|Account|true|false
15:24:28.372 (373675186)|VARIABLE_ASSIGNMENT|[38]|oAccount|{"Name":"CuentaPrueba0"}|0x15bc211
15:24:28.372 (373692379)|STATEMENT_EXECUTE|[39]
15:24:28.372 (373725459)|HEAP_ALLOCATE|[39]|Bytes:8
15:24:28.372 (373742964)|DML_BEGIN|[39]|Op:Insert|Type:Account|Rows:1
15:24:28.372 (373786151)|HEAP_ALLOCATE|[EXTERNAL]|Bytes:8
15:24:28.372 (375632330)|CODE_UNIT_STARTED|[EXTERNAL]|DuplicateDetector
15:24:28.372 (375651496)|DUPLICATE_DETECTION_BEGIN
15:24:28.372 (375720065)|DUPLICATE_DETECTION_RULE_INVOCATION|DuplicateRuleId:0Bm1r0000018X88|DuplicateRuleName:Standard Account Duplicate Rule|DmlType:INSERT
15:24:28.372 (389214002)|DUPLICATE_DETECTION_MATCH_INVOCATION_DETAILS|EntityType:Account|ActionTaken:Allow_[Alert,Report]|DuplicateRecordIds:
15:24:28.372 (389239259)|DUPLICATE_DETECTION_MATCH_INVOCATION_SUMMARY|EntityType:Account|NumRecordsToBeSaved:1|NumRecordsToBeSavedWithDuplicates:0|NumDuplicateRecordsFound:0
15:24:28.372 (389367605)|DUPLICATE_DETECTION_END
15:24:28.372 (389378372)|CODE_UNIT_FINISHED|DuplicateDetector
15:24:28.372 (406789351)|DML_END|[39]
15:24:28.372 (406818833)|STATEMENT_EXECUTE|[41]
15:24:28.372 (406847340)|HEAP_ALLOCATE|[41]|Bytes:4
15:24:28.372 (406870832)|HEAP_ALLOCATE|[41]|Bytes:15
15:24:28.372 (406919739)|VARIABLE_ASSIGNMENT|[41]|this.LastName|"ContactoPrueba0"|0x6f48ac0b
15:24:28.372 (406929225)|HEAP_ALLOCATE|[41]|Bytes:9
15:24:28.372 (406946486)|VARIABLE_ASSIGNMENT|[41]|this.Nif__c|"47898592B"|0x6f48ac0b
15:24:28.372 (406975710)|VARIABLE_ASSIGNMENT|[41]|this.AccountId|"0011r00001myenqAAA"|0x6f48ac0b
15:24:28.372 (407015490)|VARIABLE_SCOPE_BEGIN|[41]|oContact|Contact|true|false
15:24:28.372 (407046330)|VARIABLE_ASSIGNMENT|[41]|oContact|{"LastName":"ContactoPrueba0","Nif__c":"47898592B","AccountId":"0011r00001myenqAAA"}|0x6f48ac0b
15:24:28.372 (407057209)|STATEMENT_EXECUTE|[42]
15:24:28.372 (407085135)|HEAP_ALLOCATE|[42]|Bytes:8
15:24:28.372 (407101073)|DML_BEGIN|[42]|Op:Insert|Type:Contact|Rows:1
15:24:28.372 (407147936)|HEAP_ALLOCATE|[EXTERNAL]|Bytes:8
15:24:28.372 (409615885)|CODE_UNIT_STARTED|[EXTERNAL]|01q1r000000j4Bx|ContactTrigger on Contact trigger event BeforeInsert
15:24:28.372 (409654134)|HEAP_ALLOCATE|[EXTERNAL]|Bytes:8
15:24:28.372 (409711732)|HEAP_ALLOCATE|[EXTERNAL]|Bytes:8
15:24:28.372 (409721243)|VARIABLE_SCOPE_BEGIN|[1]|this|ContactTrigger|true|false
15:24:28.372 (409750971)|VARIABLE_ASSIGNMENT|[1]|this|{}|0x381574e9
15:24:28.372 (409790593)|HEAP_ALLOCATE|[EXTERNAL]|Bytes:8
15:24:28.372 (409798788)|VARIABLE_SCOPE_BEGIN|[1]|this|ContactTrigger|true|false
15:24:28.372 (409811104)|VARIABLE_ASSIGNMENT|[1]|this|{}|0x381574e9
15:24:28.372 (409819375)|STATEMENT_EXECUTE|[1]
15:24:28.372 (409821712)|STATEMENT_EXECUTE|[3]
15:24:28.372 (410181749)|VARIABLE_ASSIGNMENT|[3]|this.listNew|[{"IsDeleted":false,"AccountId":"0011r00001myenqAAA","IsEmailBounced":false,"CleanStatus":"Pending","DoNotCall":false,"OwnerId":"0051r000007Oz5QAAS","Premium__c":false,"HasOptedOutOfEmail":false,"HasOptedOutOfFax":false,"Nif__c":"47898592B","LastName":"ContactoPrueba0"}]|0x381574e9
15:24:28.372 (410208564)|STATEMENT_EXECUTE|[5]
15:24:28.372 (410218926)|STATEMENT_EXECUTE|[6]
15:24:28.372 (410220824)|STATEMENT_EXECUTE|[7]
15:24:28.372 (410240322)|HEAP_ALLOCATE|[7]|Bytes:1
15:24:28.372 (410254816)|METHOD_ENTRY|[1]|01p1r000008aKc5|ContactMethods.ContactMethods()
15:24:28.372 (410262445)|STATEMENT_EXECUTE|[1]
15:24:28.372 (410267930)|STATEMENT_EXECUTE|[1]
15:24:28.372 (410669086)|SYSTEM_MODE_ENTER|false
15:24:28.372 (410687166)|HEAP_ALLOCATE|[7]|Bytes:5
15:24:28.372 (410696040)|SYSTEM_MODE_EXIT|false
15:24:28.372 (410708040)|METHOD_EXIT|[1]|ContactMethods
15:24:28.372 (410721829)|METHOD_ENTRY|[7]|01p1r000008aKc5|ContactMethods.ValidarNif(List<Contact>)
15:24:28.372 (410731679)|VARIABLE_SCOPE_BEGIN|[3]|listNew|List<Contact>|true|false
15:24:28.372 (410967048)|VARIABLE_ASSIGNMENT|[3]|listNew|[{"IsDeleted":false,"AccountId":"0011r00001myenqAAA","IsEmailBounced":false,"CleanStatus":"Pending","DoNotCall":false,"OwnerId":"0051r000007Oz5QAAS","Premium__c":false,"HasOptedOutOfEmail":false,"HasOptedOutOfFax":false,"Nif__c":"47898592B","LastName":"ContactoPrueba0"}]|0x2cee842
15:24:28.372 (410994537)|SYSTEM_MODE_ENTER|false
15:24:28.372 (411001223)|HEAP_ALLOCATE|[5]|Bytes:5
15:24:28.372 (411008258)|STATEMENT_EXECUTE|[3]
15:24:28.372 (411029112)|STATEMENT_EXECUTE|[5]
15:24:28.372 (411055553)|HEAP_ALLOCATE|[7]|Bytes:5
15:24:28.372 (411072722)|HEAP_ALLOCATE|[7]|Bytes:4
15:24:28.372 (411082217)|VARIABLE_SCOPE_BEGIN|[7]|inContact|Contact|true|false
15:24:28.372 (411284089)|VARIABLE_ASSIGNMENT|[7]|inContact|{"IsDeleted":false,"AccountId":"0011r00001myenqAAA","IsEmailBounced":false,"CleanStatus":"Pending","DoNotCall":false,"OwnerId":"0051r000007Oz5QAAS","Premium__c":false,"HasOptedOutOfEmail":false,"HasOptedOutOfFax":false,"Nif__c":"47898592B","LastName":"ContactoPrueba0"}|0x63cbd1cb
15:24:28.372 (411294339)|STATEMENT_EXECUTE|[7]
15:24:28.372 (411314047)|HEAP_ALLOCATE|[8]|Bytes:1
15:24:28.372 (411320221)|HEAP_ALLOCATE|[8]|Bytes:7
15:24:28.372 (411327548)|METHOD_ENTRY|[1]|01p1r000009oduV|Utils.Utils()
15:24:28.372 (411333870)|STATEMENT_EXECUTE|[1]
15:24:28.372 (411337244)|STATEMENT_EXECUTE|[1]
15:24:28.372 (411342311)|HEAP_ALLOCATE|[8]|Bytes:5
15:24:28.372 (411349887)|METHOD_EXIT|[1]|Utils
15:24:28.372 (411357682)|METHOD_ENTRY|[8]|01p1r000009oduV|Utils.isNifNie(String)
15:24:28.372 (411364236)|VARIABLE_SCOPE_BEGIN|[3]|nif|String|false|false
15:24:28.372 (411374559)|VARIABLE_ASSIGNMENT|[3]|nif|"47898592B"
15:24:28.372 (411387761)|HEAP_ALLOCATE|[5]|Bytes:5
15:24:28.372 (411392925)|STATEMENT_EXECUTE|[3]
15:24:28.372 (411394691)|STATEMENT_EXECUTE|[5]
15:24:28.372 (411397439)|HEAP_ALLOCATE|[5]|Bytes:4
15:24:28.372 (411411780)|HEAP_ALLOCATE|[5]|Bytes:13
15:24:28.372 (411430600)|USER_DEBUG|[5]|DEBUG|NIF 47898592B
15:24:28.372 (411460185)|HEAP_ALLOCATE|[7]|Bytes:9
15:24:28.372 (411469111)|HEAP_ALLOCATE|[7]|Bytes:1
15:24:28.372 (411489579)|HEAP_ALLOCATE|[7]|Bytes:9
15:24:28.372 (411496798)|HEAP_ALLOCATE|[7]|Bytes:1
15:24:28.372 (411511752)|HEAP_ALLOCATE|[7]|Bytes:9
15:24:28.372 (411518681)|HEAP_ALLOCATE|[7]|Bytes:1
15:24:28.372 (411530773)|STATEMENT_EXECUTE|[7]
15:24:28.372 (411532745)|STATEMENT_EXECUTE|[11]
15:24:28.372 (411535214)|HEAP_ALLOCATE|[11]|Bytes:59
15:24:28.372 (411548225)|HEAP_ALLOCATE|[11]|Bytes:24
15:24:28.372 (411556137)|SYSTEM_METHOD_ENTRY|[1]|Pattern.Pattern()
15:24:28.372 (411559895)|STATEMENT_EXECUTE|[1]
15:24:28.372 (411565977)|SYSTEM_METHOD_EXIT|[1]|Pattern
15:24:28.372 (411574947)|METHOD_ENTRY|[11]||System.Pattern.compile(String)
15:24:28.372 (411666529)|METHOD_EXIT|[11]||System.Pattern.compile(String)
15:24:28.372 (411672201)|VARIABLE_SCOPE_BEGIN|[11]|nifPattern|System.Pattern|true|false
15:24:28.372 (411694916)|VARIABLE_ASSIGNMENT|[11]|nifPattern|{"delegate":"0x57eec72f"}|0x6669d974
15:24:28.372 (411701834)|STATEMENT_EXECUTE|[12]
15:24:28.372 (411710704)|METHOD_ENTRY|[12]||System.Pattern.matcher(String)
15:24:28.372 (411806810)|METHOD_EXIT|[12]||System.Pattern.matcher(String)
15:24:28.372 (411812385)|VARIABLE_SCOPE_BEGIN|[12]|m|System.Matcher|true|false
15:24:28.372 (411829451)|VARIABLE_ASSIGNMENT|[12]|m|{"delegate":"0x75c85b6c"}|0x31216f
15:24:28.372 (411842974)|METHOD_ENTRY|[13]||System.Matcher.matches()
15:24:28.372 (411876736)|METHOD_EXIT|[13]||System.Matcher.matches()
15:24:28.372 (411882217)|STATEMENT_EXECUTE|[13]
15:24:28.372 (411884029)|STATEMENT_EXECUTE|[14]
15:24:28.372 (411891708)|METHOD_ENTRY|[14]||System.Matcher.group(Integer)
15:24:28.372 (411922600)|METHOD_EXIT|[14]||System.Matcher.group(Integer)
15:24:28.372 (411928555)|VARIABLE_SCOPE_BEGIN|[14]|letra|String|false|false
15:24:28.372 (411937425)|VARIABLE_ASSIGNMENT|[14]|letra|"B"
15:24:28.372 (411942158)|STATEMENT_EXECUTE|[16]
15:24:28.372 (411947622)|HEAP_ALLOCATE|[16]|Bytes:23
15:24:28.372 (411953941)|VARIABLE_SCOPE_BEGIN|[16]|letras|String|false|false
15:24:28.372 (411964667)|VARIABLE_ASSIGNMENT|[16]|letras|"TRWAGMYFPDXBNJZSQVHL (3 more) ..."
15:24:28.372 (411968942)|STATEMENT_EXECUTE|[17]
15:24:28.372 (411976052)|METHOD_ENTRY|[17]||System.Matcher.group(Integer)
15:24:28.372 (412001737)|METHOD_EXIT|[17]||System.Matcher.group(Integer)
15:24:28.372 (412026139)|VARIABLE_SCOPE_BEGIN|[17]|dni|Integer|false|false
15:24:28.372 (412032481)|HEAP_ALLOCATE|[17]|Bytes:4
15:24:28.372 (412038558)|VARIABLE_ASSIGNMENT|[17]|dni|47898592
15:24:28.372 (412043193)|STATEMENT_EXECUTE|[18]
15:24:28.372 (412053220)|VARIABLE_SCOPE_BEGIN|[2]|Math.E|Double|false|true
15:24:28.372 (412061384)|VARIABLE_SCOPE_BEGIN|[3]|Math.PI|Double|false|true
15:24:28.372 (412072344)|HEAP_ALLOCATE|[18]|Bytes:206
15:24:28.372 (412081255)|SYSTEM_METHOD_ENTRY|[1]|Math.Math()
15:24:28.372 (412084740)|STATEMENT_EXECUTE|[1]
15:24:28.372 (412127622)|SYSTEM_METHOD_EXIT|[1]|Math
15:24:28.372 (412137163)|METHOD_ENTRY|[18]||System.Math.mod(Integer, Integer)
15:24:28.372 (412170865)|METHOD_EXIT|[18]||System.Math.mod(Integer, Integer)
15:24:28.372 (412174777)|HEAP_ALLOCATE|[18]|Bytes:4
15:24:28.372 (412180798)|VARIABLE_ASSIGNMENT|[18]|dni|11
15:24:28.372 (412185481)|STATEMENT_EXECUTE|[20]
15:24:28.372 (412200298)|HEAP_ALLOCATE|[20]|Bytes:1
15:24:28.372 (412208683)|VARIABLE_SCOPE_BEGIN|[20]|reference|String|false|false
15:24:28.372 (412217353)|VARIABLE_ASSIGNMENT|[20]|reference|"B"
15:24:28.372 (412234850)|STATEMENT_EXECUTE|[22]
15:24:28.372 (412236680)|STATEMENT_EXECUTE|[23]
15:24:28.372 (412239053)|HEAP_ALLOCATE|[23]|Bytes:21
15:24:28.372 (412242669)|HEAP_ALLOCATE|[23]|Bytes:1
15:24:28.372 (412250109)|HEAP_ALLOCATE|[23]|Bytes:24
15:24:28.372 (412261357)|USER_DEBUG|[23]|DEBUG|son iguales. Es NIF. B B
15:24:28.372 (412268774)|STATEMENT_EXECUTE|[24]
15:24:28.372 (412272718)|HEAP_ALLOCATE|[24]|Bytes:5
15:24:28.372 (412282292)|METHOD_EXIT|[8]|01p1r000009oduV|Utils.isNifNie(String)
15:24:28.372 (412288049)|STATEMENT_EXECUTE|[8]
15:24:28.372 (412296740)|HEAP_ALLOCATE|[7]|Bytes:5
15:24:28.372 (412308959)|VARIABLE_ASSIGNMENT|[7]|inContact|null|
15:24:28.372 (412318791)|SYSTEM_MODE_EXIT|false
15:24:28.372 (412326536)|METHOD_EXIT|[7]|01p1r000008aKc5|ContactMethods.ValidarNif(List<Contact>)
15:24:28.412 (412334992)|CUMULATIVE_LIMIT_USAGE
15:24:28.412 (412334992)|LIMIT_USAGE_FOR_NS|(default)|
  Number of SOQL queries: 0 out of 100
  Number of query rows: 0 out of 50000
  Number of SOSL queries: 0 out of 20
  Number of DML statements: 2 out of 150
  Number of DML rows: 2 out of 10000
  Maximum CPU time: 0 out of 10000
  Maximum heap size: 0 out of 6000000
  Number of callouts: 0 out of 100
  Number of Email Invocations: 0 out of 10
  Number of future calls: 0 out of 50
  Number of queueable jobs added to the queue: 0 out of 50
  Number of Mobile Apex push calls: 0 out of 10

15:24:28.412 (412334992)|CUMULATIVE_LIMIT_USAGE_END

15:24:28.372 (413715943)|CODE_UNIT_FINISHED|ContactTrigger on Contact trigger event BeforeInsert
15:24:28.372 (415565704)|CODE_UNIT_STARTED|[EXTERNAL]|DuplicateDetector
15:24:28.372 (415587477)|DUPLICATE_DETECTION_BEGIN
15:24:28.372 (415697701)|DUPLICATE_DETECTION_RULE_INVOCATION|DuplicateRuleId:0Bm1r0000018X89|DuplicateRuleName:Standard Contact Duplicate Rule|DmlType:INSERT
15:24:28.372 (437874135)|DUPLICATE_DETECTION_MATCH_INVOCATION_DETAILS|EntityType:Contact|ActionTaken:Allow_[Alert,Report]|DuplicateRecordIds:
15:24:28.372 (437894870)|DUPLICATE_DETECTION_MATCH_INVOCATION_SUMMARY|EntityType:Contact|NumRecordsToBeSaved:1|NumRecordsToBeSavedWithDuplicates:0|NumDuplicateRecordsFound:0
15:24:28.372 (437907772)|DUPLICATE_DETECTION_MATCH_INVOCATION_DETAILS|EntityType:Contact|ActionTaken:Allow_[Alert,Report]|DuplicateRecordIds:
15:24:28.372 (437916071)|DUPLICATE_DETECTION_MATCH_INVOCATION_SUMMARY|EntityType:Contact|NumRecordsToBeSaved:1|NumRecordsToBeSavedWithDuplicates:0|NumDuplicateRecordsFound:0
15:24:28.372 (438070227)|DUPLICATE_DETECTION_END
15:24:28.372 (438079840)|CODE_UNIT_FINISHED|DuplicateDetector
15:24:28.372 (453359248)|DML_END|[42]
15:24:28.372 (453392460)|STATEMENT_EXECUTE|[44]
15:24:28.372 (453430403)|HEAP_ALLOCATE|[44]|Bytes:4
15:24:28.372 (453456362)|HEAP_ALLOCATE|[44]|Bytes:14
15:24:28.372 (453503808)|VARIABLE_ASSIGNMENT|[44]|this.Name|"ReservaPrueba0"|0x30cfabe7
15:24:28.372 (453512337)|HEAP_ALLOCATE|[45]|Bytes:6
15:24:28.372 (453532124)|VARIABLE_ASSIGNMENT|[44]|this.Origen__c|"Madrid"|0x30cfabe7
15:24:28.372 (453541945)|HEAP_ALLOCATE|[46]|Bytes:4
15:24:28.372 (453564332)|VARIABLE_ASSIGNMENT|[44]|this.Destino__c|"Roma"|0x30cfabe7
15:24:28.372 (453573782)|HEAP_ALLOCATE|[47]|Bytes:7
15:24:28.372 (453594637)|VARIABLE_ASSIGNMENT|[44]|this.Case__c|"Turista"|0x30cfabe7
15:24:28.372 (453627471)|VARIABLE_ASSIGNMENT|[44]|this.Contacto__c|"0031r000024jSXLAA2"|0x30cfabe7
15:24:28.372 (453698848)|HEAP_ALLOCATE|[49]|Bytes:4
15:24:28.372 (453756890)|HEAP_ALLOCATE|[49]|Bytes:56
15:24:28.372 (453813396)|VARIABLE_ASSIGNMENT|[44]|this.Fecha_Salida__c|"2019-01-10T23:00:00.000Z"|0x30cfabe7
15:24:28.372 (453824533)|HEAP_ALLOCATE|[50]|Bytes:4
15:24:28.372 (453842176)|VARIABLE_ASSIGNMENT|[44]|this.Observaciones__c|"Nada"|0x30cfabe7
15:24:28.372 (453874683)|VARIABLE_SCOPE_BEGIN|[44]|oReserva|Reserva_Vuelo__c|true|false
15:24:28.372 (453912910)|VARIABLE_ASSIGNMENT|[44]|oReserva|{"Name":"ReservaPrueba0","Origen__c":"Madrid","Destino__c":"Roma","Case__c":"Turista","Contacto__c":"0031r000024jSXLAA2","Fecha_Salida__c":"2019-01-10T23:00:00.000Z","Observaciones__c":"Nada"}|0x30cfabe7
15:24:28.372 (453926018)|STATEMENT_EXECUTE|[52]
15:24:28.372 (453946507)|HEAP_ALLOCATE|[52]|Bytes:8
15:24:28.372 (453959028)|DML_BEGIN|[52]|Op:Insert|Type:Reserva_Vuelo__c|Rows:1
15:24:28.372 (454002150)|HEAP_ALLOCATE|[EXTERNAL]|Bytes:8
15:24:28.372 (456152505)|CODE_UNIT_STARTED|[EXTERNAL]|01q1r000000isRT|ReservaVueloTrigger on Reserva_Vuelo trigger event BeforeInsert
15:24:28.372 (456206608)|HEAP_ALLOCATE|[EXTERNAL]|Bytes:8
15:24:28.372 (456256437)|HEAP_ALLOCATE|[EXTERNAL]|Bytes:12
15:24:28.372 (456266788)|VARIABLE_SCOPE_BEGIN|[1]|this|ReservaVueloTrigger|true|false
15:24:28.372 (456300028)|VARIABLE_ASSIGNMENT|[1]|this|{}|0x5f016308
15:24:28.372 (456358352)|HEAP_ALLOCATE|[EXTERNAL]|Bytes:12
15:24:28.372 (456369029)|VARIABLE_SCOPE_BEGIN|[1]|this|ReservaVueloTrigger|true|false
15:24:28.372 (456383447)|VARIABLE_ASSIGNMENT|[1]|this|{}|0x5f016308
15:24:28.372 (456391704)|STATEMENT_EXECUTE|[1]
15:24:28.372 (456393974)|STATEMENT_EXECUTE|[4]
15:24:28.372 (456640133)|VARIABLE_ASSIGNMENT|[4]|this.listNew|[{"Contacto__c":"0031r000024jSXLAA2","Origen__c":"Madrid","Destino__c":"Roma","IsDeleted":false,"Fecha_Salida__c":"2019-01-10T23:00:00.000Z","OwnerId":"0051r000007Oz5QAAS","Observaciones__c":"Nada","Case__c":"Turista","Modificado__c":false,"Name":"ReservaPrueba0"}]|0x5f016308
15:24:28.372 (456653236)|STATEMENT_EXECUTE|[7]
15:24:28.372 (456672457)|VARIABLE_ASSIGNMENT|[7]|this.mapOld|null|0x5f016308
15:24:28.372 (456687311)|STATEMENT_EXECUTE|[10]
15:24:28.372 (456692857)|STATEMENT_EXECUTE|[11]
15:24:28.372 (456694568)|STATEMENT_EXECUTE|[12]
15:24:28.372 (456714155)|HEAP_ALLOCATE|[12]|Bytes:4
15:24:28.372 (456735006)|METHOD_ENTRY|[1]|01p1r000007Yidp|ReservaVueloMethods.ReservaVueloMethods()
15:24:28.372 (456744140)|STATEMENT_EXECUTE|[1]
15:24:28.372 (456748954)|STATEMENT_EXECUTE|[1]
15:24:28.372 (457126536)|SYSTEM_MODE_ENTER|false
15:24:28.372 (457139874)|HEAP_ALLOCATE|[12]|Bytes:5
15:24:28.372 (457148912)|SYSTEM_MODE_EXIT|false
15:24:28.372 (457159808)|METHOD_EXIT|[1]|ReservaVueloMethods
15:24:28.372 (457173227)|METHOD_ENTRY|[12]|01p1r000007Yidp|ReservaVueloMethods.RellenarCuenta(List<Reserva_Vuelo__c>)
15:24:28.372 (457182113)|VARIABLE_SCOPE_BEGIN|[4]|listReservas|List<Reserva_Vuelo__c>|true|false
15:24:28.372 (457304929)|VARIABLE_ASSIGNMENT|[4]|listReservas|[{"Contacto__c":"0031r000024jSXLAA2","Origen__c":"Madrid","Destino__c":"Roma","IsDeleted":false,"Fecha_Salida__c":"2019-01-10T23:00:00.000Z","OwnerId":"0051r000007Oz5QAAS","Observaciones__c":"Nada","Case__c":"Turista","Modificado__c":false,"Name":"ReservaPrueba0"}]|0x4b90a930
15:24:28.372 (457332219)|SYSTEM_MODE_ENTER|false
15:24:28.372 (457341219)|HEAP_ALLOCATE|[6]|Bytes:5
15:24:28.372 (457349052)|STATEMENT_EXECUTE|[4]
15:24:28.372 (457377255)|STATEMENT_EXECUTE|[6]
15:24:28.372 (457380218)|STATEMENT_EXECUTE|[9]
15:24:28.372 (457398907)|HEAP_ALLOCATE|[9]|Bytes:4
15:24:28.372 (457421771)|VARIABLE_SCOPE_BEGIN|[9]|listContactosIds|Set<String>|true|false
15:24:28.372 (457446865)|VARIABLE_ASSIGNMENT|[9]|listContactosIds|[]|0x59374578
15:24:28.372 (457485395)|HEAP_ALLOCATE|[10]|Bytes:5
15:24:28.372 (457508819)|HEAP_ALLOCATE|[10]|Bytes:4
15:24:28.372 (457518884)|VARIABLE_SCOPE_BEGIN|[10]|inReserva|Reserva_Vuelo__c|true|false
15:24:28.372 (457618117)|VARIABLE_ASSIGNMENT|[10]|inReserva|{"Contacto__c":"0031r000024jSXLAA2","Origen__c":"Madrid","Destino__c":"Roma","IsDeleted":false,"Fecha_Salida__c":"2019-01-10T23:00:00.000Z","OwnerId":"0051r000007Oz5QAAS","Observaciones__c":"Nada","Case__c":"Turista","Modificado__c":false,"Name":"ReservaPrueba0"}|0x4bdcc111
15:24:28.372 (457633902)|STATEMENT_EXECUTE|[10]
15:24:28.372 (457636720)|STATEMENT_EXECUTE|[11]
15:24:28.372 (457682713)|HEAP_ALLOCATE|[EXTERNAL]|Bytes:4
15:24:28.372 (457700248)|HEAP_ALLOCATE|[10]|Bytes:5
15:24:28.372 (457713045)|VARIABLE_ASSIGNMENT|[10]|inReserva|null|
15:24:28.372 (457719434)|STATEMENT_EXECUTE|[23]
15:24:28.372 (457751915)|HEAP_ALLOCATE|[23]|Bytes:4
15:24:28.372 (457763479)|HEAP_ALLOCATE|[23]|Bytes:49
15:24:28.372 (457780320)|HEAP_ALLOCATE|[23]|Bytes:4
15:24:28.372 (457794325)|HEAP_ALLOCATE|[23]|Bytes:7
15:24:28.372 (457829205)|HEAP_ALLOCATE|[23]|Bytes:8
15:24:28.372 (457837307)|HEAP_ALLOCATE|[23]|Bytes:8
15:24:28.372 (458068624)|SOQL_EXECUTE_BEGIN|[23]|Aggregations:0|SELECT AccountId FROM Contact WHERE id = :tmpVar1
15:24:28.372 (461853073)|SOQL_EXECUTE_END|[23]|Rows:1
15:24:28.372 (461879818)|HEAP_ALLOCATE|[23]|Bytes:8
15:24:28.372 (461898760)|HEAP_ALLOCATE|[23]|Bytes:60
15:24:28.372 (461936314)|HEAP_ALLOCATE|[23]|Bytes:8
15:24:28.372 (461960172)|HEAP_ALLOCATE|[23]|Bytes:12
15:24:28.372 (461968949)|HEAP_ALLOCATE|[23]|Bytes:18
15:24:28.372 (461976420)|VARIABLE_SCOPE_BEGIN|[23]|contactos|Map<String,Contact>|true|false
15:24:28.372 (462011034)|VARIABLE_ASSIGNMENT|[23]|contactos|{"0031r000024jSXLAA2":{"AccountId":"0011r00001myenqAAA","Id":"0031r000024jSXLAA2"}}|0x666ce0ba
15:24:28.372 (462052719)|HEAP_ALLOCATE|[26]|Bytes:5
15:24:28.372 (462067354)|HEAP_ALLOCATE|[26]|Bytes:4
15:24:28.372 (462075509)|VARIABLE_SCOPE_BEGIN|[26]|inReserva|Reserva_Vuelo__c|true|false
15:24:28.372 (462230547)|VARIABLE_ASSIGNMENT|[26]|inReserva|{"Contacto__c":"0031r000024jSXLAA2","Origen__c":"Madrid","Destino__c":"Roma","IsDeleted":false,"Fecha_Salida__c":"2019-01-10T23:00:00.000Z","OwnerId":"0051r000007Oz5QAAS","Observaciones__c":"Nada","Case__c":"Turista","Modificado__c":false,"Name":"ReservaPrueba0"}|0x4bdcc111
15:24:28.372 (462248821)|STATEMENT_EXECUTE|[26]
15:24:28.372 (462251926)|STATEMENT_EXECUTE|[27]
15:24:28.372 (462441959)|VARIABLE_ASSIGNMENT|[27]|this.Cuenta__c|"0011r00001myenqAAA"|0x4bdcc111
15:24:28.372 (462467423)|HEAP_ALLOCATE|[26]|Bytes:5
15:24:28.372 (462482370)|VARIABLE_ASSIGNMENT|[26]|inReserva|null|
15:24:28.372 (462490874)|SYSTEM_MODE_EXIT|false
15:24:28.372 (462504018)|METHOD_EXIT|[12]|01p1r000007Yidp|ReservaVueloMethods.RellenarCuenta(List<Reserva_Vuelo__c>)
15:24:28.372 (462520778)|STATEMENT_EXECUTE|[14]
15:24:28.462 (462527771)|CUMULATIVE_LIMIT_USAGE
15:24:28.462 (462527771)|LIMIT_USAGE_FOR_NS|(default)|
  Number of SOQL queries: 1 out of 100
  Number of query rows: 1 out of 50000
  Number of SOSL queries: 0 out of 20
  Number of DML statements: 3 out of 150
  Number of DML rows: 3 out of 10000
  Maximum CPU time: 0 out of 10000
  Maximum heap size: 0 out of 6000000
  Number of callouts: 0 out of 100
  Number of Email Invocations: 0 out of 10
  Number of future calls: 0 out of 50
  Number of queueable jobs added to the queue: 0 out of 50
  Number of Mobile Apex push calls: 0 out of 10

15:24:28.462 (462527771)|CUMULATIVE_LIMIT_USAGE_END

15:24:28.372 (463721328)|CODE_UNIT_FINISHED|ReservaVueloTrigger on Reserva_Vuelo trigger event BeforeInsert
15:24:28.372 (465567983)|CODE_UNIT_STARTED|[EXTERNAL]|Validation:Reserva_Vuelo:new
15:24:28.372 (465579623)|VALIDATION_RULE|03d1r0000006A1e|DiferentesCampos
15:24:28.372 (465699074)|VALIDATION_FORMULA|TEXT(Origen__c)  =  TEXT(Destino__c)|Destino__c=Roma , Origen__c=Madrid
15:24:28.372 (465706086)|VALIDATION_PASS
15:24:28.372 (465708421)|VALIDATION_RULE|03d1r0000006A1Z|Fecha_de_salida
15:24:28.372 (465771345)|VALIDATION_FORMULA|Fecha_Salida__c  <   NOW()|Fecha_Salida__c=2019-01-10 23:00:00
15:24:28.372 (465777486)|VALIDATION_PASS
15:24:28.372 (465804282)|CODE_UNIT_FINISHED|Validation:Reserva_Vuelo:new
15:24:28.372 (480084226)|DML_END|[52]
15:24:28.372 (480129077)|STATEMENT_EXECUTE|[54]
15:24:28.372 (480133312)|STATEMENT_EXECUTE|[54]
15:24:28.372 (480138861)|STATEMENT_EXECUTE|[56]
15:24:28.372 (480196499)|HEAP_ALLOCATE|[56]|Bytes:4
15:24:28.372 (480241437)|HEAP_ALLOCATE|[56]|Bytes:9
15:24:28.372 (480300469)|VARIABLE_ASSIGNMENT|[56]|this.Name|"Pasajero0"|0x5b141597
15:24:28.372 (480349886)|VARIABLE_ASSIGNMENT|[56]|this.Reserva__c|"a001r00000oULTRAA4"|0x5b141597
15:24:28.372 (480359979)|HEAP_ALLOCATE|[58]|Bytes:9
15:24:28.372 (480379803)|VARIABLE_ASSIGNMENT|[56]|this.Nif__c|"123456781"|0x5b141597
15:24:28.372 (480431082)|HEAP_ALLOCATE|[56]|Bytes:28
15:24:28.372 (480459805)|VARIABLE_ASSIGNMENT|[56]|this.Edad__c|59|0x5b141597
15:24:28.372 (480505593)|VARIABLE_SCOPE_BEGIN|[56]|oPasajero|Pasajero__c|true|false
15:24:28.372 (480534873)|VARIABLE_ASSIGNMENT|[56]|oPasajero|{"Name":"Pasajero0","Reserva__c":"a001r00000oULTRAA4","Nif__c":"123456781","Edad__c":59}|0x5b141597
15:24:28.372 (480543514)|STATEMENT_EXECUTE|[61]
15:24:28.372 (480548010)|HEAP_ALLOCATE|[61]|Bytes:41
15:24:28.372 (480675055)|HEAP_ALLOCATE|[61]|Bytes:89
15:24:28.372 (480707372)|HEAP_ALLOCATE|[61]|Bytes:130
15:24:28.372 (480731332)|USER_DEBUG|[61]|DEBUG|PasajeroTest.ValidarNifTest :: oPasajero Pasajero__c:{Name=Pasajero0, Reserva__c=a001r00000oULTRAA4, Nif__c=123456781, Edad__c=59}
15:24:28.372 (480744437)|STATEMENT_EXECUTE|[63]
15:24:28.372 (480764552)|HEAP_ALLOCATE|[63]|Bytes:8
15:24:28.372 (480780034)|DML_BEGIN|[63]|Op:Insert|Type:Pasajero__c|Rows:1
15:24:28.372 (480835005)|HEAP_ALLOCATE|[EXTERNAL]|Bytes:8
15:24:28.372 (483163966)|CODE_UNIT_STARTED|[EXTERNAL]|01q1r000000j3dJ|PasajeroTrigger on Pasajero trigger event BeforeInsert
15:24:28.372 (483209776)|HEAP_ALLOCATE|[EXTERNAL]|Bytes:8
15:24:28.372 (483258910)|HEAP_ALLOCATE|[EXTERNAL]|Bytes:8
15:24:28.372 (483269405)|VARIABLE_SCOPE_BEGIN|[1]|this|PasajeroTrigger|true|false
15:24:28.372 (483299170)|VARIABLE_ASSIGNMENT|[1]|this|{}|0x3035c771
15:24:28.372 (483337828)|HEAP_ALLOCATE|[EXTERNAL]|Bytes:8
15:24:28.372 (483344988)|VARIABLE_SCOPE_BEGIN|[1]|this|PasajeroTrigger|true|false
15:24:28.372 (483357221)|VARIABLE_ASSIGNMENT|[1]|this|{}|0x3035c771
15:24:28.372 (483369406)|STATEMENT_EXECUTE|[1]
15:24:28.372 (483372503)|STATEMENT_EXECUTE|[4]
15:24:28.372 (483644173)|VARIABLE_ASSIGNMENT|[4]|this.listNew|[{"IsDeleted":false,"Edad__c":59,"Nif__c":"123456781","Reserva__c":"a001r00000oULTRAA4","Name":"Pasajero0"}]|0x3035c771
15:24:28.372 (483669364)|STATEMENT_EXECUTE|[7]
15:24:28.372 (483683007)|STATEMENT_EXECUTE|[8]
15:24:28.372 (483684790)|STATEMENT_EXECUTE|[9]
15:24:28.372 (483706650)|HEAP_ALLOCATE|[9]|Bytes:4
15:24:28.372 (483723058)|METHOD_ENTRY|[1]|01p1r000008Zry1|PasajeroMethods.PasajeroMethods()
15:24:28.372 (483728561)|STATEMENT_EXECUTE|[1]
15:24:28.372 (483731862)|STATEMENT_EXECUTE|[1]
15:24:28.372 (484074102)|SYSTEM_MODE_ENTER|false
15:24:28.372 (484087691)|HEAP_ALLOCATE|[9]|Bytes:5
15:24:28.372 (484096869)|SYSTEM_MODE_EXIT|false
15:24:28.372 (484107883)|METHOD_EXIT|[1]|PasajeroMethods
15:24:28.372 (484120456)|METHOD_ENTRY|[9]|01p1r000008Zry1|PasajeroMethods.ValidarNif(List<Pasajero__c>)
15:24:28.372 (484128697)|VARIABLE_SCOPE_BEGIN|[32]|listNew|List<Pasajero__c>|true|false
15:24:28.372 (484224241)|VARIABLE_ASSIGNMENT|[32]|listNew|[{"IsDeleted":false,"Edad__c":59,"Nif__c":"123456781","Reserva__c":"a001r00000oULTRAA4","Name":"Pasajero0"}]|0x422fcb0
15:24:28.372 (484247700)|SYSTEM_MODE_ENTER|false
15:24:28.372 (484253847)|HEAP_ALLOCATE|[34]|Bytes:5
15:24:28.372 (484259213)|STATEMENT_EXECUTE|[32]
15:24:28.372 (484281961)|STATEMENT_EXECUTE|[34]
15:24:28.372 (484309966)|HEAP_ALLOCATE|[36]|Bytes:5
15:24:28.372 (484327602)|HEAP_ALLOCATE|[36]|Bytes:4
15:24:28.372 (484336857)|VARIABLE_SCOPE_BEGIN|[36]|inPasajero|Pasajero__c|true|false
15:24:28.372 (484415513)|VARIABLE_ASSIGNMENT|[36]|inPasajero|{"IsDeleted":false,"Edad__c":59,"Nif__c":"123456781","Reserva__c":"a001r00000oULTRAA4","Name":"Pasajero0"}|0x3d59d5bb
15:24:28.372 (484423594)|STATEMENT_EXECUTE|[36]
15:24:28.372 (484438715)|METHOD_ENTRY|[37]|01p1r000009oduV|Utils.isNifNie(String)
15:24:28.372 (484446154)|VARIABLE_SCOPE_BEGIN|[3]|nif|String|false|false
15:24:28.372 (484455527)|VARIABLE_ASSIGNMENT|[3]|nif|"123456781"
15:24:28.372 (484468338)|HEAP_ALLOCATE|[5]|Bytes:5
15:24:28.372 (484473653)|STATEMENT_EXECUTE|[3]
15:24:28.372 (484475690)|STATEMENT_EXECUTE|[5]
15:24:28.372 (484483300)|HEAP_ALLOCATE|[5]|Bytes:13
15:24:28.372 (484495679)|USER_DEBUG|[5]|DEBUG|NIF 123456781
15:24:28.372 (484517549)|HEAP_ALLOCATE|[7]|Bytes:9
15:24:28.372 (484543402)|HEAP_ALLOCATE|[7]|Bytes:9
15:24:28.372 (484584459)|HEAP_ALLOCATE|[7]|Bytes:9
15:24:28.372 (484613428)|STATEMENT_EXECUTE|[7]
15:24:28.372 (484615842)|STATEMENT_EXECUTE|[11]
15:24:28.372 (484625544)|METHOD_ENTRY|[11]||System.Pattern.compile(String)
15:24:28.372 (484708423)|METHOD_EXIT|[11]||System.Pattern.compile(String)
15:24:28.372 (484714102)|VARIABLE_SCOPE_BEGIN|[11]|nifPattern|System.Pattern|true|false
15:24:28.372 (484735810)|VARIABLE_ASSIGNMENT|[11]|nifPattern|{"delegate":"0x57eec72f"}|0xe9dfdfa
15:24:28.372 (484742700)|STATEMENT_EXECUTE|[12]
15:24:28.372 (484750030)|METHOD_ENTRY|[12]||System.Pattern.matcher(String)
15:24:28.372 (484818648)|METHOD_EXIT|[12]||System.Pattern.matcher(String)
15:24:28.372 (484824635)|VARIABLE_SCOPE_BEGIN|[12]|m|System.Matcher|true|false
15:24:28.372 (484840727)|VARIABLE_ASSIGNMENT|[12]|m|{"delegate":"0x100dad17"}|0x3d914da
15:24:28.372 (484850045)|METHOD_ENTRY|[13]||System.Matcher.matches()
15:24:28.372 (484879209)|METHOD_EXIT|[13]||System.Matcher.matches()
15:24:28.372 (484884018)|STATEMENT_EXECUTE|[29]
15:24:28.372 (484885943)|STATEMENT_EXECUTE|[30]
15:24:28.372 (484889827)|HEAP_ALLOCATE|[30]|Bytes:5
15:24:28.372 (484899510)|METHOD_EXIT|[37]|01p1r000009oduV|Utils.isNifNie(String)
15:24:28.372 (484905434)|STATEMENT_EXECUTE|[37]
15:24:28.372 (484907285)|STATEMENT_EXECUTE|[38]
15:24:28.372 (484911435)|HEAP_ALLOCATE|[38]|Bytes:16
15:24:28.372 (485034693)|VF_PAGE_MESSAGE|Error en el Nif!
15:24:28.372 (485062765)|HEAP_ALLOCATE|[36]|Bytes:5
15:24:28.372 (485080115)|VARIABLE_ASSIGNMENT|[36]|inPasajero|null|
15:24:28.372 (485089175)|SYSTEM_MODE_EXIT|false
15:24:28.372 (485097570)|METHOD_EXIT|[9]|01p1r000008Zry1|PasajeroMethods.ValidarNif(List<Pasajero__c>)
15:24:28.372 (485104564)|STATEMENT_EXECUTE|[10]
15:24:28.372 (485118321)|METHOD_ENTRY|[10]|01p1r000008Zry1|PasajeroMethods.RellenarContacto(List<Pasajero__c>)
15:24:28.372 (485125119)|VARIABLE_SCOPE_BEGIN|[3]|listPasajeros|List<Pasajero__c>|true|false
15:24:28.372 (485237998)|VARIABLE_ASSIGNMENT|[3]|listPasajeros|[{"IsDeleted":false,"Edad__c":59,"Nif__c":"123456781","Reserva__c":"a001r00000oULTRAA4","Name":"Pasajero0"}]|0x422fcb0
15:24:28.372 (485255524)|SYSTEM_MODE_ENTER|false
15:24:28.372 (485261667)|HEAP_ALLOCATE|[5]|Bytes:5
15:24:28.372 (485266970)|STATEMENT_EXECUTE|[3]
15:24:28.372 (485281283)|STATEMENT_EXECUTE|[5]
15:24:28.372 (485283106)|STATEMENT_EXECUTE|[8]
15:24:28.372 (485298724)|HEAP_ALLOCATE|[8]|Bytes:4
15:24:28.372 (485319886)|VARIABLE_SCOPE_BEGIN|[8]|listNifs|List<String>|true|false
15:24:28.372 (485355996)|HEAP_ALLOCATE|[EXTERNAL]|Bytes:4
15:24:28.372 (485370107)|VARIABLE_ASSIGNMENT|[8]|listNifs|[]|0x20d08fca
15:24:28.372 (485398751)|HEAP_ALLOCATE|[10]|Bytes:5
15:24:28.372 (485411500)|HEAP_ALLOCATE|[10]|Bytes:4
15:24:28.372 (485418918)|VARIABLE_SCOPE_BEGIN|[10]|inPasajero|Pasajero__c|true|false
15:24:28.372 (485504206)|VARIABLE_ASSIGNMENT|[10]|inPasajero|{"IsDeleted":false,"Edad__c":59,"Nif__c":"123456781","Reserva__c":"a001r00000oULTRAA4","Name":"Pasajero0"}|0x3d59d5bb
15:24:28.372 (485512445)|STATEMENT_EXECUTE|[10]
15:24:28.372 (485514343)|STATEMENT_EXECUTE|[11]
15:24:28.372 (485530538)|HEAP_ALLOCATE|[EXTERNAL]|Bytes:4
15:24:28.372 (485544124)|HEAP_ALLOCATE|[10]|Bytes:5
15:24:28.372 (485554303)|VARIABLE_ASSIGNMENT|[10]|inPasajero|null|
15:24:28.372 (485559220)|STATEMENT_EXECUTE|[17]
15:24:28.372 (485581468)|HEAP_ALLOCATE|[17]|Bytes:4
15:24:28.372 (485592342)|VARIABLE_SCOPE_BEGIN|[17]|mapContactos|Map<String,Contact>|true|false
15:24:28.372 (485610817)|VARIABLE_ASSIGNMENT|[17]|mapContactos|{}|0x5c87547f
15:24:28.372 (485619585)|HEAP_ALLOCATE|[19]|Bytes:61
15:24:28.372 (485630829)|HEAP_ALLOCATE|[19]|Bytes:4
15:24:28.372 (485912185)|SOQL_EXECUTE_BEGIN|[19]|Aggregations:0|SELECT Id, Name, Nif__c FROM Contact 
15:24:28.372 (489784206)|SOQL_EXECUTE_END|[19]|Rows:0
15:24:28.372 (489905111)|HEAP_ALLOCATE|[19]|Bytes:54
15:24:28.372 (489913515)|HEAP_ALLOCATE|[19]|Bytes:8
15:24:28.372 (489923674)|SYSTEM_METHOD_ENTRY|[7]|QueryLocatorIterator.QueryLocatorIterator()
15:24:28.372 (489928557)|STATEMENT_EXECUTE|[7]
15:24:28.372 (489936358)|SYSTEM_METHOD_EXIT|[7]|QueryLocatorIterator
15:24:28.372 (489943190)|HEAP_ALLOCATE|[19]|Bytes:28
15:24:28.372 (489956326)|HEAP_ALLOCATE|[19]|Bytes:8
15:24:28.372 (489959702)|HEAP_ALLOCATE|[19]|Bytes:8
15:24:28.372 (489965741)|VARIABLE_SCOPE_BEGIN|[15]|this|Database.QueryLocatorIterator|true|false
15:24:28.372 (489994492)|VARIABLE_ASSIGNMENT|[15]|this|{}|0x57a1408c
15:24:28.372 (490000839)|VARIABLE_SCOPE_BEGIN|[15]|values|List<SObject>|true|false
15:24:28.372 (490009435)|VARIABLE_ASSIGNMENT|[15]|values|null|
15:24:28.372 (490013387)|VARIABLE_SCOPE_BEGIN|[15]|ql|Database.QueryLocator|true|false
15:24:28.372 (490031858)|VARIABLE_ASSIGNMENT|[15]|ql|{"query":"SELECT Id, Name, Nif (41 more) ..."}|0x5b6b4569
15:24:28.372 (490038468)|VARIABLE_SCOPE_BEGIN|[15]|totalNumRecords|Integer|false|false
15:24:28.372 (490046350)|VARIABLE_ASSIGNMENT|[15]|totalNumRecords|0
15:24:28.372 (490050601)|VARIABLE_SCOPE_BEGIN|[15]|queryMoreSize|Integer|false|false
15:24:28.372 (490057275)|VARIABLE_ASSIGNMENT|[15]|queryMoreSize|49999
15:24:28.372 (490101711)|HEAP_ALLOCATE|[19]|Bytes:28
15:24:28.372 (490117721)|METHOD_ENTRY|[19]||Database.QueryLocatorIterator.hasNext()
15:24:28.372 (490141062)|METHOD_EXIT|[19]||Database.QueryLocatorIterator.hasNext()
15:24:28.372 (490153008)|VARIABLE_ASSIGNMENT|[19]|inContact|null|
15:24:28.372 (490162127)|STATEMENT_EXECUTE|[19]
15:24:28.372 (490194633)|HEAP_ALLOCATE|[24]|Bytes:5
15:24:28.372 (490208654)|HEAP_ALLOCATE|[24]|Bytes:4
15:24:28.372 (490215347)|VARIABLE_SCOPE_BEGIN|[24]|inPasajero|Pasajero__c|true|false
15:24:28.372 (490327499)|VARIABLE_ASSIGNMENT|[24]|inPasajero|{"IsDeleted":false,"Edad__c":59,"Nif__c":"123456781","Reserva__c":"a001r00000oULTRAA4","Name":"Pasajero0"}|0x3d59d5bb
15:24:28.372 (490336560)|STATEMENT_EXECUTE|[24]
15:24:28.372 (490355394)|STATEMENT_EXECUTE|[25]
15:24:28.372 (490364202)|HEAP_ALLOCATE|[24]|Bytes:5
15:24:28.372 (490374829)|VARIABLE_ASSIGNMENT|[24]|inPasajero|null|
15:24:28.372 (490381905)|SYSTEM_MODE_EXIT|false
15:24:28.372 (490391084)|METHOD_EXIT|[10]|01p1r000008Zry1|PasajeroMethods.RellenarContacto(List<Pasajero__c>)
15:24:28.490 (490399529)|CUMULATIVE_LIMIT_USAGE
15:24:28.490 (490399529)|LIMIT_USAGE_FOR_NS|(default)|
  Number of SOQL queries: 2 out of 100
  Number of query rows: 1 out of 50000
  Number of SOSL queries: 0 out of 20
  Number of DML statements: 4 out of 150
  Number of DML rows: 4 out of 10000
  Maximum CPU time: 0 out of 10000
  Maximum heap size: 0 out of 6000000
  Number of callouts: 0 out of 100
  Number of Email Invocations: 0 out of 10
  Number of future calls: 0 out of 50
  Number of queueable jobs added to the queue: 0 out of 50
  Number of Mobile Apex push calls: 0 out of 10

15:24:28.490 (490399529)|CUMULATIVE_LIMIT_USAGE_END

15:24:28.372 (491548906)|CODE_UNIT_FINISHED|PasajeroTrigger on Pasajero trigger event BeforeInsert
15:24:28.372 (492511948)|DML_END|[63]
15:24:28.372 (492617932)|EXCEPTION_THROWN|[63]|System.DmlException: Insert failed. First exception on row 0; first error: FIELD_CUSTOM_VALIDATION_EXCEPTION, Error en el Nif!: []
15:24:28.372 (493010664)|HEAP_ALLOCATE|[63]|Bytes:113
15:24:28.372 (493054235)|VARIABLE_SCOPE_BEGIN|[65]|e|Exception|true|false
15:24:28.372 (493145675)|VARIABLE_ASSIGNMENT|[65]|e|"common.apex.runtime.impl.DmlExecutionException: Insert failed. First exception on row 0; first error: FIELD_CUSTOM_VALIDATION_EXCEPTION, Error en el Nif!: []"|0x45ef5e8d
15:24:28.372 (493156694)|STATEMENT_EXECUTE|[65]
15:24:28.372 (493159097)|STATEMENT_EXECUTE|[66]
15:24:28.372 (493202346)|HEAP_ALLOCATE|[66]|Bytes:109
15:24:28.493 (493278891)|CUMULATIVE_LIMIT_USAGE
15:24:28.493 (493278891)|LIMIT_USAGE_FOR_NS|(default)|
  Number of SOQL queries: 1 out of 100
  Number of query rows: 1 out of 50000
  Number of SOSL queries: 0 out of 20
  Number of DML statements: 4 out of 150
  Number of DML rows: 4 out of 10000
  Maximum CPU time: 0 out of 10000
  Maximum heap size: 0 out of 6000000
  Number of callouts: 0 out of 100
  Number of Email Invocations: 0 out of 10
  Number of future calls: 0 out of 50
  Number of queueable jobs added to the queue: 0 out of 50
  Number of Mobile Apex push calls: 0 out of 10

15:24:28.493 (493278891)|CUMULATIVE_LIMIT_USAGE_END

15:24:28.372 (493313470)|CODE_UNIT_FINISHED|PasajeroTest.ValidarNifTest
15:24:28.372 (494328427)|EXECUTION_FINISHED
15:24:28.701 (701411011)|USER_INFO|[EXTERNAL]|0051r000007Oz5Q|lydia.abril@gmail.com|hora estándar de Europa central|GMT+02:00
15:24:28.701 (701436182)|EXECUTION_STARTED
15:24:28.701 (701440233)|CODE_UNIT_STARTED|[EXTERNAL]|DuplicateDetector
15:24:28.701 (701451979)|DUPLICATE_DETECTION_BEGIN
15:24:28.701 (701517444)|DUPLICATE_DETECTION_RULE_INVOCATION|DuplicateRuleId:0Bm1r0000018X89|DuplicateRuleName:Standard Contact Duplicate Rule|DmlType:INSERT
15:24:28.701 (713534642)|DUPLICATE_DETECTION_END
15:24:28.701 (713551303)|CODE_UNIT_FINISHED|DuplicateDetector
15:24:28.701 (714376878)|EXECUTION_FINISHED
15:24:28.715 (715303236)|USER_INFO|[EXTERNAL]|0051r000007Oz5Q|lydia.abril@gmail.com|hora estándar de Europa central|GMT+02:00
15:24:28.715 (715324066)|EXECUTION_STARTED
15:24:28.715 (715329261)|CODE_UNIT_STARTED|[EXTERNAL]|DuplicateDetector
15:24:28.715 (715341736)|DUPLICATE_DETECTION_BEGIN
15:24:28.715 (715403027)|DUPLICATE_DETECTION_RULE_INVOCATION|DuplicateRuleId:0Bm1r0000018X88|DuplicateRuleName:Standard Account Duplicate Rule|DmlType:INSERT
15:24:28.715 (724105048)|DUPLICATE_DETECTION_END
15:24:28.715 (724118436)|CODE_UNIT_FINISHED|DuplicateDetector
15:24:28.715 (724925815)|EXECUTION_FINISHED
