36.0 APEX_CODE,FINEST;APEX_PROFILING,INFO;CALLOUT,INFO;DB,INFO;SYSTEM,DEBUG;VALIDATION,INFO;VISUALFORCE,INFO;WAVE,INFO;WORKFLOW,INFO
15:50:11.0 (400556)|USER_INFO|[EXTERNAL]|0051r000007Oz5Q|lydia.abril@gmail.com|hora estándar de Europa central|GMT+02:00
15:50:11.0 (438629)|EXECUTION_STARTED
15:50:11.0 (443134)|CODE_UNIT_STARTED|[EXTERNAL]|TRIGGERS
15:50:11.0 (1132552)|CODE_UNIT_STARTED|[EXTERNAL]|01q1r000000j4Bx|ContactTrigger on Contact trigger event BeforeUpdate
15:50:11.0 (1167088)|HEAP_ALLOCATE|[EXTERNAL]|Bytes:8
15:50:11.0 (1198248)|HEAP_ALLOCATE|[EXTERNAL]|Bytes:8
15:50:11.0 (1524091)|HEAP_ALLOCATE|[72]|Bytes:3
15:50:11.0 (1583046)|HEAP_ALLOCATE|[77]|Bytes:152
15:50:11.0 (1596766)|HEAP_ALLOCATE|[342]|Bytes:408
15:50:11.0 (1609585)|HEAP_ALLOCATE|[355]|Bytes:408
15:50:11.0 (1620095)|HEAP_ALLOCATE|[467]|Bytes:48
15:50:11.0 (1671401)|HEAP_ALLOCATE|[139]|Bytes:6
15:50:11.0 (1765924)|HEAP_ALLOCATE|[EXTERNAL]|Bytes:8
15:50:11.0 (1788459)|VARIABLE_SCOPE_BEGIN|[1]|this|ContactTrigger|true|false
15:50:11.0 (1961432)|VARIABLE_ASSIGNMENT|[1]|this|{}|0xe69a95
15:50:11.0 (2032746)|HEAP_ALLOCATE|[EXTERNAL]|Bytes:8
15:50:11.0 (2049635)|VARIABLE_SCOPE_BEGIN|[1]|this|ContactTrigger|true|false
15:50:11.0 (2065964)|VARIABLE_ASSIGNMENT|[1]|this|{}|0xe69a95
15:50:11.0 (2076206)|STATEMENT_EXECUTE|[1]
15:50:11.0 (2078650)|STATEMENT_EXECUTE|[3]
15:50:11.0 (2111824)|HEAP_ALLOCATE|[50]|Bytes:5
15:50:11.0 (2139670)|HEAP_ALLOCATE|[56]|Bytes:5
15:50:11.0 (2149130)|HEAP_ALLOCATE|[64]|Bytes:7
15:50:11.0 (2654270)|VARIABLE_ASSIGNMENT|[3]|this.listNew|[{"LastModifiedDate":"2018-04-11T11:50:40.000Z","IsDeleted":false,"AccountId":"0011r00001mvjj2AAA","IsEmailBounced":false,"DoNotCall":false,"FirstName":"Smith","HasOptedOutOfEmail":false,"HasOptedOutOfFax":false,"Nif__c":"25182335A","Salutation":"Ms.","SystemModstamp":"2018-04-11T11:50:40.000Z","CleanStatus":"Pending","CreatedById":"0051r000007Oz5QAAS","OwnerId":"0051r000007Oz5QAAS","Premium__c":true,"CreatedDate":"2018-03-26T07:29:50.000Z","Id":"0031r000024gjgbAAA","LastName":"Smith","LastModifiedById":"0051r000007Oz5QAAS"}]|0xe69a95
15:50:11.0 (2680799)|STATEMENT_EXECUTE|[5]
15:50:11.0 (2690163)|STATEMENT_EXECUTE|[6]
15:50:11.0 (2691942)|STATEMENT_EXECUTE|[7]
15:50:11.0 (6405821)|HEAP_ALLOCATE|[7]|Bytes:1
15:50:11.0 (6444720)|METHOD_ENTRY|[1]|01p1r000008aKc5|ContactMethods.ContactMethods()
15:50:11.0 (6453264)|STATEMENT_EXECUTE|[1]
15:50:11.0 (6459108)|STATEMENT_EXECUTE|[1]
15:50:11.0 (6834127)|SYSTEM_MODE_ENTER|false
15:50:11.0 (6848108)|HEAP_ALLOCATE|[7]|Bytes:5
15:50:11.0 (6857334)|SYSTEM_MODE_EXIT|false
15:50:11.0 (6880861)|METHOD_EXIT|[1]|ContactMethods
15:50:11.0 (6908038)|METHOD_ENTRY|[7]|01p1r000008aKc5|ContactMethods.ValidarNif(List<Contact>)
15:50:11.0 (6939419)|VARIABLE_SCOPE_BEGIN|[3]|listNew|List<Contact>|true|false
15:50:11.0 (7250555)|VARIABLE_ASSIGNMENT|[3]|listNew|[{"LastModifiedDate":"2018-04-11T11:50:40.000Z","IsDeleted":false,"AccountId":"0011r00001mvjj2AAA","IsEmailBounced":false,"DoNotCall":false,"FirstName":"Smith","HasOptedOutOfEmail":false,"HasOptedOutOfFax":false,"Nif__c":"25182335A","Salutation":"Ms.","SystemModstamp":"2018-04-11T11:50:40.000Z","CleanStatus":"Pending","CreatedById":"0051r000007Oz5QAAS","OwnerId":"0051r000007Oz5QAAS","Premium__c":true,"CreatedDate":"2018-03-26T07:29:50.000Z","Id":"0031r000024gjgbAAA","LastName":"Smith","LastModifiedById":"0051r000007Oz5QAAS"}]|0x6cd5e23f
15:50:11.0 (7276930)|SYSTEM_MODE_ENTER|false
15:50:11.0 (7284321)|HEAP_ALLOCATE|[5]|Bytes:5
15:50:11.0 (7291372)|STATEMENT_EXECUTE|[3]
15:50:11.0 (7365944)|STATEMENT_EXECUTE|[5]
15:50:11.0 (7485524)|HEAP_ALLOCATE|[7]|Bytes:5
15:50:11.0 (7514901)|HEAP_ALLOCATE|[7]|Bytes:4
15:50:11.0 (7523745)|VARIABLE_SCOPE_BEGIN|[7]|inContact|Contact|true|false
15:50:11.0 (7772828)|VARIABLE_ASSIGNMENT|[7]|inContact|{"LastModifiedDate":"2018-04-11T11:50:40.000Z","IsDeleted":false,"AccountId":"0011r00001mvjj2AAA","IsEmailBounced":false,"DoNotCall":false,"FirstName":"Smith","HasOptedOutOfEmail":false,"HasOptedOutOfFax":false,"Nif__c":"25182335A","Salutation":"Ms.","SystemModstamp":"2018-04-11T11:50:40.000Z","CleanStatus":"Pending","CreatedById":"0051r000007Oz5QAAS","OwnerId":"0051r000007Oz5QAAS","Premium__c":true,"CreatedDate":"2018-03-26T07:29:50.000Z","Id":"0031r000024gjgbAAA","LastName":"Smith","LastModifiedById":"0051r000007Oz5QAAS"}|0x73c26228
15:50:11.0 (7787561)|STATEMENT_EXECUTE|[7]
15:50:11.0 (10676878)|HEAP_ALLOCATE|[8]|Bytes:1
15:50:11.0 (10688431)|HEAP_ALLOCATE|[8]|Bytes:7
15:50:11.0 (10702511)|METHOD_ENTRY|[1]|01p1r000009oduV|Utils.Utils()
15:50:11.0 (10709254)|STATEMENT_EXECUTE|[1]
15:50:11.0 (10714189)|STATEMENT_EXECUTE|[1]
15:50:11.0 (10724516)|HEAP_ALLOCATE|[8]|Bytes:5
15:50:11.0 (10734229)|METHOD_EXIT|[1]|Utils
15:50:11.0 (10758391)|METHOD_ENTRY|[8]|01p1r000009oduV|Utils.isNifNie(String)
15:50:11.0 (10777907)|VARIABLE_SCOPE_BEGIN|[3]|nif|String|false|false
15:50:11.0 (10790804)|VARIABLE_ASSIGNMENT|[3]|nif|"25182335A"
15:50:11.0 (10805785)|HEAP_ALLOCATE|[5]|Bytes:5
15:50:11.0 (10811710)|STATEMENT_EXECUTE|[3]
15:50:11.0 (10813968)|STATEMENT_EXECUTE|[5]
15:50:11.0 (10817165)|HEAP_ALLOCATE|[5]|Bytes:4
15:50:11.0 (10832919)|HEAP_ALLOCATE|[5]|Bytes:13
15:50:11.0 (10880372)|USER_DEBUG|[5]|DEBUG|NIF 25182335A
15:50:11.0 (10920733)|HEAP_ALLOCATE|[7]|Bytes:9
15:50:11.0 (10931874)|HEAP_ALLOCATE|[7]|Bytes:1
15:50:11.0 (10954443)|HEAP_ALLOCATE|[7]|Bytes:9
15:50:11.0 (10962354)|HEAP_ALLOCATE|[7]|Bytes:1
15:50:11.0 (10979355)|HEAP_ALLOCATE|[7]|Bytes:9
15:50:11.0 (10986424)|HEAP_ALLOCATE|[7]|Bytes:1
15:50:11.0 (10999736)|STATEMENT_EXECUTE|[7]
15:50:11.0 (11001716)|STATEMENT_EXECUTE|[11]
15:50:11.0 (11004882)|HEAP_ALLOCATE|[11]|Bytes:59
15:50:11.0 (11054061)|HEAP_ALLOCATE|[11]|Bytes:24
15:50:11.0 (11063841)|SYSTEM_METHOD_ENTRY|[1]|Pattern.Pattern()
15:50:11.0 (11068416)|STATEMENT_EXECUTE|[1]
15:50:11.0 (11074425)|SYSTEM_METHOD_EXIT|[1]|Pattern
15:50:11.0 (11084440)|METHOD_ENTRY|[11]||System.Pattern.compile(String)
15:50:11.0 (11213624)|METHOD_EXIT|[11]||System.Pattern.compile(String)
15:50:11.0 (11221154)|VARIABLE_SCOPE_BEGIN|[11]|nifPattern|System.Pattern|true|false
15:50:11.0 (11262109)|VARIABLE_ASSIGNMENT|[11]|nifPattern|{"delegate":"0x4e3251db"}|0x58c4c7e7
15:50:11.0 (11271315)|STATEMENT_EXECUTE|[12]
15:50:11.0 (11280852)|METHOD_ENTRY|[12]||System.Pattern.matcher(String)
15:50:11.0 (11418112)|METHOD_EXIT|[12]||System.Pattern.matcher(String)
15:50:11.0 (11425420)|VARIABLE_SCOPE_BEGIN|[12]|m|System.Matcher|true|false
15:50:11.0 (11478322)|VARIABLE_ASSIGNMENT|[12]|m|{"delegate":"0x325dd271"}|0x6d4b3eb
15:50:11.0 (11493301)|METHOD_ENTRY|[13]||System.Matcher.matches()
15:50:11.0 (11545067)|METHOD_EXIT|[13]||System.Matcher.matches()
15:50:11.0 (11551483)|STATEMENT_EXECUTE|[13]
15:50:11.0 (11553464)|STATEMENT_EXECUTE|[14]
15:50:11.0 (11561366)|METHOD_ENTRY|[14]||System.Matcher.group(Integer)
15:50:11.0 (11606863)|METHOD_EXIT|[14]||System.Matcher.group(Integer)
15:50:11.0 (11612434)|VARIABLE_SCOPE_BEGIN|[14]|letra|String|false|false
15:50:11.0 (11623164)|VARIABLE_ASSIGNMENT|[14]|letra|"A"
15:50:11.0 (11628186)|STATEMENT_EXECUTE|[16]
15:50:11.0 (11631008)|HEAP_ALLOCATE|[16]|Bytes:23
15:50:11.0 (11636378)|VARIABLE_SCOPE_BEGIN|[16]|letras|String|false|false
15:50:11.0 (11646916)|VARIABLE_ASSIGNMENT|[16]|letras|"TRWAGMYFPDXBNJZSQVHL (3 more) ..."
15:50:11.0 (11651554)|STATEMENT_EXECUTE|[17]
15:50:11.0 (11656880)|METHOD_ENTRY|[17]||System.Matcher.group(Integer)
15:50:11.0 (11681611)|METHOD_EXIT|[17]||System.Matcher.group(Integer)
15:50:11.0 (11703341)|VARIABLE_SCOPE_BEGIN|[17]|dni|Integer|false|false
15:50:11.0 (11711264)|HEAP_ALLOCATE|[17]|Bytes:4
15:50:11.0 (11718846)|VARIABLE_ASSIGNMENT|[17]|dni|25182335
15:50:11.0 (11724133)|STATEMENT_EXECUTE|[18]
15:50:11.0 (11752627)|VARIABLE_SCOPE_BEGIN|[2]|Math.E|Double|false|true
15:50:11.0 (11775558)|VARIABLE_SCOPE_BEGIN|[3]|Math.PI|Double|false|true
15:50:11.0 (11787539)|HEAP_ALLOCATE|[18]|Bytes:206
15:50:11.0 (11797258)|SYSTEM_METHOD_ENTRY|[1]|Math.Math()
15:50:11.0 (11801578)|STATEMENT_EXECUTE|[1]
15:50:11.0 (11860275)|SYSTEM_METHOD_EXIT|[1]|Math
15:50:11.0 (11871534)|METHOD_ENTRY|[18]||System.Math.mod(Integer, Integer)
15:50:11.0 (11918691)|METHOD_EXIT|[18]||System.Math.mod(Integer, Integer)
15:50:11.0 (11923720)|HEAP_ALLOCATE|[18]|Bytes:4
15:50:11.0 (11931538)|VARIABLE_ASSIGNMENT|[18]|dni|3
15:50:11.0 (11937082)|STATEMENT_EXECUTE|[20]
15:50:11.0 (11960682)|HEAP_ALLOCATE|[20]|Bytes:1
15:50:11.0 (11971163)|VARIABLE_SCOPE_BEGIN|[20]|reference|String|false|false
15:50:11.0 (11981683)|VARIABLE_ASSIGNMENT|[20]|reference|"A"
15:50:11.0 (12005131)|STATEMENT_EXECUTE|[22]
15:50:11.0 (12007716)|STATEMENT_EXECUTE|[23]
15:50:11.0 (12010389)|HEAP_ALLOCATE|[23]|Bytes:21
15:50:11.0 (12015389)|HEAP_ALLOCATE|[23]|Bytes:1
15:50:11.0 (12022454)|HEAP_ALLOCATE|[23]|Bytes:24
15:50:11.0 (12039723)|USER_DEBUG|[23]|DEBUG|son iguales. Es NIF. A A
15:50:11.0 (12050700)|STATEMENT_EXECUTE|[24]
15:50:11.0 (12056094)|HEAP_ALLOCATE|[24]|Bytes:5
15:50:11.0 (12066531)|METHOD_EXIT|[8]|01p1r000009oduV|Utils.isNifNie(String)
15:50:11.0 (12072894)|STATEMENT_EXECUTE|[8]
15:50:11.0 (12083975)|HEAP_ALLOCATE|[7]|Bytes:5
15:50:11.0 (12097621)|VARIABLE_ASSIGNMENT|[7]|inContact|null|
15:50:11.0 (12105022)|SYSTEM_MODE_EXIT|false
15:50:11.0 (12113388)|METHOD_EXIT|[7]|01p1r000008aKc5|ContactMethods.ValidarNif(List<Contact>)
15:50:11.12 (12145616)|CUMULATIVE_LIMIT_USAGE
15:50:11.12 (12145616)|LIMIT_USAGE_FOR_NS|(default)|
  Number of SOQL queries: 0 out of 100
  Number of query rows: 0 out of 50000
  Number of SOSL queries: 0 out of 20
  Number of DML statements: 0 out of 150
  Number of DML rows: 0 out of 10000
  Maximum CPU time: 0 out of 10000
  Maximum heap size: 0 out of 6000000
  Number of callouts: 0 out of 100
  Number of Email Invocations: 0 out of 10
  Number of future calls: 0 out of 50
  Number of queueable jobs added to the queue: 0 out of 50
  Number of Mobile Apex push calls: 0 out of 10

15:50:11.12 (12145616)|CUMULATIVE_LIMIT_USAGE_END

15:50:11.0 (13248515)|CODE_UNIT_FINISHED|ContactTrigger on Contact trigger event BeforeUpdate
15:50:11.0 (15220273)|CODE_UNIT_STARTED|[EXTERNAL]|DuplicateDetector
15:50:11.0 (15240340)|DUPLICATE_DETECTION_BEGIN
15:50:11.0 (15349361)|DUPLICATE_DETECTION_RULE_INVOCATION|DuplicateRuleId:0Bm1r0000018X89|DuplicateRuleName:Standard Contact Duplicate Rule|DmlType:UPDATE
15:50:11.0 (15397450)|DUPLICATE_DETECTION_END
15:50:11.0 (15404026)|CODE_UNIT_FINISHED|DuplicateDetector
15:50:11.0 (46350273)|CODE_UNIT_STARTED|[EXTERNAL]|DuplicateDetector
15:50:11.0 (46376005)|DUPLICATE_DETECTION_BEGIN
15:50:11.0 (46458955)|DUPLICATE_DETECTION_RULE_INVOCATION|DuplicateRuleId:0Bm1r0000018X89|DuplicateRuleName:Standard Contact Duplicate Rule|DmlType:UPDATE
15:50:11.0 (64455085)|DUPLICATE_DETECTION_END
15:50:11.0 (64468259)|CODE_UNIT_FINISHED|DuplicateDetector
15:50:11.0 (113253891)|CODE_UNIT_FINISHED|TRIGGERS
15:50:11.0 (113268254)|EXECUTION_FINISHED
