36.0 APEX_CODE,FINEST;APEX_PROFILING,INFO;CALLOUT,INFO;DB,INFO;SYSTEM,DEBUG;VALIDATION,INFO;VISUALFORCE,INFO;WAVE,INFO;WORKFLOW,INFO
10:53:36.0 (73315)|USER_INFO|[EXTERNAL]|0051r000007Oz5Q|lydia.abril@gmail.com|hora estándar de Europa central|GMT+02:00
10:53:36.0 (131062)|EXECUTION_STARTED
10:53:36.0 (136305)|CODE_UNIT_STARTED|[EXTERNAL]|TRIGGERS
10:53:36.0 (1099948)|CODE_UNIT_STARTED|[EXTERNAL]|01q1r000000j3dJ|PasajeroTrigger on Pasajero trigger event BeforeInsert
10:53:36.0 (1156553)|HEAP_ALLOCATE|[EXTERNAL]|Bytes:8
10:53:36.0 (1493390)|HEAP_ALLOCATE|[72]|Bytes:3
10:53:36.0 (1533963)|HEAP_ALLOCATE|[77]|Bytes:152
10:53:36.0 (1550414)|HEAP_ALLOCATE|[342]|Bytes:408
10:53:36.0 (1563112)|HEAP_ALLOCATE|[355]|Bytes:408
10:53:36.0 (1574322)|HEAP_ALLOCATE|[467]|Bytes:48
10:53:36.0 (1600663)|HEAP_ALLOCATE|[139]|Bytes:6
10:53:36.0 (1626506)|HEAP_ALLOCATE|[EXTERNAL]|Bytes:8
10:53:36.0 (1633075)|VARIABLE_SCOPE_BEGIN|[1]|this|PasajeroTrigger|true|false
10:53:36.0 (1674427)|VARIABLE_ASSIGNMENT|[1]|this|{}|0x537f0a24
10:53:36.0 (1711345)|HEAP_ALLOCATE|[EXTERNAL]|Bytes:8
10:53:36.0 (1717582)|VARIABLE_SCOPE_BEGIN|[1]|this|PasajeroTrigger|true|false
10:53:36.0 (1730048)|VARIABLE_ASSIGNMENT|[1]|this|{}|0x537f0a24
10:53:36.0 (1739288)|STATEMENT_EXECUTE|[1]
10:53:36.0 (1742062)|STATEMENT_EXECUTE|[4]
10:53:36.0 (1773574)|HEAP_ALLOCATE|[50]|Bytes:5
10:53:36.0 (1795440)|HEAP_ALLOCATE|[56]|Bytes:5
10:53:36.0 (1804355)|HEAP_ALLOCATE|[64]|Bytes:7
10:53:36.0 (2186681)|VARIABLE_ASSIGNMENT|[4]|this.listNew|[{"IsDeleted":false,"Nombre_pasajero__c":"bbbbbb","Edad__c":12,"Nif__c":"111p1111p","Reserva__c":"a001r00000oUEqbAAG","Name":"bbbbb"}]|0x537f0a24
10:53:36.0 (2208514)|STATEMENT_EXECUTE|[7]
10:53:36.0 (2216919)|STATEMENT_EXECUTE|[8]
10:53:36.0 (2218787)|STATEMENT_EXECUTE|[9]
10:53:36.0 (2322505)|HEAP_ALLOCATE|[9]|Bytes:7
10:53:36.0 (2329728)|HEAP_ALLOCATE|[9]|Bytes:2
10:53:36.0 (2341034)|METHOD_ENTRY|[1]|01p1r000008Zry1|PasajeroMethods.PasajeroMethods()
10:53:36.0 (2348230)|STATEMENT_EXECUTE|[1]
10:53:36.0 (2352103)|STATEMENT_EXECUTE|[1]
10:53:36.0 (2715268)|SYSTEM_MODE_ENTER|false
10:53:36.0 (2732376)|HEAP_ALLOCATE|[9]|Bytes:5
10:53:36.0 (2741802)|SYSTEM_MODE_EXIT|false
10:53:36.0 (2752525)|METHOD_EXIT|[1]|PasajeroMethods
10:53:36.0 (2766293)|METHOD_ENTRY|[9]|01p1r000008Zry1|PasajeroMethods.ValidarNif(List<Pasajero__c>)
10:53:36.0 (2786006)|VARIABLE_SCOPE_BEGIN|[65]|listNew|List<Pasajero__c>|true|false
10:53:36.0 (2881200)|VARIABLE_ASSIGNMENT|[65]|listNew|[{"IsDeleted":false,"Nombre_pasajero__c":"bbbbbb","Edad__c":12,"Nif__c":"111p1111p","Reserva__c":"a001r00000oUEqbAAG","Name":"bbbbb"}]|0x6ef82300
10:53:36.0 (2900934)|SYSTEM_MODE_ENTER|false
10:53:36.0 (2907352)|HEAP_ALLOCATE|[67]|Bytes:5
10:53:36.0 (2912824)|STATEMENT_EXECUTE|[65]
10:53:36.0 (2980152)|STATEMENT_EXECUTE|[67]
10:53:36.0 (2982794)|STATEMENT_EXECUTE|[70]
10:53:36.0 (2986407)|HEAP_ALLOCATE|[70]|Bytes:30
10:53:36.0 (3005685)|HEAP_ALLOCATE|[70]|Bytes:4
10:53:36.0 (3156100)|SOQL_EXECUTE_BEGIN|[70]|Aggregations:0|SELECT Nif__c FROM Pasajero__c
10:53:36.0 (4616751)|SOQL_EXECUTE_END|[70]|Rows:3
10:53:36.0 (4638382)|HEAP_ALLOCATE|[70]|Bytes:16
10:53:36.0 (4657311)|HEAP_ALLOCATE|[70]|Bytes:144
10:53:36.0 (4684908)|HEAP_ALLOCATE|[70]|Bytes:16
10:53:36.0 (4698130)|VARIABLE_SCOPE_BEGIN|[70]|listPasajero|List<Pasajero__c>|true|false
10:53:36.0 (4721427)|VARIABLE_ASSIGNMENT|[70]|listPasajero|[{"Nif__c":"987654765","Id":"a021r00000dd60CAAQ"},{"Nif__c":"111222333","Id":"a021r00000dd5yHAAQ"},{"Nif__c":"111111111","Id":"a021r00000dd5xYAAQ"}]|0x1fe83a5
10:53:36.0 (4730067)|STATEMENT_EXECUTE|[72]
10:53:36.0 (4742926)|HEAP_ALLOCATE|[72]|Bytes:4
10:53:36.0 (4771860)|VARIABLE_SCOPE_BEGIN|[72]|listPasajeroNif|List<String>|true|false
10:53:36.0 (4802087)|HEAP_ALLOCATE|[EXTERNAL]|Bytes:4
10:53:36.0 (4812546)|VARIABLE_ASSIGNMENT|[72]|listPasajeroNif|[]|0x1859670c
10:53:36.0 (4960821)|HEAP_ALLOCATE|[74]|Bytes:5
10:53:36.0 (4979250)|HEAP_ALLOCATE|[74]|Bytes:12
10:53:36.0 (4988632)|VARIABLE_SCOPE_BEGIN|[74]|inPasajero|Pasajero__c|true|false
10:53:36.0 (5004253)|VARIABLE_ASSIGNMENT|[74]|inPasajero|{"Nif__c":"987654765","Id":"a021r00000dd60CAAQ"}|0x635757cb
10:53:36.0 (5012193)|STATEMENT_EXECUTE|[74]
10:53:36.0 (5014292)|STATEMENT_EXECUTE|[75]
10:53:36.0 (5077530)|HEAP_ALLOCATE|[EXTERNAL]|Bytes:4
10:53:36.0 (5093422)|HEAP_ALLOCATE|[74]|Bytes:5
10:53:36.0 (5103669)|HEAP_ALLOCATE|[74]|Bytes:12
10:53:36.0 (5109683)|VARIABLE_SCOPE_BEGIN|[74]|inPasajero|Pasajero__c|true|false
10:53:36.0 (5128786)|VARIABLE_ASSIGNMENT|[74]|inPasajero|{"Nif__c":"111222333","Id":"a021r00000dd5yHAAQ"}|0x16c113af
10:53:36.0 (5135504)|STATEMENT_EXECUTE|[74]
10:53:36.0 (5137322)|STATEMENT_EXECUTE|[75]
10:53:36.0 (5148016)|HEAP_ALLOCATE|[EXTERNAL]|Bytes:4
10:53:36.0 (5159150)|HEAP_ALLOCATE|[74]|Bytes:5
10:53:36.0 (5167240)|HEAP_ALLOCATE|[74]|Bytes:12
10:53:36.0 (5172364)|VARIABLE_SCOPE_BEGIN|[74]|inPasajero|Pasajero__c|true|false
10:53:36.0 (5182860)|VARIABLE_ASSIGNMENT|[74]|inPasajero|{"Nif__c":"111111111","Id":"a021r00000dd5xYAAQ"}|0x4573777c
10:53:36.0 (5189469)|STATEMENT_EXECUTE|[74]
10:53:36.0 (5191219)|STATEMENT_EXECUTE|[75]
10:53:36.0 (5198447)|HEAP_ALLOCATE|[EXTERNAL]|Bytes:4
10:53:36.0 (5208235)|HEAP_ALLOCATE|[74]|Bytes:5
10:53:36.0 (5218472)|VARIABLE_ASSIGNMENT|[74]|inPasajero|null|
10:53:36.0 (5241473)|HEAP_ALLOCATE|[79]|Bytes:5
10:53:36.0 (5253304)|HEAP_ALLOCATE|[79]|Bytes:4
10:53:36.0 (5259057)|VARIABLE_SCOPE_BEGIN|[79]|inPasajero|Pasajero__c|true|false
10:53:36.0 (5415071)|VARIABLE_ASSIGNMENT|[79]|inPasajero|{"IsDeleted":false,"Nombre_pasajero__c":"bbbbbb","Edad__c":12,"Nif__c":"111p1111p","Reserva__c":"a001r00000oUEqbAAG","Name":"bbbbb"}|0xb1c6680
10:53:36.0 (5427461)|STATEMENT_EXECUTE|[79]
10:53:36.0 (5429604)|STATEMENT_EXECUTE|[81]
10:53:36.0 (5485433)|HEAP_ALLOCATE|[81]|Bytes:8
10:53:36.0 (5499695)|VARIABLE_SCOPE_BEGIN|[81]|numerosNif|String|false|false
10:53:36.0 (5510310)|VARIABLE_ASSIGNMENT|[81]|numerosNif|"111p1111"
10:53:36.0 (5515537)|STATEMENT_EXECUTE|[83]
10:53:36.0 (5540409)|VARIABLE_SCOPE_BEGIN|[83]|letraNif|String|false|false
10:53:36.0 (5550206)|VARIABLE_ASSIGNMENT|[83]|letraNif|""
10:53:36.0 (5606142)|STATEMENT_EXECUTE|[87]
10:53:36.0 (5608559)|STATEMENT_EXECUTE|[88]
10:53:36.0 (5612450)|HEAP_ALLOCATE|[88]|Bytes:22
10:53:36.0 (5679723)|HEAP_ALLOCATE|[79]|Bytes:5
10:53:36.0 (5700734)|VARIABLE_ASSIGNMENT|[79]|inPasajero|null|
10:53:36.0 (5712905)|SYSTEM_MODE_EXIT|false
10:53:36.0 (5725986)|METHOD_EXIT|[9]|01p1r000008Zry1|PasajeroMethods.ValidarNif(List<Pasajero__c>)
10:53:36.0 (5734337)|STATEMENT_EXECUTE|[10]
10:53:36.0 (5747542)|METHOD_ENTRY|[10]|01p1r000008Zry1|PasajeroMethods.RellenarContacto(List<Pasajero__c>)
10:53:36.0 (5762332)|VARIABLE_SCOPE_BEGIN|[33]|listPasajeros|List<Pasajero__c>|true|false
10:53:36.0 (5857088)|VARIABLE_ASSIGNMENT|[33]|listPasajeros|[{"IsDeleted":false,"Nombre_pasajero__c":"bbbbbb","Edad__c":12,"Nif__c":"111p1111p","Reserva__c":"a001r00000oUEqbAAG","Name":"bbbbb"}]|0x6ef82300
10:53:36.0 (5876096)|SYSTEM_MODE_ENTER|false
10:53:36.0 (5882868)|HEAP_ALLOCATE|[35]|Bytes:5
10:53:36.0 (5888085)|STATEMENT_EXECUTE|[33]
10:53:36.0 (5910179)|STATEMENT_EXECUTE|[35]
10:53:36.0 (5912445)|STATEMENT_EXECUTE|[38]
10:53:36.0 (5921543)|HEAP_ALLOCATE|[38]|Bytes:4
10:53:36.0 (5939099)|VARIABLE_SCOPE_BEGIN|[38]|listNifs|List<String>|true|false
10:53:36.0 (5958749)|HEAP_ALLOCATE|[EXTERNAL]|Bytes:4
10:53:36.0 (5967330)|VARIABLE_ASSIGNMENT|[38]|listNifs|[]|0x7ab8b679
10:53:36.0 (5993849)|HEAP_ALLOCATE|[40]|Bytes:5
10:53:36.0 (6005774)|HEAP_ALLOCATE|[40]|Bytes:4
10:53:36.0 (6013680)|VARIABLE_SCOPE_BEGIN|[40]|inPasajero|Pasajero__c|true|false
10:53:36.0 (6105694)|VARIABLE_ASSIGNMENT|[40]|inPasajero|{"IsDeleted":false,"Nombre_pasajero__c":"bbbbbb","Edad__c":12,"Nif__c":"111p1111p","Reserva__c":"a001r00000oUEqbAAG","Name":"bbbbb"}|0xb1c6680
10:53:36.0 (6119765)|STATEMENT_EXECUTE|[40]
10:53:36.0 (6121659)|STATEMENT_EXECUTE|[41]
10:53:36.0 (6150265)|HEAP_ALLOCATE|[EXTERNAL]|Bytes:4
10:53:36.0 (6159089)|STATEMENT_EXECUTE|[43]
10:53:36.0 (6187376)|USER_DEBUG|[43]|DEBUG|111p1111p
10:53:36.0 (6202809)|HEAP_ALLOCATE|[40]|Bytes:5
10:53:36.0 (6213704)|VARIABLE_ASSIGNMENT|[40]|inPasajero|null|
10:53:36.0 (6220876)|SYSTEM_MODE_EXIT|false
10:53:36.0 (6233010)|METHOD_EXIT|[10]|01p1r000008Zry1|PasajeroMethods.RellenarContacto(List<Pasajero__c>)
10:53:36.6 (6243708)|CUMULATIVE_LIMIT_USAGE
10:53:36.6 (6243708)|LIMIT_USAGE_FOR_NS|(default)|
  Number of SOQL queries: 1 out of 100
  Number of query rows: 3 out of 50000
  Number of SOSL queries: 0 out of 20
  Number of DML statements: 0 out of 150
  Number of DML rows: 0 out of 10000
  Maximum CPU time: 0 out of 10000
  Maximum heap size: 0 out of 6000000
  Number of callouts: 0 out of 100
  Number of Email Invocations: 0 out of 10
  Number of future calls: 0 out of 50
  Number of queueable jobs added to the queue: 0 out of 50
  Number of Mobile Apex push calls: 0 out of 10

10:53:36.6 (6243708)|CUMULATIVE_LIMIT_USAGE_END

10:53:36.0 (7303179)|CODE_UNIT_FINISHED|PasajeroTrigger on Pasajero trigger event BeforeInsert
10:53:36.0 (15089533)|CODE_UNIT_FINISHED|TRIGGERS
10:53:36.0 (15099783)|EXECUTION_FINISHED
