36.0 APEX_CODE,FINEST;APEX_PROFILING,INFO;CALLOUT,INFO;DB,INFO;SYSTEM,DEBUG;VALIDATION,INFO;VISUALFORCE,INFO;WAVE,INFO;WORKFLOW,INFO
12:55:06.0 (326938)|USER_INFO|[EXTERNAL]|0051r000007Oz5Q|lydia.abril@gmail.com|hora estándar de Europa central|GMT+02:00
12:55:06.0 (393784)|EXECUTION_STARTED
12:55:06.0 (398729)|CODE_UNIT_STARTED|[EXTERNAL]|01p1r000008aN28|PasajeroTest.ValidarNifTest
12:55:06.0 (666002)|HEAP_ALLOCATE|[72]|Bytes:3
12:55:06.0 (703052)|HEAP_ALLOCATE|[77]|Bytes:152
12:55:06.0 (716698)|HEAP_ALLOCATE|[342]|Bytes:408
12:55:06.0 (744939)|HEAP_ALLOCATE|[355]|Bytes:408
12:55:06.0 (759251)|HEAP_ALLOCATE|[467]|Bytes:48
12:55:06.0 (788197)|HEAP_ALLOCATE|[139]|Bytes:6
12:55:06.0 (803908)|HEAP_ALLOCATE|[EXTERNAL]|Bytes:62
12:55:06.0 (824541)|METHOD_ENTRY|[2]|01p1r000008aN28|PasajeroTest.PasajeroTest()
12:55:06.0 (833825)|STATEMENT_EXECUTE|[2]
12:55:06.0 (838630)|STATEMENT_EXECUTE|[2]
12:55:06.0 (842935)|METHOD_EXIT|[2]|PasajeroTest
12:55:06.0 (1028263)|HEAP_ALLOCATE|[50]|Bytes:5
12:55:06.0 (1051799)|HEAP_ALLOCATE|[56]|Bytes:5
12:55:06.0 (1060931)|HEAP_ALLOCATE|[64]|Bytes:7
12:55:06.0 (1104404)|STATEMENT_EXECUTE|[9]
12:55:06.0 (1106904)|STATEMENT_EXECUTE|[11]
12:55:06.0 (1156454)|HEAP_ALLOCATE|[11]|Bytes:4
12:55:06.0 (1245442)|HEAP_ALLOCATE|[11]|Bytes:13
12:55:06.0 (1300461)|VARIABLE_ASSIGNMENT|[11]|this.Name|"CuentaPrueba0"|0x5a1168b9
12:55:06.0 (1332064)|VARIABLE_SCOPE_BEGIN|[11]|oAccount|Account|true|false
12:55:06.0 (1376870)|VARIABLE_ASSIGNMENT|[11]|oAccount|{"Name":"CuentaPrueba0"}|0x5a1168b9
12:55:06.0 (1384036)|STATEMENT_EXECUTE|[12]
12:55:06.0 (1409400)|HEAP_ALLOCATE|[12]|Bytes:8
12:55:06.0 (1421623)|DML_BEGIN|[12]|Op:Insert|Type:Account|Rows:1
12:55:06.0 (1453168)|HEAP_ALLOCATE|[EXTERNAL]|Bytes:8
12:55:06.0 (25797033)|CODE_UNIT_STARTED|[EXTERNAL]|DuplicateDetector
12:55:06.0 (25823898)|DUPLICATE_DETECTION_BEGIN
12:55:06.0 (26573108)|DUPLICATE_DETECTION_RULE_INVOCATION|DuplicateRuleId:0Bm1r0000018X88|DuplicateRuleName:Standard Account Duplicate Rule|DmlType:INSERT
12:55:06.0 (118973501)|DUPLICATE_DETECTION_MATCH_INVOCATION_DETAILS|EntityType:Account|ActionTaken:Allow_[Alert,Report]|DuplicateRecordIds:
12:55:06.0 (119001197)|DUPLICATE_DETECTION_MATCH_INVOCATION_SUMMARY|EntityType:Account|NumRecordsToBeSaved:1|NumRecordsToBeSavedWithDuplicates:0|NumDuplicateRecordsFound:0
12:55:06.0 (119166003)|DUPLICATE_DETECTION_END
12:55:06.0 (119175761)|CODE_UNIT_FINISHED|DuplicateDetector
12:55:06.0 (147962264)|DML_END|[12]
12:55:06.0 (147993303)|STATEMENT_EXECUTE|[14]
12:55:06.0 (148041008)|HEAP_ALLOCATE|[14]|Bytes:4
12:55:06.0 (148138071)|HEAP_ALLOCATE|[14]|Bytes:15
12:55:06.0 (148182519)|VARIABLE_ASSIGNMENT|[14]|this.LastName|"ContactoPrueba0"|0x1e794c8e
12:55:06.0 (148190012)|HEAP_ALLOCATE|[14]|Bytes:9
12:55:06.0 (148207484)|VARIABLE_ASSIGNMENT|[14]|this.Nif__c|"12345678B"|0x1e794c8e
12:55:06.0 (148252702)|VARIABLE_ASSIGNMENT|[14]|this.AccountId|"0011r00001mxdQ1AAI"|0x1e794c8e
12:55:06.0 (148288229)|VARIABLE_SCOPE_BEGIN|[14]|oContact|Contact|true|false
12:55:06.0 (148310003)|VARIABLE_ASSIGNMENT|[14]|oContact|{"LastName":"ContactoPrueba0","Nif__c":"12345678B","AccountId":"0011r00001mxdQ1AAI"}|0x1e794c8e
12:55:06.0 (148318051)|STATEMENT_EXECUTE|[15]
12:55:06.0 (148342471)|HEAP_ALLOCATE|[15]|Bytes:8
12:55:06.0 (148352843)|DML_BEGIN|[15]|Op:Insert|Type:Contact|Rows:1
12:55:06.0 (148387314)|HEAP_ALLOCATE|[EXTERNAL]|Bytes:8
12:55:06.0 (157058448)|CODE_UNIT_STARTED|[EXTERNAL]|01q1r000000j4Bx|ContactTrigger on Contact trigger event BeforeInsert
12:55:06.0 (157131495)|HEAP_ALLOCATE|[EXTERNAL]|Bytes:8
12:55:06.0 (157371318)|HEAP_ALLOCATE|[EXTERNAL]|Bytes:8
12:55:06.0 (157393766)|VARIABLE_SCOPE_BEGIN|[1]|this|ContactTrigger|true|false
12:55:06.0 (157501803)|VARIABLE_ASSIGNMENT|[1]|this|{}|0x22a43d2f
12:55:06.0 (157605880)|HEAP_ALLOCATE|[EXTERNAL]|Bytes:8
12:55:06.0 (157620449)|VARIABLE_SCOPE_BEGIN|[1]|this|ContactTrigger|true|false
12:55:06.0 (157642745)|VARIABLE_ASSIGNMENT|[1]|this|{}|0x22a43d2f
12:55:06.0 (157658213)|STATEMENT_EXECUTE|[1]
12:55:06.0 (157662285)|STATEMENT_EXECUTE|[3]
12:55:06.0 (158457650)|VARIABLE_ASSIGNMENT|[3]|this.listNew|[{"IsDeleted":false,"AccountId":"0011r00001mxdQ1AAI","IsEmailBounced":false,"CleanStatus":"Pending","DoNotCall":false,"OwnerId":"0051r000007Oz5QAAS","HasOptedOutOfEmail":false,"HasOptedOutOfFax":false,"Nif__c":"12345678B","LastName":"ContactoPrueba0"}]|0x22a43d2f
12:55:06.0 (158495891)|STATEMENT_EXECUTE|[5]
12:55:06.0 (158508649)|STATEMENT_EXECUTE|[6]
12:55:06.0 (158511789)|STATEMENT_EXECUTE|[7]
12:55:06.0 (159796208)|HEAP_ALLOCATE|[7]|Bytes:1
12:55:06.0 (159848613)|METHOD_ENTRY|[1]|01p1r000008aKc5|ContactMethods.ContactMethods()
12:55:06.0 (159860463)|STATEMENT_EXECUTE|[1]
12:55:06.0 (159868469)|STATEMENT_EXECUTE|[1]
12:55:06.0 (160265164)|SYSTEM_MODE_ENTER|false
12:55:06.0 (160290678)|HEAP_ALLOCATE|[7]|Bytes:5
12:55:06.0 (160305574)|SYSTEM_MODE_EXIT|false
12:55:06.0 (160321044)|METHOD_EXIT|[1]|ContactMethods
12:55:06.0 (160360162)|METHOD_ENTRY|[7]|01p1r000008aKc5|ContactMethods.ValidarNif(List<Contact>)
12:55:06.0 (160404549)|VARIABLE_SCOPE_BEGIN|[3]|listNew|List<Contact>|true|false
12:55:06.0 (160836438)|VARIABLE_ASSIGNMENT|[3]|listNew|[{"IsDeleted":false,"AccountId":"0011r00001mxdQ1AAI","IsEmailBounced":false,"CleanStatus":"Pending","DoNotCall":false,"OwnerId":"0051r000007Oz5QAAS","HasOptedOutOfEmail":false,"HasOptedOutOfFax":false,"Nif__c":"12345678B","LastName":"ContactoPrueba0"}]|0x49a8805a
12:55:06.0 (160889904)|SYSTEM_MODE_ENTER|false
12:55:06.0 (160900779)|HEAP_ALLOCATE|[5]|Bytes:5
12:55:06.0 (160909245)|STATEMENT_EXECUTE|[3]
12:55:06.0 (161020813)|STATEMENT_EXECUTE|[5]
12:55:06.0 (161025343)|STATEMENT_EXECUTE|[8]
12:55:06.0 (161031370)|HEAP_ALLOCATE|[8]|Bytes:26
12:55:06.0 (161057889)|HEAP_ALLOCATE|[8]|Bytes:4
12:55:06.0 (161247772)|SOQL_EXECUTE_BEGIN|[8]|Aggregations:0|SELECT Nif__c FROM Contact
12:55:06.0 (164500108)|SOQL_EXECUTE_END|[8]|Rows:0
12:55:06.0 (164533287)|HEAP_ALLOCATE|[8]|Bytes:4
12:55:06.0 (164555160)|HEAP_ALLOCATE|[8]|Bytes:0
12:55:06.0 (164608645)|HEAP_ALLOCATE|[8]|Bytes:4
12:55:06.0 (164627015)|VARIABLE_SCOPE_BEGIN|[8]|listContact|List<Contact>|true|false
12:55:06.0 (164649456)|VARIABLE_ASSIGNMENT|[8]|listContact|[]|0x389f978b
12:55:06.0 (164663086)|STATEMENT_EXECUTE|[10]
12:55:06.0 (164684227)|HEAP_ALLOCATE|[10]|Bytes:4
12:55:06.0 (164725417)|VARIABLE_SCOPE_BEGIN|[10]|listContactNif|List<String>|true|false
12:55:06.0 (164762973)|HEAP_ALLOCATE|[EXTERNAL]|Bytes:4
12:55:06.0 (164777117)|VARIABLE_ASSIGNMENT|[10]|listContactNif|[]|0x3a481019
12:55:06.0 (165015750)|HEAP_ALLOCATE|[12]|Bytes:5
12:55:06.0 (165042657)|VARIABLE_ASSIGNMENT|[12]|inContact|null|
12:55:06.0 (165052949)|STATEMENT_EXECUTE|[12]
12:55:06.0 (165089091)|HEAP_ALLOCATE|[17]|Bytes:5
12:55:06.0 (165111859)|HEAP_ALLOCATE|[17]|Bytes:4
12:55:06.0 (165124837)|VARIABLE_SCOPE_BEGIN|[17]|inContact|Contact|true|false
12:55:06.0 (165632136)|VARIABLE_ASSIGNMENT|[17]|inContact|{"IsDeleted":false,"AccountId":"0011r00001mxdQ1AAI","IsEmailBounced":false,"CleanStatus":"Pending","DoNotCall":false,"OwnerId":"0051r000007Oz5QAAS","HasOptedOutOfEmail":false,"HasOptedOutOfFax":false,"Nif__c":"12345678B","LastName":"ContactoPrueba0"}|0x797dafa9
12:55:06.0 (165652581)|STATEMENT_EXECUTE|[17]
12:55:06.0 (165655987)|STATEMENT_EXECUTE|[19]
12:55:06.0 (165755332)|HEAP_ALLOCATE|[19]|Bytes:8
12:55:06.0 (165780339)|VARIABLE_SCOPE_BEGIN|[19]|numerosNif|String|false|false
12:55:06.0 (165797689)|VARIABLE_ASSIGNMENT|[19]|numerosNif|"12345678"
12:55:06.0 (165806427)|STATEMENT_EXECUTE|[21]
12:55:06.0 (165843871)|HEAP_ALLOCATE|[21]|Bytes:1
12:55:06.0 (165862716)|VARIABLE_SCOPE_BEGIN|[21]|letraNif|String|false|false
12:55:06.0 (165878509)|VARIABLE_ASSIGNMENT|[21]|letraNif|"B"
12:55:06.0 (166005587)|STATEMENT_EXECUTE|[23]
12:55:06.0 (166022127)|HEAP_ALLOCATE|[17]|Bytes:5
12:55:06.0 (166042001)|VARIABLE_ASSIGNMENT|[17]|inContact|null|
12:55:06.0 (166055483)|SYSTEM_MODE_EXIT|false
12:55:06.0 (166071222)|METHOD_EXIT|[7]|01p1r000008aKc5|ContactMethods.ValidarNif(List<Contact>)
12:55:06.166 (166089983)|CUMULATIVE_LIMIT_USAGE
12:55:06.166 (166089983)|LIMIT_USAGE_FOR_NS|(default)|
  Number of SOQL queries: 1 out of 100
  Number of query rows: 0 out of 50000
  Number of SOSL queries: 0 out of 20
  Number of DML statements: 2 out of 150
  Number of DML rows: 2 out of 10000
  Maximum CPU time: 0 out of 10000
  Maximum heap size: 0 out of 6000000
  Number of callouts: 0 out of 100
  Number of Email Invocations: 0 out of 10
  Number of future calls: 0 out of 50
  Number of queueable jobs added to the queue: 0 out of 50
  Number of Mobile Apex push calls: 0 out of 10

12:55:06.166 (166089983)|CUMULATIVE_LIMIT_USAGE_END

12:55:06.0 (167360234)|CODE_UNIT_FINISHED|ContactTrigger on Contact trigger event BeforeInsert
12:55:06.0 (171405825)|CODE_UNIT_STARTED|[EXTERNAL]|DuplicateDetector
12:55:06.0 (171426119)|DUPLICATE_DETECTION_BEGIN
12:55:06.0 (171501391)|DUPLICATE_DETECTION_RULE_INVOCATION|DuplicateRuleId:0Bm1r0000018X89|DuplicateRuleName:Standard Contact Duplicate Rule|DmlType:INSERT
12:55:06.0 (198616050)|DUPLICATE_DETECTION_MATCH_INVOCATION_DETAILS|EntityType:Contact|ActionTaken:Allow_[Alert,Report]|DuplicateRecordIds:
12:55:06.0 (198640128)|DUPLICATE_DETECTION_MATCH_INVOCATION_SUMMARY|EntityType:Contact|NumRecordsToBeSaved:1|NumRecordsToBeSavedWithDuplicates:0|NumDuplicateRecordsFound:0
12:55:06.0 (198655515)|DUPLICATE_DETECTION_MATCH_INVOCATION_DETAILS|EntityType:Contact|ActionTaken:Allow_[Alert,Report]|DuplicateRecordIds:
12:55:06.0 (198662103)|DUPLICATE_DETECTION_MATCH_INVOCATION_SUMMARY|EntityType:Contact|NumRecordsToBeSaved:1|NumRecordsToBeSavedWithDuplicates:0|NumDuplicateRecordsFound:0
12:55:06.0 (198895115)|DUPLICATE_DETECTION_END
12:55:06.0 (198905156)|CODE_UNIT_FINISHED|DuplicateDetector
12:55:06.0 (217669920)|DML_END|[15]
12:55:06.0 (217698164)|STATEMENT_EXECUTE|[17]
12:55:06.0 (217739130)|HEAP_ALLOCATE|[17]|Bytes:4
12:55:06.0 (217829092)|HEAP_ALLOCATE|[17]|Bytes:14
12:55:06.0 (217875720)|VARIABLE_ASSIGNMENT|[17]|this.Name|"ReservaPrueba0"|0x10497388
12:55:06.0 (217883259)|HEAP_ALLOCATE|[18]|Bytes:6
12:55:06.0 (217901715)|VARIABLE_ASSIGNMENT|[17]|this.Origen__c|"Madrid"|0x10497388
12:55:06.0 (217907808)|HEAP_ALLOCATE|[19]|Bytes:4
12:55:06.0 (217922116)|VARIABLE_ASSIGNMENT|[17]|this.Destino__c|"Roma"|0x10497388
12:55:06.0 (217928879)|HEAP_ALLOCATE|[20]|Bytes:7
12:55:06.0 (217942837)|VARIABLE_ASSIGNMENT|[17]|this.Case__c|"Turista"|0x10497388
12:55:06.0 (217986339)|VARIABLE_ASSIGNMENT|[17]|this.Contacto__c|"0031r000024iTuLAAU"|0x10497388
12:55:06.0 (218038859)|HEAP_ALLOCATE|[22]|Bytes:4
12:55:06.0 (218099508)|HEAP_ALLOCATE|[22]|Bytes:56
12:55:06.0 (218142168)|VARIABLE_ASSIGNMENT|[17]|this.Fecha_Salida__c|"2019-01-10T23:00:00.000Z"|0x10497388
12:55:06.0 (218149423)|HEAP_ALLOCATE|[23]|Bytes:4
12:55:06.0 (218164043)|VARIABLE_ASSIGNMENT|[17]|this.Observaciones__c|"Nada"|0x10497388
12:55:06.0 (218191003)|VARIABLE_SCOPE_BEGIN|[17]|oReserva|Reserva_Vuelo__c|true|false
12:55:06.0 (218216672)|VARIABLE_ASSIGNMENT|[17]|oReserva|{"Name":"ReservaPrueba0","Origen__c":"Madrid","Destino__c":"Roma","Case__c":"Turista","Contacto__c":"0031r000024iTuLAAU","Fecha_Salida__c":"2019-01-10T23:00:00.000Z","Observaciones__c":"Nada"}|0x10497388
12:55:06.0 (218225145)|STATEMENT_EXECUTE|[25]
12:55:06.0 (218243948)|HEAP_ALLOCATE|[25]|Bytes:8
12:55:06.0 (218255040)|DML_BEGIN|[25]|Op:Insert|Type:Reserva_Vuelo__c|Rows:1
12:55:06.0 (218289609)|HEAP_ALLOCATE|[EXTERNAL]|Bytes:8
12:55:06.0 (222837670)|CODE_UNIT_STARTED|[EXTERNAL]|01q1r000000isRT|ReservaVueloTrigger on Reserva_Vuelo trigger event BeforeInsert
12:55:06.0 (222888680)|HEAP_ALLOCATE|[EXTERNAL]|Bytes:8
12:55:06.0 (223040113)|HEAP_ALLOCATE|[EXTERNAL]|Bytes:12
12:55:06.0 (223058389)|VARIABLE_SCOPE_BEGIN|[1]|this|ReservaVueloTrigger|true|false
12:55:06.0 (223135151)|VARIABLE_ASSIGNMENT|[1]|this|{}|0x778831be
12:55:06.0 (223214201)|HEAP_ALLOCATE|[EXTERNAL]|Bytes:12
12:55:06.0 (223228335)|VARIABLE_SCOPE_BEGIN|[1]|this|ReservaVueloTrigger|true|false
12:55:06.0 (223249447)|VARIABLE_ASSIGNMENT|[1]|this|{}|0x778831be
12:55:06.0 (223262529)|STATEMENT_EXECUTE|[1]
12:55:06.0 (223265582)|STATEMENT_EXECUTE|[4]
12:55:06.0 (223662585)|VARIABLE_ASSIGNMENT|[4]|this.listNew|[{"Contacto__c":"0031r000024iTuLAAU","Origen__c":"Madrid","Destino__c":"Roma","IsDeleted":false,"Fecha_Salida__c":"2019-01-10T23:00:00.000Z","OwnerId":"0051r000007Oz5QAAS","Observaciones__c":"Nada","Case__c":"Turista","Modificado__c":false,"Name":"ReservaPrueba0"}]|0x778831be
12:55:06.0 (223682165)|STATEMENT_EXECUTE|[7]
12:55:06.0 (223709070)|VARIABLE_ASSIGNMENT|[7]|this.mapOld|null|0x778831be
12:55:06.0 (223725023)|STATEMENT_EXECUTE|[10]
12:55:06.0 (223732545)|STATEMENT_EXECUTE|[11]
12:55:06.0 (223735239)|STATEMENT_EXECUTE|[12]
12:55:06.0 (225356566)|HEAP_ALLOCATE|[12]|Bytes:4
12:55:06.0 (225391526)|METHOD_ENTRY|[1]|01p1r000007Yidp|ReservaVueloMethods.ReservaVueloMethods()
12:55:06.0 (225403196)|STATEMENT_EXECUTE|[1]
12:55:06.0 (225410657)|STATEMENT_EXECUTE|[1]
12:55:06.0 (225818534)|SYSTEM_MODE_ENTER|false
12:55:06.0 (225835454)|HEAP_ALLOCATE|[12]|Bytes:5
12:55:06.0 (225847479)|SYSTEM_MODE_EXIT|false
12:55:06.0 (225861396)|METHOD_EXIT|[1]|ReservaVueloMethods
12:55:06.0 (225895372)|METHOD_ENTRY|[12]|01p1r000007Yidp|ReservaVueloMethods.RellenarCuenta(List<Reserva_Vuelo__c>)
12:55:06.0 (225934733)|VARIABLE_SCOPE_BEGIN|[4]|listReservas|List<Reserva_Vuelo__c>|true|false
12:55:06.0 (226122062)|VARIABLE_ASSIGNMENT|[4]|listReservas|[{"Contacto__c":"0031r000024iTuLAAU","Origen__c":"Madrid","Destino__c":"Roma","IsDeleted":false,"Fecha_Salida__c":"2019-01-10T23:00:00.000Z","OwnerId":"0051r000007Oz5QAAS","Observaciones__c":"Nada","Case__c":"Turista","Modificado__c":false,"Name":"ReservaPrueba0"}]|0x773d781f
12:55:06.0 (226175806)|SYSTEM_MODE_ENTER|false
12:55:06.0 (226186877)|HEAP_ALLOCATE|[6]|Bytes:5
12:55:06.0 (226195779)|STATEMENT_EXECUTE|[4]
12:55:06.0 (226299155)|STATEMENT_EXECUTE|[6]
12:55:06.0 (226302691)|STATEMENT_EXECUTE|[9]
12:55:06.0 (226322021)|HEAP_ALLOCATE|[9]|Bytes:4
12:55:06.0 (226369897)|VARIABLE_SCOPE_BEGIN|[9]|listContactosIds|Set<String>|true|false
12:55:06.0 (226409488)|VARIABLE_ASSIGNMENT|[9]|listContactosIds|[]|0x1c753051
12:55:06.0 (226562031)|HEAP_ALLOCATE|[10]|Bytes:5
12:55:06.0 (226581644)|HEAP_ALLOCATE|[10]|Bytes:4
12:55:06.0 (226591419)|VARIABLE_SCOPE_BEGIN|[10]|inReserva|Reserva_Vuelo__c|true|false
12:55:06.0 (226803478)|VARIABLE_ASSIGNMENT|[10]|inReserva|{"Contacto__c":"0031r000024iTuLAAU","Origen__c":"Madrid","Destino__c":"Roma","IsDeleted":false,"Fecha_Salida__c":"2019-01-10T23:00:00.000Z","OwnerId":"0051r000007Oz5QAAS","Observaciones__c":"Nada","Case__c":"Turista","Modificado__c":false,"Name":"ReservaPrueba0"}|0x52440891
12:55:06.0 (226821192)|STATEMENT_EXECUTE|[10]
12:55:06.0 (226824366)|STATEMENT_EXECUTE|[11]
12:55:06.0 (226915388)|HEAP_ALLOCATE|[EXTERNAL]|Bytes:4
12:55:06.0 (226941166)|HEAP_ALLOCATE|[10]|Bytes:5
12:55:06.0 (226956085)|VARIABLE_ASSIGNMENT|[10]|inReserva|null|
12:55:06.0 (226962464)|STATEMENT_EXECUTE|[23]
12:55:06.0 (227002569)|HEAP_ALLOCATE|[23]|Bytes:4
12:55:06.0 (227013038)|HEAP_ALLOCATE|[23]|Bytes:49
12:55:06.0 (227021130)|HEAP_ALLOCATE|[23]|Bytes:4
12:55:06.0 (227028300)|HEAP_ALLOCATE|[23]|Bytes:7
12:55:06.0 (227058825)|HEAP_ALLOCATE|[23]|Bytes:8
12:55:06.0 (227067649)|HEAP_ALLOCATE|[23]|Bytes:8
12:55:06.0 (227221649)|SOQL_EXECUTE_BEGIN|[23]|Aggregations:0|SELECT AccountId FROM Contact WHERE id = :tmpVar1
12:55:06.0 (230141718)|SOQL_EXECUTE_END|[23]|Rows:1
12:55:06.0 (230169169)|HEAP_ALLOCATE|[23]|Bytes:8
12:55:06.0 (230188469)|HEAP_ALLOCATE|[23]|Bytes:60
12:55:06.0 (230227695)|HEAP_ALLOCATE|[23]|Bytes:8
12:55:06.0 (230275086)|HEAP_ALLOCATE|[23]|Bytes:12
12:55:06.0 (230292194)|HEAP_ALLOCATE|[23]|Bytes:18
12:55:06.0 (230306336)|VARIABLE_SCOPE_BEGIN|[23]|contactos|Map<String,Contact>|true|false
12:55:06.0 (230339261)|VARIABLE_ASSIGNMENT|[23]|contactos|{"0031r000024iTuLAAU":{"AccountId":"0011r00001mxdQ1AAI","Id":"0031r000024iTuLAAU"}}|0x5a5f9709
12:55:06.0 (230397826)|HEAP_ALLOCATE|[26]|Bytes:5
12:55:06.0 (230418096)|HEAP_ALLOCATE|[26]|Bytes:4
12:55:06.0 (230429590)|VARIABLE_SCOPE_BEGIN|[26]|inReserva|Reserva_Vuelo__c|true|false
12:55:06.0 (230612660)|VARIABLE_ASSIGNMENT|[26]|inReserva|{"Contacto__c":"0031r000024iTuLAAU","Origen__c":"Madrid","Destino__c":"Roma","IsDeleted":false,"Fecha_Salida__c":"2019-01-10T23:00:00.000Z","OwnerId":"0051r000007Oz5QAAS","Observaciones__c":"Nada","Case__c":"Turista","Modificado__c":false,"Name":"ReservaPrueba0"}|0x52440891
12:55:06.0 (230630725)|STATEMENT_EXECUTE|[26]
12:55:06.0 (230633817)|STATEMENT_EXECUTE|[27]
12:55:06.0 (230919790)|VARIABLE_ASSIGNMENT|[27]|this.Cuenta__c|"0011r00001mxdQ1AAI"|0x52440891
12:55:06.0 (230941982)|HEAP_ALLOCATE|[26]|Bytes:5
12:55:06.0 (230957513)|VARIABLE_ASSIGNMENT|[26]|inReserva|null|
12:55:06.0 (230964797)|SYSTEM_MODE_EXIT|false
12:55:06.0 (230974529)|METHOD_EXIT|[12]|01p1r000007Yidp|ReservaVueloMethods.RellenarCuenta(List<Reserva_Vuelo__c>)
12:55:06.0 (230990505)|STATEMENT_EXECUTE|[14]
12:55:06.230 (230999477)|CUMULATIVE_LIMIT_USAGE
12:55:06.230 (230999477)|LIMIT_USAGE_FOR_NS|(default)|
  Number of SOQL queries: 2 out of 100
  Number of query rows: 1 out of 50000
  Number of SOSL queries: 0 out of 20
  Number of DML statements: 3 out of 150
  Number of DML rows: 3 out of 10000
  Maximum CPU time: 0 out of 10000
  Maximum heap size: 0 out of 6000000
  Number of callouts: 0 out of 100
  Number of Email Invocations: 0 out of 10
  Number of future calls: 0 out of 50
  Number of queueable jobs added to the queue: 0 out of 50
  Number of Mobile Apex push calls: 0 out of 10

12:55:06.230 (230999477)|CUMULATIVE_LIMIT_USAGE_END

12:55:06.0 (232229687)|CODE_UNIT_FINISHED|ReservaVueloTrigger on Reserva_Vuelo trigger event BeforeInsert
12:55:06.0 (235237153)|CODE_UNIT_STARTED|[EXTERNAL]|Validation:Reserva_Vuelo:new
12:55:06.0 (235251753)|VALIDATION_RULE|03d1r0000006A1e|DiferentesCampos
12:55:06.0 (235471487)|VALIDATION_FORMULA|TEXT(Origen__c)  =  TEXT(Destino__c)|Destino__c=Roma , Origen__c=Madrid
12:55:06.0 (235479710)|VALIDATION_PASS
12:55:06.0 (235482187)|VALIDATION_RULE|03d1r0000006A1Z|Fecha_de_salida
12:55:06.0 (235564194)|VALIDATION_FORMULA|Fecha_Salida__c  <   NOW()|Fecha_Salida__c=2019-01-10 23:00:00
12:55:06.0 (235571392)|VALIDATION_PASS
12:55:06.0 (235617189)|CODE_UNIT_FINISHED|Validation:Reserva_Vuelo:new
12:55:06.0 (258545661)|DML_END|[25]
12:55:06.0 (258594679)|STATEMENT_EXECUTE|[27]
12:55:06.0 (258598297)|STATEMENT_EXECUTE|[27]
12:55:06.0 (258601578)|STATEMENT_EXECUTE|[29]
12:55:06.0 (258665655)|HEAP_ALLOCATE|[29]|Bytes:4
12:55:06.0 (258772858)|HEAP_ALLOCATE|[29]|Bytes:9
12:55:06.0 (258834043)|VARIABLE_ASSIGNMENT|[29]|this.Name|"Pasajero0"|0x75704ca5
12:55:06.0 (258893257)|VARIABLE_ASSIGNMENT|[29]|this.Reserva__c|"a001r00000oUIjBAAW"|0x75704ca5
12:55:06.0 (258900726)|HEAP_ALLOCATE|[31]|Bytes:9
12:55:06.0 (258919584)|VARIABLE_ASSIGNMENT|[29]|this.Nif__c|"123456781"|0x75704ca5
12:55:06.0 (258960496)|HEAP_ALLOCATE|[29]|Bytes:28
12:55:06.0 (258983027)|VARIABLE_ASSIGNMENT|[29]|this.Edad__c|59|0x75704ca5
12:55:06.0 (259017007)|VARIABLE_SCOPE_BEGIN|[29]|oPasajero|Pasajero__c|true|false
12:55:06.0 (259042532)|VARIABLE_ASSIGNMENT|[29]|oPasajero|{"Name":"Pasajero0","Reserva__c":"a001r00000oUIjBAAW","Nif__c":"123456781","Edad__c":59}|0x75704ca5
12:55:06.0 (259049505)|STATEMENT_EXECUTE|[33]
12:55:06.0 (259076560)|HEAP_ALLOCATE|[33]|Bytes:8
12:55:06.0 (259087987)|DML_BEGIN|[33]|Op:Insert|Type:Pasajero__c|Rows:1
12:55:06.0 (259125072)|HEAP_ALLOCATE|[EXTERNAL]|Bytes:8
12:55:06.0 (261873651)|CODE_UNIT_STARTED|[EXTERNAL]|01q1r000000j3dJ|PasajeroTrigger on Pasajero trigger event BeforeInsert
12:55:06.0 (261911877)|HEAP_ALLOCATE|[EXTERNAL]|Bytes:8
12:55:06.0 (262034907)|HEAP_ALLOCATE|[EXTERNAL]|Bytes:8
12:55:06.0 (262053127)|VARIABLE_SCOPE_BEGIN|[1]|this|PasajeroTrigger|true|false
12:55:06.0 (262131773)|VARIABLE_ASSIGNMENT|[1]|this|{}|0x6851f5e1
12:55:06.0 (262214422)|HEAP_ALLOCATE|[EXTERNAL]|Bytes:8
12:55:06.0 (262224225)|VARIABLE_SCOPE_BEGIN|[1]|this|PasajeroTrigger|true|false
12:55:06.0 (262238509)|VARIABLE_ASSIGNMENT|[1]|this|{}|0x6851f5e1
12:55:06.0 (262247147)|STATEMENT_EXECUTE|[1]
12:55:06.0 (262249322)|STATEMENT_EXECUTE|[4]
12:55:06.0 (262590865)|VARIABLE_ASSIGNMENT|[4]|this.listNew|[{"IsDeleted":false,"Edad__c":59,"Nif__c":"123456781","Reserva__c":"a001r00000oUIjBAAW","Name":"Pasajero0"}]|0x6851f5e1
12:55:06.0 (262620933)|STATEMENT_EXECUTE|[7]
12:55:06.0 (262631690)|STATEMENT_EXECUTE|[8]
12:55:06.0 (262634092)|STATEMENT_EXECUTE|[9]
12:55:06.0 (262765923)|HEAP_ALLOCATE|[9]|Bytes:4
12:55:06.0 (262780505)|METHOD_ENTRY|[1]|01p1r000008Zry1|PasajeroMethods.PasajeroMethods()
12:55:06.0 (262786971)|STATEMENT_EXECUTE|[1]
12:55:06.0 (262790952)|STATEMENT_EXECUTE|[1]
12:55:06.0 (263143282)|SYSTEM_MODE_ENTER|false
12:55:06.0 (263162416)|HEAP_ALLOCATE|[9]|Bytes:5
12:55:06.0 (263176117)|SYSTEM_MODE_EXIT|false
12:55:06.0 (263192147)|METHOD_EXIT|[1]|PasajeroMethods
12:55:06.0 (263210001)|METHOD_ENTRY|[9]|01p1r000008Zry1|PasajeroMethods.ValidarNif(List<Pasajero__c>)
12:55:06.0 (263228061)|VARIABLE_SCOPE_BEGIN|[32]|listNew|List<Pasajero__c>|true|false
12:55:06.0 (263339298)|VARIABLE_ASSIGNMENT|[32]|listNew|[{"IsDeleted":false,"Edad__c":59,"Nif__c":"123456781","Reserva__c":"a001r00000oUIjBAAW","Name":"Pasajero0"}]|0x43cc3f9c
12:55:06.0 (263372365)|SYSTEM_MODE_ENTER|false
12:55:06.0 (263379826)|HEAP_ALLOCATE|[34]|Bytes:5
12:55:06.0 (263386474)|STATEMENT_EXECUTE|[32]
12:55:06.0 (263450878)|STATEMENT_EXECUTE|[34]
12:55:06.0 (263454195)|STATEMENT_EXECUTE|[37]
12:55:06.0 (263459679)|HEAP_ALLOCATE|[37]|Bytes:30
12:55:06.0 (263478280)|HEAP_ALLOCATE|[37]|Bytes:4
12:55:06.0 (263626716)|SOQL_EXECUTE_BEGIN|[37]|Aggregations:0|SELECT Nif__c FROM Pasajero__c
12:55:06.0 (265266954)|SOQL_EXECUTE_END|[37]|Rows:0
12:55:06.0 (265296079)|HEAP_ALLOCATE|[37]|Bytes:4
12:55:06.0 (265310796)|HEAP_ALLOCATE|[37]|Bytes:0
12:55:06.0 (265348320)|HEAP_ALLOCATE|[37]|Bytes:4
12:55:06.0 (265364302)|VARIABLE_SCOPE_BEGIN|[37]|listPasajero|List<Pasajero__c>|true|false
12:55:06.0 (265383286)|VARIABLE_ASSIGNMENT|[37]|listPasajero|[]|0x36c904b6
12:55:06.0 (265393191)|STATEMENT_EXECUTE|[39]
12:55:06.0 (265407725)|HEAP_ALLOCATE|[39]|Bytes:4
12:55:06.0 (265442421)|VARIABLE_SCOPE_BEGIN|[39]|listPasajeroNif|List<String>|true|false
12:55:06.0 (265477469)|HEAP_ALLOCATE|[EXTERNAL]|Bytes:4
12:55:06.0 (265490730)|VARIABLE_ASSIGNMENT|[39]|listPasajeroNif|[]|0x23d66555
12:55:06.0 (265664875)|HEAP_ALLOCATE|[41]|Bytes:5
12:55:06.0 (265689450)|VARIABLE_ASSIGNMENT|[41]|inPasajero|null|
12:55:06.0 (265699368)|STATEMENT_EXECUTE|[41]
12:55:06.0 (265737368)|HEAP_ALLOCATE|[46]|Bytes:5
12:55:06.0 (265758334)|HEAP_ALLOCATE|[46]|Bytes:4
12:55:06.0 (265771507)|VARIABLE_SCOPE_BEGIN|[46]|inPasajero|Pasajero__c|true|false
12:55:06.0 (265971006)|VARIABLE_ASSIGNMENT|[46]|inPasajero|{"IsDeleted":false,"Edad__c":59,"Nif__c":"123456781","Reserva__c":"a001r00000oUIjBAAW","Name":"Pasajero0"}|0x181c9e16
12:55:06.0 (265985295)|STATEMENT_EXECUTE|[46]
12:55:06.0 (265988364)|STATEMENT_EXECUTE|[48]
12:55:06.0 (266067108)|HEAP_ALLOCATE|[48]|Bytes:8
12:55:06.0 (266090595)|VARIABLE_SCOPE_BEGIN|[48]|numerosNif|String|false|false
12:55:06.0 (266107470)|VARIABLE_ASSIGNMENT|[48]|numerosNif|"12345678"
12:55:06.0 (266116161)|STATEMENT_EXECUTE|[50]
12:55:06.0 (266151149)|HEAP_ALLOCATE|[50]|Bytes:1
12:55:06.0 (266169498)|VARIABLE_SCOPE_BEGIN|[50]|letraNif|String|false|false
12:55:06.0 (266184052)|VARIABLE_ASSIGNMENT|[50]|letraNif|"1"
12:55:06.0 (266251517)|STATEMENT_EXECUTE|[54]
12:55:06.0 (266254825)|STATEMENT_EXECUTE|[55]
12:55:06.0 (266260843)|HEAP_ALLOCATE|[55]|Bytes:21
12:55:06.0 (266362234)|VF_PAGE_MESSAGE|Error en la letra Nif
12:55:06.0 (266397850)|HEAP_ALLOCATE|[46]|Bytes:5
12:55:06.0 (266417305)|VARIABLE_ASSIGNMENT|[46]|inPasajero|null|
12:55:06.0 (266429531)|SYSTEM_MODE_EXIT|false
12:55:06.0 (266442993)|METHOD_EXIT|[9]|01p1r000008Zry1|PasajeroMethods.ValidarNif(List<Pasajero__c>)
12:55:06.0 (266453454)|STATEMENT_EXECUTE|[10]
12:55:06.0 (266474506)|METHOD_ENTRY|[10]|01p1r000008Zry1|PasajeroMethods.RellenarContacto(List<Pasajero__c>)
12:55:06.0 (266494066)|VARIABLE_SCOPE_BEGIN|[3]|listPasajeros|List<Pasajero__c>|true|false
12:55:06.0 (266662195)|VARIABLE_ASSIGNMENT|[3]|listPasajeros|[{"IsDeleted":false,"Edad__c":59,"Nif__c":"123456781","Reserva__c":"a001r00000oUIjBAAW","Name":"Pasajero0"}]|0x43cc3f9c
12:55:06.0 (266701988)|SYSTEM_MODE_ENTER|false
12:55:06.0 (266712524)|HEAP_ALLOCATE|[5]|Bytes:5
12:55:06.0 (266721367)|STATEMENT_EXECUTE|[3]
12:55:06.0 (266753669)|STATEMENT_EXECUTE|[5]
12:55:06.0 (266756899)|STATEMENT_EXECUTE|[8]
12:55:06.0 (266768793)|HEAP_ALLOCATE|[8]|Bytes:4
12:55:06.0 (266807641)|VARIABLE_SCOPE_BEGIN|[8]|listNifs|List<String>|true|false
12:55:06.0 (266837283)|HEAP_ALLOCATE|[EXTERNAL]|Bytes:4
12:55:06.0 (266849481)|VARIABLE_ASSIGNMENT|[8]|listNifs|[]|0x2649fab8
12:55:06.0 (266894693)|HEAP_ALLOCATE|[10]|Bytes:5
12:55:06.0 (266914012)|HEAP_ALLOCATE|[10]|Bytes:4
12:55:06.0 (266925238)|VARIABLE_SCOPE_BEGIN|[10]|inPasajero|Pasajero__c|true|false
12:55:06.0 (267079818)|VARIABLE_ASSIGNMENT|[10]|inPasajero|{"IsDeleted":false,"Edad__c":59,"Nif__c":"123456781","Reserva__c":"a001r00000oUIjBAAW","Name":"Pasajero0"}|0x181c9e16
12:55:06.0 (267094189)|STATEMENT_EXECUTE|[10]
12:55:06.0 (267097282)|STATEMENT_EXECUTE|[11]
12:55:06.0 (267144196)|HEAP_ALLOCATE|[EXTERNAL]|Bytes:4
12:55:06.0 (267168076)|HEAP_ALLOCATE|[10]|Bytes:5
12:55:06.0 (267186446)|VARIABLE_ASSIGNMENT|[10]|inPasajero|null|
12:55:06.0 (267195526)|STATEMENT_EXECUTE|[15]
12:55:06.0 (267199946)|HEAP_ALLOCATE|[15]|Bytes:61
12:55:06.0 (267216654)|HEAP_ALLOCATE|[15]|Bytes:4
12:55:06.0 (267469104)|SOQL_EXECUTE_BEGIN|[15]|Aggregations:0|SELECT Id, Name, Nif__c FROM Contact WHERE Nif__c IN :tmpVar1
12:55:06.0 (271304369)|SOQL_EXECUTE_END|[15]|Rows:0
12:55:06.0 (271328803)|HEAP_ALLOCATE|[15]|Bytes:4
12:55:06.0 (271339017)|HEAP_ALLOCATE|[15]|Bytes:0
12:55:06.0 (271371056)|HEAP_ALLOCATE|[15]|Bytes:4
12:55:06.0 (271383850)|VARIABLE_SCOPE_BEGIN|[15]|listContactos|List<Contact>|true|false
12:55:06.0 (271400281)|VARIABLE_ASSIGNMENT|[15]|listContactos|[]|0x3b0b34b7
12:55:06.0 (271409368)|STATEMENT_EXECUTE|[17]
12:55:06.0 (271424920)|HEAP_ALLOCATE|[17]|Bytes:4
12:55:06.0 (271437887)|VARIABLE_SCOPE_BEGIN|[17]|mapContactos|Map<String,Contact>|true|false
12:55:06.0 (271453601)|VARIABLE_ASSIGNMENT|[17]|mapContactos|{}|0x9a64fd4
12:55:06.0 (271513514)|HEAP_ALLOCATE|[19]|Bytes:5
12:55:06.0 (271528500)|VARIABLE_ASSIGNMENT|[19]|inContact|null|
12:55:06.0 (271535130)|STATEMENT_EXECUTE|[19]
12:55:06.0 (271557888)|HEAP_ALLOCATE|[24]|Bytes:5
12:55:06.0 (271572804)|HEAP_ALLOCATE|[24]|Bytes:4
12:55:06.0 (271579831)|VARIABLE_SCOPE_BEGIN|[24]|inPasajero|Pasajero__c|true|false
12:55:06.0 (271700453)|VARIABLE_ASSIGNMENT|[24]|inPasajero|{"IsDeleted":false,"Edad__c":59,"Nif__c":"123456781","Reserva__c":"a001r00000oUIjBAAW","Name":"Pasajero0"}|0x181c9e16
12:55:06.0 (271709159)|STATEMENT_EXECUTE|[24]
12:55:06.0 (271749602)|STATEMENT_EXECUTE|[25]
12:55:06.0 (271759702)|HEAP_ALLOCATE|[24]|Bytes:5
12:55:06.0 (271771346)|VARIABLE_ASSIGNMENT|[24]|inPasajero|null|
12:55:06.0 (271779745)|SYSTEM_MODE_EXIT|false
12:55:06.0 (271789711)|METHOD_EXIT|[10]|01p1r000008Zry1|PasajeroMethods.RellenarContacto(List<Pasajero__c>)
12:55:06.271 (271804055)|CUMULATIVE_LIMIT_USAGE
12:55:06.271 (271804055)|LIMIT_USAGE_FOR_NS|(default)|
  Number of SOQL queries: 4 out of 100
  Number of query rows: 1 out of 50000
  Number of SOSL queries: 0 out of 20
  Number of DML statements: 4 out of 150
  Number of DML rows: 4 out of 10000
  Maximum CPU time: 0 out of 10000
  Maximum heap size: 0 out of 6000000
  Number of callouts: 0 out of 100
  Number of Email Invocations: 0 out of 10
  Number of future calls: 0 out of 50
  Number of queueable jobs added to the queue: 0 out of 50
  Number of Mobile Apex push calls: 0 out of 10

12:55:06.271 (271804055)|CUMULATIVE_LIMIT_USAGE_END

12:55:06.0 (272935734)|CODE_UNIT_FINISHED|PasajeroTrigger on Pasajero trigger event BeforeInsert
12:55:06.0 (273851794)|DML_END|[33]
12:55:06.0 (273958698)|EXCEPTION_THROWN|[33]|System.DmlException: Insert failed. First exception on row 0; first error: FIELD_CUSTOM_VALIDATION_EXCEPTION, Error en la letra Nif: []
12:55:06.0 (274234631)|HEAP_ALLOCATE|[33]|Bytes:118
12:55:06.0 (274289625)|VARIABLE_SCOPE_BEGIN|[35]|e|Exception|true|false
12:55:06.0 (274396431)|VARIABLE_ASSIGNMENT|[35]|e|"common.apex.runtime.impl.DmlExecutionException: Insert failed. First exception on row 0; first error: FIELD_CUSTOM_VALIDATION_EXCEPTION, Error en la letra Nif: []"|0x6e7289cb
12:55:06.0 (274408391)|STATEMENT_EXECUTE|[35]
12:55:06.0 (274410775)|STATEMENT_EXECUTE|[36]
12:55:06.0 (274448214)|HEAP_ALLOCATE|[36]|Bytes:114
12:55:06.0 (274499462)|STATEMENT_EXECUTE|[37]
12:55:06.0 (274503917)|HEAP_ALLOCATE|[37]|Bytes:1
12:55:06.0 (274556101)|USER_DEBUG|[37]|DEBUG|1
12:55:06.274 (274586060)|CUMULATIVE_LIMIT_USAGE
12:55:06.274 (274586060)|LIMIT_USAGE_FOR_NS|(default)|
  Number of SOQL queries: 2 out of 100
  Number of query rows: 1 out of 50000
  Number of SOSL queries: 0 out of 20
  Number of DML statements: 4 out of 150
  Number of DML rows: 4 out of 10000
  Maximum CPU time: 0 out of 10000
  Maximum heap size: 0 out of 6000000
  Number of callouts: 0 out of 100
  Number of Email Invocations: 0 out of 10
  Number of future calls: 0 out of 50
  Number of queueable jobs added to the queue: 0 out of 50
  Number of Mobile Apex push calls: 0 out of 10

12:55:06.274 (274586060)|CUMULATIVE_LIMIT_USAGE_END

12:55:06.0 (274663295)|CODE_UNIT_FINISHED|PasajeroTest.ValidarNifTest
12:55:06.0 (275492291)|EXECUTION_FINISHED
12:55:06.362 (362739549)|USER_INFO|[EXTERNAL]|0051r000007Oz5Q|lydia.abril@gmail.com|hora estándar de Europa central|GMT+02:00
12:55:06.362 (362783473)|EXECUTION_STARTED
12:55:06.362 (362787579)|CODE_UNIT_STARTED|[EXTERNAL]|DuplicateDetector
12:55:06.362 (362799366)|DUPLICATE_DETECTION_BEGIN
12:55:06.362 (362871727)|DUPLICATE_DETECTION_RULE_INVOCATION|DuplicateRuleId:0Bm1r0000018X89|DuplicateRuleName:Standard Contact Duplicate Rule|DmlType:INSERT
12:55:06.362 (374401041)|DUPLICATE_DETECTION_END
12:55:06.362 (374413042)|CODE_UNIT_FINISHED|DuplicateDetector
12:55:06.362 (375373702)|EXECUTION_FINISHED
12:55:06.377 (377121762)|USER_INFO|[EXTERNAL]|0051r000007Oz5Q|lydia.abril@gmail.com|hora estándar de Europa central|GMT+02:00
12:55:06.377 (377152072)|EXECUTION_STARTED
12:55:06.377 (377157111)|CODE_UNIT_STARTED|[EXTERNAL]|DuplicateDetector
12:55:06.377 (377169965)|DUPLICATE_DETECTION_BEGIN
12:55:06.377 (377271747)|DUPLICATE_DETECTION_RULE_INVOCATION|DuplicateRuleId:0Bm1r0000018X88|DuplicateRuleName:Standard Account Duplicate Rule|DmlType:INSERT
12:55:06.377 (385181728)|DUPLICATE_DETECTION_END
12:55:06.377 (385188373)|CODE_UNIT_FINISHED|DuplicateDetector
12:55:06.377 (386038680)|EXECUTION_FINISHED
