36.0 APEX_CODE,FINEST;APEX_PROFILING,INFO;CALLOUT,INFO;DB,INFO;SYSTEM,DEBUG;VALIDATION,INFO;VISUALFORCE,INFO;WAVE,INFO;WORKFLOW,INFO
16:59:28.0 (426556)|USER_INFO|[EXTERNAL]|0051r000007Oz5Q|lydia.abril@gmail.com|hora estándar de Europa central|GMT+02:00
16:59:28.0 (469646)|EXECUTION_STARTED
16:59:28.0 (475672)|CODE_UNIT_STARTED|[EXTERNAL]|01q1r000000j6Yv|TaskTrigger on Task trigger event AfterUpdate
16:59:28.0 (540474)|HEAP_ALLOCATE|[EXTERNAL]|Bytes:8
16:59:28.0 (596567)|HEAP_ALLOCATE|[EXTERNAL]|Bytes:8
16:59:28.0 (1061698)|HEAP_ALLOCATE|[72]|Bytes:3
16:59:28.0 (1174436)|HEAP_ALLOCATE|[77]|Bytes:152
16:59:28.0 (1198069)|HEAP_ALLOCATE|[342]|Bytes:408
16:59:28.0 (1219268)|HEAP_ALLOCATE|[355]|Bytes:408
16:59:28.0 (1238945)|HEAP_ALLOCATE|[467]|Bytes:48
16:59:28.0 (1278634)|HEAP_ALLOCATE|[139]|Bytes:6
16:59:28.0 (1436423)|HEAP_ALLOCATE|[EXTERNAL]|Bytes:12
16:59:28.0 (1479954)|VARIABLE_SCOPE_BEGIN|[1]|this|TaskTrigger|true|false
16:59:28.0 (1718221)|VARIABLE_ASSIGNMENT|[1]|this|{}|0x63311de9
16:59:28.0 (1809398)|HEAP_ALLOCATE|[EXTERNAL]|Bytes:12
16:59:28.0 (1874701)|VARIABLE_SCOPE_BEGIN|[1]|this|TaskTrigger|true|false
16:59:28.0 (1892060)|VARIABLE_ASSIGNMENT|[1]|this|{}|0x63311de9
16:59:28.0 (1902768)|STATEMENT_EXECUTE|[1]
16:59:28.0 (1905201)|STATEMENT_EXECUTE|[3]
16:59:28.0 (1943658)|HEAP_ALLOCATE|[50]|Bytes:5
16:59:28.0 (1977262)|HEAP_ALLOCATE|[56]|Bytes:5
16:59:28.0 (1987123)|HEAP_ALLOCATE|[64]|Bytes:7
16:59:28.0 (3100462)|VARIABLE_ASSIGNMENT|[3]|this.listNew|[{"Status":"Completed","LastModifiedDate":"2018-04-17T14:59:27.000Z","IsDeleted":false,"AccountId":"0011r00001nnRDqAAM","WhatId":"0061r00000vkPBBAA2","ActivityDate":"2040-04-29T00:00:00.000Z","Priority":"Normal","IsHighPriority":false,"IsClosed":true,"IsRecurrence":false,"Subject":"qqqqqq","SystemModstamp":"2018-04-17T14:59:27.000Z","IsArchived":false,"CreatedById":"0051r000007Oz5QAAS","TaskSubtype":"Task","OwnerId":"0051r000007Oz5QAAS","CreatedDate":"2018-04-17T14:55:37.000Z","Id":"00T1r00004COsuJEAT","DB_Activity_Type__c":"Other","IsReminderSet":false,"LastModifiedById":"0051r000007Oz5QAAS"}]|0x63311de9
16:59:28.0 (3125097)|STATEMENT_EXECUTE|[5]
16:59:28.0 (3444657)|VARIABLE_ASSIGNMENT|[5]|this.mapOld|{"00T1r00004COsuJEAT":{"Status":"Not Started","LastModifiedDate":"2018-04-17T14:55:37.000Z","IsDeleted":false,"AccountId":"0011r00001nnRDqAAM","WhatId":"0061r00000vkPBBAA2","ActivityDate":"2040-04-29T00:00:00.000Z","Priority":"Normal","IsHighPriority":false,"IsClosed":false,"IsRecurrence":false,"Subject":"qqqqqq","SystemModstamp":"2018-04-17T14:55:37.000Z","IsArchived":false,"CreatedById":"0051r000007Oz5QAAS","TaskSubtype":"Task","OwnerId":"0051r000007Oz5QAAS","CreatedDate":"2018-04-17T14:55:37.000Z","Id":"00T1r00004COsuJEAT","DB_Activity_Type__c":"Other","IsReminderSet":false,"LastModifiedById":"0051r000007Oz5QAAS"}}|0x63311de9
16:59:28.0 (3474445)|STATEMENT_EXECUTE|[8]
16:59:28.0 (3480548)|STATEMENT_EXECUTE|[9]
16:59:28.0 (3482459)|STATEMENT_EXECUTE|[10]
16:59:28.0 (12044227)|HEAP_ALLOCATE|[10]|Bytes:4
16:59:28.0 (12064853)|HEAP_ALLOCATE|[10]|Bytes:25
16:59:28.0 (12111385)|METHOD_ENTRY|[1]|01p1r000009oS6S|TaskMethods.TaskMethods()
16:59:28.0 (12122307)|STATEMENT_EXECUTE|[1]
16:59:28.0 (12131249)|STATEMENT_EXECUTE|[1]
16:59:28.0 (12605001)|SYSTEM_MODE_ENTER|false
16:59:28.0 (12624931)|HEAP_ALLOCATE|[10]|Bytes:5
16:59:28.0 (12634858)|SYSTEM_MODE_EXIT|false
16:59:28.0 (12664630)|METHOD_EXIT|[1]|TaskMethods
16:59:28.0 (12723796)|METHOD_ENTRY|[10]|01p1r000009oS6S|TaskMethods.CerrarTarea(List<Task>, Map<Id,Task>)
16:59:28.0 (12776785)|VARIABLE_SCOPE_BEGIN|[3]|listTask|List<Task>|true|false
16:59:28.0 (13172916)|VARIABLE_ASSIGNMENT|[3]|listTask|[{"Status":"Completed","LastModifiedDate":"2018-04-17T14:59:27.000Z","IsDeleted":false,"AccountId":"0011r00001nnRDqAAM","WhatId":"0061r00000vkPBBAA2","ActivityDate":"2040-04-29T00:00:00.000Z","Priority":"Normal","IsHighPriority":false,"IsClosed":true,"IsRecurrence":false,"Subject":"qqqqqq","SystemModstamp":"2018-04-17T14:59:27.000Z","IsArchived":false,"CreatedById":"0051r000007Oz5QAAS","TaskSubtype":"Task","OwnerId":"0051r000007Oz5QAAS","CreatedDate":"2018-04-17T14:55:37.000Z","Id":"00T1r00004COsuJEAT","DB_Activity_Type__c":"Other","IsReminderSet":false,"LastModifiedById":"0051r000007Oz5QAAS"}]|0x774f8576
16:59:28.0 (13193351)|VARIABLE_SCOPE_BEGIN|[3]|mapTaskOld|Map<Id,Task>|true|false
16:59:28.0 (13435015)|VARIABLE_ASSIGNMENT|[3]|mapTaskOld|{"00T1r00004COsuJEAT":{"Status":"Not Started","LastModifiedDate":"2018-04-17T14:55:37.000Z","IsDeleted":false,"AccountId":"0011r00001nnRDqAAM","WhatId":"0061r00000vkPBBAA2","ActivityDate":"2040-04-29T00:00:00.000Z","Priority":"Normal","IsHighPriority":false,"IsClosed":false,"IsRecurrence":false,"Subject":"qqqqqq","SystemModstamp":"2018-04-17T14:55:37.000Z","IsArchived":false,"CreatedById":"0051r000007Oz5QAAS","TaskSubtype":"Task","OwnerId":"0051r000007Oz5QAAS","CreatedDate":"2018-04-17T14:55:37.000Z","Id":"00T1r00004COsuJEAT","DB_Activity_Type__c":"Other","IsReminderSet":false,"LastModifiedById":"0051r000007Oz5QAAS"}}|0x72aa6fba
16:59:28.0 (13462801)|SYSTEM_MODE_ENTER|false
16:59:28.0 (13470560)|HEAP_ALLOCATE|[5]|Bytes:5
16:59:28.0 (13477110)|STATEMENT_EXECUTE|[3]
16:59:28.0 (13596105)|STATEMENT_EXECUTE|[5]
16:59:28.0 (13598642)|STATEMENT_EXECUTE|[8]
16:59:28.0 (13660504)|HEAP_ALLOCATE|[8]|Bytes:4
16:59:28.0 (13745166)|VARIABLE_SCOPE_BEGIN|[8]|listAcUpdate|List<Account>|true|false
16:59:28.0 (13757101)|HEAP_ALLOCATE|[EXTERNAL]|Bytes:4
16:59:28.0 (13766842)|VARIABLE_ASSIGNMENT|[8]|listAcUpdate|[]|0x43850670
16:59:28.0 (13773053)|STATEMENT_EXECUTE|[11]
16:59:28.0 (13789135)|HEAP_ALLOCATE|[11]|Bytes:4
16:59:28.0 (13817048)|VARIABLE_SCOPE_BEGIN|[11]|setTaskIds|Set<String>|true|false
16:59:28.0 (13844981)|VARIABLE_ASSIGNMENT|[11]|setTaskIds|[]|0x48ea4f43
16:59:28.0 (13987361)|HEAP_ALLOCATE|[13]|Bytes:5
16:59:28.0 (14029119)|VARIABLE_SCOPE_BEGIN|[13]|inTask|Task|true|false
16:59:28.0 (14236201)|VARIABLE_ASSIGNMENT|[13]|inTask|{"Status":"Completed","LastModifiedDate":"2018-04-17T14:59:27.000Z","IsDeleted":false,"AccountId":"0011r00001nnRDqAAM","WhatId":"0061r00000vkPBBAA2","ActivityDate":"2040-04-29T00:00:00.000Z","Priority":"Normal","IsHighPriority":false,"IsClosed":true,"IsRecurrence":false,"Subject":"qqqqqq","SystemModstamp":"2018-04-17T14:59:27.000Z","IsArchived":false,"CreatedById":"0051r000007Oz5QAAS","TaskSubtype":"Task","OwnerId":"0051r000007Oz5QAAS","CreatedDate":"2018-04-17T14:55:37.000Z","Id":"00T1r00004COsuJEAT","DB_Activity_Type__c":"Other","IsReminderSet":false,"LastModifiedById":"0051r000007Oz5QAAS"}|0x77fe5ea4
16:59:28.0 (14252815)|STATEMENT_EXECUTE|[13]
16:59:28.0 (14350200)|HEAP_ALLOCATE|[14]|Bytes:9
16:59:28.0 (14412610)|STATEMENT_EXECUTE|[14]
16:59:28.0 (14416177)|STATEMENT_EXECUTE|[15]
16:59:28.0 (14465563)|HEAP_ALLOCATE|[EXTERNAL]|Bytes:4
16:59:28.0 (14486213)|HEAP_ALLOCATE|[13]|Bytes:5
16:59:28.0 (14504796)|VARIABLE_ASSIGNMENT|[13]|inTask|null|
16:59:28.0 (14513521)|STATEMENT_EXECUTE|[20]
16:59:28.0 (14535503)|HEAP_ALLOCATE|[20]|Bytes:4
16:59:28.0 (14565433)|HEAP_ALLOCATE|[20]|Bytes:218
16:59:28.0 (14587995)|HEAP_ALLOCATE|[20]|Bytes:4
16:59:28.0 (14598208)|HEAP_ALLOCATE|[20]|Bytes:7
16:59:28.0 (14634773)|HEAP_ALLOCATE|[20]|Bytes:8
16:59:28.0 (14643199)|HEAP_ALLOCATE|[20]|Bytes:8
16:59:28.0 (15240307)|SOQL_EXECUTE_BEGIN|[20]|Aggregations:0|SELECT WhatId, ActivityDate, TYPEOF What WHEN Account THEN Id, Parent.Fecha_ultima_actividad_mas_reciente__c WHEN Opportunity THEN Account.Parent.Fecha_ultima_actividad_mas_reciente__c END FROM Task WHERE Id = :tmpVar1
16:59:28.0 (25881241)|SOQL_EXECUTE_END|[20]|Rows:1
16:59:28.0 (25918022)|HEAP_ALLOCATE|[20]|Bytes:8
16:59:28.0 (25964600)|HEAP_ALLOCATE|[20]|Bytes:297
16:59:28.0 (26011804)|HEAP_ALLOCATE|[20]|Bytes:8
16:59:28.0 (26053368)|HEAP_ALLOCATE|[20]|Bytes:20
16:59:28.0 (26062810)|HEAP_ALLOCATE|[20]|Bytes:20
16:59:28.0 (26068649)|HEAP_ALLOCATE|[20]|Bytes:4
16:59:28.0 (26084011)|VARIABLE_SCOPE_BEGIN|[20]|listTaskType|List<Task>|true|false
16:59:28.0 (26107087)|HEAP_ALLOCATE|[EXTERNAL]|Bytes:8
16:59:28.0 (26173593)|VARIABLE_ASSIGNMENT|[20]|listTaskType|[{"WhatId":"0061r00000vkPBBAA2","ActivityDate":"2040-04-29T00:00:00.000Z","Id":"00T1r00004COsuJEAT","What":{"Id":"0061r00000vkPBBAA2","AccountId":"0011r00001nnRDqAAM","Account":{"Id":"0011r00001nnRDqAAM","ParentId":"0011r00001mvH7mAAE","Parent":{"Id":"0011r00001mvH7mAAE","Fecha_ultima_activid (18 more) ...":"2030-04-28T00:00:00.000Z"}}}}]|0x7a2b2049
16:59:28.0 (26197846)|STATEMENT_EXECUTE|[28]
16:59:28.0 (26204051)|HEAP_ALLOCATE|[28]|Bytes:40
16:59:28.0 (26333745)|HEAP_ALLOCATE|[28]|Bytes:91
16:59:28.0 (26362297)|HEAP_ALLOCATE|[28]|Bytes:131
16:59:28.0 (26385591)|USER_DEBUG|[28]|DEBUG|TaskMethods.CerrarTarea.listTaskType :: (Task:{WhatId=0061r00000vkPBBAA2, ActivityDate=2040-04-29 00:00:00, Id=00T1r00004COsuJEAT})
16:59:28.0 (26463986)|HEAP_ALLOCATE|[31]|Bytes:5
16:59:28.0 (26484098)|HEAP_ALLOCATE|[31]|Bytes:20
16:59:28.0 (26498371)|VARIABLE_SCOPE_BEGIN|[31]|inTask|Task|true|false
16:59:28.0 (26541547)|VARIABLE_ASSIGNMENT|[31]|inTask|{"WhatId":"0061r00000vkPBBAA2","ActivityDate":"2040-04-29T00:00:00.000Z","Id":"00T1r00004COsuJEAT","What":{"Id":"0061r00000vkPBBAA2","AccountId":"0011r00001nnRDqAAM","Account":{"Id":"0011r00001nnRDqAAM","ParentId":"0011r00001mvH7mAAE","Parent":{"Id":"0011r00001mvH7mAAE","Fecha_ultima_activid (18 more) ...":"2030-04-28T00:00:00.000Z"}}}}|0x1cb95f5c
16:59:28.0 (26561945)|STATEMENT_EXECUTE|[31]
16:59:28.0 (26646685)|HEAP_ALLOCATE|[32]|Bytes:37
16:59:28.0 (26676243)|STATEMENT_EXECUTE|[32]
16:59:28.0 (26678417)|STATEMENT_EXECUTE|[33]
16:59:28.0 (26692005)|HEAP_ALLOCATE|[33]|Bytes:11
16:59:28.0 (26904485)|USER_DEBUG|[33]|DEBUG|Opportunity
16:59:28.0 (27082784)|STATEMENT_EXECUTE|[34]
16:59:28.0 (27087441)|STATEMENT_EXECUTE|[35]
16:59:28.0 (27166993)|VARIABLE_ASSIGNMENT|[35]|this.Fecha_ultima_actividad_mas_reciente__c|"2040-04-29T00:00:00.000Z"|0x11c90e8b
16:59:28.0 (27180044)|STATEMENT_EXECUTE|[36]
16:59:28.0 (27229493)|HEAP_ALLOCATE|[EXTERNAL]|Bytes:4
16:59:28.0 (27255961)|HEAP_ALLOCATE|[31]|Bytes:5
16:59:28.0 (27274922)|VARIABLE_ASSIGNMENT|[31]|inTask|null|
16:59:28.0 (27284022)|STATEMENT_EXECUTE|[48]
16:59:28.0 (27288924)|HEAP_ALLOCATE|[48]|Bytes:13
16:59:28.0 (27377386)|HEAP_ALLOCATE|[48]|Bytes:93
16:59:28.0 (27402768)|HEAP_ALLOCATE|[48]|Bytes:106
16:59:28.0 (27419417)|USER_DEBUG|[48]|DEBUG|listAcUpdate (Account:{Id=0011r00001mvH7mAAE, Fecha_ultima_actividad_mas_reciente__c=2040-04-29 00:00:00})
16:59:28.0 (27431861)|STATEMENT_EXECUTE|[49]
16:59:28.0 (27492154)|DML_BEGIN|[49]|Op:Update|Type:Account|Rows:1
16:59:28.0 (27533494)|HEAP_ALLOCATE|[EXTERNAL]|Bytes:8
16:59:28.0 (53059221)|CODE_UNIT_STARTED|[EXTERNAL]|01q1r000000j8Jg|AccountTrigger on Account trigger event BeforeUpdate
16:59:28.0 (53102708)|HEAP_ALLOCATE|[EXTERNAL]|Bytes:8
16:59:28.0 (53131380)|HEAP_ALLOCATE|[EXTERNAL]|Bytes:8
16:59:28.0 (53245873)|HEAP_ALLOCATE|[EXTERNAL]|Bytes:12
16:59:28.0 (53259142)|VARIABLE_SCOPE_BEGIN|[1]|this|AccountTrigger|true|false
16:59:28.0 (53315587)|VARIABLE_ASSIGNMENT|[1]|this|{}|0xbabbbd2
16:59:28.0 (53370135)|HEAP_ALLOCATE|[EXTERNAL]|Bytes:12
16:59:28.0 (53377346)|VARIABLE_SCOPE_BEGIN|[1]|this|AccountTrigger|true|false
16:59:28.0 (53390324)|VARIABLE_ASSIGNMENT|[1]|this|{}|0xbabbbd2
16:59:28.0 (53400238)|STATEMENT_EXECUTE|[1]
16:59:28.0 (53402729)|STATEMENT_EXECUTE|[3]
16:59:28.0 (56011313)|VARIABLE_ASSIGNMENT|[3]|this.listNew|[{"LastModifiedDate":"2018-04-17T14:53:38.000Z","Ownership":"Public","Description":"Chain of hotels and  (62 more) ...","BillingCity":"Chicago","Rating":"Warm","Website":"www.grandhotels.com","NumberOfEmployees":5600,"SLA__c":"Gold","Name":"Grand Hotels & Resor (6 more) ...","Industry":"Hospitality","OwnerId":"0051r000007Oz5QAAS","CreatedById":"0051r000007Oz5QAAS","SLASerialNumber__c":"5572","TickerSymbol":"GHTL","Phone":"(312) 596-1000","Match_Billing_Addres (4 more) ...":false,"UpsellOpportunity__c":"Yes","NumberofLocations__c":57,"IsDeleted":false,"Fecha_ultima_activid (18 more) ...":"2040-04-29T00:00:00.000Z","Sic":"2268","SystemModstamp":"2018-04-17T14:53:38.000Z","ShippingStreet":"2334 N. Michigan Ave (39 more) ...","AccountNumber":"CD439877","Type":"Customer - Direct","CleanStatus":"Pending","SLAExpirationDate__c":"2018-10-16T00:00:00.000Z","BillingStreet":"2334 N. Michigan Ave (39 more) ...","LastActivityDate":"2047-04-20T00:00:00.000Z","CreatedDate":"2018-03-21T12:29:14.000Z","CustomerPriority__c":"High","Id":"0011r00001mvH7mAAE","Fax":"(312) 596-1500","LastModifiedById":"0051r000007Oz5QAAS","AnnualRevenue":500000000,"BillingState":"IL","Active__c":"Yes"}]|0xbabbbd2
16:59:28.0 (56043310)|STATEMENT_EXECUTE|[5]
16:59:28.0 (56450026)|VARIABLE_ASSIGNMENT|[5]|this.mapOld|{"0011r00001mvH7mAAE":{"LastModifiedDate":"2018-04-17T14:53:38.000Z","Ownership":"Public","Description":"Chain of hotels and  (62 more) ...","BillingCity":"Chicago","Rating":"Warm","Website":"www.grandhotels.com","NumberOfEmployees":5600,"SLA__c":"Gold","Name":"Grand Hotels & Resor (6 more) ...","Industry":"Hospitality","OwnerId":"0051r000007Oz5QAAS","CreatedById":"0051r000007Oz5QAAS","SLASerialNumber__c":"5572","TickerSymbol":"GHTL","Phone":"(312) 596-1000","Match_Billing_Addres (4 more) ...":false,"UpsellOpportunity__c":"Yes","NumberofLocations__c":57,"IsDeleted":false,"Fecha_ultima_activid (18 more) ...":"2030-04-28T00:00:00.000Z","Sic":"2268","SystemModstamp":"2018-04-17T14:53:38.000Z","ShippingStreet":"2334 N. Michigan Ave (39 more) ...","AccountNumber":"CD439877","Type":"Customer - Direct","CleanStatus":"Pending","SLAExpirationDate__c":"2018-10-16T00:00:00.000Z","BillingStreet":"2334 N. Michigan Ave (39 more) ...","LastActivityDate":"2047-04-20T00:00:00.000Z","CreatedDate":"2018-03-21T12:29:14.000Z","CustomerPriority__c":"High","Id":"0011r00001mvH7mAAE","Fax":"(312) 596-1500","LastModifiedById":"0051r000007Oz5QAAS","AnnualRevenue":500000000,"BillingState":"IL","Active__c":"Yes"}}|0xbabbbd2
16:59:28.0 (56487936)|STATEMENT_EXECUTE|[7]
16:59:28.0 (56492537)|STATEMENT_EXECUTE|[8]
16:59:28.0 (56494622)|STATEMENT_EXECUTE|[9]
16:59:28.0 (60008870)|HEAP_ALLOCATE|[9]|Bytes:1
16:59:28.0 (60054162)|METHOD_ENTRY|[1]|01p1r000009p8Bf|AccountMethods.AccountMethods()
16:59:28.0 (60061725)|STATEMENT_EXECUTE|[1]
16:59:28.0 (60067805)|STATEMENT_EXECUTE|[1]
16:59:28.0 (60080238)|HEAP_ALLOCATE|[9]|Bytes:5
16:59:28.0 (60092541)|METHOD_EXIT|[1]|AccountMethods
16:59:28.0 (60120314)|METHOD_ENTRY|[9]|01p1r000009p8Bf|AccountMethods.ActualizarCuentaHija(List<Account>, Map<Id,Account>)
16:59:28.0 (60150602)|VARIABLE_SCOPE_BEGIN|[3]|listAccount|List<Account>|true|false
16:59:28.0 (60467792)|VARIABLE_ASSIGNMENT|[3]|listAccount|[{"LastModifiedDate":"2018-04-17T14:53:38.000Z","Ownership":"Public","Description":"Chain of hotels and  (62 more) ...","BillingCity":"Chicago","Rating":"Warm","Website":"www.grandhotels.com","NumberOfEmployees":5600,"SLA__c":"Gold","Name":"Grand Hotels & Resor (6 more) ...","Industry":"Hospitality","OwnerId":"0051r000007Oz5QAAS","CreatedById":"0051r000007Oz5QAAS","SLASerialNumber__c":"5572","TickerSymbol":"GHTL","Phone":"(312) 596-1000","Match_Billing_Addres (4 more) ...":false,"UpsellOpportunity__c":"Yes","NumberofLocations__c":57,"IsDeleted":false,"Fecha_ultima_activid (18 more) ...":"2040-04-29T00:00:00.000Z","Sic":"2268","SystemModstamp":"2018-04-17T14:53:38.000Z","ShippingStreet":"2334 N. Michigan Ave (39 more) ...","AccountNumber":"CD439877","Type":"Customer - Direct","CleanStatus":"Pending","SLAExpirationDate__c":"2018-10-16T00:00:00.000Z","BillingStreet":"2334 N. Michigan Ave (39 more) ...","LastActivityDate":"2047-04-20T00:00:00.000Z","CreatedDate":"2018-03-21T12:29:14.000Z","CustomerPriority__c":"High","Id":"0011r00001mvH7mAAE","Fax":"(312) 596-1500","LastModifiedById":"0051r000007Oz5QAAS","AnnualRevenue":500000000,"BillingState":"IL","Active__c":"Yes"}]|0x2800ec07
16:59:28.0 (60497060)|VARIABLE_SCOPE_BEGIN|[3]|mapOld|Map<Id,Account>|true|false
16:59:28.0 (60764195)|VARIABLE_ASSIGNMENT|[3]|mapOld|{"0011r00001mvH7mAAE":{"LastModifiedDate":"2018-04-17T14:53:38.000Z","Ownership":"Public","Description":"Chain of hotels and  (62 more) ...","BillingCity":"Chicago","Rating":"Warm","Website":"www.grandhotels.com","NumberOfEmployees":5600,"SLA__c":"Gold","Name":"Grand Hotels & Resor (6 more) ...","Industry":"Hospitality","OwnerId":"0051r000007Oz5QAAS","CreatedById":"0051r000007Oz5QAAS","SLASerialNumber__c":"5572","TickerSymbol":"GHTL","Phone":"(312) 596-1000","Match_Billing_Addres (4 more) ...":false,"UpsellOpportunity__c":"Yes","NumberofLocations__c":57,"IsDeleted":false,"Fecha_ultima_activid (18 more) ...":"2030-04-28T00:00:00.000Z","Sic":"2268","SystemModstamp":"2018-04-17T14:53:38.000Z","ShippingStreet":"2334 N. Michigan Ave (39 more) ...","AccountNumber":"CD439877","Type":"Customer - Direct","CleanStatus":"Pending","SLAExpirationDate__c":"2018-10-16T00:00:00.000Z","BillingStreet":"2334 N. Michigan Ave (39 more) ...","LastActivityDate":"2047-04-20T00:00:00.000Z","CreatedDate":"2018-03-21T12:29:14.000Z","CustomerPriority__c":"High","Id":"0011r00001mvH7mAAE","Fax":"(312) 596-1500","LastModifiedById":"0051r000007Oz5QAAS","AnnualRevenue":500000000,"BillingState":"IL","Active__c":"Yes"}}|0x598175a7
16:59:28.0 (60803257)|HEAP_ALLOCATE|[5]|Bytes:5
16:59:28.0 (60810533)|STATEMENT_EXECUTE|[3]
16:59:28.0 (60861546)|STATEMENT_EXECUTE|[5]
16:59:28.0 (60863911)|STATEMENT_EXECUTE|[8]
16:59:28.0 (60879060)|HEAP_ALLOCATE|[8]|Bytes:4
16:59:28.0 (60905626)|VARIABLE_SCOPE_BEGIN|[8]|listAccountIds|List<String>|true|false
16:59:28.0 (60933653)|HEAP_ALLOCATE|[EXTERNAL]|Bytes:4
16:59:28.0 (60945394)|VARIABLE_ASSIGNMENT|[8]|listAccountIds|[]|0x47e7b805
16:59:28.0 (60951546)|STATEMENT_EXECUTE|[9]
16:59:28.0 (60986799)|HEAP_ALLOCATE|[9]|Bytes:4
16:59:28.0 (61020405)|VARIABLE_SCOPE_BEGIN|[9]|mapAccountParent|Map<String,Account>|true|false
16:59:28.0 (61035482)|VARIABLE_ASSIGNMENT|[9]|mapAccountParent|{}|0x31250586
16:59:28.0 (61139493)|HEAP_ALLOCATE|[11]|Bytes:5
16:59:28.0 (61158537)|HEAP_ALLOCATE|[11]|Bytes:4
16:59:28.0 (61168564)|VARIABLE_SCOPE_BEGIN|[11]|inAccount|Account|true|false
16:59:28.0 (61460001)|VARIABLE_ASSIGNMENT|[11]|inAccount|{"LastModifiedDate":"2018-04-17T14:53:38.000Z","Ownership":"Public","Description":"Chain of hotels and  (62 more) ...","BillingCity":"Chicago","Rating":"Warm","Website":"www.grandhotels.com","NumberOfEmployees":5600,"SLA__c":"Gold","Name":"Grand Hotels & Resor (6 more) ...","Industry":"Hospitality","OwnerId":"0051r000007Oz5QAAS","CreatedById":"0051r000007Oz5QAAS","SLASerialNumber__c":"5572","TickerSymbol":"GHTL","Phone":"(312) 596-1000","Match_Billing_Addres (4 more) ...":false,"UpsellOpportunity__c":"Yes","NumberofLocations__c":57,"IsDeleted":false,"Fecha_ultima_activid (18 more) ...":"2040-04-29T00:00:00.000Z","Sic":"2268","SystemModstamp":"2018-04-17T14:53:38.000Z","ShippingStreet":"2334 N. Michigan Ave (39 more) ...","AccountNumber":"CD439877","Type":"Customer - Direct","CleanStatus":"Pending","SLAExpirationDate__c":"2018-10-16T00:00:00.000Z","BillingStreet":"2334 N. Michigan Ave (39 more) ...","LastActivityDate":"2047-04-20T00:00:00.000Z","CreatedDate":"2018-03-21T12:29:14.000Z","CustomerPriority__c":"High","Id":"0011r00001mvH7mAAE","Fax":"(312) 596-1500","LastModifiedById":"0051r000007Oz5QAAS","AnnualRevenue":500000000,"BillingState":"IL","Active__c":"Yes"}|0x4c14d556
16:59:28.0 (61487032)|STATEMENT_EXECUTE|[11]
16:59:28.0 (61578755)|STATEMENT_EXECUTE|[12]
16:59:28.0 (61581766)|STATEMENT_EXECUTE|[13]
16:59:28.0 (61618191)|HEAP_ALLOCATE|[EXTERNAL]|Bytes:4
16:59:28.0 (61627720)|STATEMENT_EXECUTE|[14]
16:59:28.0 (61656978)|HEAP_ALLOCATE|[EXTERNAL]|Bytes:-4
16:59:28.0 (61673207)|HEAP_ALLOCATE|[11]|Bytes:5
16:59:28.0 (61687128)|VARIABLE_ASSIGNMENT|[11]|inAccount|null|
16:59:28.0 (61692809)|STATEMENT_EXECUTE|[19]
16:59:28.0 (61697129)|HEAP_ALLOCATE|[19]|Bytes:99
16:59:28.0 (61710105)|HEAP_ALLOCATE|[19]|Bytes:4
16:59:28.0 (61884771)|SOQL_EXECUTE_BEGIN|[19]|Aggregations:0|SELECT Id, Fecha_ultima_actividad_mas_reciente__c, ParentId FROM Account WHERE ParentId IN :tmpVar1
16:59:28.0 (64327955)|SOQL_EXECUTE_END|[19]|Rows:1
16:59:28.0 (64349316)|HEAP_ALLOCATE|[19]|Bytes:8
16:59:28.0 (64367576)|HEAP_ALLOCATE|[19]|Bytes:105
16:59:28.0 (64395442)|HEAP_ALLOCATE|[19]|Bytes:8
16:59:28.0 (64405928)|VARIABLE_SCOPE_BEGIN|[19]|listAccountChild|List<Account>|true|false
16:59:28.0 (64435190)|VARIABLE_ASSIGNMENT|[19]|listAccountChild|[{"Id":"0011r00001nnRDqAAM","Fecha_ultima_activid (18 more) ...":"2030-04-28T00:00:00.000Z","ParentId":"0011r00001mvH7mAAE"}]|0x5543a7a3
16:59:28.0 (64476443)|HEAP_ALLOCATE|[22]|Bytes:5
16:59:28.0 (64491979)|HEAP_ALLOCATE|[22]|Bytes:16
16:59:28.0 (64499787)|VARIABLE_SCOPE_BEGIN|[22]|inAccount|Account|true|false
16:59:28.0 (64519046)|VARIABLE_ASSIGNMENT|[22]|inAccount|{"Id":"0011r00001nnRDqAAM","Fecha_ultima_activid (18 more) ...":"2030-04-28T00:00:00.000Z","ParentId":"0011r00001mvH7mAAE"}|0x12ec3756
16:59:28.0 (64527680)|STATEMENT_EXECUTE|[22]
16:59:28.0 (64529744)|STATEMENT_EXECUTE|[23]
16:59:28.0 (64641115)|VARIABLE_ASSIGNMENT|[23]|this.Fecha_ultima_actividad_mas_reciente__c|"2040-04-29T00:00:00.000Z"|0x12ec3756
16:59:28.0 (64664370)|HEAP_ALLOCATE|[22]|Bytes:5
16:59:28.0 (64678027)|VARIABLE_ASSIGNMENT|[22]|inAccount|null|
16:59:28.0 (64684009)|STATEMENT_EXECUTE|[26]
16:59:28.0 (64722366)|DML_BEGIN|[26]|Op:Update|Type:Account|Rows:1
16:59:28.0 (64749856)|HEAP_ALLOCATE|[EXTERNAL]|Bytes:8
16:59:28.0 (72279073)|CODE_UNIT_STARTED|[EXTERNAL]|01q1r000000j8Jg|AccountTrigger on Account trigger event BeforeUpdate
16:59:28.0 (72315257)|HEAP_ALLOCATE|[EXTERNAL]|Bytes:8
16:59:28.0 (72337432)|HEAP_ALLOCATE|[EXTERNAL]|Bytes:8
16:59:28.0 (72380477)|HEAP_ALLOCATE|[EXTERNAL]|Bytes:12
16:59:28.0 (72388624)|VARIABLE_SCOPE_BEGIN|[1]|this|AccountTrigger|true|false
16:59:28.0 (72415840)|VARIABLE_ASSIGNMENT|[1]|this|{}|0x5a7adf90
16:59:28.0 (72451669)|HEAP_ALLOCATE|[EXTERNAL]|Bytes:12
16:59:28.0 (72457635)|VARIABLE_SCOPE_BEGIN|[1]|this|AccountTrigger|true|false
16:59:28.0 (72469358)|VARIABLE_ASSIGNMENT|[1]|this|{}|0x5a7adf90
16:59:28.0 (72477606)|STATEMENT_EXECUTE|[1]
16:59:28.0 (72479859)|STATEMENT_EXECUTE|[3]
16:59:28.0 (72878787)|VARIABLE_ASSIGNMENT|[3]|this.listNew|[{"ParentId":"0011r00001mvH7mAAE","LastModifiedDate":"2018-04-17T14:53:38.000Z","IsDeleted":false,"Fecha_ultima_activid (18 more) ...":"2040-04-29T00:00:00.000Z","SystemModstamp":"2018-04-17T14:53:38.000Z","Name":"prueba","CleanStatus":"Pending","OwnerId":"0051r000007Oz5QAAS","CreatedById":"0051r000007Oz5QAAS","Match_Billing_Addres (4 more) ...":false,"LastActivityDate":"2048-04-01T00:00:00.000Z","CreatedDate":"2018-04-12T09:07:46.000Z","Id":"0011r00001nnRDqAAM","LastModifiedById":"0051r000007Oz5QAAS"}]|0x5a7adf90
16:59:28.0 (72896786)|STATEMENT_EXECUTE|[5]
16:59:28.0 (73238699)|VARIABLE_ASSIGNMENT|[5]|this.mapOld|{"0011r00001nnRDqAAM":{"ParentId":"0011r00001mvH7mAAE","LastModifiedDate":"2018-04-17T14:53:38.000Z","IsDeleted":false,"Fecha_ultima_activid (18 more) ...":"2030-04-28T00:00:00.000Z","SystemModstamp":"2018-04-17T14:53:38.000Z","Name":"prueba","CleanStatus":"Pending","OwnerId":"0051r000007Oz5QAAS","CreatedById":"0051r000007Oz5QAAS","Match_Billing_Addres (4 more) ...":false,"LastActivityDate":"2048-04-01T00:00:00.000Z","CreatedDate":"2018-04-12T09:07:46.000Z","Id":"0011r00001nnRDqAAM","LastModifiedById":"0051r000007Oz5QAAS"}}|0x5a7adf90
16:59:28.0 (73260501)|STATEMENT_EXECUTE|[7]
16:59:28.0 (73264680)|STATEMENT_EXECUTE|[8]
16:59:28.0 (73266435)|STATEMENT_EXECUTE|[9]
16:59:28.0 (73279453)|METHOD_ENTRY|[9]|01p1r000009p8Bf|AccountMethods.ActualizarCuentaHija(List<Account>, Map<Id,Account>)
16:59:28.0 (73288513)|VARIABLE_SCOPE_BEGIN|[3]|listAccount|List<Account>|true|false
16:59:28.0 (73734931)|VARIABLE_ASSIGNMENT|[3]|listAccount|[{"ParentId":"0011r00001mvH7mAAE","LastModifiedDate":"2018-04-17T14:53:38.000Z","IsDeleted":false,"Fecha_ultima_activid (18 more) ...":"2040-04-29T00:00:00.000Z","SystemModstamp":"2018-04-17T14:53:38.000Z","Name":"prueba","CleanStatus":"Pending","OwnerId":"0051r000007Oz5QAAS","CreatedById":"0051r000007Oz5QAAS","Match_Billing_Addres (4 more) ...":false,"LastActivityDate":"2048-04-01T00:00:00.000Z","CreatedDate":"2018-04-12T09:07:46.000Z","Id":"0011r00001nnRDqAAM","LastModifiedById":"0051r000007Oz5QAAS"}]|0x413480ab
16:59:28.0 (73750636)|VARIABLE_SCOPE_BEGIN|[3]|mapOld|Map<Id,Account>|true|false
16:59:28.0 (74188606)|VARIABLE_ASSIGNMENT|[3]|mapOld|{"0011r00001nnRDqAAM":{"ParentId":"0011r00001mvH7mAAE","LastModifiedDate":"2018-04-17T14:53:38.000Z","IsDeleted":false,"Fecha_ultima_activid (18 more) ...":"2030-04-28T00:00:00.000Z","SystemModstamp":"2018-04-17T14:53:38.000Z","Name":"prueba","CleanStatus":"Pending","OwnerId":"0051r000007Oz5QAAS","CreatedById":"0051r000007Oz5QAAS","Match_Billing_Addres (4 more) ...":false,"LastActivityDate":"2048-04-01T00:00:00.000Z","CreatedDate":"2018-04-12T09:07:46.000Z","Id":"0011r00001nnRDqAAM","LastModifiedById":"0051r000007Oz5QAAS"}}|0x53eca1f4
16:59:28.0 (74216982)|HEAP_ALLOCATE|[5]|Bytes:5
16:59:28.0 (74224462)|STATEMENT_EXECUTE|[3]
16:59:28.0 (74240612)|STATEMENT_EXECUTE|[5]
16:59:28.0 (74242644)|STATEMENT_EXECUTE|[8]
16:59:28.0 (74252383)|HEAP_ALLOCATE|[8]|Bytes:4
16:59:28.0 (74266032)|VARIABLE_SCOPE_BEGIN|[8]|listAccountIds|List<String>|true|false
16:59:28.0 (74288626)|HEAP_ALLOCATE|[EXTERNAL]|Bytes:4
16:59:28.0 (74297964)|VARIABLE_ASSIGNMENT|[8]|listAccountIds|[]|0x62473db1
16:59:28.0 (74304021)|STATEMENT_EXECUTE|[9]
16:59:28.0 (74318257)|HEAP_ALLOCATE|[9]|Bytes:4
16:59:28.0 (74325311)|VARIABLE_SCOPE_BEGIN|[9]|mapAccountParent|Map<String,Account>|true|false
16:59:28.0 (74337535)|VARIABLE_ASSIGNMENT|[9]|mapAccountParent|{}|0x6ecde836
16:59:28.0 (74359869)|HEAP_ALLOCATE|[11]|Bytes:5
16:59:28.0 (74374432)|HEAP_ALLOCATE|[11]|Bytes:4
16:59:28.0 (74381816)|VARIABLE_SCOPE_BEGIN|[11]|inAccount|Account|true|false
16:59:28.0 (74680001)|VARIABLE_ASSIGNMENT|[11]|inAccount|{"ParentId":"0011r00001mvH7mAAE","LastModifiedDate":"2018-04-17T14:53:38.000Z","IsDeleted":false,"Fecha_ultima_activid (18 more) ...":"2040-04-29T00:00:00.000Z","SystemModstamp":"2018-04-17T14:53:38.000Z","Name":"prueba","CleanStatus":"Pending","OwnerId":"0051r000007Oz5QAAS","CreatedById":"0051r000007Oz5QAAS","Match_Billing_Addres (4 more) ...":false,"LastActivityDate":"2048-04-01T00:00:00.000Z","CreatedDate":"2018-04-12T09:07:46.000Z","Id":"0011r00001nnRDqAAM","LastModifiedById":"0051r000007Oz5QAAS"}|0xb990c9c
16:59:28.0 (74696813)|STATEMENT_EXECUTE|[11]
16:59:28.0 (74706323)|STATEMENT_EXECUTE|[12]
16:59:28.0 (74718126)|HEAP_ALLOCATE|[11]|Bytes:5
16:59:28.0 (74731735)|VARIABLE_ASSIGNMENT|[11]|inAccount|null|
16:59:28.0 (74737620)|STATEMENT_EXECUTE|[19]
16:59:28.0 (74748560)|HEAP_ALLOCATE|[19]|Bytes:4
16:59:28.0 (74923908)|SOQL_EXECUTE_BEGIN|[19]|Aggregations:0|SELECT Id, Fecha_ultima_actividad_mas_reciente__c, ParentId FROM Account WHERE ParentId IN :tmpVar1
16:59:28.0 (76051729)|SOQL_EXECUTE_END|[19]|Rows:0
16:59:28.0 (76073102)|HEAP_ALLOCATE|[19]|Bytes:4
16:59:28.0 (76082841)|HEAP_ALLOCATE|[19]|Bytes:0
16:59:28.0 (76108436)|HEAP_ALLOCATE|[19]|Bytes:4
16:59:28.0 (76118978)|VARIABLE_SCOPE_BEGIN|[19]|listAccountChild|List<Account>|true|false
16:59:28.0 (76138382)|VARIABLE_ASSIGNMENT|[19]|listAccountChild|[]|0x258f0fe8
16:59:28.0 (76176949)|HEAP_ALLOCATE|[22]|Bytes:5
16:59:28.0 (76197136)|VARIABLE_ASSIGNMENT|[22]|inAccount|null|
16:59:28.0 (76204099)|STATEMENT_EXECUTE|[22]
16:59:28.0 (76206283)|STATEMENT_EXECUTE|[26]
16:59:28.0 (76266035)|HEAP_ALLOCATE|[EXTERNAL]|Bytes:4
16:59:28.0 (76282017)|METHOD_EXIT|[9]|01p1r000009p8Bf|AccountMethods.ActualizarCuentaHija(List<Account>, Map<Id,Account>)
16:59:28.76 (76293278)|CUMULATIVE_LIMIT_USAGE
16:59:28.76 (76293278)|LIMIT_USAGE_FOR_NS|(default)|
  Number of SOQL queries: 3 out of 100
  Number of query rows: 2 out of 50000
  Number of SOSL queries: 0 out of 20
  Number of DML statements: 2 out of 150
  Number of DML rows: 2 out of 10000
  Maximum CPU time: 0 out of 10000
  Maximum heap size: 0 out of 6000000
  Number of callouts: 0 out of 100
  Number of Email Invocations: 0 out of 10
  Number of future calls: 0 out of 50
  Number of queueable jobs added to the queue: 0 out of 50
  Number of Mobile Apex push calls: 0 out of 10

16:59:28.76 (76293278)|CUMULATIVE_LIMIT_USAGE_END

16:59:28.0 (77199056)|CODE_UNIT_FINISHED|AccountTrigger on Account trigger event BeforeUpdate
16:59:28.0 (79323221)|CODE_UNIT_STARTED|[EXTERNAL]|DuplicateDetector
16:59:28.0 (79338031)|DUPLICATE_DETECTION_BEGIN
16:59:28.0 (79907716)|DUPLICATE_DETECTION_RULE_INVOCATION|DuplicateRuleId:0Bm1r0000018X88|DuplicateRuleName:Standard Account Duplicate Rule|DmlType:UPDATE
16:59:28.0 (79953389)|DUPLICATE_DETECTION_END
16:59:28.0 (79957998)|CODE_UNIT_FINISHED|DuplicateDetector
16:59:28.0 (96306911)|DML_END|[26]
16:59:28.0 (96347335)|HEAP_ALLOCATE|[EXTERNAL]|Bytes:8
16:59:28.0 (96382647)|METHOD_EXIT|[9]|01p1r000009p8Bf|AccountMethods.ActualizarCuentaHija(List<Account>, Map<Id,Account>)
16:59:28.96 (96398747)|CUMULATIVE_LIMIT_USAGE
16:59:28.96 (96398747)|LIMIT_USAGE_FOR_NS|(default)|
  Number of SOQL queries: 3 out of 100
  Number of query rows: 2 out of 50000
  Number of SOSL queries: 0 out of 20
  Number of DML statements: 2 out of 150
  Number of DML rows: 2 out of 10000
  Maximum CPU time: 0 out of 10000
  Maximum heap size: 0 out of 6000000
  Number of callouts: 0 out of 100
  Number of Email Invocations: 0 out of 10
  Number of future calls: 0 out of 50
  Number of queueable jobs added to the queue: 0 out of 50
  Number of Mobile Apex push calls: 0 out of 10

16:59:28.96 (96398747)|CUMULATIVE_LIMIT_USAGE_END

16:59:28.0 (97291468)|CODE_UNIT_FINISHED|AccountTrigger on Account trigger event BeforeUpdate
16:59:28.0 (98156611)|CODE_UNIT_STARTED|[EXTERNAL]|DuplicateDetector
16:59:28.0 (98175300)|DUPLICATE_DETECTION_BEGIN
16:59:28.0 (98222662)|DUPLICATE_DETECTION_RULE_INVOCATION|DuplicateRuleId:0Bm1r0000018X88|DuplicateRuleName:Standard Account Duplicate Rule|DmlType:UPDATE
16:59:28.0 (98256055)|DUPLICATE_DETECTION_END
16:59:28.0 (98260619)|CODE_UNIT_FINISHED|DuplicateDetector
16:59:28.0 (107229699)|DML_END|[49]
16:59:28.0 (107264790)|HEAP_ALLOCATE|[EXTERNAL]|Bytes:8
16:59:28.0 (107285948)|SYSTEM_MODE_EXIT|false
16:59:28.0 (107304720)|METHOD_EXIT|[10]|01p1r000009oS6S|TaskMethods.CerrarTarea(List<Task>, Map<Id,Task>)
16:59:28.107 (107320782)|CUMULATIVE_LIMIT_USAGE
16:59:28.107 (107320782)|LIMIT_USAGE_FOR_NS|(default)|
  Number of SOQL queries: 3 out of 100
  Number of query rows: 2 out of 50000
  Number of SOSL queries: 0 out of 20
  Number of DML statements: 2 out of 150
  Number of DML rows: 2 out of 10000
  Maximum CPU time: 0 out of 10000
  Maximum heap size: 0 out of 6000000
  Number of callouts: 0 out of 100
  Number of Email Invocations: 0 out of 10
  Number of future calls: 0 out of 50
  Number of queueable jobs added to the queue: 0 out of 50
  Number of Mobile Apex push calls: 0 out of 10

16:59:28.107 (107320782)|CUMULATIVE_LIMIT_USAGE_END

16:59:28.0 (108578326)|CODE_UNIT_FINISHED|TaskTrigger on Task trigger event AfterUpdate
16:59:28.0 (109490061)|EXECUTION_FINISHED
16:59:28.126 (126408050)|USER_INFO|[EXTERNAL]|0051r000007Oz5Q|lydia.abril@gmail.com|hora estándar de Europa central|GMT+02:00
16:59:28.126 (126434469)|EXECUTION_STARTED
16:59:28.126 (126438163)|CODE_UNIT_STARTED|[EXTERNAL]|DuplicateDetector
16:59:28.126 (126453201)|DUPLICATE_DETECTION_BEGIN
16:59:28.126 (126518222)|DUPLICATE_DETECTION_RULE_INVOCATION|DuplicateRuleId:0Bm1r0000018X88|DuplicateRuleName:Standard Account Duplicate Rule|DmlType:UPDATE
16:59:28.126 (142585216)|DUPLICATE_DETECTION_END
16:59:28.126 (142600169)|CODE_UNIT_FINISHED|DuplicateDetector
16:59:28.126 (143647449)|EXECUTION_FINISHED
