36.0 APEX_CODE,FINEST;APEX_PROFILING,INFO;CALLOUT,INFO;DB,INFO;SYSTEM,DEBUG;VALIDATION,INFO;VISUALFORCE,INFO;WAVE,INFO;WORKFLOW,INFO
13:04:05.0 (338425)|USER_INFO|[EXTERNAL]|0051r000007Oz5Q|lydia.abril@gmail.com|hora estándar de Europa central|GMT+02:00
13:04:05.0 (380149)|EXECUTION_STARTED
13:04:05.0 (383896)|CODE_UNIT_STARTED|[EXTERNAL]|01p1r000007YNsL|AnimalsCalloutsTest.testGetCallout
13:04:05.0 (596613)|HEAP_ALLOCATE|[72]|Bytes:3
13:04:05.0 (627565)|HEAP_ALLOCATE|[77]|Bytes:152
13:04:05.0 (641706)|HEAP_ALLOCATE|[342]|Bytes:408
13:04:05.0 (658373)|HEAP_ALLOCATE|[355]|Bytes:408
13:04:05.0 (671898)|HEAP_ALLOCATE|[467]|Bytes:48
13:04:05.0 (701490)|HEAP_ALLOCATE|[139]|Bytes:6
13:04:05.0 (717673)|HEAP_ALLOCATE|[EXTERNAL]|Bytes:49
13:04:05.0 (738421)|METHOD_ENTRY|[2]|01p1r000007YNsL|AnimalsCalloutsTest.AnimalsCalloutsTest()
13:04:05.0 (746477)|STATEMENT_EXECUTE|[2]
13:04:05.0 (751781)|STATEMENT_EXECUTE|[2]
13:04:05.0 (756281)|METHOD_EXIT|[2]|AnimalsCalloutsTest
13:04:05.0 (889997)|HEAP_ALLOCATE|[50]|Bytes:5
13:04:05.0 (911539)|HEAP_ALLOCATE|[56]|Bytes:5
13:04:05.0 (920757)|HEAP_ALLOCATE|[64]|Bytes:7
13:04:05.0 (957313)|STATEMENT_EXECUTE|[3]
13:04:05.0 (959239)|STATEMENT_EXECUTE|[5]
13:04:05.0 (1004921)|HEAP_ALLOCATE|[5]|Bytes:16
13:04:05.0 (1014942)|SYSTEM_METHOD_ENTRY|[1]|StaticResourceCalloutMock.StaticResourceCalloutMock()
13:04:05.0 (1019796)|STATEMENT_EXECUTE|[1]
13:04:05.0 (1025141)|SYSTEM_METHOD_EXIT|[1]|StaticResourceCalloutMock
13:04:05.0 (1032202)|HEAP_ALLOCATE|[5]|Bytes:12
13:04:05.0 (1047331)|CONSTRUCTOR_ENTRY|[5]||<init>()
13:04:05.0 (1195131)|VARIABLE_SCOPE_BEGIN|[5]|mock|System.StaticResourceCalloutMock|true|false
13:04:05.0 (1387730)|VARIABLE_ASSIGNMENT|[5]|mock|{"res":"System.HttpResponse[Status=OK, StatusCode=200]"}|0x21c9edaa
13:04:05.0 (1397669)|STATEMENT_EXECUTE|[6]
13:04:05.0 (1401636)|HEAP_ALLOCATE|[6]|Bytes:17
13:04:05.0 (1418378)|METHOD_ENTRY|[6]||System.StaticResourceCalloutMock.setStaticResource(String)
13:04:05.0 (1453841)|METHOD_EXIT|[6]||System.StaticResourceCalloutMock.setStaticResource(String)
13:04:05.0 (1459876)|STATEMENT_EXECUTE|[7]
13:04:05.0 (1465805)|METHOD_ENTRY|[7]||System.StaticResourceCalloutMock.setStatusCode(Integer)
13:04:05.0 (1505528)|METHOD_EXIT|[7]||System.StaticResourceCalloutMock.setStatusCode(Integer)
13:04:05.0 (1511347)|STATEMENT_EXECUTE|[8]
13:04:05.0 (1514290)|HEAP_ALLOCATE|[8]|Bytes:12
13:04:05.0 (1519031)|HEAP_ALLOCATE|[8]|Bytes:30
13:04:05.0 (1525349)|METHOD_ENTRY|[8]||System.StaticResourceCalloutMock.setHeader(String, String)
13:04:05.0 (1563147)|METHOD_EXIT|[8]||System.StaticResourceCalloutMock.setHeader(String, String)
13:04:05.0 (1568341)|STATEMENT_EXECUTE|[10]
13:04:05.0 (1570980)|HEAP_ALLOCATE|[10]|Bytes:22
13:04:05.0 (1642199)|HEAP_ALLOCATE|[10]|Bytes:27
13:04:05.0 (1650658)|SYSTEM_METHOD_ENTRY|[1]|Type.Type()
13:04:05.0 (1654632)|STATEMENT_EXECUTE|[1]
13:04:05.0 (1659842)|SYSTEM_METHOD_EXIT|[1]|Type
13:04:05.0 (1666442)|HEAP_ALLOCATE|[10]|Bytes:8
13:04:05.0 (1682095)|HEAP_ALLOCATE|[10]|Bytes:8
13:04:05.0 (1688694)|VARIABLE_SCOPE_BEGIN|[4]|this|System.Type|true|false
13:04:05.0 (1711187)|VARIABLE_ASSIGNMENT|[4]|this|{}|0x44efb64a
13:04:05.0 (1717600)|VARIABLE_SCOPE_BEGIN|[4]|apextype|java:common.apex.runtime.ApexObjectType|true|false
13:04:05.0 (1797877)|VARIABLE_ASSIGNMENT|[4]|apextype|"System.HttpCalloutMock"|0x7018fc9b
13:04:05.0 (1828376)|HEAP_ALLOCATE|[10]|Bytes:8
13:04:05.0 (1860877)|HEAP_ALLOCATE|[10]|Bytes:63
13:04:05.0 (1868730)|SYSTEM_METHOD_ENTRY|[1]|Test.Test()
13:04:05.0 (1872257)|STATEMENT_EXECUTE|[1]
13:04:05.0 (1876214)|SYSTEM_METHOD_EXIT|[1]|Test
13:04:05.0 (1886227)|METHOD_ENTRY|[10]||System.Test.setMock(System.Type, Object)
13:04:05.0 (2008022)|METHOD_EXIT|[10]||System.Test.setMock(System.Type, Object)
13:04:05.0 (2015660)|STATEMENT_EXECUTE|[12]
13:04:05.0 (3002158)|HEAP_ALLOCATE|[12]|Bytes:4
13:04:05.0 (3011985)|HEAP_ALLOCATE|[12]|Bytes:14
13:04:05.0 (3025427)|METHOD_ENTRY|[1]|01p1r000007YNk0|AnimalsCallouts.AnimalsCallouts()
13:04:05.0 (3031740)|STATEMENT_EXECUTE|[1]
13:04:05.0 (3036281)|STATEMENT_EXECUTE|[1]
13:04:05.0 (3040577)|METHOD_EXIT|[1]|AnimalsCallouts
13:04:05.0 (3058634)|METHOD_ENTRY|[12]|01p1r000007YNk0|AnimalsCallouts.makeGetCallout()
13:04:05.0 (3084144)|STATEMENT_EXECUTE|[2]
13:04:05.0 (3086261)|STATEMENT_EXECUTE|[3]
13:04:05.0 (3100139)|VARIABLE_SCOPE_BEGIN|[3]|http|System.Http|true|false
13:04:05.0 (3176500)|VARIABLE_ASSIGNMENT|[3]|http|"System.Http[]"|0x6a92936e
13:04:05.0 (3186102)|STATEMENT_EXECUTE|[4]
13:04:05.0 (3197943)|VARIABLE_SCOPE_BEGIN|[4]|request|System.HttpRequest|true|false
13:04:05.0 (3258086)|VARIABLE_ASSIGNMENT|[4]|request|"System.HttpRequest[Endpoint=null, Method=null]"|0x6fc8a4b9
13:04:05.0 (3265701)|STATEMENT_EXECUTE|[5]
13:04:05.0 (3269311)|HEAP_ALLOCATE|[5]|Bytes:50
13:04:05.0 (3327605)|STATEMENT_EXECUTE|[6]
13:04:05.0 (3330970)|HEAP_ALLOCATE|[6]|Bytes:3
13:04:05.0 (3356439)|STATEMENT_EXECUTE|[7]
13:04:05.0 (3446443)|CALLOUT_REQUEST|[7]|System.HttpRequest[Endpoint=https://th-apex-http-callout.herokuapp.com/animals, Method=GET]
13:04:05.0 (3490257)|HEAP_ALLOCATE|[7]|Bytes:12
13:04:05.0 (3499068)|HEAP_ALLOCATE|[7]|Bytes:50
13:04:05.0 (3504881)|VARIABLE_SCOPE_BEGIN|[27]|this|System.StaticResourceCalloutMock|true|false
13:04:05.0 (3598260)|VARIABLE_ASSIGNMENT|[27]|this|{"res":"System.HttpResponse[Status=OK, StatusCode=200]","staticResourceName":"GetAnimalResource"}|0x21c9edaa
13:04:05.0 (3607112)|VARIABLE_SCOPE_BEGIN|[27]|request|System.HttpRequest|true|false
13:04:05.0 (3663553)|VARIABLE_ASSIGNMENT|[27]|request|"System.HttpRequest[Endpoint=https://th-apex-http-callout.herokuapp.com/animals, Method=GET]"|0x6fc8a4b9
13:04:05.0 (6301368)|CALLOUT_RESPONSE|[7]|System.HttpResponse[Status=OK, StatusCode=200]
13:04:05.0 (6315161)|HEAP_ALLOCATE|[7]|Bytes:74
13:04:05.0 (6324672)|VARIABLE_SCOPE_BEGIN|[7]|response|System.HttpResponse|true|false
13:04:05.0 (6391463)|VARIABLE_ASSIGNMENT|[7]|response|"System.HttpResponse[Status=OK, StatusCode=200]"|0x548872c9
13:04:05.0 (6422799)|STATEMENT_EXECUTE|[9]
13:04:05.0 (6425042)|STATEMENT_EXECUTE|[11]
13:04:05.0 (6446872)|HEAP_ALLOCATE|[11]|Bytes:68
13:04:05.0 (6484598)|HEAP_ALLOCATE|[11]|Bytes:24
13:04:05.0 (6495299)|SYSTEM_METHOD_ENTRY|[1]|JSON.JSON()
13:04:05.0 (6499851)|STATEMENT_EXECUTE|[1]
13:04:05.0 (6504770)|SYSTEM_METHOD_EXIT|[1]|JSON
13:04:05.0 (6515965)|METHOD_ENTRY|[11]||System.JSON.deserializeUntyped(String)
13:04:05.0 (6929575)|METHOD_EXIT|[11]||System.JSON.deserializeUntyped(String)
13:04:05.0 (6941932)|VARIABLE_SCOPE_BEGIN|[11]|results|Map<String,ANY>|true|false
13:04:05.0 (6965081)|HEAP_ALLOCATE|[EXTERNAL]|Bytes:16
13:04:05.0 (6993674)|VARIABLE_ASSIGNMENT|[11]|results|{"animals":["pesky porcupine","hungry hippo","squeaky squirrel"]}|0x27954c96
13:04:05.0 (7002760)|STATEMENT_EXECUTE|[13]
13:04:05.0 (7007407)|HEAP_ALLOCATE|[13]|Bytes:7
13:04:05.0 (7054362)|VARIABLE_SCOPE_BEGIN|[13]|animals|List<ANY>|true|false
13:04:05.0 (7070512)|VARIABLE_ASSIGNMENT|[13]|animals|["pesky porcupine","hungry hippo","squeaky squirrel"]|0x301c6c97
13:04:05.0 (7077491)|STATEMENT_EXECUTE|[14]
13:04:05.0 (7086875)|HEAP_ALLOCATE|[14]|Bytes:31
13:04:05.0 (7114676)|USER_DEBUG|[14]|DEBUG|Received the following animals:
13:04:05.0 (7180435)|HEAP_ALLOCATE|[15]|Bytes:5
13:04:05.0 (7194032)|HEAP_ALLOCATE|[15]|Bytes:15
13:04:05.0 (7204517)|VARIABLE_SCOPE_BEGIN|[15]|animal|Object|false|false
13:04:05.0 (7217471)|VARIABLE_ASSIGNMENT|[15]|animal|"pesky porcupine"
13:04:05.0 (7223916)|STATEMENT_EXECUTE|[15]
13:04:05.0 (7225664)|STATEMENT_EXECUTE|[16]
13:04:05.0 (7237888)|USER_DEBUG|[16]|DEBUG|pesky porcupine
13:04:05.0 (7251783)|HEAP_ALLOCATE|[15]|Bytes:5
13:04:05.0 (7260165)|HEAP_ALLOCATE|[15]|Bytes:12
13:04:05.0 (7267802)|VARIABLE_SCOPE_BEGIN|[15]|animal|Object|false|false
13:04:05.0 (7278535)|VARIABLE_ASSIGNMENT|[15]|animal|"hungry hippo"
13:04:05.0 (7283342)|STATEMENT_EXECUTE|[15]
13:04:05.0 (7284810)|STATEMENT_EXECUTE|[16]
13:04:05.0 (7289881)|USER_DEBUG|[16]|DEBUG|hungry hippo
13:04:05.0 (7300789)|HEAP_ALLOCATE|[15]|Bytes:5
13:04:05.0 (7307170)|HEAP_ALLOCATE|[15]|Bytes:16
13:04:05.0 (7313939)|VARIABLE_SCOPE_BEGIN|[15]|animal|Object|false|false
13:04:05.0 (7324226)|VARIABLE_ASSIGNMENT|[15]|animal|"squeaky squirrel"
13:04:05.0 (7329676)|STATEMENT_EXECUTE|[15]
13:04:05.0 (7331193)|STATEMENT_EXECUTE|[16]
13:04:05.0 (7335201)|USER_DEBUG|[16]|DEBUG|squeaky squirrel
13:04:05.0 (7345043)|HEAP_ALLOCATE|[15]|Bytes:5
13:04:05.0 (7356419)|VARIABLE_ASSIGNMENT|[15]|animal|null
13:04:05.0 (7362194)|STATEMENT_EXECUTE|[19]
13:04:05.0 (7365982)|METHOD_EXIT|[12]|01p1r000007YNk0|AnimalsCallouts.makeGetCallout()
13:04:05.0 (7372217)|VARIABLE_SCOPE_BEGIN|[12]|result|System.HttpResponse|true|false
13:04:05.0 (7437556)|VARIABLE_ASSIGNMENT|[12]|result|"System.HttpResponse[Status=OK, StatusCode=200]"|0x548872c9
13:04:05.0 (7445553)|STATEMENT_EXECUTE|[14]
13:04:05.0 (7449366)|HEAP_ALLOCATE|[15]|Bytes:37
13:04:05.0 (7488649)|STATEMENT_EXECUTE|[17]
13:04:05.0 (7514369)|HEAP_ALLOCATE|[18]|Bytes:27
13:04:05.0 (7532862)|STATEMENT_EXECUTE|[20]
13:04:05.0 (7550253)|HEAP_ALLOCATE|[21]|Bytes:30
13:04:05.0 (7556894)|HEAP_ALLOCATE|[22]|Bytes:39
13:04:05.0 (7573891)|STATEMENT_EXECUTE|[24]
13:04:05.0 (7589613)|HEAP_ALLOCATE|[25]|Bytes:68
13:04:05.0 (7599408)|METHOD_ENTRY|[25]||System.JSON.deserializeUntyped(String)
13:04:05.0 (7862657)|METHOD_EXIT|[25]||System.JSON.deserializeUntyped(String)
13:04:05.0 (7872426)|VARIABLE_SCOPE_BEGIN|[24]|results|Map<String,ANY>|true|false
13:04:05.0 (7890507)|HEAP_ALLOCATE|[EXTERNAL]|Bytes:16
13:04:05.0 (7905056)|VARIABLE_ASSIGNMENT|[24]|results|{"animals":["pesky porcupine","hungry hippo","squeaky squirrel"]}|0x7cf198ce
13:04:05.0 (7912422)|STATEMENT_EXECUTE|[26]
13:04:05.0 (7951081)|VARIABLE_SCOPE_BEGIN|[26]|animals|List<ANY>|true|false
13:04:05.0 (7967800)|VARIABLE_ASSIGNMENT|[26]|animals|["pesky porcupine","hungry hippo","squeaky squirrel"]|0x2fda2b13
13:04:05.0 (7974697)|STATEMENT_EXECUTE|[27]
13:04:05.0 (8001449)|HEAP_ALLOCATE|[28]|Bytes:38
13:04:05.8 (8026566)|CUMULATIVE_LIMIT_USAGE
13:04:05.8 (8026566)|LIMIT_USAGE_FOR_NS|(default)|
  Number of SOQL queries: 0 out of 100
  Number of query rows: 0 out of 50000
  Number of SOSL queries: 0 out of 20
  Number of DML statements: 0 out of 150
  Number of DML rows: 0 out of 10000
  Maximum CPU time: 0 out of 10000
  Maximum heap size: 0 out of 6000000
  Number of callouts: 1 out of 100
  Number of Email Invocations: 0 out of 10
  Number of future calls: 0 out of 50
  Number of queueable jobs added to the queue: 0 out of 50
  Number of Mobile Apex push calls: 0 out of 10

13:04:05.8 (8026566)|CUMULATIVE_LIMIT_USAGE_END

13:04:05.0 (8058542)|CODE_UNIT_FINISHED|AnimalsCalloutsTest.testGetCallout
13:04:05.0 (8915105)|EXECUTION_FINISHED
