42.0 APEX_CODE,FINEST;APEX_PROFILING,INFO;CALLOUT,INFO;DB,INFO;SYSTEM,DEBUG;VALIDATION,INFO;VISUALFORCE,INFO;WAVE,INFO;WORKFLOW,INFO
Execute Anonymous: calculatorServices.CalculatorImplPort calculator = new  calculatorServices.CalculatorImplPort();
Execute Anonymous: Double x = 1.0;
Execute Anonymous: Double y = 2.0;
Execute Anonymous: Double result = calculator.doAdd(x,y);
Execute Anonymous: System.debug(result);
12:32:03.2 (2293682)|USER_INFO|[EXTERNAL]|0051r000007Oz5Q|lydia.abril@gmail.com|hora estándar de Europa central|GMT+02:00
12:32:03.2 (2313501)|EXECUTION_STARTED
12:32:03.2 (2316930)|CODE_UNIT_STARTED|[EXTERNAL]|execute_anonymous_apex
12:32:03.2 (26433161)|VARIABLE_SCOPE_BEGIN|[1]|calculator|calculatorServices.CalculatorImplPort|true|false
12:32:03.2 (26610991)|VARIABLE_SCOPE_BEGIN|[4]|result|Double|false|false
12:32:03.2 (26619720)|VARIABLE_SCOPE_BEGIN|[2]|x|Double|false|false
12:32:03.2 (26626677)|VARIABLE_SCOPE_BEGIN|[3]|y|Double|false|false
12:32:03.2 (26740921)|HEAP_ALLOCATE|[72]|Bytes:3
12:32:03.2 (26787387)|HEAP_ALLOCATE|[77]|Bytes:152
12:32:03.2 (26803069)|HEAP_ALLOCATE|[342]|Bytes:408
12:32:03.2 (26816407)|HEAP_ALLOCATE|[355]|Bytes:408
12:32:03.2 (26827181)|HEAP_ALLOCATE|[467]|Bytes:48
12:32:03.2 (26851006)|HEAP_ALLOCATE|[139]|Bytes:6
12:32:03.2 (26867481)|HEAP_ALLOCATE|[EXTERNAL]|Bytes:9
12:32:03.2 (26936719)|STATEMENT_EXECUTE|[1]
12:32:03.2 (26939786)|STATEMENT_EXECUTE|[1]
12:32:03.2 (26944447)|HEAP_ALLOCATE|[1]|Bytes:13
12:32:03.2 (26997102)|HEAP_ALLOCATE|[1]|Bytes:36
12:32:03.2 (27046282)|HEAP_ALLOCATE|[50]|Bytes:5
12:32:03.2 (27067391)|HEAP_ALLOCATE|[56]|Bytes:5
12:32:03.2 (27075203)|HEAP_ALLOCATE|[64]|Bytes:7
12:32:03.2 (27101113)|SYSTEM_MODE_ENTER|false
12:32:03.2 (27118940)|HEAP_ALLOCATE|[1]|Bytes:5
12:32:03.2 (27136575)|CONSTRUCTOR_ENTRY|[1]|01p1r000007Yosz|<init>()
12:32:03.2 (27162710)|VARIABLE_SCOPE_BEGIN|[60]|this|calculatorServices.CalculatorImplPort|true|false
12:32:03.2 (27222077)|VARIABLE_ASSIGNMENT|[60]|this|{}|0x15e9e552
12:32:03.2 (27232285)|HEAP_ALLOCATE|[61]|Bytes:6
12:32:03.2 (27268141)|STATEMENT_EXECUTE|[60]
12:32:03.2 (27270350)|STATEMENT_EXECUTE|[61]
12:32:03.2 (27273118)|HEAP_ALLOCATE|[61]|Bytes:61
12:32:03.2 (27293101)|VARIABLE_ASSIGNMENT|[61]|this.endpoint_x|"https://th-apex-soap (41 more) ..."|0x15e9e552
12:32:03.2 (27299107)|STATEMENT_EXECUTE|[62]
12:32:03.2 (27300744)|STATEMENT_EXECUTE|[63]
12:32:03.2 (27302133)|STATEMENT_EXECUTE|[64]
12:32:03.2 (27303518)|STATEMENT_EXECUTE|[65]
12:32:03.2 (27304972)|STATEMENT_EXECUTE|[66]
12:32:03.2 (27307250)|STATEMENT_EXECUTE|[67]
12:32:03.2 (27308669)|STATEMENT_EXECUTE|[68]
12:32:03.2 (27318752)|HEAP_ALLOCATE|[68]|Bytes:4
12:32:03.2 (27387704)|HEAP_ALLOCATE|[68]|Bytes:27
12:32:03.2 (27400176)|HEAP_ALLOCATE|[68]|Bytes:18
12:32:03.2 (27431947)|HEAP_ALLOCATE|[EXTERNAL]|Bytes:12
12:32:03.2 (27448541)|VARIABLE_ASSIGNMENT|[68]|this.ns_map_type_info|["http://calculator.se (7 more) ...","calculatorServices"]|0x15e9e552
12:32:03.2 (27456943)|CONSTRUCTOR_EXIT|[1]|01p1r000007Yosz|<init>()
12:32:03.2 (27465340)|SYSTEM_MODE_EXIT|false
12:32:03.2 (27502202)|VARIABLE_ASSIGNMENT|[1]|calculator|{"endpoint_x":"https://th-apex-soap (41 more) ...","ns_map_type_info":"0x38710ed0"}|0x15e9e552
12:32:03.2 (27510710)|STATEMENT_EXECUTE|[2]
12:32:03.2 (27513752)|HEAP_ALLOCATE|[2]|Bytes:3
12:32:03.2 (27553704)|HEAP_ALLOCATE|[2]|Bytes:28
12:32:03.2 (27564589)|HEAP_ALLOCATE|[2]|Bytes:12
12:32:03.2 (27576796)|VARIABLE_ASSIGNMENT|[2]|x|1.0
12:32:03.2 (27581586)|STATEMENT_EXECUTE|[3]
12:32:03.2 (27584004)|HEAP_ALLOCATE|[3]|Bytes:3
12:32:03.2 (27590435)|HEAP_ALLOCATE|[3]|Bytes:28
12:32:03.2 (27600020)|HEAP_ALLOCATE|[3]|Bytes:12
12:32:03.2 (27607977)|VARIABLE_ASSIGNMENT|[3]|y|2.0
12:32:03.2 (27612990)|STATEMENT_EXECUTE|[4]
12:32:03.2 (27644890)|SYSTEM_MODE_ENTER|false
12:32:03.2 (27653056)|HEAP_ALLOCATE|[4]|Bytes:5
12:32:03.2 (27698957)|METHOD_ENTRY|[4]|01p1r000007Yosz|calculatorServices.CalculatorImplPort.doAdd(Double, Double)
12:32:03.2 (27714702)|VARIABLE_SCOPE_BEGIN|[135]|this|calculatorServices.CalculatorImplPort|true|false
12:32:03.2 (27737523)|VARIABLE_ASSIGNMENT|[135]|this|{"endpoint_x":"https://th-apex-soap (41 more) ...","ns_map_type_info":"0x38710ed0"}|0x15e9e552
12:32:03.2 (27745277)|VARIABLE_SCOPE_BEGIN|[135]|arg0|Double|false|false
12:32:03.2 (27752931)|VARIABLE_ASSIGNMENT|[135]|arg0|1.0
12:32:03.2 (27757026)|VARIABLE_SCOPE_BEGIN|[135]|arg1|Double|false|false
12:32:03.2 (27763366)|VARIABLE_ASSIGNMENT|[135]|arg1|2.0
12:32:03.2 (27771376)|STATEMENT_EXECUTE|[135]
12:32:03.2 (27773217)|STATEMENT_EXECUTE|[136]
12:32:03.2 (27933819)|HEAP_ALLOCATE|[136]|Bytes:28
12:32:03.2 (27950145)|CONSTRUCTOR_ENTRY|[136]|01p1r000007Yosz|<init>()
12:32:03.2 (27968979)|VARIABLE_SCOPE_BEGIN|[18]|this|calculatorServices.doAdd|true|false
12:32:03.2 (28012652)|VARIABLE_ASSIGNMENT|[18]|this|{}|0x11a1803b
12:32:03.2 (28032110)|STATEMENT_EXECUTE|[18]
12:32:03.2 (28034133)|STATEMENT_EXECUTE|[19]
12:32:03.2 (28035768)|STATEMENT_EXECUTE|[20]
12:32:03.2 (28037159)|STATEMENT_EXECUTE|[21]
12:32:03.2 (28045692)|HEAP_ALLOCATE|[21]|Bytes:4
12:32:03.2 (28077921)|HEAP_ALLOCATE|[21]|Bytes:4
12:32:03.2 (28088127)|HEAP_ALLOCATE|[21]|Bytes:1
12:32:03.2 (28092527)|HEAP_ALLOCATE|[21]|Bytes:1
12:32:03.2 (28095922)|HEAP_ALLOCATE|[21]|Bytes:5
12:32:03.2 (28115595)|HEAP_ALLOCATE|[EXTERNAL]|Bytes:28
12:32:03.2 (28127479)|VARIABLE_ASSIGNMENT|[21]|this.arg0_type_info|"List of size 6 too large to display"|0x11a1803b
12:32:03.2 (28133976)|STATEMENT_EXECUTE|[22]
12:32:03.2 (28140622)|HEAP_ALLOCATE|[22]|Bytes:4
12:32:03.2 (28156927)|HEAP_ALLOCATE|[22]|Bytes:4
12:32:03.2 (28175017)|HEAP_ALLOCATE|[EXTERNAL]|Bytes:28
12:32:03.2 (28182751)|VARIABLE_ASSIGNMENT|[22]|this.arg1_type_info|"List of size 6 too large to display"|0x11a1803b
12:32:03.2 (28187798)|STATEMENT_EXECUTE|[23]
12:32:03.2 (28193052)|HEAP_ALLOCATE|[23]|Bytes:4
12:32:03.2 (28215935)|HEAP_ALLOCATE|[EXTERNAL]|Bytes:16
12:32:03.2 (28225918)|VARIABLE_ASSIGNMENT|[23]|this.apex_schema_type_info|["http://calculator.se (7 more) ...","false","false"]|0x11a1803b
12:32:03.2 (28235051)|STATEMENT_EXECUTE|[24]
12:32:03.2 (28240191)|HEAP_ALLOCATE|[24]|Bytes:4
12:32:03.2 (28262696)|HEAP_ALLOCATE|[EXTERNAL]|Bytes:12
12:32:03.2 (28270510)|VARIABLE_ASSIGNMENT|[24]|this.field_order_type_info|["arg0","arg1"]|0x11a1803b
12:32:03.2 (28278309)|CONSTRUCTOR_EXIT|[136]|01p1r000007Yosz|<init>()
12:32:03.2 (28284158)|VARIABLE_SCOPE_BEGIN|[136]|request_x|calculatorServices.doAdd|true|false
12:32:03.2 (28311045)|VARIABLE_ASSIGNMENT|[136]|request_x|{"apex_schema_type_inf (1 more) ...":"0x491c20cc","arg0_type_info":"0x5421d18c","arg1_type_info":"0x7b61e698","field_order_type_inf (1 more) ...":"0x3eb671b6"}|0x11a1803b
12:32:03.2 (28319525)|STATEMENT_EXECUTE|[137]
12:32:03.2 (28326820)|VARIABLE_ASSIGNMENT|[137]|this.arg0|1.0|0x11a1803b
12:32:03.2 (28332562)|STATEMENT_EXECUTE|[138]
12:32:03.2 (28336684)|VARIABLE_ASSIGNMENT|[138]|this.arg1|2.0|0x11a1803b
12:32:03.2 (28341910)|STATEMENT_EXECUTE|[139]
12:32:03.2 (28454262)|VARIABLE_SCOPE_BEGIN|[139]|response_x|calculatorServices.doAddResponse|true|false
12:32:03.2 (28467654)|VARIABLE_ASSIGNMENT|[139]|response_x|null|
12:32:03.2 (28472940)|STATEMENT_EXECUTE|[140]
12:32:03.2 (28511252)|HEAP_ALLOCATE|[140]|Bytes:4
12:32:03.2 (28559567)|VARIABLE_SCOPE_BEGIN|[140]|response_map_x|Map<String,calculatorServices.doAddResponse>|true|false
12:32:03.2 (28585473)|VARIABLE_ASSIGNMENT|[140]|response_map_x|{}|0x16043cec
12:32:03.2 (28592850)|STATEMENT_EXECUTE|[141]
12:32:03.2 (28600432)|HEAP_ALLOCATE|[141]|Bytes:10
12:32:03.2 (28651665)|HEAP_ALLOCATE|[EXTERNAL]|Bytes:-4
12:32:03.2 (28661910)|STATEMENT_EXECUTE|[142]
12:32:03.2 (28669533)|HEAP_ALLOCATE|[146]|Bytes:4
12:32:03.2 (28691905)|HEAP_ALLOCATE|[149]|Bytes:5
12:32:03.2 (28699727)|HEAP_ALLOCATE|[151]|Bytes:13
12:32:03.2 (28703943)|HEAP_ALLOCATE|[152]|Bytes:32
12:32:03.2 (28730083)|HEAP_ALLOCATE|[EXTERNAL]|Bytes:32
12:32:03.2 (302595559)|CALLOUT_REQUEST|[142]|<?xml version="1.0" encoding="UTF-8"?><env:Envelope xmlns:env="http://schemas.xmlsoap.org/soap/envelope/" xmlns:xsd="http://www.w3.org/2001/XMLSchema" xmlns:xsi="http://www.w3.org/2001/XMLSchema-instance"><env:Header /><env:Body><m:doAdd xmlns:m="http://calculator.services/"><arg0>1.0</arg0><arg1>2.0</arg1></m:doAdd></env:Body></env:Envelope>
12:32:03.2 (302656653)|CALLOUT_REQUEST|[142]|doAdd:[apex_schema_type_info=(http://calculator.services/, false, false), arg0=1.0, arg0_type_info=(arg0, http://calculator.services/, null, 0, 1, false), arg1=2.0, arg1_type_info=(arg1, http://calculator.services/, null, 0, 1, false), field_order_type_info=(arg0, arg1)]::SOAPAction="" Accept=text/xml User-Agent=SFDC-Callout/42.0 SFDC_STACK_DEPTH=1 Content-Type=text/xml; charset=UTF-8 
12:32:03.2 (448538623)|CALLOUT_RESPONSE|[142]|<soap:Envelope xmlns:soap="http://schemas.xmlsoap.org/soap/envelope/"><soap:Body><ns2:doAddResponse xmlns:ns2="http://calculator.services/"><return>3.0</return></ns2:doAddResponse></soap:Body></soap:Envelope>
12:32:03.2 (448918208)|HEAP_ALLOCATE|[142]|Bytes:20
12:32:03.2 (448936893)|VARIABLE_SCOPE_BEGIN|[26]|this|calculatorServices.doAddResponse|true|false
12:32:03.2 (449008618)|VARIABLE_ASSIGNMENT|[26]|this|{}|0x6b2084ae
12:32:03.2 (449050365)|STATEMENT_EXECUTE|[26]
12:32:03.2 (449053216)|STATEMENT_EXECUTE|[27]
12:32:03.2 (449054979)|STATEMENT_EXECUTE|[28]
12:32:03.2 (449064746)|HEAP_ALLOCATE|[28]|Bytes:4
12:32:03.2 (449115492)|HEAP_ALLOCATE|[28]|Bytes:6
12:32:03.2 (449157271)|HEAP_ALLOCATE|[EXTERNAL]|Bytes:28
12:32:03.2 (449176696)|VARIABLE_ASSIGNMENT|[28]|this.return_x_type_info|"List of size 6 too large to display"|0x6b2084ae
12:32:03.2 (449184192)|STATEMENT_EXECUTE|[29]
12:32:03.2 (449191296)|HEAP_ALLOCATE|[29]|Bytes:4
12:32:03.2 (449220764)|HEAP_ALLOCATE|[EXTERNAL]|Bytes:16
12:32:03.2 (449234925)|VARIABLE_ASSIGNMENT|[29]|this.apex_schema_type_info|["http://calculator.se (7 more) ...","false","false"]|0x6b2084ae
12:32:03.2 (449241065)|STATEMENT_EXECUTE|[30]
12:32:03.2 (449246615)|HEAP_ALLOCATE|[30]|Bytes:4
12:32:03.2 (449261011)|HEAP_ALLOCATE|[30]|Bytes:8
12:32:03.2 (449275050)|HEAP_ALLOCATE|[EXTERNAL]|Bytes:8
12:32:03.2 (449283172)|VARIABLE_ASSIGNMENT|[30]|this.field_order_type_info|["return_x"]|0x6b2084ae
12:32:03.2 (449327118)|HEAP_ALLOCATE|[142]|Bytes:12
12:32:03.2 (449332198)|HEAP_ALLOCATE|[142]|Bytes:20
12:32:03.2 (449354615)|VARIABLE_ASSIGNMENT|[142]|this.return_x|3.0|0x6b2084ae
12:32:03.2 (449365810)|CALLOUT_RESPONSE|[142]|
12:32:03.2 (449430171)|STATEMENT_EXECUTE|[154]
12:32:03.2 (449498521)|VARIABLE_ASSIGNMENT|[154]|response_x|{"apex_schema_type_inf (1 more) ...":"0x33549076","field_order_type_inf (1 more) ...":"0x67daa534","return_x":3.0,"return_x_type_info":"0x44c348ad"}|0x6b2084ae
12:32:03.2 (449507771)|STATEMENT_EXECUTE|[155]
12:32:03.2 (449518535)|METHOD_EXIT|[4]|01p1r000007Yosz|calculatorServices.CalculatorImplPort.doAdd(Double, Double)
12:32:03.2 (449529067)|SYSTEM_MODE_EXIT|false
12:32:03.2 (449549243)|VARIABLE_ASSIGNMENT|[4]|result|3.0
12:32:03.2 (449554476)|STATEMENT_EXECUTE|[5]
12:32:03.2 (449592574)|USER_DEBUG|[5]|DEBUG|3.0
12:32:03.451 (451241266)|CUMULATIVE_LIMIT_USAGE
12:32:03.451 (451241266)|LIMIT_USAGE_FOR_NS|(default)|
  Number of SOQL queries: 0 out of 100
  Number of query rows: 0 out of 50000
  Number of SOSL queries: 0 out of 20
  Number of DML statements: 0 out of 150
  Number of DML rows: 0 out of 10000
  Maximum CPU time: 0 out of 10000
  Maximum heap size: 0 out of 6000000
  Number of callouts: 1 out of 100
  Number of Email Invocations: 0 out of 10
  Number of future calls: 0 out of 50
  Number of queueable jobs added to the queue: 0 out of 50
  Number of Mobile Apex push calls: 0 out of 10

12:32:03.451 (451241266)|CUMULATIVE_LIMIT_USAGE_END

12:32:03.2 (451296036)|CODE_UNIT_FINISHED|execute_anonymous_apex
12:32:03.2 (452083006)|EXECUTION_FINISHED
