30.0 APEX_CODE,FINEST;APEX_PROFILING,INFO;CALLOUT,INFO;DB,INFO;SYSTEM,DEBUG;VALIDATION,INFO;VISUALFORCE,INFO;WAVE,INFO;WORKFLOW,INFO
Execute Anonymous: List<Contact> c = RandomContactFactory.generateRandomContacts(3,'Smith'); System.assertEquals(c.size(),3); System.assertNotEquals(c[0].FirstName,c[1].FirstName);
08:59:59.1 (1137602)|USER_INFO|[EXTERNAL]|0051r000007Oz5Q|lydia.abril@gmail.com|hora estándar de Europa central|GMT+02:00
08:59:59.1 (1158749)|EXECUTION_STARTED
08:59:59.1 (1162656)|CODE_UNIT_STARTED|[EXTERNAL]|execute_anonymous_apex
08:59:59.1 (1377578)|VARIABLE_SCOPE_BEGIN|[1]|c|List<Contact>|true|false
08:59:59.1 (1494854)|HEAP_ALLOCATE|[72]|Bytes:3
08:59:59.1 (1534513)|HEAP_ALLOCATE|[77]|Bytes:152
08:59:59.1 (1548919)|HEAP_ALLOCATE|[342]|Bytes:408
08:59:59.1 (1560938)|HEAP_ALLOCATE|[355]|Bytes:408
08:59:59.1 (1571012)|HEAP_ALLOCATE|[467]|Bytes:48
08:59:59.1 (1601779)|HEAP_ALLOCATE|[139]|Bytes:6
08:59:59.1 (1618580)|HEAP_ALLOCATE|[EXTERNAL]|Bytes:1
08:59:59.1 (1743371)|STATEMENT_EXECUTE|[1]
08:59:59.1 (1746078)|STATEMENT_EXECUTE|[1]
08:59:59.1 (1751408)|HEAP_ALLOCATE|[1]|Bytes:5
08:59:59.1 (1799210)|HEAP_ALLOCATE|[50]|Bytes:5
08:59:59.1 (1819092)|HEAP_ALLOCATE|[56]|Bytes:5
08:59:59.1 (1825512)|HEAP_ALLOCATE|[64]|Bytes:7
08:59:59.1 (1848234)|SYSTEM_MODE_ENTER|false
08:59:59.1 (1866006)|HEAP_ALLOCATE|[1]|Bytes:5
08:59:59.1 (25778863)|HEAP_ALLOCATE|[1]|Bytes:1
08:59:59.1 (25811749)|METHOD_ENTRY|[1]|01p1r000007Xnd5|RandomContactFactory.RandomContactFactory()
08:59:59.1 (25819906)|STATEMENT_EXECUTE|[1]
08:59:59.1 (25829158)|STATEMENT_EXECUTE|[1]
08:59:59.1 (25836462)|METHOD_EXIT|[1]|RandomContactFactory
08:59:59.1 (25873375)|METHOD_ENTRY|[1]|01p1r000007Xnd5|RandomContactFactory.generateRandomContacts(Integer, String)
08:59:59.1 (25906012)|VARIABLE_SCOPE_BEGIN|[3]|count|Integer|false|false
08:59:59.1 (25931967)|VARIABLE_ASSIGNMENT|[3]|count|3
08:59:59.1 (25938394)|VARIABLE_SCOPE_BEGIN|[3]|name|String|false|false
08:59:59.1 (25949717)|VARIABLE_ASSIGNMENT|[3]|name|"Smith"
08:59:59.1 (25958199)|STATEMENT_EXECUTE|[3]
08:59:59.1 (25959682)|STATEMENT_EXECUTE|[4]
08:59:59.1 (25996590)|HEAP_ALLOCATE|[4]|Bytes:4
08:59:59.1 (26098865)|VARIABLE_SCOPE_BEGIN|[4]|contactList|List<Contact>|true|false
08:59:59.1 (26112252)|HEAP_ALLOCATE|[EXTERNAL]|Bytes:4
08:59:59.1 (26125606)|VARIABLE_ASSIGNMENT|[4]|contactList|[]|0x6c61f4c5
08:59:59.1 (26132530)|STATEMENT_EXECUTE|[6]
08:59:59.1 (26136918)|VARIABLE_SCOPE_BEGIN|[6]|index|Integer|false|false
08:59:59.1 (26143574)|HEAP_ALLOCATE|[6]|Bytes:4
08:59:59.1 (26148834)|VARIABLE_ASSIGNMENT|[6]|index|1
08:59:59.1 (26156643)|STATEMENT_EXECUTE|[6]
08:59:59.1 (26158106)|STATEMENT_EXECUTE|[7]
08:59:59.1 (26177046)|HEAP_ALLOCATE|[7]|Bytes:4
08:59:59.1 (26278384)|VARIABLE_SCOPE_BEGIN|[7]|c|Contact|true|false
08:59:59.1 (26293743)|VARIABLE_ASSIGNMENT|[7]|c|{}|0x1648cd49
08:59:59.1 (26298922)|STATEMENT_EXECUTE|[8]
08:59:59.1 (26351651)|HEAP_ALLOCATE|[8]|Bytes:1
08:59:59.1 (26370191)|HEAP_ALLOCATE|[8]|Bytes:6
08:59:59.1 (26446771)|VARIABLE_ASSIGNMENT|[8]|this.FirstName|"Smith1"|0x1648cd49
08:59:59.1 (26453065)|STATEMENT_EXECUTE|[9]
08:59:59.1 (26482632)|HEAP_ALLOCATE|[EXTERNAL]|Bytes:4
08:59:59.1 (26491957)|HEAP_ALLOCATE|[6]|Bytes:4
08:59:59.1 (26499580)|VARIABLE_ASSIGNMENT|[6]|index|2
08:59:59.1 (26505522)|STATEMENT_EXECUTE|[6]
08:59:59.1 (26506763)|STATEMENT_EXECUTE|[7]
08:59:59.1 (26520681)|HEAP_ALLOCATE|[7]|Bytes:4
08:59:59.1 (26531034)|VARIABLE_SCOPE_BEGIN|[7]|c|Contact|true|false
08:59:59.1 (26541883)|VARIABLE_ASSIGNMENT|[7]|c|{}|0xb0b29a6
08:59:59.1 (26546554)|STATEMENT_EXECUTE|[8]
08:59:59.1 (26557947)|HEAP_ALLOCATE|[8]|Bytes:1
08:59:59.1 (26567527)|HEAP_ALLOCATE|[8]|Bytes:6
08:59:59.1 (26593811)|VARIABLE_ASSIGNMENT|[8]|this.FirstName|"Smith2"|0xb0b29a6
08:59:59.1 (26600209)|STATEMENT_EXECUTE|[9]
08:59:59.1 (26606818)|HEAP_ALLOCATE|[EXTERNAL]|Bytes:4
08:59:59.1 (26612109)|HEAP_ALLOCATE|[6]|Bytes:4
08:59:59.1 (26617340)|VARIABLE_ASSIGNMENT|[6]|index|3
08:59:59.1 (26626366)|STATEMENT_EXECUTE|[6]
08:59:59.1 (26627632)|STATEMENT_EXECUTE|[7]
08:59:59.1 (26637380)|HEAP_ALLOCATE|[7]|Bytes:4
08:59:59.1 (26645258)|VARIABLE_SCOPE_BEGIN|[7]|c|Contact|true|false
08:59:59.1 (26654585)|VARIABLE_ASSIGNMENT|[7]|c|{}|0x5b798f0b
08:59:59.1 (26659565)|STATEMENT_EXECUTE|[8]
08:59:59.1 (26669387)|HEAP_ALLOCATE|[8]|Bytes:1
08:59:59.1 (26677861)|HEAP_ALLOCATE|[8]|Bytes:6
08:59:59.1 (26698128)|VARIABLE_ASSIGNMENT|[8]|this.FirstName|"Smith3"|0x5b798f0b
08:59:59.1 (26703495)|STATEMENT_EXECUTE|[9]
08:59:59.1 (26708977)|HEAP_ALLOCATE|[EXTERNAL]|Bytes:4
08:59:59.1 (26714281)|HEAP_ALLOCATE|[6]|Bytes:4
08:59:59.1 (26719380)|VARIABLE_ASSIGNMENT|[6]|index|4
08:59:59.1 (26724464)|STATEMENT_EXECUTE|[12]
08:59:59.1 (26729652)|METHOD_EXIT|[1]|01p1r000007Xnd5|RandomContactFactory.generateRandomContacts(Integer, String)
08:59:59.1 (26738606)|SYSTEM_MODE_EXIT|false
08:59:59.1 (26761800)|VARIABLE_ASSIGNMENT|[1]|c|[{"FirstName":"Smith1"},{"FirstName":"Smith2"},{"FirstName":"Smith3"}]|0x6c61f4c5
08:59:59.1 (26768083)|STATEMENT_EXECUTE|[1]
08:59:59.1 (26807748)|STATEMENT_EXECUTE|[1]
08:59:59.1 (26819201)|HEAP_ALLOCATE|[1]|Bytes:8
08:59:59.1 (26846876)|HEAP_ALLOCATE|[1]|Bytes:8
08:59:59.26 (26894305)|CUMULATIVE_LIMIT_USAGE
08:59:59.26 (26894305)|LIMIT_USAGE_FOR_NS|(default)|
  Number of SOQL queries: 0 out of 100
  Number of query rows: 0 out of 50000
  Number of SOSL queries: 0 out of 20
  Number of DML statements: 0 out of 150
  Number of DML rows: 0 out of 10000
  Maximum CPU time: 0 out of 10000
  Maximum heap size: 0 out of 6000000
  Number of callouts: 0 out of 100
  Number of Email Invocations: 0 out of 10
  Number of future calls: 0 out of 50
  Number of queueable jobs added to the queue: 0 out of 50
  Number of Mobile Apex push calls: 0 out of 10

08:59:59.26 (26894305)|CUMULATIVE_LIMIT_USAGE_END

08:59:59.1 (26926622)|CODE_UNIT_FINISHED|execute_anonymous_apex
08:59:59.1 (28018826)|EXECUTION_FINISHED
