36.0 APEX_CODE,FINEST;APEX_PROFILING,INFO;CALLOUT,INFO;DB,INFO;SYSTEM,DEBUG;VALIDATION,INFO;VISUALFORCE,INFO;WAVE,INFO;WORKFLOW,INFO
09:42:06.0 (78059)|USER_INFO|[EXTERNAL]|0051r000007Oz5Q|lydia.abril@gmail.com|hora estándar de Europa central|GMT+02:00
09:42:06.0 (117397)|EXECUTION_STARTED
09:42:06.0 (122596)|CODE_UNIT_STARTED|[EXTERNAL]|TRIGGERS
09:42:06.0 (913034)|CODE_UNIT_STARTED|[EXTERNAL]|01q1r000000j7QT|TarjetaTrigger on Tarjeta_de_cr_dito trigger event BeforeUpdate
09:42:06.0 (947043)|HEAP_ALLOCATE|[EXTERNAL]|Bytes:8
09:42:06.0 (981382)|HEAP_ALLOCATE|[EXTERNAL]|Bytes:8
09:42:06.0 (1341510)|HEAP_ALLOCATE|[72]|Bytes:3
09:42:06.0 (1375263)|HEAP_ALLOCATE|[77]|Bytes:152
09:42:06.0 (1388170)|HEAP_ALLOCATE|[342]|Bytes:408
09:42:06.0 (1398919)|HEAP_ALLOCATE|[355]|Bytes:408
09:42:06.0 (1409108)|HEAP_ALLOCATE|[467]|Bytes:48
09:42:06.0 (1432475)|HEAP_ALLOCATE|[139]|Bytes:6
09:42:06.0 (1522044)|HEAP_ALLOCATE|[EXTERNAL]|Bytes:8
09:42:06.0 (1535559)|VARIABLE_SCOPE_BEGIN|[1]|this|TarjetaTrigger|true|false
09:42:06.0 (1608275)|VARIABLE_ASSIGNMENT|[1]|this|{}|0x66dd33e8
09:42:06.0 (1663594)|HEAP_ALLOCATE|[EXTERNAL]|Bytes:8
09:42:06.0 (1672020)|VARIABLE_SCOPE_BEGIN|[1]|this|TarjetaTrigger|true|false
09:42:06.0 (1685784)|VARIABLE_ASSIGNMENT|[1]|this|{}|0x66dd33e8
09:42:06.0 (1695780)|STATEMENT_EXECUTE|[1]
09:42:06.0 (1698802)|STATEMENT_EXECUTE|[3]
09:42:06.0 (1731516)|HEAP_ALLOCATE|[50]|Bytes:5
09:42:06.0 (1753410)|HEAP_ALLOCATE|[56]|Bytes:5
09:42:06.0 (1762412)|HEAP_ALLOCATE|[64]|Bytes:7
09:42:06.0 (2052196)|VARIABLE_ASSIGNMENT|[3]|this.listNew|[{"LastModifiedDate":"2018-04-12T07:41:41.000Z","Tipo_de_tarjeta__c":"Visa Oro","A_o_caducidad__c":2020,"IsDeleted":false,"Name":"bbbbb","SystemModstamp":"2018-04-12T07:41:41.000Z","Contacto__c":"0031r000024PVVcAAO","OwnerId":"0051r00000894UtAAI","CreatedById":"0051r000007Oz5QAAS","CreatedDate":"2018-04-11T13:51:53.000Z","Mes_de_caducidad__c":12,"Id":"a031r00000Rt0ErAAJ","LastModifiedById":"0051r000007Oz5QAAS","Tarjeta__c":"Crédito","N_tarjeta__c":"2222222222222222"}]|0x66dd33e8
09:42:06.0 (2076607)|STATEMENT_EXECUTE|[5]
09:42:06.0 (2086730)|STATEMENT_EXECUTE|[6]
09:42:06.0 (2088968)|STATEMENT_EXECUTE|[7]
09:42:06.0 (2193965)|HEAP_ALLOCATE|[7]|Bytes:1
09:42:06.0 (2201966)|HEAP_ALLOCATE|[7]|Bytes:8
09:42:06.0 (2210388)|METHOD_ENTRY|[1]|01p1r000009oldq|TarjetaMethods.TarjetaMethods()
09:42:06.0 (2216930)|STATEMENT_EXECUTE|[1]
09:42:06.0 (2220959)|STATEMENT_EXECUTE|[1]
09:42:06.0 (2580418)|SYSTEM_MODE_ENTER|false
09:42:06.0 (2601401)|HEAP_ALLOCATE|[7]|Bytes:5
09:42:06.0 (2612654)|SYSTEM_MODE_EXIT|false
09:42:06.0 (2624852)|METHOD_EXIT|[1]|TarjetaMethods
09:42:06.0 (2646403)|METHOD_ENTRY|[7]|01p1r000009oldq|TarjetaMethods.CrearOportunidad(List<Tarjeta_de_cr_dito__c>)
09:42:06.0 (2692673)|VARIABLE_SCOPE_BEGIN|[3]|listTarjetas|List<Tarjeta_de_cr_dito__c>|true|false
09:42:06.0 (2849468)|VARIABLE_ASSIGNMENT|[3]|listTarjetas|[{"LastModifiedDate":"2018-04-12T07:41:41.000Z","Tipo_de_tarjeta__c":"Visa Oro","A_o_caducidad__c":2020,"IsDeleted":false,"Name":"bbbbb","SystemModstamp":"2018-04-12T07:41:41.000Z","Contacto__c":"0031r000024PVVcAAO","OwnerId":"0051r00000894UtAAI","CreatedById":"0051r000007Oz5QAAS","CreatedDate":"2018-04-11T13:51:53.000Z","Mes_de_caducidad__c":12,"Id":"a031r00000Rt0ErAAJ","LastModifiedById":"0051r000007Oz5QAAS","Tarjeta__c":"Crédito","N_tarjeta__c":"2222222222222222"}]|0x386ea8f
09:42:06.0 (2897185)|SYSTEM_MODE_ENTER|false
09:42:06.0 (2907381)|HEAP_ALLOCATE|[5]|Bytes:5
09:42:06.0 (2916446)|STATEMENT_EXECUTE|[3]
09:42:06.0 (2919486)|STATEMENT_EXECUTE|[5]
09:42:06.0 (3010063)|HEAP_ALLOCATE|[5]|Bytes:4
09:42:06.0 (3088532)|VARIABLE_SCOPE_BEGIN|[5]|listOpToInsert|List<Opportunity>|true|false
09:42:06.0 (3104782)|HEAP_ALLOCATE|[EXTERNAL]|Bytes:4
09:42:06.0 (3117111)|VARIABLE_ASSIGNMENT|[5]|listOpToInsert|[]|0x6d5f3576
09:42:06.0 (3161351)|STATEMENT_EXECUTE|[7]
09:42:06.0 (3163964)|STATEMENT_EXECUTE|[9]
09:42:06.0 (3167685)|HEAP_ALLOCATE|[9]|Bytes:51
09:42:06.0 (3183910)|HEAP_ALLOCATE|[9]|Bytes:4
09:42:06.0 (3356704)|SOQL_EXECUTE_BEGIN|[9]|Aggregations:0|SELECT Alias FROM User WHERE Alias = 'test' LIMIT 1
09:42:06.0 (8355689)|SOQL_EXECUTE_END|[9]|Rows:1
09:42:06.0 (8398138)|HEAP_ALLOCATE|[9]|Bytes:8
09:42:06.0 (8425221)|HEAP_ALLOCATE|[9]|Bytes:42
09:42:06.0 (8498624)|HEAP_ALLOCATE|[9]|Bytes:8
09:42:06.0 (8514404)|HEAP_ALLOCATE|[9]|Bytes:30
09:42:06.0 (8545170)|HEAP_ALLOCATE|[9]|Bytes:12
09:42:06.0 (8553807)|VARIABLE_SCOPE_BEGIN|[9]|userAborda|User|true|false
09:42:06.0 (8585050)|VARIABLE_ASSIGNMENT|[9]|userAborda|{"Alias":"test","Id":"0051r00000894UtAAI"}|0x6df8d5db
09:42:06.0 (8599300)|STATEMENT_EXECUTE|[11]
09:42:06.0 (8605012)|HEAP_ALLOCATE|[11]|Bytes:46
09:42:06.0 (8725853)|HEAP_ALLOCATE|[11]|Bytes:40
09:42:06.0 (8754558)|HEAP_ALLOCATE|[11]|Bytes:86
09:42:06.0 (8779293)|USER_DEBUG|[11]|DEBUG|TarjetaMethods.CrearOportunidad :: userAborda User:{Alias=test, Id=0051r00000894UtAAI}
09:42:06.0 (8978500)|HEAP_ALLOCATE|[13]|Bytes:5
09:42:06.0 (9000315)|HEAP_ALLOCATE|[13]|Bytes:4
09:42:06.0 (9011618)|VARIABLE_SCOPE_BEGIN|[13]|inTarjeta|Tarjeta_de_cr_dito__c|true|false
09:42:06.0 (9235240)|VARIABLE_ASSIGNMENT|[13]|inTarjeta|{"LastModifiedDate":"2018-04-12T07:41:41.000Z","Tipo_de_tarjeta__c":"Visa Oro","A_o_caducidad__c":2020,"IsDeleted":false,"Name":"bbbbb","SystemModstamp":"2018-04-12T07:41:41.000Z","Contacto__c":"0031r000024PVVcAAO","OwnerId":"0051r00000894UtAAI","CreatedById":"0051r000007Oz5QAAS","CreatedDate":"2018-04-11T13:51:53.000Z","Mes_de_caducidad__c":12,"Id":"a031r00000Rt0ErAAJ","LastModifiedById":"0051r000007Oz5QAAS","Tarjeta__c":"Crédito","N_tarjeta__c":"2222222222222222"}|0x67e8ac0a
09:42:06.0 (9251481)|STATEMENT_EXECUTE|[13]
09:42:06.0 (9353634)|STATEMENT_EXECUTE|[16]
09:42:06.0 (9357253)|STATEMENT_EXECUTE|[18]
09:42:06.0 (9362745)|HEAP_ALLOCATE|[18]|Bytes:67
09:42:06.0 (9386276)|HEAP_ALLOCATE|[18]|Bytes:4
09:42:06.0 (9396299)|HEAP_ALLOCATE|[18]|Bytes:7
09:42:06.0 (9852208)|SOQL_EXECUTE_BEGIN|[18]|Aggregations:0|SELECT Name, Premium__c, AccountId FROM Contact WHERE Id = :tmpVar1
09:42:06.0 (12680733)|SOQL_EXECUTE_END|[18]|Rows:1
09:42:06.0 (12711925)|HEAP_ALLOCATE|[18]|Bytes:8
09:42:06.0 (12732729)|HEAP_ALLOCATE|[18]|Bytes:94
09:42:06.0 (12789827)|HEAP_ALLOCATE|[18]|Bytes:8
09:42:06.0 (12803009)|HEAP_ALLOCATE|[18]|Bytes:33
09:42:06.0 (12827768)|HEAP_ALLOCATE|[18]|Bytes:20
09:42:06.0 (12834843)|VARIABLE_SCOPE_BEGIN|[18]|oContacto|Contact|true|false
09:42:06.0 (12856652)|VARIABLE_ASSIGNMENT|[18]|oContacto|{"Name":"Tim Barr","Premium__c":true,"AccountId":"0011r00001mvH7mAAE","Id":"0031r000024PVVcAAO"}|0x7e09b586
09:42:06.0 (12864354)|STATEMENT_EXECUTE|[20]
09:42:06.0 (12867747)|HEAP_ALLOCATE|[20]|Bytes:45
09:42:06.0 (12936143)|HEAP_ALLOCATE|[20]|Bytes:93
09:42:06.0 (12953626)|HEAP_ALLOCATE|[20]|Bytes:138
09:42:06.0 (12966259)|USER_DEBUG|[20]|DEBUG|TarjetaMethods.CrearOportunidad :: oContacto Contact:{Name=Tim Barr, Premium__c=true, AccountId=0011r00001mvH7mAAE, Id=0031r000024PVVcAAO}
09:42:06.0 (12990870)|STATEMENT_EXECUTE|[23]
09:42:06.0 (12993302)|STATEMENT_EXECUTE|[25]
09:42:06.0 (13013934)|HEAP_ALLOCATE|[25]|Bytes:4
09:42:06.0 (13108822)|VARIABLE_SCOPE_BEGIN|[25]|oOpportunity|Opportunity|true|false
09:42:06.0 (13125243)|VARIABLE_ASSIGNMENT|[25]|oOpportunity|{}|0xab4fa88
09:42:06.0 (13131724)|STATEMENT_EXECUTE|[27]
09:42:06.0 (13402196)|VARIABLE_ASSIGNMENT|[27]|this.Name|"Tim Barr"|0xab4fa88
09:42:06.0 (13411385)|STATEMENT_EXECUTE|[28]
09:42:06.0 (13452162)|HEAP_ALLOCATE|[28]|Bytes:8
09:42:06.0 (13469825)|HEAP_ALLOCATE|[28]|Bytes:8
09:42:06.0 (13547569)|HEAP_ALLOCATE|[28]|Bytes:4
09:42:06.0 (13613031)|VARIABLE_ASSIGNMENT|[28]|this.CloseDate|"2020-01-12T00:00:00.000Z"|0xab4fa88
09:42:06.0 (13621179)|STATEMENT_EXECUTE|[29]
09:42:06.0 (13624979)|HEAP_ALLOCATE|[29]|Bytes:11
09:42:06.0 (13650556)|VARIABLE_ASSIGNMENT|[29]|this.StageName|"No iniciado"|0xab4fa88
09:42:06.0 (13663020)|STATEMENT_EXECUTE|[30]
09:42:06.0 (13702277)|VARIABLE_ASSIGNMENT|[30]|this.AccountId|"0011r00001mvH7mAAE"|0xab4fa88
09:42:06.0 (13709000)|STATEMENT_EXECUTE|[32]
09:42:06.0 (13712139)|HEAP_ALLOCATE|[32]|Bytes:48
09:42:06.0 (13768590)|HEAP_ALLOCATE|[32]|Bytes:111
09:42:06.0 (13784069)|HEAP_ALLOCATE|[32]|Bytes:159
09:42:06.0 (13795222)|USER_DEBUG|[32]|DEBUG|TarjetaMethods.CrearOportunidad :: oOpportunity Opportunity:{Name=Tim Barr, CloseDate=2020-01-12 00:00:00, StageName=No iniciado, AccountId=0011r00001mvH7mAAE}
09:42:06.0 (13804161)|STATEMENT_EXECUTE|[34]
09:42:06.0 (13827721)|HEAP_ALLOCATE|[EXTERNAL]|Bytes:4
09:42:06.0 (13846308)|HEAP_ALLOCATE|[13]|Bytes:5
09:42:06.0 (13862053)|VARIABLE_ASSIGNMENT|[13]|inTarjeta|null|
09:42:06.0 (13869196)|STATEMENT_EXECUTE|[45]
09:42:06.0 (13918453)|DML_BEGIN|[45]|Op:Insert|Type:Opportunity|Rows:1
09:42:06.0 (13944304)|HEAP_ALLOCATE|[EXTERNAL]|Bytes:8
09:42:06.0 (53803543)|CODE_UNIT_STARTED|[EXTERNAL]|01q1r000000Bcgl|ClosedOpportunityTrigger on Opportunity trigger event AfterInsert
09:42:06.0 (53844017)|HEAP_ALLOCATE|[EXTERNAL]|Bytes:8
09:42:06.0 (53921809)|HEAP_ALLOCATE|[EXTERNAL]|Bytes:8
09:42:06.0 (53932865)|VARIABLE_SCOPE_BEGIN|[1]|this|ClosedOpportunityTrigger|true|false
09:42:06.0 (53966896)|VARIABLE_ASSIGNMENT|[1]|this|{}|0x2417210e
09:42:06.0 (54000310)|HEAP_ALLOCATE|[EXTERNAL]|Bytes:8
09:42:06.0 (54011838)|VARIABLE_SCOPE_BEGIN|[1]|this|ClosedOpportunityTrigger|true|false
09:42:06.0 (54024663)|VARIABLE_ASSIGNMENT|[1]|this|{}|0x2417210e
09:42:06.0 (54035240)|STATEMENT_EXECUTE|[1]
09:42:06.0 (54038132)|STATEMENT_EXECUTE|[3]
09:42:06.0 (54108647)|HEAP_ALLOCATE|[3]|Bytes:4
09:42:06.0 (54169956)|HEAP_ALLOCATE|[EXTERNAL]|Bytes:4
09:42:06.0 (54183552)|VARIABLE_ASSIGNMENT|[3]|this.taskList|[]|0x2417210e
09:42:06.0 (54191354)|HEAP_ALLOCATE|[5]|Bytes:89
09:42:06.0 (54204300)|HEAP_ALLOCATE|[5]|Bytes:4
09:42:06.0 (54462262)|SOQL_EXECUTE_BEGIN|[5]|Aggregations:0|SELECT Id, StageName FROM Opportunity 
09:42:06.0 (58184013)|SOQL_EXECUTE_END|[5]|Rows:0
09:42:06.0 (58356172)|HEAP_ALLOCATE|[5]|Bytes:54
09:42:06.0 (58368145)|HEAP_ALLOCATE|[5]|Bytes:8
09:42:06.0 (58396508)|SYSTEM_METHOD_ENTRY|[7]|QueryLocatorIterator.QueryLocatorIterator()
09:42:06.0 (58403612)|STATEMENT_EXECUTE|[7]
09:42:06.0 (58412875)|SYSTEM_METHOD_EXIT|[7]|QueryLocatorIterator
09:42:06.0 (58420930)|HEAP_ALLOCATE|[5]|Bytes:28
09:42:06.0 (58435037)|HEAP_ALLOCATE|[5]|Bytes:8
09:42:06.0 (58439024)|HEAP_ALLOCATE|[5]|Bytes:8
09:42:06.0 (58444139)|VARIABLE_SCOPE_BEGIN|[15]|this|Database.QueryLocatorIterator|true|false
09:42:06.0 (58474106)|VARIABLE_ASSIGNMENT|[15]|this|{}|0x5557a469
09:42:06.0 (58481373)|VARIABLE_SCOPE_BEGIN|[15]|values|List<SObject>|true|false
09:42:06.0 (58495392)|VARIABLE_ASSIGNMENT|[15]|values|null|
09:42:06.0 (58499730)|VARIABLE_SCOPE_BEGIN|[15]|ql|Database.QueryLocator|true|false
09:42:06.0 (58522115)|VARIABLE_ASSIGNMENT|[15]|ql|{"query":"SELECT Id, StageName (69 more) ..."}|0x7863b75
09:42:06.0 (58528059)|VARIABLE_SCOPE_BEGIN|[15]|totalNumRecords|Integer|false|false
09:42:06.0 (58536314)|VARIABLE_ASSIGNMENT|[15]|totalNumRecords|0
09:42:06.0 (58540681)|VARIABLE_SCOPE_BEGIN|[15]|queryMoreSize|Integer|false|false
09:42:06.0 (58547457)|VARIABLE_ASSIGNMENT|[15]|queryMoreSize|49998
09:42:06.0 (58640597)|HEAP_ALLOCATE|[5]|Bytes:28
09:42:06.0 (58665488)|METHOD_ENTRY|[5]||Database.QueryLocatorIterator.hasNext()
09:42:06.0 (58684254)|METHOD_EXIT|[5]||Database.QueryLocatorIterator.hasNext()
09:42:06.0 (58694414)|VARIABLE_ASSIGNMENT|[5]|opp|null|
09:42:06.0 (58700402)|STATEMENT_EXECUTE|[5]
09:42:06.0 (58741441)|STATEMENT_EXECUTE|[12]
09:42:06.58 (58746797)|CUMULATIVE_LIMIT_USAGE
09:42:06.58 (58746797)|LIMIT_USAGE_FOR_NS|(default)|
  Number of SOQL queries: 3 out of 100
  Number of query rows: 2 out of 50000
  Number of SOSL queries: 0 out of 20
  Number of DML statements: 1 out of 150
  Number of DML rows: 1 out of 10000
  Maximum CPU time: 0 out of 10000
  Maximum heap size: 0 out of 6000000
  Number of callouts: 0 out of 100
  Number of Email Invocations: 0 out of 10
  Number of future calls: 0 out of 50
  Number of queueable jobs added to the queue: 0 out of 50
  Number of Mobile Apex push calls: 0 out of 10

09:42:06.58 (58746797)|CUMULATIVE_LIMIT_USAGE_END

09:42:06.0 (59583358)|CODE_UNIT_FINISHED|ClosedOpportunityTrigger on Opportunity trigger event AfterInsert
09:42:06.0 (60143651)|DML_END|[45]
09:42:06.0 (60194945)|HEAP_ALLOCATE|[EXTERNAL]|Bytes:8
09:42:06.0 (60213127)|SYSTEM_MODE_EXIT|false
09:42:06.0 (60225965)|METHOD_EXIT|[7]|01p1r000009oldq|TarjetaMethods.CrearOportunidad(List<Tarjeta_de_cr_dito__c>)
09:42:06.60 (60236415)|CUMULATIVE_LIMIT_USAGE
09:42:06.60 (60236415)|LIMIT_USAGE_FOR_NS|(default)|
  Number of SOQL queries: 3 out of 100
  Number of query rows: 2 out of 50000
  Number of SOSL queries: 0 out of 20
  Number of DML statements: 1 out of 150
  Number of DML rows: 1 out of 10000
  Maximum CPU time: 0 out of 10000
  Maximum heap size: 0 out of 6000000
  Number of callouts: 0 out of 100
  Number of Email Invocations: 0 out of 10
  Number of future calls: 0 out of 50
  Number of queueable jobs added to the queue: 0 out of 50
  Number of Mobile Apex push calls: 0 out of 10

09:42:06.60 (60236415)|CUMULATIVE_LIMIT_USAGE_END

09:42:06.0 (61374405)|CODE_UNIT_FINISHED|TarjetaTrigger on Tarjeta_de_cr_dito trigger event BeforeUpdate
09:42:06.0 (64058570)|CODE_UNIT_STARTED|[EXTERNAL]|Validation:Tarjeta_de_cr_dito:a031r00000Rt0Er
09:42:06.0 (64071630)|VALIDATION_RULE|03d1r000000i476|ValidarAno
09:42:06.0 (64244121)|VALIDATION_FORMULA|(A_o_caducidad__c<YEAR(TODAY())) &#124;&#124; 
(A_o_caducidad__c>YEAR(TODAY())+5)|A_o_caducidad__c=2020
09:42:06.0 (64254179)|VALIDATION_PASS
09:42:06.0 (64256790)|VALIDATION_RULE|03d1r000000i47B|ValidarFecha
09:42:06.0 (64348200)|VALIDATION_FORMULA|Mes_de_caducidad__c <   MONTH(TODAY()) && 
A_o_caducidad__c <= YEAR(TODAY())|A_o_caducidad__c=2020 , Mes_de_caducidad__c=12
09:42:06.0 (64354194)|VALIDATION_PASS
09:42:06.0 (64356025)|VALIDATION_RULE|03d1r000000i46X|ValidarMes
09:42:06.0 (64424357)|VALIDATION_FORMULA|(Mes_de_caducidad__c  < 1)  &#124;&#124;  (Mes_de_caducidad__c  > 12)|Mes_de_caducidad__c=12
09:42:06.0 (64431301)|VALIDATION_PASS
09:42:06.0 (64470208)|CODE_UNIT_FINISHED|Validation:Tarjeta_de_cr_dito:a031r00000Rt0Er
09:42:06.0 (115825900)|CODE_UNIT_FINISHED|TRIGGERS
09:42:06.0 (115841824)|EXECUTION_FINISHED
