42.0 APEX_CODE,FINEST;APEX_PROFILING,INFO;CALLOUT,INFO;DB,INFO;SYSTEM,DEBUG;VALIDATION,INFO;VISUALFORCE,INFO;WAVE,INFO;WORKFLOW,INFO
10:11:30.0 (93570)|USER_INFO|[EXTERNAL]|0051r000007Oz5Q|lydia.abril@gmail.com|hora est치ndar de Europa central|GMT+02:00
10:11:30.0 (164128)|EXECUTION_STARTED
10:11:30.0 (168064)|CODE_UNIT_STARTED|[EXTERNAL]|DuplicateDetector
10:11:30.0 (182086)|DUPLICATE_DETECTION_BEGIN
10:11:30.0 (287273)|DUPLICATE_DETECTION_RULE_INVOCATION|DuplicateRuleId:0Bm1r0000018X88|DuplicateRuleName:Standard Account Duplicate Rule|DmlType:UPDATE
10:11:30.0 (388485)|DUPLICATE_DETECTION_END
10:11:30.0 (394630)|CODE_UNIT_FINISHED|DuplicateDetector
10:11:30.0 (403807)|EXECUTION_FINISHED
10:11:30.45 (45286741)|USER_INFO|[EXTERNAL]|0051r000007Oz5Q|lydia.abril@gmail.com|hora est치ndar de Europa central|GMT+02:00
10:11:30.45 (45310028)|EXECUTION_STARTED
10:11:30.45 (45314230)|CODE_UNIT_STARTED|[EXTERNAL]|01q1r000000j8Jg|AccountTrigger on Account trigger event AfterUpdate
10:11:30.45 (45345796)|HEAP_ALLOCATE|[EXTERNAL]|Bytes:8
10:11:30.45 (45379024)|HEAP_ALLOCATE|[EXTERNAL]|Bytes:8
10:11:30.45 (45733831)|HEAP_ALLOCATE|[72]|Bytes:3
10:11:30.45 (45763084)|HEAP_ALLOCATE|[77]|Bytes:152
10:11:30.45 (45784899)|HEAP_ALLOCATE|[342]|Bytes:408
10:11:30.45 (45799461)|HEAP_ALLOCATE|[355]|Bytes:408
10:11:30.45 (45810639)|HEAP_ALLOCATE|[467]|Bytes:48
10:11:30.45 (45840142)|HEAP_ALLOCATE|[139]|Bytes:6
10:11:30.45 (45947050)|HEAP_ALLOCATE|[EXTERNAL]|Bytes:12
10:11:30.45 (45958023)|VARIABLE_SCOPE_BEGIN|[1]|this|AccountTrigger|true|false
10:11:30.45 (46024678)|VARIABLE_ASSIGNMENT|[1]|this|{}|0x57a351c2
10:11:30.45 (46081501)|HEAP_ALLOCATE|[EXTERNAL]|Bytes:12
10:11:30.45 (46114576)|VARIABLE_SCOPE_BEGIN|[1]|this|AccountTrigger|true|false
10:11:30.45 (46130992)|VARIABLE_ASSIGNMENT|[1]|this|{}|0x57a351c2
10:11:30.45 (46141722)|STATEMENT_EXECUTE|[1]
10:11:30.45 (46144333)|STATEMENT_EXECUTE|[3]
10:11:30.45 (46175852)|HEAP_ALLOCATE|[50]|Bytes:5
10:11:30.45 (46195763)|HEAP_ALLOCATE|[56]|Bytes:5
10:11:30.45 (46204323)|HEAP_ALLOCATE|[64]|Bytes:7
10:11:30.45 (46980947)|VARIABLE_ASSIGNMENT|[3]|this.listNew|[{"LastModifiedDate":"2018-04-20T08:11:30.000Z","Ownership":"Public","Description":"Chain of hotels and  (62 more) ...","BillingCity":"Chicago","Rating":"Warm","Website":"www.grandhotels.com","NumberOfEmployees":5600,"SLA__c":"Gold","Name":"Grand Hotels & Resor (6 more) ...","Industry":"Hospitality","OwnerId":"0051r000007Oz5QAAS","CreatedById":"0051r000007Oz5QAAS","SLASerialNumber__c":"5572","TickerSymbol":"GHTL","Phone":"(312) 596-1000","Match_Billing_Addres (4 more) ...":false,"UpsellOpportunity__c":"Yes","NumberofLocations__c":57,"IsDeleted":false,"Fecha_ultima_activid (18 more) ...":"2015-04-26T00:00:00.000Z","Sic":"2268","SystemModstamp":"2018-04-20T08:11:30.000Z","ShippingStreet":"2334 N. Michigan Ave (39 more) ...","AccountNumber":"CD439877","Type":"Customer - Direct","CleanStatus":"Pending","SLAExpirationDate__c":"2018-10-16T00:00:00.000Z","BillingStreet":"2334 N. Michigan Ave (39 more) ...","LastActivityDate":"2047-04-20T00:00:00.000Z","CreatedDate":"2018-03-21T12:29:14.000Z","CustomerPriority__c":"High","Id":"0011r00001mvH7mAAE","Fax":"(312) 596-1500","LastModifiedById":"0051r000007Oz5QAAS","AnnualRevenue":500000000,"BillingState":"IL","Active__c":"Yes"}]|0x57a351c2
10:11:30.45 (47008812)|STATEMENT_EXECUTE|[5]
10:11:30.45 (47443020)|VARIABLE_ASSIGNMENT|[5]|this.mapOld|{"0011r00001mvH7mAAE":{"LastModifiedDate":"2018-04-20T08:09:20.000Z","Ownership":"Public","Description":"Chain of hotels and  (62 more) ...","BillingCity":"Chicago","Rating":"Warm","Website":"www.grandhotels.com","NumberOfEmployees":5600,"SLA__c":"Gold","Name":"Grand Hotels & Resor (6 more) ...","Industry":"Hospitality","OwnerId":"0051r000007Oz5QAAS","CreatedById":"0051r000007Oz5QAAS","SLASerialNumber__c":"5572","TickerSymbol":"GHTL","Phone":"(312) 596-1000","Match_Billing_Addres (4 more) ...":false,"UpsellOpportunity__c":"Yes","NumberofLocations__c":57,"IsDeleted":false,"Fecha_ultima_activid (18 more) ...":"2015-04-26T00:00:00.000Z","Sic":"2268","SystemModstamp":"2018-04-20T08:09:20.000Z","ShippingStreet":"2334 N. Michigan Ave (39 more) ...","AccountNumber":"CD439877","Type":"Customer - Direct","CleanStatus":"Pending","SLAExpirationDate__c":"2018-10-16T00:00:00.000Z","BillingStreet":"2334 N. Michigan Ave (39 more) ...","LastActivityDate":"2047-04-20T00:00:00.000Z","CreatedDate":"2018-03-21T12:29:14.000Z","CustomerPriority__c":"High","Id":"0011r00001mvH7mAAE","Fax":"(312) 596-1500","LastModifiedById":"0051r000007Oz5QAAS","AnnualRevenue":500000000,"BillingState":"IL","Active__c":"Yes"}}|0x57a351c2
10:11:30.45 (47476030)|STATEMENT_EXECUTE|[7]
10:11:30.45 (47481408)|STATEMENT_EXECUTE|[8]
10:11:30.45 (47483423)|STATEMENT_EXECUTE|[9]
10:11:30.45 (47563607)|HEAP_ALLOCATE|[9]|Bytes:4
10:11:30.45 (47571495)|HEAP_ALLOCATE|[9]|Bytes:2
10:11:30.45 (47583990)|METHOD_ENTRY|[1]|01p1r000009p8Bf|AccountMethods.AccountMethods()
10:11:30.45 (47590619)|STATEMENT_EXECUTE|[1]
10:11:30.45 (47594623)|STATEMENT_EXECUTE|[1]
10:11:30.45 (47947476)|SYSTEM_MODE_ENTER|false
10:11:30.45 (47961468)|HEAP_ALLOCATE|[9]|Bytes:5
10:11:30.45 (47969796)|SYSTEM_MODE_EXIT|false
10:11:30.45 (47980176)|METHOD_EXIT|[1]|AccountMethods
10:11:30.45 (47996104)|METHOD_ENTRY|[9]|01p1r000009p8Bf|AccountMethods.ActualizarCuentaHija(List<Account>, Map<Id,Account>)
10:11:30.45 (48016381)|VARIABLE_SCOPE_BEGIN|[31]|listAccount|List<Account>|true|false
10:11:30.45 (48355308)|VARIABLE_ASSIGNMENT|[31]|listAccount|[{"LastModifiedDate":"2018-04-20T08:11:30.000Z","Ownership":"Public","Description":"Chain of hotels and  (62 more) ...","BillingCity":"Chicago","Rating":"Warm","Website":"www.grandhotels.com","NumberOfEmployees":5600,"SLA__c":"Gold","Name":"Grand Hotels & Resor (6 more) ...","Industry":"Hospitality","OwnerId":"0051r000007Oz5QAAS","CreatedById":"0051r000007Oz5QAAS","SLASerialNumber__c":"5572","TickerSymbol":"GHTL","Phone":"(312) 596-1000","Match_Billing_Addres (4 more) ...":false,"UpsellOpportunity__c":"Yes","NumberofLocations__c":57,"IsDeleted":false,"Fecha_ultima_activid (18 more) ...":"2015-04-26T00:00:00.000Z","Sic":"2268","SystemModstamp":"2018-04-20T08:11:30.000Z","ShippingStreet":"2334 N. Michigan Ave (39 more) ...","AccountNumber":"CD439877","Type":"Customer - Direct","CleanStatus":"Pending","SLAExpirationDate__c":"2018-10-16T00:00:00.000Z","BillingStreet":"2334 N. Michigan Ave (39 more) ...","LastActivityDate":"2047-04-20T00:00:00.000Z","CreatedDate":"2018-03-21T12:29:14.000Z","CustomerPriority__c":"High","Id":"0011r00001mvH7mAAE","Fax":"(312) 596-1500","LastModifiedById":"0051r000007Oz5QAAS","AnnualRevenue":500000000,"BillingState":"IL","Active__c":"Yes"}]|0x3809609c
10:11:30.45 (48377927)|VARIABLE_SCOPE_BEGIN|[31]|mapOld|Map<Id,Account>|true|false
10:11:30.45 (48691001)|VARIABLE_ASSIGNMENT|[31]|mapOld|{"0011r00001mvH7mAAE":{"LastModifiedDate":"2018-04-20T08:09:20.000Z","Ownership":"Public","Description":"Chain of hotels and  (62 more) ...","BillingCity":"Chicago","Rating":"Warm","Website":"www.grandhotels.com","NumberOfEmployees":5600,"SLA__c":"Gold","Name":"Grand Hotels & Resor (6 more) ...","Industry":"Hospitality","OwnerId":"0051r000007Oz5QAAS","CreatedById":"0051r000007Oz5QAAS","SLASerialNumber__c":"5572","TickerSymbol":"GHTL","Phone":"(312) 596-1000","Match_Billing_Addres (4 more) ...":false,"UpsellOpportunity__c":"Yes","NumberofLocations__c":57,"IsDeleted":false,"Fecha_ultima_activid (18 more) ...":"2015-04-26T00:00:00.000Z","Sic":"2268","SystemModstamp":"2018-04-20T08:09:20.000Z","ShippingStreet":"2334 N. Michigan Ave (39 more) ...","AccountNumber":"CD439877","Type":"Customer - Direct","CleanStatus":"Pending","SLAExpirationDate__c":"2018-10-16T00:00:00.000Z","BillingStreet":"2334 N. Michigan Ave (39 more) ...","LastActivityDate":"2047-04-20T00:00:00.000Z","CreatedDate":"2018-03-21T12:29:14.000Z","CustomerPriority__c":"High","Id":"0011r00001mvH7mAAE","Fax":"(312) 596-1500","LastModifiedById":"0051r000007Oz5QAAS","AnnualRevenue":500000000,"BillingState":"IL","Active__c":"Yes"}}|0x673bd634
10:11:30.45 (48727352)|SYSTEM_MODE_ENTER|false
10:11:30.45 (48734698)|HEAP_ALLOCATE|[33]|Bytes:5
10:11:30.45 (48741300)|STATEMENT_EXECUTE|[31]
10:11:30.45 (48806380)|STATEMENT_EXECUTE|[33]
10:11:30.45 (48808881)|STATEMENT_EXECUTE|[35]
10:11:30.45 (48823862)|HEAP_ALLOCATE|[35]|Bytes:4
10:11:30.45 (48856785)|VARIABLE_SCOPE_BEGIN|[35]|listAccUpdate|List<Account>|true|false
10:11:30.45 (48867084)|HEAP_ALLOCATE|[EXTERNAL]|Bytes:4
10:11:30.45 (48875469)|VARIABLE_ASSIGNMENT|[35]|listAccUpdate|[]|0x409bd8c1
10:11:30.45 (48883903)|HEAP_ALLOCATE|[37]|Bytes:175
10:11:30.45 (48900510)|HEAP_ALLOCATE|[37]|Bytes:4
10:11:30.45 (48910989)|HEAP_ALLOCATE|[37]|Bytes:7
10:11:30.45 (49204748)|SOQL_EXECUTE_BEGIN|[37]|Aggregations:1|SELECT Id, Fecha_ultima_actividad_mas_reciente__c, ParentId, (SELECT Id, Fecha_ultima_actividad_mas_reciente__c, ParentId FROM ChildAccounts) FROM Account 
10:11:30.45 (53416173)|SOQL_EXECUTE_END|[37]|Rows:1
10:11:30.45 (53436005)|HEAP_ALLOCATE|[EXTERNAL]|Bytes:8
10:11:30.45 (53580843)|HEAP_ALLOCATE|[37]|Bytes:54
10:11:30.45 (53590164)|HEAP_ALLOCATE|[37]|Bytes:8
10:11:30.45 (53602067)|SYSTEM_METHOD_ENTRY|[7]|QueryLocatorIterator.QueryLocatorIterator()
10:11:30.45 (53608044)|STATEMENT_EXECUTE|[7]
10:11:30.45 (53616265)|SYSTEM_METHOD_EXIT|[7]|QueryLocatorIterator
10:11:30.45 (53624583)|HEAP_ALLOCATE|[37]|Bytes:28
10:11:30.45 (53652430)|HEAP_ALLOCATE|[37]|Bytes:8
10:11:30.45 (53667065)|HEAP_ALLOCATE|[37]|Bytes:8
10:11:30.45 (53671089)|HEAP_ALLOCATE|[37]|Bytes:8
10:11:30.45 (53676125)|VARIABLE_SCOPE_BEGIN|[15]|this|Database.QueryLocatorIterator|true|false
10:11:30.45 (53701746)|VARIABLE_ASSIGNMENT|[15]|this|{}|0x2f6dc7c9
10:11:30.45 (53708210)|VARIABLE_SCOPE_BEGIN|[15]|values|List<SObject>|true|false
10:11:30.45 (53744735)|VARIABLE_ASSIGNMENT|[15]|values|[{"Id":"0011r00001mvH7mAAE","Fecha_ultima_activid (18 more) ...":"2015-04-26T00:00:00.000Z","ChildAccounts":[{"ParentId":"0011r00001mvH7mAAE","Id":"0011r00001nnRDqAAM","Fecha_ultima_activid (18 more) ...":"2010-04-10T00:00:00.000Z"},{"ParentId":"0011r00001mvH7mAAE","Id":"0011r00001np50hAAA","Fecha_ultima_activid (18 more) ...":"2010-04-10T00:00:00.000Z"}]}]|0xa5592a
10:11:30.45 (53755445)|VARIABLE_SCOPE_BEGIN|[15]|ql|Database.QueryLocator|true|false
10:11:30.45 (53783560)|VARIABLE_ASSIGNMENT|[15]|ql|{"query":"SELECT Id, Fecha_ult (155 more) ..."}|0x27df14fd
10:11:30.45 (53789852)|VARIABLE_SCOPE_BEGIN|[15]|totalNumRecords|Integer|false|false
10:11:30.45 (53798967)|VARIABLE_ASSIGNMENT|[15]|totalNumRecords|1
10:11:30.45 (53803296)|VARIABLE_SCOPE_BEGIN|[15]|queryMoreSize|Integer|false|false
10:11:30.45 (53810897)|VARIABLE_ASSIGNMENT|[15]|queryMoreSize|49999
10:11:30.45 (53905062)|HEAP_ALLOCATE|[37]|Bytes:28
10:11:30.45 (53924533)|METHOD_ENTRY|[37]||Database.QueryLocatorIterator.hasNext()
10:11:30.45 (53963779)|METHOD_EXIT|[37]||Database.QueryLocatorIterator.hasNext()
10:11:30.45 (53971944)|METHOD_ENTRY|[37]||Database.QueryLocatorIterator.next()
10:11:30.45 (54034932)|METHOD_EXIT|[37]||Database.QueryLocatorIterator.next()
10:11:30.45 (54044061)|VARIABLE_SCOPE_BEGIN|[37]|inAccount|Account|true|false
10:11:30.45 (54072780)|VARIABLE_ASSIGNMENT|[37]|inAccount|{"Id":"0011r00001mvH7mAAE","Fecha_ultima_activid (18 more) ...":"2015-04-26T00:00:00.000Z","ChildAccounts":[{"ParentId":"0011r00001mvH7mAAE","Id":"0011r00001nnRDqAAM","Fecha_ultima_activid (18 more) ...":"2010-04-10T00:00:00.000Z"},{"ParentId":"0011r00001mvH7mAAE","Id":"0011r00001np50hAAA","Fecha_ultima_activid (18 more) ...":"2010-04-10T00:00:00.000Z"}]}|0x61970bb
10:11:30.45 (54084471)|STATEMENT_EXECUTE|[40]
10:11:30.45 (54086665)|STATEMENT_EXECUTE|[42]
10:11:30.45 (54091151)|HEAP_ALLOCATE|[42]|Bytes:13
10:11:30.45 (54097445)|HEAP_ALLOCATE|[42]|Bytes:7
10:11:30.45 (54129445)|HEAP_ALLOCATE|[EXTERNAL]|Bytes:12
10:11:30.45 (54150177)|HEAP_ALLOCATE|[42]|Bytes:12
10:11:30.45 (54246548)|USER_DEBUG|[42]|DEBUG|(Account:{ParentId=0011r00001mvH7mAAE, Id=0011r00001nnRDqAAM, Fecha_ultima_actividad_mas_reciente__c=2010-04-10 00:00:00}, Account:{ParentId=0011r00001mvH7mAAE, Id=0011r00001np50hAAA, Fecha_ultima_actividad_mas_reciente__c=2010-04-10 00:00:00})
10:11:30.45 (54290500)|HEAP_ALLOCATE|[44]|Bytes:12
10:11:30.45 (54361401)|HEAP_ALLOCATE|[44]|Bytes:28
10:11:30.45 (54384165)|HEAP_ALLOCATE|[44]|Bytes:12
10:11:30.45 (54395481)|HEAP_ALLOCATE|[44]|Bytes:8
10:11:30.45 (54399149)|HEAP_ALLOCATE|[44]|Bytes:8
10:11:30.45 (54403593)|VARIABLE_SCOPE_BEGIN|[15]|this|Database.QueryLocatorIterator|true|false
10:11:30.45 (54423036)|VARIABLE_ASSIGNMENT|[15]|this|{}|0x6dcdc1fc
10:11:30.45 (54429942)|VARIABLE_SCOPE_BEGIN|[15]|values|List<SObject>|true|false
10:11:30.45 (54456573)|VARIABLE_ASSIGNMENT|[15]|values|[{"ParentId":"0011r00001mvH7mAAE","Id":"0011r00001nnRDqAAM","Fecha_ultima_activid (18 more) ...":"2010-04-10T00:00:00.000Z"},{"ParentId":"0011r00001mvH7mAAE","Id":"0011r00001np50hAAA","Fecha_ultima_activid (18 more) ...":"2010-04-10T00:00:00.000Z"}]|0x32ea5844
10:11:30.45 (54465121)|VARIABLE_SCOPE_BEGIN|[15]|ql|Database.QueryLocator|true|false
10:11:30.45 (54477795)|VARIABLE_ASSIGNMENT|[15]|ql|{}|0x7fbb7a0a
10:11:30.45 (54483251)|VARIABLE_SCOPE_BEGIN|[15]|totalNumRecords|Integer|false|false
10:11:30.45 (54491559)|VARIABLE_ASSIGNMENT|[15]|totalNumRecords|2
10:11:30.45 (54495332)|VARIABLE_SCOPE_BEGIN|[15]|queryMoreSize|Integer|false|false
10:11:30.45 (54502364)|VARIABLE_ASSIGNMENT|[15]|queryMoreSize|200
10:11:30.45 (54541845)|HEAP_ALLOCATE|[44]|Bytes:28
10:11:30.45 (54555017)|METHOD_ENTRY|[44]||Database.QueryLocatorIterator.hasNext()
10:11:30.45 (54577141)|METHOD_EXIT|[44]||Database.QueryLocatorIterator.hasNext()
10:11:30.45 (54583342)|METHOD_ENTRY|[44]||Database.QueryLocatorIterator.next()
10:11:30.45 (54629839)|METHOD_EXIT|[44]||Database.QueryLocatorIterator.next()
10:11:30.45 (54636563)|VARIABLE_SCOPE_BEGIN|[44]|inAccountChild|Account|true|false
10:11:30.45 (54654166)|VARIABLE_ASSIGNMENT|[44]|inAccountChild|{"ParentId":"0011r00001mvH7mAAE","Id":"0011r00001nnRDqAAM","Fecha_ultima_activid (18 more) ...":"2010-04-10T00:00:00.000Z"}|0x65cb439f
10:11:30.45 (54662853)|STATEMENT_EXECUTE|[44]
10:11:30.45 (54664924)|STATEMENT_EXECUTE|[45]
10:11:30.45 (54724512)|VARIABLE_ASSIGNMENT|[45]|this.Fecha_ultima_actividad_mas_reciente__c|"2015-04-26T00:00:00.000Z"|0x65cb439f
10:11:30.45 (54732350)|STATEMENT_EXECUTE|[46]
10:11:30.45 (54765022)|HEAP_ALLOCATE|[EXTERNAL]|Bytes:4
10:11:30.45 (54794484)|METHOD_ENTRY|[44]||Database.QueryLocatorIterator.hasNext()
10:11:30.45 (54814775)|METHOD_EXIT|[44]||Database.QueryLocatorIterator.hasNext()
10:11:30.45 (54820000)|METHOD_ENTRY|[44]||Database.QueryLocatorIterator.next()
10:11:30.45 (54868671)|METHOD_EXIT|[44]||Database.QueryLocatorIterator.next()
10:11:30.45 (54875983)|VARIABLE_SCOPE_BEGIN|[44]|inAccountChild|Account|true|false
10:11:30.45 (54894095)|VARIABLE_ASSIGNMENT|[44]|inAccountChild|{"ParentId":"0011r00001mvH7mAAE","Id":"0011r00001np50hAAA","Fecha_ultima_activid (18 more) ...":"2010-04-10T00:00:00.000Z"}|0x668aacfb
10:11:30.45 (54901670)|STATEMENT_EXECUTE|[44]
10:11:30.45 (54903450)|STATEMENT_EXECUTE|[45]
10:11:30.45 (54935167)|VARIABLE_ASSIGNMENT|[45]|this.Fecha_ultima_actividad_mas_reciente__c|"2015-04-26T00:00:00.000Z"|0x668aacfb
10:11:30.45 (54946228)|STATEMENT_EXECUTE|[46]
10:11:30.45 (54953765)|HEAP_ALLOCATE|[EXTERNAL]|Bytes:4
10:11:30.45 (54963365)|METHOD_ENTRY|[44]||Database.QueryLocatorIterator.hasNext()
10:11:30.45 (54976689)|METHOD_EXIT|[44]||Database.QueryLocatorIterator.hasNext()
10:11:30.45 (54984721)|VARIABLE_ASSIGNMENT|[44]|inAccountChild|null|
10:11:30.45 (54991090)|METHOD_ENTRY|[37]||Database.QueryLocatorIterator.hasNext()
10:11:30.45 (54999964)|METHOD_EXIT|[37]||Database.QueryLocatorIterator.hasNext()
10:11:30.45 (55006156)|VARIABLE_ASSIGNMENT|[37]|inAccount|null|
10:11:30.45 (55020910)|STATEMENT_EXECUTE|[50]
10:11:30.45 (55066249)|DML_BEGIN|[50]|Op:Update|Type:Account|Rows:2
10:11:30.45 (55092183)|HEAP_ALLOCATE|[EXTERNAL]|Bytes:12
10:11:30.45 (60854794)|CODE_UNIT_STARTED|[EXTERNAL]|DuplicateDetector
10:11:30.45 (60872211)|DUPLICATE_DETECTION_BEGIN
10:11:30.45 (60933780)|DUPLICATE_DETECTION_RULE_INVOCATION|DuplicateRuleId:0Bm1r0000018X88|DuplicateRuleName:Standard Account Duplicate Rule|DmlType:UPDATE
10:11:30.45 (61008438)|DUPLICATE_DETECTION_END
10:11:30.45 (61014027)|CODE_UNIT_FINISHED|DuplicateDetector
10:11:30.45 (77686616)|CODE_UNIT_STARTED|[EXTERNAL]|01q1r000000j8Jg|AccountTrigger on Account trigger event AfterUpdate
10:11:30.45 (77736184)|HEAP_ALLOCATE|[EXTERNAL]|Bytes:12
10:11:30.45 (77767914)|HEAP_ALLOCATE|[EXTERNAL]|Bytes:12
10:11:30.45 (77829031)|HEAP_ALLOCATE|[EXTERNAL]|Bytes:12
10:11:30.45 (77837360)|VARIABLE_SCOPE_BEGIN|[1]|this|AccountTrigger|true|false
10:11:30.45 (77873855)|VARIABLE_ASSIGNMENT|[1]|this|{}|0x5f6d1861
10:11:30.45 (77911164)|HEAP_ALLOCATE|[EXTERNAL]|Bytes:12
10:11:30.45 (77917880)|VARIABLE_SCOPE_BEGIN|[1]|this|AccountTrigger|true|false
10:11:30.45 (77930784)|VARIABLE_ASSIGNMENT|[1]|this|{}|0x5f6d1861
10:11:30.45 (77940457)|STATEMENT_EXECUTE|[1]
10:11:30.45 (77943029)|STATEMENT_EXECUTE|[3]
10:11:30.45 (78918408)|VARIABLE_ASSIGNMENT|[3]|this.listNew|[{"ParentId":"0011r00001mvH7mAAE","LastModifiedDate":"2018-04-20T08:11:30.000Z","IsDeleted":false,"Fecha_ultima_activid (18 more) ...":"2015-04-26T00:00:00.000Z","SystemModstamp":"2018-04-20T08:11:30.000Z","Name":"prueba","CleanStatus":"Pending","OwnerId":"0051r000007Oz5QAAS","CreatedById":"0051r000007Oz5QAAS","Match_Billing_Addres (4 more) ...":false,"LastActivityDate":"2048-04-30T00:00:00.000Z","CreatedDate":"2018-04-12T09:07:46.000Z","Id":"0011r00001nnRDqAAM","LastModifiedById":"0051r000007Oz5QAAS"},{"ParentId":"0011r00001mvH7mAAE","LastModifiedDate":"2018-04-20T08:11:30.000Z","IsDeleted":false,"Fecha_ultima_activid (18 more) ...":"2015-04-26T00:00:00.000Z","SystemModstamp":"2018-04-20T08:11:30.000Z","Name":"prueba","CleanStatus":"Pending","OwnerId":"0051r000007Oz5QAAS","CreatedById":"0051r000007Oz5QAAS","Match_Billing_Addres (4 more) ...":false,"CreatedDate":"2018-04-20T07:34:01.000Z","Id":"0011r00001np50hAAA","LastModifiedById":"0051r000007Oz5QAAS"}]|0x5f6d1861
10:11:30.45 (78942309)|STATEMENT_EXECUTE|[5]
10:11:30.45 (79737528)|VARIABLE_ASSIGNMENT|[5]|this.mapOld|{"0011r00001nnRDqAAM":{"ParentId":"0011r00001mvH7mAAE","LastModifiedDate":"2018-04-20T08:09:20.000Z","IsDeleted":false,"Fecha_ultima_activid (18 more) ...":"2010-04-10T00:00:00.000Z","SystemModstamp":"2018-04-20T08:09:20.000Z","Name":"prueba","CleanStatus":"Pending","OwnerId":"0051r000007Oz5QAAS","CreatedById":"0051r000007Oz5QAAS","Match_Billing_Addres (4 more) ...":false,"LastActivityDate":"2048-04-30T00:00:00.000Z","CreatedDate":"2018-04-12T09:07:46.000Z","Id":"0011r00001nnRDqAAM","LastModifiedById":"0051r000007Oz5QAAS"},"0011r00001np50hAAA":{"ParentId":"0011r00001mvH7mAAE","LastModifiedDate":"2018-04-20T08:09:20.000Z","IsDeleted":false,"Fecha_ultima_activid (18 more) ...":"2010-04-10T00:00:00.000Z","SystemModstamp":"2018-04-20T08:09:20.000Z","Name":"prueba","CleanStatus":"Pending","OwnerId":"0051r000007Oz5QAAS","CreatedById":"0051r000007Oz5QAAS","Match_Billing_Addres (4 more) ...":false,"CreatedDate":"2018-04-20T07:34:01.000Z","Id":"0011r00001np50hAAA","LastModifiedById":"0051r000007Oz5QAAS"}}|0x5f6d1861
10:11:30.45 (79766961)|STATEMENT_EXECUTE|[7]
10:11:30.45 (79776591)|STATEMENT_EXECUTE|[8]
10:11:30.45 (79778653)|STATEMENT_EXECUTE|[9]
10:11:30.45 (79794938)|METHOD_ENTRY|[9]|01p1r000009p8Bf|AccountMethods.ActualizarCuentaHija(List<Account>, Map<Id,Account>)
10:11:30.45 (79805159)|VARIABLE_SCOPE_BEGIN|[31]|listAccount|List<Account>|true|false
10:11:30.45 (81279260)|VARIABLE_ASSIGNMENT|[31]|listAccount|[{"ParentId":"0011r00001mvH7mAAE","LastModifiedDate":"2018-04-20T08:11:30.000Z","IsDeleted":false,"Fecha_ultima_activid (18 more) ...":"2015-04-26T00:00:00.000Z","SystemModstamp":"2018-04-20T08:11:30.000Z","Name":"prueba","CleanStatus":"Pending","OwnerId":"0051r000007Oz5QAAS","CreatedById":"0051r000007Oz5QAAS","Match_Billing_Addres (4 more) ...":false,"LastActivityDate":"2048-04-30T00:00:00.000Z","CreatedDate":"2018-04-12T09:07:46.000Z","Id":"0011r00001nnRDqAAM","LastModifiedById":"0051r000007Oz5QAAS"},{"ParentId":"0011r00001mvH7mAAE","LastModifiedDate":"2018-04-20T08:11:30.000Z","IsDeleted":false,"Fecha_ultima_activid (18 more) ...":"2015-04-26T00:00:00.000Z","SystemModstamp":"2018-04-20T08:11:30.000Z","Name":"prueba","CleanStatus":"Pending","OwnerId":"0051r000007Oz5QAAS","CreatedById":"0051r000007Oz5QAAS","Match_Billing_Addres (4 more) ...":false,"CreatedDate":"2018-04-20T07:34:01.000Z","Id":"0011r00001np50hAAA","LastModifiedById":"0051r000007Oz5QAAS"}]|0x6178c8af
10:11:30.45 (81302807)|VARIABLE_SCOPE_BEGIN|[31]|mapOld|Map<Id,Account>|true|false
10:11:30.45 (82539958)|VARIABLE_ASSIGNMENT|[31]|mapOld|{"0011r00001nnRDqAAM":{"ParentId":"0011r00001mvH7mAAE","LastModifiedDate":"2018-04-20T08:09:20.000Z","IsDeleted":false,"Fecha_ultima_activid (18 more) ...":"2010-04-10T00:00:00.000Z","SystemModstamp":"2018-04-20T08:09:20.000Z","Name":"prueba","CleanStatus":"Pending","OwnerId":"0051r000007Oz5QAAS","CreatedById":"0051r000007Oz5QAAS","Match_Billing_Addres (4 more) ...":false,"LastActivityDate":"2048-04-30T00:00:00.000Z","CreatedDate":"2018-04-12T09:07:46.000Z","Id":"0011r00001nnRDqAAM","LastModifiedById":"0051r000007Oz5QAAS"},"0011r00001np50hAAA":{"ParentId":"0011r00001mvH7mAAE","LastModifiedDate":"2018-04-20T08:09:20.000Z","IsDeleted":false,"Fecha_ultima_activid (18 more) ...":"2010-04-10T00:00:00.000Z","SystemModstamp":"2018-04-20T08:09:20.000Z","Name":"prueba","CleanStatus":"Pending","OwnerId":"0051r000007Oz5QAAS","CreatedById":"0051r000007Oz5QAAS","Match_Billing_Addres (4 more) ...":false,"CreatedDate":"2018-04-20T07:34:01.000Z","Id":"0011r00001np50hAAA","LastModifiedById":"0051r000007Oz5QAAS"}}|0x6b4f8b64
10:11:30.45 (82580839)|HEAP_ALLOCATE|[33]|Bytes:5
10:11:30.45 (82589256)|STATEMENT_EXECUTE|[31]
10:11:30.45 (82609832)|STATEMENT_EXECUTE|[33]
10:11:30.45 (82612124)|STATEMENT_EXECUTE|[35]
10:11:30.45 (82628999)|HEAP_ALLOCATE|[35]|Bytes:4
10:11:30.45 (82647479)|VARIABLE_SCOPE_BEGIN|[35]|listAccUpdate|List<Account>|true|false
10:11:30.45 (82657689)|HEAP_ALLOCATE|[EXTERNAL]|Bytes:4
10:11:30.45 (82666172)|VARIABLE_ASSIGNMENT|[35]|listAccUpdate|[]|0x7122297e
10:11:30.45 (82683647)|HEAP_ALLOCATE|[37]|Bytes:4
10:11:30.45 (83036961)|SOQL_EXECUTE_BEGIN|[37]|Aggregations:1|SELECT Id, Fecha_ultima_actividad_mas_reciente__c, ParentId, (SELECT Id, Fecha_ultima_actividad_mas_reciente__c, ParentId FROM ChildAccounts) FROM Account 
10:11:30.45 (86989407)|SOQL_EXECUTE_END|[37]|Rows:2
10:11:30.45 (87009857)|HEAP_ALLOCATE|[EXTERNAL]|Bytes:12
10:11:30.45 (87110008)|HEAP_ALLOCATE|[37]|Bytes:28
10:11:30.45 (87141390)|HEAP_ALLOCATE|[37]|Bytes:12
10:11:30.45 (87154743)|HEAP_ALLOCATE|[37]|Bytes:8
10:11:30.45 (87159255)|HEAP_ALLOCATE|[37]|Bytes:8
10:11:30.45 (87164592)|VARIABLE_SCOPE_BEGIN|[15]|this|Database.QueryLocatorIterator|true|false
10:11:30.45 (87190936)|VARIABLE_ASSIGNMENT|[15]|this|{}|0x535acb46
10:11:30.45 (87197956)|VARIABLE_SCOPE_BEGIN|[15]|values|List<SObject>|true|false
10:11:30.45 (87227141)|VARIABLE_ASSIGNMENT|[15]|values|[{"Id":"0011r00001nnRDqAAM","Fecha_ultima_activid (18 more) ...":"2015-04-26T00:00:00.000Z","ParentId":"0011r00001mvH7mAAE"},{"Id":"0011r00001np50hAAA","Fecha_ultima_activid (18 more) ...":"2015-04-26T00:00:00.000Z","ParentId":"0011r00001mvH7mAAE"}]|0x65e11ef3
10:11:30.45 (87235939)|VARIABLE_SCOPE_BEGIN|[15]|ql|Database.QueryLocator|true|false
10:11:30.45 (87256432)|VARIABLE_ASSIGNMENT|[15]|ql|{"query":"SELECT Id, Fecha_ult (155 more) ..."}|0x49f0d181
10:11:30.45 (87261822)|VARIABLE_SCOPE_BEGIN|[15]|totalNumRecords|Integer|false|false
10:11:30.45 (87269653)|VARIABLE_ASSIGNMENT|[15]|totalNumRecords|2
10:11:30.45 (87273753)|VARIABLE_SCOPE_BEGIN|[15]|queryMoreSize|Integer|false|false
10:11:30.45 (87281203)|VARIABLE_ASSIGNMENT|[15]|queryMoreSize|49997
10:11:30.45 (87332317)|HEAP_ALLOCATE|[37]|Bytes:28
10:11:30.45 (87348130)|METHOD_ENTRY|[37]||Database.QueryLocatorIterator.hasNext()
10:11:30.45 (87376704)|METHOD_EXIT|[37]||Database.QueryLocatorIterator.hasNext()
10:11:30.45 (87383155)|METHOD_ENTRY|[37]||Database.QueryLocatorIterator.next()
10:11:30.45 (87439941)|METHOD_EXIT|[37]||Database.QueryLocatorIterator.next()
10:11:30.45 (87450496)|VARIABLE_SCOPE_BEGIN|[37]|inAccount|Account|true|false
10:11:30.45 (87469597)|VARIABLE_ASSIGNMENT|[37]|inAccount|{"Id":"0011r00001nnRDqAAM","Fecha_ultima_activid (18 more) ...":"2015-04-26T00:00:00.000Z","ParentId":"0011r00001mvH7mAAE"}|0x6488445d
10:11:30.45 (87477907)|STATEMENT_EXECUTE|[40]
10:11:30.45 (87480132)|STATEMENT_EXECUTE|[42]
10:11:30.45 (87499594)|HEAP_ALLOCATE|[EXTERNAL]|Bytes:4
10:11:30.45 (87520547)|HEAP_ALLOCATE|[42]|Bytes:4
10:11:30.45 (87547480)|USER_DEBUG|[42]|DEBUG|()
10:11:30.45 (87614323)|HEAP_ALLOCATE|[44]|Bytes:28
10:11:30.45 (87626525)|HEAP_ALLOCATE|[44]|Bytes:8
10:11:30.45 (87630670)|HEAP_ALLOCATE|[44]|Bytes:8
10:11:30.45 (87633946)|VARIABLE_SCOPE_BEGIN|[15]|this|Database.QueryLocatorIterator|true|false
10:11:30.45 (87651722)|VARIABLE_ASSIGNMENT|[15]|this|{}|0xc763f25
10:11:30.45 (87657472)|VARIABLE_SCOPE_BEGIN|[15]|values|List<SObject>|true|false
10:11:30.45 (87665701)|VARIABLE_ASSIGNMENT|[15]|values|null|
10:11:30.45 (87669648)|VARIABLE_SCOPE_BEGIN|[15]|ql|Database.QueryLocator|true|false
10:11:30.45 (87680737)|VARIABLE_ASSIGNMENT|[15]|ql|{}|0x43c59bf3
10:11:30.45 (87686152)|VARIABLE_SCOPE_BEGIN|[15]|totalNumRecords|Integer|false|false
10:11:30.45 (87693313)|VARIABLE_ASSIGNMENT|[15]|totalNumRecords|0
10:11:30.45 (87697140)|VARIABLE_SCOPE_BEGIN|[15]|queryMoreSize|Integer|false|false
10:11:30.45 (87704675)|VARIABLE_ASSIGNMENT|[15]|queryMoreSize|200
10:11:30.45 (87740896)|HEAP_ALLOCATE|[44]|Bytes:28
10:11:30.45 (87751985)|METHOD_ENTRY|[44]||Database.QueryLocatorIterator.hasNext()
10:11:30.45 (87764357)|METHOD_EXIT|[44]||Database.QueryLocatorIterator.hasNext()
10:11:30.45 (87777352)|VARIABLE_ASSIGNMENT|[44]|inAccountChild|null|
10:11:30.45 (87783274)|STATEMENT_EXECUTE|[44]
10:11:30.45 (87787045)|METHOD_ENTRY|[37]||Database.QueryLocatorIterator.hasNext()
10:11:30.45 (87804595)|METHOD_EXIT|[37]||Database.QueryLocatorIterator.hasNext()
10:11:30.45 (87809601)|METHOD_ENTRY|[37]||Database.QueryLocatorIterator.next()
10:11:30.45 (87854209)|METHOD_EXIT|[37]||Database.QueryLocatorIterator.next()
10:11:30.45 (87860317)|VARIABLE_SCOPE_BEGIN|[37]|inAccount|Account|true|false
10:11:30.45 (87880377)|VARIABLE_ASSIGNMENT|[37]|inAccount|{"Id":"0011r00001np50hAAA","Fecha_ultima_activid (18 more) ...":"2015-04-26T00:00:00.000Z","ParentId":"0011r00001mvH7mAAE"}|0x65c9857a
10:11:30.45 (87887328)|STATEMENT_EXECUTE|[40]
10:11:30.45 (87889548)|STATEMENT_EXECUTE|[42]
10:11:30.45 (87901412)|HEAP_ALLOCATE|[EXTERNAL]|Bytes:4
10:11:30.45 (87921476)|HEAP_ALLOCATE|[42]|Bytes:4
10:11:30.45 (87937882)|USER_DEBUG|[42]|DEBUG|()
10:11:30.45 (87995800)|HEAP_ALLOCATE|[44]|Bytes:28
10:11:30.45 (88006708)|HEAP_ALLOCATE|[44]|Bytes:8
10:11:30.45 (88010729)|HEAP_ALLOCATE|[44]|Bytes:8
10:11:30.45 (88014093)|VARIABLE_SCOPE_BEGIN|[15]|this|Database.QueryLocatorIterator|true|false
10:11:30.45 (88030378)|VARIABLE_ASSIGNMENT|[15]|this|{}|0x54e12191
10:11:30.45 (88036023)|VARIABLE_SCOPE_BEGIN|[15]|values|List<SObject>|true|false
10:11:30.45 (88043219)|VARIABLE_ASSIGNMENT|[15]|values|null|
10:11:30.45 (88046795)|VARIABLE_SCOPE_BEGIN|[15]|ql|Database.QueryLocator|true|false
10:11:30.45 (88057928)|VARIABLE_ASSIGNMENT|[15]|ql|{}|0x3b1422fd
10:11:30.45 (88063195)|VARIABLE_SCOPE_BEGIN|[15]|totalNumRecords|Integer|false|false
10:11:30.45 (88070773)|VARIABLE_ASSIGNMENT|[15]|totalNumRecords|0
10:11:30.45 (88074585)|VARIABLE_SCOPE_BEGIN|[15]|queryMoreSize|Integer|false|false
10:11:30.45 (88081630)|VARIABLE_ASSIGNMENT|[15]|queryMoreSize|200
10:11:30.45 (88116485)|HEAP_ALLOCATE|[44]|Bytes:28
10:11:30.45 (88126589)|METHOD_ENTRY|[44]||Database.QueryLocatorIterator.hasNext()
10:11:30.45 (88138570)|METHOD_EXIT|[44]||Database.QueryLocatorIterator.hasNext()
10:11:30.45 (88145989)|VARIABLE_ASSIGNMENT|[44]|inAccountChild|null|
10:11:30.45 (88151136)|STATEMENT_EXECUTE|[44]
10:11:30.45 (88154547)|METHOD_ENTRY|[37]||Database.QueryLocatorIterator.hasNext()
10:11:30.45 (88163026)|METHOD_EXIT|[37]||Database.QueryLocatorIterator.hasNext()
10:11:30.45 (88168891)|VARIABLE_ASSIGNMENT|[37]|inAccount|null|
10:11:30.45 (88178294)|STATEMENT_EXECUTE|[50]
10:11:30.45 (88230458)|HEAP_ALLOCATE|[EXTERNAL]|Bytes:4
10:11:30.45 (88242435)|METHOD_EXIT|[9]|01p1r000009p8Bf|AccountMethods.ActualizarCuentaHija(List<Account>, Map<Id,Account>)
10:11:30.88 (88253942)|CUMULATIVE_LIMIT_USAGE
10:11:30.88 (88253942)|LIMIT_USAGE_FOR_NS|(default)|
  Number of SOQL queries: 2 out of 100
  Number of query rows: 3 out of 50000
  Number of SOSL queries: 0 out of 20
  Number of DML statements: 1 out of 150
  Number of DML rows: 2 out of 10000
  Maximum CPU time: 0 out of 10000
  Maximum heap size: 0 out of 6000000
  Number of callouts: 0 out of 100
  Number of Email Invocations: 0 out of 10
  Number of future calls: 0 out of 50
  Number of queueable jobs added to the queue: 0 out of 50
  Number of Mobile Apex push calls: 0 out of 10

10:11:30.88 (88253942)|CUMULATIVE_LIMIT_USAGE_END

10:11:30.45 (89278411)|CODE_UNIT_FINISHED|AccountTrigger on Account trigger event AfterUpdate
10:11:30.45 (90327530)|CODE_UNIT_STARTED|[EXTERNAL]|Workflow:Account
10:11:30.45 (90385051)|CODE_UNIT_FINISHED|Workflow:Account
10:11:30.45 (91119712)|DML_END|[50]
10:11:30.45 (91145979)|HEAP_ALLOCATE|[EXTERNAL]|Bytes:12
10:11:30.45 (91160518)|SYSTEM_MODE_EXIT|false
10:11:30.45 (91170102)|METHOD_EXIT|[9]|01p1r000009p8Bf|AccountMethods.ActualizarCuentaHija(List<Account>, Map<Id,Account>)
10:11:30.91 (91181164)|CUMULATIVE_LIMIT_USAGE
10:11:30.91 (91181164)|LIMIT_USAGE_FOR_NS|(default)|
  Number of SOQL queries: 2 out of 100
  Number of query rows: 3 out of 50000
  Number of SOSL queries: 0 out of 20
  Number of DML statements: 1 out of 150
  Number of DML rows: 2 out of 10000
  Maximum CPU time: 0 out of 10000
  Maximum heap size: 0 out of 6000000
  Number of callouts: 0 out of 100
  Number of Email Invocations: 0 out of 10
  Number of future calls: 0 out of 50
  Number of queueable jobs added to the queue: 0 out of 50
  Number of Mobile Apex push calls: 0 out of 10

10:11:30.91 (91181164)|CUMULATIVE_LIMIT_USAGE_END

10:11:30.45 (92287336)|CODE_UNIT_FINISHED|AccountTrigger on Account trigger event AfterUpdate
10:11:30.45 (93145277)|EXECUTION_FINISHED
10:11:30.95 (95926312)|USER_INFO|[EXTERNAL]|0051r000007Oz5Q|lydia.abril@gmail.com|hora est치ndar de Europa central|GMT+02:00
10:11:30.95 (95944393)|EXECUTION_STARTED
10:11:30.95 (95947794)|CODE_UNIT_STARTED|[EXTERNAL]|Workflow:Account
10:11:30.95 (95969038)|CODE_UNIT_FINISHED|Workflow:Account
10:11:30.95 (96746485)|EXECUTION_FINISHED
10:11:30.101 (101033932)|USER_INFO|[EXTERNAL]|0051r000007Oz5Q|lydia.abril@gmail.com|hora est치ndar de Europa central|GMT+02:00
10:11:30.101 (101063349)|EXECUTION_STARTED
10:11:30.101 (101069127)|CODE_UNIT_STARTED|[EXTERNAL]|DuplicateDetector
10:11:30.101 (101079873)|DUPLICATE_DETECTION_BEGIN
10:11:30.101 (101161747)|DUPLICATE_DETECTION_RULE_INVOCATION|DuplicateRuleId:0Bm1r0000018X88|DuplicateRuleName:Standard Account Duplicate Rule|DmlType:UPDATE
10:11:30.101 (112607716)|DUPLICATE_DETECTION_END
10:11:30.101 (112615996)|CODE_UNIT_FINISHED|DuplicateDetector
10:11:30.101 (113462685)|EXECUTION_FINISHED
