36.0 APEX_CODE,FINEST;APEX_PROFILING,INFO;CALLOUT,INFO;DB,INFO;SYSTEM,DEBUG;VALIDATION,INFO;VISUALFORCE,INFO;WAVE,INFO;WORKFLOW,INFO
10:06:51.0 (333967)|USER_INFO|[EXTERNAL]|0051r000007Oz5Q|lydia.abril@gmail.com|hora estándar de Europa central|GMT+02:00
10:06:51.0 (375735)|EXECUTION_STARTED
10:06:51.0 (379205)|CODE_UNIT_STARTED|[EXTERNAL]|01p1r000007YiiW|ReservaVueloTest.testRellenarCuenta
10:06:51.0 (625427)|HEAP_ALLOCATE|[72]|Bytes:3
10:06:51.0 (690361)|HEAP_ALLOCATE|[77]|Bytes:152
10:06:51.0 (707518)|HEAP_ALLOCATE|[342]|Bytes:408
10:06:51.0 (720445)|HEAP_ALLOCATE|[355]|Bytes:408
10:06:51.0 (733015)|HEAP_ALLOCATE|[467]|Bytes:48
10:06:51.0 (759650)|HEAP_ALLOCATE|[139]|Bytes:6
10:06:51.0 (774263)|HEAP_ALLOCATE|[EXTERNAL]|Bytes:10
10:06:51.0 (815391)|METHOD_ENTRY|[2]|01p1r000007YiiW|ReservaVueloTest.ReservaVueloTest()
10:06:51.0 (824641)|STATEMENT_EXECUTE|[2]
10:06:51.0 (829946)|STATEMENT_EXECUTE|[2]
10:06:51.0 (834496)|METHOD_EXIT|[2]|ReservaVueloTest
10:06:51.0 (945388)|HEAP_ALLOCATE|[50]|Bytes:5
10:06:51.0 (970013)|HEAP_ALLOCATE|[56]|Bytes:5
10:06:51.0 (977569)|HEAP_ALLOCATE|[64]|Bytes:7
10:06:51.0 (1028781)|STATEMENT_EXECUTE|[4]
10:06:51.0 (1031472)|STATEMENT_EXECUTE|[8]
10:06:51.0 (1090963)|HEAP_ALLOCATE|[8]|Bytes:4
10:06:51.0 (1171565)|HEAP_ALLOCATE|[8]|Bytes:13
10:06:51.0 (1222512)|VARIABLE_ASSIGNMENT|[8]|this.Name|"AccountPrueba"|0x6d05d9f5
10:06:51.0 (1254355)|VARIABLE_SCOPE_BEGIN|[8]|acount|Account|true|false
10:06:51.0 (1271629)|VARIABLE_ASSIGNMENT|[8]|acount|{"Name":"AccountPrueba"}|0x6d05d9f5
10:06:51.0 (1277695)|STATEMENT_EXECUTE|[10]
10:06:51.0 (1299283)|HEAP_ALLOCATE|[10]|Bytes:4
10:06:51.0 (1372588)|VARIABLE_ASSIGNMENT|[10]|this.AccountId|null|0x56f0d73a
10:06:51.0 (1387728)|VARIABLE_SCOPE_BEGIN|[10]|contact|Contact|true|false
10:06:51.0 (1405078)|VARIABLE_ASSIGNMENT|[10]|contact|{}|0x56f0d73a
10:06:51.0 (1410595)|STATEMENT_EXECUTE|[12]
10:06:51.0 (1434056)|HEAP_ALLOCATE|[12]|Bytes:4
10:06:51.0 (1471035)|HEAP_ALLOCATE|[12]|Bytes:18
10:06:51.0 (1496116)|VARIABLE_ASSIGNMENT|[12]|this.Name|"ReservaVueloPrueba"|0x38a72cc8
10:06:51.0 (1523926)|VARIABLE_ASSIGNMENT|[12]|this.Contacto__c|null|0x38a72cc8
10:06:51.0 (1536975)|VARIABLE_SCOPE_BEGIN|[12]|rv|Reserva_Vuelo__c|true|false
10:06:51.0 (1547951)|VARIABLE_ASSIGNMENT|[12]|rv|{"Name":"ReservaVueloPrueba"}|0x38a72cc8
10:06:51.0 (1553275)|STATEMENT_EXECUTE|[14]
10:06:51.1 (1605731)|CUMULATIVE_LIMIT_USAGE
10:06:51.1 (1605731)|LIMIT_USAGE_FOR_NS|(default)|
  Number of SOQL queries: 0 out of 100
  Number of query rows: 0 out of 50000
  Number of SOSL queries: 0 out of 20
  Number of DML statements: 0 out of 150
  Number of DML rows: 0 out of 10000
  Maximum CPU time: 0 out of 10000
  Maximum heap size: 0 out of 6000000
  Number of callouts: 0 out of 100
  Number of Email Invocations: 0 out of 10
  Number of future calls: 0 out of 50
  Number of queueable jobs added to the queue: 0 out of 50
  Number of Mobile Apex push calls: 0 out of 10

10:06:51.1 (1605731)|CUMULATIVE_LIMIT_USAGE_END

10:06:51.0 (1635400)|CODE_UNIT_FINISHED|ReservaVueloTest.testRellenarCuenta
10:06:51.0 (2465689)|EXECUTION_FINISHED
