42.0 APEX_CODE,FINEST;APEX_PROFILING,INFO;CALLOUT,INFO;DB,INFO;SYSTEM,DEBUG;VALIDATION,INFO;VISUALFORCE,INFO;WAVE,INFO;WORKFLOW,INFO
Execute Anonymous: Account acct0 = new Account(
Execute Anonymous:     Name='SFDC Computingg',
Execute Anonymous:     Phone='(415)555-1212',
Execute Anonymous:     NumberOfEmployees=50,
Execute Anonymous:     BillingCity='San Francisco0',
Execute Anonymous: 	AccountNumber='00000000');
Execute Anonymous: insert acct0;
Execute Anonymous: 
Execute Anonymous: 
Execute Anonymous: ID acctID = acct0.ID;
Execute Anonymous: // Add a contact to this account.
Execute Anonymous: Contact conn = new Contact(
Execute Anonymous:     FirstName='Carol',
Execute Anonymous:     LastName='Ruiz',
Execute Anonymous:     Phone='(415)555-1212',
Execute Anonymous:     Department='Wingo',
Execute Anonymous:     AccountId=acctID);
Execute Anonymous: insert conn;
Execute Anonymous: // Add account with no contact
Execute Anonymous: Account acct22 = new Account(
Execute Anonymous:     Name='The SFDC Query Man',
Execute Anonymous:     Phone='(310)555-1213',
Execute Anonymous:     NumberOfEmployees=50,
Execute Anonymous:     BillingCity='Los Angeles',
Execute Anonymous:     Description='Expert in wing technologies.',
Execute Anonymous: 	AccountNumber='34543450');
Execute Anonymous: insert acct22;
13:35:34.1 (1219988)|USER_INFO|[EXTERNAL]|0051r000007Oz5Q|lydia.abril@gmail.com|hora estándar de Europa central|GMT+01:00
13:35:34.1 (1246108)|EXECUTION_STARTED
13:35:34.1 (1250217)|CODE_UNIT_STARTED|[EXTERNAL]|execute_anonymous_apex
13:35:34.1 (1374661)|VARIABLE_SCOPE_BEGIN|[1]|acct0|Account|true|false
13:35:34.1 (1386647)|VARIABLE_SCOPE_BEGIN|[20]|acct22|Account|true|false
13:35:34.1 (1401331)|VARIABLE_SCOPE_BEGIN|[10]|acctID|Id|false|false
13:35:34.1 (1418100)|VARIABLE_SCOPE_BEGIN|[12]|conn|Contact|true|false
13:35:34.1 (1519287)|HEAP_ALLOCATE|[72]|Bytes:3
13:35:34.1 (1549811)|HEAP_ALLOCATE|[77]|Bytes:152
13:35:34.1 (1562247)|HEAP_ALLOCATE|[342]|Bytes:408
13:35:34.1 (1573810)|HEAP_ALLOCATE|[355]|Bytes:408
13:35:34.1 (1583375)|HEAP_ALLOCATE|[467]|Bytes:48
13:35:34.1 (1632231)|HEAP_ALLOCATE|[139]|Bytes:6
13:35:34.1 (1647808)|HEAP_ALLOCATE|[EXTERNAL]|Bytes:61
13:35:34.1 (1806904)|STATEMENT_EXECUTE|[1]
13:35:34.1 (1809588)|STATEMENT_EXECUTE|[1]
13:35:34.1 (1829740)|HEAP_ALLOCATE|[1]|Bytes:4
13:35:34.1 (1907203)|HEAP_ALLOCATE|[2]|Bytes:15
13:35:34.1 (1963971)|VARIABLE_ASSIGNMENT|[1]|this.Name|"SFDC Computingg"|0x25fa74b9
13:35:34.1 (1971710)|HEAP_ALLOCATE|[3]|Bytes:13
13:35:34.1 (1989426)|VARIABLE_ASSIGNMENT|[1]|this.Phone|"(415)555-1212"|0x25fa74b9
13:35:34.1 (2023578)|VARIABLE_ASSIGNMENT|[1]|this.NumberOfEmployees|50|0x25fa74b9
13:35:34.1 (2031781)|HEAP_ALLOCATE|[5]|Bytes:14
13:35:34.1 (2049857)|VARIABLE_ASSIGNMENT|[1]|this.BillingCity|"San Francisco0"|0x25fa74b9
13:35:34.1 (2056045)|HEAP_ALLOCATE|[6]|Bytes:8
13:35:34.1 (2072916)|VARIABLE_ASSIGNMENT|[1]|this.AccountNumber|"00000000"|0x25fa74b9
13:35:34.1 (2132583)|VARIABLE_ASSIGNMENT|[1]|acct0|{"Name":"SFDC Computingg","Phone":"(415)555-1212","NumberOfEmployees":50,"BillingCity":"San Francisco0","AccountNumber":"00000000"}|0x25fa74b9
13:35:34.1 (2140730)|STATEMENT_EXECUTE|[7]
13:35:34.1 (2180092)|HEAP_ALLOCATE|[50]|Bytes:5
13:35:34.1 (2200687)|HEAP_ALLOCATE|[56]|Bytes:5
13:35:34.1 (2208235)|HEAP_ALLOCATE|[64]|Bytes:7
13:35:34.1 (2245830)|HEAP_ALLOCATE|[7]|Bytes:8
13:35:34.1 (2277326)|DML_BEGIN|[7]|Op:Insert|Type:Account|Rows:1
13:35:34.1 (2309268)|HEAP_ALLOCATE|[EXTERNAL]|Bytes:8
13:35:34.1 (46949665)|CODE_UNIT_STARTED|[EXTERNAL]|Validation:Account:new
13:35:34.1 (46973496)|VALIDATION_RULE|03d1r00000068gy|Account_Number_8_Characters
13:35:34.1 (47135858)|VALIDATION_FORMULA|LEN( AccountNumber) != 8|AccountNumber=00000000
13:35:34.1 (47149556)|VALIDATION_PASS
13:35:34.1 (47201998)|CODE_UNIT_FINISHED|Validation:Account:new
13:35:34.1 (48056335)|CODE_UNIT_STARTED|[EXTERNAL]|DuplicateDetector
13:35:34.1 (48100359)|DUPLICATE_DETECTION_BEGIN
13:35:34.1 (48841830)|DUPLICATE_DETECTION_RULE_INVOCATION|DuplicateRuleId:0Bm1r0000018X88|DuplicateRuleName:Standard Account Duplicate Rule|DmlType:INSERT
13:35:34.1 (199470711)|DUPLICATE_DETECTION_MATCH_INVOCATION_DETAILS|EntityType:Account|ActionTaken:Allow_[Alert,Report]|DuplicateRecordIds:0011r00001mRHpN
13:35:34.1 (199510908)|DUPLICATE_DETECTION_MATCH_INVOCATION_SUMMARY|EntityType:Account|NumRecordsToBeSaved:1|NumRecordsToBeSavedWithDuplicates:1|NumDuplicateRecordsFound:1
13:35:34.1 (199720803)|DUPLICATE_DETECTION_END
13:35:34.1 (199727633)|CODE_UNIT_FINISHED|DuplicateDetector
13:35:34.1 (201158955)|DML_END|[7]
13:35:34.1 (201350595)|EXCEPTION_THROWN|[7]|System.DmlException: Insert failed. First exception on row 0; first error: DUPLICATES_DETECTED, Use one of these records?: []
13:35:34.1 (201678481)|HEAP_ALLOCATE|[7]|Bytes:108
13:35:34.1 (201773052)|FATAL_ERROR|System.DmlException: Insert failed. First exception on row 0; first error: DUPLICATES_DETECTED, Use one of these records?: []

AnonymousBlock: line 7, column 1
13:35:34.201 (201785768)|CUMULATIVE_LIMIT_USAGE
13:35:34.201 (201785768)|LIMIT_USAGE_FOR_NS|(default)|
  Number of SOQL queries: 0 out of 100
  Number of query rows: 0 out of 50000
  Number of SOSL queries: 0 out of 20
  Number of DML statements: 1 out of 150
  Number of DML rows: 1 out of 10000
  Maximum CPU time: 0 out of 10000
  Maximum heap size: 0 out of 6000000
  Number of callouts: 0 out of 100
  Number of Email Invocations: 0 out of 10
  Number of future calls: 0 out of 50
  Number of queueable jobs added to the queue: 0 out of 50
  Number of Mobile Apex push calls: 0 out of 10

13:35:34.201 (201785768)|CUMULATIVE_LIMIT_USAGE_END

13:35:34.1 (201842320)|CODE_UNIT_FINISHED|execute_anonymous_apex
13:35:34.1 (203122474)|EXECUTION_FINISHED
