36.0 APEX_CODE,FINEST;APEX_PROFILING,INFO;CALLOUT,INFO;DB,INFO;SYSTEM,DEBUG;VALIDATION,INFO;VISUALFORCE,INFO;WAVE,INFO;WORKFLOW,INFO
12:45:14.0 (328615)|USER_INFO|[EXTERNAL]|0051r000007Oz5Q|lydia.abril@gmail.com|hora estándar de Europa central|GMT+02:00
12:45:14.0 (383852)|EXECUTION_STARTED
12:45:14.0 (388140)|CODE_UNIT_STARTED|[EXTERNAL]|01p1r000008aN28|PasajeroTest.ValidarNifTest
12:45:14.0 (624009)|HEAP_ALLOCATE|[72]|Bytes:3
12:45:14.0 (664408)|HEAP_ALLOCATE|[77]|Bytes:152
12:45:14.0 (680313)|HEAP_ALLOCATE|[342]|Bytes:408
12:45:14.0 (697824)|HEAP_ALLOCATE|[355]|Bytes:408
12:45:14.0 (712410)|HEAP_ALLOCATE|[467]|Bytes:48
12:45:14.0 (738290)|HEAP_ALLOCATE|[139]|Bytes:6
12:45:14.0 (753338)|HEAP_ALLOCATE|[EXTERNAL]|Bytes:53
12:45:14.0 (770040)|METHOD_ENTRY|[2]|01p1r000008aN28|PasajeroTest.PasajeroTest()
12:45:14.0 (778735)|STATEMENT_EXECUTE|[2]
12:45:14.0 (785155)|STATEMENT_EXECUTE|[2]
12:45:14.0 (791500)|METHOD_EXIT|[2]|PasajeroTest
12:45:14.0 (930486)|HEAP_ALLOCATE|[50]|Bytes:5
12:45:14.0 (954669)|HEAP_ALLOCATE|[56]|Bytes:5
12:45:14.0 (962798)|HEAP_ALLOCATE|[64]|Bytes:7
12:45:14.0 (1001682)|STATEMENT_EXECUTE|[9]
12:45:14.0 (1004618)|STATEMENT_EXECUTE|[11]
12:45:14.0 (1050964)|HEAP_ALLOCATE|[11]|Bytes:4
12:45:14.0 (1130430)|HEAP_ALLOCATE|[11]|Bytes:13
12:45:14.0 (1188857)|VARIABLE_ASSIGNMENT|[11]|this.Name|"CuentaPrueba0"|0x61a2d4ef
12:45:14.0 (1219909)|VARIABLE_SCOPE_BEGIN|[11]|oAccount|Account|true|false
12:45:14.0 (1243117)|VARIABLE_ASSIGNMENT|[11]|oAccount|{"Name":"CuentaPrueba0"}|0x61a2d4ef
12:45:14.0 (1249669)|STATEMENT_EXECUTE|[12]
12:45:14.0 (1272424)|HEAP_ALLOCATE|[12]|Bytes:8
12:45:14.0 (1290739)|DML_BEGIN|[12]|Op:Insert|Type:Account|Rows:1
12:45:14.0 (1318714)|HEAP_ALLOCATE|[EXTERNAL]|Bytes:8
12:45:14.0 (11237117)|CODE_UNIT_STARTED|[EXTERNAL]|DuplicateDetector
12:45:14.0 (11253489)|DUPLICATE_DETECTION_BEGIN
12:45:14.0 (11801027)|DUPLICATE_DETECTION_RULE_INVOCATION|DuplicateRuleId:0Bm1r0000018X88|DuplicateRuleName:Standard Account Duplicate Rule|DmlType:INSERT
12:45:14.0 (33383409)|DUPLICATE_DETECTION_MATCH_INVOCATION_DETAILS|EntityType:Account|ActionTaken:Allow_[Alert,Report]|DuplicateRecordIds:
12:45:14.0 (33445470)|DUPLICATE_DETECTION_MATCH_INVOCATION_SUMMARY|EntityType:Account|NumRecordsToBeSaved:1|NumRecordsToBeSavedWithDuplicates:0|NumDuplicateRecordsFound:0
12:45:14.0 (33640165)|DUPLICATE_DETECTION_END
12:45:14.0 (33651587)|CODE_UNIT_FINISHED|DuplicateDetector
12:45:14.0 (83392323)|DML_END|[12]
12:45:14.0 (83430542)|STATEMENT_EXECUTE|[14]
12:45:14.0 (83494439)|HEAP_ALLOCATE|[14]|Bytes:4
12:45:14.0 (83606669)|HEAP_ALLOCATE|[14]|Bytes:15
12:45:14.0 (83658798)|VARIABLE_ASSIGNMENT|[14]|this.LastName|"ContactoPrueba0"|0x78125705
12:45:14.0 (83667652)|HEAP_ALLOCATE|[14]|Bytes:9
12:45:14.0 (83686675)|VARIABLE_ASSIGNMENT|[14]|this.Nif__c|"12345678B"|0x78125705
12:45:14.0 (83733579)|VARIABLE_ASSIGNMENT|[14]|this.AccountId|"0011r00001mxdAyAAI"|0x78125705
12:45:14.0 (83769149)|VARIABLE_SCOPE_BEGIN|[14]|oContact|Contact|true|false
12:45:14.0 (83793598)|VARIABLE_ASSIGNMENT|[14]|oContact|{"LastName":"ContactoPrueba0","Nif__c":"12345678B","AccountId":"0011r00001mxdAyAAI"}|0x78125705
12:45:14.0 (83801451)|STATEMENT_EXECUTE|[15]
12:45:14.0 (83829130)|HEAP_ALLOCATE|[15]|Bytes:8
12:45:14.0 (83848306)|DML_BEGIN|[15]|Op:Insert|Type:Contact|Rows:1
12:45:14.0 (83889471)|HEAP_ALLOCATE|[EXTERNAL]|Bytes:8
12:45:14.0 (90915953)|CODE_UNIT_STARTED|[EXTERNAL]|01q1r000000j4Bx|ContactTrigger on Contact trigger event BeforeInsert
12:45:14.0 (90945588)|HEAP_ALLOCATE|[EXTERNAL]|Bytes:8
12:45:14.0 (91085271)|HEAP_ALLOCATE|[EXTERNAL]|Bytes:8
12:45:14.0 (91096487)|VARIABLE_SCOPE_BEGIN|[1]|this|ContactTrigger|true|false
12:45:14.0 (91146608)|VARIABLE_ASSIGNMENT|[1]|this|{}|0x4564e9a9
12:45:14.0 (91201802)|HEAP_ALLOCATE|[EXTERNAL]|Bytes:8
12:45:14.0 (91210900)|VARIABLE_SCOPE_BEGIN|[1]|this|ContactTrigger|true|false
12:45:14.0 (91224303)|VARIABLE_ASSIGNMENT|[1]|this|{}|0x4564e9a9
12:45:14.0 (91233098)|STATEMENT_EXECUTE|[1]
12:45:14.0 (91236152)|STATEMENT_EXECUTE|[3]
12:45:14.0 (91641241)|VARIABLE_ASSIGNMENT|[3]|this.listNew|[{"IsDeleted":false,"AccountId":"0011r00001mxdAyAAI","IsEmailBounced":false,"CleanStatus":"Pending","DoNotCall":false,"OwnerId":"0051r000007Oz5QAAS","HasOptedOutOfEmail":false,"HasOptedOutOfFax":false,"Nif__c":"12345678B","LastName":"ContactoPrueba0"}]|0x4564e9a9
12:45:14.0 (91664557)|STATEMENT_EXECUTE|[5]
12:45:14.0 (91671495)|STATEMENT_EXECUTE|[6]
12:45:14.0 (91673295)|STATEMENT_EXECUTE|[7]
12:45:14.0 (92903460)|HEAP_ALLOCATE|[7]|Bytes:1
12:45:14.0 (92947649)|METHOD_ENTRY|[1]|01p1r000008aKc5|ContactMethods.ContactMethods()
12:45:14.0 (92955318)|STATEMENT_EXECUTE|[1]
12:45:14.0 (92961447)|STATEMENT_EXECUTE|[1]
12:45:14.0 (93372063)|SYSTEM_MODE_ENTER|false
12:45:14.0 (93388023)|HEAP_ALLOCATE|[7]|Bytes:5
12:45:14.0 (93396136)|SYSTEM_MODE_EXIT|false
12:45:14.0 (93408789)|METHOD_EXIT|[1]|ContactMethods
12:45:14.0 (93431875)|METHOD_ENTRY|[7]|01p1r000008aKc5|ContactMethods.ValidarNif(List<Contact>)
12:45:14.0 (93458334)|VARIABLE_SCOPE_BEGIN|[3]|listNew|List<Contact>|true|false
12:45:14.0 (93677001)|VARIABLE_ASSIGNMENT|[3]|listNew|[{"IsDeleted":false,"AccountId":"0011r00001mxdAyAAI","IsEmailBounced":false,"CleanStatus":"Pending","DoNotCall":false,"OwnerId":"0051r000007Oz5QAAS","HasOptedOutOfEmail":false,"HasOptedOutOfFax":false,"Nif__c":"12345678B","LastName":"ContactoPrueba0"}]|0x686f8ee
12:45:14.0 (93706965)|SYSTEM_MODE_ENTER|false
12:45:14.0 (93715269)|HEAP_ALLOCATE|[5]|Bytes:5
12:45:14.0 (93721239)|STATEMENT_EXECUTE|[3]
12:45:14.0 (93786274)|STATEMENT_EXECUTE|[5]
12:45:14.0 (93788732)|STATEMENT_EXECUTE|[8]
12:45:14.0 (93792586)|HEAP_ALLOCATE|[8]|Bytes:26
12:45:14.0 (93809857)|HEAP_ALLOCATE|[8]|Bytes:4
12:45:14.0 (93908865)|SOQL_EXECUTE_BEGIN|[8]|Aggregations:0|SELECT Nif__c FROM Contact
12:45:14.0 (98698496)|SOQL_EXECUTE_END|[8]|Rows:0
12:45:14.0 (98720962)|HEAP_ALLOCATE|[8]|Bytes:4
12:45:14.0 (98730716)|HEAP_ALLOCATE|[8]|Bytes:0
12:45:14.0 (98757825)|HEAP_ALLOCATE|[8]|Bytes:4
12:45:14.0 (98767642)|VARIABLE_SCOPE_BEGIN|[8]|listContact|List<Contact>|true|false
12:45:14.0 (98782013)|VARIABLE_ASSIGNMENT|[8]|listContact|[]|0x7342e81
12:45:14.0 (98789569)|STATEMENT_EXECUTE|[10]
12:45:14.0 (98800995)|HEAP_ALLOCATE|[10]|Bytes:4
12:45:14.0 (98829586)|VARIABLE_SCOPE_BEGIN|[10]|listContactNif|List<String>|true|false
12:45:14.0 (98852777)|HEAP_ALLOCATE|[EXTERNAL]|Bytes:4
12:45:14.0 (98862001)|VARIABLE_ASSIGNMENT|[10]|listContactNif|[]|0x7d5369c1
12:45:14.0 (99008435)|HEAP_ALLOCATE|[12]|Bytes:5
12:45:14.0 (99023927)|VARIABLE_ASSIGNMENT|[12]|inContact|null|
12:45:14.0 (99030293)|STATEMENT_EXECUTE|[12]
12:45:14.0 (99053126)|HEAP_ALLOCATE|[17]|Bytes:5
12:45:14.0 (99065854)|HEAP_ALLOCATE|[17]|Bytes:4
12:45:14.0 (99072777)|VARIABLE_SCOPE_BEGIN|[17]|inContact|Contact|true|false
12:45:14.0 (99412738)|VARIABLE_ASSIGNMENT|[17]|inContact|{"IsDeleted":false,"AccountId":"0011r00001mxdAyAAI","IsEmailBounced":false,"CleanStatus":"Pending","DoNotCall":false,"OwnerId":"0051r000007Oz5QAAS","HasOptedOutOfEmail":false,"HasOptedOutOfFax":false,"Nif__c":"12345678B","LastName":"ContactoPrueba0"}|0x2f0fa375
12:45:14.0 (99426146)|STATEMENT_EXECUTE|[17]
12:45:14.0 (99428325)|STATEMENT_EXECUTE|[19]
12:45:14.0 (99487216)|HEAP_ALLOCATE|[19]|Bytes:8
12:45:14.0 (99501164)|VARIABLE_SCOPE_BEGIN|[19]|numerosNif|String|false|false
12:45:14.0 (99512334)|VARIABLE_ASSIGNMENT|[19]|numerosNif|"12345678"
12:45:14.0 (99517377)|STATEMENT_EXECUTE|[21]
12:45:14.0 (99537084)|HEAP_ALLOCATE|[21]|Bytes:1
12:45:14.0 (99547588)|VARIABLE_SCOPE_BEGIN|[21]|letraNif|String|false|false
12:45:14.0 (99556564)|VARIABLE_ASSIGNMENT|[21]|letraNif|"B"
12:45:14.0 (99631613)|STATEMENT_EXECUTE|[23]
12:45:14.0 (99643061)|HEAP_ALLOCATE|[17]|Bytes:5
12:45:14.0 (99655716)|VARIABLE_ASSIGNMENT|[17]|inContact|null|
12:45:14.0 (99664333)|SYSTEM_MODE_EXIT|false
12:45:14.0 (99673414)|METHOD_EXIT|[7]|01p1r000008aKc5|ContactMethods.ValidarNif(List<Contact>)
12:45:14.99 (99683607)|CUMULATIVE_LIMIT_USAGE
12:45:14.99 (99683607)|LIMIT_USAGE_FOR_NS|(default)|
  Number of SOQL queries: 1 out of 100
  Number of query rows: 0 out of 50000
  Number of SOSL queries: 0 out of 20
  Number of DML statements: 2 out of 150
  Number of DML rows: 2 out of 10000
  Maximum CPU time: 0 out of 10000
  Maximum heap size: 0 out of 6000000
  Number of callouts: 0 out of 100
  Number of Email Invocations: 0 out of 10
  Number of future calls: 0 out of 50
  Number of queueable jobs added to the queue: 0 out of 50
  Number of Mobile Apex push calls: 0 out of 10

12:45:14.99 (99683607)|CUMULATIVE_LIMIT_USAGE_END

12:45:14.0 (101295020)|CODE_UNIT_FINISHED|ContactTrigger on Contact trigger event BeforeInsert
12:45:14.0 (105986873)|CODE_UNIT_STARTED|[EXTERNAL]|DuplicateDetector
12:45:14.0 (106001613)|DUPLICATE_DETECTION_BEGIN
12:45:14.0 (106066546)|DUPLICATE_DETECTION_RULE_INVOCATION|DuplicateRuleId:0Bm1r0000018X89|DuplicateRuleName:Standard Contact Duplicate Rule|DmlType:INSERT
12:45:14.0 (137310415)|DUPLICATE_DETECTION_MATCH_INVOCATION_DETAILS|EntityType:Contact|ActionTaken:Allow_[Alert,Report]|DuplicateRecordIds:
12:45:14.0 (137337530)|DUPLICATE_DETECTION_MATCH_INVOCATION_SUMMARY|EntityType:Contact|NumRecordsToBeSaved:1|NumRecordsToBeSavedWithDuplicates:0|NumDuplicateRecordsFound:0
12:45:14.0 (137351417)|DUPLICATE_DETECTION_MATCH_INVOCATION_DETAILS|EntityType:Contact|ActionTaken:Allow_[Alert,Report]|DuplicateRecordIds:
12:45:14.0 (137358026)|DUPLICATE_DETECTION_MATCH_INVOCATION_SUMMARY|EntityType:Contact|NumRecordsToBeSaved:1|NumRecordsToBeSavedWithDuplicates:0|NumDuplicateRecordsFound:0
12:45:14.0 (137508928)|DUPLICATE_DETECTION_END
12:45:14.0 (137516951)|CODE_UNIT_FINISHED|DuplicateDetector
12:45:14.0 (157515808)|DML_END|[15]
12:45:14.0 (157551587)|STATEMENT_EXECUTE|[17]
12:45:14.0 (157611226)|HEAP_ALLOCATE|[17]|Bytes:4
12:45:14.0 (157724738)|HEAP_ALLOCATE|[17]|Bytes:14
12:45:14.0 (157787561)|VARIABLE_ASSIGNMENT|[17]|this.Name|"ReservaPrueba0"|0x64d953e2
12:45:14.0 (157800484)|HEAP_ALLOCATE|[18]|Bytes:6
12:45:14.0 (157829570)|VARIABLE_ASSIGNMENT|[17]|this.Origen__c|"Madrid"|0x64d953e2
12:45:14.0 (157839111)|HEAP_ALLOCATE|[19]|Bytes:4
12:45:14.0 (157860674)|VARIABLE_ASSIGNMENT|[17]|this.Destino__c|"Roma"|0x64d953e2
12:45:14.0 (157870080)|HEAP_ALLOCATE|[20]|Bytes:7
12:45:14.0 (157892298)|VARIABLE_ASSIGNMENT|[17]|this.Case__c|"Turista"|0x64d953e2
12:45:14.0 (157950449)|VARIABLE_ASSIGNMENT|[17]|this.Contacto__c|"0031r000024iTlnAAE"|0x64d953e2
12:45:14.0 (158026304)|HEAP_ALLOCATE|[22]|Bytes:4
12:45:14.0 (158095775)|HEAP_ALLOCATE|[22]|Bytes:56
12:45:14.0 (158154855)|VARIABLE_ASSIGNMENT|[17]|this.Fecha_Salida__c|"2019-01-10T23:00:00.000Z"|0x64d953e2
12:45:14.0 (158172699)|HEAP_ALLOCATE|[23]|Bytes:4
12:45:14.0 (158199263)|VARIABLE_ASSIGNMENT|[17]|this.Observaciones__c|"Nada"|0x64d953e2
12:45:14.0 (158247837)|VARIABLE_SCOPE_BEGIN|[17]|oReserva|Reserva_Vuelo__c|true|false
12:45:14.0 (158289553)|VARIABLE_ASSIGNMENT|[17]|oReserva|{"Name":"ReservaPrueba0","Origen__c":"Madrid","Destino__c":"Roma","Case__c":"Turista","Contacto__c":"0031r000024iTlnAAE","Fecha_Salida__c":"2019-01-10T23:00:00.000Z","Observaciones__c":"Nada"}|0x64d953e2
12:45:14.0 (158303796)|STATEMENT_EXECUTE|[25]
12:45:14.0 (158330678)|HEAP_ALLOCATE|[25]|Bytes:8
12:45:14.0 (158356657)|DML_BEGIN|[25]|Op:Insert|Type:Reserva_Vuelo__c|Rows:1
12:45:14.0 (158407671)|HEAP_ALLOCATE|[EXTERNAL]|Bytes:8
12:45:14.0 (164489505)|CODE_UNIT_STARTED|[EXTERNAL]|01q1r000000isRT|ReservaVueloTrigger on Reserva_Vuelo trigger event BeforeInsert
12:45:14.0 (164540218)|HEAP_ALLOCATE|[EXTERNAL]|Bytes:8
12:45:14.0 (164738361)|HEAP_ALLOCATE|[EXTERNAL]|Bytes:12
12:45:14.0 (164758791)|VARIABLE_SCOPE_BEGIN|[1]|this|ReservaVueloTrigger|true|false
12:45:14.0 (164840285)|VARIABLE_ASSIGNMENT|[1]|this|{}|0x6e41bce3
12:45:14.0 (164926034)|HEAP_ALLOCATE|[EXTERNAL]|Bytes:12
12:45:14.0 (164940674)|VARIABLE_SCOPE_BEGIN|[1]|this|ReservaVueloTrigger|true|false
12:45:14.0 (164995470)|VARIABLE_ASSIGNMENT|[1]|this|{}|0x6e41bce3
12:45:14.0 (165010167)|STATEMENT_EXECUTE|[1]
12:45:14.0 (165014493)|STATEMENT_EXECUTE|[4]
12:45:14.0 (165395408)|VARIABLE_ASSIGNMENT|[4]|this.listNew|[{"Contacto__c":"0031r000024iTlnAAE","Origen__c":"Madrid","Destino__c":"Roma","IsDeleted":false,"Fecha_Salida__c":"2019-01-10T23:00:00.000Z","OwnerId":"0051r000007Oz5QAAS","Observaciones__c":"Nada","Case__c":"Turista","Modificado__c":false,"Name":"ReservaPrueba0"}]|0x6e41bce3
12:45:14.0 (165413393)|STATEMENT_EXECUTE|[7]
12:45:14.0 (165440104)|VARIABLE_ASSIGNMENT|[7]|this.mapOld|null|0x6e41bce3
12:45:14.0 (165458875)|STATEMENT_EXECUTE|[10]
12:45:14.0 (165467061)|STATEMENT_EXECUTE|[11]
12:45:14.0 (165469674)|STATEMENT_EXECUTE|[12]
12:45:14.0 (167201567)|HEAP_ALLOCATE|[12]|Bytes:4
12:45:14.0 (167243344)|METHOD_ENTRY|[1]|01p1r000007Yidp|ReservaVueloMethods.ReservaVueloMethods()
12:45:14.0 (167255974)|STATEMENT_EXECUTE|[1]
12:45:14.0 (167264415)|STATEMENT_EXECUTE|[1]
12:45:14.0 (167703194)|SYSTEM_MODE_ENTER|false
12:45:14.0 (167721268)|HEAP_ALLOCATE|[12]|Bytes:5
12:45:14.0 (167734592)|SYSTEM_MODE_EXIT|false
12:45:14.0 (167750946)|METHOD_EXIT|[1]|ReservaVueloMethods
12:45:14.0 (167782065)|METHOD_ENTRY|[12]|01p1r000007Yidp|ReservaVueloMethods.RellenarCuenta(List<Reserva_Vuelo__c>)
12:45:14.0 (167820481)|VARIABLE_SCOPE_BEGIN|[4]|listReservas|List<Reserva_Vuelo__c>|true|false
12:45:14.0 (167992616)|VARIABLE_ASSIGNMENT|[4]|listReservas|[{"Contacto__c":"0031r000024iTlnAAE","Origen__c":"Madrid","Destino__c":"Roma","IsDeleted":false,"Fecha_Salida__c":"2019-01-10T23:00:00.000Z","OwnerId":"0051r000007Oz5QAAS","Observaciones__c":"Nada","Case__c":"Turista","Modificado__c":false,"Name":"ReservaPrueba0"}]|0x563046f3
12:45:14.0 (168046148)|SYSTEM_MODE_ENTER|false
12:45:14.0 (168058966)|HEAP_ALLOCATE|[6]|Bytes:5
12:45:14.0 (168067424)|STATEMENT_EXECUTE|[4]
12:45:14.0 (168195216)|STATEMENT_EXECUTE|[6]
12:45:14.0 (168199122)|STATEMENT_EXECUTE|[9]
12:45:14.0 (168215230)|HEAP_ALLOCATE|[9]|Bytes:4
12:45:14.0 (168255476)|VARIABLE_SCOPE_BEGIN|[9]|listContactosIds|Set<String>|true|false
12:45:14.0 (168283263)|VARIABLE_ASSIGNMENT|[9]|listContactosIds|[]|0x598ad9af
12:45:14.0 (168407624)|HEAP_ALLOCATE|[10]|Bytes:5
12:45:14.0 (168425823)|HEAP_ALLOCATE|[10]|Bytes:4
12:45:14.0 (168433880)|VARIABLE_SCOPE_BEGIN|[10]|inReserva|Reserva_Vuelo__c|true|false
12:45:14.0 (168579103)|VARIABLE_ASSIGNMENT|[10]|inReserva|{"Contacto__c":"0031r000024iTlnAAE","Origen__c":"Madrid","Destino__c":"Roma","IsDeleted":false,"Fecha_Salida__c":"2019-01-10T23:00:00.000Z","OwnerId":"0051r000007Oz5QAAS","Observaciones__c":"Nada","Case__c":"Turista","Modificado__c":false,"Name":"ReservaPrueba0"}|0x79e27f6c
12:45:14.0 (168591754)|STATEMENT_EXECUTE|[10]
12:45:14.0 (168593916)|STATEMENT_EXECUTE|[11]
12:45:14.0 (168655685)|HEAP_ALLOCATE|[EXTERNAL]|Bytes:4
12:45:14.0 (168675294)|HEAP_ALLOCATE|[10]|Bytes:5
12:45:14.0 (168688209)|VARIABLE_ASSIGNMENT|[10]|inReserva|null|
12:45:14.0 (168694520)|STATEMENT_EXECUTE|[23]
12:45:14.0 (168730232)|HEAP_ALLOCATE|[23]|Bytes:4
12:45:14.0 (168737608)|HEAP_ALLOCATE|[23]|Bytes:49
12:45:14.0 (168745202)|HEAP_ALLOCATE|[23]|Bytes:4
12:45:14.0 (168752957)|HEAP_ALLOCATE|[23]|Bytes:7
12:45:14.0 (168780918)|HEAP_ALLOCATE|[23]|Bytes:8
12:45:14.0 (168790700)|HEAP_ALLOCATE|[23]|Bytes:8
12:45:14.0 (168921215)|SOQL_EXECUTE_BEGIN|[23]|Aggregations:0|SELECT AccountId FROM Contact WHERE id = :tmpVar1
12:45:14.0 (174867606)|SOQL_EXECUTE_END|[23]|Rows:1
12:45:14.0 (174900803)|HEAP_ALLOCATE|[23]|Bytes:8
12:45:14.0 (174922980)|HEAP_ALLOCATE|[23]|Bytes:60
12:45:14.0 (174960142)|HEAP_ALLOCATE|[23]|Bytes:8
12:45:14.0 (175005050)|HEAP_ALLOCATE|[23]|Bytes:12
12:45:14.0 (175019834)|HEAP_ALLOCATE|[23]|Bytes:18
12:45:14.0 (175035077)|VARIABLE_SCOPE_BEGIN|[23]|contactos|Map<String,Contact>|true|false
12:45:14.0 (175075237)|VARIABLE_ASSIGNMENT|[23]|contactos|{"0031r000024iTlnAAE":{"AccountId":"0011r00001mxdAyAAI","Id":"0031r000024iTlnAAE"}}|0x3e9dc041
12:45:14.0 (175143977)|HEAP_ALLOCATE|[26]|Bytes:5
12:45:14.0 (175171480)|HEAP_ALLOCATE|[26]|Bytes:4
12:45:14.0 (175182261)|VARIABLE_SCOPE_BEGIN|[26]|inReserva|Reserva_Vuelo__c|true|false
12:45:14.0 (175391088)|VARIABLE_ASSIGNMENT|[26]|inReserva|{"Contacto__c":"0031r000024iTlnAAE","Origen__c":"Madrid","Destino__c":"Roma","IsDeleted":false,"Fecha_Salida__c":"2019-01-10T23:00:00.000Z","OwnerId":"0051r000007Oz5QAAS","Observaciones__c":"Nada","Case__c":"Turista","Modificado__c":false,"Name":"ReservaPrueba0"}|0x79e27f6c
12:45:14.0 (175409954)|STATEMENT_EXECUTE|[26]
12:45:14.0 (175414181)|STATEMENT_EXECUTE|[27]
12:45:14.0 (175689177)|VARIABLE_ASSIGNMENT|[27]|this.Cuenta__c|"0011r00001mxdAyAAI"|0x79e27f6c
12:45:14.0 (175717663)|HEAP_ALLOCATE|[26]|Bytes:5
12:45:14.0 (175758015)|VARIABLE_ASSIGNMENT|[26]|inReserva|null|
12:45:14.0 (175772283)|SYSTEM_MODE_EXIT|false
12:45:14.0 (175790803)|METHOD_EXIT|[12]|01p1r000007Yidp|ReservaVueloMethods.RellenarCuenta(List<Reserva_Vuelo__c>)
12:45:14.0 (175815855)|STATEMENT_EXECUTE|[14]
12:45:14.175 (175828070)|CUMULATIVE_LIMIT_USAGE
12:45:14.175 (175828070)|LIMIT_USAGE_FOR_NS|(default)|
  Number of SOQL queries: 2 out of 100
  Number of query rows: 1 out of 50000
  Number of SOSL queries: 0 out of 20
  Number of DML statements: 3 out of 150
  Number of DML rows: 3 out of 10000
  Maximum CPU time: 0 out of 10000
  Maximum heap size: 0 out of 6000000
  Number of callouts: 0 out of 100
  Number of Email Invocations: 0 out of 10
  Number of future calls: 0 out of 50
  Number of queueable jobs added to the queue: 0 out of 50
  Number of Mobile Apex push calls: 0 out of 10

12:45:14.175 (175828070)|CUMULATIVE_LIMIT_USAGE_END

12:45:14.0 (177214297)|CODE_UNIT_FINISHED|ReservaVueloTrigger on Reserva_Vuelo trigger event BeforeInsert
12:45:14.0 (180392021)|CODE_UNIT_STARTED|[EXTERNAL]|Validation:Reserva_Vuelo:new
12:45:14.0 (180406496)|VALIDATION_RULE|03d1r0000006A1e|DiferentesCampos
12:45:14.0 (180627096)|VALIDATION_FORMULA|TEXT(Origen__c)  =  TEXT(Destino__c)|Destino__c=Roma , Origen__c=Madrid
12:45:14.0 (180635491)|VALIDATION_PASS
12:45:14.0 (180638055)|VALIDATION_RULE|03d1r0000006A1Z|Fecha_de_salida
12:45:14.0 (180717648)|VALIDATION_FORMULA|Fecha_Salida__c  <   NOW()|Fecha_Salida__c=2019-01-10 23:00:00
12:45:14.0 (180724320)|VALIDATION_PASS
12:45:14.0 (180759959)|CODE_UNIT_FINISHED|Validation:Reserva_Vuelo:new
12:45:14.0 (205232103)|DML_END|[25]
12:45:14.0 (205267560)|STATEMENT_EXECUTE|[27]
12:45:14.0 (205320119)|HEAP_ALLOCATE|[27]|Bytes:4
12:45:14.0 (205413844)|HEAP_ALLOCATE|[27]|Bytes:9
12:45:14.0 (205462662)|VARIABLE_ASSIGNMENT|[27]|this.Name|"Pasajero0"|0x32ede13d
12:45:14.0 (205512020)|VARIABLE_ASSIGNMENT|[27]|this.Reserva__c|"a001r00000oUIhFAAW"|0x32ede13d
12:45:14.0 (205530732)|VARIABLE_ASSIGNMENT|[27]|this.Nif__c|"12345678B"|0x32ede13d
12:45:14.0 (205564805)|HEAP_ALLOCATE|[27]|Bytes:28
12:45:14.0 (205586113)|VARIABLE_ASSIGNMENT|[27]|this.Edad__c|59|0x32ede13d
12:45:14.0 (205615894)|VARIABLE_SCOPE_BEGIN|[27]|oPasajero|Pasajero__c|true|false
12:45:14.0 (205638480)|VARIABLE_ASSIGNMENT|[27]|oPasajero|{"Name":"Pasajero0","Reserva__c":"a001r00000oUIhFAAW","Nif__c":"12345678B","Edad__c":59}|0x32ede13d
12:45:14.0 (205645967)|STATEMENT_EXECUTE|[31]
12:45:14.0 (205670770)|HEAP_ALLOCATE|[31]|Bytes:8
12:45:14.0 (205690262)|DML_BEGIN|[31]|Op:Insert|Type:Pasajero__c|Rows:1
12:45:14.0 (205719075)|HEAP_ALLOCATE|[EXTERNAL]|Bytes:8
12:45:14.0 (208355878)|CODE_UNIT_STARTED|[EXTERNAL]|01q1r000000j3dJ|PasajeroTrigger on Pasajero trigger event BeforeInsert
12:45:14.0 (208389523)|HEAP_ALLOCATE|[EXTERNAL]|Bytes:8
12:45:14.0 (208493244)|HEAP_ALLOCATE|[EXTERNAL]|Bytes:8
12:45:14.0 (208504276)|VARIABLE_SCOPE_BEGIN|[1]|this|PasajeroTrigger|true|false
12:45:14.0 (208552916)|VARIABLE_ASSIGNMENT|[1]|this|{}|0x42b1acaa
12:45:14.0 (208605772)|HEAP_ALLOCATE|[EXTERNAL]|Bytes:8
12:45:14.0 (208614836)|VARIABLE_SCOPE_BEGIN|[1]|this|PasajeroTrigger|true|false
12:45:14.0 (208628313)|VARIABLE_ASSIGNMENT|[1]|this|{}|0x42b1acaa
12:45:14.0 (208636572)|STATEMENT_EXECUTE|[1]
12:45:14.0 (208638853)|STATEMENT_EXECUTE|[4]
12:45:14.0 (208847630)|VARIABLE_ASSIGNMENT|[4]|this.listNew|[{"IsDeleted":false,"Edad__c":59,"Nif__c":"12345678B","Reserva__c":"a001r00000oUIhFAAW","Name":"Pasajero0"}]|0x42b1acaa
12:45:14.0 (208863099)|STATEMENT_EXECUTE|[7]
12:45:14.0 (208869104)|STATEMENT_EXECUTE|[8]
12:45:14.0 (208871078)|STATEMENT_EXECUTE|[9]
12:45:14.0 (210323192)|HEAP_ALLOCATE|[9]|Bytes:4
12:45:14.0 (210349321)|METHOD_ENTRY|[1]|01p1r000008Zry1|PasajeroMethods.PasajeroMethods()
12:45:14.0 (210356785)|STATEMENT_EXECUTE|[1]
12:45:14.0 (210362922)|STATEMENT_EXECUTE|[1]
12:45:14.0 (210783446)|SYSTEM_MODE_ENTER|false
12:45:14.0 (210797763)|HEAP_ALLOCATE|[9]|Bytes:5
12:45:14.0 (210805529)|SYSTEM_MODE_EXIT|false
12:45:14.0 (210817145)|METHOD_EXIT|[1]|PasajeroMethods
12:45:14.0 (210841358)|METHOD_ENTRY|[9]|01p1r000008Zry1|PasajeroMethods.ValidarNif(List<Pasajero__c>)
12:45:14.0 (210868284)|VARIABLE_SCOPE_BEGIN|[32]|listNew|List<Pasajero__c>|true|false
12:45:14.0 (210973100)|VARIABLE_ASSIGNMENT|[32]|listNew|[{"IsDeleted":false,"Edad__c":59,"Nif__c":"12345678B","Reserva__c":"a001r00000oUIhFAAW","Name":"Pasajero0"}]|0x1d9b17b7
12:45:14.0 (211000617)|SYSTEM_MODE_ENTER|false
12:45:14.0 (211009282)|HEAP_ALLOCATE|[34]|Bytes:5
12:45:14.0 (211015409)|STATEMENT_EXECUTE|[32]
12:45:14.0 (211094770)|STATEMENT_EXECUTE|[34]
12:45:14.0 (211097239)|STATEMENT_EXECUTE|[37]
12:45:14.0 (211101242)|HEAP_ALLOCATE|[37]|Bytes:30
12:45:14.0 (211117799)|HEAP_ALLOCATE|[37]|Bytes:4
12:45:14.0 (211225189)|SOQL_EXECUTE_BEGIN|[37]|Aggregations:0|SELECT Nif__c FROM Pasajero__c
12:45:14.0 (214228844)|SOQL_EXECUTE_END|[37]|Rows:0
12:45:14.0 (214254316)|HEAP_ALLOCATE|[37]|Bytes:4
12:45:14.0 (214265243)|HEAP_ALLOCATE|[37]|Bytes:0
12:45:14.0 (214292195)|HEAP_ALLOCATE|[37]|Bytes:4
12:45:14.0 (214302204)|VARIABLE_SCOPE_BEGIN|[37]|listPasajero|List<Pasajero__c>|true|false
12:45:14.0 (214316506)|VARIABLE_ASSIGNMENT|[37]|listPasajero|[]|0x50b70b0c
12:45:14.0 (214323882)|STATEMENT_EXECUTE|[39]
12:45:14.0 (214332883)|HEAP_ALLOCATE|[39]|Bytes:4
12:45:14.0 (214359519)|VARIABLE_SCOPE_BEGIN|[39]|listPasajeroNif|List<String>|true|false
12:45:14.0 (214382896)|HEAP_ALLOCATE|[EXTERNAL]|Bytes:4
12:45:14.0 (214392889)|VARIABLE_ASSIGNMENT|[39]|listPasajeroNif|[]|0x6f589428
12:45:14.0 (214519111)|HEAP_ALLOCATE|[41]|Bytes:5
12:45:14.0 (214534136)|VARIABLE_ASSIGNMENT|[41]|inPasajero|null|
12:45:14.0 (214540455)|STATEMENT_EXECUTE|[41]
12:45:14.0 (214563006)|HEAP_ALLOCATE|[46]|Bytes:5
12:45:14.0 (214577854)|HEAP_ALLOCATE|[46]|Bytes:4
12:45:14.0 (214585509)|VARIABLE_SCOPE_BEGIN|[46]|inPasajero|Pasajero__c|true|false
12:45:14.0 (214704377)|VARIABLE_ASSIGNMENT|[46]|inPasajero|{"IsDeleted":false,"Edad__c":59,"Nif__c":"12345678B","Reserva__c":"a001r00000oUIhFAAW","Name":"Pasajero0"}|0x1a77fe48
12:45:14.0 (214714722)|STATEMENT_EXECUTE|[46]
12:45:14.0 (214716800)|STATEMENT_EXECUTE|[48]
12:45:14.0 (214764207)|HEAP_ALLOCATE|[48]|Bytes:8
12:45:14.0 (214776075)|VARIABLE_SCOPE_BEGIN|[48]|numerosNif|String|false|false
12:45:14.0 (214786546)|VARIABLE_ASSIGNMENT|[48]|numerosNif|"12345678"
12:45:14.0 (214791456)|STATEMENT_EXECUTE|[50]
12:45:14.0 (214809054)|HEAP_ALLOCATE|[50]|Bytes:1
12:45:14.0 (214818071)|VARIABLE_SCOPE_BEGIN|[50]|letraNif|String|false|false
12:45:14.0 (214826706)|VARIABLE_ASSIGNMENT|[50]|letraNif|"B"
12:45:14.0 (214862995)|STATEMENT_EXECUTE|[52]
12:45:14.0 (214872796)|HEAP_ALLOCATE|[46]|Bytes:5
12:45:14.0 (214883717)|VARIABLE_ASSIGNMENT|[46]|inPasajero|null|
12:45:14.0 (214892075)|SYSTEM_MODE_EXIT|false
12:45:14.0 (214901167)|METHOD_EXIT|[9]|01p1r000008Zry1|PasajeroMethods.ValidarNif(List<Pasajero__c>)
12:45:14.0 (214907479)|STATEMENT_EXECUTE|[10]
12:45:14.0 (214923817)|METHOD_ENTRY|[10]|01p1r000008Zry1|PasajeroMethods.RellenarContacto(List<Pasajero__c>)
12:45:14.0 (214944110)|VARIABLE_SCOPE_BEGIN|[3]|listPasajeros|List<Pasajero__c>|true|false
12:45:14.0 (215031336)|VARIABLE_ASSIGNMENT|[3]|listPasajeros|[{"IsDeleted":false,"Edad__c":59,"Nif__c":"12345678B","Reserva__c":"a001r00000oUIhFAAW","Name":"Pasajero0"}]|0x1d9b17b7
12:45:14.0 (215060756)|SYSTEM_MODE_ENTER|false
12:45:14.0 (215068479)|HEAP_ALLOCATE|[5]|Bytes:5
12:45:14.0 (215074095)|STATEMENT_EXECUTE|[3]
12:45:14.0 (215095217)|STATEMENT_EXECUTE|[5]
12:45:14.0 (215097327)|STATEMENT_EXECUTE|[8]
12:45:14.0 (215106017)|HEAP_ALLOCATE|[8]|Bytes:4
12:45:14.0 (215122915)|VARIABLE_SCOPE_BEGIN|[8]|listNifs|List<String>|true|false
12:45:14.0 (215142480)|HEAP_ALLOCATE|[EXTERNAL]|Bytes:4
12:45:14.0 (215151104)|VARIABLE_ASSIGNMENT|[8]|listNifs|[]|0x59a24ad3
12:45:14.0 (215183119)|HEAP_ALLOCATE|[10]|Bytes:5
12:45:14.0 (215195726)|HEAP_ALLOCATE|[10]|Bytes:4
12:45:14.0 (215201905)|VARIABLE_SCOPE_BEGIN|[10]|inPasajero|Pasajero__c|true|false
12:45:14.0 (215300147)|VARIABLE_ASSIGNMENT|[10]|inPasajero|{"IsDeleted":false,"Edad__c":59,"Nif__c":"12345678B","Reserva__c":"a001r00000oUIhFAAW","Name":"Pasajero0"}|0x1a77fe48
12:45:14.0 (215309261)|STATEMENT_EXECUTE|[10]
12:45:14.0 (215311208)|STATEMENT_EXECUTE|[11]
12:45:14.0 (215343368)|HEAP_ALLOCATE|[EXTERNAL]|Bytes:4
12:45:14.0 (215358673)|HEAP_ALLOCATE|[10]|Bytes:5
12:45:14.0 (215369623)|VARIABLE_ASSIGNMENT|[10]|inPasajero|null|
12:45:14.0 (215375703)|STATEMENT_EXECUTE|[15]
12:45:14.0 (215379519)|HEAP_ALLOCATE|[15]|Bytes:61
12:45:14.0 (215391671)|HEAP_ALLOCATE|[15]|Bytes:4
12:45:14.0 (215556697)|SOQL_EXECUTE_BEGIN|[15]|Aggregations:0|SELECT Id, Name, Nif__c FROM Contact WHERE Nif__c IN :tmpVar1
12:45:14.0 (229426199)|SOQL_EXECUTE_END|[15]|Rows:1
12:45:14.0 (229457137)|HEAP_ALLOCATE|[15]|Bytes:8
12:45:14.0 (229476177)|HEAP_ALLOCATE|[15]|Bytes:71
12:45:14.0 (229516326)|HEAP_ALLOCATE|[15]|Bytes:8
12:45:14.0 (229531560)|VARIABLE_SCOPE_BEGIN|[15]|listContactos|List<Contact>|true|false
12:45:14.0 (229563793)|VARIABLE_ASSIGNMENT|[15]|listContactos|[{"Id":"0031r000024iTlnAAE","Name":"ContactoPrueba0","Nif__c":"12345678B"}]|0x127d3759
12:45:14.0 (229573563)|STATEMENT_EXECUTE|[17]
12:45:14.0 (229591843)|HEAP_ALLOCATE|[17]|Bytes:4
12:45:14.0 (229609040)|VARIABLE_SCOPE_BEGIN|[17]|mapContactos|Map<String,Contact>|true|false
12:45:14.0 (229626554)|VARIABLE_ASSIGNMENT|[17]|mapContactos|{}|0x516f2d09
12:45:14.0 (229684549)|HEAP_ALLOCATE|[19]|Bytes:5
12:45:14.0 (229701821)|HEAP_ALLOCATE|[19]|Bytes:16
12:45:14.0 (229712172)|VARIABLE_SCOPE_BEGIN|[19]|inContact|Contact|true|false
12:45:14.0 (229726954)|VARIABLE_ASSIGNMENT|[19]|inContact|{"Id":"0031r000024iTlnAAE","Name":"ContactoPrueba0","Nif__c":"12345678B"}|0x5db2dd89
12:45:14.0 (229734103)|STATEMENT_EXECUTE|[19]
12:45:14.0 (229736127)|STATEMENT_EXECUTE|[20]
12:45:14.0 (229782925)|HEAP_ALLOCATE|[EXTERNAL]|Bytes:-4
12:45:14.0 (229799347)|HEAP_ALLOCATE|[19]|Bytes:5
12:45:14.0 (229811528)|VARIABLE_ASSIGNMENT|[19]|inContact|null|
12:45:14.0 (229836233)|HEAP_ALLOCATE|[24]|Bytes:5
12:45:14.0 (229849276)|HEAP_ALLOCATE|[24]|Bytes:4
12:45:14.0 (229855103)|VARIABLE_SCOPE_BEGIN|[24]|inPasajero|Pasajero__c|true|false
12:45:14.0 (229982612)|VARIABLE_ASSIGNMENT|[24]|inPasajero|{"IsDeleted":false,"Edad__c":59,"Nif__c":"12345678B","Reserva__c":"a001r00000oUIhFAAW","Name":"Pasajero0"}|0x1a77fe48
12:45:14.0 (229991096)|STATEMENT_EXECUTE|[24]
12:45:14.0 (230024520)|STATEMENT_EXECUTE|[25]
12:45:14.0 (230027490)|STATEMENT_EXECUTE|[26]
12:45:14.0 (230177197)|VARIABLE_ASSIGNMENT|[26]|this.Contacto__c|"0031r000024iTlnAAE"|0x1a77fe48
12:45:14.0 (230195728)|HEAP_ALLOCATE|[24]|Bytes:5
12:45:14.0 (230208549)|VARIABLE_ASSIGNMENT|[24]|inPasajero|null|
12:45:14.0 (230218668)|SYSTEM_MODE_EXIT|false
12:45:14.0 (230232247)|METHOD_EXIT|[10]|01p1r000008Zry1|PasajeroMethods.RellenarContacto(List<Pasajero__c>)
12:45:14.230 (230248437)|CUMULATIVE_LIMIT_USAGE
12:45:14.230 (230248437)|LIMIT_USAGE_FOR_NS|(default)|
  Number of SOQL queries: 4 out of 100
  Number of query rows: 2 out of 50000
  Number of SOSL queries: 0 out of 20
  Number of DML statements: 4 out of 150
  Number of DML rows: 4 out of 10000
  Maximum CPU time: 0 out of 10000
  Maximum heap size: 0 out of 6000000
  Number of callouts: 0 out of 100
  Number of Email Invocations: 0 out of 10
  Number of future calls: 0 out of 50
  Number of queueable jobs added to the queue: 0 out of 50
  Number of Mobile Apex push calls: 0 out of 10

12:45:14.230 (230248437)|CUMULATIVE_LIMIT_USAGE_END

12:45:14.0 (231480412)|CODE_UNIT_FINISHED|PasajeroTrigger on Pasajero trigger event BeforeInsert
12:45:14.0 (250720835)|DML_END|[31]
12:45:14.0 (250752120)|STATEMENT_EXECUTE|[33]
12:45:14.0 (250858488)|EXCEPTION_THROWN|[33]|System.AssertException: Assertion Failed: Expected: null, Actual: 0031r000024iTlnAAE
12:45:14.0 (251012210)|HEAP_ALLOCATE|[33]|Bytes:64
12:45:14.0 (251107040)|FATAL_ERROR|System.AssertException: Assertion Failed: Expected: null, Actual: 0031r000024iTlnAAE

Class.PasajeroTest.ValidarNifTest: line 33, column 1
12:45:14.0 (251138694)|FATAL_ERROR|System.AssertException: Assertion Failed: Expected: null, Actual: 0031r000024iTlnAAE

Class.PasajeroTest.ValidarNifTest: line 33, column 1
12:45:14.251 (251151426)|CUMULATIVE_LIMIT_USAGE
12:45:14.251 (251151426)|LIMIT_USAGE_FOR_NS|(default)|
  Number of SOQL queries: 4 out of 100
  Number of query rows: 2 out of 50000
  Number of SOSL queries: 0 out of 20
  Number of DML statements: 4 out of 150
  Number of DML rows: 4 out of 10000
  Maximum CPU time: 0 out of 10000
  Maximum heap size: 0 out of 6000000
  Number of callouts: 0 out of 100
  Number of Email Invocations: 0 out of 10
  Number of future calls: 0 out of 50
  Number of queueable jobs added to the queue: 0 out of 50
  Number of Mobile Apex push calls: 0 out of 10

12:45:14.251 (251151426)|CUMULATIVE_LIMIT_USAGE_END

12:45:14.0 (251221778)|CODE_UNIT_FINISHED|PasajeroTest.ValidarNifTest
12:45:14.0 (252125525)|EXECUTION_FINISHED
12:45:14.357 (357962652)|USER_INFO|[EXTERNAL]|0051r000007Oz5Q|lydia.abril@gmail.com|hora estándar de Europa central|GMT+02:00
12:45:14.357 (357988379)|EXECUTION_STARTED
12:45:14.357 (357992037)|CODE_UNIT_STARTED|[EXTERNAL]|DuplicateDetector
12:45:14.357 (358004550)|DUPLICATE_DETECTION_BEGIN
12:45:14.357 (358082383)|DUPLICATE_DETECTION_RULE_INVOCATION|DuplicateRuleId:0Bm1r0000018X89|DuplicateRuleName:Standard Contact Duplicate Rule|DmlType:INSERT
12:45:14.357 (369184921)|DUPLICATE_DETECTION_END
12:45:14.357 (369206576)|CODE_UNIT_FINISHED|DuplicateDetector
12:45:14.357 (370100600)|EXECUTION_FINISHED
12:45:14.371 (371706792)|USER_INFO|[EXTERNAL]|0051r000007Oz5Q|lydia.abril@gmail.com|hora estándar de Europa central|GMT+02:00
12:45:14.371 (371725843)|EXECUTION_STARTED
12:45:14.371 (371729319)|CODE_UNIT_STARTED|[EXTERNAL]|DuplicateDetector
12:45:14.371 (371740412)|DUPLICATE_DETECTION_BEGIN
12:45:14.371 (371789198)|DUPLICATE_DETECTION_RULE_INVOCATION|DuplicateRuleId:0Bm1r0000018X88|DuplicateRuleName:Standard Account Duplicate Rule|DmlType:INSERT
12:45:14.371 (379830425)|DUPLICATE_DETECTION_END
12:45:14.371 (379839489)|CODE_UNIT_FINISHED|DuplicateDetector
12:45:14.371 (380767931)|EXECUTION_FINISHED
