42.0 APEX_CODE,FINEST;APEX_PROFILING,INFO;CALLOUT,INFO;DB,INFO;SYSTEM,DEBUG;VALIDATION,INFO;VISUALFORCE,INFO;WAVE,INFO;WORKFLOW,INFO
Execute Anonymous: public class AccountHandler {
Execute Anonymous: 
Execute Anonymous: 	public Account insertNewAccount (String nameAccount) {
Execute Anonymous: 		Account acct = new Account(Name=nameAccount);
Execute Anonymous: 		try {
Execute Anonymous: 
Execute Anonymous: 		    insert acct;
Execute Anonymous: 
Execute Anonymous: 		} catch (DMLException e) {
Execute Anonymous: 			return null;
Execute Anonymous: 		    //System.debug('A DML exception has occurred: ' + e.getMessage());
Execute Anonymous: 		}
Execute Anonymous: 		return acct;
Execute Anonymous: 	}
Execute Anonymous: }
13:36:35.1 (1050005)|USER_INFO|[EXTERNAL]|0051r000007Oz5Q|lydia.abril@gmail.com|hora estándar de Europa central|GMT+01:00
13:36:35.1 (1069622)|EXECUTION_STARTED
13:36:35.1 (1073431)|CODE_UNIT_STARTED|[EXTERNAL]|execute_anonymous_apex
13:36:35.1 (1245162)|HEAP_ALLOCATE|[72]|Bytes:3
13:36:35.1 (1336211)|HEAP_ALLOCATE|[77]|Bytes:152
13:36:35.1 (1352388)|HEAP_ALLOCATE|[342]|Bytes:408
13:36:35.1 (1366748)|HEAP_ALLOCATE|[355]|Bytes:408
13:36:35.1 (1376965)|HEAP_ALLOCATE|[467]|Bytes:48
13:36:35.1 (1403757)|HEAP_ALLOCATE|[139]|Bytes:6
13:36:35.1 (1472313)|STATEMENT_EXECUTE|[1]
13:36:35.1 (1495149)|CUMULATIVE_LIMIT_USAGE
13:36:35.1 (1495149)|LIMIT_USAGE_FOR_NS|(default)|
  Number of SOQL queries: 0 out of 100
  Number of query rows: 0 out of 50000
  Number of SOSL queries: 0 out of 20
  Number of DML statements: 0 out of 150
  Number of DML rows: 0 out of 10000
  Maximum CPU time: 0 out of 10000
  Maximum heap size: 0 out of 6000000
  Number of callouts: 0 out of 100
  Number of Email Invocations: 0 out of 10
  Number of future calls: 0 out of 50
  Number of queueable jobs added to the queue: 0 out of 50
  Number of Mobile Apex push calls: 0 out of 10

13:36:35.1 (1495149)|CUMULATIVE_LIMIT_USAGE_END

13:36:35.1 (1531307)|CODE_UNIT_FINISHED|execute_anonymous_apex
13:36:35.1 (2288631)|EXECUTION_FINISHED
