36.0 APEX_CODE,FINEST;APEX_PROFILING,INFO;CALLOUT,INFO;DB,INFO;SYSTEM,DEBUG;VALIDATION,INFO;VISUALFORCE,INFO;WAVE,INFO;WORKFLOW,INFO
14:09:47.0 (852131)|USER_INFO|[EXTERNAL]|0051r000007Oz5Q|lydia.abril@gmail.com|hora estándar de Europa central|GMT+02:00
14:09:47.0 (919841)|EXECUTION_STARTED
14:09:47.0 (925107)|CODE_UNIT_STARTED|[EXTERNAL]|01p1r000007Wj26|TestVerifyDate.testDateWithin30Days
14:09:47.0 (1816814)|HEAP_ALLOCATE|[72]|Bytes:3
14:09:47.0 (1853326)|HEAP_ALLOCATE|[77]|Bytes:152
14:09:47.0 (1868483)|HEAP_ALLOCATE|[342]|Bytes:408
14:09:47.0 (1883837)|HEAP_ALLOCATE|[355]|Bytes:408
14:09:47.0 (1895985)|HEAP_ALLOCATE|[467]|Bytes:48
14:09:47.0 (1920893)|HEAP_ALLOCATE|[139]|Bytes:6
14:09:47.0 (1935760)|HEAP_ALLOCATE|[EXTERNAL]|Bytes:19
14:09:47.0 (1946832)|METHOD_ENTRY|[2]|01p1r000007Wj26|TestVerifyDate.TestVerifyDate()
14:09:47.0 (1955143)|STATEMENT_EXECUTE|[2]
14:09:47.0 (1960370)|STATEMENT_EXECUTE|[2]
14:09:47.0 (1963886)|METHOD_EXIT|[2]|TestVerifyDate
14:09:47.0 (1998564)|HEAP_ALLOCATE|[50]|Bytes:5
14:09:47.0 (2017861)|HEAP_ALLOCATE|[56]|Bytes:5
14:09:47.0 (2026114)|HEAP_ALLOCATE|[64]|Bytes:7
14:09:47.0 (2059745)|STATEMENT_EXECUTE|[4]
14:09:47.0 (2061852)|STATEMENT_EXECUTE|[5]
14:09:47.0 (2113980)|HEAP_ALLOCATE|[5]|Bytes:4
14:09:47.0 (2133072)|VARIABLE_SCOPE_BEGIN|[5]|d1|Date|false|false
14:09:47.0 (2185705)|VARIABLE_ASSIGNMENT|[5]|d1|"2018-01-21T00:00:00.000Z"
14:09:47.0 (2192401)|STATEMENT_EXECUTE|[6]
14:09:47.0 (2216558)|HEAP_ALLOCATE|[6]|Bytes:4
14:09:47.0 (2227121)|VARIABLE_SCOPE_BEGIN|[6]|d2|Date|false|false
14:09:47.0 (2243320)|VARIABLE_ASSIGNMENT|[6]|d2|"2018-01-22T00:00:00.000Z"
14:09:47.0 (2247850)|STATEMENT_EXECUTE|[7]
14:09:47.0 (3814401)|HEAP_ALLOCATE|[7]|Bytes:7
14:09:47.0 (3834393)|METHOD_ENTRY|[1]|01p1r000007Wixt|VerifyDate.VerifyDate()
14:09:47.0 (3841294)|STATEMENT_EXECUTE|[1]
14:09:47.0 (3846079)|STATEMENT_EXECUTE|[1]
14:09:47.0 (3849962)|METHOD_EXIT|[1]|VerifyDate
14:09:47.0 (3881101)|METHOD_ENTRY|[7]|01p1r000007Wixt|VerifyDate.CheckDates(Date, Date)
14:09:47.0 (3904120)|VARIABLE_SCOPE_BEGIN|[4]|date1|Date|false|false
14:09:47.0 (3921674)|VARIABLE_ASSIGNMENT|[4]|date1|"2018-01-21T00:00:00.000Z"
14:09:47.0 (3929646)|VARIABLE_SCOPE_BEGIN|[4]|date2|Date|false|false
14:09:47.0 (3939017)|VARIABLE_ASSIGNMENT|[4]|date2|"2018-01-22T00:00:00.000Z"
14:09:47.0 (3952041)|STATEMENT_EXECUTE|[4]
14:09:47.0 (3968018)|METHOD_ENTRY|[6]|01p1r000007Wixt|VerifyDate.DateWithin30Days(Date, Date)
14:09:47.0 (3997189)|VARIABLE_SCOPE_BEGIN|[14]|date1|Date|false|false
14:09:47.0 (4008657)|VARIABLE_ASSIGNMENT|[14]|date1|"2018-01-21T00:00:00.000Z"
14:09:47.0 (4015276)|VARIABLE_SCOPE_BEGIN|[14]|date2|Date|false|false
14:09:47.0 (4023731)|VARIABLE_ASSIGNMENT|[14]|date2|"2018-01-22T00:00:00.000Z"
14:09:47.0 (4032022)|STATEMENT_EXECUTE|[14]
14:09:47.0 (4066158)|STATEMENT_EXECUTE|[16]
14:09:47.0 (4068194)|STATEMENT_EXECUTE|[19]
14:09:47.0 (4089057)|HEAP_ALLOCATE|[19]|Bytes:4
14:09:47.0 (4100444)|VARIABLE_SCOPE_BEGIN|[19]|date30Days|Date|false|false
14:09:47.0 (4114180)|VARIABLE_ASSIGNMENT|[19]|date30Days|"2018-02-20T00:00:00.000Z"
14:09:47.0 (4136314)|STATEMENT_EXECUTE|[21]
14:09:47.0 (4138064)|STATEMENT_EXECUTE|[21]
14:09:47.0 (4142649)|METHOD_EXIT|[6]|01p1r000007Wixt|VerifyDate.DateWithin30Days(Date, Date)
14:09:47.0 (4149066)|STATEMENT_EXECUTE|[6]
14:09:47.0 (4150530)|STATEMENT_EXECUTE|[7]
14:09:47.0 (4153422)|METHOD_EXIT|[7]|01p1r000007Wixt|VerifyDate.CheckDates(Date, Date)
14:09:47.0 (4160507)|VARIABLE_SCOPE_BEGIN|[7]|fecha|Date|false|false
14:09:47.0 (4178620)|VARIABLE_ASSIGNMENT|[7]|fecha|"2018-01-22T00:00:00.000Z"
14:09:47.0 (4183251)|STATEMENT_EXECUTE|[8]
14:09:47.4 (4222756)|CUMULATIVE_LIMIT_USAGE
14:09:47.4 (4222756)|LIMIT_USAGE_FOR_NS|(default)|
  Number of SOQL queries: 0 out of 100
  Number of query rows: 0 out of 50000
  Number of SOSL queries: 0 out of 20
  Number of DML statements: 0 out of 150
  Number of DML rows: 0 out of 10000
  Maximum CPU time: 0 out of 10000
  Maximum heap size: 0 out of 6000000
  Number of callouts: 0 out of 100
  Number of Email Invocations: 0 out of 10
  Number of future calls: 0 out of 50
  Number of queueable jobs added to the queue: 0 out of 50
  Number of Mobile Apex push calls: 0 out of 10

14:09:47.4 (4222756)|CUMULATIVE_LIMIT_USAGE_END

14:09:47.0 (4256409)|CODE_UNIT_FINISHED|TestVerifyDate.testDateWithin30Days
14:09:47.0 (5132465)|EXECUTION_FINISHED
14:09:47.55 (55312320)|USER_INFO|[EXTERNAL]|0051r000007Oz5Q|lydia.abril@gmail.com|hora estándar de Europa central|GMT+02:00
14:09:47.55 (55329605)|EXECUTION_STARTED
14:09:47.55 (55333102)|CODE_UNIT_STARTED|[EXTERNAL]|01p1r000007Wj26|TestVerifyDate.testSetEndOfMonthDate
14:09:47.55 (55440306)|HEAP_ALLOCATE|[72]|Bytes:3
14:09:47.55 (55473331)|HEAP_ALLOCATE|[77]|Bytes:152
14:09:47.55 (55487648)|HEAP_ALLOCATE|[342]|Bytes:408
14:09:47.55 (55502055)|HEAP_ALLOCATE|[355]|Bytes:408
14:09:47.55 (55514695)|HEAP_ALLOCATE|[467]|Bytes:48
14:09:47.55 (55537624)|HEAP_ALLOCATE|[139]|Bytes:6
14:09:47.55 (55552037)|HEAP_ALLOCATE|[EXTERNAL]|Bytes:19
14:09:47.55 (55561908)|METHOD_ENTRY|[2]|01p1r000007Wj26|TestVerifyDate.TestVerifyDate()
14:09:47.55 (55570213)|STATEMENT_EXECUTE|[2]
14:09:47.55 (55575729)|STATEMENT_EXECUTE|[2]
14:09:47.55 (55579547)|METHOD_EXIT|[2]|TestVerifyDate
14:09:47.55 (55596913)|HEAP_ALLOCATE|[50]|Bytes:5
14:09:47.55 (55615712)|HEAP_ALLOCATE|[56]|Bytes:5
14:09:47.55 (55623204)|HEAP_ALLOCATE|[64]|Bytes:7
14:09:47.55 (55657579)|STATEMENT_EXECUTE|[11]
14:09:47.55 (55659778)|STATEMENT_EXECUTE|[12]
14:09:47.55 (55718160)|HEAP_ALLOCATE|[12]|Bytes:4
14:09:47.55 (55735284)|VARIABLE_SCOPE_BEGIN|[12]|d1|Date|false|false
14:09:47.55 (55777975)|VARIABLE_ASSIGNMENT|[12]|d1|"2018-01-21T00:00:00.000Z"
14:09:47.55 (55784827)|STATEMENT_EXECUTE|[13]
14:09:47.55 (55807362)|HEAP_ALLOCATE|[13]|Bytes:4
14:09:47.55 (55817477)|VARIABLE_SCOPE_BEGIN|[13]|d2|Date|false|false
14:09:47.55 (55832238)|VARIABLE_ASSIGNMENT|[13]|d2|"2018-01-20T00:00:00.000Z"
14:09:47.55 (55836939)|STATEMENT_EXECUTE|[14]
14:09:47.55 (55845470)|HEAP_ALLOCATE|[14]|Bytes:7
14:09:47.55 (55852208)|METHOD_ENTRY|[1]|01p1r000007Wixt|VerifyDate.VerifyDate()
14:09:47.55 (55856484)|STATEMENT_EXECUTE|[1]
14:09:47.55 (55859217)|STATEMENT_EXECUTE|[1]
14:09:47.55 (55862049)|METHOD_EXIT|[1]|VerifyDate
14:09:47.55 (55886460)|METHOD_ENTRY|[14]|01p1r000007Wixt|VerifyDate.CheckDates(Date, Date)
14:09:47.55 (55905481)|VARIABLE_SCOPE_BEGIN|[4]|date1|Date|false|false
14:09:47.55 (55924236)|VARIABLE_ASSIGNMENT|[4]|date1|"2018-01-21T00:00:00.000Z"
14:09:47.55 (55931952)|VARIABLE_SCOPE_BEGIN|[4]|date2|Date|false|false
14:09:47.55 (55945677)|VARIABLE_ASSIGNMENT|[4]|date2|"2018-01-20T00:00:00.000Z"
14:09:47.55 (55961231)|STATEMENT_EXECUTE|[4]
14:09:47.55 (55972644)|METHOD_ENTRY|[6]|01p1r000007Wixt|VerifyDate.DateWithin30Days(Date, Date)
14:09:47.55 (55982672)|VARIABLE_SCOPE_BEGIN|[14]|date1|Date|false|false
14:09:47.55 (55998767)|VARIABLE_ASSIGNMENT|[14]|date1|"2018-01-21T00:00:00.000Z"
14:09:47.55 (56005675)|VARIABLE_SCOPE_BEGIN|[14]|date2|Date|false|false
14:09:47.55 (56017778)|VARIABLE_ASSIGNMENT|[14]|date2|"2018-01-20T00:00:00.000Z"
14:09:47.55 (56029422)|STATEMENT_EXECUTE|[14]
14:09:47.55 (56054810)|STATEMENT_EXECUTE|[16]
14:09:47.55 (56057937)|STATEMENT_EXECUTE|[16]
14:09:47.55 (56063962)|METHOD_EXIT|[6]|01p1r000007Wixt|VerifyDate.DateWithin30Days(Date, Date)
14:09:47.55 (56073947)|STATEMENT_EXECUTE|[8]
14:09:47.55 (56076239)|STATEMENT_EXECUTE|[9]
14:09:47.55 (56095966)|METHOD_ENTRY|[9]|01p1r000007Wixt|VerifyDate.SetEndOfMonthDate(Date)
14:09:47.55 (56123427)|VARIABLE_SCOPE_BEGIN|[25]|date1|Date|false|false
14:09:47.55 (56141381)|VARIABLE_ASSIGNMENT|[25]|date1|"2018-01-21T00:00:00.000Z"
14:09:47.55 (56154901)|STATEMENT_EXECUTE|[25]
14:09:47.55 (56157486)|STATEMENT_EXECUTE|[26]
14:09:47.55 (56239778)|VARIABLE_SCOPE_BEGIN|[26]|totalDays|Integer|false|false
14:09:47.55 (56254487)|HEAP_ALLOCATE|[26]|Bytes:4
14:09:47.55 (56266286)|VARIABLE_ASSIGNMENT|[26]|totalDays|31
14:09:47.55 (56302719)|STATEMENT_EXECUTE|[27]
14:09:47.55 (56351814)|HEAP_ALLOCATE|[27]|Bytes:4
14:09:47.55 (56370633)|VARIABLE_SCOPE_BEGIN|[27]|lastDay|Date|false|false
14:09:47.55 (56395551)|VARIABLE_ASSIGNMENT|[27]|lastDay|"2018-01-31T00:00:00.000Z"
14:09:47.55 (56404477)|STATEMENT_EXECUTE|[28]
14:09:47.55 (56415801)|METHOD_EXIT|[9]|01p1r000007Wixt|VerifyDate.SetEndOfMonthDate(Date)
14:09:47.55 (56427390)|METHOD_EXIT|[14]|01p1r000007Wixt|VerifyDate.CheckDates(Date, Date)
14:09:47.55 (56440076)|VARIABLE_SCOPE_BEGIN|[14]|fecha|Date|false|false
14:09:47.55 (56459545)|VARIABLE_ASSIGNMENT|[14]|fecha|"2018-01-31T00:00:00.000Z"
14:09:47.55 (56466740)|STATEMENT_EXECUTE|[15]
14:09:47.55 (56502883)|HEAP_ALLOCATE|[15]|Bytes:4
14:09:47.56 (56540763)|CUMULATIVE_LIMIT_USAGE
14:09:47.56 (56540763)|LIMIT_USAGE_FOR_NS|(default)|
  Number of SOQL queries: 0 out of 100
  Number of query rows: 0 out of 50000
  Number of SOSL queries: 0 out of 20
  Number of DML statements: 0 out of 150
  Number of DML rows: 0 out of 10000
  Maximum CPU time: 0 out of 10000
  Maximum heap size: 0 out of 6000000
  Number of callouts: 0 out of 100
  Number of Email Invocations: 0 out of 10
  Number of future calls: 0 out of 50
  Number of queueable jobs added to the queue: 0 out of 50
  Number of Mobile Apex push calls: 0 out of 10

14:09:47.56 (56540763)|CUMULATIVE_LIMIT_USAGE_END

14:09:47.55 (56572029)|CODE_UNIT_FINISHED|TestVerifyDate.testSetEndOfMonthDate
14:09:47.55 (57392561)|EXECUTION_FINISHED
