36.0 APEX_CODE,FINEST;APEX_PROFILING,INFO;CALLOUT,INFO;DB,INFO;SYSTEM,DEBUG;VALIDATION,INFO;VISUALFORCE,INFO;WAVE,INFO;WORKFLOW,INFO
13:26:42.0 (590025)|USER_INFO|[EXTERNAL]|0051r000007Oz5Q|lydia.abril@gmail.com|hora estándar de Europa central|GMT+02:00
13:26:42.0 (758057)|EXECUTION_STARTED
13:26:42.0 (764550)|CODE_UNIT_STARTED|[EXTERNAL]|01p1r000008aN28|PasajeroTest.RellenarContactoTest
13:26:42.0 (1187818)|HEAP_ALLOCATE|[72]|Bytes:3
13:26:42.0 (1252104)|HEAP_ALLOCATE|[77]|Bytes:152
13:26:42.0 (1279057)|HEAP_ALLOCATE|[342]|Bytes:408
13:26:42.0 (1308110)|HEAP_ALLOCATE|[355]|Bytes:408
13:26:42.0 (1340501)|HEAP_ALLOCATE|[467]|Bytes:48
13:26:42.0 (1384394)|HEAP_ALLOCATE|[139]|Bytes:6
13:26:42.0 (1408956)|HEAP_ALLOCATE|[EXTERNAL]|Bytes:134
13:26:42.0 (1438777)|METHOD_ENTRY|[2]|01p1r000008aN28|PasajeroTest.PasajeroTest()
13:26:42.0 (1454339)|STATEMENT_EXECUTE|[2]
13:26:42.0 (1462089)|STATEMENT_EXECUTE|[2]
13:26:42.0 (1470542)|METHOD_EXIT|[2]|PasajeroTest
13:26:42.0 (1711026)|HEAP_ALLOCATE|[50]|Bytes:5
13:26:42.0 (1744703)|HEAP_ALLOCATE|[56]|Bytes:5
13:26:42.0 (1760121)|HEAP_ALLOCATE|[64]|Bytes:7
13:26:42.0 (1815917)|STATEMENT_EXECUTE|[4]
13:26:42.0 (1820103)|STATEMENT_EXECUTE|[6]
13:26:42.0 (1887177)|HEAP_ALLOCATE|[6]|Bytes:4
13:26:42.0 (2013381)|HEAP_ALLOCATE|[6]|Bytes:13
13:26:42.0 (2088577)|VARIABLE_ASSIGNMENT|[6]|this.Name|"CuentaPrueba0"|0x6774f23b
13:26:42.0 (2186617)|VARIABLE_SCOPE_BEGIN|[6]|oAccount|Account|true|false
13:26:42.0 (2226938)|VARIABLE_ASSIGNMENT|[6]|oAccount|{"Name":"CuentaPrueba0"}|0x6774f23b
13:26:42.0 (2244946)|STATEMENT_EXECUTE|[7]
13:26:42.0 (2278688)|HEAP_ALLOCATE|[7]|Bytes:8
13:26:42.0 (2305576)|DML_BEGIN|[7]|Op:Insert|Type:Account|Rows:1
13:26:42.0 (2429338)|HEAP_ALLOCATE|[EXTERNAL]|Bytes:8
13:26:42.0 (12589126)|CODE_UNIT_STARTED|[EXTERNAL]|DuplicateDetector
13:26:42.0 (12612995)|DUPLICATE_DETECTION_BEGIN
13:26:42.0 (13298793)|DUPLICATE_DETECTION_RULE_INVOCATION|DuplicateRuleId:0Bm1r0000018X88|DuplicateRuleName:Standard Account Duplicate Rule|DmlType:INSERT
13:26:42.0 (37115297)|DUPLICATE_DETECTION_MATCH_INVOCATION_DETAILS|EntityType:Account|ActionTaken:Allow_[Alert,Report]|DuplicateRecordIds:
13:26:42.0 (37142809)|DUPLICATE_DETECTION_MATCH_INVOCATION_SUMMARY|EntityType:Account|NumRecordsToBeSaved:1|NumRecordsToBeSavedWithDuplicates:0|NumDuplicateRecordsFound:0
13:26:42.0 (37258433)|DUPLICATE_DETECTION_END
13:26:42.0 (37268532)|CODE_UNIT_FINISHED|DuplicateDetector
13:26:42.0 (66762748)|DML_END|[7]
13:26:42.0 (66800192)|STATEMENT_EXECUTE|[9]
13:26:42.0 (66865708)|HEAP_ALLOCATE|[9]|Bytes:4
13:26:42.0 (66991911)|HEAP_ALLOCATE|[9]|Bytes:15
13:26:42.0 (67047616)|VARIABLE_ASSIGNMENT|[9]|this.LastName|"ContactoPrueba0"|0x5f2eb855
13:26:42.0 (67057201)|HEAP_ALLOCATE|[9]|Bytes:9
13:26:42.0 (67074136)|VARIABLE_ASSIGNMENT|[9]|this.Nif__c|"12345678B"|0x5f2eb855
13:26:42.0 (67123731)|VARIABLE_ASSIGNMENT|[9]|this.AccountId|"0011r00001mxdZxAAI"|0x5f2eb855
13:26:42.0 (67160914)|VARIABLE_SCOPE_BEGIN|[9]|oContact|Contact|true|false
13:26:42.0 (67187141)|VARIABLE_ASSIGNMENT|[9]|oContact|{"LastName":"ContactoPrueba0","Nif__c":"12345678B","AccountId":"0011r00001mxdZxAAI"}|0x5f2eb855
13:26:42.0 (67195392)|STATEMENT_EXECUTE|[10]
13:26:42.0 (67223980)|HEAP_ALLOCATE|[10]|Bytes:8
13:26:42.0 (67242290)|DML_BEGIN|[10]|Op:Insert|Type:Contact|Rows:1
13:26:42.0 (67285334)|HEAP_ALLOCATE|[EXTERNAL]|Bytes:8
13:26:42.0 (74143264)|CODE_UNIT_STARTED|[EXTERNAL]|01q1r000000j4Bx|ContactTrigger on Contact trigger event BeforeInsert
13:26:42.0 (74184294)|HEAP_ALLOCATE|[EXTERNAL]|Bytes:8
13:26:42.0 (74361287)|HEAP_ALLOCATE|[EXTERNAL]|Bytes:8
13:26:42.0 (74374493)|VARIABLE_SCOPE_BEGIN|[1]|this|ContactTrigger|true|false
13:26:42.0 (74463211)|VARIABLE_ASSIGNMENT|[1]|this|{}|0x404a0e79
13:26:42.0 (74527028)|HEAP_ALLOCATE|[EXTERNAL]|Bytes:8
13:26:42.0 (74539371)|VARIABLE_SCOPE_BEGIN|[1]|this|ContactTrigger|true|false
13:26:42.0 (74553945)|VARIABLE_ASSIGNMENT|[1]|this|{}|0x404a0e79
13:26:42.0 (74562292)|STATEMENT_EXECUTE|[1]
13:26:42.0 (74564570)|STATEMENT_EXECUTE|[3]
13:26:42.0 (75018646)|VARIABLE_ASSIGNMENT|[3]|this.listNew|[{"IsDeleted":false,"AccountId":"0011r00001mxdZxAAI","IsEmailBounced":false,"CleanStatus":"Pending","DoNotCall":false,"OwnerId":"0051r000007Oz5QAAS","HasOptedOutOfEmail":false,"HasOptedOutOfFax":false,"Nif__c":"12345678B","LastName":"ContactoPrueba0"}]|0x404a0e79
13:26:42.0 (75043448)|STATEMENT_EXECUTE|[5]
13:26:42.0 (75052980)|STATEMENT_EXECUTE|[6]
13:26:42.0 (75054809)|STATEMENT_EXECUTE|[7]
13:26:42.0 (76398541)|HEAP_ALLOCATE|[7]|Bytes:1
13:26:42.0 (76444159)|METHOD_ENTRY|[1]|01p1r000008aKc5|ContactMethods.ContactMethods()
13:26:42.0 (76452659)|STATEMENT_EXECUTE|[1]
13:26:42.0 (76458435)|STATEMENT_EXECUTE|[1]
13:26:42.0 (76827502)|SYSTEM_MODE_ENTER|false
13:26:42.0 (76850035)|HEAP_ALLOCATE|[7]|Bytes:5
13:26:42.0 (76860149)|SYSTEM_MODE_EXIT|false
13:26:42.0 (76874715)|METHOD_EXIT|[1]|ContactMethods
13:26:42.0 (76904893)|METHOD_ENTRY|[7]|01p1r000008aKc5|ContactMethods.ValidarNif(List<Contact>)
13:26:42.0 (76942247)|VARIABLE_SCOPE_BEGIN|[3]|listNew|List<Contact>|true|false
13:26:42.0 (77181884)|VARIABLE_ASSIGNMENT|[3]|listNew|[{"IsDeleted":false,"AccountId":"0011r00001mxdZxAAI","IsEmailBounced":false,"CleanStatus":"Pending","DoNotCall":false,"OwnerId":"0051r000007Oz5QAAS","HasOptedOutOfEmail":false,"HasOptedOutOfFax":false,"Nif__c":"12345678B","LastName":"ContactoPrueba0"}]|0x14fcd66d
13:26:42.0 (77217999)|SYSTEM_MODE_ENTER|false
13:26:42.0 (77226332)|HEAP_ALLOCATE|[5]|Bytes:5
13:26:42.0 (77232935)|STATEMENT_EXECUTE|[3]
13:26:42.0 (77324533)|STATEMENT_EXECUTE|[5]
13:26:42.0 (77326957)|STATEMENT_EXECUTE|[8]
13:26:42.0 (77331143)|HEAP_ALLOCATE|[8]|Bytes:26
13:26:42.0 (77351203)|HEAP_ALLOCATE|[8]|Bytes:4
13:26:42.0 (77474471)|SOQL_EXECUTE_BEGIN|[8]|Aggregations:0|SELECT Nif__c FROM Contact
13:26:42.0 (80126589)|SOQL_EXECUTE_END|[8]|Rows:0
13:26:42.0 (80150722)|HEAP_ALLOCATE|[8]|Bytes:4
13:26:42.0 (80165184)|HEAP_ALLOCATE|[8]|Bytes:0
13:26:42.0 (80194283)|HEAP_ALLOCATE|[8]|Bytes:4
13:26:42.0 (80204744)|VARIABLE_SCOPE_BEGIN|[8]|listContact|List<Contact>|true|false
13:26:42.0 (80218952)|VARIABLE_ASSIGNMENT|[8]|listContact|[]|0x6f1186ad
13:26:42.0 (80226118)|STATEMENT_EXECUTE|[10]
13:26:42.0 (80240086)|HEAP_ALLOCATE|[10]|Bytes:4
13:26:42.0 (80270343)|VARIABLE_SCOPE_BEGIN|[10]|listContactNif|List<String>|true|false
13:26:42.0 (80299800)|HEAP_ALLOCATE|[EXTERNAL]|Bytes:4
13:26:42.0 (80309724)|VARIABLE_ASSIGNMENT|[10]|listContactNif|[]|0x30004b72
13:26:42.0 (80474991)|HEAP_ALLOCATE|[12]|Bytes:5
13:26:42.0 (80504738)|VARIABLE_ASSIGNMENT|[12]|inContact|null|
13:26:42.0 (80511928)|STATEMENT_EXECUTE|[12]
13:26:42.0 (80540284)|HEAP_ALLOCATE|[17]|Bytes:5
13:26:42.0 (80556885)|HEAP_ALLOCATE|[17]|Bytes:4
13:26:42.0 (80565736)|VARIABLE_SCOPE_BEGIN|[17]|inContact|Contact|true|false
13:26:42.0 (80826170)|VARIABLE_ASSIGNMENT|[17]|inContact|{"IsDeleted":false,"AccountId":"0011r00001mxdZxAAI","IsEmailBounced":false,"CleanStatus":"Pending","DoNotCall":false,"OwnerId":"0051r000007Oz5QAAS","HasOptedOutOfEmail":false,"HasOptedOutOfFax":false,"Nif__c":"12345678B","LastName":"ContactoPrueba0"}|0x12bdcc96
13:26:42.0 (80838171)|STATEMENT_EXECUTE|[17]
13:26:42.0 (80840173)|STATEMENT_EXECUTE|[19]
13:26:42.0 (80911022)|HEAP_ALLOCATE|[19]|Bytes:8
13:26:42.0 (80926167)|VARIABLE_SCOPE_BEGIN|[19]|numerosNif|String|false|false
13:26:42.0 (80942413)|VARIABLE_ASSIGNMENT|[19]|numerosNif|"12345678"
13:26:42.0 (80947609)|STATEMENT_EXECUTE|[21]
13:26:42.0 (80969810)|HEAP_ALLOCATE|[21]|Bytes:1
13:26:42.0 (80980102)|VARIABLE_SCOPE_BEGIN|[21]|letraNif|String|false|false
13:26:42.0 (80992933)|VARIABLE_ASSIGNMENT|[21]|letraNif|"B"
13:26:42.0 (81087143)|STATEMENT_EXECUTE|[23]
13:26:42.0 (81099207)|HEAP_ALLOCATE|[17]|Bytes:5
13:26:42.0 (81112604)|VARIABLE_ASSIGNMENT|[17]|inContact|null|
13:26:42.0 (81123261)|SYSTEM_MODE_EXIT|false
13:26:42.0 (81133009)|METHOD_EXIT|[7]|01p1r000008aKc5|ContactMethods.ValidarNif(List<Contact>)
13:26:42.81 (81145423)|CUMULATIVE_LIMIT_USAGE
13:26:42.81 (81145423)|LIMIT_USAGE_FOR_NS|(default)|
  Number of SOQL queries: 1 out of 100
  Number of query rows: 0 out of 50000
  Number of SOSL queries: 0 out of 20
  Number of DML statements: 2 out of 150
  Number of DML rows: 2 out of 10000
  Maximum CPU time: 0 out of 10000
  Maximum heap size: 0 out of 6000000
  Number of callouts: 0 out of 100
  Number of Email Invocations: 0 out of 10
  Number of future calls: 0 out of 50
  Number of queueable jobs added to the queue: 0 out of 50
  Number of Mobile Apex push calls: 0 out of 10

13:26:42.81 (81145423)|CUMULATIVE_LIMIT_USAGE_END

13:26:42.0 (82272254)|CODE_UNIT_FINISHED|ContactTrigger on Contact trigger event BeforeInsert
13:26:42.0 (86086528)|CODE_UNIT_STARTED|[EXTERNAL]|DuplicateDetector
13:26:42.0 (86101460)|DUPLICATE_DETECTION_BEGIN
13:26:42.0 (86165838)|DUPLICATE_DETECTION_RULE_INVOCATION|DuplicateRuleId:0Bm1r0000018X89|DuplicateRuleName:Standard Contact Duplicate Rule|DmlType:INSERT
13:26:42.0 (111116609)|DUPLICATE_DETECTION_MATCH_INVOCATION_DETAILS|EntityType:Contact|ActionTaken:Allow_[Alert,Report]|DuplicateRecordIds:
13:26:42.0 (111143077)|DUPLICATE_DETECTION_MATCH_INVOCATION_SUMMARY|EntityType:Contact|NumRecordsToBeSaved:1|NumRecordsToBeSavedWithDuplicates:0|NumDuplicateRecordsFound:0
13:26:42.0 (111159206)|DUPLICATE_DETECTION_MATCH_INVOCATION_DETAILS|EntityType:Contact|ActionTaken:Allow_[Alert,Report]|DuplicateRecordIds:
13:26:42.0 (111166298)|DUPLICATE_DETECTION_MATCH_INVOCATION_SUMMARY|EntityType:Contact|NumRecordsToBeSaved:1|NumRecordsToBeSavedWithDuplicates:0|NumDuplicateRecordsFound:0
13:26:42.0 (111297743)|DUPLICATE_DETECTION_END
13:26:42.0 (111305066)|CODE_UNIT_FINISHED|DuplicateDetector
13:26:42.0 (130932254)|DML_END|[10]
13:26:42.0 (130968202)|STATEMENT_EXECUTE|[12]
13:26:42.0 (131038863)|HEAP_ALLOCATE|[12]|Bytes:4
13:26:42.0 (131157033)|HEAP_ALLOCATE|[12]|Bytes:14
13:26:42.0 (131207702)|VARIABLE_ASSIGNMENT|[12]|this.Name|"ReservaPrueba0"|0x2b7acbac
13:26:42.0 (131215987)|HEAP_ALLOCATE|[13]|Bytes:6
13:26:42.0 (131234340)|VARIABLE_ASSIGNMENT|[12]|this.Origen__c|"Madrid"|0x2b7acbac
13:26:42.0 (131241430)|HEAP_ALLOCATE|[14]|Bytes:4
13:26:42.0 (131259052)|VARIABLE_ASSIGNMENT|[12]|this.Destino__c|"Roma"|0x2b7acbac
13:26:42.0 (131265483)|HEAP_ALLOCATE|[15]|Bytes:7
13:26:42.0 (131278682)|VARIABLE_ASSIGNMENT|[12]|this.Case__c|"Turista"|0x2b7acbac
13:26:42.0 (131329516)|VARIABLE_ASSIGNMENT|[12]|this.Contacto__c|"0031r000024iU5oAAE"|0x2b7acbac
13:26:42.0 (131391283)|HEAP_ALLOCATE|[17]|Bytes:4
13:26:42.0 (131453328)|HEAP_ALLOCATE|[17]|Bytes:56
13:26:42.0 (131501266)|VARIABLE_ASSIGNMENT|[12]|this.Fecha_Salida__c|"2019-01-10T23:00:00.000Z"|0x2b7acbac
13:26:42.0 (131509669)|HEAP_ALLOCATE|[18]|Bytes:4
13:26:42.0 (131525212)|VARIABLE_ASSIGNMENT|[12]|this.Observaciones__c|"Nada"|0x2b7acbac
13:26:42.0 (131558815)|VARIABLE_SCOPE_BEGIN|[12]|oReserva|Reserva_Vuelo__c|true|false
13:26:42.0 (131589386)|VARIABLE_ASSIGNMENT|[12]|oReserva|{"Name":"ReservaPrueba0","Origen__c":"Madrid","Destino__c":"Roma","Case__c":"Turista","Contacto__c":"0031r000024iU5oAAE","Fecha_Salida__c":"2019-01-10T23:00:00.000Z","Observaciones__c":"Nada"}|0x2b7acbac
13:26:42.0 (131600903)|STATEMENT_EXECUTE|[20]
13:26:42.0 (131620821)|HEAP_ALLOCATE|[20]|Bytes:8
13:26:42.0 (131639020)|DML_BEGIN|[20]|Op:Insert|Type:Reserva_Vuelo__c|Rows:1
13:26:42.0 (131679840)|HEAP_ALLOCATE|[EXTERNAL]|Bytes:8
13:26:42.0 (137974178)|CODE_UNIT_STARTED|[EXTERNAL]|01q1r000000isRT|ReservaVueloTrigger on Reserva_Vuelo trigger event BeforeInsert
13:26:42.0 (138037035)|HEAP_ALLOCATE|[EXTERNAL]|Bytes:8
13:26:42.0 (138222352)|HEAP_ALLOCATE|[EXTERNAL]|Bytes:12
13:26:42.0 (138237652)|VARIABLE_SCOPE_BEGIN|[1]|this|ReservaVueloTrigger|true|false
13:26:42.0 (138314781)|VARIABLE_ASSIGNMENT|[1]|this|{}|0x53c6dbe
13:26:42.0 (138394079)|HEAP_ALLOCATE|[EXTERNAL]|Bytes:12
13:26:42.0 (138403941)|VARIABLE_SCOPE_BEGIN|[1]|this|ReservaVueloTrigger|true|false
13:26:42.0 (138418431)|VARIABLE_ASSIGNMENT|[1]|this|{}|0x53c6dbe
13:26:42.0 (138428324)|STATEMENT_EXECUTE|[1]
13:26:42.0 (138430436)|STATEMENT_EXECUTE|[4]
13:26:42.0 (138738980)|VARIABLE_ASSIGNMENT|[4]|this.listNew|[{"Contacto__c":"0031r000024iU5oAAE","Origen__c":"Madrid","Destino__c":"Roma","IsDeleted":false,"Fecha_Salida__c":"2019-01-10T23:00:00.000Z","OwnerId":"0051r000007Oz5QAAS","Observaciones__c":"Nada","Case__c":"Turista","Modificado__c":false,"Name":"ReservaPrueba0"}]|0x53c6dbe
13:26:42.0 (138751922)|STATEMENT_EXECUTE|[7]
13:26:42.0 (138772802)|VARIABLE_ASSIGNMENT|[7]|this.mapOld|null|0x53c6dbe
13:26:42.0 (138784376)|STATEMENT_EXECUTE|[10]
13:26:42.0 (138789617)|STATEMENT_EXECUTE|[11]
13:26:42.0 (138791387)|STATEMENT_EXECUTE|[12]
13:26:42.0 (140240547)|HEAP_ALLOCATE|[12]|Bytes:4
13:26:42.0 (140273429)|METHOD_ENTRY|[1]|01p1r000007Yidp|ReservaVueloMethods.ReservaVueloMethods()
13:26:42.0 (140282001)|STATEMENT_EXECUTE|[1]
13:26:42.0 (140287194)|STATEMENT_EXECUTE|[1]
13:26:42.0 (140704021)|SYSTEM_MODE_ENTER|false
13:26:42.0 (140720660)|HEAP_ALLOCATE|[12]|Bytes:5
13:26:42.0 (140731110)|SYSTEM_MODE_EXIT|false
13:26:42.0 (140745543)|METHOD_EXIT|[1]|ReservaVueloMethods
13:26:42.0 (140781456)|METHOD_ENTRY|[12]|01p1r000007Yidp|ReservaVueloMethods.RellenarCuenta(List<Reserva_Vuelo__c>)
13:26:42.0 (140855388)|VARIABLE_SCOPE_BEGIN|[4]|listReservas|List<Reserva_Vuelo__c>|true|false
13:26:42.0 (141028655)|VARIABLE_ASSIGNMENT|[4]|listReservas|[{"Contacto__c":"0031r000024iU5oAAE","Origen__c":"Madrid","Destino__c":"Roma","IsDeleted":false,"Fecha_Salida__c":"2019-01-10T23:00:00.000Z","OwnerId":"0051r000007Oz5QAAS","Observaciones__c":"Nada","Case__c":"Turista","Modificado__c":false,"Name":"ReservaPrueba0"}]|0xa359afc
13:26:42.0 (141089090)|SYSTEM_MODE_ENTER|false
13:26:42.0 (141098732)|HEAP_ALLOCATE|[6]|Bytes:5
13:26:42.0 (141107946)|STATEMENT_EXECUTE|[4]
13:26:42.0 (141198657)|STATEMENT_EXECUTE|[6]
13:26:42.0 (141201200)|STATEMENT_EXECUTE|[9]
13:26:42.0 (141220051)|HEAP_ALLOCATE|[9]|Bytes:4
13:26:42.0 (141272602)|VARIABLE_SCOPE_BEGIN|[9]|listContactosIds|Set<String>|true|false
13:26:42.0 (141302337)|VARIABLE_ASSIGNMENT|[9]|listContactosIds|[]|0x839cc66
13:26:42.0 (141447619)|HEAP_ALLOCATE|[10]|Bytes:5
13:26:42.0 (141470491)|HEAP_ALLOCATE|[10]|Bytes:4
13:26:42.0 (141480282)|VARIABLE_SCOPE_BEGIN|[10]|inReserva|Reserva_Vuelo__c|true|false
13:26:42.0 (141629383)|VARIABLE_ASSIGNMENT|[10]|inReserva|{"Contacto__c":"0031r000024iU5oAAE","Origen__c":"Madrid","Destino__c":"Roma","IsDeleted":false,"Fecha_Salida__c":"2019-01-10T23:00:00.000Z","OwnerId":"0051r000007Oz5QAAS","Observaciones__c":"Nada","Case__c":"Turista","Modificado__c":false,"Name":"ReservaPrueba0"}|0x2b21208b
13:26:42.0 (141644388)|STATEMENT_EXECUTE|[10]
13:26:42.0 (141646668)|STATEMENT_EXECUTE|[11]
13:26:42.0 (141717845)|HEAP_ALLOCATE|[EXTERNAL]|Bytes:4
13:26:42.0 (141738095)|HEAP_ALLOCATE|[10]|Bytes:5
13:26:42.0 (141754969)|VARIABLE_ASSIGNMENT|[10]|inReserva|null|
13:26:42.0 (141761423)|STATEMENT_EXECUTE|[23]
13:26:42.0 (141802119)|HEAP_ALLOCATE|[23]|Bytes:4
13:26:42.0 (141809823)|HEAP_ALLOCATE|[23]|Bytes:49
13:26:42.0 (141817679)|HEAP_ALLOCATE|[23]|Bytes:4
13:26:42.0 (141825491)|HEAP_ALLOCATE|[23]|Bytes:7
13:26:42.0 (141862074)|HEAP_ALLOCATE|[23]|Bytes:8
13:26:42.0 (141871048)|HEAP_ALLOCATE|[23]|Bytes:8
13:26:42.0 (142078572)|SOQL_EXECUTE_BEGIN|[23]|Aggregations:0|SELECT AccountId FROM Contact WHERE id = :tmpVar1
13:26:42.0 (145067589)|SOQL_EXECUTE_END|[23]|Rows:1
13:26:42.0 (145092648)|HEAP_ALLOCATE|[23]|Bytes:8
13:26:42.0 (145109536)|HEAP_ALLOCATE|[23]|Bytes:60
13:26:42.0 (145158996)|HEAP_ALLOCATE|[23]|Bytes:8
13:26:42.0 (145200518)|HEAP_ALLOCATE|[23]|Bytes:12
13:26:42.0 (145211202)|HEAP_ALLOCATE|[23]|Bytes:18
13:26:42.0 (145224440)|VARIABLE_SCOPE_BEGIN|[23]|contactos|Map<String,Contact>|true|false
13:26:42.0 (145282207)|VARIABLE_ASSIGNMENT|[23]|contactos|{"0031r000024iU5oAAE":{"AccountId":"0011r00001mxdZxAAI","Id":"0031r000024iU5oAAE"}}|0x1e6fe875
13:26:42.0 (145329630)|HEAP_ALLOCATE|[26]|Bytes:5
13:26:42.0 (145346885)|HEAP_ALLOCATE|[26]|Bytes:4
13:26:42.0 (145355728)|VARIABLE_SCOPE_BEGIN|[26]|inReserva|Reserva_Vuelo__c|true|false
13:26:42.0 (145477439)|VARIABLE_ASSIGNMENT|[26]|inReserva|{"Contacto__c":"0031r000024iU5oAAE","Origen__c":"Madrid","Destino__c":"Roma","IsDeleted":false,"Fecha_Salida__c":"2019-01-10T23:00:00.000Z","OwnerId":"0051r000007Oz5QAAS","Observaciones__c":"Nada","Case__c":"Turista","Modificado__c":false,"Name":"ReservaPrueba0"}|0x2b21208b
13:26:42.0 (145489399)|STATEMENT_EXECUTE|[26]
13:26:42.0 (145492047)|STATEMENT_EXECUTE|[27]
13:26:42.0 (145770238)|VARIABLE_ASSIGNMENT|[27]|this.Cuenta__c|"0011r00001mxdZxAAI"|0x2b21208b
13:26:42.0 (145796093)|HEAP_ALLOCATE|[26]|Bytes:5
13:26:42.0 (145812112)|VARIABLE_ASSIGNMENT|[26]|inReserva|null|
13:26:42.0 (145821025)|SYSTEM_MODE_EXIT|false
13:26:42.0 (145833169)|METHOD_EXIT|[12]|01p1r000007Yidp|ReservaVueloMethods.RellenarCuenta(List<Reserva_Vuelo__c>)
13:26:42.0 (145854113)|STATEMENT_EXECUTE|[14]
13:26:42.145 (145865156)|CUMULATIVE_LIMIT_USAGE
13:26:42.145 (145865156)|LIMIT_USAGE_FOR_NS|(default)|
  Number of SOQL queries: 2 out of 100
  Number of query rows: 1 out of 50000
  Number of SOSL queries: 0 out of 20
  Number of DML statements: 3 out of 150
  Number of DML rows: 3 out of 10000
  Maximum CPU time: 0 out of 10000
  Maximum heap size: 0 out of 6000000
  Number of callouts: 0 out of 100
  Number of Email Invocations: 0 out of 10
  Number of future calls: 0 out of 50
  Number of queueable jobs added to the queue: 0 out of 50
  Number of Mobile Apex push calls: 0 out of 10

13:26:42.145 (145865156)|CUMULATIVE_LIMIT_USAGE_END

13:26:42.0 (147020569)|CODE_UNIT_FINISHED|ReservaVueloTrigger on Reserva_Vuelo trigger event BeforeInsert
13:26:42.0 (149693183)|CODE_UNIT_STARTED|[EXTERNAL]|Validation:Reserva_Vuelo:new
13:26:42.0 (149707593)|VALIDATION_RULE|03d1r0000006A1e|DiferentesCampos
13:26:42.0 (149966264)|VALIDATION_FORMULA|TEXT(Origen__c)  =  TEXT(Destino__c)|Destino__c=Roma , Origen__c=Madrid
13:26:42.0 (149978675)|VALIDATION_PASS
13:26:42.0 (149981571)|VALIDATION_RULE|03d1r0000006A1Z|Fecha_de_salida
13:26:42.0 (150106899)|VALIDATION_FORMULA|Fecha_Salida__c  <   NOW()|Fecha_Salida__c=2019-01-10 23:00:00
13:26:42.0 (150115842)|VALIDATION_PASS
13:26:42.0 (150163991)|CODE_UNIT_FINISHED|Validation:Reserva_Vuelo:new
13:26:42.0 (169282488)|DML_END|[20]
13:26:42.0 (169311198)|STATEMENT_EXECUTE|[22]
13:26:42.0 (169349840)|HEAP_ALLOCATE|[22]|Bytes:4
13:26:42.0 (169417982)|HEAP_ALLOCATE|[22]|Bytes:9
13:26:42.0 (169463911)|VARIABLE_ASSIGNMENT|[22]|this.Name|"Pasajero0"|0x5ef96cd4
13:26:42.0 (169511449)|VARIABLE_ASSIGNMENT|[22]|this.Reserva__c|"a001r00000oUIr1AAG"|0x5ef96cd4
13:26:42.0 (169532918)|VARIABLE_ASSIGNMENT|[22]|this.Nif__c|"12345678B"|0x5ef96cd4
13:26:42.0 (169561351)|HEAP_ALLOCATE|[22]|Bytes:28
13:26:42.0 (169586027)|VARIABLE_ASSIGNMENT|[22]|this.Edad__c|59|0x5ef96cd4
13:26:42.0 (169605823)|VARIABLE_SCOPE_BEGIN|[22]|oPasajero|Pasajero__c|true|false
13:26:42.0 (169644902)|VARIABLE_ASSIGNMENT|[22]|oPasajero|{"Name":"Pasajero0","Reserva__c":"a001r00000oUIr1AAG","Nif__c":"12345678B","Edad__c":59}|0x5ef96cd4
13:26:42.0 (169656393)|STATEMENT_EXECUTE|[26]
13:26:42.0 (169688715)|HEAP_ALLOCATE|[26]|Bytes:8
13:26:42.0 (169733432)|DML_BEGIN|[26]|Op:Insert|Type:Pasajero__c|Rows:1
13:26:42.0 (169778698)|HEAP_ALLOCATE|[EXTERNAL]|Bytes:8
13:26:42.0 (172485372)|CODE_UNIT_STARTED|[EXTERNAL]|01q1r000000j3dJ|PasajeroTrigger on Pasajero trigger event BeforeInsert
13:26:42.0 (172523831)|HEAP_ALLOCATE|[EXTERNAL]|Bytes:8
13:26:42.0 (172612421)|HEAP_ALLOCATE|[EXTERNAL]|Bytes:8
13:26:42.0 (172628143)|VARIABLE_SCOPE_BEGIN|[1]|this|PasajeroTrigger|true|false
13:26:42.0 (172677031)|VARIABLE_ASSIGNMENT|[1]|this|{}|0x398c9d35
13:26:42.0 (172729187)|HEAP_ALLOCATE|[EXTERNAL]|Bytes:8
13:26:42.0 (172802300)|VARIABLE_SCOPE_BEGIN|[1]|this|PasajeroTrigger|true|false
13:26:42.0 (172818322)|VARIABLE_ASSIGNMENT|[1]|this|{}|0x398c9d35
13:26:42.0 (172826712)|STATEMENT_EXECUTE|[1]
13:26:42.0 (172828933)|STATEMENT_EXECUTE|[4]
13:26:42.0 (173060815)|VARIABLE_ASSIGNMENT|[4]|this.listNew|[{"IsDeleted":false,"Edad__c":59,"Nif__c":"12345678B","Reserva__c":"a001r00000oUIr1AAG","Name":"Pasajero0"}]|0x398c9d35
13:26:42.0 (173076890)|STATEMENT_EXECUTE|[7]
13:26:42.0 (173082447)|STATEMENT_EXECUTE|[8]
13:26:42.0 (173084142)|STATEMENT_EXECUTE|[9]
13:26:42.0 (174357785)|HEAP_ALLOCATE|[9]|Bytes:4
13:26:42.0 (174381985)|METHOD_ENTRY|[1]|01p1r000008Zry1|PasajeroMethods.PasajeroMethods()
13:26:42.0 (174389761)|STATEMENT_EXECUTE|[1]
13:26:42.0 (174394922)|STATEMENT_EXECUTE|[1]
13:26:42.0 (174758741)|SYSTEM_MODE_ENTER|false
13:26:42.0 (174772567)|HEAP_ALLOCATE|[9]|Bytes:5
13:26:42.0 (174781167)|SYSTEM_MODE_EXIT|false
13:26:42.0 (174793620)|METHOD_EXIT|[1]|PasajeroMethods
13:26:42.0 (174820131)|METHOD_ENTRY|[9]|01p1r000008Zry1|PasajeroMethods.ValidarNif(List<Pasajero__c>)
13:26:42.0 (174848442)|VARIABLE_SCOPE_BEGIN|[32]|listNew|List<Pasajero__c>|true|false
13:26:42.0 (174965215)|VARIABLE_ASSIGNMENT|[32]|listNew|[{"IsDeleted":false,"Edad__c":59,"Nif__c":"12345678B","Reserva__c":"a001r00000oUIr1AAG","Name":"Pasajero0"}]|0xd9d3dfd
13:26:42.0 (174994227)|SYSTEM_MODE_ENTER|false
13:26:42.0 (175001516)|HEAP_ALLOCATE|[34]|Bytes:5
13:26:42.0 (175008743)|STATEMENT_EXECUTE|[32]
13:26:42.0 (175078458)|STATEMENT_EXECUTE|[34]
13:26:42.0 (175080798)|STATEMENT_EXECUTE|[37]
13:26:42.0 (175084926)|HEAP_ALLOCATE|[37]|Bytes:30
13:26:42.0 (175100431)|HEAP_ALLOCATE|[37]|Bytes:4
13:26:42.0 (175226468)|SOQL_EXECUTE_BEGIN|[37]|Aggregations:0|SELECT Nif__c FROM Pasajero__c
13:26:42.0 (176727065)|SOQL_EXECUTE_END|[37]|Rows:0
13:26:42.0 (176750425)|HEAP_ALLOCATE|[37]|Bytes:4
13:26:42.0 (176762022)|HEAP_ALLOCATE|[37]|Bytes:0
13:26:42.0 (176788287)|HEAP_ALLOCATE|[37]|Bytes:4
13:26:42.0 (176797998)|VARIABLE_SCOPE_BEGIN|[37]|listPasajero|List<Pasajero__c>|true|false
13:26:42.0 (176812612)|VARIABLE_ASSIGNMENT|[37]|listPasajero|[]|0x69b674f7
13:26:42.0 (176820165)|STATEMENT_EXECUTE|[39]
13:26:42.0 (176828905)|HEAP_ALLOCATE|[39]|Bytes:4
13:26:42.0 (176853480)|VARIABLE_SCOPE_BEGIN|[39]|listPasajeroNif|List<String>|true|false
13:26:42.0 (176872762)|HEAP_ALLOCATE|[EXTERNAL]|Bytes:4
13:26:42.0 (176882204)|VARIABLE_ASSIGNMENT|[39]|listPasajeroNif|[]|0x1b3d8460
13:26:42.0 (177010464)|HEAP_ALLOCATE|[41]|Bytes:5
13:26:42.0 (177027256)|VARIABLE_ASSIGNMENT|[41]|inPasajero|null|
13:26:42.0 (177034092)|STATEMENT_EXECUTE|[41]
13:26:42.0 (177058175)|HEAP_ALLOCATE|[46]|Bytes:5
13:26:42.0 (177073058)|HEAP_ALLOCATE|[46]|Bytes:4
13:26:42.0 (177080226)|VARIABLE_SCOPE_BEGIN|[46]|inPasajero|Pasajero__c|true|false
13:26:42.0 (177202216)|VARIABLE_ASSIGNMENT|[46]|inPasajero|{"IsDeleted":false,"Edad__c":59,"Nif__c":"12345678B","Reserva__c":"a001r00000oUIr1AAG","Name":"Pasajero0"}|0x1981bbfd
13:26:42.0 (177212008)|STATEMENT_EXECUTE|[46]
13:26:42.0 (177213993)|STATEMENT_EXECUTE|[48]
13:26:42.0 (177262415)|HEAP_ALLOCATE|[48]|Bytes:8
13:26:42.0 (177275303)|VARIABLE_SCOPE_BEGIN|[48]|numerosNif|String|false|false
13:26:42.0 (177285653)|VARIABLE_ASSIGNMENT|[48]|numerosNif|"12345678"
13:26:42.0 (177290724)|STATEMENT_EXECUTE|[50]
13:26:42.0 (177309897)|HEAP_ALLOCATE|[50]|Bytes:1
13:26:42.0 (177319547)|VARIABLE_SCOPE_BEGIN|[50]|letraNif|String|false|false
13:26:42.0 (177328290)|VARIABLE_ASSIGNMENT|[50]|letraNif|"B"
13:26:42.0 (177366344)|STATEMENT_EXECUTE|[52]
13:26:42.0 (177376025)|HEAP_ALLOCATE|[46]|Bytes:5
13:26:42.0 (177387788)|VARIABLE_ASSIGNMENT|[46]|inPasajero|null|
13:26:42.0 (177395158)|SYSTEM_MODE_EXIT|false
13:26:42.0 (177404203)|METHOD_EXIT|[9]|01p1r000008Zry1|PasajeroMethods.ValidarNif(List<Pasajero__c>)
13:26:42.0 (177410154)|STATEMENT_EXECUTE|[10]
13:26:42.0 (177426159)|METHOD_ENTRY|[10]|01p1r000008Zry1|PasajeroMethods.RellenarContacto(List<Pasajero__c>)
13:26:42.0 (177445959)|VARIABLE_SCOPE_BEGIN|[3]|listPasajeros|List<Pasajero__c>|true|false
13:26:42.0 (177541107)|VARIABLE_ASSIGNMENT|[3]|listPasajeros|[{"IsDeleted":false,"Edad__c":59,"Nif__c":"12345678B","Reserva__c":"a001r00000oUIr1AAG","Name":"Pasajero0"}]|0xd9d3dfd
13:26:42.0 (177567539)|SYSTEM_MODE_ENTER|false
13:26:42.0 (177575295)|HEAP_ALLOCATE|[5]|Bytes:5
13:26:42.0 (177580463)|STATEMENT_EXECUTE|[3]
13:26:42.0 (177602760)|STATEMENT_EXECUTE|[5]
13:26:42.0 (177604726)|STATEMENT_EXECUTE|[8]
13:26:42.0 (177613317)|HEAP_ALLOCATE|[8]|Bytes:4
13:26:42.0 (177629717)|VARIABLE_SCOPE_BEGIN|[8]|listNifs|List<String>|true|false
13:26:42.0 (177649113)|HEAP_ALLOCATE|[EXTERNAL]|Bytes:4
13:26:42.0 (177657658)|VARIABLE_ASSIGNMENT|[8]|listNifs|[]|0x34a3e77b
13:26:42.0 (177684539)|HEAP_ALLOCATE|[10]|Bytes:5
13:26:42.0 (177697489)|HEAP_ALLOCATE|[10]|Bytes:4
13:26:42.0 (177704913)|VARIABLE_SCOPE_BEGIN|[10]|inPasajero|Pasajero__c|true|false
13:26:42.0 (177801490)|VARIABLE_ASSIGNMENT|[10]|inPasajero|{"IsDeleted":false,"Edad__c":59,"Nif__c":"12345678B","Reserva__c":"a001r00000oUIr1AAG","Name":"Pasajero0"}|0x1981bbfd
13:26:42.0 (177809757)|STATEMENT_EXECUTE|[10]
13:26:42.0 (177811624)|STATEMENT_EXECUTE|[11]
13:26:42.0 (177841310)|HEAP_ALLOCATE|[EXTERNAL]|Bytes:4
13:26:42.0 (177856554)|HEAP_ALLOCATE|[10]|Bytes:5
13:26:42.0 (177867442)|VARIABLE_ASSIGNMENT|[10]|inPasajero|null|
13:26:42.0 (177872312)|STATEMENT_EXECUTE|[15]
13:26:42.0 (177875896)|HEAP_ALLOCATE|[15]|Bytes:61
13:26:42.0 (177887026)|HEAP_ALLOCATE|[15]|Bytes:4
13:26:42.0 (178066400)|SOQL_EXECUTE_BEGIN|[15]|Aggregations:0|SELECT Id, Name, Nif__c FROM Contact WHERE Nif__c IN :tmpVar1
13:26:42.0 (181355324)|SOQL_EXECUTE_END|[15]|Rows:1
13:26:42.0 (181376343)|HEAP_ALLOCATE|[15]|Bytes:8
13:26:42.0 (181390919)|HEAP_ALLOCATE|[15]|Bytes:71
13:26:42.0 (181417471)|HEAP_ALLOCATE|[15]|Bytes:8
13:26:42.0 (181427856)|VARIABLE_SCOPE_BEGIN|[15]|listContactos|List<Contact>|true|false
13:26:42.0 (181449369)|VARIABLE_ASSIGNMENT|[15]|listContactos|[{"Id":"0031r000024iU5oAAE","Name":"ContactoPrueba0","Nif__c":"12345678B"}]|0x69bf48d1
13:26:42.0 (181457760)|STATEMENT_EXECUTE|[17]
13:26:42.0 (181471394)|HEAP_ALLOCATE|[17]|Bytes:4
13:26:42.0 (181483259)|VARIABLE_SCOPE_BEGIN|[17]|mapContactos|Map<String,Contact>|true|false
13:26:42.0 (181497658)|VARIABLE_ASSIGNMENT|[17]|mapContactos|{}|0x4c852163
13:26:42.0 (181539799)|HEAP_ALLOCATE|[19]|Bytes:5
13:26:42.0 (181553774)|HEAP_ALLOCATE|[19]|Bytes:16
13:26:42.0 (181561457)|VARIABLE_SCOPE_BEGIN|[19]|inContact|Contact|true|false
13:26:42.0 (181576159)|VARIABLE_ASSIGNMENT|[19]|inContact|{"Id":"0031r000024iU5oAAE","Name":"ContactoPrueba0","Nif__c":"12345678B"}|0x2ac23977
13:26:42.0 (181583235)|STATEMENT_EXECUTE|[19]
13:26:42.0 (181585508)|STATEMENT_EXECUTE|[20]
13:26:42.0 (181621630)|HEAP_ALLOCATE|[EXTERNAL]|Bytes:-4
13:26:42.0 (181637156)|HEAP_ALLOCATE|[19]|Bytes:5
13:26:42.0 (181647833)|VARIABLE_ASSIGNMENT|[19]|inContact|null|
13:26:42.0 (181671056)|HEAP_ALLOCATE|[24]|Bytes:5
13:26:42.0 (181682577)|HEAP_ALLOCATE|[24]|Bytes:4
13:26:42.0 (181687885)|VARIABLE_SCOPE_BEGIN|[24]|inPasajero|Pasajero__c|true|false
13:26:42.0 (181788051)|VARIABLE_ASSIGNMENT|[24]|inPasajero|{"IsDeleted":false,"Edad__c":59,"Nif__c":"12345678B","Reserva__c":"a001r00000oUIr1AAG","Name":"Pasajero0"}|0x1981bbfd
13:26:42.0 (181796404)|STATEMENT_EXECUTE|[24]
13:26:42.0 (181828332)|STATEMENT_EXECUTE|[25]
13:26:42.0 (181830497)|STATEMENT_EXECUTE|[26]
13:26:42.0 (181988248)|VARIABLE_ASSIGNMENT|[26]|this.Contacto__c|"0031r000024iU5oAAE"|0x1981bbfd
13:26:42.0 (182007028)|HEAP_ALLOCATE|[24]|Bytes:5
13:26:42.0 (182021003)|VARIABLE_ASSIGNMENT|[24]|inPasajero|null|
13:26:42.0 (182027866)|SYSTEM_MODE_EXIT|false
13:26:42.0 (182036864)|METHOD_EXIT|[10]|01p1r000008Zry1|PasajeroMethods.RellenarContacto(List<Pasajero__c>)
13:26:42.182 (182050516)|CUMULATIVE_LIMIT_USAGE
13:26:42.182 (182050516)|LIMIT_USAGE_FOR_NS|(default)|
  Number of SOQL queries: 4 out of 100
  Number of query rows: 2 out of 50000
  Number of SOSL queries: 0 out of 20
  Number of DML statements: 4 out of 150
  Number of DML rows: 4 out of 10000
  Maximum CPU time: 0 out of 10000
  Maximum heap size: 0 out of 6000000
  Number of callouts: 0 out of 100
  Number of Email Invocations: 0 out of 10
  Number of future calls: 0 out of 50
  Number of queueable jobs added to the queue: 0 out of 50
  Number of Mobile Apex push calls: 0 out of 10

13:26:42.182 (182050516)|CUMULATIVE_LIMIT_USAGE_END

13:26:42.0 (183181370)|CODE_UNIT_FINISHED|PasajeroTrigger on Pasajero trigger event BeforeInsert
13:26:42.0 (198738681)|DML_END|[26]
13:26:42.0 (198784738)|STATEMENT_EXECUTE|[28]
13:26:42.0 (198972762)|EXCEPTION_THROWN|[28]|System.AssertException: Assertion Failed: Expected: null, Actual: 0031r000024iU5oAAE
13:26:42.0 (199184027)|HEAP_ALLOCATE|[28]|Bytes:64
13:26:42.0 (199293515)|FATAL_ERROR|System.AssertException: Assertion Failed: Expected: null, Actual: 0031r000024iU5oAAE

Class.PasajeroTest.RellenarContactoTest: line 28, column 1
13:26:42.0 (199310536)|FATAL_ERROR|System.AssertException: Assertion Failed: Expected: null, Actual: 0031r000024iU5oAAE

Class.PasajeroTest.RellenarContactoTest: line 28, column 1
13:26:42.199 (199322957)|CUMULATIVE_LIMIT_USAGE
13:26:42.199 (199322957)|LIMIT_USAGE_FOR_NS|(default)|
  Number of SOQL queries: 4 out of 100
  Number of query rows: 2 out of 50000
  Number of SOSL queries: 0 out of 20
  Number of DML statements: 4 out of 150
  Number of DML rows: 4 out of 10000
  Maximum CPU time: 0 out of 10000
  Maximum heap size: 0 out of 6000000
  Number of callouts: 0 out of 100
  Number of Email Invocations: 0 out of 10
  Number of future calls: 0 out of 50
  Number of queueable jobs added to the queue: 0 out of 50
  Number of Mobile Apex push calls: 0 out of 10

13:26:42.199 (199322957)|CUMULATIVE_LIMIT_USAGE_END

13:26:42.0 (199382630)|CODE_UNIT_FINISHED|PasajeroTest.RellenarContactoTest
13:26:42.0 (200297973)|EXECUTION_FINISHED
13:26:42.226 (226167805)|USER_INFO|[EXTERNAL]|0051r000007Oz5Q|lydia.abril@gmail.com|hora estándar de Europa central|GMT+02:00
13:26:42.226 (226191640)|EXECUTION_STARTED
13:26:42.226 (226195893)|CODE_UNIT_STARTED|[EXTERNAL]|01p1r000008aN28|PasajeroTest.ValidarNifTest
13:26:42.226 (226330381)|HEAP_ALLOCATE|[72]|Bytes:3
13:26:42.226 (226362754)|HEAP_ALLOCATE|[77]|Bytes:152
13:26:42.226 (226376933)|HEAP_ALLOCATE|[342]|Bytes:408
13:26:42.226 (226392130)|HEAP_ALLOCATE|[355]|Bytes:408
13:26:42.226 (226405525)|HEAP_ALLOCATE|[467]|Bytes:48
13:26:42.226 (226431008)|HEAP_ALLOCATE|[139]|Bytes:6
13:26:42.226 (226444483)|HEAP_ALLOCATE|[EXTERNAL]|Bytes:134
13:26:42.226 (226457363)|METHOD_ENTRY|[2]|01p1r000008aN28|PasajeroTest.PasajeroTest()
13:26:42.226 (226465404)|STATEMENT_EXECUTE|[2]
13:26:42.226 (226471327)|STATEMENT_EXECUTE|[2]
13:26:42.226 (226477009)|METHOD_EXIT|[2]|PasajeroTest
13:26:42.226 (226656855)|HEAP_ALLOCATE|[50]|Bytes:5
13:26:42.226 (226677492)|HEAP_ALLOCATE|[56]|Bytes:5
13:26:42.226 (226686114)|HEAP_ALLOCATE|[64]|Bytes:7
13:26:42.226 (226720206)|STATEMENT_EXECUTE|[33]
13:26:42.226 (226722660)|STATEMENT_EXECUTE|[35]
13:26:42.226 (226751032)|HEAP_ALLOCATE|[35]|Bytes:4
13:26:42.226 (226763841)|HEAP_ALLOCATE|[35]|Bytes:13
13:26:42.226 (226813482)|VARIABLE_ASSIGNMENT|[35]|this.Name|"CuentaPrueba0"|0x9818782
13:26:42.226 (226842574)|VARIABLE_SCOPE_BEGIN|[35]|oAccount|Account|true|false
13:26:42.226 (226864463)|VARIABLE_ASSIGNMENT|[35]|oAccount|{"Name":"CuentaPrueba0"}|0x9818782
13:26:42.226 (226871152)|STATEMENT_EXECUTE|[36]
13:26:42.226 (226892088)|HEAP_ALLOCATE|[36]|Bytes:8
13:26:42.226 (227004304)|DML_BEGIN|[36]|Op:Insert|Type:Account|Rows:1
13:26:42.226 (227043036)|HEAP_ALLOCATE|[EXTERNAL]|Bytes:8
13:26:42.226 (229107011)|CODE_UNIT_STARTED|[EXTERNAL]|DuplicateDetector
13:26:42.226 (229122930)|DUPLICATE_DETECTION_BEGIN
13:26:42.226 (229168872)|DUPLICATE_DETECTION_RULE_INVOCATION|DuplicateRuleId:0Bm1r0000018X88|DuplicateRuleName:Standard Account Duplicate Rule|DmlType:INSERT
13:26:42.226 (240042873)|DUPLICATE_DETECTION_MATCH_INVOCATION_DETAILS|EntityType:Account|ActionTaken:Allow_[Alert,Report]|DuplicateRecordIds:
13:26:42.226 (240067465)|DUPLICATE_DETECTION_MATCH_INVOCATION_SUMMARY|EntityType:Account|NumRecordsToBeSaved:1|NumRecordsToBeSavedWithDuplicates:0|NumDuplicateRecordsFound:0
13:26:42.226 (240187739)|DUPLICATE_DETECTION_END
13:26:42.226 (240193828)|CODE_UNIT_FINISHED|DuplicateDetector
13:26:42.226 (254239606)|DML_END|[36]
13:26:42.226 (254268205)|STATEMENT_EXECUTE|[38]
13:26:42.226 (254297027)|HEAP_ALLOCATE|[38]|Bytes:4
13:26:42.226 (254318417)|HEAP_ALLOCATE|[38]|Bytes:15
13:26:42.226 (254360541)|VARIABLE_ASSIGNMENT|[38]|this.LastName|"ContactoPrueba0"|0x341bc26
13:26:42.226 (254368529)|HEAP_ALLOCATE|[38]|Bytes:9
13:26:42.226 (254385140)|VARIABLE_ASSIGNMENT|[38]|this.Nif__c|"12345678B"|0x341bc26
13:26:42.226 (254409155)|VARIABLE_ASSIGNMENT|[38]|this.AccountId|"0011r00001mxdZyAAI"|0x341bc26
13:26:42.226 (254432780)|VARIABLE_SCOPE_BEGIN|[38]|oContact|Contact|true|false
13:26:42.226 (254455550)|VARIABLE_ASSIGNMENT|[38]|oContact|{"LastName":"ContactoPrueba0","Nif__c":"12345678B","AccountId":"0011r00001mxdZyAAI"}|0x341bc26
13:26:42.226 (254463522)|STATEMENT_EXECUTE|[39]
13:26:42.226 (254484465)|HEAP_ALLOCATE|[39]|Bytes:8
13:26:42.226 (254496752)|DML_BEGIN|[39]|Op:Insert|Type:Contact|Rows:1
13:26:42.226 (254529771)|HEAP_ALLOCATE|[EXTERNAL]|Bytes:8
13:26:42.226 (257617204)|CODE_UNIT_STARTED|[EXTERNAL]|01q1r000000j4Bx|ContactTrigger on Contact trigger event BeforeInsert
13:26:42.226 (257654231)|HEAP_ALLOCATE|[EXTERNAL]|Bytes:8
13:26:42.226 (257707013)|HEAP_ALLOCATE|[EXTERNAL]|Bytes:8
13:26:42.226 (257716467)|VARIABLE_SCOPE_BEGIN|[1]|this|ContactTrigger|true|false
13:26:42.226 (257745562)|VARIABLE_ASSIGNMENT|[1]|this|{}|0x4b8841b7
13:26:42.226 (257777581)|HEAP_ALLOCATE|[EXTERNAL]|Bytes:8
13:26:42.226 (257784456)|VARIABLE_SCOPE_BEGIN|[1]|this|ContactTrigger|true|false
13:26:42.226 (257796610)|VARIABLE_ASSIGNMENT|[1]|this|{}|0x4b8841b7
13:26:42.226 (257804772)|STATEMENT_EXECUTE|[1]
13:26:42.226 (257806911)|STATEMENT_EXECUTE|[3]
13:26:42.226 (258164508)|VARIABLE_ASSIGNMENT|[3]|this.listNew|[{"IsDeleted":false,"AccountId":"0011r00001mxdZyAAI","IsEmailBounced":false,"CleanStatus":"Pending","DoNotCall":false,"OwnerId":"0051r000007Oz5QAAS","HasOptedOutOfEmail":false,"HasOptedOutOfFax":false,"Nif__c":"12345678B","LastName":"ContactoPrueba0"}]|0x4b8841b7
13:26:42.226 (258186990)|STATEMENT_EXECUTE|[5]
13:26:42.226 (258193783)|STATEMENT_EXECUTE|[6]
13:26:42.226 (258195505)|STATEMENT_EXECUTE|[7]
13:26:42.226 (258209155)|HEAP_ALLOCATE|[7]|Bytes:1
13:26:42.226 (258225186)|METHOD_ENTRY|[1]|01p1r000008aKc5|ContactMethods.ContactMethods()
13:26:42.226 (258232018)|STATEMENT_EXECUTE|[1]
13:26:42.226 (258235648)|STATEMENT_EXECUTE|[1]
13:26:42.226 (258604741)|SYSTEM_MODE_ENTER|false
13:26:42.226 (258620122)|HEAP_ALLOCATE|[7]|Bytes:5
13:26:42.226 (258628684)|SYSTEM_MODE_EXIT|false
13:26:42.226 (258641458)|METHOD_EXIT|[1]|ContactMethods
13:26:42.226 (258670305)|METHOD_ENTRY|[7]|01p1r000008aKc5|ContactMethods.ValidarNif(List<Contact>)
13:26:42.226 (258679996)|VARIABLE_SCOPE_BEGIN|[3]|listNew|List<Contact>|true|false
13:26:42.226 (258913051)|VARIABLE_ASSIGNMENT|[3]|listNew|[{"IsDeleted":false,"AccountId":"0011r00001mxdZyAAI","IsEmailBounced":false,"CleanStatus":"Pending","DoNotCall":false,"OwnerId":"0051r000007Oz5QAAS","HasOptedOutOfEmail":false,"HasOptedOutOfFax":false,"Nif__c":"12345678B","LastName":"ContactoPrueba0"}]|0x533530da
13:26:42.226 (258954948)|SYSTEM_MODE_ENTER|false
13:26:42.226 (258963241)|HEAP_ALLOCATE|[5]|Bytes:5
13:26:42.226 (258968800)|STATEMENT_EXECUTE|[3]
13:26:42.226 (258988550)|STATEMENT_EXECUTE|[5]
13:26:42.226 (258990401)|STATEMENT_EXECUTE|[8]
13:26:42.226 (258993874)|HEAP_ALLOCATE|[8]|Bytes:26
13:26:42.226 (259012097)|HEAP_ALLOCATE|[8]|Bytes:4
13:26:42.226 (259114114)|SOQL_EXECUTE_BEGIN|[8]|Aggregations:0|SELECT Nif__c FROM Contact
13:26:42.226 (261177435)|SOQL_EXECUTE_END|[8]|Rows:0
13:26:42.226 (261200979)|HEAP_ALLOCATE|[8]|Bytes:4
13:26:42.226 (261212286)|HEAP_ALLOCATE|[8]|Bytes:0
13:26:42.226 (261238799)|HEAP_ALLOCATE|[8]|Bytes:4
13:26:42.226 (261249184)|VARIABLE_SCOPE_BEGIN|[8]|listContact|List<Contact>|true|false
13:26:42.226 (261268244)|VARIABLE_ASSIGNMENT|[8]|listContact|[]|0x4e19cd4e
13:26:42.226 (261276470)|STATEMENT_EXECUTE|[10]
13:26:42.226 (261286870)|HEAP_ALLOCATE|[10]|Bytes:4
13:26:42.226 (261306833)|VARIABLE_SCOPE_BEGIN|[10]|listContactNif|List<String>|true|false
13:26:42.226 (261328712)|HEAP_ALLOCATE|[EXTERNAL]|Bytes:4
13:26:42.226 (261339035)|VARIABLE_ASSIGNMENT|[10]|listContactNif|[]|0x294b87fe
13:26:42.226 (261394729)|HEAP_ALLOCATE|[12]|Bytes:5
13:26:42.226 (261416101)|VARIABLE_ASSIGNMENT|[12]|inContact|null|
13:26:42.226 (261426064)|STATEMENT_EXECUTE|[12]
13:26:42.226 (261457076)|HEAP_ALLOCATE|[17]|Bytes:5
13:26:42.226 (261480777)|HEAP_ALLOCATE|[17]|Bytes:4
13:26:42.226 (261492953)|VARIABLE_SCOPE_BEGIN|[17]|inContact|Contact|true|false
13:26:42.226 (261780302)|VARIABLE_ASSIGNMENT|[17]|inContact|{"IsDeleted":false,"AccountId":"0011r00001mxdZyAAI","IsEmailBounced":false,"CleanStatus":"Pending","DoNotCall":false,"OwnerId":"0051r000007Oz5QAAS","HasOptedOutOfEmail":false,"HasOptedOutOfFax":false,"Nif__c":"12345678B","LastName":"ContactoPrueba0"}|0x72e2c394
13:26:42.226 (261792946)|STATEMENT_EXECUTE|[17]
13:26:42.226 (261795049)|STATEMENT_EXECUTE|[19]
13:26:42.226 (261830793)|HEAP_ALLOCATE|[19]|Bytes:8
13:26:42.226 (261843300)|VARIABLE_SCOPE_BEGIN|[19]|numerosNif|String|false|false
13:26:42.226 (261853529)|VARIABLE_ASSIGNMENT|[19]|numerosNif|"12345678"
13:26:42.226 (261858322)|STATEMENT_EXECUTE|[21]
13:26:42.226 (261871352)|HEAP_ALLOCATE|[21]|Bytes:1
13:26:42.226 (261880750)|VARIABLE_SCOPE_BEGIN|[21]|letraNif|String|false|false
13:26:42.226 (261889737)|VARIABLE_ASSIGNMENT|[21]|letraNif|"B"
13:26:42.226 (261949269)|STATEMENT_EXECUTE|[23]
13:26:42.226 (261959582)|HEAP_ALLOCATE|[17]|Bytes:5
13:26:42.226 (261971668)|VARIABLE_ASSIGNMENT|[17]|inContact|null|
13:26:42.226 (261979277)|SYSTEM_MODE_EXIT|false
13:26:42.226 (261989017)|METHOD_EXIT|[7]|01p1r000008aKc5|ContactMethods.ValidarNif(List<Contact>)
13:26:42.262 (262001052)|CUMULATIVE_LIMIT_USAGE
13:26:42.262 (262001052)|LIMIT_USAGE_FOR_NS|(default)|
  Number of SOQL queries: 1 out of 100
  Number of query rows: 0 out of 50000
  Number of SOSL queries: 0 out of 20
  Number of DML statements: 2 out of 150
  Number of DML rows: 2 out of 10000
  Maximum CPU time: 0 out of 10000
  Maximum heap size: 0 out of 6000000
  Number of callouts: 0 out of 100
  Number of Email Invocations: 0 out of 10
  Number of future calls: 0 out of 50
  Number of queueable jobs added to the queue: 0 out of 50
  Number of Mobile Apex push calls: 0 out of 10

13:26:42.262 (262001052)|CUMULATIVE_LIMIT_USAGE_END

13:26:42.226 (263108958)|CODE_UNIT_FINISHED|ContactTrigger on Contact trigger event BeforeInsert
13:26:42.226 (265273464)|CODE_UNIT_STARTED|[EXTERNAL]|DuplicateDetector
13:26:42.226 (265289156)|DUPLICATE_DETECTION_BEGIN
13:26:42.226 (265367650)|DUPLICATE_DETECTION_RULE_INVOCATION|DuplicateRuleId:0Bm1r0000018X89|DuplicateRuleName:Standard Contact Duplicate Rule|DmlType:INSERT
13:26:42.226 (284462192)|DUPLICATE_DETECTION_MATCH_INVOCATION_DETAILS|EntityType:Contact|ActionTaken:Allow_[Alert,Report]|DuplicateRecordIds:
13:26:42.226 (284486850)|DUPLICATE_DETECTION_MATCH_INVOCATION_SUMMARY|EntityType:Contact|NumRecordsToBeSaved:1|NumRecordsToBeSavedWithDuplicates:0|NumDuplicateRecordsFound:0
13:26:42.226 (284499757)|DUPLICATE_DETECTION_MATCH_INVOCATION_DETAILS|EntityType:Contact|ActionTaken:Allow_[Alert,Report]|DuplicateRecordIds:
13:26:42.226 (284506647)|DUPLICATE_DETECTION_MATCH_INVOCATION_SUMMARY|EntityType:Contact|NumRecordsToBeSaved:1|NumRecordsToBeSavedWithDuplicates:0|NumDuplicateRecordsFound:0
13:26:42.226 (284632897)|DUPLICATE_DETECTION_END
13:26:42.226 (284638794)|CODE_UNIT_FINISHED|DuplicateDetector
13:26:42.226 (301697396)|DML_END|[39]
13:26:42.226 (301722402)|STATEMENT_EXECUTE|[41]
13:26:42.226 (301753103)|HEAP_ALLOCATE|[41]|Bytes:4
13:26:42.226 (301774567)|HEAP_ALLOCATE|[41]|Bytes:14
13:26:42.226 (301815776)|VARIABLE_ASSIGNMENT|[41]|this.Name|"ReservaPrueba0"|0x4c2e15d6
13:26:42.226 (301824042)|HEAP_ALLOCATE|[42]|Bytes:6
13:26:42.226 (301842517)|VARIABLE_ASSIGNMENT|[41]|this.Origen__c|"Madrid"|0x4c2e15d6
13:26:42.226 (301849651)|HEAP_ALLOCATE|[43]|Bytes:4
13:26:42.226 (301863063)|VARIABLE_ASSIGNMENT|[41]|this.Destino__c|"Roma"|0x4c2e15d6
13:26:42.226 (301869241)|HEAP_ALLOCATE|[44]|Bytes:7
13:26:42.226 (301881591)|VARIABLE_ASSIGNMENT|[41]|this.Case__c|"Turista"|0x4c2e15d6
13:26:42.226 (301905786)|VARIABLE_ASSIGNMENT|[41]|this.Contacto__c|"0031r000024iU5pAAE"|0x4c2e15d6
13:26:42.226 (301960517)|HEAP_ALLOCATE|[46]|Bytes:4
13:26:42.226 (302009522)|HEAP_ALLOCATE|[46]|Bytes:56
13:26:42.226 (302054633)|VARIABLE_ASSIGNMENT|[41]|this.Fecha_Salida__c|"2019-01-10T23:00:00.000Z"|0x4c2e15d6
13:26:42.226 (302062157)|HEAP_ALLOCATE|[47]|Bytes:4
13:26:42.226 (302077156)|VARIABLE_ASSIGNMENT|[41]|this.Observaciones__c|"Nada"|0x4c2e15d6
13:26:42.226 (302105321)|VARIABLE_SCOPE_BEGIN|[41]|oReserva|Reserva_Vuelo__c|true|false
13:26:42.226 (302133655)|VARIABLE_ASSIGNMENT|[41]|oReserva|{"Name":"ReservaPrueba0","Origen__c":"Madrid","Destino__c":"Roma","Case__c":"Turista","Contacto__c":"0031r000024iU5pAAE","Fecha_Salida__c":"2019-01-10T23:00:00.000Z","Observaciones__c":"Nada"}|0x4c2e15d6
13:26:42.226 (302142592)|STATEMENT_EXECUTE|[49]
13:26:42.226 (302160404)|HEAP_ALLOCATE|[49]|Bytes:8
13:26:42.226 (302172398)|DML_BEGIN|[49]|Op:Insert|Type:Reserva_Vuelo__c|Rows:1
13:26:42.226 (302205853)|HEAP_ALLOCATE|[EXTERNAL]|Bytes:8
13:26:42.226 (305293970)|CODE_UNIT_STARTED|[EXTERNAL]|01q1r000000isRT|ReservaVueloTrigger on Reserva_Vuelo trigger event BeforeInsert
13:26:42.226 (305331081)|HEAP_ALLOCATE|[EXTERNAL]|Bytes:8
13:26:42.226 (305377843)|HEAP_ALLOCATE|[EXTERNAL]|Bytes:12
13:26:42.226 (305386769)|VARIABLE_SCOPE_BEGIN|[1]|this|ReservaVueloTrigger|true|false
13:26:42.226 (305413995)|VARIABLE_ASSIGNMENT|[1]|this|{}|0x6d8f808e
13:26:42.226 (305445172)|HEAP_ALLOCATE|[EXTERNAL]|Bytes:12
13:26:42.226 (305451821)|VARIABLE_SCOPE_BEGIN|[1]|this|ReservaVueloTrigger|true|false
13:26:42.226 (305464538)|VARIABLE_ASSIGNMENT|[1]|this|{}|0x6d8f808e
13:26:42.226 (305472367)|STATEMENT_EXECUTE|[1]
13:26:42.226 (305474572)|STATEMENT_EXECUTE|[4]
13:26:42.226 (305676894)|VARIABLE_ASSIGNMENT|[4]|this.listNew|[{"Contacto__c":"0031r000024iU5pAAE","Origen__c":"Madrid","Destino__c":"Roma","IsDeleted":false,"Fecha_Salida__c":"2019-01-10T23:00:00.000Z","OwnerId":"0051r000007Oz5QAAS","Observaciones__c":"Nada","Case__c":"Turista","Modificado__c":false,"Name":"ReservaPrueba0"}]|0x6d8f808e
13:26:42.226 (305688864)|STATEMENT_EXECUTE|[7]
13:26:42.226 (305705158)|VARIABLE_ASSIGNMENT|[7]|this.mapOld|null|0x6d8f808e
13:26:42.226 (305715084)|STATEMENT_EXECUTE|[10]
13:26:42.226 (305720004)|STATEMENT_EXECUTE|[11]
13:26:42.226 (305721696)|STATEMENT_EXECUTE|[12]
13:26:42.226 (305736258)|HEAP_ALLOCATE|[12]|Bytes:4
13:26:42.226 (305752599)|METHOD_ENTRY|[1]|01p1r000007Yidp|ReservaVueloMethods.ReservaVueloMethods()
13:26:42.226 (305759164)|STATEMENT_EXECUTE|[1]
13:26:42.226 (305762312)|STATEMENT_EXECUTE|[1]
13:26:42.226 (306113862)|SYSTEM_MODE_ENTER|false
13:26:42.226 (306126534)|HEAP_ALLOCATE|[12]|Bytes:5
13:26:42.226 (306134816)|SYSTEM_MODE_EXIT|false
13:26:42.226 (306147187)|METHOD_EXIT|[1]|ReservaVueloMethods
13:26:42.226 (306160512)|METHOD_ENTRY|[12]|01p1r000007Yidp|ReservaVueloMethods.RellenarCuenta(List<Reserva_Vuelo__c>)
13:26:42.226 (306169351)|VARIABLE_SCOPE_BEGIN|[4]|listReservas|List<Reserva_Vuelo__c>|true|false
13:26:42.226 (306275982)|VARIABLE_ASSIGNMENT|[4]|listReservas|[{"Contacto__c":"0031r000024iU5pAAE","Origen__c":"Madrid","Destino__c":"Roma","IsDeleted":false,"Fecha_Salida__c":"2019-01-10T23:00:00.000Z","OwnerId":"0051r000007Oz5QAAS","Observaciones__c":"Nada","Case__c":"Turista","Modificado__c":false,"Name":"ReservaPrueba0"}]|0x6305c9b9
13:26:42.226 (306307144)|SYSTEM_MODE_ENTER|false
13:26:42.226 (306314630)|HEAP_ALLOCATE|[6]|Bytes:5
13:26:42.226 (306320181)|STATEMENT_EXECUTE|[4]
13:26:42.226 (306339792)|STATEMENT_EXECUTE|[6]
13:26:42.226 (306341738)|STATEMENT_EXECUTE|[9]
13:26:42.226 (306357280)|HEAP_ALLOCATE|[9]|Bytes:4
13:26:42.226 (306377488)|VARIABLE_SCOPE_BEGIN|[9]|listContactosIds|Set<String>|true|false
13:26:42.226 (306403661)|VARIABLE_ASSIGNMENT|[9]|listContactosIds|[]|0x3253fb46
13:26:42.226 (306432865)|HEAP_ALLOCATE|[10]|Bytes:5
13:26:42.226 (306450567)|HEAP_ALLOCATE|[10]|Bytes:4
13:26:42.226 (306458673)|VARIABLE_SCOPE_BEGIN|[10]|inReserva|Reserva_Vuelo__c|true|false
13:26:42.226 (306554120)|VARIABLE_ASSIGNMENT|[10]|inReserva|{"Contacto__c":"0031r000024iU5pAAE","Origen__c":"Madrid","Destino__c":"Roma","IsDeleted":false,"Fecha_Salida__c":"2019-01-10T23:00:00.000Z","OwnerId":"0051r000007Oz5QAAS","Observaciones__c":"Nada","Case__c":"Turista","Modificado__c":false,"Name":"ReservaPrueba0"}|0x57f3d54a
13:26:42.226 (306564154)|STATEMENT_EXECUTE|[10]
13:26:42.226 (306566297)|STATEMENT_EXECUTE|[11]
13:26:42.226 (306601742)|HEAP_ALLOCATE|[EXTERNAL]|Bytes:4
13:26:42.226 (306618120)|HEAP_ALLOCATE|[10]|Bytes:5
13:26:42.226 (306629915)|VARIABLE_ASSIGNMENT|[10]|inReserva|null|
13:26:42.226 (306635544)|STATEMENT_EXECUTE|[23]
13:26:42.226 (306657678)|HEAP_ALLOCATE|[23]|Bytes:4
13:26:42.226 (306664204)|HEAP_ALLOCATE|[23]|Bytes:49
13:26:42.226 (306672313)|HEAP_ALLOCATE|[23]|Bytes:4
13:26:42.226 (306679468)|HEAP_ALLOCATE|[23]|Bytes:7
13:26:42.226 (306708615)|HEAP_ALLOCATE|[23]|Bytes:8
13:26:42.226 (306717319)|HEAP_ALLOCATE|[23]|Bytes:8
13:26:42.226 (306865995)|SOQL_EXECUTE_BEGIN|[23]|Aggregations:0|SELECT AccountId FROM Contact WHERE id = :tmpVar1
13:26:42.226 (309817804)|SOQL_EXECUTE_END|[23]|Rows:1
13:26:42.226 (309840347)|HEAP_ALLOCATE|[23]|Bytes:8
13:26:42.226 (309855678)|HEAP_ALLOCATE|[23]|Bytes:60
13:26:42.226 (309883634)|HEAP_ALLOCATE|[23]|Bytes:8
13:26:42.226 (309903038)|HEAP_ALLOCATE|[23]|Bytes:12
13:26:42.226 (309912316)|HEAP_ALLOCATE|[23]|Bytes:18
13:26:42.226 (309920234)|VARIABLE_SCOPE_BEGIN|[23]|contactos|Map<String,Contact>|true|false
13:26:42.226 (309952602)|VARIABLE_ASSIGNMENT|[23]|contactos|{"0031r000024iU5pAAE":{"AccountId":"0011r00001mxdZyAAI","Id":"0031r000024iU5pAAE"}}|0x25699a00
13:26:42.226 (309983748)|HEAP_ALLOCATE|[26]|Bytes:5
13:26:42.226 (309998927)|HEAP_ALLOCATE|[26]|Bytes:4
13:26:42.226 (310006877)|VARIABLE_SCOPE_BEGIN|[26]|inReserva|Reserva_Vuelo__c|true|false
13:26:42.226 (310116541)|VARIABLE_ASSIGNMENT|[26]|inReserva|{"Contacto__c":"0031r000024iU5pAAE","Origen__c":"Madrid","Destino__c":"Roma","IsDeleted":false,"Fecha_Salida__c":"2019-01-10T23:00:00.000Z","OwnerId":"0051r000007Oz5QAAS","Observaciones__c":"Nada","Case__c":"Turista","Modificado__c":false,"Name":"ReservaPrueba0"}|0x57f3d54a
13:26:42.226 (310129275)|STATEMENT_EXECUTE|[26]
13:26:42.226 (310131547)|STATEMENT_EXECUTE|[27]
13:26:42.226 (310267250)|VARIABLE_ASSIGNMENT|[27]|this.Cuenta__c|"0011r00001mxdZyAAI"|0x57f3d54a
13:26:42.226 (310286100)|HEAP_ALLOCATE|[26]|Bytes:5
13:26:42.226 (310299526)|VARIABLE_ASSIGNMENT|[26]|inReserva|null|
13:26:42.226 (310306638)|SYSTEM_MODE_EXIT|false
13:26:42.226 (310316609)|METHOD_EXIT|[12]|01p1r000007Yidp|ReservaVueloMethods.RellenarCuenta(List<Reserva_Vuelo__c>)
13:26:42.226 (310332141)|STATEMENT_EXECUTE|[14]
13:26:42.310 (310339823)|CUMULATIVE_LIMIT_USAGE
13:26:42.310 (310339823)|LIMIT_USAGE_FOR_NS|(default)|
  Number of SOQL queries: 2 out of 100
  Number of query rows: 1 out of 50000
  Number of SOSL queries: 0 out of 20
  Number of DML statements: 3 out of 150
  Number of DML rows: 3 out of 10000
  Maximum CPU time: 0 out of 10000
  Maximum heap size: 0 out of 6000000
  Number of callouts: 0 out of 100
  Number of Email Invocations: 0 out of 10
  Number of future calls: 0 out of 50
  Number of queueable jobs added to the queue: 0 out of 50
  Number of Mobile Apex push calls: 0 out of 10

13:26:42.310 (310339823)|CUMULATIVE_LIMIT_USAGE_END

13:26:42.226 (311452822)|CODE_UNIT_FINISHED|ReservaVueloTrigger on Reserva_Vuelo trigger event BeforeInsert
13:26:42.226 (313835434)|CODE_UNIT_STARTED|[EXTERNAL]|Validation:Reserva_Vuelo:new
13:26:42.226 (313847882)|VALIDATION_RULE|03d1r0000006A1e|DiferentesCampos
13:26:42.226 (314002291)|VALIDATION_FORMULA|TEXT(Origen__c)  =  TEXT(Destino__c)|Destino__c=Roma , Origen__c=Madrid
13:26:42.226 (314011525)|VALIDATION_PASS
13:26:42.226 (314014366)|VALIDATION_RULE|03d1r0000006A1Z|Fecha_de_salida
13:26:42.226 (314092248)|VALIDATION_FORMULA|Fecha_Salida__c  <   NOW()|Fecha_Salida__c=2019-01-10 23:00:00
13:26:42.226 (314099778)|VALIDATION_PASS
13:26:42.226 (314132133)|CODE_UNIT_FINISHED|Validation:Reserva_Vuelo:new
13:26:42.226 (325497416)|DML_END|[49]
13:26:42.226 (325516358)|STATEMENT_EXECUTE|[51]
13:26:42.226 (325519255)|STATEMENT_EXECUTE|[51]
13:26:42.226 (325521009)|STATEMENT_EXECUTE|[53]
13:26:42.226 (325545712)|HEAP_ALLOCATE|[53]|Bytes:4
13:26:42.226 (325564546)|HEAP_ALLOCATE|[53]|Bytes:9
13:26:42.226 (325598506)|VARIABLE_ASSIGNMENT|[53]|this.Name|"Pasajero0"|0x4cc37395
13:26:42.226 (325627906)|VARIABLE_ASSIGNMENT|[53]|this.Reserva__c|"a001r00000oUIr2AAG"|0x4cc37395
13:26:42.226 (325635738)|HEAP_ALLOCATE|[55]|Bytes:9
13:26:42.226 (325649648)|VARIABLE_ASSIGNMENT|[53]|this.Nif__c|"123456781"|0x4cc37395
13:26:42.226 (325680854)|HEAP_ALLOCATE|[53]|Bytes:28
13:26:42.226 (325699986)|VARIABLE_ASSIGNMENT|[53]|this.Edad__c|59|0x4cc37395
13:26:42.226 (325726423)|VARIABLE_SCOPE_BEGIN|[53]|oPasajero|Pasajero__c|true|false
13:26:42.226 (325743729)|VARIABLE_ASSIGNMENT|[53]|oPasajero|{"Name":"Pasajero0","Reserva__c":"a001r00000oUIr2AAG","Nif__c":"123456781","Edad__c":59}|0x4cc37395
13:26:42.226 (325751162)|STATEMENT_EXECUTE|[57]
13:26:42.226 (325768906)|HEAP_ALLOCATE|[57]|Bytes:8
13:26:42.226 (325779683)|DML_BEGIN|[57]|Op:Insert|Type:Pasajero__c|Rows:1
13:26:42.226 (325806636)|HEAP_ALLOCATE|[EXTERNAL]|Bytes:8
13:26:42.226 (328160065)|CODE_UNIT_STARTED|[EXTERNAL]|01q1r000000j3dJ|PasajeroTrigger on Pasajero trigger event BeforeInsert
13:26:42.226 (328194533)|HEAP_ALLOCATE|[EXTERNAL]|Bytes:8
13:26:42.226 (328234926)|HEAP_ALLOCATE|[EXTERNAL]|Bytes:8
13:26:42.226 (328242171)|VARIABLE_SCOPE_BEGIN|[1]|this|PasajeroTrigger|true|false
13:26:42.226 (328264301)|VARIABLE_ASSIGNMENT|[1]|this|{}|0x55a29a00
13:26:42.226 (328294538)|HEAP_ALLOCATE|[EXTERNAL]|Bytes:8
13:26:42.226 (328300843)|VARIABLE_SCOPE_BEGIN|[1]|this|PasajeroTrigger|true|false
13:26:42.226 (328312992)|VARIABLE_ASSIGNMENT|[1]|this|{}|0x55a29a00
13:26:42.226 (328321000)|STATEMENT_EXECUTE|[1]
13:26:42.226 (328323176)|STATEMENT_EXECUTE|[4]
13:26:42.226 (328482911)|VARIABLE_ASSIGNMENT|[4]|this.listNew|[{"IsDeleted":false,"Edad__c":59,"Nif__c":"123456781","Reserva__c":"a001r00000oUIr2AAG","Name":"Pasajero0"}]|0x55a29a00
13:26:42.226 (328497559)|STATEMENT_EXECUTE|[7]
13:26:42.226 (328504334)|STATEMENT_EXECUTE|[8]
13:26:42.226 (328506064)|STATEMENT_EXECUTE|[9]
13:26:42.226 (328520946)|HEAP_ALLOCATE|[9]|Bytes:4
13:26:42.226 (328534851)|METHOD_ENTRY|[1]|01p1r000008Zry1|PasajeroMethods.PasajeroMethods()
13:26:42.226 (328541148)|STATEMENT_EXECUTE|[1]
13:26:42.226 (328544536)|STATEMENT_EXECUTE|[1]
13:26:42.226 (328894371)|SYSTEM_MODE_ENTER|false
13:26:42.226 (328905703)|HEAP_ALLOCATE|[9]|Bytes:5
13:26:42.226 (328912953)|SYSTEM_MODE_EXIT|false
13:26:42.226 (328926036)|METHOD_EXIT|[1]|PasajeroMethods
13:26:42.226 (328944215)|METHOD_ENTRY|[9]|01p1r000008Zry1|PasajeroMethods.ValidarNif(List<Pasajero__c>)
13:26:42.226 (328952523)|VARIABLE_SCOPE_BEGIN|[32]|listNew|List<Pasajero__c>|true|false
13:26:42.226 (329051416)|VARIABLE_ASSIGNMENT|[32]|listNew|[{"IsDeleted":false,"Edad__c":59,"Nif__c":"123456781","Reserva__c":"a001r00000oUIr2AAG","Name":"Pasajero0"}]|0x72f7c679
13:26:42.226 (329079399)|SYSTEM_MODE_ENTER|false
13:26:42.226 (329086689)|HEAP_ALLOCATE|[34]|Bytes:5
13:26:42.226 (329092580)|STATEMENT_EXECUTE|[32]
13:26:42.226 (329110954)|STATEMENT_EXECUTE|[34]
13:26:42.226 (329112797)|STATEMENT_EXECUTE|[37]
13:26:42.226 (329116077)|HEAP_ALLOCATE|[37]|Bytes:30
13:26:42.226 (329129889)|HEAP_ALLOCATE|[37]|Bytes:4
13:26:42.226 (329224795)|SOQL_EXECUTE_BEGIN|[37]|Aggregations:0|SELECT Nif__c FROM Pasajero__c
13:26:42.226 (330488872)|SOQL_EXECUTE_END|[37]|Rows:0
13:26:42.226 (330511452)|HEAP_ALLOCATE|[37]|Bytes:4
13:26:42.226 (330524077)|HEAP_ALLOCATE|[37]|Bytes:0
13:26:42.226 (330551269)|HEAP_ALLOCATE|[37]|Bytes:4
13:26:42.226 (330561397)|VARIABLE_SCOPE_BEGIN|[37]|listPasajero|List<Pasajero__c>|true|false
13:26:42.226 (330575293)|VARIABLE_ASSIGNMENT|[37]|listPasajero|[]|0x4936076f
13:26:42.226 (330582764)|STATEMENT_EXECUTE|[39]
13:26:42.226 (330606051)|HEAP_ALLOCATE|[39]|Bytes:4
13:26:42.226 (330623607)|VARIABLE_SCOPE_BEGIN|[39]|listPasajeroNif|List<String>|true|false
13:26:42.226 (330642859)|HEAP_ALLOCATE|[EXTERNAL]|Bytes:4
13:26:42.226 (330652678)|VARIABLE_ASSIGNMENT|[39]|listPasajeroNif|[]|0x5dac633b
13:26:42.226 (330696687)|HEAP_ALLOCATE|[41]|Bytes:5
13:26:42.226 (330710831)|VARIABLE_ASSIGNMENT|[41]|inPasajero|null|
13:26:42.226 (330716720)|STATEMENT_EXECUTE|[41]
13:26:42.226 (330731262)|HEAP_ALLOCATE|[46]|Bytes:5
13:26:42.226 (330743549)|HEAP_ALLOCATE|[46]|Bytes:4
13:26:42.226 (330750331)|VARIABLE_SCOPE_BEGIN|[46]|inPasajero|Pasajero__c|true|false
13:26:42.226 (330852353)|VARIABLE_ASSIGNMENT|[46]|inPasajero|{"IsDeleted":false,"Edad__c":59,"Nif__c":"123456781","Reserva__c":"a001r00000oUIr2AAG","Name":"Pasajero0"}|0x4331bc3
13:26:42.226 (330861304)|STATEMENT_EXECUTE|[46]
13:26:42.226 (330863234)|STATEMENT_EXECUTE|[48]
13:26:42.226 (330893880)|HEAP_ALLOCATE|[48]|Bytes:8
13:26:42.226 (330905430)|VARIABLE_SCOPE_BEGIN|[48]|numerosNif|String|false|false
13:26:42.226 (330916216)|VARIABLE_ASSIGNMENT|[48]|numerosNif|"12345678"
13:26:42.226 (330921276)|STATEMENT_EXECUTE|[50]
13:26:42.226 (330939070)|HEAP_ALLOCATE|[50]|Bytes:1
13:26:42.226 (330948143)|VARIABLE_SCOPE_BEGIN|[50]|letraNif|String|false|false
13:26:42.226 (330957348)|VARIABLE_ASSIGNMENT|[50]|letraNif|"1"
13:26:42.226 (330991746)|STATEMENT_EXECUTE|[54]
13:26:42.226 (330993668)|STATEMENT_EXECUTE|[55]
13:26:42.226 (330997359)|HEAP_ALLOCATE|[55]|Bytes:21
13:26:42.226 (331082617)|VF_PAGE_MESSAGE|Error en la letra Nif
13:26:42.226 (331106115)|HEAP_ALLOCATE|[46]|Bytes:5
13:26:42.226 (331119226)|VARIABLE_ASSIGNMENT|[46]|inPasajero|null|
13:26:42.226 (331127096)|SYSTEM_MODE_EXIT|false
13:26:42.226 (331136424)|METHOD_EXIT|[9]|01p1r000008Zry1|PasajeroMethods.ValidarNif(List<Pasajero__c>)
13:26:42.226 (331143159)|STATEMENT_EXECUTE|[10]
13:26:42.226 (331156047)|METHOD_ENTRY|[10]|01p1r000008Zry1|PasajeroMethods.RellenarContacto(List<Pasajero__c>)
13:26:42.226 (331163073)|VARIABLE_SCOPE_BEGIN|[3]|listPasajeros|List<Pasajero__c>|true|false
13:26:42.226 (331256137)|VARIABLE_ASSIGNMENT|[3]|listPasajeros|[{"IsDeleted":false,"Edad__c":59,"Nif__c":"123456781","Reserva__c":"a001r00000oUIr2AAG","Name":"Pasajero0"}]|0x72f7c679
13:26:42.226 (331284120)|SYSTEM_MODE_ENTER|false
13:26:42.226 (331291464)|HEAP_ALLOCATE|[5]|Bytes:5
13:26:42.226 (331296805)|STATEMENT_EXECUTE|[3]
13:26:42.226 (331311239)|STATEMENT_EXECUTE|[5]
13:26:42.226 (331313134)|STATEMENT_EXECUTE|[8]
13:26:42.226 (331322450)|HEAP_ALLOCATE|[8]|Bytes:4
13:26:42.226 (331334413)|VARIABLE_SCOPE_BEGIN|[8]|listNifs|List<String>|true|false
13:26:42.226 (331353951)|HEAP_ALLOCATE|[EXTERNAL]|Bytes:4
13:26:42.226 (331362485)|VARIABLE_ASSIGNMENT|[8]|listNifs|[]|0x3a529a17
13:26:42.226 (331383511)|HEAP_ALLOCATE|[10]|Bytes:5
13:26:42.226 (331395568)|HEAP_ALLOCATE|[10]|Bytes:4
13:26:42.226 (331402372)|VARIABLE_SCOPE_BEGIN|[10]|inPasajero|Pasajero__c|true|false
13:26:42.226 (331486112)|VARIABLE_ASSIGNMENT|[10]|inPasajero|{"IsDeleted":false,"Edad__c":59,"Nif__c":"123456781","Reserva__c":"a001r00000oUIr2AAG","Name":"Pasajero0"}|0x4331bc3
13:26:42.226 (331494874)|STATEMENT_EXECUTE|[10]
13:26:42.226 (331496647)|STATEMENT_EXECUTE|[11]
13:26:42.226 (331512273)|HEAP_ALLOCATE|[EXTERNAL]|Bytes:4
13:26:42.226 (331525418)|HEAP_ALLOCATE|[10]|Bytes:5
13:26:42.226 (331536047)|VARIABLE_ASSIGNMENT|[10]|inPasajero|null|
13:26:42.226 (331541472)|STATEMENT_EXECUTE|[15]
13:26:42.226 (331544504)|HEAP_ALLOCATE|[15]|Bytes:61
13:26:42.226 (331556558)|HEAP_ALLOCATE|[15]|Bytes:4
13:26:42.226 (331718548)|SOQL_EXECUTE_BEGIN|[15]|Aggregations:0|SELECT Id, Name, Nif__c FROM Contact WHERE Nif__c IN :tmpVar1
13:26:42.226 (334895895)|SOQL_EXECUTE_END|[15]|Rows:0
13:26:42.226 (334918644)|HEAP_ALLOCATE|[15]|Bytes:4
13:26:42.226 (334933844)|HEAP_ALLOCATE|[15]|Bytes:0
13:26:42.226 (334962949)|HEAP_ALLOCATE|[15]|Bytes:4
13:26:42.226 (334973467)|VARIABLE_SCOPE_BEGIN|[15]|listContactos|List<Contact>|true|false
13:26:42.226 (334991112)|VARIABLE_ASSIGNMENT|[15]|listContactos|[]|0x113ec1d7
13:26:42.226 (334998592)|STATEMENT_EXECUTE|[17]
13:26:42.226 (335014585)|HEAP_ALLOCATE|[17]|Bytes:4
13:26:42.226 (335027194)|VARIABLE_SCOPE_BEGIN|[17]|mapContactos|Map<String,Contact>|true|false
13:26:42.226 (335041763)|VARIABLE_ASSIGNMENT|[17]|mapContactos|{}|0x5c25ee07
13:26:42.226 (335070944)|HEAP_ALLOCATE|[19]|Bytes:5
13:26:42.226 (335084778)|VARIABLE_ASSIGNMENT|[19]|inContact|null|
13:26:42.226 (335090737)|STATEMENT_EXECUTE|[19]
13:26:42.226 (335105581)|HEAP_ALLOCATE|[24]|Bytes:5
13:26:42.226 (335117210)|HEAP_ALLOCATE|[24]|Bytes:4
13:26:42.226 (335123576)|VARIABLE_SCOPE_BEGIN|[24]|inPasajero|Pasajero__c|true|false
13:26:42.226 (335224419)|VARIABLE_ASSIGNMENT|[24]|inPasajero|{"IsDeleted":false,"Edad__c":59,"Nif__c":"123456781","Reserva__c":"a001r00000oUIr2AAG","Name":"Pasajero0"}|0x4331bc3
13:26:42.226 (335233143)|STATEMENT_EXECUTE|[24]
13:26:42.226 (335251389)|STATEMENT_EXECUTE|[25]
13:26:42.226 (335260386)|HEAP_ALLOCATE|[24]|Bytes:5
13:26:42.226 (335271207)|VARIABLE_ASSIGNMENT|[24]|inPasajero|null|
13:26:42.226 (335278075)|SYSTEM_MODE_EXIT|false
13:26:42.226 (335287674)|METHOD_EXIT|[10]|01p1r000008Zry1|PasajeroMethods.RellenarContacto(List<Pasajero__c>)
13:26:42.335 (335299306)|CUMULATIVE_LIMIT_USAGE
13:26:42.335 (335299306)|LIMIT_USAGE_FOR_NS|(default)|
  Number of SOQL queries: 4 out of 100
  Number of query rows: 1 out of 50000
  Number of SOSL queries: 0 out of 20
  Number of DML statements: 4 out of 150
  Number of DML rows: 4 out of 10000
  Maximum CPU time: 0 out of 10000
  Maximum heap size: 0 out of 6000000
  Number of callouts: 0 out of 100
  Number of Email Invocations: 0 out of 10
  Number of future calls: 0 out of 50
  Number of queueable jobs added to the queue: 0 out of 50
  Number of Mobile Apex push calls: 0 out of 10

13:26:42.335 (335299306)|CUMULATIVE_LIMIT_USAGE_END

13:26:42.226 (336387536)|CODE_UNIT_FINISHED|PasajeroTrigger on Pasajero trigger event BeforeInsert
13:26:42.226 (337232363)|DML_END|[57]
13:26:42.226 (337305092)|EXCEPTION_THROWN|[57]|System.DmlException: Insert failed. First exception on row 0; first error: FIELD_CUSTOM_VALIDATION_EXCEPTION, Error en la letra Nif: []
13:26:42.226 (337576280)|HEAP_ALLOCATE|[57]|Bytes:118
13:26:42.226 (337605278)|VARIABLE_SCOPE_BEGIN|[59]|e|Exception|true|false
13:26:42.226 (337718615)|VARIABLE_ASSIGNMENT|[59]|e|"common.apex.runtime.impl.DmlExecutionException: Insert failed. First exception on row 0; first error: FIELD_CUSTOM_VALIDATION_EXCEPTION, Error en la letra Nif: []"|0x58d27297
13:26:42.226 (337729773)|STATEMENT_EXECUTE|[59]
13:26:42.226 (337732180)|STATEMENT_EXECUTE|[60]
13:26:42.226 (337769128)|HEAP_ALLOCATE|[60]|Bytes:114
13:26:42.226 (337845251)|STATEMENT_EXECUTE|[63]
13:26:42.226 (337847690)|STATEMENT_EXECUTE|[63]
13:26:42.226 (337849656)|STATEMENT_EXECUTE|[65]
13:26:42.226 (337870134)|HEAP_ALLOCATE|[65]|Bytes:4
13:26:42.226 (337908079)|VARIABLE_ASSIGNMENT|[65]|this.Name|"Pasajero0"|0x3f053023
13:26:42.226 (337943900)|VARIABLE_ASSIGNMENT|[65]|this.Reserva__c|"a001r00000oUIr2AAG"|0x3f053023
13:26:42.226 (337951935)|HEAP_ALLOCATE|[67]|Bytes:9
13:26:42.226 (337966126)|VARIABLE_ASSIGNMENT|[65]|this.Nif__c|"1234567BB"|0x3f053023
13:26:42.226 (337981636)|HEAP_ALLOCATE|[65]|Bytes:28
13:26:42.226 (337997018)|VARIABLE_ASSIGNMENT|[65]|this.Edad__c|59|0x3f053023
13:26:42.226 (338020332)|VARIABLE_SCOPE_BEGIN|[65]|oPasajero|Pasajero__c|true|false
13:26:42.226 (338037741)|VARIABLE_ASSIGNMENT|[65]|oPasajero|{"Name":"Pasajero0","Reserva__c":"a001r00000oUIr2AAG","Nif__c":"1234567BB","Edad__c":59}|0x3f053023
13:26:42.226 (338044712)|STATEMENT_EXECUTE|[69]
13:26:42.226 (338060474)|HEAP_ALLOCATE|[69]|Bytes:8
13:26:42.226 (338069648)|DML_BEGIN|[69]|Op:Insert|Type:Pasajero__c|Rows:1
13:26:42.226 (338092948)|HEAP_ALLOCATE|[EXTERNAL]|Bytes:8
13:26:42.226 (340476534)|CODE_UNIT_STARTED|[EXTERNAL]|01q1r000000j3dJ|PasajeroTrigger on Pasajero trigger event BeforeInsert
13:26:42.226 (340510421)|HEAP_ALLOCATE|[EXTERNAL]|Bytes:8
13:26:42.226 (340543454)|HEAP_ALLOCATE|[EXTERNAL]|Bytes:8
13:26:42.226 (340568470)|VARIABLE_SCOPE_BEGIN|[1]|this|PasajeroTrigger|true|false
13:26:42.226 (340599025)|VARIABLE_ASSIGNMENT|[1]|this|{}|0x6370defe
13:26:42.226 (340633489)|HEAP_ALLOCATE|[EXTERNAL]|Bytes:8
13:26:42.226 (340640283)|VARIABLE_SCOPE_BEGIN|[1]|this|PasajeroTrigger|true|false
13:26:42.226 (340652765)|VARIABLE_ASSIGNMENT|[1]|this|{}|0x6370defe
13:26:42.226 (340660322)|STATEMENT_EXECUTE|[1]
13:26:42.226 (340662355)|STATEMENT_EXECUTE|[4]
13:26:42.226 (340806702)|VARIABLE_ASSIGNMENT|[4]|this.listNew|[{"IsDeleted":false,"Edad__c":59,"Nif__c":"1234567BB","Reserva__c":"a001r00000oUIr2AAG","Name":"Pasajero0"}]|0x6370defe
13:26:42.226 (340819977)|STATEMENT_EXECUTE|[7]
13:26:42.226 (340825293)|STATEMENT_EXECUTE|[8]
13:26:42.226 (340827009)|STATEMENT_EXECUTE|[9]
13:26:42.226 (340836990)|METHOD_ENTRY|[9]|01p1r000008Zry1|PasajeroMethods.ValidarNif(List<Pasajero__c>)
13:26:42.226 (340845486)|VARIABLE_SCOPE_BEGIN|[32]|listNew|List<Pasajero__c>|true|false
13:26:42.226 (341025479)|VARIABLE_ASSIGNMENT|[32]|listNew|[{"IsDeleted":false,"Edad__c":59,"Nif__c":"1234567BB","Reserva__c":"a001r00000oUIr2AAG","Name":"Pasajero0"}]|0x62bda3f9
13:26:42.226 (341358601)|SYSTEM_MODE_ENTER|false
13:26:42.226 (341370053)|HEAP_ALLOCATE|[34]|Bytes:5
13:26:42.226 (341376965)|STATEMENT_EXECUTE|[32]
13:26:42.226 (341393959)|STATEMENT_EXECUTE|[34]
13:26:42.226 (341395812)|STATEMENT_EXECUTE|[37]
13:26:42.226 (341406520)|HEAP_ALLOCATE|[37]|Bytes:4
13:26:42.226 (341520172)|SOQL_EXECUTE_BEGIN|[37]|Aggregations:0|SELECT Nif__c FROM Pasajero__c
13:26:42.226 (342464063)|SOQL_EXECUTE_END|[37]|Rows:0
13:26:42.226 (342485113)|HEAP_ALLOCATE|[37]|Bytes:4
13:26:42.226 (342495869)|HEAP_ALLOCATE|[37]|Bytes:0
13:26:42.226 (342521685)|HEAP_ALLOCATE|[37]|Bytes:4
13:26:42.226 (342531190)|VARIABLE_SCOPE_BEGIN|[37]|listPasajero|List<Pasajero__c>|true|false
13:26:42.226 (342545171)|VARIABLE_ASSIGNMENT|[37]|listPasajero|[]|0x6f3e2aaf
13:26:42.226 (342552375)|STATEMENT_EXECUTE|[39]
13:26:42.226 (342560581)|HEAP_ALLOCATE|[39]|Bytes:4
13:26:42.226 (342573910)|VARIABLE_SCOPE_BEGIN|[39]|listPasajeroNif|List<String>|true|false
13:26:42.226 (342592349)|HEAP_ALLOCATE|[EXTERNAL]|Bytes:4
13:26:42.226 (342600413)|VARIABLE_ASSIGNMENT|[39]|listPasajeroNif|[]|0x67198121
13:26:42.226 (342625909)|HEAP_ALLOCATE|[41]|Bytes:5
13:26:42.226 (342639343)|VARIABLE_ASSIGNMENT|[41]|inPasajero|null|
13:26:42.226 (342644969)|STATEMENT_EXECUTE|[41]
13:26:42.226 (342656979)|HEAP_ALLOCATE|[46]|Bytes:5
13:26:42.226 (342667372)|HEAP_ALLOCATE|[46]|Bytes:4
13:26:42.226 (342674056)|VARIABLE_SCOPE_BEGIN|[46]|inPasajero|Pasajero__c|true|false
13:26:42.226 (342774075)|VARIABLE_ASSIGNMENT|[46]|inPasajero|{"IsDeleted":false,"Edad__c":59,"Nif__c":"1234567BB","Reserva__c":"a001r00000oUIr2AAG","Name":"Pasajero0"}|0x6689407e
13:26:42.226 (342783004)|STATEMENT_EXECUTE|[46]
13:26:42.226 (342784973)|STATEMENT_EXECUTE|[48]
13:26:42.226 (342807379)|HEAP_ALLOCATE|[48]|Bytes:8
13:26:42.226 (342818631)|VARIABLE_SCOPE_BEGIN|[48]|numerosNif|String|false|false
13:26:42.226 (342828327)|VARIABLE_ASSIGNMENT|[48]|numerosNif|"1234567B"
13:26:42.226 (342833711)|STATEMENT_EXECUTE|[50]
13:26:42.226 (342844464)|HEAP_ALLOCATE|[50]|Bytes:1
13:26:42.226 (342853248)|VARIABLE_SCOPE_BEGIN|[50]|letraNif|String|false|false
13:26:42.226 (342862205)|VARIABLE_ASSIGNMENT|[50]|letraNif|"B"
13:26:42.226 (342879220)|STATEMENT_EXECUTE|[52]
13:26:42.226 (342881045)|STATEMENT_EXECUTE|[53]
13:26:42.226 (342884512)|HEAP_ALLOCATE|[53]|Bytes:22
13:26:42.226 (342958586)|VF_PAGE_MESSAGE|Error en el número Nif
13:26:42.226 (342982611)|HEAP_ALLOCATE|[46]|Bytes:5
13:26:42.226 (342995414)|VARIABLE_ASSIGNMENT|[46]|inPasajero|null|
13:26:42.226 (343003805)|SYSTEM_MODE_EXIT|false
13:26:42.226 (343015099)|METHOD_EXIT|[9]|01p1r000008Zry1|PasajeroMethods.ValidarNif(List<Pasajero__c>)
13:26:42.226 (343021908)|STATEMENT_EXECUTE|[10]
13:26:42.226 (343030818)|METHOD_ENTRY|[10]|01p1r000008Zry1|PasajeroMethods.RellenarContacto(List<Pasajero__c>)
13:26:42.226 (343037564)|VARIABLE_SCOPE_BEGIN|[3]|listPasajeros|List<Pasajero__c>|true|false
13:26:42.226 (343128646)|VARIABLE_ASSIGNMENT|[3]|listPasajeros|[{"IsDeleted":false,"Edad__c":59,"Nif__c":"1234567BB","Reserva__c":"a001r00000oUIr2AAG","Name":"Pasajero0"}]|0x62bda3f9
13:26:42.226 (343155600)|SYSTEM_MODE_ENTER|false
13:26:42.226 (343162655)|HEAP_ALLOCATE|[5]|Bytes:5
13:26:42.226 (343167953)|STATEMENT_EXECUTE|[3]
13:26:42.226 (343181079)|STATEMENT_EXECUTE|[5]
13:26:42.226 (343182896)|STATEMENT_EXECUTE|[8]
13:26:42.226 (343191401)|HEAP_ALLOCATE|[8]|Bytes:4
13:26:42.226 (343203163)|VARIABLE_SCOPE_BEGIN|[8]|listNifs|List<String>|true|false
13:26:42.226 (343221912)|HEAP_ALLOCATE|[EXTERNAL]|Bytes:4
13:26:42.226 (343230701)|VARIABLE_ASSIGNMENT|[8]|listNifs|[]|0x5100ab5f
13:26:42.226 (343251027)|HEAP_ALLOCATE|[10]|Bytes:5
13:26:42.226 (343263024)|HEAP_ALLOCATE|[10]|Bytes:4
13:26:42.226 (343269807)|VARIABLE_SCOPE_BEGIN|[10]|inPasajero|Pasajero__c|true|false
13:26:42.226 (343352703)|VARIABLE_ASSIGNMENT|[10]|inPasajero|{"IsDeleted":false,"Edad__c":59,"Nif__c":"1234567BB","Reserva__c":"a001r00000oUIr2AAG","Name":"Pasajero0"}|0x6689407e
13:26:42.226 (343360699)|STATEMENT_EXECUTE|[10]
13:26:42.226 (343362587)|STATEMENT_EXECUTE|[11]
13:26:42.226 (343375997)|HEAP_ALLOCATE|[EXTERNAL]|Bytes:4
13:26:42.226 (343389845)|HEAP_ALLOCATE|[10]|Bytes:5
13:26:42.226 (343400072)|VARIABLE_ASSIGNMENT|[10]|inPasajero|null|
13:26:42.226 (343405244)|STATEMENT_EXECUTE|[15]
13:26:42.226 (343415704)|HEAP_ALLOCATE|[15]|Bytes:4
13:26:42.226 (343566571)|SOQL_EXECUTE_BEGIN|[15]|Aggregations:0|SELECT Id, Name, Nif__c FROM Contact WHERE Nif__c IN :tmpVar1
13:26:42.226 (346382529)|SOQL_EXECUTE_END|[15]|Rows:0
13:26:42.226 (346405472)|HEAP_ALLOCATE|[15]|Bytes:4
13:26:42.226 (346415284)|HEAP_ALLOCATE|[15]|Bytes:0
13:26:42.226 (346441947)|HEAP_ALLOCATE|[15]|Bytes:4
13:26:42.226 (346452368)|VARIABLE_SCOPE_BEGIN|[15]|listContactos|List<Contact>|true|false
13:26:42.226 (346467220)|VARIABLE_ASSIGNMENT|[15]|listContactos|[]|0x2ef9764e
13:26:42.226 (346475421)|STATEMENT_EXECUTE|[17]
13:26:42.226 (346488690)|HEAP_ALLOCATE|[17]|Bytes:4
13:26:42.226 (346496411)|VARIABLE_SCOPE_BEGIN|[17]|mapContactos|Map<String,Contact>|true|false
13:26:42.226 (346510936)|VARIABLE_ASSIGNMENT|[17]|mapContactos|{}|0x771c130b
13:26:42.226 (346539056)|HEAP_ALLOCATE|[19]|Bytes:5
13:26:42.226 (346552324)|VARIABLE_ASSIGNMENT|[19]|inContact|null|
13:26:42.226 (346557967)|STATEMENT_EXECUTE|[19]
13:26:42.226 (346571598)|HEAP_ALLOCATE|[24]|Bytes:5
13:26:42.226 (346582043)|HEAP_ALLOCATE|[24]|Bytes:4
13:26:42.226 (346588330)|VARIABLE_SCOPE_BEGIN|[24]|inPasajero|Pasajero__c|true|false
13:26:42.226 (346688884)|VARIABLE_ASSIGNMENT|[24]|inPasajero|{"IsDeleted":false,"Edad__c":59,"Nif__c":"1234567BB","Reserva__c":"a001r00000oUIr2AAG","Name":"Pasajero0"}|0x6689407e
13:26:42.226 (346697692)|STATEMENT_EXECUTE|[24]
13:26:42.226 (346715069)|STATEMENT_EXECUTE|[25]
13:26:42.226 (346723849)|HEAP_ALLOCATE|[24]|Bytes:5
13:26:42.226 (346735021)|VARIABLE_ASSIGNMENT|[24]|inPasajero|null|
13:26:42.226 (346741645)|SYSTEM_MODE_EXIT|false
13:26:42.226 (346751203)|METHOD_EXIT|[10]|01p1r000008Zry1|PasajeroMethods.RellenarContacto(List<Pasajero__c>)
13:26:42.346 (346762091)|CUMULATIVE_LIMIT_USAGE
13:26:42.346 (346762091)|LIMIT_USAGE_FOR_NS|(default)|
  Number of SOQL queries: 4 out of 100
  Number of query rows: 1 out of 50000
  Number of SOSL queries: 0 out of 20
  Number of DML statements: 5 out of 150
  Number of DML rows: 5 out of 10000
  Maximum CPU time: 0 out of 10000
  Maximum heap size: 0 out of 6000000
  Number of callouts: 0 out of 100
  Number of Email Invocations: 0 out of 10
  Number of future calls: 0 out of 50
  Number of queueable jobs added to the queue: 0 out of 50
  Number of Mobile Apex push calls: 0 out of 10

13:26:42.346 (346762091)|CUMULATIVE_LIMIT_USAGE_END

13:26:42.226 (347840065)|CODE_UNIT_FINISHED|PasajeroTrigger on Pasajero trigger event BeforeInsert
13:26:42.226 (348636362)|DML_END|[69]
13:26:42.226 (348705063)|EXCEPTION_THROWN|[69]|System.DmlException: Insert failed. First exception on row 0; first error: FIELD_CUSTOM_VALIDATION_EXCEPTION, Error en el número Nif: []
13:26:42.226 (348991487)|HEAP_ALLOCATE|[69]|Bytes:119
13:26:42.226 (349026719)|VARIABLE_SCOPE_BEGIN|[71]|e|Exception|true|false
13:26:42.226 (349095803)|VARIABLE_ASSIGNMENT|[71]|e|"common.apex.runtime.impl.DmlExecutionException: Insert failed. First exception on row 0; first error: FIELD_CUSTOM_VALIDATION_EXCEPTION, Error en el número Nif: []"|0x86f0293
13:26:42.226 (349107049)|STATEMENT_EXECUTE|[71]
13:26:42.226 (349109244)|STATEMENT_EXECUTE|[72]
13:26:42.226 (349145595)|HEAP_ALLOCATE|[72]|Bytes:115
13:26:42.349 (349190960)|CUMULATIVE_LIMIT_USAGE
13:26:42.349 (349190960)|LIMIT_USAGE_FOR_NS|(default)|
  Number of SOQL queries: 2 out of 100
  Number of query rows: 1 out of 50000
  Number of SOSL queries: 0 out of 20
  Number of DML statements: 5 out of 150
  Number of DML rows: 5 out of 10000
  Maximum CPU time: 0 out of 10000
  Maximum heap size: 0 out of 6000000
  Number of callouts: 0 out of 100
  Number of Email Invocations: 0 out of 10
  Number of future calls: 0 out of 50
  Number of queueable jobs added to the queue: 0 out of 50
  Number of Mobile Apex push calls: 0 out of 10

13:26:42.349 (349190960)|CUMULATIVE_LIMIT_USAGE_END

13:26:42.226 (349217731)|CODE_UNIT_FINISHED|PasajeroTest.ValidarNifTest
13:26:42.226 (349982438)|EXECUTION_FINISHED
13:26:42.430 (430257280)|USER_INFO|[EXTERNAL]|0051r000007Oz5Q|lydia.abril@gmail.com|hora estándar de Europa central|GMT+02:00
13:26:42.430 (430281187)|EXECUTION_STARTED
13:26:42.430 (430287043)|CODE_UNIT_STARTED|[EXTERNAL]|DuplicateDetector
13:26:42.430 (430299316)|DUPLICATE_DETECTION_BEGIN
13:26:42.430 (430373282)|DUPLICATE_DETECTION_RULE_INVOCATION|DuplicateRuleId:0Bm1r0000018X89|DuplicateRuleName:Standard Contact Duplicate Rule|DmlType:INSERT
13:26:42.430 (440822291)|DUPLICATE_DETECTION_END
13:26:42.430 (440831717)|CODE_UNIT_FINISHED|DuplicateDetector
13:26:42.430 (441624611)|EXECUTION_FINISHED
13:26:42.443 (443183851)|USER_INFO|[EXTERNAL]|0051r000007Oz5Q|lydia.abril@gmail.com|hora estándar de Europa central|GMT+02:00
13:26:42.443 (443202058)|EXECUTION_STARTED
13:26:42.443 (443206035)|CODE_UNIT_STARTED|[EXTERNAL]|DuplicateDetector
13:26:42.443 (443215639)|DUPLICATE_DETECTION_BEGIN
13:26:42.443 (443257794)|DUPLICATE_DETECTION_RULE_INVOCATION|DuplicateRuleId:0Bm1r0000018X88|DuplicateRuleName:Standard Account Duplicate Rule|DmlType:INSERT
13:26:42.443 (450586443)|DUPLICATE_DETECTION_END
13:26:42.443 (450597302)|CODE_UNIT_FINISHED|DuplicateDetector
13:26:42.443 (451378423)|EXECUTION_FINISHED
