42.0 APEX_CODE,FINEST;APEX_PROFILING,INFO;CALLOUT,INFO;DB,INFO;SYSTEM,DEBUG;VALIDATION,INFO;VISUALFORCE,INFO;WAVE,INFO;WORKFLOW,INFO
12:47:21.0 (348964)|EXECUTION_STARTED
12:47:21.0 (373693)|CODE_UNIT_STARTED|[EXTERNAL]|VisualForce View State
12:47:21.0 (7038154)|CODE_UNIT_FINISHED|VisualForce View State
12:47:21.0 (7899915)|EXECUTION_FINISHED
12:47:21.115 (115639459)|VF_PAGE_MESSAGE|Compile Error: Invalid type: parksServices.byCountry at line 26 column 13
12:47:21.115 (125678934)|VF_SERIALIZE_VIEWSTATE_BEGIN|
12:47:21.115 (129205941)|VF_SERIALIZE_VIEWSTATE_END
12:47:21.134 (134851794)|CUMULATIVE_LIMIT_USAGE
12:47:21.134 (134851794)|LIMIT_USAGE_FOR_NS|(default)|
  Number of SOQL queries: 0 out of 100
  Number of query rows: 0 out of 50000
  Number of SOSL queries: 0 out of 20
  Number of DML statements: 0 out of 150
  Number of DML rows: 0 out of 10000
  Maximum CPU time: 0 out of 10000
  Maximum heap size: 0 out of 6000000
  Number of callouts: 0 out of 100
  Number of Email Invocations: 0 out of 10
  Number of future calls: 0 out of 50
  Number of queueable jobs added to the queue: 0 out of 50
  Number of Mobile Apex push calls: 0 out of 10

12:47:21.134 (134851794)|CUMULATIVE_LIMIT_USAGE_END

