36.0 APEX_CODE,FINEST;APEX_PROFILING,INFO;CALLOUT,INFO;DB,INFO;SYSTEM,DEBUG;VALIDATION,INFO;VISUALFORCE,INFO;WAVE,INFO;WORKFLOW,INFO
12:33:13.0 (302414)|USER_INFO|[EXTERNAL]|0051r000007Oz5Q|lydia.abril@gmail.com|hora est치ndar de Europa central|GMT+01:00
12:33:13.0 (487417)|EXECUTION_STARTED
12:33:13.0 (492320)|CODE_UNIT_STARTED|[EXTERNAL]|01p1r000007WiaC|TemperatureConverterTest.testBoilingPoint
12:33:13.0 (722960)|HEAP_ALLOCATE|[72]|Bytes:3
12:33:13.0 (787206)|HEAP_ALLOCATE|[77]|Bytes:152
12:33:13.0 (804206)|HEAP_ALLOCATE|[342]|Bytes:408
12:33:13.0 (819621)|HEAP_ALLOCATE|[355]|Bytes:408
12:33:13.0 (832230)|HEAP_ALLOCATE|[467]|Bytes:48
12:33:13.0 (890559)|HEAP_ALLOCATE|[139]|Bytes:6
12:33:13.0 (908275)|HEAP_ALLOCATE|[EXTERNAL]|Bytes:21
12:33:13.0 (946400)|METHOD_ENTRY|[2]|01p1r000007WiaC|TemperatureConverterTest.TemperatureConverterTest()
12:33:13.0 (954549)|STATEMENT_EXECUTE|[2]
12:33:13.0 (960112)|STATEMENT_EXECUTE|[2]
12:33:13.0 (976336)|METHOD_EXIT|[2]|TemperatureConverterTest
12:33:13.0 (1015343)|HEAP_ALLOCATE|[50]|Bytes:5
12:33:13.0 (1038804)|HEAP_ALLOCATE|[56]|Bytes:5
12:33:13.0 (1046747)|HEAP_ALLOCATE|[64]|Bytes:7
12:33:13.0 (1084770)|STATEMENT_EXECUTE|[13]
12:33:13.0 (1086612)|STATEMENT_EXECUTE|[14]
12:33:13.0 (1113813)|HEAP_ALLOCATE|[14]|Bytes:28
12:33:13.0 (1959526)|HEAP_ALLOCATE|[14]|Bytes:1
12:33:13.0 (1980750)|METHOD_ENTRY|[1]|01p1r000007WiVz|TemperatureConverter.TemperatureConverter()
12:33:13.0 (1998615)|STATEMENT_EXECUTE|[1]
12:33:13.0 (2004192)|STATEMENT_EXECUTE|[1]
12:33:13.0 (2010959)|METHOD_EXIT|[1]|TemperatureConverter
12:33:13.0 (2039886)|METHOD_ENTRY|[14]|01p1r000007WiVz|TemperatureConverter.FahrenheitToCelsius(Decimal)
12:33:13.0 (2064997)|VARIABLE_SCOPE_BEGIN|[3]|fh|Decimal|false|false
12:33:13.0 (2159028)|VARIABLE_ASSIGNMENT|[3]|fh|212
12:33:13.0 (2172239)|STATEMENT_EXECUTE|[3]
12:33:13.0 (2173719)|STATEMENT_EXECUTE|[4]
12:33:13.0 (2182961)|HEAP_ALLOCATE|[4]|Bytes:28
12:33:13.0 (2261741)|HEAP_ALLOCATE|[4]|Bytes:28
12:33:13.0 (2288141)|HEAP_ALLOCATE|[4]|Bytes:28
12:33:13.0 (2291954)|HEAP_ALLOCATE|[4]|Bytes:28
12:33:13.0 (2311959)|HEAP_ALLOCATE|[4]|Bytes:28
12:33:13.0 (2322736)|HEAP_ALLOCATE|[4]|Bytes:28
12:33:13.0 (2326063)|HEAP_ALLOCATE|[4]|Bytes:28
12:33:13.0 (2377571)|HEAP_ALLOCATE|[4]|Bytes:28
12:33:13.0 (2382186)|HEAP_ALLOCATE|[4]|Bytes:28
12:33:13.0 (2391967)|VARIABLE_SCOPE_BEGIN|[4]|cs|Decimal|false|false
12:33:13.0 (2403693)|VARIABLE_ASSIGNMENT|[4]|cs|100
12:33:13.0 (2407723)|STATEMENT_EXECUTE|[5]
12:33:13.0 (2433549)|HEAP_ALLOCATE|[5]|Bytes:28
12:33:13.0 (2447024)|METHOD_EXIT|[14]|01p1r000007WiVz|TemperatureConverter.FahrenheitToCelsius(Decimal)
12:33:13.0 (2452405)|VARIABLE_SCOPE_BEGIN|[14]|celsius|Decimal|false|false
12:33:13.0 (2462206)|VARIABLE_ASSIGNMENT|[14]|celsius|100.00
12:33:13.0 (2466943)|STATEMENT_EXECUTE|[15]
12:33:13.0 (2470735)|HEAP_ALLOCATE|[15]|Bytes:42
12:33:13.2 (2532171)|CUMULATIVE_LIMIT_USAGE
12:33:13.2 (2532171)|LIMIT_USAGE_FOR_NS|(default)|
  Number of SOQL queries: 0 out of 100
  Number of query rows: 0 out of 50000
  Number of SOSL queries: 0 out of 20
  Number of DML statements: 0 out of 150
  Number of DML rows: 0 out of 10000
  Maximum CPU time: 0 out of 10000
  Maximum heap size: 0 out of 6000000
  Number of callouts: 0 out of 100
  Number of Email Invocations: 0 out of 10
  Number of future calls: 0 out of 50
  Number of queueable jobs added to the queue: 0 out of 50
  Number of Mobile Apex push calls: 0 out of 10

12:33:13.2 (2532171)|CUMULATIVE_LIMIT_USAGE_END

12:33:13.0 (2567168)|CODE_UNIT_FINISHED|TemperatureConverterTest.testBoilingPoint
12:33:13.0 (3514718)|EXECUTION_FINISHED
12:33:13.46 (46381965)|USER_INFO|[EXTERNAL]|0051r000007Oz5Q|lydia.abril@gmail.com|hora est치ndar de Europa central|GMT+01:00
12:33:13.46 (46403816)|EXECUTION_STARTED
12:33:13.46 (46407431)|CODE_UNIT_STARTED|[EXTERNAL]|01p1r000007WiaC|TemperatureConverterTest.testFreezingPoint
12:33:13.46 (46551750)|HEAP_ALLOCATE|[72]|Bytes:3
12:33:13.46 (46592228)|HEAP_ALLOCATE|[77]|Bytes:152
12:33:13.46 (46616291)|HEAP_ALLOCATE|[342]|Bytes:408
12:33:13.46 (46639388)|HEAP_ALLOCATE|[355]|Bytes:408
12:33:13.46 (46663322)|HEAP_ALLOCATE|[467]|Bytes:48
12:33:13.46 (46695596)|HEAP_ALLOCATE|[139]|Bytes:6
12:33:13.46 (46712239)|HEAP_ALLOCATE|[EXTERNAL]|Bytes:21
12:33:13.46 (46725361)|METHOD_ENTRY|[2]|01p1r000007WiaC|TemperatureConverterTest.TemperatureConverterTest()
12:33:13.46 (46737671)|STATEMENT_EXECUTE|[2]
12:33:13.46 (46745589)|STATEMENT_EXECUTE|[2]
12:33:13.46 (46752490)|METHOD_EXIT|[2]|TemperatureConverterTest
12:33:13.46 (46779074)|HEAP_ALLOCATE|[50]|Bytes:5
12:33:13.46 (46800977)|HEAP_ALLOCATE|[56]|Bytes:5
12:33:13.46 (46808434)|HEAP_ALLOCATE|[64]|Bytes:7
12:33:13.46 (46849586)|STATEMENT_EXECUTE|[9]
12:33:13.46 (46851318)|STATEMENT_EXECUTE|[10]
12:33:13.46 (46874716)|HEAP_ALLOCATE|[10]|Bytes:28
12:33:13.46 (46885685)|HEAP_ALLOCATE|[10]|Bytes:1
12:33:13.46 (46892046)|METHOD_ENTRY|[1]|01p1r000007WiVz|TemperatureConverter.TemperatureConverter()
12:33:13.46 (46896734)|STATEMENT_EXECUTE|[1]
12:33:13.46 (46899188)|STATEMENT_EXECUTE|[1]
12:33:13.46 (46901830)|METHOD_EXIT|[1]|TemperatureConverter
12:33:13.46 (46913236)|METHOD_ENTRY|[10]|01p1r000007WiVz|TemperatureConverter.FahrenheitToCelsius(Decimal)
12:33:13.46 (46931966)|VARIABLE_SCOPE_BEGIN|[3]|fh|Decimal|false|false
12:33:13.46 (46955242)|VARIABLE_ASSIGNMENT|[3]|fh|32
12:33:13.46 (46966290)|STATEMENT_EXECUTE|[3]
12:33:13.46 (46967738)|STATEMENT_EXECUTE|[4]
12:33:13.46 (46973983)|HEAP_ALLOCATE|[4]|Bytes:28
12:33:13.46 (47018572)|HEAP_ALLOCATE|[4]|Bytes:28
12:33:13.46 (47023498)|HEAP_ALLOCATE|[4]|Bytes:28
12:33:13.46 (47039890)|HEAP_ALLOCATE|[4]|Bytes:28
12:33:13.46 (47043455)|HEAP_ALLOCATE|[4]|Bytes:28
12:33:13.46 (47060742)|HEAP_ALLOCATE|[4]|Bytes:28
12:33:13.46 (47064476)|HEAP_ALLOCATE|[4]|Bytes:28
12:33:13.46 (47073777)|HEAP_ALLOCATE|[4]|Bytes:28
12:33:13.46 (47076893)|HEAP_ALLOCATE|[4]|Bytes:28
12:33:13.46 (47094170)|HEAP_ALLOCATE|[4]|Bytes:28
12:33:13.46 (47097526)|HEAP_ALLOCATE|[4]|Bytes:28
12:33:13.46 (47106592)|VARIABLE_SCOPE_BEGIN|[4]|cs|Decimal|false|false
12:33:13.46 (47118567)|VARIABLE_ASSIGNMENT|[4]|cs|0
12:33:13.46 (47122631)|STATEMENT_EXECUTE|[5]
12:33:13.46 (47143100)|HEAP_ALLOCATE|[5]|Bytes:28
12:33:13.46 (47147036)|HEAP_ALLOCATE|[5]|Bytes:28
12:33:13.46 (47157733)|METHOD_EXIT|[10]|01p1r000007WiVz|TemperatureConverter.FahrenheitToCelsius(Decimal)
12:33:13.46 (47163733)|VARIABLE_SCOPE_BEGIN|[10]|celsius|Decimal|false|false
12:33:13.46 (47173024)|VARIABLE_ASSIGNMENT|[10]|celsius|0.00
12:33:13.46 (47177050)|STATEMENT_EXECUTE|[11]
12:33:13.47 (47219783)|CUMULATIVE_LIMIT_USAGE
12:33:13.47 (47219783)|LIMIT_USAGE_FOR_NS|(default)|
  Number of SOQL queries: 0 out of 100
  Number of query rows: 0 out of 50000
  Number of SOSL queries: 0 out of 20
  Number of DML statements: 0 out of 150
  Number of DML rows: 0 out of 10000
  Maximum CPU time: 0 out of 10000
  Maximum heap size: 0 out of 6000000
  Number of callouts: 0 out of 100
  Number of Email Invocations: 0 out of 10
  Number of future calls: 0 out of 50
  Number of queueable jobs added to the queue: 0 out of 50
  Number of Mobile Apex push calls: 0 out of 10

12:33:13.47 (47219783)|CUMULATIVE_LIMIT_USAGE_END

12:33:13.46 (47250529)|CODE_UNIT_FINISHED|TemperatureConverterTest.testFreezingPoint
12:33:13.46 (48064291)|EXECUTION_FINISHED
12:33:13.62 (62618463)|USER_INFO|[EXTERNAL]|0051r000007Oz5Q|lydia.abril@gmail.com|hora est치ndar de Europa central|GMT+01:00
12:33:13.62 (62636031)|EXECUTION_STARTED
12:33:13.62 (62639495)|CODE_UNIT_STARTED|[EXTERNAL]|01p1r000007WiaC|TemperatureConverterTest.testNegativeTemp
12:33:13.62 (62735648)|HEAP_ALLOCATE|[72]|Bytes:3
12:33:13.62 (62760815)|HEAP_ALLOCATE|[77]|Bytes:152
12:33:13.62 (62773501)|HEAP_ALLOCATE|[342]|Bytes:408
12:33:13.62 (62788200)|HEAP_ALLOCATE|[355]|Bytes:408
12:33:13.62 (62800742)|HEAP_ALLOCATE|[467]|Bytes:48
12:33:13.62 (62826661)|HEAP_ALLOCATE|[139]|Bytes:6
12:33:13.62 (62850331)|HEAP_ALLOCATE|[EXTERNAL]|Bytes:21
12:33:13.62 (62859350)|METHOD_ENTRY|[2]|01p1r000007WiaC|TemperatureConverterTest.TemperatureConverterTest()
12:33:13.62 (62866159)|STATEMENT_EXECUTE|[2]
12:33:13.62 (62869908)|STATEMENT_EXECUTE|[2]
12:33:13.62 (62873264)|METHOD_EXIT|[2]|TemperatureConverterTest
12:33:13.62 (62894616)|HEAP_ALLOCATE|[50]|Bytes:5
12:33:13.62 (62912935)|HEAP_ALLOCATE|[56]|Bytes:5
12:33:13.62 (62922613)|HEAP_ALLOCATE|[64]|Bytes:7
12:33:13.62 (62948104)|STATEMENT_EXECUTE|[18]
12:33:13.62 (62950080)|STATEMENT_EXECUTE|[19]
12:33:13.62 (62967562)|HEAP_ALLOCATE|[19]|Bytes:28
12:33:13.62 (62977322)|HEAP_ALLOCATE|[19]|Bytes:1
12:33:13.62 (62983146)|METHOD_ENTRY|[1]|01p1r000007WiVz|TemperatureConverter.TemperatureConverter()
12:33:13.62 (62987392)|STATEMENT_EXECUTE|[1]
12:33:13.62 (62989685)|STATEMENT_EXECUTE|[1]
12:33:13.62 (62992579)|METHOD_EXIT|[1]|TemperatureConverter
12:33:13.62 (63003256)|METHOD_ENTRY|[19]|01p1r000007WiVz|TemperatureConverter.FahrenheitToCelsius(Decimal)
12:33:13.62 (63024776)|VARIABLE_SCOPE_BEGIN|[3]|fh|Decimal|false|false
12:33:13.62 (63054838)|VARIABLE_ASSIGNMENT|[3]|fh|-10
12:33:13.62 (63066562)|STATEMENT_EXECUTE|[3]
12:33:13.62 (63067972)|STATEMENT_EXECUTE|[4]
12:33:13.62 (63074749)|HEAP_ALLOCATE|[4]|Bytes:28
12:33:13.62 (63114920)|HEAP_ALLOCATE|[4]|Bytes:28
12:33:13.62 (63145048)|HEAP_ALLOCATE|[4]|Bytes:28
12:33:13.62 (63151080)|HEAP_ALLOCATE|[4]|Bytes:28
12:33:13.62 (63177779)|HEAP_ALLOCATE|[4]|Bytes:28
12:33:13.62 (63190707)|HEAP_ALLOCATE|[4]|Bytes:28
12:33:13.62 (63193882)|HEAP_ALLOCATE|[4]|Bytes:28
12:33:13.62 (63234601)|HEAP_ALLOCATE|[4]|Bytes:28
12:33:13.62 (63240568)|HEAP_ALLOCATE|[4]|Bytes:28
12:33:13.62 (63256800)|VARIABLE_SCOPE_BEGIN|[4]|cs|Decimal|false|false
12:33:13.62 (63285759)|VARIABLE_ASSIGNMENT|[4]|cs|-23.3333333333333333333333333333333
12:33:13.62 (63290675)|STATEMENT_EXECUTE|[5]
12:33:13.62 (63315593)|HEAP_ALLOCATE|[5]|Bytes:28
12:33:13.62 (63327932)|METHOD_EXIT|[19]|01p1r000007WiVz|TemperatureConverter.FahrenheitToCelsius(Decimal)
12:33:13.62 (63334143)|VARIABLE_SCOPE_BEGIN|[19]|celsius|Decimal|false|false
12:33:13.62 (63344653)|VARIABLE_ASSIGNMENT|[19]|celsius|-23.33
12:33:13.62 (63348943)|STATEMENT_EXECUTE|[20]
12:33:13.62 (63352760)|HEAP_ALLOCATE|[20]|Bytes:5
12:33:13.62 (63362241)|HEAP_ALLOCATE|[20]|Bytes:28
12:33:13.62 (63407463)|HEAP_ALLOCATE|[20]|Bytes:28
12:33:13.63 (63442909)|CUMULATIVE_LIMIT_USAGE
12:33:13.63 (63442909)|LIMIT_USAGE_FOR_NS|(default)|
  Number of SOQL queries: 0 out of 100
  Number of query rows: 0 out of 50000
  Number of SOSL queries: 0 out of 20
  Number of DML statements: 0 out of 150
  Number of DML rows: 0 out of 10000
  Maximum CPU time: 0 out of 10000
  Maximum heap size: 0 out of 6000000
  Number of callouts: 0 out of 100
  Number of Email Invocations: 0 out of 10
  Number of future calls: 0 out of 50
  Number of queueable jobs added to the queue: 0 out of 50
  Number of Mobile Apex push calls: 0 out of 10

12:33:13.63 (63442909)|CUMULATIVE_LIMIT_USAGE_END

12:33:13.62 (63473984)|CODE_UNIT_FINISHED|TemperatureConverterTest.testNegativeTemp
12:33:13.62 (64249168)|EXECUTION_FINISHED
12:33:13.96 (96825230)|USER_INFO|[EXTERNAL]|0051r000007Oz5Q|lydia.abril@gmail.com|hora est치ndar de Europa central|GMT+01:00
12:33:13.96 (96849268)|EXECUTION_STARTED
12:33:13.96 (96852909)|CODE_UNIT_STARTED|[EXTERNAL]|01p1r000007WiaC|TemperatureConverterTest.testWarmTemp
12:33:13.96 (96961601)|HEAP_ALLOCATE|[72]|Bytes:3
12:33:13.96 (96988273)|HEAP_ALLOCATE|[77]|Bytes:152
12:33:13.96 (97002159)|HEAP_ALLOCATE|[342]|Bytes:408
12:33:13.96 (97016786)|HEAP_ALLOCATE|[355]|Bytes:408
12:33:13.96 (97029507)|HEAP_ALLOCATE|[467]|Bytes:48
12:33:13.96 (97053832)|HEAP_ALLOCATE|[139]|Bytes:6
12:33:13.96 (97068584)|HEAP_ALLOCATE|[EXTERNAL]|Bytes:21
12:33:13.96 (97077335)|METHOD_ENTRY|[2]|01p1r000007WiaC|TemperatureConverterTest.TemperatureConverterTest()
12:33:13.96 (97084202)|STATEMENT_EXECUTE|[2]
12:33:13.96 (97089004)|STATEMENT_EXECUTE|[2]
12:33:13.96 (97092236)|METHOD_EXIT|[2]|TemperatureConverterTest
12:33:13.96 (97110127)|HEAP_ALLOCATE|[50]|Bytes:5
12:33:13.96 (97127346)|HEAP_ALLOCATE|[56]|Bytes:5
12:33:13.96 (97134225)|HEAP_ALLOCATE|[64]|Bytes:7
12:33:13.96 (97161179)|STATEMENT_EXECUTE|[4]
12:33:13.96 (97163023)|STATEMENT_EXECUTE|[5]
12:33:13.96 (97178406)|HEAP_ALLOCATE|[5]|Bytes:28
12:33:13.96 (97187980)|HEAP_ALLOCATE|[5]|Bytes:1
12:33:13.96 (97194188)|METHOD_ENTRY|[1]|01p1r000007WiVz|TemperatureConverter.TemperatureConverter()
12:33:13.96 (97199293)|STATEMENT_EXECUTE|[1]
12:33:13.96 (97201731)|STATEMENT_EXECUTE|[1]
12:33:13.96 (97204463)|METHOD_EXIT|[1]|TemperatureConverter
12:33:13.96 (97215075)|METHOD_ENTRY|[5]|01p1r000007WiVz|TemperatureConverter.FahrenheitToCelsius(Decimal)
12:33:13.96 (97231953)|VARIABLE_SCOPE_BEGIN|[3]|fh|Decimal|false|false
12:33:13.96 (97253199)|VARIABLE_ASSIGNMENT|[3]|fh|70
12:33:13.96 (97262444)|STATEMENT_EXECUTE|[3]
12:33:13.96 (97263901)|STATEMENT_EXECUTE|[4]
12:33:13.96 (97269751)|HEAP_ALLOCATE|[4]|Bytes:28
12:33:13.96 (97302032)|HEAP_ALLOCATE|[4]|Bytes:28
12:33:13.96 (97321048)|HEAP_ALLOCATE|[4]|Bytes:28
12:33:13.96 (97325158)|HEAP_ALLOCATE|[4]|Bytes:28
12:33:13.96 (97341485)|HEAP_ALLOCATE|[4]|Bytes:28
12:33:13.96 (97352072)|HEAP_ALLOCATE|[4]|Bytes:28
12:33:13.96 (97355733)|HEAP_ALLOCATE|[4]|Bytes:28
12:33:13.96 (97391055)|HEAP_ALLOCATE|[4]|Bytes:28
12:33:13.96 (97395234)|HEAP_ALLOCATE|[4]|Bytes:28
12:33:13.96 (97404795)|VARIABLE_SCOPE_BEGIN|[4]|cs|Decimal|false|false
12:33:13.96 (97429723)|VARIABLE_ASSIGNMENT|[4]|cs|21.1111111111111111111111111111111
12:33:13.96 (97434571)|STATEMENT_EXECUTE|[5]
12:33:13.96 (97457649)|HEAP_ALLOCATE|[5]|Bytes:28
12:33:13.96 (97469427)|METHOD_EXIT|[5]|01p1r000007WiVz|TemperatureConverter.FahrenheitToCelsius(Decimal)
12:33:13.96 (97475449)|VARIABLE_SCOPE_BEGIN|[5]|celsius|Decimal|false|false
12:33:13.96 (97485370)|VARIABLE_ASSIGNMENT|[5]|celsius|21.11
12:33:13.96 (97489811)|STATEMENT_EXECUTE|[6]
12:33:13.96 (97492689)|HEAP_ALLOCATE|[6]|Bytes:5
12:33:13.96 (97502244)|HEAP_ALLOCATE|[6]|Bytes:28
12:33:13.97 (97540866)|CUMULATIVE_LIMIT_USAGE
12:33:13.97 (97540866)|LIMIT_USAGE_FOR_NS|(default)|
  Number of SOQL queries: 0 out of 100
  Number of query rows: 0 out of 50000
  Number of SOSL queries: 0 out of 20
  Number of DML statements: 0 out of 150
  Number of DML rows: 0 out of 10000
  Maximum CPU time: 0 out of 10000
  Maximum heap size: 0 out of 6000000
  Number of callouts: 0 out of 100
  Number of Email Invocations: 0 out of 10
  Number of future calls: 0 out of 50
  Number of queueable jobs added to the queue: 0 out of 50
  Number of Mobile Apex push calls: 0 out of 10

12:33:13.97 (97540866)|CUMULATIVE_LIMIT_USAGE_END

12:33:13.96 (97571168)|CODE_UNIT_FINISHED|TemperatureConverterTest.testWarmTemp
12:33:13.96 (98355689)|EXECUTION_FINISHED
