36.0 APEX_CODE,FINEST;APEX_PROFILING,INFO;CALLOUT,INFO;DB,INFO;SYSTEM,DEBUG;VALIDATION,INFO;VISUALFORCE,INFO;WAVE,INFO;WORKFLOW,INFO
16:11:01.0 (339969)|USER_INFO|[EXTERNAL]|0051r000007Oz5Q|lydia.abril@gmail.com|hora estándar de Europa central|GMT+02:00
16:11:01.0 (377180)|EXECUTION_STARTED
16:11:01.0 (380971)|CODE_UNIT_STARTED|[EXTERNAL]|01q1r000000j6Yv|TaskTrigger on Task trigger event AfterUpdate
16:11:01.0 (414402)|HEAP_ALLOCATE|[EXTERNAL]|Bytes:8
16:11:01.0 (523163)|HEAP_ALLOCATE|[EXTERNAL]|Bytes:8
16:11:01.0 (861314)|HEAP_ALLOCATE|[72]|Bytes:3
16:11:01.0 (892776)|HEAP_ALLOCATE|[77]|Bytes:152
16:11:01.0 (906752)|HEAP_ALLOCATE|[342]|Bytes:408
16:11:01.0 (918973)|HEAP_ALLOCATE|[355]|Bytes:408
16:11:01.0 (929610)|HEAP_ALLOCATE|[467]|Bytes:48
16:11:01.0 (953355)|HEAP_ALLOCATE|[139]|Bytes:6
16:11:01.0 (1082007)|HEAP_ALLOCATE|[EXTERNAL]|Bytes:12
16:11:01.0 (1091990)|VARIABLE_SCOPE_BEGIN|[1]|this|TaskTrigger|true|false
16:11:01.0 (1153484)|VARIABLE_ASSIGNMENT|[1]|this|{}|0x2a9f84d6
16:11:01.0 (1214381)|HEAP_ALLOCATE|[EXTERNAL]|Bytes:12
16:11:01.0 (1222668)|VARIABLE_SCOPE_BEGIN|[1]|this|TaskTrigger|true|false
16:11:01.0 (1236758)|VARIABLE_ASSIGNMENT|[1]|this|{}|0x2a9f84d6
16:11:01.0 (1247219)|STATEMENT_EXECUTE|[1]
16:11:01.0 (1249910)|STATEMENT_EXECUTE|[3]
16:11:01.0 (1285803)|HEAP_ALLOCATE|[50]|Bytes:5
16:11:01.0 (1307386)|HEAP_ALLOCATE|[56]|Bytes:5
16:11:01.0 (1316937)|HEAP_ALLOCATE|[64]|Bytes:7
16:11:01.0 (2183551)|VARIABLE_ASSIGNMENT|[3]|this.listNew|[{"Status":"Completed","LastModifiedDate":"2018-04-16T14:11:01.000Z","IsDeleted":false,"AccountId":"0011r00001nnRDqAAM","WhatId":"0061r00000vkPBBAA2","Priority":"Normal","IsHighPriority":false,"IsClosed":true,"IsRecurrence":false,"Subject":"aaaaaa","SystemModstamp":"2018-04-16T14:11:01.000Z","IsArchived":false,"CreatedById":"0051r000007Oz5QAAS","TaskSubtype":"Task","OwnerId":"0051r000007Oz5QAAS","CreatedDate":"2018-04-16T14:10:52.000Z","Id":"00T1r00004C7UQdEAN","DB_Activity_Type__c":"Other","IsReminderSet":false,"LastModifiedById":"0051r000007Oz5QAAS"}]|0x2a9f84d6
16:11:01.0 (2203463)|STATEMENT_EXECUTE|[5]
16:11:01.0 (2544586)|VARIABLE_ASSIGNMENT|[5]|this.mapOld|{"00T1r00004C7UQdEAN":{"Status":"Not Started","LastModifiedDate":"2018-04-16T14:10:52.000Z","IsDeleted":false,"AccountId":"0011r00001nnRDqAAM","WhatId":"0061r00000vkPBBAA2","Priority":"Normal","IsHighPriority":false,"IsClosed":false,"IsRecurrence":false,"Subject":"aaaaaa","SystemModstamp":"2018-04-16T14:10:52.000Z","IsArchived":false,"CreatedById":"0051r000007Oz5QAAS","TaskSubtype":"Task","OwnerId":"0051r000007Oz5QAAS","CreatedDate":"2018-04-16T14:10:52.000Z","Id":"00T1r00004C7UQdEAN","DB_Activity_Type__c":"Other","IsReminderSet":false,"LastModifiedById":"0051r000007Oz5QAAS"}}|0x2a9f84d6
16:11:01.0 (2572297)|STATEMENT_EXECUTE|[8]
16:11:01.0 (2578709)|STATEMENT_EXECUTE|[9]
16:11:01.0 (2580519)|STATEMENT_EXECUTE|[10]
16:11:01.0 (4675751)|HEAP_ALLOCATE|[10]|Bytes:4
16:11:01.0 (4686844)|HEAP_ALLOCATE|[10]|Bytes:16
16:11:01.0 (4703814)|METHOD_ENTRY|[1]|01p1r000009oS6S|TaskMethods.TaskMethods()
16:11:01.0 (4713346)|STATEMENT_EXECUTE|[1]
16:11:01.0 (4718663)|STATEMENT_EXECUTE|[1]
16:11:01.0 (5135180)|SYSTEM_MODE_ENTER|false
16:11:01.0 (5149721)|HEAP_ALLOCATE|[10]|Bytes:5
16:11:01.0 (5157946)|SYSTEM_MODE_EXIT|false
16:11:01.0 (5167731)|METHOD_EXIT|[1]|TaskMethods
16:11:01.0 (5194877)|METHOD_ENTRY|[10]|01p1r000009oS6S|TaskMethods.CerrarTarea(List<Task>, Map<Id,Task>)
16:11:01.0 (5229559)|VARIABLE_SCOPE_BEGIN|[3]|listTask|List<Task>|true|false
16:11:01.0 (5544283)|VARIABLE_ASSIGNMENT|[3]|listTask|[{"Status":"Completed","LastModifiedDate":"2018-04-16T14:11:01.000Z","IsDeleted":false,"AccountId":"0011r00001nnRDqAAM","WhatId":"0061r00000vkPBBAA2","Priority":"Normal","IsHighPriority":false,"IsClosed":true,"IsRecurrence":false,"Subject":"aaaaaa","SystemModstamp":"2018-04-16T14:11:01.000Z","IsArchived":false,"CreatedById":"0051r000007Oz5QAAS","TaskSubtype":"Task","OwnerId":"0051r000007Oz5QAAS","CreatedDate":"2018-04-16T14:10:52.000Z","Id":"00T1r00004C7UQdEAN","DB_Activity_Type__c":"Other","IsReminderSet":false,"LastModifiedById":"0051r000007Oz5QAAS"}]|0x77deeab3
16:11:01.0 (5561879)|VARIABLE_SCOPE_BEGIN|[3]|mapTaskOld|Map<Id,Task>|true|false
16:11:01.0 (5807702)|VARIABLE_ASSIGNMENT|[3]|mapTaskOld|{"00T1r00004C7UQdEAN":{"Status":"Not Started","LastModifiedDate":"2018-04-16T14:10:52.000Z","IsDeleted":false,"AccountId":"0011r00001nnRDqAAM","WhatId":"0061r00000vkPBBAA2","Priority":"Normal","IsHighPriority":false,"IsClosed":false,"IsRecurrence":false,"Subject":"aaaaaa","SystemModstamp":"2018-04-16T14:10:52.000Z","IsArchived":false,"CreatedById":"0051r000007Oz5QAAS","TaskSubtype":"Task","OwnerId":"0051r000007Oz5QAAS","CreatedDate":"2018-04-16T14:10:52.000Z","Id":"00T1r00004C7UQdEAN","DB_Activity_Type__c":"Other","IsReminderSet":false,"LastModifiedById":"0051r000007Oz5QAAS"}}|0x56dccedb
16:11:01.0 (5847041)|SYSTEM_MODE_ENTER|false
16:11:01.0 (5855160)|HEAP_ALLOCATE|[5]|Bytes:5
16:11:01.0 (5861558)|STATEMENT_EXECUTE|[3]
16:11:01.0 (5935715)|STATEMENT_EXECUTE|[5]
16:11:01.0 (5937994)|STATEMENT_EXECUTE|[9]
16:11:01.0 (5951593)|HEAP_ALLOCATE|[9]|Bytes:4
16:11:01.0 (5983958)|VARIABLE_SCOPE_BEGIN|[9]|setTaskIds|Set<String>|true|false
16:11:01.0 (6008641)|VARIABLE_ASSIGNMENT|[9]|setTaskIds|[]|0x1271aeda
16:11:01.0 (6133610)|HEAP_ALLOCATE|[11]|Bytes:5
16:11:01.0 (6152303)|VARIABLE_SCOPE_BEGIN|[11]|inTask|Task|true|false
16:11:01.0 (6355809)|VARIABLE_ASSIGNMENT|[11]|inTask|{"Status":"Completed","LastModifiedDate":"2018-04-16T14:11:01.000Z","IsDeleted":false,"AccountId":"0011r00001nnRDqAAM","WhatId":"0061r00000vkPBBAA2","Priority":"Normal","IsHighPriority":false,"IsClosed":true,"IsRecurrence":false,"Subject":"aaaaaa","SystemModstamp":"2018-04-16T14:11:01.000Z","IsArchived":false,"CreatedById":"0051r000007Oz5QAAS","TaskSubtype":"Task","OwnerId":"0051r000007Oz5QAAS","CreatedDate":"2018-04-16T14:10:52.000Z","Id":"00T1r00004C7UQdEAN","DB_Activity_Type__c":"Other","IsReminderSet":false,"LastModifiedById":"0051r000007Oz5QAAS"}|0x2260fbd7
16:11:01.0 (6371674)|STATEMENT_EXECUTE|[11]
16:11:01.0 (6463567)|HEAP_ALLOCATE|[12]|Bytes:9
16:11:01.0 (6503576)|STATEMENT_EXECUTE|[12]
16:11:01.0 (6505894)|STATEMENT_EXECUTE|[14]
16:11:01.0 (6543538)|HEAP_ALLOCATE|[EXTERNAL]|Bytes:4
16:11:01.0 (6570383)|HEAP_ALLOCATE|[11]|Bytes:5
16:11:01.0 (6589825)|VARIABLE_ASSIGNMENT|[11]|inTask|null|
16:11:01.0 (6595890)|STATEMENT_EXECUTE|[18]
16:11:01.0 (6613476)|HEAP_ALLOCATE|[18]|Bytes:4
16:11:01.0 (6635618)|HEAP_ALLOCATE|[18]|Bytes:206
16:11:01.0 (6648749)|HEAP_ALLOCATE|[18]|Bytes:4
16:11:01.0 (6657281)|HEAP_ALLOCATE|[18]|Bytes:7
16:11:01.0 (6685000)|HEAP_ALLOCATE|[18]|Bytes:8
16:11:01.0 (6693131)|HEAP_ALLOCATE|[18]|Bytes:8
16:11:01.0 (7749287)|SOQL_EXECUTE_BEGIN|[18]|Aggregations:0|SELECT TYPEOF What WHEN Opportunity THEN Account.ParentId, Account.Fecha_ultima_actividad_mas_reciente__c WHEN Account THEN ParentId, Fecha_ultima_actividad_mas_reciente__c END FROM Task WHERE Id = :tmpVar1
16:11:01.0 (14078795)|SOQL_EXECUTE_END|[18]|Rows:1
16:11:01.0 (14101020)|HEAP_ALLOCATE|[18]|Bytes:8
16:11:01.0 (14123706)|HEAP_ALLOCATE|[18]|Bytes:193
16:11:01.0 (14157940)|HEAP_ALLOCATE|[18]|Bytes:8
16:11:01.0 (14184836)|HEAP_ALLOCATE|[18]|Bytes:16
16:11:01.0 (14190386)|HEAP_ALLOCATE|[18]|Bytes:16
16:11:01.0 (14193689)|HEAP_ALLOCATE|[18]|Bytes:4
16:11:01.0 (14203969)|VARIABLE_SCOPE_BEGIN|[18]|listTaskType|List<Task>|true|false
16:11:01.0 (14216269)|HEAP_ALLOCATE|[EXTERNAL]|Bytes:8
16:11:01.0 (14238971)|VARIABLE_ASSIGNMENT|[18]|listTaskType|[{"WhatId":"0061r00000vkPBBAA2","Id":"00T1r00004C7UQdEAN","What":{"Id":"0061r00000vkPBBAA2","AccountId":"0011r00001nnRDqAAM","Account":{"Id":"0011r00001nnRDqAAM","ParentId":"0011r00001mvH7mAAE"}}}]|0x2eab3b28
16:11:01.0 (14249104)|STATEMENT_EXECUTE|[26]
16:11:01.0 (14253000)|HEAP_ALLOCATE|[26]|Bytes:40
16:11:01.0 (14350074)|HEAP_ALLOCATE|[26]|Bytes:57
16:11:01.0 (14371145)|HEAP_ALLOCATE|[26]|Bytes:97
16:11:01.0 (14389516)|USER_DEBUG|[26]|DEBUG|TaskMethods.CerrarTarea.listTaskType :: (Task:{WhatId=0061r00000vkPBBAA2, Id=00T1r00004C7UQdEAN})
16:11:01.0 (14402484)|SYSTEM_MODE_EXIT|false
16:11:01.0 (14414580)|METHOD_EXIT|[10]|01p1r000009oS6S|TaskMethods.CerrarTarea(List<Task>, Map<Id,Task>)
16:11:01.14 (14426637)|CUMULATIVE_LIMIT_USAGE
16:11:01.14 (14426637)|LIMIT_USAGE_FOR_NS|(default)|
  Number of SOQL queries: 1 out of 100
  Number of query rows: 1 out of 50000
  Number of SOSL queries: 0 out of 20
  Number of DML statements: 0 out of 150
  Number of DML rows: 0 out of 10000
  Maximum CPU time: 0 out of 10000
  Maximum heap size: 0 out of 6000000
  Number of callouts: 0 out of 100
  Number of Email Invocations: 0 out of 10
  Number of future calls: 0 out of 50
  Number of queueable jobs added to the queue: 0 out of 50
  Number of Mobile Apex push calls: 0 out of 10

16:11:01.14 (14426637)|CUMULATIVE_LIMIT_USAGE_END

16:11:01.0 (15711661)|CODE_UNIT_FINISHED|TaskTrigger on Task trigger event AfterUpdate
16:11:01.0 (16724676)|EXECUTION_FINISHED
