36.0 APEX_CODE,FINEST;APEX_PROFILING,INFO;CALLOUT,INFO;DB,INFO;SYSTEM,DEBUG;VALIDATION,INFO;VISUALFORCE,INFO;WAVE,INFO;WORKFLOW,INFO
16:28:57.0 (337320)|USER_INFO|[EXTERNAL]|0051r000007Oz5Q|lydia.abril@gmail.com|hora estándar de Europa central|GMT+02:00
16:28:57.0 (371615)|EXECUTION_STARTED
16:28:57.0 (376697)|CODE_UNIT_STARTED|[EXTERNAL]|01q1r000000Bcgl|ClosedOpportunityTrigger on Opportunity trigger event AfterInsert
16:28:57.0 (410225)|HEAP_ALLOCATE|[EXTERNAL]|Bytes:8
16:28:57.0 (889630)|HEAP_ALLOCATE|[72]|Bytes:3
16:28:57.0 (950720)|HEAP_ALLOCATE|[77]|Bytes:152
16:28:57.0 (965322)|HEAP_ALLOCATE|[342]|Bytes:408
16:28:57.0 (979071)|HEAP_ALLOCATE|[355]|Bytes:408
16:28:57.0 (992284)|HEAP_ALLOCATE|[467]|Bytes:48
16:28:57.0 (1030407)|HEAP_ALLOCATE|[139]|Bytes:6
16:28:57.0 (1139628)|HEAP_ALLOCATE|[EXTERNAL]|Bytes:8
16:28:57.0 (1166037)|VARIABLE_SCOPE_BEGIN|[1]|this|ClosedOpportunityTrigger|true|false
16:28:57.0 (1464479)|VARIABLE_ASSIGNMENT|[1]|this|{}|0x3388ac9b
16:28:57.0 (1527545)|HEAP_ALLOCATE|[EXTERNAL]|Bytes:8
16:28:57.0 (1544026)|VARIABLE_SCOPE_BEGIN|[1]|this|ClosedOpportunityTrigger|true|false
16:28:57.0 (1559567)|VARIABLE_ASSIGNMENT|[1]|this|{}|0x3388ac9b
16:28:57.0 (1569527)|STATEMENT_EXECUTE|[1]
16:28:57.0 (1572149)|STATEMENT_EXECUTE|[3]
16:28:57.0 (1599598)|HEAP_ALLOCATE|[3]|Bytes:4
16:28:57.0 (1727418)|HEAP_ALLOCATE|[50]|Bytes:5
16:28:57.0 (1751192)|HEAP_ALLOCATE|[56]|Bytes:5
16:28:57.0 (1760089)|HEAP_ALLOCATE|[64]|Bytes:7
16:28:57.0 (1788541)|HEAP_ALLOCATE|[EXTERNAL]|Bytes:4
16:28:57.0 (1802140)|VARIABLE_ASSIGNMENT|[3]|this.taskList|[]|0x3388ac9b
16:28:57.0 (1810939)|HEAP_ALLOCATE|[5]|Bytes:89
16:28:57.0 (1823777)|HEAP_ALLOCATE|[5]|Bytes:4
16:28:57.0 (1842167)|HEAP_ALLOCATE|[5]|Bytes:7
16:28:57.0 (2124810)|SOQL_EXECUTE_BEGIN|[5]|Aggregations:0|SELECT Id, StageName FROM Opportunity 
16:28:57.0 (4980544)|SOQL_EXECUTE_END|[5]|Rows:0
16:28:57.0 (5150953)|HEAP_ALLOCATE|[5]|Bytes:54
16:28:57.0 (5160650)|HEAP_ALLOCATE|[5]|Bytes:8
16:28:57.0 (5182555)|SYSTEM_METHOD_ENTRY|[7]|QueryLocatorIterator.QueryLocatorIterator()
16:28:57.0 (5188702)|STATEMENT_EXECUTE|[7]
16:28:57.0 (5204319)|SYSTEM_METHOD_EXIT|[7]|QueryLocatorIterator
16:28:57.0 (5212507)|HEAP_ALLOCATE|[5]|Bytes:28
16:28:57.0 (5228801)|HEAP_ALLOCATE|[5]|Bytes:8
16:28:57.0 (5232620)|HEAP_ALLOCATE|[5]|Bytes:8
16:28:57.0 (5237014)|VARIABLE_SCOPE_BEGIN|[15]|this|Database.QueryLocatorIterator|true|false
16:28:57.0 (5272587)|VARIABLE_ASSIGNMENT|[15]|this|{}|0xee1097f
16:28:57.0 (5280213)|VARIABLE_SCOPE_BEGIN|[15]|values|List<SObject>|true|false
16:28:57.0 (5290143)|VARIABLE_ASSIGNMENT|[15]|values|null|
16:28:57.0 (5294895)|VARIABLE_SCOPE_BEGIN|[15]|ql|Database.QueryLocator|true|false
16:28:57.0 (5315177)|VARIABLE_ASSIGNMENT|[15]|ql|{"query":"SELECT Id, StageName (69 more) ..."}|0x68166e46
16:28:57.0 (5320308)|VARIABLE_SCOPE_BEGIN|[15]|totalNumRecords|Integer|false|false
16:28:57.0 (5328903)|VARIABLE_ASSIGNMENT|[15]|totalNumRecords|0
16:28:57.0 (5333338)|VARIABLE_SCOPE_BEGIN|[15]|queryMoreSize|Integer|false|false
16:28:57.0 (5339872)|VARIABLE_ASSIGNMENT|[15]|queryMoreSize|50000
16:28:57.0 (5426535)|HEAP_ALLOCATE|[5]|Bytes:28
16:28:57.0 (5467621)|METHOD_ENTRY|[5]||Database.QueryLocatorIterator.hasNext()
16:28:57.0 (5489825)|METHOD_EXIT|[5]||Database.QueryLocatorIterator.hasNext()
16:28:57.0 (5500052)|VARIABLE_ASSIGNMENT|[5]|opp|null|
16:28:57.0 (5506145)|STATEMENT_EXECUTE|[5]
16:28:57.0 (5545574)|STATEMENT_EXECUTE|[12]
16:28:57.5 (5551161)|CUMULATIVE_LIMIT_USAGE
16:28:57.5 (5551161)|LIMIT_USAGE_FOR_NS|(default)|
  Number of SOQL queries: 1 out of 100
  Number of query rows: 0 out of 50000
  Number of SOSL queries: 0 out of 20
  Number of DML statements: 0 out of 150
  Number of DML rows: 0 out of 10000
  Maximum CPU time: 0 out of 10000
  Maximum heap size: 0 out of 6000000
  Number of callouts: 0 out of 100
  Number of Email Invocations: 0 out of 10
  Number of future calls: 0 out of 50
  Number of queueable jobs added to the queue: 0 out of 50
  Number of Mobile Apex push calls: 0 out of 10

16:28:57.5 (5551161)|CUMULATIVE_LIMIT_USAGE_END

16:28:57.0 (6392192)|CODE_UNIT_FINISHED|ClosedOpportunityTrigger on Opportunity trigger event AfterInsert
16:28:57.0 (7224528)|EXECUTION_FINISHED
