36.0 APEX_CODE,FINEST;APEX_PROFILING,INFO;CALLOUT,INFO;DB,INFO;SYSTEM,DEBUG;VALIDATION,INFO;VISUALFORCE,INFO;WAVE,INFO;WORKFLOW,INFO
16:37:39.0 (321151)|USER_INFO|[EXTERNAL]|0051r000007Oz5Q|lydia.abril@gmail.com|hora estándar de Europa central|GMT+02:00
16:37:39.0 (363817)|EXECUTION_STARTED
16:37:39.0 (367883)|CODE_UNIT_STARTED|[EXTERNAL]|01p1r000009on3X|TarjetaTest.testCrearOportunidad
16:37:39.0 (605941)|HEAP_ALLOCATE|[72]|Bytes:3
16:37:39.0 (641997)|HEAP_ALLOCATE|[77]|Bytes:152
16:37:39.0 (656407)|HEAP_ALLOCATE|[342]|Bytes:408
16:37:39.0 (670115)|HEAP_ALLOCATE|[355]|Bytes:408
16:37:39.0 (681693)|HEAP_ALLOCATE|[467]|Bytes:48
16:37:39.0 (706634)|HEAP_ALLOCATE|[139]|Bytes:6
16:37:39.0 (721285)|HEAP_ALLOCATE|[EXTERNAL]|Bytes:47
16:37:39.0 (738574)|METHOD_ENTRY|[2]|01p1r000009on3X|TarjetaTest.TarjetaTest()
16:37:39.0 (746378)|STATEMENT_EXECUTE|[2]
16:37:39.0 (750495)|STATEMENT_EXECUTE|[2]
16:37:39.0 (755261)|METHOD_EXIT|[2]|TarjetaTest
16:37:39.0 (929573)|HEAP_ALLOCATE|[50]|Bytes:5
16:37:39.0 (951762)|HEAP_ALLOCATE|[56]|Bytes:5
16:37:39.0 (961056)|HEAP_ALLOCATE|[64]|Bytes:7
16:37:39.0 (993747)|STATEMENT_EXECUTE|[4]
16:37:39.0 (995984)|STATEMENT_EXECUTE|[6]
16:37:39.0 (998816)|HEAP_ALLOCATE|[6]|Bytes:51
16:37:39.0 (1013310)|HEAP_ALLOCATE|[6]|Bytes:4
16:37:39.0 (1198715)|SOQL_EXECUTE_BEGIN|[6]|Aggregations:0|SELECT Alias FROM User WHERE Alias = 'test' LIMIT 1
16:37:39.0 (5850312)|SOQL_EXECUTE_END|[6]|Rows:1
16:37:39.0 (5872654)|HEAP_ALLOCATE|[6]|Bytes:8
16:37:39.0 (5888680)|HEAP_ALLOCATE|[6]|Bytes:42
16:37:39.0 (5979620)|HEAP_ALLOCATE|[6]|Bytes:8
16:37:39.0 (5992025)|HEAP_ALLOCATE|[6]|Bytes:30
16:37:39.0 (6055947)|HEAP_ALLOCATE|[6]|Bytes:12
16:37:39.0 (6066042)|VARIABLE_SCOPE_BEGIN|[6]|userAborda|User|true|false
16:37:39.0 (6101513)|VARIABLE_ASSIGNMENT|[6]|userAborda|{"Alias":"test","Id":"0051r00000894UtAAI"}|0x610784cb
16:37:39.0 (6110772)|STATEMENT_EXECUTE|[8]
16:37:39.0 (6142455)|HEAP_ALLOCATE|[8]|Bytes:4
16:37:39.0 (6211635)|HEAP_ALLOCATE|[8]|Bytes:13
16:37:39.0 (6250495)|VARIABLE_ASSIGNMENT|[8]|this.Name|"CuentaPrueba0"|0x77c3642c
16:37:39.0 (6280063)|VARIABLE_SCOPE_BEGIN|[8]|oAccount|Account|true|false
16:37:39.0 (6294792)|VARIABLE_ASSIGNMENT|[8]|oAccount|{"Name":"CuentaPrueba0"}|0x77c3642c
16:37:39.0 (6301695)|STATEMENT_EXECUTE|[9]
16:37:39.0 (6320575)|HEAP_ALLOCATE|[9]|Bytes:8
16:37:39.0 (6328885)|DML_BEGIN|[9]|Op:Insert|Type:Account|Rows:1
16:37:39.0 (6353363)|HEAP_ALLOCATE|[EXTERNAL]|Bytes:8
16:37:39.0 (14973039)|CODE_UNIT_STARTED|[EXTERNAL]|DuplicateDetector
16:37:39.0 (14992228)|DUPLICATE_DETECTION_BEGIN
16:37:39.0 (15509400)|DUPLICATE_DETECTION_RULE_INVOCATION|DuplicateRuleId:0Bm1r0000018X88|DuplicateRuleName:Standard Account Duplicate Rule|DmlType:INSERT
16:37:39.0 (36201214)|DUPLICATE_DETECTION_MATCH_INVOCATION_DETAILS|EntityType:Account|ActionTaken:Allow_[Alert,Report]|DuplicateRecordIds:
16:37:39.0 (36245972)|DUPLICATE_DETECTION_MATCH_INVOCATION_SUMMARY|EntityType:Account|NumRecordsToBeSaved:1|NumRecordsToBeSavedWithDuplicates:0|NumDuplicateRecordsFound:0
16:37:39.0 (36463234)|DUPLICATE_DETECTION_END
16:37:39.0 (36471789)|CODE_UNIT_FINISHED|DuplicateDetector
16:37:39.0 (64669560)|DML_END|[9]
16:37:39.0 (64701934)|STATEMENT_EXECUTE|[11]
16:37:39.0 (64772717)|HEAP_ALLOCATE|[11]|Bytes:4
16:37:39.0 (64886433)|HEAP_ALLOCATE|[11]|Bytes:15
16:37:39.0 (64936927)|VARIABLE_ASSIGNMENT|[11]|this.LastName|"ContactoPrueba0"|0x252fbbdd
16:37:39.0 (64945699)|HEAP_ALLOCATE|[11]|Bytes:9
16:37:39.0 (64962003)|VARIABLE_ASSIGNMENT|[11]|this.Nif__c|"47898592B"|0x252fbbdd
16:37:39.0 (65007451)|VARIABLE_ASSIGNMENT|[11]|this.AccountId|"0011r00001nnUgkAAE"|0x252fbbdd
16:37:39.0 (65029900)|VARIABLE_ASSIGNMENT|[11]|this.Premium__c|true|0x252fbbdd
16:37:39.0 (65069334)|VARIABLE_SCOPE_BEGIN|[11]|oContact|Contact|true|false
16:37:39.0 (65092970)|VARIABLE_ASSIGNMENT|[11]|oContact|{"LastName":"ContactoPrueba0","Nif__c":"47898592B","AccountId":"0011r00001nnUgkAAE","Premium__c":true}|0x252fbbdd
16:37:39.0 (65101355)|STATEMENT_EXECUTE|[12]
16:37:39.0 (65127885)|HEAP_ALLOCATE|[12]|Bytes:8
16:37:39.0 (65136372)|DML_BEGIN|[12]|Op:Insert|Type:Contact|Rows:1
16:37:39.0 (65175957)|HEAP_ALLOCATE|[EXTERNAL]|Bytes:8
16:37:39.0 (71980208)|CODE_UNIT_STARTED|[EXTERNAL]|01q1r000000j4Bx|ContactTrigger on Contact trigger event BeforeInsert
16:37:39.0 (72015206)|HEAP_ALLOCATE|[EXTERNAL]|Bytes:8
16:37:39.0 (72134133)|HEAP_ALLOCATE|[EXTERNAL]|Bytes:8
16:37:39.0 (72150469)|VARIABLE_SCOPE_BEGIN|[1]|this|ContactTrigger|true|false
16:37:39.0 (72208039)|VARIABLE_ASSIGNMENT|[1]|this|{}|0x18088ed4
16:37:39.0 (72263592)|HEAP_ALLOCATE|[EXTERNAL]|Bytes:8
16:37:39.0 (72331388)|VARIABLE_SCOPE_BEGIN|[1]|this|ContactTrigger|true|false
16:37:39.0 (72351749)|VARIABLE_ASSIGNMENT|[1]|this|{}|0x18088ed4
16:37:39.0 (72364472)|STATEMENT_EXECUTE|[1]
16:37:39.0 (72367426)|STATEMENT_EXECUTE|[3]
16:37:39.0 (72836163)|VARIABLE_ASSIGNMENT|[3]|this.listNew|[{"IsDeleted":false,"AccountId":"0011r00001nnUgkAAE","IsEmailBounced":false,"CleanStatus":"Pending","DoNotCall":false,"OwnerId":"0051r000007Oz5QAAS","Premium__c":true,"HasOptedOutOfEmail":false,"HasOptedOutOfFax":false,"Nif__c":"47898592B","LastName":"ContactoPrueba0"}]|0x18088ed4
16:37:39.0 (72860343)|STATEMENT_EXECUTE|[5]
16:37:39.0 (72868598)|STATEMENT_EXECUTE|[6]
16:37:39.0 (72870416)|STATEMENT_EXECUTE|[7]
16:37:39.0 (73948870)|HEAP_ALLOCATE|[7]|Bytes:1
16:37:39.0 (73991135)|METHOD_ENTRY|[1]|01p1r000008aKc5|ContactMethods.ContactMethods()
16:37:39.0 (73998382)|STATEMENT_EXECUTE|[1]
16:37:39.0 (74003327)|STATEMENT_EXECUTE|[1]
16:37:39.0 (74337101)|SYSTEM_MODE_ENTER|false
16:37:39.0 (74353780)|HEAP_ALLOCATE|[7]|Bytes:5
16:37:39.0 (74364286)|SYSTEM_MODE_EXIT|false
16:37:39.0 (74375346)|METHOD_EXIT|[1]|ContactMethods
16:37:39.0 (74400316)|METHOD_ENTRY|[7]|01p1r000008aKc5|ContactMethods.ValidarNif(List<Contact>)
16:37:39.0 (74430084)|VARIABLE_SCOPE_BEGIN|[3]|listNew|List<Contact>|true|false
16:37:39.0 (74669585)|VARIABLE_ASSIGNMENT|[3]|listNew|[{"IsDeleted":false,"AccountId":"0011r00001nnUgkAAE","IsEmailBounced":false,"CleanStatus":"Pending","DoNotCall":false,"OwnerId":"0051r000007Oz5QAAS","Premium__c":true,"HasOptedOutOfEmail":false,"HasOptedOutOfFax":false,"Nif__c":"47898592B","LastName":"ContactoPrueba0"}]|0x7908c742
16:37:39.0 (74703256)|SYSTEM_MODE_ENTER|false
16:37:39.0 (74711141)|HEAP_ALLOCATE|[5]|Bytes:5
16:37:39.0 (74717331)|STATEMENT_EXECUTE|[3]
16:37:39.0 (74830081)|STATEMENT_EXECUTE|[5]
16:37:39.0 (74979238)|HEAP_ALLOCATE|[7]|Bytes:5
16:37:39.0 (75003122)|HEAP_ALLOCATE|[7]|Bytes:4
16:37:39.0 (75013232)|VARIABLE_SCOPE_BEGIN|[7]|inContact|Contact|true|false
16:37:39.0 (75250748)|VARIABLE_ASSIGNMENT|[7]|inContact|{"IsDeleted":false,"AccountId":"0011r00001nnUgkAAE","IsEmailBounced":false,"CleanStatus":"Pending","DoNotCall":false,"OwnerId":"0051r000007Oz5QAAS","Premium__c":true,"HasOptedOutOfEmail":false,"HasOptedOutOfFax":false,"Nif__c":"47898592B","LastName":"ContactoPrueba0"}|0x958a172
16:37:39.0 (75262567)|STATEMENT_EXECUTE|[7]
16:37:39.0 (76087680)|HEAP_ALLOCATE|[8]|Bytes:1
16:37:39.0 (76098592)|HEAP_ALLOCATE|[8]|Bytes:7
16:37:39.0 (76111463)|METHOD_ENTRY|[1]|01p1r000009oduV|Utils.Utils()
16:37:39.0 (76117829)|STATEMENT_EXECUTE|[1]
16:37:39.0 (76122157)|STATEMENT_EXECUTE|[1]
16:37:39.0 (76134572)|HEAP_ALLOCATE|[8]|Bytes:5
16:37:39.0 (76143448)|METHOD_EXIT|[1]|Utils
16:37:39.0 (76160014)|METHOD_ENTRY|[8]|01p1r000009oduV|Utils.isNifNie(String)
16:37:39.0 (76179210)|VARIABLE_SCOPE_BEGIN|[3]|nif|String|false|false
16:37:39.0 (76190789)|VARIABLE_ASSIGNMENT|[3]|nif|"47898592B"
16:37:39.0 (76211781)|HEAP_ALLOCATE|[5]|Bytes:5
16:37:39.0 (76217324)|STATEMENT_EXECUTE|[3]
16:37:39.0 (76219449)|STATEMENT_EXECUTE|[5]
16:37:39.0 (76222169)|HEAP_ALLOCATE|[5]|Bytes:4
16:37:39.0 (76240192)|HEAP_ALLOCATE|[5]|Bytes:13
16:37:39.0 (76286729)|USER_DEBUG|[5]|DEBUG|NIF 47898592B
16:37:39.0 (76325915)|HEAP_ALLOCATE|[7]|Bytes:9
16:37:39.0 (76337348)|HEAP_ALLOCATE|[7]|Bytes:1
16:37:39.0 (76358575)|HEAP_ALLOCATE|[7]|Bytes:9
16:37:39.0 (76365905)|HEAP_ALLOCATE|[7]|Bytes:1
16:37:39.0 (76381277)|HEAP_ALLOCATE|[7]|Bytes:9
16:37:39.0 (76387977)|HEAP_ALLOCATE|[7]|Bytes:1
16:37:39.0 (76400330)|STATEMENT_EXECUTE|[7]
16:37:39.0 (76402306)|STATEMENT_EXECUTE|[11]
16:37:39.0 (76404517)|HEAP_ALLOCATE|[11]|Bytes:59
16:37:39.0 (76441919)|HEAP_ALLOCATE|[11]|Bytes:24
16:37:39.0 (76451303)|SYSTEM_METHOD_ENTRY|[1]|Pattern.Pattern()
16:37:39.0 (76455694)|STATEMENT_EXECUTE|[1]
16:37:39.0 (76462104)|SYSTEM_METHOD_EXIT|[1]|Pattern
16:37:39.0 (76472491)|METHOD_ENTRY|[11]||System.Pattern.compile(String)
16:37:39.0 (76666877)|METHOD_EXIT|[11]||System.Pattern.compile(String)
16:37:39.0 (76675166)|VARIABLE_SCOPE_BEGIN|[11]|nifPattern|System.Pattern|true|false
16:37:39.0 (76697327)|VARIABLE_ASSIGNMENT|[11]|nifPattern|{"delegate":"0x688f3561"}|0x45decbed
16:37:39.0 (76704373)|STATEMENT_EXECUTE|[12]
16:37:39.0 (76714397)|METHOD_ENTRY|[12]||System.Pattern.matcher(String)
16:37:39.0 (76862653)|METHOD_EXIT|[12]||System.Pattern.matcher(String)
16:37:39.0 (76869589)|VARIABLE_SCOPE_BEGIN|[12]|m|System.Matcher|true|false
16:37:39.0 (76887515)|VARIABLE_ASSIGNMENT|[12]|m|{"delegate":"0x4e941e11"}|0x161c0dbb
16:37:39.0 (76901869)|METHOD_ENTRY|[13]||System.Matcher.matches()
16:37:39.0 (76957681)|METHOD_EXIT|[13]||System.Matcher.matches()
16:37:39.0 (76965252)|STATEMENT_EXECUTE|[13]
16:37:39.0 (76967202)|STATEMENT_EXECUTE|[14]
16:37:39.0 (76975657)|METHOD_ENTRY|[14]||System.Matcher.group(Integer)
16:37:39.0 (77025324)|METHOD_EXIT|[14]||System.Matcher.group(Integer)
16:37:39.0 (77032126)|VARIABLE_SCOPE_BEGIN|[14]|letra|String|false|false
16:37:39.0 (77042319)|VARIABLE_ASSIGNMENT|[14]|letra|"B"
16:37:39.0 (77047315)|STATEMENT_EXECUTE|[16]
16:37:39.0 (77049945)|HEAP_ALLOCATE|[16]|Bytes:23
16:37:39.0 (77054853)|VARIABLE_SCOPE_BEGIN|[16]|letras|String|false|false
16:37:39.0 (77064839)|VARIABLE_ASSIGNMENT|[16]|letras|"TRWAGMYFPDXBNJZSQVHL (3 more) ..."
16:37:39.0 (77069433)|STATEMENT_EXECUTE|[17]
16:37:39.0 (77075076)|METHOD_ENTRY|[17]||System.Matcher.group(Integer)
16:37:39.0 (77102777)|METHOD_EXIT|[17]||System.Matcher.group(Integer)
16:37:39.0 (77125631)|VARIABLE_SCOPE_BEGIN|[17]|dni|Integer|false|false
16:37:39.0 (77134448)|HEAP_ALLOCATE|[17]|Bytes:4
16:37:39.0 (77141614)|VARIABLE_ASSIGNMENT|[17]|dni|47898592
16:37:39.0 (77146107)|STATEMENT_EXECUTE|[18]
16:37:39.0 (77175215)|VARIABLE_SCOPE_BEGIN|[2]|Math.E|Double|false|true
16:37:39.0 (77182880)|VARIABLE_SCOPE_BEGIN|[3]|Math.PI|Double|false|true
16:37:39.0 (77196188)|HEAP_ALLOCATE|[18]|Bytes:206
16:37:39.0 (77205216)|SYSTEM_METHOD_ENTRY|[1]|Math.Math()
16:37:39.0 (77209337)|STATEMENT_EXECUTE|[1]
16:37:39.0 (77253447)|SYSTEM_METHOD_EXIT|[1]|Math
16:37:39.0 (77263410)|METHOD_ENTRY|[18]||System.Math.mod(Integer, Integer)
16:37:39.0 (77312548)|METHOD_EXIT|[18]||System.Math.mod(Integer, Integer)
16:37:39.0 (77318022)|HEAP_ALLOCATE|[18]|Bytes:4
16:37:39.0 (77325672)|VARIABLE_ASSIGNMENT|[18]|dni|11
16:37:39.0 (77331299)|STATEMENT_EXECUTE|[20]
16:37:39.0 (77354188)|HEAP_ALLOCATE|[20]|Bytes:1
16:37:39.0 (77364236)|VARIABLE_SCOPE_BEGIN|[20]|reference|String|false|false
16:37:39.0 (77374411)|VARIABLE_ASSIGNMENT|[20]|reference|"B"
16:37:39.0 (77396473)|STATEMENT_EXECUTE|[22]
16:37:39.0 (77398638)|STATEMENT_EXECUTE|[23]
16:37:39.0 (77401116)|HEAP_ALLOCATE|[23]|Bytes:21
16:37:39.0 (77405456)|HEAP_ALLOCATE|[23]|Bytes:1
16:37:39.0 (77416857)|HEAP_ALLOCATE|[23]|Bytes:24
16:37:39.0 (77433151)|USER_DEBUG|[23]|DEBUG|son iguales. Es NIF. B B
16:37:39.0 (77441396)|STATEMENT_EXECUTE|[24]
16:37:39.0 (77446336)|HEAP_ALLOCATE|[24]|Bytes:5
16:37:39.0 (77455040)|METHOD_EXIT|[8]|01p1r000009oduV|Utils.isNifNie(String)
16:37:39.0 (77460730)|STATEMENT_EXECUTE|[8]
16:37:39.0 (77469923)|HEAP_ALLOCATE|[7]|Bytes:5
16:37:39.0 (77486986)|VARIABLE_ASSIGNMENT|[7]|inContact|null|
16:37:39.0 (77494130)|SYSTEM_MODE_EXIT|false
16:37:39.0 (77501466)|METHOD_EXIT|[7]|01p1r000008aKc5|ContactMethods.ValidarNif(List<Contact>)
16:37:39.77 (77510399)|CUMULATIVE_LIMIT_USAGE
16:37:39.77 (77510399)|LIMIT_USAGE_FOR_NS|(default)|
  Number of SOQL queries: 1 out of 100
  Number of query rows: 1 out of 50000
  Number of SOSL queries: 0 out of 20
  Number of DML statements: 2 out of 150
  Number of DML rows: 2 out of 10000
  Maximum CPU time: 0 out of 10000
  Maximum heap size: 0 out of 6000000
  Number of callouts: 0 out of 100
  Number of Email Invocations: 0 out of 10
  Number of future calls: 0 out of 50
  Number of queueable jobs added to the queue: 0 out of 50
  Number of Mobile Apex push calls: 0 out of 10

16:37:39.77 (77510399)|CUMULATIVE_LIMIT_USAGE_END

16:37:39.0 (78598581)|CODE_UNIT_FINISHED|ContactTrigger on Contact trigger event BeforeInsert
16:37:39.0 (82522531)|CODE_UNIT_STARTED|[EXTERNAL]|DuplicateDetector
16:37:39.0 (82546169)|DUPLICATE_DETECTION_BEGIN
16:37:39.0 (82623641)|DUPLICATE_DETECTION_RULE_INVOCATION|DuplicateRuleId:0Bm1r0000018X89|DuplicateRuleName:Standard Contact Duplicate Rule|DmlType:INSERT
16:37:39.0 (124670849)|DUPLICATE_DETECTION_MATCH_INVOCATION_DETAILS|EntityType:Contact|ActionTaken:Allow_[Alert,Report]|DuplicateRecordIds:
16:37:39.0 (124696232)|DUPLICATE_DETECTION_MATCH_INVOCATION_SUMMARY|EntityType:Contact|NumRecordsToBeSaved:1|NumRecordsToBeSavedWithDuplicates:0|NumDuplicateRecordsFound:0
16:37:39.0 (124708674)|DUPLICATE_DETECTION_MATCH_INVOCATION_DETAILS|EntityType:Contact|ActionTaken:Allow_[Alert,Report]|DuplicateRecordIds:
16:37:39.0 (124717993)|DUPLICATE_DETECTION_MATCH_INVOCATION_SUMMARY|EntityType:Contact|NumRecordsToBeSaved:1|NumRecordsToBeSavedWithDuplicates:0|NumDuplicateRecordsFound:0
16:37:39.0 (124828354)|DUPLICATE_DETECTION_END
16:37:39.0 (124834252)|CODE_UNIT_FINISHED|DuplicateDetector
16:37:39.0 (142785194)|DML_END|[12]
16:37:39.0 (142817568)|STATEMENT_EXECUTE|[14]
16:37:39.0 (142882133)|HEAP_ALLOCATE|[14]|Bytes:4
16:37:39.0 (143033818)|HEAP_ALLOCATE|[14]|Bytes:4
16:37:39.0 (143100384)|HEAP_ALLOCATE|[14]|Bytes:28
16:37:39.0 (143151406)|VARIABLE_ASSIGNMENT|[14]|this.A_o_caducidad__c|2019|0x65eebbe3
16:37:39.0 (143210574)|VARIABLE_ASSIGNMENT|[14]|this.Contacto__c|"0031r000024jsIfAAI"|0x65eebbe3
16:37:39.0 (143235071)|HEAP_ALLOCATE|[16]|Bytes:4
16:37:39.0 (143271621)|HEAP_ALLOCATE|[14]|Bytes:28
16:37:39.0 (143276171)|HEAP_ALLOCATE|[14]|Bytes:28
16:37:39.0 (143297381)|VARIABLE_ASSIGNMENT|[14]|this.Mes_de_caducidad__c|4|0x65eebbe3
16:37:39.0 (143307529)|HEAP_ALLOCATE|[17]|Bytes:16
16:37:39.0 (143324376)|VARIABLE_ASSIGNMENT|[14]|this.N_tarjeta__c|"1234567891234567"|0x65eebbe3
16:37:39.0 (143332976)|HEAP_ALLOCATE|[18]|Bytes:7
16:37:39.0 (143345959)|VARIABLE_ASSIGNMENT|[14]|this.Tarjeta__c|"Crédito"|0x65eebbe3
16:37:39.0 (143352634)|HEAP_ALLOCATE|[19]|Bytes:10
16:37:39.0 (143364771)|VARIABLE_ASSIGNMENT|[14]|this.Tipo_de_tarjeta__c|"MasterCard"|0x65eebbe3
16:37:39.0 (143370589)|HEAP_ALLOCATE|[20]|Bytes:8
16:37:39.0 (143386212)|VARIABLE_ASSIGNMENT|[14]|this.Name|"Tarjeta0"|0x65eebbe3
16:37:39.0 (143419708)|VARIABLE_ASSIGNMENT|[14]|this.OwnerId|"0051r00000894UtAAI"|0x65eebbe3
16:37:39.0 (143451940)|VARIABLE_SCOPE_BEGIN|[14]|oTarjeta|Tarjeta_de_cr_dito__c|true|false
16:37:39.0 (143484158)|VARIABLE_ASSIGNMENT|[14]|oTarjeta|{"A_o_caducidad__c":2019,"Contacto__c":"0031r000024jsIfAAI","Mes_de_caducidad__c":4,"N_tarjeta__c":"1234567891234567","Tarjeta__c":"Crédito","Tipo_de_tarjeta__c":"MasterCard","Name":"Tarjeta0","OwnerId":"0051r00000894UtAAI"}|0x65eebbe3
16:37:39.0 (143494502)|STATEMENT_EXECUTE|[23]
16:37:39.0 (143512764)|HEAP_ALLOCATE|[23]|Bytes:8
16:37:39.0 (143520752)|DML_BEGIN|[23]|Op:Insert|Type:Tarjeta_de_cr_dito__c|Rows:1
16:37:39.0 (143561477)|HEAP_ALLOCATE|[EXTERNAL]|Bytes:8
16:37:39.0 (148718349)|CODE_UNIT_STARTED|[EXTERNAL]|01q1r000000j7QT|TarjetaTrigger on Tarjeta_de_cr_dito trigger event BeforeInsert
16:37:39.0 (148755367)|HEAP_ALLOCATE|[EXTERNAL]|Bytes:8
16:37:39.0 (148856424)|HEAP_ALLOCATE|[EXTERNAL]|Bytes:8
16:37:39.0 (148872569)|VARIABLE_SCOPE_BEGIN|[1]|this|TarjetaTrigger|true|false
16:37:39.0 (148923789)|VARIABLE_ASSIGNMENT|[1]|this|{}|0x50af070d
16:37:39.0 (148979097)|HEAP_ALLOCATE|[EXTERNAL]|Bytes:8
16:37:39.0 (149046741)|VARIABLE_SCOPE_BEGIN|[1]|this|TarjetaTrigger|true|false
16:37:39.0 (149062950)|VARIABLE_ASSIGNMENT|[1]|this|{}|0x50af070d
16:37:39.0 (149070673)|STATEMENT_EXECUTE|[1]
16:37:39.0 (149072864)|STATEMENT_EXECUTE|[3]
16:37:39.0 (149311772)|VARIABLE_ASSIGNMENT|[3]|this.listNew|[{"Tipo_de_tarjeta__c":"MasterCard","A_o_caducidad__c":2019,"Contacto__c":"0031r000024jsIfAAI","IsDeleted":false,"OwnerId":"0051r00000894UtAAI","Mes_de_caducidad__c":4,"Tarjeta__c":"Crédito","Name":"Tarjeta0","N_tarjeta__c":"1234567891234567"}]|0x50af070d
16:37:39.0 (149330701)|STATEMENT_EXECUTE|[5]
16:37:39.0 (149337081)|STATEMENT_EXECUTE|[6]
16:37:39.0 (149338822)|STATEMENT_EXECUTE|[7]
16:37:39.0 (150662419)|HEAP_ALLOCATE|[7]|Bytes:1
16:37:39.0 (150678424)|HEAP_ALLOCATE|[7]|Bytes:14
16:37:39.0 (150703726)|METHOD_ENTRY|[1]|01p1r000009oldq|TarjetaMethods.TarjetaMethods()
16:37:39.0 (150714665)|STATEMENT_EXECUTE|[1]
16:37:39.0 (150721046)|STATEMENT_EXECUTE|[1]
16:37:39.0 (151109721)|SYSTEM_MODE_ENTER|false
16:37:39.0 (151122275)|HEAP_ALLOCATE|[7]|Bytes:5
16:37:39.0 (151131298)|SYSTEM_MODE_EXIT|false
16:37:39.0 (151142240)|METHOD_EXIT|[1]|TarjetaMethods
16:37:39.0 (151166276)|METHOD_ENTRY|[7]|01p1r000009oldq|TarjetaMethods.CrearOportunidad(List<Tarjeta_de_cr_dito__c>)
16:37:39.0 (151194380)|VARIABLE_SCOPE_BEGIN|[3]|listTarjetas|List<Tarjeta_de_cr_dito__c>|true|false
16:37:39.0 (151295282)|VARIABLE_ASSIGNMENT|[3]|listTarjetas|[{"Tipo_de_tarjeta__c":"MasterCard","A_o_caducidad__c":2019,"Contacto__c":"0031r000024jsIfAAI","IsDeleted":false,"OwnerId":"0051r00000894UtAAI","Mes_de_caducidad__c":4,"Tarjeta__c":"Crédito","Name":"Tarjeta0","N_tarjeta__c":"1234567891234567"}]|0x2caeff7b
16:37:39.0 (151329266)|SYSTEM_MODE_ENTER|false
16:37:39.0 (151336246)|HEAP_ALLOCATE|[5]|Bytes:5
16:37:39.0 (151342307)|STATEMENT_EXECUTE|[3]
16:37:39.0 (151421237)|STATEMENT_EXECUTE|[5]
16:37:39.0 (151423671)|STATEMENT_EXECUTE|[7]
16:37:39.0 (151472167)|HEAP_ALLOCATE|[7]|Bytes:4
16:37:39.0 (151521827)|VARIABLE_SCOPE_BEGIN|[7]|listOpToInsert|List<Opportunity>|true|false
16:37:39.0 (151533237)|HEAP_ALLOCATE|[EXTERNAL]|Bytes:4
16:37:39.0 (151541578)|VARIABLE_ASSIGNMENT|[7]|listOpToInsert|[]|0x4b91e70f
16:37:39.0 (151547808)|STATEMENT_EXECUTE|[9]
16:37:39.0 (151561038)|HEAP_ALLOCATE|[9]|Bytes:4
16:37:39.0 (151767365)|SOQL_EXECUTE_BEGIN|[9]|Aggregations:0|SELECT Alias FROM User WHERE Alias = 'test' LIMIT 1
16:37:39.0 (156565748)|SOQL_EXECUTE_END|[9]|Rows:1
16:37:39.0 (156591977)|HEAP_ALLOCATE|[9]|Bytes:8
16:37:39.0 (156610207)|HEAP_ALLOCATE|[9]|Bytes:42
16:37:39.0 (156648819)|HEAP_ALLOCATE|[9]|Bytes:8
16:37:39.0 (156676566)|HEAP_ALLOCATE|[9]|Bytes:12
16:37:39.0 (156686325)|VARIABLE_SCOPE_BEGIN|[9]|userAborda|User|true|false
16:37:39.0 (156708119)|VARIABLE_ASSIGNMENT|[9]|userAborda|{"Alias":"test","Id":"0051r00000894UtAAI"}|0x3b382fe7
16:37:39.0 (156716707)|STATEMENT_EXECUTE|[12]
16:37:39.0 (156733777)|HEAP_ALLOCATE|[12]|Bytes:4
16:37:39.0 (156770424)|VARIABLE_SCOPE_BEGIN|[12]|listContactIds|Set<String>|true|false
16:37:39.0 (156796334)|VARIABLE_ASSIGNMENT|[12]|listContactIds|[]|0x771ca2fd
16:37:39.0 (156917678)|HEAP_ALLOCATE|[13]|Bytes:5
16:37:39.0 (156937951)|HEAP_ALLOCATE|[13]|Bytes:4
16:37:39.0 (156947321)|VARIABLE_SCOPE_BEGIN|[13]|inTarjeta|Tarjeta_de_cr_dito__c|true|false
16:37:39.0 (157082946)|VARIABLE_ASSIGNMENT|[13]|inTarjeta|{"Tipo_de_tarjeta__c":"MasterCard","A_o_caducidad__c":2019,"Contacto__c":"0031r000024jsIfAAI","IsDeleted":false,"OwnerId":"0051r00000894UtAAI","Mes_de_caducidad__c":4,"Tarjeta__c":"Crédito","Name":"Tarjeta0","N_tarjeta__c":"1234567891234567"}|0x56218f1c
16:37:39.0 (157096490)|STATEMENT_EXECUTE|[13]
16:37:39.0 (157098601)|STATEMENT_EXECUTE|[14]
16:37:39.0 (157176517)|HEAP_ALLOCATE|[EXTERNAL]|Bytes:4
16:37:39.0 (157199258)|HEAP_ALLOCATE|[13]|Bytes:5
16:37:39.0 (157213731)|VARIABLE_ASSIGNMENT|[13]|inTarjeta|null|
16:37:39.0 (157220821)|STATEMENT_EXECUTE|[17]
16:37:39.0 (157224751)|HEAP_ALLOCATE|[17]|Bytes:50
16:37:39.0 (157270764)|HEAP_ALLOCATE|[17]|Bytes:20
16:37:39.0 (157284757)|HEAP_ALLOCATE|[17]|Bytes:70
16:37:39.0 (157299097)|USER_DEBUG|[17]|DEBUG|TarjetaMethods.CrearOportunidad :: listContactIds {0031r000024jsIfAAI}
16:37:39.0 (157308152)|STATEMENT_EXECUTE|[19]
16:37:39.0 (157349756)|HEAP_ALLOCATE|[19]|Bytes:4
16:37:39.0 (157355560)|HEAP_ALLOCATE|[19]|Bytes:71
16:37:39.0 (157363085)|HEAP_ALLOCATE|[19]|Bytes:4
16:37:39.0 (157369733)|HEAP_ALLOCATE|[19]|Bytes:7
16:37:39.0 (157398234)|HEAP_ALLOCATE|[19]|Bytes:8
16:37:39.0 (157411697)|HEAP_ALLOCATE|[19]|Bytes:8
16:37:39.0 (157621096)|SOQL_EXECUTE_BEGIN|[19]|Aggregations:0|SELECT Id, Premium__c, Name, AccountId FROM Contact WHERE id = :tmpVar1
16:37:39.0 (161639416)|SOQL_EXECUTE_END|[19]|Rows:1
16:37:39.0 (161665231)|HEAP_ALLOCATE|[19]|Bytes:8
16:37:39.0 (161683779)|HEAP_ALLOCATE|[19]|Bytes:101
16:37:39.0 (161720393)|HEAP_ALLOCATE|[19]|Bytes:8
16:37:39.0 (161764260)|HEAP_ALLOCATE|[19]|Bytes:20
16:37:39.0 (161775343)|HEAP_ALLOCATE|[19]|Bytes:18
16:37:39.0 (161788547)|VARIABLE_SCOPE_BEGIN|[19]|mapContact|Map<String,Contact>|true|false
16:37:39.0 (161819635)|VARIABLE_ASSIGNMENT|[19]|mapContact|{"0031r000024jsIfAAI":{"Id":"0031r000024jsIfAAI","Premium__c":true,"Name":"ContactoPrueba0","AccountId":"0011r00001nnUgkAAE"}}|0x75a9fcaa
16:37:39.0 (161829930)|STATEMENT_EXECUTE|[21]
16:37:39.0 (161833940)|HEAP_ALLOCATE|[21]|Bytes:46
16:37:39.0 (161914083)|HEAP_ALLOCATE|[21]|Bytes:121
16:37:39.0 (161933453)|HEAP_ALLOCATE|[21]|Bytes:167
16:37:39.0 (161946686)|USER_DEBUG|[21]|DEBUG|TarjetaMethods.CrearOportunidad :: mapContact {0031r000024jsIfAAI=Contact:{Id=0031r000024jsIfAAI, Premium__c=true, Name=ContactoPrueba0, AccountId=0011r00001nnUgkAAE}}
16:37:39.0 (161991355)|HEAP_ALLOCATE|[24]|Bytes:5
16:37:39.0 (162006995)|HEAP_ALLOCATE|[24]|Bytes:4
16:37:39.0 (162017171)|VARIABLE_SCOPE_BEGIN|[24]|inTarjeta|Tarjeta_de_cr_dito__c|true|false
16:37:39.0 (162125511)|VARIABLE_ASSIGNMENT|[24]|inTarjeta|{"Tipo_de_tarjeta__c":"MasterCard","A_o_caducidad__c":2019,"Contacto__c":"0031r000024jsIfAAI","IsDeleted":false,"OwnerId":"0051r00000894UtAAI","Mes_de_caducidad__c":4,"Tarjeta__c":"Crédito","Name":"Tarjeta0","N_tarjeta__c":"1234567891234567"}|0x56218f1c
16:37:39.0 (162136880)|STATEMENT_EXECUTE|[24]
16:37:39.0 (162265239)|STATEMENT_EXECUTE|[25]
16:37:39.0 (162268846)|STATEMENT_EXECUTE|[26]
16:37:39.0 (162289166)|HEAP_ALLOCATE|[26]|Bytes:4
16:37:39.0 (162385442)|VARIABLE_SCOPE_BEGIN|[26]|oOpportunity|Opportunity|true|false
16:37:39.0 (162400895)|VARIABLE_ASSIGNMENT|[26]|oOpportunity|{}|0x734cfcc4
16:37:39.0 (162408024)|STATEMENT_EXECUTE|[27]
16:37:39.0 (162530733)|VARIABLE_ASSIGNMENT|[27]|this.Name|"ContactoPrueba0"|0x734cfcc4
16:37:39.0 (162540506)|STATEMENT_EXECUTE|[28]
16:37:39.0 (162566683)|HEAP_ALLOCATE|[28]|Bytes:28
16:37:39.0 (162578303)|HEAP_ALLOCATE|[28]|Bytes:8
16:37:39.0 (162591452)|HEAP_ALLOCATE|[28]|Bytes:28
16:37:39.0 (162596398)|HEAP_ALLOCATE|[28]|Bytes:8
16:37:39.0 (162641456)|HEAP_ALLOCATE|[28]|Bytes:4
16:37:39.0 (162698462)|VARIABLE_ASSIGNMENT|[28]|this.CloseDate|"2019-01-04T00:00:00.000Z"|0x734cfcc4
16:37:39.0 (162706313)|STATEMENT_EXECUTE|[29]
16:37:39.0 (162710199)|HEAP_ALLOCATE|[29]|Bytes:11
16:37:39.0 (162736238)|VARIABLE_ASSIGNMENT|[29]|this.StageName|"No iniciado"|0x734cfcc4
16:37:39.0 (162742384)|STATEMENT_EXECUTE|[30]
16:37:39.0 (162817606)|VARIABLE_ASSIGNMENT|[30]|this.AccountId|"0011r00001nnUgkAAE"|0x734cfcc4
16:37:39.0 (162825489)|STATEMENT_EXECUTE|[32]
16:37:39.0 (162829266)|HEAP_ALLOCATE|[32]|Bytes:48
16:37:39.0 (162879148)|HEAP_ALLOCATE|[32]|Bytes:118
16:37:39.0 (162893744)|HEAP_ALLOCATE|[32]|Bytes:166
16:37:39.0 (162908084)|USER_DEBUG|[32]|DEBUG|TarjetaMethods.CrearOportunidad :: oOpportunity Opportunity:{Name=ContactoPrueba0, CloseDate=2019-01-04 00:00:00, StageName=No iniciado, AccountId=0011r00001nnUgkAAE}
16:37:39.0 (162919008)|STATEMENT_EXECUTE|[34]
16:37:39.0 (162944824)|HEAP_ALLOCATE|[EXTERNAL]|Bytes:4
16:37:39.0 (162953912)|STATEMENT_EXECUTE|[36]
16:37:39.0 (162957447)|HEAP_ALLOCATE|[36]|Bytes:50
16:37:39.0 (163001478)|HEAP_ALLOCATE|[36]|Bytes:120
16:37:39.0 (163014989)|HEAP_ALLOCATE|[36]|Bytes:170
16:37:39.0 (163023710)|USER_DEBUG|[36]|DEBUG|TarjetaMethods.CrearOportunidad :: listOpToInsert (Opportunity:{Name=ContactoPrueba0, CloseDate=2019-01-04 00:00:00, StageName=No iniciado, AccountId=0011r00001nnUgkAAE})
16:37:39.0 (163040739)|HEAP_ALLOCATE|[24]|Bytes:5
16:37:39.0 (163054664)|VARIABLE_ASSIGNMENT|[24]|inTarjeta|null|
16:37:39.0 (163061829)|STATEMENT_EXECUTE|[74]
16:37:39.0 (163104647)|DML_BEGIN|[74]|Op:Insert|Type:Opportunity|Rows:1
16:37:39.0 (163131970)|HEAP_ALLOCATE|[EXTERNAL]|Bytes:8
16:37:39.0 (197258947)|CODE_UNIT_STARTED|[EXTERNAL]|01q1r000000Bcgl|ClosedOpportunityTrigger on Opportunity trigger event AfterInsert
16:37:39.0 (197318577)|HEAP_ALLOCATE|[EXTERNAL]|Bytes:8
16:37:39.0 (197531081)|HEAP_ALLOCATE|[EXTERNAL]|Bytes:8
16:37:39.0 (197546901)|VARIABLE_SCOPE_BEGIN|[1]|this|ClosedOpportunityTrigger|true|false
16:37:39.0 (197609420)|VARIABLE_ASSIGNMENT|[1]|this|{}|0x2c2705ae
16:37:39.0 (197670300)|HEAP_ALLOCATE|[EXTERNAL]|Bytes:8
16:37:39.0 (197683471)|VARIABLE_SCOPE_BEGIN|[1]|this|ClosedOpportunityTrigger|true|false
16:37:39.0 (197697712)|VARIABLE_ASSIGNMENT|[1]|this|{}|0x2c2705ae
16:37:39.0 (197709501)|STATEMENT_EXECUTE|[1]
16:37:39.0 (197712062)|STATEMENT_EXECUTE|[3]
16:37:39.0 (197759429)|HEAP_ALLOCATE|[3]|Bytes:4
16:37:39.0 (197867353)|HEAP_ALLOCATE|[EXTERNAL]|Bytes:4
16:37:39.0 (197880424)|VARIABLE_ASSIGNMENT|[3]|this.taskList|[]|0x2c2705ae
16:37:39.0 (197891836)|HEAP_ALLOCATE|[5]|Bytes:89
16:37:39.0 (197910246)|HEAP_ALLOCATE|[5]|Bytes:4
16:37:39.0 (198274242)|SOQL_EXECUTE_BEGIN|[5]|Aggregations:0|SELECT Id, StageName FROM Opportunity 
16:37:39.0 (203261657)|SOQL_EXECUTE_END|[5]|Rows:0
16:37:39.0 (203459110)|HEAP_ALLOCATE|[5]|Bytes:54
16:37:39.0 (203470761)|HEAP_ALLOCATE|[5]|Bytes:8
16:37:39.0 (203505691)|SYSTEM_METHOD_ENTRY|[7]|QueryLocatorIterator.QueryLocatorIterator()
16:37:39.0 (203512696)|STATEMENT_EXECUTE|[7]
16:37:39.0 (203524578)|SYSTEM_METHOD_EXIT|[7]|QueryLocatorIterator
16:37:39.0 (203533975)|HEAP_ALLOCATE|[5]|Bytes:28
16:37:39.0 (203550349)|HEAP_ALLOCATE|[5]|Bytes:8
16:37:39.0 (203554156)|HEAP_ALLOCATE|[5]|Bytes:8
16:37:39.0 (203562039)|VARIABLE_SCOPE_BEGIN|[15]|this|Database.QueryLocatorIterator|true|false
16:37:39.0 (203618703)|VARIABLE_ASSIGNMENT|[15]|this|{}|0x3cb69ee1
16:37:39.0 (203626216)|VARIABLE_SCOPE_BEGIN|[15]|values|List<SObject>|true|false
16:37:39.0 (203639656)|VARIABLE_ASSIGNMENT|[15]|values|null|
16:37:39.0 (203645880)|VARIABLE_SCOPE_BEGIN|[15]|ql|Database.QueryLocator|true|false
16:37:39.0 (203672791)|VARIABLE_ASSIGNMENT|[15]|ql|{"query":"SELECT Id, StageName (69 more) ..."}|0x2e399002
16:37:39.0 (203681857)|VARIABLE_SCOPE_BEGIN|[15]|totalNumRecords|Integer|false|false
16:37:39.0 (203690705)|VARIABLE_ASSIGNMENT|[15]|totalNumRecords|0
16:37:39.0 (203695665)|VARIABLE_SCOPE_BEGIN|[15]|queryMoreSize|Integer|false|false
16:37:39.0 (203702453)|VARIABLE_ASSIGNMENT|[15]|queryMoreSize|49997
16:37:39.0 (203814779)|HEAP_ALLOCATE|[5]|Bytes:28
16:37:39.0 (203848411)|METHOD_ENTRY|[5]||Database.QueryLocatorIterator.hasNext()
16:37:39.0 (203883017)|METHOD_EXIT|[5]||Database.QueryLocatorIterator.hasNext()
16:37:39.0 (203905995)|VARIABLE_ASSIGNMENT|[5]|opp|null|
16:37:39.0 (203914564)|STATEMENT_EXECUTE|[5]
16:37:39.0 (203975291)|STATEMENT_EXECUTE|[12]
16:37:39.203 (203981214)|CUMULATIVE_LIMIT_USAGE
16:37:39.203 (203981214)|LIMIT_USAGE_FOR_NS|(default)|
  Number of SOQL queries: 4 out of 100
  Number of query rows: 3 out of 50000
  Number of SOSL queries: 0 out of 20
  Number of DML statements: 4 out of 150
  Number of DML rows: 4 out of 10000
  Maximum CPU time: 0 out of 10000
  Maximum heap size: 0 out of 6000000
  Number of callouts: 0 out of 100
  Number of Email Invocations: 0 out of 10
  Number of future calls: 0 out of 50
  Number of queueable jobs added to the queue: 0 out of 50
  Number of Mobile Apex push calls: 0 out of 10

16:37:39.203 (203981214)|CUMULATIVE_LIMIT_USAGE_END

16:37:39.0 (204801687)|CODE_UNIT_FINISHED|ClosedOpportunityTrigger on Opportunity trigger event AfterInsert
16:37:39.0 (205754867)|DML_END|[74]
16:37:39.0 (205805477)|HEAP_ALLOCATE|[EXTERNAL]|Bytes:8
16:37:39.0 (205819976)|STATEMENT_EXECUTE|[75]
16:37:39.0 (205921134)|HEAP_ALLOCATE|[75]|Bytes:143
16:37:39.0 (205942240)|HEAP_ALLOCATE|[75]|Bytes:193
16:37:39.0 (205957314)|USER_DEBUG|[75]|DEBUG|TarjetaMethods.CrearOportunidad :: listOpToInsert (Opportunity:{Name=ContactoPrueba0, CloseDate=2019-01-04 00:00:00, StageName=No iniciado, AccountId=0011r00001nnUgkAAE, Id=0061r00000vk2gUAAQ})
16:37:39.0 (205973917)|SYSTEM_MODE_EXIT|false
16:37:39.0 (205985051)|METHOD_EXIT|[7]|01p1r000009oldq|TarjetaMethods.CrearOportunidad(List<Tarjeta_de_cr_dito__c>)
16:37:39.205 (205994915)|CUMULATIVE_LIMIT_USAGE
16:37:39.205 (205994915)|LIMIT_USAGE_FOR_NS|(default)|
  Number of SOQL queries: 4 out of 100
  Number of query rows: 3 out of 50000
  Number of SOSL queries: 0 out of 20
  Number of DML statements: 4 out of 150
  Number of DML rows: 4 out of 10000
  Maximum CPU time: 0 out of 10000
  Maximum heap size: 0 out of 6000000
  Number of callouts: 0 out of 100
  Number of Email Invocations: 0 out of 10
  Number of future calls: 0 out of 50
  Number of queueable jobs added to the queue: 0 out of 50
  Number of Mobile Apex push calls: 0 out of 10

16:37:39.205 (205994915)|CUMULATIVE_LIMIT_USAGE_END

16:37:39.0 (207199949)|CODE_UNIT_FINISHED|TarjetaTrigger on Tarjeta_de_cr_dito trigger event BeforeInsert
16:37:39.0 (211181978)|CODE_UNIT_STARTED|[EXTERNAL]|Validation:Tarjeta_de_cr_dito:new
16:37:39.0 (211195466)|VALIDATION_RULE|03d1r000000i476|ValidarAno
16:37:39.0 (211570021)|VALIDATION_FORMULA|(A_o_caducidad__c<YEAR(TODAY())) &#124;&#124; 
(A_o_caducidad__c>YEAR(TODAY())+5)|A_o_caducidad__c=2019
16:37:39.0 (211580823)|VALIDATION_PASS
16:37:39.0 (211583516)|VALIDATION_RULE|03d1r000000i47B|ValidarFecha
16:37:39.0 (211692779)|VALIDATION_FORMULA|Mes_de_caducidad__c <   MONTH(TODAY()) && 
A_o_caducidad__c <= YEAR(TODAY())|A_o_caducidad__c=2019 , Mes_de_caducidad__c=4
16:37:39.0 (211700316)|VALIDATION_PASS
16:37:39.0 (211702246)|VALIDATION_RULE|03d1r000000i46X|ValidarMes
16:37:39.0 (211788079)|VALIDATION_FORMULA|(Mes_de_caducidad__c  < 1)  &#124;&#124;  (Mes_de_caducidad__c  > 12)|Mes_de_caducidad__c=4
16:37:39.0 (211795544)|VALIDATION_PASS
16:37:39.0 (211835528)|CODE_UNIT_FINISHED|Validation:Tarjeta_de_cr_dito:new
16:37:39.0 (232644963)|DML_END|[23]
16:37:39.0 (232673351)|STATEMENT_EXECUTE|[27]
16:37:39.0 (232681301)|HEAP_ALLOCATE|[27]|Bytes:45
16:37:39.0 (232802298)|HEAP_ALLOCATE|[27]|Bytes:248
16:37:39.0 (232824205)|HEAP_ALLOCATE|[27]|Bytes:293
16:37:39.0 (232840544)|USER_DEBUG|[27]|DEBUG|TarjetaTest.testCrearOportunidad.oTarjeta :: Tarjeta_de_cr_dito__c:{A_o_caducidad__c=2019, Contacto__c=0031r000024jsIfAAI, Mes_de_caducidad__c=4, N_tarjeta__c=************4567, Tarjeta__c=Crédito, Tipo_de_tarjeta__c=MasterCard, Name=Tarjeta0, OwnerId=0051r00000894UtAAI, Id=a031r00000Rt5evAAB}
16:37:39.0 (232855271)|STATEMENT_EXECUTE|[29]
16:37:39.0 (232858655)|HEAP_ALLOCATE|[29]|Bytes:65
16:37:39.0 (232874744)|HEAP_ALLOCATE|[29]|Bytes:4
16:37:39.0 (233069175)|SOQL_EXECUTE_BEGIN|[29]|Aggregations:0|SELECT Id, Name, CloseDate, StageName, AccountId FROM Opportunity
16:37:39.0 (241257999)|SOQL_EXECUTE_END|[29]|Rows:1
16:37:39.0 (241290683)|HEAP_ALLOCATE|[29]|Bytes:8
16:37:39.0 (241311887)|HEAP_ALLOCATE|[29]|Bytes:124
16:37:39.0 (241355379)|HEAP_ALLOCATE|[29]|Bytes:8
16:37:39.0 (241373164)|VARIABLE_SCOPE_BEGIN|[29]|listOpportunity|List<Opportunity>|true|false
16:37:39.0 (241430110)|VARIABLE_ASSIGNMENT|[29]|listOpportunity|[{"Id":"0061r00000vk2gUAAQ","Name":"ContactoPrueba0","CloseDate":"2019-01-04T00:00:00.000Z","StageName":"No iniciado","AccountId":"0011r00001nnUgkAAE"}]|0x78b0808d
16:37:39.0 (241443320)|STATEMENT_EXECUTE|[33]
16:37:39.0 (241448533)|HEAP_ALLOCATE|[33]|Bytes:52
16:37:39.0 (241509664)|HEAP_ALLOCATE|[33]|Bytes:24
16:37:39.0 (241572104)|HEAP_ALLOCATE|[33]|Bytes:141
16:37:39.0 (241588335)|HEAP_ALLOCATE|[33]|Bytes:193
16:37:39.0 (241603228)|USER_DEBUG|[33]|DEBUG|TarjetaTest.testCrearOportunidad.listOpportunity :: Opportunity:{Id=0061r00000vk2gUAAQ, Name=ContactoPrueba0, CloseDate=2019-01-04 00:00:00, StageName=No iniciado, AccountId=0011r00001nnUgkAAE}
16:37:39.241 (241619590)|CUMULATIVE_LIMIT_USAGE
16:37:39.241 (241619590)|LIMIT_USAGE_FOR_NS|(default)|
  Number of SOQL queries: 5 out of 100
  Number of query rows: 4 out of 50000
  Number of SOSL queries: 0 out of 20
  Number of DML statements: 4 out of 150
  Number of DML rows: 4 out of 10000
  Maximum CPU time: 0 out of 10000
  Maximum heap size: 0 out of 6000000
  Number of callouts: 0 out of 100
  Number of Email Invocations: 0 out of 10
  Number of future calls: 0 out of 50
  Number of queueable jobs added to the queue: 0 out of 50
  Number of Mobile Apex push calls: 0 out of 10

16:37:39.241 (241619590)|CUMULATIVE_LIMIT_USAGE_END

16:37:39.0 (241656306)|CODE_UNIT_FINISHED|TarjetaTest.testCrearOportunidad
16:37:39.0 (242457216)|EXECUTION_FINISHED
16:37:39.361 (361488470)|USER_INFO|[EXTERNAL]|0051r000007Oz5Q|lydia.abril@gmail.com|hora estándar de Europa central|GMT+02:00
16:37:39.361 (361514577)|EXECUTION_STARTED
16:37:39.361 (361518874)|CODE_UNIT_STARTED|[EXTERNAL]|DuplicateDetector
16:37:39.361 (361532399)|DUPLICATE_DETECTION_BEGIN
16:37:39.361 (361626530)|DUPLICATE_DETECTION_RULE_INVOCATION|DuplicateRuleId:0Bm1r0000018X89|DuplicateRuleName:Standard Contact Duplicate Rule|DmlType:INSERT
16:37:39.361 (372580747)|DUPLICATE_DETECTION_END
16:37:39.361 (372590230)|CODE_UNIT_FINISHED|DuplicateDetector
16:37:39.361 (373415270)|EXECUTION_FINISHED
16:37:39.375 (375615222)|USER_INFO|[EXTERNAL]|0051r000007Oz5Q|lydia.abril@gmail.com|hora estándar de Europa central|GMT+02:00
16:37:39.375 (375636877)|EXECUTION_STARTED
16:37:39.375 (375642142)|CODE_UNIT_STARTED|[EXTERNAL]|DuplicateDetector
16:37:39.375 (375652544)|DUPLICATE_DETECTION_BEGIN
16:37:39.375 (375705434)|DUPLICATE_DETECTION_RULE_INVOCATION|DuplicateRuleId:0Bm1r0000018X88|DuplicateRuleName:Standard Account Duplicate Rule|DmlType:INSERT
16:37:39.375 (384240663)|DUPLICATE_DETECTION_END
16:37:39.375 (384252980)|CODE_UNIT_FINISHED|DuplicateDetector
16:37:39.375 (385151831)|EXECUTION_FINISHED
