36.0 APEX_CODE,FINEST;APEX_PROFILING,INFO;CALLOUT,INFO;DB,INFO;SYSTEM,DEBUG;VALIDATION,INFO;VISUALFORCE,INFO;WAVE,INFO;WORKFLOW,INFO
13:15:53.0 (491485)|USER_INFO|[EXTERNAL]|0051r000007Oz5Q|lydia.abril@gmail.com|hora estándar de Europa central|GMT+02:00
13:15:53.0 (524204)|EXECUTION_STARTED
13:15:53.0 (528507)|CODE_UNIT_STARTED|[EXTERNAL]|TRIGGERS
13:15:53.0 (550865)|CODE_UNIT_STARTED|[EXTERNAL]|01q1r000000j7QT|TarjetaTrigger on Tarjeta_de_cr_dito trigger event BeforeUpdate
13:15:53.0 (576584)|HEAP_ALLOCATE|[EXTERNAL]|Bytes:8
13:15:53.0 (619102)|HEAP_ALLOCATE|[EXTERNAL]|Bytes:8
13:15:53.0 (1039532)|HEAP_ALLOCATE|[72]|Bytes:3
13:15:53.0 (1068647)|HEAP_ALLOCATE|[77]|Bytes:152
13:15:53.0 (1081366)|HEAP_ALLOCATE|[342]|Bytes:408
13:15:53.0 (1094277)|HEAP_ALLOCATE|[355]|Bytes:408
13:15:53.0 (1106849)|HEAP_ALLOCATE|[467]|Bytes:48
13:15:53.0 (1138974)|HEAP_ALLOCATE|[139]|Bytes:6
13:15:53.0 (1240393)|HEAP_ALLOCATE|[EXTERNAL]|Bytes:8
13:15:53.0 (1259262)|VARIABLE_SCOPE_BEGIN|[1]|this|TarjetaTrigger|true|false
13:15:53.0 (1346542)|VARIABLE_ASSIGNMENT|[1]|this|{}|0x32d546d1
13:15:53.0 (1419392)|HEAP_ALLOCATE|[EXTERNAL]|Bytes:8
13:15:53.0 (1510065)|VARIABLE_SCOPE_BEGIN|[1]|this|TarjetaTrigger|true|false
13:15:53.0 (1536870)|VARIABLE_ASSIGNMENT|[1]|this|{}|0x32d546d1
13:15:53.0 (1551515)|STATEMENT_EXECUTE|[1]
13:15:53.0 (1555190)|STATEMENT_EXECUTE|[3]
13:15:53.0 (1591542)|HEAP_ALLOCATE|[50]|Bytes:5
13:15:53.0 (1618298)|HEAP_ALLOCATE|[56]|Bytes:5
13:15:53.0 (1632525)|HEAP_ALLOCATE|[64]|Bytes:7
13:15:53.0 (2181113)|VARIABLE_ASSIGNMENT|[3]|this.listNew|[{"LastModifiedDate":"2018-04-12T11:14:32.000Z","Tipo_de_tarjeta__c":"Visa Oro","A_o_caducidad__c":2020,"IsDeleted":false,"Name":"bbbbb","SystemModstamp":"2018-04-12T11:14:32.000Z","Contacto__c":"0031r000024PVVcAAO","OwnerId":"0051r00000894UtAAI","CreatedById":"0051r000007Oz5QAAS","CreatedDate":"2018-04-11T13:51:53.000Z","Mes_de_caducidad__c":10,"Id":"a031r00000Rt0ErAAJ","LastModifiedById":"0051r000007Oz5QAAS","Tarjeta__c":"Crédito","N_tarjeta__c":"2222222222222222"}]|0x32d546d1
13:15:53.0 (2217642)|STATEMENT_EXECUTE|[5]
13:15:53.0 (2229026)|STATEMENT_EXECUTE|[6]
13:15:53.0 (2230816)|STATEMENT_EXECUTE|[7]
13:15:53.0 (6945195)|HEAP_ALLOCATE|[7]|Bytes:1
13:15:53.0 (6960727)|HEAP_ALLOCATE|[7]|Bytes:11
13:15:53.0 (6982123)|METHOD_ENTRY|[1]|01p1r000009oldq|TarjetaMethods.TarjetaMethods()
13:15:53.0 (6993049)|STATEMENT_EXECUTE|[1]
13:15:53.0 (7000627)|STATEMENT_EXECUTE|[1]
13:15:53.0 (7498904)|SYSTEM_MODE_ENTER|false
13:15:53.0 (7518057)|HEAP_ALLOCATE|[7]|Bytes:5
13:15:53.0 (7528517)|SYSTEM_MODE_EXIT|false
13:15:53.0 (7555411)|METHOD_EXIT|[1]|TarjetaMethods
13:15:53.0 (7602645)|METHOD_ENTRY|[7]|01p1r000009oldq|TarjetaMethods.CrearOportunidad(List<Tarjeta_de_cr_dito__c>)
13:15:53.0 (7646091)|VARIABLE_SCOPE_BEGIN|[3]|listTarjetas|List<Tarjeta_de_cr_dito__c>|true|false
13:15:53.0 (7894103)|VARIABLE_ASSIGNMENT|[3]|listTarjetas|[{"LastModifiedDate":"2018-04-12T11:14:32.000Z","Tipo_de_tarjeta__c":"Visa Oro","A_o_caducidad__c":2020,"IsDeleted":false,"Name":"bbbbb","SystemModstamp":"2018-04-12T11:14:32.000Z","Contacto__c":"0031r000024PVVcAAO","OwnerId":"0051r00000894UtAAI","CreatedById":"0051r000007Oz5QAAS","CreatedDate":"2018-04-11T13:51:53.000Z","Mes_de_caducidad__c":10,"Id":"a031r00000Rt0ErAAJ","LastModifiedById":"0051r000007Oz5QAAS","Tarjeta__c":"Crédito","N_tarjeta__c":"2222222222222222"}]|0x7954e366
13:15:53.0 (7915943)|SYSTEM_MODE_ENTER|false
13:15:53.0 (7923162)|HEAP_ALLOCATE|[5]|Bytes:5
13:15:53.0 (7930401)|STATEMENT_EXECUTE|[3]
13:15:53.0 (7932386)|STATEMENT_EXECUTE|[5]
13:15:53.0 (7973522)|HEAP_ALLOCATE|[5]|Bytes:4
13:15:53.0 (8073666)|VARIABLE_SCOPE_BEGIN|[5]|listOpToInsert|List<Opportunity>|true|false
13:15:53.0 (8088283)|HEAP_ALLOCATE|[EXTERNAL]|Bytes:4
13:15:53.0 (8097375)|VARIABLE_ASSIGNMENT|[5]|listOpToInsert|[]|0x2928aa61
13:15:53.0 (8141498)|STATEMENT_EXECUTE|[7]
13:15:53.0 (8143812)|STATEMENT_EXECUTE|[9]
13:15:53.0 (8148078)|HEAP_ALLOCATE|[9]|Bytes:51
13:15:53.0 (8177036)|HEAP_ALLOCATE|[9]|Bytes:4
13:15:53.0 (8385620)|SOQL_EXECUTE_BEGIN|[9]|Aggregations:0|SELECT Alias FROM User WHERE Alias = 'test' LIMIT 1
13:15:53.0 (13571833)|SOQL_EXECUTE_END|[9]|Rows:1
13:15:53.0 (13593512)|HEAP_ALLOCATE|[9]|Bytes:8
13:15:53.0 (13605196)|HEAP_ALLOCATE|[9]|Bytes:42
13:15:53.0 (13653057)|HEAP_ALLOCATE|[9]|Bytes:8
13:15:53.0 (13664720)|HEAP_ALLOCATE|[9]|Bytes:30
13:15:53.0 (13692764)|HEAP_ALLOCATE|[9]|Bytes:12
13:15:53.0 (13699689)|VARIABLE_SCOPE_BEGIN|[9]|userAborda|User|true|false
13:15:53.0 (13720332)|VARIABLE_ASSIGNMENT|[9]|userAborda|{"Alias":"test","Id":"0051r00000894UtAAI"}|0x11deba82
13:15:53.0 (13727571)|STATEMENT_EXECUTE|[11]
13:15:53.0 (13730729)|HEAP_ALLOCATE|[11]|Bytes:46
13:15:53.0 (13803924)|HEAP_ALLOCATE|[11]|Bytes:40
13:15:53.0 (13823388)|HEAP_ALLOCATE|[11]|Bytes:86
13:15:53.0 (13842039)|USER_DEBUG|[11]|DEBUG|TarjetaMethods.CrearOportunidad :: userAborda User:{Alias=test, Id=0051r00000894UtAAI}
13:15:53.0 (13991466)|HEAP_ALLOCATE|[13]|Bytes:5
13:15:53.0 (14008511)|HEAP_ALLOCATE|[13]|Bytes:4
13:15:53.0 (14016752)|VARIABLE_SCOPE_BEGIN|[13]|inTarjeta|Tarjeta_de_cr_dito__c|true|false
13:15:53.0 (14195610)|VARIABLE_ASSIGNMENT|[13]|inTarjeta|{"LastModifiedDate":"2018-04-12T11:14:32.000Z","Tipo_de_tarjeta__c":"Visa Oro","A_o_caducidad__c":2020,"IsDeleted":false,"Name":"bbbbb","SystemModstamp":"2018-04-12T11:14:32.000Z","Contacto__c":"0031r000024PVVcAAO","OwnerId":"0051r00000894UtAAI","CreatedById":"0051r000007Oz5QAAS","CreatedDate":"2018-04-11T13:51:53.000Z","Mes_de_caducidad__c":10,"Id":"a031r00000Rt0ErAAJ","LastModifiedById":"0051r000007Oz5QAAS","Tarjeta__c":"Crédito","N_tarjeta__c":"2222222222222222"}|0x7e18b048
13:15:53.0 (14210198)|STATEMENT_EXECUTE|[13]
13:15:53.0 (14275115)|STATEMENT_EXECUTE|[16]
13:15:53.0 (14277294)|STATEMENT_EXECUTE|[18]
13:15:53.0 (14280794)|HEAP_ALLOCATE|[18]|Bytes:67
13:15:53.0 (14294663)|HEAP_ALLOCATE|[18]|Bytes:4
13:15:53.0 (14301532)|HEAP_ALLOCATE|[18]|Bytes:7
13:15:53.0 (14510041)|SOQL_EXECUTE_BEGIN|[18]|Aggregations:0|SELECT Name, Premium__c, AccountId FROM Contact WHERE Id = :tmpVar1
13:15:53.0 (16922569)|SOQL_EXECUTE_END|[18]|Rows:1
13:15:53.0 (16942544)|HEAP_ALLOCATE|[18]|Bytes:8
13:15:53.0 (16955714)|HEAP_ALLOCATE|[18]|Bytes:94
13:15:53.0 (17005355)|HEAP_ALLOCATE|[18]|Bytes:8
13:15:53.0 (17017087)|HEAP_ALLOCATE|[18]|Bytes:33
13:15:53.0 (17041727)|HEAP_ALLOCATE|[18]|Bytes:20
13:15:53.0 (17048380)|VARIABLE_SCOPE_BEGIN|[18]|oContacto|Contact|true|false
13:15:53.0 (17067631)|VARIABLE_ASSIGNMENT|[18]|oContacto|{"Name":"Tim Barr","Premium__c":true,"AccountId":"0011r00001mvH7mAAE","Id":"0031r000024PVVcAAO"}|0x31382968
13:15:53.0 (17075413)|STATEMENT_EXECUTE|[20]
13:15:53.0 (17078675)|HEAP_ALLOCATE|[20]|Bytes:45
13:15:53.0 (17141504)|HEAP_ALLOCATE|[20]|Bytes:93
13:15:53.0 (17157325)|HEAP_ALLOCATE|[20]|Bytes:138
13:15:53.0 (17169262)|USER_DEBUG|[20]|DEBUG|TarjetaMethods.CrearOportunidad :: oContacto Contact:{Name=Tim Barr, Premium__c=true, AccountId=0011r00001mvH7mAAE, Id=0031r000024PVVcAAO}
13:15:53.0 (17194048)|STATEMENT_EXECUTE|[23]
13:15:53.0 (17196278)|STATEMENT_EXECUTE|[25]
13:15:53.0 (17210673)|HEAP_ALLOCATE|[25]|Bytes:4
13:15:53.0 (17290998)|VARIABLE_SCOPE_BEGIN|[25]|oOpportunity|Opportunity|true|false
13:15:53.0 (17305981)|VARIABLE_ASSIGNMENT|[25]|oOpportunity|{}|0x5c713090
13:15:53.0 (17311977)|STATEMENT_EXECUTE|[27]
13:15:53.0 (17374197)|VARIABLE_ASSIGNMENT|[27]|this.Name|"Tim Barr"|0x5c713090
13:15:53.0 (17380936)|STATEMENT_EXECUTE|[28]
13:15:53.0 (17415576)|HEAP_ALLOCATE|[28]|Bytes:8
13:15:53.0 (17431788)|HEAP_ALLOCATE|[28]|Bytes:8
13:15:53.0 (17485599)|HEAP_ALLOCATE|[28]|Bytes:4
13:15:53.0 (17534633)|VARIABLE_ASSIGNMENT|[28]|this.CloseDate|"2020-01-10T00:00:00.000Z"|0x5c713090
13:15:53.0 (17541938)|STATEMENT_EXECUTE|[29]
13:15:53.0 (17545184)|HEAP_ALLOCATE|[29]|Bytes:11
13:15:53.0 (17567891)|VARIABLE_ASSIGNMENT|[29]|this.StageName|"No iniciado"|0x5c713090
13:15:53.0 (17574590)|STATEMENT_EXECUTE|[30]
13:15:53.0 (17610000)|VARIABLE_ASSIGNMENT|[30]|this.AccountId|"0011r00001mvH7mAAE"|0x5c713090
13:15:53.0 (17617141)|STATEMENT_EXECUTE|[32]
13:15:53.0 (17619961)|HEAP_ALLOCATE|[32]|Bytes:48
13:15:53.0 (17670302)|HEAP_ALLOCATE|[32]|Bytes:111
13:15:53.0 (17683980)|HEAP_ALLOCATE|[32]|Bytes:159
13:15:53.0 (17694290)|USER_DEBUG|[32]|DEBUG|TarjetaMethods.CrearOportunidad :: oOpportunity Opportunity:{Name=Tim Barr, CloseDate=2020-01-10 00:00:00, StageName=No iniciado, AccountId=0011r00001mvH7mAAE}
13:15:53.0 (17703005)|STATEMENT_EXECUTE|[34]
13:15:53.0 (17743755)|HEAP_ALLOCATE|[EXTERNAL]|Bytes:4
13:15:53.0 (17761232)|HEAP_ALLOCATE|[13]|Bytes:5
13:15:53.0 (17773955)|VARIABLE_ASSIGNMENT|[13]|inTarjeta|null|
13:15:53.0 (17779195)|STATEMENT_EXECUTE|[45]
13:15:53.0 (17815378)|DML_BEGIN|[45]|Op:Insert|Type:Opportunity|Rows:1
13:15:53.0 (17845868)|HEAP_ALLOCATE|[EXTERNAL]|Bytes:8
13:15:53.0 (64382971)|CODE_UNIT_STARTED|[EXTERNAL]|01q1r000000Bcgl|ClosedOpportunityTrigger on Opportunity trigger event AfterInsert
13:15:53.0 (64427882)|HEAP_ALLOCATE|[EXTERNAL]|Bytes:8
13:15:53.0 (64604647)|HEAP_ALLOCATE|[EXTERNAL]|Bytes:8
13:15:53.0 (64620283)|VARIABLE_SCOPE_BEGIN|[1]|this|ClosedOpportunityTrigger|true|false
13:15:53.0 (64679893)|VARIABLE_ASSIGNMENT|[1]|this|{}|0x5894061f
13:15:53.0 (64739909)|HEAP_ALLOCATE|[EXTERNAL]|Bytes:8
13:15:53.0 (64746840)|VARIABLE_SCOPE_BEGIN|[1]|this|ClosedOpportunityTrigger|true|false
13:15:53.0 (64760229)|VARIABLE_ASSIGNMENT|[1]|this|{}|0x5894061f
13:15:53.0 (64770770)|STATEMENT_EXECUTE|[1]
13:15:53.0 (64773314)|STATEMENT_EXECUTE|[3]
13:15:53.0 (64803309)|HEAP_ALLOCATE|[3]|Bytes:4
13:15:53.0 (64880693)|HEAP_ALLOCATE|[EXTERNAL]|Bytes:4
13:15:53.0 (64894891)|VARIABLE_ASSIGNMENT|[3]|this.taskList|[]|0x5894061f
13:15:53.0 (64903830)|HEAP_ALLOCATE|[5]|Bytes:89
13:15:53.0 (64917285)|HEAP_ALLOCATE|[5]|Bytes:4
13:15:53.0 (65157356)|SOQL_EXECUTE_BEGIN|[5]|Aggregations:0|SELECT Id, StageName FROM Opportunity 
13:15:53.0 (68565637)|SOQL_EXECUTE_END|[5]|Rows:0
13:15:53.0 (68733213)|HEAP_ALLOCATE|[5]|Bytes:54
13:15:53.0 (68743446)|HEAP_ALLOCATE|[5]|Bytes:8
13:15:53.0 (68769399)|SYSTEM_METHOD_ENTRY|[7]|QueryLocatorIterator.QueryLocatorIterator()
13:15:53.0 (68777016)|STATEMENT_EXECUTE|[7]
13:15:53.0 (68790222)|SYSTEM_METHOD_EXIT|[7]|QueryLocatorIterator
13:15:53.0 (68803807)|HEAP_ALLOCATE|[5]|Bytes:28
13:15:53.0 (68825325)|HEAP_ALLOCATE|[5]|Bytes:8
13:15:53.0 (68831083)|HEAP_ALLOCATE|[5]|Bytes:8
13:15:53.0 (68838329)|VARIABLE_SCOPE_BEGIN|[15]|this|Database.QueryLocatorIterator|true|false
13:15:53.0 (68870104)|VARIABLE_ASSIGNMENT|[15]|this|{}|0x61c0dc60
13:15:53.0 (68879412)|VARIABLE_SCOPE_BEGIN|[15]|values|List<SObject>|true|false
13:15:53.0 (68892494)|VARIABLE_ASSIGNMENT|[15]|values|null|
13:15:53.0 (68899511)|VARIABLE_SCOPE_BEGIN|[15]|ql|Database.QueryLocator|true|false
13:15:53.0 (68924628)|VARIABLE_ASSIGNMENT|[15]|ql|{"query":"SELECT Id, StageName (69 more) ..."}|0x5e086982
13:15:53.0 (68932418)|VARIABLE_SCOPE_BEGIN|[15]|totalNumRecords|Integer|false|false
13:15:53.0 (68944592)|VARIABLE_ASSIGNMENT|[15]|totalNumRecords|0
13:15:53.0 (68950545)|VARIABLE_SCOPE_BEGIN|[15]|queryMoreSize|Integer|false|false
13:15:53.0 (68959870)|VARIABLE_ASSIGNMENT|[15]|queryMoreSize|49998
13:15:53.0 (69063368)|HEAP_ALLOCATE|[5]|Bytes:28
13:15:53.0 (69085442)|METHOD_ENTRY|[5]||Database.QueryLocatorIterator.hasNext()
13:15:53.0 (69104062)|METHOD_EXIT|[5]||Database.QueryLocatorIterator.hasNext()
13:15:53.0 (69114912)|VARIABLE_ASSIGNMENT|[5]|opp|null|
13:15:53.0 (69121177)|STATEMENT_EXECUTE|[5]
13:15:53.0 (69165001)|STATEMENT_EXECUTE|[12]
13:15:53.69 (69170411)|CUMULATIVE_LIMIT_USAGE
13:15:53.69 (69170411)|LIMIT_USAGE_FOR_NS|(default)|
  Number of SOQL queries: 3 out of 100
  Number of query rows: 2 out of 50000
  Number of SOSL queries: 0 out of 20
  Number of DML statements: 1 out of 150
  Number of DML rows: 1 out of 10000
  Maximum CPU time: 0 out of 10000
  Maximum heap size: 0 out of 6000000
  Number of callouts: 0 out of 100
  Number of Email Invocations: 0 out of 10
  Number of future calls: 0 out of 50
  Number of queueable jobs added to the queue: 0 out of 50
  Number of Mobile Apex push calls: 0 out of 10

13:15:53.69 (69170411)|CUMULATIVE_LIMIT_USAGE_END

13:15:53.0 (69968338)|CODE_UNIT_FINISHED|ClosedOpportunityTrigger on Opportunity trigger event AfterInsert
13:15:53.0 (72635377)|DML_END|[45]
13:15:53.0 (72690415)|HEAP_ALLOCATE|[EXTERNAL]|Bytes:8
13:15:53.0 (72705207)|STATEMENT_EXECUTE|[46]
13:15:53.0 (72710901)|HEAP_ALLOCATE|[46]|Bytes:50
13:15:53.0 (72813338)|HEAP_ALLOCATE|[46]|Bytes:136
13:15:53.0 (72832126)|HEAP_ALLOCATE|[46]|Bytes:186
13:15:53.0 (72847096)|USER_DEBUG|[46]|DEBUG|TarjetaMethods.CrearOportunidad :: listOpToInsert (Opportunity:{Name=Tim Barr, CloseDate=2020-01-10 00:00:00, StageName=No iniciado, AccountId=0011r00001mvH7mAAE, Id=0061r00000vk1QrAAI})
13:15:53.0 (72860760)|SYSTEM_MODE_EXIT|false
13:15:53.0 (72871721)|METHOD_EXIT|[7]|01p1r000009oldq|TarjetaMethods.CrearOportunidad(List<Tarjeta_de_cr_dito__c>)
13:15:53.72 (72882909)|CUMULATIVE_LIMIT_USAGE
13:15:53.72 (72882909)|LIMIT_USAGE_FOR_NS|(default)|
  Number of SOQL queries: 3 out of 100
  Number of query rows: 2 out of 50000
  Number of SOSL queries: 0 out of 20
  Number of DML statements: 1 out of 150
  Number of DML rows: 1 out of 10000
  Maximum CPU time: 0 out of 10000
  Maximum heap size: 0 out of 6000000
  Number of callouts: 0 out of 100
  Number of Email Invocations: 0 out of 10
  Number of future calls: 0 out of 50
  Number of queueable jobs added to the queue: 0 out of 50
  Number of Mobile Apex push calls: 0 out of 10

13:15:53.72 (72882909)|CUMULATIVE_LIMIT_USAGE_END

13:15:53.0 (73978746)|CODE_UNIT_FINISHED|TarjetaTrigger on Tarjeta_de_cr_dito trigger event BeforeUpdate
13:15:53.0 (75381066)|CODE_UNIT_STARTED|[EXTERNAL]|Validation:Tarjeta_de_cr_dito:a031r00000Rt0Er
13:15:53.0 (75391811)|VALIDATION_RULE|03d1r000000i476|ValidarAno
13:15:53.0 (75575450)|VALIDATION_FORMULA|(A_o_caducidad__c<YEAR(TODAY())) &#124;&#124; 
(A_o_caducidad__c>YEAR(TODAY())+5)|A_o_caducidad__c=2020
13:15:53.0 (75585335)|VALIDATION_PASS
13:15:53.0 (75587862)|VALIDATION_RULE|03d1r000000i47B|ValidarFecha
13:15:53.0 (75682808)|VALIDATION_FORMULA|Mes_de_caducidad__c <   MONTH(TODAY()) && 
A_o_caducidad__c <= YEAR(TODAY())|A_o_caducidad__c=2020 , Mes_de_caducidad__c=10
13:15:53.0 (75689295)|VALIDATION_PASS
13:15:53.0 (75691066)|VALIDATION_RULE|03d1r000000i46X|ValidarMes
13:15:53.0 (75759726)|VALIDATION_FORMULA|(Mes_de_caducidad__c  < 1)  &#124;&#124;  (Mes_de_caducidad__c  > 12)|Mes_de_caducidad__c=10
13:15:53.0 (75765635)|VALIDATION_PASS
13:15:53.0 (75802864)|CODE_UNIT_FINISHED|Validation:Tarjeta_de_cr_dito:a031r00000Rt0Er
13:15:53.0 (113318892)|CODE_UNIT_FINISHED|TRIGGERS
13:15:53.0 (113338029)|EXECUTION_FINISHED
