36.0 APEX_CODE,FINEST;APEX_PROFILING,INFO;CALLOUT,INFO;DB,INFO;SYSTEM,DEBUG;VALIDATION,INFO;VISUALFORCE,INFO;WAVE,INFO;WORKFLOW,INFO
08:15:22.0 (432164)|USER_INFO|[EXTERNAL]|0051r000007Oz5Q|lydia.abril@gmail.com|hora estándar de Europa central|GMT+02:00
08:15:22.0 (521854)|EXECUTION_STARTED
08:15:22.0 (528352)|CODE_UNIT_STARTED|[EXTERNAL]|01p1r000009on3X|TarjetaTest.testCrearOportunidad
08:15:22.0 (809791)|HEAP_ALLOCATE|[72]|Bytes:3
08:15:22.0 (858500)|HEAP_ALLOCATE|[77]|Bytes:152
08:15:22.0 (876395)|HEAP_ALLOCATE|[342]|Bytes:408
08:15:22.0 (891726)|HEAP_ALLOCATE|[355]|Bytes:408
08:15:22.0 (904176)|HEAP_ALLOCATE|[467]|Bytes:48
08:15:22.0 (933368)|HEAP_ALLOCATE|[139]|Bytes:6
08:15:22.0 (949818)|HEAP_ALLOCATE|[EXTERNAL]|Bytes:56
08:15:22.0 (970176)|METHOD_ENTRY|[2]|01p1r000009on3X|TarjetaTest.TarjetaTest()
08:15:22.0 (979939)|STATEMENT_EXECUTE|[2]
08:15:22.0 (985670)|STATEMENT_EXECUTE|[2]
08:15:22.0 (989844)|METHOD_EXIT|[2]|TarjetaTest
08:15:22.0 (1202516)|HEAP_ALLOCATE|[50]|Bytes:5
08:15:22.0 (1229325)|HEAP_ALLOCATE|[56]|Bytes:5
08:15:22.0 (1238074)|HEAP_ALLOCATE|[64]|Bytes:7
08:15:22.0 (1286320)|STATEMENT_EXECUTE|[4]
08:15:22.0 (1288783)|STATEMENT_EXECUTE|[6]
08:15:22.0 (1291876)|HEAP_ALLOCATE|[6]|Bytes:51
08:15:22.0 (1315957)|HEAP_ALLOCATE|[6]|Bytes:4
08:15:22.0 (1543702)|SOQL_EXECUTE_BEGIN|[6]|Aggregations:0|SELECT Alias FROM User WHERE Alias = 'test' LIMIT 1
08:15:22.0 (6614396)|SOQL_EXECUTE_END|[6]|Rows:1
08:15:22.0 (6644854)|HEAP_ALLOCATE|[6]|Bytes:8
08:15:22.0 (6661785)|HEAP_ALLOCATE|[6]|Bytes:42
08:15:22.0 (6788995)|HEAP_ALLOCATE|[6]|Bytes:8
08:15:22.0 (6807331)|HEAP_ALLOCATE|[6]|Bytes:30
08:15:22.0 (6863971)|HEAP_ALLOCATE|[6]|Bytes:12
08:15:22.0 (6874731)|VARIABLE_SCOPE_BEGIN|[6]|userAborda|User|true|false
08:15:22.0 (6915293)|VARIABLE_ASSIGNMENT|[6]|userAborda|{"Alias":"test","Id":"0051r00000894UtAAI"}|0x785effe4
08:15:22.0 (6924302)|STATEMENT_EXECUTE|[8]
08:15:22.0 (6953194)|HEAP_ALLOCATE|[8]|Bytes:4
08:15:22.0 (7031856)|HEAP_ALLOCATE|[8]|Bytes:13
08:15:22.0 (7070012)|VARIABLE_ASSIGNMENT|[8]|this.Name|"CuentaPrueba0"|0x52103659
08:15:22.0 (7100714)|VARIABLE_SCOPE_BEGIN|[8]|oAccount|Account|true|false
08:15:22.0 (7115239)|VARIABLE_ASSIGNMENT|[8]|oAccount|{"Name":"CuentaPrueba0"}|0x52103659
08:15:22.0 (7121546)|STATEMENT_EXECUTE|[9]
08:15:22.0 (7143435)|HEAP_ALLOCATE|[9]|Bytes:8
08:15:22.0 (7152162)|DML_BEGIN|[9]|Op:Insert|Type:Account|Rows:1
08:15:22.0 (7177943)|HEAP_ALLOCATE|[EXTERNAL]|Bytes:8
08:15:22.0 (16475583)|CODE_UNIT_STARTED|[EXTERNAL]|DuplicateDetector
08:15:22.0 (16500484)|DUPLICATE_DETECTION_BEGIN
08:15:22.0 (17207950)|DUPLICATE_DETECTION_RULE_INVOCATION|DuplicateRuleId:0Bm1r0000018X88|DuplicateRuleName:Standard Account Duplicate Rule|DmlType:INSERT
08:15:22.0 (35998368)|DUPLICATE_DETECTION_MATCH_INVOCATION_DETAILS|EntityType:Account|ActionTaken:Allow_[Alert,Report]|DuplicateRecordIds:
08:15:22.0 (36024828)|DUPLICATE_DETECTION_MATCH_INVOCATION_SUMMARY|EntityType:Account|NumRecordsToBeSaved:1|NumRecordsToBeSavedWithDuplicates:0|NumDuplicateRecordsFound:0
08:15:22.0 (36119048)|DUPLICATE_DETECTION_END
08:15:22.0 (36128853)|CODE_UNIT_FINISHED|DuplicateDetector
08:15:22.0 (61597665)|DML_END|[9]
08:15:22.0 (61633928)|STATEMENT_EXECUTE|[11]
08:15:22.0 (61681731)|HEAP_ALLOCATE|[11]|Bytes:4
08:15:22.0 (61761946)|HEAP_ALLOCATE|[11]|Bytes:15
08:15:22.0 (61814014)|VARIABLE_ASSIGNMENT|[11]|this.LastName|"ContactoPrueba0"|0x7d62fdf3
08:15:22.0 (61822791)|HEAP_ALLOCATE|[11]|Bytes:9
08:15:22.0 (61840921)|VARIABLE_ASSIGNMENT|[11]|this.Nif__c|"47898592B"|0x7d62fdf3
08:15:22.0 (61888749)|VARIABLE_ASSIGNMENT|[11]|this.AccountId|"0011r00001nnQ0kAAE"|0x7d62fdf3
08:15:22.0 (61906930)|VARIABLE_ASSIGNMENT|[11]|this.Premium__c|true|0x7d62fdf3
08:15:22.0 (61938127)|VARIABLE_SCOPE_BEGIN|[11]|oContact|Contact|true|false
08:15:22.0 (61963085)|VARIABLE_ASSIGNMENT|[11]|oContact|{"LastName":"ContactoPrueba0","Nif__c":"47898592B","AccountId":"0011r00001nnQ0kAAE","Premium__c":true}|0x7d62fdf3
08:15:22.0 (61969740)|STATEMENT_EXECUTE|[12]
08:15:22.0 (61995449)|HEAP_ALLOCATE|[12]|Bytes:8
08:15:22.0 (62006915)|DML_BEGIN|[12]|Op:Insert|Type:Contact|Rows:1
08:15:22.0 (62063811)|HEAP_ALLOCATE|[EXTERNAL]|Bytes:8
08:15:22.0 (70218725)|CODE_UNIT_STARTED|[EXTERNAL]|01q1r000000j4Bx|ContactTrigger on Contact trigger event BeforeInsert
08:15:22.0 (70274653)|HEAP_ALLOCATE|[EXTERNAL]|Bytes:8
08:15:22.0 (70420951)|HEAP_ALLOCATE|[EXTERNAL]|Bytes:8
08:15:22.0 (70439039)|VARIABLE_SCOPE_BEGIN|[1]|this|ContactTrigger|true|false
08:15:22.0 (70517776)|VARIABLE_ASSIGNMENT|[1]|this|{}|0x27b2a6f0
08:15:22.0 (70588264)|HEAP_ALLOCATE|[EXTERNAL]|Bytes:8
08:15:22.0 (70656990)|VARIABLE_SCOPE_BEGIN|[1]|this|ContactTrigger|true|false
08:15:22.0 (70672798)|VARIABLE_ASSIGNMENT|[1]|this|{}|0x27b2a6f0
08:15:22.0 (70682771)|STATEMENT_EXECUTE|[1]
08:15:22.0 (70685402)|STATEMENT_EXECUTE|[3]
08:15:22.0 (71233868)|VARIABLE_ASSIGNMENT|[3]|this.listNew|[{"IsDeleted":false,"AccountId":"0011r00001nnQ0kAAE","IsEmailBounced":false,"CleanStatus":"Pending","DoNotCall":false,"OwnerId":"0051r000007Oz5QAAS","Premium__c":true,"HasOptedOutOfEmail":false,"HasOptedOutOfFax":false,"Nif__c":"47898592B","LastName":"ContactoPrueba0"}]|0x27b2a6f0
08:15:22.0 (71260750)|STATEMENT_EXECUTE|[5]
08:15:22.0 (71269738)|STATEMENT_EXECUTE|[6]
08:15:22.0 (71271557)|STATEMENT_EXECUTE|[7]
08:15:22.0 (72640277)|HEAP_ALLOCATE|[7]|Bytes:1
08:15:22.0 (72684907)|METHOD_ENTRY|[1]|01p1r000008aKc5|ContactMethods.ContactMethods()
08:15:22.0 (72693407)|STATEMENT_EXECUTE|[1]
08:15:22.0 (72698823)|STATEMENT_EXECUTE|[1]
08:15:22.0 (73073069)|SYSTEM_MODE_ENTER|false
08:15:22.0 (73091347)|HEAP_ALLOCATE|[7]|Bytes:5
08:15:22.0 (73102519)|SYSTEM_MODE_EXIT|false
08:15:22.0 (73113666)|METHOD_EXIT|[1]|ContactMethods
08:15:22.0 (73138939)|METHOD_ENTRY|[7]|01p1r000008aKc5|ContactMethods.ValidarNif(List<Contact>)
08:15:22.0 (73176447)|VARIABLE_SCOPE_BEGIN|[3]|listNew|List<Contact>|true|false
08:15:22.0 (73416863)|VARIABLE_ASSIGNMENT|[3]|listNew|[{"IsDeleted":false,"AccountId":"0011r00001nnQ0kAAE","IsEmailBounced":false,"CleanStatus":"Pending","DoNotCall":false,"OwnerId":"0051r000007Oz5QAAS","Premium__c":true,"HasOptedOutOfEmail":false,"HasOptedOutOfFax":false,"Nif__c":"47898592B","LastName":"ContactoPrueba0"}]|0x5a8e4adc
08:15:22.0 (73455681)|SYSTEM_MODE_ENTER|false
08:15:22.0 (73463795)|HEAP_ALLOCATE|[5]|Bytes:5
08:15:22.0 (73470219)|STATEMENT_EXECUTE|[3]
08:15:22.0 (73559446)|STATEMENT_EXECUTE|[5]
08:15:22.0 (73715751)|HEAP_ALLOCATE|[7]|Bytes:5
08:15:22.0 (73737534)|HEAP_ALLOCATE|[7]|Bytes:4
08:15:22.0 (73748228)|VARIABLE_SCOPE_BEGIN|[7]|inContact|Contact|true|false
08:15:22.0 (73987246)|VARIABLE_ASSIGNMENT|[7]|inContact|{"IsDeleted":false,"AccountId":"0011r00001nnQ0kAAE","IsEmailBounced":false,"CleanStatus":"Pending","DoNotCall":false,"OwnerId":"0051r000007Oz5QAAS","Premium__c":true,"HasOptedOutOfEmail":false,"HasOptedOutOfFax":false,"Nif__c":"47898592B","LastName":"ContactoPrueba0"}|0x7cc23331
08:15:22.0 (73998808)|STATEMENT_EXECUTE|[7]
08:15:22.0 (74906252)|HEAP_ALLOCATE|[8]|Bytes:1
08:15:22.0 (74917109)|HEAP_ALLOCATE|[8]|Bytes:7
08:15:22.0 (74928818)|METHOD_ENTRY|[1]|01p1r000009oduV|Utils.Utils()
08:15:22.0 (74934853)|STATEMENT_EXECUTE|[1]
08:15:22.0 (74940037)|STATEMENT_EXECUTE|[1]
08:15:22.0 (74951951)|HEAP_ALLOCATE|[8]|Bytes:5
08:15:22.0 (74960963)|METHOD_EXIT|[1]|Utils
08:15:22.0 (74978674)|METHOD_ENTRY|[8]|01p1r000009oduV|Utils.isNifNie(String)
08:15:22.0 (74995865)|VARIABLE_SCOPE_BEGIN|[3]|nif|String|false|false
08:15:22.0 (75008175)|VARIABLE_ASSIGNMENT|[3]|nif|"47898592B"
08:15:22.0 (75028901)|HEAP_ALLOCATE|[5]|Bytes:5
08:15:22.0 (75035050)|STATEMENT_EXECUTE|[3]
08:15:22.0 (75036981)|STATEMENT_EXECUTE|[5]
08:15:22.0 (75040883)|HEAP_ALLOCATE|[5]|Bytes:4
08:15:22.0 (75061252)|HEAP_ALLOCATE|[5]|Bytes:13
08:15:22.0 (75109314)|USER_DEBUG|[5]|DEBUG|NIF 47898592B
08:15:22.0 (75149757)|HEAP_ALLOCATE|[7]|Bytes:9
08:15:22.0 (75161248)|HEAP_ALLOCATE|[7]|Bytes:1
08:15:22.0 (75183760)|HEAP_ALLOCATE|[7]|Bytes:9
08:15:22.0 (75191297)|HEAP_ALLOCATE|[7]|Bytes:1
08:15:22.0 (75231497)|HEAP_ALLOCATE|[7]|Bytes:9
08:15:22.0 (75241495)|HEAP_ALLOCATE|[7]|Bytes:1
08:15:22.0 (75269709)|STATEMENT_EXECUTE|[7]
08:15:22.0 (75272049)|STATEMENT_EXECUTE|[11]
08:15:22.0 (75274745)|HEAP_ALLOCATE|[11]|Bytes:59
08:15:22.0 (75331300)|HEAP_ALLOCATE|[11]|Bytes:24
08:15:22.0 (75340991)|SYSTEM_METHOD_ENTRY|[1]|Pattern.Pattern()
08:15:22.0 (75346267)|STATEMENT_EXECUTE|[1]
08:15:22.0 (75368374)|SYSTEM_METHOD_EXIT|[1]|Pattern
08:15:22.0 (75379861)|METHOD_ENTRY|[11]||System.Pattern.compile(String)
08:15:22.0 (75533089)|METHOD_EXIT|[11]||System.Pattern.compile(String)
08:15:22.0 (75540399)|VARIABLE_SCOPE_BEGIN|[11]|nifPattern|System.Pattern|true|false
08:15:22.0 (75563890)|VARIABLE_ASSIGNMENT|[11]|nifPattern|{"delegate":"0x3a855354"}|0x59f748ed
08:15:22.0 (75571131)|STATEMENT_EXECUTE|[12]
08:15:22.0 (75581004)|METHOD_ENTRY|[12]||System.Pattern.matcher(String)
08:15:22.0 (75728759)|METHOD_EXIT|[12]||System.Pattern.matcher(String)
08:15:22.0 (75735642)|VARIABLE_SCOPE_BEGIN|[12]|m|System.Matcher|true|false
08:15:22.0 (75754619)|VARIABLE_ASSIGNMENT|[12]|m|{"delegate":"0x38b6ad83"}|0x2affde35
08:15:22.0 (75772721)|METHOD_ENTRY|[13]||System.Matcher.matches()
08:15:22.0 (75828484)|METHOD_EXIT|[13]||System.Matcher.matches()
08:15:22.0 (75835632)|STATEMENT_EXECUTE|[13]
08:15:22.0 (75837672)|STATEMENT_EXECUTE|[14]
08:15:22.0 (75847616)|METHOD_ENTRY|[14]||System.Matcher.group(Integer)
08:15:22.0 (75897830)|METHOD_EXIT|[14]||System.Matcher.group(Integer)
08:15:22.0 (75903832)|VARIABLE_SCOPE_BEGIN|[14]|letra|String|false|false
08:15:22.0 (75914402)|VARIABLE_ASSIGNMENT|[14]|letra|"B"
08:15:22.0 (75919539)|STATEMENT_EXECUTE|[16]
08:15:22.0 (75922652)|HEAP_ALLOCATE|[16]|Bytes:23
08:15:22.0 (75927745)|VARIABLE_SCOPE_BEGIN|[16]|letras|String|false|false
08:15:22.0 (75937607)|VARIABLE_ASSIGNMENT|[16]|letras|"TRWAGMYFPDXBNJZSQVHL (3 more) ..."
08:15:22.0 (75941967)|STATEMENT_EXECUTE|[17]
08:15:22.0 (75947414)|METHOD_ENTRY|[17]||System.Matcher.group(Integer)
08:15:22.0 (75975430)|METHOD_EXIT|[17]||System.Matcher.group(Integer)
08:15:22.0 (75998748)|VARIABLE_SCOPE_BEGIN|[17]|dni|Integer|false|false
08:15:22.0 (76005188)|HEAP_ALLOCATE|[17]|Bytes:4
08:15:22.0 (76013270)|VARIABLE_ASSIGNMENT|[17]|dni|47898592
08:15:22.0 (76018056)|STATEMENT_EXECUTE|[18]
08:15:22.0 (76046995)|VARIABLE_SCOPE_BEGIN|[2]|Math.E|Double|false|true
08:15:22.0 (76054257)|VARIABLE_SCOPE_BEGIN|[3]|Math.PI|Double|false|true
08:15:22.0 (76065922)|HEAP_ALLOCATE|[18]|Bytes:206
08:15:22.0 (76074542)|SYSTEM_METHOD_ENTRY|[1]|Math.Math()
08:15:22.0 (76078451)|STATEMENT_EXECUTE|[1]
08:15:22.0 (76120460)|SYSTEM_METHOD_EXIT|[1]|Math
08:15:22.0 (76130485)|METHOD_ENTRY|[18]||System.Math.mod(Integer, Integer)
08:15:22.0 (76178952)|METHOD_EXIT|[18]||System.Math.mod(Integer, Integer)
08:15:22.0 (76184000)|HEAP_ALLOCATE|[18]|Bytes:4
08:15:22.0 (76190723)|VARIABLE_ASSIGNMENT|[18]|dni|11
08:15:22.0 (76195536)|STATEMENT_EXECUTE|[20]
08:15:22.0 (76219041)|HEAP_ALLOCATE|[20]|Bytes:1
08:15:22.0 (76229581)|VARIABLE_SCOPE_BEGIN|[20]|reference|String|false|false
08:15:22.0 (76239201)|VARIABLE_ASSIGNMENT|[20]|reference|"B"
08:15:22.0 (76263078)|STATEMENT_EXECUTE|[22]
08:15:22.0 (76265295)|STATEMENT_EXECUTE|[23]
08:15:22.0 (76268013)|HEAP_ALLOCATE|[23]|Bytes:21
08:15:22.0 (76272426)|HEAP_ALLOCATE|[23]|Bytes:1
08:15:22.0 (76280290)|HEAP_ALLOCATE|[23]|Bytes:24
08:15:22.0 (76296813)|USER_DEBUG|[23]|DEBUG|son iguales. Es NIF. B B
08:15:22.0 (76305069)|STATEMENT_EXECUTE|[24]
08:15:22.0 (76309389)|HEAP_ALLOCATE|[24]|Bytes:5
08:15:22.0 (76317925)|METHOD_EXIT|[8]|01p1r000009oduV|Utils.isNifNie(String)
08:15:22.0 (76323916)|STATEMENT_EXECUTE|[8]
08:15:22.0 (76332565)|HEAP_ALLOCATE|[7]|Bytes:5
08:15:22.0 (76344767)|VARIABLE_ASSIGNMENT|[7]|inContact|null|
08:15:22.0 (76351302)|SYSTEM_MODE_EXIT|false
08:15:22.0 (76358136)|METHOD_EXIT|[7]|01p1r000008aKc5|ContactMethods.ValidarNif(List<Contact>)
08:15:22.76 (76368254)|CUMULATIVE_LIMIT_USAGE
08:15:22.76 (76368254)|LIMIT_USAGE_FOR_NS|(default)|
  Number of SOQL queries: 1 out of 100
  Number of query rows: 1 out of 50000
  Number of SOSL queries: 0 out of 20
  Number of DML statements: 2 out of 150
  Number of DML rows: 2 out of 10000
  Maximum CPU time: 0 out of 10000
  Maximum heap size: 0 out of 6000000
  Number of callouts: 0 out of 100
  Number of Email Invocations: 0 out of 10
  Number of future calls: 0 out of 50
  Number of queueable jobs added to the queue: 0 out of 50
  Number of Mobile Apex push calls: 0 out of 10

08:15:22.76 (76368254)|CUMULATIVE_LIMIT_USAGE_END

08:15:22.0 (77475999)|CODE_UNIT_FINISHED|ContactTrigger on Contact trigger event BeforeInsert
08:15:22.0 (81199592)|CODE_UNIT_STARTED|[EXTERNAL]|DuplicateDetector
08:15:22.0 (81221119)|DUPLICATE_DETECTION_BEGIN
08:15:22.0 (81283612)|DUPLICATE_DETECTION_RULE_INVOCATION|DuplicateRuleId:0Bm1r0000018X89|DuplicateRuleName:Standard Contact Duplicate Rule|DmlType:INSERT
08:15:22.0 (106750754)|DUPLICATE_DETECTION_MATCH_INVOCATION_DETAILS|EntityType:Contact|ActionTaken:Allow_[Alert,Report]|DuplicateRecordIds:
08:15:22.0 (106787486)|DUPLICATE_DETECTION_MATCH_INVOCATION_SUMMARY|EntityType:Contact|NumRecordsToBeSaved:1|NumRecordsToBeSavedWithDuplicates:0|NumDuplicateRecordsFound:0
08:15:22.0 (106799952)|DUPLICATE_DETECTION_MATCH_INVOCATION_DETAILS|EntityType:Contact|ActionTaken:Allow_[Alert,Report]|DuplicateRecordIds:
08:15:22.0 (106808031)|DUPLICATE_DETECTION_MATCH_INVOCATION_SUMMARY|EntityType:Contact|NumRecordsToBeSaved:1|NumRecordsToBeSavedWithDuplicates:0|NumDuplicateRecordsFound:0
08:15:22.0 (106926018)|DUPLICATE_DETECTION_END
08:15:22.0 (106934309)|CODE_UNIT_FINISHED|DuplicateDetector
08:15:22.0 (123844395)|DML_END|[12]
08:15:22.0 (123886267)|STATEMENT_EXECUTE|[14]
08:15:22.0 (123946407)|HEAP_ALLOCATE|[14]|Bytes:4
08:15:22.0 (124102243)|HEAP_ALLOCATE|[14]|Bytes:4
08:15:22.0 (124179184)|HEAP_ALLOCATE|[14]|Bytes:28
08:15:22.0 (124241526)|VARIABLE_ASSIGNMENT|[14]|this.A_o_caducidad__c|2019|0x34b81640
08:15:22.0 (124312911)|VARIABLE_ASSIGNMENT|[14]|this.Contacto__c|"0031r000024jmNbAAI"|0x34b81640
08:15:22.0 (124344417)|HEAP_ALLOCATE|[16]|Bytes:4
08:15:22.0 (124392147)|HEAP_ALLOCATE|[14]|Bytes:28
08:15:22.0 (124399081)|HEAP_ALLOCATE|[14]|Bytes:28
08:15:22.0 (124430202)|VARIABLE_ASSIGNMENT|[14]|this.Mes_de_caducidad__c|4|0x34b81640
08:15:22.0 (124441763)|HEAP_ALLOCATE|[17]|Bytes:16
08:15:22.0 (124466522)|VARIABLE_ASSIGNMENT|[14]|this.N_tarjeta__c|"1234567891234567"|0x34b81640
08:15:22.0 (124478396)|HEAP_ALLOCATE|[18]|Bytes:7
08:15:22.0 (124501457)|VARIABLE_ASSIGNMENT|[14]|this.Tarjeta__c|"Crédito"|0x34b81640
08:15:22.0 (124512620)|HEAP_ALLOCATE|[19]|Bytes:10
08:15:22.0 (124536614)|VARIABLE_ASSIGNMENT|[14]|this.Tipo_de_tarjeta__c|"MasterCard"|0x34b81640
08:15:22.0 (124546293)|HEAP_ALLOCATE|[20]|Bytes:8
08:15:22.0 (124568270)|VARIABLE_ASSIGNMENT|[14]|this.Name|"Tarjeta0"|0x34b81640
08:15:22.0 (124598634)|VARIABLE_ASSIGNMENT|[14]|this.OwnerId|"0051r00000894UtAAI"|0x34b81640
08:15:22.0 (124625169)|VARIABLE_SCOPE_BEGIN|[14]|oTarjeta|Tarjeta_de_cr_dito__c|true|false
08:15:22.0 (124652169)|VARIABLE_ASSIGNMENT|[14]|oTarjeta|{"A_o_caducidad__c":2019,"Contacto__c":"0031r000024jmNbAAI","Mes_de_caducidad__c":4,"N_tarjeta__c":"1234567891234567","Tarjeta__c":"Crédito","Tipo_de_tarjeta__c":"MasterCard","Name":"Tarjeta0","OwnerId":"0051r00000894UtAAI"}|0x34b81640
08:15:22.0 (124660982)|STATEMENT_EXECUTE|[23]
08:15:22.0 (124679719)|HEAP_ALLOCATE|[23]|Bytes:8
08:15:22.0 (124687970)|DML_BEGIN|[23]|Op:Insert|Type:Tarjeta_de_cr_dito__c|Rows:1
08:15:22.0 (124727359)|HEAP_ALLOCATE|[EXTERNAL]|Bytes:8
08:15:22.0 (130509785)|CODE_UNIT_STARTED|[EXTERNAL]|01q1r000000j7QT|TarjetaTrigger on Tarjeta_de_cr_dito trigger event BeforeInsert
08:15:22.0 (130553360)|HEAP_ALLOCATE|[EXTERNAL]|Bytes:8
08:15:22.0 (130669133)|HEAP_ALLOCATE|[EXTERNAL]|Bytes:8
08:15:22.0 (130688443)|VARIABLE_SCOPE_BEGIN|[1]|this|TarjetaTrigger|true|false
08:15:22.0 (130748107)|VARIABLE_ASSIGNMENT|[1]|this|{}|0x58ceeb91
08:15:22.0 (130811854)|HEAP_ALLOCATE|[EXTERNAL]|Bytes:8
08:15:22.0 (130878498)|VARIABLE_SCOPE_BEGIN|[1]|this|TarjetaTrigger|true|false
08:15:22.0 (130894239)|VARIABLE_ASSIGNMENT|[1]|this|{}|0x58ceeb91
08:15:22.0 (130903168)|STATEMENT_EXECUTE|[1]
08:15:22.0 (130905449)|STATEMENT_EXECUTE|[3]
08:15:22.0 (131163377)|VARIABLE_ASSIGNMENT|[3]|this.listNew|[{"Tipo_de_tarjeta__c":"MasterCard","A_o_caducidad__c":2019,"Contacto__c":"0031r000024jmNbAAI","IsDeleted":false,"OwnerId":"0051r00000894UtAAI","Mes_de_caducidad__c":4,"Tarjeta__c":"Crédito","Name":"Tarjeta0","N_tarjeta__c":"1234567891234567"}]|0x58ceeb91
08:15:22.0 (131182930)|STATEMENT_EXECUTE|[5]
08:15:22.0 (131189592)|STATEMENT_EXECUTE|[6]
08:15:22.0 (131191259)|STATEMENT_EXECUTE|[7]
08:15:22.0 (132458052)|HEAP_ALLOCATE|[7]|Bytes:1
08:15:22.0 (132494474)|HEAP_ALLOCATE|[7]|Bytes:11
08:15:22.0 (132517276)|METHOD_ENTRY|[1]|01p1r000009oldq|TarjetaMethods.TarjetaMethods()
08:15:22.0 (132526834)|STATEMENT_EXECUTE|[1]
08:15:22.0 (132531758)|STATEMENT_EXECUTE|[1]
08:15:22.0 (132923610)|SYSTEM_MODE_ENTER|false
08:15:22.0 (132935457)|HEAP_ALLOCATE|[7]|Bytes:5
08:15:22.0 (132944470)|SYSTEM_MODE_EXIT|false
08:15:22.0 (132954511)|METHOD_EXIT|[1]|TarjetaMethods
08:15:22.0 (132979605)|METHOD_ENTRY|[7]|01p1r000009oldq|TarjetaMethods.CrearOportunidad(List<Tarjeta_de_cr_dito__c>)
08:15:22.0 (133007493)|VARIABLE_SCOPE_BEGIN|[3]|listTarjetas|List<Tarjeta_de_cr_dito__c>|true|false
08:15:22.0 (133106039)|VARIABLE_ASSIGNMENT|[3]|listTarjetas|[{"Tipo_de_tarjeta__c":"MasterCard","A_o_caducidad__c":2019,"Contacto__c":"0031r000024jmNbAAI","IsDeleted":false,"OwnerId":"0051r00000894UtAAI","Mes_de_caducidad__c":4,"Tarjeta__c":"Crédito","Name":"Tarjeta0","N_tarjeta__c":"1234567891234567"}]|0x67f6cd6d
08:15:22.0 (133143544)|SYSTEM_MODE_ENTER|false
08:15:22.0 (133150793)|HEAP_ALLOCATE|[5]|Bytes:5
08:15:22.0 (133157324)|STATEMENT_EXECUTE|[3]
08:15:22.0 (133273068)|STATEMENT_EXECUTE|[5]
08:15:22.0 (133409323)|HEAP_ALLOCATE|[7]|Bytes:5
08:15:22.0 (133432221)|HEAP_ALLOCATE|[7]|Bytes:4
08:15:22.0 (133441967)|VARIABLE_SCOPE_BEGIN|[7]|inTarjeta|Tarjeta_de_cr_dito__c|true|false
08:15:22.0 (133554791)|VARIABLE_ASSIGNMENT|[7]|inTarjeta|{"Tipo_de_tarjeta__c":"MasterCard","A_o_caducidad__c":2019,"Contacto__c":"0031r000024jmNbAAI","IsDeleted":false,"OwnerId":"0051r00000894UtAAI","Mes_de_caducidad__c":4,"Tarjeta__c":"Crédito","Name":"Tarjeta0","N_tarjeta__c":"1234567891234567"}|0x1b5e1df2
08:15:22.0 (133566070)|STATEMENT_EXECUTE|[7]
08:15:22.0 (133568214)|STATEMENT_EXECUTE|[17]
08:15:22.0 (133586064)|HEAP_ALLOCATE|[17]|Bytes:4
08:15:22.0 (133734765)|SOQL_EXECUTE_BEGIN|[17]|Aggregations:0|SELECT Alias FROM User WHERE Alias = 'test' LIMIT 1
08:15:22.0 (137568756)|SOQL_EXECUTE_END|[17]|Rows:1
08:15:22.0 (137592319)|HEAP_ALLOCATE|[17]|Bytes:8
08:15:22.0 (137607496)|HEAP_ALLOCATE|[17]|Bytes:42
08:15:22.0 (137638450)|HEAP_ALLOCATE|[17]|Bytes:8
08:15:22.0 (137664009)|HEAP_ALLOCATE|[17]|Bytes:12
08:15:22.0 (137671301)|VARIABLE_SCOPE_BEGIN|[17]|userAborda|User|true|false
08:15:22.0 (137691448)|VARIABLE_ASSIGNMENT|[17]|userAborda|{"Alias":"test","Id":"0051r00000894UtAAI"}|0x435590d7
08:15:22.0 (137698864)|STATEMENT_EXECUTE|[19]
08:15:22.0 (137702745)|HEAP_ALLOCATE|[19]|Bytes:46
08:15:22.0 (137782082)|HEAP_ALLOCATE|[19]|Bytes:40
08:15:22.0 (137800921)|HEAP_ALLOCATE|[19]|Bytes:86
08:15:22.0 (137815075)|USER_DEBUG|[19]|DEBUG|TarjetaMethods.CrearOportunidad :: userAborda User:{Alias=test, Id=0051r00000894UtAAI}
08:15:22.0 (137893125)|STATEMENT_EXECUTE|[22]
08:15:22.0 (137895843)|STATEMENT_EXECUTE|[24]
08:15:22.0 (137899835)|HEAP_ALLOCATE|[24]|Bytes:67
08:15:22.0 (137913303)|HEAP_ALLOCATE|[24]|Bytes:4
08:15:22.0 (137920639)|HEAP_ALLOCATE|[24]|Bytes:7
08:15:22.0 (138145370)|SOQL_EXECUTE_BEGIN|[24]|Aggregations:0|SELECT Name, Premium__c, AccountId FROM Contact WHERE Id = :tmpVar1
08:15:22.0 (141898343)|SOQL_EXECUTE_END|[24]|Rows:1
08:15:22.0 (141922230)|HEAP_ALLOCATE|[24]|Bytes:8
08:15:22.0 (141936782)|HEAP_ALLOCATE|[24]|Bytes:101
08:15:22.0 (141968030)|HEAP_ALLOCATE|[24]|Bytes:8
08:15:22.0 (141980938)|HEAP_ALLOCATE|[24]|Bytes:33
08:15:22.0 (141996249)|HEAP_ALLOCATE|[24]|Bytes:20
08:15:22.0 (142003934)|VARIABLE_SCOPE_BEGIN|[24]|oContacto|Contact|true|false
08:15:22.0 (142026938)|VARIABLE_ASSIGNMENT|[24]|oContacto|{"Name":"ContactoPrueba0","Premium__c":true,"AccountId":"0011r00001nnQ0kAAE","Id":"0031r000024jmNbAAI"}|0x9663ffd
08:15:22.0 (142034809)|STATEMENT_EXECUTE|[26]
08:15:22.0 (142038324)|HEAP_ALLOCATE|[26]|Bytes:45
08:15:22.0 (142107147)|HEAP_ALLOCATE|[26]|Bytes:100
08:15:22.0 (142125998)|HEAP_ALLOCATE|[26]|Bytes:145
08:15:22.0 (142138432)|USER_DEBUG|[26]|DEBUG|TarjetaMethods.CrearOportunidad :: oContacto Contact:{Name=ContactoPrueba0, Premium__c=true, AccountId=0011r00001nnQ0kAAE, Id=0031r000024jmNbAAI}
08:15:22.0 (142168812)|STATEMENT_EXECUTE|[29]
08:15:22.0 (142171098)|STATEMENT_EXECUTE|[31]
08:15:22.0 (142208659)|HEAP_ALLOCATE|[31]|Bytes:4
08:15:22.0 (142319789)|VARIABLE_ASSIGNMENT|[31]|this.Name|"ContactoPrueba0"|0x75bb8632
08:15:22.0 (142349171)|HEAP_ALLOCATE|[32]|Bytes:28
08:15:22.0 (142361092)|HEAP_ALLOCATE|[32]|Bytes:8
08:15:22.0 (142374532)|HEAP_ALLOCATE|[32]|Bytes:28
08:15:22.0 (142379844)|HEAP_ALLOCATE|[32]|Bytes:8
08:15:22.0 (142425871)|HEAP_ALLOCATE|[32]|Bytes:4
08:15:22.0 (142473044)|VARIABLE_ASSIGNMENT|[31]|this.CloseDate|"2019-01-04T00:00:00.000Z"|0x75bb8632
08:15:22.0 (142481390)|HEAP_ALLOCATE|[33]|Bytes:11
08:15:22.0 (142496976)|VARIABLE_ASSIGNMENT|[31]|this.StageName|"No iniciado"|0x75bb8632
08:15:22.0 (142528323)|VARIABLE_ASSIGNMENT|[31]|this.AccountId|"0011r00001nnQ0kAAE"|0x75bb8632
08:15:22.0 (142559347)|VARIABLE_SCOPE_BEGIN|[31]|oOpportunity|Opportunity|true|false
08:15:22.0 (142579541)|VARIABLE_ASSIGNMENT|[31]|oOpportunity|{"Name":"ContactoPrueba0","CloseDate":"2019-01-04T00:00:00.000Z","StageName":"No iniciado","AccountId":"0011r00001nnQ0kAAE"}|0x75bb8632
08:15:22.0 (142587124)|STATEMENT_EXECUTE|[37]
08:15:22.0 (142590619)|HEAP_ALLOCATE|[37]|Bytes:48
08:15:22.0 (142642809)|HEAP_ALLOCATE|[37]|Bytes:118
08:15:22.0 (142656822)|HEAP_ALLOCATE|[37]|Bytes:166
08:15:22.0 (142667057)|USER_DEBUG|[37]|DEBUG|TarjetaMethods.CrearOportunidad :: oOpportunity Opportunity:{Name=ContactoPrueba0, CloseDate=2019-01-04 00:00:00, StageName=No iniciado, AccountId=0011r00001nnQ0kAAE}
08:15:22.0 (142675568)|STATEMENT_EXECUTE|[39]
08:15:22.0 (142688947)|HEAP_ALLOCATE|[39]|Bytes:8
08:15:22.0 (142700440)|DML_BEGIN|[39]|Op:Insert|Type:Opportunity|Rows:1
08:15:22.0 (142729373)|HEAP_ALLOCATE|[EXTERNAL]|Bytes:8
08:15:22.0 (180235676)|CODE_UNIT_STARTED|[EXTERNAL]|01q1r000000Bcgl|ClosedOpportunityTrigger on Opportunity trigger event AfterInsert
08:15:22.0 (180276085)|HEAP_ALLOCATE|[EXTERNAL]|Bytes:8
08:15:22.0 (180447061)|HEAP_ALLOCATE|[EXTERNAL]|Bytes:8
08:15:22.0 (180460381)|VARIABLE_SCOPE_BEGIN|[1]|this|ClosedOpportunityTrigger|true|false
08:15:22.0 (180526156)|VARIABLE_ASSIGNMENT|[1]|this|{}|0x39e63041
08:15:22.0 (180580403)|HEAP_ALLOCATE|[EXTERNAL]|Bytes:8
08:15:22.0 (180589749)|VARIABLE_SCOPE_BEGIN|[1]|this|ClosedOpportunityTrigger|true|false
08:15:22.0 (180603809)|VARIABLE_ASSIGNMENT|[1]|this|{}|0x39e63041
08:15:22.0 (180614325)|STATEMENT_EXECUTE|[1]
08:15:22.0 (180617082)|STATEMENT_EXECUTE|[3]
08:15:22.0 (180662800)|HEAP_ALLOCATE|[3]|Bytes:4
08:15:22.0 (180750212)|HEAP_ALLOCATE|[EXTERNAL]|Bytes:4
08:15:22.0 (180765338)|VARIABLE_ASSIGNMENT|[3]|this.taskList|[]|0x39e63041
08:15:22.0 (180781854)|HEAP_ALLOCATE|[5]|Bytes:89
08:15:22.0 (180801034)|HEAP_ALLOCATE|[5]|Bytes:4
08:15:22.0 (181083973)|SOQL_EXECUTE_BEGIN|[5]|Aggregations:0|SELECT Id, StageName FROM Opportunity 
08:15:22.0 (185813303)|SOQL_EXECUTE_END|[5]|Rows:0
08:15:22.0 (185975226)|HEAP_ALLOCATE|[5]|Bytes:54
08:15:22.0 (185985953)|HEAP_ALLOCATE|[5]|Bytes:8
08:15:22.0 (186010672)|SYSTEM_METHOD_ENTRY|[7]|QueryLocatorIterator.QueryLocatorIterator()
08:15:22.0 (186017067)|STATEMENT_EXECUTE|[7]
08:15:22.0 (186025665)|SYSTEM_METHOD_EXIT|[7]|QueryLocatorIterator
08:15:22.0 (186033349)|HEAP_ALLOCATE|[5]|Bytes:28
08:15:22.0 (186047304)|HEAP_ALLOCATE|[5]|Bytes:8
08:15:22.0 (186050983)|HEAP_ALLOCATE|[5]|Bytes:8
08:15:22.0 (186056885)|VARIABLE_SCOPE_BEGIN|[15]|this|Database.QueryLocatorIterator|true|false
08:15:22.0 (186082515)|VARIABLE_ASSIGNMENT|[15]|this|{}|0x7945311f
08:15:22.0 (186089347)|VARIABLE_SCOPE_BEGIN|[15]|values|List<SObject>|true|false
08:15:22.0 (186098741)|VARIABLE_ASSIGNMENT|[15]|values|null|
08:15:22.0 (186103003)|VARIABLE_SCOPE_BEGIN|[15]|ql|Database.QueryLocator|true|false
08:15:22.0 (186123428)|VARIABLE_ASSIGNMENT|[15]|ql|{"query":"SELECT Id, StageName (69 more) ..."}|0x44aebc54
08:15:22.0 (186129011)|VARIABLE_SCOPE_BEGIN|[15]|totalNumRecords|Integer|false|false
08:15:22.0 (186149089)|VARIABLE_ASSIGNMENT|[15]|totalNumRecords|0
08:15:22.0 (186153503)|VARIABLE_SCOPE_BEGIN|[15]|queryMoreSize|Integer|false|false
08:15:22.0 (186159955)|VARIABLE_ASSIGNMENT|[15]|queryMoreSize|49997
08:15:22.0 (186209963)|HEAP_ALLOCATE|[5]|Bytes:28
08:15:22.0 (186230841)|METHOD_ENTRY|[5]||Database.QueryLocatorIterator.hasNext()
08:15:22.0 (186262513)|METHOD_EXIT|[5]||Database.QueryLocatorIterator.hasNext()
08:15:22.0 (186272407)|VARIABLE_ASSIGNMENT|[5]|opp|null|
08:15:22.0 (186279560)|STATEMENT_EXECUTE|[5]
08:15:22.0 (186324428)|STATEMENT_EXECUTE|[12]
08:15:22.186 (186330292)|CUMULATIVE_LIMIT_USAGE
08:15:22.186 (186330292)|LIMIT_USAGE_FOR_NS|(default)|
  Number of SOQL queries: 4 out of 100
  Number of query rows: 3 out of 50000
  Number of SOSL queries: 0 out of 20
  Number of DML statements: 4 out of 150
  Number of DML rows: 4 out of 10000
  Maximum CPU time: 0 out of 10000
  Maximum heap size: 0 out of 6000000
  Number of callouts: 0 out of 100
  Number of Email Invocations: 0 out of 10
  Number of future calls: 0 out of 50
  Number of queueable jobs added to the queue: 0 out of 50
  Number of Mobile Apex push calls: 0 out of 10

08:15:22.186 (186330292)|CUMULATIVE_LIMIT_USAGE_END

08:15:22.0 (187117175)|CODE_UNIT_FINISHED|ClosedOpportunityTrigger on Opportunity trigger event AfterInsert
08:15:22.0 (188028141)|DML_END|[39]
08:15:22.0 (188049767)|STATEMENT_EXECUTE|[41]
08:15:22.0 (188056484)|HEAP_ALLOCATE|[41]|Bytes:81
08:15:22.0 (188074802)|HEAP_ALLOCATE|[41]|Bytes:4
08:15:22.0 (188282174)|SOQL_EXECUTE_BEGIN|[41]|Aggregations:0|SELECT Name, CloseDate, StageName, AccountId FROM Opportunity WHERE Id = :tmpVar1
08:15:22.0 (192443027)|SOQL_EXECUTE_END|[41]|Rows:1
08:15:22.0 (192467508)|HEAP_ALLOCATE|[41]|Bytes:8
08:15:22.0 (192485027)|HEAP_ALLOCATE|[41]|Bytes:124
08:15:22.0 (192518714)|HEAP_ALLOCATE|[41]|Bytes:8
08:15:22.0 (192531106)|HEAP_ALLOCATE|[41]|Bytes:37
08:15:22.0 (192576575)|HEAP_ALLOCATE|[41]|Bytes:24
08:15:22.0 (192585528)|VARIABLE_SCOPE_BEGIN|[41]|oOpportunity2|Opportunity|true|false
08:15:22.0 (192631026)|VARIABLE_ASSIGNMENT|[41]|oOpportunity2|{"Name":"ContactoPrueba0","CloseDate":"2019-01-04T00:00:00.000Z","StageName":"No iniciado","AccountId":"0011r00001nnQ0kAAE","Id":"0061r00000vjzHmAAI"}|0xbc61f10
08:15:22.0 (192640108)|STATEMENT_EXECUTE|[43]
08:15:22.0 (192643832)|HEAP_ALLOCATE|[43]|Bytes:49
08:15:22.0 (192732965)|HEAP_ALLOCATE|[43]|Bytes:141
08:15:22.0 (192753252)|HEAP_ALLOCATE|[43]|Bytes:190
08:15:22.0 (192774707)|USER_DEBUG|[43]|DEBUG|TarjetaMethods.CrearOportunidad :: oOpportunity2 Opportunity:{Name=ContactoPrueba0, CloseDate=2019-01-04 00:00:00, StageName=No iniciado, AccountId=0011r00001nnQ0kAAE, Id=0061r00000vjzHmAAI}
08:15:22.0 (192798485)|HEAP_ALLOCATE|[7]|Bytes:5
08:15:22.0 (192814385)|VARIABLE_ASSIGNMENT|[7]|inTarjeta|null|
08:15:22.0 (192824265)|SYSTEM_MODE_EXIT|false
08:15:22.0 (192835786)|METHOD_EXIT|[7]|01p1r000009oldq|TarjetaMethods.CrearOportunidad(List<Tarjeta_de_cr_dito__c>)
08:15:22.192 (192846820)|CUMULATIVE_LIMIT_USAGE
08:15:22.192 (192846820)|LIMIT_USAGE_FOR_NS|(default)|
  Number of SOQL queries: 5 out of 100
  Number of query rows: 4 out of 50000
  Number of SOSL queries: 0 out of 20
  Number of DML statements: 4 out of 150
  Number of DML rows: 4 out of 10000
  Maximum CPU time: 0 out of 10000
  Maximum heap size: 0 out of 6000000
  Number of callouts: 0 out of 100
  Number of Email Invocations: 0 out of 10
  Number of future calls: 0 out of 50
  Number of queueable jobs added to the queue: 0 out of 50
  Number of Mobile Apex push calls: 0 out of 10

08:15:22.192 (192846820)|CUMULATIVE_LIMIT_USAGE_END

08:15:22.0 (193917778)|CODE_UNIT_FINISHED|TarjetaTrigger on Tarjeta_de_cr_dito trigger event BeforeInsert
08:15:22.0 (197483993)|CODE_UNIT_STARTED|[EXTERNAL]|Validation:Tarjeta_de_cr_dito:new
08:15:22.0 (197496530)|VALIDATION_RULE|03d1r000000i476|ValidarAno
08:15:22.0 (197700405)|VALIDATION_FORMULA|(A_o_caducidad__c<YEAR(TODAY())) &#124;&#124; 
(A_o_caducidad__c>YEAR(TODAY())+5)|A_o_caducidad__c=2019
08:15:22.0 (197711095)|VALIDATION_PASS
08:15:22.0 (197714264)|VALIDATION_RULE|03d1r000000i47B|ValidarFecha
08:15:22.0 (197825294)|VALIDATION_FORMULA|Mes_de_caducidad__c <   MONTH(TODAY()) && 
A_o_caducidad__c <= YEAR(TODAY())|A_o_caducidad__c=2019 , Mes_de_caducidad__c=4
08:15:22.0 (197832238)|VALIDATION_PASS
08:15:22.0 (197834128)|VALIDATION_RULE|03d1r000000i46X|ValidarMes
08:15:22.0 (197920097)|VALIDATION_FORMULA|(Mes_de_caducidad__c  < 1)  &#124;&#124;  (Mes_de_caducidad__c  > 12)|Mes_de_caducidad__c=4
08:15:22.0 (197926721)|VALIDATION_PASS
08:15:22.0 (197962672)|CODE_UNIT_FINISHED|Validation:Tarjeta_de_cr_dito:new
08:15:22.0 (219886014)|DML_END|[23]
08:15:22.0 (219918399)|STATEMENT_EXECUTE|[25]
08:15:22.0 (219927543)|HEAP_ALLOCATE|[25]|Bytes:8
08:15:22.0 (220061460)|HEAP_ALLOCATE|[25]|Bytes:248
08:15:22.0 (220085090)|HEAP_ALLOCATE|[25]|Bytes:256
08:15:22.0 (220101351)|USER_DEBUG|[25]|DEBUG|oTarjetaTarjeta_de_cr_dito__c:{A_o_caducidad__c=2019, Contacto__c=0031r000024jmNbAAI, Mes_de_caducidad__c=4, N_tarjeta__c=************4567, Tarjeta__c=Crédito, Tipo_de_tarjeta__c=MasterCard, Name=Tarjeta0, OwnerId=0051r00000894UtAAI, Id=a031r00000Rt38lAAB}
08:15:22.0 (220114795)|STATEMENT_EXECUTE|[26]
08:15:22.0 (220118661)|HEAP_ALLOCATE|[26]|Bytes:10
08:15:22.0 (220155000)|HEAP_ALLOCATE|[26]|Bytes:40
08:15:22.0 (220166758)|HEAP_ALLOCATE|[26]|Bytes:50
08:15:22.0 (220174514)|USER_DEBUG|[26]|DEBUG|userAbordaUser:{Alias=test, Id=0051r00000894UtAAI}
08:15:22.0 (220181875)|STATEMENT_EXECUTE|[30]
08:15:22.0 (220184827)|HEAP_ALLOCATE|[30]|Bytes:83
08:15:22.0 (220199877)|HEAP_ALLOCATE|[30]|Bytes:4
08:15:22.0 (220402082)|SOQL_EXECUTE_BEGIN|[30]|Aggregations:0|SELECT Name, CloseDate, StageName, AccountId FROM Opportunity WHERE Name = :tmpVar1
08:15:22.0 (225014650)|SOQL_EXECUTE_END|[30]|Rows:0
08:15:22.0 (225040768)|HEAP_ALLOCATE|[30]|Bytes:4
08:15:22.0 (225050753)|HEAP_ALLOCATE|[30]|Bytes:0
08:15:22.0 (225086223)|HEAP_ALLOCATE|[30]|Bytes:4
08:15:22.0 (225157613)|HEAP_ALLOCATE|[30]|Bytes:46
08:15:22.0 (225238358)|FATAL_ERROR|System.QueryException: List has no rows for assignment to SObject

Class.TarjetaTest.testCrearOportunidad: line 30, column 1
08:15:22.0 (225252339)|FATAL_ERROR|System.QueryException: List has no rows for assignment to SObject

Class.TarjetaTest.testCrearOportunidad: line 30, column 1
08:15:22.225 (225259129)|CUMULATIVE_LIMIT_USAGE
08:15:22.225 (225259129)|LIMIT_USAGE_FOR_NS|(default)|
  Number of SOQL queries: 6 out of 100
  Number of query rows: 4 out of 50000
  Number of SOSL queries: 0 out of 20
  Number of DML statements: 4 out of 150
  Number of DML rows: 4 out of 10000
  Maximum CPU time: 0 out of 10000
  Maximum heap size: 0 out of 6000000
  Number of callouts: 0 out of 100
  Number of Email Invocations: 0 out of 10
  Number of future calls: 0 out of 50
  Number of queueable jobs added to the queue: 0 out of 50
  Number of Mobile Apex push calls: 0 out of 10

08:15:22.225 (225259129)|CUMULATIVE_LIMIT_USAGE_END

08:15:22.0 (225292779)|CODE_UNIT_FINISHED|TarjetaTest.testCrearOportunidad
08:15:22.0 (226316812)|EXECUTION_FINISHED
08:15:22.318 (318066200)|USER_INFO|[EXTERNAL]|0051r000007Oz5Q|lydia.abril@gmail.com|hora estándar de Europa central|GMT+02:00
08:15:22.318 (318093020)|EXECUTION_STARTED
08:15:22.318 (318096785)|CODE_UNIT_STARTED|[EXTERNAL]|DuplicateDetector
08:15:22.318 (318119964)|DUPLICATE_DETECTION_BEGIN
08:15:22.318 (318189061)|DUPLICATE_DETECTION_RULE_INVOCATION|DuplicateRuleId:0Bm1r0000018X89|DuplicateRuleName:Standard Contact Duplicate Rule|DmlType:INSERT
08:15:22.318 (329031327)|DUPLICATE_DETECTION_END
08:15:22.318 (329040051)|CODE_UNIT_FINISHED|DuplicateDetector
08:15:22.318 (329954671)|EXECUTION_FINISHED
08:15:22.331 (331503758)|USER_INFO|[EXTERNAL]|0051r000007Oz5Q|lydia.abril@gmail.com|hora estándar de Europa central|GMT+02:00
08:15:22.331 (331524493)|EXECUTION_STARTED
08:15:22.331 (331527823)|CODE_UNIT_STARTED|[EXTERNAL]|DuplicateDetector
08:15:22.331 (331537133)|DUPLICATE_DETECTION_BEGIN
08:15:22.331 (331576379)|DUPLICATE_DETECTION_RULE_INVOCATION|DuplicateRuleId:0Bm1r0000018X88|DuplicateRuleName:Standard Account Duplicate Rule|DmlType:INSERT
08:15:22.331 (338569445)|DUPLICATE_DETECTION_END
08:15:22.331 (338575589)|CODE_UNIT_FINISHED|DuplicateDetector
08:15:22.331 (339343594)|EXECUTION_FINISHED
