36.0 APEX_CODE,FINEST;APEX_PROFILING,INFO;CALLOUT,INFO;DB,INFO;SYSTEM,DEBUG;VALIDATION,INFO;VISUALFORCE,INFO;WAVE,INFO;WORKFLOW,INFO
09:28:14.0 (473713)|USER_INFO|[EXTERNAL]|0051r000007Oz5Q|lydia.abril@gmail.com|hora estándar de Europa central|GMT+02:00
09:28:14.0 (524224)|EXECUTION_STARTED
09:28:14.0 (529190)|CODE_UNIT_STARTED|[EXTERNAL]|01p1r000009rRUH|AccountManagerTest.getAccountTest1
09:28:14.0 (969460)|HEAP_ALLOCATE|[72]|Bytes:3
09:28:14.0 (1004233)|HEAP_ALLOCATE|[77]|Bytes:152
09:28:14.0 (1020338)|HEAP_ALLOCATE|[342]|Bytes:408
09:28:14.0 (1034280)|HEAP_ALLOCATE|[355]|Bytes:408
09:28:14.0 (1045611)|HEAP_ALLOCATE|[467]|Bytes:48
09:28:14.0 (1071735)|HEAP_ALLOCATE|[139]|Bytes:6
09:28:14.0 (1086092)|HEAP_ALLOCATE|[EXTERNAL]|Bytes:2
09:28:14.0 (1090857)|HEAP_ALLOCATE|[EXTERNAL]|Bytes:19
09:28:14.0 (1100796)|METHOD_ENTRY|[2]|01p1r000009rRUH|AccountManagerTest.AccountManagerTest()
09:28:14.0 (1108734)|STATEMENT_EXECUTE|[2]
09:28:14.0 (1117534)|STATEMENT_EXECUTE|[2]
09:28:14.0 (1122249)|METHOD_EXIT|[2]|AccountManagerTest
09:28:14.0 (1156269)|HEAP_ALLOCATE|[50]|Bytes:5
09:28:14.0 (1178081)|HEAP_ALLOCATE|[56]|Bytes:5
09:28:14.0 (1185283)|HEAP_ALLOCATE|[64]|Bytes:7
09:28:14.0 (1224674)|STATEMENT_EXECUTE|[4]
09:28:14.0 (1226810)|STATEMENT_EXECUTE|[5]
09:28:14.0 (1236876)|METHOD_ENTRY|[5]|01p1r000009rRUH|AccountManagerTest.createTestRecord()
09:28:14.0 (1266376)|STATEMENT_EXECUTE|[20]
09:28:14.0 (1268490)|STATEMENT_EXECUTE|[22]
09:28:14.0 (1308494)|HEAP_ALLOCATE|[22]|Bytes:4
09:28:14.0 (1376151)|HEAP_ALLOCATE|[23]|Bytes:11
09:28:14.0 (3123140)|VARIABLE_ASSIGNMENT|[22]|this.Name|"Test record"|0x11b43d77
09:28:14.0 (3160179)|VARIABLE_SCOPE_BEGIN|[22]|TestAcc|Account|true|false
09:28:14.0 (3182216)|VARIABLE_ASSIGNMENT|[22]|TestAcc|{"Name":"Test record"}|0x11b43d77
09:28:14.0 (3189139)|STATEMENT_EXECUTE|[24]
09:28:14.0 (3210439)|HEAP_ALLOCATE|[24]|Bytes:8
09:28:14.0 (3223374)|DML_BEGIN|[24]|Op:Insert|Type:Account|Rows:1
09:28:14.0 (3256580)|HEAP_ALLOCATE|[EXTERNAL]|Bytes:8
09:28:14.0 (15824418)|CODE_UNIT_STARTED|[EXTERNAL]|DuplicateDetector
09:28:14.0 (15845605)|DUPLICATE_DETECTION_BEGIN
09:28:14.0 (16715821)|DUPLICATE_DETECTION_RULE_INVOCATION|DuplicateRuleId:0Bm1r0000018X88|DuplicateRuleName:Standard Account Duplicate Rule|DmlType:INSERT
09:28:14.0 (36735298)|DUPLICATE_DETECTION_MATCH_INVOCATION_DETAILS|EntityType:Account|ActionTaken:Allow_[Alert,Report]|DuplicateRecordIds:
09:28:14.0 (36771221)|DUPLICATE_DETECTION_MATCH_INVOCATION_SUMMARY|EntityType:Account|NumRecordsToBeSaved:1|NumRecordsToBeSavedWithDuplicates:0|NumDuplicateRecordsFound:0
09:28:14.0 (36907159)|DUPLICATE_DETECTION_END
09:28:14.0 (36914340)|CODE_UNIT_FINISHED|DuplicateDetector
09:28:14.0 (59694126)|DML_END|[24]
09:28:14.0 (59724465)|STATEMENT_EXECUTE|[25]
09:28:14.0 (59763938)|HEAP_ALLOCATE|[25]|Bytes:4
09:28:14.0 (59853163)|HEAP_ALLOCATE|[26]|Bytes:4
09:28:14.0 (60293613)|VARIABLE_ASSIGNMENT|[25]|this.LastName|"Test"|0x7738e3e3
09:28:14.0 (60344781)|VARIABLE_ASSIGNMENT|[25]|this.AccountId|"0011r00001noh2KAAQ"|0x7738e3e3
09:28:14.0 (60379829)|VARIABLE_SCOPE_BEGIN|[25]|TestCon|Contact|true|false
09:28:14.0 (60403295)|VARIABLE_ASSIGNMENT|[25]|TestCon|{"LastName":"Test","AccountId":"0011r00001noh2KAAQ"}|0x7738e3e3
09:28:14.0 (60410124)|STATEMENT_EXECUTE|[28]
09:28:14.0 (60425004)|METHOD_EXIT|[5]|01p1r000009rRUH|AccountManagerTest.createTestRecord()
09:28:14.0 (60433915)|VARIABLE_SCOPE_BEGIN|[5]|recordId|Id|false|false
09:28:14.0 (60503996)|VARIABLE_ASSIGNMENT|[5]|recordId|"0011r00001noh2KAAQ"
09:28:14.0 (60510352)|STATEMENT_EXECUTE|[7]
09:28:14.0 (60551140)|HEAP_ALLOCATE|[7]|Bytes:252
09:28:14.0 (60559280)|HEAP_ALLOCATE|[7]|Bytes:25
09:28:14.0 (60569865)|SYSTEM_METHOD_ENTRY|[1]|RestRequest.RestRequest()
09:28:14.0 (60575499)|STATEMENT_EXECUTE|[1]
09:28:14.0 (60585820)|SYSTEM_METHOD_EXIT|[1]|RestRequest
09:28:14.0 (60595391)|HEAP_ALLOCATE|[7]|Bytes:32
09:28:14.0 (60612391)|CONSTRUCTOR_ENTRY|[7]||<init>()
09:28:14.0 (60825270)|VARIABLE_SCOPE_BEGIN|[7]|request|System.RestRequest|true|false
09:28:14.0 (60895290)|VARIABLE_ASSIGNMENT|[7]|request|{"headers":"0x7e67b72c","params":"0x3e6dcc5c"}|0x3bc4f39e
09:28:14.0 (60903859)|STATEMENT_EXECUTE|[8]
09:28:14.0 (60907867)|HEAP_ALLOCATE|[8]|Bytes:54
09:28:14.0 (60972037)|HEAP_ALLOCATE|[8]|Bytes:18
09:28:14.0 (60983557)|HEAP_ALLOCATE|[8]|Bytes:9
09:28:14.0 (60995636)|HEAP_ALLOCATE|[8]|Bytes:81
09:28:14.0 (61019888)|STATEMENT_EXECUTE|[9]
09:28:14.0 (61023347)|HEAP_ALLOCATE|[9]|Bytes:3
09:28:14.0 (61047395)|STATEMENT_EXECUTE|[10]
09:28:14.0 (61076941)|VARIABLE_SCOPE_BEGIN|[4]|RestContext.request|System.RestRequest|true|true
09:28:14.0 (61084758)|VARIABLE_SCOPE_BEGIN|[5]|RestContext.response|System.RestResponse|true|true
09:28:14.0 (61095245)|HEAP_ALLOCATE|[10]|Bytes:112
09:28:14.0 (61100922)|HEAP_ALLOCATE|[10]|Bytes:5
09:28:14.0 (61124378)|SYSTEM_METHOD_ENTRY|[2]|RestContext.RestContext()
09:28:14.0 (61129236)|STATEMENT_EXECUTE|[2]
09:28:14.0 (61134207)|SYSTEM_METHOD_EXIT|[2]|RestContext
09:28:14.0 (61172241)|STATEMENT_EXECUTE|[12]
09:28:14.0 (62309132)|HEAP_ALLOCATE|[12]|Bytes:1
09:28:14.0 (62328865)|METHOD_ENTRY|[2]|01p1r000008ZgZh|AccountManager.AccountManager()
09:28:14.0 (62336639)|STATEMENT_EXECUTE|[2]
09:28:14.0 (62342371)|STATEMENT_EXECUTE|[2]
09:28:14.0 (62346857)|METHOD_EXIT|[2]|AccountManager
09:28:14.0 (62366036)|METHOD_ENTRY|[12]|01p1r000008ZgZh|AccountManager.getAccount()
09:28:14.0 (62399868)|STATEMENT_EXECUTE|[4]
09:28:14.0 (62402125)|STATEMENT_EXECUTE|[5]
09:28:14.0 (62432497)|VARIABLE_SCOPE_BEGIN|[5]|req|System.RestRequest|true|false
09:28:14.0 (62465966)|VARIABLE_ASSIGNMENT|[5]|req|{"headers":"0x7e67b72c","httpMethod":"GET","params":"0x3e6dcc5c","requestURI":"https://na1.salesfor (61 more) ..."}|0x3bc4f39e
09:28:14.0 (62473135)|STATEMENT_EXECUTE|[6]
09:28:14.0 (62499034)|HEAP_ALLOCATE|[6]|Bytes:9
09:28:14.0 (62523045)|HEAP_ALLOCATE|[6]|Bytes:18
09:28:14.0 (62533312)|VARIABLE_SCOPE_BEGIN|[6]|accId|String|false|false
09:28:14.0 (62542849)|VARIABLE_ASSIGNMENT|[6]|accId|"0011r00001noh2KAAQ"
09:28:14.0 (62547432)|STATEMENT_EXECUTE|[7]
09:28:14.0 (62550047)|HEAP_ALLOCATE|[7]|Bytes:81
09:28:14.0 (62563422)|HEAP_ALLOCATE|[7]|Bytes:4
09:28:14.0 (62577920)|HEAP_ALLOCATE|[7]|Bytes:7
09:28:14.0 (62880752)|SOQL_EXECUTE_BEGIN|[7]|Aggregations:1|SELECT Id, Name, (SELECT Id, Name FROM Contacts) FROM Account WHERE Id = :tmpVar1
09:28:14.0 (68365455)|SOQL_EXECUTE_END|[7]|Rows:1
09:28:14.0 (68410338)|HEAP_ALLOCATE|[7]|Bytes:8
09:28:14.0 (68435495)|HEAP_ALLOCATE|[7]|Bytes:48
09:28:14.0 (68559607)|HEAP_ALLOCATE|[7]|Bytes:8
09:28:14.0 (68577606)|HEAP_ALLOCATE|[7]|Bytes:33
09:28:14.0 (68648302)|HEAP_ALLOCATE|[7]|Bytes:12
09:28:14.0 (68661630)|VARIABLE_SCOPE_BEGIN|[7]|acc|Account|true|false
09:28:14.0 (68689349)|VARIABLE_ASSIGNMENT|[7]|acc|{"Id":"0011r00001noh2KAAQ","Name":"Test record"}|0x33bf026f
09:28:14.0 (68701190)|STATEMENT_EXECUTE|[9]
09:28:14.0 (68711523)|METHOD_EXIT|[12]|01p1r000008ZgZh|AccountManager.getAccount()
09:28:14.0 (68721999)|VARIABLE_SCOPE_BEGIN|[12]|thisAccount|Account|true|false
09:28:14.0 (68741039)|VARIABLE_ASSIGNMENT|[12]|thisAccount|{"Id":"0011r00001noh2KAAQ","Name":"Test record"}|0x33bf026f
09:28:14.0 (68751053)|STATEMENT_EXECUTE|[14]
09:28:14.0 (68801411)|STATEMENT_EXECUTE|[15]
09:28:14.68 (68900643)|CUMULATIVE_LIMIT_USAGE
09:28:14.68 (68900643)|LIMIT_USAGE_FOR_NS|(default)|
  Number of SOQL queries: 1 out of 100
  Number of query rows: 1 out of 50000
  Number of SOSL queries: 0 out of 20
  Number of DML statements: 1 out of 150
  Number of DML rows: 1 out of 10000
  Maximum CPU time: 0 out of 10000
  Maximum heap size: 0 out of 6000000
  Number of callouts: 0 out of 100
  Number of Email Invocations: 0 out of 10
  Number of future calls: 0 out of 50
  Number of queueable jobs added to the queue: 0 out of 50
  Number of Mobile Apex push calls: 0 out of 10

09:28:14.68 (68900643)|CUMULATIVE_LIMIT_USAGE_END

09:28:14.0 (68954490)|CODE_UNIT_FINISHED|AccountManagerTest.getAccountTest1
09:28:14.0 (70165055)|EXECUTION_FINISHED
09:28:14.154 (154129151)|USER_INFO|[EXTERNAL]|0051r000007Oz5Q|lydia.abril@gmail.com|hora estándar de Europa central|GMT+02:00
09:28:14.154 (154151911)|EXECUTION_STARTED
09:28:14.154 (154155568)|CODE_UNIT_STARTED|[EXTERNAL]|DuplicateDetector
09:28:14.154 (154172682)|DUPLICATE_DETECTION_BEGIN
09:28:14.154 (154216232)|DUPLICATE_DETECTION_RULE_INVOCATION|DuplicateRuleId:0Bm1r0000018X88|DuplicateRuleName:Standard Account Duplicate Rule|DmlType:INSERT
09:28:14.154 (163664866)|DUPLICATE_DETECTION_END
09:28:14.154 (163674219)|CODE_UNIT_FINISHED|DuplicateDetector
09:28:14.154 (164740456)|EXECUTION_FINISHED
