42.0 APEX_CODE,FINEST;APEX_PROFILING,INFO;CALLOUT,INFO;DB,INFO;SYSTEM,DEBUG;VALIDATION,INFO;VISUALFORCE,INFO;WAVE,INFO;WORKFLOW,INFO
13:46:42.0 (59095)|USER_INFO|[EXTERNAL]|0051r000007Oz5Q|lydia.abril@gmail.com|hora estándar de Europa central|GMT+02:00
13:46:42.0 (98425)|EXECUTION_STARTED
13:46:42.0 (103414)|CODE_UNIT_STARTED|[EXTERNAL]|Aura
13:46:42.0 (1194702)|CODE_UNIT_STARTED|[EXTERNAL]|01p1r000009rYxW|Books4EveryoneHomeController.getBooksWithoutAuthors
13:46:42.0 (1359802)|HEAP_ALLOCATE|[72]|Bytes:3
13:46:42.0 (1386567)|HEAP_ALLOCATE|[77]|Bytes:152
13:46:42.0 (1399904)|HEAP_ALLOCATE|[342]|Bytes:408
13:46:42.0 (1411872)|HEAP_ALLOCATE|[355]|Bytes:408
13:46:42.0 (1422108)|HEAP_ALLOCATE|[467]|Bytes:48
13:46:42.0 (1443709)|HEAP_ALLOCATE|[139]|Bytes:6
13:46:42.0 (1456047)|HEAP_ALLOCATE|[EXTERNAL]|Bytes:9
13:46:42.0 (1463581)|METHOD_ENTRY|[1]|01p1r000009rYxW|Books4EveryoneHomeController.Books4EveryoneHomeController()
13:46:42.0 (1471225)|STATEMENT_EXECUTE|[1]
13:46:42.0 (1475475)|STATEMENT_EXECUTE|[1]
13:46:42.0 (1502186)|HEAP_ALLOCATE|[50]|Bytes:5
13:46:42.0 (1519399)|HEAP_ALLOCATE|[56]|Bytes:5
13:46:42.0 (1526483)|HEAP_ALLOCATE|[64]|Bytes:7
13:46:42.0 (1547071)|SYSTEM_MODE_ENTER|false
13:46:42.0 (1556647)|HEAP_ALLOCATE|[EXTERNAL]|Bytes:5
13:46:42.0 (1562698)|SYSTEM_MODE_EXIT|false
13:46:42.0 (1570506)|METHOD_EXIT|[1]|Books4EveryoneHomeController
13:46:42.0 (1579799)|SYSTEM_MODE_ENTER|false
13:46:42.0 (1591229)|HEAP_ALLOCATE|[22]|Bytes:5
13:46:42.0 (1596226)|STATEMENT_EXECUTE|[21]
13:46:42.0 (1597969)|STATEMENT_EXECUTE|[22]
13:46:42.0 (1600673)|HEAP_ALLOCATE|[22]|Bytes:47
13:46:42.0 (1612747)|HEAP_ALLOCATE|[22]|Bytes:4
13:46:42.0 (1866243)|SOQL_EXECUTE_BEGIN|[22]|Aggregations:0|SELECT Name FROM Book__c WHERE Author__c = NULL
13:46:42.0 (10632374)|SOQL_EXECUTE_END|[22]|Rows:2
13:46:42.0 (10656300)|HEAP_ALLOCATE|[22]|Bytes:12
13:46:42.0 (10671718)|HEAP_ALLOCATE|[22]|Bytes:94
13:46:42.0 (10707949)|HEAP_ALLOCATE|[22]|Bytes:12
13:46:42.0 (10726481)|SYSTEM_MODE_EXIT|false
13:46:42.10 (10750129)|CUMULATIVE_LIMIT_USAGE
13:46:42.10 (10750129)|LIMIT_USAGE_FOR_NS|(default)|
  Number of SOQL queries: 1 out of 100
  Number of query rows: 2 out of 50000
  Number of SOSL queries: 0 out of 20
  Number of DML statements: 0 out of 150
  Number of DML rows: 0 out of 10000
  Maximum CPU time: 0 out of 10000
  Maximum heap size: 0 out of 6000000
  Number of callouts: 0 out of 100
  Number of Email Invocations: 0 out of 10
  Number of future calls: 0 out of 50
  Number of queueable jobs added to the queue: 0 out of 50
  Number of Mobile Apex push calls: 0 out of 10

13:46:42.10 (10750129)|CUMULATIVE_LIMIT_USAGE_END

13:46:42.0 (10789619)|CODE_UNIT_FINISHED|Books4EveryoneHomeController.getBooksWithoutAuthors
13:46:42.0 (10863119)|CODE_UNIT_FINISHED|Aura
13:46:42.0 (11983654)|EXECUTION_FINISHED
