30.0 APEX_CODE,FINEST;APEX_PROFILING,INFO;CALLOUT,INFO;DB,INFO;SYSTEM,DEBUG;VALIDATION,INFO;VISUALFORCE,INFO;WAVE,INFO;WORKFLOW,INFO
Execute Anonymous: System.assertEquals(AnimalLocator.getAnimalNameById(99), 'trailhead');
12:16:08.22 (22257590)|USER_INFO|[EXTERNAL]|0051r000007Oz5Q|lydia.abril@gmail.com|hora estándar de Europa central|GMT+02:00
12:16:08.22 (22287261)|EXECUTION_STARTED
12:16:08.22 (22292198)|CODE_UNIT_STARTED|[EXTERNAL]|execute_anonymous_apex
12:16:08.22 (22535657)|HEAP_ALLOCATE|[72]|Bytes:3
12:16:08.22 (22581647)|HEAP_ALLOCATE|[77]|Bytes:152
12:16:08.22 (22598882)|HEAP_ALLOCATE|[342]|Bytes:408
12:16:08.22 (22612955)|HEAP_ALLOCATE|[355]|Bytes:408
12:16:08.22 (22624041)|HEAP_ALLOCATE|[467]|Bytes:48
12:16:08.22 (22653281)|HEAP_ALLOCATE|[139]|Bytes:6
12:16:08.22 (22670817)|HEAP_ALLOCATE|[EXTERNAL]|Bytes:1
12:16:08.22 (22770844)|STATEMENT_EXECUTE|[1]
12:16:08.22 (22773918)|STATEMENT_EXECUTE|[1]
12:16:08.22 (22829392)|HEAP_ALLOCATE|[50]|Bytes:5
12:16:08.22 (22863020)|HEAP_ALLOCATE|[56]|Bytes:5
12:16:08.22 (22871517)|HEAP_ALLOCATE|[64]|Bytes:7
12:16:08.22 (22897449)|SYSTEM_MODE_ENTER|false
12:16:08.22 (22916929)|HEAP_ALLOCATE|[1]|Bytes:5
12:16:08.22 (41881538)|HEAP_ALLOCATE|[1]|Bytes:1
12:16:08.22 (41909190)|METHOD_ENTRY|[1]|01p1r000007YNwn|AnimalLocator.AnimalLocator()
12:16:08.22 (41918093)|STATEMENT_EXECUTE|[1]
12:16:08.22 (41925320)|STATEMENT_EXECUTE|[1]
12:16:08.22 (41937990)|HEAP_ALLOCATE|[1]|Bytes:5
12:16:08.22 (41949313)|METHOD_EXIT|[1]|AnimalLocator
12:16:08.22 (41978741)|METHOD_ENTRY|[1]|01p1r000007YNwn|AnimalLocator.getAnimalNameById(Integer)
12:16:08.22 (42009327)|VARIABLE_SCOPE_BEGIN|[3]|id|Integer|false|false
12:16:08.22 (42034285)|VARIABLE_ASSIGNMENT|[3]|id|99
12:16:08.22 (42048956)|HEAP_ALLOCATE|[5]|Bytes:5
12:16:08.22 (42054372)|STATEMENT_EXECUTE|[3]
12:16:08.22 (42056039)|STATEMENT_EXECUTE|[5]
12:16:08.22 (42078188)|VARIABLE_SCOPE_BEGIN|[5]|http|System.Http|true|false
12:16:08.22 (42225720)|VARIABLE_ASSIGNMENT|[5]|http|"System.Http[]"|0x7ad9bf94
12:16:08.22 (42235059)|STATEMENT_EXECUTE|[6]
12:16:08.22 (42247519)|VARIABLE_SCOPE_BEGIN|[6]|request|System.HttpRequest|true|false
12:16:08.22 (42307820)|VARIABLE_ASSIGNMENT|[6]|request|"System.HttpRequest[Endpoint=null, Method=null]"|0x77f76210
12:16:08.22 (42315198)|STATEMENT_EXECUTE|[7]
12:16:08.22 (42319690)|HEAP_ALLOCATE|[7]|Bytes:51
12:16:08.22 (42395751)|HEAP_ALLOCATE|[7]|Bytes:2
12:16:08.22 (42415119)|HEAP_ALLOCATE|[7]|Bytes:53
12:16:08.22 (42454027)|STATEMENT_EXECUTE|[8]
12:16:08.22 (42457303)|HEAP_ALLOCATE|[8]|Bytes:3
12:16:08.22 (42479597)|STATEMENT_EXECUTE|[9]
12:16:08.22 (42529938)|CALLOUT_REQUEST|[9]|System.HttpRequest[Endpoint=https://th-apex-http-callout.herokuapp.com/animals/99, Method=GET]
12:16:08.22 (414214238)|HEAP_ALLOCATE|[EXTERNAL]|Bytes:288
12:16:08.22 (414312043)|CALLOUT_RESPONSE|[9]|System.HttpResponse[Status=OK, StatusCode=200]
12:16:08.22 (414329183)|HEAP_ALLOCATE|[9]|Bytes:85
12:16:08.22 (414355390)|VARIABLE_SCOPE_BEGIN|[9]|response|System.HttpResponse|true|false
12:16:08.22 (414469654)|VARIABLE_ASSIGNMENT|[9]|response|"System.HttpResponse[Status=OK, StatusCode=200]"|0x7674d51f
12:16:08.22 (414481042)|STATEMENT_EXECUTE|[11]
12:16:08.22 (414499987)|HEAP_ALLOCATE|[11]|Bytes:4
12:16:08.22 (414516651)|VARIABLE_SCOPE_BEGIN|[11]|animal|Map<String,ANY>|true|false
12:16:08.22 (414533705)|VARIABLE_ASSIGNMENT|[11]|animal|{}|0x358d9773
12:16:08.22 (414584501)|STATEMENT_EXECUTE|[13]
12:16:08.22 (414586681)|STATEMENT_EXECUTE|[15]
12:16:08.22 (414611352)|HEAP_ALLOCATE|[15]|Bytes:79
12:16:08.22 (414662344)|HEAP_ALLOCATE|[15]|Bytes:24
12:16:08.22 (414692265)|SYSTEM_METHOD_ENTRY|[1]|JSON.JSON()
12:16:08.22 (414700116)|STATEMENT_EXECUTE|[1]
12:16:08.22 (414712510)|SYSTEM_METHOD_EXIT|[1]|JSON
12:16:08.22 (414731561)|METHOD_ENTRY|[15]||System.JSON.deserializeUntyped(String)
12:16:08.22 (415192667)|METHOD_EXIT|[15]||System.JSON.deserializeUntyped(String)
12:16:08.22 (415205737)|VARIABLE_SCOPE_BEGIN|[15]|results|Map<String,ANY>|true|false
12:16:08.22 (415232407)|VARIABLE_ASSIGNMENT|[15]|results|{"animal":{"id":99,"name":"trailhead","eats":"burritos","says":"more badgers"}}|0x60e2a778
12:16:08.22 (415240657)|STATEMENT_EXECUTE|[17]
12:16:08.22 (415244730)|HEAP_ALLOCATE|[17]|Bytes:6
12:16:08.22 (415292130)|VARIABLE_ASSIGNMENT|[17]|animal|{"id":99,"name":"trailhead","eats":"burritos","says":"more badgers"}|0x6c491ef0
12:16:08.22 (415299506)|STATEMENT_EXECUTE|[21]
12:16:08.22 (415302598)|HEAP_ALLOCATE|[21]|Bytes:4
12:16:08.22 (415324507)|VARIABLE_SCOPE_BEGIN|[21]|animalito|String|false|false
12:16:08.22 (415334072)|VARIABLE_ASSIGNMENT|[21]|animalito|"trailhead"
12:16:08.22 (415338775)|STATEMENT_EXECUTE|[23]
12:16:08.22 (415347813)|METHOD_EXIT|[1]|01p1r000007YNwn|AnimalLocator.getAnimalNameById(Integer)
12:16:08.22 (415354847)|SYSTEM_MODE_EXIT|false
12:16:08.22 (415361989)|HEAP_ALLOCATE|[1]|Bytes:9
12:16:08.416 (416705922)|CUMULATIVE_LIMIT_USAGE
12:16:08.416 (416705922)|LIMIT_USAGE_FOR_NS|(default)|
  Number of SOQL queries: 0 out of 100
  Number of query rows: 0 out of 50000
  Number of SOSL queries: 0 out of 20
  Number of DML statements: 0 out of 150
  Number of DML rows: 0 out of 10000
  Maximum CPU time: 0 out of 10000
  Maximum heap size: 0 out of 6000000
  Number of callouts: 1 out of 100
  Number of Email Invocations: 0 out of 10
  Number of future calls: 0 out of 50
  Number of queueable jobs added to the queue: 0 out of 50
  Number of Mobile Apex push calls: 0 out of 10

12:16:08.416 (416705922)|CUMULATIVE_LIMIT_USAGE_END

12:16:08.22 (416755650)|CODE_UNIT_FINISHED|execute_anonymous_apex
12:16:08.22 (417722031)|EXECUTION_FINISHED
