42.0 APEX_CODE,FINEST;APEX_PROFILING,INFO;CALLOUT,INFO;DB,INFO;SYSTEM,DEBUG;VALIDATION,INFO;VISUALFORCE,INFO;WAVE,INFO;WORKFLOW,INFO
Execute Anonymous: calculatorServices.CalculatorImplPort calculator = new  calculatorServices.CalculatorImplPort();
Execute Anonymous: Double x = 1.0;
Execute Anonymous: Double y = 2.0;
Execute Anonymous: Double result = calculator.doAdd(x,y);
Execute Anonymous: System.debug(result);
10:46:32.1 (1185299)|USER_INFO|[EXTERNAL]|0051r000007Oz5Q|lydia.abril@gmail.com|hora estándar de Europa central|GMT+02:00
10:46:32.1 (1205387)|EXECUTION_STARTED
10:46:32.1 (1210591)|CODE_UNIT_STARTED|[EXTERNAL]|execute_anonymous_apex
10:46:32.1 (13047710)|VARIABLE_SCOPE_BEGIN|[1]|calculator|calculatorServices.CalculatorImplPort|true|false
10:46:32.1 (13261185)|VARIABLE_SCOPE_BEGIN|[4]|result|Double|false|false
10:46:32.1 (13277546)|VARIABLE_SCOPE_BEGIN|[2]|x|Double|false|false
10:46:32.1 (13291694)|VARIABLE_SCOPE_BEGIN|[3]|y|Double|false|false
10:46:32.1 (13495794)|HEAP_ALLOCATE|[72]|Bytes:3
10:46:32.1 (13592339)|HEAP_ALLOCATE|[77]|Bytes:152
10:46:32.1 (13618491)|HEAP_ALLOCATE|[342]|Bytes:408
10:46:32.1 (13643624)|HEAP_ALLOCATE|[355]|Bytes:408
10:46:32.1 (13666226)|HEAP_ALLOCATE|[467]|Bytes:48
10:46:32.1 (13705990)|HEAP_ALLOCATE|[139]|Bytes:6
10:46:32.1 (13734464)|HEAP_ALLOCATE|[EXTERNAL]|Bytes:9
10:46:32.1 (14102886)|STATEMENT_EXECUTE|[1]
10:46:32.1 (14144795)|STATEMENT_EXECUTE|[1]
10:46:32.1 (14155360)|HEAP_ALLOCATE|[1]|Bytes:13
10:46:32.1 (14233244)|HEAP_ALLOCATE|[1]|Bytes:36
10:46:32.1 (14302688)|HEAP_ALLOCATE|[50]|Bytes:5
10:46:32.1 (14332640)|HEAP_ALLOCATE|[56]|Bytes:5
10:46:32.1 (14347420)|HEAP_ALLOCATE|[64]|Bytes:7
10:46:32.1 (14387095)|SYSTEM_MODE_ENTER|false
10:46:32.1 (14413376)|HEAP_ALLOCATE|[1]|Bytes:5
10:46:32.1 (14468552)|CONSTRUCTOR_ENTRY|[1]|01p1r000007Yosz|<init>()
10:46:32.1 (14525299)|VARIABLE_SCOPE_BEGIN|[60]|this|calculatorServices.CalculatorImplPort|true|false
10:46:32.1 (14616821)|VARIABLE_ASSIGNMENT|[60]|this|{}|0x5a0b4523
10:46:32.1 (14636333)|HEAP_ALLOCATE|[61]|Bytes:6
10:46:32.1 (14709192)|STATEMENT_EXECUTE|[60]
10:46:32.1 (14714771)|STATEMENT_EXECUTE|[61]
10:46:32.1 (14719717)|HEAP_ALLOCATE|[61]|Bytes:61
10:46:32.1 (14755566)|VARIABLE_ASSIGNMENT|[61]|this.endpoint_x|"https://th-apex-soap (41 more) ..."|0x5a0b4523
10:46:32.1 (14770114)|STATEMENT_EXECUTE|[62]
10:46:32.1 (14773927)|STATEMENT_EXECUTE|[63]
10:46:32.1 (14777316)|STATEMENT_EXECUTE|[64]
10:46:32.1 (14780751)|STATEMENT_EXECUTE|[65]
10:46:32.1 (14784043)|STATEMENT_EXECUTE|[66]
10:46:32.1 (14787971)|STATEMENT_EXECUTE|[67]
10:46:32.1 (14808609)|STATEMENT_EXECUTE|[68]
10:46:32.1 (14824772)|HEAP_ALLOCATE|[68]|Bytes:4
10:46:32.1 (14951534)|HEAP_ALLOCATE|[68]|Bytes:27
10:46:32.1 (14978530)|HEAP_ALLOCATE|[68]|Bytes:18
10:46:32.1 (15019031)|HEAP_ALLOCATE|[EXTERNAL]|Bytes:12
10:46:32.1 (15045097)|VARIABLE_ASSIGNMENT|[68]|this.ns_map_type_info|["http://calculator.se (7 more) ...","calculatorServices"]|0x5a0b4523
10:46:32.1 (15061758)|CONSTRUCTOR_EXIT|[1]|01p1r000007Yosz|<init>()
10:46:32.1 (15076874)|SYSTEM_MODE_EXIT|false
10:46:32.1 (15130005)|VARIABLE_ASSIGNMENT|[1]|calculator|{"endpoint_x":"https://th-apex-soap (41 more) ...","ns_map_type_info":"0x2a9ce2f0"}|0x5a0b4523
10:46:32.1 (15149657)|STATEMENT_EXECUTE|[2]
10:46:32.1 (15155015)|HEAP_ALLOCATE|[2]|Bytes:3
10:46:32.1 (15192284)|HEAP_ALLOCATE|[2]|Bytes:28
10:46:32.1 (15208185)|HEAP_ALLOCATE|[2]|Bytes:12
10:46:32.1 (15225977)|VARIABLE_ASSIGNMENT|[2]|x|1.0
10:46:32.1 (15238167)|STATEMENT_EXECUTE|[3]
10:46:32.1 (15242228)|HEAP_ALLOCATE|[3]|Bytes:3
10:46:32.1 (15254007)|HEAP_ALLOCATE|[3]|Bytes:28
10:46:32.1 (15263485)|HEAP_ALLOCATE|[3]|Bytes:12
10:46:32.1 (15275897)|VARIABLE_ASSIGNMENT|[3]|y|2.0
10:46:32.1 (15286622)|STATEMENT_EXECUTE|[4]
10:46:32.1 (15332370)|SYSTEM_MODE_ENTER|false
10:46:32.1 (15347101)|HEAP_ALLOCATE|[4]|Bytes:5
10:46:32.1 (15404717)|METHOD_ENTRY|[4]|01p1r000007Yosz|calculatorServices.CalculatorImplPort.doAdd(Double, Double)
10:46:32.1 (15437331)|VARIABLE_SCOPE_BEGIN|[135]|this|calculatorServices.CalculatorImplPort|true|false
10:46:32.1 (15472532)|VARIABLE_ASSIGNMENT|[135]|this|{"endpoint_x":"https://th-apex-soap (41 more) ...","ns_map_type_info":"0x2a9ce2f0"}|0x5a0b4523
10:46:32.1 (15491677)|VARIABLE_SCOPE_BEGIN|[135]|arg0|Double|false|false
10:46:32.1 (15506500)|VARIABLE_ASSIGNMENT|[135]|arg0|1.0
10:46:32.1 (15513923)|VARIABLE_SCOPE_BEGIN|[135]|arg1|Double|false|false
10:46:32.1 (15525500)|VARIABLE_ASSIGNMENT|[135]|arg1|2.0
10:46:32.1 (15542208)|STATEMENT_EXECUTE|[135]
10:46:32.1 (15546054)|STATEMENT_EXECUTE|[136]
10:46:32.1 (15786530)|HEAP_ALLOCATE|[136]|Bytes:28
10:46:32.1 (15827565)|CONSTRUCTOR_ENTRY|[136]|01p1r000007Yosz|<init>()
10:46:32.1 (15874361)|VARIABLE_SCOPE_BEGIN|[18]|this|calculatorServices.doAdd|true|false
10:46:32.1 (15941670)|VARIABLE_ASSIGNMENT|[18]|this|{}|0x6492475d
10:46:32.1 (15976259)|STATEMENT_EXECUTE|[18]
10:46:32.1 (15981162)|STATEMENT_EXECUTE|[19]
10:46:32.1 (15984612)|STATEMENT_EXECUTE|[20]
10:46:32.1 (15987816)|STATEMENT_EXECUTE|[21]
10:46:32.1 (16000490)|HEAP_ALLOCATE|[21]|Bytes:4
10:46:32.1 (16053565)|HEAP_ALLOCATE|[21]|Bytes:4
10:46:32.1 (16070007)|HEAP_ALLOCATE|[21]|Bytes:1
10:46:32.1 (16078331)|HEAP_ALLOCATE|[21]|Bytes:1
10:46:32.1 (16085065)|HEAP_ALLOCATE|[21]|Bytes:5
10:46:32.1 (16113217)|HEAP_ALLOCATE|[EXTERNAL]|Bytes:28
10:46:32.1 (16130201)|VARIABLE_ASSIGNMENT|[21]|this.arg0_type_info|"List of size 6 too large to display"|0x6492475d
10:46:32.1 (16144561)|STATEMENT_EXECUTE|[22]
10:46:32.1 (16155602)|HEAP_ALLOCATE|[22]|Bytes:4
10:46:32.1 (16181937)|HEAP_ALLOCATE|[22]|Bytes:4
10:46:32.1 (16213998)|HEAP_ALLOCATE|[EXTERNAL]|Bytes:28
10:46:32.1 (16227955)|VARIABLE_ASSIGNMENT|[22]|this.arg1_type_info|"List of size 6 too large to display"|0x6492475d
10:46:32.1 (16241557)|STATEMENT_EXECUTE|[23]
10:46:32.1 (16251636)|HEAP_ALLOCATE|[23]|Bytes:4
10:46:32.1 (16292440)|HEAP_ALLOCATE|[EXTERNAL]|Bytes:16
10:46:32.1 (16309324)|VARIABLE_ASSIGNMENT|[23]|this.apex_schema_type_info|["http://calculator.se (7 more) ...","false","false"]|0x6492475d
10:46:32.1 (16323205)|STATEMENT_EXECUTE|[24]
10:46:32.1 (16332960)|HEAP_ALLOCATE|[24]|Bytes:4
10:46:32.1 (16372317)|HEAP_ALLOCATE|[EXTERNAL]|Bytes:12
10:46:32.1 (16386077)|VARIABLE_ASSIGNMENT|[24]|this.field_order_type_info|["arg0","arg1"]|0x6492475d
10:46:32.1 (16398870)|CONSTRUCTOR_EXIT|[136]|01p1r000007Yosz|<init>()
10:46:32.1 (16409142)|VARIABLE_SCOPE_BEGIN|[136]|request_x|calculatorServices.doAdd|true|false
10:46:32.1 (16445428)|VARIABLE_ASSIGNMENT|[136]|request_x|{"apex_schema_type_inf (1 more) ...":"0x72d087d","arg0_type_info":"0x71730f6a","arg1_type_info":"0x41443fe","field_order_type_inf (1 more) ...":"0x416a9ece"}|0x6492475d
10:46:32.1 (16462959)|STATEMENT_EXECUTE|[137]
10:46:32.1 (16490353)|VARIABLE_ASSIGNMENT|[137]|this.arg0|1.0|0x6492475d
10:46:32.1 (16510895)|STATEMENT_EXECUTE|[138]
10:46:32.1 (16521200)|VARIABLE_ASSIGNMENT|[138]|this.arg1|2.0|0x6492475d
10:46:32.1 (16529110)|STATEMENT_EXECUTE|[139]
10:46:32.1 (16678398)|VARIABLE_SCOPE_BEGIN|[139]|response_x|calculatorServices.doAddResponse|true|false
10:46:32.1 (16693561)|VARIABLE_ASSIGNMENT|[139]|response_x|null|
10:46:32.1 (16702236)|STATEMENT_EXECUTE|[140]
10:46:32.1 (16744141)|HEAP_ALLOCATE|[140]|Bytes:4
10:46:32.1 (16778916)|VARIABLE_SCOPE_BEGIN|[140]|response_map_x|Map<String,calculatorServices.doAddResponse>|true|false
10:46:32.1 (16799388)|VARIABLE_ASSIGNMENT|[140]|response_map_x|{}|0x2e6b187e
10:46:32.1 (16809034)|STATEMENT_EXECUTE|[141]
10:46:32.1 (16813331)|HEAP_ALLOCATE|[141]|Bytes:10
10:46:32.1 (16861588)|HEAP_ALLOCATE|[EXTERNAL]|Bytes:-4
10:46:32.1 (16900552)|STATEMENT_EXECUTE|[142]
10:46:32.1 (16911079)|HEAP_ALLOCATE|[146]|Bytes:4
10:46:32.1 (16939912)|HEAP_ALLOCATE|[149]|Bytes:5
10:46:32.1 (16947940)|HEAP_ALLOCATE|[151]|Bytes:13
10:46:32.1 (16952249)|HEAP_ALLOCATE|[152]|Bytes:32
10:46:32.1 (16979709)|HEAP_ALLOCATE|[EXTERNAL]|Bytes:32
10:46:32.1 (286383311)|CALLOUT_REQUEST|[142]|<?xml version="1.0" encoding="UTF-8"?><env:Envelope xmlns:env="http://schemas.xmlsoap.org/soap/envelope/" xmlns:xsd="http://www.w3.org/2001/XMLSchema" xmlns:xsi="http://www.w3.org/2001/XMLSchema-instance"><env:Header /><env:Body><m:doAdd xmlns:m="http://calculator.services/"><arg0>1.0</arg0><arg1>2.0</arg1></m:doAdd></env:Body></env:Envelope>
10:46:32.1 (286450200)|CALLOUT_REQUEST|[142]|doAdd:[apex_schema_type_info=(http://calculator.services/, false, false), arg0=1.0, arg0_type_info=(arg0, http://calculator.services/, null, 0, 1, false), arg1=2.0, arg1_type_info=(arg1, http://calculator.services/, null, 0, 1, false), field_order_type_info=(arg0, arg1)]::SOAPAction="" Accept=text/xml User-Agent=SFDC-Callout/42.0 SFDC_STACK_DEPTH=1 Content-Type=text/xml; charset=UTF-8 
10:46:32.1 (585734948)|CALLOUT_RESPONSE|[142]|<soap:Envelope xmlns:soap="http://schemas.xmlsoap.org/soap/envelope/"><soap:Body><ns2:doAddResponse xmlns:ns2="http://calculator.services/"><return>3.0</return></ns2:doAddResponse></soap:Body></soap:Envelope>
10:46:32.1 (586245850)|HEAP_ALLOCATE|[142]|Bytes:20
10:46:32.1 (586273152)|VARIABLE_SCOPE_BEGIN|[26]|this|calculatorServices.doAddResponse|true|false
10:46:32.1 (586371900)|VARIABLE_ASSIGNMENT|[26]|this|{}|0x53683010
10:46:32.1 (586528810)|STATEMENT_EXECUTE|[26]
10:46:32.1 (586536950)|STATEMENT_EXECUTE|[27]
10:46:32.1 (586540953)|STATEMENT_EXECUTE|[28]
10:46:32.1 (586566091)|HEAP_ALLOCATE|[28]|Bytes:4
10:46:32.1 (586654718)|HEAP_ALLOCATE|[28]|Bytes:6
10:46:32.1 (586728441)|HEAP_ALLOCATE|[EXTERNAL]|Bytes:28
10:46:32.1 (586754730)|VARIABLE_ASSIGNMENT|[28]|this.return_x_type_info|"List of size 6 too large to display"|0x53683010
10:46:32.1 (586770838)|STATEMENT_EXECUTE|[29]
10:46:32.1 (586782810)|HEAP_ALLOCATE|[29]|Bytes:4
10:46:32.1 (586833632)|HEAP_ALLOCATE|[EXTERNAL]|Bytes:16
10:46:32.1 (586855350)|VARIABLE_ASSIGNMENT|[29]|this.apex_schema_type_info|["http://calculator.se (7 more) ...","false","false"]|0x53683010
10:46:32.1 (586870241)|STATEMENT_EXECUTE|[30]
10:46:32.1 (586880778)|HEAP_ALLOCATE|[30]|Bytes:4
10:46:32.1 (586907157)|HEAP_ALLOCATE|[30]|Bytes:8
10:46:32.1 (586935288)|HEAP_ALLOCATE|[EXTERNAL]|Bytes:8
10:46:32.1 (586950354)|VARIABLE_ASSIGNMENT|[30]|this.field_order_type_info|["return_x"]|0x53683010
10:46:32.1 (587017943)|HEAP_ALLOCATE|[142]|Bytes:12
10:46:32.1 (587027048)|HEAP_ALLOCATE|[142]|Bytes:20
10:46:32.1 (587078634)|VARIABLE_ASSIGNMENT|[142]|this.return_x|3.0|0x53683010
10:46:32.1 (587102770)|CALLOUT_RESPONSE|[142]|
10:46:32.1 (587211045)|STATEMENT_EXECUTE|[154]
10:46:32.1 (587292068)|VARIABLE_ASSIGNMENT|[154]|response_x|{"apex_schema_type_inf (1 more) ...":"0x39eaaed1","field_order_type_inf (1 more) ...":"0x443aaaf5","return_x":3.0,"return_x_type_info":"0x56c0ead2"}|0x53683010
10:46:32.1 (587310488)|STATEMENT_EXECUTE|[155]
10:46:32.1 (587326712)|METHOD_EXIT|[4]|01p1r000007Yosz|calculatorServices.CalculatorImplPort.doAdd(Double, Double)
10:46:32.1 (587345526)|SYSTEM_MODE_EXIT|false
10:46:32.1 (587373127)|VARIABLE_ASSIGNMENT|[4]|result|3.0
10:46:32.1 (587386315)|STATEMENT_EXECUTE|[5]
10:46:32.1 (587445556)|USER_DEBUG|[5]|DEBUG|3.0
10:46:32.589 (589347547)|CUMULATIVE_LIMIT_USAGE
10:46:32.589 (589347547)|LIMIT_USAGE_FOR_NS|(default)|
  Number of SOQL queries: 0 out of 100
  Number of query rows: 0 out of 50000
  Number of SOSL queries: 0 out of 20
  Number of DML statements: 0 out of 150
  Number of DML rows: 0 out of 10000
  Maximum CPU time: 0 out of 10000
  Maximum heap size: 0 out of 6000000
  Number of callouts: 1 out of 100
  Number of Email Invocations: 0 out of 10
  Number of future calls: 0 out of 50
  Number of queueable jobs added to the queue: 0 out of 50
  Number of Mobile Apex push calls: 0 out of 10

10:46:32.589 (589347547)|CUMULATIVE_LIMIT_USAGE_END

10:46:32.1 (589409603)|CODE_UNIT_FINISHED|execute_anonymous_apex
10:46:32.1 (590315312)|EXECUTION_FINISHED
