36.0 APEX_CODE,FINEST;APEX_PROFILING,INFO;CALLOUT,INFO;DB,INFO;SYSTEM,DEBUG;VALIDATION,INFO;VISUALFORCE,INFO;WAVE,INFO;WORKFLOW,INFO
11:51:02.0 (442028)|USER_INFO|[EXTERNAL]|0051r000007Oz5Q|lydia.abril@gmail.com|hora estándar de Europa central|GMT+02:00
11:51:02.0 (504299)|EXECUTION_STARTED
11:51:02.0 (510995)|CODE_UNIT_STARTED|[EXTERNAL]|01p1r000009p5xn|TaskTest.testCerrarTarea
11:51:02.0 (846921)|HEAP_ALLOCATE|[72]|Bytes:3
11:51:02.0 (930451)|HEAP_ALLOCATE|[77]|Bytes:152
11:51:02.0 (956571)|HEAP_ALLOCATE|[342]|Bytes:408
11:51:02.0 (981608)|HEAP_ALLOCATE|[355]|Bytes:408
11:51:02.0 (1006697)|HEAP_ALLOCATE|[467]|Bytes:48
11:51:02.0 (1046536)|HEAP_ALLOCATE|[139]|Bytes:6
11:51:02.0 (1068499)|HEAP_ALLOCATE|[EXTERNAL]|Bytes:80
11:51:02.0 (1130016)|METHOD_ENTRY|[2]|01p1r000009p5xn|TaskTest.TaskTest()
11:51:02.0 (1143473)|STATEMENT_EXECUTE|[2]
11:51:02.0 (1152843)|STATEMENT_EXECUTE|[2]
11:51:02.0 (1171070)|METHOD_EXIT|[2]|TaskTest
11:51:02.0 (1489521)|HEAP_ALLOCATE|[50]|Bytes:5
11:51:02.0 (1524214)|HEAP_ALLOCATE|[56]|Bytes:5
11:51:02.0 (1540705)|HEAP_ALLOCATE|[64]|Bytes:7
11:51:02.0 (1604584)|STATEMENT_EXECUTE|[4]
11:51:02.0 (1609021)|STATEMENT_EXECUTE|[6]
11:51:02.0 (1668417)|HEAP_ALLOCATE|[6]|Bytes:4
11:51:02.0 (1782602)|HEAP_ALLOCATE|[6]|Bytes:12
11:51:02.0 (1855947)|VARIABLE_ASSIGNMENT|[6]|this.Name|"CuentaParent"|0x70067caf
11:51:02.0 (1897607)|VARIABLE_SCOPE_BEGIN|[6]|oAccountParent|Account|true|false
11:51:02.0 (2117940)|VARIABLE_ASSIGNMENT|[6]|oAccountParent|{"Name":"CuentaParent"}|0x70067caf
11:51:02.0 (2131277)|STATEMENT_EXECUTE|[7]
11:51:02.0 (2167221)|HEAP_ALLOCATE|[7]|Bytes:8
11:51:02.0 (2180270)|DML_BEGIN|[7]|Op:Insert|Type:Account|Rows:1
11:51:02.0 (2234048)|HEAP_ALLOCATE|[EXTERNAL]|Bytes:8
11:51:02.0 (11801948)|CODE_UNIT_STARTED|[EXTERNAL]|DuplicateDetector
11:51:02.0 (11835724)|DUPLICATE_DETECTION_BEGIN
11:51:02.0 (12476986)|DUPLICATE_DETECTION_RULE_INVOCATION|DuplicateRuleId:0Bm1r0000018X88|DuplicateRuleName:Standard Account Duplicate Rule|DmlType:INSERT
11:51:02.0 (33349718)|DUPLICATE_DETECTION_MATCH_INVOCATION_DETAILS|EntityType:Account|ActionTaken:Allow_[Alert,Report]|DuplicateRecordIds:
11:51:02.0 (33376666)|DUPLICATE_DETECTION_MATCH_INVOCATION_SUMMARY|EntityType:Account|NumRecordsToBeSaved:1|NumRecordsToBeSavedWithDuplicates:0|NumDuplicateRecordsFound:0
11:51:02.0 (33482267)|DUPLICATE_DETECTION_END
11:51:02.0 (33489759)|CODE_UNIT_FINISHED|DuplicateDetector
11:51:02.0 (62087022)|DML_END|[7]
11:51:02.0 (62133566)|STATEMENT_EXECUTE|[9]
11:51:02.0 (62176352)|HEAP_ALLOCATE|[9]|Bytes:4
11:51:02.0 (62217521)|HEAP_ALLOCATE|[9]|Bytes:6
11:51:02.0 (62283234)|VARIABLE_ASSIGNMENT|[9]|this.Name|"Cuenta"|0x45470c9
11:51:02.0 (62343114)|VARIABLE_ASSIGNMENT|[9]|this.ParentId|"0011r00001nnbFBAAY"|0x45470c9
11:51:02.0 (62548167)|HEAP_ALLOCATE|[11]|Bytes:4
11:51:02.0 (62659519)|VARIABLE_ASSIGNMENT|[9]|this.Fecha_ltima_actividad_m_s_reciente__c|"2018-01-11T00:00:00.000Z"|0x45470c9
11:51:02.0 (62714388)|VARIABLE_SCOPE_BEGIN|[9]|oAccount|Account|true|false
11:51:02.0 (62759247)|VARIABLE_ASSIGNMENT|[9]|oAccount|{"Name":"Cuenta","ParentId":"0011r00001nnbFBAAY","Fecha_ltima_activida (17 more) ...":"2018-01-11T00:00:00.000Z"}|0x45470c9
11:51:02.0 (62774980)|STATEMENT_EXECUTE|[12]
11:51:02.0 (62803615)|HEAP_ALLOCATE|[12]|Bytes:8
11:51:02.0 (62814963)|DML_BEGIN|[12]|Op:Insert|Type:Account|Rows:1
11:51:02.0 (62867154)|HEAP_ALLOCATE|[EXTERNAL]|Bytes:8
11:51:02.0 (66585331)|CODE_UNIT_STARTED|[EXTERNAL]|DuplicateDetector
11:51:02.0 (66605204)|DUPLICATE_DETECTION_BEGIN
11:51:02.0 (66656878)|DUPLICATE_DETECTION_RULE_INVOCATION|DuplicateRuleId:0Bm1r0000018X88|DuplicateRuleName:Standard Account Duplicate Rule|DmlType:INSERT
11:51:02.0 (77312988)|DUPLICATE_DETECTION_MATCH_INVOCATION_DETAILS|EntityType:Account|ActionTaken:Allow_[Alert,Report]|DuplicateRecordIds:
11:51:02.0 (77345243)|DUPLICATE_DETECTION_MATCH_INVOCATION_SUMMARY|EntityType:Account|NumRecordsToBeSaved:1|NumRecordsToBeSavedWithDuplicates:0|NumDuplicateRecordsFound:0
11:51:02.0 (77479101)|DUPLICATE_DETECTION_END
11:51:02.0 (77487323)|CODE_UNIT_FINISHED|DuplicateDetector
11:51:02.0 (91303200)|DML_END|[12]
11:51:02.0 (91344211)|STATEMENT_EXECUTE|[14]
11:51:02.0 (91394923)|HEAP_ALLOCATE|[14]|Bytes:4
11:51:02.0 (91497790)|HEAP_ALLOCATE|[14]|Bytes:11
11:51:02.0 (91543850)|VARIABLE_ASSIGNMENT|[14]|this.Name|"Oportunidad"|0xd1a14a0
11:51:02.0 (91636261)|HEAP_ALLOCATE|[15]|Bytes:4
11:51:02.0 (91681124)|VARIABLE_ASSIGNMENT|[14]|this.CloseDate|"2020-01-11T00:00:00.000Z"|0xd1a14a0
11:51:02.0 (91690678)|HEAP_ALLOCATE|[16]|Bytes:11
11:51:02.0 (91708419)|VARIABLE_ASSIGNMENT|[14]|this.StageName|"Prospecting"|0xd1a14a0
11:51:02.0 (91745924)|VARIABLE_ASSIGNMENT|[14]|this.AccountId|"0011r00001nnbFCAAY"|0xd1a14a0
11:51:02.0 (91778742)|VARIABLE_SCOPE_BEGIN|[14]|oOpportunity|Opportunity|true|false
11:51:02.0 (91805652)|VARIABLE_ASSIGNMENT|[14]|oOpportunity|{"Name":"Oportunidad","CloseDate":"2020-01-11T00:00:00.000Z","StageName":"Prospecting","AccountId":"0011r00001nnbFCAAY"}|0xd1a14a0
11:51:02.0 (91813993)|STATEMENT_EXECUTE|[19]
11:51:02.0 (91914121)|HEAP_ALLOCATE|[19]|Bytes:4
11:51:02.0 (92042826)|VARIABLE_SCOPE_BEGIN|[19]|listTask|List<Task>|true|false
11:51:02.0 (92060243)|HEAP_ALLOCATE|[EXTERNAL]|Bytes:4
11:51:02.0 (92073005)|VARIABLE_ASSIGNMENT|[19]|listTask|[]|0x33737cd4
11:51:02.0 (92080333)|STATEMENT_EXECUTE|[21]
11:51:02.0 (92093476)|HEAP_ALLOCATE|[21]|Bytes:4
11:51:02.0 (92137269)|HEAP_ALLOCATE|[21]|Bytes:4
11:51:02.0 (92171489)|VARIABLE_ASSIGNMENT|[21]|this.Subject|"Task"|0x6e11d10e
11:51:02.0 (92179197)|HEAP_ALLOCATE|[22]|Bytes:6
11:51:02.0 (92194692)|VARIABLE_ASSIGNMENT|[21]|this.Priority|"Normal"|0x6e11d10e
11:51:02.0 (92200704)|HEAP_ALLOCATE|[23]|Bytes:11
11:51:02.0 (92213258)|VARIABLE_ASSIGNMENT|[21]|this.Status|"Not Started"|0x6e11d10e
11:51:02.0 (92243782)|VARIABLE_ASSIGNMENT|[21]|this.WhatId|"0011r00001nnbFCAAY"|0x6e11d10e
11:51:02.0 (92285816)|HEAP_ALLOCATE|[25]|Bytes:4
11:51:02.0 (92319001)|VARIABLE_ASSIGNMENT|[21]|this.ActivityDate|"2020-01-11T00:00:00.000Z"|0x6e11d10e
11:51:02.0 (92342488)|VARIABLE_SCOPE_BEGIN|[21]|oTask|Task|true|false
11:51:02.0 (92361962)|VARIABLE_ASSIGNMENT|[21]|oTask|{"Subject":"Task","Priority":"Normal","Status":"Not Started","WhatId":"0011r00001nnbFCAAY","ActivityDate":"2020-01-11T00:00:00.000Z"}|0x6e11d10e
11:51:02.0 (92370642)|STATEMENT_EXECUTE|[27]
11:51:02.0 (92416547)|HEAP_ALLOCATE|[EXTERNAL]|Bytes:4
11:51:02.0 (92426456)|STATEMENT_EXECUTE|[29]
11:51:02.0 (92440247)|HEAP_ALLOCATE|[29]|Bytes:4
11:51:02.0 (92463105)|VARIABLE_ASSIGNMENT|[29]|this.Subject|"Task"|0x7621b6ae
11:51:02.0 (92478539)|VARIABLE_ASSIGNMENT|[29]|this.Priority|"Normal"|0x7621b6ae
11:51:02.0 (92491628)|VARIABLE_ASSIGNMENT|[29]|this.Status|"Not Started"|0x7621b6ae
11:51:02.0 (92507264)|VARIABLE_ASSIGNMENT|[29]|this.WhatId|null|0x7621b6ae
11:51:02.0 (92542700)|HEAP_ALLOCATE|[33]|Bytes:4
11:51:02.0 (92573811)|VARIABLE_ASSIGNMENT|[29]|this.ActivityDate|"2020-01-11T00:00:00.000Z"|0x7621b6ae
11:51:02.0 (92591775)|VARIABLE_SCOPE_BEGIN|[29]|oTask2|Task|true|false
11:51:02.0 (92609262)|VARIABLE_ASSIGNMENT|[29]|oTask2|{"Subject":"Task","Priority":"Normal","Status":"Not Started","ActivityDate":"2020-01-11T00:00:00.000Z"}|0x7621b6ae
11:51:02.0 (92616589)|STATEMENT_EXECUTE|[35]
11:51:02.0 (92641244)|HEAP_ALLOCATE|[EXTERNAL]|Bytes:4
11:51:02.0 (92787697)|HEAP_ALLOCATE|[37]|Bytes:5
11:51:02.0 (92821829)|HEAP_ALLOCATE|[37]|Bytes:24
11:51:02.0 (92831551)|VARIABLE_SCOPE_BEGIN|[37]|inTask|Task|true|false
11:51:02.0 (92852382)|VARIABLE_ASSIGNMENT|[37]|inTask|{"Subject":"Task","Priority":"Normal","Status":"Not Started","WhatId":"0011r00001nnbFCAAY","ActivityDate":"2020-01-11T00:00:00.000Z"}|0x6e11d10e
11:51:02.0 (92861499)|STATEMENT_EXECUTE|[37]
11:51:02.0 (92863428)|STATEMENT_EXECUTE|[38]
11:51:02.0 (92866773)|HEAP_ALLOCATE|[38]|Bytes:9
11:51:02.0 (92906340)|VARIABLE_ASSIGNMENT|[38]|this.Status|"Completed"|0x6e11d10e
11:51:02.0 (92925519)|HEAP_ALLOCATE|[37]|Bytes:5
11:51:02.0 (92936233)|HEAP_ALLOCATE|[37]|Bytes:24
11:51:02.0 (92942405)|VARIABLE_SCOPE_BEGIN|[37]|inTask|Task|true|false
11:51:02.0 (92958806)|VARIABLE_ASSIGNMENT|[37]|inTask|{"Subject":"Task","Priority":"Normal","Status":"Not Started","ActivityDate":"2020-01-11T00:00:00.000Z"}|0x7621b6ae
11:51:02.0 (92970158)|STATEMENT_EXECUTE|[37]
11:51:02.0 (92971919)|STATEMENT_EXECUTE|[38]
11:51:02.0 (92989783)|VARIABLE_ASSIGNMENT|[38]|this.Status|"Completed"|0x7621b6ae
11:51:02.0 (93002280)|HEAP_ALLOCATE|[37]|Bytes:5
11:51:02.0 (93013725)|VARIABLE_ASSIGNMENT|[37]|inTask|null|
11:51:02.0 (93020480)|STATEMENT_EXECUTE|[41]
11:51:02.0 (93063264)|DML_BEGIN|[41]|Op:Update|Type:Task|Rows:2
11:51:02.0 (93100394)|HEAP_ALLOCATE|[EXTERNAL]|Bytes:12
11:51:02.0 (93864406)|DML_END|[41]
11:51:02.0 (93944116)|EXCEPTION_THROWN|[41]|System.DmlException: Update failed. First exception on row 0; first error: MISSING_ARGUMENT, Id not specified in an update call: []
11:51:02.0 (94290006)|HEAP_ALLOCATE|[41]|Bytes:114
11:51:02.0 (94383426)|FATAL_ERROR|System.DmlException: Update failed. First exception on row 0; first error: MISSING_ARGUMENT, Id not specified in an update call: []

Class.TaskTest.testCerrarTarea: line 41, column 1
11:51:02.0 (94412546)|FATAL_ERROR|System.DmlException: Update failed. First exception on row 0; first error: MISSING_ARGUMENT, Id not specified in an update call: []

Class.TaskTest.testCerrarTarea: line 41, column 1
11:51:02.94 (94420675)|CUMULATIVE_LIMIT_USAGE
11:51:02.94 (94420675)|LIMIT_USAGE_FOR_NS|(default)|
  Number of SOQL queries: 0 out of 100
  Number of query rows: 0 out of 50000
  Number of SOSL queries: 0 out of 20
  Number of DML statements: 3 out of 150
  Number of DML rows: 4 out of 10000
  Maximum CPU time: 0 out of 10000
  Maximum heap size: 0 out of 6000000
  Number of callouts: 0 out of 100
  Number of Email Invocations: 0 out of 10
  Number of future calls: 0 out of 50
  Number of queueable jobs added to the queue: 0 out of 50
  Number of Mobile Apex push calls: 0 out of 10

11:51:02.94 (94420675)|CUMULATIVE_LIMIT_USAGE_END

11:51:02.0 (94453064)|CODE_UNIT_FINISHED|TaskTest.testCerrarTarea
11:51:02.0 (95313417)|EXECUTION_FINISHED
11:51:02.195 (195934984)|USER_INFO|[EXTERNAL]|0051r000007Oz5Q|lydia.abril@gmail.com|hora estándar de Europa central|GMT+02:00
11:51:02.195 (195963039)|EXECUTION_STARTED
11:51:02.195 (195967517)|CODE_UNIT_STARTED|[EXTERNAL]|DuplicateDetector
11:51:02.195 (195979436)|DUPLICATE_DETECTION_BEGIN
11:51:02.195 (196029341)|DUPLICATE_DETECTION_RULE_INVOCATION|DuplicateRuleId:0Bm1r0000018X88|DuplicateRuleName:Standard Account Duplicate Rule|DmlType:INSERT
11:51:02.195 (205554613)|DUPLICATE_DETECTION_END
11:51:02.195 (205566970)|CODE_UNIT_FINISHED|DuplicateDetector
11:51:02.195 (206522020)|EXECUTION_FINISHED
