42.0 APEX_CODE,FINEST;APEX_PROFILING,INFO;CALLOUT,INFO;DB,INFO;SYSTEM,DEBUG;VALIDATION,INFO;VISUALFORCE,INFO;WAVE,INFO;WORKFLOW,INFO
12:46:04.0 (360572)|EXECUTION_STARTED
12:46:04.0 (385522)|CODE_UNIT_STARTED|[EXTERNAL]|VisualForce View State
12:46:04.0 (7837342)|CODE_UNIT_FINISHED|VisualForce View State
12:46:04.0 (8721935)|EXECUTION_FINISHED
12:46:04.180 (180776340)|VF_PAGE_MESSAGE|Compile Error: Invalid type: parksServices.byCountry at line 26 column 47
12:46:04.180 (191829404)|VF_SERIALIZE_VIEWSTATE_BEGIN|
12:46:04.180 (195903457)|VF_SERIALIZE_VIEWSTATE_END
12:46:04.201 (201994833)|CUMULATIVE_LIMIT_USAGE
12:46:04.201 (201994833)|LIMIT_USAGE_FOR_NS|(default)|
  Number of SOQL queries: 0 out of 100
  Number of query rows: 0 out of 50000
  Number of SOSL queries: 0 out of 20
  Number of DML statements: 0 out of 150
  Number of DML rows: 0 out of 10000
  Maximum CPU time: 0 out of 10000
  Maximum heap size: 0 out of 6000000
  Number of callouts: 0 out of 100
  Number of Email Invocations: 0 out of 10
  Number of future calls: 0 out of 50
  Number of queueable jobs added to the queue: 0 out of 50
  Number of Mobile Apex push calls: 0 out of 10

12:46:04.201 (201994833)|CUMULATIVE_LIMIT_USAGE_END

