36.0 APEX_CODE,FINEST;APEX_PROFILING,INFO;CALLOUT,INFO;DB,INFO;SYSTEM,DEBUG;VALIDATION,INFO;VISUALFORCE,INFO;WAVE,INFO;WORKFLOW,INFO
10:47:23.0 (76775)|USER_INFO|[EXTERNAL]|0051r000007Oz5Q|lydia.abril@gmail.com|hora estándar de Europa central|GMT+02:00
10:47:23.0 (122845)|EXECUTION_STARTED
10:47:23.0 (126808)|CODE_UNIT_STARTED|[EXTERNAL]|TRIGGERS
10:47:23.0 (885383)|CODE_UNIT_STARTED|[EXTERNAL]|01q1r000000j3dJ|PasajeroTrigger on Pasajero trigger event BeforeInsert
10:47:23.0 (919154)|HEAP_ALLOCATE|[EXTERNAL]|Bytes:8
10:47:23.0 (1270536)|HEAP_ALLOCATE|[72]|Bytes:3
10:47:23.0 (1302755)|HEAP_ALLOCATE|[77]|Bytes:152
10:47:23.0 (1316530)|HEAP_ALLOCATE|[342]|Bytes:408
10:47:23.0 (1328790)|HEAP_ALLOCATE|[355]|Bytes:408
10:47:23.0 (1344285)|HEAP_ALLOCATE|[467]|Bytes:48
10:47:23.0 (1370954)|HEAP_ALLOCATE|[139]|Bytes:6
10:47:23.0 (1465833)|HEAP_ALLOCATE|[EXTERNAL]|Bytes:8
10:47:23.0 (1474638)|VARIABLE_SCOPE_BEGIN|[1]|this|PasajeroTrigger|true|false
10:47:23.0 (1536292)|VARIABLE_ASSIGNMENT|[1]|this|{}|0x29d59e09
10:47:23.0 (1593513)|HEAP_ALLOCATE|[EXTERNAL]|Bytes:8
10:47:23.0 (1600785)|VARIABLE_SCOPE_BEGIN|[1]|this|PasajeroTrigger|true|false
10:47:23.0 (1615036)|VARIABLE_ASSIGNMENT|[1]|this|{}|0x29d59e09
10:47:23.0 (1625362)|STATEMENT_EXECUTE|[1]
10:47:23.0 (1627736)|STATEMENT_EXECUTE|[4]
10:47:23.0 (1654044)|HEAP_ALLOCATE|[50]|Bytes:5
10:47:23.0 (1673305)|HEAP_ALLOCATE|[56]|Bytes:5
10:47:23.0 (1681757)|HEAP_ALLOCATE|[64]|Bytes:7
10:47:23.0 (1963445)|VARIABLE_ASSIGNMENT|[4]|this.listNew|[{"IsDeleted":false,"Nombre_pasajero__c":"aaaaa","Edad__c":12,"Nif__c":"111111111","Reserva__c":"a001r00000oUEbDAAW","Name":"aaaaaa"}]|0x29d59e09
10:47:23.0 (1982306)|STATEMENT_EXECUTE|[7]
10:47:23.0 (1989114)|STATEMENT_EXECUTE|[8]
10:47:23.0 (1990917)|STATEMENT_EXECUTE|[9]
10:47:23.0 (2092225)|HEAP_ALLOCATE|[9]|Bytes:7
10:47:23.0 (2099821)|HEAP_ALLOCATE|[9]|Bytes:2
10:47:23.0 (2111441)|METHOD_ENTRY|[1]|01p1r000008Zry1|PasajeroMethods.PasajeroMethods()
10:47:23.0 (2118366)|STATEMENT_EXECUTE|[1]
10:47:23.0 (2122419)|STATEMENT_EXECUTE|[1]
10:47:23.0 (2463144)|SYSTEM_MODE_ENTER|false
10:47:23.0 (2476505)|HEAP_ALLOCATE|[9]|Bytes:5
10:47:23.0 (2484147)|SYSTEM_MODE_EXIT|false
10:47:23.0 (2495582)|METHOD_EXIT|[1]|PasajeroMethods
10:47:23.0 (2508215)|METHOD_ENTRY|[9]|01p1r000008Zry1|PasajeroMethods.ValidarNif(List<Pasajero__c>)
10:47:23.0 (2526635)|VARIABLE_SCOPE_BEGIN|[65]|listNew|List<Pasajero__c>|true|false
10:47:23.0 (2627497)|VARIABLE_ASSIGNMENT|[65]|listNew|[{"IsDeleted":false,"Nombre_pasajero__c":"aaaaa","Edad__c":12,"Nif__c":"111111111","Reserva__c":"a001r00000oUEbDAAW","Name":"aaaaaa"}]|0x2506efc1
10:47:23.0 (2647175)|SYSTEM_MODE_ENTER|false
10:47:23.0 (2653834)|HEAP_ALLOCATE|[67]|Bytes:5
10:47:23.0 (2659891)|STATEMENT_EXECUTE|[65]
10:47:23.0 (2718412)|STATEMENT_EXECUTE|[67]
10:47:23.0 (2720980)|STATEMENT_EXECUTE|[70]
10:47:23.0 (2724327)|HEAP_ALLOCATE|[70]|Bytes:30
10:47:23.0 (2741017)|HEAP_ALLOCATE|[70]|Bytes:4
10:47:23.0 (2900619)|SOQL_EXECUTE_BEGIN|[70]|Aggregations:0|SELECT Nif__c FROM Pasajero__c
10:47:23.0 (4671015)|SOQL_EXECUTE_END|[70]|Rows:3
10:47:23.0 (4693400)|HEAP_ALLOCATE|[70]|Bytes:16
10:47:23.0 (4712450)|HEAP_ALLOCATE|[70]|Bytes:144
10:47:23.0 (4739502)|HEAP_ALLOCATE|[70]|Bytes:16
10:47:23.0 (4752622)|VARIABLE_SCOPE_BEGIN|[70]|listPasajero|List<Pasajero__c>|true|false
10:47:23.0 (4776291)|VARIABLE_ASSIGNMENT|[70]|listPasajero|[{"Nif__c":"987654765","Id":"a021r00000dd60CAAQ"},{"Nif__c":"111222333","Id":"a021r00000dd5yHAAQ"},{"Nif__c":"111111111","Id":"a021r00000dd5xYAAQ"}]|0x12957033
10:47:23.0 (4784775)|STATEMENT_EXECUTE|[72]
10:47:23.0 (4795771)|HEAP_ALLOCATE|[72]|Bytes:4
10:47:23.0 (4825924)|VARIABLE_SCOPE_BEGIN|[72]|listPasajeroNif|List<String>|true|false
10:47:23.0 (4849911)|HEAP_ALLOCATE|[EXTERNAL]|Bytes:4
10:47:23.0 (4859803)|VARIABLE_ASSIGNMENT|[72]|listPasajeroNif|[]|0x5f7b21ee
10:47:23.0 (4997081)|HEAP_ALLOCATE|[74]|Bytes:5
10:47:23.0 (5014132)|HEAP_ALLOCATE|[74]|Bytes:12
10:47:23.0 (5023280)|VARIABLE_SCOPE_BEGIN|[74]|inPasajero|Pasajero__c|true|false
10:47:23.0 (5038048)|VARIABLE_ASSIGNMENT|[74]|inPasajero|{"Nif__c":"987654765","Id":"a021r00000dd60CAAQ"}|0x35556706
10:47:23.0 (5045542)|STATEMENT_EXECUTE|[74]
10:47:23.0 (5047436)|STATEMENT_EXECUTE|[75]
10:47:23.0 (5101361)|HEAP_ALLOCATE|[EXTERNAL]|Bytes:4
10:47:23.0 (5116852)|HEAP_ALLOCATE|[74]|Bytes:5
10:47:23.0 (5126617)|HEAP_ALLOCATE|[74]|Bytes:12
10:47:23.0 (5132438)|VARIABLE_SCOPE_BEGIN|[74]|inPasajero|Pasajero__c|true|false
10:47:23.0 (5144872)|VARIABLE_ASSIGNMENT|[74]|inPasajero|{"Nif__c":"111222333","Id":"a021r00000dd5yHAAQ"}|0xc788d77
10:47:23.0 (5151864)|STATEMENT_EXECUTE|[74]
10:47:23.0 (5153526)|STATEMENT_EXECUTE|[75]
10:47:23.0 (5163355)|HEAP_ALLOCATE|[EXTERNAL]|Bytes:4
10:47:23.0 (5173722)|HEAP_ALLOCATE|[74]|Bytes:5
10:47:23.0 (5181616)|HEAP_ALLOCATE|[74]|Bytes:12
10:47:23.0 (5186064)|VARIABLE_SCOPE_BEGIN|[74]|inPasajero|Pasajero__c|true|false
10:47:23.0 (5196851)|VARIABLE_ASSIGNMENT|[74]|inPasajero|{"Nif__c":"111111111","Id":"a021r00000dd5xYAAQ"}|0xa8ab947
10:47:23.0 (5202636)|STATEMENT_EXECUTE|[74]
10:47:23.0 (5204226)|STATEMENT_EXECUTE|[75]
10:47:23.0 (5211536)|HEAP_ALLOCATE|[EXTERNAL]|Bytes:4
10:47:23.0 (5221167)|HEAP_ALLOCATE|[74]|Bytes:5
10:47:23.0 (5230354)|VARIABLE_ASSIGNMENT|[74]|inPasajero|null|
10:47:23.0 (5252565)|HEAP_ALLOCATE|[79]|Bytes:5
10:47:23.0 (5263348)|HEAP_ALLOCATE|[79]|Bytes:4
10:47:23.0 (5268459)|VARIABLE_SCOPE_BEGIN|[79]|inPasajero|Pasajero__c|true|false
10:47:23.0 (5398853)|VARIABLE_ASSIGNMENT|[79]|inPasajero|{"IsDeleted":false,"Nombre_pasajero__c":"aaaaa","Edad__c":12,"Nif__c":"111111111","Reserva__c":"a001r00000oUEbDAAW","Name":"aaaaaa"}|0x60ad6b04
10:47:23.0 (5407407)|STATEMENT_EXECUTE|[79]
10:47:23.0 (5442718)|STATEMENT_EXECUTE|[82]
10:47:23.0 (5444989)|STATEMENT_EXECUTE|[83]
10:47:23.0 (5448946)|HEAP_ALLOCATE|[83]|Bytes:29
10:47:23.0 (5506068)|STATEMENT_EXECUTE|[87]
10:47:23.0 (5535937)|HEAP_ALLOCATE|[87]|Bytes:8
10:47:23.0 (5547741)|VARIABLE_SCOPE_BEGIN|[87]|numerosNif|String|false|false
10:47:23.0 (5558318)|VARIABLE_ASSIGNMENT|[87]|numerosNif|"11111111"
10:47:23.0 (5583514)|STATEMENT_EXECUTE|[89]
10:47:23.0 (5585607)|STATEMENT_EXECUTE|[94]
10:47:23.0 (5606007)|VARIABLE_SCOPE_BEGIN|[94]|letraNif|String|false|false
10:47:23.0 (5615507)|VARIABLE_ASSIGNMENT|[94]|letraNif|""
10:47:23.0 (5649512)|STATEMENT_EXECUTE|[96]
10:47:23.0 (5651644)|STATEMENT_EXECUTE|[97]
10:47:23.0 (5655022)|HEAP_ALLOCATE|[97]|Bytes:21
10:47:23.0 (5690270)|HEAP_ALLOCATE|[79]|Bytes:5
10:47:23.0 (5702109)|VARIABLE_ASSIGNMENT|[79]|inPasajero|null|
10:47:23.0 (5709779)|SYSTEM_MODE_EXIT|false
10:47:23.0 (5717830)|METHOD_EXIT|[9]|01p1r000008Zry1|PasajeroMethods.ValidarNif(List<Pasajero__c>)
10:47:23.0 (5723432)|STATEMENT_EXECUTE|[10]
10:47:23.0 (5736340)|METHOD_ENTRY|[10]|01p1r000008Zry1|PasajeroMethods.RellenarContacto(List<Pasajero__c>)
10:47:23.0 (5748826)|VARIABLE_SCOPE_BEGIN|[33]|listPasajeros|List<Pasajero__c>|true|false
10:47:23.0 (5843226)|VARIABLE_ASSIGNMENT|[33]|listPasajeros|[{"IsDeleted":false,"Nombre_pasajero__c":"aaaaa","Edad__c":12,"Nif__c":"111111111","Reserva__c":"a001r00000oUEbDAAW","Name":"aaaaaa"}]|0x2506efc1
10:47:23.0 (5862196)|SYSTEM_MODE_ENTER|false
10:47:23.0 (5868681)|HEAP_ALLOCATE|[35]|Bytes:5
10:47:23.0 (5874250)|STATEMENT_EXECUTE|[33]
10:47:23.0 (5895553)|STATEMENT_EXECUTE|[35]
10:47:23.0 (5897612)|STATEMENT_EXECUTE|[38]
10:47:23.0 (5906173)|HEAP_ALLOCATE|[38]|Bytes:4
10:47:23.0 (5923722)|VARIABLE_SCOPE_BEGIN|[38]|listNifs|List<String>|true|false
10:47:23.0 (5943076)|HEAP_ALLOCATE|[EXTERNAL]|Bytes:4
10:47:23.0 (5951751)|VARIABLE_ASSIGNMENT|[38]|listNifs|[]|0x62e400b3
10:47:23.0 (5979116)|HEAP_ALLOCATE|[40]|Bytes:5
10:47:23.0 (5990416)|HEAP_ALLOCATE|[40]|Bytes:4
10:47:23.0 (5996464)|VARIABLE_SCOPE_BEGIN|[40]|inPasajero|Pasajero__c|true|false
10:47:23.0 (6082441)|VARIABLE_ASSIGNMENT|[40]|inPasajero|{"IsDeleted":false,"Nombre_pasajero__c":"aaaaa","Edad__c":12,"Nif__c":"111111111","Reserva__c":"a001r00000oUEbDAAW","Name":"aaaaaa"}|0x60ad6b04
10:47:23.0 (6091344)|STATEMENT_EXECUTE|[40]
10:47:23.0 (6093179)|STATEMENT_EXECUTE|[41]
10:47:23.0 (6120004)|HEAP_ALLOCATE|[EXTERNAL]|Bytes:4
10:47:23.0 (6128403)|STATEMENT_EXECUTE|[43]
10:47:23.0 (6157585)|USER_DEBUG|[43]|DEBUG|111111111
10:47:23.0 (6172723)|HEAP_ALLOCATE|[40]|Bytes:5
10:47:23.0 (6184572)|VARIABLE_ASSIGNMENT|[40]|inPasajero|null|
10:47:23.0 (6192825)|SYSTEM_MODE_EXIT|false
10:47:23.0 (6200457)|METHOD_EXIT|[10]|01p1r000008Zry1|PasajeroMethods.RellenarContacto(List<Pasajero__c>)
10:47:23.6 (6212109)|CUMULATIVE_LIMIT_USAGE
10:47:23.6 (6212109)|LIMIT_USAGE_FOR_NS|(default)|
  Number of SOQL queries: 1 out of 100
  Number of query rows: 3 out of 50000
  Number of SOSL queries: 0 out of 20
  Number of DML statements: 0 out of 150
  Number of DML rows: 0 out of 10000
  Maximum CPU time: 0 out of 10000
  Maximum heap size: 0 out of 6000000
  Number of callouts: 0 out of 100
  Number of Email Invocations: 0 out of 10
  Number of future calls: 0 out of 50
  Number of queueable jobs added to the queue: 0 out of 50
  Number of Mobile Apex push calls: 0 out of 10

10:47:23.6 (6212109)|CUMULATIVE_LIMIT_USAGE_END

10:47:23.0 (7379654)|CODE_UNIT_FINISHED|PasajeroTrigger on Pasajero trigger event BeforeInsert
10:47:23.0 (14545088)|CODE_UNIT_FINISHED|TRIGGERS
10:47:23.0 (14558416)|EXECUTION_FINISHED
