36.0 APEX_CODE,FINEST;APEX_PROFILING,INFO;CALLOUT,INFO;DB,INFO;SYSTEM,DEBUG;VALIDATION,INFO;VISUALFORCE,INFO;WAVE,INFO;WORKFLOW,INFO
10:42:00.0 (423115)|USER_INFO|[EXTERNAL]|0051r000007Oz5Q|lydia.abril@gmail.com|hora estándar de Europa central|GMT+02:00
10:42:00.0 (462521)|EXECUTION_STARTED
10:42:00.0 (467445)|CODE_UNIT_STARTED|[EXTERNAL]|01q1r000000j6Yv|TaskTrigger on Task trigger event AfterUpdate
10:42:00.0 (520466)|HEAP_ALLOCATE|[EXTERNAL]|Bytes:8
10:42:00.0 (568749)|HEAP_ALLOCATE|[EXTERNAL]|Bytes:8
10:42:00.0 (971853)|HEAP_ALLOCATE|[72]|Bytes:3
10:42:00.0 (1030908)|HEAP_ALLOCATE|[77]|Bytes:152
10:42:00.0 (1048300)|HEAP_ALLOCATE|[342]|Bytes:408
10:42:00.0 (1061969)|HEAP_ALLOCATE|[355]|Bytes:408
10:42:00.0 (1074084)|HEAP_ALLOCATE|[467]|Bytes:48
10:42:00.0 (1128391)|HEAP_ALLOCATE|[139]|Bytes:6
10:42:00.0 (1267750)|HEAP_ALLOCATE|[EXTERNAL]|Bytes:12
10:42:00.0 (1294145)|VARIABLE_SCOPE_BEGIN|[1]|this|TaskTrigger|true|false
10:42:00.0 (1482445)|VARIABLE_ASSIGNMENT|[1]|this|{}|0x1c316f05
10:42:00.0 (1549754)|HEAP_ALLOCATE|[EXTERNAL]|Bytes:12
10:42:00.0 (1618203)|VARIABLE_SCOPE_BEGIN|[1]|this|TaskTrigger|true|false
10:42:00.0 (1634936)|VARIABLE_ASSIGNMENT|[1]|this|{}|0x1c316f05
10:42:00.0 (1649852)|STATEMENT_EXECUTE|[1]
10:42:00.0 (1652820)|STATEMENT_EXECUTE|[3]
10:42:00.0 (1683984)|HEAP_ALLOCATE|[50]|Bytes:5
10:42:00.0 (1707722)|HEAP_ALLOCATE|[56]|Bytes:5
10:42:00.0 (1716478)|HEAP_ALLOCATE|[64]|Bytes:7
10:42:00.0 (2787262)|VARIABLE_ASSIGNMENT|[3]|this.listNew|[{"Status":"Completed","LastModifiedDate":"2018-04-16T08:42:00.000Z","IsDeleted":false,"AccountId":"0011r00001nnRDqAAM","WhatId":"0061r00000vkPBBAA2","ActivityDate":"2040-04-01T00:00:00.000Z","Priority":"Normal","IsHighPriority":false,"IsClosed":true,"IsRecurrence":false,"Subject":"intento2","SystemModstamp":"2018-04-16T08:42:00.000Z","IsArchived":false,"CreatedById":"0051r000007Oz5QAAS","TaskSubtype":"Task","OwnerId":"0051r000007Oz5QAAS","CreatedDate":"2018-04-16T06:16:10.000Z","Id":"00T1r00004C75dmEAB","DB_Activity_Type__c":"Other","IsReminderSet":false,"LastModifiedById":"0051r000007Oz5QAAS"}]|0x1c316f05
10:42:00.0 (2809961)|STATEMENT_EXECUTE|[5]
10:42:00.0 (3115654)|VARIABLE_ASSIGNMENT|[5]|this.mapOld|{"00T1r00004C75dmEAB":{"Status":"In Progress","LastModifiedDate":"2018-04-16T06:16:10.000Z","IsDeleted":false,"AccountId":"0011r00001nnRDqAAM","WhatId":"0061r00000vkPBBAA2","ActivityDate":"2040-04-01T00:00:00.000Z","Priority":"Normal","IsHighPriority":false,"IsClosed":false,"IsRecurrence":false,"Subject":"intento2","SystemModstamp":"2018-04-16T06:16:10.000Z","IsArchived":false,"CreatedById":"0051r000007Oz5QAAS","TaskSubtype":"Task","OwnerId":"0051r000007Oz5QAAS","CreatedDate":"2018-04-16T06:16:10.000Z","Id":"00T1r00004C75dmEAB","DB_Activity_Type__c":"Other","IsReminderSet":false,"LastModifiedById":"0051r000007Oz5QAAS"}}|0x1c316f05
10:42:00.0 (3146226)|STATEMENT_EXECUTE|[8]
10:42:00.0 (3152999)|STATEMENT_EXECUTE|[9]
10:42:00.0 (3154823)|STATEMENT_EXECUTE|[10]
10:42:00.0 (15093155)|HEAP_ALLOCATE|[10]|Bytes:4
10:42:00.0 (15111893)|HEAP_ALLOCATE|[10]|Bytes:30
10:42:00.0 (15164394)|METHOD_ENTRY|[1]|01p1r000009oS6S|TaskMethods.TaskMethods()
10:42:00.0 (15182191)|STATEMENT_EXECUTE|[1]
10:42:00.0 (15193160)|STATEMENT_EXECUTE|[1]
10:42:00.0 (15603131)|SYSTEM_MODE_ENTER|false
10:42:00.0 (15624019)|HEAP_ALLOCATE|[10]|Bytes:5
10:42:00.0 (15632702)|SYSTEM_MODE_EXIT|false
10:42:00.0 (15660181)|METHOD_EXIT|[1]|TaskMethods
10:42:00.0 (15714198)|METHOD_ENTRY|[10]|01p1r000009oS6S|TaskMethods.CerrarTarea(List<Task>)
10:42:00.0 (15770388)|VARIABLE_SCOPE_BEGIN|[3]|listTask|List<Task>|true|false
10:42:00.0 (16168888)|VARIABLE_ASSIGNMENT|[3]|listTask|[{"Status":"Completed","LastModifiedDate":"2018-04-16T08:42:00.000Z","IsDeleted":false,"AccountId":"0011r00001nnRDqAAM","WhatId":"0061r00000vkPBBAA2","ActivityDate":"2040-04-01T00:00:00.000Z","Priority":"Normal","IsHighPriority":false,"IsClosed":true,"IsRecurrence":false,"Subject":"intento2","SystemModstamp":"2018-04-16T08:42:00.000Z","IsArchived":false,"CreatedById":"0051r000007Oz5QAAS","TaskSubtype":"Task","OwnerId":"0051r000007Oz5QAAS","CreatedDate":"2018-04-16T06:16:10.000Z","Id":"00T1r00004C75dmEAB","DB_Activity_Type__c":"Other","IsReminderSet":false,"LastModifiedById":"0051r000007Oz5QAAS"}]|0xa71ab71
10:42:00.0 (16205514)|SYSTEM_MODE_ENTER|false
10:42:00.0 (16216191)|HEAP_ALLOCATE|[5]|Bytes:5
10:42:00.0 (16227382)|STATEMENT_EXECUTE|[3]
10:42:00.0 (16345698)|STATEMENT_EXECUTE|[5]
10:42:00.0 (16348441)|STATEMENT_EXECUTE|[7]
10:42:00.0 (16371399)|HEAP_ALLOCATE|[7]|Bytes:4
10:42:00.0 (16443524)|VARIABLE_SCOPE_BEGIN|[7]|setWhatIds|Set<String>|true|false
10:42:00.0 (16474758)|VARIABLE_ASSIGNMENT|[7]|setWhatIds|[]|0x553bc321
10:42:00.0 (16626392)|HEAP_ALLOCATE|[9]|Bytes:5
10:42:00.0 (16681175)|VARIABLE_SCOPE_BEGIN|[9]|inTask|Task|true|false
10:42:00.0 (16917311)|VARIABLE_ASSIGNMENT|[9]|inTask|{"Status":"Completed","LastModifiedDate":"2018-04-16T08:42:00.000Z","IsDeleted":false,"AccountId":"0011r00001nnRDqAAM","WhatId":"0061r00000vkPBBAA2","ActivityDate":"2040-04-01T00:00:00.000Z","Priority":"Normal","IsHighPriority":false,"IsClosed":true,"IsRecurrence":false,"Subject":"intento2","SystemModstamp":"2018-04-16T08:42:00.000Z","IsArchived":false,"CreatedById":"0051r000007Oz5QAAS","TaskSubtype":"Task","OwnerId":"0051r000007Oz5QAAS","CreatedDate":"2018-04-16T06:16:10.000Z","Id":"00T1r00004C75dmEAB","DB_Activity_Type__c":"Other","IsReminderSet":false,"LastModifiedById":"0051r000007Oz5QAAS"}|0x636828b1
10:42:00.0 (16937834)|STATEMENT_EXECUTE|[9]
10:42:00.0 (16965862)|HEAP_ALLOCATE|[10]|Bytes:9
10:42:00.0 (17009108)|STATEMENT_EXECUTE|[10]
10:42:00.0 (17012323)|STATEMENT_EXECUTE|[11]
10:42:00.0 (17079481)|HEAP_ALLOCATE|[EXTERNAL]|Bytes:4
10:42:00.0 (17100743)|HEAP_ALLOCATE|[9]|Bytes:5
10:42:00.0 (17115637)|VARIABLE_ASSIGNMENT|[9]|inTask|null|
10:42:00.0 (17123275)|STATEMENT_EXECUTE|[24]
10:42:00.0 (17169026)|HEAP_ALLOCATE|[24]|Bytes:4
10:42:00.0 (17209382)|HEAP_ALLOCATE|[24]|Bytes:119
10:42:00.0 (17226882)|HEAP_ALLOCATE|[24]|Bytes:4
10:42:00.0 (17237029)|HEAP_ALLOCATE|[24]|Bytes:7
10:42:00.0 (17273966)|HEAP_ALLOCATE|[24]|Bytes:8
10:42:00.0 (17281905)|HEAP_ALLOCATE|[24]|Bytes:8
10:42:00.0 (17552780)|SOQL_EXECUTE_BEGIN|[24]|Aggregations:1|SELECT ParentId, Fecha_ltima_actividad_m_s_reciente__c, (SELECT Id FROM Opportunities WHERE Id = :tmpVar1) FROM Account
10:42:00.0 (23356692)|SOQL_EXECUTE_END|[24]|Rows:19
10:42:00.0 (23408123)|HEAP_ALLOCATE|[24]|Bytes:80
10:42:00.0 (23444873)|HEAP_ALLOCATE|[24]|Bytes:748
10:42:00.0 (23491846)|HEAP_ALLOCATE|[24]|Bytes:80
10:42:00.0 (23533632)|HEAP_ALLOCATE|[24]|Bytes:20
10:42:00.0 (23539963)|HEAP_ALLOCATE|[24]|Bytes:20
10:42:00.0 (23543345)|HEAP_ALLOCATE|[24]|Bytes:8
10:42:00.0 (23546881)|HEAP_ALLOCATE|[24]|Bytes:8
10:42:00.0 (23550086)|HEAP_ALLOCATE|[24]|Bytes:8
10:42:00.0 (23552968)|HEAP_ALLOCATE|[24]|Bytes:8
10:42:00.0 (23556874)|HEAP_ALLOCATE|[24]|Bytes:8
10:42:00.0 (23559995)|HEAP_ALLOCATE|[24]|Bytes:8
10:42:00.0 (23562946)|HEAP_ALLOCATE|[24]|Bytes:8
10:42:00.0 (23566166)|HEAP_ALLOCATE|[24]|Bytes:12
10:42:00.0 (23569632)|HEAP_ALLOCATE|[24]|Bytes:8
10:42:00.0 (23572797)|HEAP_ALLOCATE|[24]|Bytes:8
10:42:00.0 (23575876)|HEAP_ALLOCATE|[24]|Bytes:8
10:42:00.0 (23579659)|HEAP_ALLOCATE|[24]|Bytes:8
10:42:00.0 (23582657)|HEAP_ALLOCATE|[24]|Bytes:8
10:42:00.0 (23585437)|HEAP_ALLOCATE|[24]|Bytes:8
10:42:00.0 (23588967)|HEAP_ALLOCATE|[24]|Bytes:8
10:42:00.0 (23591933)|HEAP_ALLOCATE|[24]|Bytes:8
10:42:00.0 (23595000)|HEAP_ALLOCATE|[24]|Bytes:8
10:42:00.0 (23598347)|HEAP_ALLOCATE|[24]|Bytes:8
10:42:00.0 (23601234)|HEAP_ALLOCATE|[24]|Bytes:76
10:42:00.0 (23612325)|VARIABLE_SCOPE_BEGIN|[24]|listAll|List<Account>|true|false
10:42:00.0 (23625954)|HEAP_ALLOCATE|[EXTERNAL]|Bytes:80
10:42:00.0 (23643462)|VARIABLE_ASSIGNMENT|[24]|listAll|"List of size 19 too large to display"|0x6c15b24e
10:42:00.0 (23658895)|STATEMENT_EXECUTE|[26]
10:42:00.0 (23665342)|HEAP_ALLOCATE|[26]|Bytes:11
10:42:00.0 (23797834)|HEAP_ALLOCATE|[26]|Bytes:482
10:42:00.0 (23820392)|HEAP_ALLOCATE|[26]|Bytes:493
10:42:00.0 (23843161)|USER_DEBUG|[26]|DEBUG|listAll :: (Account:{ParentId=0011r00001mvH7mAAE, Fecha_ltima_actividad_m_s_reciente__c=2020-04-01 00:00:00, Id=0011r00001nnRDqAAM}, Account:{Id=0011r00001mvH7sAAE}, Account:{Id=0011r00001mvH7qAAE}, Account:{Id=0011r00001mvH7rAAE}, Account:{Id=0011r00001mvH7iAAE}, Account:{Id=0011r00001mvH7jAAE}, Account:{Id=0011r00001mvH7kAAE}, Account:{Id=0011r00001mvH7lAAE}, Account:{Fecha_ltima_actividad_m_s_reciente__c=2020-04-01 00:00:00, Id=0011r00001mvH7mAAE}, Account:{Id=0011r00001mvH7oAAE}, ...)
10:42:00.0 (23859638)|STATEMENT_EXECUTE|[34]
10:42:00.0 (23912816)|HEAP_ALLOCATE|[34]|Bytes:4
10:42:00.0 (23919553)|HEAP_ALLOCATE|[34]|Bytes:22
10:42:00.0 (23928528)|HEAP_ALLOCATE|[34]|Bytes:4
10:42:00.0 (24048870)|SOQL_EXECUTE_BEGIN|[34]|Aggregations:0|SELECT Id FROM Account
10:42:00.0 (26785645)|SOQL_EXECUTE_END|[34]|Rows:19
10:42:00.0 (26804353)|HEAP_ALLOCATE|[34]|Bytes:80
10:42:00.0 (26825269)|HEAP_ALLOCATE|[34]|Bytes:551
10:42:00.0 (26853563)|HEAP_ALLOCATE|[34]|Bytes:80
10:42:00.0 (26887189)|HEAP_ALLOCATE|[34]|Bytes:8
10:42:00.0 (26898090)|HEAP_ALLOCATE|[34]|Bytes:18
10:42:00.0 (26904137)|HEAP_ALLOCATE|[34]|Bytes:8
10:42:00.0 (26908740)|HEAP_ALLOCATE|[34]|Bytes:18
10:42:00.0 (26912892)|HEAP_ALLOCATE|[34]|Bytes:8
10:42:00.0 (26917215)|HEAP_ALLOCATE|[34]|Bytes:18
10:42:00.0 (26920669)|HEAP_ALLOCATE|[34]|Bytes:8
10:42:00.0 (26924946)|HEAP_ALLOCATE|[34]|Bytes:18
10:42:00.0 (26928245)|HEAP_ALLOCATE|[34]|Bytes:8
10:42:00.0 (26932326)|HEAP_ALLOCATE|[34]|Bytes:18
10:42:00.0 (26935730)|HEAP_ALLOCATE|[34]|Bytes:8
10:42:00.0 (26939851)|HEAP_ALLOCATE|[34]|Bytes:18
10:42:00.0 (26943272)|HEAP_ALLOCATE|[34]|Bytes:8
10:42:00.0 (26947475)|HEAP_ALLOCATE|[34]|Bytes:18
10:42:00.0 (26950641)|HEAP_ALLOCATE|[34]|Bytes:8
10:42:00.0 (26954532)|HEAP_ALLOCATE|[34]|Bytes:18
10:42:00.0 (26957629)|HEAP_ALLOCATE|[34]|Bytes:8
10:42:00.0 (26961420)|HEAP_ALLOCATE|[34]|Bytes:18
10:42:00.0 (26964711)|HEAP_ALLOCATE|[34]|Bytes:8
10:42:00.0 (26968891)|HEAP_ALLOCATE|[34]|Bytes:18
10:42:00.0 (26972095)|HEAP_ALLOCATE|[34]|Bytes:8
10:42:00.0 (26980862)|HEAP_ALLOCATE|[34]|Bytes:18
10:42:00.0 (26984772)|HEAP_ALLOCATE|[34]|Bytes:8
10:42:00.0 (26988912)|HEAP_ALLOCATE|[34]|Bytes:18
10:42:00.0 (26993142)|HEAP_ALLOCATE|[34]|Bytes:8
10:42:00.0 (26997761)|HEAP_ALLOCATE|[34]|Bytes:18
10:42:00.0 (27001446)|HEAP_ALLOCATE|[34]|Bytes:8
10:42:00.0 (27005945)|HEAP_ALLOCATE|[34]|Bytes:18
10:42:00.0 (27009467)|HEAP_ALLOCATE|[34]|Bytes:8
10:42:00.0 (27013543)|HEAP_ALLOCATE|[34]|Bytes:18
10:42:00.0 (27016650)|HEAP_ALLOCATE|[34]|Bytes:8
10:42:00.0 (27020741)|HEAP_ALLOCATE|[34]|Bytes:18
10:42:00.0 (27023849)|HEAP_ALLOCATE|[34]|Bytes:8
10:42:00.0 (27027691)|HEAP_ALLOCATE|[34]|Bytes:18
10:42:00.0 (27031451)|HEAP_ALLOCATE|[34]|Bytes:8
10:42:00.0 (27035311)|HEAP_ALLOCATE|[34]|Bytes:18
10:42:00.0 (27038647)|HEAP_ALLOCATE|[34]|Bytes:8
10:42:00.0 (27042573)|HEAP_ALLOCATE|[34]|Bytes:18
10:42:00.0 (27051860)|VARIABLE_SCOPE_BEGIN|[34]|mapAllAccounts|Map<String,Account>|true|false
10:42:00.0 (27075519)|VARIABLE_ASSIGNMENT|[34]|mapAllAccounts|"Map of size 19 too large to display"|0x17ce42b8
10:42:00.0 (27085741)|STATEMENT_EXECUTE|[35]
10:42:00.0 (27136088)|HEAP_ALLOCATE|[35]|Bytes:4
10:42:00.0 (27143657)|HEAP_ALLOCATE|[35]|Bytes:26
10:42:00.0 (27151184)|HEAP_ALLOCATE|[35]|Bytes:4
10:42:00.0 (27231888)|SOQL_EXECUTE_BEGIN|[35]|Aggregations:0|SELECT Id FROM Opportunity
10:42:00.0 (28719455)|SOQL_EXECUTE_END|[35]|Rows:53
10:42:00.0 (28738267)|HEAP_ALLOCATE|[35]|Bytes:216
10:42:00.0 (28777312)|HEAP_ALLOCATE|[35]|Bytes:1537
10:42:00.0 (28817135)|HEAP_ALLOCATE|[35]|Bytes:216
10:42:00.0 (28842793)|HEAP_ALLOCATE|[35]|Bytes:8
10:42:00.0 (28853016)|HEAP_ALLOCATE|[35]|Bytes:18
10:42:00.0 (28857823)|HEAP_ALLOCATE|[35]|Bytes:8
10:42:00.0 (28862666)|HEAP_ALLOCATE|[35]|Bytes:18
10:42:00.0 (28866824)|HEAP_ALLOCATE|[35]|Bytes:8
10:42:00.0 (28871040)|HEAP_ALLOCATE|[35]|Bytes:18
10:42:00.0 (28874509)|HEAP_ALLOCATE|[35]|Bytes:8
10:42:00.0 (28878716)|HEAP_ALLOCATE|[35]|Bytes:18
10:42:00.0 (28882093)|HEAP_ALLOCATE|[35]|Bytes:8
10:42:00.0 (28886011)|HEAP_ALLOCATE|[35]|Bytes:18
10:42:00.0 (28889758)|HEAP_ALLOCATE|[35]|Bytes:8
10:42:00.0 (28893921)|HEAP_ALLOCATE|[35]|Bytes:18
10:42:00.0 (28897287)|HEAP_ALLOCATE|[35]|Bytes:8
10:42:00.0 (28901628)|HEAP_ALLOCATE|[35]|Bytes:18
10:42:00.0 (28905233)|HEAP_ALLOCATE|[35]|Bytes:8
10:42:00.0 (28909105)|HEAP_ALLOCATE|[35]|Bytes:18
10:42:00.0 (28912254)|HEAP_ALLOCATE|[35]|Bytes:8
10:42:00.0 (28916501)|HEAP_ALLOCATE|[35]|Bytes:18
10:42:00.0 (28919522)|HEAP_ALLOCATE|[35]|Bytes:8
10:42:00.0 (28923480)|HEAP_ALLOCATE|[35]|Bytes:18
10:42:00.0 (28926581)|HEAP_ALLOCATE|[35]|Bytes:8
10:42:00.0 (28930515)|HEAP_ALLOCATE|[35]|Bytes:18
10:42:00.0 (28933616)|HEAP_ALLOCATE|[35]|Bytes:8
10:42:00.0 (28937472)|HEAP_ALLOCATE|[35]|Bytes:18
10:42:00.0 (28940631)|HEAP_ALLOCATE|[35]|Bytes:8
10:42:00.0 (28944419)|HEAP_ALLOCATE|[35]|Bytes:18
10:42:00.0 (28948440)|HEAP_ALLOCATE|[35]|Bytes:8
10:42:00.0 (28952493)|HEAP_ALLOCATE|[35]|Bytes:18
10:42:00.0 (28955596)|HEAP_ALLOCATE|[35]|Bytes:8
10:42:00.0 (28959685)|HEAP_ALLOCATE|[35]|Bytes:18
10:42:00.0 (28962844)|HEAP_ALLOCATE|[35]|Bytes:8
10:42:00.0 (28966735)|HEAP_ALLOCATE|[35]|Bytes:18
10:42:00.0 (28970283)|HEAP_ALLOCATE|[35]|Bytes:8
10:42:00.0 (28978518)|HEAP_ALLOCATE|[35]|Bytes:18
10:42:00.0 (28982877)|HEAP_ALLOCATE|[35]|Bytes:8
10:42:00.0 (28987478)|HEAP_ALLOCATE|[35]|Bytes:18
10:42:00.0 (28991199)|HEAP_ALLOCATE|[35]|Bytes:8
10:42:00.0 (28995496)|HEAP_ALLOCATE|[35]|Bytes:18
10:42:00.0 (28998926)|HEAP_ALLOCATE|[35]|Bytes:8
10:42:00.0 (29003183)|HEAP_ALLOCATE|[35]|Bytes:18
10:42:00.0 (29006992)|HEAP_ALLOCATE|[35]|Bytes:8
10:42:00.0 (29011146)|HEAP_ALLOCATE|[35]|Bytes:18
10:42:00.0 (29014945)|HEAP_ALLOCATE|[35]|Bytes:8
10:42:00.0 (29019047)|HEAP_ALLOCATE|[35]|Bytes:18
10:42:00.0 (29022441)|HEAP_ALLOCATE|[35]|Bytes:8
10:42:00.0 (29026668)|HEAP_ALLOCATE|[35]|Bytes:18
10:42:00.0 (29029879)|HEAP_ALLOCATE|[35]|Bytes:8
10:42:00.0 (29033888)|HEAP_ALLOCATE|[35]|Bytes:18
10:42:00.0 (29037392)|HEAP_ALLOCATE|[35]|Bytes:8
10:42:00.0 (29041356)|HEAP_ALLOCATE|[35]|Bytes:18
10:42:00.0 (29045469)|HEAP_ALLOCATE|[35]|Bytes:8
10:42:00.0 (29049455)|HEAP_ALLOCATE|[35]|Bytes:18
10:42:00.0 (29052588)|HEAP_ALLOCATE|[35]|Bytes:8
10:42:00.0 (29056409)|HEAP_ALLOCATE|[35]|Bytes:18
10:42:00.0 (29059794)|HEAP_ALLOCATE|[35]|Bytes:8
10:42:00.0 (29063960)|HEAP_ALLOCATE|[35]|Bytes:18
10:42:00.0 (29067494)|HEAP_ALLOCATE|[35]|Bytes:8
10:42:00.0 (29071662)|HEAP_ALLOCATE|[35]|Bytes:18
10:42:00.0 (29075306)|HEAP_ALLOCATE|[35]|Bytes:8
10:42:00.0 (29079341)|HEAP_ALLOCATE|[35]|Bytes:18
10:42:00.0 (29082521)|HEAP_ALLOCATE|[35]|Bytes:8
10:42:00.0 (29086399)|HEAP_ALLOCATE|[35]|Bytes:18
10:42:00.0 (29089598)|HEAP_ALLOCATE|[35]|Bytes:8
10:42:00.0 (29093444)|HEAP_ALLOCATE|[35]|Bytes:18
10:42:00.0 (29096518)|HEAP_ALLOCATE|[35]|Bytes:8
10:42:00.0 (29100344)|HEAP_ALLOCATE|[35]|Bytes:18
10:42:00.0 (29103748)|HEAP_ALLOCATE|[35]|Bytes:8
10:42:00.0 (29107814)|HEAP_ALLOCATE|[35]|Bytes:18
10:42:00.0 (29111016)|HEAP_ALLOCATE|[35]|Bytes:8
10:42:00.0 (29115214)|HEAP_ALLOCATE|[35]|Bytes:18
10:42:00.0 (29118434)|HEAP_ALLOCATE|[35]|Bytes:8
10:42:00.0 (29122391)|HEAP_ALLOCATE|[35]|Bytes:18
10:42:00.0 (29125562)|HEAP_ALLOCATE|[35]|Bytes:8
10:42:00.0 (29129596)|HEAP_ALLOCATE|[35]|Bytes:18
10:42:00.0 (29132715)|HEAP_ALLOCATE|[35]|Bytes:8
10:42:00.0 (29136889)|HEAP_ALLOCATE|[35]|Bytes:18
10:42:00.0 (29140006)|HEAP_ALLOCATE|[35]|Bytes:8
10:42:00.0 (29143862)|HEAP_ALLOCATE|[35]|Bytes:18
10:42:00.0 (29147705)|HEAP_ALLOCATE|[35]|Bytes:8
10:42:00.0 (29151686)|HEAP_ALLOCATE|[35]|Bytes:18
10:42:00.0 (29155273)|HEAP_ALLOCATE|[35]|Bytes:8
10:42:00.0 (29159228)|HEAP_ALLOCATE|[35]|Bytes:18
10:42:00.0 (29162560)|HEAP_ALLOCATE|[35]|Bytes:8
10:42:00.0 (29166572)|HEAP_ALLOCATE|[35]|Bytes:18
10:42:00.0 (29170025)|HEAP_ALLOCATE|[35]|Bytes:8
10:42:00.0 (29174201)|HEAP_ALLOCATE|[35]|Bytes:18
10:42:00.0 (29177772)|HEAP_ALLOCATE|[35]|Bytes:8
10:42:00.0 (29181713)|HEAP_ALLOCATE|[35]|Bytes:18
10:42:00.0 (29185108)|HEAP_ALLOCATE|[35]|Bytes:8
10:42:00.0 (29188924)|HEAP_ALLOCATE|[35]|Bytes:18
10:42:00.0 (29192082)|HEAP_ALLOCATE|[35]|Bytes:8
10:42:00.0 (29196589)|HEAP_ALLOCATE|[35]|Bytes:18
10:42:00.0 (29199767)|HEAP_ALLOCATE|[35]|Bytes:8
10:42:00.0 (29203885)|HEAP_ALLOCATE|[35]|Bytes:18
10:42:00.0 (29207011)|HEAP_ALLOCATE|[35]|Bytes:8
10:42:00.0 (29210984)|HEAP_ALLOCATE|[35]|Bytes:18
10:42:00.0 (29214236)|HEAP_ALLOCATE|[35]|Bytes:8
10:42:00.0 (29218228)|HEAP_ALLOCATE|[35]|Bytes:18
10:42:00.0 (29222885)|HEAP_ALLOCATE|[35]|Bytes:8
10:42:00.0 (29227612)|HEAP_ALLOCATE|[35]|Bytes:18
10:42:00.0 (29230774)|HEAP_ALLOCATE|[35]|Bytes:8
10:42:00.0 (29235596)|HEAP_ALLOCATE|[35]|Bytes:18
10:42:00.0 (29239249)|HEAP_ALLOCATE|[35]|Bytes:8
10:42:00.0 (29243142)|HEAP_ALLOCATE|[35]|Bytes:18
10:42:00.0 (29246635)|HEAP_ALLOCATE|[35]|Bytes:8
10:42:00.0 (29250499)|HEAP_ALLOCATE|[35]|Bytes:18
10:42:00.0 (29258648)|VARIABLE_SCOPE_BEGIN|[35]|mapAllOportunities|Map<String,Opportunity>|true|false
10:42:00.0 (29283553)|VARIABLE_ASSIGNMENT|[35]|mapAllOportunities|"Map of size 53 too large to display"|0x2296136b
10:42:00.0 (29294151)|STATEMENT_EXECUTE|[38]
10:42:00.0 (29309275)|HEAP_ALLOCATE|[38]|Bytes:4
10:42:00.0 (29336632)|VARIABLE_SCOPE_BEGIN|[38]|listAccountUpdate|List<Account>|true|false
10:42:00.0 (29345719)|HEAP_ALLOCATE|[EXTERNAL]|Bytes:4
10:42:00.0 (29355247)|VARIABLE_ASSIGNMENT|[38]|listAccountUpdate|[]|0x75d5a736
10:42:00.0 (29362342)|STATEMENT_EXECUTE|[39]
10:42:00.0 (29371789)|HEAP_ALLOCATE|[39]|Bytes:4
10:42:00.0 (29410370)|VARIABLE_SCOPE_BEGIN|[39]|listOpportunityUpdate|List<Opportunity>|true|false
10:42:00.0 (29418953)|HEAP_ALLOCATE|[EXTERNAL]|Bytes:4
10:42:00.0 (29424831)|VARIABLE_ASSIGNMENT|[39]|listOpportunityUpdate|[]|0x74237074
10:42:00.0 (29431798)|STATEMENT_EXECUTE|[42]
10:42:00.0 (29444015)|HEAP_ALLOCATE|[42]|Bytes:4
10:42:00.0 (29472570)|VARIABLE_SCOPE_BEGIN|[42]|listAccountIds|Set<String>|true|false
10:42:00.0 (29496416)|VARIABLE_ASSIGNMENT|[42]|listAccountIds|[]|0x1bdf7649
10:42:00.0 (29503382)|STATEMENT_EXECUTE|[43]
10:42:00.0 (29508713)|HEAP_ALLOCATE|[43]|Bytes:4
10:42:00.0 (29523428)|VARIABLE_SCOPE_BEGIN|[43]|listOpportunityIds|Set<String>|true|false
10:42:00.0 (29537574)|VARIABLE_ASSIGNMENT|[43]|listOpportunityIds|[]|0x9c03312
10:42:00.0 (29579240)|HEAP_ALLOCATE|[46]|Bytes:5
10:42:00.0 (29600926)|VARIABLE_SCOPE_BEGIN|[46]|inTask|Task|true|false
10:42:00.0 (29845146)|VARIABLE_ASSIGNMENT|[46]|inTask|{"Status":"Completed","LastModifiedDate":"2018-04-16T08:42:00.000Z","IsDeleted":false,"AccountId":"0011r00001nnRDqAAM","WhatId":"0061r00000vkPBBAA2","ActivityDate":"2040-04-01T00:00:00.000Z","Priority":"Normal","IsHighPriority":false,"IsClosed":true,"IsRecurrence":false,"Subject":"intento2","SystemModstamp":"2018-04-16T08:42:00.000Z","IsArchived":false,"CreatedById":"0051r000007Oz5QAAS","TaskSubtype":"Task","OwnerId":"0051r000007Oz5QAAS","CreatedDate":"2018-04-16T06:16:10.000Z","Id":"00T1r00004C75dmEAB","DB_Activity_Type__c":"Other","IsReminderSet":false,"LastModifiedById":"0051r000007Oz5QAAS"}|0x636828b1
10:42:00.0 (29861810)|STATEMENT_EXECUTE|[46]
10:42:00.0 (29864173)|STATEMENT_EXECUTE|[48]
10:42:00.0 (30266901)|USER_DEBUG|[48]|DEBUG|Task:{Id=00T1r00004C75dmEAB, WhoId=null, WhatId=0061r00000vkPBBAA2, Subject=intento2, ActivityDate=2040-04-01 00:00:00, Status=Completed, Priority=Normal, IsHighPriority=false, OwnerId=0051r000007Oz5QAAS, Description=null, Type=null, IsDeleted=false, AccountId=0011r00001nnRDqAAM, IsClosed=true, CreatedDate=2018-04-16 06:16:10, CreatedById=0051r000007Oz5QAAS, LastModifiedDate=2018-04-16 08:42:00, LastModifiedById=0051r000007Oz5QAAS, SystemModstamp=2018-04-16 08:42:00, IsArchived=false, CallDurationInSeconds=null, CallType=null, CallDisposition=null, CallObject=null, ReminderDateTime=null, IsReminderSet=false, RecurrenceActivityId=null, IsRecurrence=false, RecurrenceStartDateOnly=null, RecurrenceEndDateOnly=null, RecurrenceTimeZoneSidKey=null, RecurrenceType=null, RecurrenceInterval=null, RecurrenceDayOfWeekMask=null, RecurrenceDayOfMonth=null, RecurrenceInstance=null, RecurrenceMonthOfYear=null, RecurrenceRegeneratedType=null, TaskSubtype=Task, DB_Activity_Type__c=Other}
10:42:00.0 (30321588)|STATEMENT_EXECUTE|[50]
10:42:00.0 (30406772)|STATEMENT_EXECUTE|[54]
10:42:00.0 (30409654)|STATEMENT_EXECUTE|[55]
10:42:00.0 (30433394)|HEAP_ALLOCATE|[EXTERNAL]|Bytes:4
10:42:00.0 (30452460)|HEAP_ALLOCATE|[46]|Bytes:5
10:42:00.0 (30467407)|VARIABLE_ASSIGNMENT|[46]|inTask|null|
10:42:00.0 (30474444)|STATEMENT_EXECUTE|[60]
10:42:00.0 (30494296)|USER_DEBUG|[60]|DEBUG|{0061r00000vkPBBAA2}
10:42:00.0 (30503494)|STATEMENT_EXECUTE|[63]
10:42:00.0 (30521270)|HEAP_ALLOCATE|[63]|Bytes:4
10:42:00.0 (30527993)|HEAP_ALLOCATE|[63]|Bytes:57
10:42:00.0 (30536113)|HEAP_ALLOCATE|[63]|Bytes:4
10:42:00.0 (30562435)|HEAP_ALLOCATE|[63]|Bytes:8
10:42:00.0 (30570455)|HEAP_ALLOCATE|[63]|Bytes:8
10:42:00.0 (30707852)|SOQL_EXECUTE_BEGIN|[63]|Aggregations:0|SELECT Id, AccountId FROM Opportunity WHERE id = :tmpVar1
10:42:00.0 (32255573)|SOQL_EXECUTE_END|[63]|Rows:1
10:42:00.0 (32274499)|HEAP_ALLOCATE|[63]|Bytes:8
10:42:00.0 (32286188)|HEAP_ALLOCATE|[63]|Bytes:60
10:42:00.0 (32312607)|HEAP_ALLOCATE|[63]|Bytes:8
10:42:00.0 (32328294)|HEAP_ALLOCATE|[63]|Bytes:12
10:42:00.0 (32336890)|HEAP_ALLOCATE|[63]|Bytes:18
10:42:00.0 (32344165)|VARIABLE_SCOPE_BEGIN|[63]|mapOportunity|Map<String,Opportunity>|true|false
10:42:00.0 (32368811)|VARIABLE_ASSIGNMENT|[63]|mapOportunity|{"0061r00000vkPBBAA2":{"Id":"0061r00000vkPBBAA2","AccountId":"0011r00001nnRDqAAM"}}|0x30c4f366
10:42:00.0 (32386501)|HEAP_ALLOCATE|[66]|Bytes:4
10:42:00.0 (32421026)|HEAP_ALLOCATE|[66]|Bytes:4
10:42:00.0 (32448795)|HEAP_ALLOCATE|[66]|Bytes:5
10:42:00.0 (32463805)|VARIABLE_SCOPE_BEGIN|[66]|idOportunity|String|false|false
10:42:00.0 (32474181)|VARIABLE_ASSIGNMENT|[66]|idOportunity|"0061r00000vkPBBAA2"
10:42:00.0 (32482832)|STATEMENT_EXECUTE|[66]
10:42:00.0 (32485222)|STATEMENT_EXECUTE|[67]
10:42:00.0 (32547696)|HEAP_ALLOCATE|[EXTERNAL]|Bytes:4
10:42:00.0 (32563801)|HEAP_ALLOCATE|[66]|Bytes:5
10:42:00.0 (32576219)|VARIABLE_ASSIGNMENT|[66]|idOportunity|null
10:42:00.0 (32583289)|STATEMENT_EXECUTE|[73]
10:42:00.0 (32598886)|HEAP_ALLOCATE|[73]|Bytes:4
10:42:00.0 (32604971)|HEAP_ALLOCATE|[73]|Bytes:91
10:42:00.0 (32612613)|HEAP_ALLOCATE|[73]|Bytes:4
10:42:00.0 (32638330)|HEAP_ALLOCATE|[73]|Bytes:8
10:42:00.0 (32646138)|HEAP_ALLOCATE|[73]|Bytes:8
10:42:00.0 (32780673)|SOQL_EXECUTE_BEGIN|[73]|Aggregations:0|SELECT Id, Fecha_ltima_actividad_m_s_reciente__c, ParentId FROM Account WHERE id = :tmpVar1
10:42:00.0 (34614800)|SOQL_EXECUTE_END|[73]|Rows:1
10:42:00.0 (34634142)|HEAP_ALLOCATE|[73]|Bytes:8
10:42:00.0 (34647290)|HEAP_ALLOCATE|[73]|Bytes:104
10:42:00.0 (34673486)|HEAP_ALLOCATE|[73]|Bytes:8
10:42:00.0 (34688753)|HEAP_ALLOCATE|[73]|Bytes:16
10:42:00.0 (34697796)|HEAP_ALLOCATE|[73]|Bytes:18
10:42:00.0 (34704882)|VARIABLE_SCOPE_BEGIN|[73]|mapAccount|Map<String,Account>|true|false
10:42:00.0 (34738846)|VARIABLE_ASSIGNMENT|[73]|mapAccount|{"0011r00001nnRDqAAM":{"Id":"0011r00001nnRDqAAM","Fecha_ltima_activida (17 more) ...":"2020-04-01T00:00:00.000Z","ParentId":"0011r00001mvH7mAAE"}}|0xc79532c
10:42:00.0 (34750546)|STATEMENT_EXECUTE|[75]
10:42:00.0 (34754364)|HEAP_ALLOCATE|[75]|Bytes:38
10:42:00.0 (34830518)|HEAP_ALLOCATE|[75]|Bytes:140
10:42:00.0 (34849218)|HEAP_ALLOCATE|[75]|Bytes:178
10:42:00.0 (34860846)|USER_DEBUG|[75]|DEBUG|TaskMethods.CerrarTarea.mapAccount :: {0011r00001nnRDqAAM=Account:{Id=0011r00001nnRDqAAM, Fecha_ltima_actividad_m_s_reciente__c=2020-04-01 00:00:00, ParentId=0011r00001mvH7mAAE}}
10:42:00.0 (34897740)|HEAP_ALLOCATE|[78]|Bytes:5
10:42:00.0 (34915117)|VARIABLE_SCOPE_BEGIN|[78]|inTask|Task|true|false
10:42:00.0 (35076555)|VARIABLE_ASSIGNMENT|[78]|inTask|{"Status":"Completed","LastModifiedDate":"2018-04-16T08:42:00.000Z","IsDeleted":false,"AccountId":"0011r00001nnRDqAAM","WhatId":"0061r00000vkPBBAA2","ActivityDate":"2040-04-01T00:00:00.000Z","Priority":"Normal","IsHighPriority":false,"IsClosed":true,"IsRecurrence":false,"Subject":"intento2","SystemModstamp":"2018-04-16T08:42:00.000Z","IsArchived":false,"CreatedById":"0051r000007Oz5QAAS","TaskSubtype":"Task","OwnerId":"0051r000007Oz5QAAS","CreatedDate":"2018-04-16T06:16:10.000Z","Id":"00T1r00004C75dmEAB","DB_Activity_Type__c":"Other","IsReminderSet":false,"LastModifiedById":"0051r000007Oz5QAAS"}|0x636828b1
10:42:00.0 (35095369)|STATEMENT_EXECUTE|[78]
10:42:00.0 (35098032)|STATEMENT_EXECUTE|[79]
10:42:00.0 (35101853)|HEAP_ALLOCATE|[79]|Bytes:34
10:42:00.0 (35315310)|HEAP_ALLOCATE|[79]|Bytes:984
10:42:00.0 (35333106)|HEAP_ALLOCATE|[79]|Bytes:1018
10:42:00.0 (35343697)|USER_DEBUG|[79]|DEBUG|TaskMethods.CerrarTarea.inTask :: Task:{Id=00T1r00004C75dmEAB, WhoId=null, WhatId=0061r00000vkPBBAA2, Subject=intento2, ActivityDate=2040-04-01 00:00:00, Status=Completed, Priority=Normal, IsHighPriority=false, OwnerId=0051r000007Oz5QAAS, Description=null, Type=null, IsDeleted=false, AccountId=0011r00001nnRDqAAM, IsClosed=true, CreatedDate=2018-04-16 06:16:10, CreatedById=0051r000007Oz5QAAS, LastModifiedDate=2018-04-16 08:42:00, LastModifiedById=0051r000007Oz5QAAS, SystemModstamp=2018-04-16 08:42:00, IsArchived=false, CallDurationInSeconds=null, CallType=null, CallDisposition=null, CallObject=null, ReminderDateTime=null, IsReminderSet=false, RecurrenceActivityId=null, IsRecurrence=false, RecurrenceStartDateOnly=null, RecurrenceEndDateOnly=null, RecurrenceTimeZoneSidKey=null, RecurrenceType=null, RecurrenceInterval=null, RecurrenceDayOfWeekMask=null, RecurrenceDayOfMonth=null, RecurrenceInstance=null, RecurrenceMonthOfYear=null, RecurrenceRegeneratedType=null, TaskSubtype=Task, DB_Activity_Type__c=Other}
10:42:00.0 (35439178)|EXCEPTION_THROWN|[81]|System.NullPointerException: Attempt to de-reference a null object
10:42:00.0 (35581109)|HEAP_ALLOCATE|[81]|Bytes:41
10:42:00.0 (35598415)|SYSTEM_MODE_EXIT|false
10:42:00.0 (35612935)|METHOD_EXIT|[10]|01p1r000009oS6S|TaskMethods.CerrarTarea(List<Task>)
10:42:00.0 (35682951)|FATAL_ERROR|System.NullPointerException: Attempt to de-reference a null object

Class.TaskMethods.CerrarTarea: line 81, column 1
Trigger.TaskTrigger: line 10, column 1
10:42:00.0 (35694862)|FATAL_ERROR|System.NullPointerException: Attempt to de-reference a null object

Class.TaskMethods.CerrarTarea: line 81, column 1
Trigger.TaskTrigger: line 10, column 1
10:42:00.35 (35731755)|CUMULATIVE_LIMIT_USAGE
10:42:00.35 (35731755)|LIMIT_USAGE_FOR_NS|(default)|
  Number of SOQL queries: 5 out of 100
  Number of query rows: 94 out of 50000
  Number of SOSL queries: 0 out of 20
  Number of DML statements: 0 out of 150
  Number of DML rows: 0 out of 10000
  Maximum CPU time: 0 out of 10000
  Maximum heap size: 0 out of 6000000
  Number of callouts: 0 out of 100
  Number of Email Invocations: 0 out of 10
  Number of future calls: 0 out of 50
  Number of queueable jobs added to the queue: 0 out of 50
  Number of Mobile Apex push calls: 0 out of 10

10:42:00.35 (35731755)|CUMULATIVE_LIMIT_USAGE_END

10:42:00.0 (36887121)|CODE_UNIT_FINISHED|TaskTrigger on Task trigger event AfterUpdate
10:42:00.0 (37683979)|EXECUTION_FINISHED
