36.0 APEX_CODE,FINEST;APEX_PROFILING,INFO;CALLOUT,INFO;DB,INFO;SYSTEM,DEBUG;VALIDATION,INFO;VISUALFORCE,INFO;WAVE,INFO;WORKFLOW,INFO
08:35:06.0 (386177)|USER_INFO|[EXTERNAL]|0051r000007Oz5Q|lydia.abril@gmail.com|hora estándar de Europa central|GMT+02:00
08:35:06.0 (430629)|EXECUTION_STARTED
08:35:06.0 (435957)|CODE_UNIT_STARTED|[EXTERNAL]|01q1r000000j6Yv|TaskTrigger on Task trigger event AfterUpdate
08:35:06.0 (486033)|HEAP_ALLOCATE|[EXTERNAL]|Bytes:8
08:35:06.0 (527752)|HEAP_ALLOCATE|[EXTERNAL]|Bytes:8
08:35:06.0 (928825)|HEAP_ALLOCATE|[72]|Bytes:3
08:35:06.0 (972188)|HEAP_ALLOCATE|[77]|Bytes:152
08:35:06.0 (986903)|HEAP_ALLOCATE|[342]|Bytes:408
08:35:06.0 (1000473)|HEAP_ALLOCATE|[355]|Bytes:408
08:35:06.0 (1012252)|HEAP_ALLOCATE|[467]|Bytes:48
08:35:06.0 (1038819)|HEAP_ALLOCATE|[139]|Bytes:6
08:35:06.0 (1168528)|HEAP_ALLOCATE|[EXTERNAL]|Bytes:12
08:35:06.0 (1181422)|VARIABLE_SCOPE_BEGIN|[1]|this|TaskTrigger|true|false
08:35:06.0 (1252045)|VARIABLE_ASSIGNMENT|[1]|this|{}|0x104283c3
08:35:06.0 (1312761)|HEAP_ALLOCATE|[EXTERNAL]|Bytes:12
08:35:06.0 (1361435)|VARIABLE_SCOPE_BEGIN|[1]|this|TaskTrigger|true|false
08:35:06.0 (1377131)|VARIABLE_ASSIGNMENT|[1]|this|{}|0x104283c3
08:35:06.0 (1385829)|STATEMENT_EXECUTE|[1]
08:35:06.0 (1388333)|STATEMENT_EXECUTE|[3]
08:35:06.0 (1419154)|HEAP_ALLOCATE|[50]|Bytes:5
08:35:06.0 (1444562)|HEAP_ALLOCATE|[56]|Bytes:5
08:35:06.0 (1453402)|HEAP_ALLOCATE|[64]|Bytes:7
08:35:06.0 (2440068)|VARIABLE_ASSIGNMENT|[3]|this.listNew|[{"Status":"Completed","LastModifiedDate":"2018-04-16T06:35:06.000Z","IsDeleted":false,"AccountId":"0011r00001nnRDqAAM","WhatId":"0061r00000vkPBBAA2","ActivityDate":"2040-04-01T00:00:00.000Z","Priority":"Normal","IsHighPriority":false,"IsClosed":true,"IsRecurrence":false,"Subject":"intento2","SystemModstamp":"2018-04-16T06:35:06.000Z","IsArchived":false,"CreatedById":"0051r000007Oz5QAAS","TaskSubtype":"Task","OwnerId":"0051r000007Oz5QAAS","CreatedDate":"2018-04-16T06:16:10.000Z","Id":"00T1r00004C75dmEAB","DB_Activity_Type__c":"Other","IsReminderSet":false,"LastModifiedById":"0051r000007Oz5QAAS"}]|0x104283c3
08:35:06.0 (2459867)|STATEMENT_EXECUTE|[5]
08:35:06.0 (2756034)|VARIABLE_ASSIGNMENT|[5]|this.mapOld|{"00T1r00004C75dmEAB":{"Status":"In Progress","LastModifiedDate":"2018-04-16T06:16:10.000Z","IsDeleted":false,"AccountId":"0011r00001nnRDqAAM","WhatId":"0061r00000vkPBBAA2","ActivityDate":"2040-04-01T00:00:00.000Z","Priority":"Normal","IsHighPriority":false,"IsClosed":false,"IsRecurrence":false,"Subject":"intento2","SystemModstamp":"2018-04-16T06:16:10.000Z","IsArchived":false,"CreatedById":"0051r000007Oz5QAAS","TaskSubtype":"Task","OwnerId":"0051r000007Oz5QAAS","CreatedDate":"2018-04-16T06:16:10.000Z","Id":"00T1r00004C75dmEAB","DB_Activity_Type__c":"Other","IsReminderSet":false,"LastModifiedById":"0051r000007Oz5QAAS"}}|0x104283c3
08:35:06.0 (2782401)|STATEMENT_EXECUTE|[8]
08:35:06.0 (2788160)|STATEMENT_EXECUTE|[9]
08:35:06.0 (2789752)|STATEMENT_EXECUTE|[10]
08:35:06.0 (13568849)|HEAP_ALLOCATE|[10]|Bytes:1
08:35:06.0 (13580947)|HEAP_ALLOCATE|[10]|Bytes:14
08:35:06.0 (13597644)|METHOD_ENTRY|[1]|01p1r000009oS6S|TaskMethods.TaskMethods()
08:35:06.0 (13605086)|STATEMENT_EXECUTE|[1]
08:35:06.0 (13611401)|STATEMENT_EXECUTE|[1]
08:35:06.0 (14093739)|SYSTEM_MODE_ENTER|false
08:35:06.0 (14112630)|HEAP_ALLOCATE|[10]|Bytes:5
08:35:06.0 (14122319)|SYSTEM_MODE_EXIT|false
08:35:06.0 (14133093)|METHOD_EXIT|[1]|TaskMethods
08:35:06.0 (14160696)|METHOD_ENTRY|[10]|01p1r000009oS6S|TaskMethods.CerrarTarea(List<Task>)
08:35:06.0 (14195188)|VARIABLE_SCOPE_BEGIN|[3]|listTask|List<Task>|true|false
08:35:06.0 (14484719)|VARIABLE_ASSIGNMENT|[3]|listTask|[{"Status":"Completed","LastModifiedDate":"2018-04-16T06:35:06.000Z","IsDeleted":false,"AccountId":"0011r00001nnRDqAAM","WhatId":"0061r00000vkPBBAA2","ActivityDate":"2040-04-01T00:00:00.000Z","Priority":"Normal","IsHighPriority":false,"IsClosed":true,"IsRecurrence":false,"Subject":"intento2","SystemModstamp":"2018-04-16T06:35:06.000Z","IsArchived":false,"CreatedById":"0051r000007Oz5QAAS","TaskSubtype":"Task","OwnerId":"0051r000007Oz5QAAS","CreatedDate":"2018-04-16T06:16:10.000Z","Id":"00T1r00004C75dmEAB","DB_Activity_Type__c":"Other","IsReminderSet":false,"LastModifiedById":"0051r000007Oz5QAAS"}]|0x543926a1
08:35:06.0 (14509849)|SYSTEM_MODE_ENTER|false
08:35:06.0 (14516916)|HEAP_ALLOCATE|[5]|Bytes:5
08:35:06.0 (14522625)|STATEMENT_EXECUTE|[3]
08:35:06.0 (14607844)|STATEMENT_EXECUTE|[5]
08:35:06.0 (14610199)|STATEMENT_EXECUTE|[8]
08:35:06.0 (14666187)|HEAP_ALLOCATE|[8]|Bytes:4
08:35:06.0 (14674202)|HEAP_ALLOCATE|[8]|Bytes:22
08:35:06.0 (14682798)|HEAP_ALLOCATE|[8]|Bytes:4
08:35:06.0 (14833378)|SOQL_EXECUTE_BEGIN|[8]|Aggregations:0|SELECT Id FROM Account
08:35:06.0 (17565541)|SOQL_EXECUTE_END|[8]|Rows:19
08:35:06.0 (17586758)|HEAP_ALLOCATE|[8]|Bytes:80
08:35:06.0 (17615315)|HEAP_ALLOCATE|[8]|Bytes:551
08:35:06.0 (17657966)|HEAP_ALLOCATE|[8]|Bytes:80
08:35:06.0 (17692573)|HEAP_ALLOCATE|[8]|Bytes:8
08:35:06.0 (17703417)|HEAP_ALLOCATE|[8]|Bytes:18
08:35:06.0 (17709271)|HEAP_ALLOCATE|[8]|Bytes:8
08:35:06.0 (17713802)|HEAP_ALLOCATE|[8]|Bytes:18
08:35:06.0 (17717000)|HEAP_ALLOCATE|[8]|Bytes:8
08:35:06.0 (17720742)|HEAP_ALLOCATE|[8]|Bytes:18
08:35:06.0 (17724231)|HEAP_ALLOCATE|[8]|Bytes:8
08:35:06.0 (17728154)|HEAP_ALLOCATE|[8]|Bytes:18
08:35:06.0 (17731258)|HEAP_ALLOCATE|[8]|Bytes:8
08:35:06.0 (17735466)|HEAP_ALLOCATE|[8]|Bytes:18
08:35:06.0 (17738733)|HEAP_ALLOCATE|[8]|Bytes:8
08:35:06.0 (17742477)|HEAP_ALLOCATE|[8]|Bytes:18
08:35:06.0 (17745692)|HEAP_ALLOCATE|[8]|Bytes:8
08:35:06.0 (17749647)|HEAP_ALLOCATE|[8]|Bytes:18
08:35:06.0 (17752811)|HEAP_ALLOCATE|[8]|Bytes:8
08:35:06.0 (17756810)|HEAP_ALLOCATE|[8]|Bytes:18
08:35:06.0 (17759843)|HEAP_ALLOCATE|[8]|Bytes:8
08:35:06.0 (17763489)|HEAP_ALLOCATE|[8]|Bytes:18
08:35:06.0 (17766520)|HEAP_ALLOCATE|[8]|Bytes:8
08:35:06.0 (17770269)|HEAP_ALLOCATE|[8]|Bytes:18
08:35:06.0 (17773528)|HEAP_ALLOCATE|[8]|Bytes:8
08:35:06.0 (17777409)|HEAP_ALLOCATE|[8]|Bytes:18
08:35:06.0 (17780468)|HEAP_ALLOCATE|[8]|Bytes:8
08:35:06.0 (17784210)|HEAP_ALLOCATE|[8]|Bytes:18
08:35:06.0 (17787236)|HEAP_ALLOCATE|[8]|Bytes:8
08:35:06.0 (17790959)|HEAP_ALLOCATE|[8]|Bytes:18
08:35:06.0 (17794510)|HEAP_ALLOCATE|[8]|Bytes:8
08:35:06.0 (17798525)|HEAP_ALLOCATE|[8]|Bytes:18
08:35:06.0 (17801521)|HEAP_ALLOCATE|[8]|Bytes:8
08:35:06.0 (17805182)|HEAP_ALLOCATE|[8]|Bytes:18
08:35:06.0 (17808172)|HEAP_ALLOCATE|[8]|Bytes:8
08:35:06.0 (17811823)|HEAP_ALLOCATE|[8]|Bytes:18
08:35:06.0 (17814832)|HEAP_ALLOCATE|[8]|Bytes:8
08:35:06.0 (17818492)|HEAP_ALLOCATE|[8]|Bytes:18
08:35:06.0 (17821468)|HEAP_ALLOCATE|[8]|Bytes:8
08:35:06.0 (17825158)|HEAP_ALLOCATE|[8]|Bytes:18
08:35:06.0 (17828278)|HEAP_ALLOCATE|[8]|Bytes:8
08:35:06.0 (17832028)|HEAP_ALLOCATE|[8]|Bytes:18
08:35:06.0 (17841779)|VARIABLE_SCOPE_BEGIN|[8]|mapAllAccounts|Map<String,Account>|true|false
08:35:06.0 (17864407)|VARIABLE_ASSIGNMENT|[8]|mapAllAccounts|"Map of size 19 too large to display"|0x438faa05
08:35:06.0 (17871948)|STATEMENT_EXECUTE|[9]
08:35:06.0 (17915440)|HEAP_ALLOCATE|[9]|Bytes:4
08:35:06.0 (17922233)|HEAP_ALLOCATE|[9]|Bytes:26
08:35:06.0 (17929637)|HEAP_ALLOCATE|[9]|Bytes:4
08:35:06.0 (18018250)|SOQL_EXECUTE_BEGIN|[9]|Aggregations:0|SELECT Id FROM Opportunity
08:35:06.0 (19723653)|SOQL_EXECUTE_END|[9]|Rows:53
08:35:06.0 (19743135)|HEAP_ALLOCATE|[9]|Bytes:216
08:35:06.0 (19783003)|HEAP_ALLOCATE|[9]|Bytes:1537
08:35:06.0 (19843140)|HEAP_ALLOCATE|[9]|Bytes:216
08:35:06.0 (19882287)|HEAP_ALLOCATE|[9]|Bytes:8
08:35:06.0 (19895833)|HEAP_ALLOCATE|[9]|Bytes:18
08:35:06.0 (19902499)|HEAP_ALLOCATE|[9]|Bytes:8
08:35:06.0 (19906910)|HEAP_ALLOCATE|[9]|Bytes:18
08:35:06.0 (19910255)|HEAP_ALLOCATE|[9]|Bytes:8
08:35:06.0 (19914052)|HEAP_ALLOCATE|[9]|Bytes:18
08:35:06.0 (19927599)|HEAP_ALLOCATE|[9]|Bytes:8
08:35:06.0 (19933033)|HEAP_ALLOCATE|[9]|Bytes:18
08:35:06.0 (19936866)|HEAP_ALLOCATE|[9]|Bytes:8
08:35:06.0 (19940929)|HEAP_ALLOCATE|[9]|Bytes:18
08:35:06.0 (19944016)|HEAP_ALLOCATE|[9]|Bytes:8
08:35:06.0 (19947749)|HEAP_ALLOCATE|[9]|Bytes:18
08:35:06.0 (19951020)|HEAP_ALLOCATE|[9]|Bytes:8
08:35:06.0 (19955289)|HEAP_ALLOCATE|[9]|Bytes:18
08:35:06.0 (19958540)|HEAP_ALLOCATE|[9]|Bytes:8
08:35:06.0 (19962307)|HEAP_ALLOCATE|[9]|Bytes:18
08:35:06.0 (19965271)|HEAP_ALLOCATE|[9]|Bytes:8
08:35:06.0 (19969054)|HEAP_ALLOCATE|[9]|Bytes:18
08:35:06.0 (19971999)|HEAP_ALLOCATE|[9]|Bytes:8
08:35:06.0 (19975723)|HEAP_ALLOCATE|[9]|Bytes:18
08:35:06.0 (19978718)|HEAP_ALLOCATE|[9]|Bytes:8
08:35:06.0 (19982460)|HEAP_ALLOCATE|[9]|Bytes:18
08:35:06.0 (19985518)|HEAP_ALLOCATE|[9]|Bytes:8
08:35:06.0 (19989263)|HEAP_ALLOCATE|[9]|Bytes:18
08:35:06.0 (19992220)|HEAP_ALLOCATE|[9]|Bytes:8
08:35:06.0 (19996029)|HEAP_ALLOCATE|[9]|Bytes:18
08:35:06.0 (19999613)|HEAP_ALLOCATE|[9]|Bytes:8
08:35:06.0 (20003344)|HEAP_ALLOCATE|[9]|Bytes:18
08:35:06.0 (20006995)|HEAP_ALLOCATE|[9]|Bytes:8
08:35:06.0 (20010885)|HEAP_ALLOCATE|[9]|Bytes:18
08:35:06.0 (20014078)|HEAP_ALLOCATE|[9]|Bytes:8
08:35:06.0 (20018053)|HEAP_ALLOCATE|[9]|Bytes:18
08:35:06.0 (20021462)|HEAP_ALLOCATE|[9]|Bytes:8
08:35:06.0 (20025330)|HEAP_ALLOCATE|[9]|Bytes:18
08:35:06.0 (20028485)|HEAP_ALLOCATE|[9]|Bytes:8
08:35:06.0 (20032889)|HEAP_ALLOCATE|[9]|Bytes:18
08:35:06.0 (20036022)|HEAP_ALLOCATE|[9]|Bytes:8
08:35:06.0 (20040385)|HEAP_ALLOCATE|[9]|Bytes:18
08:35:06.0 (20043383)|HEAP_ALLOCATE|[9]|Bytes:8
08:35:06.0 (20047070)|HEAP_ALLOCATE|[9]|Bytes:18
08:35:06.0 (20050014)|HEAP_ALLOCATE|[9]|Bytes:8
08:35:06.0 (20053698)|HEAP_ALLOCATE|[9]|Bytes:18
08:35:06.0 (20056670)|HEAP_ALLOCATE|[9]|Bytes:8
08:35:06.0 (20060425)|HEAP_ALLOCATE|[9]|Bytes:18
08:35:06.0 (20063469)|HEAP_ALLOCATE|[9]|Bytes:8
08:35:06.0 (20067304)|HEAP_ALLOCATE|[9]|Bytes:18
08:35:06.0 (20070613)|HEAP_ALLOCATE|[9]|Bytes:8
08:35:06.0 (20074347)|HEAP_ALLOCATE|[9]|Bytes:18
08:35:06.0 (20077356)|HEAP_ALLOCATE|[9]|Bytes:8
08:35:06.0 (20081029)|HEAP_ALLOCATE|[9]|Bytes:18
08:35:06.0 (20084777)|HEAP_ALLOCATE|[9]|Bytes:8
08:35:06.0 (20088556)|HEAP_ALLOCATE|[9]|Bytes:18
08:35:06.0 (20091580)|HEAP_ALLOCATE|[9]|Bytes:8
08:35:06.0 (20095305)|HEAP_ALLOCATE|[9]|Bytes:18
08:35:06.0 (20098230)|HEAP_ALLOCATE|[9]|Bytes:8
08:35:06.0 (20102088)|HEAP_ALLOCATE|[9]|Bytes:18
08:35:06.0 (20105333)|HEAP_ALLOCATE|[9]|Bytes:8
08:35:06.0 (20109114)|HEAP_ALLOCATE|[9]|Bytes:18
08:35:06.0 (20112385)|HEAP_ALLOCATE|[9]|Bytes:8
08:35:06.0 (20116296)|HEAP_ALLOCATE|[9]|Bytes:18
08:35:06.0 (20119238)|HEAP_ALLOCATE|[9]|Bytes:8
08:35:06.0 (20123027)|HEAP_ALLOCATE|[9]|Bytes:18
08:35:06.0 (20126143)|HEAP_ALLOCATE|[9]|Bytes:8
08:35:06.0 (20129833)|HEAP_ALLOCATE|[9]|Bytes:18
08:35:06.0 (20133116)|HEAP_ALLOCATE|[9]|Bytes:8
08:35:06.0 (20136818)|HEAP_ALLOCATE|[9]|Bytes:18
08:35:06.0 (20139766)|HEAP_ALLOCATE|[9]|Bytes:8
08:35:06.0 (20143481)|HEAP_ALLOCATE|[9]|Bytes:18
08:35:06.0 (20146534)|HEAP_ALLOCATE|[9]|Bytes:8
08:35:06.0 (20150377)|HEAP_ALLOCATE|[9]|Bytes:18
08:35:06.0 (20153803)|HEAP_ALLOCATE|[9]|Bytes:8
08:35:06.0 (20157531)|HEAP_ALLOCATE|[9]|Bytes:18
08:35:06.0 (20160528)|HEAP_ALLOCATE|[9]|Bytes:8
08:35:06.0 (20164470)|HEAP_ALLOCATE|[9]|Bytes:18
08:35:06.0 (20167559)|HEAP_ALLOCATE|[9]|Bytes:8
08:35:06.0 (20171244)|HEAP_ALLOCATE|[9]|Bytes:18
08:35:06.0 (20174284)|HEAP_ALLOCATE|[9]|Bytes:8
08:35:06.0 (20178271)|HEAP_ALLOCATE|[9]|Bytes:18
08:35:06.0 (20181245)|HEAP_ALLOCATE|[9]|Bytes:8
08:35:06.0 (20185058)|HEAP_ALLOCATE|[9]|Bytes:18
08:35:06.0 (20188071)|HEAP_ALLOCATE|[9]|Bytes:8
08:35:06.0 (20191810)|HEAP_ALLOCATE|[9]|Bytes:18
08:35:06.0 (20194811)|HEAP_ALLOCATE|[9]|Bytes:8
08:35:06.0 (20198536)|HEAP_ALLOCATE|[9]|Bytes:18
08:35:06.0 (20201510)|HEAP_ALLOCATE|[9]|Bytes:8
08:35:06.0 (20205189)|HEAP_ALLOCATE|[9]|Bytes:18
08:35:06.0 (20208334)|HEAP_ALLOCATE|[9]|Bytes:8
08:35:06.0 (20212052)|HEAP_ALLOCATE|[9]|Bytes:18
08:35:06.0 (20215004)|HEAP_ALLOCATE|[9]|Bytes:8
08:35:06.0 (20218765)|HEAP_ALLOCATE|[9]|Bytes:18
08:35:06.0 (20221848)|HEAP_ALLOCATE|[9]|Bytes:8
08:35:06.0 (20225537)|HEAP_ALLOCATE|[9]|Bytes:18
08:35:06.0 (20228558)|HEAP_ALLOCATE|[9]|Bytes:8
08:35:06.0 (20232308)|HEAP_ALLOCATE|[9]|Bytes:18
08:35:06.0 (20235622)|HEAP_ALLOCATE|[9]|Bytes:8
08:35:06.0 (20239309)|HEAP_ALLOCATE|[9]|Bytes:18
08:35:06.0 (20242340)|HEAP_ALLOCATE|[9]|Bytes:8
08:35:06.0 (20246107)|HEAP_ALLOCATE|[9]|Bytes:18
08:35:06.0 (20250510)|HEAP_ALLOCATE|[9]|Bytes:8
08:35:06.0 (20254619)|HEAP_ALLOCATE|[9]|Bytes:18
08:35:06.0 (20257735)|HEAP_ALLOCATE|[9]|Bytes:8
08:35:06.0 (20261875)|HEAP_ALLOCATE|[9]|Bytes:18
08:35:06.0 (20265006)|HEAP_ALLOCATE|[9]|Bytes:8
08:35:06.0 (20268755)|HEAP_ALLOCATE|[9]|Bytes:18
08:35:06.0 (20272107)|HEAP_ALLOCATE|[9]|Bytes:8
08:35:06.0 (20275984)|HEAP_ALLOCATE|[9]|Bytes:18
08:35:06.0 (20284996)|VARIABLE_SCOPE_BEGIN|[9]|mapAllOportunities|Map<String,Opportunity>|true|false
08:35:06.0 (20311238)|VARIABLE_ASSIGNMENT|[9]|mapAllOportunities|"Map of size 53 too large to display"|0x4f6d020c
08:35:06.0 (20318449)|STATEMENT_EXECUTE|[12]
08:35:06.0 (20334777)|HEAP_ALLOCATE|[12]|Bytes:4
08:35:06.0 (20376812)|VARIABLE_SCOPE_BEGIN|[12]|listAccountUpdate|List<Account>|true|false
08:35:06.0 (20387063)|HEAP_ALLOCATE|[EXTERNAL]|Bytes:4
08:35:06.0 (20395265)|VARIABLE_ASSIGNMENT|[12]|listAccountUpdate|[]|0x2603887
08:35:06.0 (20401785)|STATEMENT_EXECUTE|[13]
08:35:06.0 (20412362)|HEAP_ALLOCATE|[13]|Bytes:4
08:35:06.0 (20439220)|VARIABLE_SCOPE_BEGIN|[13]|listOpportunityUpdate|List<Opportunity>|true|false
08:35:06.0 (20447557)|HEAP_ALLOCATE|[EXTERNAL]|Bytes:4
08:35:06.0 (20453261)|VARIABLE_ASSIGNMENT|[13]|listOpportunityUpdate|[]|0x3bc1327c
08:35:06.0 (20458778)|STATEMENT_EXECUTE|[16]
08:35:06.0 (20475864)|HEAP_ALLOCATE|[16]|Bytes:4
08:35:06.0 (20501857)|VARIABLE_SCOPE_BEGIN|[16]|listAccountIds|Set<String>|true|false
08:35:06.0 (20529217)|VARIABLE_ASSIGNMENT|[16]|listAccountIds|[]|0xce36da0
08:35:06.0 (20535710)|STATEMENT_EXECUTE|[17]
08:35:06.0 (20542526)|HEAP_ALLOCATE|[17]|Bytes:4
08:35:06.0 (20558935)|VARIABLE_SCOPE_BEGIN|[17]|listOpportunityIds|Set<String>|true|false
08:35:06.0 (20572425)|VARIABLE_ASSIGNMENT|[17]|listOpportunityIds|[]|0x2bb97352
08:35:06.0 (20578415)|STATEMENT_EXECUTE|[20]
08:35:06.0 (20658549)|USER_DEBUG|[20]|DEBUG|{0011r00001mvH7iAAE=Account:{Id=0011r00001mvH7iAAE}, 0011r00001mvH7jAAE=Account:{Id=0011r00001mvH7jAAE}, 0011r00001mvH7kAAE=Account:{Id=0011r00001mvH7kAAE}, 0011r00001mvH7lAAE=Account:{Id=0011r00001mvH7lAAE}, 0011r00001mvH7mAAE=Account:{Id=0011r00001mvH7mAAE}, 0011r00001mvH7nAAE=Account:{Id=0011r00001mvH7nAAE}, 0011r00001mvH7oAAE=Account:{Id=0011r00001mvH7oAAE}, 0011r00001mvH7pAAE=Account:{Id=0011r00001mvH7pAAE}, 0011r00001mvH7qAAE=Account:{Id=0011r00001mvH7qAAE}, 0011r00001mvH7rAAE=Account:{Id=0011r00001mvH7rAAE}, ...}
08:35:06.0 (20814915)|HEAP_ALLOCATE|[23]|Bytes:5
08:35:06.0 (20866009)|VARIABLE_SCOPE_BEGIN|[23]|inTask|Task|true|false
08:35:06.0 (21077780)|VARIABLE_ASSIGNMENT|[23]|inTask|{"Status":"Completed","LastModifiedDate":"2018-04-16T06:35:06.000Z","IsDeleted":false,"AccountId":"0011r00001nnRDqAAM","WhatId":"0061r00000vkPBBAA2","ActivityDate":"2040-04-01T00:00:00.000Z","Priority":"Normal","IsHighPriority":false,"IsClosed":true,"IsRecurrence":false,"Subject":"intento2","SystemModstamp":"2018-04-16T06:35:06.000Z","IsArchived":false,"CreatedById":"0051r000007Oz5QAAS","TaskSubtype":"Task","OwnerId":"0051r000007Oz5QAAS","CreatedDate":"2018-04-16T06:16:10.000Z","Id":"00T1r00004C75dmEAB","DB_Activity_Type__c":"Other","IsReminderSet":false,"LastModifiedById":"0051r000007Oz5QAAS"}|0x1a7e471f
08:35:06.0 (21093343)|STATEMENT_EXECUTE|[23]
08:35:06.0 (21095425)|STATEMENT_EXECUTE|[25]
08:35:06.0 (21324610)|USER_DEBUG|[25]|DEBUG|Task:{Id=00T1r00004C75dmEAB, WhoId=null, WhatId=0061r00000vkPBBAA2, Subject=intento2, ActivityDate=2040-04-01 00:00:00, Status=Completed, Priority=Normal, IsHighPriority=false, OwnerId=0051r000007Oz5QAAS, Description=null, Type=null, IsDeleted=false, AccountId=0011r00001nnRDqAAM, IsClosed=true, CreatedDate=2018-04-16 06:16:10, CreatedById=0051r000007Oz5QAAS, LastModifiedDate=2018-04-16 06:35:06, LastModifiedById=0051r000007Oz5QAAS, SystemModstamp=2018-04-16 06:35:06, IsArchived=false, CallDurationInSeconds=null, CallType=null, CallDisposition=null, CallObject=null, ReminderDateTime=null, IsReminderSet=false, RecurrenceActivityId=null, IsRecurrence=false, RecurrenceStartDateOnly=null, RecurrenceEndDateOnly=null, RecurrenceTimeZoneSidKey=null, RecurrenceType=null, RecurrenceInterval=null, RecurrenceDayOfWeekMask=null, RecurrenceDayOfMonth=null, RecurrenceInstance=null, RecurrenceMonthOfYear=null, RecurrenceRegeneratedType=null, TaskSubtype=Task, DB_Activity_Type__c=Other}
08:35:06.0 (21364411)|HEAP_ALLOCATE|[27]|Bytes:9
08:35:06.0 (21388314)|STATEMENT_EXECUTE|[27]
08:35:06.0 (21485519)|STATEMENT_EXECUTE|[31]
08:35:06.0 (21488116)|STATEMENT_EXECUTE|[32]
08:35:06.0 (21516551)|HEAP_ALLOCATE|[EXTERNAL]|Bytes:4
08:35:06.0 (21535711)|HEAP_ALLOCATE|[23]|Bytes:5
08:35:06.0 (21552095)|VARIABLE_ASSIGNMENT|[23]|inTask|null|
08:35:06.0 (21557969)|STATEMENT_EXECUTE|[37]
08:35:06.0 (21575673)|USER_DEBUG|[37]|DEBUG|{}
08:35:06.0 (21583571)|STATEMENT_EXECUTE|[40]
08:35:06.0 (21601157)|HEAP_ALLOCATE|[40]|Bytes:4
08:35:06.0 (21607308)|HEAP_ALLOCATE|[40]|Bytes:159
08:35:06.0 (21614980)|HEAP_ALLOCATE|[40]|Bytes:4
08:35:06.0 (21620800)|HEAP_ALLOCATE|[40]|Bytes:7
08:35:06.0 (21630212)|HEAP_ALLOCATE|[40]|Bytes:7
08:35:06.0 (21648869)|HEAP_ALLOCATE|[40]|Bytes:4
08:35:06.0 (21655839)|HEAP_ALLOCATE|[40]|Bytes:4
08:35:06.0 (21660788)|HEAP_ALLOCATE|[40]|Bytes:8
08:35:06.0 (21666533)|HEAP_ALLOCATE|[40]|Bytes:8
08:35:06.0 (21930403)|SOQL_EXECUTE_BEGIN|[40]|Aggregations:0|SELECT Id, Fecha_ltima_actividad_m_s_reciente__c, ParentId FROM Account WHERE (id = :tmpVar1 AND Id IN (SELECT AccountId FROM Opportunity WHERE id = :tmpVar2))
08:35:06.0 (25793020)|SOQL_EXECUTE_END|[40]|Rows:0
08:35:06.0 (25814703)|HEAP_ALLOCATE|[40]|Bytes:4
08:35:06.0 (25824694)|HEAP_ALLOCATE|[40]|Bytes:0
08:35:06.0 (25850788)|HEAP_ALLOCATE|[40]|Bytes:4
08:35:06.0 (25866957)|VARIABLE_SCOPE_BEGIN|[40]|mapAccountPrueba|Map<String,Account>|true|false
08:35:06.0 (25883555)|VARIABLE_ASSIGNMENT|[40]|mapAccountPrueba|{}|0x1f1447b0
08:35:06.0 (25891041)|STATEMENT_EXECUTE|[48]
08:35:06.0 (25905066)|HEAP_ALLOCATE|[48]|Bytes:4
08:35:06.0 (25910916)|HEAP_ALLOCATE|[48]|Bytes:57
08:35:06.0 (25918259)|HEAP_ALLOCATE|[48]|Bytes:4
08:35:06.0 (25944235)|HEAP_ALLOCATE|[48]|Bytes:8
08:35:06.0 (25951641)|HEAP_ALLOCATE|[48]|Bytes:8
08:35:06.0 (26069469)|SOQL_EXECUTE_BEGIN|[48]|Aggregations:0|SELECT Id, AccountId FROM Opportunity WHERE id = :tmpVar1
08:35:06.0 (30401608)|SOQL_EXECUTE_END|[48]|Rows:1
08:35:06.0 (30420514)|HEAP_ALLOCATE|[48]|Bytes:8
08:35:06.0 (30433036)|HEAP_ALLOCATE|[48]|Bytes:60
08:35:06.0 (30460456)|HEAP_ALLOCATE|[48]|Bytes:8
08:35:06.0 (30481519)|HEAP_ALLOCATE|[48]|Bytes:12
08:35:06.0 (30491083)|HEAP_ALLOCATE|[48]|Bytes:18
08:35:06.0 (30498663)|VARIABLE_SCOPE_BEGIN|[48]|mapOportunity|Map<String,Opportunity>|true|false
08:35:06.0 (30523731)|VARIABLE_ASSIGNMENT|[48]|mapOportunity|{"0061r00000vkPBBAA2":{"Id":"0061r00000vkPBBAA2","AccountId":"0011r00001nnRDqAAM"}}|0x1d491cef
08:35:06.0 (30547301)|HEAP_ALLOCATE|[51]|Bytes:4
08:35:06.0 (30585526)|HEAP_ALLOCATE|[51]|Bytes:4
08:35:06.0 (30615810)|HEAP_ALLOCATE|[51]|Bytes:5
08:35:06.0 (30632859)|VARIABLE_SCOPE_BEGIN|[51]|idOportunity|String|false|false
08:35:06.0 (30643961)|VARIABLE_ASSIGNMENT|[51]|idOportunity|"0061r00000vkPBBAA2"
08:35:06.0 (30650018)|STATEMENT_EXECUTE|[51]
08:35:06.0 (30652497)|STATEMENT_EXECUTE|[52]
08:35:06.0 (30723516)|HEAP_ALLOCATE|[EXTERNAL]|Bytes:4
08:35:06.0 (30739354)|HEAP_ALLOCATE|[51]|Bytes:5
08:35:06.0 (30750609)|VARIABLE_ASSIGNMENT|[51]|idOportunity|null
08:35:06.0 (30756664)|STATEMENT_EXECUTE|[58]
08:35:06.0 (30772352)|HEAP_ALLOCATE|[58]|Bytes:4
08:35:06.0 (30778449)|HEAP_ALLOCATE|[58]|Bytes:91
08:35:06.0 (30785773)|HEAP_ALLOCATE|[58]|Bytes:4
08:35:06.0 (30811030)|HEAP_ALLOCATE|[58]|Bytes:8
08:35:06.0 (30818619)|HEAP_ALLOCATE|[58]|Bytes:8
08:35:06.0 (30952218)|SOQL_EXECUTE_BEGIN|[58]|Aggregations:0|SELECT Id, Fecha_ltima_actividad_m_s_reciente__c, ParentId FROM Account WHERE id = :tmpVar1
08:35:06.0 (41888217)|SOQL_EXECUTE_END|[58]|Rows:1
08:35:06.0 (41921151)|HEAP_ALLOCATE|[58]|Bytes:8
08:35:06.0 (41939508)|HEAP_ALLOCATE|[58]|Bytes:104
08:35:06.0 (41977295)|HEAP_ALLOCATE|[58]|Bytes:8
08:35:06.0 (42000547)|HEAP_ALLOCATE|[58]|Bytes:16
08:35:06.0 (42011748)|HEAP_ALLOCATE|[58]|Bytes:18
08:35:06.0 (42021627)|VARIABLE_SCOPE_BEGIN|[58]|mapAccount|Map<String,Account>|true|false
08:35:06.0 (42074699)|VARIABLE_ASSIGNMENT|[58]|mapAccount|{"0011r00001nnRDqAAM":{"Id":"0011r00001nnRDqAAM","Fecha_ltima_activida (17 more) ...":"2020-04-01T00:00:00.000Z","ParentId":"0011r00001mvH7mAAE"}}|0xea697bc
08:35:06.0 (42089118)|STATEMENT_EXECUTE|[60]
08:35:06.0 (42095257)|HEAP_ALLOCATE|[60]|Bytes:38
08:35:06.0 (42239925)|HEAP_ALLOCATE|[60]|Bytes:140
08:35:06.0 (42264167)|HEAP_ALLOCATE|[60]|Bytes:178
08:35:06.0 (42285105)|USER_DEBUG|[60]|DEBUG|TaskMethods.CerrarTarea.mapAccount :: {0011r00001nnRDqAAM=Account:{Id=0011r00001nnRDqAAM, Fecha_ltima_actividad_m_s_reciente__c=2020-04-01 00:00:00, ParentId=0011r00001mvH7mAAE}}
08:35:06.0 (42348956)|HEAP_ALLOCATE|[63]|Bytes:5
08:35:06.0 (42379881)|VARIABLE_SCOPE_BEGIN|[63]|inTask|Task|true|false
08:35:06.0 (42652118)|VARIABLE_ASSIGNMENT|[63]|inTask|{"Status":"Completed","LastModifiedDate":"2018-04-16T06:35:06.000Z","IsDeleted":false,"AccountId":"0011r00001nnRDqAAM","WhatId":"0061r00000vkPBBAA2","ActivityDate":"2040-04-01T00:00:00.000Z","Priority":"Normal","IsHighPriority":false,"IsClosed":true,"IsRecurrence":false,"Subject":"intento2","SystemModstamp":"2018-04-16T06:35:06.000Z","IsArchived":false,"CreatedById":"0051r000007Oz5QAAS","TaskSubtype":"Task","OwnerId":"0051r000007Oz5QAAS","CreatedDate":"2018-04-16T06:16:10.000Z","Id":"00T1r00004C75dmEAB","DB_Activity_Type__c":"Other","IsReminderSet":false,"LastModifiedById":"0051r000007Oz5QAAS"}|0x1a7e471f
08:35:06.0 (42668370)|STATEMENT_EXECUTE|[63]
08:35:06.0 (42670611)|STATEMENT_EXECUTE|[64]
08:35:06.0 (42674434)|HEAP_ALLOCATE|[64]|Bytes:34
08:35:06.0 (42955130)|HEAP_ALLOCATE|[64]|Bytes:984
08:35:06.0 (42975936)|HEAP_ALLOCATE|[64]|Bytes:1018
08:35:06.0 (42987712)|USER_DEBUG|[64]|DEBUG|TaskMethods.CerrarTarea.inTask :: Task:{Id=00T1r00004C75dmEAB, WhoId=null, WhatId=0061r00000vkPBBAA2, Subject=intento2, ActivityDate=2040-04-01 00:00:00, Status=Completed, Priority=Normal, IsHighPriority=false, OwnerId=0051r000007Oz5QAAS, Description=null, Type=null, IsDeleted=false, AccountId=0011r00001nnRDqAAM, IsClosed=true, CreatedDate=2018-04-16 06:16:10, CreatedById=0051r000007Oz5QAAS, LastModifiedDate=2018-04-16 06:35:06, LastModifiedById=0051r000007Oz5QAAS, SystemModstamp=2018-04-16 06:35:06, IsArchived=false, CallDurationInSeconds=null, CallType=null, CallDisposition=null, CallObject=null, ReminderDateTime=null, IsReminderSet=false, RecurrenceActivityId=null, IsRecurrence=false, RecurrenceStartDateOnly=null, RecurrenceEndDateOnly=null, RecurrenceTimeZoneSidKey=null, RecurrenceType=null, RecurrenceInterval=null, RecurrenceDayOfWeekMask=null, RecurrenceDayOfMonth=null, RecurrenceInstance=null, RecurrenceMonthOfYear=null, RecurrenceRegeneratedType=null, TaskSubtype=Task, DB_Activity_Type__c=Other}
08:35:06.0 (43101242)|EXCEPTION_THROWN|[66]|System.NullPointerException: Attempt to de-reference a null object
08:35:06.0 (43248274)|HEAP_ALLOCATE|[66]|Bytes:41
08:35:06.0 (43266970)|SYSTEM_MODE_EXIT|false
08:35:06.0 (43284591)|METHOD_EXIT|[10]|01p1r000009oS6S|TaskMethods.CerrarTarea(List<Task>)
08:35:06.0 (43385561)|FATAL_ERROR|System.NullPointerException: Attempt to de-reference a null object

Class.TaskMethods.CerrarTarea: line 66, column 1
Trigger.TaskTrigger: line 10, column 1
08:35:06.0 (43408906)|FATAL_ERROR|System.NullPointerException: Attempt to de-reference a null object

Class.TaskMethods.CerrarTarea: line 66, column 1
Trigger.TaskTrigger: line 10, column 1
08:35:06.43 (43447638)|CUMULATIVE_LIMIT_USAGE
08:35:06.43 (43447638)|LIMIT_USAGE_FOR_NS|(default)|
  Number of SOQL queries: 5 out of 100
  Number of query rows: 74 out of 50000
  Number of SOSL queries: 0 out of 20
  Number of DML statements: 0 out of 150
  Number of DML rows: 0 out of 10000
  Maximum CPU time: 0 out of 10000
  Maximum heap size: 0 out of 6000000
  Number of callouts: 0 out of 100
  Number of Email Invocations: 0 out of 10
  Number of future calls: 0 out of 50
  Number of queueable jobs added to the queue: 0 out of 50
  Number of Mobile Apex push calls: 0 out of 10

08:35:06.43 (43447638)|CUMULATIVE_LIMIT_USAGE_END

08:35:06.0 (45140386)|CODE_UNIT_FINISHED|TaskTrigger on Task trigger event AfterUpdate
08:35:06.0 (46299810)|EXECUTION_FINISHED
