33.0 APEX_CODE,FINEST;APEX_PROFILING,INFO;CALLOUT,INFO;DB,INFO;SYSTEM,DEBUG;VALIDATION,INFO;VISUALFORCE,INFO;WAVE,INFO;WORKFLOW,INFO
Execute Anonymous: Account a  = new Account(name='a',Type='Prospect',NumberOfEmployees=501);insert a;Id uid = UserInfo.getUserId();Approval.ProcessSubmitRequest submit1 = new Approval.ProcessSubmitRequest();submit1.setComments('Submitting');submit1.setObjectId(a.Id);submit1.setSubmitterId(uid);submit1.setProcessDefinitionNameOrId('Approve_New_Account');Approval.ProcessResult submitResult = Approval.process(submit1);System.assert(false,'rock on with your bad self');
10:23:56.1 (1481477)|USER_INFO|[EXTERNAL]|0051r000007Oz5Q|lydia.abril@gmail.com|hora estándar de Europa central|GMT+02:00
10:23:56.1 (1503216)|EXECUTION_STARTED
10:23:56.1 (1506606)|CODE_UNIT_STARTED|[EXTERNAL]|execute_anonymous_apex
10:23:56.1 (1637050)|VARIABLE_SCOPE_BEGIN|[1]|a|Account|true|false
10:23:56.1 (1679153)|VARIABLE_SCOPE_BEGIN|[1]|submit1|Approval.ProcessSubmitRequest|true|false
10:23:56.1 (1694717)|VARIABLE_SCOPE_BEGIN|[1]|submitResult|Approval.ProcessResult|true|false
10:23:56.1 (1712678)|VARIABLE_SCOPE_BEGIN|[1]|uid|Id|false|false
10:23:56.1 (1821863)|HEAP_ALLOCATE|[72]|Bytes:3
10:23:56.1 (1857353)|HEAP_ALLOCATE|[77]|Bytes:152
10:23:56.1 (1873552)|HEAP_ALLOCATE|[342]|Bytes:408
10:23:56.1 (1886772)|HEAP_ALLOCATE|[355]|Bytes:408
10:23:56.1 (1897640)|HEAP_ALLOCATE|[467]|Bytes:48
10:23:56.1 (1929849)|HEAP_ALLOCATE|[139]|Bytes:6
10:23:56.1 (1944192)|HEAP_ALLOCATE|[EXTERNAL]|Bytes:1
10:23:56.1 (2090946)|STATEMENT_EXECUTE|[1]
10:23:56.1 (2094584)|STATEMENT_EXECUTE|[1]
10:23:56.1 (2119932)|HEAP_ALLOCATE|[1]|Bytes:4
10:23:56.1 (2195206)|HEAP_ALLOCATE|[1]|Bytes:1
10:23:56.1 (2253491)|VARIABLE_ASSIGNMENT|[1]|this.Name|"a"|0x586811ca
10:23:56.1 (2268053)|HEAP_ALLOCATE|[1]|Bytes:8
10:23:56.1 (2301186)|VARIABLE_ASSIGNMENT|[1]|this.Type|"Prospect"|0x586811ca
10:23:56.1 (2333210)|VARIABLE_ASSIGNMENT|[1]|this.NumberOfEmployees|501|0x586811ca
10:23:56.1 (2392306)|VARIABLE_ASSIGNMENT|[1]|a|{"Name":"a","Type":"Prospect","NumberOfEmployees":501}|0x586811ca
10:23:56.1 (2404342)|STATEMENT_EXECUTE|[1]
10:23:56.1 (2447118)|HEAP_ALLOCATE|[50]|Bytes:5
10:23:56.1 (2473241)|HEAP_ALLOCATE|[56]|Bytes:5
10:23:56.1 (2485761)|HEAP_ALLOCATE|[64]|Bytes:7
10:23:56.1 (2531832)|HEAP_ALLOCATE|[1]|Bytes:8
10:23:56.1 (2549151)|DML_BEGIN|[1]|Op:Insert|Type:Account|Rows:1
10:23:56.1 (2596815)|HEAP_ALLOCATE|[EXTERNAL]|Bytes:8
10:23:56.1 (15081290)|CODE_UNIT_STARTED|[EXTERNAL]|DuplicateDetector
10:23:56.1 (15102378)|DUPLICATE_DETECTION_BEGIN
10:23:56.1 (15678401)|DUPLICATE_DETECTION_RULE_INVOCATION|DuplicateRuleId:0Bm1r0000018X88|DuplicateRuleName:Standard Account Duplicate Rule|DmlType:INSERT
10:23:56.1 (38328848)|DUPLICATE_DETECTION_MATCH_INVOCATION_DETAILS|EntityType:Account|ActionTaken:Allow_[Alert,Report]|DuplicateRecordIds:
10:23:56.1 (38356194)|DUPLICATE_DETECTION_MATCH_INVOCATION_SUMMARY|EntityType:Account|NumRecordsToBeSaved:1|NumRecordsToBeSavedWithDuplicates:0|NumDuplicateRecordsFound:0
10:23:56.1 (38495239)|DUPLICATE_DETECTION_END
10:23:56.1 (38502178)|CODE_UNIT_FINISHED|DuplicateDetector
10:23:56.1 (71130569)|CODE_UNIT_STARTED|[EXTERNAL]|Workflow:Account
10:23:56.1 (78526016)|WF_RULE_EVAL_BEGIN|Workflow
10:23:56.1 (78568530)|WF_CRITERIA_BEGIN|[Account: a 0011r00001nohrj]|PruebaProcess3011r000000gjFE|01Q1r000000mVFX|ON_ALL_CHANGES|0
10:23:56.1 (78804341)|WF_FORMULA|Formula:ENCODED:[treatNullAsNull]true|Values:
10:23:56.1 (78813516)|WF_CRITERIA_END|true
10:23:56.1 (79493743)|WF_SPOOL_ACTION_BEGIN|Workflow
10:23:56.1 (79518563)|WF_ACTION| Flow Trigger: 1;
10:23:56.1 (79524171)|WF_RULE_EVAL_END
10:23:56.1 (80286324)|WF_FLOW_ACTION_BEGIN|09L1r000000Xt57
10:23:56.80 (80376327)|FLOW_CREATE_INTERVIEW_BEGIN|00D1r000001H7aI|3001r000000gDp4|3011r000000gjFE
10:23:56.80 (82302552)|FLOW_CREATE_INTERVIEW_END|638100097ffbfbd5585f7910cf10162d7d1eb8a-4746|PruebaProcess
10:23:56.82 (82614117)|FLOW_START_INTERVIEWS_BEGIN|1
10:23:56.82 (82638650)|FLOW_START_INTERVIEW_BEGIN|638100097ffbfbd5585f7910cf10162d7d1eb8a-4746|PruebaProcess
10:23:56.82 (84166936)|FLOW_START_INTERVIEW_END|638100097ffbfbd5585f7910cf10162d7d1eb8a-4746|PruebaProcess
10:23:56.82 (120723379)|FLOW_START_INTERVIEWS_END|1
10:23:56.1 (121731859)|WF_FLOW_ACTION_END|09L1r000000Xt57
10:23:56.1 (121824821)|WF_ACTIONS_END| Flow Trigger: 1;
10:23:56.1 (121834395)|CODE_UNIT_FINISHED|Workflow:Account
10:23:56.1 (124705892)|DML_END|[1]
10:23:56.1 (124732755)|STATEMENT_EXECUTE|[1]
10:23:56.1 (124794153)|SYSTEM_MODE_ENTER|false
10:23:56.1 (124818489)|HEAP_ALLOCATE|[1]|Bytes:5
10:23:56.1 (124910298)|HEAP_ALLOCATE|[1]|Bytes:85
10:23:56.1 (124931684)|SYSTEM_METHOD_ENTRY|[1]|UserInfo.UserInfo()
10:23:56.1 (124937759)|STATEMENT_EXECUTE|[1]
10:23:56.1 (124946622)|SYSTEM_METHOD_EXIT|[1]|UserInfo
10:23:56.1 (124965153)|METHOD_ENTRY|[1]||System.UserInfo.getUserId()
10:23:56.1 (124993583)|METHOD_EXIT|[1]||System.UserInfo.getUserId()
10:23:56.1 (125002740)|SYSTEM_MODE_EXIT|false
10:23:56.1 (125019927)|HEAP_ALLOCATE|[1]|Bytes:4
10:23:56.1 (125142719)|VARIABLE_ASSIGNMENT|[1]|uid|"0051r000007Oz5QAAS"
10:23:56.1 (125152289)|STATEMENT_EXECUTE|[1]
10:23:56.1 (125233664)|VARIABLE_ASSIGNMENT|[1]|submit1|"common.api.soap.wsdl.ProcessSubmitRequest@3de83a5c"|0x35d497c3
10:23:56.1 (125242157)|STATEMENT_EXECUTE|[1]
10:23:56.1 (125247591)|HEAP_ALLOCATE|[1]|Bytes:10
10:23:56.1 (125290565)|STATEMENT_EXECUTE|[1]
10:23:56.1 (125340542)|HEAP_ALLOCATE|[1]|Bytes:18
10:23:56.1 (125372260)|STATEMENT_EXECUTE|[1]
10:23:56.1 (125379097)|HEAP_ALLOCATE|[1]|Bytes:18
10:23:56.1 (125399830)|STATEMENT_EXECUTE|[1]
10:23:56.1 (125404311)|HEAP_ALLOCATE|[1]|Bytes:19
10:23:56.1 (126069915)|STATEMENT_EXECUTE|[1]
10:23:56.1 (126120088)|HEAP_ALLOCATE|[1]|Bytes:8
10:23:56.1 (126139241)|DML_BEGIN|[1]|Op:Process|Type:ProcessRequest|Rows:1
10:23:56.1 (126178660)|HEAP_ALLOCATE|[EXTERNAL]|Bytes:8
10:23:56.1 (133013819)|CODE_UNIT_STARTED|[EXTERNAL]|Workflow:ApprovalProcessActions
10:23:56.1 (136038024)|WF_APPROVAL_SUBMIT|[Account: a 0011r00001nohrj]
10:23:56.1 (136544986)|WF_APPROVAL_SUBMITTER|Lydia Abril|0051r000007Oz5QAAS
10:23:56.1 (146160530)|WF_RULE_FILTER|[Account : Type equals Prospect] 
AND [Account : Employees greater than 500]
10:23:56.1 (146203256)|WF_RULE_EVAL_VALUE|Prospect
10:23:56.1 (146222278)|WF_RULE_EVAL_VALUE|501
10:23:56.1 (146289786)|WF_EVAL_ENTRY_CRITERIA|Approve New Account|00X1r000002S2tA|true
10:23:56.1 (146639556)|WF_PROCESS_FOUND|ProcessDefinitionNameOrId:04a1r000000gAbg|Applicable process was found.
10:23:56.1 (151280687)|WF_SPOOL_ACTION_BEGIN|Auto Evaluate
10:23:56.1 (151449727)|WF_FIELD_UPDATE|[Account: a 0011r00001nohrj]|Field:Account: Type|Value:Pending|Id=04Y1r000000h1SO
10:23:56.1 (154502868)|CODE_UNIT_STARTED|[EXTERNAL]|01q1r000000j8Jg|AccountTrigger on Account trigger event BeforeUpdate
10:23:56.1 (154544102)|HEAP_ALLOCATE|[EXTERNAL]|Bytes:8
10:23:56.1 (154578481)|HEAP_ALLOCATE|[EXTERNAL]|Bytes:8
10:23:56.1 (154746117)|HEAP_ALLOCATE|[EXTERNAL]|Bytes:12
10:23:56.1 (154760890)|VARIABLE_SCOPE_BEGIN|[1]|this|AccountTrigger|true|false
10:23:56.1 (154824456)|VARIABLE_ASSIGNMENT|[1]|this|{}|0x12fed1af
10:23:56.1 (154879182)|HEAP_ALLOCATE|[EXTERNAL]|Bytes:12
10:23:56.1 (154886452)|VARIABLE_SCOPE_BEGIN|[1]|this|AccountTrigger|true|false
10:23:56.1 (154901577)|VARIABLE_ASSIGNMENT|[1]|this|{}|0x12fed1af
10:23:56.1 (154912058)|STATEMENT_EXECUTE|[1]
10:23:56.1 (154914767)|STATEMENT_EXECUTE|[3]
10:23:56.1 (155643817)|VARIABLE_ASSIGNMENT|[3]|this.listNew|[{"LastModifiedDate":"2018-04-18T08:23:56.000Z","IsDeleted":false,"NumberOfEmployees":501,"SystemModstamp":"2018-04-18T08:23:56.000Z","Name":"a","Type":"Pending","CleanStatus":"Pending","OwnerId":"0051r000007Oz5QAAS","CreatedById":"0051r000007Oz5QAAS","Match_Billing_Addres (4 more) ...":false,"CreatedDate":"2018-04-18T08:23:56.000Z","Id":"0011r00001nohrjAAA","LastModifiedById":"0051r000007Oz5QAAS"}]|0x12fed1af
10:23:56.1 (155660112)|STATEMENT_EXECUTE|[5]
10:23:56.1 (156102589)|VARIABLE_ASSIGNMENT|[5]|this.mapOld|{"0011r00001nohrjAAA":{"LastModifiedDate":"2018-04-18T08:23:56.000Z","IsDeleted":false,"NumberOfEmployees":501,"SystemModstamp":"2018-04-18T08:23:56.000Z","Name":"a","Type":"Prospect","CleanStatus":"Pending","OwnerId":"0051r000007Oz5QAAS","CreatedById":"0051r000007Oz5QAAS","Match_Billing_Addres (4 more) ...":false,"CreatedDate":"2018-04-18T08:23:56.000Z","Id":"0011r00001nohrjAAA","LastModifiedById":"0051r000007Oz5QAAS"}}|0x12fed1af
10:23:56.1 (156126903)|STATEMENT_EXECUTE|[7]
10:23:56.1 (156133422)|STATEMENT_EXECUTE|[8]
10:23:56.1 (156135137)|STATEMENT_EXECUTE|[9]
10:23:56.1 (157835269)|HEAP_ALLOCATE|[9]|Bytes:1
10:23:56.1 (157877601)|METHOD_ENTRY|[1]|01p1r000009p8Bf|AccountMethods.AccountMethods()
10:23:56.1 (157886473)|STATEMENT_EXECUTE|[1]
10:23:56.1 (157893365)|STATEMENT_EXECUTE|[1]
10:23:56.1 (158358631)|SYSTEM_MODE_ENTER|false
10:23:56.1 (158370868)|HEAP_ALLOCATE|[9]|Bytes:5
10:23:56.1 (158380468)|SYSTEM_MODE_EXIT|false
10:23:56.1 (158391324)|METHOD_EXIT|[1]|AccountMethods
10:23:56.1 (158427244)|METHOD_ENTRY|[9]|01p1r000009p8Bf|AccountMethods.ActualizarCuentaHija(List<Account>, Map<Id,Account>)
10:23:56.1 (158470742)|VARIABLE_SCOPE_BEGIN|[3]|listAccount|List<Account>|true|false
10:23:56.1 (159011926)|VARIABLE_ASSIGNMENT|[3]|listAccount|[{"LastModifiedDate":"2018-04-18T08:23:56.000Z","IsDeleted":false,"NumberOfEmployees":501,"SystemModstamp":"2018-04-18T08:23:56.000Z","Name":"a","Type":"Pending","CleanStatus":"Pending","OwnerId":"0051r000007Oz5QAAS","CreatedById":"0051r000007Oz5QAAS","Match_Billing_Addres (4 more) ...":false,"CreatedDate":"2018-04-18T08:23:56.000Z","Id":"0011r00001nohrjAAA","LastModifiedById":"0051r000007Oz5QAAS"}]|0x5d8b0794
10:23:56.1 (159030424)|VARIABLE_SCOPE_BEGIN|[3]|mapOld|Map<Id,Account>|true|false
10:23:56.1 (159396639)|VARIABLE_ASSIGNMENT|[3]|mapOld|{"0011r00001nohrjAAA":{"LastModifiedDate":"2018-04-18T08:23:56.000Z","IsDeleted":false,"NumberOfEmployees":501,"SystemModstamp":"2018-04-18T08:23:56.000Z","Name":"a","Type":"Prospect","CleanStatus":"Pending","OwnerId":"0051r000007Oz5QAAS","CreatedById":"0051r000007Oz5QAAS","Match_Billing_Addres (4 more) ...":false,"CreatedDate":"2018-04-18T08:23:56.000Z","Id":"0011r00001nohrjAAA","LastModifiedById":"0051r000007Oz5QAAS"}}|0x437d8312
10:23:56.1 (159422874)|SYSTEM_MODE_ENTER|false
10:23:56.1 (159431036)|HEAP_ALLOCATE|[5]|Bytes:5
10:23:56.1 (159438419)|STATEMENT_EXECUTE|[3]
10:23:56.1 (159511546)|STATEMENT_EXECUTE|[5]
10:23:56.1 (159513954)|STATEMENT_EXECUTE|[8]
10:23:56.1 (159526688)|HEAP_ALLOCATE|[8]|Bytes:4
10:23:56.1 (159552538)|VARIABLE_SCOPE_BEGIN|[8]|listAccountIds|List<String>|true|false
10:23:56.1 (159580139)|HEAP_ALLOCATE|[EXTERNAL]|Bytes:4
10:23:56.1 (159590831)|VARIABLE_ASSIGNMENT|[8]|listAccountIds|[]|0x19ea07be
10:23:56.1 (159596976)|STATEMENT_EXECUTE|[9]
10:23:56.1 (159636658)|HEAP_ALLOCATE|[9]|Bytes:4
10:23:56.1 (159665460)|VARIABLE_SCOPE_BEGIN|[9]|mapAccountParent|Map<String,Account>|true|false
10:23:56.1 (159681008)|VARIABLE_ASSIGNMENT|[9]|mapAccountParent|{}|0x1cd804b0
10:23:56.1 (159801945)|HEAP_ALLOCATE|[11]|Bytes:5
10:23:56.1 (159823679)|HEAP_ALLOCATE|[11]|Bytes:4
10:23:56.1 (159832246)|VARIABLE_SCOPE_BEGIN|[11]|inAccount|Account|true|false
10:23:56.1 (160301769)|VARIABLE_ASSIGNMENT|[11]|inAccount|{"LastModifiedDate":"2018-04-18T08:23:56.000Z","IsDeleted":false,"NumberOfEmployees":501,"SystemModstamp":"2018-04-18T08:23:56.000Z","Name":"a","Type":"Pending","CleanStatus":"Pending","OwnerId":"0051r000007Oz5QAAS","CreatedById":"0051r000007Oz5QAAS","Match_Billing_Addres (4 more) ...":false,"CreatedDate":"2018-04-18T08:23:56.000Z","Id":"0011r00001nohrjAAA","LastModifiedById":"0051r000007Oz5QAAS"}|0x605d13bb
10:23:56.1 (160318058)|STATEMENT_EXECUTE|[11]
10:23:56.1 (160430683)|STATEMENT_EXECUTE|[13]
10:23:56.1 (160448030)|HEAP_ALLOCATE|[11]|Bytes:5
10:23:56.1 (160464604)|VARIABLE_ASSIGNMENT|[11]|inAccount|null|
10:23:56.1 (160470862)|STATEMENT_EXECUTE|[20]
10:23:56.1 (160475080)|HEAP_ALLOCATE|[20]|Bytes:99
10:23:56.1 (160490931)|HEAP_ALLOCATE|[20]|Bytes:4
10:23:56.1 (160500236)|HEAP_ALLOCATE|[20]|Bytes:7
10:23:56.1 (160791106)|SOQL_EXECUTE_BEGIN|[20]|Aggregations:0|SELECT Id, Fecha_ultima_actividad_mas_reciente__c, ParentId FROM Account WHERE ParentId IN :tmpVar1
10:23:56.1 (163336846)|SOQL_EXECUTE_END|[20]|Rows:0
10:23:56.1 (163362743)|HEAP_ALLOCATE|[20]|Bytes:4
10:23:56.1 (163373675)|HEAP_ALLOCATE|[20]|Bytes:0
10:23:56.1 (163403741)|HEAP_ALLOCATE|[20]|Bytes:4
10:23:56.1 (163414471)|VARIABLE_SCOPE_BEGIN|[20]|listAccountChild|List<Account>|true|false
10:23:56.1 (163430332)|VARIABLE_ASSIGNMENT|[20]|listAccountChild|[]|0x185cdc0b
10:23:56.1 (163474474)|HEAP_ALLOCATE|[23]|Bytes:5
10:23:56.1 (163488104)|VARIABLE_ASSIGNMENT|[23]|inAccount|null|
10:23:56.1 (163494739)|STATEMENT_EXECUTE|[23]
10:23:56.1 (163497247)|STATEMENT_EXECUTE|[27]
10:23:56.1 (163558289)|HEAP_ALLOCATE|[EXTERNAL]|Bytes:4
10:23:56.1 (163569409)|SYSTEM_MODE_EXIT|false
10:23:56.1 (163580749)|METHOD_EXIT|[9]|01p1r000009p8Bf|AccountMethods.ActualizarCuentaHija(List<Account>, Map<Id,Account>)
10:23:56.163 (163597086)|CUMULATIVE_LIMIT_USAGE
10:23:56.163 (163597086)|LIMIT_USAGE_FOR_NS|(default)|
  Number of SOQL queries: 2 out of 100
  Number of query rows: 0 out of 50000
  Number of SOSL queries: 0 out of 20
  Number of DML statements: 3 out of 150
  Number of DML rows: 2 out of 10000
  Maximum CPU time: 0 out of 10000
  Maximum heap size: 0 out of 6000000
  Number of callouts: 0 out of 100
  Number of Email Invocations: 0 out of 10
  Number of future calls: 0 out of 50
  Number of queueable jobs added to the queue: 0 out of 50
  Number of Mobile Apex push calls: 0 out of 10

10:23:56.163 (163597086)|CUMULATIVE_LIMIT_USAGE_END

10:23:56.1 (165110713)|CODE_UNIT_FINISHED|AccountTrigger on Account trigger event BeforeUpdate
10:23:56.1 (184677826)|WF_PROCESS_NODE|Step 1(Approval based on first response)
10:23:56.1 (208103556)|WF_NEXT_APPROVER|Lydia Abril|User|
10:23:56.1 (296840687)|CODE_UNIT_FINISHED|Workflow:ApprovalProcessActions
10:23:56.1 (297402576)|DML_END|[1]
10:23:56.1 (297482829)|HEAP_ALLOCATE|[1]|Bytes:4
10:23:56.1 (297701660)|VARIABLE_ASSIGNMENT|[1]|submitResult|"common.api.soap.wsdl.ProcessResult@5b5df35f"|0x29e1ac73
10:23:56.1 (297719054)|STATEMENT_EXECUTE|[1]
10:23:56.1 (297726399)|HEAP_ALLOCATE|[1]|Bytes:26
10:23:56.1 (297829877)|EXCEPTION_THROWN|[1]|System.AssertException: Assertion Failed: rock on with your bad self
10:23:56.1 (297945880)|HEAP_ALLOCATE|[1]|Bytes:48
10:23:56.1 (298043312)|FATAL_ERROR|System.AssertException: Assertion Failed: rock on with your bad self

AnonymousBlock: line 1, column 1
10:23:56.298 (298097256)|CUMULATIVE_LIMIT_USAGE
10:23:56.298 (298097256)|LIMIT_USAGE_FOR_NS|(default)|
  Number of SOQL queries: 2 out of 100
  Number of query rows: 0 out of 50000
  Number of SOSL queries: 0 out of 20
  Number of DML statements: 3 out of 150
  Number of DML rows: 2 out of 10000
  Maximum CPU time: 0 out of 10000
  Maximum heap size: 0 out of 6000000
  Number of callouts: 0 out of 100
  Number of Email Invocations: 0 out of 10
  Number of future calls: 0 out of 50
  Number of queueable jobs added to the queue: 0 out of 50
  Number of Mobile Apex push calls: 0 out of 10

10:23:56.298 (298097256)|CUMULATIVE_LIMIT_USAGE_END

10:23:56.1 (298155310)|CODE_UNIT_FINISHED|execute_anonymous_apex
10:23:56.1 (299436138)|EXECUTION_FINISHED
