42.0 APEX_CODE,FINEST;APEX_PROFILING,INFO;CALLOUT,INFO;DB,INFO;SYSTEM,DEBUG;VALIDATION,INFO;VISUALFORCE,INFO;WAVE,INFO;WORKFLOW,INFO
Execute Anonymous: List<List<sObject>> searchList = [FIND 'Mission Control' IN ALL FIELDS 
Execute Anonymous:                                   RETURNING Contact(FirstName, LastName)];
Execute Anonymous: Contact[] searchContacts = (Contact[])searchList[0];
Execute Anonymous: System.debug('Found the following contacts:');
Execute Anonymous: for (Contact c : searchContacts) {
Execute Anonymous:    System.debug(c.LastName + ', ' + c.FirstName);
Execute Anonymous: }
15:50:06.1 (1079850)|USER_INFO|[EXTERNAL]|0051r000007Oz5Q|lydia.abril@gmail.com|hora estándar de Europa central|GMT+02:00
15:50:06.1 (1102439)|EXECUTION_STARTED
15:50:06.1 (1106754)|CODE_UNIT_STARTED|[EXTERNAL]|execute_anonymous_apex
15:50:06.1 (1303395)|VARIABLE_SCOPE_BEGIN|[3]|searchContacts|List<Contact>|true|false
15:50:06.1 (1318240)|VARIABLE_SCOPE_BEGIN|[1]|searchList|List<List<SObject>>|true|false
15:50:06.1 (1441697)|HEAP_ALLOCATE|[72]|Bytes:3
15:50:06.1 (1485299)|HEAP_ALLOCATE|[77]|Bytes:152
15:50:06.1 (1499577)|HEAP_ALLOCATE|[342]|Bytes:408
15:50:06.1 (1511642)|HEAP_ALLOCATE|[355]|Bytes:408
15:50:06.1 (1522360)|HEAP_ALLOCATE|[467]|Bytes:48
15:50:06.1 (1548724)|HEAP_ALLOCATE|[139]|Bytes:6
15:50:06.1 (1563962)|HEAP_ALLOCATE|[EXTERNAL]|Bytes:9
15:50:06.1 (1715839)|STATEMENT_EXECUTE|[1]
15:50:06.1 (1719110)|STATEMENT_EXECUTE|[1]
15:50:06.1 (1722148)|HEAP_ALLOCATE|[1]|Bytes:75
15:50:06.1 (1743326)|HEAP_ALLOCATE|[1]|Bytes:4
15:50:06.1 (1787793)|HEAP_ALLOCATE|[50]|Bytes:5
15:50:06.1 (1808438)|HEAP_ALLOCATE|[56]|Bytes:5
15:50:06.1 (1815105)|HEAP_ALLOCATE|[64]|Bytes:7
15:50:06.1 (2004277)|SOSL_EXECUTE_BEGIN|[1]|FIND 'Mission Control' IN ALL FIELDS RETURNING contact(FirstName, LastName)
15:50:06.1 (13949862)|HEAP_ALLOCATE|[1]|Bytes:4
15:50:06.1 (13965086)|HEAP_ALLOCATE|[1]|Bytes:4
15:50:06.1 (13974016)|HEAP_ALLOCATE|[1]|Bytes:8
15:50:06.1 (13986499)|SOSL_EXECUTE_END|[1]|Rows:1
15:50:06.1 (14038540)|HEAP_ALLOCATE|[1]|Bytes:8
15:50:06.1 (14098219)|VARIABLE_ASSIGNMENT|[1]|searchList|[[{"FirstName":"Brian","LastName":"Dent","Id":"0031r000024gmLxAAI"}]]|0x27aa77f8
15:50:06.1 (14108461)|STATEMENT_EXECUTE|[3]
15:50:06.1 (14152352)|HEAP_ALLOCATE|[3]|Bytes:8
15:50:06.1 (14199087)|VARIABLE_ASSIGNMENT|[3]|searchContacts|[{"FirstName":"Brian","LastName":"Dent","Id":"0031r000024gmLxAAI"}]|0x5a7990c
15:50:06.1 (14207101)|STATEMENT_EXECUTE|[4]
15:50:06.1 (14212685)|HEAP_ALLOCATE|[4]|Bytes:29
15:50:06.1 (14262893)|USER_DEBUG|[4]|DEBUG|Found the following contacts:
15:50:06.1 (14485034)|HEAP_ALLOCATE|[5]|Bytes:5
15:50:06.1 (14507115)|HEAP_ALLOCATE|[5]|Bytes:16
15:50:06.1 (14519709)|VARIABLE_SCOPE_BEGIN|[5]|c|Contact|true|false
15:50:06.1 (14539545)|VARIABLE_ASSIGNMENT|[5]|c|{"FirstName":"Brian","LastName":"Dent","Id":"0031r000024gmLxAAI"}|0x7cb879da
15:50:06.1 (14546790)|STATEMENT_EXECUTE|[5]
15:50:06.1 (14548501)|STATEMENT_EXECUTE|[6]
15:50:06.1 (14577980)|HEAP_ALLOCATE|[6]|Bytes:2
15:50:06.1 (14604748)|HEAP_ALLOCATE|[6]|Bytes:11
15:50:06.1 (14623356)|USER_DEBUG|[6]|DEBUG|Dent, Brian
15:50:06.1 (14640057)|HEAP_ALLOCATE|[5]|Bytes:5
15:50:06.1 (14652286)|VARIABLE_ASSIGNMENT|[5]|c|null|
15:50:06.14 (14688047)|CUMULATIVE_LIMIT_USAGE
15:50:06.14 (14688047)|LIMIT_USAGE_FOR_NS|(default)|
  Number of SOQL queries: 0 out of 100
  Number of query rows: 0 out of 50000
  Number of SOSL queries: 1 out of 20
  Number of DML statements: 0 out of 150
  Number of DML rows: 0 out of 10000
  Maximum CPU time: 0 out of 10000
  Maximum heap size: 0 out of 6000000
  Number of callouts: 0 out of 100
  Number of Email Invocations: 0 out of 10
  Number of future calls: 0 out of 50
  Number of queueable jobs added to the queue: 0 out of 50
  Number of Mobile Apex push calls: 0 out of 10

15:50:06.14 (14688047)|CUMULATIVE_LIMIT_USAGE_END

15:50:06.1 (14742226)|CODE_UNIT_FINISHED|execute_anonymous_apex
15:50:06.1 (15687751)|EXECUTION_FINISHED
