36.0 APEX_CODE,FINEST;APEX_PROFILING,INFO;CALLOUT,INFO;DB,INFO;SYSTEM,DEBUG;VALIDATION,INFO;VISUALFORCE,INFO;WAVE,INFO;WORKFLOW,INFO
16:01:13.0 (426393)|USER_INFO|[EXTERNAL]|0051r000007Oz5Q|lydia.abril@gmail.com|hora estándar de Europa central|GMT+02:00
16:01:13.0 (471132)|EXECUTION_STARTED
16:01:13.0 (475701)|CODE_UNIT_STARTED|[EXTERNAL]|01q1r000000j6Yv|TaskTrigger on Task trigger event AfterUpdate
16:01:13.0 (523644)|HEAP_ALLOCATE|[EXTERNAL]|Bytes:8
16:01:13.0 (579676)|HEAP_ALLOCATE|[EXTERNAL]|Bytes:8
16:01:13.0 (1056684)|HEAP_ALLOCATE|[72]|Bytes:3
16:01:13.0 (1108164)|HEAP_ALLOCATE|[77]|Bytes:152
16:01:13.0 (1131510)|HEAP_ALLOCATE|[342]|Bytes:408
16:01:13.0 (1153455)|HEAP_ALLOCATE|[355]|Bytes:408
16:01:13.0 (1172164)|HEAP_ALLOCATE|[467]|Bytes:48
16:01:13.0 (1207950)|HEAP_ALLOCATE|[139]|Bytes:6
16:01:13.0 (1351287)|HEAP_ALLOCATE|[EXTERNAL]|Bytes:12
16:01:13.0 (1375582)|VARIABLE_SCOPE_BEGIN|[1]|this|TaskTrigger|true|false
16:01:13.0 (1453331)|VARIABLE_ASSIGNMENT|[1]|this|{}|0x16144dd4
16:01:13.0 (1514030)|HEAP_ALLOCATE|[EXTERNAL]|Bytes:12
16:01:13.0 (1587077)|VARIABLE_SCOPE_BEGIN|[1]|this|TaskTrigger|true|false
16:01:13.0 (1604370)|VARIABLE_ASSIGNMENT|[1]|this|{}|0x16144dd4
16:01:13.0 (1616556)|STATEMENT_EXECUTE|[1]
16:01:13.0 (1619179)|STATEMENT_EXECUTE|[3]
16:01:13.0 (1656826)|HEAP_ALLOCATE|[50]|Bytes:5
16:01:13.0 (1682420)|HEAP_ALLOCATE|[56]|Bytes:5
16:01:13.0 (1691803)|HEAP_ALLOCATE|[64]|Bytes:7
16:01:13.0 (2640831)|VARIABLE_ASSIGNMENT|[3]|this.listNew|[{"Status":"Completed","LastModifiedDate":"2018-04-16T14:01:12.000Z","IsDeleted":false,"AccountId":"0011r00001nnRDqAAM","WhatId":"0061r00000vkPBBAA2","ActivityDate":"2018-04-19T00:00:00.000Z","Priority":"Normal","IsHighPriority":false,"IsClosed":true,"IsRecurrence":false,"Subject":"aaaaa","SystemModstamp":"2018-04-16T14:01:12.000Z","IsArchived":false,"CreatedById":"0051r000007Oz5QAAS","TaskSubtype":"Task","OwnerId":"0051r000007Oz5QAAS","CreatedDate":"2018-04-16T13:53:09.000Z","Id":"00T1r00004C7TGuEAN","DB_Activity_Type__c":"Other","IsReminderSet":false,"LastModifiedById":"0051r000007Oz5QAAS"}]|0x16144dd4
16:01:13.0 (2661576)|STATEMENT_EXECUTE|[5]
16:01:13.0 (2955963)|VARIABLE_ASSIGNMENT|[5]|this.mapOld|{"00T1r00004C7TGuEAN":{"Status":"Not Started","LastModifiedDate":"2018-04-16T13:53:09.000Z","IsDeleted":false,"AccountId":"0011r00001nnRDqAAM","WhatId":"0061r00000vkPBBAA2","ActivityDate":"2018-04-19T00:00:00.000Z","Priority":"Normal","IsHighPriority":false,"IsClosed":false,"IsRecurrence":false,"Subject":"aaaaa","SystemModstamp":"2018-04-16T13:53:09.000Z","IsArchived":false,"CreatedById":"0051r000007Oz5QAAS","TaskSubtype":"Task","OwnerId":"0051r000007Oz5QAAS","CreatedDate":"2018-04-16T13:53:09.000Z","Id":"00T1r00004C7TGuEAN","DB_Activity_Type__c":"Other","IsReminderSet":false,"LastModifiedById":"0051r000007Oz5QAAS"}}|0x16144dd4
16:01:13.0 (2980988)|STATEMENT_EXECUTE|[8]
16:01:13.0 (2986691)|STATEMENT_EXECUTE|[9]
16:01:13.0 (2988490)|STATEMENT_EXECUTE|[10]
16:01:13.0 (13149143)|HEAP_ALLOCATE|[10]|Bytes:4
16:01:13.0 (13170254)|HEAP_ALLOCATE|[10]|Bytes:16
16:01:13.0 (13193066)|METHOD_ENTRY|[1]|01p1r000009oS6S|TaskMethods.TaskMethods()
16:01:13.0 (13204246)|STATEMENT_EXECUTE|[1]
16:01:13.0 (13212847)|STATEMENT_EXECUTE|[1]
16:01:13.0 (13639448)|SYSTEM_MODE_ENTER|false
16:01:13.0 (13658699)|HEAP_ALLOCATE|[10]|Bytes:5
16:01:13.0 (13667495)|SYSTEM_MODE_EXIT|false
16:01:13.0 (13679080)|METHOD_EXIT|[1]|TaskMethods
16:01:13.0 (13715064)|METHOD_ENTRY|[10]|01p1r000009oS6S|TaskMethods.CerrarTarea(List<Task>, Map<Id,Task>)
16:01:13.0 (13760579)|VARIABLE_SCOPE_BEGIN|[3]|listTask|List<Task>|true|false
16:01:13.0 (14212921)|VARIABLE_ASSIGNMENT|[3]|listTask|[{"Status":"Completed","LastModifiedDate":"2018-04-16T14:01:12.000Z","IsDeleted":false,"AccountId":"0011r00001nnRDqAAM","WhatId":"0061r00000vkPBBAA2","ActivityDate":"2018-04-19T00:00:00.000Z","Priority":"Normal","IsHighPriority":false,"IsClosed":true,"IsRecurrence":false,"Subject":"aaaaa","SystemModstamp":"2018-04-16T14:01:12.000Z","IsArchived":false,"CreatedById":"0051r000007Oz5QAAS","TaskSubtype":"Task","OwnerId":"0051r000007Oz5QAAS","CreatedDate":"2018-04-16T13:53:09.000Z","Id":"00T1r00004C7TGuEAN","DB_Activity_Type__c":"Other","IsReminderSet":false,"LastModifiedById":"0051r000007Oz5QAAS"}]|0x147fcf59
16:01:13.0 (14231673)|VARIABLE_SCOPE_BEGIN|[3]|mapTaskOld|Map<Id,Task>|true|false
16:01:13.0 (14495541)|VARIABLE_ASSIGNMENT|[3]|mapTaskOld|{"00T1r00004C7TGuEAN":{"Status":"Not Started","LastModifiedDate":"2018-04-16T13:53:09.000Z","IsDeleted":false,"AccountId":"0011r00001nnRDqAAM","WhatId":"0061r00000vkPBBAA2","ActivityDate":"2018-04-19T00:00:00.000Z","Priority":"Normal","IsHighPriority":false,"IsClosed":false,"IsRecurrence":false,"Subject":"aaaaa","SystemModstamp":"2018-04-16T13:53:09.000Z","IsArchived":false,"CreatedById":"0051r000007Oz5QAAS","TaskSubtype":"Task","OwnerId":"0051r000007Oz5QAAS","CreatedDate":"2018-04-16T13:53:09.000Z","Id":"00T1r00004C7TGuEAN","DB_Activity_Type__c":"Other","IsReminderSet":false,"LastModifiedById":"0051r000007Oz5QAAS"}}|0x859df93
16:01:13.0 (14520214)|SYSTEM_MODE_ENTER|false
16:01:13.0 (14527301)|HEAP_ALLOCATE|[5]|Bytes:5
16:01:13.0 (14534324)|STATEMENT_EXECUTE|[3]
16:01:13.0 (14613996)|STATEMENT_EXECUTE|[5]
16:01:13.0 (14616499)|STATEMENT_EXECUTE|[9]
16:01:13.0 (14628483)|HEAP_ALLOCATE|[9]|Bytes:4
16:01:13.0 (14677954)|VARIABLE_SCOPE_BEGIN|[9]|setTaskIds|Set<String>|true|false
16:01:13.0 (14710475)|VARIABLE_ASSIGNMENT|[9]|setTaskIds|[]|0x1342a30f
16:01:13.0 (14862428)|HEAP_ALLOCATE|[11]|Bytes:5
16:01:13.0 (14887561)|VARIABLE_SCOPE_BEGIN|[11]|inTask|Task|true|false
16:01:13.0 (15126669)|VARIABLE_ASSIGNMENT|[11]|inTask|{"Status":"Completed","LastModifiedDate":"2018-04-16T14:01:12.000Z","IsDeleted":false,"AccountId":"0011r00001nnRDqAAM","WhatId":"0061r00000vkPBBAA2","ActivityDate":"2018-04-19T00:00:00.000Z","Priority":"Normal","IsHighPriority":false,"IsClosed":true,"IsRecurrence":false,"Subject":"aaaaa","SystemModstamp":"2018-04-16T14:01:12.000Z","IsArchived":false,"CreatedById":"0051r000007Oz5QAAS","TaskSubtype":"Task","OwnerId":"0051r000007Oz5QAAS","CreatedDate":"2018-04-16T13:53:09.000Z","Id":"00T1r00004C7TGuEAN","DB_Activity_Type__c":"Other","IsReminderSet":false,"LastModifiedById":"0051r000007Oz5QAAS"}|0x3fce4ec8
16:01:13.0 (15143405)|STATEMENT_EXECUTE|[11]
16:01:13.0 (15240172)|HEAP_ALLOCATE|[12]|Bytes:9
16:01:13.0 (15280451)|STATEMENT_EXECUTE|[12]
16:01:13.0 (15282663)|STATEMENT_EXECUTE|[14]
16:01:13.0 (15320320)|HEAP_ALLOCATE|[EXTERNAL]|Bytes:4
16:01:13.0 (15339728)|HEAP_ALLOCATE|[11]|Bytes:5
16:01:13.0 (15354908)|VARIABLE_ASSIGNMENT|[11]|inTask|null|
16:01:13.0 (15360507)|STATEMENT_EXECUTE|[18]
16:01:13.0 (15379952)|HEAP_ALLOCATE|[18]|Bytes:4
16:01:13.0 (15400272)|HEAP_ALLOCATE|[18]|Bytes:216
16:01:13.0 (15414773)|HEAP_ALLOCATE|[18]|Bytes:4
16:01:13.0 (15424252)|HEAP_ALLOCATE|[18]|Bytes:7
16:01:13.0 (15462506)|HEAP_ALLOCATE|[18]|Bytes:8
16:01:13.0 (15471112)|HEAP_ALLOCATE|[18]|Bytes:8
16:01:13.0 (16619918)|SOQL_EXECUTE_BEGIN|[18]|Aggregations:0|SELECT TYPEOF What WHEN Opportunity THEN Account.ParentId, Account.Fecha_ultima_actividad_mas_reciente__c WHEN Account THEN ParentId, Fecha_ultima_actividad_mas_reciente__c ELSE Name END FROM Task WHERE Id = :tmpVar1
16:01:13.0 (31134577)|SOQL_EXECUTE_END|[18]|Rows:1
16:01:13.0 (31173204)|HEAP_ALLOCATE|[18]|Bytes:8
16:01:13.0 (31203828)|HEAP_ALLOCATE|[18]|Bytes:193
16:01:13.0 (31258800)|HEAP_ALLOCATE|[18]|Bytes:8
16:01:13.0 (31303039)|HEAP_ALLOCATE|[18]|Bytes:16
16:01:13.0 (31308729)|HEAP_ALLOCATE|[18]|Bytes:16
16:01:13.0 (31312397)|HEAP_ALLOCATE|[18]|Bytes:4
16:01:13.0 (31331552)|VARIABLE_SCOPE_BEGIN|[18]|listTaskType|List<Task>|true|false
16:01:13.0 (31348965)|HEAP_ALLOCATE|[EXTERNAL]|Bytes:8
16:01:13.0 (31382865)|VARIABLE_ASSIGNMENT|[18]|listTaskType|[{"WhatId":"0061r00000vkPBBAA2","Id":"00T1r00004C7TGuEAN","What":{"Id":"0061r00000vkPBBAA2","AccountId":"0011r00001nnRDqAAM","Account":{"Id":"0011r00001nnRDqAAM","ParentId":"0011r00001mvH7mAAE"}}}]|0x1cf3d66d
16:01:13.0 (31397612)|STATEMENT_EXECUTE|[27]
16:01:13.0 (31404945)|HEAP_ALLOCATE|[27]|Bytes:40
16:01:13.0 (31536328)|HEAP_ALLOCATE|[27]|Bytes:57
16:01:13.0 (31565324)|HEAP_ALLOCATE|[27]|Bytes:97
16:01:13.0 (31591885)|USER_DEBUG|[27]|DEBUG|TaskMethods.CerrarTarea.listTaskType :: (Task:{WhatId=0061r00000vkPBBAA2, Id=00T1r00004C7TGuEAN})
16:01:13.0 (31605723)|SYSTEM_MODE_EXIT|false
16:01:13.0 (31620092)|METHOD_EXIT|[10]|01p1r000009oS6S|TaskMethods.CerrarTarea(List<Task>, Map<Id,Task>)
16:01:13.31 (31636173)|CUMULATIVE_LIMIT_USAGE
16:01:13.31 (31636173)|LIMIT_USAGE_FOR_NS|(default)|
  Number of SOQL queries: 1 out of 100
  Number of query rows: 1 out of 50000
  Number of SOSL queries: 0 out of 20
  Number of DML statements: 0 out of 150
  Number of DML rows: 0 out of 10000
  Maximum CPU time: 0 out of 10000
  Maximum heap size: 0 out of 6000000
  Number of callouts: 0 out of 100
  Number of Email Invocations: 0 out of 10
  Number of future calls: 0 out of 50
  Number of queueable jobs added to the queue: 0 out of 50
  Number of Mobile Apex push calls: 0 out of 10

16:01:13.31 (31636173)|CUMULATIVE_LIMIT_USAGE_END

16:01:13.0 (32821230)|CODE_UNIT_FINISHED|TaskTrigger on Task trigger event AfterUpdate
16:01:13.0 (33566949)|EXECUTION_FINISHED
