36.0 APEX_CODE,FINEST;APEX_PROFILING,INFO;CALLOUT,INFO;DB,INFO;SYSTEM,DEBUG;VALIDATION,INFO;VISUALFORCE,INFO;WAVE,INFO;WORKFLOW,INFO
09:36:55.0 (762172)|USER_INFO|[EXTERNAL]|0051r000007Oz5Q|lydia.abril@gmail.com|hora estándar de Europa central|GMT+02:00
09:36:55.0 (805651)|EXECUTION_STARTED
09:36:55.0 (810388)|CODE_UNIT_STARTED|[EXTERNAL]|01p1r000009rRUH|AccountManagerTest.getAccountTest1
09:36:55.0 (1602070)|HEAP_ALLOCATE|[72]|Bytes:3
09:36:55.0 (1663213)|HEAP_ALLOCATE|[77]|Bytes:152
09:36:55.0 (1678571)|HEAP_ALLOCATE|[342]|Bytes:408
09:36:55.0 (1692900)|HEAP_ALLOCATE|[355]|Bytes:408
09:36:55.0 (1705970)|HEAP_ALLOCATE|[467]|Bytes:48
09:36:55.0 (1731693)|HEAP_ALLOCATE|[139]|Bytes:6
09:36:55.0 (1745740)|HEAP_ALLOCATE|[EXTERNAL]|Bytes:2
09:36:55.0 (1765054)|HEAP_ALLOCATE|[EXTERNAL]|Bytes:19
09:36:55.0 (1784570)|METHOD_ENTRY|[2]|01p1r000009rRUH|AccountManagerTest.AccountManagerTest()
09:36:55.0 (1792859)|STATEMENT_EXECUTE|[2]
09:36:55.0 (1798020)|STATEMENT_EXECUTE|[2]
09:36:55.0 (1810130)|METHOD_EXIT|[2]|AccountManagerTest
09:36:55.0 (1850053)|HEAP_ALLOCATE|[50]|Bytes:5
09:36:55.0 (1879015)|HEAP_ALLOCATE|[56]|Bytes:5
09:36:55.0 (1886976)|HEAP_ALLOCATE|[64]|Bytes:7
09:36:55.0 (1928795)|STATEMENT_EXECUTE|[4]
09:36:55.0 (1931176)|STATEMENT_EXECUTE|[5]
09:36:55.0 (1955277)|METHOD_ENTRY|[5]|01p1r000009rRUH|AccountManagerTest.createTestRecord()
09:36:55.0 (1989717)|STATEMENT_EXECUTE|[20]
09:36:55.0 (1992098)|STATEMENT_EXECUTE|[22]
09:36:55.0 (2042084)|HEAP_ALLOCATE|[22]|Bytes:4
09:36:55.0 (2116904)|HEAP_ALLOCATE|[23]|Bytes:11
09:36:55.0 (3550603)|VARIABLE_ASSIGNMENT|[22]|this.Name|"Test record"|0x64f995ff
09:36:55.0 (3588455)|VARIABLE_SCOPE_BEGIN|[22]|TestAcc|Account|true|false
09:36:55.0 (3804266)|VARIABLE_ASSIGNMENT|[22]|TestAcc|{"Name":"Test record"}|0x64f995ff
09:36:55.0 (3811436)|STATEMENT_EXECUTE|[24]
09:36:55.0 (3835702)|HEAP_ALLOCATE|[24]|Bytes:8
09:36:55.0 (3848529)|DML_BEGIN|[24]|Op:Insert|Type:Account|Rows:1
09:36:55.0 (3876828)|HEAP_ALLOCATE|[EXTERNAL]|Bytes:8
09:36:55.0 (19510109)|CODE_UNIT_STARTED|[EXTERNAL]|DuplicateDetector
09:36:55.0 (19531122)|DUPLICATE_DETECTION_BEGIN
09:36:55.0 (20261636)|DUPLICATE_DETECTION_RULE_INVOCATION|DuplicateRuleId:0Bm1r0000018X88|DuplicateRuleName:Standard Account Duplicate Rule|DmlType:INSERT
09:36:55.0 (39018971)|DUPLICATE_DETECTION_MATCH_INVOCATION_DETAILS|EntityType:Account|ActionTaken:Allow_[Alert,Report]|DuplicateRecordIds:
09:36:55.0 (39042353)|DUPLICATE_DETECTION_MATCH_INVOCATION_SUMMARY|EntityType:Account|NumRecordsToBeSaved:1|NumRecordsToBeSavedWithDuplicates:0|NumDuplicateRecordsFound:0
09:36:55.0 (39147337)|DUPLICATE_DETECTION_END
09:36:55.0 (39153526)|CODE_UNIT_FINISHED|DuplicateDetector
09:36:55.0 (61583442)|DML_END|[24]
09:36:55.0 (61608611)|STATEMENT_EXECUTE|[25]
09:36:55.0 (61648482)|HEAP_ALLOCATE|[25]|Bytes:4
09:36:55.0 (61722799)|HEAP_ALLOCATE|[26]|Bytes:4
09:36:55.0 (63198420)|VARIABLE_ASSIGNMENT|[25]|this.LastName|"Test"|0x2925872c
09:36:55.0 (63251900)|VARIABLE_ASSIGNMENT|[25]|this.AccountId|"0011r00001nohQ7AAI"|0x2925872c
09:36:55.0 (63285173)|VARIABLE_SCOPE_BEGIN|[25]|TestCon|Contact|true|false
09:36:55.0 (63307327)|VARIABLE_ASSIGNMENT|[25]|TestCon|{"LastName":"Test","AccountId":"0011r00001nohQ7AAI"}|0x2925872c
09:36:55.0 (63314493)|STATEMENT_EXECUTE|[28]
09:36:55.0 (63357963)|METHOD_EXIT|[5]|01p1r000009rRUH|AccountManagerTest.createTestRecord()
09:36:55.0 (63371260)|VARIABLE_SCOPE_BEGIN|[5]|recordId|Id|false|false
09:36:55.0 (63459290)|VARIABLE_ASSIGNMENT|[5]|recordId|"0011r00001nohQ7AAI"
09:36:55.0 (63466655)|STATEMENT_EXECUTE|[7]
09:36:55.0 (63514780)|HEAP_ALLOCATE|[7]|Bytes:252
09:36:55.0 (63523106)|HEAP_ALLOCATE|[7]|Bytes:25
09:36:55.0 (63533938)|SYSTEM_METHOD_ENTRY|[1]|RestRequest.RestRequest()
09:36:55.0 (63538224)|STATEMENT_EXECUTE|[1]
09:36:55.0 (63546664)|SYSTEM_METHOD_EXIT|[1]|RestRequest
09:36:55.0 (63567294)|HEAP_ALLOCATE|[7]|Bytes:32
09:36:55.0 (63596324)|CONSTRUCTOR_ENTRY|[7]||<init>()
09:36:55.0 (63818003)|VARIABLE_SCOPE_BEGIN|[7]|request|System.RestRequest|true|false
09:36:55.0 (63856323)|VARIABLE_ASSIGNMENT|[7]|request|{"headers":"0x30d2e2da","params":"0x40cac82d"}|0x8a545d
09:36:55.0 (63864393)|STATEMENT_EXECUTE|[8]
09:36:55.0 (63868777)|HEAP_ALLOCATE|[8]|Bytes:54
09:36:55.0 (63927641)|HEAP_ALLOCATE|[8]|Bytes:18
09:36:55.0 (63940608)|HEAP_ALLOCATE|[8]|Bytes:9
09:36:55.0 (63950727)|HEAP_ALLOCATE|[8]|Bytes:81
09:36:55.0 (63975163)|STATEMENT_EXECUTE|[9]
09:36:55.0 (63978229)|HEAP_ALLOCATE|[9]|Bytes:3
09:36:55.0 (64002118)|STATEMENT_EXECUTE|[10]
09:36:55.0 (64031085)|VARIABLE_SCOPE_BEGIN|[4]|RestContext.request|System.RestRequest|true|true
09:36:55.0 (64038577)|VARIABLE_SCOPE_BEGIN|[5]|RestContext.response|System.RestResponse|true|true
09:36:55.0 (64048583)|HEAP_ALLOCATE|[10]|Bytes:112
09:36:55.0 (64053734)|HEAP_ALLOCATE|[10]|Bytes:5
09:36:55.0 (64075191)|SYSTEM_METHOD_ENTRY|[2]|RestContext.RestContext()
09:36:55.0 (64079685)|STATEMENT_EXECUTE|[2]
09:36:55.0 (64084808)|SYSTEM_METHOD_EXIT|[2]|RestContext
09:36:55.0 (64117422)|STATEMENT_EXECUTE|[12]
09:36:55.0 (67726947)|HEAP_ALLOCATE|[12]|Bytes:1
09:36:55.0 (67747766)|METHOD_ENTRY|[2]|01p1r000008ZgZh|AccountManager.AccountManager()
09:36:55.0 (67755426)|STATEMENT_EXECUTE|[2]
09:36:55.0 (67760337)|STATEMENT_EXECUTE|[2]
09:36:55.0 (67764603)|METHOD_EXIT|[2]|AccountManager
09:36:55.0 (67785251)|METHOD_ENTRY|[12]|01p1r000008ZgZh|AccountManager.getAccount()
09:36:55.0 (67819742)|STATEMENT_EXECUTE|[4]
09:36:55.0 (67821939)|STATEMENT_EXECUTE|[5]
09:36:55.0 (67856245)|VARIABLE_SCOPE_BEGIN|[5]|req|System.RestRequest|true|false
09:36:55.0 (67912381)|VARIABLE_ASSIGNMENT|[5]|req|{"headers":"0x30d2e2da","httpMethod":"GET","params":"0x40cac82d","requestURI":"https://na1.salesfor (61 more) ..."}|0x8a545d
09:36:55.0 (67921129)|STATEMENT_EXECUTE|[6]
09:36:55.0 (67951480)|HEAP_ALLOCATE|[6]|Bytes:9
09:36:55.0 (67978974)|HEAP_ALLOCATE|[6]|Bytes:18
09:36:55.0 (67989650)|VARIABLE_SCOPE_BEGIN|[6]|accId|String|false|false
09:36:55.0 (68000050)|VARIABLE_ASSIGNMENT|[6]|accId|"0011r00001nohQ7AAI"
09:36:55.0 (68005368)|STATEMENT_EXECUTE|[7]
09:36:55.0 (68008200)|HEAP_ALLOCATE|[7]|Bytes:81
09:36:55.0 (68024810)|HEAP_ALLOCATE|[7]|Bytes:4
09:36:55.0 (68036438)|HEAP_ALLOCATE|[7]|Bytes:7
09:36:55.0 (68339056)|SOQL_EXECUTE_BEGIN|[7]|Aggregations:1|SELECT Id, Name, (SELECT Id, Name FROM Contacts) FROM Account WHERE Id = :tmpVar1
09:36:55.0 (73422039)|SOQL_EXECUTE_END|[7]|Rows:1
09:36:55.0 (73453562)|HEAP_ALLOCATE|[7]|Bytes:8
09:36:55.0 (73469578)|HEAP_ALLOCATE|[7]|Bytes:48
09:36:55.0 (73533488)|HEAP_ALLOCATE|[7]|Bytes:8
09:36:55.0 (73543476)|HEAP_ALLOCATE|[7]|Bytes:33
09:36:55.0 (73572576)|HEAP_ALLOCATE|[7]|Bytes:12
09:36:55.0 (73580389)|VARIABLE_SCOPE_BEGIN|[7]|acc|Account|true|false
09:36:55.0 (73599222)|VARIABLE_ASSIGNMENT|[7]|acc|{"Id":"0011r00001nohQ7AAI","Name":"Test record"}|0x5c8bb9c1
09:36:55.0 (73606635)|STATEMENT_EXECUTE|[9]
09:36:55.0 (73613249)|METHOD_EXIT|[12]|01p1r000008ZgZh|AccountManager.getAccount()
09:36:55.0 (73619783)|VARIABLE_SCOPE_BEGIN|[12]|thisAccount|Account|true|false
09:36:55.0 (73631022)|VARIABLE_ASSIGNMENT|[12]|thisAccount|{"Id":"0011r00001nohQ7AAI","Name":"Test record"}|0x5c8bb9c1
09:36:55.0 (73636191)|STATEMENT_EXECUTE|[14]
09:36:55.0 (73684864)|STATEMENT_EXECUTE|[15]
09:36:55.73 (73738184)|CUMULATIVE_LIMIT_USAGE
09:36:55.73 (73738184)|LIMIT_USAGE_FOR_NS|(default)|
  Number of SOQL queries: 1 out of 100
  Number of query rows: 1 out of 50000
  Number of SOSL queries: 0 out of 20
  Number of DML statements: 1 out of 150
  Number of DML rows: 1 out of 10000
  Maximum CPU time: 0 out of 10000
  Maximum heap size: 0 out of 6000000
  Number of callouts: 0 out of 100
  Number of Email Invocations: 0 out of 10
  Number of future calls: 0 out of 50
  Number of queueable jobs added to the queue: 0 out of 50
  Number of Mobile Apex push calls: 0 out of 10

09:36:55.73 (73738184)|CUMULATIVE_LIMIT_USAGE_END

09:36:55.0 (73769105)|CODE_UNIT_FINISHED|AccountManagerTest.getAccountTest1
09:36:55.0 (74588802)|EXECUTION_FINISHED
09:36:55.438 (438520983)|USER_INFO|[EXTERNAL]|0051r000007Oz5Q|lydia.abril@gmail.com|hora estándar de Europa central|GMT+02:00
09:36:55.438 (438544498)|EXECUTION_STARTED
09:36:55.438 (438548242)|CODE_UNIT_STARTED|[EXTERNAL]|DuplicateDetector
09:36:55.438 (438564446)|DUPLICATE_DETECTION_BEGIN
09:36:55.438 (438608980)|DUPLICATE_DETECTION_RULE_INVOCATION|DuplicateRuleId:0Bm1r0000018X88|DuplicateRuleName:Standard Account Duplicate Rule|DmlType:INSERT
09:36:55.438 (447851228)|DUPLICATE_DETECTION_END
09:36:55.438 (447859830)|CODE_UNIT_FINISHED|DuplicateDetector
09:36:55.438 (448872547)|EXECUTION_FINISHED
