36.0 APEX_CODE,FINEST;APEX_PROFILING,INFO;CALLOUT,INFO;DB,INFO;SYSTEM,DEBUG;VALIDATION,INFO;VISUALFORCE,INFO;WAVE,INFO;WORKFLOW,INFO
16:39:57.0 (399929)|USER_INFO|[EXTERNAL]|0051r000007Oz5Q|lydia.abril@gmail.com|hora estándar de Europa central|GMT+02:00
16:39:57.0 (436701)|EXECUTION_STARTED
16:39:57.0 (440927)|CODE_UNIT_STARTED|[EXTERNAL]|01q1r000000j6Yv|TaskTrigger on Task trigger event AfterUpdate
16:39:57.0 (481071)|HEAP_ALLOCATE|[EXTERNAL]|Bytes:8
16:39:57.0 (527075)|HEAP_ALLOCATE|[EXTERNAL]|Bytes:8
16:39:57.0 (905219)|HEAP_ALLOCATE|[72]|Bytes:3
16:39:57.0 (941876)|HEAP_ALLOCATE|[77]|Bytes:152
16:39:57.0 (956804)|HEAP_ALLOCATE|[342]|Bytes:408
16:39:57.0 (969882)|HEAP_ALLOCATE|[355]|Bytes:408
16:39:57.0 (980999)|HEAP_ALLOCATE|[467]|Bytes:48
16:39:57.0 (1006368)|HEAP_ALLOCATE|[139]|Bytes:6
16:39:57.0 (1184337)|HEAP_ALLOCATE|[EXTERNAL]|Bytes:12
16:39:57.0 (1200261)|VARIABLE_SCOPE_BEGIN|[1]|this|TaskTrigger|true|false
16:39:57.0 (1299755)|VARIABLE_ASSIGNMENT|[1]|this|{}|0x3eda235f
16:39:57.0 (1367630)|HEAP_ALLOCATE|[EXTERNAL]|Bytes:12
16:39:57.0 (1446059)|VARIABLE_SCOPE_BEGIN|[1]|this|TaskTrigger|true|false
16:39:57.0 (1463513)|VARIABLE_ASSIGNMENT|[1]|this|{}|0x3eda235f
16:39:57.0 (1473873)|STATEMENT_EXECUTE|[1]
16:39:57.0 (1476542)|STATEMENT_EXECUTE|[3]
16:39:57.0 (1507181)|HEAP_ALLOCATE|[50]|Bytes:5
16:39:57.0 (1528340)|HEAP_ALLOCATE|[56]|Bytes:5
16:39:57.0 (1536867)|HEAP_ALLOCATE|[64]|Bytes:7
16:39:57.0 (2453638)|VARIABLE_ASSIGNMENT|[3]|this.listNew|[{"Status":"Completed","LastModifiedDate":"2018-04-17T14:39:57.000Z","IsDeleted":false,"AccountId":"0011r00001nnRDqAAM","WhatId":"0011r00001nnRDqAAM","ActivityDate":"2030-04-28T00:00:00.000Z","Priority":"Normal","IsHighPriority":false,"IsClosed":true,"IsRecurrence":false,"Subject":"sssss","SystemModstamp":"2018-04-17T14:39:57.000Z","IsArchived":false,"CreatedById":"0051r000007Oz5QAAS","TaskSubtype":"Task","OwnerId":"0051r000007Oz5QAAS","CreatedDate":"2018-04-17T14:39:50.000Z","Id":"00T1r00004COsAdEAL","DB_Activity_Type__c":"Other","IsReminderSet":false,"LastModifiedById":"0051r000007Oz5QAAS"}]|0x3eda235f
16:39:57.0 (2472957)|STATEMENT_EXECUTE|[5]
16:39:57.0 (2785669)|VARIABLE_ASSIGNMENT|[5]|this.mapOld|{"00T1r00004COsAdEAL":{"Status":"Not Started","LastModifiedDate":"2018-04-17T14:39:50.000Z","IsDeleted":false,"AccountId":"0011r00001nnRDqAAM","WhatId":"0011r00001nnRDqAAM","ActivityDate":"2030-04-28T00:00:00.000Z","Priority":"Normal","IsHighPriority":false,"IsClosed":false,"IsRecurrence":false,"Subject":"sssss","SystemModstamp":"2018-04-17T14:39:50.000Z","IsArchived":false,"CreatedById":"0051r000007Oz5QAAS","TaskSubtype":"Task","OwnerId":"0051r000007Oz5QAAS","CreatedDate":"2018-04-17T14:39:50.000Z","Id":"00T1r00004COsAdEAL","DB_Activity_Type__c":"Other","IsReminderSet":false,"LastModifiedById":"0051r000007Oz5QAAS"}}|0x3eda235f
16:39:57.0 (2810936)|STATEMENT_EXECUTE|[8]
16:39:57.0 (2817135)|STATEMENT_EXECUTE|[9]
16:39:57.0 (2818821)|STATEMENT_EXECUTE|[10]
16:39:57.0 (12833986)|HEAP_ALLOCATE|[10]|Bytes:4
16:39:57.0 (12847033)|HEAP_ALLOCATE|[10]|Bytes:28
16:39:57.0 (12863715)|METHOD_ENTRY|[1]|01p1r000009oS6S|TaskMethods.TaskMethods()
16:39:57.0 (12870760)|STATEMENT_EXECUTE|[1]
16:39:57.0 (12877620)|STATEMENT_EXECUTE|[1]
16:39:57.0 (13288755)|SYSTEM_MODE_ENTER|false
16:39:57.0 (13306565)|HEAP_ALLOCATE|[10]|Bytes:5
16:39:57.0 (13315124)|SYSTEM_MODE_EXIT|false
16:39:57.0 (13325834)|METHOD_EXIT|[1]|TaskMethods
16:39:57.0 (13357662)|METHOD_ENTRY|[10]|01p1r000009oS6S|TaskMethods.CerrarTarea(List<Task>, Map<Id,Task>)
16:39:57.0 (13393939)|VARIABLE_SCOPE_BEGIN|[3]|listTask|List<Task>|true|false
16:39:57.0 (13732685)|VARIABLE_ASSIGNMENT|[3]|listTask|[{"Status":"Completed","LastModifiedDate":"2018-04-17T14:39:57.000Z","IsDeleted":false,"AccountId":"0011r00001nnRDqAAM","WhatId":"0011r00001nnRDqAAM","ActivityDate":"2030-04-28T00:00:00.000Z","Priority":"Normal","IsHighPriority":false,"IsClosed":true,"IsRecurrence":false,"Subject":"sssss","SystemModstamp":"2018-04-17T14:39:57.000Z","IsArchived":false,"CreatedById":"0051r000007Oz5QAAS","TaskSubtype":"Task","OwnerId":"0051r000007Oz5QAAS","CreatedDate":"2018-04-17T14:39:50.000Z","Id":"00T1r00004COsAdEAL","DB_Activity_Type__c":"Other","IsReminderSet":false,"LastModifiedById":"0051r000007Oz5QAAS"}]|0x29dfb7ad
16:39:57.0 (13749936)|VARIABLE_SCOPE_BEGIN|[3]|mapTaskOld|Map<Id,Task>|true|false
16:39:57.0 (13989095)|VARIABLE_ASSIGNMENT|[3]|mapTaskOld|{"00T1r00004COsAdEAL":{"Status":"Not Started","LastModifiedDate":"2018-04-17T14:39:50.000Z","IsDeleted":false,"AccountId":"0011r00001nnRDqAAM","WhatId":"0011r00001nnRDqAAM","ActivityDate":"2030-04-28T00:00:00.000Z","Priority":"Normal","IsHighPriority":false,"IsClosed":false,"IsRecurrence":false,"Subject":"sssss","SystemModstamp":"2018-04-17T14:39:50.000Z","IsArchived":false,"CreatedById":"0051r000007Oz5QAAS","TaskSubtype":"Task","OwnerId":"0051r000007Oz5QAAS","CreatedDate":"2018-04-17T14:39:50.000Z","Id":"00T1r00004COsAdEAL","DB_Activity_Type__c":"Other","IsReminderSet":false,"LastModifiedById":"0051r000007Oz5QAAS"}}|0xd13b909
16:39:57.0 (14014403)|SYSTEM_MODE_ENTER|false
16:39:57.0 (14022271)|HEAP_ALLOCATE|[5]|Bytes:5
16:39:57.0 (14027963)|STATEMENT_EXECUTE|[3]
16:39:57.0 (14099492)|STATEMENT_EXECUTE|[5]
16:39:57.0 (14101843)|STATEMENT_EXECUTE|[8]
16:39:57.0 (14143579)|HEAP_ALLOCATE|[8]|Bytes:4
16:39:57.0 (14183655)|VARIABLE_SCOPE_BEGIN|[8]|listAcUpdate|List<Account>|true|false
16:39:57.0 (14193779)|HEAP_ALLOCATE|[EXTERNAL]|Bytes:4
16:39:57.0 (14201879)|VARIABLE_ASSIGNMENT|[8]|listAcUpdate|[]|0x2f5e3486
16:39:57.0 (14207964)|STATEMENT_EXECUTE|[11]
16:39:57.0 (14220903)|HEAP_ALLOCATE|[11]|Bytes:4
16:39:57.0 (14246844)|VARIABLE_SCOPE_BEGIN|[11]|setTaskIds|Set<String>|true|false
16:39:57.0 (14271684)|VARIABLE_ASSIGNMENT|[11]|setTaskIds|[]|0x7b688c1f
16:39:57.0 (14408249)|HEAP_ALLOCATE|[13]|Bytes:5
16:39:57.0 (14432814)|VARIABLE_SCOPE_BEGIN|[13]|inTask|Task|true|false
16:39:57.0 (14646966)|VARIABLE_ASSIGNMENT|[13]|inTask|{"Status":"Completed","LastModifiedDate":"2018-04-17T14:39:57.000Z","IsDeleted":false,"AccountId":"0011r00001nnRDqAAM","WhatId":"0011r00001nnRDqAAM","ActivityDate":"2030-04-28T00:00:00.000Z","Priority":"Normal","IsHighPriority":false,"IsClosed":true,"IsRecurrence":false,"Subject":"sssss","SystemModstamp":"2018-04-17T14:39:57.000Z","IsArchived":false,"CreatedById":"0051r000007Oz5QAAS","TaskSubtype":"Task","OwnerId":"0051r000007Oz5QAAS","CreatedDate":"2018-04-17T14:39:50.000Z","Id":"00T1r00004COsAdEAL","DB_Activity_Type__c":"Other","IsReminderSet":false,"LastModifiedById":"0051r000007Oz5QAAS"}|0x577538a8
16:39:57.0 (14662374)|STATEMENT_EXECUTE|[13]
16:39:57.0 (14759170)|HEAP_ALLOCATE|[14]|Bytes:9
16:39:57.0 (14796195)|STATEMENT_EXECUTE|[14]
16:39:57.0 (14798672)|STATEMENT_EXECUTE|[15]
16:39:57.0 (14835435)|HEAP_ALLOCATE|[EXTERNAL]|Bytes:4
16:39:57.0 (14853624)|HEAP_ALLOCATE|[13]|Bytes:5
16:39:57.0 (14867240)|VARIABLE_ASSIGNMENT|[13]|inTask|null|
16:39:57.0 (14872622)|STATEMENT_EXECUTE|[20]
16:39:57.0 (14888490)|HEAP_ALLOCATE|[20]|Bytes:4
16:39:57.0 (14908587)|HEAP_ALLOCATE|[20]|Bytes:218
16:39:57.0 (14922702)|HEAP_ALLOCATE|[20]|Bytes:4
16:39:57.0 (14930326)|HEAP_ALLOCATE|[20]|Bytes:7
16:39:57.0 (14957588)|HEAP_ALLOCATE|[20]|Bytes:8
16:39:57.0 (14966268)|HEAP_ALLOCATE|[20]|Bytes:8
16:39:57.0 (16011530)|SOQL_EXECUTE_BEGIN|[20]|Aggregations:0|SELECT WhatId, ActivityDate, TYPEOF What WHEN Account THEN Id, Parent.Fecha_ultima_actividad_mas_reciente__c WHEN Opportunity THEN Account.Parent.Fecha_ultima_actividad_mas_reciente__c END FROM Task WHERE Id = :tmpVar1
16:39:57.0 (24581405)|SOQL_EXECUTE_END|[20]|Rows:1
16:39:57.0 (24608364)|HEAP_ALLOCATE|[20]|Bytes:8
16:39:57.0 (24653649)|HEAP_ALLOCATE|[20]|Bytes:227
16:39:57.0 (24700610)|HEAP_ALLOCATE|[20]|Bytes:8
16:39:57.0 (24732308)|HEAP_ALLOCATE|[20]|Bytes:20
16:39:57.0 (24737810)|HEAP_ALLOCATE|[20]|Bytes:20
16:39:57.0 (24741014)|HEAP_ALLOCATE|[20]|Bytes:4
16:39:57.0 (24750277)|VARIABLE_SCOPE_BEGIN|[20]|listTaskType|List<Task>|true|false
16:39:57.0 (24761336)|HEAP_ALLOCATE|[EXTERNAL]|Bytes:8
16:39:57.0 (24803142)|VARIABLE_ASSIGNMENT|[20]|listTaskType|[{"WhatId":"0011r00001nnRDqAAM","ActivityDate":"2030-04-28T00:00:00.000Z","Id":"00T1r00004COsAdEAL","What":{"Id":"0011r00001nnRDqAAM","ParentId":"0011r00001mvH7mAAE","Parent":{"Id":"0011r00001mvH7mAAE","Fecha_ultima_activid (18 more) ...":"2020-04-30T00:00:00.000Z"}}}]|0x7f315c1
16:39:57.0 (24815221)|STATEMENT_EXECUTE|[28]
16:39:57.0 (24820219)|HEAP_ALLOCATE|[28]|Bytes:40
16:39:57.0 (24919543)|HEAP_ALLOCATE|[28]|Bytes:91
16:39:57.0 (24941467)|HEAP_ALLOCATE|[28]|Bytes:131
16:39:57.0 (24961304)|USER_DEBUG|[28]|DEBUG|TaskMethods.CerrarTarea.listTaskType :: (Task:{WhatId=0011r00001nnRDqAAM, ActivityDate=2030-04-28 00:00:00, Id=00T1r00004COsAdEAL})
16:39:57.0 (25006502)|HEAP_ALLOCATE|[31]|Bytes:5
16:39:57.0 (25020854)|HEAP_ALLOCATE|[31]|Bytes:20
16:39:57.0 (25030486)|VARIABLE_SCOPE_BEGIN|[31]|inTask|Task|true|false
16:39:57.0 (25055329)|VARIABLE_ASSIGNMENT|[31]|inTask|{"WhatId":"0011r00001nnRDqAAM","ActivityDate":"2030-04-28T00:00:00.000Z","Id":"00T1r00004COsAdEAL","What":{"Id":"0011r00001nnRDqAAM","ParentId":"0011r00001mvH7mAAE","Parent":{"Id":"0011r00001mvH7mAAE","Fecha_ultima_activid (18 more) ...":"2020-04-30T00:00:00.000Z"}}}|0x31dfc3e9
16:39:57.0 (25065676)|STATEMENT_EXECUTE|[31]
16:39:57.0 (25102926)|HEAP_ALLOCATE|[32]|Bytes:37
16:39:57.0 (25143879)|HEAP_ALLOCATE|[40]|Bytes:33
16:39:57.0 (25154338)|STATEMENT_EXECUTE|[40]
16:39:57.0 (25156359)|STATEMENT_EXECUTE|[41]
16:39:57.0 (25159279)|HEAP_ALLOCATE|[41]|Bytes:7
16:39:57.0 (25179352)|USER_DEBUG|[41]|DEBUG|Account
16:39:57.0 (25268078)|STATEMENT_EXECUTE|[43]
16:39:57.0 (25270822)|STATEMENT_EXECUTE|[44]
16:39:57.0 (25297344)|HEAP_ALLOCATE|[EXTERNAL]|Bytes:4
16:39:57.0 (25306047)|STATEMENT_EXECUTE|[45]
16:39:57.0 (25332056)|HEAP_ALLOCATE|[45]|Bytes:16
16:39:57.0 (25391197)|VARIABLE_ASSIGNMENT|[45]|this.Fecha_ultima_actividad_mas_reciente__c|"2030-04-28T00:00:00.000Z"|0x13aaac39
16:39:57.0 (25398510)|STATEMENT_EXECUTE|[46]
16:39:57.0 (25401643)|HEAP_ALLOCATE|[46]|Bytes:5
16:39:57.0 (25418689)|USER_DEBUG|[46]|DEBUG|ENTRA
16:39:57.0 (25435068)|HEAP_ALLOCATE|[31]|Bytes:5
16:39:57.0 (25448874)|VARIABLE_ASSIGNMENT|[31]|inTask|null|
16:39:57.0 (25455185)|STATEMENT_EXECUTE|[52]
16:39:57.0 (25504828)|DML_BEGIN|[52]|Op:Update|Type:Account|Rows:1
16:39:57.0 (25532075)|HEAP_ALLOCATE|[EXTERNAL]|Bytes:8
16:39:57.0 (48066804)|CODE_UNIT_STARTED|[EXTERNAL]|01q1r000000j8Jg|AccountTrigger on Account trigger event BeforeUpdate
16:39:57.0 (48110522)|HEAP_ALLOCATE|[EXTERNAL]|Bytes:8
16:39:57.0 (48140353)|HEAP_ALLOCATE|[EXTERNAL]|Bytes:8
16:39:57.0 (48282859)|HEAP_ALLOCATE|[EXTERNAL]|Bytes:12
16:39:57.0 (48296818)|VARIABLE_SCOPE_BEGIN|[1]|this|AccountTrigger|true|false
16:39:57.0 (48357814)|VARIABLE_ASSIGNMENT|[1]|this|{}|0x74236257
16:39:57.0 (48418749)|HEAP_ALLOCATE|[EXTERNAL]|Bytes:12
16:39:57.0 (48426677)|VARIABLE_SCOPE_BEGIN|[1]|this|AccountTrigger|true|false
16:39:57.0 (48441350)|VARIABLE_ASSIGNMENT|[1]|this|{}|0x74236257
16:39:57.0 (48452053)|STATEMENT_EXECUTE|[1]
16:39:57.0 (48454399)|STATEMENT_EXECUTE|[3]
16:39:57.0 (49104245)|VARIABLE_ASSIGNMENT|[3]|this.listNew|[{"ParentId":"0011r00001mvH7mAAE","LastModifiedDate":"2018-04-17T14:37:23.000Z","IsDeleted":false,"Fecha_ultima_activid (18 more) ...":"2020-04-30T00:00:00.000Z","SystemModstamp":"2018-04-17T14:37:23.000Z","Name":"prueba","CleanStatus":"Pending","OwnerId":"0051r000007Oz5QAAS","CreatedById":"0051r000007Oz5QAAS","Match_Billing_Addres (4 more) ...":false,"LastActivityDate":"2048-04-01T00:00:00.000Z","CreatedDate":"2018-04-12T09:07:46.000Z","Id":"0011r00001nnRDqAAM","LastModifiedById":"0051r000007Oz5QAAS"}]|0x74236257
16:39:57.0 (49122032)|STATEMENT_EXECUTE|[5]
16:39:57.0 (49482191)|VARIABLE_ASSIGNMENT|[5]|this.mapOld|{"0011r00001nnRDqAAM":{"ParentId":"0011r00001mvH7mAAE","LastModifiedDate":"2018-04-17T14:37:23.000Z","IsDeleted":false,"Fecha_ultima_activid (18 more) ...":"2020-04-30T00:00:00.000Z","SystemModstamp":"2018-04-17T14:37:23.000Z","Name":"prueba","CleanStatus":"Pending","OwnerId":"0051r000007Oz5QAAS","CreatedById":"0051r000007Oz5QAAS","Match_Billing_Addres (4 more) ...":false,"LastActivityDate":"2048-04-01T00:00:00.000Z","CreatedDate":"2018-04-12T09:07:46.000Z","Id":"0011r00001nnRDqAAM","LastModifiedById":"0051r000007Oz5QAAS"}}|0x74236257
16:39:57.0 (49507080)|STATEMENT_EXECUTE|[7]
16:39:57.0 (49511674)|STATEMENT_EXECUTE|[8]
16:39:57.0 (49513361)|STATEMENT_EXECUTE|[9]
16:39:57.0 (52775362)|HEAP_ALLOCATE|[9]|Bytes:1
16:39:57.0 (52815703)|METHOD_ENTRY|[1]|01p1r000009p8Bf|AccountMethods.AccountMethods()
16:39:57.0 (52824089)|STATEMENT_EXECUTE|[1]
16:39:57.0 (52830292)|STATEMENT_EXECUTE|[1]
16:39:57.0 (52841720)|HEAP_ALLOCATE|[9]|Bytes:5
16:39:57.0 (52852685)|METHOD_EXIT|[1]|AccountMethods
16:39:57.0 (52879298)|METHOD_ENTRY|[9]|01p1r000009p8Bf|AccountMethods.ActualizarCuentaHija(List<Account>, Map<Id,Account>)
16:39:57.0 (52910437)|VARIABLE_SCOPE_BEGIN|[3]|listAccount|List<Account>|true|false
16:39:57.0 (53266838)|VARIABLE_ASSIGNMENT|[3]|listAccount|[{"ParentId":"0011r00001mvH7mAAE","LastModifiedDate":"2018-04-17T14:37:23.000Z","IsDeleted":false,"Fecha_ultima_activid (18 more) ...":"2020-04-30T00:00:00.000Z","SystemModstamp":"2018-04-17T14:37:23.000Z","Name":"prueba","CleanStatus":"Pending","OwnerId":"0051r000007Oz5QAAS","CreatedById":"0051r000007Oz5QAAS","Match_Billing_Addres (4 more) ...":false,"LastActivityDate":"2048-04-01T00:00:00.000Z","CreatedDate":"2018-04-12T09:07:46.000Z","Id":"0011r00001nnRDqAAM","LastModifiedById":"0051r000007Oz5QAAS"}]|0x1a6c5f5a
16:39:57.0 (53283355)|VARIABLE_SCOPE_BEGIN|[3]|mapOld|Map<Id,Account>|true|false
16:39:57.0 (53579732)|VARIABLE_ASSIGNMENT|[3]|mapOld|{"0011r00001nnRDqAAM":{"ParentId":"0011r00001mvH7mAAE","LastModifiedDate":"2018-04-17T14:37:23.000Z","IsDeleted":false,"Fecha_ultima_activid (18 more) ...":"2020-04-30T00:00:00.000Z","SystemModstamp":"2018-04-17T14:37:23.000Z","Name":"prueba","CleanStatus":"Pending","OwnerId":"0051r000007Oz5QAAS","CreatedById":"0051r000007Oz5QAAS","Match_Billing_Addres (4 more) ...":false,"LastActivityDate":"2048-04-01T00:00:00.000Z","CreatedDate":"2018-04-12T09:07:46.000Z","Id":"0011r00001nnRDqAAM","LastModifiedById":"0051r000007Oz5QAAS"}}|0x9360e26
16:39:57.0 (53606718)|HEAP_ALLOCATE|[5]|Bytes:5
16:39:57.0 (53613447)|STATEMENT_EXECUTE|[3]
16:39:57.0 (53668475)|STATEMENT_EXECUTE|[5]
16:39:57.0 (53670862)|STATEMENT_EXECUTE|[8]
16:39:57.0 (53687384)|HEAP_ALLOCATE|[8]|Bytes:4
16:39:57.0 (53716928)|VARIABLE_SCOPE_BEGIN|[8]|listAccountIds|List<String>|true|false
16:39:57.0 (53741318)|HEAP_ALLOCATE|[EXTERNAL]|Bytes:4
16:39:57.0 (53750748)|VARIABLE_ASSIGNMENT|[8]|listAccountIds|[]|0xb6ff0b9
16:39:57.0 (53757548)|STATEMENT_EXECUTE|[9]
16:39:57.0 (53790611)|HEAP_ALLOCATE|[9]|Bytes:4
16:39:57.0 (53818043)|VARIABLE_SCOPE_BEGIN|[9]|mapAccountParent|Map<String,Account>|true|false
16:39:57.0 (53831688)|VARIABLE_ASSIGNMENT|[9]|mapAccountParent|{}|0x6fc72547
16:39:57.0 (53945424)|HEAP_ALLOCATE|[11]|Bytes:5
16:39:57.0 (53965578)|HEAP_ALLOCATE|[11]|Bytes:4
16:39:57.0 (53974083)|VARIABLE_SCOPE_BEGIN|[11]|inAccount|Account|true|false
16:39:57.0 (54300818)|VARIABLE_ASSIGNMENT|[11]|inAccount|{"ParentId":"0011r00001mvH7mAAE","LastModifiedDate":"2018-04-17T14:37:23.000Z","IsDeleted":false,"Fecha_ultima_activid (18 more) ...":"2020-04-30T00:00:00.000Z","SystemModstamp":"2018-04-17T14:37:23.000Z","Name":"prueba","CleanStatus":"Pending","OwnerId":"0051r000007Oz5QAAS","CreatedById":"0051r000007Oz5QAAS","Match_Billing_Addres (4 more) ...":false,"LastActivityDate":"2048-04-01T00:00:00.000Z","CreatedDate":"2018-04-12T09:07:46.000Z","Id":"0011r00001nnRDqAAM","LastModifiedById":"0051r000007Oz5QAAS"}|0x2e575a87
16:39:57.0 (54316603)|STATEMENT_EXECUTE|[11]
16:39:57.0 (54339211)|STATEMENT_EXECUTE|[12]
16:39:57.0 (54351384)|HEAP_ALLOCATE|[11]|Bytes:5
16:39:57.0 (54365128)|VARIABLE_ASSIGNMENT|[11]|inAccount|null|
16:39:57.0 (54370515)|STATEMENT_EXECUTE|[19]
16:39:57.0 (54374234)|HEAP_ALLOCATE|[19]|Bytes:99
16:39:57.0 (54386416)|HEAP_ALLOCATE|[19]|Bytes:4
16:39:57.0 (54567194)|SOQL_EXECUTE_BEGIN|[19]|Aggregations:0|SELECT Id, Fecha_ultima_actividad_mas_reciente__c, ParentId FROM Account WHERE ParentId IN :tmpVar1
16:39:57.0 (57552393)|SOQL_EXECUTE_END|[19]|Rows:0
16:39:57.0 (57574548)|HEAP_ALLOCATE|[19]|Bytes:4
16:39:57.0 (57588742)|HEAP_ALLOCATE|[19]|Bytes:0
16:39:57.0 (57615244)|HEAP_ALLOCATE|[19]|Bytes:4
16:39:57.0 (57630412)|VARIABLE_SCOPE_BEGIN|[19]|listAccountChild|List<Account>|true|false
16:39:57.0 (57645544)|VARIABLE_ASSIGNMENT|[19]|listAccountChild|[]|0x1bb2c4ce
16:39:57.0 (57684505)|HEAP_ALLOCATE|[22]|Bytes:5
16:39:57.0 (57700755)|VARIABLE_ASSIGNMENT|[22]|inAccount|null|
16:39:57.0 (57707718)|STATEMENT_EXECUTE|[22]
16:39:57.0 (57710065)|STATEMENT_EXECUTE|[26]
16:39:57.0 (57767784)|HEAP_ALLOCATE|[EXTERNAL]|Bytes:4
16:39:57.0 (57780400)|METHOD_EXIT|[9]|01p1r000009p8Bf|AccountMethods.ActualizarCuentaHija(List<Account>, Map<Id,Account>)
16:39:57.57 (57790917)|CUMULATIVE_LIMIT_USAGE
16:39:57.57 (57790917)|LIMIT_USAGE_FOR_NS|(default)|
  Number of SOQL queries: 2 out of 100
  Number of query rows: 1 out of 50000
  Number of SOSL queries: 0 out of 20
  Number of DML statements: 1 out of 150
  Number of DML rows: 1 out of 10000
  Maximum CPU time: 0 out of 10000
  Maximum heap size: 0 out of 6000000
  Number of callouts: 0 out of 100
  Number of Email Invocations: 0 out of 10
  Number of future calls: 0 out of 50
  Number of queueable jobs added to the queue: 0 out of 50
  Number of Mobile Apex push calls: 0 out of 10

16:39:57.57 (57790917)|CUMULATIVE_LIMIT_USAGE_END

16:39:57.0 (58892001)|CODE_UNIT_FINISHED|AccountTrigger on Account trigger event BeforeUpdate
16:39:57.0 (61971945)|CODE_UNIT_STARTED|[EXTERNAL]|DuplicateDetector
16:39:57.0 (61986961)|DUPLICATE_DETECTION_BEGIN
16:39:57.0 (62582943)|DUPLICATE_DETECTION_RULE_INVOCATION|DuplicateRuleId:0Bm1r0000018X88|DuplicateRuleName:Standard Account Duplicate Rule|DmlType:UPDATE
16:39:57.0 (62619932)|DUPLICATE_DETECTION_END
16:39:57.0 (62624919)|CODE_UNIT_FINISHED|DuplicateDetector
16:39:57.0 (76423088)|DML_END|[52]
16:39:57.0 (76463595)|HEAP_ALLOCATE|[EXTERNAL]|Bytes:8
16:39:57.0 (76483249)|SYSTEM_MODE_EXIT|false
16:39:57.0 (76499027)|METHOD_EXIT|[10]|01p1r000009oS6S|TaskMethods.CerrarTarea(List<Task>, Map<Id,Task>)
16:39:57.76 (76513509)|CUMULATIVE_LIMIT_USAGE
16:39:57.76 (76513509)|LIMIT_USAGE_FOR_NS|(default)|
  Number of SOQL queries: 2 out of 100
  Number of query rows: 1 out of 50000
  Number of SOSL queries: 0 out of 20
  Number of DML statements: 1 out of 150
  Number of DML rows: 1 out of 10000
  Maximum CPU time: 0 out of 10000
  Maximum heap size: 0 out of 6000000
  Number of callouts: 0 out of 100
  Number of Email Invocations: 0 out of 10
  Number of future calls: 0 out of 50
  Number of queueable jobs added to the queue: 0 out of 50
  Number of Mobile Apex push calls: 0 out of 10

16:39:57.76 (76513509)|CUMULATIVE_LIMIT_USAGE_END

16:39:57.0 (77734492)|CODE_UNIT_FINISHED|TaskTrigger on Task trigger event AfterUpdate
16:39:57.0 (78594257)|EXECUTION_FINISHED
16:39:57.87 (87609449)|USER_INFO|[EXTERNAL]|0051r000007Oz5Q|lydia.abril@gmail.com|hora estándar de Europa central|GMT+02:00
16:39:57.87 (87628057)|EXECUTION_STARTED
16:39:57.87 (87631398)|CODE_UNIT_STARTED|[EXTERNAL]|DuplicateDetector
16:39:57.87 (87641981)|DUPLICATE_DETECTION_BEGIN
16:39:57.87 (87708134)|DUPLICATE_DETECTION_RULE_INVOCATION|DuplicateRuleId:0Bm1r0000018X88|DuplicateRuleName:Standard Account Duplicate Rule|DmlType:UPDATE
16:39:57.87 (99222041)|DUPLICATE_DETECTION_END
16:39:57.87 (99230921)|CODE_UNIT_FINISHED|DuplicateDetector
16:39:57.87 (100082528)|EXECUTION_FINISHED
