36.0 APEX_CODE,FINEST;APEX_PROFILING,INFO;CALLOUT,INFO;DB,INFO;SYSTEM,DEBUG;VALIDATION,INFO;VISUALFORCE,INFO;WAVE,INFO;WORKFLOW,INFO
12:47:03.0 (401774)|USER_INFO|[EXTERNAL]|0051r000007Oz5Q|lydia.abril@gmail.com|hora estándar de Europa central|GMT+02:00
12:47:03.0 (498831)|EXECUTION_STARTED
12:47:03.0 (504561)|CODE_UNIT_STARTED|[EXTERNAL]|01p1r000009p7mK|EventTest.testCrearEvento
12:47:03.0 (787166)|HEAP_ALLOCATE|[72]|Bytes:3
12:47:03.0 (846337)|HEAP_ALLOCATE|[77]|Bytes:152
12:47:03.0 (866276)|HEAP_ALLOCATE|[342]|Bytes:408
12:47:03.0 (890214)|HEAP_ALLOCATE|[355]|Bytes:408
12:47:03.0 (929706)|HEAP_ALLOCATE|[467]|Bytes:48
12:47:03.0 (965655)|HEAP_ALLOCATE|[139]|Bytes:6
12:47:03.0 (990131)|HEAP_ALLOCATE|[EXTERNAL]|Bytes:35
12:47:03.0 (1055963)|METHOD_ENTRY|[2]|01p1r000009p7mK|EventTest.EventTest()
12:47:03.0 (1069439)|STATEMENT_EXECUTE|[2]
12:47:03.0 (1076929)|STATEMENT_EXECUTE|[2]
12:47:03.0 (1096456)|METHOD_EXIT|[2]|EventTest
12:47:03.0 (1357252)|HEAP_ALLOCATE|[50]|Bytes:5
12:47:03.0 (1400372)|HEAP_ALLOCATE|[56]|Bytes:5
12:47:03.0 (1417094)|HEAP_ALLOCATE|[64]|Bytes:7
12:47:03.0 (1461081)|STATEMENT_EXECUTE|[4]
12:47:03.0 (1465372)|STATEMENT_EXECUTE|[6]
12:47:03.0 (1516871)|HEAP_ALLOCATE|[6]|Bytes:4
12:47:03.0 (1622440)|HEAP_ALLOCATE|[6]|Bytes:12
12:47:03.0 (1684393)|VARIABLE_ASSIGNMENT|[6]|this.Name|"CuentaParent"|0x5e42c90d
12:47:03.0 (1714273)|VARIABLE_SCOPE_BEGIN|[6]|oAccountParent|Account|true|false
12:47:03.0 (1750070)|VARIABLE_ASSIGNMENT|[6]|oAccountParent|{"Name":"CuentaParent"}|0x5e42c90d
12:47:03.0 (1758332)|STATEMENT_EXECUTE|[7]
12:47:03.0 (1785107)|HEAP_ALLOCATE|[7]|Bytes:8
12:47:03.0 (1795064)|DML_BEGIN|[7]|Op:Insert|Type:Account|Rows:1
12:47:03.0 (1833233)|HEAP_ALLOCATE|[EXTERNAL]|Bytes:8
12:47:03.0 (11418206)|CODE_UNIT_STARTED|[EXTERNAL]|DuplicateDetector
12:47:03.0 (11467354)|DUPLICATE_DETECTION_BEGIN
12:47:03.0 (12179820)|DUPLICATE_DETECTION_RULE_INVOCATION|DuplicateRuleId:0Bm1r0000018X88|DuplicateRuleName:Standard Account Duplicate Rule|DmlType:INSERT
12:47:03.0 (38234402)|DUPLICATE_DETECTION_MATCH_INVOCATION_DETAILS|EntityType:Account|ActionTaken:Allow_[Alert,Report]|DuplicateRecordIds:
12:47:03.0 (38269657)|DUPLICATE_DETECTION_MATCH_INVOCATION_SUMMARY|EntityType:Account|NumRecordsToBeSaved:1|NumRecordsToBeSavedWithDuplicates:0|NumDuplicateRecordsFound:0
12:47:03.0 (38463686)|DUPLICATE_DETECTION_END
12:47:03.0 (38471260)|CODE_UNIT_FINISHED|DuplicateDetector
12:47:03.0 (81049287)|DML_END|[7]
12:47:03.0 (81087219)|STATEMENT_EXECUTE|[9]
12:47:03.0 (81119706)|HEAP_ALLOCATE|[9]|Bytes:4
12:47:03.0 (81147919)|HEAP_ALLOCATE|[9]|Bytes:6
12:47:03.0 (81201943)|VARIABLE_ASSIGNMENT|[9]|this.Name|"Cuenta"|0x2786ab07
12:47:03.0 (81257088)|VARIABLE_ASSIGNMENT|[9]|this.ParentId|"0011r00001nnRz0AAE"|0x2786ab07
12:47:03.0 (81357443)|HEAP_ALLOCATE|[11]|Bytes:4
12:47:03.0 (81425271)|VARIABLE_ASSIGNMENT|[9]|this.Fecha_ltima_actividad_m_s_reciente__c|"2018-01-11T00:00:00.000Z"|0x2786ab07
12:47:03.0 (81472309)|VARIABLE_SCOPE_BEGIN|[9]|oAccount|Account|true|false
12:47:03.0 (81511761)|VARIABLE_ASSIGNMENT|[9]|oAccount|{"Name":"Cuenta","ParentId":"0011r00001nnRz0AAE","Fecha_ltima_activida (17 more) ...":"2018-01-11T00:00:00.000Z"}|0x2786ab07
12:47:03.0 (81527575)|STATEMENT_EXECUTE|[12]
12:47:03.0 (81551312)|HEAP_ALLOCATE|[12]|Bytes:8
12:47:03.0 (81563489)|DML_BEGIN|[12]|Op:Insert|Type:Account|Rows:1
12:47:03.0 (81602847)|HEAP_ALLOCATE|[EXTERNAL]|Bytes:8
12:47:03.0 (85574563)|CODE_UNIT_STARTED|[EXTERNAL]|DuplicateDetector
12:47:03.0 (85592473)|DUPLICATE_DETECTION_BEGIN
12:47:03.0 (85642960)|DUPLICATE_DETECTION_RULE_INVOCATION|DuplicateRuleId:0Bm1r0000018X88|DuplicateRuleName:Standard Account Duplicate Rule|DmlType:INSERT
12:47:03.0 (96225142)|DUPLICATE_DETECTION_MATCH_INVOCATION_DETAILS|EntityType:Account|ActionTaken:Allow_[Alert,Report]|DuplicateRecordIds:
12:47:03.0 (96249898)|DUPLICATE_DETECTION_MATCH_INVOCATION_SUMMARY|EntityType:Account|NumRecordsToBeSaved:1|NumRecordsToBeSavedWithDuplicates:0|NumDuplicateRecordsFound:0
12:47:03.0 (96340362)|DUPLICATE_DETECTION_END
12:47:03.0 (96347589)|CODE_UNIT_FINISHED|DuplicateDetector
12:47:03.0 (110583532)|DML_END|[12]
12:47:03.0 (110624157)|STATEMENT_EXECUTE|[14]
12:47:03.0 (110686471)|HEAP_ALLOCATE|[14]|Bytes:4
12:47:03.0 (110831771)|HEAP_ALLOCATE|[14]|Bytes:4
12:47:03.0 (110856673)|HEAP_ALLOCATE|[14]|Bytes:56
12:47:03.0 (110937769)|VARIABLE_ASSIGNMENT|[14]|this.StartDateTime|"2020-01-11T00:00:00.000Z"|0x6dd72b69
12:47:03.0 (110989943)|HEAP_ALLOCATE|[15]|Bytes:4
12:47:03.0 (111009169)|HEAP_ALLOCATE|[14]|Bytes:56
12:47:03.0 (111048834)|VARIABLE_ASSIGNMENT|[14]|this.EndDateTime|"2020-01-11T00:00:00.000Z"|0x6dd72b69
12:47:03.0 (111083132)|VARIABLE_ASSIGNMENT|[14]|this.IsAllDayEvent|true|0x6dd72b69
12:47:03.0 (111136166)|VARIABLE_ASSIGNMENT|[14]|this.WhatId|"0011r00001nnRz1AAE"|0x6dd72b69
12:47:03.0 (111174983)|VARIABLE_SCOPE_BEGIN|[14]|oEvent|Event|true|false
12:47:03.0 (111216792)|VARIABLE_ASSIGNMENT|[14]|oEvent|{"StartDateTime":"2020-01-11T00:00:00.000Z","EndDateTime":"2020-01-11T00:00:00.000Z","IsAllDayEvent":true,"WhatId":"0011r00001nnRz1AAE"}|0x6dd72b69
12:47:03.0 (111230256)|STATEMENT_EXECUTE|[19]
12:47:03.0 (111253856)|HEAP_ALLOCATE|[19]|Bytes:8
12:47:03.0 (111265827)|DML_BEGIN|[19]|Op:Insert|Type:Event|Rows:1
12:47:03.0 (111307011)|HEAP_ALLOCATE|[EXTERNAL]|Bytes:8
12:47:03.0 (115374120)|CODE_UNIT_STARTED|[EXTERNAL]|01q1r000000j8Jb|EventTrigger on Event trigger event BeforeInsert
12:47:03.0 (115413241)|HEAP_ALLOCATE|[EXTERNAL]|Bytes:8
12:47:03.0 (115566916)|HEAP_ALLOCATE|[EXTERNAL]|Bytes:8
12:47:03.0 (115602678)|VARIABLE_SCOPE_BEGIN|[1]|this|EventTrigger|true|false
12:47:03.0 (115660042)|VARIABLE_ASSIGNMENT|[1]|this|{}|0xa545992
12:47:03.0 (115739695)|HEAP_ALLOCATE|[EXTERNAL]|Bytes:8
12:47:03.0 (115794555)|VARIABLE_SCOPE_BEGIN|[1]|this|EventTrigger|true|false
12:47:03.0 (115812628)|VARIABLE_ASSIGNMENT|[1]|this|{}|0xa545992
12:47:03.0 (115821870)|STATEMENT_EXECUTE|[1]
12:47:03.0 (115824232)|STATEMENT_EXECUTE|[3]
12:47:03.0 (116781279)|VARIABLE_ASSIGNMENT|[3]|this.listNew|[{"IsDeleted":false,"WhatId":"0011r00001nnRz1AAE","ActivityDate":"2020-01-11T00:00:00.000Z","IsRecurrence":false,"GroupEventType":"0","IsArchived":false,"StartDateTime":"2020-01-11T00:00:00.000Z","DurationInMinutes":1440,"OwnerId":"0051r000007Oz5QAAS","IsAllDayEvent":true,"EndDateTime":"2020-01-11T00:00:00.000Z","IsChild":false,"DB_Activity_Type__c":"Other","IsReminderSet":false,"IsPrivate":false,"ShowAs":"Busy","IsGroupEvent":false}]|0xa545992
12:47:03.0 (116809846)|STATEMENT_EXECUTE|[5]
12:47:03.0 (116816378)|STATEMENT_EXECUTE|[6]
12:47:03.0 (116818348)|STATEMENT_EXECUTE|[7]
12:47:03.0 (117898001)|HEAP_ALLOCATE|[7]|Bytes:1
12:47:03.0 (117954219)|METHOD_ENTRY|[1]|01p1r000009p7V5|EventMethods.EventMethods()
12:47:03.0 (117962706)|STATEMENT_EXECUTE|[1]
12:47:03.0 (117968194)|STATEMENT_EXECUTE|[1]
12:47:03.0 (118351816)|SYSTEM_MODE_ENTER|false
12:47:03.0 (118367274)|HEAP_ALLOCATE|[7]|Bytes:5
12:47:03.0 (118377407)|SYSTEM_MODE_EXIT|false
12:47:03.0 (118388370)|METHOD_EXIT|[1]|EventMethods
12:47:03.0 (118412968)|METHOD_ENTRY|[7]|01p1r000009p7V5|EventMethods.CrearEvento(List<Event>)
12:47:03.0 (118442882)|VARIABLE_SCOPE_BEGIN|[3]|listEvent|List<Event>|true|false
12:47:03.0 (118630734)|VARIABLE_ASSIGNMENT|[3]|listEvent|[{"IsDeleted":false,"WhatId":"0011r00001nnRz1AAE","ActivityDate":"2020-01-11T00:00:00.000Z","IsRecurrence":false,"GroupEventType":"0","IsArchived":false,"StartDateTime":"2020-01-11T00:00:00.000Z","DurationInMinutes":1440,"OwnerId":"0051r000007Oz5QAAS","IsAllDayEvent":true,"EndDateTime":"2020-01-11T00:00:00.000Z","IsChild":false,"DB_Activity_Type__c":"Other","IsReminderSet":false,"IsPrivate":false,"ShowAs":"Busy","IsGroupEvent":false}]|0x6fe77431
12:47:03.0 (118663858)|SYSTEM_MODE_ENTER|false
12:47:03.0 (118671370)|HEAP_ALLOCATE|[5]|Bytes:5
12:47:03.0 (118678355)|STATEMENT_EXECUTE|[3]
12:47:03.0 (118760586)|STATEMENT_EXECUTE|[5]
12:47:03.0 (118763154)|STATEMENT_EXECUTE|[7]
12:47:03.0 (118795528)|HEAP_ALLOCATE|[7]|Bytes:4
12:47:03.0 (118835482)|VARIABLE_SCOPE_BEGIN|[7]|listAccountInsert|List<Account>|true|false
12:47:03.0 (118845915)|HEAP_ALLOCATE|[EXTERNAL]|Bytes:4
12:47:03.0 (118854750)|VARIABLE_ASSIGNMENT|[7]|listAccountInsert|[]|0x42332d9a
12:47:03.0 (118865083)|STATEMENT_EXECUTE|[10]
12:47:03.0 (118877100)|HEAP_ALLOCATE|[10]|Bytes:4
12:47:03.0 (118900989)|VARIABLE_SCOPE_BEGIN|[10]|listAccountIds|Set<String>|true|false
12:47:03.0 (118926891)|VARIABLE_ASSIGNMENT|[10]|listAccountIds|[]|0x4630466b
12:47:03.0 (119063106)|HEAP_ALLOCATE|[11]|Bytes:5
12:47:03.0 (119103465)|HEAP_ALLOCATE|[11]|Bytes:4
12:47:03.0 (119112066)|VARIABLE_SCOPE_BEGIN|[11]|inEvent|Event|true|false
12:47:03.0 (119316127)|VARIABLE_ASSIGNMENT|[11]|inEvent|{"IsDeleted":false,"WhatId":"0011r00001nnRz1AAE","ActivityDate":"2020-01-11T00:00:00.000Z","IsRecurrence":false,"GroupEventType":"0","IsArchived":false,"StartDateTime":"2020-01-11T00:00:00.000Z","DurationInMinutes":1440,"OwnerId":"0051r000007Oz5QAAS","IsAllDayEvent":true,"EndDateTime":"2020-01-11T00:00:00.000Z","IsChild":false,"DB_Activity_Type__c":"Other","IsReminderSet":false,"IsPrivate":false,"ShowAs":"Busy","IsGroupEvent":false}|0x2834524b
12:47:03.0 (119331120)|STATEMENT_EXECUTE|[11]
12:47:03.0 (119333226)|STATEMENT_EXECUTE|[12]
12:47:03.0 (119401073)|HEAP_ALLOCATE|[EXTERNAL]|Bytes:4
12:47:03.0 (119421178)|HEAP_ALLOCATE|[11]|Bytes:5
12:47:03.0 (119434060)|VARIABLE_ASSIGNMENT|[11]|inEvent|null|
12:47:03.0 (119440164)|STATEMENT_EXECUTE|[15]
12:47:03.0 (119480276)|HEAP_ALLOCATE|[15]|Bytes:4
12:47:03.0 (119487525)|HEAP_ALLOCATE|[15]|Bytes:91
12:47:03.0 (119496686)|HEAP_ALLOCATE|[15]|Bytes:4
12:47:03.0 (119506599)|HEAP_ALLOCATE|[15]|Bytes:7
12:47:03.0 (119540262)|HEAP_ALLOCATE|[15]|Bytes:8
12:47:03.0 (119548810)|HEAP_ALLOCATE|[15]|Bytes:8
12:47:03.0 (119740075)|SOQL_EXECUTE_BEGIN|[15]|Aggregations:0|SELECT Id, Fecha_ltima_actividad_m_s_reciente__c, ParentId FROM Account WHERE id = :tmpVar1
12:47:03.0 (123866559)|SOQL_EXECUTE_END|[15]|Rows:1
12:47:03.0 (123890605)|HEAP_ALLOCATE|[15]|Bytes:8
12:47:03.0 (123909795)|HEAP_ALLOCATE|[15]|Bytes:104
12:47:03.0 (123939717)|HEAP_ALLOCATE|[15]|Bytes:8
12:47:03.0 (123976467)|HEAP_ALLOCATE|[15]|Bytes:16
12:47:03.0 (123987740)|HEAP_ALLOCATE|[15]|Bytes:18
12:47:03.0 (123997490)|VARIABLE_SCOPE_BEGIN|[15]|mapAccount|Map<String,Account>|true|false
12:47:03.0 (124036467)|VARIABLE_ASSIGNMENT|[15]|mapAccount|{"0011r00001nnRz1AAE":{"Id":"0011r00001nnRz1AAE","Fecha_ltima_activida (17 more) ...":"2018-01-11T00:00:00.000Z","ParentId":"0011r00001nnRz0AAE"}}|0x193f637a
12:47:03.0 (124084002)|HEAP_ALLOCATE|[18]|Bytes:5
12:47:03.0 (124101009)|HEAP_ALLOCATE|[18]|Bytes:4
12:47:03.0 (124109476)|VARIABLE_SCOPE_BEGIN|[18]|inEvent|Event|true|false
12:47:03.0 (124294037)|VARIABLE_ASSIGNMENT|[18]|inEvent|{"IsDeleted":false,"WhatId":"0011r00001nnRz1AAE","ActivityDate":"2020-01-11T00:00:00.000Z","IsRecurrence":false,"GroupEventType":"0","IsArchived":false,"StartDateTime":"2020-01-11T00:00:00.000Z","DurationInMinutes":1440,"OwnerId":"0051r000007Oz5QAAS","IsAllDayEvent":true,"EndDateTime":"2020-01-11T00:00:00.000Z","IsChild":false,"DB_Activity_Type__c":"Other","IsReminderSet":false,"IsPrivate":false,"ShowAs":"Busy","IsGroupEvent":false}|0x2834524b
12:47:03.0 (124308384)|STATEMENT_EXECUTE|[18]
12:47:03.0 (124451795)|STATEMENT_EXECUTE|[20]
12:47:03.0 (124455141)|STATEMENT_EXECUTE|[21]
12:47:03.0 (124524992)|VARIABLE_ASSIGNMENT|[21]|this.Fecha_ltima_actividad_m_s_reciente__c|"2020-01-11T00:00:00.000Z"|0x13c1d07a
12:47:03.0 (124533844)|STATEMENT_EXECUTE|[22]
12:47:03.0 (124578614)|HEAP_ALLOCATE|[EXTERNAL]|Bytes:4
12:47:03.0 (124595875)|HEAP_ALLOCATE|[18]|Bytes:5
12:47:03.0 (124609807)|VARIABLE_ASSIGNMENT|[18]|inEvent|null|
12:47:03.0 (124616128)|STATEMENT_EXECUTE|[25]
12:47:03.0 (124659280)|DML_BEGIN|[25]|Op:Update|Type:Account|Rows:1
12:47:03.0 (124687941)|HEAP_ALLOCATE|[EXTERNAL]|Bytes:8
12:47:03.0 (130198458)|CODE_UNIT_STARTED|[EXTERNAL]|DuplicateDetector
12:47:03.0 (130224491)|DUPLICATE_DETECTION_BEGIN
12:47:03.0 (130294203)|DUPLICATE_DETECTION_RULE_INVOCATION|DuplicateRuleId:0Bm1r0000018X88|DuplicateRuleName:Standard Account Duplicate Rule|DmlType:UPDATE
12:47:03.0 (130334533)|DUPLICATE_DETECTION_END
12:47:03.0 (130340724)|CODE_UNIT_FINISHED|DuplicateDetector
12:47:03.0 (142229780)|DML_END|[25]
12:47:03.0 (142326011)|HEAP_ALLOCATE|[EXTERNAL]|Bytes:8
12:47:03.0 (142359235)|SYSTEM_MODE_EXIT|false
12:47:03.0 (142385219)|METHOD_EXIT|[7]|01p1r000009p7V5|EventMethods.CrearEvento(List<Event>)
12:47:03.142 (142407537)|CUMULATIVE_LIMIT_USAGE
12:47:03.142 (142407537)|LIMIT_USAGE_FOR_NS|(default)|
  Number of SOQL queries: 1 out of 100
  Number of query rows: 1 out of 50000
  Number of SOSL queries: 0 out of 20
  Number of DML statements: 4 out of 150
  Number of DML rows: 4 out of 10000
  Maximum CPU time: 0 out of 10000
  Maximum heap size: 0 out of 6000000
  Number of callouts: 0 out of 100
  Number of Email Invocations: 0 out of 10
  Number of future calls: 0 out of 50
  Number of queueable jobs added to the queue: 0 out of 50
  Number of Mobile Apex push calls: 0 out of 10

12:47:03.142 (142407537)|CUMULATIVE_LIMIT_USAGE_END

12:47:03.0 (143783136)|CODE_UNIT_FINISHED|EventTrigger on Event trigger event BeforeInsert
12:47:03.0 (170930268)|DML_END|[19]
12:47:03.0 (170966725)|STATEMENT_EXECUTE|[21]
12:47:03.0 (170980166)|HEAP_ALLOCATE|[21]|Bytes:77
12:47:03.0 (171012263)|HEAP_ALLOCATE|[21]|Bytes:4
12:47:03.0 (171212304)|SOQL_EXECUTE_BEGIN|[21]|Aggregations:0|SELECT Fecha_ltima_actividad_m_s_reciente__c FROM Account WHERE Id = :tmpVar1
12:47:03.0 (182455825)|SOQL_EXECUTE_END|[21]|Rows:1
12:47:03.0 (182496844)|HEAP_ALLOCATE|[21]|Bytes:8
12:47:03.0 (182518097)|HEAP_ALLOCATE|[21]|Bytes:74
12:47:03.0 (182563732)|HEAP_ALLOCATE|[21]|Bytes:8
12:47:03.0 (182584773)|VARIABLE_SCOPE_BEGIN|[21]|listAccountCheck|List<Account>|true|false
12:47:03.0 (182644310)|VARIABLE_ASSIGNMENT|[21]|listAccountCheck|[{"Fecha_ltima_activida (17 more) ...":"2020-01-11T00:00:00.000Z","Id":"0011r00001nnRz1AAE"}]|0x3fc57d68
12:47:03.0 (182655998)|STATEMENT_EXECUTE|[23]
12:47:03.0 (182709109)|HEAP_ALLOCATE|[23]|Bytes:12
12:47:03.0 (182807685)|EXCEPTION_THROWN|[23]|System.AssertException: Assertion Failed: Expected: 2020-01-11 00:00:00, Actual: null
12:47:03.0 (182892631)|HEAP_ALLOCATE|[23]|Bytes:65
12:47:03.0 (182970532)|FATAL_ERROR|System.AssertException: Assertion Failed: Expected: 2020-01-11 00:00:00, Actual: null

Class.EventTest.testCrearEvento: line 23, column 1
12:47:03.0 (182984262)|FATAL_ERROR|System.AssertException: Assertion Failed: Expected: 2020-01-11 00:00:00, Actual: null

Class.EventTest.testCrearEvento: line 23, column 1
12:47:03.182 (182991495)|CUMULATIVE_LIMIT_USAGE
12:47:03.182 (182991495)|LIMIT_USAGE_FOR_NS|(default)|
  Number of SOQL queries: 2 out of 100
  Number of query rows: 2 out of 50000
  Number of SOSL queries: 0 out of 20
  Number of DML statements: 4 out of 150
  Number of DML rows: 4 out of 10000
  Maximum CPU time: 0 out of 10000
  Maximum heap size: 0 out of 6000000
  Number of callouts: 0 out of 100
  Number of Email Invocations: 0 out of 10
  Number of future calls: 0 out of 50
  Number of queueable jobs added to the queue: 0 out of 50
  Number of Mobile Apex push calls: 0 out of 10

12:47:03.182 (182991495)|CUMULATIVE_LIMIT_USAGE_END

12:47:03.0 (183025761)|CODE_UNIT_FINISHED|EventTest.testCrearEvento
12:47:03.0 (184203529)|EXECUTION_FINISHED
12:47:03.287 (287850540)|USER_INFO|[EXTERNAL]|0051r000007Oz5Q|lydia.abril@gmail.com|hora estándar de Europa central|GMT+02:00
12:47:03.287 (287873168)|EXECUTION_STARTED
12:47:03.287 (287877549)|CODE_UNIT_STARTED|[EXTERNAL]|DuplicateDetector
12:47:03.287 (287890210)|DUPLICATE_DETECTION_BEGIN
12:47:03.287 (287972673)|DUPLICATE_DETECTION_RULE_INVOCATION|DuplicateRuleId:0Bm1r0000018X88|DuplicateRuleName:Standard Account Duplicate Rule|DmlType:UPDATE
12:47:03.287 (297487099)|DUPLICATE_DETECTION_END
12:47:03.287 (297495422)|CODE_UNIT_FINISHED|DuplicateDetector
12:47:03.287 (298301959)|EXECUTION_FINISHED
12:47:03.299 (299818436)|USER_INFO|[EXTERNAL]|0051r000007Oz5Q|lydia.abril@gmail.com|hora estándar de Europa central|GMT+02:00
12:47:03.299 (299835761)|EXECUTION_STARTED
12:47:03.299 (299839274)|CODE_UNIT_STARTED|[EXTERNAL]|DuplicateDetector
12:47:03.299 (299848331)|DUPLICATE_DETECTION_BEGIN
12:47:03.299 (299891862)|DUPLICATE_DETECTION_RULE_INVOCATION|DuplicateRuleId:0Bm1r0000018X88|DuplicateRuleName:Standard Account Duplicate Rule|DmlType:INSERT
12:47:03.299 (307363106)|DUPLICATE_DETECTION_END
12:47:03.299 (307369983)|CODE_UNIT_FINISHED|DuplicateDetector
12:47:03.299 (308174846)|EXECUTION_FINISHED
