36.0 APEX_CODE,FINEST;APEX_PROFILING,INFO;CALLOUT,INFO;DB,INFO;SYSTEM,DEBUG;VALIDATION,INFO;VISUALFORCE,INFO;WAVE,INFO;WORKFLOW,INFO
08:28:35.0 (66160)|USER_INFO|[EXTERNAL]|0051r000007Oz5Q|lydia.abril@gmail.com|hora estándar de Europa central|GMT+02:00
08:28:35.0 (97045)|EXECUTION_STARTED
08:28:35.0 (101230)|CODE_UNIT_STARTED|[EXTERNAL]|TRIGGERS
08:28:35.0 (796243)|CODE_UNIT_STARTED|[EXTERNAL]|01q1r000000j8Jb|EventTrigger on Event trigger event BeforeInsert
08:28:35.0 (841244)|HEAP_ALLOCATE|[EXTERNAL]|Bytes:8
08:28:35.0 (1242470)|HEAP_ALLOCATE|[72]|Bytes:3
08:28:35.0 (1284716)|HEAP_ALLOCATE|[77]|Bytes:152
08:28:35.0 (1300325)|HEAP_ALLOCATE|[342]|Bytes:408
08:28:35.0 (1313204)|HEAP_ALLOCATE|[355]|Bytes:408
08:28:35.0 (1324132)|HEAP_ALLOCATE|[467]|Bytes:48
08:28:35.0 (1351415)|HEAP_ALLOCATE|[139]|Bytes:6
08:28:35.0 (1488882)|HEAP_ALLOCATE|[EXTERNAL]|Bytes:12
08:28:35.0 (1517662)|VARIABLE_SCOPE_BEGIN|[1]|this|EventTrigger|true|false
08:28:35.0 (1597483)|VARIABLE_ASSIGNMENT|[1]|this|{}|0x3e12c74d
08:28:35.0 (1662352)|HEAP_ALLOCATE|[EXTERNAL]|Bytes:12
08:28:35.0 (1709270)|VARIABLE_SCOPE_BEGIN|[1]|this|EventTrigger|true|false
08:28:35.0 (1724109)|VARIABLE_ASSIGNMENT|[1]|this|{}|0x3e12c74d
08:28:35.0 (1733846)|STATEMENT_EXECUTE|[1]
08:28:35.0 (1736365)|STATEMENT_EXECUTE|[3]
08:28:35.0 (1768294)|HEAP_ALLOCATE|[50]|Bytes:5
08:28:35.0 (1792418)|HEAP_ALLOCATE|[56]|Bytes:5
08:28:35.0 (1800636)|HEAP_ALLOCATE|[64]|Bytes:7
08:28:35.0 (2709726)|VARIABLE_ASSIGNMENT|[3]|this.listNew|[{"IsDeleted":false,"WhatId":"0011r00001nnRDqAAM","ActivityDate":"2048-04-26T00:00:00.000Z","IsRecurrence":false,"GroupEventType":"0","Subject":"pruebaEvent","IsArchived":false,"StartDateTime":"2048-04-26T00:00:00.000Z","DurationInMinutes":1440,"OwnerId":"0051r000007Oz5QAAS","IsAllDayEvent":true,"EndDateTime":"2048-04-26T00:00:00.000Z","IsChild":false,"DB_Activity_Type__c":"Other","IsReminderSet":false,"IsPrivate":false,"ShowAs":"Busy","IsGroupEvent":false}]|0x3e12c74d
08:28:35.0 (2726773)|STATEMENT_EXECUTE|[5]
08:28:35.0 (2746794)|VARIABLE_ASSIGNMENT|[5]|this.mapOld|null|0x3e12c74d
08:28:35.0 (2759092)|STATEMENT_EXECUTE|[7]
08:28:35.0 (2764244)|STATEMENT_EXECUTE|[8]
08:28:35.0 (2766021)|STATEMENT_EXECUTE|[9]
08:28:35.0 (7946150)|HEAP_ALLOCATE|[9]|Bytes:1
08:28:35.0 (7956560)|HEAP_ALLOCATE|[9]|Bytes:8
08:28:35.0 (7970177)|METHOD_ENTRY|[1]|01p1r000009p7V5|EventMethods.EventMethods()
08:28:35.0 (7977189)|STATEMENT_EXECUTE|[1]
08:28:35.0 (7981896)|STATEMENT_EXECUTE|[1]
08:28:35.0 (8359891)|SYSTEM_MODE_ENTER|false
08:28:35.0 (8376401)|HEAP_ALLOCATE|[9]|Bytes:5
08:28:35.0 (8385027)|SYSTEM_MODE_EXIT|false
08:28:35.0 (8395082)|METHOD_EXIT|[1]|EventMethods
08:28:35.0 (8421332)|METHOD_ENTRY|[9]|01p1r000009p7V5|EventMethods.CrearEvento(List<Event>, Map<Id,Event>)
08:28:35.0 (8450202)|VARIABLE_SCOPE_BEGIN|[3]|listEvent|List<Event>|true|false
08:28:35.0 (8611835)|VARIABLE_ASSIGNMENT|[3]|listEvent|[{"IsDeleted":false,"WhatId":"0011r00001nnRDqAAM","ActivityDate":"2048-04-26T00:00:00.000Z","IsRecurrence":false,"GroupEventType":"0","Subject":"pruebaEvent","IsArchived":false,"StartDateTime":"2048-04-26T00:00:00.000Z","DurationInMinutes":1440,"OwnerId":"0051r000007Oz5QAAS","IsAllDayEvent":true,"EndDateTime":"2048-04-26T00:00:00.000Z","IsChild":false,"DB_Activity_Type__c":"Other","IsReminderSet":false,"IsPrivate":false,"ShowAs":"Busy","IsGroupEvent":false}]|0x17efc7f7
08:28:35.0 (8625568)|VARIABLE_SCOPE_BEGIN|[3]|listOld|Map<Id,Event>|true|false
08:28:35.0 (8633309)|VARIABLE_ASSIGNMENT|[3]|listOld|null|
08:28:35.0 (8650185)|SYSTEM_MODE_ENTER|false
08:28:35.0 (8656990)|HEAP_ALLOCATE|[5]|Bytes:5
08:28:35.0 (8662072)|STATEMENT_EXECUTE|[3]
08:28:35.0 (8744658)|STATEMENT_EXECUTE|[5]
08:28:35.0 (8746907)|STATEMENT_EXECUTE|[7]
08:28:35.0 (8789926)|HEAP_ALLOCATE|[7]|Bytes:4
08:28:35.0 (8830912)|VARIABLE_SCOPE_BEGIN|[7]|listAcInsert|List<Account>|true|false
08:28:35.0 (8840460)|HEAP_ALLOCATE|[EXTERNAL]|Bytes:4
08:28:35.0 (8848918)|VARIABLE_ASSIGNMENT|[7]|listAcInsert|[]|0x432f7771
08:28:35.0 (8854522)|STATEMENT_EXECUTE|[9]
08:28:35.0 (8867576)|HEAP_ALLOCATE|[9]|Bytes:4
08:28:35.0 (8896507)|VARIABLE_SCOPE_BEGIN|[9]|setEventIds|Set<String>|true|false
08:28:35.0 (8919569)|VARIABLE_ASSIGNMENT|[9]|setEventIds|[]|0x271eea9b
08:28:35.0 (9061803)|HEAP_ALLOCATE|[11]|Bytes:5
08:28:35.0 (9106786)|HEAP_ALLOCATE|[11]|Bytes:4
08:28:35.0 (9115797)|VARIABLE_SCOPE_BEGIN|[11]|inEvent|Event|true|false
08:28:35.0 (9307322)|VARIABLE_ASSIGNMENT|[11]|inEvent|{"IsDeleted":false,"WhatId":"0011r00001nnRDqAAM","ActivityDate":"2048-04-26T00:00:00.000Z","IsRecurrence":false,"GroupEventType":"0","Subject":"pruebaEvent","IsArchived":false,"StartDateTime":"2048-04-26T00:00:00.000Z","DurationInMinutes":1440,"OwnerId":"0051r000007Oz5QAAS","IsAllDayEvent":true,"EndDateTime":"2048-04-26T00:00:00.000Z","IsChild":false,"DB_Activity_Type__c":"Other","IsReminderSet":false,"IsPrivate":false,"ShowAs":"Busy","IsGroupEvent":false}|0x47843a3d
08:28:35.0 (9320998)|STATEMENT_EXECUTE|[11]
08:28:35.0 (9323110)|STATEMENT_EXECUTE|[12]
08:28:35.0 (9358837)|HEAP_ALLOCATE|[EXTERNAL]|Bytes:4
08:28:35.0 (9376221)|HEAP_ALLOCATE|[11]|Bytes:5
08:28:35.0 (9388612)|VARIABLE_ASSIGNMENT|[11]|inEvent|null|
08:28:35.0 (9393649)|STATEMENT_EXECUTE|[16]
08:28:35.0 (9406566)|HEAP_ALLOCATE|[16]|Bytes:4
08:28:35.0 (9425460)|HEAP_ALLOCATE|[16]|Bytes:219
08:28:35.0 (9442745)|HEAP_ALLOCATE|[16]|Bytes:4
08:28:35.0 (9453566)|HEAP_ALLOCATE|[16]|Bytes:7
08:28:35.0 (9490300)|HEAP_ALLOCATE|[16]|Bytes:8
08:28:35.0 (9498407)|HEAP_ALLOCATE|[16]|Bytes:8
08:28:35.0 (10031111)|SOQL_EXECUTE_BEGIN|[16]|Aggregations:0|SELECT WhatId, ActivityDate, TYPEOF What WHEN Account THEN Id, Parent.Fecha_ultima_actividad_mas_reciente__c WHEN Opportunity THEN Account.Parent.Fecha_ultima_actividad_mas_reciente__c END FROM Event WHERE Id = :tmpVar1
08:28:35.0 (14274507)|SOQL_EXECUTE_END|[16]|Rows:0
08:28:35.0 (14297472)|HEAP_ALLOCATE|[16]|Bytes:4
08:28:35.0 (14311158)|HEAP_ALLOCATE|[16]|Bytes:0
08:28:35.0 (14336963)|HEAP_ALLOCATE|[16]|Bytes:4
08:28:35.0 (14355502)|HEAP_ALLOCATE|[16]|Bytes:0
08:28:35.0 (14363459)|VARIABLE_SCOPE_BEGIN|[16]|listEventType|List<Event>|true|false
08:28:35.0 (14371306)|HEAP_ALLOCATE|[EXTERNAL]|Bytes:4
08:28:35.0 (14380288)|VARIABLE_ASSIGNMENT|[16]|listEventType|[]|0x68f275b4
08:28:35.0 (14386961)|STATEMENT_EXECUTE|[24]
08:28:35.0 (14390778)|HEAP_ALLOCATE|[24]|Bytes:42
08:28:35.0 (14440780)|HEAP_ALLOCATE|[24]|Bytes:2
08:28:35.0 (14458156)|HEAP_ALLOCATE|[24]|Bytes:44
08:28:35.0 (14478943)|USER_DEBUG|[24]|DEBUG|EventMethods.CrearEvento.listEventType :: ()
08:28:35.0 (14509924)|HEAP_ALLOCATE|[27]|Bytes:5
08:28:35.0 (14523644)|VARIABLE_ASSIGNMENT|[27]|inEvent|null|
08:28:35.0 (14529566)|STATEMENT_EXECUTE|[27]
08:28:35.0 (14531511)|STATEMENT_EXECUTE|[43]
08:28:35.0 (14590905)|HEAP_ALLOCATE|[EXTERNAL]|Bytes:4
08:28:35.0 (14599953)|SYSTEM_MODE_EXIT|false
08:28:35.0 (14609475)|METHOD_EXIT|[9]|01p1r000009p7V5|EventMethods.CrearEvento(List<Event>, Map<Id,Event>)
08:28:35.14 (14619617)|CUMULATIVE_LIMIT_USAGE
08:28:35.14 (14619617)|LIMIT_USAGE_FOR_NS|(default)|
  Number of SOQL queries: 1 out of 100
  Number of query rows: 0 out of 50000
  Number of SOSL queries: 0 out of 20
  Number of DML statements: 0 out of 150
  Number of DML rows: 0 out of 10000
  Maximum CPU time: 0 out of 10000
  Maximum heap size: 0 out of 6000000
  Number of callouts: 0 out of 100
  Number of Email Invocations: 0 out of 10
  Number of future calls: 0 out of 50
  Number of queueable jobs added to the queue: 0 out of 50
  Number of Mobile Apex push calls: 0 out of 10

08:28:35.14 (14619617)|CUMULATIVE_LIMIT_USAGE_END

08:28:35.0 (15972489)|CODE_UNIT_FINISHED|EventTrigger on Event trigger event BeforeInsert
08:28:35.0 (255837219)|CODE_UNIT_FINISHED|TRIGGERS
08:28:35.0 (255851914)|EXECUTION_FINISHED
