36.0 APEX_CODE,FINEST;APEX_PROFILING,INFO;CALLOUT,INFO;DB,INFO;SYSTEM,DEBUG;VALIDATION,INFO;VISUALFORCE,INFO;WAVE,INFO;WORKFLOW,INFO
16:05:02.0 (503741)|USER_INFO|[EXTERNAL]|0051r000007Oz5Q|lydia.abril@gmail.com|hora estándar de Europa central|GMT+02:00
16:05:02.0 (581951)|EXECUTION_STARTED
16:05:02.0 (587754)|CODE_UNIT_STARTED|[EXTERNAL]|01p1r000009on3X|TarjetaTest.testCrearOportunidad
16:05:02.0 (918122)|HEAP_ALLOCATE|[72]|Bytes:3
16:05:02.0 (959711)|HEAP_ALLOCATE|[77]|Bytes:152
16:05:02.0 (984540)|HEAP_ALLOCATE|[342]|Bytes:408
16:05:02.0 (1013134)|HEAP_ALLOCATE|[355]|Bytes:408
16:05:02.0 (1037666)|HEAP_ALLOCATE|[467]|Bytes:48
16:05:02.0 (1075642)|HEAP_ALLOCATE|[139]|Bytes:6
16:05:02.0 (1098412)|HEAP_ALLOCATE|[EXTERNAL]|Bytes:50
16:05:02.0 (1126565)|METHOD_ENTRY|[2]|01p1r000009on3X|TarjetaTest.TarjetaTest()
16:05:02.0 (1138508)|STATEMENT_EXECUTE|[2]
16:05:02.0 (1145744)|STATEMENT_EXECUTE|[2]
16:05:02.0 (1152460)|METHOD_EXIT|[2]|TarjetaTest
16:05:02.0 (1428882)|HEAP_ALLOCATE|[50]|Bytes:5
16:05:02.0 (1460188)|HEAP_ALLOCATE|[56]|Bytes:5
16:05:02.0 (1474577)|HEAP_ALLOCATE|[64]|Bytes:7
16:05:02.0 (1525724)|STATEMENT_EXECUTE|[4]
16:05:02.0 (1529143)|STATEMENT_EXECUTE|[6]
16:05:02.0 (1534416)|HEAP_ALLOCATE|[6]|Bytes:51
16:05:02.0 (1553666)|HEAP_ALLOCATE|[6]|Bytes:4
16:05:02.0 (1773963)|SOQL_EXECUTE_BEGIN|[6]|Aggregations:0|SELECT Alias FROM User WHERE Alias = 'test' LIMIT 1
16:05:02.0 (8200188)|SOQL_EXECUTE_END|[6]|Rows:1
16:05:02.0 (8239881)|HEAP_ALLOCATE|[6]|Bytes:8
16:05:02.0 (8259152)|HEAP_ALLOCATE|[6]|Bytes:42
16:05:02.0 (8406327)|HEAP_ALLOCATE|[6]|Bytes:8
16:05:02.0 (8427700)|HEAP_ALLOCATE|[6]|Bytes:30
16:05:02.0 (8485998)|HEAP_ALLOCATE|[6]|Bytes:12
16:05:02.0 (8499171)|VARIABLE_SCOPE_BEGIN|[6]|userAborda|User|true|false
16:05:02.0 (8547819)|VARIABLE_ASSIGNMENT|[6]|userAborda|{"Alias":"test","Id":"0051r00000894UtAAI"}|0x288310fc
16:05:02.0 (8567584)|STATEMENT_EXECUTE|[8]
16:05:02.0 (8611799)|HEAP_ALLOCATE|[8]|Bytes:4
16:05:02.0 (8716349)|HEAP_ALLOCATE|[8]|Bytes:13
16:05:02.0 (8767992)|VARIABLE_ASSIGNMENT|[8]|this.Name|"CuentaPrueba0"|0x13e33b4d
16:05:02.0 (8811972)|VARIABLE_SCOPE_BEGIN|[8]|oAccount|Account|true|false
16:05:02.0 (8835461)|VARIABLE_ASSIGNMENT|[8]|oAccount|{"Name":"CuentaPrueba0"}|0x13e33b4d
16:05:02.0 (8845219)|STATEMENT_EXECUTE|[9]
16:05:02.0 (8871772)|HEAP_ALLOCATE|[9]|Bytes:8
16:05:02.0 (8883875)|DML_BEGIN|[9]|Op:Insert|Type:Account|Rows:1
16:05:02.0 (8920110)|HEAP_ALLOCATE|[EXTERNAL]|Bytes:8
16:05:02.0 (20650150)|CODE_UNIT_STARTED|[EXTERNAL]|DuplicateDetector
16:05:02.0 (20676143)|DUPLICATE_DETECTION_BEGIN
16:05:02.0 (21375564)|DUPLICATE_DETECTION_RULE_INVOCATION|DuplicateRuleId:0Bm1r0000018X88|DuplicateRuleName:Standard Account Duplicate Rule|DmlType:INSERT
16:05:02.0 (45345148)|DUPLICATE_DETECTION_MATCH_INVOCATION_DETAILS|EntityType:Account|ActionTaken:Allow_[Alert,Report]|DuplicateRecordIds:
16:05:02.0 (45380510)|DUPLICATE_DETECTION_MATCH_INVOCATION_SUMMARY|EntityType:Account|NumRecordsToBeSaved:1|NumRecordsToBeSavedWithDuplicates:0|NumDuplicateRecordsFound:0
16:05:02.0 (45559862)|DUPLICATE_DETECTION_END
16:05:02.0 (45568377)|CODE_UNIT_FINISHED|DuplicateDetector
16:05:02.0 (79205735)|DML_END|[9]
16:05:02.0 (79240183)|STATEMENT_EXECUTE|[11]
16:05:02.0 (79290221)|HEAP_ALLOCATE|[11]|Bytes:4
16:05:02.0 (79355206)|HEAP_ALLOCATE|[11]|Bytes:15
16:05:02.0 (79404940)|VARIABLE_ASSIGNMENT|[11]|this.LastName|"ContactoPrueba0"|0x6c26fe93
16:05:02.0 (79414332)|HEAP_ALLOCATE|[11]|Bytes:9
16:05:02.0 (79432796)|VARIABLE_ASSIGNMENT|[11]|this.Nif__c|"47898592B"|0x6c26fe93
16:05:02.0 (79476230)|VARIABLE_ASSIGNMENT|[11]|this.AccountId|"0011r00001nnUKyAAM"|0x6c26fe93
16:05:02.0 (79495275)|VARIABLE_ASSIGNMENT|[11]|this.Premium__c|true|0x6c26fe93
16:05:02.0 (79535878)|VARIABLE_SCOPE_BEGIN|[11]|oContact|Contact|true|false
16:05:02.0 (79559363)|VARIABLE_ASSIGNMENT|[11]|oContact|{"LastName":"ContactoPrueba0","Nif__c":"47898592B","AccountId":"0011r00001nnUKyAAM","Premium__c":true}|0x6c26fe93
16:05:02.0 (79566912)|STATEMENT_EXECUTE|[12]
16:05:02.0 (79590964)|HEAP_ALLOCATE|[12]|Bytes:8
16:05:02.0 (79599474)|DML_BEGIN|[12]|Op:Insert|Type:Contact|Rows:1
16:05:02.0 (79632210)|HEAP_ALLOCATE|[EXTERNAL]|Bytes:8
16:05:02.0 (88885371)|CODE_UNIT_STARTED|[EXTERNAL]|01q1r000000j4Bx|ContactTrigger on Contact trigger event BeforeInsert
16:05:02.0 (88950746)|HEAP_ALLOCATE|[EXTERNAL]|Bytes:8
16:05:02.0 (89104746)|HEAP_ALLOCATE|[EXTERNAL]|Bytes:8
16:05:02.0 (89128736)|VARIABLE_SCOPE_BEGIN|[1]|this|ContactTrigger|true|false
16:05:02.0 (89213754)|VARIABLE_ASSIGNMENT|[1]|this|{}|0x695ed367
16:05:02.0 (89283213)|HEAP_ALLOCATE|[EXTERNAL]|Bytes:8
16:05:02.0 (89374775)|VARIABLE_SCOPE_BEGIN|[1]|this|ContactTrigger|true|false
16:05:02.0 (89405247)|VARIABLE_ASSIGNMENT|[1]|this|{}|0x695ed367
16:05:02.0 (89432843)|STATEMENT_EXECUTE|[1]
16:05:02.0 (89441332)|STATEMENT_EXECUTE|[3]
16:05:02.0 (90153123)|VARIABLE_ASSIGNMENT|[3]|this.listNew|[{"IsDeleted":false,"AccountId":"0011r00001nnUKyAAM","IsEmailBounced":false,"CleanStatus":"Pending","DoNotCall":false,"OwnerId":"0051r000007Oz5QAAS","Premium__c":true,"HasOptedOutOfEmail":false,"HasOptedOutOfFax":false,"Nif__c":"47898592B","LastName":"ContactoPrueba0"}]|0x695ed367
16:05:02.0 (90191516)|STATEMENT_EXECUTE|[5]
16:05:02.0 (90205430)|STATEMENT_EXECUTE|[6]
16:05:02.0 (90208407)|STATEMENT_EXECUTE|[7]
16:05:02.0 (91790063)|HEAP_ALLOCATE|[7]|Bytes:1
16:05:02.0 (91842264)|METHOD_ENTRY|[1]|01p1r000008aKc5|ContactMethods.ContactMethods()
16:05:02.0 (91852175)|STATEMENT_EXECUTE|[1]
16:05:02.0 (91859653)|STATEMENT_EXECUTE|[1]
16:05:02.0 (92284983)|SYSTEM_MODE_ENTER|false
16:05:02.0 (92310227)|HEAP_ALLOCATE|[7]|Bytes:5
16:05:02.0 (92322813)|SYSTEM_MODE_EXIT|false
16:05:02.0 (92334860)|METHOD_EXIT|[1]|ContactMethods
16:05:02.0 (92369948)|METHOD_ENTRY|[7]|01p1r000008aKc5|ContactMethods.ValidarNif(List<Contact>)
16:05:02.0 (92416769)|VARIABLE_SCOPE_BEGIN|[3]|listNew|List<Contact>|true|false
16:05:02.0 (92860621)|VARIABLE_ASSIGNMENT|[3]|listNew|[{"IsDeleted":false,"AccountId":"0011r00001nnUKyAAM","IsEmailBounced":false,"CleanStatus":"Pending","DoNotCall":false,"OwnerId":"0051r000007Oz5QAAS","Premium__c":true,"HasOptedOutOfEmail":false,"HasOptedOutOfFax":false,"Nif__c":"47898592B","LastName":"ContactoPrueba0"}]|0x7efeb0f6
16:05:02.0 (92915779)|SYSTEM_MODE_ENTER|false
16:05:02.0 (92927405)|HEAP_ALLOCATE|[5]|Bytes:5
16:05:02.0 (92936674)|STATEMENT_EXECUTE|[3]
16:05:02.0 (93058439)|STATEMENT_EXECUTE|[5]
16:05:02.0 (93227247)|HEAP_ALLOCATE|[7]|Bytes:5
16:05:02.0 (93273399)|HEAP_ALLOCATE|[7]|Bytes:4
16:05:02.0 (93286346)|VARIABLE_SCOPE_BEGIN|[7]|inContact|Contact|true|false
16:05:02.0 (93673970)|VARIABLE_ASSIGNMENT|[7]|inContact|{"IsDeleted":false,"AccountId":"0011r00001nnUKyAAM","IsEmailBounced":false,"CleanStatus":"Pending","DoNotCall":false,"OwnerId":"0051r000007Oz5QAAS","Premium__c":true,"HasOptedOutOfEmail":false,"HasOptedOutOfFax":false,"Nif__c":"47898592B","LastName":"ContactoPrueba0"}|0x2f149d52
16:05:02.0 (93689570)|STATEMENT_EXECUTE|[7]
16:05:02.0 (95448422)|HEAP_ALLOCATE|[8]|Bytes:1
16:05:02.0 (95465224)|HEAP_ALLOCATE|[8]|Bytes:7
16:05:02.0 (95492135)|METHOD_ENTRY|[1]|01p1r000009oduV|Utils.Utils()
16:05:02.0 (95503555)|STATEMENT_EXECUTE|[1]
16:05:02.0 (95512818)|STATEMENT_EXECUTE|[1]
16:05:02.0 (95531261)|HEAP_ALLOCATE|[8]|Bytes:5
16:05:02.0 (95548170)|METHOD_EXIT|[1]|Utils
16:05:02.0 (95591967)|METHOD_ENTRY|[8]|01p1r000009oduV|Utils.isNifNie(String)
16:05:02.0 (95629220)|VARIABLE_SCOPE_BEGIN|[3]|nif|String|false|false
16:05:02.0 (95650933)|VARIABLE_ASSIGNMENT|[3]|nif|"47898592B"
16:05:02.0 (95693270)|HEAP_ALLOCATE|[5]|Bytes:5
16:05:02.0 (95702033)|STATEMENT_EXECUTE|[3]
16:05:02.0 (95704853)|STATEMENT_EXECUTE|[5]
16:05:02.0 (95710158)|HEAP_ALLOCATE|[5]|Bytes:4
16:05:02.0 (95740033)|HEAP_ALLOCATE|[5]|Bytes:13
16:05:02.0 (95815450)|USER_DEBUG|[5]|DEBUG|NIF 47898592B
16:05:02.0 (95879194)|HEAP_ALLOCATE|[7]|Bytes:9
16:05:02.0 (95897303)|HEAP_ALLOCATE|[7]|Bytes:1
16:05:02.0 (95929651)|HEAP_ALLOCATE|[7]|Bytes:9
16:05:02.0 (95942221)|HEAP_ALLOCATE|[7]|Bytes:1
16:05:02.0 (95967902)|HEAP_ALLOCATE|[7]|Bytes:9
16:05:02.0 (95980935)|HEAP_ALLOCATE|[7]|Bytes:1
16:05:02.0 (96004985)|STATEMENT_EXECUTE|[7]
16:05:02.0 (96009622)|STATEMENT_EXECUTE|[11]
16:05:02.0 (96014168)|HEAP_ALLOCATE|[11]|Bytes:59
16:05:02.0 (96081978)|HEAP_ALLOCATE|[11]|Bytes:24
16:05:02.0 (96096768)|SYSTEM_METHOD_ENTRY|[1]|Pattern.Pattern()
16:05:02.0 (96104119)|STATEMENT_EXECUTE|[1]
16:05:02.0 (96112785)|SYSTEM_METHOD_EXIT|[1]|Pattern
16:05:02.0 (96128333)|METHOD_ENTRY|[11]||System.Pattern.compile(String)
16:05:02.0 (96347465)|METHOD_EXIT|[11]||System.Pattern.compile(String)
16:05:02.0 (96360811)|VARIABLE_SCOPE_BEGIN|[11]|nifPattern|System.Pattern|true|false
16:05:02.0 (96404205)|VARIABLE_ASSIGNMENT|[11]|nifPattern|{"delegate":"0x48f97b7f"}|0x89849c8
16:05:02.0 (96415378)|STATEMENT_EXECUTE|[12]
16:05:02.0 (96432473)|METHOD_ENTRY|[12]||System.Pattern.matcher(String)
16:05:02.0 (96659094)|METHOD_EXIT|[12]||System.Pattern.matcher(String)
16:05:02.0 (96673179)|VARIABLE_SCOPE_BEGIN|[12]|m|System.Matcher|true|false
16:05:02.0 (96708997)|VARIABLE_ASSIGNMENT|[12]|m|{"delegate":"0x1167ef16"}|0x477cbfd5
16:05:02.0 (96728596)|METHOD_ENTRY|[13]||System.Matcher.matches()
16:05:02.0 (96843708)|METHOD_EXIT|[13]||System.Matcher.matches()
16:05:02.0 (96853124)|STATEMENT_EXECUTE|[13]
16:05:02.0 (96855399)|STATEMENT_EXECUTE|[14]
16:05:02.0 (96865487)|METHOD_ENTRY|[14]||System.Matcher.group(Integer)
16:05:02.0 (96926819)|METHOD_EXIT|[14]||System.Matcher.group(Integer)
16:05:02.0 (96933968)|VARIABLE_SCOPE_BEGIN|[14]|letra|String|false|false
16:05:02.0 (96945211)|VARIABLE_ASSIGNMENT|[14]|letra|"B"
16:05:02.0 (96950544)|STATEMENT_EXECUTE|[16]
16:05:02.0 (96953727)|HEAP_ALLOCATE|[16]|Bytes:23
16:05:02.0 (96959595)|VARIABLE_SCOPE_BEGIN|[16]|letras|String|false|false
16:05:02.0 (96976855)|VARIABLE_ASSIGNMENT|[16]|letras|"TRWAGMYFPDXBNJZSQVHL (3 more) ..."
16:05:02.0 (96985268)|STATEMENT_EXECUTE|[17]
16:05:02.0 (96995312)|METHOD_ENTRY|[17]||System.Matcher.group(Integer)
16:05:02.0 (97043002)|METHOD_EXIT|[17]||System.Matcher.group(Integer)
16:05:02.0 (97084333)|VARIABLE_SCOPE_BEGIN|[17]|dni|Integer|false|false
16:05:02.0 (97096909)|HEAP_ALLOCATE|[17]|Bytes:4
16:05:02.0 (97107019)|VARIABLE_ASSIGNMENT|[17]|dni|47898592
16:05:02.0 (97112814)|STATEMENT_EXECUTE|[18]
16:05:02.0 (97156925)|VARIABLE_SCOPE_BEGIN|[2]|Math.E|Double|false|true
16:05:02.0 (97171156)|VARIABLE_SCOPE_BEGIN|[3]|Math.PI|Double|false|true
16:05:02.0 (97192913)|HEAP_ALLOCATE|[18]|Bytes:206
16:05:02.0 (97207767)|SYSTEM_METHOD_ENTRY|[1]|Math.Math()
16:05:02.0 (97214202)|STATEMENT_EXECUTE|[1]
16:05:02.0 (97276739)|SYSTEM_METHOD_EXIT|[1]|Math
16:05:02.0 (97292994)|METHOD_ENTRY|[18]||System.Math.mod(Integer, Integer)
16:05:02.0 (97369708)|METHOD_EXIT|[18]||System.Math.mod(Integer, Integer)
16:05:02.0 (97378119)|HEAP_ALLOCATE|[18]|Bytes:4
16:05:02.0 (97388280)|VARIABLE_ASSIGNMENT|[18]|dni|11
16:05:02.0 (97395928)|STATEMENT_EXECUTE|[20]
16:05:02.0 (97434031)|HEAP_ALLOCATE|[20]|Bytes:1
16:05:02.0 (97450200)|VARIABLE_SCOPE_BEGIN|[20]|reference|String|false|false
16:05:02.0 (97464425)|VARIABLE_ASSIGNMENT|[20]|reference|"B"
16:05:02.0 (97499970)|STATEMENT_EXECUTE|[22]
16:05:02.0 (97504705)|STATEMENT_EXECUTE|[23]
16:05:02.0 (97509311)|HEAP_ALLOCATE|[23]|Bytes:21
16:05:02.0 (97516274)|HEAP_ALLOCATE|[23]|Bytes:1
16:05:02.0 (97529473)|HEAP_ALLOCATE|[23]|Bytes:24
16:05:02.0 (97560574)|USER_DEBUG|[23]|DEBUG|son iguales. Es NIF. B B
16:05:02.0 (97585536)|STATEMENT_EXECUTE|[24]
16:05:02.0 (97594773)|HEAP_ALLOCATE|[24]|Bytes:5
16:05:02.0 (97609232)|METHOD_EXIT|[8]|01p1r000009oduV|Utils.isNifNie(String)
16:05:02.0 (97621871)|STATEMENT_EXECUTE|[8]
16:05:02.0 (97639622)|HEAP_ALLOCATE|[7]|Bytes:5
16:05:02.0 (97660735)|VARIABLE_ASSIGNMENT|[7]|inContact|null|
16:05:02.0 (97672815)|SYSTEM_MODE_EXIT|false
16:05:02.0 (97704461)|METHOD_EXIT|[7]|01p1r000008aKc5|ContactMethods.ValidarNif(List<Contact>)
16:05:02.97 (97717310)|CUMULATIVE_LIMIT_USAGE
16:05:02.97 (97717310)|LIMIT_USAGE_FOR_NS|(default)|
  Number of SOQL queries: 1 out of 100
  Number of query rows: 1 out of 50000
  Number of SOSL queries: 0 out of 20
  Number of DML statements: 2 out of 150
  Number of DML rows: 2 out of 10000
  Maximum CPU time: 0 out of 10000
  Maximum heap size: 0 out of 6000000
  Number of callouts: 0 out of 100
  Number of Email Invocations: 0 out of 10
  Number of future calls: 0 out of 50
  Number of queueable jobs added to the queue: 0 out of 50
  Number of Mobile Apex push calls: 0 out of 10

16:05:02.97 (97717310)|CUMULATIVE_LIMIT_USAGE_END

16:05:02.0 (99539211)|CODE_UNIT_FINISHED|ContactTrigger on Contact trigger event BeforeInsert
16:05:02.0 (105685205)|CODE_UNIT_STARTED|[EXTERNAL]|DuplicateDetector
16:05:02.0 (105711869)|DUPLICATE_DETECTION_BEGIN
16:05:02.0 (105821208)|DUPLICATE_DETECTION_RULE_INVOCATION|DuplicateRuleId:0Bm1r0000018X89|DuplicateRuleName:Standard Contact Duplicate Rule|DmlType:INSERT
16:05:02.0 (141297408)|DUPLICATE_DETECTION_MATCH_INVOCATION_DETAILS|EntityType:Contact|ActionTaken:Allow_[Alert,Report]|DuplicateRecordIds:
16:05:02.0 (141336180)|DUPLICATE_DETECTION_MATCH_INVOCATION_SUMMARY|EntityType:Contact|NumRecordsToBeSaved:1|NumRecordsToBeSavedWithDuplicates:0|NumDuplicateRecordsFound:0
16:05:02.0 (141370729)|DUPLICATE_DETECTION_MATCH_INVOCATION_DETAILS|EntityType:Contact|ActionTaken:Allow_[Alert,Report]|DuplicateRecordIds:
16:05:02.0 (141384428)|DUPLICATE_DETECTION_MATCH_INVOCATION_SUMMARY|EntityType:Contact|NumRecordsToBeSaved:1|NumRecordsToBeSavedWithDuplicates:0|NumDuplicateRecordsFound:0
16:05:02.0 (141560848)|DUPLICATE_DETECTION_END
16:05:02.0 (141573549)|CODE_UNIT_FINISHED|DuplicateDetector
16:05:02.0 (164934808)|DML_END|[12]
16:05:02.0 (164969545)|STATEMENT_EXECUTE|[14]
16:05:02.0 (165029996)|HEAP_ALLOCATE|[14]|Bytes:4
16:05:02.0 (165189787)|HEAP_ALLOCATE|[14]|Bytes:4
16:05:02.0 (165266634)|HEAP_ALLOCATE|[14]|Bytes:28
16:05:02.0 (165323963)|VARIABLE_ASSIGNMENT|[14]|this.A_o_caducidad__c|2019|0x13a3df6a
16:05:02.0 (165392100)|VARIABLE_ASSIGNMENT|[14]|this.Contacto__c|"0031r000024js24AAA"|0x13a3df6a
16:05:02.0 (165425708)|HEAP_ALLOCATE|[16]|Bytes:4
16:05:02.0 (165475091)|HEAP_ALLOCATE|[14]|Bytes:28
16:05:02.0 (165482365)|HEAP_ALLOCATE|[14]|Bytes:28
16:05:02.0 (165511883)|VARIABLE_ASSIGNMENT|[14]|this.Mes_de_caducidad__c|4|0x13a3df6a
16:05:02.0 (165522623)|HEAP_ALLOCATE|[17]|Bytes:16
16:05:02.0 (165549630)|VARIABLE_ASSIGNMENT|[14]|this.N_tarjeta__c|"1234567891234567"|0x13a3df6a
16:05:02.0 (165558473)|HEAP_ALLOCATE|[18]|Bytes:7
16:05:02.0 (165577996)|VARIABLE_ASSIGNMENT|[14]|this.Tarjeta__c|"Crédito"|0x13a3df6a
16:05:02.0 (165587325)|HEAP_ALLOCATE|[19]|Bytes:10
16:05:02.0 (165607218)|VARIABLE_ASSIGNMENT|[14]|this.Tipo_de_tarjeta__c|"MasterCard"|0x13a3df6a
16:05:02.0 (165616015)|HEAP_ALLOCATE|[20]|Bytes:8
16:05:02.0 (165643179)|VARIABLE_ASSIGNMENT|[14]|this.Name|"Tarjeta0"|0x13a3df6a
16:05:02.0 (165686764)|VARIABLE_ASSIGNMENT|[14]|this.OwnerId|"0051r00000894UtAAI"|0x13a3df6a
16:05:02.0 (165727174)|VARIABLE_SCOPE_BEGIN|[14]|oTarjeta|Tarjeta_de_cr_dito__c|true|false
16:05:02.0 (165763648)|VARIABLE_ASSIGNMENT|[14]|oTarjeta|{"A_o_caducidad__c":2019,"Contacto__c":"0031r000024js24AAA","Mes_de_caducidad__c":4,"N_tarjeta__c":"1234567891234567","Tarjeta__c":"Crédito","Tipo_de_tarjeta__c":"MasterCard","Name":"Tarjeta0","OwnerId":"0051r00000894UtAAI"}|0x13a3df6a
16:05:02.0 (165778658)|STATEMENT_EXECUTE|[23]
16:05:02.0 (165803322)|HEAP_ALLOCATE|[23]|Bytes:8
16:05:02.0 (165813777)|DML_BEGIN|[23]|Op:Insert|Type:Tarjeta_de_cr_dito__c|Rows:1
16:05:02.0 (165858749)|HEAP_ALLOCATE|[EXTERNAL]|Bytes:8
16:05:02.0 (173745446)|CODE_UNIT_STARTED|[EXTERNAL]|01q1r000000j7QT|TarjetaTrigger on Tarjeta_de_cr_dito trigger event BeforeInsert
16:05:02.0 (173807305)|HEAP_ALLOCATE|[EXTERNAL]|Bytes:8
16:05:02.0 (173935299)|HEAP_ALLOCATE|[EXTERNAL]|Bytes:8
16:05:02.0 (173949880)|VARIABLE_SCOPE_BEGIN|[1]|this|TarjetaTrigger|true|false
16:05:02.0 (174012938)|VARIABLE_ASSIGNMENT|[1]|this|{}|0x49257fbb
16:05:02.0 (174070850)|HEAP_ALLOCATE|[EXTERNAL]|Bytes:8
16:05:02.0 (174079663)|VARIABLE_SCOPE_BEGIN|[1]|this|TarjetaTrigger|true|false
16:05:02.0 (174093705)|VARIABLE_ASSIGNMENT|[1]|this|{}|0x49257fbb
16:05:02.0 (174109343)|STATEMENT_EXECUTE|[1]
16:05:02.0 (174112233)|STATEMENT_EXECUTE|[3]
16:05:02.0 (174402511)|VARIABLE_ASSIGNMENT|[3]|this.listNew|[{"Tipo_de_tarjeta__c":"MasterCard","A_o_caducidad__c":2019,"Contacto__c":"0031r000024js24AAA","IsDeleted":false,"OwnerId":"0051r00000894UtAAI","Mes_de_caducidad__c":4,"Tarjeta__c":"Crédito","Name":"Tarjeta0","N_tarjeta__c":"1234567891234567"}]|0x49257fbb
16:05:02.0 (174424934)|STATEMENT_EXECUTE|[5]
16:05:02.0 (174432064)|STATEMENT_EXECUTE|[6]
16:05:02.0 (174433878)|STATEMENT_EXECUTE|[7]
16:05:02.0 (176256129)|HEAP_ALLOCATE|[7]|Bytes:1
16:05:02.0 (176283609)|HEAP_ALLOCATE|[7]|Bytes:5
16:05:02.0 (176305606)|METHOD_ENTRY|[1]|01p1r000009oldq|TarjetaMethods.TarjetaMethods()
16:05:02.0 (176313386)|STATEMENT_EXECUTE|[1]
16:05:02.0 (176319658)|STATEMENT_EXECUTE|[1]
16:05:02.0 (176741579)|SYSTEM_MODE_ENTER|false
16:05:02.0 (176752742)|HEAP_ALLOCATE|[7]|Bytes:5
16:05:02.0 (176763463)|SYSTEM_MODE_EXIT|false
16:05:02.0 (176776728)|METHOD_EXIT|[1]|TarjetaMethods
16:05:02.0 (176814942)|METHOD_ENTRY|[7]|01p1r000009oldq|TarjetaMethods.CrearOportunidad(List<Tarjeta_de_cr_dito__c>)
16:05:02.0 (176855951)|VARIABLE_SCOPE_BEGIN|[3]|listTarjetas|List<Tarjeta_de_cr_dito__c>|true|false
16:05:02.0 (176979494)|VARIABLE_ASSIGNMENT|[3]|listTarjetas|[{"Tipo_de_tarjeta__c":"MasterCard","A_o_caducidad__c":2019,"Contacto__c":"0031r000024js24AAA","IsDeleted":false,"OwnerId":"0051r00000894UtAAI","Mes_de_caducidad__c":4,"Tarjeta__c":"Crédito","Name":"Tarjeta0","N_tarjeta__c":"1234567891234567"}]|0x3551dd1b
16:05:02.0 (177023193)|SYSTEM_MODE_ENTER|false
16:05:02.0 (177035001)|HEAP_ALLOCATE|[5]|Bytes:5
16:05:02.0 (177043606)|STATEMENT_EXECUTE|[3]
16:05:02.0 (177138051)|STATEMENT_EXECUTE|[5]
16:05:02.0 (177141895)|STATEMENT_EXECUTE|[7]
16:05:02.0 (177203375)|HEAP_ALLOCATE|[7]|Bytes:4
16:05:02.0 (177252242)|VARIABLE_SCOPE_BEGIN|[7]|listOpToInsert|List<Opportunity>|true|false
16:05:02.0 (177264004)|HEAP_ALLOCATE|[EXTERNAL]|Bytes:4
16:05:02.0 (177272717)|VARIABLE_ASSIGNMENT|[7]|listOpToInsert|[]|0x27379dc4
16:05:02.0 (177279885)|STATEMENT_EXECUTE|[9]
16:05:02.0 (177290655)|HEAP_ALLOCATE|[9]|Bytes:4
16:05:02.0 (177471991)|SOQL_EXECUTE_BEGIN|[9]|Aggregations:0|SELECT Alias FROM User WHERE Alias = 'test' LIMIT 1
16:05:02.0 (182505449)|SOQL_EXECUTE_END|[9]|Rows:1
16:05:02.0 (182549674)|HEAP_ALLOCATE|[9]|Bytes:8
16:05:02.0 (182567656)|HEAP_ALLOCATE|[9]|Bytes:42
16:05:02.0 (182606989)|HEAP_ALLOCATE|[9]|Bytes:8
16:05:02.0 (182637317)|HEAP_ALLOCATE|[9]|Bytes:12
16:05:02.0 (182646617)|VARIABLE_SCOPE_BEGIN|[9]|userAborda|User|true|false
16:05:02.0 (182677155)|VARIABLE_ASSIGNMENT|[9]|userAborda|{"Alias":"test","Id":"0051r00000894UtAAI"}|0x215e5f0
16:05:02.0 (182686681)|STATEMENT_EXECUTE|[12]
16:05:02.0 (182699353)|HEAP_ALLOCATE|[12]|Bytes:4
16:05:02.0 (182734560)|VARIABLE_SCOPE_BEGIN|[12]|listContactIds|Set<String>|true|false
16:05:02.0 (182758977)|VARIABLE_ASSIGNMENT|[12]|listContactIds|[]|0x233f88aa
16:05:02.0 (182903021)|HEAP_ALLOCATE|[13]|Bytes:5
16:05:02.0 (182924081)|HEAP_ALLOCATE|[13]|Bytes:4
16:05:02.0 (182931582)|VARIABLE_SCOPE_BEGIN|[13]|inTarjeta|Tarjeta_de_cr_dito__c|true|false
16:05:02.0 (183103578)|VARIABLE_ASSIGNMENT|[13]|inTarjeta|{"Tipo_de_tarjeta__c":"MasterCard","A_o_caducidad__c":2019,"Contacto__c":"0031r000024js24AAA","IsDeleted":false,"OwnerId":"0051r00000894UtAAI","Mes_de_caducidad__c":4,"Tarjeta__c":"Crédito","Name":"Tarjeta0","N_tarjeta__c":"1234567891234567"}|0x4fa79dbe
16:05:02.0 (183118769)|STATEMENT_EXECUTE|[13]
16:05:02.0 (183121076)|STATEMENT_EXECUTE|[14]
16:05:02.0 (183188942)|HEAP_ALLOCATE|[EXTERNAL]|Bytes:4
16:05:02.0 (183209254)|HEAP_ALLOCATE|[13]|Bytes:5
16:05:02.0 (183221960)|VARIABLE_ASSIGNMENT|[13]|inTarjeta|null|
16:05:02.0 (183228173)|STATEMENT_EXECUTE|[17]
16:05:02.0 (183269382)|HEAP_ALLOCATE|[17]|Bytes:4
16:05:02.0 (183277445)|HEAP_ALLOCATE|[17]|Bytes:71
16:05:02.0 (183286864)|HEAP_ALLOCATE|[17]|Bytes:4
16:05:02.0 (183293823)|HEAP_ALLOCATE|[17]|Bytes:7
16:05:02.0 (183324594)|HEAP_ALLOCATE|[17]|Bytes:8
16:05:02.0 (183335435)|HEAP_ALLOCATE|[17]|Bytes:8
16:05:02.0 (183585268)|SOQL_EXECUTE_BEGIN|[17]|Aggregations:0|SELECT Id, Premium__c, Name, AccountId FROM Contact WHERE id = :tmpVar1
16:05:02.0 (187646147)|SOQL_EXECUTE_END|[17]|Rows:1
16:05:02.0 (187669628)|HEAP_ALLOCATE|[17]|Bytes:8
16:05:02.0 (187685109)|HEAP_ALLOCATE|[17]|Bytes:101
16:05:02.0 (187715108)|HEAP_ALLOCATE|[17]|Bytes:8
16:05:02.0 (187747295)|HEAP_ALLOCATE|[17]|Bytes:20
16:05:02.0 (187756601)|HEAP_ALLOCATE|[17]|Bytes:18
16:05:02.0 (187766535)|VARIABLE_SCOPE_BEGIN|[17]|mapContact|Map<String,Contact>|true|false
16:05:02.0 (187800169)|VARIABLE_ASSIGNMENT|[17]|mapContact|{"0031r000024js24AAA":{"Id":"0031r000024js24AAA","Premium__c":true,"Name":"ContactoPrueba0","AccountId":"0011r00001nnUKyAAM"}}|0x3febcc59
16:05:02.0 (187850629)|HEAP_ALLOCATE|[20]|Bytes:5
16:05:02.0 (187866683)|HEAP_ALLOCATE|[20]|Bytes:4
16:05:02.0 (187875643)|VARIABLE_SCOPE_BEGIN|[20]|inTarjeta|Tarjeta_de_cr_dito__c|true|false
16:05:02.0 (188003915)|VARIABLE_ASSIGNMENT|[20]|inTarjeta|{"Tipo_de_tarjeta__c":"MasterCard","A_o_caducidad__c":2019,"Contacto__c":"0031r000024js24AAA","IsDeleted":false,"OwnerId":"0051r00000894UtAAI","Mes_de_caducidad__c":4,"Tarjeta__c":"Crédito","Name":"Tarjeta0","N_tarjeta__c":"1234567891234567"}|0x4fa79dbe
16:05:02.0 (188017517)|STATEMENT_EXECUTE|[20]
16:05:02.0 (188139157)|STATEMENT_EXECUTE|[21]
16:05:02.0 (188142970)|STATEMENT_EXECUTE|[22]
16:05:02.0 (188162144)|HEAP_ALLOCATE|[22]|Bytes:4
16:05:02.0 (188243266)|VARIABLE_SCOPE_BEGIN|[22]|oOpportunity|Opportunity|true|false
16:05:02.0 (188258405)|VARIABLE_ASSIGNMENT|[22]|oOpportunity|{}|0xd8ccae0
16:05:02.0 (188265219)|STATEMENT_EXECUTE|[23]
16:05:02.0 (188372303)|VARIABLE_ASSIGNMENT|[23]|this.Name|"ContactoPrueba0"|0xd8ccae0
16:05:02.0 (188380132)|STATEMENT_EXECUTE|[24]
16:05:02.0 (188401795)|HEAP_ALLOCATE|[24]|Bytes:28
16:05:02.0 (188434664)|HEAP_ALLOCATE|[24]|Bytes:8
16:05:02.0 (188449970)|HEAP_ALLOCATE|[24]|Bytes:28
16:05:02.0 (188455008)|HEAP_ALLOCATE|[24]|Bytes:8
16:05:02.0 (188500219)|HEAP_ALLOCATE|[24]|Bytes:4
16:05:02.0 (188569899)|VARIABLE_ASSIGNMENT|[24]|this.CloseDate|"2019-01-04T00:00:00.000Z"|0xd8ccae0
16:05:02.0 (188578830)|STATEMENT_EXECUTE|[25]
16:05:02.0 (188583397)|HEAP_ALLOCATE|[25]|Bytes:11
16:05:02.0 (188611207)|VARIABLE_ASSIGNMENT|[25]|this.StageName|"No iniciado"|0xd8ccae0
16:05:02.0 (188622608)|STATEMENT_EXECUTE|[26]
16:05:02.0 (188705746)|VARIABLE_ASSIGNMENT|[26]|this.AccountId|"0011r00001nnUKyAAM"|0xd8ccae0
16:05:02.0 (188714225)|STATEMENT_EXECUTE|[28]
16:05:02.0 (188718266)|HEAP_ALLOCATE|[28]|Bytes:48
16:05:02.0 (188783544)|HEAP_ALLOCATE|[28]|Bytes:118
16:05:02.0 (188800811)|HEAP_ALLOCATE|[28]|Bytes:166
16:05:02.0 (188814742)|USER_DEBUG|[28]|DEBUG|TarjetaMethods.CrearOportunidad :: oOpportunity Opportunity:{Name=ContactoPrueba0, CloseDate=2019-01-04 00:00:00, StageName=No iniciado, AccountId=0011r00001nnUKyAAM}
16:05:02.0 (188825212)|STATEMENT_EXECUTE|[30]
16:05:02.0 (188848270)|HEAP_ALLOCATE|[EXTERNAL]|Bytes:4
16:05:02.0 (188865325)|HEAP_ALLOCATE|[20]|Bytes:5
16:05:02.0 (188878527)|VARIABLE_ASSIGNMENT|[20]|inTarjeta|null|
16:05:02.0 (188884613)|STATEMENT_EXECUTE|[68]
16:05:02.0 (188928075)|DML_BEGIN|[68]|Op:Insert|Type:Opportunity|Rows:1
16:05:02.0 (188962524)|HEAP_ALLOCATE|[EXTERNAL]|Bytes:8
16:05:02.0 (224406111)|CODE_UNIT_STARTED|[EXTERNAL]|01q1r000000Bcgl|ClosedOpportunityTrigger on Opportunity trigger event AfterInsert
16:05:02.0 (224458651)|HEAP_ALLOCATE|[EXTERNAL]|Bytes:8
16:05:02.0 (224619185)|HEAP_ALLOCATE|[EXTERNAL]|Bytes:8
16:05:02.0 (224632683)|VARIABLE_SCOPE_BEGIN|[1]|this|ClosedOpportunityTrigger|true|false
16:05:02.0 (224697015)|VARIABLE_ASSIGNMENT|[1]|this|{}|0x981c8eb
16:05:02.0 (224764616)|HEAP_ALLOCATE|[EXTERNAL]|Bytes:8
16:05:02.0 (224777772)|VARIABLE_SCOPE_BEGIN|[1]|this|ClosedOpportunityTrigger|true|false
16:05:02.0 (224800645)|VARIABLE_ASSIGNMENT|[1]|this|{}|0x981c8eb
16:05:02.0 (224813375)|STATEMENT_EXECUTE|[1]
16:05:02.0 (224816193)|STATEMENT_EXECUTE|[3]
16:05:02.0 (224860624)|HEAP_ALLOCATE|[3]|Bytes:4
16:05:02.0 (224943703)|HEAP_ALLOCATE|[EXTERNAL]|Bytes:4
16:05:02.0 (224957515)|VARIABLE_ASSIGNMENT|[3]|this.taskList|[]|0x981c8eb
16:05:02.0 (224966762)|HEAP_ALLOCATE|[5]|Bytes:89
16:05:02.0 (224980654)|HEAP_ALLOCATE|[5]|Bytes:4
16:05:02.0 (225366205)|SOQL_EXECUTE_BEGIN|[5]|Aggregations:0|SELECT Id, StageName FROM Opportunity 
16:05:02.0 (231241576)|SOQL_EXECUTE_END|[5]|Rows:0
16:05:02.0 (231511575)|HEAP_ALLOCATE|[5]|Bytes:54
16:05:02.0 (231527825)|HEAP_ALLOCATE|[5]|Bytes:8
16:05:02.0 (231595105)|SYSTEM_METHOD_ENTRY|[7]|QueryLocatorIterator.QueryLocatorIterator()
16:05:02.0 (231606062)|STATEMENT_EXECUTE|[7]
16:05:02.0 (231621282)|SYSTEM_METHOD_EXIT|[7]|QueryLocatorIterator
16:05:02.0 (231634442)|HEAP_ALLOCATE|[5]|Bytes:28
16:05:02.0 (231658703)|HEAP_ALLOCATE|[5]|Bytes:8
16:05:02.0 (231665670)|HEAP_ALLOCATE|[5]|Bytes:8
16:05:02.0 (231674724)|VARIABLE_SCOPE_BEGIN|[15]|this|Database.QueryLocatorIterator|true|false
16:05:02.0 (231758280)|VARIABLE_ASSIGNMENT|[15]|this|{}|0x4eaa88ca
16:05:02.0 (231770332)|VARIABLE_SCOPE_BEGIN|[15]|values|List<SObject>|true|false
16:05:02.0 (231784108)|VARIABLE_ASSIGNMENT|[15]|values|null|
16:05:02.0 (231791604)|VARIABLE_SCOPE_BEGIN|[15]|ql|Database.QueryLocator|true|false
16:05:02.0 (231837298)|VARIABLE_ASSIGNMENT|[15]|ql|{"query":"SELECT Id, StageName (69 more) ..."}|0x1bdada91
16:05:02.0 (231846701)|VARIABLE_SCOPE_BEGIN|[15]|totalNumRecords|Integer|false|false
16:05:02.0 (231860720)|VARIABLE_ASSIGNMENT|[15]|totalNumRecords|0
16:05:02.0 (231868107)|VARIABLE_SCOPE_BEGIN|[15]|queryMoreSize|Integer|false|false
16:05:02.0 (231880097)|VARIABLE_ASSIGNMENT|[15]|queryMoreSize|49997
16:05:02.0 (231959199)|HEAP_ALLOCATE|[5]|Bytes:28
16:05:02.0 (231996949)|METHOD_ENTRY|[5]||Database.QueryLocatorIterator.hasNext()
16:05:02.0 (232039026)|METHOD_EXIT|[5]||Database.QueryLocatorIterator.hasNext()
16:05:02.0 (232057717)|VARIABLE_ASSIGNMENT|[5]|opp|null|
16:05:02.0 (232069932)|STATEMENT_EXECUTE|[5]
16:05:02.0 (232172269)|STATEMENT_EXECUTE|[12]
16:05:02.232 (232180661)|CUMULATIVE_LIMIT_USAGE
16:05:02.232 (232180661)|LIMIT_USAGE_FOR_NS|(default)|
  Number of SOQL queries: 4 out of 100
  Number of query rows: 3 out of 50000
  Number of SOSL queries: 0 out of 20
  Number of DML statements: 4 out of 150
  Number of DML rows: 4 out of 10000
  Maximum CPU time: 0 out of 10000
  Maximum heap size: 0 out of 6000000
  Number of callouts: 0 out of 100
  Number of Email Invocations: 0 out of 10
  Number of future calls: 0 out of 50
  Number of queueable jobs added to the queue: 0 out of 50
  Number of Mobile Apex push calls: 0 out of 10

16:05:02.232 (232180661)|CUMULATIVE_LIMIT_USAGE_END

16:05:02.0 (233105161)|CODE_UNIT_FINISHED|ClosedOpportunityTrigger on Opportunity trigger event AfterInsert
16:05:02.0 (234142690)|DML_END|[68]
16:05:02.0 (234208998)|HEAP_ALLOCATE|[EXTERNAL]|Bytes:8
16:05:02.0 (234228609)|STATEMENT_EXECUTE|[69]
16:05:02.0 (234236393)|HEAP_ALLOCATE|[69]|Bytes:50
16:05:02.0 (234361741)|HEAP_ALLOCATE|[69]|Bytes:143
16:05:02.0 (234414678)|HEAP_ALLOCATE|[69]|Bytes:193
16:05:02.0 (234439656)|USER_DEBUG|[69]|DEBUG|TarjetaMethods.CrearOportunidad :: listOpToInsert (Opportunity:{Name=ContactoPrueba0, CloseDate=2019-01-04 00:00:00, StageName=No iniciado, AccountId=0011r00001nnUKyAAM, Id=0061r00000vk2TAAAY})
16:05:02.0 (234459242)|SYSTEM_MODE_EXIT|false
16:05:02.0 (234474066)|METHOD_EXIT|[7]|01p1r000009oldq|TarjetaMethods.CrearOportunidad(List<Tarjeta_de_cr_dito__c>)
16:05:02.234 (234486213)|CUMULATIVE_LIMIT_USAGE
16:05:02.234 (234486213)|LIMIT_USAGE_FOR_NS|(default)|
  Number of SOQL queries: 4 out of 100
  Number of query rows: 3 out of 50000
  Number of SOSL queries: 0 out of 20
  Number of DML statements: 4 out of 150
  Number of DML rows: 4 out of 10000
  Maximum CPU time: 0 out of 10000
  Maximum heap size: 0 out of 6000000
  Number of callouts: 0 out of 100
  Number of Email Invocations: 0 out of 10
  Number of future calls: 0 out of 50
  Number of queueable jobs added to the queue: 0 out of 50
  Number of Mobile Apex push calls: 0 out of 10

16:05:02.234 (234486213)|CUMULATIVE_LIMIT_USAGE_END

16:05:02.0 (235819131)|CODE_UNIT_FINISHED|TarjetaTrigger on Tarjeta_de_cr_dito trigger event BeforeInsert
16:05:02.0 (239767311)|CODE_UNIT_STARTED|[EXTERNAL]|Validation:Tarjeta_de_cr_dito:new
16:05:02.0 (239786761)|VALIDATION_RULE|03d1r000000i476|ValidarAno
16:05:02.0 (240006302)|VALIDATION_FORMULA|(A_o_caducidad__c<YEAR(TODAY())) &#124;&#124; 
(A_o_caducidad__c>YEAR(TODAY())+5)|A_o_caducidad__c=2019
16:05:02.0 (240020377)|VALIDATION_PASS
16:05:02.0 (240023015)|VALIDATION_RULE|03d1r000000i47B|ValidarFecha
16:05:02.0 (240164003)|VALIDATION_FORMULA|Mes_de_caducidad__c <   MONTH(TODAY()) && 
A_o_caducidad__c <= YEAR(TODAY())|A_o_caducidad__c=2019 , Mes_de_caducidad__c=4
16:05:02.0 (240173527)|VALIDATION_PASS
16:05:02.0 (240175611)|VALIDATION_RULE|03d1r000000i46X|ValidarMes
16:05:02.0 (240334938)|VALIDATION_FORMULA|(Mes_de_caducidad__c  < 1)  &#124;&#124;  (Mes_de_caducidad__c  > 12)|Mes_de_caducidad__c=4
16:05:02.0 (240345177)|VALIDATION_PASS
16:05:02.0 (240386872)|CODE_UNIT_FINISHED|Validation:Tarjeta_de_cr_dito:new
16:05:02.0 (259062428)|DML_END|[23]
16:05:02.0 (259090543)|STATEMENT_EXECUTE|[27]
16:05:02.0 (259099975)|HEAP_ALLOCATE|[27]|Bytes:45
16:05:02.0 (259265693)|HEAP_ALLOCATE|[27]|Bytes:248
16:05:02.0 (259292464)|HEAP_ALLOCATE|[27]|Bytes:293
16:05:02.0 (259311607)|USER_DEBUG|[27]|DEBUG|TarjetaTest.testCrearOportunidad.oTarjeta :: Tarjeta_de_cr_dito__c:{A_o_caducidad__c=2019, Contacto__c=0031r000024js24AAA, Mes_de_caducidad__c=4, N_tarjeta__c=************4567, Tarjeta__c=Crédito, Tipo_de_tarjeta__c=MasterCard, Name=Tarjeta0, OwnerId=0051r00000894UtAAI, Id=a031r00000Rt5bhAAB}
16:05:02.0 (259332968)|STATEMENT_EXECUTE|[29]
16:05:02.0 (259338858)|HEAP_ALLOCATE|[29]|Bytes:83
16:05:02.0 (259357403)|HEAP_ALLOCATE|[29]|Bytes:4
16:05:02.0 (259590919)|SOQL_EXECUTE_BEGIN|[29]|Aggregations:0|SELECT Name, CloseDate, StageName, AccountId FROM Opportunity WHERE Name = :tmpVar1
16:05:02.0 (264290510)|SOQL_EXECUTE_END|[29]|Rows:0
16:05:02.0 (264338731)|HEAP_ALLOCATE|[29]|Bytes:4
16:05:02.0 (264360068)|HEAP_ALLOCATE|[29]|Bytes:0
16:05:02.0 (264412954)|HEAP_ALLOCATE|[29]|Bytes:4
16:05:02.0 (264442524)|VARIABLE_SCOPE_BEGIN|[29]|listOpportunity|List<Opportunity>|true|false
16:05:02.0 (264483062)|VARIABLE_ASSIGNMENT|[29]|listOpportunity|[]|0x391ee5c9
16:05:02.0 (264498360)|STATEMENT_EXECUTE|[32]
16:05:02.0 (264506083)|HEAP_ALLOCATE|[32]|Bytes:52
16:05:02.0 (264635942)|HEAP_ALLOCATE|[32]|Bytes:31
16:05:02.0 (264731131)|FATAL_ERROR|System.ListException: List index out of bounds: 0

Class.TarjetaTest.testCrearOportunidad: line 32, column 1
16:05:02.0 (264746132)|FATAL_ERROR|System.ListException: List index out of bounds: 0

Class.TarjetaTest.testCrearOportunidad: line 32, column 1
16:05:02.264 (264753433)|CUMULATIVE_LIMIT_USAGE
16:05:02.264 (264753433)|LIMIT_USAGE_FOR_NS|(default)|
  Number of SOQL queries: 5 out of 100
  Number of query rows: 3 out of 50000
  Number of SOSL queries: 0 out of 20
  Number of DML statements: 4 out of 150
  Number of DML rows: 4 out of 10000
  Maximum CPU time: 0 out of 10000
  Maximum heap size: 0 out of 6000000
  Number of callouts: 0 out of 100
  Number of Email Invocations: 0 out of 10
  Number of future calls: 0 out of 50
  Number of queueable jobs added to the queue: 0 out of 50
  Number of Mobile Apex push calls: 0 out of 10

16:05:02.264 (264753433)|CUMULATIVE_LIMIT_USAGE_END

16:05:02.0 (264788447)|CODE_UNIT_FINISHED|TarjetaTest.testCrearOportunidad
16:05:02.0 (265692815)|EXECUTION_FINISHED
16:05:02.422 (422255582)|USER_INFO|[EXTERNAL]|0051r000007Oz5Q|lydia.abril@gmail.com|hora estándar de Europa central|GMT+02:00
16:05:02.422 (422289751)|EXECUTION_STARTED
16:05:02.422 (422295731)|CODE_UNIT_STARTED|[EXTERNAL]|DuplicateDetector
16:05:02.422 (422308016)|DUPLICATE_DETECTION_BEGIN
16:05:02.422 (422433001)|DUPLICATE_DETECTION_RULE_INVOCATION|DuplicateRuleId:0Bm1r0000018X89|DuplicateRuleName:Standard Contact Duplicate Rule|DmlType:INSERT
16:05:02.422 (436182754)|DUPLICATE_DETECTION_END
16:05:02.422 (436196737)|CODE_UNIT_FINISHED|DuplicateDetector
16:05:02.422 (437122940)|EXECUTION_FINISHED
16:05:02.438 (438809541)|USER_INFO|[EXTERNAL]|0051r000007Oz5Q|lydia.abril@gmail.com|hora estándar de Europa central|GMT+02:00
16:05:02.438 (438833888)|EXECUTION_STARTED
16:05:02.438 (438838210)|CODE_UNIT_STARTED|[EXTERNAL]|DuplicateDetector
16:05:02.438 (438845392)|DUPLICATE_DETECTION_BEGIN
16:05:02.438 (438901976)|DUPLICATE_DETECTION_RULE_INVOCATION|DuplicateRuleId:0Bm1r0000018X88|DuplicateRuleName:Standard Account Duplicate Rule|DmlType:INSERT
16:05:02.438 (448147416)|DUPLICATE_DETECTION_END
16:05:02.438 (448160706)|CODE_UNIT_FINISHED|DuplicateDetector
16:05:02.438 (449095822)|EXECUTION_FINISHED
