36.0 APEX_CODE,FINEST;APEX_PROFILING,INFO;CALLOUT,INFO;DB,INFO;SYSTEM,DEBUG;VALIDATION,INFO;VISUALFORCE,INFO;WAVE,INFO;WORKFLOW,INFO
13:43:16.0 (364908)|USER_INFO|[EXTERNAL]|0051r000007Oz5Q|lydia.abril@gmail.com|hora estándar de Europa central|GMT+02:00
13:43:16.0 (404823)|EXECUTION_STARTED
13:43:16.0 (409451)|CODE_UNIT_STARTED|[EXTERNAL]|01p1r000009p5xn|TaskTest.testCerrarTarea
13:43:16.0 (602117)|HEAP_ALLOCATE|[72]|Bytes:3
13:43:16.0 (651783)|HEAP_ALLOCATE|[77]|Bytes:152
13:43:16.0 (667003)|HEAP_ALLOCATE|[342]|Bytes:408
13:43:16.0 (682188)|HEAP_ALLOCATE|[355]|Bytes:408
13:43:16.0 (695899)|HEAP_ALLOCATE|[467]|Bytes:48
13:43:16.0 (722458)|HEAP_ALLOCATE|[139]|Bytes:6
13:43:16.0 (737224)|HEAP_ALLOCATE|[EXTERNAL]|Bytes:107
13:43:16.0 (781910)|METHOD_ENTRY|[2]|01p1r000009p5xn|TaskTest.TaskTest()
13:43:16.0 (791000)|STATEMENT_EXECUTE|[2]
13:43:16.0 (795933)|STATEMENT_EXECUTE|[2]
13:43:16.0 (800506)|METHOD_EXIT|[2]|TaskTest
13:43:16.0 (1020113)|HEAP_ALLOCATE|[50]|Bytes:5
13:43:16.0 (1040506)|HEAP_ALLOCATE|[56]|Bytes:5
13:43:16.0 (1050305)|HEAP_ALLOCATE|[64]|Bytes:7
13:43:16.0 (1085441)|STATEMENT_EXECUTE|[4]
13:43:16.0 (1087765)|STATEMENT_EXECUTE|[6]
13:43:16.0 (1126964)|HEAP_ALLOCATE|[6]|Bytes:4
13:43:16.0 (1190532)|HEAP_ALLOCATE|[6]|Bytes:12
13:43:16.0 (1241435)|VARIABLE_ASSIGNMENT|[6]|this.Name|"CuentaParent"|0x262d00f5
13:43:16.0 (1268541)|VARIABLE_SCOPE_BEGIN|[6]|oAccountParent|Account|true|false
13:43:16.0 (1441124)|VARIABLE_ASSIGNMENT|[6]|oAccountParent|{"Name":"CuentaParent"}|0x262d00f5
13:43:16.0 (1453765)|STATEMENT_EXECUTE|[7]
13:43:16.0 (1477574)|HEAP_ALLOCATE|[7]|Bytes:8
13:43:16.0 (1486636)|DML_BEGIN|[7]|Op:Insert|Type:Account|Rows:1
13:43:16.0 (1512807)|HEAP_ALLOCATE|[EXTERNAL]|Bytes:8
13:43:16.0 (10623372)|CODE_UNIT_STARTED|[EXTERNAL]|DuplicateDetector
13:43:16.0 (10642903)|DUPLICATE_DETECTION_BEGIN
13:43:16.0 (11213095)|DUPLICATE_DETECTION_RULE_INVOCATION|DuplicateRuleId:0Bm1r0000018X88|DuplicateRuleName:Standard Account Duplicate Rule|DmlType:INSERT
13:43:16.0 (31064519)|DUPLICATE_DETECTION_MATCH_INVOCATION_DETAILS|EntityType:Account|ActionTaken:Allow_[Alert,Report]|DuplicateRecordIds:
13:43:16.0 (31100810)|DUPLICATE_DETECTION_MATCH_INVOCATION_SUMMARY|EntityType:Account|NumRecordsToBeSaved:1|NumRecordsToBeSavedWithDuplicates:0|NumDuplicateRecordsFound:0
13:43:16.0 (31292896)|DUPLICATE_DETECTION_END
13:43:16.0 (31301246)|CODE_UNIT_FINISHED|DuplicateDetector
13:43:16.0 (66056685)|DML_END|[7]
13:43:16.0 (66087036)|STATEMENT_EXECUTE|[9]
13:43:16.0 (66119094)|HEAP_ALLOCATE|[9]|Bytes:4
13:43:16.0 (66144102)|HEAP_ALLOCATE|[9]|Bytes:6
13:43:16.0 (66187267)|VARIABLE_ASSIGNMENT|[9]|this.Name|"Cuenta"|0x39a85b57
13:43:16.0 (66223091)|VARIABLE_ASSIGNMENT|[9]|this.ParentId|"0011r00001nnc53AAA"|0x39a85b57
13:43:16.0 (66312401)|HEAP_ALLOCATE|[11]|Bytes:4
13:43:16.0 (66363522)|VARIABLE_ASSIGNMENT|[9]|this.Fecha_ltima_actividad_m_s_reciente__c|"2018-01-11T00:00:00.000Z"|0x39a85b57
13:43:16.0 (66399720)|VARIABLE_SCOPE_BEGIN|[9]|oAccount|Account|true|false
13:43:16.0 (66428536)|VARIABLE_ASSIGNMENT|[9]|oAccount|{"Name":"Cuenta","ParentId":"0011r00001nnc53AAA","Fecha_ltima_activida (17 more) ...":"2018-01-11T00:00:00.000Z"}|0x39a85b57
13:43:16.0 (66462662)|STATEMENT_EXECUTE|[12]
13:43:16.0 (66489480)|HEAP_ALLOCATE|[12]|Bytes:8
13:43:16.0 (66501655)|DML_BEGIN|[12]|Op:Insert|Type:Account|Rows:1
13:43:16.0 (66550490)|HEAP_ALLOCATE|[EXTERNAL]|Bytes:8
13:43:16.0 (70352406)|CODE_UNIT_STARTED|[EXTERNAL]|DuplicateDetector
13:43:16.0 (70372592)|DUPLICATE_DETECTION_BEGIN
13:43:16.0 (70423494)|DUPLICATE_DETECTION_RULE_INVOCATION|DuplicateRuleId:0Bm1r0000018X88|DuplicateRuleName:Standard Account Duplicate Rule|DmlType:INSERT
13:43:16.0 (79427853)|DUPLICATE_DETECTION_MATCH_INVOCATION_DETAILS|EntityType:Account|ActionTaken:Allow_[Alert,Report]|DuplicateRecordIds:
13:43:16.0 (79454428)|DUPLICATE_DETECTION_MATCH_INVOCATION_SUMMARY|EntityType:Account|NumRecordsToBeSaved:1|NumRecordsToBeSavedWithDuplicates:0|NumDuplicateRecordsFound:0
13:43:16.0 (79581750)|DUPLICATE_DETECTION_END
13:43:16.0 (79588213)|CODE_UNIT_FINISHED|DuplicateDetector
13:43:16.0 (92089468)|DML_END|[12]
13:43:16.0 (92117756)|STATEMENT_EXECUTE|[14]
13:43:16.0 (92173893)|HEAP_ALLOCATE|[14]|Bytes:4
13:43:16.0 (92266113)|HEAP_ALLOCATE|[14]|Bytes:11
13:43:16.0 (92311263)|VARIABLE_ASSIGNMENT|[14]|this.Name|"Oportunidad"|0x1bf06a5d
13:43:16.0 (92384674)|HEAP_ALLOCATE|[15]|Bytes:4
13:43:16.0 (92434732)|VARIABLE_ASSIGNMENT|[14]|this.CloseDate|"2020-01-11T00:00:00.000Z"|0x1bf06a5d
13:43:16.0 (92444029)|HEAP_ALLOCATE|[16]|Bytes:11
13:43:16.0 (92460918)|VARIABLE_ASSIGNMENT|[14]|this.StageName|"Prospecting"|0x1bf06a5d
13:43:16.0 (92495434)|VARIABLE_ASSIGNMENT|[14]|this.AccountId|"0011r00001nnc54AAA"|0x1bf06a5d
13:43:16.0 (92526428)|VARIABLE_SCOPE_BEGIN|[14]|oOpportunity|Opportunity|true|false
13:43:16.0 (92552741)|VARIABLE_ASSIGNMENT|[14]|oOpportunity|{"Name":"Oportunidad","CloseDate":"2020-01-11T00:00:00.000Z","StageName":"Prospecting","AccountId":"0011r00001nnc54AAA"}|0x1bf06a5d
13:43:16.0 (92561324)|STATEMENT_EXECUTE|[18]
13:43:16.0 (92580859)|HEAP_ALLOCATE|[18]|Bytes:8
13:43:16.0 (92588605)|DML_BEGIN|[18]|Op:Insert|Type:Opportunity|Rows:1
13:43:16.0 (92624665)|HEAP_ALLOCATE|[EXTERNAL]|Bytes:8
13:43:16.0 (126553917)|CODE_UNIT_STARTED|[EXTERNAL]|01q1r000000Bcgl|ClosedOpportunityTrigger on Opportunity trigger event AfterInsert
13:43:16.0 (126594536)|HEAP_ALLOCATE|[EXTERNAL]|Bytes:8
13:43:16.0 (126833235)|HEAP_ALLOCATE|[EXTERNAL]|Bytes:8
13:43:16.0 (126846507)|VARIABLE_SCOPE_BEGIN|[1]|this|ClosedOpportunityTrigger|true|false
13:43:16.0 (126930488)|VARIABLE_ASSIGNMENT|[1]|this|{}|0x2a7cc9a9
13:43:16.0 (126994335)|HEAP_ALLOCATE|[EXTERNAL]|Bytes:8
13:43:16.0 (127004462)|VARIABLE_SCOPE_BEGIN|[1]|this|ClosedOpportunityTrigger|true|false
13:43:16.0 (127019498)|VARIABLE_ASSIGNMENT|[1]|this|{}|0x2a7cc9a9
13:43:16.0 (127030327)|STATEMENT_EXECUTE|[1]
13:43:16.0 (127033303)|STATEMENT_EXECUTE|[3]
13:43:16.0 (127077817)|HEAP_ALLOCATE|[3]|Bytes:4
13:43:16.0 (127163043)|HEAP_ALLOCATE|[EXTERNAL]|Bytes:4
13:43:16.0 (127176437)|VARIABLE_ASSIGNMENT|[3]|this.taskList|[]|0x2a7cc9a9
13:43:16.0 (127186228)|HEAP_ALLOCATE|[5]|Bytes:89
13:43:16.0 (127203900)|HEAP_ALLOCATE|[5]|Bytes:4
13:43:16.0 (127214227)|HEAP_ALLOCATE|[5]|Bytes:7
13:43:16.0 (127544252)|SOQL_EXECUTE_BEGIN|[5]|Aggregations:0|SELECT Id, StageName FROM Opportunity 
13:43:16.0 (133504530)|SOQL_EXECUTE_END|[5]|Rows:0
13:43:16.0 (133661679)|HEAP_ALLOCATE|[5]|Bytes:54
13:43:16.0 (133672049)|HEAP_ALLOCATE|[5]|Bytes:8
13:43:16.0 (133705545)|SYSTEM_METHOD_ENTRY|[7]|QueryLocatorIterator.QueryLocatorIterator()
13:43:16.0 (133711467)|STATEMENT_EXECUTE|[7]
13:43:16.0 (133721284)|SYSTEM_METHOD_EXIT|[7]|QueryLocatorIterator
13:43:16.0 (133727978)|HEAP_ALLOCATE|[5]|Bytes:28
13:43:16.0 (133742546)|HEAP_ALLOCATE|[5]|Bytes:8
13:43:16.0 (133746596)|HEAP_ALLOCATE|[5]|Bytes:8
13:43:16.0 (133751617)|VARIABLE_SCOPE_BEGIN|[15]|this|Database.QueryLocatorIterator|true|false
13:43:16.0 (133790249)|VARIABLE_ASSIGNMENT|[15]|this|{}|0x5ba33bf7
13:43:16.0 (133798061)|VARIABLE_SCOPE_BEGIN|[15]|values|List<SObject>|true|false
13:43:16.0 (133807146)|VARIABLE_ASSIGNMENT|[15]|values|null|
13:43:16.0 (133811388)|VARIABLE_SCOPE_BEGIN|[15]|ql|Database.QueryLocator|true|false
13:43:16.0 (133836103)|VARIABLE_ASSIGNMENT|[15]|ql|{"query":"SELECT Id, StageName (69 more) ..."}|0x6d352ab0
13:43:16.0 (133843306)|VARIABLE_SCOPE_BEGIN|[15]|totalNumRecords|Integer|false|false
13:43:16.0 (133852702)|VARIABLE_ASSIGNMENT|[15]|totalNumRecords|0
13:43:16.0 (133857866)|VARIABLE_SCOPE_BEGIN|[15]|queryMoreSize|Integer|false|false
13:43:16.0 (133865272)|VARIABLE_ASSIGNMENT|[15]|queryMoreSize|50000
13:43:16.0 (133962905)|HEAP_ALLOCATE|[5]|Bytes:28
13:43:16.0 (133983958)|METHOD_ENTRY|[5]||Database.QueryLocatorIterator.hasNext()
13:43:16.0 (134018967)|METHOD_EXIT|[5]||Database.QueryLocatorIterator.hasNext()
13:43:16.0 (134030631)|VARIABLE_ASSIGNMENT|[5]|opp|null|
13:43:16.0 (134038678)|STATEMENT_EXECUTE|[5]
13:43:16.0 (134083320)|STATEMENT_EXECUTE|[12]
13:43:16.134 (134088698)|CUMULATIVE_LIMIT_USAGE
13:43:16.134 (134088698)|LIMIT_USAGE_FOR_NS|(default)|
  Number of SOQL queries: 1 out of 100
  Number of query rows: 0 out of 50000
  Number of SOSL queries: 0 out of 20
  Number of DML statements: 3 out of 150
  Number of DML rows: 3 out of 10000
  Maximum CPU time: 0 out of 10000
  Maximum heap size: 0 out of 6000000
  Number of callouts: 0 out of 100
  Number of Email Invocations: 0 out of 10
  Number of future calls: 0 out of 50
  Number of queueable jobs added to the queue: 0 out of 50
  Number of Mobile Apex push calls: 0 out of 10

13:43:16.134 (134088698)|CUMULATIVE_LIMIT_USAGE_END

13:43:16.0 (135195165)|CODE_UNIT_FINISHED|ClosedOpportunityTrigger on Opportunity trigger event AfterInsert
13:43:16.0 (136298469)|DML_END|[18]
13:43:16.0 (136317921)|STATEMENT_EXECUTE|[20]
13:43:16.0 (136338281)|HEAP_ALLOCATE|[20]|Bytes:4
13:43:16.0 (136365826)|VARIABLE_SCOPE_BEGIN|[20]|listTask|List<Task>|true|false
13:43:16.0 (136377929)|HEAP_ALLOCATE|[EXTERNAL]|Bytes:4
13:43:16.0 (136388355)|VARIABLE_ASSIGNMENT|[20]|listTask|[]|0x3f4f909
13:43:16.0 (136394660)|STATEMENT_EXECUTE|[22]
13:43:16.0 (136411646)|HEAP_ALLOCATE|[22]|Bytes:4
13:43:16.0 (136498632)|HEAP_ALLOCATE|[22]|Bytes:4
13:43:16.0 (136546495)|VARIABLE_ASSIGNMENT|[22]|this.Subject|"Task"|0x414a1603
13:43:16.0 (136555081)|HEAP_ALLOCATE|[23]|Bytes:6
13:43:16.0 (136573736)|VARIABLE_ASSIGNMENT|[22]|this.Priority|"Normal"|0x414a1603
13:43:16.0 (136593210)|HEAP_ALLOCATE|[24]|Bytes:11
13:43:16.0 (136610167)|VARIABLE_ASSIGNMENT|[22]|this.Status|"Not Started"|0x414a1603
13:43:16.0 (136647651)|VARIABLE_ASSIGNMENT|[22]|this.WhatId|"0011r00001nnc54AAA"|0x414a1603
13:43:16.0 (136709448)|HEAP_ALLOCATE|[26]|Bytes:4
13:43:16.0 (136757944)|VARIABLE_ASSIGNMENT|[22]|this.ActivityDate|"2020-01-11T00:00:00.000Z"|0x414a1603
13:43:16.0 (136784479)|VARIABLE_SCOPE_BEGIN|[22]|oTask|Task|true|false
13:43:16.0 (136813030)|VARIABLE_ASSIGNMENT|[22]|oTask|{"Subject":"Task","Priority":"Normal","Status":"Not Started","WhatId":"0011r00001nnc54AAA","ActivityDate":"2020-01-11T00:00:00.000Z"}|0x414a1603
13:43:16.0 (136821706)|STATEMENT_EXECUTE|[28]
13:43:16.0 (136852840)|HEAP_ALLOCATE|[EXTERNAL]|Bytes:4
13:43:16.0 (136861968)|STATEMENT_EXECUTE|[30]
13:43:16.0 (136878171)|HEAP_ALLOCATE|[30]|Bytes:4
13:43:16.0 (136888196)|HEAP_ALLOCATE|[30]|Bytes:5
13:43:16.0 (136905320)|VARIABLE_ASSIGNMENT|[30]|this.Subject|"Task2"|0x5b914ec9
13:43:16.0 (136919807)|VARIABLE_ASSIGNMENT|[30]|this.Priority|"Normal"|0x5b914ec9
13:43:16.0 (136926441)|HEAP_ALLOCATE|[32]|Bytes:11
13:43:16.0 (136938182)|VARIABLE_ASSIGNMENT|[30]|this.Status|"in Progress"|0x5b914ec9
13:43:16.0 (136964856)|VARIABLE_ASSIGNMENT|[30]|this.WhatId|"0061r00000vk6tuAAA"|0x5b914ec9
13:43:16.0 (137000556)|HEAP_ALLOCATE|[34]|Bytes:4
13:43:16.0 (137027389)|VARIABLE_ASSIGNMENT|[30]|this.ActivityDate|"2022-01-11T00:00:00.000Z"|0x5b914ec9
13:43:16.0 (137045708)|VARIABLE_SCOPE_BEGIN|[30]|oTask2|Task|true|false
13:43:16.0 (137064602)|VARIABLE_ASSIGNMENT|[30]|oTask2|{"Subject":"Task2","Priority":"Normal","Status":"in Progress","WhatId":"0061r00000vk6tuAAA","ActivityDate":"2022-01-11T00:00:00.000Z"}|0x5b914ec9
13:43:16.0 (137072200)|STATEMENT_EXECUTE|[36]
13:43:16.0 (137093421)|HEAP_ALLOCATE|[EXTERNAL]|Bytes:4
13:43:16.0 (137101549)|STATEMENT_EXECUTE|[38]
13:43:16.0 (137117029)|HEAP_ALLOCATE|[38]|Bytes:8
13:43:16.0 (137124142)|DML_BEGIN|[38]|Op:Insert|Type:Task|Rows:1
13:43:16.0 (137147847)|HEAP_ALLOCATE|[EXTERNAL]|Bytes:8
13:43:16.0 (160635883)|DML_END|[38]
13:43:16.0 (160665274)|STATEMENT_EXECUTE|[39]
13:43:16.0 (160706464)|HEAP_ALLOCATE|[39]|Bytes:8
13:43:16.0 (160718290)|DML_BEGIN|[39]|Op:Insert|Type:Task|Rows:1
13:43:16.0 (160748678)|HEAP_ALLOCATE|[EXTERNAL]|Bytes:8
13:43:16.0 (179272234)|DML_END|[39]
13:43:16.0 (179298587)|STATEMENT_EXECUTE|[41]
13:43:16.0 (179405593)|USER_DEBUG|[41]|DEBUG|Task:{Subject=Task, Priority=Normal, Status=Not Started, WhatId=0011r00001nnc54AAA, ActivityDate=2020-01-11 00:00:00, Id=00T1r00004C4oOWEAZ}
13:43:16.0 (179421719)|STATEMENT_EXECUTE|[43]
13:43:16.0 (179455091)|USER_DEBUG|[43]|DEBUG|Task:{Subject=Task2, Priority=Normal, Status=in Progress, WhatId=0061r00000vk6tuAAA, ActivityDate=2022-01-11 00:00:00, Id=00T1r00004C4oOXEAZ}
13:43:16.0 (179633202)|HEAP_ALLOCATE|[45]|Bytes:5
13:43:16.0 (179685734)|HEAP_ALLOCATE|[45]|Bytes:28
13:43:16.0 (179709510)|VARIABLE_SCOPE_BEGIN|[45]|inTask|Task|true|false
13:43:16.0 (179759828)|VARIABLE_ASSIGNMENT|[45]|inTask|{"Subject":"Task","Priority":"Normal","Status":"Not Started","WhatId":"0011r00001nnc54AAA","ActivityDate":"2020-01-11T00:00:00.000Z","Id":"00T1r00004C4oOWEAZ"}|0x414a1603
13:43:16.0 (179769869)|STATEMENT_EXECUTE|[45]
13:43:16.0 (179772044)|STATEMENT_EXECUTE|[46]
13:43:16.0 (179815038)|USER_DEBUG|[46]|DEBUG|00T1r00004C4oOWEAZ
13:43:16.0 (179824049)|STATEMENT_EXECUTE|[47]
13:43:16.0 (179829246)|HEAP_ALLOCATE|[47]|Bytes:9
13:43:16.0 (179872987)|VARIABLE_ASSIGNMENT|[47]|this.Status|"Completed"|0x414a1603
13:43:16.0 (179889918)|HEAP_ALLOCATE|[45]|Bytes:5
13:43:16.0 (179901538)|HEAP_ALLOCATE|[45]|Bytes:28
13:43:16.0 (179908910)|VARIABLE_SCOPE_BEGIN|[45]|inTask|Task|true|false
13:43:16.0 (179929029)|VARIABLE_ASSIGNMENT|[45]|inTask|{"Subject":"Task2","Priority":"Normal","Status":"in Progress","WhatId":"0061r00000vk6tuAAA","ActivityDate":"2022-01-11T00:00:00.000Z","Id":"00T1r00004C4oOXEAZ"}|0x5b914ec9
13:43:16.0 (179937180)|STATEMENT_EXECUTE|[45]
13:43:16.0 (179939121)|STATEMENT_EXECUTE|[46]
13:43:16.0 (179949823)|USER_DEBUG|[46]|DEBUG|00T1r00004C4oOXEAZ
13:43:16.0 (179957070)|STATEMENT_EXECUTE|[47]
13:43:16.0 (179978633)|VARIABLE_ASSIGNMENT|[47]|this.Status|"Completed"|0x5b914ec9
13:43:16.0 (179992179)|HEAP_ALLOCATE|[45]|Bytes:5
13:43:16.0 (180004770)|VARIABLE_ASSIGNMENT|[45]|inTask|null|
13:43:16.0 (180011897)|STATEMENT_EXECUTE|[50]
13:43:16.0 (180048726)|USER_DEBUG|[50]|DEBUG|Task:{Subject=Task, Priority=Normal, Status=Completed, WhatId=0011r00001nnc54AAA, ActivityDate=2020-01-11 00:00:00, Id=00T1r00004C4oOWEAZ}
13:43:16.0 (180058754)|STATEMENT_EXECUTE|[52]
13:43:16.0 (180084120)|USER_DEBUG|[52]|DEBUG|Task:{Subject=Task2, Priority=Normal, Status=Completed, WhatId=0061r00000vk6tuAAA, ActivityDate=2022-01-11 00:00:00, Id=00T1r00004C4oOXEAZ}
13:43:16.0 (180092659)|STATEMENT_EXECUTE|[54]
13:43:16.0 (180153574)|USER_DEBUG|[54]|DEBUG|(Task:{Subject=Task, Priority=Normal, Status=Completed, WhatId=0011r00001nnc54AAA, ActivityDate=2020-01-11 00:00:00, Id=00T1r00004C4oOWEAZ}, Task:{Subject=Task2, Priority=Normal, Status=Completed, WhatId=0061r00000vk6tuAAA, ActivityDate=2022-01-11 00:00:00, Id=00T1r00004C4oOXEAZ})
13:43:16.0 (180166326)|STATEMENT_EXECUTE|[56]
13:43:16.0 (180198448)|DML_BEGIN|[56]|Op:Update|Type:Task|Rows:2
13:43:16.0 (180236428)|HEAP_ALLOCATE|[EXTERNAL]|Bytes:12
13:43:16.0 (210097518)|CODE_UNIT_STARTED|[EXTERNAL]|01q1r000000j6Yv|TaskTrigger on Task trigger event AfterUpdate
13:43:16.0 (210140975)|HEAP_ALLOCATE|[EXTERNAL]|Bytes:12
13:43:16.0 (210186073)|HEAP_ALLOCATE|[EXTERNAL]|Bytes:12
13:43:16.0 (210300391)|HEAP_ALLOCATE|[EXTERNAL]|Bytes:12
13:43:16.0 (210318046)|VARIABLE_SCOPE_BEGIN|[1]|this|TaskTrigger|true|false
13:43:16.0 (210379860)|VARIABLE_ASSIGNMENT|[1]|this|{}|0x7aa3a78
13:43:16.0 (210437722)|HEAP_ALLOCATE|[EXTERNAL]|Bytes:12
13:43:16.0 (210495134)|VARIABLE_SCOPE_BEGIN|[1]|this|TaskTrigger|true|false
13:43:16.0 (210511438)|VARIABLE_ASSIGNMENT|[1]|this|{}|0x7aa3a78
13:43:16.0 (210524566)|STATEMENT_EXECUTE|[1]
13:43:16.0 (210527462)|STATEMENT_EXECUTE|[3]
13:43:16.0 (212805642)|VARIABLE_ASSIGNMENT|[3]|this.listNew|[{"Status":"Completed","LastModifiedDate":"2018-04-13T11:43:16.000Z","IsDeleted":false,"AccountId":"0011r00001nnc54AAA","WhatId":"0011r00001nnc54AAA","ActivityDate":"2020-01-11T00:00:00.000Z","Priority":"Normal","IsHighPriority":false,"IsClosed":true,"IsRecurrence":false,"Subject":"Task","SystemModstamp":"2018-04-13T11:43:16.000Z","IsArchived":false,"CreatedById":"0051r000007Oz5QAAS","TaskSubtype":"Task","OwnerId":"0051r000007Oz5QAAS","CreatedDate":"2018-04-13T11:43:16.000Z","Id":"00T1r00004C4oOWEAZ","DB_Activity_Type__c":"Other","IsReminderSet":false,"LastModifiedById":"0051r000007Oz5QAAS"},{"Status":"Completed","LastModifiedDate":"2018-04-13T11:43:16.000Z","IsDeleted":false,"AccountId":"0011r00001nnc54AAA","WhatId":"0061r00000vk6tuAAA","ActivityDate":"2022-01-11T00:00:00.000Z","Priority":"Normal","IsHighPriority":false,"IsClosed":true,"IsRecurrence":false,"Subject":"Task2","SystemModstamp":"2018-04-13T11:43:16.000Z","IsArchived":false,"CreatedById":"0051r000007Oz5QAAS","TaskSubtype":"Task","OwnerId":"0051r000007Oz5QAAS","CreatedDate":"2018-04-13T11:43:16.000Z","Id":"00T1r00004C4oOXEAZ","DB_Activity_Type__c":"Other","IsReminderSet":false,"LastModifiedById":"0051r000007Oz5QAAS"}]|0x7aa3a78
13:43:16.0 (212834357)|STATEMENT_EXECUTE|[5]
13:43:16.0 (214296806)|VARIABLE_ASSIGNMENT|[5]|this.mapOld|{"00T1r00004C4oOWEAZ":{"Status":"Not Started","LastModifiedDate":"2018-04-13T11:43:16.000Z","IsDeleted":false,"AccountId":"0011r00001nnc54AAA","WhatId":"0011r00001nnc54AAA","ActivityDate":"2020-01-11T00:00:00.000Z","Priority":"Normal","IsHighPriority":false,"IsClosed":false,"IsRecurrence":false,"Subject":"Task","SystemModstamp":"2018-04-13T11:43:16.000Z","IsArchived":false,"CreatedById":"0051r000007Oz5QAAS","TaskSubtype":"Task","OwnerId":"0051r000007Oz5QAAS","CreatedDate":"2018-04-13T11:43:16.000Z","Id":"00T1r00004C4oOWEAZ","DB_Activity_Type__c":"Other","IsReminderSet":false,"LastModifiedById":"0051r000007Oz5QAAS"},"00T1r00004C4oOXEAZ":{"Status":"In Progress","LastModifiedDate":"2018-04-13T11:43:16.000Z","IsDeleted":false,"AccountId":"0011r00001nnc54AAA","WhatId":"0061r00000vk6tuAAA","ActivityDate":"2022-01-11T00:00:00.000Z","Priority":"Normal","IsHighPriority":false,"IsClosed":false,"IsRecurrence":false,"Subject":"Task2","SystemModstamp":"2018-04-13T11:43:16.000Z","IsArchived":false,"CreatedById":"0051r000007Oz5QAAS","TaskSubtype":"Task","OwnerId":"0051r000007Oz5QAAS","CreatedDate":"2018-04-13T11:43:16.000Z","Id":"00T1r00004C4oOXEAZ","DB_Activity_Type__c":"Other","IsReminderSet":false,"LastModifiedById":"0051r000007Oz5QAAS"}}|0x7aa3a78
13:43:16.0 (214333740)|STATEMENT_EXECUTE|[8]
13:43:16.0 (214339701)|STATEMENT_EXECUTE|[9]
13:43:16.0 (214341551)|STATEMENT_EXECUTE|[10]
13:43:16.0 (215811327)|HEAP_ALLOCATE|[10]|Bytes:1
13:43:16.0 (215843296)|METHOD_ENTRY|[1]|01p1r000009oS6S|TaskMethods.TaskMethods()
13:43:16.0 (215852491)|STATEMENT_EXECUTE|[1]
13:43:16.0 (215860601)|STATEMENT_EXECUTE|[1]
13:43:16.0 (216270314)|SYSTEM_MODE_ENTER|false
13:43:16.0 (216287056)|HEAP_ALLOCATE|[10]|Bytes:5
13:43:16.0 (216299942)|SYSTEM_MODE_EXIT|false
13:43:16.0 (216314726)|METHOD_EXIT|[1]|TaskMethods
13:43:16.0 (216347181)|METHOD_ENTRY|[10]|01p1r000009oS6S|TaskMethods.CerrarTarea(List<Task>)
13:43:16.0 (216386819)|VARIABLE_SCOPE_BEGIN|[3]|listTask|List<Task>|true|false
13:43:16.0 (217303385)|VARIABLE_ASSIGNMENT|[3]|listTask|[{"Status":"Completed","LastModifiedDate":"2018-04-13T11:43:16.000Z","IsDeleted":false,"AccountId":"0011r00001nnc54AAA","WhatId":"0011r00001nnc54AAA","ActivityDate":"2020-01-11T00:00:00.000Z","Priority":"Normal","IsHighPriority":false,"IsClosed":true,"IsRecurrence":false,"Subject":"Task","SystemModstamp":"2018-04-13T11:43:16.000Z","IsArchived":false,"CreatedById":"0051r000007Oz5QAAS","TaskSubtype":"Task","OwnerId":"0051r000007Oz5QAAS","CreatedDate":"2018-04-13T11:43:16.000Z","Id":"00T1r00004C4oOWEAZ","DB_Activity_Type__c":"Other","IsReminderSet":false,"LastModifiedById":"0051r000007Oz5QAAS"},{"Status":"Completed","LastModifiedDate":"2018-04-13T11:43:16.000Z","IsDeleted":false,"AccountId":"0011r00001nnc54AAA","WhatId":"0061r00000vk6tuAAA","ActivityDate":"2022-01-11T00:00:00.000Z","Priority":"Normal","IsHighPriority":false,"IsClosed":true,"IsRecurrence":false,"Subject":"Task2","SystemModstamp":"2018-04-13T11:43:16.000Z","IsArchived":false,"CreatedById":"0051r000007Oz5QAAS","TaskSubtype":"Task","OwnerId":"0051r000007Oz5QAAS","CreatedDate":"2018-04-13T11:43:16.000Z","Id":"00T1r00004C4oOXEAZ","DB_Activity_Type__c":"Other","IsReminderSet":false,"LastModifiedById":"0051r000007Oz5QAAS"}]|0x3e50ad5c
13:43:16.0 (217352696)|SYSTEM_MODE_ENTER|false
13:43:16.0 (217361121)|HEAP_ALLOCATE|[5]|Bytes:5
13:43:16.0 (217368839)|STATEMENT_EXECUTE|[3]
13:43:16.0 (217422903)|STATEMENT_EXECUTE|[5]
13:43:16.0 (217425387)|STATEMENT_EXECUTE|[8]
13:43:16.0 (217464243)|HEAP_ALLOCATE|[8]|Bytes:4
13:43:16.0 (217472047)|HEAP_ALLOCATE|[8]|Bytes:22
13:43:16.0 (217483329)|HEAP_ALLOCATE|[8]|Bytes:4
13:43:16.0 (217598106)|SOQL_EXECUTE_BEGIN|[8]|Aggregations:0|SELECT Id FROM Account
13:43:16.0 (221079880)|SOQL_EXECUTE_END|[8]|Rows:2
13:43:16.0 (221103317)|HEAP_ALLOCATE|[8]|Bytes:12
13:43:16.0 (221119460)|HEAP_ALLOCATE|[8]|Bytes:58
13:43:16.0 (221168316)|HEAP_ALLOCATE|[8]|Bytes:12
13:43:16.0 (221203870)|HEAP_ALLOCATE|[8]|Bytes:8
13:43:16.0 (221214745)|HEAP_ALLOCATE|[8]|Bytes:18
13:43:16.0 (221221014)|HEAP_ALLOCATE|[8]|Bytes:8
13:43:16.0 (221225936)|HEAP_ALLOCATE|[8]|Bytes:18
13:43:16.0 (221236150)|VARIABLE_SCOPE_BEGIN|[8]|mapAllAccounts|Map<String,Account>|true|false
13:43:16.0 (221262389)|VARIABLE_ASSIGNMENT|[8]|mapAllAccounts|{"0011r00001nnc53AAA":{"Id":"0011r00001nnc53AAA"},"0011r00001nnc54AAA":{"Id":"0011r00001nnc54AAA"}}|0xc38ed0f
13:43:16.0 (221271057)|STATEMENT_EXECUTE|[9]
13:43:16.0 (221318972)|HEAP_ALLOCATE|[9]|Bytes:4
13:43:16.0 (221328917)|HEAP_ALLOCATE|[9]|Bytes:26
13:43:16.0 (221342079)|HEAP_ALLOCATE|[9]|Bytes:4
13:43:16.0 (221460225)|SOQL_EXECUTE_BEGIN|[9]|Aggregations:0|SELECT Id FROM Opportunity
13:43:16.0 (224309139)|SOQL_EXECUTE_END|[9]|Rows:1
13:43:16.0 (224330572)|HEAP_ALLOCATE|[9]|Bytes:8
13:43:16.0 (224342566)|HEAP_ALLOCATE|[9]|Bytes:29
13:43:16.0 (224372941)|HEAP_ALLOCATE|[9]|Bytes:8
13:43:16.0 (224404372)|HEAP_ALLOCATE|[9]|Bytes:8
13:43:16.0 (224414089)|HEAP_ALLOCATE|[9]|Bytes:18
13:43:16.0 (224424161)|VARIABLE_SCOPE_BEGIN|[9]|mapAllOportunities|Map<String,Opportunity>|true|false
13:43:16.0 (224446523)|VARIABLE_ASSIGNMENT|[9]|mapAllOportunities|{"0061r00000vk6tuAAA":{"Id":"0061r00000vk6tuAAA"}}|0x2484553d
13:43:16.0 (224454729)|STATEMENT_EXECUTE|[12]
13:43:16.0 (224468598)|HEAP_ALLOCATE|[12]|Bytes:4
13:43:16.0 (224525573)|VARIABLE_SCOPE_BEGIN|[12]|listAccountUpdate|List<Account>|true|false
13:43:16.0 (224537077)|HEAP_ALLOCATE|[EXTERNAL]|Bytes:4
13:43:16.0 (224547250)|VARIABLE_ASSIGNMENT|[12]|listAccountUpdate|[]|0x22c9ff42
13:43:16.0 (224553585)|STATEMENT_EXECUTE|[13]
13:43:16.0 (224564317)|HEAP_ALLOCATE|[13]|Bytes:4
13:43:16.0 (224591582)|VARIABLE_SCOPE_BEGIN|[13]|listOpportunityUpdate|List<Opportunity>|true|false
13:43:16.0 (224601541)|HEAP_ALLOCATE|[EXTERNAL]|Bytes:4
13:43:16.0 (224608490)|VARIABLE_ASSIGNMENT|[13]|listOpportunityUpdate|[]|0x33b3f508
13:43:16.0 (224615065)|STATEMENT_EXECUTE|[16]
13:43:16.0 (224628601)|HEAP_ALLOCATE|[16]|Bytes:4
13:43:16.0 (224655682)|VARIABLE_SCOPE_BEGIN|[16]|listAccountIds|Set<String>|true|false
13:43:16.0 (224681748)|VARIABLE_ASSIGNMENT|[16]|listAccountIds|[]|0x62c7e868
13:43:16.0 (224700612)|STATEMENT_EXECUTE|[17]
13:43:16.0 (224708272)|HEAP_ALLOCATE|[17]|Bytes:4
13:43:16.0 (224724720)|VARIABLE_SCOPE_BEGIN|[17]|listOpportunityIds|Set<String>|true|false
13:43:16.0 (224739789)|VARIABLE_ASSIGNMENT|[17]|listOpportunityIds|[]|0x646c64b0
13:43:16.0 (224789368)|HEAP_ALLOCATE|[20]|Bytes:5
13:43:16.0 (224814442)|VARIABLE_SCOPE_BEGIN|[20]|inTask|Task|true|false
13:43:16.0 (225078284)|VARIABLE_ASSIGNMENT|[20]|inTask|{"Status":"Completed","LastModifiedDate":"2018-04-13T11:43:16.000Z","IsDeleted":false,"AccountId":"0011r00001nnc54AAA","WhatId":"0011r00001nnc54AAA","ActivityDate":"2020-01-11T00:00:00.000Z","Priority":"Normal","IsHighPriority":false,"IsClosed":true,"IsRecurrence":false,"Subject":"Task","SystemModstamp":"2018-04-13T11:43:16.000Z","IsArchived":false,"CreatedById":"0051r000007Oz5QAAS","TaskSubtype":"Task","OwnerId":"0051r000007Oz5QAAS","CreatedDate":"2018-04-13T11:43:16.000Z","Id":"00T1r00004C4oOWEAZ","DB_Activity_Type__c":"Other","IsReminderSet":false,"LastModifiedById":"0051r000007Oz5QAAS"}|0x9b2b490
13:43:16.0 (225095375)|STATEMENT_EXECUTE|[20]
13:43:16.0 (225134641)|STATEMENT_EXECUTE|[21]
13:43:16.0 (225206659)|STATEMENT_EXECUTE|[22]
13:43:16.0 (225209242)|STATEMENT_EXECUTE|[24]
13:43:16.0 (225237815)|HEAP_ALLOCATE|[EXTERNAL]|Bytes:4
13:43:16.0 (225255634)|HEAP_ALLOCATE|[20]|Bytes:5
13:43:16.0 (225271277)|VARIABLE_SCOPE_BEGIN|[20]|inTask|Task|true|false
13:43:16.0 (225410560)|VARIABLE_ASSIGNMENT|[20]|inTask|{"Status":"Completed","LastModifiedDate":"2018-04-13T11:43:16.000Z","IsDeleted":false,"AccountId":"0011r00001nnc54AAA","WhatId":"0061r00000vk6tuAAA","ActivityDate":"2022-01-11T00:00:00.000Z","Priority":"Normal","IsHighPriority":false,"IsClosed":true,"IsRecurrence":false,"Subject":"Task2","SystemModstamp":"2018-04-13T11:43:16.000Z","IsArchived":false,"CreatedById":"0051r000007Oz5QAAS","TaskSubtype":"Task","OwnerId":"0051r000007Oz5QAAS","CreatedDate":"2018-04-13T11:43:16.000Z","Id":"00T1r00004C4oOXEAZ","DB_Activity_Type__c":"Other","IsReminderSet":false,"LastModifiedById":"0051r000007Oz5QAAS"}|0x78dc336b
13:43:16.0 (225436511)|STATEMENT_EXECUTE|[20]
13:43:16.0 (225452520)|STATEMENT_EXECUTE|[21]
13:43:16.0 (225500513)|STATEMENT_EXECUTE|[25]
13:43:16.0 (225502915)|STATEMENT_EXECUTE|[26]
13:43:16.0 (225522854)|HEAP_ALLOCATE|[EXTERNAL]|Bytes:4
13:43:16.0 (225538814)|HEAP_ALLOCATE|[20]|Bytes:5
13:43:16.0 (225552401)|VARIABLE_ASSIGNMENT|[20]|inTask|null|
13:43:16.0 (225559024)|STATEMENT_EXECUTE|[32]
13:43:16.0 (225575072)|HEAP_ALLOCATE|[32]|Bytes:4
13:43:16.0 (225581217)|HEAP_ALLOCATE|[32]|Bytes:57
13:43:16.0 (225589672)|HEAP_ALLOCATE|[32]|Bytes:4
13:43:16.0 (225619659)|HEAP_ALLOCATE|[32]|Bytes:8
13:43:16.0 (225628730)|HEAP_ALLOCATE|[32]|Bytes:8
13:43:16.0 (225786205)|SOQL_EXECUTE_BEGIN|[32]|Aggregations:0|SELECT Id, AccountId FROM Opportunity WHERE id = :tmpVar1
13:43:16.0 (228660966)|SOQL_EXECUTE_END|[32]|Rows:1
13:43:16.0 (228682543)|HEAP_ALLOCATE|[32]|Bytes:8
13:43:16.0 (228699345)|HEAP_ALLOCATE|[32]|Bytes:60
13:43:16.0 (228727991)|HEAP_ALLOCATE|[32]|Bytes:8
13:43:16.0 (228743997)|HEAP_ALLOCATE|[32]|Bytes:12
13:43:16.0 (228752768)|HEAP_ALLOCATE|[32]|Bytes:18
13:43:16.0 (228760188)|VARIABLE_SCOPE_BEGIN|[32]|mapOportunity|Map<String,Opportunity>|true|false
13:43:16.0 (228782350)|VARIABLE_ASSIGNMENT|[32]|mapOportunity|{"0061r00000vk6tuAAA":{"Id":"0061r00000vk6tuAAA","AccountId":"0011r00001nnc54AAA"}}|0x51b8bdd9
13:43:16.0 (228799067)|HEAP_ALLOCATE|[35]|Bytes:4
13:43:16.0 (228832143)|HEAP_ALLOCATE|[35]|Bytes:4
13:43:16.0 (228855956)|HEAP_ALLOCATE|[35]|Bytes:5
13:43:16.0 (228869694)|VARIABLE_SCOPE_BEGIN|[35]|idOportunity|String|false|false
13:43:16.0 (228879970)|VARIABLE_ASSIGNMENT|[35]|idOportunity|"0061r00000vk6tuAAA"
13:43:16.0 (228887731)|STATEMENT_EXECUTE|[35]
13:43:16.0 (228890142)|STATEMENT_EXECUTE|[36]
13:43:16.0 (228950169)|HEAP_ALLOCATE|[EXTERNAL]|Bytes:4
13:43:16.0 (228966447)|HEAP_ALLOCATE|[35]|Bytes:5
13:43:16.0 (228977932)|VARIABLE_ASSIGNMENT|[35]|idOportunity|null
13:43:16.0 (228984071)|STATEMENT_EXECUTE|[42]
13:43:16.0 (228997960)|HEAP_ALLOCATE|[42]|Bytes:4
13:43:16.0 (229004758)|HEAP_ALLOCATE|[42]|Bytes:91
13:43:16.0 (229013039)|HEAP_ALLOCATE|[42]|Bytes:4
13:43:16.0 (229037374)|HEAP_ALLOCATE|[42]|Bytes:8
13:43:16.0 (229045544)|HEAP_ALLOCATE|[42]|Bytes:8
13:43:16.0 (229193307)|SOQL_EXECUTE_BEGIN|[42]|Aggregations:0|SELECT Id, Fecha_ltima_actividad_m_s_reciente__c, ParentId FROM Account WHERE id = :tmpVar1
13:43:16.0 (232565188)|SOQL_EXECUTE_END|[42]|Rows:1
13:43:16.0 (232592818)|HEAP_ALLOCATE|[42]|Bytes:8
13:43:16.0 (232609882)|HEAP_ALLOCATE|[42]|Bytes:104
13:43:16.0 (232646740)|HEAP_ALLOCATE|[42]|Bytes:8
13:43:16.0 (232666903)|HEAP_ALLOCATE|[42]|Bytes:16
13:43:16.0 (232680694)|HEAP_ALLOCATE|[42]|Bytes:18
13:43:16.0 (232693190)|VARIABLE_SCOPE_BEGIN|[42]|mapAccount|Map<String,Account>|true|false
13:43:16.0 (232741828)|VARIABLE_ASSIGNMENT|[42]|mapAccount|{"0011r00001nnc54AAA":{"Id":"0011r00001nnc54AAA","Fecha_ltima_activida (17 more) ...":"2018-01-11T00:00:00.000Z","ParentId":"0011r00001nnc53AAA"}}|0x39112c32
13:43:16.0 (232813718)|HEAP_ALLOCATE|[45]|Bytes:5
13:43:16.0 (232841293)|VARIABLE_SCOPE_BEGIN|[45]|inTask|Task|true|false
13:43:16.0 (233111572)|VARIABLE_ASSIGNMENT|[45]|inTask|{"Status":"Completed","LastModifiedDate":"2018-04-13T11:43:16.000Z","IsDeleted":false,"AccountId":"0011r00001nnc54AAA","WhatId":"0011r00001nnc54AAA","ActivityDate":"2020-01-11T00:00:00.000Z","Priority":"Normal","IsHighPriority":false,"IsClosed":true,"IsRecurrence":false,"Subject":"Task","SystemModstamp":"2018-04-13T11:43:16.000Z","IsArchived":false,"CreatedById":"0051r000007Oz5QAAS","TaskSubtype":"Task","OwnerId":"0051r000007Oz5QAAS","CreatedDate":"2018-04-13T11:43:16.000Z","Id":"00T1r00004C4oOWEAZ","DB_Activity_Type__c":"Other","IsReminderSet":false,"LastModifiedById":"0051r000007Oz5QAAS"}|0x9b2b490
13:43:16.0 (233139912)|STATEMENT_EXECUTE|[45]
13:43:16.0 (233307929)|STATEMENT_EXECUTE|[47]
13:43:16.0 (233311383)|STATEMENT_EXECUTE|[49]
13:43:16.0 (233399236)|VARIABLE_ASSIGNMENT|[49]|this.Fecha_ltima_actividad_m_s_reciente__c|"2020-01-11T00:00:00.000Z"|0x7c8cc9d
13:43:16.0 (233409269)|STATEMENT_EXECUTE|[50]
13:43:16.0 (233448744)|HEAP_ALLOCATE|[EXTERNAL]|Bytes:4
13:43:16.0 (233466863)|HEAP_ALLOCATE|[45]|Bytes:5
13:43:16.0 (233483026)|VARIABLE_SCOPE_BEGIN|[45]|inTask|Task|true|false
13:43:16.0 (233626269)|VARIABLE_ASSIGNMENT|[45]|inTask|{"Status":"Completed","LastModifiedDate":"2018-04-13T11:43:16.000Z","IsDeleted":false,"AccountId":"0011r00001nnc54AAA","WhatId":"0061r00000vk6tuAAA","ActivityDate":"2022-01-11T00:00:00.000Z","Priority":"Normal","IsHighPriority":false,"IsClosed":true,"IsRecurrence":false,"Subject":"Task2","SystemModstamp":"2018-04-13T11:43:16.000Z","IsArchived":false,"CreatedById":"0051r000007Oz5QAAS","TaskSubtype":"Task","OwnerId":"0051r000007Oz5QAAS","CreatedDate":"2018-04-13T11:43:16.000Z","Id":"00T1r00004C4oOXEAZ","DB_Activity_Type__c":"Other","IsReminderSet":false,"LastModifiedById":"0051r000007Oz5QAAS"}|0x78dc336b
13:43:16.0 (233642366)|STATEMENT_EXECUTE|[45]
13:43:16.0 (233686611)|EXCEPTION_THROWN|[47]|System.NullPointerException: Attempt to de-reference a null object
13:43:16.0 (233796259)|HEAP_ALLOCATE|[47]|Bytes:41
13:43:16.0 (233808680)|SYSTEM_MODE_EXIT|false
13:43:16.0 (233821406)|METHOD_EXIT|[10]|01p1r000009oS6S|TaskMethods.CerrarTarea(List<Task>)
13:43:16.0 (233908843)|FATAL_ERROR|System.NullPointerException: Attempt to de-reference a null object

Class.TaskMethods.CerrarTarea: line 47, column 1
Trigger.TaskTrigger: line 10, column 1
13:43:16.0 (233922093)|FATAL_ERROR|System.NullPointerException: Attempt to de-reference a null object

Class.TaskMethods.CerrarTarea: line 47, column 1
Trigger.TaskTrigger: line 10, column 1
13:43:16.233 (233968891)|CUMULATIVE_LIMIT_USAGE
13:43:16.233 (233968891)|LIMIT_USAGE_FOR_NS|(default)|
  Number of SOQL queries: 5 out of 100
  Number of query rows: 5 out of 50000
  Number of SOSL queries: 0 out of 20
  Number of DML statements: 6 out of 150
  Number of DML rows: 7 out of 10000
  Maximum CPU time: 0 out of 10000
  Maximum heap size: 0 out of 6000000
  Number of callouts: 0 out of 100
  Number of Email Invocations: 0 out of 10
  Number of future calls: 0 out of 50
  Number of queueable jobs added to the queue: 0 out of 50
  Number of Mobile Apex push calls: 0 out of 10

13:43:16.233 (233968891)|CUMULATIVE_LIMIT_USAGE_END

13:43:16.0 (235457021)|CODE_UNIT_FINISHED|TaskTrigger on Task trigger event AfterUpdate
13:43:16.0 (238775974)|DML_END|[56]
13:43:16.0 (238861869)|EXCEPTION_THROWN|[56]|System.DmlException: Update failed. First exception on row 0 with id 00T1r00004C4oOWEAZ; first error: CANNOT_INSERT_UPDATE_ACTIVATE_ENTITY, TaskTrigger: execution of AfterUpdate

caused by: System.NullPointerException: Attempt to de-reference a null object

Class.TaskMethods.CerrarTarea: line 47, column 1
Trigger.TaskTrigger: line 10, column 1: []
13:43:16.0 (239169152)|HEAP_ALLOCATE|[56]|Bytes:332
13:43:16.0 (239253555)|FATAL_ERROR|System.DmlException: Update failed. First exception on row 0 with id 00T1r00004C4oOWEAZ; first error: CANNOT_INSERT_UPDATE_ACTIVATE_ENTITY, TaskTrigger: execution of AfterUpdate

caused by: System.NullPointerException: Attempt to de-reference a null object

Class.TaskMethods.CerrarTarea: line 47, column 1
Trigger.TaskTrigger: line 10, column 1: []

Class.TaskTest.testCerrarTarea: line 56, column 1
13:43:16.0 (239270906)|FATAL_ERROR|System.DmlException: Update failed. First exception on row 0 with id 00T1r00004C4oOWEAZ; first error: CANNOT_INSERT_UPDATE_ACTIVATE_ENTITY, TaskTrigger: execution of AfterUpdate

caused by: System.NullPointerException: Attempt to de-reference a null object

Class.TaskMethods.CerrarTarea: line 47, column 1
Trigger.TaskTrigger: line 10, column 1: []

Class.TaskTest.testCerrarTarea: line 56, column 1
13:43:16.239 (239280012)|CUMULATIVE_LIMIT_USAGE
13:43:16.239 (239280012)|LIMIT_USAGE_FOR_NS|(default)|
  Number of SOQL queries: 1 out of 100
  Number of query rows: 0 out of 50000
  Number of SOSL queries: 0 out of 20
  Number of DML statements: 6 out of 150
  Number of DML rows: 7 out of 10000
  Maximum CPU time: 0 out of 10000
  Maximum heap size: 0 out of 6000000
  Number of callouts: 0 out of 100
  Number of Email Invocations: 0 out of 10
  Number of future calls: 0 out of 50
  Number of queueable jobs added to the queue: 0 out of 50
  Number of Mobile Apex push calls: 0 out of 10

13:43:16.239 (239280012)|CUMULATIVE_LIMIT_USAGE_END

13:43:16.0 (239307013)|CODE_UNIT_FINISHED|TaskTest.testCerrarTarea
13:43:16.0 (240345792)|EXECUTION_FINISHED
13:43:16.350 (350254972)|USER_INFO|[EXTERNAL]|0051r000007Oz5Q|lydia.abril@gmail.com|hora estándar de Europa central|GMT+02:00
13:43:16.350 (350281684)|EXECUTION_STARTED
13:43:16.350 (350287211)|CODE_UNIT_STARTED|[EXTERNAL]|DuplicateDetector
13:43:16.350 (350302381)|DUPLICATE_DETECTION_BEGIN
13:43:16.350 (350362854)|DUPLICATE_DETECTION_RULE_INVOCATION|DuplicateRuleId:0Bm1r0000018X88|DuplicateRuleName:Standard Account Duplicate Rule|DmlType:INSERT
13:43:16.350 (360776752)|DUPLICATE_DETECTION_END
13:43:16.350 (360784879)|CODE_UNIT_FINISHED|DuplicateDetector
13:43:16.350 (361726680)|EXECUTION_FINISHED
