42.0 APEX_CODE,FINEST;APEX_PROFILING,INFO;CALLOUT,INFO;DB,INFO;SYSTEM,DEBUG;VALIDATION,INFO;VISUALFORCE,INFO;WAVE,INFO;WORKFLOW,INFO
08:24:14.0 (338009)|EXECUTION_STARTED
08:24:14.0 (369104)|CODE_UNIT_STARTED|[EXTERNAL]|VisualForce View State
08:24:14.0 (13173184)|CODE_UNIT_FINISHED|VisualForce View State
08:24:14.0 (14148478)|EXECUTION_FINISHED
08:24:14.383 (383709346)|CUMULATIVE_LIMIT_USAGE
08:24:14.383 (383709346)|LIMIT_USAGE_FOR_NS|(default)|
  Number of SOQL queries: 0 out of 100
  Number of query rows: 0 out of 50000
  Number of SOSL queries: 0 out of 20
  Number of DML statements: 0 out of 150
  Number of DML rows: 0 out of 10000
  Maximum CPU time: 0 out of 10000
  Maximum heap size: 0 out of 6000000
  Number of callouts: 0 out of 100
  Number of Email Invocations: 0 out of 10
  Number of future calls: 0 out of 50
  Number of queueable jobs added to the queue: 0 out of 50
  Number of Mobile Apex push calls: 0 out of 10

08:24:14.383 (383709346)|CUMULATIVE_LIMIT_USAGE_END

