36.0 APEX_CODE,FINEST;APEX_PROFILING,INFO;CALLOUT,INFO;DB,INFO;SYSTEM,DEBUG;VALIDATION,INFO;VISUALFORCE,INFO;WAVE,INFO;WORKFLOW,INFO
12:56:04.0 (441826)|USER_INFO|[EXTERNAL]|0051r000007Oz5Q|lydia.abril@gmail.com|hora estándar de Europa central|GMT+02:00
12:56:04.0 (503173)|EXECUTION_STARTED
12:56:04.0 (507600)|CODE_UNIT_STARTED|[EXTERNAL]|01p1r000009p5xn|TaskTest.testCerrarTarea
12:56:04.0 (729144)|HEAP_ALLOCATE|[72]|Bytes:3
12:56:04.0 (822862)|HEAP_ALLOCATE|[77]|Bytes:152
12:56:04.0 (838503)|HEAP_ALLOCATE|[342]|Bytes:408
12:56:04.0 (852121)|HEAP_ALLOCATE|[355]|Bytes:408
12:56:04.0 (864987)|HEAP_ALLOCATE|[467]|Bytes:48
12:56:04.0 (923842)|HEAP_ALLOCATE|[139]|Bytes:6
12:56:04.0 (939850)|HEAP_ALLOCATE|[EXTERNAL]|Bytes:113
12:56:04.0 (985180)|METHOD_ENTRY|[2]|01p1r000009p5xn|TaskTest.TaskTest()
12:56:04.0 (995158)|STATEMENT_EXECUTE|[2]
12:56:04.0 (1002709)|STATEMENT_EXECUTE|[2]
12:56:04.0 (1020908)|METHOD_EXIT|[2]|TaskTest
12:56:04.0 (1286655)|HEAP_ALLOCATE|[50]|Bytes:5
12:56:04.0 (1313554)|HEAP_ALLOCATE|[56]|Bytes:5
12:56:04.0 (1332904)|HEAP_ALLOCATE|[64]|Bytes:7
12:56:04.0 (1371226)|STATEMENT_EXECUTE|[4]
12:56:04.0 (1373689)|STATEMENT_EXECUTE|[6]
12:56:04.0 (1428866)|HEAP_ALLOCATE|[6]|Bytes:4
12:56:04.0 (1517923)|HEAP_ALLOCATE|[6]|Bytes:11
12:56:04.0 (1579626)|VARIABLE_ASSIGNMENT|[6]|this.Name|"CuentaPadre"|0x9152018
12:56:04.0 (1671378)|HEAP_ALLOCATE|[7]|Bytes:4
12:56:04.0 (1727102)|VARIABLE_ASSIGNMENT|[6]|this.Fecha_ultima_actividad_mas_reciente__c|"2018-01-11T00:00:00.000Z"|0x9152018
12:56:04.0 (1774130)|VARIABLE_SCOPE_BEGIN|[6]|oAccountParent|Account|true|false
12:56:04.0 (1951870)|VARIABLE_ASSIGNMENT|[6]|oAccountParent|{"Name":"CuentaPadre","Fecha_ultima_activid (18 more) ...":"2018-01-11T00:00:00.000Z"}|0x9152018
12:56:04.0 (1961530)|STATEMENT_EXECUTE|[8]
12:56:04.0 (1986467)|HEAP_ALLOCATE|[8]|Bytes:8
12:56:04.0 (2000249)|DML_BEGIN|[8]|Op:Insert|Type:Account|Rows:1
12:56:04.0 (2032060)|HEAP_ALLOCATE|[EXTERNAL]|Bytes:8
12:56:04.0 (11777779)|CODE_UNIT_STARTED|[EXTERNAL]|DuplicateDetector
12:56:04.0 (11836519)|DUPLICATE_DETECTION_BEGIN
12:56:04.0 (12487434)|DUPLICATE_DETECTION_RULE_INVOCATION|DuplicateRuleId:0Bm1r0000018X88|DuplicateRuleName:Standard Account Duplicate Rule|DmlType:INSERT
12:56:04.0 (33536474)|DUPLICATE_DETECTION_MATCH_INVOCATION_DETAILS|EntityType:Account|ActionTaken:Allow_[Alert,Report]|DuplicateRecordIds:
12:56:04.0 (33564509)|DUPLICATE_DETECTION_MATCH_INVOCATION_SUMMARY|EntityType:Account|NumRecordsToBeSaved:1|NumRecordsToBeSavedWithDuplicates:0|NumDuplicateRecordsFound:0
12:56:04.0 (33777892)|DUPLICATE_DETECTION_END
12:56:04.0 (33785511)|CODE_UNIT_FINISHED|DuplicateDetector
12:56:04.0 (58281012)|CODE_UNIT_STARTED|[EXTERNAL]|Workflow:Account
12:56:04.0 (58790596)|CODE_UNIT_FINISHED|Workflow:Account
12:56:04.0 (61790806)|DML_END|[8]
12:56:04.0 (61830965)|STATEMENT_EXECUTE|[10]
12:56:04.0 (61872125)|HEAP_ALLOCATE|[10]|Bytes:4
12:56:04.0 (61906082)|HEAP_ALLOCATE|[10]|Bytes:6
12:56:04.0 (61972669)|VARIABLE_ASSIGNMENT|[10]|this.Name|"Cuenta"|0x3fa5755
12:56:04.0 (62026512)|VARIABLE_ASSIGNMENT|[10]|this.ParentId|"0011r00001noz92AAA"|0x3fa5755
12:56:04.0 (62148755)|HEAP_ALLOCATE|[12]|Bytes:4
12:56:04.0 (62205724)|VARIABLE_ASSIGNMENT|[10]|this.Fecha_ultima_actividad_mas_reciente__c|"2018-01-11T00:00:00.000Z"|0x3fa5755
12:56:04.0 (62247583)|VARIABLE_SCOPE_BEGIN|[10]|oAccount|Account|true|false
12:56:04.0 (62284897)|VARIABLE_ASSIGNMENT|[10]|oAccount|{"Name":"Cuenta","ParentId":"0011r00001noz92AAA","Fecha_ultima_activid (18 more) ...":"2018-01-11T00:00:00.000Z"}|0x3fa5755
12:56:04.0 (62295323)|STATEMENT_EXECUTE|[13]
12:56:04.0 (62318622)|HEAP_ALLOCATE|[13]|Bytes:8
12:56:04.0 (62333474)|DML_BEGIN|[13]|Op:Insert|Type:Account|Rows:1
12:56:04.0 (62376039)|HEAP_ALLOCATE|[EXTERNAL]|Bytes:8
12:56:04.0 (66196115)|CODE_UNIT_STARTED|[EXTERNAL]|DuplicateDetector
12:56:04.0 (66217859)|DUPLICATE_DETECTION_BEGIN
12:56:04.0 (66277182)|DUPLICATE_DETECTION_RULE_INVOCATION|DuplicateRuleId:0Bm1r0000018X88|DuplicateRuleName:Standard Account Duplicate Rule|DmlType:INSERT
12:56:04.0 (76763504)|DUPLICATE_DETECTION_MATCH_INVOCATION_DETAILS|EntityType:Account|ActionTaken:Allow_[Alert,Report]|DuplicateRecordIds:
12:56:04.0 (76788079)|DUPLICATE_DETECTION_MATCH_INVOCATION_SUMMARY|EntityType:Account|NumRecordsToBeSaved:1|NumRecordsToBeSavedWithDuplicates:0|NumDuplicateRecordsFound:0
12:56:04.0 (76968926)|DUPLICATE_DETECTION_END
12:56:04.0 (76977417)|CODE_UNIT_FINISHED|DuplicateDetector
12:56:04.0 (142398155)|CODE_UNIT_STARTED|[EXTERNAL]|Workflow:Account
12:56:04.0 (142443904)|CODE_UNIT_FINISHED|Workflow:Account
12:56:04.0 (142898363)|DML_END|[13]
12:56:04.0 (142925345)|STATEMENT_EXECUTE|[15]
12:56:04.0 (142967318)|HEAP_ALLOCATE|[15]|Bytes:4
12:56:04.0 (143045107)|HEAP_ALLOCATE|[15]|Bytes:11
12:56:04.0 (143095064)|VARIABLE_ASSIGNMENT|[15]|this.Name|"Oportunidad"|0x1f673331
12:56:04.0 (143169317)|HEAP_ALLOCATE|[16]|Bytes:4
12:56:04.0 (143221076)|VARIABLE_ASSIGNMENT|[15]|this.CloseDate|"2020-01-11T00:00:00.000Z"|0x1f673331
12:56:04.0 (143229305)|HEAP_ALLOCATE|[17]|Bytes:11
12:56:04.0 (143252186)|VARIABLE_ASSIGNMENT|[15]|this.StageName|"Prospecting"|0x1f673331
12:56:04.0 (143289294)|VARIABLE_ASSIGNMENT|[15]|this.AccountId|"0011r00001noz93AAA"|0x1f673331
12:56:04.0 (143317605)|VARIABLE_SCOPE_BEGIN|[15]|oOpportunity|Opportunity|true|false
12:56:04.0 (143346498)|VARIABLE_ASSIGNMENT|[15]|oOpportunity|{"Name":"Oportunidad","CloseDate":"2020-01-11T00:00:00.000Z","StageName":"Prospecting","AccountId":"0011r00001noz93AAA"}|0x1f673331
12:56:04.0 (143355643)|STATEMENT_EXECUTE|[19]
12:56:04.0 (143374865)|HEAP_ALLOCATE|[19]|Bytes:8
12:56:04.0 (143386780)|DML_BEGIN|[19]|Op:Insert|Type:Opportunity|Rows:1
12:56:04.0 (143425474)|HEAP_ALLOCATE|[EXTERNAL]|Bytes:8
12:56:04.0 (175619200)|CODE_UNIT_STARTED|[EXTERNAL]|01q1r000000Bcgl|ClosedOpportunityTrigger on Opportunity trigger event AfterInsert
12:56:04.0 (175659787)|HEAP_ALLOCATE|[EXTERNAL]|Bytes:8
12:56:04.0 (175894651)|HEAP_ALLOCATE|[EXTERNAL]|Bytes:8
12:56:04.0 (175912751)|VARIABLE_SCOPE_BEGIN|[1]|this|ClosedOpportunityTrigger|true|false
12:56:04.0 (176007779)|VARIABLE_ASSIGNMENT|[1]|this|{}|0x7adee0a7
12:56:04.0 (176082317)|HEAP_ALLOCATE|[EXTERNAL]|Bytes:8
12:56:04.0 (176216440)|VARIABLE_SCOPE_BEGIN|[1]|this|ClosedOpportunityTrigger|true|false
12:56:04.0 (176234958)|VARIABLE_ASSIGNMENT|[1]|this|{}|0x7adee0a7
12:56:04.0 (176249984)|STATEMENT_EXECUTE|[1]
12:56:04.0 (176253570)|STATEMENT_EXECUTE|[3]
12:56:04.0 (176299319)|HEAP_ALLOCATE|[3]|Bytes:4
12:56:04.0 (176412425)|HEAP_ALLOCATE|[EXTERNAL]|Bytes:4
12:56:04.0 (176429623)|VARIABLE_ASSIGNMENT|[3]|this.taskList|[]|0x7adee0a7
12:56:04.0 (176438850)|HEAP_ALLOCATE|[5]|Bytes:89
12:56:04.0 (176453149)|HEAP_ALLOCATE|[5]|Bytes:4
12:56:04.0 (176462362)|HEAP_ALLOCATE|[5]|Bytes:7
12:56:04.0 (176731104)|SOQL_EXECUTE_BEGIN|[5]|Aggregations:0|SELECT Id, StageName FROM Opportunity 
12:56:04.0 (183284423)|SOQL_EXECUTE_END|[5]|Rows:0
12:56:04.0 (183454306)|HEAP_ALLOCATE|[5]|Bytes:54
12:56:04.0 (183464952)|HEAP_ALLOCATE|[5]|Bytes:8
12:56:04.0 (183488908)|SYSTEM_METHOD_ENTRY|[7]|QueryLocatorIterator.QueryLocatorIterator()
12:56:04.0 (183494838)|STATEMENT_EXECUTE|[7]
12:56:04.0 (183503654)|SYSTEM_METHOD_EXIT|[7]|QueryLocatorIterator
12:56:04.0 (183512465)|HEAP_ALLOCATE|[5]|Bytes:28
12:56:04.0 (183526424)|HEAP_ALLOCATE|[5]|Bytes:8
12:56:04.0 (183530277)|HEAP_ALLOCATE|[5]|Bytes:8
12:56:04.0 (183535717)|VARIABLE_SCOPE_BEGIN|[15]|this|Database.QueryLocatorIterator|true|false
12:56:04.0 (183575554)|VARIABLE_ASSIGNMENT|[15]|this|{}|0x75556262
12:56:04.0 (183582419)|VARIABLE_SCOPE_BEGIN|[15]|values|List<SObject>|true|false
12:56:04.0 (183591462)|VARIABLE_ASSIGNMENT|[15]|values|null|
12:56:04.0 (183595552)|VARIABLE_SCOPE_BEGIN|[15]|ql|Database.QueryLocator|true|false
12:56:04.0 (183619815)|VARIABLE_ASSIGNMENT|[15]|ql|{"query":"SELECT Id, StageName (69 more) ..."}|0x8b31c33
12:56:04.0 (183625792)|VARIABLE_SCOPE_BEGIN|[15]|totalNumRecords|Integer|false|false
12:56:04.0 (183634588)|VARIABLE_ASSIGNMENT|[15]|totalNumRecords|0
12:56:04.0 (183639397)|VARIABLE_SCOPE_BEGIN|[15]|queryMoreSize|Integer|false|false
12:56:04.0 (183646354)|VARIABLE_ASSIGNMENT|[15]|queryMoreSize|50000
12:56:04.0 (183739022)|HEAP_ALLOCATE|[5]|Bytes:28
12:56:04.0 (183768232)|METHOD_ENTRY|[5]||Database.QueryLocatorIterator.hasNext()
12:56:04.0 (183795508)|METHOD_EXIT|[5]||Database.QueryLocatorIterator.hasNext()
12:56:04.0 (183805520)|VARIABLE_ASSIGNMENT|[5]|opp|null|
12:56:04.0 (183812679)|STATEMENT_EXECUTE|[5]
12:56:04.0 (183852904)|STATEMENT_EXECUTE|[12]
12:56:04.183 (183859401)|CUMULATIVE_LIMIT_USAGE
12:56:04.183 (183859401)|LIMIT_USAGE_FOR_NS|(default)|
  Number of SOQL queries: 1 out of 100
  Number of query rows: 0 out of 50000
  Number of SOSL queries: 0 out of 20
  Number of DML statements: 3 out of 150
  Number of DML rows: 3 out of 10000
  Maximum CPU time: 0 out of 10000
  Maximum heap size: 0 out of 6000000
  Number of callouts: 0 out of 100
  Number of Email Invocations: 0 out of 10
  Number of future calls: 0 out of 50
  Number of queueable jobs added to the queue: 0 out of 50
  Number of Mobile Apex push calls: 0 out of 10

12:56:04.183 (183859401)|CUMULATIVE_LIMIT_USAGE_END

12:56:04.0 (184828599)|CODE_UNIT_FINISHED|ClosedOpportunityTrigger on Opportunity trigger event AfterInsert
12:56:04.0 (186085104)|DML_END|[19]
12:56:04.0 (186107734)|STATEMENT_EXECUTE|[23]
12:56:04.0 (186129465)|HEAP_ALLOCATE|[23]|Bytes:4
12:56:04.0 (186157012)|VARIABLE_SCOPE_BEGIN|[23]|listTask|List<Task>|true|false
12:56:04.0 (186168070)|HEAP_ALLOCATE|[EXTERNAL]|Bytes:4
12:56:04.0 (186178624)|VARIABLE_ASSIGNMENT|[23]|listTask|[]|0x87f9de1
12:56:04.0 (186185541)|STATEMENT_EXECUTE|[25]
12:56:04.0 (186202093)|HEAP_ALLOCATE|[25]|Bytes:4
12:56:04.0 (186271697)|HEAP_ALLOCATE|[25]|Bytes:4
12:56:04.0 (186323504)|VARIABLE_ASSIGNMENT|[25]|this.Subject|"Task"|0x56e7b8fe
12:56:04.0 (186333821)|HEAP_ALLOCATE|[26]|Bytes:6
12:56:04.0 (186353917)|VARIABLE_ASSIGNMENT|[25]|this.Priority|"Normal"|0x56e7b8fe
12:56:04.0 (186360459)|HEAP_ALLOCATE|[27]|Bytes:11
12:56:04.0 (186374781)|VARIABLE_ASSIGNMENT|[25]|this.Status|"Not Started"|0x56e7b8fe
12:56:04.0 (186417169)|VARIABLE_ASSIGNMENT|[25]|this.WhatId|"0011r00001noz93AAA"|0x56e7b8fe
12:56:04.0 (186476335)|HEAP_ALLOCATE|[29]|Bytes:4
12:56:04.0 (186525938)|VARIABLE_ASSIGNMENT|[25]|this.ActivityDate|"2020-01-11T00:00:00.000Z"|0x56e7b8fe
12:56:04.0 (186555667)|VARIABLE_SCOPE_BEGIN|[25]|oTask|Task|true|false
12:56:04.0 (186577867)|VARIABLE_ASSIGNMENT|[25]|oTask|{"Subject":"Task","Priority":"Normal","Status":"Not Started","WhatId":"0011r00001noz93AAA","ActivityDate":"2020-01-11T00:00:00.000Z"}|0x56e7b8fe
12:56:04.0 (186586441)|STATEMENT_EXECUTE|[31]
12:56:04.0 (186619369)|HEAP_ALLOCATE|[EXTERNAL]|Bytes:4
12:56:04.0 (186629128)|STATEMENT_EXECUTE|[33]
12:56:04.0 (186664700)|DML_BEGIN|[33]|Op:Insert|Type:Task|Rows:1
12:56:04.0 (186691700)|HEAP_ALLOCATE|[EXTERNAL]|Bytes:8
12:56:04.0 (208891322)|DML_END|[33]
12:56:04.0 (208937781)|HEAP_ALLOCATE|[EXTERNAL]|Bytes:8
12:56:04.0 (209093962)|HEAP_ALLOCATE|[35]|Bytes:5
12:56:04.0 (209114337)|HEAP_ALLOCATE|[35]|Bytes:28
12:56:04.0 (209124284)|VARIABLE_SCOPE_BEGIN|[35]|inTask|Task|true|false
12:56:04.0 (209180721)|VARIABLE_ASSIGNMENT|[35]|inTask|{"Subject":"Task","Priority":"Normal","Status":"Not Started","WhatId":"0011r00001noz93AAA","ActivityDate":"2020-01-11T00:00:00.000Z","Id":"00T1r00004CQBGLEA5"}|0x56e7b8fe
12:56:04.0 (209197716)|STATEMENT_EXECUTE|[35]
12:56:04.0 (209201220)|STATEMENT_EXECUTE|[36]
12:56:04.0 (209205307)|HEAP_ALLOCATE|[36]|Bytes:9
12:56:04.0 (209270425)|VARIABLE_ASSIGNMENT|[36]|this.Status|"Completed"|0x56e7b8fe
12:56:04.0 (209288599)|HEAP_ALLOCATE|[35]|Bytes:5
12:56:04.0 (209301559)|VARIABLE_ASSIGNMENT|[35]|inTask|null|
12:56:04.0 (209307837)|STATEMENT_EXECUTE|[39]
12:56:04.0 (209354061)|DML_BEGIN|[39]|Op:Update|Type:Task|Rows:1
12:56:04.0 (209385938)|HEAP_ALLOCATE|[EXTERNAL]|Bytes:8
12:56:04.0 (230037013)|CODE_UNIT_STARTED|[EXTERNAL]|01q1r000000j6Yv|TaskTrigger on Task trigger event AfterUpdate
12:56:04.0 (230074187)|HEAP_ALLOCATE|[EXTERNAL]|Bytes:8
12:56:04.0 (230112164)|HEAP_ALLOCATE|[EXTERNAL]|Bytes:8
12:56:04.0 (230216560)|HEAP_ALLOCATE|[EXTERNAL]|Bytes:12
12:56:04.0 (230232957)|VARIABLE_SCOPE_BEGIN|[1]|this|TaskTrigger|true|false
12:56:04.0 (230296958)|VARIABLE_ASSIGNMENT|[1]|this|{}|0x2f290b4e
12:56:04.0 (230352349)|HEAP_ALLOCATE|[EXTERNAL]|Bytes:12
12:56:04.0 (230420045)|VARIABLE_SCOPE_BEGIN|[1]|this|TaskTrigger|true|false
12:56:04.0 (230442059)|VARIABLE_ASSIGNMENT|[1]|this|{}|0x2f290b4e
12:56:04.0 (230456435)|STATEMENT_EXECUTE|[1]
12:56:04.0 (230459051)|STATEMENT_EXECUTE|[3]
12:56:04.0 (232199655)|VARIABLE_ASSIGNMENT|[3]|this.listNew|[{"Status":"Completed","LastModifiedDate":"2018-04-19T10:56:04.000Z","IsDeleted":false,"AccountId":"0011r00001noz93AAA","WhatId":"0011r00001noz93AAA","ActivityDate":"2020-01-11T00:00:00.000Z","Priority":"Normal","IsHighPriority":false,"IsClosed":true,"IsRecurrence":false,"Subject":"Task","SystemModstamp":"2018-04-19T10:56:04.000Z","IsArchived":false,"CreatedById":"0051r000007Oz5QAAS","TaskSubtype":"Task","OwnerId":"0051r000007Oz5QAAS","CreatedDate":"2018-04-19T10:56:04.000Z","Id":"00T1r00004CQBGLEA5","DB_Activity_Type__c":"Other","IsReminderSet":false,"LastModifiedById":"0051r000007Oz5QAAS"}]|0x2f290b4e
12:56:04.0 (232220523)|STATEMENT_EXECUTE|[5]
12:56:04.0 (233076095)|VARIABLE_ASSIGNMENT|[5]|this.mapOld|{"00T1r00004CQBGLEA5":{"Status":"Not Started","LastModifiedDate":"2018-04-19T10:56:04.000Z","IsDeleted":false,"AccountId":"0011r00001noz93AAA","WhatId":"0011r00001noz93AAA","ActivityDate":"2020-01-11T00:00:00.000Z","Priority":"Normal","IsHighPriority":false,"IsClosed":false,"IsRecurrence":false,"Subject":"Task","SystemModstamp":"2018-04-19T10:56:04.000Z","IsArchived":false,"CreatedById":"0051r000007Oz5QAAS","TaskSubtype":"Task","OwnerId":"0051r000007Oz5QAAS","CreatedDate":"2018-04-19T10:56:04.000Z","Id":"00T1r00004CQBGLEA5","DB_Activity_Type__c":"Other","IsReminderSet":false,"LastModifiedById":"0051r000007Oz5QAAS"}}|0x2f290b4e
12:56:04.0 (233102770)|STATEMENT_EXECUTE|[7]
12:56:04.0 (233108491)|STATEMENT_EXECUTE|[8]
12:56:04.0 (233110504)|STATEMENT_EXECUTE|[9]
12:56:04.0 (234452629)|HEAP_ALLOCATE|[9]|Bytes:4
12:56:04.0 (234464317)|HEAP_ALLOCATE|[9]|Bytes:8
12:56:04.0 (234479064)|METHOD_ENTRY|[1]|01p1r000009oS6S|TaskMethods.TaskMethods()
12:56:04.0 (234486032)|STATEMENT_EXECUTE|[1]
12:56:04.0 (234491837)|STATEMENT_EXECUTE|[1]
12:56:04.0 (234862903)|SYSTEM_MODE_ENTER|false
12:56:04.0 (234875484)|HEAP_ALLOCATE|[9]|Bytes:5
12:56:04.0 (234883372)|SYSTEM_MODE_EXIT|false
12:56:04.0 (234893511)|METHOD_EXIT|[1]|TaskMethods
12:56:04.0 (234924542)|METHOD_ENTRY|[9]|01p1r000009oS6S|TaskMethods.CerrarTarea(List<Task>, Map<Id,Task>)
12:56:04.0 (234952817)|VARIABLE_SCOPE_BEGIN|[3]|listTask|List<Task>|true|false
12:56:04.0 (235439612)|VARIABLE_ASSIGNMENT|[3]|listTask|[{"Status":"Completed","LastModifiedDate":"2018-04-19T10:56:04.000Z","IsDeleted":false,"AccountId":"0011r00001noz93AAA","WhatId":"0011r00001noz93AAA","ActivityDate":"2020-01-11T00:00:00.000Z","Priority":"Normal","IsHighPriority":false,"IsClosed":true,"IsRecurrence":false,"Subject":"Task","SystemModstamp":"2018-04-19T10:56:04.000Z","IsArchived":false,"CreatedById":"0051r000007Oz5QAAS","TaskSubtype":"Task","OwnerId":"0051r000007Oz5QAAS","CreatedDate":"2018-04-19T10:56:04.000Z","Id":"00T1r00004CQBGLEA5","DB_Activity_Type__c":"Other","IsReminderSet":false,"LastModifiedById":"0051r000007Oz5QAAS"}]|0x2aed15d3
12:56:04.0 (235457942)|VARIABLE_SCOPE_BEGIN|[3]|mapTaskOld|Map<Id,Task>|true|false
12:56:04.0 (235894456)|VARIABLE_ASSIGNMENT|[3]|mapTaskOld|{"00T1r00004CQBGLEA5":{"Status":"Not Started","LastModifiedDate":"2018-04-19T10:56:04.000Z","IsDeleted":false,"AccountId":"0011r00001noz93AAA","WhatId":"0011r00001noz93AAA","ActivityDate":"2020-01-11T00:00:00.000Z","Priority":"Normal","IsHighPriority":false,"IsClosed":false,"IsRecurrence":false,"Subject":"Task","SystemModstamp":"2018-04-19T10:56:04.000Z","IsArchived":false,"CreatedById":"0051r000007Oz5QAAS","TaskSubtype":"Task","OwnerId":"0051r000007Oz5QAAS","CreatedDate":"2018-04-19T10:56:04.000Z","Id":"00T1r00004CQBGLEA5","DB_Activity_Type__c":"Other","IsReminderSet":false,"LastModifiedById":"0051r000007Oz5QAAS"}}|0x6ac5061a
12:56:04.0 (235928228)|SYSTEM_MODE_ENTER|false
12:56:04.0 (235935838)|HEAP_ALLOCATE|[5]|Bytes:5
12:56:04.0 (235942768)|STATEMENT_EXECUTE|[3]
12:56:04.0 (235993342)|STATEMENT_EXECUTE|[5]
12:56:04.0 (235996174)|STATEMENT_EXECUTE|[8]
12:56:04.0 (236025013)|HEAP_ALLOCATE|[8]|Bytes:4
12:56:04.0 (236069668)|VARIABLE_SCOPE_BEGIN|[8]|listAcUpdate|List<Account>|true|false
12:56:04.0 (236079352)|HEAP_ALLOCATE|[EXTERNAL]|Bytes:4
12:56:04.0 (236087849)|VARIABLE_ASSIGNMENT|[8]|listAcUpdate|[]|0x4c88ac3
12:56:04.0 (236094738)|STATEMENT_EXECUTE|[11]
12:56:04.0 (236110230)|HEAP_ALLOCATE|[11]|Bytes:4
12:56:04.0 (236126544)|HEAP_ALLOCATE|[11]|Bytes:227
12:56:04.0 (236137265)|HEAP_ALLOCATE|[11]|Bytes:4
12:56:04.0 (237489536)|SOQL_EXECUTE_BEGIN|[11]|Aggregations:0|SELECT WhatId, ActivityDate, Status, TYPEOF What WHEN Account THEN Id, Parent.Fecha_ultima_actividad_mas_reciente__c WHEN Opportunity THEN Account.Parent.Fecha_ultima_actividad_mas_reciente__c END FROM Task WHERE Id IN :tmpVar1
12:56:04.0 (245752491)|SOQL_EXECUTE_END|[11]|Rows:1
12:56:04.0 (245790820)|HEAP_ALLOCATE|[11]|Bytes:8
12:56:04.0 (245815470)|HEAP_ALLOCATE|[11]|Bytes:246
12:56:04.0 (245844999)|HEAP_ALLOCATE|[11]|Bytes:8
12:56:04.0 (245876101)|HEAP_ALLOCATE|[11]|Bytes:24
12:56:04.0 (245881701)|HEAP_ALLOCATE|[11]|Bytes:24
12:56:04.0 (245898036)|HEAP_ALLOCATE|[11]|Bytes:4
12:56:04.0 (245909317)|VARIABLE_SCOPE_BEGIN|[11]|listTaskType|List<Task>|true|false
12:56:04.0 (245919250)|HEAP_ALLOCATE|[EXTERNAL]|Bytes:8
12:56:04.0 (245961741)|VARIABLE_ASSIGNMENT|[11]|listTaskType|[{"WhatId":"0011r00001noz93AAA","ActivityDate":"2020-01-11T00:00:00.000Z","Status":"Completed","Id":"00T1r00004CQBGLEA5","What":{"Id":"0011r00001noz93AAA","ParentId":"0011r00001noz92AAA","Parent":{"Id":"0011r00001noz92AAA","Fecha_ultima_activid (18 more) ...":"2018-01-11T00:00:00.000Z"}}}]|0x38bc1621
12:56:04.0 (246009487)|HEAP_ALLOCATE|[20]|Bytes:5
12:56:04.0 (246022920)|HEAP_ALLOCATE|[20]|Bytes:24
12:56:04.0 (246031575)|VARIABLE_SCOPE_BEGIN|[20]|inTask|Task|true|false
12:56:04.0 (246054930)|VARIABLE_ASSIGNMENT|[20]|inTask|{"WhatId":"0011r00001noz93AAA","ActivityDate":"2020-01-11T00:00:00.000Z","Status":"Completed","Id":"00T1r00004CQBGLEA5","What":{"Id":"0011r00001noz93AAA","ParentId":"0011r00001noz92AAA","Parent":{"Id":"0011r00001noz92AAA","Fecha_ultima_activid (18 more) ...":"2018-01-11T00:00:00.000Z"}}}|0xc128d3c
12:56:04.0 (246067799)|STATEMENT_EXECUTE|[20]
12:56:04.0 (246202578)|STATEMENT_EXECUTE|[21]
12:56:04.0 (246233974)|HEAP_ALLOCATE|[22]|Bytes:37
12:56:04.0 (246299425)|HEAP_ALLOCATE|[26]|Bytes:33
12:56:04.0 (246314933)|STATEMENT_EXECUTE|[26]
12:56:04.0 (246317271)|STATEMENT_EXECUTE|[27]
12:56:04.0 (246320322)|HEAP_ALLOCATE|[27]|Bytes:7
12:56:04.0 (246352514)|USER_DEBUG|[27]|DEBUG|Account
12:56:04.0 (246362231)|STATEMENT_EXECUTE|[28]
12:56:04.0 (246413353)|METHOD_ENTRY|[28]|01p1r000009oS6S|TaskMethods.getListAccounts(Task, Account)
12:56:04.0 (246436810)|VARIABLE_SCOPE_BEGIN|[43]|task|Task|true|false
12:56:04.0 (246463844)|VARIABLE_ASSIGNMENT|[43]|task|{"WhatId":"0011r00001noz93AAA","ActivityDate":"2020-01-11T00:00:00.000Z","Status":"Completed","Id":"00T1r00004CQBGLEA5","What":{"Id":"0011r00001noz93AAA","ParentId":"0011r00001noz92AAA","Parent":{"Id":"0011r00001noz92AAA","Fecha_ultima_activid (18 more) ...":"2018-01-11T00:00:00.000Z"}}}|0xc128d3c
12:56:04.0 (246473518)|VARIABLE_SCOPE_BEGIN|[43]|acc|Account|true|false
12:56:04.0 (246485184)|VARIABLE_ASSIGNMENT|[43]|acc|{"Id":"0011r00001noz92AAA","Fecha_ultima_activid (18 more) ...":"2018-01-11T00:00:00.000Z"}|0x1db4b90b
12:56:04.0 (246518383)|HEAP_ALLOCATE|[44]|Bytes:5
12:56:04.0 (246525270)|STATEMENT_EXECUTE|[43]
12:56:04.0 (246527570)|STATEMENT_EXECUTE|[44]
12:56:04.0 (246543965)|HEAP_ALLOCATE|[44]|Bytes:4
12:56:04.0 (246566272)|VARIABLE_SCOPE_BEGIN|[44]|listAcUpdate|List<Account>|true|false
12:56:04.0 (246574408)|HEAP_ALLOCATE|[EXTERNAL]|Bytes:4
12:56:04.0 (246582187)|VARIABLE_ASSIGNMENT|[44]|listAcUpdate|[]|0x557acec
12:56:04.0 (246656659)|STATEMENT_EXECUTE|[46]
12:56:04.0 (246659397)|STATEMENT_EXECUTE|[47]
12:56:04.0 (246710006)|VARIABLE_ASSIGNMENT|[47]|this.Fecha_ultima_actividad_mas_reciente__c|"2020-01-11T00:00:00.000Z"|0x1db4b90b
12:56:04.0 (246719057)|STATEMENT_EXECUTE|[48]
12:56:04.0 (246747688)|HEAP_ALLOCATE|[EXTERNAL]|Bytes:4
12:56:04.0 (246757827)|STATEMENT_EXECUTE|[51]
12:56:04.0 (246767039)|METHOD_EXIT|[28]|01p1r000009oS6S|TaskMethods.getListAccounts(Task, Account)
12:56:04.0 (246781093)|HEAP_ALLOCATE|[28]|Bytes:12
12:56:04.0 (246786544)|HEAP_ALLOCATE|[28]|Bytes:12
12:56:04.0 (246789656)|HEAP_ALLOCATE|[EXTERNAL]|Bytes:4
12:56:04.0 (246792420)|HEAP_ALLOCATE|[28]|Bytes:4
12:56:04.0 (246806781)|HEAP_ALLOCATE|[20]|Bytes:5
12:56:04.0 (246819460)|VARIABLE_ASSIGNMENT|[20]|inTask|null|
12:56:04.0 (246825596)|STATEMENT_EXECUTE|[37]
12:56:04.0 (246829253)|HEAP_ALLOCATE|[37]|Bytes:13
12:56:04.0 (246896697)|HEAP_ALLOCATE|[37]|Bytes:93
12:56:04.0 (246915330)|HEAP_ALLOCATE|[37]|Bytes:106
12:56:04.0 (246926341)|USER_DEBUG|[37]|DEBUG|listAcUpdate (Account:{Id=0011r00001noz92AAA, Fecha_ultima_actividad_mas_reciente__c=2020-01-11 00:00:00})
12:56:04.0 (246934724)|STATEMENT_EXECUTE|[38]
12:56:04.0 (246972759)|DML_BEGIN|[38]|Op:Update|Type:Account|Rows:1
12:56:04.0 (246998024)|HEAP_ALLOCATE|[EXTERNAL]|Bytes:8
12:56:04.0 (252389129)|CODE_UNIT_STARTED|[EXTERNAL]|01q1r000000j8Jg|AccountTrigger on Account trigger event BeforeUpdate
12:56:04.0 (252436056)|HEAP_ALLOCATE|[EXTERNAL]|Bytes:8
12:56:04.0 (252461815)|HEAP_ALLOCATE|[EXTERNAL]|Bytes:8
12:56:04.0 (252568667)|HEAP_ALLOCATE|[EXTERNAL]|Bytes:12
12:56:04.0 (252584419)|VARIABLE_SCOPE_BEGIN|[1]|this|AccountTrigger|true|false
12:56:04.0 (252645574)|VARIABLE_ASSIGNMENT|[1]|this|{}|0x42bc89de
12:56:04.0 (252703526)|HEAP_ALLOCATE|[EXTERNAL]|Bytes:12
12:56:04.0 (252766319)|VARIABLE_SCOPE_BEGIN|[1]|this|AccountTrigger|true|false
12:56:04.0 (252781557)|VARIABLE_ASSIGNMENT|[1]|this|{}|0x42bc89de
12:56:04.0 (252791520)|STATEMENT_EXECUTE|[1]
12:56:04.0 (252794024)|STATEMENT_EXECUTE|[3]
12:56:04.0 (253386555)|VARIABLE_ASSIGNMENT|[3]|this.listNew|[{"LastModifiedDate":"2018-04-19T10:56:04.000Z","IsDeleted":false,"CleanStatus":"Pending","Fecha_ultima_activid (18 more) ...":"2020-01-11T00:00:00.000Z","OwnerId":"0051r000007Oz5QAAS","CreatedById":"0051r000007Oz5QAAS","Match_Billing_Addres (4 more) ...":false,"CreatedDate":"2018-04-19T10:56:04.000Z","Id":"0011r00001noz92AAA","LastModifiedById":"0051r000007Oz5QAAS","SystemModstamp":"2018-04-19T10:56:04.000Z","Name":"CuentaPadre"}]|0x42bc89de
12:56:04.0 (253409268)|STATEMENT_EXECUTE|[5]
12:56:04.0 (253807284)|VARIABLE_ASSIGNMENT|[5]|this.mapOld|{"0011r00001noz92AAA":{"LastModifiedDate":"2018-04-19T10:56:04.000Z","IsDeleted":false,"CleanStatus":"Pending","Fecha_ultima_activid (18 more) ...":"2018-01-11T00:00:00.000Z","OwnerId":"0051r000007Oz5QAAS","CreatedById":"0051r000007Oz5QAAS","Match_Billing_Addres (4 more) ...":false,"CreatedDate":"2018-04-19T10:56:04.000Z","Id":"0011r00001noz92AAA","LastModifiedById":"0051r000007Oz5QAAS","SystemModstamp":"2018-04-19T10:56:04.000Z","Name":"CuentaPadre"}}|0x42bc89de
12:56:04.0 (253831355)|STATEMENT_EXECUTE|[7]
12:56:04.0 (253836527)|STATEMENT_EXECUTE|[8]
12:56:04.0 (253838339)|STATEMENT_EXECUTE|[9]
12:56:04.0 (254965491)|HEAP_ALLOCATE|[9]|Bytes:1
12:56:04.0 (254989833)|METHOD_ENTRY|[1]|01p1r000009p8Bf|AccountMethods.AccountMethods()
12:56:04.0 (254997369)|STATEMENT_EXECUTE|[1]
12:56:04.0 (255002932)|STATEMENT_EXECUTE|[1]
12:56:04.0 (255017138)|HEAP_ALLOCATE|[9]|Bytes:5
12:56:04.0 (255028988)|METHOD_EXIT|[1]|AccountMethods
12:56:04.0 (255055944)|METHOD_ENTRY|[9]|01p1r000009p8Bf|AccountMethods.ActualizarCuentaHija(List<Account>, Map<Id,Account>)
12:56:04.0 (255087780)|VARIABLE_SCOPE_BEGIN|[3]|listAccount|List<Account>|true|false
12:56:04.0 (255474291)|VARIABLE_ASSIGNMENT|[3]|listAccount|[{"LastModifiedDate":"2018-04-19T10:56:04.000Z","IsDeleted":false,"CleanStatus":"Pending","Fecha_ultima_activid (18 more) ...":"2020-01-11T00:00:00.000Z","OwnerId":"0051r000007Oz5QAAS","CreatedById":"0051r000007Oz5QAAS","Match_Billing_Addres (4 more) ...":false,"CreatedDate":"2018-04-19T10:56:04.000Z","Id":"0011r00001noz92AAA","LastModifiedById":"0051r000007Oz5QAAS","SystemModstamp":"2018-04-19T10:56:04.000Z","Name":"CuentaPadre"}]|0x79c02b33
12:56:04.0 (255489587)|VARIABLE_SCOPE_BEGIN|[3]|mapOld|Map<Id,Account>|true|false
12:56:04.0 (255873115)|VARIABLE_ASSIGNMENT|[3]|mapOld|{"0011r00001noz92AAA":{"LastModifiedDate":"2018-04-19T10:56:04.000Z","IsDeleted":false,"CleanStatus":"Pending","Fecha_ultima_activid (18 more) ...":"2018-01-11T00:00:00.000Z","OwnerId":"0051r000007Oz5QAAS","CreatedById":"0051r000007Oz5QAAS","Match_Billing_Addres (4 more) ...":false,"CreatedDate":"2018-04-19T10:56:04.000Z","Id":"0011r00001noz92AAA","LastModifiedById":"0051r000007Oz5QAAS","SystemModstamp":"2018-04-19T10:56:04.000Z","Name":"CuentaPadre"}}|0x731a635d
12:56:04.0 (255912987)|HEAP_ALLOCATE|[5]|Bytes:5
12:56:04.0 (255921250)|STATEMENT_EXECUTE|[3]
12:56:04.0 (255971152)|STATEMENT_EXECUTE|[5]
12:56:04.0 (255973757)|STATEMENT_EXECUTE|[8]
12:56:04.0 (255987454)|HEAP_ALLOCATE|[8]|Bytes:4
12:56:04.0 (256013720)|VARIABLE_SCOPE_BEGIN|[8]|listAccountIds|List<String>|true|false
12:56:04.0 (256037869)|HEAP_ALLOCATE|[EXTERNAL]|Bytes:4
12:56:04.0 (256049114)|VARIABLE_ASSIGNMENT|[8]|listAccountIds|[]|0x4f7040e0
12:56:04.0 (256056011)|STATEMENT_EXECUTE|[9]
12:56:04.0 (256086668)|HEAP_ALLOCATE|[9]|Bytes:4
12:56:04.0 (256116019)|VARIABLE_SCOPE_BEGIN|[9]|mapAccountParent|Map<String,Account>|true|false
12:56:04.0 (256130957)|VARIABLE_ASSIGNMENT|[9]|mapAccountParent|{}|0x701ffecd
12:56:04.0 (256243678)|HEAP_ALLOCATE|[11]|Bytes:5
12:56:04.0 (256261486)|HEAP_ALLOCATE|[11]|Bytes:4
12:56:04.0 (256270199)|VARIABLE_SCOPE_BEGIN|[11]|inAccount|Account|true|false
12:56:04.0 (256673790)|VARIABLE_ASSIGNMENT|[11]|inAccount|{"LastModifiedDate":"2018-04-19T10:56:04.000Z","IsDeleted":false,"CleanStatus":"Pending","Fecha_ultima_activid (18 more) ...":"2020-01-11T00:00:00.000Z","OwnerId":"0051r000007Oz5QAAS","CreatedById":"0051r000007Oz5QAAS","Match_Billing_Addres (4 more) ...":false,"CreatedDate":"2018-04-19T10:56:04.000Z","Id":"0011r00001noz92AAA","LastModifiedById":"0051r000007Oz5QAAS","SystemModstamp":"2018-04-19T10:56:04.000Z","Name":"CuentaPadre"}|0x28de4097
12:56:04.0 (256688580)|STATEMENT_EXECUTE|[11]
12:56:04.0 (256781245)|STATEMENT_EXECUTE|[13]
12:56:04.0 (256784007)|STATEMENT_EXECUTE|[14]
12:56:04.0 (256827184)|HEAP_ALLOCATE|[EXTERNAL]|Bytes:4
12:56:04.0 (256838708)|STATEMENT_EXECUTE|[15]
12:56:04.0 (256872179)|HEAP_ALLOCATE|[EXTERNAL]|Bytes:-4
12:56:04.0 (256889233)|HEAP_ALLOCATE|[11]|Bytes:5
12:56:04.0 (256902825)|VARIABLE_ASSIGNMENT|[11]|inAccount|null|
12:56:04.0 (256909113)|STATEMENT_EXECUTE|[20]
12:56:04.0 (256913164)|HEAP_ALLOCATE|[20]|Bytes:99
12:56:04.0 (256925233)|HEAP_ALLOCATE|[20]|Bytes:4
12:56:04.0 (257132202)|SOQL_EXECUTE_BEGIN|[20]|Aggregations:0|SELECT Id, Fecha_ultima_actividad_mas_reciente__c, ParentId FROM Account WHERE ParentId IN :tmpVar1
12:56:04.0 (261919247)|SOQL_EXECUTE_END|[20]|Rows:1
12:56:04.0 (261941981)|HEAP_ALLOCATE|[20]|Bytes:8
12:56:04.0 (261959794)|HEAP_ALLOCATE|[20]|Bytes:105
12:56:04.0 (261989344)|HEAP_ALLOCATE|[20]|Bytes:8
12:56:04.0 (262001080)|VARIABLE_SCOPE_BEGIN|[20]|listAccountChild|List<Account>|true|false
12:56:04.0 (262031578)|VARIABLE_ASSIGNMENT|[20]|listAccountChild|[{"Id":"0011r00001noz93AAA","Fecha_ultima_activid (18 more) ...":"2018-01-11T00:00:00.000Z","ParentId":"0011r00001noz92AAA"}]|0x6c0fbecd
12:56:04.0 (262077083)|HEAP_ALLOCATE|[23]|Bytes:5
12:56:04.0 (262091602)|HEAP_ALLOCATE|[23]|Bytes:16
12:56:04.0 (262099416)|VARIABLE_SCOPE_BEGIN|[23]|inAccount|Account|true|false
12:56:04.0 (262117810)|VARIABLE_ASSIGNMENT|[23]|inAccount|{"Id":"0011r00001noz93AAA","Fecha_ultima_activid (18 more) ...":"2018-01-11T00:00:00.000Z","ParentId":"0011r00001noz92AAA"}|0x5b09f77e
12:56:04.0 (262127607)|STATEMENT_EXECUTE|[23]
12:56:04.0 (262130272)|STATEMENT_EXECUTE|[24]
12:56:04.0 (262264517)|VARIABLE_ASSIGNMENT|[24]|this.Fecha_ultima_actividad_mas_reciente__c|"2020-01-11T00:00:00.000Z"|0x5b09f77e
12:56:04.0 (262289888)|HEAP_ALLOCATE|[23]|Bytes:5
12:56:04.0 (262314396)|VARIABLE_ASSIGNMENT|[23]|inAccount|null|
12:56:04.0 (262324677)|STATEMENT_EXECUTE|[27]
12:56:04.0 (262383402)|DML_BEGIN|[27]|Op:Update|Type:Account|Rows:1
12:56:04.0 (262445738)|HEAP_ALLOCATE|[EXTERNAL]|Bytes:8
12:56:04.0 (268636986)|CODE_UNIT_STARTED|[EXTERNAL]|01q1r000000j8Jg|AccountTrigger on Account trigger event BeforeUpdate
12:56:04.0 (268675378)|HEAP_ALLOCATE|[EXTERNAL]|Bytes:8
12:56:04.0 (268699720)|HEAP_ALLOCATE|[EXTERNAL]|Bytes:8
12:56:04.0 (268740802)|HEAP_ALLOCATE|[EXTERNAL]|Bytes:12
12:56:04.0 (268750592)|VARIABLE_SCOPE_BEGIN|[1]|this|AccountTrigger|true|false
12:56:04.0 (268781159)|VARIABLE_ASSIGNMENT|[1]|this|{}|0x6dc3f07b
12:56:04.0 (268816271)|HEAP_ALLOCATE|[EXTERNAL]|Bytes:12
12:56:04.0 (268822816)|VARIABLE_SCOPE_BEGIN|[1]|this|AccountTrigger|true|false
12:56:04.0 (268835012)|VARIABLE_ASSIGNMENT|[1]|this|{}|0x6dc3f07b
12:56:04.0 (268846012)|STATEMENT_EXECUTE|[1]
12:56:04.0 (268848604)|STATEMENT_EXECUTE|[3]
12:56:04.0 (269378623)|VARIABLE_ASSIGNMENT|[3]|this.listNew|[{"ParentId":"0011r00001noz92AAA","LastModifiedDate":"2018-04-19T10:56:04.000Z","IsDeleted":false,"Fecha_ultima_activid (18 more) ...":"2020-01-11T00:00:00.000Z","SystemModstamp":"2018-04-19T10:56:04.000Z","Name":"Cuenta","CleanStatus":"Pending","OwnerId":"0051r000007Oz5QAAS","CreatedById":"0051r000007Oz5QAAS","Match_Billing_Addres (4 more) ...":false,"LastActivityDate":"2020-01-11T00:00:00.000Z","CreatedDate":"2018-04-19T10:56:04.000Z","Id":"0011r00001noz93AAA","LastModifiedById":"0051r000007Oz5QAAS"}]|0x6dc3f07b
12:56:04.0 (269402400)|STATEMENT_EXECUTE|[5]
12:56:04.0 (269816933)|VARIABLE_ASSIGNMENT|[5]|this.mapOld|{"0011r00001noz93AAA":{"ParentId":"0011r00001noz92AAA","LastModifiedDate":"2018-04-19T10:56:04.000Z","IsDeleted":false,"Fecha_ultima_activid (18 more) ...":"2018-01-11T00:00:00.000Z","SystemModstamp":"2018-04-19T10:56:04.000Z","Name":"Cuenta","CleanStatus":"Pending","OwnerId":"0051r000007Oz5QAAS","CreatedById":"0051r000007Oz5QAAS","Match_Billing_Addres (4 more) ...":false,"CreatedDate":"2018-04-19T10:56:04.000Z","Id":"0011r00001noz93AAA","LastModifiedById":"0051r000007Oz5QAAS"}}|0x6dc3f07b
12:56:04.0 (269837579)|STATEMENT_EXECUTE|[7]
12:56:04.0 (269842557)|STATEMENT_EXECUTE|[8]
12:56:04.0 (269844712)|STATEMENT_EXECUTE|[9]
12:56:04.0 (269860206)|METHOD_ENTRY|[9]|01p1r000009p8Bf|AccountMethods.ActualizarCuentaHija(List<Account>, Map<Id,Account>)
12:56:04.0 (269870201)|VARIABLE_SCOPE_BEGIN|[3]|listAccount|List<Account>|true|false
12:56:04.0 (270693290)|VARIABLE_ASSIGNMENT|[3]|listAccount|[{"ParentId":"0011r00001noz92AAA","LastModifiedDate":"2018-04-19T10:56:04.000Z","IsDeleted":false,"Fecha_ultima_activid (18 more) ...":"2020-01-11T00:00:00.000Z","SystemModstamp":"2018-04-19T10:56:04.000Z","Name":"Cuenta","CleanStatus":"Pending","OwnerId":"0051r000007Oz5QAAS","CreatedById":"0051r000007Oz5QAAS","Match_Billing_Addres (4 more) ...":false,"LastActivityDate":"2020-01-11T00:00:00.000Z","CreatedDate":"2018-04-19T10:56:04.000Z","Id":"0011r00001noz93AAA","LastModifiedById":"0051r000007Oz5QAAS"}]|0x5dcdd864
12:56:04.0 (270707065)|VARIABLE_SCOPE_BEGIN|[3]|mapOld|Map<Id,Account>|true|false
12:56:04.0 (271530870)|VARIABLE_ASSIGNMENT|[3]|mapOld|{"0011r00001noz93AAA":{"ParentId":"0011r00001noz92AAA","LastModifiedDate":"2018-04-19T10:56:04.000Z","IsDeleted":false,"Fecha_ultima_activid (18 more) ...":"2018-01-11T00:00:00.000Z","SystemModstamp":"2018-04-19T10:56:04.000Z","Name":"Cuenta","CleanStatus":"Pending","OwnerId":"0051r000007Oz5QAAS","CreatedById":"0051r000007Oz5QAAS","Match_Billing_Addres (4 more) ...":false,"CreatedDate":"2018-04-19T10:56:04.000Z","Id":"0011r00001noz93AAA","LastModifiedById":"0051r000007Oz5QAAS"}}|0x4cc4c877
12:56:04.0 (271582884)|HEAP_ALLOCATE|[5]|Bytes:5
12:56:04.0 (271591945)|STATEMENT_EXECUTE|[3]
12:56:04.0 (271610966)|STATEMENT_EXECUTE|[5]
12:56:04.0 (271613033)|STATEMENT_EXECUTE|[8]
12:56:04.0 (271622697)|HEAP_ALLOCATE|[8]|Bytes:4
12:56:04.0 (271637517)|VARIABLE_SCOPE_BEGIN|[8]|listAccountIds|List<String>|true|false
12:56:04.0 (271660377)|HEAP_ALLOCATE|[EXTERNAL]|Bytes:4
12:56:04.0 (271670411)|VARIABLE_ASSIGNMENT|[8]|listAccountIds|[]|0x7df41671
12:56:04.0 (271677000)|STATEMENT_EXECUTE|[9]
12:56:04.0 (271693679)|HEAP_ALLOCATE|[9]|Bytes:4
12:56:04.0 (271701678)|VARIABLE_SCOPE_BEGIN|[9]|mapAccountParent|Map<String,Account>|true|false
12:56:04.0 (271715184)|VARIABLE_ASSIGNMENT|[9]|mapAccountParent|{}|0xf46719c
12:56:04.0 (271740625)|HEAP_ALLOCATE|[11]|Bytes:5
12:56:04.0 (271755655)|HEAP_ALLOCATE|[11]|Bytes:4
12:56:04.0 (271764336)|VARIABLE_SCOPE_BEGIN|[11]|inAccount|Account|true|false
12:56:04.0 (272113579)|VARIABLE_ASSIGNMENT|[11]|inAccount|{"ParentId":"0011r00001noz92AAA","LastModifiedDate":"2018-04-19T10:56:04.000Z","IsDeleted":false,"Fecha_ultima_activid (18 more) ...":"2020-01-11T00:00:00.000Z","SystemModstamp":"2018-04-19T10:56:04.000Z","Name":"Cuenta","CleanStatus":"Pending","OwnerId":"0051r000007Oz5QAAS","CreatedById":"0051r000007Oz5QAAS","Match_Billing_Addres (4 more) ...":false,"LastActivityDate":"2020-01-11T00:00:00.000Z","CreatedDate":"2018-04-19T10:56:04.000Z","Id":"0011r00001noz93AAA","LastModifiedById":"0051r000007Oz5QAAS"}|0x3cfb96e8
12:56:04.0 (272128834)|STATEMENT_EXECUTE|[11]
12:56:04.0 (272141489)|STATEMENT_EXECUTE|[13]
12:56:04.0 (272154061)|HEAP_ALLOCATE|[11]|Bytes:5
12:56:04.0 (272167169)|VARIABLE_ASSIGNMENT|[11]|inAccount|null|
12:56:04.0 (272173132)|STATEMENT_EXECUTE|[20]
12:56:04.0 (272184876)|HEAP_ALLOCATE|[20]|Bytes:4
12:56:04.0 (272407670)|SOQL_EXECUTE_BEGIN|[20]|Aggregations:0|SELECT Id, Fecha_ultima_actividad_mas_reciente__c, ParentId FROM Account WHERE ParentId IN :tmpVar1
12:56:04.0 (275609006)|SOQL_EXECUTE_END|[20]|Rows:0
12:56:04.0 (275633188)|HEAP_ALLOCATE|[20]|Bytes:4
12:56:04.0 (275643170)|HEAP_ALLOCATE|[20]|Bytes:0
12:56:04.0 (275670170)|HEAP_ALLOCATE|[20]|Bytes:4
12:56:04.0 (275680839)|VARIABLE_SCOPE_BEGIN|[20]|listAccountChild|List<Account>|true|false
12:56:04.0 (275695811)|VARIABLE_ASSIGNMENT|[20]|listAccountChild|[]|0x5f2fc0d4
12:56:04.0 (275724491)|HEAP_ALLOCATE|[23]|Bytes:5
12:56:04.0 (275737387)|VARIABLE_ASSIGNMENT|[23]|inAccount|null|
12:56:04.0 (275744880)|STATEMENT_EXECUTE|[23]
12:56:04.0 (275747794)|STATEMENT_EXECUTE|[27]
12:56:04.0 (275781138)|HEAP_ALLOCATE|[EXTERNAL]|Bytes:4
12:56:04.0 (275797130)|METHOD_EXIT|[9]|01p1r000009p8Bf|AccountMethods.ActualizarCuentaHija(List<Account>, Map<Id,Account>)
12:56:04.275 (275811579)|CUMULATIVE_LIMIT_USAGE
12:56:04.275 (275811579)|LIMIT_USAGE_FOR_NS|(default)|
  Number of SOQL queries: 4 out of 100
  Number of query rows: 2 out of 50000
  Number of SOSL queries: 0 out of 20
  Number of DML statements: 7 out of 150
  Number of DML rows: 7 out of 10000
  Maximum CPU time: 0 out of 10000
  Maximum heap size: 0 out of 6000000
  Number of callouts: 0 out of 100
  Number of Email Invocations: 0 out of 10
  Number of future calls: 0 out of 50
  Number of queueable jobs added to the queue: 0 out of 50
  Number of Mobile Apex push calls: 0 out of 10

12:56:04.275 (275811579)|CUMULATIVE_LIMIT_USAGE_END

12:56:04.0 (276814521)|CODE_UNIT_FINISHED|AccountTrigger on Account trigger event BeforeUpdate
12:56:04.0 (277833221)|CODE_UNIT_STARTED|[EXTERNAL]|DuplicateDetector
12:56:04.0 (277848271)|DUPLICATE_DETECTION_BEGIN
12:56:04.0 (277910523)|DUPLICATE_DETECTION_RULE_INVOCATION|DuplicateRuleId:0Bm1r0000018X88|DuplicateRuleName:Standard Account Duplicate Rule|DmlType:UPDATE
12:56:04.0 (277968523)|DUPLICATE_DETECTION_END
12:56:04.0 (277973599)|CODE_UNIT_FINISHED|DuplicateDetector
12:56:04.0 (292144090)|CODE_UNIT_STARTED|[EXTERNAL]|Workflow:Account
12:56:04.0 (292188598)|CODE_UNIT_FINISHED|Workflow:Account
12:56:04.0 (292710823)|DML_END|[27]
12:56:04.0 (292738045)|HEAP_ALLOCATE|[EXTERNAL]|Bytes:8
12:56:04.0 (292766481)|METHOD_EXIT|[9]|01p1r000009p8Bf|AccountMethods.ActualizarCuentaHija(List<Account>, Map<Id,Account>)
12:56:04.292 (292781940)|CUMULATIVE_LIMIT_USAGE
12:56:04.292 (292781940)|LIMIT_USAGE_FOR_NS|(default)|
  Number of SOQL queries: 4 out of 100
  Number of query rows: 2 out of 50000
  Number of SOSL queries: 0 out of 20
  Number of DML statements: 7 out of 150
  Number of DML rows: 7 out of 10000
  Maximum CPU time: 0 out of 10000
  Maximum heap size: 0 out of 6000000
  Number of callouts: 0 out of 100
  Number of Email Invocations: 0 out of 10
  Number of future calls: 0 out of 50
  Number of queueable jobs added to the queue: 0 out of 50
  Number of Mobile Apex push calls: 0 out of 10

12:56:04.292 (292781940)|CUMULATIVE_LIMIT_USAGE_END

12:56:04.0 (293743909)|CODE_UNIT_FINISHED|AccountTrigger on Account trigger event BeforeUpdate
12:56:04.0 (294629252)|CODE_UNIT_STARTED|[EXTERNAL]|DuplicateDetector
12:56:04.0 (294643131)|DUPLICATE_DETECTION_BEGIN
12:56:04.0 (294689054)|DUPLICATE_DETECTION_RULE_INVOCATION|DuplicateRuleId:0Bm1r0000018X88|DuplicateRuleName:Standard Account Duplicate Rule|DmlType:UPDATE
12:56:04.0 (294744807)|DUPLICATE_DETECTION_END
12:56:04.0 (294749709)|CODE_UNIT_FINISHED|DuplicateDetector
12:56:04.0 (304325802)|CODE_UNIT_STARTED|[EXTERNAL]|Workflow:Account
12:56:04.0 (304369645)|CODE_UNIT_FINISHED|Workflow:Account
12:56:04.0 (304925989)|DML_END|[38]
12:56:04.0 (304956562)|HEAP_ALLOCATE|[EXTERNAL]|Bytes:8
12:56:04.0 (304975878)|SYSTEM_MODE_EXIT|false
12:56:04.0 (304993405)|METHOD_EXIT|[9]|01p1r000009oS6S|TaskMethods.CerrarTarea(List<Task>, Map<Id,Task>)
12:56:04.305 (305010336)|CUMULATIVE_LIMIT_USAGE
12:56:04.305 (305010336)|LIMIT_USAGE_FOR_NS|(default)|
  Number of SOQL queries: 4 out of 100
  Number of query rows: 2 out of 50000
  Number of SOSL queries: 0 out of 20
  Number of DML statements: 7 out of 150
  Number of DML rows: 7 out of 10000
  Maximum CPU time: 0 out of 10000
  Maximum heap size: 0 out of 6000000
  Number of callouts: 0 out of 100
  Number of Email Invocations: 0 out of 10
  Number of future calls: 0 out of 50
  Number of queueable jobs added to the queue: 0 out of 50
  Number of Mobile Apex push calls: 0 out of 10

12:56:04.305 (305010336)|CUMULATIVE_LIMIT_USAGE_END

12:56:04.0 (306442130)|CODE_UNIT_FINISHED|TaskTrigger on Task trigger event AfterUpdate
12:56:04.0 (306965931)|DML_END|[39]
12:56:04.0 (306993957)|HEAP_ALLOCATE|[EXTERNAL]|Bytes:8
12:56:04.0 (307019101)|STATEMENT_EXECUTE|[41]
12:56:04.0 (307029772)|HEAP_ALLOCATE|[41]|Bytes:82
12:56:04.0 (307056454)|HEAP_ALLOCATE|[41]|Bytes:4
12:56:04.0 (307353848)|SOQL_EXECUTE_BEGIN|[41]|Aggregations:0|SELECT Id, Fecha_ultima_actividad_mas_reciente__c FROM Account WHERE Id = :tmpVar1
12:56:04.0 (311983597)|SOQL_EXECUTE_END|[41]|Rows:1
12:56:04.0 (312013376)|HEAP_ALLOCATE|[41]|Bytes:8
12:56:04.0 (312031545)|HEAP_ALLOCATE|[41]|Bytes:75
12:56:04.0 (312064587)|HEAP_ALLOCATE|[41]|Bytes:8
12:56:04.0 (312079379)|VARIABLE_SCOPE_BEGIN|[41]|listAccountCheck|List<Account>|true|false
12:56:04.0 (312149555)|VARIABLE_ASSIGNMENT|[41]|listAccountCheck|[{"Id":"0011r00001noz92AAA","Fecha_ultima_activid (18 more) ...":"2020-01-11T00:00:00.000Z"}]|0x102c606f
12:56:04.0 (312166712)|STATEMENT_EXECUTE|[43]
12:56:04.0 (312253034)|USER_DEBUG|[43]|DEBUG|(Account:{Id=0011r00001noz92AAA, Fecha_ultima_actividad_mas_reciente__c=2020-01-11 00:00:00})
12:56:04.0 (312267754)|STATEMENT_EXECUTE|[45]
12:56:04.0 (312319936)|HEAP_ALLOCATE|[45]|Bytes:12
12:56:04.0 (312358493)|HEAP_ALLOCATE|[45]|Bytes:28
12:56:04.0 (312394301)|STATEMENT_EXECUTE|[50]
12:56:04.0 (312416525)|HEAP_ALLOCATE|[50]|Bytes:4
12:56:04.0 (312431274)|HEAP_ALLOCATE|[50]|Bytes:5
12:56:04.0 (312467584)|VARIABLE_ASSIGNMENT|[50]|this.Subject|"Task2"|0x53db9f21
12:56:04.0 (312487162)|VARIABLE_ASSIGNMENT|[50]|this.Priority|"Normal"|0x53db9f21
12:56:04.0 (312494393)|HEAP_ALLOCATE|[52]|Bytes:11
12:56:04.0 (312508971)|VARIABLE_ASSIGNMENT|[50]|this.Status|"in Progress"|0x53db9f21
12:56:04.0 (312543791)|VARIABLE_ASSIGNMENT|[50]|this.WhatId|"0061r00000vkks8AAA"|0x53db9f21
12:56:04.0 (312598207)|HEAP_ALLOCATE|[54]|Bytes:4
12:56:04.0 (312630499)|VARIABLE_ASSIGNMENT|[50]|this.ActivityDate|"2022-01-11T00:00:00.000Z"|0x53db9f21
12:56:04.0 (312662293)|VARIABLE_SCOPE_BEGIN|[50]|oTask2|Task|true|false
12:56:04.0 (312684277)|VARIABLE_ASSIGNMENT|[50]|oTask2|{"Subject":"Task2","Priority":"Normal","Status":"in Progress","WhatId":"0061r00000vkks8AAA","ActivityDate":"2022-01-11T00:00:00.000Z"}|0x53db9f21
12:56:04.0 (312693024)|STATEMENT_EXECUTE|[56]
12:56:04.0 (312721288)|HEAP_ALLOCATE|[EXTERNAL]|Bytes:4
12:56:04.0 (312730691)|STATEMENT_EXECUTE|[58]
12:56:04.0 (312776134)|DML_BEGIN|[58]|Op:Upsert|Type:Task|Rows:2
12:56:04.0 (312804956)|HEAP_ALLOCATE|[EXTERNAL]|Bytes:12
12:56:04.0 (349578546)|CODE_UNIT_STARTED|[EXTERNAL]|01q1r000000j6Yv|TaskTrigger on Task trigger event AfterUpdate
12:56:04.0 (349623901)|HEAP_ALLOCATE|[EXTERNAL]|Bytes:8
12:56:04.0 (349667436)|HEAP_ALLOCATE|[EXTERNAL]|Bytes:8
12:56:04.0 (349726100)|HEAP_ALLOCATE|[EXTERNAL]|Bytes:12
12:56:04.0 (349737783)|VARIABLE_SCOPE_BEGIN|[1]|this|TaskTrigger|true|false
12:56:04.0 (349777631)|VARIABLE_ASSIGNMENT|[1]|this|{}|0x7e037701
12:56:04.0 (349815887)|HEAP_ALLOCATE|[EXTERNAL]|Bytes:12
12:56:04.0 (349823654)|VARIABLE_SCOPE_BEGIN|[1]|this|TaskTrigger|true|false
12:56:04.0 (349836706)|VARIABLE_ASSIGNMENT|[1]|this|{}|0x7e037701
12:56:04.0 (349849823)|STATEMENT_EXECUTE|[1]
12:56:04.0 (349852778)|STATEMENT_EXECUTE|[3]
12:56:04.0 (350877902)|VARIABLE_ASSIGNMENT|[3]|this.listNew|[{"Status":"Completed","LastModifiedDate":"2018-04-19T10:56:04.000Z","IsDeleted":false,"AccountId":"0011r00001noz93AAA","WhatId":"0011r00001noz93AAA","ActivityDate":"2020-01-11T00:00:00.000Z","Priority":"Normal","IsHighPriority":false,"IsClosed":true,"IsRecurrence":false,"Subject":"Task","SystemModstamp":"2018-04-19T10:56:04.000Z","IsArchived":false,"CreatedById":"0051r000007Oz5QAAS","TaskSubtype":"Task","OwnerId":"0051r000007Oz5QAAS","CreatedDate":"2018-04-19T10:56:04.000Z","Id":"00T1r00004CQBGLEA5","DB_Activity_Type__c":"Other","IsReminderSet":false,"LastModifiedById":"0051r000007Oz5QAAS"}]|0x7e037701
12:56:04.0 (350896621)|STATEMENT_EXECUTE|[5]
12:56:04.0 (351732663)|VARIABLE_ASSIGNMENT|[5]|this.mapOld|{"00T1r00004CQBGLEA5":{"Status":"Completed","LastModifiedDate":"2018-04-19T10:56:04.000Z","IsDeleted":false,"AccountId":"0011r00001noz93AAA","WhatId":"0011r00001noz93AAA","ActivityDate":"2020-01-11T00:00:00.000Z","Priority":"Normal","IsHighPriority":false,"IsClosed":true,"IsRecurrence":false,"Subject":"Task","SystemModstamp":"2018-04-19T10:56:04.000Z","IsArchived":false,"CreatedById":"0051r000007Oz5QAAS","TaskSubtype":"Task","OwnerId":"0051r000007Oz5QAAS","CreatedDate":"2018-04-19T10:56:04.000Z","Id":"00T1r00004CQBGLEA5","DB_Activity_Type__c":"Other","IsReminderSet":false,"LastModifiedById":"0051r000007Oz5QAAS"}}|0x7e037701
12:56:04.0 (351755165)|STATEMENT_EXECUTE|[7]
12:56:04.0 (351760787)|STATEMENT_EXECUTE|[8]
12:56:04.0 (351762984)|STATEMENT_EXECUTE|[9]
12:56:04.0 (351780426)|METHOD_ENTRY|[9]|01p1r000009oS6S|TaskMethods.CerrarTarea(List<Task>, Map<Id,Task>)
12:56:04.0 (351790262)|VARIABLE_SCOPE_BEGIN|[3]|listTask|List<Task>|true|false
12:56:04.0 (352305175)|VARIABLE_ASSIGNMENT|[3]|listTask|[{"Status":"Completed","LastModifiedDate":"2018-04-19T10:56:04.000Z","IsDeleted":false,"AccountId":"0011r00001noz93AAA","WhatId":"0011r00001noz93AAA","ActivityDate":"2020-01-11T00:00:00.000Z","Priority":"Normal","IsHighPriority":false,"IsClosed":true,"IsRecurrence":false,"Subject":"Task","SystemModstamp":"2018-04-19T10:56:04.000Z","IsArchived":false,"CreatedById":"0051r000007Oz5QAAS","TaskSubtype":"Task","OwnerId":"0051r000007Oz5QAAS","CreatedDate":"2018-04-19T10:56:04.000Z","Id":"00T1r00004CQBGLEA5","DB_Activity_Type__c":"Other","IsReminderSet":false,"LastModifiedById":"0051r000007Oz5QAAS"}]|0x8135041
12:56:04.0 (352320268)|VARIABLE_SCOPE_BEGIN|[3]|mapTaskOld|Map<Id,Task>|true|false
12:56:04.0 (352831395)|VARIABLE_ASSIGNMENT|[3]|mapTaskOld|{"00T1r00004CQBGLEA5":{"Status":"Completed","LastModifiedDate":"2018-04-19T10:56:04.000Z","IsDeleted":false,"AccountId":"0011r00001noz93AAA","WhatId":"0011r00001noz93AAA","ActivityDate":"2020-01-11T00:00:00.000Z","Priority":"Normal","IsHighPriority":false,"IsClosed":true,"IsRecurrence":false,"Subject":"Task","SystemModstamp":"2018-04-19T10:56:04.000Z","IsArchived":false,"CreatedById":"0051r000007Oz5QAAS","TaskSubtype":"Task","OwnerId":"0051r000007Oz5QAAS","CreatedDate":"2018-04-19T10:56:04.000Z","Id":"00T1r00004CQBGLEA5","DB_Activity_Type__c":"Other","IsReminderSet":false,"LastModifiedById":"0051r000007Oz5QAAS"}}|0x763337c0
12:56:04.0 (353263268)|SYSTEM_MODE_ENTER|false
12:56:04.0 (353275271)|HEAP_ALLOCATE|[5]|Bytes:5
12:56:04.0 (353284251)|STATEMENT_EXECUTE|[3]
12:56:04.0 (353302315)|STATEMENT_EXECUTE|[5]
12:56:04.0 (353304427)|STATEMENT_EXECUTE|[8]
12:56:04.0 (353323675)|HEAP_ALLOCATE|[8]|Bytes:4
12:56:04.0 (353338470)|VARIABLE_SCOPE_BEGIN|[8]|listAcUpdate|List<Account>|true|false
12:56:04.0 (353348166)|HEAP_ALLOCATE|[EXTERNAL]|Bytes:4
12:56:04.0 (353357477)|VARIABLE_ASSIGNMENT|[8]|listAcUpdate|[]|0x4849d9a2
12:56:04.0 (353363853)|STATEMENT_EXECUTE|[11]
12:56:04.0 (353375666)|HEAP_ALLOCATE|[11]|Bytes:4
12:56:04.0 (353400013)|HEAP_ALLOCATE|[11]|Bytes:4
12:56:04.0 (354177248)|SOQL_EXECUTE_BEGIN|[11]|Aggregations:0|SELECT WhatId, ActivityDate, Status, TYPEOF What WHEN Account THEN Id, Parent.Fecha_ultima_actividad_mas_reciente__c WHEN Opportunity THEN Account.Parent.Fecha_ultima_actividad_mas_reciente__c END FROM Task WHERE Id IN :tmpVar1
12:56:04.0 (360661125)|SOQL_EXECUTE_END|[11]|Rows:1
12:56:04.0 (360682355)|HEAP_ALLOCATE|[11]|Bytes:8
12:56:04.0 (360707207)|HEAP_ALLOCATE|[11]|Bytes:246
12:56:04.0 (360735557)|HEAP_ALLOCATE|[11]|Bytes:8
12:56:04.0 (360757932)|HEAP_ALLOCATE|[11]|Bytes:24
12:56:04.0 (360762930)|HEAP_ALLOCATE|[11]|Bytes:24
12:56:04.0 (360766778)|HEAP_ALLOCATE|[11]|Bytes:4
12:56:04.0 (360775615)|VARIABLE_SCOPE_BEGIN|[11]|listTaskType|List<Task>|true|false
12:56:04.0 (360786382)|HEAP_ALLOCATE|[EXTERNAL]|Bytes:8
12:56:04.0 (360817923)|VARIABLE_ASSIGNMENT|[11]|listTaskType|[{"WhatId":"0011r00001noz93AAA","ActivityDate":"2020-01-11T00:00:00.000Z","Status":"Completed","Id":"00T1r00004CQBGLEA5","What":{"Id":"0011r00001noz93AAA","ParentId":"0011r00001noz92AAA","Parent":{"Id":"0011r00001noz92AAA","Fecha_ultima_activid (18 more) ...":"2020-01-11T00:00:00.000Z"}}}]|0x462e3da0
12:56:04.0 (360847929)|HEAP_ALLOCATE|[20]|Bytes:5
12:56:04.0 (360860459)|HEAP_ALLOCATE|[20]|Bytes:24
12:56:04.0 (360869650)|VARIABLE_SCOPE_BEGIN|[20]|inTask|Task|true|false
12:56:04.0 (360891021)|VARIABLE_ASSIGNMENT|[20]|inTask|{"WhatId":"0011r00001noz93AAA","ActivityDate":"2020-01-11T00:00:00.000Z","Status":"Completed","Id":"00T1r00004CQBGLEA5","What":{"Id":"0011r00001noz93AAA","ParentId":"0011r00001noz92AAA","Parent":{"Id":"0011r00001noz92AAA","Fecha_ultima_activid (18 more) ...":"2020-01-11T00:00:00.000Z"}}}|0x5f7b0ba5
12:56:04.0 (360903406)|STATEMENT_EXECUTE|[20]
12:56:04.0 (360950509)|STATEMENT_EXECUTE|[21]
12:56:04.0 (360960264)|HEAP_ALLOCATE|[20]|Bytes:5
12:56:04.0 (360971591)|VARIABLE_ASSIGNMENT|[20]|inTask|null|
12:56:04.0 (360977621)|STATEMENT_EXECUTE|[37]
12:56:04.0 (360999021)|HEAP_ALLOCATE|[37]|Bytes:2
12:56:04.0 (361011987)|HEAP_ALLOCATE|[37]|Bytes:15
12:56:04.0 (361024515)|USER_DEBUG|[37]|DEBUG|listAcUpdate ()
12:56:04.0 (361032550)|STATEMENT_EXECUTE|[38]
12:56:04.0 (361072206)|HEAP_ALLOCATE|[EXTERNAL]|Bytes:4
12:56:04.0 (361081083)|SYSTEM_MODE_EXIT|false
12:56:04.0 (361091819)|METHOD_EXIT|[9]|01p1r000009oS6S|TaskMethods.CerrarTarea(List<Task>, Map<Id,Task>)
12:56:04.361 (361103939)|CUMULATIVE_LIMIT_USAGE
12:56:04.361 (361103939)|LIMIT_USAGE_FOR_NS|(default)|
  Number of SOQL queries: 6 out of 100
  Number of query rows: 4 out of 50000
  Number of SOSL queries: 0 out of 20
  Number of DML statements: 8 out of 150
  Number of DML rows: 9 out of 10000
  Maximum CPU time: 0 out of 10000
  Maximum heap size: 0 out of 6000000
  Number of callouts: 0 out of 100
  Number of Email Invocations: 0 out of 10
  Number of future calls: 0 out of 50
  Number of queueable jobs added to the queue: 0 out of 50
  Number of Mobile Apex push calls: 0 out of 10

12:56:04.361 (361103939)|CUMULATIVE_LIMIT_USAGE_END

12:56:04.0 (362463235)|CODE_UNIT_FINISHED|TaskTrigger on Task trigger event AfterUpdate
12:56:04.0 (362980571)|DML_END|[58]
12:56:04.0 (363027548)|HEAP_ALLOCATE|[EXTERNAL]|Bytes:12
12:56:04.0 (363083806)|HEAP_ALLOCATE|[60]|Bytes:5
12:56:04.0 (363099382)|HEAP_ALLOCATE|[60]|Bytes:28
12:56:04.0 (363108195)|VARIABLE_SCOPE_BEGIN|[60]|inTask|Task|true|false
12:56:04.0 (363136470)|VARIABLE_ASSIGNMENT|[60]|inTask|{"Subject":"Task","Priority":"Normal","Status":"Completed","WhatId":"0011r00001noz93AAA","ActivityDate":"2020-01-11T00:00:00.000Z","Id":"00T1r00004CQBGLEA5"}|0x56e7b8fe
12:56:04.0 (363146309)|STATEMENT_EXECUTE|[60]
12:56:04.0 (363149113)|STATEMENT_EXECUTE|[61]
12:56:04.0 (363202250)|VARIABLE_ASSIGNMENT|[61]|this.Status|"Completed"|0x56e7b8fe
12:56:04.0 (363219303)|HEAP_ALLOCATE|[60]|Bytes:5
12:56:04.0 (363231852)|HEAP_ALLOCATE|[60]|Bytes:28
12:56:04.0 (363239106)|VARIABLE_SCOPE_BEGIN|[60]|inTask|Task|true|false
12:56:04.0 (363258555)|VARIABLE_ASSIGNMENT|[60]|inTask|{"Subject":"Task2","Priority":"Normal","Status":"in Progress","WhatId":"0061r00000vkks8AAA","ActivityDate":"2022-01-11T00:00:00.000Z","Id":"00T1r00004CQBGMEA5"}|0x53db9f21
12:56:04.0 (363267150)|STATEMENT_EXECUTE|[60]
12:56:04.0 (363269103)|STATEMENT_EXECUTE|[61]
12:56:04.0 (363292420)|VARIABLE_ASSIGNMENT|[61]|this.Status|"Completed"|0x53db9f21
12:56:04.0 (363306264)|HEAP_ALLOCATE|[60]|Bytes:5
12:56:04.0 (363317250)|VARIABLE_ASSIGNMENT|[60]|inTask|null|
12:56:04.0 (363322974)|STATEMENT_EXECUTE|[64]
12:56:04.0 (363358354)|DML_BEGIN|[64]|Op:Update|Type:Task|Rows:2
12:56:04.0 (363385491)|HEAP_ALLOCATE|[EXTERNAL]|Bytes:12
12:56:04.0 (395567365)|CODE_UNIT_STARTED|[EXTERNAL]|01q1r000000j6Yv|TaskTrigger on Task trigger event AfterUpdate
12:56:04.0 (395612734)|HEAP_ALLOCATE|[EXTERNAL]|Bytes:12
12:56:04.0 (395678303)|HEAP_ALLOCATE|[EXTERNAL]|Bytes:12
12:56:04.0 (395739030)|HEAP_ALLOCATE|[EXTERNAL]|Bytes:12
12:56:04.0 (395751396)|VARIABLE_SCOPE_BEGIN|[1]|this|TaskTrigger|true|false
12:56:04.0 (395790602)|VARIABLE_ASSIGNMENT|[1]|this|{}|0x14c47c5b
12:56:04.0 (395829656)|HEAP_ALLOCATE|[EXTERNAL]|Bytes:12
12:56:04.0 (395836325)|VARIABLE_SCOPE_BEGIN|[1]|this|TaskTrigger|true|false
12:56:04.0 (395848383)|VARIABLE_ASSIGNMENT|[1]|this|{}|0x14c47c5b
12:56:04.0 (395863243)|STATEMENT_EXECUTE|[1]
12:56:04.0 (395866533)|STATEMENT_EXECUTE|[3]
12:56:04.0 (397519901)|VARIABLE_ASSIGNMENT|[3]|this.listNew|[{"Status":"Completed","LastModifiedDate":"2018-04-19T10:56:04.000Z","IsDeleted":false,"AccountId":"0011r00001noz93AAA","WhatId":"0011r00001noz93AAA","ActivityDate":"2020-01-11T00:00:00.000Z","Priority":"Normal","IsHighPriority":false,"IsClosed":true,"IsRecurrence":false,"Subject":"Task","SystemModstamp":"2018-04-19T10:56:04.000Z","IsArchived":false,"CreatedById":"0051r000007Oz5QAAS","TaskSubtype":"Task","OwnerId":"0051r000007Oz5QAAS","CreatedDate":"2018-04-19T10:56:04.000Z","Id":"00T1r00004CQBGLEA5","DB_Activity_Type__c":"Other","IsReminderSet":false,"LastModifiedById":"0051r000007Oz5QAAS"},{"Status":"Completed","LastModifiedDate":"2018-04-19T10:56:04.000Z","IsDeleted":false,"AccountId":"0011r00001noz93AAA","WhatId":"0061r00000vkks8AAA","ActivityDate":"2022-01-11T00:00:00.000Z","Priority":"Normal","IsHighPriority":false,"IsClosed":true,"IsRecurrence":false,"Subject":"Task2","SystemModstamp":"2018-04-19T10:56:04.000Z","IsArchived":false,"CreatedById":"0051r000007Oz5QAAS","TaskSubtype":"Task","OwnerId":"0051r000007Oz5QAAS","CreatedDate":"2018-04-19T10:56:04.000Z","Id":"00T1r00004CQBGMEA5","DB_Activity_Type__c":"Other","IsReminderSet":false,"LastModifiedById":"0051r000007Oz5QAAS"}]|0x14c47c5b
12:56:04.0 (397546004)|STATEMENT_EXECUTE|[5]
12:56:04.0 (398984676)|VARIABLE_ASSIGNMENT|[5]|this.mapOld|{"00T1r00004CQBGLEA5":{"Status":"Completed","LastModifiedDate":"2018-04-19T10:56:04.000Z","IsDeleted":false,"AccountId":"0011r00001noz93AAA","WhatId":"0011r00001noz93AAA","ActivityDate":"2020-01-11T00:00:00.000Z","Priority":"Normal","IsHighPriority":false,"IsClosed":true,"IsRecurrence":false,"Subject":"Task","SystemModstamp":"2018-04-19T10:56:04.000Z","IsArchived":false,"CreatedById":"0051r000007Oz5QAAS","TaskSubtype":"Task","OwnerId":"0051r000007Oz5QAAS","CreatedDate":"2018-04-19T10:56:04.000Z","Id":"00T1r00004CQBGLEA5","DB_Activity_Type__c":"Other","IsReminderSet":false,"LastModifiedById":"0051r000007Oz5QAAS"},"00T1r00004CQBGMEA5":{"Status":"In Progress","LastModifiedDate":"2018-04-19T10:56:04.000Z","IsDeleted":false,"AccountId":"0011r00001noz93AAA","WhatId":"0061r00000vkks8AAA","ActivityDate":"2022-01-11T00:00:00.000Z","Priority":"Normal","IsHighPriority":false,"IsClosed":false,"IsRecurrence":false,"Subject":"Task2","SystemModstamp":"2018-04-19T10:56:04.000Z","IsArchived":false,"CreatedById":"0051r000007Oz5QAAS","TaskSubtype":"Task","OwnerId":"0051r000007Oz5QAAS","CreatedDate":"2018-04-19T10:56:04.000Z","Id":"00T1r00004CQBGMEA5","DB_Activity_Type__c":"Other","IsReminderSet":false,"LastModifiedById":"0051r000007Oz5QAAS"}}|0x14c47c5b
12:56:04.0 (399015453)|STATEMENT_EXECUTE|[7]
12:56:04.0 (399019969)|STATEMENT_EXECUTE|[8]
12:56:04.0 (399022081)|STATEMENT_EXECUTE|[9]
12:56:04.0 (399038598)|METHOD_ENTRY|[9]|01p1r000009oS6S|TaskMethods.CerrarTarea(List<Task>, Map<Id,Task>)
12:56:04.0 (399048942)|VARIABLE_SCOPE_BEGIN|[3]|listTask|List<Task>|true|false
12:56:04.0 (400596117)|VARIABLE_ASSIGNMENT|[3]|listTask|[{"Status":"Completed","LastModifiedDate":"2018-04-19T10:56:04.000Z","IsDeleted":false,"AccountId":"0011r00001noz93AAA","WhatId":"0011r00001noz93AAA","ActivityDate":"2020-01-11T00:00:00.000Z","Priority":"Normal","IsHighPriority":false,"IsClosed":true,"IsRecurrence":false,"Subject":"Task","SystemModstamp":"2018-04-19T10:56:04.000Z","IsArchived":false,"CreatedById":"0051r000007Oz5QAAS","TaskSubtype":"Task","OwnerId":"0051r000007Oz5QAAS","CreatedDate":"2018-04-19T10:56:04.000Z","Id":"00T1r00004CQBGLEA5","DB_Activity_Type__c":"Other","IsReminderSet":false,"LastModifiedById":"0051r000007Oz5QAAS"},{"Status":"Completed","LastModifiedDate":"2018-04-19T10:56:04.000Z","IsDeleted":false,"AccountId":"0011r00001noz93AAA","WhatId":"0061r00000vkks8AAA","ActivityDate":"2022-01-11T00:00:00.000Z","Priority":"Normal","IsHighPriority":false,"IsClosed":true,"IsRecurrence":false,"Subject":"Task2","SystemModstamp":"2018-04-19T10:56:04.000Z","IsArchived":false,"CreatedById":"0051r000007Oz5QAAS","TaskSubtype":"Task","OwnerId":"0051r000007Oz5QAAS","CreatedDate":"2018-04-19T10:56:04.000Z","Id":"00T1r00004CQBGMEA5","DB_Activity_Type__c":"Other","IsReminderSet":false,"LastModifiedById":"0051r000007Oz5QAAS"}]|0x335ddcdc
12:56:04.0 (400621278)|VARIABLE_SCOPE_BEGIN|[3]|mapTaskOld|Map<Id,Task>|true|false
12:56:04.0 (401549636)|VARIABLE_ASSIGNMENT|[3]|mapTaskOld|{"00T1r00004CQBGLEA5":{"Status":"Completed","LastModifiedDate":"2018-04-19T10:56:04.000Z","IsDeleted":false,"AccountId":"0011r00001noz93AAA","WhatId":"0011r00001noz93AAA","ActivityDate":"2020-01-11T00:00:00.000Z","Priority":"Normal","IsHighPriority":false,"IsClosed":true,"IsRecurrence":false,"Subject":"Task","SystemModstamp":"2018-04-19T10:56:04.000Z","IsArchived":false,"CreatedById":"0051r000007Oz5QAAS","TaskSubtype":"Task","OwnerId":"0051r000007Oz5QAAS","CreatedDate":"2018-04-19T10:56:04.000Z","Id":"00T1r00004CQBGLEA5","DB_Activity_Type__c":"Other","IsReminderSet":false,"LastModifiedById":"0051r000007Oz5QAAS"},"00T1r00004CQBGMEA5":{"Status":"In Progress","LastModifiedDate":"2018-04-19T10:56:04.000Z","IsDeleted":false,"AccountId":"0011r00001noz93AAA","WhatId":"0061r00000vkks8AAA","ActivityDate":"2022-01-11T00:00:00.000Z","Priority":"Normal","IsHighPriority":false,"IsClosed":false,"IsRecurrence":false,"Subject":"Task2","SystemModstamp":"2018-04-19T10:56:04.000Z","IsArchived":false,"CreatedById":"0051r000007Oz5QAAS","TaskSubtype":"Task","OwnerId":"0051r000007Oz5QAAS","CreatedDate":"2018-04-19T10:56:04.000Z","Id":"00T1r00004CQBGMEA5","DB_Activity_Type__c":"Other","IsReminderSet":false,"LastModifiedById":"0051r000007Oz5QAAS"}}|0x487bf42
12:56:04.0 (402023783)|SYSTEM_MODE_ENTER|false
12:56:04.0 (402035957)|HEAP_ALLOCATE|[5]|Bytes:5
12:56:04.0 (402045807)|STATEMENT_EXECUTE|[3]
12:56:04.0 (402064588)|STATEMENT_EXECUTE|[5]
12:56:04.0 (402066797)|STATEMENT_EXECUTE|[8]
12:56:04.0 (402086454)|HEAP_ALLOCATE|[8]|Bytes:4
12:56:04.0 (402101411)|VARIABLE_SCOPE_BEGIN|[8]|listAcUpdate|List<Account>|true|false
12:56:04.0 (402110445)|HEAP_ALLOCATE|[EXTERNAL]|Bytes:4
12:56:04.0 (402120017)|VARIABLE_ASSIGNMENT|[8]|listAcUpdate|[]|0x3cbbe2fd
12:56:04.0 (402126509)|STATEMENT_EXECUTE|[11]
12:56:04.0 (402138529)|HEAP_ALLOCATE|[11]|Bytes:4
12:56:04.0 (402157139)|HEAP_ALLOCATE|[11]|Bytes:4
12:56:04.0 (403249848)|SOQL_EXECUTE_BEGIN|[11]|Aggregations:0|SELECT WhatId, ActivityDate, Status, TYPEOF What WHEN Account THEN Id, Parent.Fecha_ultima_actividad_mas_reciente__c WHEN Opportunity THEN Account.Parent.Fecha_ultima_actividad_mas_reciente__c END FROM Task WHERE Id IN :tmpVar1
12:56:04.0 (415361742)|SOQL_EXECUTE_END|[11]|Rows:2
12:56:04.0 (415403704)|HEAP_ALLOCATE|[11]|Bytes:12
12:56:04.0 (415449953)|HEAP_ALLOCATE|[11]|Bytes:562
12:56:04.0 (415491184)|HEAP_ALLOCATE|[11]|Bytes:12
12:56:04.0 (415527489)|HEAP_ALLOCATE|[11]|Bytes:24
12:56:04.0 (415536686)|HEAP_ALLOCATE|[11]|Bytes:24
12:56:04.0 (415543674)|HEAP_ALLOCATE|[11]|Bytes:24
12:56:04.0 (415548869)|HEAP_ALLOCATE|[11]|Bytes:8
12:56:04.0 (415564193)|VARIABLE_SCOPE_BEGIN|[11]|listTaskType|List<Task>|true|false
12:56:04.0 (415581442)|HEAP_ALLOCATE|[EXTERNAL]|Bytes:12
12:56:04.0 (415653212)|VARIABLE_ASSIGNMENT|[11]|listTaskType|[{"WhatId":"0011r00001noz93AAA","ActivityDate":"2020-01-11T00:00:00.000Z","Status":"Completed","Id":"00T1r00004CQBGLEA5","What":{"Id":"0011r00001noz93AAA","ParentId":"0011r00001noz92AAA","Parent":{"Id":"0011r00001noz92AAA","Fecha_ultima_activid (18 more) ...":"2020-01-11T00:00:00.000Z"}}},{"WhatId":"0061r00000vkks8AAA","ActivityDate":"2022-01-11T00:00:00.000Z","Status":"Completed","Id":"00T1r00004CQBGMEA5","What":{"Id":"0061r00000vkks8AAA","AccountId":"0011r00001noz93AAA","Account":{"Id":"0011r00001noz93AAA","ParentId":"0011r00001noz92AAA","Parent":{"Id":"0011r00001noz92AAA","Fecha_ultima_activid (18 more) ...":"2020-01-11T00:00:00.000Z"}}}}]|0x7807bc2
12:56:04.0 (415706481)|HEAP_ALLOCATE|[20]|Bytes:5
12:56:04.0 (415725366)|HEAP_ALLOCATE|[20]|Bytes:24
12:56:04.0 (415737914)|VARIABLE_SCOPE_BEGIN|[20]|inTask|Task|true|false
12:56:04.0 (415773819)|VARIABLE_ASSIGNMENT|[20]|inTask|{"WhatId":"0011r00001noz93AAA","ActivityDate":"2020-01-11T00:00:00.000Z","Status":"Completed","Id":"00T1r00004CQBGLEA5","What":{"Id":"0011r00001noz93AAA","ParentId":"0011r00001noz92AAA","Parent":{"Id":"0011r00001noz92AAA","Fecha_ultima_activid (18 more) ...":"2020-01-11T00:00:00.000Z"}}}|0x6d830559
12:56:04.0 (415793079)|STATEMENT_EXECUTE|[20]
12:56:04.0 (415860754)|STATEMENT_EXECUTE|[21]
12:56:04.0 (415876940)|HEAP_ALLOCATE|[20]|Bytes:5
12:56:04.0 (415894752)|HEAP_ALLOCATE|[20]|Bytes:24
12:56:04.0 (415906291)|VARIABLE_SCOPE_BEGIN|[20]|inTask|Task|true|false
12:56:04.0 (415943617)|VARIABLE_ASSIGNMENT|[20]|inTask|{"WhatId":"0061r00000vkks8AAA","ActivityDate":"2022-01-11T00:00:00.000Z","Status":"Completed","Id":"00T1r00004CQBGMEA5","What":{"Id":"0061r00000vkks8AAA","AccountId":"0011r00001noz93AAA","Account":{"Id":"0011r00001noz93AAA","ParentId":"0011r00001noz92AAA","Parent":{"Id":"0011r00001noz92AAA","Fecha_ultima_activid (18 more) ...":"2020-01-11T00:00:00.000Z"}}}}|0x41019ac7
12:56:04.0 (415961993)|STATEMENT_EXECUTE|[20]
12:56:04.0 (416015320)|STATEMENT_EXECUTE|[21]
12:56:04.0 (416063816)|STATEMENT_EXECUTE|[22]
12:56:04.0 (416067678)|STATEMENT_EXECUTE|[23]
12:56:04.0 (416072714)|HEAP_ALLOCATE|[23]|Bytes:11
12:56:04.0 (416126016)|USER_DEBUG|[23]|DEBUG|Opportunity
12:56:04.0 (416143102)|STATEMENT_EXECUTE|[24]
12:56:04.0 (416215608)|METHOD_ENTRY|[24]|01p1r000009oS6S|TaskMethods.getListAccounts(Task, Account)
12:56:04.0 (416236945)|VARIABLE_SCOPE_BEGIN|[43]|task|Task|true|false
12:56:04.0 (416268092)|VARIABLE_ASSIGNMENT|[43]|task|{"WhatId":"0061r00000vkks8AAA","ActivityDate":"2022-01-11T00:00:00.000Z","Status":"Completed","Id":"00T1r00004CQBGMEA5","What":{"Id":"0061r00000vkks8AAA","AccountId":"0011r00001noz93AAA","Account":{"Id":"0011r00001noz93AAA","ParentId":"0011r00001noz92AAA","Parent":{"Id":"0011r00001noz92AAA","Fecha_ultima_activid (18 more) ...":"2020-01-11T00:00:00.000Z"}}}}|0x41019ac7
12:56:04.0 (416278534)|VARIABLE_SCOPE_BEGIN|[43]|acc|Account|true|false
12:56:04.0 (416290278)|VARIABLE_ASSIGNMENT|[43]|acc|{"Id":"0011r00001noz92AAA","Fecha_ultima_activid (18 more) ...":"2020-01-11T00:00:00.000Z"}|0x31870754
12:56:04.0 (416326469)|HEAP_ALLOCATE|[44]|Bytes:5
12:56:04.0 (416337036)|STATEMENT_EXECUTE|[43]
12:56:04.0 (416339973)|STATEMENT_EXECUTE|[44]
12:56:04.0 (416358447)|HEAP_ALLOCATE|[44]|Bytes:4
12:56:04.0 (416379609)|VARIABLE_SCOPE_BEGIN|[44]|listAcUpdate|List<Account>|true|false
12:56:04.0 (416397749)|HEAP_ALLOCATE|[EXTERNAL]|Bytes:4
12:56:04.0 (416409737)|VARIABLE_ASSIGNMENT|[44]|listAcUpdate|[]|0x1aca5f4e
12:56:04.0 (416459649)|STATEMENT_EXECUTE|[46]
12:56:04.0 (416463063)|STATEMENT_EXECUTE|[47]
12:56:04.0 (416531255)|VARIABLE_ASSIGNMENT|[47]|this.Fecha_ultima_actividad_mas_reciente__c|"2022-01-11T00:00:00.000Z"|0x31870754
12:56:04.0 (416541255)|STATEMENT_EXECUTE|[48]
12:56:04.0 (416554025)|HEAP_ALLOCATE|[EXTERNAL]|Bytes:4
12:56:04.0 (416563374)|STATEMENT_EXECUTE|[51]
12:56:04.0 (416571869)|METHOD_EXIT|[24]|01p1r000009oS6S|TaskMethods.getListAccounts(Task, Account)
12:56:04.0 (416588319)|HEAP_ALLOCATE|[24]|Bytes:12
12:56:04.0 (416593365)|HEAP_ALLOCATE|[24]|Bytes:12
12:56:04.0 (416596840)|HEAP_ALLOCATE|[EXTERNAL]|Bytes:4
12:56:04.0 (416599637)|HEAP_ALLOCATE|[24]|Bytes:4
12:56:04.0 (416614426)|HEAP_ALLOCATE|[20]|Bytes:5
12:56:04.0 (416627870)|VARIABLE_ASSIGNMENT|[20]|inTask|null|
12:56:04.0 (416634360)|STATEMENT_EXECUTE|[37]
12:56:04.0 (416686113)|HEAP_ALLOCATE|[37]|Bytes:93
12:56:04.0 (416702103)|HEAP_ALLOCATE|[37]|Bytes:106
12:56:04.0 (416711335)|USER_DEBUG|[37]|DEBUG|listAcUpdate (Account:{Id=0011r00001noz92AAA, Fecha_ultima_actividad_mas_reciente__c=2022-01-11 00:00:00})
12:56:04.0 (416719794)|STATEMENT_EXECUTE|[38]
12:56:04.0 (416777631)|DML_BEGIN|[38]|Op:Update|Type:Account|Rows:1
12:56:04.0 (416814760)|HEAP_ALLOCATE|[EXTERNAL]|Bytes:8
12:56:04.0 (423252053)|CODE_UNIT_STARTED|[EXTERNAL]|01q1r000000j8Jg|AccountTrigger on Account trigger event BeforeUpdate
12:56:04.0 (423293235)|HEAP_ALLOCATE|[EXTERNAL]|Bytes:8
12:56:04.0 (423320177)|HEAP_ALLOCATE|[EXTERNAL]|Bytes:8
12:56:04.0 (423372403)|HEAP_ALLOCATE|[EXTERNAL]|Bytes:12
12:56:04.0 (423382962)|VARIABLE_SCOPE_BEGIN|[1]|this|AccountTrigger|true|false
12:56:04.0 (423426029)|VARIABLE_ASSIGNMENT|[1]|this|{}|0x472b27f0
12:56:04.0 (423471962)|HEAP_ALLOCATE|[EXTERNAL]|Bytes:12
12:56:04.0 (423481015)|VARIABLE_SCOPE_BEGIN|[1]|this|AccountTrigger|true|false
12:56:04.0 (423501322)|VARIABLE_ASSIGNMENT|[1]|this|{}|0x472b27f0
12:56:04.0 (423514464)|STATEMENT_EXECUTE|[1]
12:56:04.0 (423518564)|STATEMENT_EXECUTE|[3]
12:56:04.0 (424222381)|VARIABLE_ASSIGNMENT|[3]|this.listNew|[{"LastModifiedDate":"2018-04-19T10:56:04.000Z","IsDeleted":false,"CleanStatus":"Pending","Fecha_ultima_activid (18 more) ...":"2022-01-11T00:00:00.000Z","OwnerId":"0051r000007Oz5QAAS","CreatedById":"0051r000007Oz5QAAS","Match_Billing_Addres (4 more) ...":false,"CreatedDate":"2018-04-19T10:56:04.000Z","Id":"0011r00001noz92AAA","LastModifiedById":"0051r000007Oz5QAAS","SystemModstamp":"2018-04-19T10:56:04.000Z","Name":"CuentaPadre"}]|0x472b27f0
12:56:04.0 (424245929)|STATEMENT_EXECUTE|[5]
12:56:04.0 (424910432)|VARIABLE_ASSIGNMENT|[5]|this.mapOld|{"0011r00001noz92AAA":{"LastModifiedDate":"2018-04-19T10:56:04.000Z","IsDeleted":false,"CleanStatus":"Pending","Fecha_ultima_activid (18 more) ...":"2020-01-11T00:00:00.000Z","OwnerId":"0051r000007Oz5QAAS","CreatedById":"0051r000007Oz5QAAS","Match_Billing_Addres (4 more) ...":false,"CreatedDate":"2018-04-19T10:56:04.000Z","Id":"0011r00001noz92AAA","LastModifiedById":"0051r000007Oz5QAAS","SystemModstamp":"2018-04-19T10:56:04.000Z","Name":"CuentaPadre"}}|0x472b27f0
12:56:04.0 (424938073)|STATEMENT_EXECUTE|[7]
12:56:04.0 (424944765)|STATEMENT_EXECUTE|[8]
12:56:04.0 (424947525)|STATEMENT_EXECUTE|[9]
12:56:04.0 (424965918)|METHOD_ENTRY|[9]|01p1r000009p8Bf|AccountMethods.ActualizarCuentaHija(List<Account>, Map<Id,Account>)
12:56:04.0 (424979029)|VARIABLE_SCOPE_BEGIN|[3]|listAccount|List<Account>|true|false
12:56:04.0 (426245004)|VARIABLE_ASSIGNMENT|[3]|listAccount|[{"LastModifiedDate":"2018-04-19T10:56:04.000Z","IsDeleted":false,"CleanStatus":"Pending","Fecha_ultima_activid (18 more) ...":"2022-01-11T00:00:00.000Z","OwnerId":"0051r000007Oz5QAAS","CreatedById":"0051r000007Oz5QAAS","Match_Billing_Addres (4 more) ...":false,"CreatedDate":"2018-04-19T10:56:04.000Z","Id":"0011r00001noz92AAA","LastModifiedById":"0051r000007Oz5QAAS","SystemModstamp":"2018-04-19T10:56:04.000Z","Name":"CuentaPadre"}]|0x50cd0519
12:56:04.0 (426266603)|VARIABLE_SCOPE_BEGIN|[3]|mapOld|Map<Id,Account>|true|false
12:56:04.0 (427676241)|VARIABLE_ASSIGNMENT|[3]|mapOld|{"0011r00001noz92AAA":{"LastModifiedDate":"2018-04-19T10:56:04.000Z","IsDeleted":false,"CleanStatus":"Pending","Fecha_ultima_activid (18 more) ...":"2020-01-11T00:00:00.000Z","OwnerId":"0051r000007Oz5QAAS","CreatedById":"0051r000007Oz5QAAS","Match_Billing_Addres (4 more) ...":false,"CreatedDate":"2018-04-19T10:56:04.000Z","Id":"0011r00001noz92AAA","LastModifiedById":"0051r000007Oz5QAAS","SystemModstamp":"2018-04-19T10:56:04.000Z","Name":"CuentaPadre"}}|0x37507b40
12:56:04.0 (427724511)|HEAP_ALLOCATE|[5]|Bytes:5
12:56:04.0 (427736547)|STATEMENT_EXECUTE|[3]
12:56:04.0 (427759819)|STATEMENT_EXECUTE|[5]
12:56:04.0 (427762896)|STATEMENT_EXECUTE|[8]
12:56:04.0 (427775084)|HEAP_ALLOCATE|[8]|Bytes:4
12:56:04.0 (427793083)|VARIABLE_SCOPE_BEGIN|[8]|listAccountIds|List<String>|true|false
12:56:04.0 (427827908)|HEAP_ALLOCATE|[EXTERNAL]|Bytes:4
12:56:04.0 (427842732)|VARIABLE_ASSIGNMENT|[8]|listAccountIds|[]|0x644dc754
12:56:04.0 (427853840)|STATEMENT_EXECUTE|[9]
12:56:04.0 (427876006)|HEAP_ALLOCATE|[9]|Bytes:4
12:56:04.0 (427887835)|VARIABLE_SCOPE_BEGIN|[9]|mapAccountParent|Map<String,Account>|true|false
12:56:04.0 (427908057)|VARIABLE_ASSIGNMENT|[9]|mapAccountParent|{}|0x7ac7788a
12:56:04.0 (427942261)|HEAP_ALLOCATE|[11]|Bytes:5
12:56:04.0 (427963968)|HEAP_ALLOCATE|[11]|Bytes:4
12:56:04.0 (427974944)|VARIABLE_SCOPE_BEGIN|[11]|inAccount|Account|true|false
12:56:04.0 (428626041)|VARIABLE_ASSIGNMENT|[11]|inAccount|{"LastModifiedDate":"2018-04-19T10:56:04.000Z","IsDeleted":false,"CleanStatus":"Pending","Fecha_ultima_activid (18 more) ...":"2022-01-11T00:00:00.000Z","OwnerId":"0051r000007Oz5QAAS","CreatedById":"0051r000007Oz5QAAS","Match_Billing_Addres (4 more) ...":false,"CreatedDate":"2018-04-19T10:56:04.000Z","Id":"0011r00001noz92AAA","LastModifiedById":"0051r000007Oz5QAAS","SystemModstamp":"2018-04-19T10:56:04.000Z","Name":"CuentaPadre"}|0x429a4f06
12:56:04.0 (428650310)|STATEMENT_EXECUTE|[11]
12:56:04.0 (428727509)|STATEMENT_EXECUTE|[13]
12:56:04.0 (428731710)|STATEMENT_EXECUTE|[14]
12:56:04.0 (428771212)|HEAP_ALLOCATE|[EXTERNAL]|Bytes:4
12:56:04.0 (428790141)|STATEMENT_EXECUTE|[15]
12:56:04.0 (428817981)|HEAP_ALLOCATE|[EXTERNAL]|Bytes:-4
12:56:04.0 (428841587)|HEAP_ALLOCATE|[11]|Bytes:5
12:56:04.0 (428859803)|VARIABLE_ASSIGNMENT|[11]|inAccount|null|
12:56:04.0 (428869607)|STATEMENT_EXECUTE|[20]
12:56:04.0 (428884045)|HEAP_ALLOCATE|[20]|Bytes:4
12:56:04.0 (429137978)|SOQL_EXECUTE_BEGIN|[20]|Aggregations:0|SELECT Id, Fecha_ultima_actividad_mas_reciente__c, ParentId FROM Account WHERE ParentId IN :tmpVar1
12:56:04.0 (434164796)|SOQL_EXECUTE_END|[20]|Rows:1
12:56:04.0 (434193747)|HEAP_ALLOCATE|[20]|Bytes:8
12:56:04.0 (434209037)|HEAP_ALLOCATE|[20]|Bytes:105
12:56:04.0 (434238762)|HEAP_ALLOCATE|[20]|Bytes:8
12:56:04.0 (434249949)|VARIABLE_SCOPE_BEGIN|[20]|listAccountChild|List<Account>|true|false
12:56:04.0 (434280005)|VARIABLE_ASSIGNMENT|[20]|listAccountChild|[{"Id":"0011r00001noz93AAA","Fecha_ultima_activid (18 more) ...":"2020-01-11T00:00:00.000Z","ParentId":"0011r00001noz92AAA"}]|0x1cbc4f80
12:56:04.0 (434310954)|HEAP_ALLOCATE|[23]|Bytes:5
12:56:04.0 (434323803)|HEAP_ALLOCATE|[23]|Bytes:16
12:56:04.0 (434332102)|VARIABLE_SCOPE_BEGIN|[23]|inAccount|Account|true|false
12:56:04.0 (434349780)|VARIABLE_ASSIGNMENT|[23]|inAccount|{"Id":"0011r00001noz93AAA","Fecha_ultima_activid (18 more) ...":"2020-01-11T00:00:00.000Z","ParentId":"0011r00001noz92AAA"}|0x38d803cc
12:56:04.0 (434360442)|STATEMENT_EXECUTE|[23]
12:56:04.0 (434362961)|STATEMENT_EXECUTE|[24]
12:56:04.0 (434449043)|VARIABLE_ASSIGNMENT|[24]|this.Fecha_ultima_actividad_mas_reciente__c|"2022-01-11T00:00:00.000Z"|0x38d803cc
12:56:04.0 (434466947)|HEAP_ALLOCATE|[23]|Bytes:5
12:56:04.0 (434479551)|VARIABLE_ASSIGNMENT|[23]|inAccount|null|
12:56:04.0 (434485401)|STATEMENT_EXECUTE|[27]
12:56:04.0 (434523357)|DML_BEGIN|[27]|Op:Update|Type:Account|Rows:1
12:56:04.0 (434549106)|HEAP_ALLOCATE|[EXTERNAL]|Bytes:8
12:56:04.0 (440026407)|CODE_UNIT_STARTED|[EXTERNAL]|01q1r000000j8Jg|AccountTrigger on Account trigger event BeforeUpdate
12:56:04.0 (440062459)|HEAP_ALLOCATE|[EXTERNAL]|Bytes:8
12:56:04.0 (440101866)|HEAP_ALLOCATE|[EXTERNAL]|Bytes:8
12:56:04.0 (440161553)|HEAP_ALLOCATE|[EXTERNAL]|Bytes:12
12:56:04.0 (440173242)|VARIABLE_SCOPE_BEGIN|[1]|this|AccountTrigger|true|false
12:56:04.0 (440205886)|VARIABLE_ASSIGNMENT|[1]|this|{}|0x5c4a505b
12:56:04.0 (440247328)|HEAP_ALLOCATE|[EXTERNAL]|Bytes:12
12:56:04.0 (440255478)|VARIABLE_SCOPE_BEGIN|[1]|this|AccountTrigger|true|false
12:56:04.0 (440272237)|VARIABLE_ASSIGNMENT|[1]|this|{}|0x5c4a505b
12:56:04.0 (440284321)|STATEMENT_EXECUTE|[1]
12:56:04.0 (440287757)|STATEMENT_EXECUTE|[3]
12:56:04.0 (441020402)|VARIABLE_ASSIGNMENT|[3]|this.listNew|[{"ParentId":"0011r00001noz92AAA","LastModifiedDate":"2018-04-19T10:56:04.000Z","IsDeleted":false,"Fecha_ultima_activid (18 more) ...":"2022-01-11T00:00:00.000Z","SystemModstamp":"2018-04-19T10:56:04.000Z","Name":"Cuenta","CleanStatus":"Pending","OwnerId":"0051r000007Oz5QAAS","CreatedById":"0051r000007Oz5QAAS","Match_Billing_Addres (4 more) ...":false,"LastActivityDate":"2022-01-11T00:00:00.000Z","CreatedDate":"2018-04-19T10:56:04.000Z","Id":"0011r00001noz93AAA","LastModifiedById":"0051r000007Oz5QAAS"}]|0x5c4a505b
12:56:04.0 (441044081)|STATEMENT_EXECUTE|[5]
12:56:04.0 (441759601)|VARIABLE_ASSIGNMENT|[5]|this.mapOld|{"0011r00001noz93AAA":{"ParentId":"0011r00001noz92AAA","LastModifiedDate":"2018-04-19T10:56:04.000Z","IsDeleted":false,"Fecha_ultima_activid (18 more) ...":"2020-01-11T00:00:00.000Z","SystemModstamp":"2018-04-19T10:56:04.000Z","Name":"Cuenta","CleanStatus":"Pending","OwnerId":"0051r000007Oz5QAAS","CreatedById":"0051r000007Oz5QAAS","Match_Billing_Addres (4 more) ...":false,"LastActivityDate":"2020-01-11T00:00:00.000Z","CreatedDate":"2018-04-19T10:56:04.000Z","Id":"0011r00001noz93AAA","LastModifiedById":"0051r000007Oz5QAAS"}}|0x5c4a505b
12:56:04.0 (441791793)|STATEMENT_EXECUTE|[7]
12:56:04.0 (441799218)|STATEMENT_EXECUTE|[8]
12:56:04.0 (441802078)|STATEMENT_EXECUTE|[9]
12:56:04.0 (441821913)|METHOD_ENTRY|[9]|01p1r000009p8Bf|AccountMethods.ActualizarCuentaHija(List<Account>, Map<Id,Account>)
12:56:04.0 (441835322)|VARIABLE_SCOPE_BEGIN|[3]|listAccount|List<Account>|true|false
12:56:04.0 (442890727)|VARIABLE_ASSIGNMENT|[3]|listAccount|[{"ParentId":"0011r00001noz92AAA","LastModifiedDate":"2018-04-19T10:56:04.000Z","IsDeleted":false,"Fecha_ultima_activid (18 more) ...":"2022-01-11T00:00:00.000Z","SystemModstamp":"2018-04-19T10:56:04.000Z","Name":"Cuenta","CleanStatus":"Pending","OwnerId":"0051r000007Oz5QAAS","CreatedById":"0051r000007Oz5QAAS","Match_Billing_Addres (4 more) ...":false,"LastActivityDate":"2022-01-11T00:00:00.000Z","CreatedDate":"2018-04-19T10:56:04.000Z","Id":"0011r00001noz93AAA","LastModifiedById":"0051r000007Oz5QAAS"}]|0x340d1b67
12:56:04.0 (442908218)|VARIABLE_SCOPE_BEGIN|[3]|mapOld|Map<Id,Account>|true|false
12:56:04.0 (443733052)|VARIABLE_ASSIGNMENT|[3]|mapOld|{"0011r00001noz93AAA":{"ParentId":"0011r00001noz92AAA","LastModifiedDate":"2018-04-19T10:56:04.000Z","IsDeleted":false,"Fecha_ultima_activid (18 more) ...":"2020-01-11T00:00:00.000Z","SystemModstamp":"2018-04-19T10:56:04.000Z","Name":"Cuenta","CleanStatus":"Pending","OwnerId":"0051r000007Oz5QAAS","CreatedById":"0051r000007Oz5QAAS","Match_Billing_Addres (4 more) ...":false,"LastActivityDate":"2020-01-11T00:00:00.000Z","CreatedDate":"2018-04-19T10:56:04.000Z","Id":"0011r00001noz93AAA","LastModifiedById":"0051r000007Oz5QAAS"}}|0x51111e43
12:56:04.0 (443773916)|HEAP_ALLOCATE|[5]|Bytes:5
12:56:04.0 (443783424)|STATEMENT_EXECUTE|[3]
12:56:04.0 (443803611)|STATEMENT_EXECUTE|[5]
12:56:04.0 (443805892)|STATEMENT_EXECUTE|[8]
12:56:04.0 (443816102)|HEAP_ALLOCATE|[8]|Bytes:4
12:56:04.0 (443830990)|VARIABLE_SCOPE_BEGIN|[8]|listAccountIds|List<String>|true|false
12:56:04.0 (443855779)|HEAP_ALLOCATE|[EXTERNAL]|Bytes:4
12:56:04.0 (443866010)|VARIABLE_ASSIGNMENT|[8]|listAccountIds|[]|0xc9074d6
12:56:04.0 (443872481)|STATEMENT_EXECUTE|[9]
12:56:04.0 (443889746)|HEAP_ALLOCATE|[9]|Bytes:4
12:56:04.0 (443897776)|VARIABLE_SCOPE_BEGIN|[9]|mapAccountParent|Map<String,Account>|true|false
12:56:04.0 (443912186)|VARIABLE_ASSIGNMENT|[9]|mapAccountParent|{}|0x2d62597
12:56:04.0 (443936342)|HEAP_ALLOCATE|[11]|Bytes:5
12:56:04.0 (443951752)|HEAP_ALLOCATE|[11]|Bytes:4
12:56:04.0 (443959584)|VARIABLE_SCOPE_BEGIN|[11]|inAccount|Account|true|false
12:56:04.0 (444328535)|VARIABLE_ASSIGNMENT|[11]|inAccount|{"ParentId":"0011r00001noz92AAA","LastModifiedDate":"2018-04-19T10:56:04.000Z","IsDeleted":false,"Fecha_ultima_activid (18 more) ...":"2022-01-11T00:00:00.000Z","SystemModstamp":"2018-04-19T10:56:04.000Z","Name":"Cuenta","CleanStatus":"Pending","OwnerId":"0051r000007Oz5QAAS","CreatedById":"0051r000007Oz5QAAS","Match_Billing_Addres (4 more) ...":false,"LastActivityDate":"2022-01-11T00:00:00.000Z","CreatedDate":"2018-04-19T10:56:04.000Z","Id":"0011r00001noz93AAA","LastModifiedById":"0051r000007Oz5QAAS"}|0x5e5cd089
12:56:04.0 (444345247)|STATEMENT_EXECUTE|[11]
12:56:04.0 (444370441)|STATEMENT_EXECUTE|[13]
12:56:04.0 (444384723)|HEAP_ALLOCATE|[11]|Bytes:5
12:56:04.0 (444403523)|VARIABLE_ASSIGNMENT|[11]|inAccount|null|
12:56:04.0 (444409996)|STATEMENT_EXECUTE|[20]
12:56:04.0 (444422996)|HEAP_ALLOCATE|[20]|Bytes:4
12:56:04.0 (444645728)|SOQL_EXECUTE_BEGIN|[20]|Aggregations:0|SELECT Id, Fecha_ultima_actividad_mas_reciente__c, ParentId FROM Account WHERE ParentId IN :tmpVar1
12:56:04.0 (449551856)|SOQL_EXECUTE_END|[20]|Rows:0
12:56:04.0 (449579480)|HEAP_ALLOCATE|[20]|Bytes:4
12:56:04.0 (449591322)|HEAP_ALLOCATE|[20]|Bytes:0
12:56:04.0 (449623899)|HEAP_ALLOCATE|[20]|Bytes:4
12:56:04.0 (449634992)|VARIABLE_SCOPE_BEGIN|[20]|listAccountChild|List<Account>|true|false
12:56:04.0 (449650505)|VARIABLE_ASSIGNMENT|[20]|listAccountChild|[]|0x64e82ba6
12:56:04.0 (449680769)|HEAP_ALLOCATE|[23]|Bytes:5
12:56:04.0 (449694157)|VARIABLE_ASSIGNMENT|[23]|inAccount|null|
12:56:04.0 (449702607)|STATEMENT_EXECUTE|[23]
12:56:04.0 (449705693)|STATEMENT_EXECUTE|[27]
12:56:04.0 (449745029)|HEAP_ALLOCATE|[EXTERNAL]|Bytes:4
12:56:04.0 (449762895)|METHOD_EXIT|[9]|01p1r000009p8Bf|AccountMethods.ActualizarCuentaHija(List<Account>, Map<Id,Account>)
12:56:04.449 (449777774)|CUMULATIVE_LIMIT_USAGE
12:56:04.449 (449777774)|LIMIT_USAGE_FOR_NS|(default)|
  Number of SOQL queries: 9 out of 100
  Number of query rows: 7 out of 50000
  Number of SOSL queries: 0 out of 20
  Number of DML statements: 11 out of 150
  Number of DML rows: 13 out of 10000
  Maximum CPU time: 0 out of 10000
  Maximum heap size: 0 out of 6000000
  Number of callouts: 0 out of 100
  Number of Email Invocations: 0 out of 10
  Number of future calls: 0 out of 50
  Number of queueable jobs added to the queue: 0 out of 50
  Number of Mobile Apex push calls: 0 out of 10

12:56:04.449 (449777774)|CUMULATIVE_LIMIT_USAGE_END

12:56:04.0 (450953808)|CODE_UNIT_FINISHED|AccountTrigger on Account trigger event BeforeUpdate
12:56:04.0 (452066234)|CODE_UNIT_STARTED|[EXTERNAL]|DuplicateDetector
12:56:04.0 (452082491)|DUPLICATE_DETECTION_BEGIN
12:56:04.0 (452138803)|DUPLICATE_DETECTION_RULE_INVOCATION|DuplicateRuleId:0Bm1r0000018X88|DuplicateRuleName:Standard Account Duplicate Rule|DmlType:UPDATE
12:56:04.0 (452195869)|DUPLICATE_DETECTION_END
12:56:04.0 (452200823)|CODE_UNIT_FINISHED|DuplicateDetector
12:56:04.0 (465643433)|CODE_UNIT_STARTED|[EXTERNAL]|Workflow:Account
12:56:04.0 (465686938)|CODE_UNIT_FINISHED|Workflow:Account
12:56:04.0 (466308418)|DML_END|[27]
12:56:04.0 (466339501)|HEAP_ALLOCATE|[EXTERNAL]|Bytes:8
12:56:04.0 (466370461)|METHOD_EXIT|[9]|01p1r000009p8Bf|AccountMethods.ActualizarCuentaHija(List<Account>, Map<Id,Account>)
12:56:04.466 (466387862)|CUMULATIVE_LIMIT_USAGE
12:56:04.466 (466387862)|LIMIT_USAGE_FOR_NS|(default)|
  Number of SOQL queries: 9 out of 100
  Number of query rows: 7 out of 50000
  Number of SOSL queries: 0 out of 20
  Number of DML statements: 11 out of 150
  Number of DML rows: 13 out of 10000
  Maximum CPU time: 0 out of 10000
  Maximum heap size: 0 out of 6000000
  Number of callouts: 0 out of 100
  Number of Email Invocations: 0 out of 10
  Number of future calls: 0 out of 50
  Number of queueable jobs added to the queue: 0 out of 50
  Number of Mobile Apex push calls: 0 out of 10

12:56:04.466 (466387862)|CUMULATIVE_LIMIT_USAGE_END

12:56:04.0 (467768060)|CODE_UNIT_FINISHED|AccountTrigger on Account trigger event BeforeUpdate
12:56:04.0 (468703532)|CODE_UNIT_STARTED|[EXTERNAL]|DuplicateDetector
12:56:04.0 (468718718)|DUPLICATE_DETECTION_BEGIN
12:56:04.0 (468769976)|DUPLICATE_DETECTION_RULE_INVOCATION|DuplicateRuleId:0Bm1r0000018X88|DuplicateRuleName:Standard Account Duplicate Rule|DmlType:UPDATE
12:56:04.0 (468835099)|DUPLICATE_DETECTION_END
12:56:04.0 (468840086)|CODE_UNIT_FINISHED|DuplicateDetector
12:56:04.0 (479112194)|CODE_UNIT_STARTED|[EXTERNAL]|Workflow:Account
12:56:04.0 (479159738)|CODE_UNIT_FINISHED|Workflow:Account
12:56:04.0 (479820382)|DML_END|[38]
12:56:04.0 (479864803)|HEAP_ALLOCATE|[EXTERNAL]|Bytes:8
12:56:04.0 (479887732)|SYSTEM_MODE_EXIT|false
12:56:04.0 (479929449)|METHOD_EXIT|[9]|01p1r000009oS6S|TaskMethods.CerrarTarea(List<Task>, Map<Id,Task>)
12:56:04.479 (479955997)|CUMULATIVE_LIMIT_USAGE
12:56:04.479 (479955997)|LIMIT_USAGE_FOR_NS|(default)|
  Number of SOQL queries: 9 out of 100
  Number of query rows: 7 out of 50000
  Number of SOSL queries: 0 out of 20
  Number of DML statements: 11 out of 150
  Number of DML rows: 13 out of 10000
  Maximum CPU time: 0 out of 10000
  Maximum heap size: 0 out of 6000000
  Number of callouts: 0 out of 100
  Number of Email Invocations: 0 out of 10
  Number of future calls: 0 out of 50
  Number of queueable jobs added to the queue: 0 out of 50
  Number of Mobile Apex push calls: 0 out of 10

12:56:04.479 (479955997)|CUMULATIVE_LIMIT_USAGE_END

12:56:04.0 (481606828)|CODE_UNIT_FINISHED|TaskTrigger on Task trigger event AfterUpdate
12:56:04.0 (482285081)|DML_END|[64]
12:56:04.0 (482307681)|HEAP_ALLOCATE|[EXTERNAL]|Bytes:12
12:56:04.0 (482333152)|STATEMENT_EXECUTE|[66]
12:56:04.0 (482363161)|HEAP_ALLOCATE|[66]|Bytes:4
12:56:04.0 (482647783)|SOQL_EXECUTE_BEGIN|[66]|Aggregations:0|SELECT Id, Fecha_ultima_actividad_mas_reciente__c FROM Account WHERE Id = :tmpVar1
12:56:04.0 (486870823)|SOQL_EXECUTE_END|[66]|Rows:1
12:56:04.0 (486905350)|HEAP_ALLOCATE|[66]|Bytes:8
12:56:04.0 (486928309)|HEAP_ALLOCATE|[66]|Bytes:75
12:56:04.0 (486965633)|HEAP_ALLOCATE|[66]|Bytes:8
12:56:04.0 (486980230)|VARIABLE_SCOPE_BEGIN|[66]|listAccountCheckDos|List<Account>|true|false
12:56:04.0 (487039494)|VARIABLE_ASSIGNMENT|[66]|listAccountCheckDos|[{"Id":"0011r00001noz92AAA","Fecha_ultima_activid (18 more) ...":"2022-01-11T00:00:00.000Z"}]|0x3d1494c3
12:56:04.0 (487055843)|STATEMENT_EXECUTE|[68]
12:56:04.0 (487138266)|USER_DEBUG|[68]|DEBUG|(Account:{Id=0011r00001noz92AAA, Fecha_ultima_actividad_mas_reciente__c=2020-01-11 00:00:00})
12:56:04.0 (487152571)|STATEMENT_EXECUTE|[70]
12:56:04.0 (487192560)|HEAP_ALLOCATE|[70]|Bytes:12
12:56:04.0 (487224740)|HEAP_ALLOCATE|[70]|Bytes:28
12:56:04.487 (487267511)|CUMULATIVE_LIMIT_USAGE
12:56:04.487 (487267511)|LIMIT_USAGE_FOR_NS|(default)|
  Number of SOQL queries: 10 out of 100
  Number of query rows: 8 out of 50000
  Number of SOSL queries: 0 out of 20
  Number of DML statements: 11 out of 150
  Number of DML rows: 13 out of 10000
  Maximum CPU time: 0 out of 10000
  Maximum heap size: 0 out of 6000000
  Number of callouts: 0 out of 100
  Number of Email Invocations: 0 out of 10
  Number of future calls: 0 out of 50
  Number of queueable jobs added to the queue: 0 out of 50
  Number of Mobile Apex push calls: 0 out of 10

12:56:04.487 (487267511)|CUMULATIVE_LIMIT_USAGE_END

12:56:04.0 (487305924)|CODE_UNIT_FINISHED|TaskTest.testCerrarTarea
12:56:04.0 (488506936)|EXECUTION_FINISHED
12:56:04.676 (676747189)|USER_INFO|[EXTERNAL]|0051r000007Oz5Q|lydia.abril@gmail.com|hora estándar de Europa central|GMT+02:00
12:56:04.676 (676779524)|EXECUTION_STARTED
12:56:04.676 (676784803)|CODE_UNIT_STARTED|[EXTERNAL]|DuplicateDetector
12:56:04.676 (676797352)|DUPLICATE_DETECTION_BEGIN
12:56:04.676 (676865138)|DUPLICATE_DETECTION_RULE_INVOCATION|DuplicateRuleId:0Bm1r0000018X88|DuplicateRuleName:Standard Account Duplicate Rule|DmlType:UPDATE
12:56:04.676 (689443812)|DUPLICATE_DETECTION_END
12:56:04.676 (689459564)|CODE_UNIT_FINISHED|DuplicateDetector
12:56:04.676 (690527933)|EXECUTION_FINISHED
12:56:04.692 (692425255)|USER_INFO|[EXTERNAL]|0051r000007Oz5Q|lydia.abril@gmail.com|hora estándar de Europa central|GMT+02:00
12:56:04.692 (692449197)|EXECUTION_STARTED
12:56:04.692 (692453579)|CODE_UNIT_STARTED|[EXTERNAL]|DuplicateDetector
12:56:04.692 (692467506)|DUPLICATE_DETECTION_BEGIN
12:56:04.692 (692530697)|DUPLICATE_DETECTION_RULE_INVOCATION|DuplicateRuleId:0Bm1r0000018X88|DuplicateRuleName:Standard Account Duplicate Rule|DmlType:INSERT
12:56:04.692 (702541329)|DUPLICATE_DETECTION_END
12:56:04.692 (702555719)|CODE_UNIT_FINISHED|DuplicateDetector
12:56:04.692 (703646970)|EXECUTION_FINISHED
