36.0 APEX_CODE,FINEST;APEX_PROFILING,INFO;CALLOUT,INFO;DB,INFO;SYSTEM,DEBUG;VALIDATION,INFO;VISUALFORCE,INFO;WAVE,INFO;WORKFLOW,INFO
09:34:03.0 (852126)|USER_INFO|[EXTERNAL]|0051r000007Oz5Q|lydia.abril@gmail.com|hora estándar de Europa central|GMT+02:00
09:34:03.0 (1066639)|EXECUTION_STARTED
09:34:03.0 (1078855)|CODE_UNIT_STARTED|[EXTERNAL]|01p1r000008aN28|PasajeroTest.RellenarContactoTest
09:34:03.0 (2181064)|HEAP_ALLOCATE|[72]|Bytes:3
09:34:03.0 (2270842)|HEAP_ALLOCATE|[77]|Bytes:152
09:34:03.0 (2295914)|HEAP_ALLOCATE|[342]|Bytes:408
09:34:03.0 (2323355)|HEAP_ALLOCATE|[355]|Bytes:408
09:34:03.0 (2348173)|HEAP_ALLOCATE|[467]|Bytes:48
09:34:03.0 (2421595)|HEAP_ALLOCATE|[139]|Bytes:6
09:34:03.0 (2447423)|HEAP_ALLOCATE|[EXTERNAL]|Bytes:143
09:34:03.0 (2497827)|METHOD_ENTRY|[2]|01p1r000008aN28|PasajeroTest.PasajeroTest()
09:34:03.0 (2511606)|STATEMENT_EXECUTE|[2]
09:34:03.0 (2520158)|STATEMENT_EXECUTE|[2]
09:34:03.0 (2545065)|METHOD_EXIT|[2]|PasajeroTest
09:34:03.0 (2598174)|HEAP_ALLOCATE|[50]|Bytes:5
09:34:03.0 (2637096)|HEAP_ALLOCATE|[56]|Bytes:5
09:34:03.0 (2649999)|HEAP_ALLOCATE|[64]|Bytes:7
09:34:03.0 (2698251)|STATEMENT_EXECUTE|[4]
09:34:03.0 (2701926)|STATEMENT_EXECUTE|[6]
09:34:03.0 (2760290)|HEAP_ALLOCATE|[6]|Bytes:4
09:34:03.0 (2867606)|HEAP_ALLOCATE|[6]|Bytes:13
09:34:03.0 (5049203)|VARIABLE_ASSIGNMENT|[6]|this.Name|"CuentaPrueba0"|0x26e4869f
09:34:03.0 (5112298)|VARIABLE_SCOPE_BEGIN|[6]|oAccount|Account|true|false
09:34:03.0 (5292352)|VARIABLE_ASSIGNMENT|[6]|oAccount|{"Name":"CuentaPrueba0"}|0x26e4869f
09:34:03.0 (5302283)|STATEMENT_EXECUTE|[7]
09:34:03.0 (5339429)|HEAP_ALLOCATE|[7]|Bytes:8
09:34:03.0 (5379562)|DML_BEGIN|[7]|Op:Insert|Type:Account|Rows:1
09:34:03.0 (5433116)|HEAP_ALLOCATE|[EXTERNAL]|Bytes:8
09:34:03.0 (46604163)|CODE_UNIT_STARTED|[EXTERNAL]|DuplicateDetector
09:34:03.0 (46665880)|DUPLICATE_DETECTION_BEGIN
09:34:03.0 (47713668)|DUPLICATE_DETECTION_RULE_INVOCATION|DuplicateRuleId:0Bm1r0000018X88|DuplicateRuleName:Standard Account Duplicate Rule|DmlType:INSERT
09:34:03.0 (69434628)|DUPLICATE_DETECTION_MATCH_INVOCATION_DETAILS|EntityType:Account|ActionTaken:Allow_[Alert,Report]|DuplicateRecordIds:
09:34:03.0 (69468363)|DUPLICATE_DETECTION_MATCH_INVOCATION_SUMMARY|EntityType:Account|NumRecordsToBeSaved:1|NumRecordsToBeSavedWithDuplicates:0|NumDuplicateRecordsFound:0
09:34:03.0 (69670784)|DUPLICATE_DETECTION_END
09:34:03.0 (69676912)|CODE_UNIT_FINISHED|DuplicateDetector
09:34:03.0 (98726415)|DML_END|[7]
09:34:03.0 (98763018)|STATEMENT_EXECUTE|[9]
09:34:03.0 (98810001)|HEAP_ALLOCATE|[9]|Bytes:4
09:34:03.0 (98896064)|HEAP_ALLOCATE|[9]|Bytes:15
09:34:03.0 (100836678)|VARIABLE_ASSIGNMENT|[9]|this.LastName|"ContactoPrueba0"|0x3b509dd5
09:34:03.0 (100860426)|HEAP_ALLOCATE|[9]|Bytes:9
09:34:03.0 (100894178)|VARIABLE_ASSIGNMENT|[9]|this.Nif__c|"47898592B"|0x3b509dd5
09:34:03.0 (100954059)|VARIABLE_ASSIGNMENT|[9]|this.AccountId|"0011r00001nohMKAAY"|0x3b509dd5
09:34:03.0 (100998728)|VARIABLE_SCOPE_BEGIN|[9]|oContact|Contact|true|false
09:34:03.0 (101048251)|VARIABLE_ASSIGNMENT|[9]|oContact|{"LastName":"ContactoPrueba0","Nif__c":"47898592B","AccountId":"0011r00001nohMKAAY"}|0x3b509dd5
09:34:03.0 (101066871)|STATEMENT_EXECUTE|[11]
09:34:03.0 (101099423)|HEAP_ALLOCATE|[11]|Bytes:8
09:34:03.0 (101115958)|DML_BEGIN|[11]|Op:Insert|Type:Contact|Rows:1
09:34:03.0 (101167101)|HEAP_ALLOCATE|[EXTERNAL]|Bytes:8
09:34:03.0 (115967238)|CODE_UNIT_STARTED|[EXTERNAL]|01q1r000000j4Bx|ContactTrigger on Contact trigger event BeforeInsert
09:34:03.0 (116018159)|HEAP_ALLOCATE|[EXTERNAL]|Bytes:8
09:34:03.0 (116222338)|HEAP_ALLOCATE|[EXTERNAL]|Bytes:8
09:34:03.0 (116241596)|VARIABLE_SCOPE_BEGIN|[1]|this|ContactTrigger|true|false
09:34:03.0 (116351880)|VARIABLE_ASSIGNMENT|[1]|this|{}|0x49f27528
09:34:03.0 (116429743)|HEAP_ALLOCATE|[EXTERNAL]|Bytes:8
09:34:03.0 (116439410)|VARIABLE_SCOPE_BEGIN|[1]|this|ContactTrigger|true|false
09:34:03.0 (116455561)|VARIABLE_ASSIGNMENT|[1]|this|{}|0x49f27528
09:34:03.0 (116474523)|STATEMENT_EXECUTE|[1]
09:34:03.0 (116478957)|STATEMENT_EXECUTE|[3]
09:34:03.0 (117141831)|VARIABLE_ASSIGNMENT|[3]|this.listNew|[{"IsDeleted":false,"AccountId":"0011r00001nohMKAAY","IsEmailBounced":false,"CleanStatus":"Pending","DoNotCall":false,"OwnerId":"0051r000007Oz5QAAS","Premium__c":false,"HasOptedOutOfEmail":false,"HasOptedOutOfFax":false,"Nif__c":"47898592B","LastName":"ContactoPrueba0"}]|0x49f27528
09:34:03.0 (117168428)|STATEMENT_EXECUTE|[5]
09:34:03.0 (117174794)|STATEMENT_EXECUTE|[6]
09:34:03.0 (117176621)|STATEMENT_EXECUTE|[7]
09:34:03.0 (119291439)|HEAP_ALLOCATE|[7]|Bytes:1
09:34:03.0 (119345688)|METHOD_ENTRY|[1]|01p1r000008aKc5|ContactMethods.ContactMethods()
09:34:03.0 (119354127)|STATEMENT_EXECUTE|[1]
09:34:03.0 (119360772)|STATEMENT_EXECUTE|[1]
09:34:03.0 (119708388)|SYSTEM_MODE_ENTER|false
09:34:03.0 (119722842)|HEAP_ALLOCATE|[7]|Bytes:5
09:34:03.0 (119731072)|SYSTEM_MODE_EXIT|false
09:34:03.0 (119742492)|METHOD_EXIT|[1]|ContactMethods
09:34:03.0 (119799807)|METHOD_ENTRY|[7]|01p1r000008aKc5|ContactMethods.ValidarNif(List<Contact>)
09:34:03.0 (119850528)|VARIABLE_SCOPE_BEGIN|[3]|listNew|List<Contact>|true|false
09:34:03.0 (120174703)|VARIABLE_ASSIGNMENT|[3]|listNew|[{"IsDeleted":false,"AccountId":"0011r00001nohMKAAY","IsEmailBounced":false,"CleanStatus":"Pending","DoNotCall":false,"OwnerId":"0051r000007Oz5QAAS","Premium__c":false,"HasOptedOutOfEmail":false,"HasOptedOutOfFax":false,"Nif__c":"47898592B","LastName":"ContactoPrueba0"}]|0x3b00235d
09:34:03.0 (120208074)|SYSTEM_MODE_ENTER|false
09:34:03.0 (120217764)|HEAP_ALLOCATE|[5]|Bytes:5
09:34:03.0 (120226340)|STATEMENT_EXECUTE|[3]
09:34:03.0 (120412378)|STATEMENT_EXECUTE|[5]
09:34:03.0 (120619994)|HEAP_ALLOCATE|[7]|Bytes:5
09:34:03.0 (120654294)|HEAP_ALLOCATE|[7]|Bytes:4
09:34:03.0 (120668777)|VARIABLE_SCOPE_BEGIN|[7]|inContact|Contact|true|false
09:34:03.0 (121815331)|VARIABLE_ASSIGNMENT|[7]|inContact|{"IsDeleted":false,"AccountId":"0011r00001nohMKAAY","IsEmailBounced":false,"CleanStatus":"Pending","DoNotCall":false,"OwnerId":"0051r000007Oz5QAAS","Premium__c":false,"HasOptedOutOfEmail":false,"HasOptedOutOfFax":false,"Nif__c":"47898592B","LastName":"ContactoPrueba0"}|0x6b299717
09:34:03.0 (121836075)|STATEMENT_EXECUTE|[7]
09:34:03.0 (124320027)|HEAP_ALLOCATE|[8]|Bytes:1
09:34:03.0 (124338842)|HEAP_ALLOCATE|[8]|Bytes:7
09:34:03.0 (124361513)|METHOD_ENTRY|[1]|01p1r000009oduV|Utils.Utils()
09:34:03.0 (124372566)|STATEMENT_EXECUTE|[1]
09:34:03.0 (124382029)|STATEMENT_EXECUTE|[1]
09:34:03.0 (124391647)|HEAP_ALLOCATE|[8]|Bytes:5
09:34:03.0 (124411033)|METHOD_EXIT|[1]|Utils
09:34:03.0 (124446164)|METHOD_ENTRY|[8]|01p1r000009oduV|Utils.isNifNie(String)
09:34:03.0 (124488424)|VARIABLE_SCOPE_BEGIN|[3]|nif|String|false|false
09:34:03.0 (124511089)|VARIABLE_ASSIGNMENT|[3]|nif|"47898592B"
09:34:03.0 (124536856)|HEAP_ALLOCATE|[5]|Bytes:5
09:34:03.0 (124545414)|STATEMENT_EXECUTE|[3]
09:34:03.0 (124548311)|STATEMENT_EXECUTE|[5]
09:34:03.0 (124553262)|HEAP_ALLOCATE|[5]|Bytes:4
09:34:03.0 (124579810)|HEAP_ALLOCATE|[5]|Bytes:13
09:34:03.0 (124661068)|USER_DEBUG|[5]|DEBUG|NIF 47898592B
09:34:03.0 (124743017)|HEAP_ALLOCATE|[7]|Bytes:9
09:34:03.0 (124763613)|HEAP_ALLOCATE|[7]|Bytes:1
09:34:03.0 (124801855)|HEAP_ALLOCATE|[7]|Bytes:9
09:34:03.0 (124817380)|HEAP_ALLOCATE|[7]|Bytes:1
09:34:03.0 (124848212)|HEAP_ALLOCATE|[7]|Bytes:9
09:34:03.0 (124862850)|HEAP_ALLOCATE|[7]|Bytes:1
09:34:03.0 (124886278)|STATEMENT_EXECUTE|[7]
09:34:03.0 (124889613)|STATEMENT_EXECUTE|[11]
09:34:03.0 (124893377)|HEAP_ALLOCATE|[11]|Bytes:59
09:34:03.0 (124954509)|HEAP_ALLOCATE|[11]|Bytes:24
09:34:03.0 (124968894)|SYSTEM_METHOD_ENTRY|[1]|Pattern.Pattern()
09:34:03.0 (124975804)|STATEMENT_EXECUTE|[1]
09:34:03.0 (124985278)|SYSTEM_METHOD_EXIT|[1]|Pattern
09:34:03.0 (124999888)|METHOD_ENTRY|[11]||System.Pattern.compile(String)
09:34:03.0 (125273504)|METHOD_EXIT|[11]||System.Pattern.compile(String)
09:34:03.0 (125286354)|VARIABLE_SCOPE_BEGIN|[11]|nifPattern|System.Pattern|true|false
09:34:03.0 (125343622)|VARIABLE_ASSIGNMENT|[11]|nifPattern|{"delegate":"0x8319371"}|0x5b275026
09:34:03.0 (125356660)|STATEMENT_EXECUTE|[12]
09:34:03.0 (125368753)|METHOD_ENTRY|[12]||System.Pattern.matcher(String)
09:34:03.0 (125616765)|METHOD_EXIT|[12]||System.Pattern.matcher(String)
09:34:03.0 (125628978)|VARIABLE_SCOPE_BEGIN|[12]|m|System.Matcher|true|false
09:34:03.0 (125657895)|VARIABLE_ASSIGNMENT|[12]|m|{"delegate":"0x711bfdf5"}|0x50e53b83
09:34:03.0 (125680388)|METHOD_ENTRY|[13]||System.Matcher.matches()
09:34:03.0 (125779863)|METHOD_EXIT|[13]||System.Matcher.matches()
09:34:03.0 (125793731)|STATEMENT_EXECUTE|[13]
09:34:03.0 (125797209)|STATEMENT_EXECUTE|[14]
09:34:03.0 (125809518)|METHOD_ENTRY|[14]||System.Matcher.group(Integer)
09:34:03.0 (125897735)|METHOD_EXIT|[14]||System.Matcher.group(Integer)
09:34:03.0 (125905926)|VARIABLE_SCOPE_BEGIN|[14]|letra|String|false|false
09:34:03.0 (125920959)|VARIABLE_ASSIGNMENT|[14]|letra|"B"
09:34:03.0 (125929448)|STATEMENT_EXECUTE|[16]
09:34:03.0 (125934655)|HEAP_ALLOCATE|[16]|Bytes:23
09:34:03.0 (125941941)|VARIABLE_SCOPE_BEGIN|[16]|letras|String|false|false
09:34:03.0 (125958515)|VARIABLE_ASSIGNMENT|[16]|letras|"TRWAGMYFPDXBNJZSQVHL (3 more) ..."
09:34:03.0 (125966012)|STATEMENT_EXECUTE|[17]
09:34:03.0 (125976054)|METHOD_ENTRY|[17]||System.Matcher.group(Integer)
09:34:03.0 (126025522)|METHOD_EXIT|[17]||System.Matcher.group(Integer)
09:34:03.0 (126062158)|VARIABLE_SCOPE_BEGIN|[17]|dni|Integer|false|false
09:34:03.0 (126075305)|HEAP_ALLOCATE|[17]|Bytes:4
09:34:03.0 (126088553)|VARIABLE_ASSIGNMENT|[17]|dni|47898592
09:34:03.0 (126093870)|STATEMENT_EXECUTE|[18]
09:34:03.0 (126125873)|VARIABLE_SCOPE_BEGIN|[2]|Math.E|Double|false|true
09:34:03.0 (126134235)|VARIABLE_SCOPE_BEGIN|[3]|Math.PI|Double|false|true
09:34:03.0 (126146821)|HEAP_ALLOCATE|[18]|Bytes:206
09:34:03.0 (126157439)|SYSTEM_METHOD_ENTRY|[1]|Math.Math()
09:34:03.0 (126162081)|STATEMENT_EXECUTE|[1]
09:34:03.0 (126214917)|SYSTEM_METHOD_EXIT|[1]|Math
09:34:03.0 (126226458)|METHOD_ENTRY|[18]||System.Math.mod(Integer, Integer)
09:34:03.0 (126301735)|METHOD_EXIT|[18]||System.Math.mod(Integer, Integer)
09:34:03.0 (126311277)|HEAP_ALLOCATE|[18]|Bytes:4
09:34:03.0 (126321139)|VARIABLE_ASSIGNMENT|[18]|dni|11
09:34:03.0 (126329016)|STATEMENT_EXECUTE|[20]
09:34:03.0 (126367531)|HEAP_ALLOCATE|[20]|Bytes:1
09:34:03.0 (126384717)|VARIABLE_SCOPE_BEGIN|[20]|reference|String|false|false
09:34:03.0 (126402048)|VARIABLE_ASSIGNMENT|[20]|reference|"B"
09:34:03.0 (126443629)|STATEMENT_EXECUTE|[22]
09:34:03.0 (126446890)|STATEMENT_EXECUTE|[23]
09:34:03.0 (126451091)|HEAP_ALLOCATE|[23]|Bytes:21
09:34:03.0 (126458426)|HEAP_ALLOCATE|[23]|Bytes:1
09:34:03.0 (126474001)|HEAP_ALLOCATE|[23]|Bytes:24
09:34:03.0 (126525830)|USER_DEBUG|[23]|DEBUG|son iguales. Es NIF. B B
09:34:03.0 (126540082)|STATEMENT_EXECUTE|[24]
09:34:03.0 (126546857)|HEAP_ALLOCATE|[24]|Bytes:5
09:34:03.0 (126560438)|METHOD_EXIT|[8]|01p1r000009oduV|Utils.isNifNie(String)
09:34:03.0 (126570624)|STATEMENT_EXECUTE|[8]
09:34:03.0 (126586852)|HEAP_ALLOCATE|[7]|Bytes:5
09:34:03.0 (126606492)|VARIABLE_ASSIGNMENT|[7]|inContact|null|
09:34:03.0 (126618328)|SYSTEM_MODE_EXIT|false
09:34:03.0 (126633222)|METHOD_EXIT|[7]|01p1r000008aKc5|ContactMethods.ValidarNif(List<Contact>)
09:34:03.126 (126647630)|CUMULATIVE_LIMIT_USAGE
09:34:03.126 (126647630)|LIMIT_USAGE_FOR_NS|(default)|
  Number of SOQL queries: 0 out of 100
  Number of query rows: 0 out of 50000
  Number of SOSL queries: 0 out of 20
  Number of DML statements: 2 out of 150
  Number of DML rows: 2 out of 10000
  Maximum CPU time: 0 out of 10000
  Maximum heap size: 0 out of 6000000
  Number of callouts: 0 out of 100
  Number of Email Invocations: 0 out of 10
  Number of future calls: 0 out of 50
  Number of queueable jobs added to the queue: 0 out of 50
  Number of Mobile Apex push calls: 0 out of 10

09:34:03.126 (126647630)|CUMULATIVE_LIMIT_USAGE_END

09:34:03.0 (127979476)|CODE_UNIT_FINISHED|ContactTrigger on Contact trigger event BeforeInsert
09:34:03.0 (132431918)|CODE_UNIT_STARTED|[EXTERNAL]|DuplicateDetector
09:34:03.0 (132456767)|DUPLICATE_DETECTION_BEGIN
09:34:03.0 (132520379)|DUPLICATE_DETECTION_RULE_INVOCATION|DuplicateRuleId:0Bm1r0000018X89|DuplicateRuleName:Standard Contact Duplicate Rule|DmlType:INSERT
09:34:03.0 (235627079)|DUPLICATE_DETECTION_MATCH_INVOCATION_DETAILS|EntityType:Contact|ActionTaken:Allow_[Alert,Report]|DuplicateRecordIds:
09:34:03.0 (235651038)|DUPLICATE_DETECTION_MATCH_INVOCATION_SUMMARY|EntityType:Contact|NumRecordsToBeSaved:1|NumRecordsToBeSavedWithDuplicates:0|NumDuplicateRecordsFound:0
09:34:03.0 (235665672)|DUPLICATE_DETECTION_MATCH_INVOCATION_DETAILS|EntityType:Contact|ActionTaken:Allow_[Alert,Report]|DuplicateRecordIds:
09:34:03.0 (235671930)|DUPLICATE_DETECTION_MATCH_INVOCATION_SUMMARY|EntityType:Contact|NumRecordsToBeSaved:1|NumRecordsToBeSavedWithDuplicates:0|NumDuplicateRecordsFound:0
09:34:03.0 (235816547)|DUPLICATE_DETECTION_END
09:34:03.0 (235826182)|CODE_UNIT_FINISHED|DuplicateDetector
09:34:03.0 (252555863)|DML_END|[11]
09:34:03.0 (252606319)|STATEMENT_EXECUTE|[13]
09:34:03.0 (252700811)|HEAP_ALLOCATE|[13]|Bytes:4
09:34:03.0 (252818909)|HEAP_ALLOCATE|[13]|Bytes:14
09:34:03.0 (254643962)|VARIABLE_ASSIGNMENT|[13]|this.Name|"ReservaPrueba0"|0x7efd63a7
09:34:03.0 (254666450)|HEAP_ALLOCATE|[14]|Bytes:6
09:34:03.0 (254717236)|VARIABLE_ASSIGNMENT|[13]|this.Origen__c|"Madrid"|0x7efd63a7
09:34:03.0 (254730436)|HEAP_ALLOCATE|[15]|Bytes:4
09:34:03.0 (254752414)|VARIABLE_ASSIGNMENT|[13]|this.Destino__c|"Roma"|0x7efd63a7
09:34:03.0 (254762271)|HEAP_ALLOCATE|[16]|Bytes:7
09:34:03.0 (254782894)|VARIABLE_ASSIGNMENT|[13]|this.Case__c|"Turista"|0x7efd63a7
09:34:03.0 (254861325)|VARIABLE_ASSIGNMENT|[13]|this.Contacto__c|"0031r0000262LphAAE"|0x7efd63a7
09:34:03.0 (254935352)|HEAP_ALLOCATE|[18]|Bytes:4
09:34:03.0 (255016049)|HEAP_ALLOCATE|[18]|Bytes:56
09:34:03.0 (255077429)|VARIABLE_ASSIGNMENT|[13]|this.Fecha_Salida__c|"2019-01-10T23:00:00.000Z"|0x7efd63a7
09:34:03.0 (255089433)|HEAP_ALLOCATE|[19]|Bytes:4
09:34:03.0 (255112323)|VARIABLE_ASSIGNMENT|[13]|this.Observaciones__c|"Nada"|0x7efd63a7
09:34:03.0 (255152859)|VARIABLE_SCOPE_BEGIN|[13]|oReserva|Reserva_Vuelo__c|true|false
09:34:03.0 (255194616)|VARIABLE_ASSIGNMENT|[13]|oReserva|{"Name":"ReservaPrueba0","Origen__c":"Madrid","Destino__c":"Roma","Case__c":"Turista","Contacto__c":"0031r0000262LphAAE","Fecha_Salida__c":"2019-01-10T23:00:00.000Z","Observaciones__c":"Nada"}|0x7efd63a7
09:34:03.0 (255211240)|STATEMENT_EXECUTE|[21]
09:34:03.0 (255239783)|HEAP_ALLOCATE|[21]|Bytes:8
09:34:03.0 (255256820)|DML_BEGIN|[21]|Op:Insert|Type:Reserva_Vuelo__c|Rows:1
09:34:03.0 (255308116)|HEAP_ALLOCATE|[EXTERNAL]|Bytes:8
09:34:03.0 (263934572)|CODE_UNIT_STARTED|[EXTERNAL]|01q1r000000isRT|ReservaVueloTrigger on Reserva_Vuelo trigger event BeforeInsert
09:34:03.0 (263981426)|HEAP_ALLOCATE|[EXTERNAL]|Bytes:8
09:34:03.0 (264140133)|HEAP_ALLOCATE|[EXTERNAL]|Bytes:12
09:34:03.0 (264154855)|VARIABLE_SCOPE_BEGIN|[1]|this|ReservaVueloTrigger|true|false
09:34:03.0 (264211195)|VARIABLE_ASSIGNMENT|[1]|this|{}|0x3b35a0c3
09:34:03.0 (264271008)|HEAP_ALLOCATE|[EXTERNAL]|Bytes:12
09:34:03.0 (264279788)|VARIABLE_SCOPE_BEGIN|[1]|this|ReservaVueloTrigger|true|false
09:34:03.0 (264293834)|VARIABLE_ASSIGNMENT|[1]|this|{}|0x3b35a0c3
09:34:03.0 (264307406)|STATEMENT_EXECUTE|[1]
09:34:03.0 (264310248)|STATEMENT_EXECUTE|[4]
09:34:03.0 (264602100)|VARIABLE_ASSIGNMENT|[4]|this.listNew|[{"Contacto__c":"0031r0000262LphAAE","Origen__c":"Madrid","Destino__c":"Roma","IsDeleted":false,"Fecha_Salida__c":"2019-01-10T23:00:00.000Z","OwnerId":"0051r000007Oz5QAAS","Observaciones__c":"Nada","Case__c":"Turista","Modificado__c":false,"Name":"ReservaPrueba0"}]|0x3b35a0c3
09:34:03.0 (264615734)|STATEMENT_EXECUTE|[7]
09:34:03.0 (264633531)|VARIABLE_ASSIGNMENT|[7]|this.mapOld|null|0x3b35a0c3
09:34:03.0 (264642709)|STATEMENT_EXECUTE|[10]
09:34:03.0 (264648561)|STATEMENT_EXECUTE|[11]
09:34:03.0 (264650457)|STATEMENT_EXECUTE|[12]
09:34:03.0 (266921381)|HEAP_ALLOCATE|[12]|Bytes:4
09:34:03.0 (266952375)|METHOD_ENTRY|[1]|01p1r000007Yidp|ReservaVueloMethods.ReservaVueloMethods()
09:34:03.0 (266965851)|STATEMENT_EXECUTE|[1]
09:34:03.0 (266975312)|STATEMENT_EXECUTE|[1]
09:34:03.0 (267448970)|SYSTEM_MODE_ENTER|false
09:34:03.0 (267472858)|HEAP_ALLOCATE|[12]|Bytes:5
09:34:03.0 (267482812)|SYSTEM_MODE_EXIT|false
09:34:03.0 (267495493)|METHOD_EXIT|[1]|ReservaVueloMethods
09:34:03.0 (267531512)|METHOD_ENTRY|[12]|01p1r000007Yidp|ReservaVueloMethods.RellenarCuenta(List<Reserva_Vuelo__c>)
09:34:03.0 (267592359)|VARIABLE_SCOPE_BEGIN|[4]|listReservas|List<Reserva_Vuelo__c>|true|false
09:34:03.0 (267919295)|VARIABLE_ASSIGNMENT|[4]|listReservas|[{"Contacto__c":"0031r0000262LphAAE","Origen__c":"Madrid","Destino__c":"Roma","IsDeleted":false,"Fecha_Salida__c":"2019-01-10T23:00:00.000Z","OwnerId":"0051r000007Oz5QAAS","Observaciones__c":"Nada","Case__c":"Turista","Modificado__c":false,"Name":"ReservaPrueba0"}]|0x6e59918d
09:34:03.0 (267958332)|SYSTEM_MODE_ENTER|false
09:34:03.0 (267967482)|HEAP_ALLOCATE|[6]|Bytes:5
09:34:03.0 (267975681)|STATEMENT_EXECUTE|[4]
09:34:03.0 (268051241)|STATEMENT_EXECUTE|[6]
09:34:03.0 (268054864)|STATEMENT_EXECUTE|[9]
09:34:03.0 (268068961)|HEAP_ALLOCATE|[9]|Bytes:4
09:34:03.0 (268099582)|VARIABLE_SCOPE_BEGIN|[9]|listContactosIds|Set<String>|true|false
09:34:03.0 (268124309)|VARIABLE_ASSIGNMENT|[9]|listContactosIds|[]|0x4e8d0952
09:34:03.0 (268214117)|HEAP_ALLOCATE|[10]|Bytes:5
09:34:03.0 (268233195)|HEAP_ALLOCATE|[10]|Bytes:4
09:34:03.0 (268241880)|VARIABLE_SCOPE_BEGIN|[10]|inReserva|Reserva_Vuelo__c|true|false
09:34:03.0 (268441419)|VARIABLE_ASSIGNMENT|[10]|inReserva|{"Contacto__c":"0031r0000262LphAAE","Origen__c":"Madrid","Destino__c":"Roma","IsDeleted":false,"Fecha_Salida__c":"2019-01-10T23:00:00.000Z","OwnerId":"0051r000007Oz5QAAS","Observaciones__c":"Nada","Case__c":"Turista","Modificado__c":false,"Name":"ReservaPrueba0"}|0x23ee891e
09:34:03.0 (268456770)|STATEMENT_EXECUTE|[10]
09:34:03.0 (268459270)|STATEMENT_EXECUTE|[11]
09:34:03.0 (268533223)|HEAP_ALLOCATE|[EXTERNAL]|Bytes:4
09:34:03.0 (268581664)|HEAP_ALLOCATE|[10]|Bytes:5
09:34:03.0 (268602332)|VARIABLE_ASSIGNMENT|[10]|inReserva|null|
09:34:03.0 (268611408)|STATEMENT_EXECUTE|[23]
09:34:03.0 (268667546)|HEAP_ALLOCATE|[23]|Bytes:4
09:34:03.0 (268680223)|HEAP_ALLOCATE|[23]|Bytes:49
09:34:03.0 (268694228)|HEAP_ALLOCATE|[23]|Bytes:4
09:34:03.0 (268705324)|HEAP_ALLOCATE|[23]|Bytes:7
09:34:03.0 (268738529)|HEAP_ALLOCATE|[23]|Bytes:8
09:34:03.0 (268746803)|HEAP_ALLOCATE|[23]|Bytes:8
09:34:03.0 (268906364)|SOQL_EXECUTE_BEGIN|[23]|Aggregations:0|SELECT AccountId FROM Contact WHERE id = :tmpVar1
09:34:03.0 (272801740)|SOQL_EXECUTE_END|[23]|Rows:1
09:34:03.0 (272838401)|HEAP_ALLOCATE|[23]|Bytes:8
09:34:03.0 (272858292)|HEAP_ALLOCATE|[23]|Bytes:60
09:34:03.0 (272900773)|HEAP_ALLOCATE|[23]|Bytes:8
09:34:03.0 (272983025)|HEAP_ALLOCATE|[23]|Bytes:12
09:34:03.0 (272995536)|HEAP_ALLOCATE|[23]|Bytes:18
09:34:03.0 (273010511)|VARIABLE_SCOPE_BEGIN|[23]|contactos|Map<String,Contact>|true|false
09:34:03.0 (273052610)|VARIABLE_ASSIGNMENT|[23]|contactos|{"0031r0000262LphAAE":{"AccountId":"0011r00001nohMKAAY","Id":"0031r0000262LphAAE"}}|0x7e130b02
09:34:03.0 (273142522)|HEAP_ALLOCATE|[26]|Bytes:5
09:34:03.0 (273163282)|HEAP_ALLOCATE|[26]|Bytes:4
09:34:03.0 (273173181)|VARIABLE_SCOPE_BEGIN|[26]|inReserva|Reserva_Vuelo__c|true|false
09:34:03.0 (273402429)|VARIABLE_ASSIGNMENT|[26]|inReserva|{"Contacto__c":"0031r0000262LphAAE","Origen__c":"Madrid","Destino__c":"Roma","IsDeleted":false,"Fecha_Salida__c":"2019-01-10T23:00:00.000Z","OwnerId":"0051r000007Oz5QAAS","Observaciones__c":"Nada","Case__c":"Turista","Modificado__c":false,"Name":"ReservaPrueba0"}|0x23ee891e
09:34:03.0 (273424418)|STATEMENT_EXECUTE|[26]
09:34:03.0 (273427915)|STATEMENT_EXECUTE|[27]
09:34:03.0 (273745871)|VARIABLE_ASSIGNMENT|[27]|this.Cuenta__c|"0011r00001nohMKAAY"|0x23ee891e
09:34:03.0 (273772657)|HEAP_ALLOCATE|[26]|Bytes:5
09:34:03.0 (273792111)|VARIABLE_ASSIGNMENT|[26]|inReserva|null|
09:34:03.0 (273805750)|SYSTEM_MODE_EXIT|false
09:34:03.0 (273824836)|METHOD_EXIT|[12]|01p1r000007Yidp|ReservaVueloMethods.RellenarCuenta(List<Reserva_Vuelo__c>)
09:34:03.0 (273850660)|STATEMENT_EXECUTE|[14]
09:34:03.273 (273864424)|CUMULATIVE_LIMIT_USAGE
09:34:03.273 (273864424)|LIMIT_USAGE_FOR_NS|(default)|
  Number of SOQL queries: 1 out of 100
  Number of query rows: 1 out of 50000
  Number of SOSL queries: 0 out of 20
  Number of DML statements: 3 out of 150
  Number of DML rows: 3 out of 10000
  Maximum CPU time: 0 out of 10000
  Maximum heap size: 0 out of 6000000
  Number of callouts: 0 out of 100
  Number of Email Invocations: 0 out of 10
  Number of future calls: 0 out of 50
  Number of queueable jobs added to the queue: 0 out of 50
  Number of Mobile Apex push calls: 0 out of 10

09:34:03.273 (273864424)|CUMULATIVE_LIMIT_USAGE_END

09:34:03.0 (275284082)|CODE_UNIT_FINISHED|ReservaVueloTrigger on Reserva_Vuelo trigger event BeforeInsert
09:34:03.0 (277959718)|CODE_UNIT_STARTED|[EXTERNAL]|Validation:Reserva_Vuelo:new
09:34:03.0 (277977822)|VALIDATION_RULE|03d1r0000006A1e|DiferentesCampos
09:34:03.0 (278478556)|VALIDATION_FORMULA|TEXT(Origen__c)  =  TEXT(Destino__c)|Destino__c=Roma , Origen__c=Madrid
09:34:03.0 (278489304)|VALIDATION_PASS
09:34:03.0 (278491767)|VALIDATION_RULE|03d1r0000006A1Z|Fecha_de_salida
09:34:03.0 (278574336)|VALIDATION_FORMULA|Fecha_Salida__c  <   NOW()|Fecha_Salida__c=2019-01-10 23:00:00
09:34:03.0 (278581015)|VALIDATION_PASS
09:34:03.0 (278614731)|CODE_UNIT_FINISHED|Validation:Reserva_Vuelo:new
09:34:03.0 (296064541)|DML_END|[21]
09:34:03.0 (296096960)|STATEMENT_EXECUTE|[23]
09:34:03.0 (296175301)|HEAP_ALLOCATE|[23]|Bytes:4
09:34:03.0 (296298763)|HEAP_ALLOCATE|[23]|Bytes:9
09:34:03.0 (298128411)|VARIABLE_ASSIGNMENT|[23]|this.Name|"Pasajero0"|0x7393f371
09:34:03.0 (298208168)|VARIABLE_ASSIGNMENT|[23]|this.Reserva__c|"a001r00000oUbbnAAC"|0x7393f371
09:34:03.0 (298231461)|VARIABLE_ASSIGNMENT|[23]|this.Nif__c|"47898592B"|0x7393f371
09:34:03.0 (298267761)|HEAP_ALLOCATE|[23]|Bytes:28
09:34:03.0 (298299333)|VARIABLE_ASSIGNMENT|[23]|this.Edad__c|59|0x7393f371
09:34:03.0 (298329441)|VARIABLE_SCOPE_BEGIN|[23]|oPasajero|Pasajero__c|true|false
09:34:03.0 (298356542)|VARIABLE_ASSIGNMENT|[23]|oPasajero|{"Name":"Pasajero0","Reserva__c":"a001r00000oUbbnAAC","Nif__c":"47898592B","Edad__c":59}|0x7393f371
09:34:03.0 (298371415)|STATEMENT_EXECUTE|[27]
09:34:03.0 (298407840)|HEAP_ALLOCATE|[27]|Bytes:8
09:34:03.0 (298424618)|DML_BEGIN|[27]|Op:Insert|Type:Pasajero__c|Rows:1
09:34:03.0 (298481235)|HEAP_ALLOCATE|[EXTERNAL]|Bytes:8
09:34:03.0 (303782196)|CODE_UNIT_STARTED|[EXTERNAL]|01q1r000000j3dJ|PasajeroTrigger on Pasajero trigger event BeforeInsert
09:34:03.0 (303841191)|HEAP_ALLOCATE|[EXTERNAL]|Bytes:8
09:34:03.0 (303988355)|HEAP_ALLOCATE|[EXTERNAL]|Bytes:8
09:34:03.0 (304009121)|VARIABLE_SCOPE_BEGIN|[1]|this|PasajeroTrigger|true|false
09:34:03.0 (304073445)|VARIABLE_ASSIGNMENT|[1]|this|{}|0x7cd0d7b5
09:34:03.0 (304139452)|HEAP_ALLOCATE|[EXTERNAL]|Bytes:8
09:34:03.0 (304153131)|VARIABLE_SCOPE_BEGIN|[1]|this|PasajeroTrigger|true|false
09:34:03.0 (304175781)|VARIABLE_ASSIGNMENT|[1]|this|{}|0x7cd0d7b5
09:34:03.0 (304191072)|STATEMENT_EXECUTE|[1]
09:34:03.0 (304194984)|STATEMENT_EXECUTE|[4]
09:34:03.0 (324012994)|VARIABLE_ASSIGNMENT|[4]|this.listNew|[{"IsDeleted":false,"Edad__c":59,"Nif__c":"47898592B","Reserva__c":"a001r00000oUbbnAAC","Name":"Pasajero0"}]|0x7cd0d7b5
09:34:03.0 (324056985)|STATEMENT_EXECUTE|[7]
09:34:03.0 (324067548)|STATEMENT_EXECUTE|[8]
09:34:03.0 (324070599)|STATEMENT_EXECUTE|[9]
09:34:03.0 (327418659)|HEAP_ALLOCATE|[9]|Bytes:4
09:34:03.0 (327463701)|METHOD_ENTRY|[1]|01p1r000008Zry1|PasajeroMethods.PasajeroMethods()
09:34:03.0 (327477627)|STATEMENT_EXECUTE|[1]
09:34:03.0 (327487899)|STATEMENT_EXECUTE|[1]
09:34:03.0 (327972617)|SYSTEM_MODE_ENTER|false
09:34:03.0 (327990041)|HEAP_ALLOCATE|[9]|Bytes:5
09:34:03.0 (328002059)|SYSTEM_MODE_EXIT|false
09:34:03.0 (328019171)|METHOD_EXIT|[1]|PasajeroMethods
09:34:03.0 (328072403)|METHOD_ENTRY|[9]|01p1r000008Zry1|PasajeroMethods.ValidarNif(List<Pasajero__c>)
09:34:03.0 (328140352)|VARIABLE_SCOPE_BEGIN|[32]|listNew|List<Pasajero__c>|true|false
09:34:03.0 (328394360)|VARIABLE_ASSIGNMENT|[32]|listNew|[{"IsDeleted":false,"Edad__c":59,"Nif__c":"47898592B","Reserva__c":"a001r00000oUbbnAAC","Name":"Pasajero0"}]|0x196ec54a
09:34:03.0 (328432872)|SYSTEM_MODE_ENTER|false
09:34:03.0 (328442866)|HEAP_ALLOCATE|[34]|Bytes:5
09:34:03.0 (328455139)|STATEMENT_EXECUTE|[32]
09:34:03.0 (328574205)|STATEMENT_EXECUTE|[34]
09:34:03.0 (328746080)|HEAP_ALLOCATE|[36]|Bytes:5
09:34:03.0 (328772379)|HEAP_ALLOCATE|[36]|Bytes:4
09:34:03.0 (328787721)|VARIABLE_SCOPE_BEGIN|[36]|inPasajero|Pasajero__c|true|false
09:34:03.0 (329000348)|VARIABLE_ASSIGNMENT|[36]|inPasajero|{"IsDeleted":false,"Edad__c":59,"Nif__c":"47898592B","Reserva__c":"a001r00000oUbbnAAC","Name":"Pasajero0"}|0x49a370ef
09:34:03.0 (329016857)|STATEMENT_EXECUTE|[36]
09:34:03.0 (329052770)|METHOD_ENTRY|[37]|01p1r000009oduV|Utils.isNifNie(String)
09:34:03.0 (329079582)|VARIABLE_SCOPE_BEGIN|[3]|nif|String|false|false
09:34:03.0 (329097273)|VARIABLE_ASSIGNMENT|[3]|nif|"47898592B"
09:34:03.0 (329120863)|HEAP_ALLOCATE|[5]|Bytes:5
09:34:03.0 (329129975)|STATEMENT_EXECUTE|[3]
09:34:03.0 (329133052)|STATEMENT_EXECUTE|[5]
09:34:03.0 (329143668)|HEAP_ALLOCATE|[5]|Bytes:13
09:34:03.0 (329164029)|USER_DEBUG|[5]|DEBUG|NIF 47898592B
09:34:03.0 (329203035)|HEAP_ALLOCATE|[7]|Bytes:9
09:34:03.0 (329243301)|HEAP_ALLOCATE|[7]|Bytes:9
09:34:03.0 (329278901)|HEAP_ALLOCATE|[7]|Bytes:9
09:34:03.0 (329316271)|STATEMENT_EXECUTE|[7]
09:34:03.0 (329319539)|STATEMENT_EXECUTE|[11]
09:34:03.0 (329331970)|METHOD_ENTRY|[11]||System.Pattern.compile(String)
09:34:03.0 (329428872)|METHOD_EXIT|[11]||System.Pattern.compile(String)
09:34:03.0 (329438715)|VARIABLE_SCOPE_BEGIN|[11]|nifPattern|System.Pattern|true|false
09:34:03.0 (329480570)|VARIABLE_ASSIGNMENT|[11]|nifPattern|{"delegate":"0x8319371"}|0x2608a804
09:34:03.0 (329493779)|STATEMENT_EXECUTE|[12]
09:34:03.0 (329503756)|METHOD_ENTRY|[12]||System.Pattern.matcher(String)
09:34:03.0 (329600579)|METHOD_EXIT|[12]||System.Pattern.matcher(String)
09:34:03.0 (329610034)|VARIABLE_SCOPE_BEGIN|[12]|m|System.Matcher|true|false
09:34:03.0 (329639680)|VARIABLE_ASSIGNMENT|[12]|m|{"delegate":"0xeed907b"}|0x73579f68
09:34:03.0 (329656065)|METHOD_ENTRY|[13]||System.Matcher.matches()
09:34:03.0 (329702566)|METHOD_EXIT|[13]||System.Matcher.matches()
09:34:03.0 (329712860)|STATEMENT_EXECUTE|[13]
09:34:03.0 (329715711)|STATEMENT_EXECUTE|[14]
09:34:03.0 (329724362)|METHOD_ENTRY|[14]||System.Matcher.group(Integer)
09:34:03.0 (329773862)|METHOD_EXIT|[14]||System.Matcher.group(Integer)
09:34:03.0 (329783968)|VARIABLE_SCOPE_BEGIN|[14]|letra|String|false|false
09:34:03.0 (329801268)|VARIABLE_ASSIGNMENT|[14]|letra|"B"
09:34:03.0 (329809784)|STATEMENT_EXECUTE|[16]
09:34:03.0 (329814364)|VARIABLE_SCOPE_BEGIN|[16]|letras|String|false|false
09:34:03.0 (329830256)|VARIABLE_ASSIGNMENT|[16]|letras|"TRWAGMYFPDXBNJZSQVHL (3 more) ..."
09:34:03.0 (329837227)|STATEMENT_EXECUTE|[17]
09:34:03.0 (329845040)|METHOD_ENTRY|[17]||System.Matcher.group(Integer)
09:34:03.0 (329884917)|METHOD_EXIT|[17]||System.Matcher.group(Integer)
09:34:03.0 (329921514)|VARIABLE_SCOPE_BEGIN|[17]|dni|Integer|false|false
09:34:03.0 (329935596)|HEAP_ALLOCATE|[17]|Bytes:4
09:34:03.0 (329948243)|VARIABLE_ASSIGNMENT|[17]|dni|47898592
09:34:03.0 (329955914)|STATEMENT_EXECUTE|[18]
09:34:03.0 (329967376)|METHOD_ENTRY|[18]||System.Math.mod(Integer, Integer)
09:34:03.0 (330011398)|METHOD_EXIT|[18]||System.Math.mod(Integer, Integer)
09:34:03.0 (330021214)|HEAP_ALLOCATE|[18]|Bytes:4
09:34:03.0 (330031521)|VARIABLE_ASSIGNMENT|[18]|dni|11
09:34:03.0 (330039963)|STATEMENT_EXECUTE|[20]
09:34:03.0 (330060375)|HEAP_ALLOCATE|[20]|Bytes:1
09:34:03.0 (330076501)|VARIABLE_SCOPE_BEGIN|[20]|reference|String|false|false
09:34:03.0 (330091869)|VARIABLE_ASSIGNMENT|[20]|reference|"B"
09:34:03.0 (330119551)|STATEMENT_EXECUTE|[22]
09:34:03.0 (330123028)|STATEMENT_EXECUTE|[23]
09:34:03.0 (330132362)|HEAP_ALLOCATE|[23]|Bytes:24
09:34:03.0 (330147782)|USER_DEBUG|[23]|DEBUG|son iguales. Es NIF. B B
09:34:03.0 (330160623)|STATEMENT_EXECUTE|[24]
09:34:03.0 (330165702)|HEAP_ALLOCATE|[24]|Bytes:5
09:34:03.0 (330178206)|METHOD_EXIT|[37]|01p1r000009oduV|Utils.isNifNie(String)
09:34:03.0 (330188768)|STATEMENT_EXECUTE|[37]
09:34:03.0 (330202617)|HEAP_ALLOCATE|[36]|Bytes:5
09:34:03.0 (330221031)|VARIABLE_ASSIGNMENT|[36]|inPasajero|null|
09:34:03.0 (330232471)|SYSTEM_MODE_EXIT|false
09:34:03.0 (330244489)|METHOD_EXIT|[9]|01p1r000008Zry1|PasajeroMethods.ValidarNif(List<Pasajero__c>)
09:34:03.0 (330254669)|STATEMENT_EXECUTE|[10]
09:34:03.0 (330292523)|METHOD_ENTRY|[10]|01p1r000008Zry1|PasajeroMethods.RellenarContacto(List<Pasajero__c>)
09:34:03.0 (330330953)|VARIABLE_SCOPE_BEGIN|[3]|listPasajeros|List<Pasajero__c>|true|false
09:34:03.0 (330501313)|VARIABLE_ASSIGNMENT|[3]|listPasajeros|[{"IsDeleted":false,"Edad__c":59,"Nif__c":"47898592B","Reserva__c":"a001r00000oUbbnAAC","Name":"Pasajero0"}]|0x196ec54a
09:34:03.0 (330525723)|SYSTEM_MODE_ENTER|false
09:34:03.0 (330535332)|HEAP_ALLOCATE|[5]|Bytes:5
09:34:03.0 (330544408)|STATEMENT_EXECUTE|[3]
09:34:03.0 (330579919)|STATEMENT_EXECUTE|[5]
09:34:03.0 (330583430)|STATEMENT_EXECUTE|[8]
09:34:03.0 (330600836)|HEAP_ALLOCATE|[8]|Bytes:4
09:34:03.0 (330634792)|VARIABLE_SCOPE_BEGIN|[8]|listNifs|List<String>|true|false
09:34:03.0 (330671362)|HEAP_ALLOCATE|[EXTERNAL]|Bytes:4
09:34:03.0 (330686352)|VARIABLE_ASSIGNMENT|[8]|listNifs|[]|0x1ddf8219
09:34:03.0 (330733866)|HEAP_ALLOCATE|[10]|Bytes:5
09:34:03.0 (330754805)|HEAP_ALLOCATE|[10]|Bytes:4
09:34:03.0 (330766967)|VARIABLE_SCOPE_BEGIN|[10]|inPasajero|Pasajero__c|true|false
09:34:03.0 (330923519)|VARIABLE_ASSIGNMENT|[10]|inPasajero|{"IsDeleted":false,"Edad__c":59,"Nif__c":"47898592B","Reserva__c":"a001r00000oUbbnAAC","Name":"Pasajero0"}|0x49a370ef
09:34:03.0 (330938770)|STATEMENT_EXECUTE|[10]
09:34:03.0 (330941869)|STATEMENT_EXECUTE|[11]
09:34:03.0 (330990617)|HEAP_ALLOCATE|[EXTERNAL]|Bytes:4
09:34:03.0 (331014505)|HEAP_ALLOCATE|[10]|Bytes:5
09:34:03.0 (331033973)|VARIABLE_ASSIGNMENT|[10]|inPasajero|null|
09:34:03.0 (331044170)|STATEMENT_EXECUTE|[17]
09:34:03.0 (331072963)|HEAP_ALLOCATE|[17]|Bytes:4
09:34:03.0 (331100476)|VARIABLE_SCOPE_BEGIN|[17]|mapContactos|Map<String,Contact>|true|false
09:34:03.0 (331131571)|VARIABLE_ASSIGNMENT|[17]|mapContactos|{}|0x4967465
09:34:03.0 (331144772)|HEAP_ALLOCATE|[19]|Bytes:61
09:34:03.0 (331163200)|HEAP_ALLOCATE|[19]|Bytes:4
09:34:03.0 (331570581)|SOQL_EXECUTE_BEGIN|[19]|Aggregations:0|SELECT Id, Name, Nif__c FROM Contact 
09:34:03.0 (336273290)|SOQL_EXECUTE_END|[19]|Rows:1
09:34:03.0 (336304585)|HEAP_ALLOCATE|[EXTERNAL]|Bytes:8
09:34:03.0 (336469808)|HEAP_ALLOCATE|[19]|Bytes:54
09:34:03.0 (336480513)|HEAP_ALLOCATE|[19]|Bytes:8
09:34:03.0 (336494193)|SYSTEM_METHOD_ENTRY|[7]|QueryLocatorIterator.QueryLocatorIterator()
09:34:03.0 (336501022)|STATEMENT_EXECUTE|[7]
09:34:03.0 (336510683)|SYSTEM_METHOD_EXIT|[7]|QueryLocatorIterator
09:34:03.0 (336518547)|HEAP_ALLOCATE|[19]|Bytes:28
09:34:03.0 (336550498)|HEAP_ALLOCATE|[19]|Bytes:8
09:34:03.0 (336564516)|HEAP_ALLOCATE|[19]|Bytes:8
09:34:03.0 (336568186)|HEAP_ALLOCATE|[19]|Bytes:8
09:34:03.0 (336588927)|VARIABLE_SCOPE_BEGIN|[15]|this|Database.QueryLocatorIterator|true|false
09:34:03.0 (336650949)|VARIABLE_ASSIGNMENT|[15]|this|{}|0x5ad86f9d
09:34:03.0 (336659358)|VARIABLE_SCOPE_BEGIN|[15]|values|List<SObject>|true|false
09:34:03.0 (336683123)|VARIABLE_ASSIGNMENT|[15]|values|[{"Id":"0031r0000262LphAAE","Name":"ContactoPrueba0","Nif__c":"47898592B"}]|0x1592b553
09:34:03.0 (336690136)|VARIABLE_SCOPE_BEGIN|[15]|ql|Database.QueryLocator|true|false
09:34:03.0 (336707149)|VARIABLE_ASSIGNMENT|[15]|ql|{"query":"SELECT Id, Name, Nif (41 more) ..."}|0x7a13b990
09:34:03.0 (336722781)|VARIABLE_SCOPE_BEGIN|[15]|totalNumRecords|Integer|false|false
09:34:03.0 (336732463)|VARIABLE_ASSIGNMENT|[15]|totalNumRecords|1
09:34:03.0 (336736439)|VARIABLE_SCOPE_BEGIN|[15]|queryMoreSize|Integer|false|false
09:34:03.0 (336743695)|VARIABLE_ASSIGNMENT|[15]|queryMoreSize|49998
09:34:03.0 (336796762)|HEAP_ALLOCATE|[19]|Bytes:28
09:34:03.0 (336818797)|METHOD_ENTRY|[19]||Database.QueryLocatorIterator.hasNext()
09:34:03.0 (336883062)|METHOD_EXIT|[19]||Database.QueryLocatorIterator.hasNext()
09:34:03.0 (336896578)|METHOD_ENTRY|[19]||Database.QueryLocatorIterator.next()
09:34:03.0 (336987969)|METHOD_EXIT|[19]||Database.QueryLocatorIterator.next()
09:34:03.0 (337001896)|VARIABLE_SCOPE_BEGIN|[19]|inContact|Contact|true|false
09:34:03.0 (337030326)|VARIABLE_ASSIGNMENT|[19]|inContact|{"Id":"0031r0000262LphAAE","Name":"ContactoPrueba0","Nif__c":"47898592B"}|0x69d155bf
09:34:03.0 (337043133)|STATEMENT_EXECUTE|[19]
09:34:03.0 (337046353)|STATEMENT_EXECUTE|[20]
09:34:03.0 (337131088)|HEAP_ALLOCATE|[EXTERNAL]|Bytes:-4
09:34:03.0 (337144366)|METHOD_ENTRY|[19]||Database.QueryLocatorIterator.hasNext()
09:34:03.0 (337162948)|METHOD_EXIT|[19]||Database.QueryLocatorIterator.hasNext()
09:34:03.0 (337171602)|VARIABLE_ASSIGNMENT|[19]|inContact|null|
09:34:03.0 (337226046)|HEAP_ALLOCATE|[24]|Bytes:5
09:34:03.0 (337243840)|HEAP_ALLOCATE|[24]|Bytes:4
09:34:03.0 (337250863)|VARIABLE_SCOPE_BEGIN|[24]|inPasajero|Pasajero__c|true|false
09:34:03.0 (337440112)|VARIABLE_ASSIGNMENT|[24]|inPasajero|{"IsDeleted":false,"Edad__c":59,"Nif__c":"47898592B","Reserva__c":"a001r00000oUbbnAAC","Name":"Pasajero0"}|0x49a370ef
09:34:03.0 (337450812)|STATEMENT_EXECUTE|[24]
09:34:03.0 (337488523)|STATEMENT_EXECUTE|[25]
09:34:03.0 (337490856)|STATEMENT_EXECUTE|[26]
09:34:03.0 (337659726)|VARIABLE_ASSIGNMENT|[26]|this.Contacto__c|"0031r0000262LphAAE"|0x49a370ef
09:34:03.0 (337685565)|HEAP_ALLOCATE|[24]|Bytes:5
09:34:03.0 (337703169)|VARIABLE_ASSIGNMENT|[24]|inPasajero|null|
09:34:03.0 (337712201)|SYSTEM_MODE_EXIT|false
09:34:03.0 (337724209)|METHOD_EXIT|[10]|01p1r000008Zry1|PasajeroMethods.RellenarContacto(List<Pasajero__c>)
09:34:03.337 (337734559)|CUMULATIVE_LIMIT_USAGE
09:34:03.337 (337734559)|LIMIT_USAGE_FOR_NS|(default)|
  Number of SOQL queries: 2 out of 100
  Number of query rows: 2 out of 50000
  Number of SOSL queries: 0 out of 20
  Number of DML statements: 4 out of 150
  Number of DML rows: 4 out of 10000
  Maximum CPU time: 0 out of 10000
  Maximum heap size: 0 out of 6000000
  Number of callouts: 0 out of 100
  Number of Email Invocations: 0 out of 10
  Number of future calls: 0 out of 50
  Number of queueable jobs added to the queue: 0 out of 50
  Number of Mobile Apex push calls: 0 out of 10

09:34:03.337 (337734559)|CUMULATIVE_LIMIT_USAGE_END

09:34:03.0 (339437762)|CODE_UNIT_FINISHED|PasajeroTrigger on Pasajero trigger event BeforeInsert
09:34:03.0 (357104951)|DML_END|[27]
09:34:03.0 (357138620)|STATEMENT_EXECUTE|[29]
09:34:03.0 (357148153)|HEAP_ALLOCATE|[29]|Bytes:55
09:34:03.0 (357179707)|HEAP_ALLOCATE|[29]|Bytes:4
09:34:03.0 (357538487)|SOQL_EXECUTE_BEGIN|[29]|Aggregations:0|SELECT Contacto__c FROM Pasajero__c WHERE Id = :tmpVar1
09:34:03.0 (360446720)|SOQL_EXECUTE_END|[29]|Rows:1
09:34:03.0 (360480196)|HEAP_ALLOCATE|[29]|Bytes:8
09:34:03.0 (360503190)|HEAP_ALLOCATE|[29]|Bytes:62
09:34:03.0 (360656418)|HEAP_ALLOCATE|[29]|Bytes:8
09:34:03.0 (360678453)|HEAP_ALLOCATE|[29]|Bytes:37
09:34:03.0 (360701025)|HEAP_ALLOCATE|[29]|Bytes:12
09:34:03.0 (360715066)|VARIABLE_SCOPE_BEGIN|[29]|pasajeroCheck|Pasajero__c|true|false
09:34:03.0 (360758087)|VARIABLE_ASSIGNMENT|[29]|pasajeroCheck|{"Contacto__c":"0031r0000262LphAAE","Id":"a021r00000ddm9NAAQ"}|0x17cfa8d0
09:34:03.0 (360771368)|STATEMENT_EXECUTE|[31]
09:34:03.360 (360855610)|CUMULATIVE_LIMIT_USAGE
09:34:03.360 (360855610)|LIMIT_USAGE_FOR_NS|(default)|
  Number of SOQL queries: 3 out of 100
  Number of query rows: 3 out of 50000
  Number of SOSL queries: 0 out of 20
  Number of DML statements: 4 out of 150
  Number of DML rows: 4 out of 10000
  Maximum CPU time: 0 out of 10000
  Maximum heap size: 0 out of 6000000
  Number of callouts: 0 out of 100
  Number of Email Invocations: 0 out of 10
  Number of future calls: 0 out of 50
  Number of queueable jobs added to the queue: 0 out of 50
  Number of Mobile Apex push calls: 0 out of 10

09:34:03.360 (360855610)|CUMULATIVE_LIMIT_USAGE_END

09:34:03.0 (360893293)|CODE_UNIT_FINISHED|PasajeroTest.RellenarContactoTest
09:34:03.0 (361924159)|EXECUTION_FINISHED
09:34:03.434 (434371878)|USER_INFO|[EXTERNAL]|0051r000007Oz5Q|lydia.abril@gmail.com|hora estándar de Europa central|GMT+02:00
09:34:03.434 (434413194)|EXECUTION_STARTED
09:34:03.434 (434418538)|CODE_UNIT_STARTED|[EXTERNAL]|01p1r000008aN28|PasajeroTest.ValidarNifTest
09:34:03.434 (434660242)|HEAP_ALLOCATE|[72]|Bytes:3
09:34:03.434 (434701477)|HEAP_ALLOCATE|[77]|Bytes:152
09:34:03.434 (434719326)|HEAP_ALLOCATE|[342]|Bytes:408
09:34:03.434 (434735096)|HEAP_ALLOCATE|[355]|Bytes:408
09:34:03.434 (434749206)|HEAP_ALLOCATE|[467]|Bytes:48
09:34:03.434 (434775911)|HEAP_ALLOCATE|[139]|Bytes:6
09:34:03.434 (434792380)|HEAP_ALLOCATE|[EXTERNAL]|Bytes:143
09:34:03.434 (434803183)|METHOD_ENTRY|[2]|01p1r000008aN28|PasajeroTest.PasajeroTest()
09:34:03.434 (434811682)|STATEMENT_EXECUTE|[2]
09:34:03.434 (434818797)|STATEMENT_EXECUTE|[2]
09:34:03.434 (434823468)|METHOD_EXIT|[2]|PasajeroTest
09:34:03.434 (434848328)|HEAP_ALLOCATE|[50]|Bytes:5
09:34:03.434 (434871575)|HEAP_ALLOCATE|[56]|Bytes:5
09:34:03.434 (434878739)|HEAP_ALLOCATE|[64]|Bytes:7
09:34:03.434 (434918042)|STATEMENT_EXECUTE|[36]
09:34:03.434 (434920550)|STATEMENT_EXECUTE|[38]
09:34:03.434 (434956263)|HEAP_ALLOCATE|[38]|Bytes:4
09:34:03.434 (434969422)|HEAP_ALLOCATE|[38]|Bytes:13
09:34:03.434 (435021207)|VARIABLE_ASSIGNMENT|[38]|this.Name|"CuentaPrueba0"|0x559034cd
09:34:03.434 (435054630)|VARIABLE_SCOPE_BEGIN|[38]|oAccount|Account|true|false
09:34:03.434 (435079521)|VARIABLE_ASSIGNMENT|[38]|oAccount|{"Name":"CuentaPrueba0"}|0x559034cd
09:34:03.434 (435086116)|STATEMENT_EXECUTE|[39]
09:34:03.434 (435116971)|HEAP_ALLOCATE|[39]|Bytes:8
09:34:03.434 (435129936)|DML_BEGIN|[39]|Op:Insert|Type:Account|Rows:1
09:34:03.434 (435165347)|HEAP_ALLOCATE|[EXTERNAL]|Bytes:8
09:34:03.434 (437030352)|CODE_UNIT_STARTED|[EXTERNAL]|DuplicateDetector
09:34:03.434 (437053899)|DUPLICATE_DETECTION_BEGIN
09:34:03.434 (437119868)|DUPLICATE_DETECTION_RULE_INVOCATION|DuplicateRuleId:0Bm1r0000018X88|DuplicateRuleName:Standard Account Duplicate Rule|DmlType:INSERT
09:34:03.434 (450615230)|DUPLICATE_DETECTION_MATCH_INVOCATION_DETAILS|EntityType:Account|ActionTaken:Allow_[Alert,Report]|DuplicateRecordIds:
09:34:03.434 (450645740)|DUPLICATE_DETECTION_MATCH_INVOCATION_SUMMARY|EntityType:Account|NumRecordsToBeSaved:1|NumRecordsToBeSavedWithDuplicates:0|NumDuplicateRecordsFound:0
09:34:03.434 (450764662)|DUPLICATE_DETECTION_END
09:34:03.434 (450770587)|CODE_UNIT_FINISHED|DuplicateDetector
09:34:03.434 (468245623)|DML_END|[39]
09:34:03.434 (468291825)|STATEMENT_EXECUTE|[41]
09:34:03.434 (468342123)|HEAP_ALLOCATE|[41]|Bytes:4
09:34:03.434 (468387500)|HEAP_ALLOCATE|[41]|Bytes:15
09:34:03.434 (468455510)|VARIABLE_ASSIGNMENT|[41]|this.LastName|"ContactoPrueba0"|0xa2a3f2
09:34:03.434 (468468699)|HEAP_ALLOCATE|[41]|Bytes:9
09:34:03.434 (468495272)|VARIABLE_ASSIGNMENT|[41]|this.Nif__c|"47898592B"|0xa2a3f2
09:34:03.434 (468541148)|VARIABLE_ASSIGNMENT|[41]|this.AccountId|"0011r00001nohMLAAY"|0xa2a3f2
09:34:03.434 (468592853)|VARIABLE_SCOPE_BEGIN|[41]|oContact|Contact|true|false
09:34:03.434 (468628843)|VARIABLE_ASSIGNMENT|[41]|oContact|{"LastName":"ContactoPrueba0","Nif__c":"47898592B","AccountId":"0011r00001nohMLAAY"}|0xa2a3f2
09:34:03.434 (468640839)|STATEMENT_EXECUTE|[42]
09:34:03.434 (468677026)|HEAP_ALLOCATE|[42]|Bytes:8
09:34:03.434 (468692567)|DML_BEGIN|[42]|Op:Insert|Type:Contact|Rows:1
09:34:03.434 (468747175)|HEAP_ALLOCATE|[EXTERNAL]|Bytes:8
09:34:03.434 (472214317)|CODE_UNIT_STARTED|[EXTERNAL]|01q1r000000j4Bx|ContactTrigger on Contact trigger event BeforeInsert
09:34:03.434 (472283776)|HEAP_ALLOCATE|[EXTERNAL]|Bytes:8
09:34:03.434 (472372471)|HEAP_ALLOCATE|[EXTERNAL]|Bytes:8
09:34:03.434 (472390927)|VARIABLE_SCOPE_BEGIN|[1]|this|ContactTrigger|true|false
09:34:03.434 (472440741)|VARIABLE_ASSIGNMENT|[1]|this|{}|0x5b9a86d2
09:34:03.434 (472556949)|HEAP_ALLOCATE|[EXTERNAL]|Bytes:8
09:34:03.434 (472569811)|VARIABLE_SCOPE_BEGIN|[1]|this|ContactTrigger|true|false
09:34:03.434 (472590635)|VARIABLE_ASSIGNMENT|[1]|this|{}|0x5b9a86d2
09:34:03.434 (472606794)|STATEMENT_EXECUTE|[1]
09:34:03.434 (472610968)|STATEMENT_EXECUTE|[3]
09:34:03.434 (473293347)|VARIABLE_ASSIGNMENT|[3]|this.listNew|[{"IsDeleted":false,"AccountId":"0011r00001nohMLAAY","IsEmailBounced":false,"CleanStatus":"Pending","DoNotCall":false,"OwnerId":"0051r000007Oz5QAAS","Premium__c":false,"HasOptedOutOfEmail":false,"HasOptedOutOfFax":false,"Nif__c":"47898592B","LastName":"ContactoPrueba0"}]|0x5b9a86d2
09:34:03.434 (473327276)|STATEMENT_EXECUTE|[5]
09:34:03.434 (473339185)|STATEMENT_EXECUTE|[6]
09:34:03.434 (473341902)|STATEMENT_EXECUTE|[7]
09:34:03.434 (473370835)|HEAP_ALLOCATE|[7]|Bytes:1
09:34:03.434 (473394030)|METHOD_ENTRY|[1]|01p1r000008aKc5|ContactMethods.ContactMethods()
09:34:03.434 (473404351)|STATEMENT_EXECUTE|[1]
09:34:03.434 (473410145)|STATEMENT_EXECUTE|[1]
09:34:03.434 (473886081)|SYSTEM_MODE_ENTER|false
09:34:03.434 (473908875)|HEAP_ALLOCATE|[7]|Bytes:5
09:34:03.434 (473923630)|SYSTEM_MODE_EXIT|false
09:34:03.434 (473941102)|METHOD_EXIT|[1]|ContactMethods
09:34:03.434 (473959625)|METHOD_ENTRY|[7]|01p1r000008aKc5|ContactMethods.ValidarNif(List<Contact>)
09:34:03.434 (473973027)|VARIABLE_SCOPE_BEGIN|[3]|listNew|List<Contact>|true|false
09:34:03.434 (474385191)|VARIABLE_ASSIGNMENT|[3]|listNew|[{"IsDeleted":false,"AccountId":"0011r00001nohMLAAY","IsEmailBounced":false,"CleanStatus":"Pending","DoNotCall":false,"OwnerId":"0051r000007Oz5QAAS","Premium__c":false,"HasOptedOutOfEmail":false,"HasOptedOutOfFax":false,"Nif__c":"47898592B","LastName":"ContactoPrueba0"}]|0x653169a0
09:34:03.434 (474429628)|SYSTEM_MODE_ENTER|false
09:34:03.434 (474440589)|HEAP_ALLOCATE|[5]|Bytes:5
09:34:03.434 (474450889)|STATEMENT_EXECUTE|[3]
09:34:03.434 (474482262)|STATEMENT_EXECUTE|[5]
09:34:03.434 (474522506)|HEAP_ALLOCATE|[7]|Bytes:5
09:34:03.434 (474549135)|HEAP_ALLOCATE|[7]|Bytes:4
09:34:03.434 (474565470)|VARIABLE_SCOPE_BEGIN|[7]|inContact|Contact|true|false
09:34:03.434 (474910441)|VARIABLE_ASSIGNMENT|[7]|inContact|{"IsDeleted":false,"AccountId":"0011r00001nohMLAAY","IsEmailBounced":false,"CleanStatus":"Pending","DoNotCall":false,"OwnerId":"0051r000007Oz5QAAS","Premium__c":false,"HasOptedOutOfEmail":false,"HasOptedOutOfFax":false,"Nif__c":"47898592B","LastName":"ContactoPrueba0"}|0x67f20e2a
09:34:03.434 (474928294)|STATEMENT_EXECUTE|[7]
09:34:03.434 (474961459)|HEAP_ALLOCATE|[8]|Bytes:1
09:34:03.434 (474971408)|HEAP_ALLOCATE|[8]|Bytes:7
09:34:03.434 (474982994)|METHOD_ENTRY|[1]|01p1r000009oduV|Utils.Utils()
09:34:03.434 (474990815)|STATEMENT_EXECUTE|[1]
09:34:03.434 (474995399)|STATEMENT_EXECUTE|[1]
09:34:03.434 (475003570)|HEAP_ALLOCATE|[8]|Bytes:5
09:34:03.434 (475017898)|METHOD_EXIT|[1]|Utils
09:34:03.434 (475030380)|METHOD_ENTRY|[8]|01p1r000009oduV|Utils.isNifNie(String)
09:34:03.434 (475039964)|VARIABLE_SCOPE_BEGIN|[3]|nif|String|false|false
09:34:03.434 (475053616)|VARIABLE_ASSIGNMENT|[3]|nif|"47898592B"
09:34:03.434 (475073279)|HEAP_ALLOCATE|[5]|Bytes:5
09:34:03.434 (475080422)|STATEMENT_EXECUTE|[3]
09:34:03.434 (475082747)|STATEMENT_EXECUTE|[5]
09:34:03.434 (475087787)|HEAP_ALLOCATE|[5]|Bytes:4
09:34:03.434 (475113486)|HEAP_ALLOCATE|[5]|Bytes:13
09:34:03.434 (475143329)|USER_DEBUG|[5]|DEBUG|NIF 47898592B
09:34:03.434 (475186679)|HEAP_ALLOCATE|[7]|Bytes:9
09:34:03.434 (475202224)|HEAP_ALLOCATE|[7]|Bytes:1
09:34:03.434 (475234442)|HEAP_ALLOCATE|[7]|Bytes:9
09:34:03.434 (475247331)|HEAP_ALLOCATE|[7]|Bytes:1
09:34:03.434 (475281227)|HEAP_ALLOCATE|[7]|Bytes:9
09:34:03.434 (475294261)|HEAP_ALLOCATE|[7]|Bytes:1
09:34:03.434 (475315359)|STATEMENT_EXECUTE|[7]
09:34:03.434 (475318671)|STATEMENT_EXECUTE|[11]
09:34:03.434 (475322140)|HEAP_ALLOCATE|[11]|Bytes:59
09:34:03.434 (475339772)|HEAP_ALLOCATE|[11]|Bytes:24
09:34:03.434 (475351116)|SYSTEM_METHOD_ENTRY|[1]|Pattern.Pattern()
09:34:03.434 (475357339)|STATEMENT_EXECUTE|[1]
09:34:03.434 (475414302)|SYSTEM_METHOD_EXIT|[1]|Pattern
09:34:03.434 (475437536)|METHOD_ENTRY|[11]||System.Pattern.compile(String)
09:34:03.434 (475569989)|METHOD_EXIT|[11]||System.Pattern.compile(String)
09:34:03.434 (475577676)|VARIABLE_SCOPE_BEGIN|[11]|nifPattern|System.Pattern|true|false
09:34:03.434 (475607863)|VARIABLE_ASSIGNMENT|[11]|nifPattern|{"delegate":"0x8319371"}|0xd7d48c4
09:34:03.434 (475616604)|STATEMENT_EXECUTE|[12]
09:34:03.434 (475628135)|METHOD_ENTRY|[12]||System.Pattern.matcher(String)
09:34:03.434 (475760694)|METHOD_EXIT|[12]||System.Pattern.matcher(String)
09:34:03.434 (475767764)|VARIABLE_SCOPE_BEGIN|[12]|m|System.Matcher|true|false
09:34:03.434 (475787488)|VARIABLE_ASSIGNMENT|[12]|m|{"delegate":"0x25ef3af"}|0x6cccf62d
09:34:03.434 (475801146)|METHOD_ENTRY|[13]||System.Matcher.matches()
09:34:03.434 (475836929)|METHOD_EXIT|[13]||System.Matcher.matches()
09:34:03.434 (475843501)|STATEMENT_EXECUTE|[13]
09:34:03.434 (475846352)|STATEMENT_EXECUTE|[14]
09:34:03.434 (475854830)|METHOD_ENTRY|[14]||System.Matcher.group(Integer)
09:34:03.434 (475886503)|METHOD_EXIT|[14]||System.Matcher.group(Integer)
09:34:03.434 (475891913)|VARIABLE_SCOPE_BEGIN|[14]|letra|String|false|false
09:34:03.434 (475902381)|VARIABLE_ASSIGNMENT|[14]|letra|"B"
09:34:03.434 (475907572)|STATEMENT_EXECUTE|[16]
09:34:03.434 (475910703)|HEAP_ALLOCATE|[16]|Bytes:23
09:34:03.434 (475916025)|VARIABLE_SCOPE_BEGIN|[16]|letras|String|false|false
09:34:03.434 (475925856)|VARIABLE_ASSIGNMENT|[16]|letras|"TRWAGMYFPDXBNJZSQVHL (3 more) ..."
09:34:03.434 (475930493)|STATEMENT_EXECUTE|[17]
09:34:03.434 (475935907)|METHOD_ENTRY|[17]||System.Matcher.group(Integer)
09:34:03.434 (475958672)|METHOD_EXIT|[17]||System.Matcher.group(Integer)
09:34:03.434 (475986659)|VARIABLE_SCOPE_BEGIN|[17]|dni|Integer|false|false
09:34:03.434 (475994317)|HEAP_ALLOCATE|[17]|Bytes:4
09:34:03.434 (476002005)|VARIABLE_ASSIGNMENT|[17]|dni|47898592
09:34:03.434 (476008843)|STATEMENT_EXECUTE|[18]
09:34:03.434 (476020250)|VARIABLE_SCOPE_BEGIN|[2]|Math.E|Double|false|true
09:34:03.434 (476027270)|VARIABLE_SCOPE_BEGIN|[3]|Math.PI|Double|false|true
09:34:03.434 (476038761)|HEAP_ALLOCATE|[18]|Bytes:206
09:34:03.434 (476047889)|SYSTEM_METHOD_ENTRY|[1]|Math.Math()
09:34:03.434 (476052095)|STATEMENT_EXECUTE|[1]
09:34:03.434 (476093058)|SYSTEM_METHOD_EXIT|[1]|Math
09:34:03.434 (476101903)|METHOD_ENTRY|[18]||System.Math.mod(Integer, Integer)
09:34:03.434 (476135834)|METHOD_EXIT|[18]||System.Math.mod(Integer, Integer)
09:34:03.434 (476140227)|HEAP_ALLOCATE|[18]|Bytes:4
09:34:03.434 (476146531)|VARIABLE_ASSIGNMENT|[18]|dni|11
09:34:03.434 (476151849)|STATEMENT_EXECUTE|[20]
09:34:03.434 (476170349)|HEAP_ALLOCATE|[20]|Bytes:1
09:34:03.434 (476179058)|VARIABLE_SCOPE_BEGIN|[20]|reference|String|false|false
09:34:03.434 (476191639)|VARIABLE_ASSIGNMENT|[20]|reference|"B"
09:34:03.434 (476210393)|STATEMENT_EXECUTE|[22]
09:34:03.434 (476212294)|STATEMENT_EXECUTE|[23]
09:34:03.434 (476215186)|HEAP_ALLOCATE|[23]|Bytes:21
09:34:03.434 (476219401)|HEAP_ALLOCATE|[23]|Bytes:1
09:34:03.434 (476227033)|HEAP_ALLOCATE|[23]|Bytes:24
09:34:03.434 (476245517)|USER_DEBUG|[23]|DEBUG|son iguales. Es NIF. B B
09:34:03.434 (476253876)|STATEMENT_EXECUTE|[24]
09:34:03.434 (476258707)|HEAP_ALLOCATE|[24]|Bytes:5
09:34:03.434 (476270356)|METHOD_EXIT|[8]|01p1r000009oduV|Utils.isNifNie(String)
09:34:03.434 (476277854)|STATEMENT_EXECUTE|[8]
09:34:03.434 (476296610)|HEAP_ALLOCATE|[7]|Bytes:5
09:34:03.434 (476311876)|VARIABLE_ASSIGNMENT|[7]|inContact|null|
09:34:03.434 (476320092)|SYSTEM_MODE_EXIT|false
09:34:03.434 (476329200)|METHOD_EXIT|[7]|01p1r000008aKc5|ContactMethods.ValidarNif(List<Contact>)
09:34:03.476 (476339571)|CUMULATIVE_LIMIT_USAGE
09:34:03.476 (476339571)|LIMIT_USAGE_FOR_NS|(default)|
  Number of SOQL queries: 0 out of 100
  Number of query rows: 0 out of 50000
  Number of SOSL queries: 0 out of 20
  Number of DML statements: 2 out of 150
  Number of DML rows: 2 out of 10000
  Maximum CPU time: 0 out of 10000
  Maximum heap size: 0 out of 6000000
  Number of callouts: 0 out of 100
  Number of Email Invocations: 0 out of 10
  Number of future calls: 0 out of 50
  Number of queueable jobs added to the queue: 0 out of 50
  Number of Mobile Apex push calls: 0 out of 10

09:34:03.476 (476339571)|CUMULATIVE_LIMIT_USAGE_END

09:34:03.434 (477491167)|CODE_UNIT_FINISHED|ContactTrigger on Contact trigger event BeforeInsert
09:34:03.434 (479111515)|CODE_UNIT_STARTED|[EXTERNAL]|DuplicateDetector
09:34:03.434 (479132259)|DUPLICATE_DETECTION_BEGIN
09:34:03.434 (479218857)|DUPLICATE_DETECTION_RULE_INVOCATION|DuplicateRuleId:0Bm1r0000018X89|DuplicateRuleName:Standard Contact Duplicate Rule|DmlType:INSERT
09:34:03.434 (503713054)|DUPLICATE_DETECTION_MATCH_INVOCATION_DETAILS|EntityType:Contact|ActionTaken:Allow_[Alert,Report]|DuplicateRecordIds:
09:34:03.434 (503739681)|DUPLICATE_DETECTION_MATCH_INVOCATION_SUMMARY|EntityType:Contact|NumRecordsToBeSaved:1|NumRecordsToBeSavedWithDuplicates:0|NumDuplicateRecordsFound:0
09:34:03.434 (503753983)|DUPLICATE_DETECTION_MATCH_INVOCATION_DETAILS|EntityType:Contact|ActionTaken:Allow_[Alert,Report]|DuplicateRecordIds:
09:34:03.434 (503761082)|DUPLICATE_DETECTION_MATCH_INVOCATION_SUMMARY|EntityType:Contact|NumRecordsToBeSaved:1|NumRecordsToBeSavedWithDuplicates:0|NumDuplicateRecordsFound:0
09:34:03.434 (503918750)|DUPLICATE_DETECTION_END
09:34:03.434 (503926332)|CODE_UNIT_FINISHED|DuplicateDetector
09:34:03.434 (519928307)|DML_END|[42]
09:34:03.434 (519961266)|STATEMENT_EXECUTE|[44]
09:34:03.434 (520017017)|HEAP_ALLOCATE|[44]|Bytes:4
09:34:03.434 (520058167)|HEAP_ALLOCATE|[44]|Bytes:14
09:34:03.434 (520114227)|VARIABLE_ASSIGNMENT|[44]|this.Name|"ReservaPrueba0"|0x5ce8e127
09:34:03.434 (520127545)|HEAP_ALLOCATE|[45]|Bytes:6
09:34:03.434 (520156182)|VARIABLE_ASSIGNMENT|[44]|this.Origen__c|"Madrid"|0x5ce8e127
09:34:03.434 (520167194)|HEAP_ALLOCATE|[46]|Bytes:4
09:34:03.434 (520190188)|VARIABLE_ASSIGNMENT|[44]|this.Destino__c|"Roma"|0x5ce8e127
09:34:03.434 (520199365)|HEAP_ALLOCATE|[47]|Bytes:7
09:34:03.434 (520220768)|VARIABLE_ASSIGNMENT|[44]|this.Case__c|"Turista"|0x5ce8e127
09:34:03.434 (520266668)|VARIABLE_ASSIGNMENT|[44]|this.Contacto__c|"0031r0000262LpiAAE"|0x5ce8e127
09:34:03.434 (520343122)|HEAP_ALLOCATE|[49]|Bytes:4
09:34:03.434 (520413696)|HEAP_ALLOCATE|[49]|Bytes:56
09:34:03.434 (520458921)|VARIABLE_ASSIGNMENT|[44]|this.Fecha_Salida__c|"2019-01-10T23:00:00.000Z"|0x5ce8e127
09:34:03.434 (520467645)|HEAP_ALLOCATE|[50]|Bytes:4
09:34:03.434 (520482721)|VARIABLE_ASSIGNMENT|[44]|this.Observaciones__c|"Nada"|0x5ce8e127
09:34:03.434 (520524565)|VARIABLE_SCOPE_BEGIN|[44]|oReserva|Reserva_Vuelo__c|true|false
09:34:03.434 (520570241)|VARIABLE_ASSIGNMENT|[44]|oReserva|{"Name":"ReservaPrueba0","Origen__c":"Madrid","Destino__c":"Roma","Case__c":"Turista","Contacto__c":"0031r0000262LpiAAE","Fecha_Salida__c":"2019-01-10T23:00:00.000Z","Observaciones__c":"Nada"}|0x5ce8e127
09:34:03.434 (520583185)|STATEMENT_EXECUTE|[52]
09:34:03.434 (520609006)|HEAP_ALLOCATE|[52]|Bytes:8
09:34:03.434 (520623843)|DML_BEGIN|[52]|Op:Insert|Type:Reserva_Vuelo__c|Rows:1
09:34:03.434 (520678708)|HEAP_ALLOCATE|[EXTERNAL]|Bytes:8
09:34:03.434 (522987103)|CODE_UNIT_STARTED|[EXTERNAL]|01q1r000000isRT|ReservaVueloTrigger on Reserva_Vuelo trigger event BeforeInsert
09:34:03.434 (523040119)|HEAP_ALLOCATE|[EXTERNAL]|Bytes:8
09:34:03.434 (523107724)|HEAP_ALLOCATE|[EXTERNAL]|Bytes:12
09:34:03.434 (523129061)|VARIABLE_SCOPE_BEGIN|[1]|this|ReservaVueloTrigger|true|false
09:34:03.434 (523176879)|VARIABLE_ASSIGNMENT|[1]|this|{}|0x15ca8043
09:34:03.434 (523230617)|HEAP_ALLOCATE|[EXTERNAL]|Bytes:12
09:34:03.434 (523243107)|VARIABLE_SCOPE_BEGIN|[1]|this|ReservaVueloTrigger|true|false
09:34:03.434 (523268830)|VARIABLE_ASSIGNMENT|[1]|this|{}|0x15ca8043
09:34:03.434 (523297485)|STATEMENT_EXECUTE|[1]
09:34:03.434 (523301062)|STATEMENT_EXECUTE|[4]
09:34:03.434 (523562608)|VARIABLE_ASSIGNMENT|[4]|this.listNew|[{"Contacto__c":"0031r0000262LpiAAE","Origen__c":"Madrid","Destino__c":"Roma","IsDeleted":false,"Fecha_Salida__c":"2019-01-10T23:00:00.000Z","OwnerId":"0051r000007Oz5QAAS","Observaciones__c":"Nada","Case__c":"Turista","Modificado__c":false,"Name":"ReservaPrueba0"}]|0x15ca8043
09:34:03.434 (523576492)|STATEMENT_EXECUTE|[7]
09:34:03.434 (523594383)|VARIABLE_ASSIGNMENT|[7]|this.mapOld|null|0x15ca8043
09:34:03.434 (523605440)|STATEMENT_EXECUTE|[10]
09:34:03.434 (523611026)|STATEMENT_EXECUTE|[11]
09:34:03.434 (523612821)|STATEMENT_EXECUTE|[12]
09:34:03.434 (523633458)|HEAP_ALLOCATE|[12]|Bytes:4
09:34:03.434 (523648966)|METHOD_ENTRY|[1]|01p1r000007Yidp|ReservaVueloMethods.ReservaVueloMethods()
09:34:03.434 (523655303)|STATEMENT_EXECUTE|[1]
09:34:03.434 (523659104)|STATEMENT_EXECUTE|[1]
09:34:03.434 (524033771)|SYSTEM_MODE_ENTER|false
09:34:03.434 (524049639)|HEAP_ALLOCATE|[12]|Bytes:5
09:34:03.434 (524064593)|SYSTEM_MODE_EXIT|false
09:34:03.434 (524077861)|METHOD_EXIT|[1]|ReservaVueloMethods
09:34:03.434 (524090837)|METHOD_ENTRY|[12]|01p1r000007Yidp|ReservaVueloMethods.RellenarCuenta(List<Reserva_Vuelo__c>)
09:34:03.434 (524101999)|VARIABLE_SCOPE_BEGIN|[4]|listReservas|List<Reserva_Vuelo__c>|true|false
09:34:03.434 (524216851)|VARIABLE_ASSIGNMENT|[4]|listReservas|[{"Contacto__c":"0031r0000262LpiAAE","Origen__c":"Madrid","Destino__c":"Roma","IsDeleted":false,"Fecha_Salida__c":"2019-01-10T23:00:00.000Z","OwnerId":"0051r000007Oz5QAAS","Observaciones__c":"Nada","Case__c":"Turista","Modificado__c":false,"Name":"ReservaPrueba0"}]|0x7f3937dd
09:34:03.434 (524247913)|SYSTEM_MODE_ENTER|false
09:34:03.434 (524254995)|HEAP_ALLOCATE|[6]|Bytes:5
09:34:03.434 (524260806)|STATEMENT_EXECUTE|[4]
09:34:03.434 (524289768)|STATEMENT_EXECUTE|[6]
09:34:03.434 (524291763)|STATEMENT_EXECUTE|[9]
09:34:03.434 (524312905)|HEAP_ALLOCATE|[9]|Bytes:4
09:34:03.434 (524334849)|VARIABLE_SCOPE_BEGIN|[9]|listContactosIds|Set<String>|true|false
09:34:03.434 (524362133)|VARIABLE_ASSIGNMENT|[9]|listContactosIds|[]|0x25778c7f
09:34:03.434 (524393247)|HEAP_ALLOCATE|[10]|Bytes:5
09:34:03.434 (524415073)|HEAP_ALLOCATE|[10]|Bytes:4
09:34:03.434 (524425077)|VARIABLE_SCOPE_BEGIN|[10]|inReserva|Reserva_Vuelo__c|true|false
09:34:03.434 (524520736)|VARIABLE_ASSIGNMENT|[10]|inReserva|{"Contacto__c":"0031r0000262LpiAAE","Origen__c":"Madrid","Destino__c":"Roma","IsDeleted":false,"Fecha_Salida__c":"2019-01-10T23:00:00.000Z","OwnerId":"0051r000007Oz5QAAS","Observaciones__c":"Nada","Case__c":"Turista","Modificado__c":false,"Name":"ReservaPrueba0"}|0x76efca0b
09:34:03.434 (524531879)|STATEMENT_EXECUTE|[10]
09:34:03.434 (524533926)|STATEMENT_EXECUTE|[11]
09:34:03.434 (524570508)|HEAP_ALLOCATE|[EXTERNAL]|Bytes:4
09:34:03.434 (524589356)|HEAP_ALLOCATE|[10]|Bytes:5
09:34:03.434 (524601106)|VARIABLE_ASSIGNMENT|[10]|inReserva|null|
09:34:03.434 (524607394)|STATEMENT_EXECUTE|[23]
09:34:03.434 (524628732)|HEAP_ALLOCATE|[23]|Bytes:4
09:34:03.434 (524635152)|HEAP_ALLOCATE|[23]|Bytes:49
09:34:03.434 (524644819)|HEAP_ALLOCATE|[23]|Bytes:4
09:34:03.434 (524655092)|HEAP_ALLOCATE|[23]|Bytes:7
09:34:03.434 (524690180)|HEAP_ALLOCATE|[23]|Bytes:8
09:34:03.434 (524697868)|HEAP_ALLOCATE|[23]|Bytes:8
09:34:03.434 (524904146)|SOQL_EXECUTE_BEGIN|[23]|Aggregations:0|SELECT AccountId FROM Contact WHERE id = :tmpVar1
09:34:03.434 (529058251)|SOQL_EXECUTE_END|[23]|Rows:1
09:34:03.434 (529103532)|HEAP_ALLOCATE|[23]|Bytes:8
09:34:03.434 (529122833)|HEAP_ALLOCATE|[23]|Bytes:60
09:34:03.434 (529181178)|HEAP_ALLOCATE|[23]|Bytes:8
09:34:03.434 (529218676)|HEAP_ALLOCATE|[23]|Bytes:12
09:34:03.434 (529233400)|HEAP_ALLOCATE|[23]|Bytes:18
09:34:03.434 (529245868)|VARIABLE_SCOPE_BEGIN|[23]|contactos|Map<String,Contact>|true|false
09:34:03.434 (529290222)|VARIABLE_ASSIGNMENT|[23]|contactos|{"0031r0000262LpiAAE":{"AccountId":"0011r00001nohMLAAY","Id":"0031r0000262LpiAAE"}}|0x4ed90c5e
09:34:03.434 (529344712)|HEAP_ALLOCATE|[26]|Bytes:5
09:34:03.434 (529375109)|HEAP_ALLOCATE|[26]|Bytes:4
09:34:03.434 (529387138)|VARIABLE_SCOPE_BEGIN|[26]|inReserva|Reserva_Vuelo__c|true|false
09:34:03.434 (529581592)|VARIABLE_ASSIGNMENT|[26]|inReserva|{"Contacto__c":"0031r0000262LpiAAE","Origen__c":"Madrid","Destino__c":"Roma","IsDeleted":false,"Fecha_Salida__c":"2019-01-10T23:00:00.000Z","OwnerId":"0051r000007Oz5QAAS","Observaciones__c":"Nada","Case__c":"Turista","Modificado__c":false,"Name":"ReservaPrueba0"}|0x76efca0b
09:34:03.434 (529599732)|STATEMENT_EXECUTE|[26]
09:34:03.434 (529602618)|STATEMENT_EXECUTE|[27]
09:34:03.434 (529793731)|VARIABLE_ASSIGNMENT|[27]|this.Cuenta__c|"0011r00001nohMLAAY"|0x76efca0b
09:34:03.434 (529817726)|HEAP_ALLOCATE|[26]|Bytes:5
09:34:03.434 (529836799)|VARIABLE_ASSIGNMENT|[26]|inReserva|null|
09:34:03.434 (529848955)|SYSTEM_MODE_EXIT|false
09:34:03.434 (529866606)|METHOD_EXIT|[12]|01p1r000007Yidp|ReservaVueloMethods.RellenarCuenta(List<Reserva_Vuelo__c>)
09:34:03.434 (529890850)|STATEMENT_EXECUTE|[14]
09:34:03.529 (529901791)|CUMULATIVE_LIMIT_USAGE
09:34:03.529 (529901791)|LIMIT_USAGE_FOR_NS|(default)|
  Number of SOQL queries: 1 out of 100
  Number of query rows: 1 out of 50000
  Number of SOSL queries: 0 out of 20
  Number of DML statements: 3 out of 150
  Number of DML rows: 3 out of 10000
  Maximum CPU time: 0 out of 10000
  Maximum heap size: 0 out of 6000000
  Number of callouts: 0 out of 100
  Number of Email Invocations: 0 out of 10
  Number of future calls: 0 out of 50
  Number of queueable jobs added to the queue: 0 out of 50
  Number of Mobile Apex push calls: 0 out of 10

09:34:03.529 (529901791)|CUMULATIVE_LIMIT_USAGE_END

09:34:03.434 (531189155)|CODE_UNIT_FINISHED|ReservaVueloTrigger on Reserva_Vuelo trigger event BeforeInsert
09:34:03.434 (533122722)|CODE_UNIT_STARTED|[EXTERNAL]|Validation:Reserva_Vuelo:new
09:34:03.434 (533141385)|VALIDATION_RULE|03d1r0000006A1e|DiferentesCampos
09:34:03.434 (533265451)|VALIDATION_FORMULA|TEXT(Origen__c)  =  TEXT(Destino__c)|Destino__c=Roma , Origen__c=Madrid
09:34:03.434 (533273850)|VALIDATION_PASS
09:34:03.434 (533276290)|VALIDATION_RULE|03d1r0000006A1Z|Fecha_de_salida
09:34:03.434 (533360788)|VALIDATION_FORMULA|Fecha_Salida__c  <   NOW()|Fecha_Salida__c=2019-01-10 23:00:00
09:34:03.434 (533368174)|VALIDATION_PASS
09:34:03.434 (533396369)|CODE_UNIT_FINISHED|Validation:Reserva_Vuelo:new
09:34:03.434 (545467796)|DML_END|[52]
09:34:03.434 (545503422)|STATEMENT_EXECUTE|[54]
09:34:03.434 (545507527)|STATEMENT_EXECUTE|[54]
09:34:03.434 (545509444)|STATEMENT_EXECUTE|[56]
09:34:03.434 (545552196)|HEAP_ALLOCATE|[56]|Bytes:4
09:34:03.434 (545592400)|HEAP_ALLOCATE|[56]|Bytes:9
09:34:03.434 (545664253)|VARIABLE_ASSIGNMENT|[56]|this.Name|"Pasajero0"|0x611af6e5
09:34:03.434 (545708865)|VARIABLE_ASSIGNMENT|[56]|this.Reserva__c|"a001r00000oUbboAAC"|0x611af6e5
09:34:03.434 (545717439)|HEAP_ALLOCATE|[58]|Bytes:9
09:34:03.434 (545733522)|VARIABLE_ASSIGNMENT|[56]|this.Nif__c|"123456781"|0x611af6e5
09:34:03.434 (545774874)|HEAP_ALLOCATE|[56]|Bytes:28
09:34:03.434 (545795483)|VARIABLE_ASSIGNMENT|[56]|this.Edad__c|59|0x611af6e5
09:34:03.434 (545831819)|VARIABLE_SCOPE_BEGIN|[56]|oPasajero|Pasajero__c|true|false
09:34:03.434 (545857412)|VARIABLE_ASSIGNMENT|[56]|oPasajero|{"Name":"Pasajero0","Reserva__c":"a001r00000oUbboAAC","Nif__c":"123456781","Edad__c":59}|0x611af6e5
09:34:03.434 (545864857)|STATEMENT_EXECUTE|[61]
09:34:03.434 (545868839)|HEAP_ALLOCATE|[61]|Bytes:41
09:34:03.434 (545998385)|HEAP_ALLOCATE|[61]|Bytes:89
09:34:03.434 (546019315)|HEAP_ALLOCATE|[61]|Bytes:130
09:34:03.434 (546039273)|USER_DEBUG|[61]|DEBUG|PasajeroTest.ValidarNifTest :: oPasajero Pasajero__c:{Name=Pasajero0, Reserva__c=a001r00000oUbboAAC, Nif__c=123456781, Edad__c=59}
09:34:03.434 (546050453)|STATEMENT_EXECUTE|[63]
09:34:03.434 (546068205)|HEAP_ALLOCATE|[63]|Bytes:8
09:34:03.434 (546078608)|DML_BEGIN|[63]|Op:Insert|Type:Pasajero__c|Rows:1
09:34:03.434 (546123727)|HEAP_ALLOCATE|[EXTERNAL]|Bytes:8
09:34:03.434 (548446807)|CODE_UNIT_STARTED|[EXTERNAL]|01q1r000000j3dJ|PasajeroTrigger on Pasajero trigger event BeforeInsert
09:34:03.434 (548493028)|HEAP_ALLOCATE|[EXTERNAL]|Bytes:8
09:34:03.434 (548550946)|HEAP_ALLOCATE|[EXTERNAL]|Bytes:8
09:34:03.434 (548567281)|VARIABLE_SCOPE_BEGIN|[1]|this|PasajeroTrigger|true|false
09:34:03.434 (548616939)|VARIABLE_ASSIGNMENT|[1]|this|{}|0x5fb17f58
09:34:03.434 (548675130)|HEAP_ALLOCATE|[EXTERNAL]|Bytes:8
09:34:03.434 (548688914)|VARIABLE_SCOPE_BEGIN|[1]|this|PasajeroTrigger|true|false
09:34:03.434 (548710707)|VARIABLE_ASSIGNMENT|[1]|this|{}|0x5fb17f58
09:34:03.434 (548721010)|STATEMENT_EXECUTE|[1]
09:34:03.434 (548723459)|STATEMENT_EXECUTE|[4]
09:34:03.434 (548961227)|VARIABLE_ASSIGNMENT|[4]|this.listNew|[{"IsDeleted":false,"Edad__c":59,"Nif__c":"123456781","Reserva__c":"a001r00000oUbboAAC","Name":"Pasajero0"}]|0x5fb17f58
09:34:03.434 (548979860)|STATEMENT_EXECUTE|[7]
09:34:03.434 (548987195)|STATEMENT_EXECUTE|[8]
09:34:03.434 (548989226)|STATEMENT_EXECUTE|[9]
09:34:03.434 (549012448)|HEAP_ALLOCATE|[9]|Bytes:4
09:34:03.434 (549029529)|METHOD_ENTRY|[1]|01p1r000008Zry1|PasajeroMethods.PasajeroMethods()
09:34:03.434 (549036460)|STATEMENT_EXECUTE|[1]
09:34:03.434 (549039941)|STATEMENT_EXECUTE|[1]
09:34:03.434 (549424869)|SYSTEM_MODE_ENTER|false
09:34:03.434 (549437894)|HEAP_ALLOCATE|[9]|Bytes:5
09:34:03.434 (549447498)|SYSTEM_MODE_EXIT|false
09:34:03.434 (549459858)|METHOD_EXIT|[1]|PasajeroMethods
09:34:03.434 (549471279)|METHOD_ENTRY|[9]|01p1r000008Zry1|PasajeroMethods.ValidarNif(List<Pasajero__c>)
09:34:03.434 (549479854)|VARIABLE_SCOPE_BEGIN|[32]|listNew|List<Pasajero__c>|true|false
09:34:03.434 (549591272)|VARIABLE_ASSIGNMENT|[32]|listNew|[{"IsDeleted":false,"Edad__c":59,"Nif__c":"123456781","Reserva__c":"a001r00000oUbboAAC","Name":"Pasajero0"}]|0x4822b40a
09:34:03.434 (549618836)|SYSTEM_MODE_ENTER|false
09:34:03.434 (549625472)|HEAP_ALLOCATE|[34]|Bytes:5
09:34:03.434 (549631772)|STATEMENT_EXECUTE|[32]
09:34:03.434 (549657137)|STATEMENT_EXECUTE|[34]
09:34:03.434 (549684641)|HEAP_ALLOCATE|[36]|Bytes:5
09:34:03.434 (549702076)|HEAP_ALLOCATE|[36]|Bytes:4
09:34:03.434 (549711969)|VARIABLE_SCOPE_BEGIN|[36]|inPasajero|Pasajero__c|true|false
09:34:03.434 (549817462)|VARIABLE_ASSIGNMENT|[36]|inPasajero|{"IsDeleted":false,"Edad__c":59,"Nif__c":"123456781","Reserva__c":"a001r00000oUbboAAC","Name":"Pasajero0"}|0x251e93b2
09:34:03.434 (549827205)|STATEMENT_EXECUTE|[36]
09:34:03.434 (549846660)|METHOD_ENTRY|[37]|01p1r000009oduV|Utils.isNifNie(String)
09:34:03.434 (549856199)|VARIABLE_SCOPE_BEGIN|[3]|nif|String|false|false
09:34:03.434 (549865290)|VARIABLE_ASSIGNMENT|[3]|nif|"123456781"
09:34:03.434 (549879042)|HEAP_ALLOCATE|[5]|Bytes:5
09:34:03.434 (549884748)|STATEMENT_EXECUTE|[3]
09:34:03.434 (549887689)|STATEMENT_EXECUTE|[5]
09:34:03.434 (549897688)|HEAP_ALLOCATE|[5]|Bytes:13
09:34:03.434 (549913307)|USER_DEBUG|[5]|DEBUG|NIF 123456781
09:34:03.434 (549945240)|HEAP_ALLOCATE|[7]|Bytes:9
09:34:03.434 (549970558)|HEAP_ALLOCATE|[7]|Bytes:9
09:34:03.434 (549991984)|HEAP_ALLOCATE|[7]|Bytes:9
09:34:03.434 (550008379)|STATEMENT_EXECUTE|[7]
09:34:03.434 (550011043)|STATEMENT_EXECUTE|[11]
09:34:03.434 (550019109)|METHOD_ENTRY|[11]||System.Pattern.compile(String)
09:34:03.434 (550091529)|METHOD_EXIT|[11]||System.Pattern.compile(String)
09:34:03.434 (550097829)|VARIABLE_SCOPE_BEGIN|[11]|nifPattern|System.Pattern|true|false
09:34:03.434 (550119220)|VARIABLE_ASSIGNMENT|[11]|nifPattern|{"delegate":"0x8319371"}|0x1f2b939d
09:34:03.434 (550126063)|STATEMENT_EXECUTE|[12]
09:34:03.434 (550146764)|METHOD_ENTRY|[12]||System.Pattern.matcher(String)
09:34:03.434 (550213976)|METHOD_EXIT|[12]||System.Pattern.matcher(String)
09:34:03.434 (550218984)|VARIABLE_SCOPE_BEGIN|[12]|m|System.Matcher|true|false
09:34:03.434 (550236098)|VARIABLE_ASSIGNMENT|[12]|m|{"delegate":"0x4bb4749f"}|0x166b1b07
09:34:03.434 (550246845)|METHOD_ENTRY|[13]||System.Matcher.matches()
09:34:03.434 (550277859)|METHOD_EXIT|[13]||System.Matcher.matches()
09:34:03.434 (550283530)|STATEMENT_EXECUTE|[29]
09:34:03.434 (550285448)|STATEMENT_EXECUTE|[30]
09:34:03.434 (550289402)|HEAP_ALLOCATE|[30]|Bytes:5
09:34:03.434 (550299145)|METHOD_EXIT|[37]|01p1r000009oduV|Utils.isNifNie(String)
09:34:03.434 (550305499)|STATEMENT_EXECUTE|[37]
09:34:03.434 (550307355)|STATEMENT_EXECUTE|[38]
09:34:03.434 (550311300)|HEAP_ALLOCATE|[38]|Bytes:16
09:34:03.434 (550452548)|VF_PAGE_MESSAGE|Error en el Nif!
09:34:03.434 (550476213)|HEAP_ALLOCATE|[36]|Bytes:5
09:34:03.434 (550490085)|VARIABLE_ASSIGNMENT|[36]|inPasajero|null|
09:34:03.434 (550500081)|SYSTEM_MODE_EXIT|false
09:34:03.434 (550508413)|METHOD_EXIT|[9]|01p1r000008Zry1|PasajeroMethods.ValidarNif(List<Pasajero__c>)
09:34:03.434 (550514652)|STATEMENT_EXECUTE|[10]
09:34:03.434 (550528956)|METHOD_ENTRY|[10]|01p1r000008Zry1|PasajeroMethods.RellenarContacto(List<Pasajero__c>)
09:34:03.434 (550535879)|VARIABLE_SCOPE_BEGIN|[3]|listPasajeros|List<Pasajero__c>|true|false
09:34:03.434 (550636612)|VARIABLE_ASSIGNMENT|[3]|listPasajeros|[{"IsDeleted":false,"Edad__c":59,"Nif__c":"123456781","Reserva__c":"a001r00000oUbboAAC","Name":"Pasajero0"}]|0x4822b40a
09:34:03.434 (550653201)|SYSTEM_MODE_ENTER|false
09:34:03.434 (550659470)|HEAP_ALLOCATE|[5]|Bytes:5
09:34:03.434 (550664202)|STATEMENT_EXECUTE|[3]
09:34:03.434 (550678848)|STATEMENT_EXECUTE|[5]
09:34:03.434 (550680670)|STATEMENT_EXECUTE|[8]
09:34:03.434 (550699933)|HEAP_ALLOCATE|[8]|Bytes:4
09:34:03.434 (550717324)|VARIABLE_SCOPE_BEGIN|[8]|listNifs|List<String>|true|false
09:34:03.434 (550744079)|HEAP_ALLOCATE|[EXTERNAL]|Bytes:4
09:34:03.434 (550754387)|VARIABLE_ASSIGNMENT|[8]|listNifs|[]|0x29317b21
09:34:03.434 (550774813)|HEAP_ALLOCATE|[10]|Bytes:5
09:34:03.434 (550787935)|HEAP_ALLOCATE|[10]|Bytes:4
09:34:03.434 (550794684)|VARIABLE_SCOPE_BEGIN|[10]|inPasajero|Pasajero__c|true|false
09:34:03.434 (550884455)|VARIABLE_ASSIGNMENT|[10]|inPasajero|{"IsDeleted":false,"Edad__c":59,"Nif__c":"123456781","Reserva__c":"a001r00000oUbboAAC","Name":"Pasajero0"}|0x251e93b2
09:34:03.434 (550892697)|STATEMENT_EXECUTE|[10]
09:34:03.434 (550894618)|STATEMENT_EXECUTE|[11]
09:34:03.434 (550911472)|HEAP_ALLOCATE|[EXTERNAL]|Bytes:4
09:34:03.434 (550924224)|HEAP_ALLOCATE|[10]|Bytes:5
09:34:03.434 (550934636)|VARIABLE_ASSIGNMENT|[10]|inPasajero|null|
09:34:03.434 (550940518)|STATEMENT_EXECUTE|[17]
09:34:03.434 (550963870)|HEAP_ALLOCATE|[17]|Bytes:4
09:34:03.434 (550976044)|VARIABLE_SCOPE_BEGIN|[17]|mapContactos|Map<String,Contact>|true|false
09:34:03.434 (550993925)|VARIABLE_ASSIGNMENT|[17]|mapContactos|{}|0x47f94560
09:34:03.434 (551001783)|HEAP_ALLOCATE|[19]|Bytes:61
09:34:03.434 (551013756)|HEAP_ALLOCATE|[19]|Bytes:4
09:34:03.434 (551292852)|SOQL_EXECUTE_BEGIN|[19]|Aggregations:0|SELECT Id, Name, Nif__c FROM Contact 
09:34:03.434 (555580450)|SOQL_EXECUTE_END|[19]|Rows:0
09:34:03.434 (555800694)|HEAP_ALLOCATE|[19]|Bytes:54
09:34:03.434 (555825261)|HEAP_ALLOCATE|[19]|Bytes:8
09:34:03.434 (555836723)|SYSTEM_METHOD_ENTRY|[7]|QueryLocatorIterator.QueryLocatorIterator()
09:34:03.434 (555843875)|STATEMENT_EXECUTE|[7]
09:34:03.434 (555854894)|SYSTEM_METHOD_EXIT|[7]|QueryLocatorIterator
09:34:03.434 (555863703)|HEAP_ALLOCATE|[19]|Bytes:28
09:34:03.434 (555879979)|HEAP_ALLOCATE|[19]|Bytes:8
09:34:03.434 (555883882)|HEAP_ALLOCATE|[19]|Bytes:8
09:34:03.434 (555890812)|VARIABLE_SCOPE_BEGIN|[15]|this|Database.QueryLocatorIterator|true|false
09:34:03.434 (555945165)|VARIABLE_ASSIGNMENT|[15]|this|{}|0x7dfb543f
09:34:03.434 (555956552)|VARIABLE_SCOPE_BEGIN|[15]|values|List<SObject>|true|false
09:34:03.434 (555968049)|VARIABLE_ASSIGNMENT|[15]|values|null|
09:34:03.434 (555972620)|VARIABLE_SCOPE_BEGIN|[15]|ql|Database.QueryLocator|true|false
09:34:03.434 (555993933)|VARIABLE_ASSIGNMENT|[15]|ql|{"query":"SELECT Id, Name, Nif (41 more) ..."}|0x367c6975
09:34:03.434 (555999654)|VARIABLE_SCOPE_BEGIN|[15]|totalNumRecords|Integer|false|false
09:34:03.434 (556009455)|VARIABLE_ASSIGNMENT|[15]|totalNumRecords|0
09:34:03.434 (556014584)|VARIABLE_SCOPE_BEGIN|[15]|queryMoreSize|Integer|false|false
09:34:03.434 (556022416)|VARIABLE_ASSIGNMENT|[15]|queryMoreSize|49999
09:34:03.434 (556080464)|HEAP_ALLOCATE|[19]|Bytes:28
09:34:03.434 (556099064)|METHOD_ENTRY|[19]||Database.QueryLocatorIterator.hasNext()
09:34:03.434 (556128904)|METHOD_EXIT|[19]||Database.QueryLocatorIterator.hasNext()
09:34:03.434 (556140510)|VARIABLE_ASSIGNMENT|[19]|inContact|null|
09:34:03.434 (556147671)|STATEMENT_EXECUTE|[19]
09:34:03.434 (556191437)|HEAP_ALLOCATE|[24]|Bytes:5
09:34:03.434 (556209060)|HEAP_ALLOCATE|[24]|Bytes:4
09:34:03.434 (556217010)|VARIABLE_SCOPE_BEGIN|[24]|inPasajero|Pasajero__c|true|false
09:34:03.434 (556365410)|VARIABLE_ASSIGNMENT|[24]|inPasajero|{"IsDeleted":false,"Edad__c":59,"Nif__c":"123456781","Reserva__c":"a001r00000oUbboAAC","Name":"Pasajero0"}|0x251e93b2
09:34:03.434 (556375528)|STATEMENT_EXECUTE|[24]
09:34:03.434 (556403099)|STATEMENT_EXECUTE|[25]
09:34:03.434 (556412350)|HEAP_ALLOCATE|[24]|Bytes:5
09:34:03.434 (556424275)|VARIABLE_ASSIGNMENT|[24]|inPasajero|null|
09:34:03.434 (556432661)|SYSTEM_MODE_EXIT|false
09:34:03.434 (556442400)|METHOD_EXIT|[10]|01p1r000008Zry1|PasajeroMethods.RellenarContacto(List<Pasajero__c>)
09:34:03.556 (556456442)|CUMULATIVE_LIMIT_USAGE
09:34:03.556 (556456442)|LIMIT_USAGE_FOR_NS|(default)|
  Number of SOQL queries: 2 out of 100
  Number of query rows: 1 out of 50000
  Number of SOSL queries: 0 out of 20
  Number of DML statements: 4 out of 150
  Number of DML rows: 4 out of 10000
  Maximum CPU time: 0 out of 10000
  Maximum heap size: 0 out of 6000000
  Number of callouts: 0 out of 100
  Number of Email Invocations: 0 out of 10
  Number of future calls: 0 out of 50
  Number of queueable jobs added to the queue: 0 out of 50
  Number of Mobile Apex push calls: 0 out of 10

09:34:03.556 (556456442)|CUMULATIVE_LIMIT_USAGE_END

09:34:03.434 (557614817)|CODE_UNIT_FINISHED|PasajeroTrigger on Pasajero trigger event BeforeInsert
09:34:03.434 (558513806)|DML_END|[63]
09:34:03.434 (558624133)|EXCEPTION_THROWN|[63]|System.DmlException: Insert failed. First exception on row 0; first error: FIELD_CUSTOM_VALIDATION_EXCEPTION, Error en el Nif!: []
09:34:03.434 (577920324)|HEAP_ALLOCATE|[63]|Bytes:113
09:34:03.434 (577977538)|VARIABLE_SCOPE_BEGIN|[65]|e|Exception|true|false
09:34:03.434 (578078425)|VARIABLE_ASSIGNMENT|[65]|e|"common.apex.runtime.impl.DmlExecutionException: Insert failed. First exception on row 0; first error: FIELD_CUSTOM_VALIDATION_EXCEPTION, Error en el Nif!: []"|0x579a35ee
09:34:03.434 (578093755)|STATEMENT_EXECUTE|[65]
09:34:03.434 (578096741)|STATEMENT_EXECUTE|[66]
09:34:03.434 (578146456)|HEAP_ALLOCATE|[66]|Bytes:109
09:34:03.434 (578247690)|STATEMENT_EXECUTE|[69]
09:34:03.434 (578253224)|STATEMENT_EXECUTE|[69]
09:34:03.434 (578255624)|STATEMENT_EXECUTE|[71]
09:34:03.434 (578299984)|HEAP_ALLOCATE|[71]|Bytes:4
09:34:03.434 (578377553)|VARIABLE_ASSIGNMENT|[71]|this.Name|"Pasajero0"|0x70e7c98e
09:34:03.434 (578432712)|VARIABLE_ASSIGNMENT|[71]|this.Reserva__c|"a001r00000oUbboAAC"|0x70e7c98e
09:34:03.434 (578445532)|HEAP_ALLOCATE|[73]|Bytes:9
09:34:03.434 (578469074)|VARIABLE_ASSIGNMENT|[71]|this.Nif__c|"47898592A"|0x70e7c98e
09:34:03.434 (578493219)|HEAP_ALLOCATE|[71]|Bytes:28
09:34:03.434 (578529348)|VARIABLE_ASSIGNMENT|[71]|this.Edad__c|59|0x70e7c98e
09:34:03.434 (578569111)|VARIABLE_SCOPE_BEGIN|[71]|oPasajero|Pasajero__c|true|false
09:34:03.434 (578599109)|VARIABLE_ASSIGNMENT|[71]|oPasajero|{"Name":"Pasajero0","Reserva__c":"a001r00000oUbboAAC","Nif__c":"47898592A","Edad__c":59}|0x70e7c98e
09:34:03.434 (578607652)|STATEMENT_EXECUTE|[76]
09:34:03.434 (578700042)|HEAP_ALLOCATE|[76]|Bytes:89
09:34:03.434 (578726369)|HEAP_ALLOCATE|[76]|Bytes:130
09:34:03.434 (578747666)|USER_DEBUG|[76]|DEBUG|PasajeroTest.ValidarNifTest :: oPasajero Pasajero__c:{Name=Pasajero0, Reserva__c=a001r00000oUbboAAC, Nif__c=47898592A, Edad__c=59}
09:34:03.434 (578765141)|STATEMENT_EXECUTE|[78]
09:34:03.434 (578787084)|HEAP_ALLOCATE|[78]|Bytes:8
09:34:03.434 (578798921)|DML_BEGIN|[78]|Op:Insert|Type:Pasajero__c|Rows:1
09:34:03.434 (578842191)|HEAP_ALLOCATE|[EXTERNAL]|Bytes:8
09:34:03.434 (581173931)|CODE_UNIT_STARTED|[EXTERNAL]|01q1r000000j3dJ|PasajeroTrigger on Pasajero trigger event BeforeInsert
09:34:03.434 (581217006)|HEAP_ALLOCATE|[EXTERNAL]|Bytes:8
09:34:03.434 (581267494)|HEAP_ALLOCATE|[EXTERNAL]|Bytes:8
09:34:03.434 (581277312)|VARIABLE_SCOPE_BEGIN|[1]|this|PasajeroTrigger|true|false
09:34:03.434 (581311499)|VARIABLE_ASSIGNMENT|[1]|this|{}|0x445d0408
09:34:03.434 (581352999)|HEAP_ALLOCATE|[EXTERNAL]|Bytes:8
09:34:03.434 (581360721)|VARIABLE_SCOPE_BEGIN|[1]|this|PasajeroTrigger|true|false
09:34:03.434 (581373424)|VARIABLE_ASSIGNMENT|[1]|this|{}|0x445d0408
09:34:03.434 (581381818)|STATEMENT_EXECUTE|[1]
09:34:03.434 (581385061)|STATEMENT_EXECUTE|[4]
09:34:03.434 (581574320)|VARIABLE_ASSIGNMENT|[4]|this.listNew|[{"IsDeleted":false,"Edad__c":59,"Nif__c":"47898592A","Reserva__c":"a001r00000oUbboAAC","Name":"Pasajero0"}]|0x445d0408
09:34:03.434 (581587942)|STATEMENT_EXECUTE|[7]
09:34:03.434 (581594192)|STATEMENT_EXECUTE|[8]
09:34:03.434 (581596040)|STATEMENT_EXECUTE|[9]
09:34:03.434 (581623579)|METHOD_ENTRY|[9]|01p1r000008Zry1|PasajeroMethods.ValidarNif(List<Pasajero__c>)
09:34:03.434 (581633150)|VARIABLE_SCOPE_BEGIN|[32]|listNew|List<Pasajero__c>|true|false
09:34:03.434 (581726166)|VARIABLE_ASSIGNMENT|[32]|listNew|[{"IsDeleted":false,"Edad__c":59,"Nif__c":"47898592A","Reserva__c":"a001r00000oUbboAAC","Name":"Pasajero0"}]|0x4c1165cd
09:34:03.434 (582163464)|SYSTEM_MODE_ENTER|false
09:34:03.434 (582188113)|HEAP_ALLOCATE|[34]|Bytes:5
09:34:03.434 (582212794)|STATEMENT_EXECUTE|[32]
09:34:03.434 (582239722)|STATEMENT_EXECUTE|[34]
09:34:03.434 (582262518)|HEAP_ALLOCATE|[36]|Bytes:5
09:34:03.434 (582281537)|HEAP_ALLOCATE|[36]|Bytes:4
09:34:03.434 (582292546)|VARIABLE_SCOPE_BEGIN|[36]|inPasajero|Pasajero__c|true|false
09:34:03.434 (582429585)|VARIABLE_ASSIGNMENT|[36]|inPasajero|{"IsDeleted":false,"Edad__c":59,"Nif__c":"47898592A","Reserva__c":"a001r00000oUbboAAC","Name":"Pasajero0"}|0x4c696e4c
09:34:03.434 (582443999)|STATEMENT_EXECUTE|[36]
09:34:03.434 (582466616)|METHOD_ENTRY|[37]|01p1r000009oduV|Utils.isNifNie(String)
09:34:03.434 (582476116)|VARIABLE_SCOPE_BEGIN|[3]|nif|String|false|false
09:34:03.434 (582486578)|VARIABLE_ASSIGNMENT|[3]|nif|"47898592A"
09:34:03.434 (582504765)|HEAP_ALLOCATE|[5]|Bytes:5
09:34:03.434 (582510214)|STATEMENT_EXECUTE|[3]
09:34:03.434 (582512484)|STATEMENT_EXECUTE|[5]
09:34:03.434 (582523180)|HEAP_ALLOCATE|[5]|Bytes:13
09:34:03.434 (582547953)|USER_DEBUG|[5]|DEBUG|NIF 47898592A
09:34:03.434 (582574960)|HEAP_ALLOCATE|[7]|Bytes:9
09:34:03.434 (582612631)|HEAP_ALLOCATE|[7]|Bytes:9
09:34:03.434 (582650167)|HEAP_ALLOCATE|[7]|Bytes:9
09:34:03.434 (582687732)|STATEMENT_EXECUTE|[7]
09:34:03.434 (582689980)|STATEMENT_EXECUTE|[11]
09:34:03.434 (582699983)|METHOD_ENTRY|[11]||System.Pattern.compile(String)
09:34:03.434 (582779294)|METHOD_EXIT|[11]||System.Pattern.compile(String)
09:34:03.434 (582785894)|VARIABLE_SCOPE_BEGIN|[11]|nifPattern|System.Pattern|true|false
09:34:03.434 (582826489)|VARIABLE_ASSIGNMENT|[11]|nifPattern|{"delegate":"0x8319371"}|0x23ad6a15
09:34:03.434 (582839244)|STATEMENT_EXECUTE|[12]
09:34:03.434 (582850391)|METHOD_ENTRY|[12]||System.Pattern.matcher(String)
09:34:03.434 (582938728)|METHOD_EXIT|[12]||System.Pattern.matcher(String)
09:34:03.434 (582945155)|VARIABLE_SCOPE_BEGIN|[12]|m|System.Matcher|true|false
09:34:03.434 (582964711)|VARIABLE_ASSIGNMENT|[12]|m|{"delegate":"0xf7c472c"}|0x48047403
09:34:03.434 (582975177)|METHOD_ENTRY|[13]||System.Matcher.matches()
09:34:03.434 (583006413)|METHOD_EXIT|[13]||System.Matcher.matches()
09:34:03.434 (583012650)|STATEMENT_EXECUTE|[13]
09:34:03.434 (583014575)|STATEMENT_EXECUTE|[14]
09:34:03.434 (583021812)|METHOD_ENTRY|[14]||System.Matcher.group(Integer)
09:34:03.434 (583061608)|METHOD_EXIT|[14]||System.Matcher.group(Integer)
09:34:03.434 (583070366)|VARIABLE_SCOPE_BEGIN|[14]|letra|String|false|false
09:34:03.434 (583093699)|VARIABLE_ASSIGNMENT|[14]|letra|"A"
09:34:03.434 (583102213)|STATEMENT_EXECUTE|[16]
09:34:03.434 (583107246)|VARIABLE_SCOPE_BEGIN|[16]|letras|String|false|false
09:34:03.434 (583124319)|VARIABLE_ASSIGNMENT|[16]|letras|"TRWAGMYFPDXBNJZSQVHL (3 more) ..."
09:34:03.434 (583129425)|STATEMENT_EXECUTE|[17]
09:34:03.434 (583135725)|METHOD_ENTRY|[17]||System.Matcher.group(Integer)
09:34:03.434 (583161799)|METHOD_EXIT|[17]||System.Matcher.group(Integer)
09:34:03.434 (583183893)|VARIABLE_SCOPE_BEGIN|[17]|dni|Integer|false|false
09:34:03.434 (583191612)|HEAP_ALLOCATE|[17]|Bytes:4
09:34:03.434 (583211140)|VARIABLE_ASSIGNMENT|[17]|dni|47898592
09:34:03.434 (583217058)|STATEMENT_EXECUTE|[18]
09:34:03.434 (583226022)|METHOD_ENTRY|[18]||System.Math.mod(Integer, Integer)
09:34:03.434 (583257513)|METHOD_EXIT|[18]||System.Math.mod(Integer, Integer)
09:34:03.434 (583264705)|HEAP_ALLOCATE|[18]|Bytes:4
09:34:03.434 (583273600)|VARIABLE_ASSIGNMENT|[18]|dni|11
09:34:03.434 (583281597)|STATEMENT_EXECUTE|[20]
09:34:03.434 (583302926)|HEAP_ALLOCATE|[20]|Bytes:1
09:34:03.434 (583318072)|VARIABLE_SCOPE_BEGIN|[20]|reference|String|false|false
09:34:03.434 (583338383)|VARIABLE_ASSIGNMENT|[20]|reference|"B"
09:34:03.434 (583359734)|STATEMENT_EXECUTE|[25]
09:34:03.434 (583361745)|STATEMENT_EXECUTE|[26]
09:34:03.434 (583365627)|HEAP_ALLOCATE|[26]|Bytes:27
09:34:03.434 (583388331)|HEAP_ALLOCATE|[26]|Bytes:30
09:34:03.434 (583418299)|USER_DEBUG|[26]|DEBUG|NO son iguales. NO es NIF. A B
09:34:03.434 (583427135)|STATEMENT_EXECUTE|[27]
09:34:03.434 (583432183)|HEAP_ALLOCATE|[27]|Bytes:5
09:34:03.434 (583442976)|METHOD_EXIT|[37]|01p1r000009oduV|Utils.isNifNie(String)
09:34:03.434 (583448954)|STATEMENT_EXECUTE|[37]
09:34:03.434 (583450937)|STATEMENT_EXECUTE|[38]
09:34:03.434 (583497381)|HEAP_ALLOCATE|[36]|Bytes:5
09:34:03.434 (583516705)|VARIABLE_ASSIGNMENT|[36]|inPasajero|null|
09:34:03.434 (583529997)|SYSTEM_MODE_EXIT|false
09:34:03.434 (583543283)|METHOD_EXIT|[9]|01p1r000008Zry1|PasajeroMethods.ValidarNif(List<Pasajero__c>)
09:34:03.434 (583552464)|STATEMENT_EXECUTE|[10]
09:34:03.434 (583565997)|METHOD_ENTRY|[10]|01p1r000008Zry1|PasajeroMethods.RellenarContacto(List<Pasajero__c>)
09:34:03.434 (583576513)|VARIABLE_SCOPE_BEGIN|[3]|listPasajeros|List<Pasajero__c>|true|false
09:34:03.434 (583683450)|VARIABLE_ASSIGNMENT|[3]|listPasajeros|[{"IsDeleted":false,"Edad__c":59,"Nif__c":"47898592A","Reserva__c":"a001r00000oUbboAAC","Name":"Pasajero0"}]|0x4c1165cd
09:34:03.434 (583701173)|SYSTEM_MODE_ENTER|false
09:34:03.434 (583708767)|HEAP_ALLOCATE|[5]|Bytes:5
09:34:03.434 (583714469)|STATEMENT_EXECUTE|[3]
09:34:03.434 (583728838)|STATEMENT_EXECUTE|[5]
09:34:03.434 (583730804)|STATEMENT_EXECUTE|[8]
09:34:03.434 (583744671)|HEAP_ALLOCATE|[8]|Bytes:4
09:34:03.434 (583757339)|VARIABLE_SCOPE_BEGIN|[8]|listNifs|List<String>|true|false
09:34:03.434 (583792511)|HEAP_ALLOCATE|[EXTERNAL]|Bytes:4
09:34:03.434 (583808147)|VARIABLE_ASSIGNMENT|[8]|listNifs|[]|0x5d2730e
09:34:03.434 (583839247)|HEAP_ALLOCATE|[10]|Bytes:5
09:34:03.434 (583857749)|HEAP_ALLOCATE|[10]|Bytes:4
09:34:03.434 (583866554)|VARIABLE_SCOPE_BEGIN|[10]|inPasajero|Pasajero__c|true|false
09:34:03.434 (583987911)|VARIABLE_ASSIGNMENT|[10]|inPasajero|{"IsDeleted":false,"Edad__c":59,"Nif__c":"47898592A","Reserva__c":"a001r00000oUbboAAC","Name":"Pasajero0"}|0x4c696e4c
09:34:03.434 (583999861)|STATEMENT_EXECUTE|[10]
09:34:03.434 (584002444)|STATEMENT_EXECUTE|[11]
09:34:03.434 (584030572)|HEAP_ALLOCATE|[EXTERNAL]|Bytes:4
09:34:03.434 (584049015)|HEAP_ALLOCATE|[10]|Bytes:5
09:34:03.434 (584063757)|VARIABLE_ASSIGNMENT|[10]|inPasajero|null|
09:34:03.434 (584071900)|STATEMENT_EXECUTE|[17]
09:34:03.434 (584099060)|HEAP_ALLOCATE|[17]|Bytes:4
09:34:03.434 (584110541)|VARIABLE_SCOPE_BEGIN|[17]|mapContactos|Map<String,Contact>|true|false
09:34:03.434 (584133492)|VARIABLE_ASSIGNMENT|[17]|mapContactos|{}|0x4d0c2601
09:34:03.434 (584153636)|HEAP_ALLOCATE|[19]|Bytes:4
09:34:03.434 (584477244)|SOQL_EXECUTE_BEGIN|[19]|Aggregations:0|SELECT Id, Name, Nif__c FROM Contact 
09:34:03.434 (588276981)|SOQL_EXECUTE_END|[19]|Rows:0
09:34:03.434 (588470072)|HEAP_ALLOCATE|[19]|Bytes:28
09:34:03.434 (588500287)|HEAP_ALLOCATE|[19]|Bytes:8
09:34:03.434 (588523158)|HEAP_ALLOCATE|[19]|Bytes:8
09:34:03.434 (588537909)|VARIABLE_SCOPE_BEGIN|[15]|this|Database.QueryLocatorIterator|true|false
09:34:03.434 (588591034)|VARIABLE_ASSIGNMENT|[15]|this|{}|0x4f330285
09:34:03.434 (588601474)|VARIABLE_SCOPE_BEGIN|[15]|values|List<SObject>|true|false
09:34:03.434 (588619284)|VARIABLE_ASSIGNMENT|[15]|values|null|
09:34:03.434 (588626415)|VARIABLE_SCOPE_BEGIN|[15]|ql|Database.QueryLocator|true|false
09:34:03.434 (588651243)|VARIABLE_ASSIGNMENT|[15]|ql|{"query":"SELECT Id, Name, Nif (41 more) ..."}|0x3b10dc63
09:34:03.434 (588657527)|VARIABLE_SCOPE_BEGIN|[15]|totalNumRecords|Integer|false|false
09:34:03.434 (588666663)|VARIABLE_ASSIGNMENT|[15]|totalNumRecords|0
09:34:03.434 (588671590)|VARIABLE_SCOPE_BEGIN|[15]|queryMoreSize|Integer|false|false
09:34:03.434 (588679957)|VARIABLE_ASSIGNMENT|[15]|queryMoreSize|49999
09:34:03.434 (588752558)|HEAP_ALLOCATE|[19]|Bytes:28
09:34:03.434 (588776035)|METHOD_ENTRY|[19]||Database.QueryLocatorIterator.hasNext()
09:34:03.434 (588814255)|METHOD_EXIT|[19]||Database.QueryLocatorIterator.hasNext()
09:34:03.434 (588830406)|VARIABLE_ASSIGNMENT|[19]|inContact|null|
09:34:03.434 (588840932)|STATEMENT_EXECUTE|[19]
09:34:03.434 (588892780)|HEAP_ALLOCATE|[24]|Bytes:5
09:34:03.434 (588912962)|HEAP_ALLOCATE|[24]|Bytes:4
09:34:03.434 (588921598)|VARIABLE_SCOPE_BEGIN|[24]|inPasajero|Pasajero__c|true|false
09:34:03.434 (589071797)|VARIABLE_ASSIGNMENT|[24]|inPasajero|{"IsDeleted":false,"Edad__c":59,"Nif__c":"47898592A","Reserva__c":"a001r00000oUbboAAC","Name":"Pasajero0"}|0x4c696e4c
09:34:03.434 (589082555)|STATEMENT_EXECUTE|[24]
09:34:03.434 (589108218)|STATEMENT_EXECUTE|[25]
09:34:03.434 (589117068)|HEAP_ALLOCATE|[24]|Bytes:5
09:34:03.434 (589128349)|VARIABLE_ASSIGNMENT|[24]|inPasajero|null|
09:34:03.434 (589139599)|SYSTEM_MODE_EXIT|false
09:34:03.434 (589152850)|METHOD_EXIT|[10]|01p1r000008Zry1|PasajeroMethods.RellenarContacto(List<Pasajero__c>)
09:34:03.589 (589165675)|CUMULATIVE_LIMIT_USAGE
09:34:03.589 (589165675)|LIMIT_USAGE_FOR_NS|(default)|
  Number of SOQL queries: 2 out of 100
  Number of query rows: 1 out of 50000
  Number of SOSL queries: 0 out of 20
  Number of DML statements: 5 out of 150
  Number of DML rows: 5 out of 10000
  Maximum CPU time: 0 out of 10000
  Maximum heap size: 0 out of 6000000
  Number of callouts: 0 out of 100
  Number of Email Invocations: 0 out of 10
  Number of future calls: 0 out of 50
  Number of queueable jobs added to the queue: 0 out of 50
  Number of Mobile Apex push calls: 0 out of 10

09:34:03.589 (589165675)|CUMULATIVE_LIMIT_USAGE_END

09:34:03.434 (590346409)|CODE_UNIT_FINISHED|PasajeroTrigger on Pasajero trigger event BeforeInsert
09:34:03.434 (591207117)|DML_END|[78]
09:34:03.434 (591271865)|EXCEPTION_THROWN|[78]|System.DmlException: Insert failed. First exception on row 0; first error: FIELD_CUSTOM_VALIDATION_EXCEPTION, Error en el Nif!: []
09:34:03.434 (591720762)|HEAP_ALLOCATE|[78]|Bytes:113
09:34:03.434 (591763427)|VARIABLE_SCOPE_BEGIN|[80]|e|Exception|true|false
09:34:03.434 (591849170)|VARIABLE_ASSIGNMENT|[80]|e|"common.apex.runtime.impl.DmlExecutionException: Insert failed. First exception on row 0; first error: FIELD_CUSTOM_VALIDATION_EXCEPTION, Error en el Nif!: []"|0x64ce5232
09:34:03.434 (591865507)|STATEMENT_EXECUTE|[80]
09:34:03.434 (591869007)|STATEMENT_EXECUTE|[81]
09:34:03.434 (591921286)|HEAP_ALLOCATE|[81]|Bytes:109
09:34:03.591 (591992790)|CUMULATIVE_LIMIT_USAGE
09:34:03.591 (591992790)|LIMIT_USAGE_FOR_NS|(default)|
  Number of SOQL queries: 1 out of 100
  Number of query rows: 1 out of 50000
  Number of SOSL queries: 0 out of 20
  Number of DML statements: 5 out of 150
  Number of DML rows: 5 out of 10000
  Maximum CPU time: 0 out of 10000
  Maximum heap size: 0 out of 6000000
  Number of callouts: 0 out of 100
  Number of Email Invocations: 0 out of 10
  Number of future calls: 0 out of 50
  Number of queueable jobs added to the queue: 0 out of 50
  Number of Mobile Apex push calls: 0 out of 10

09:34:03.591 (591992790)|CUMULATIVE_LIMIT_USAGE_END

09:34:03.434 (592028698)|CODE_UNIT_FINISHED|PasajeroTest.ValidarNifTest
09:34:03.434 (593319021)|EXECUTION_FINISHED
09:34:03.741 (741364995)|USER_INFO|[EXTERNAL]|0051r000007Oz5Q|lydia.abril@gmail.com|hora estándar de Europa central|GMT+02:00
09:34:03.741 (741406190)|EXECUTION_STARTED
09:34:03.741 (741411276)|CODE_UNIT_STARTED|[EXTERNAL]|DuplicateDetector
09:34:03.741 (741429230)|DUPLICATE_DETECTION_BEGIN
09:34:03.741 (741527192)|DUPLICATE_DETECTION_RULE_INVOCATION|DuplicateRuleId:0Bm1r0000018X88|DuplicateRuleName:Standard Account Duplicate Rule|DmlType:INSERT
09:34:03.741 (751802648)|DUPLICATE_DETECTION_END
09:34:03.741 (751814694)|CODE_UNIT_FINISHED|DuplicateDetector
09:34:03.741 (752653821)|EXECUTION_FINISHED
09:34:03.753 (753585849)|USER_INFO|[EXTERNAL]|0051r000007Oz5Q|lydia.abril@gmail.com|hora estándar de Europa central|GMT+02:00
09:34:03.753 (753613367)|EXECUTION_STARTED
09:34:03.753 (753617969)|CODE_UNIT_STARTED|[EXTERNAL]|DuplicateDetector
09:34:03.753 (753632157)|DUPLICATE_DETECTION_BEGIN
09:34:03.753 (753714936)|DUPLICATE_DETECTION_RULE_INVOCATION|DuplicateRuleId:0Bm1r0000018X89|DuplicateRuleName:Standard Contact Duplicate Rule|DmlType:INSERT
09:34:03.753 (765477191)|DUPLICATE_DETECTION_END
09:34:03.753 (765490329)|CODE_UNIT_FINISHED|DuplicateDetector
09:34:03.753 (766346950)|EXECUTION_FINISHED
