36.0 APEX_CODE,FINEST;APEX_PROFILING,INFO;CALLOUT,INFO;DB,INFO;SYSTEM,DEBUG;VALIDATION,INFO;VISUALFORCE,INFO;WAVE,INFO;WORKFLOW,INFO
12:07:13.0 (466939)|USER_INFO|[EXTERNAL]|0051r000007Oz5Q|lydia.abril@gmail.com|hora estándar de Europa central|GMT+02:00
12:07:13.0 (529134)|EXECUTION_STARTED
12:07:13.0 (534956)|CODE_UNIT_STARTED|[EXTERNAL]|01p1r000009p5xn|TaskTest.testCerrarTarea
12:07:13.0 (774263)|HEAP_ALLOCATE|[72]|Bytes:3
12:07:13.0 (818229)|HEAP_ALLOCATE|[77]|Bytes:152
12:07:13.0 (835173)|HEAP_ALLOCATE|[342]|Bytes:408
12:07:13.0 (851300)|HEAP_ALLOCATE|[355]|Bytes:408
12:07:13.0 (864481)|HEAP_ALLOCATE|[467]|Bytes:48
12:07:13.0 (890240)|HEAP_ALLOCATE|[139]|Bytes:6
12:07:13.0 (905406)|HEAP_ALLOCATE|[EXTERNAL]|Bytes:95
12:07:13.0 (925787)|METHOD_ENTRY|[2]|01p1r000009p5xn|TaskTest.TaskTest()
12:07:13.0 (935894)|STATEMENT_EXECUTE|[2]
12:07:13.0 (940976)|STATEMENT_EXECUTE|[2]
12:07:13.0 (944684)|METHOD_EXIT|[2]|TaskTest
12:07:13.0 (1189450)|HEAP_ALLOCATE|[50]|Bytes:5
12:07:13.0 (1213230)|HEAP_ALLOCATE|[56]|Bytes:5
12:07:13.0 (1222743)|HEAP_ALLOCATE|[64]|Bytes:7
12:07:13.0 (1260642)|STATEMENT_EXECUTE|[4]
12:07:13.0 (1263247)|STATEMENT_EXECUTE|[6]
12:07:13.0 (1303230)|HEAP_ALLOCATE|[6]|Bytes:4
12:07:13.0 (1381063)|HEAP_ALLOCATE|[6]|Bytes:12
12:07:13.0 (1430618)|VARIABLE_ASSIGNMENT|[6]|this.Name|"CuentaParent"|0x72c4e053
12:07:13.0 (1464385)|VARIABLE_SCOPE_BEGIN|[6]|oAccountParent|Account|true|false
12:07:13.0 (1485440)|VARIABLE_ASSIGNMENT|[6]|oAccountParent|{"Name":"CuentaParent"}|0x72c4e053
12:07:13.0 (1492817)|STATEMENT_EXECUTE|[7]
12:07:13.0 (1514268)|HEAP_ALLOCATE|[7]|Bytes:8
12:07:13.0 (1523126)|DML_BEGIN|[7]|Op:Insert|Type:Account|Rows:1
12:07:13.0 (1565856)|HEAP_ALLOCATE|[EXTERNAL]|Bytes:8
12:07:13.0 (10887195)|CODE_UNIT_STARTED|[EXTERNAL]|DuplicateDetector
12:07:13.0 (10917601)|DUPLICATE_DETECTION_BEGIN
12:07:13.0 (11488193)|DUPLICATE_DETECTION_RULE_INVOCATION|DuplicateRuleId:0Bm1r0000018X88|DuplicateRuleName:Standard Account Duplicate Rule|DmlType:INSERT
12:07:13.0 (28966306)|DUPLICATE_DETECTION_MATCH_INVOCATION_DETAILS|EntityType:Account|ActionTaken:Allow_[Alert,Report]|DuplicateRecordIds:
12:07:13.0 (28992801)|DUPLICATE_DETECTION_MATCH_INVOCATION_SUMMARY|EntityType:Account|NumRecordsToBeSaved:1|NumRecordsToBeSavedWithDuplicates:0|NumDuplicateRecordsFound:0
12:07:13.0 (29092063)|DUPLICATE_DETECTION_END
12:07:13.0 (29099771)|CODE_UNIT_FINISHED|DuplicateDetector
12:07:13.0 (60502975)|DML_END|[7]
12:07:13.0 (60542281)|STATEMENT_EXECUTE|[9]
12:07:13.0 (60581758)|HEAP_ALLOCATE|[9]|Bytes:4
12:07:13.0 (60614345)|HEAP_ALLOCATE|[9]|Bytes:6
12:07:13.0 (60662962)|VARIABLE_ASSIGNMENT|[9]|this.Name|"Cuenta"|0xcf95348
12:07:13.0 (60704718)|VARIABLE_ASSIGNMENT|[9]|this.ParentId|"0011r00001nnbRbAAI"|0xcf95348
12:07:13.0 (60809571)|HEAP_ALLOCATE|[11]|Bytes:4
12:07:13.0 (60862073)|VARIABLE_ASSIGNMENT|[9]|this.Fecha_ltima_actividad_m_s_reciente__c|"2018-01-11T00:00:00.000Z"|0xcf95348
12:07:13.0 (60900657)|VARIABLE_SCOPE_BEGIN|[9]|oAccount|Account|true|false
12:07:13.0 (60927783)|VARIABLE_ASSIGNMENT|[9]|oAccount|{"Name":"Cuenta","ParentId":"0011r00001nnbRbAAI","Fecha_ltima_activida (17 more) ...":"2018-01-11T00:00:00.000Z"}|0xcf95348
12:07:13.0 (60937414)|STATEMENT_EXECUTE|[12]
12:07:13.0 (60956694)|HEAP_ALLOCATE|[12]|Bytes:8
12:07:13.0 (60964366)|DML_BEGIN|[12]|Op:Insert|Type:Account|Rows:1
12:07:13.0 (61007214)|HEAP_ALLOCATE|[EXTERNAL]|Bytes:8
12:07:13.0 (65157212)|CODE_UNIT_STARTED|[EXTERNAL]|DuplicateDetector
12:07:13.0 (65174003)|DUPLICATE_DETECTION_BEGIN
12:07:13.0 (65226453)|DUPLICATE_DETECTION_RULE_INVOCATION|DuplicateRuleId:0Bm1r0000018X88|DuplicateRuleName:Standard Account Duplicate Rule|DmlType:INSERT
12:07:13.0 (75759534)|DUPLICATE_DETECTION_MATCH_INVOCATION_DETAILS|EntityType:Account|ActionTaken:Allow_[Alert,Report]|DuplicateRecordIds:
12:07:13.0 (75783539)|DUPLICATE_DETECTION_MATCH_INVOCATION_SUMMARY|EntityType:Account|NumRecordsToBeSaved:1|NumRecordsToBeSavedWithDuplicates:0|NumDuplicateRecordsFound:0
12:07:13.0 (75897473)|DUPLICATE_DETECTION_END
12:07:13.0 (75905116)|CODE_UNIT_FINISHED|DuplicateDetector
12:07:13.0 (92462548)|DML_END|[12]
12:07:13.0 (92496507)|STATEMENT_EXECUTE|[14]
12:07:13.0 (92550577)|HEAP_ALLOCATE|[14]|Bytes:4
12:07:13.0 (92641900)|HEAP_ALLOCATE|[14]|Bytes:11
12:07:13.0 (92690505)|VARIABLE_ASSIGNMENT|[14]|this.Name|"Oportunidad"|0x13568e32
12:07:13.0 (92772936)|HEAP_ALLOCATE|[15]|Bytes:4
12:07:13.0 (92825840)|VARIABLE_ASSIGNMENT|[14]|this.CloseDate|"2020-01-11T00:00:00.000Z"|0x13568e32
12:07:13.0 (92834852)|HEAP_ALLOCATE|[16]|Bytes:11
12:07:13.0 (92852270)|VARIABLE_ASSIGNMENT|[14]|this.StageName|"Prospecting"|0x13568e32
12:07:13.0 (92888197)|VARIABLE_ASSIGNMENT|[14]|this.AccountId|"0011r00001nnbRcAAI"|0x13568e32
12:07:13.0 (92921802)|VARIABLE_SCOPE_BEGIN|[14]|oOpportunity|Opportunity|true|false
12:07:13.0 (92949388)|VARIABLE_ASSIGNMENT|[14]|oOpportunity|{"Name":"Oportunidad","CloseDate":"2020-01-11T00:00:00.000Z","StageName":"Prospecting","AccountId":"0011r00001nnbRcAAI"}|0x13568e32
12:07:13.0 (92958226)|STATEMENT_EXECUTE|[18]
12:07:13.0 (92975899)|HEAP_ALLOCATE|[18]|Bytes:8
12:07:13.0 (92983517)|DML_BEGIN|[18]|Op:Insert|Type:Opportunity|Rows:1
12:07:13.0 (93021471)|HEAP_ALLOCATE|[EXTERNAL]|Bytes:8
12:07:13.0 (131974525)|CODE_UNIT_STARTED|[EXTERNAL]|01q1r000000Bcgl|ClosedOpportunityTrigger on Opportunity trigger event AfterInsert
12:07:13.0 (132017341)|HEAP_ALLOCATE|[EXTERNAL]|Bytes:8
12:07:13.0 (132240894)|HEAP_ALLOCATE|[EXTERNAL]|Bytes:8
12:07:13.0 (132256439)|VARIABLE_SCOPE_BEGIN|[1]|this|ClosedOpportunityTrigger|true|false
12:07:13.0 (132312511)|VARIABLE_ASSIGNMENT|[1]|this|{}|0xfb52ce1
12:07:13.0 (132370520)|HEAP_ALLOCATE|[EXTERNAL]|Bytes:8
12:07:13.0 (132384856)|VARIABLE_SCOPE_BEGIN|[1]|this|ClosedOpportunityTrigger|true|false
12:07:13.0 (132399818)|VARIABLE_ASSIGNMENT|[1]|this|{}|0xfb52ce1
12:07:13.0 (132410694)|STATEMENT_EXECUTE|[1]
12:07:13.0 (132413988)|STATEMENT_EXECUTE|[3]
12:07:13.0 (132462365)|HEAP_ALLOCATE|[3]|Bytes:4
12:07:13.0 (132550749)|HEAP_ALLOCATE|[EXTERNAL]|Bytes:4
12:07:13.0 (132564843)|VARIABLE_ASSIGNMENT|[3]|this.taskList|[]|0xfb52ce1
12:07:13.0 (132574580)|HEAP_ALLOCATE|[5]|Bytes:89
12:07:13.0 (132593672)|HEAP_ALLOCATE|[5]|Bytes:4
12:07:13.0 (132604635)|HEAP_ALLOCATE|[5]|Bytes:7
12:07:13.0 (132943791)|SOQL_EXECUTE_BEGIN|[5]|Aggregations:0|SELECT Id, StageName FROM Opportunity 
12:07:13.0 (138082479)|SOQL_EXECUTE_END|[5]|Rows:0
12:07:13.0 (138232156)|HEAP_ALLOCATE|[5]|Bytes:54
12:07:13.0 (138242167)|HEAP_ALLOCATE|[5]|Bytes:8
12:07:13.0 (138269535)|SYSTEM_METHOD_ENTRY|[7]|QueryLocatorIterator.QueryLocatorIterator()
12:07:13.0 (138275664)|STATEMENT_EXECUTE|[7]
12:07:13.0 (138284583)|SYSTEM_METHOD_EXIT|[7]|QueryLocatorIterator
12:07:13.0 (138293066)|HEAP_ALLOCATE|[5]|Bytes:28
12:07:13.0 (138307743)|HEAP_ALLOCATE|[5]|Bytes:8
12:07:13.0 (138312110)|HEAP_ALLOCATE|[5]|Bytes:8
12:07:13.0 (138317673)|VARIABLE_SCOPE_BEGIN|[15]|this|Database.QueryLocatorIterator|true|false
12:07:13.0 (138385891)|VARIABLE_ASSIGNMENT|[15]|this|{}|0x64783334
12:07:13.0 (138397737)|VARIABLE_SCOPE_BEGIN|[15]|values|List<SObject>|true|false
12:07:13.0 (138408662)|VARIABLE_ASSIGNMENT|[15]|values|null|
12:07:13.0 (138413826)|VARIABLE_SCOPE_BEGIN|[15]|ql|Database.QueryLocator|true|false
12:07:13.0 (138433921)|VARIABLE_ASSIGNMENT|[15]|ql|{"query":"SELECT Id, StageName (69 more) ..."}|0x490d88f3
12:07:13.0 (138439858)|VARIABLE_SCOPE_BEGIN|[15]|totalNumRecords|Integer|false|false
12:07:13.0 (138449220)|VARIABLE_ASSIGNMENT|[15]|totalNumRecords|0
12:07:13.0 (138456974)|VARIABLE_SCOPE_BEGIN|[15]|queryMoreSize|Integer|false|false
12:07:13.0 (138464921)|VARIABLE_ASSIGNMENT|[15]|queryMoreSize|50000
12:07:13.0 (138559234)|HEAP_ALLOCATE|[5]|Bytes:28
12:07:13.0 (138579816)|METHOD_ENTRY|[5]||Database.QueryLocatorIterator.hasNext()
12:07:13.0 (138614905)|METHOD_EXIT|[5]||Database.QueryLocatorIterator.hasNext()
12:07:13.0 (138625176)|VARIABLE_ASSIGNMENT|[5]|opp|null|
12:07:13.0 (138632529)|STATEMENT_EXECUTE|[5]
12:07:13.0 (138677544)|STATEMENT_EXECUTE|[12]
12:07:13.138 (138683307)|CUMULATIVE_LIMIT_USAGE
12:07:13.138 (138683307)|LIMIT_USAGE_FOR_NS|(default)|
  Number of SOQL queries: 1 out of 100
  Number of query rows: 0 out of 50000
  Number of SOSL queries: 0 out of 20
  Number of DML statements: 3 out of 150
  Number of DML rows: 3 out of 10000
  Maximum CPU time: 0 out of 10000
  Maximum heap size: 0 out of 6000000
  Number of callouts: 0 out of 100
  Number of Email Invocations: 0 out of 10
  Number of future calls: 0 out of 50
  Number of queueable jobs added to the queue: 0 out of 50
  Number of Mobile Apex push calls: 0 out of 10

12:07:13.138 (138683307)|CUMULATIVE_LIMIT_USAGE_END

12:07:13.0 (139491094)|CODE_UNIT_FINISHED|ClosedOpportunityTrigger on Opportunity trigger event AfterInsert
12:07:13.0 (140616964)|DML_END|[18]
12:07:13.0 (140637495)|STATEMENT_EXECUTE|[20]
12:07:13.0 (140661800)|HEAP_ALLOCATE|[20]|Bytes:4
12:07:13.0 (140691323)|VARIABLE_SCOPE_BEGIN|[20]|listTask|List<Task>|true|false
12:07:13.0 (140702044)|HEAP_ALLOCATE|[EXTERNAL]|Bytes:4
12:07:13.0 (140712799)|VARIABLE_ASSIGNMENT|[20]|listTask|[]|0x4545c27f
12:07:13.0 (140720003)|STATEMENT_EXECUTE|[22]
12:07:13.0 (140738891)|HEAP_ALLOCATE|[22]|Bytes:4
12:07:13.0 (140809403)|HEAP_ALLOCATE|[22]|Bytes:4
12:07:13.0 (140859590)|VARIABLE_ASSIGNMENT|[22]|this.Subject|"Task"|0x6001b870
12:07:13.0 (140867018)|HEAP_ALLOCATE|[23]|Bytes:6
12:07:13.0 (140885055)|VARIABLE_ASSIGNMENT|[22]|this.Priority|"Normal"|0x6001b870
12:07:13.0 (140891800)|HEAP_ALLOCATE|[24]|Bytes:11
12:07:13.0 (140905134)|VARIABLE_ASSIGNMENT|[22]|this.Status|"Not Started"|0x6001b870
12:07:13.0 (140945675)|VARIABLE_ASSIGNMENT|[22]|this.WhatId|"0011r00001nnbRcAAI"|0x6001b870
12:07:13.0 (141002450)|HEAP_ALLOCATE|[26]|Bytes:4
12:07:13.0 (141054786)|VARIABLE_ASSIGNMENT|[22]|this.ActivityDate|"2020-01-11T00:00:00.000Z"|0x6001b870
12:07:13.0 (141083992)|VARIABLE_SCOPE_BEGIN|[22]|oTask|Task|true|false
12:07:13.0 (141107960)|VARIABLE_ASSIGNMENT|[22]|oTask|{"Subject":"Task","Priority":"Normal","Status":"Not Started","WhatId":"0011r00001nnbRcAAI","ActivityDate":"2020-01-11T00:00:00.000Z"}|0x6001b870
12:07:13.0 (141116578)|STATEMENT_EXECUTE|[28]
12:07:13.0 (141147876)|HEAP_ALLOCATE|[EXTERNAL]|Bytes:4
12:07:13.0 (141156946)|STATEMENT_EXECUTE|[30]
12:07:13.0 (141173265)|HEAP_ALLOCATE|[30]|Bytes:4
12:07:13.0 (141195793)|VARIABLE_ASSIGNMENT|[30]|this.Subject|"Task"|0x1e325514
12:07:13.0 (141210321)|VARIABLE_ASSIGNMENT|[30]|this.Priority|"Normal"|0x1e325514
12:07:13.0 (141222672)|VARIABLE_ASSIGNMENT|[30]|this.Status|"Not Started"|0x1e325514
12:07:13.0 (141250415)|VARIABLE_ASSIGNMENT|[30]|this.WhatId|"0061r00000vk6QiAAI"|0x1e325514
12:07:13.0 (141285496)|HEAP_ALLOCATE|[34]|Bytes:4
12:07:13.0 (141311876)|VARIABLE_ASSIGNMENT|[30]|this.ActivityDate|"2020-01-11T00:00:00.000Z"|0x1e325514
12:07:13.0 (141330057)|VARIABLE_SCOPE_BEGIN|[30]|oTask2|Task|true|false
12:07:13.0 (141347593)|VARIABLE_ASSIGNMENT|[30]|oTask2|{"Subject":"Task","Priority":"Normal","Status":"Not Started","WhatId":"0061r00000vk6QiAAI","ActivityDate":"2020-01-11T00:00:00.000Z"}|0x1e325514
12:07:13.0 (141355442)|STATEMENT_EXECUTE|[38]
12:07:13.0 (141421141)|USER_DEBUG|[38]|DEBUG|Task:{Subject=Task, Priority=Normal, Status=Not Started, WhatId=0011r00001nnbRcAAI, ActivityDate=2020-01-11 00:00:00}
12:07:13.0 (141434044)|STATEMENT_EXECUTE|[40]
12:07:13.0 (141464670)|USER_DEBUG|[40]|DEBUG|Task:{Subject=Task, Priority=Normal, Status=Not Started, WhatId=0061r00000vk6QiAAI, ActivityDate=2020-01-11 00:00:00}
12:07:13.0 (141589690)|HEAP_ALLOCATE|[42]|Bytes:5
12:07:13.0 (141607484)|HEAP_ALLOCATE|[42]|Bytes:24
12:07:13.0 (141617034)|VARIABLE_SCOPE_BEGIN|[42]|inTask|Task|true|false
12:07:13.0 (141637875)|VARIABLE_ASSIGNMENT|[42]|inTask|{"Subject":"Task","Priority":"Normal","Status":"Not Started","WhatId":"0011r00001nnbRcAAI","ActivityDate":"2020-01-11T00:00:00.000Z"}|0x6001b870
12:07:13.0 (141647269)|STATEMENT_EXECUTE|[42]
12:07:13.0 (141649191)|STATEMENT_EXECUTE|[43]
12:07:13.0 (141652495)|HEAP_ALLOCATE|[43]|Bytes:9
12:07:13.0 (141688694)|VARIABLE_ASSIGNMENT|[43]|this.Status|"Completed"|0x6001b870
12:07:13.0 (141703833)|HEAP_ALLOCATE|[42]|Bytes:5
12:07:13.0 (141715004)|VARIABLE_ASSIGNMENT|[42]|inTask|null|
12:07:13.0 (141721146)|STATEMENT_EXECUTE|[46]
12:07:13.0 (141756747)|USER_DEBUG|[46]|DEBUG|Task:{Subject=Task, Priority=Normal, Status=Completed, WhatId=0011r00001nnbRcAAI, ActivityDate=2020-01-11 00:00:00}
12:07:13.0 (141768254)|STATEMENT_EXECUTE|[48]
12:07:13.0 (141793630)|USER_DEBUG|[48]|DEBUG|Task:{Subject=Task, Priority=Normal, Status=Not Started, WhatId=0061r00000vk6QiAAI, ActivityDate=2020-01-11 00:00:00}
12:07:13.0 (141802017)|STATEMENT_EXECUTE|[50]
12:07:13.0 (141840570)|USER_DEBUG|[50]|DEBUG|(Task:{Subject=Task, Priority=Normal, Status=Completed, WhatId=0011r00001nnbRcAAI, ActivityDate=2020-01-11 00:00:00})
12:07:13.0 (141849879)|STATEMENT_EXECUTE|[52]
12:07:13.0 (141878426)|DML_BEGIN|[52]|Op:Update|Type:Task|Rows:1
12:07:13.0 (141906859)|HEAP_ALLOCATE|[EXTERNAL]|Bytes:8
12:07:13.0 (142633742)|DML_END|[52]
12:07:13.0 (142702995)|EXCEPTION_THROWN|[52]|System.DmlException: Update failed. First exception on row 0; first error: MISSING_ARGUMENT, Id not specified in an update call: []
12:07:13.0 (143091459)|HEAP_ALLOCATE|[52]|Bytes:114
12:07:13.0 (143181019)|FATAL_ERROR|System.DmlException: Update failed. First exception on row 0; first error: MISSING_ARGUMENT, Id not specified in an update call: []

Class.TaskTest.testCerrarTarea: line 52, column 1
12:07:13.0 (143194775)|FATAL_ERROR|System.DmlException: Update failed. First exception on row 0; first error: MISSING_ARGUMENT, Id not specified in an update call: []

Class.TaskTest.testCerrarTarea: line 52, column 1
12:07:13.143 (143201531)|CUMULATIVE_LIMIT_USAGE
12:07:13.143 (143201531)|LIMIT_USAGE_FOR_NS|(default)|
  Number of SOQL queries: 1 out of 100
  Number of query rows: 0 out of 50000
  Number of SOSL queries: 0 out of 20
  Number of DML statements: 4 out of 150
  Number of DML rows: 4 out of 10000
  Maximum CPU time: 0 out of 10000
  Maximum heap size: 0 out of 6000000
  Number of callouts: 0 out of 100
  Number of Email Invocations: 0 out of 10
  Number of future calls: 0 out of 50
  Number of queueable jobs added to the queue: 0 out of 50
  Number of Mobile Apex push calls: 0 out of 10

12:07:13.143 (143201531)|CUMULATIVE_LIMIT_USAGE_END

12:07:13.0 (143223099)|CODE_UNIT_FINISHED|TaskTest.testCerrarTarea
12:07:13.0 (143980665)|EXECUTION_FINISHED
12:07:13.285 (285860154)|USER_INFO|[EXTERNAL]|0051r000007Oz5Q|lydia.abril@gmail.com|hora estándar de Europa central|GMT+02:00
12:07:13.285 (285887259)|EXECUTION_STARTED
12:07:13.285 (285891843)|CODE_UNIT_STARTED|[EXTERNAL]|DuplicateDetector
12:07:13.285 (285903400)|DUPLICATE_DETECTION_BEGIN
12:07:13.285 (285953443)|DUPLICATE_DETECTION_RULE_INVOCATION|DuplicateRuleId:0Bm1r0000018X88|DuplicateRuleName:Standard Account Duplicate Rule|DmlType:INSERT
12:07:13.285 (294676682)|DUPLICATE_DETECTION_END
12:07:13.285 (294685592)|CODE_UNIT_FINISHED|DuplicateDetector
12:07:13.285 (295482466)|EXECUTION_FINISHED
