36.0 APEX_CODE,FINEST;APEX_PROFILING,INFO;CALLOUT,INFO;DB,INFO;SYSTEM,DEBUG;VALIDATION,INFO;VISUALFORCE,INFO;WAVE,INFO;WORKFLOW,INFO
12:34:12.0 (374565)|USER_INFO|[EXTERNAL]|0051r000007Oz5Q|lydia.abril@gmail.com|hora estándar de Europa central|GMT+02:00
12:34:12.0 (407946)|EXECUTION_STARTED
12:34:12.0 (412159)|CODE_UNIT_STARTED|[EXTERNAL]|01q1r000000j6Yv|TaskTrigger on Task trigger event AfterUpdate
12:34:12.0 (458555)|HEAP_ALLOCATE|[EXTERNAL]|Bytes:8
12:34:12.0 (506314)|HEAP_ALLOCATE|[EXTERNAL]|Bytes:8
12:34:12.0 (964499)|HEAP_ALLOCATE|[72]|Bytes:3
12:34:12.0 (1037020)|HEAP_ALLOCATE|[77]|Bytes:152
12:34:12.0 (1057729)|HEAP_ALLOCATE|[342]|Bytes:408
12:34:12.0 (1077691)|HEAP_ALLOCATE|[355]|Bytes:408
12:34:12.0 (1096777)|HEAP_ALLOCATE|[467]|Bytes:48
12:34:12.0 (1132196)|HEAP_ALLOCATE|[139]|Bytes:6
12:34:12.0 (1285912)|HEAP_ALLOCATE|[EXTERNAL]|Bytes:12
12:34:12.0 (1326129)|VARIABLE_SCOPE_BEGIN|[1]|this|TaskTrigger|true|false
12:34:12.0 (1428217)|VARIABLE_ASSIGNMENT|[1]|this|{}|0x5f807b2a
12:34:12.0 (1511765)|HEAP_ALLOCATE|[EXTERNAL]|Bytes:12
12:34:12.0 (1590696)|VARIABLE_SCOPE_BEGIN|[1]|this|TaskTrigger|true|false
12:34:12.0 (1614894)|VARIABLE_ASSIGNMENT|[1]|this|{}|0x5f807b2a
12:34:12.0 (1629198)|STATEMENT_EXECUTE|[1]
12:34:12.0 (1632678)|STATEMENT_EXECUTE|[3]
12:34:12.0 (1672533)|HEAP_ALLOCATE|[50]|Bytes:5
12:34:12.0 (1696466)|HEAP_ALLOCATE|[56]|Bytes:5
12:34:12.0 (1709326)|HEAP_ALLOCATE|[64]|Bytes:7
12:34:12.0 (2981226)|VARIABLE_ASSIGNMENT|[3]|this.listNew|[{"Status":"Completed","LastModifiedDate":"2018-04-17T10:34:12.000Z","IsDeleted":false,"AccountId":"0011r00001nnRDqAAM","WhatId":"0011r00001nnRDqAAM","ActivityDate":"2018-04-12T00:00:00.000Z","Priority":"Normal","IsHighPriority":false,"IsClosed":true,"IsRecurrence":false,"Subject":"aaaaaa","SystemModstamp":"2018-04-17T10:34:12.000Z","IsArchived":false,"CreatedById":"0051r000007Oz5QAAS","TaskSubtype":"Task","OwnerId":"0051r000007Oz5QAAS","CreatedDate":"2018-04-17T10:34:04.000Z","Id":"00T1r00004COfenEAD","DB_Activity_Type__c":"Other","IsReminderSet":false,"LastModifiedById":"0051r000007Oz5QAAS"}]|0x5f807b2a
12:34:12.0 (3002594)|STATEMENT_EXECUTE|[5]
12:34:12.0 (3456631)|VARIABLE_ASSIGNMENT|[5]|this.mapOld|{"00T1r00004COfenEAD":{"Status":"Not Started","LastModifiedDate":"2018-04-17T10:34:04.000Z","IsDeleted":false,"AccountId":"0011r00001nnRDqAAM","WhatId":"0011r00001nnRDqAAM","ActivityDate":"2018-04-12T00:00:00.000Z","Priority":"Normal","IsHighPriority":false,"IsClosed":false,"IsRecurrence":false,"Subject":"aaaaaa","SystemModstamp":"2018-04-17T10:34:04.000Z","IsArchived":false,"CreatedById":"0051r000007Oz5QAAS","TaskSubtype":"Task","OwnerId":"0051r000007Oz5QAAS","CreatedDate":"2018-04-17T10:34:04.000Z","Id":"00T1r00004COfenEAD","DB_Activity_Type__c":"Other","IsReminderSet":false,"LastModifiedById":"0051r000007Oz5QAAS"}}|0x5f807b2a
12:34:12.0 (3485032)|STATEMENT_EXECUTE|[8]
12:34:12.0 (3490758)|STATEMENT_EXECUTE|[9]
12:34:12.0 (3492444)|STATEMENT_EXECUTE|[10]
12:34:12.0 (14422944)|HEAP_ALLOCATE|[10]|Bytes:4
12:34:12.0 (14439085)|HEAP_ALLOCATE|[10]|Bytes:17
12:34:12.0 (14482780)|METHOD_ENTRY|[1]|01p1r000009oS6S|TaskMethods.TaskMethods()
12:34:12.0 (14493158)|STATEMENT_EXECUTE|[1]
12:34:12.0 (14500164)|STATEMENT_EXECUTE|[1]
12:34:12.0 (14967892)|SYSTEM_MODE_ENTER|false
12:34:12.0 (14981837)|HEAP_ALLOCATE|[10]|Bytes:5
12:34:12.0 (14990617)|SYSTEM_MODE_EXIT|false
12:34:12.0 (15016761)|METHOD_EXIT|[1]|TaskMethods
12:34:12.0 (15068146)|METHOD_ENTRY|[10]|01p1r000009oS6S|TaskMethods.CerrarTarea(List<Task>, Map<Id,Task>)
12:34:12.0 (15112585)|VARIABLE_SCOPE_BEGIN|[3]|listTask|List<Task>|true|false
12:34:12.0 (15564687)|VARIABLE_ASSIGNMENT|[3]|listTask|[{"Status":"Completed","LastModifiedDate":"2018-04-17T10:34:12.000Z","IsDeleted":false,"AccountId":"0011r00001nnRDqAAM","WhatId":"0011r00001nnRDqAAM","ActivityDate":"2018-04-12T00:00:00.000Z","Priority":"Normal","IsHighPriority":false,"IsClosed":true,"IsRecurrence":false,"Subject":"aaaaaa","SystemModstamp":"2018-04-17T10:34:12.000Z","IsArchived":false,"CreatedById":"0051r000007Oz5QAAS","TaskSubtype":"Task","OwnerId":"0051r000007Oz5QAAS","CreatedDate":"2018-04-17T10:34:04.000Z","Id":"00T1r00004COfenEAD","DB_Activity_Type__c":"Other","IsReminderSet":false,"LastModifiedById":"0051r000007Oz5QAAS"}]|0x325d8f16
12:34:12.0 (15591626)|VARIABLE_SCOPE_BEGIN|[3]|mapTaskOld|Map<Id,Task>|true|false
12:34:12.0 (16052601)|VARIABLE_ASSIGNMENT|[3]|mapTaskOld|{"00T1r00004COfenEAD":{"Status":"Not Started","LastModifiedDate":"2018-04-17T10:34:04.000Z","IsDeleted":false,"AccountId":"0011r00001nnRDqAAM","WhatId":"0011r00001nnRDqAAM","ActivityDate":"2018-04-12T00:00:00.000Z","Priority":"Normal","IsHighPriority":false,"IsClosed":false,"IsRecurrence":false,"Subject":"aaaaaa","SystemModstamp":"2018-04-17T10:34:04.000Z","IsArchived":false,"CreatedById":"0051r000007Oz5QAAS","TaskSubtype":"Task","OwnerId":"0051r000007Oz5QAAS","CreatedDate":"2018-04-17T10:34:04.000Z","Id":"00T1r00004COfenEAD","DB_Activity_Type__c":"Other","IsReminderSet":false,"LastModifiedById":"0051r000007Oz5QAAS"}}|0x3c432e51
12:34:12.0 (16092357)|SYSTEM_MODE_ENTER|false
12:34:12.0 (16103709)|HEAP_ALLOCATE|[5]|Bytes:5
12:34:12.0 (16115945)|STATEMENT_EXECUTE|[3]
12:34:12.0 (16262984)|STATEMENT_EXECUTE|[5]
12:34:12.0 (16266178)|STATEMENT_EXECUTE|[9]
12:34:12.0 (16282043)|HEAP_ALLOCATE|[9]|Bytes:4
12:34:12.0 (16359197)|VARIABLE_SCOPE_BEGIN|[9]|setTaskIds|Set<String>|true|false
12:34:12.0 (16389889)|VARIABLE_ASSIGNMENT|[9]|setTaskIds|[]|0x4564ffa4
12:34:12.0 (16519652)|HEAP_ALLOCATE|[11]|Bytes:5
12:34:12.0 (16552512)|VARIABLE_SCOPE_BEGIN|[11]|inTask|Task|true|false
12:34:12.0 (16785227)|VARIABLE_ASSIGNMENT|[11]|inTask|{"Status":"Completed","LastModifiedDate":"2018-04-17T10:34:12.000Z","IsDeleted":false,"AccountId":"0011r00001nnRDqAAM","WhatId":"0011r00001nnRDqAAM","ActivityDate":"2018-04-12T00:00:00.000Z","Priority":"Normal","IsHighPriority":false,"IsClosed":true,"IsRecurrence":false,"Subject":"aaaaaa","SystemModstamp":"2018-04-17T10:34:12.000Z","IsArchived":false,"CreatedById":"0051r000007Oz5QAAS","TaskSubtype":"Task","OwnerId":"0051r000007Oz5QAAS","CreatedDate":"2018-04-17T10:34:04.000Z","Id":"00T1r00004COfenEAD","DB_Activity_Type__c":"Other","IsReminderSet":false,"LastModifiedById":"0051r000007Oz5QAAS"}|0x3e0b69a5
12:34:12.0 (16801111)|STATEMENT_EXECUTE|[11]
12:34:12.0 (16890110)|HEAP_ALLOCATE|[12]|Bytes:9
12:34:12.0 (16927401)|STATEMENT_EXECUTE|[12]
12:34:12.0 (16929755)|STATEMENT_EXECUTE|[13]
12:34:12.0 (16965778)|HEAP_ALLOCATE|[EXTERNAL]|Bytes:4
12:34:12.0 (16983896)|HEAP_ALLOCATE|[11]|Bytes:5
12:34:12.0 (16997955)|VARIABLE_ASSIGNMENT|[11]|inTask|null|
12:34:12.0 (17003683)|STATEMENT_EXECUTE|[19]
12:34:12.0 (17020307)|HEAP_ALLOCATE|[19]|Bytes:4
12:34:12.0 (17040093)|HEAP_ALLOCATE|[19]|Bytes:140
12:34:12.0 (17053646)|HEAP_ALLOCATE|[19]|Bytes:4
12:34:12.0 (17062867)|HEAP_ALLOCATE|[19]|Bytes:7
12:34:12.0 (17090076)|HEAP_ALLOCATE|[19]|Bytes:8
12:34:12.0 (17098700)|HEAP_ALLOCATE|[19]|Bytes:8
12:34:12.0 (18056386)|SOQL_EXECUTE_BEGIN|[19]|Aggregations:0|SELECT WhatId, ActivityDate, TYPEOF What WHEN Account THEN ParentId WHEN Opportunity THEN Account.ParentId END FROM Task WHERE Id = :tmpVar1
12:34:12.0 (33069388)|SOQL_EXECUTE_END|[19]|Rows:1
12:34:12.0 (33109512)|HEAP_ALLOCATE|[19]|Bytes:8
12:34:12.0 (33164880)|HEAP_ALLOCATE|[19]|Bytes:143
12:34:12.0 (33220967)|HEAP_ALLOCATE|[19]|Bytes:8
12:34:12.0 (33273117)|HEAP_ALLOCATE|[19]|Bytes:20
12:34:12.0 (33281258)|HEAP_ALLOCATE|[19]|Bytes:20
12:34:12.0 (33287139)|HEAP_ALLOCATE|[19]|Bytes:4
12:34:12.0 (33301146)|VARIABLE_SCOPE_BEGIN|[19]|listTaskType|List<Task>|true|false
12:34:12.0 (33320624)|HEAP_ALLOCATE|[EXTERNAL]|Bytes:8
12:34:12.0 (33380568)|VARIABLE_ASSIGNMENT|[19]|listTaskType|[{"WhatId":"0011r00001nnRDqAAM","ActivityDate":"2018-04-12T00:00:00.000Z","Id":"00T1r00004COfenEAD","What":{"Id":"0011r00001nnRDqAAM","ParentId":"0011r00001mvH7mAAE"}}]|0x3d41c38e
12:34:12.0 (33397071)|STATEMENT_EXECUTE|[30]
12:34:12.0 (33472507)|HEAP_ALLOCATE|[30]|Bytes:4
12:34:12.0 (33558055)|HEAP_ALLOCATE|[30]|Bytes:133
12:34:12.0 (33574324)|HEAP_ALLOCATE|[30]|Bytes:4
12:34:12.0 (34904132)|SOQL_EXECUTE_BEGIN|[30]|Aggregations:0|SELECT TYPEOF What WHEN Account THEN Phone, NumberOfEmployees WHEN Opportunity THEN Amount, CloseDate ELSE Name, Email END FROM Event
12:34:12.0 (39148778)|SOQL_EXECUTE_END|[30]|Rows:3
12:34:12.0 (39170935)|HEAP_ALLOCATE|[30]|Bytes:16
12:34:12.0 (39212803)|HEAP_ALLOCATE|[30]|Bytes:223
12:34:12.0 (39258947)|HEAP_ALLOCATE|[30]|Bytes:16
12:34:12.0 (39283991)|HEAP_ALLOCATE|[30]|Bytes:16
12:34:12.0 (39289348)|HEAP_ALLOCATE|[30]|Bytes:16
12:34:12.0 (39293793)|HEAP_ALLOCATE|[30]|Bytes:16
12:34:12.0 (39297002)|HEAP_ALLOCATE|[30]|Bytes:16
12:34:12.0 (39300641)|HEAP_ALLOCATE|[30]|Bytes:12
12:34:12.0 (39309985)|VARIABLE_SCOPE_BEGIN|[30]|pruebaEvent|List<Event>|true|false
12:34:12.0 (39319876)|HEAP_ALLOCATE|[EXTERNAL]|Bytes:16
12:34:12.0 (39340299)|VARIABLE_ASSIGNMENT|[30]|pruebaEvent|[{"WhatId":"0011r00001nnRDqAAM","Id":"00U1r00000nfGsxEAE","What":{"Id":"0011r00001nnRDqAAM"}},{"WhatId":"0011r00001nnRDqAAM","Id":"00U1r00000nfGt7EAE","What":{"Id":"0011r00001nnRDqAAM"}},{"WhatId":"0011r00001nnRDqAAM","Id":"00U1r00000nfGtbEAE","What":{"Id":"0011r00001nnRDqAAM"}}]|0x734eb05c
12:34:12.0 (39350860)|STATEMENT_EXECUTE|[39]
12:34:12.0 (39355083)|HEAP_ALLOCATE|[39]|Bytes:39
12:34:12.0 (39458289)|HEAP_ALLOCATE|[39]|Bytes:174
12:34:12.0 (39479859)|HEAP_ALLOCATE|[39]|Bytes:213
12:34:12.0 (39499930)|USER_DEBUG|[39]|DEBUG|TaskMethods.CerrarTarea.pruebaEvent :: (Event:{WhatId=0011r00001nnRDqAAM, Id=00U1r00000nfGsxEAE}, Event:{WhatId=0011r00001nnRDqAAM, Id=00U1r00000nfGt7EAE}, Event:{WhatId=0011r00001nnRDqAAM, Id=00U1r00000nfGtbEAE})
12:34:12.0 (39515942)|SYSTEM_MODE_EXIT|false
12:34:12.0 (39529864)|METHOD_EXIT|[10]|01p1r000009oS6S|TaskMethods.CerrarTarea(List<Task>, Map<Id,Task>)
12:34:12.39 (39543602)|CUMULATIVE_LIMIT_USAGE
12:34:12.39 (39543602)|LIMIT_USAGE_FOR_NS|(default)|
  Number of SOQL queries: 2 out of 100
  Number of query rows: 4 out of 50000
  Number of SOSL queries: 0 out of 20
  Number of DML statements: 0 out of 150
  Number of DML rows: 0 out of 10000
  Maximum CPU time: 0 out of 10000
  Maximum heap size: 0 out of 6000000
  Number of callouts: 0 out of 100
  Number of Email Invocations: 0 out of 10
  Number of future calls: 0 out of 50
  Number of queueable jobs added to the queue: 0 out of 50
  Number of Mobile Apex push calls: 0 out of 10

12:34:12.39 (39543602)|CUMULATIVE_LIMIT_USAGE_END

12:34:12.0 (40732342)|CODE_UNIT_FINISHED|TaskTrigger on Task trigger event AfterUpdate
12:34:12.0 (41491227)|EXECUTION_FINISHED
