36.0 APEX_CODE,FINEST;APEX_PROFILING,INFO;CALLOUT,INFO;DB,INFO;SYSTEM,DEBUG;VALIDATION,INFO;VISUALFORCE,INFO;WAVE,INFO;WORKFLOW,INFO
14:07:26.0 (342497)|USER_INFO|[EXTERNAL]|0051r000007Oz5Q|lydia.abril@gmail.com|hora estándar de Europa central|GMT+02:00
14:07:26.0 (378005)|EXECUTION_STARTED
14:07:26.0 (383458)|CODE_UNIT_STARTED|[EXTERNAL]|01q1r000000j6Yv|TaskTrigger on Task trigger event AfterUpdate
14:07:26.0 (430550)|HEAP_ALLOCATE|[EXTERNAL]|Bytes:8
14:07:26.0 (473770)|HEAP_ALLOCATE|[EXTERNAL]|Bytes:8
14:07:26.0 (852086)|HEAP_ALLOCATE|[72]|Bytes:3
14:07:26.0 (895496)|HEAP_ALLOCATE|[77]|Bytes:152
14:07:26.0 (910828)|HEAP_ALLOCATE|[342]|Bytes:408
14:07:26.0 (923355)|HEAP_ALLOCATE|[355]|Bytes:408
14:07:26.0 (935202)|HEAP_ALLOCATE|[467]|Bytes:48
14:07:26.0 (960812)|HEAP_ALLOCATE|[139]|Bytes:6
14:07:26.0 (1107630)|HEAP_ALLOCATE|[EXTERNAL]|Bytes:12
14:07:26.0 (1123236)|VARIABLE_SCOPE_BEGIN|[1]|this|TaskTrigger|true|false
14:07:26.0 (1188613)|VARIABLE_ASSIGNMENT|[1]|this|{}|0x76087ec2
14:07:26.0 (1246663)|HEAP_ALLOCATE|[EXTERNAL]|Bytes:12
14:07:26.0 (1300357)|VARIABLE_SCOPE_BEGIN|[1]|this|TaskTrigger|true|false
14:07:26.0 (1315876)|VARIABLE_ASSIGNMENT|[1]|this|{}|0x76087ec2
14:07:26.0 (1325539)|STATEMENT_EXECUTE|[1]
14:07:26.0 (1327980)|STATEMENT_EXECUTE|[3]
14:07:26.0 (1361932)|HEAP_ALLOCATE|[50]|Bytes:5
14:07:26.0 (1383627)|HEAP_ALLOCATE|[56]|Bytes:5
14:07:26.0 (1392513)|HEAP_ALLOCATE|[64]|Bytes:7
14:07:26.0 (2446234)|VARIABLE_ASSIGNMENT|[3]|this.listNew|[{"Status":"Completed","LastModifiedDate":"2018-04-16T12:07:25.000Z","IsDeleted":false,"AccountId":"0011r00001nnRDqAAM","WhatId":"0011r00001nnRDqAAM","Priority":"Normal","IsHighPriority":false,"IsClosed":true,"IsRecurrence":false,"Subject":"akakka","SystemModstamp":"2018-04-16T12:07:25.000Z","IsArchived":false,"CreatedById":"0051r000007Oz5QAAS","TaskSubtype":"Task","OwnerId":"0051r000007Oz5QAAS","CreatedDate":"2018-04-16T10:41:02.000Z","Id":"00T1r00004C7HtmEAF","DB_Activity_Type__c":"Other","IsReminderSet":false,"LastModifiedById":"0051r000007Oz5QAAS"}]|0x76087ec2
14:07:26.0 (2465927)|STATEMENT_EXECUTE|[5]
14:07:26.0 (2791790)|VARIABLE_ASSIGNMENT|[5]|this.mapOld|{"00T1r00004C7HtmEAF":{"Status":"Not Started","LastModifiedDate":"2018-04-16T10:41:02.000Z","IsDeleted":false,"AccountId":"0011r00001nnRDqAAM","WhatId":"0011r00001nnRDqAAM","Priority":"Normal","IsHighPriority":false,"IsClosed":false,"IsRecurrence":false,"Subject":"akakka","SystemModstamp":"2018-04-16T10:41:02.000Z","IsArchived":false,"CreatedById":"0051r000007Oz5QAAS","TaskSubtype":"Task","OwnerId":"0051r000007Oz5QAAS","CreatedDate":"2018-04-16T10:41:02.000Z","Id":"00T1r00004C7HtmEAF","DB_Activity_Type__c":"Other","IsReminderSet":false,"LastModifiedById":"0051r000007Oz5QAAS"}}|0x76087ec2
14:07:26.0 (2827005)|STATEMENT_EXECUTE|[8]
14:07:26.0 (2836194)|STATEMENT_EXECUTE|[9]
14:07:26.0 (2839121)|STATEMENT_EXECUTE|[10]
14:07:26.0 (13025928)|HEAP_ALLOCATE|[10]|Bytes:4
14:07:26.0 (13042444)|HEAP_ALLOCATE|[10]|Bytes:19
14:07:26.0 (13077527)|METHOD_ENTRY|[1]|01p1r000009oS6S|TaskMethods.TaskMethods()
14:07:26.0 (13089208)|STATEMENT_EXECUTE|[1]
14:07:26.0 (13097347)|STATEMENT_EXECUTE|[1]
14:07:26.0 (13617495)|SYSTEM_MODE_ENTER|false
14:07:26.0 (13642273)|HEAP_ALLOCATE|[10]|Bytes:5
14:07:26.0 (13656367)|SYSTEM_MODE_EXIT|false
14:07:26.0 (13669810)|METHOD_EXIT|[1]|TaskMethods
14:07:26.0 (13713146)|METHOD_ENTRY|[10]|01p1r000009oS6S|TaskMethods.CerrarTarea(List<Task>, Map<Id,Task>)
14:07:26.0 (13763336)|VARIABLE_SCOPE_BEGIN|[3]|listTask|List<Task>|true|false
14:07:26.0 (14087228)|VARIABLE_ASSIGNMENT|[3]|listTask|[{"Status":"Completed","LastModifiedDate":"2018-04-16T12:07:25.000Z","IsDeleted":false,"AccountId":"0011r00001nnRDqAAM","WhatId":"0011r00001nnRDqAAM","Priority":"Normal","IsHighPriority":false,"IsClosed":true,"IsRecurrence":false,"Subject":"akakka","SystemModstamp":"2018-04-16T12:07:25.000Z","IsArchived":false,"CreatedById":"0051r000007Oz5QAAS","TaskSubtype":"Task","OwnerId":"0051r000007Oz5QAAS","CreatedDate":"2018-04-16T10:41:02.000Z","Id":"00T1r00004C7HtmEAF","DB_Activity_Type__c":"Other","IsReminderSet":false,"LastModifiedById":"0051r000007Oz5QAAS"}]|0x18478ed7
14:07:26.0 (14115378)|VARIABLE_SCOPE_BEGIN|[3]|mapTaskOld|Map<Id,Task>|true|false
14:07:26.0 (14495976)|VARIABLE_ASSIGNMENT|[3]|mapTaskOld|{"00T1r00004C7HtmEAF":{"Status":"Not Started","LastModifiedDate":"2018-04-16T10:41:02.000Z","IsDeleted":false,"AccountId":"0011r00001nnRDqAAM","WhatId":"0011r00001nnRDqAAM","Priority":"Normal","IsHighPriority":false,"IsClosed":false,"IsRecurrence":false,"Subject":"akakka","SystemModstamp":"2018-04-16T10:41:02.000Z","IsArchived":false,"CreatedById":"0051r000007Oz5QAAS","TaskSubtype":"Task","OwnerId":"0051r000007Oz5QAAS","CreatedDate":"2018-04-16T10:41:02.000Z","Id":"00T1r00004C7HtmEAF","DB_Activity_Type__c":"Other","IsReminderSet":false,"LastModifiedById":"0051r000007Oz5QAAS"}}|0x7dd80a
14:07:26.0 (14532386)|SYSTEM_MODE_ENTER|false
14:07:26.0 (14543597)|HEAP_ALLOCATE|[5]|Bytes:5
14:07:26.0 (14554345)|STATEMENT_EXECUTE|[3]
14:07:26.0 (14660424)|STATEMENT_EXECUTE|[5]
14:07:26.0 (14664190)|STATEMENT_EXECUTE|[7]
14:07:26.0 (14687554)|HEAP_ALLOCATE|[7]|Bytes:4
14:07:26.0 (14739570)|VARIABLE_SCOPE_BEGIN|[7]|setWhatIds|Set<String>|true|false
14:07:26.0 (14779744)|VARIABLE_ASSIGNMENT|[7]|setWhatIds|[]|0x4b835461
14:07:26.0 (14790534)|STATEMENT_EXECUTE|[9]
14:07:26.0 (14823002)|HEAP_ALLOCATE|[9]|Bytes:4
14:07:26.0 (14870723)|VARIABLE_SCOPE_BEGIN|[9]|setTaskIds|Set<String>|true|false
14:07:26.0 (14896622)|VARIABLE_ASSIGNMENT|[9]|setTaskIds|[]|0x6f164af0
14:07:26.0 (15076213)|HEAP_ALLOCATE|[11]|Bytes:5
14:07:26.0 (15111061)|VARIABLE_SCOPE_BEGIN|[11]|inTask|Task|true|false
14:07:26.0 (15408961)|VARIABLE_ASSIGNMENT|[11]|inTask|{"Status":"Completed","LastModifiedDate":"2018-04-16T12:07:25.000Z","IsDeleted":false,"AccountId":"0011r00001nnRDqAAM","WhatId":"0011r00001nnRDqAAM","Priority":"Normal","IsHighPriority":false,"IsClosed":true,"IsRecurrence":false,"Subject":"akakka","SystemModstamp":"2018-04-16T12:07:25.000Z","IsArchived":false,"CreatedById":"0051r000007Oz5QAAS","TaskSubtype":"Task","OwnerId":"0051r000007Oz5QAAS","CreatedDate":"2018-04-16T10:41:02.000Z","Id":"00T1r00004C7HtmEAF","DB_Activity_Type__c":"Other","IsReminderSet":false,"LastModifiedById":"0051r000007Oz5QAAS"}|0x7295dd45
14:07:26.0 (15433164)|STATEMENT_EXECUTE|[11]
14:07:26.0 (15555213)|HEAP_ALLOCATE|[12]|Bytes:9
14:07:26.0 (15617875)|STATEMENT_EXECUTE|[12]
14:07:26.0 (15621481)|STATEMENT_EXECUTE|[13]
14:07:26.0 (15696457)|HEAP_ALLOCATE|[EXTERNAL]|Bytes:4
14:07:26.0 (15714646)|STATEMENT_EXECUTE|[14]
14:07:26.0 (15747448)|HEAP_ALLOCATE|[EXTERNAL]|Bytes:4
14:07:26.0 (15770824)|HEAP_ALLOCATE|[11]|Bytes:5
14:07:26.0 (15790265)|VARIABLE_ASSIGNMENT|[11]|inTask|null|
14:07:26.0 (15799421)|STATEMENT_EXECUTE|[18]
14:07:26.0 (15804133)|HEAP_ALLOCATE|[18]|Bytes:38
14:07:26.0 (15870999)|HEAP_ALLOCATE|[18]|Bytes:20
14:07:26.0 (15900213)|HEAP_ALLOCATE|[18]|Bytes:58
14:07:26.0 (15921025)|USER_DEBUG|[18]|DEBUG|TaskMethods.CerrarTarea.setWhatIds :: {0011r00001nnRDqAAM}
14:07:26.0 (15930361)|STATEMENT_EXECUTE|[41]
14:07:26.0 (15951820)|HEAP_ALLOCATE|[41]|Bytes:4
14:07:26.0 (15973853)|HEAP_ALLOCATE|[41]|Bytes:230
14:07:26.0 (15991443)|HEAP_ALLOCATE|[41]|Bytes:4
14:07:26.0 (15999645)|HEAP_ALLOCATE|[41]|Bytes:7
14:07:26.0 (16009748)|HEAP_ALLOCATE|[41]|Bytes:7
14:07:26.0 (16038209)|HEAP_ALLOCATE|[41]|Bytes:8
14:07:26.0 (16046850)|HEAP_ALLOCATE|[41]|Bytes:8
14:07:26.0 (16056698)|HEAP_ALLOCATE|[41]|Bytes:8
14:07:26.0 (16061878)|HEAP_ALLOCATE|[41]|Bytes:8
14:07:26.0 (16960732)|SOQL_EXECUTE_BEGIN|[41]|Aggregations:0|SELECT TYPEOF What WHEN Account THEN ParentId, Fecha_ultima_actividad_mas_reciente__c WHEN Opportunity THEN Account.ParentId, Account.Fecha_ultima_actividad_mas_reciente__c END FROM Task WHERE (WhatId = :tmpVar1 AND Id = :tmpVar2)
14:07:26.0 (26930420)|SOQL_EXECUTE_END|[41]|Rows:1
14:07:26.0 (26960372)|HEAP_ALLOCATE|[41]|Bytes:8
14:07:26.0 (26986549)|HEAP_ALLOCATE|[41]|Bytes:123
14:07:26.0 (27018698)|HEAP_ALLOCATE|[41]|Bytes:8
14:07:26.0 (27060846)|HEAP_ALLOCATE|[41]|Bytes:16
14:07:26.0 (27069842)|HEAP_ALLOCATE|[41]|Bytes:16
14:07:26.0 (27076950)|HEAP_ALLOCATE|[41]|Bytes:4
14:07:26.0 (27088809)|VARIABLE_SCOPE_BEGIN|[41]|listTaskType|List<Task>|true|false
14:07:26.0 (27101174)|HEAP_ALLOCATE|[EXTERNAL]|Bytes:8
14:07:26.0 (27128852)|VARIABLE_ASSIGNMENT|[41]|listTaskType|[{"WhatId":"0011r00001nnRDqAAM","Id":"00T1r00004C7HtmEAF","What":{"Id":"0011r00001nnRDqAAM","ParentId":"0011r00001mvH7mAAE"}}]|0x477acd8b
14:07:26.0 (27141516)|STATEMENT_EXECUTE|[50]
14:07:26.0 (27147157)|HEAP_ALLOCATE|[50]|Bytes:40
14:07:26.0 (27232139)|HEAP_ALLOCATE|[50]|Bytes:57
14:07:26.0 (27249145)|HEAP_ALLOCATE|[50]|Bytes:97
14:07:26.0 (27263357)|USER_DEBUG|[50]|DEBUG|TaskMethods.CerrarTarea.listTaskType :: (Task:{WhatId=0011r00001nnRDqAAM, Id=00T1r00004C7HtmEAF})
14:07:26.0 (27274565)|SYSTEM_MODE_EXIT|false
14:07:26.0 (27287067)|METHOD_EXIT|[10]|01p1r000009oS6S|TaskMethods.CerrarTarea(List<Task>, Map<Id,Task>)
14:07:26.27 (27300568)|CUMULATIVE_LIMIT_USAGE
14:07:26.27 (27300568)|LIMIT_USAGE_FOR_NS|(default)|
  Number of SOQL queries: 1 out of 100
  Number of query rows: 1 out of 50000
  Number of SOSL queries: 0 out of 20
  Number of DML statements: 0 out of 150
  Number of DML rows: 0 out of 10000
  Maximum CPU time: 0 out of 10000
  Maximum heap size: 0 out of 6000000
  Number of callouts: 0 out of 100
  Number of Email Invocations: 0 out of 10
  Number of future calls: 0 out of 50
  Number of queueable jobs added to the queue: 0 out of 50
  Number of Mobile Apex push calls: 0 out of 10

14:07:26.27 (27300568)|CUMULATIVE_LIMIT_USAGE_END

14:07:26.0 (28827090)|CODE_UNIT_FINISHED|TaskTrigger on Task trigger event AfterUpdate
14:07:26.0 (29670781)|EXECUTION_FINISHED
