36.0 APEX_CODE,FINEST;APEX_PROFILING,INFO;CALLOUT,INFO;DB,INFO;SYSTEM,DEBUG;VALIDATION,INFO;VISUALFORCE,INFO;WAVE,INFO;WORKFLOW,INFO
09:18:21.0 (749664)|USER_INFO|[EXTERNAL]|0051r000007Oz5Q|lydia.abril@gmail.com|hora estándar de Europa central|GMT+02:00
09:18:21.0 (798316)|EXECUTION_STARTED
09:18:21.0 (803041)|CODE_UNIT_STARTED|[EXTERNAL]|01p1r000009p5xn|TaskTest.testCerrarTarea
09:18:21.0 (1013483)|HEAP_ALLOCATE|[72]|Bytes:3
09:18:21.0 (1066871)|HEAP_ALLOCATE|[77]|Bytes:152
09:18:21.0 (1081926)|HEAP_ALLOCATE|[342]|Bytes:408
09:18:21.0 (1097524)|HEAP_ALLOCATE|[355]|Bytes:408
09:18:21.0 (1111265)|HEAP_ALLOCATE|[467]|Bytes:48
09:18:21.0 (1189183)|HEAP_ALLOCATE|[139]|Bytes:6
09:18:21.0 (1206394)|HEAP_ALLOCATE|[EXTERNAL]|Bytes:113
09:18:21.0 (1258548)|METHOD_ENTRY|[2]|01p1r000009p5xn|TaskTest.TaskTest()
09:18:21.0 (1267428)|STATEMENT_EXECUTE|[2]
09:18:21.0 (1273354)|STATEMENT_EXECUTE|[2]
09:18:21.0 (1291098)|METHOD_EXIT|[2]|TaskTest
09:18:21.0 (1531623)|HEAP_ALLOCATE|[50]|Bytes:5
09:18:21.0 (1554402)|HEAP_ALLOCATE|[56]|Bytes:5
09:18:21.0 (1564024)|HEAP_ALLOCATE|[64]|Bytes:7
09:18:21.0 (1600372)|STATEMENT_EXECUTE|[4]
09:18:21.0 (1602914)|STATEMENT_EXECUTE|[6]
09:18:21.0 (1641863)|HEAP_ALLOCATE|[6]|Bytes:4
09:18:21.0 (1711627)|HEAP_ALLOCATE|[6]|Bytes:11
09:18:21.0 (1758710)|VARIABLE_ASSIGNMENT|[6]|this.Name|"CuentaPadre"|0xf722dce
09:18:21.0 (1841887)|HEAP_ALLOCATE|[7]|Bytes:4
09:18:21.0 (1913547)|VARIABLE_ASSIGNMENT|[6]|this.Fecha_ultima_actividad_mas_reciente__c|"2018-01-11T00:00:00.000Z"|0xf722dce
09:18:21.0 (1944409)|VARIABLE_SCOPE_BEGIN|[6]|oAccountParent|Account|true|false
09:18:21.0 (2100900)|VARIABLE_ASSIGNMENT|[6]|oAccountParent|{"Name":"CuentaPadre","Fecha_ultima_activid (18 more) ...":"2018-01-11T00:00:00.000Z"}|0xf722dce
09:18:21.0 (2109573)|STATEMENT_EXECUTE|[8]
09:18:21.0 (2130024)|HEAP_ALLOCATE|[8]|Bytes:8
09:18:21.0 (2138483)|DML_BEGIN|[8]|Op:Insert|Type:Account|Rows:1
09:18:21.0 (2168194)|HEAP_ALLOCATE|[EXTERNAL]|Bytes:8
09:18:21.0 (69126336)|CODE_UNIT_STARTED|[EXTERNAL]|DuplicateDetector
09:18:21.0 (69163424)|DUPLICATE_DETECTION_BEGIN
09:18:21.0 (70026760)|DUPLICATE_DETECTION_RULE_INVOCATION|DuplicateRuleId:0Bm1r0000018X88|DuplicateRuleName:Standard Account Duplicate Rule|DmlType:INSERT
09:18:21.0 (94803801)|DUPLICATE_DETECTION_MATCH_INVOCATION_DETAILS|EntityType:Account|ActionTaken:Allow_[Alert,Report]|DuplicateRecordIds:
09:18:21.0 (94839193)|DUPLICATE_DETECTION_MATCH_INVOCATION_SUMMARY|EntityType:Account|NumRecordsToBeSaved:1|NumRecordsToBeSavedWithDuplicates:0|NumDuplicateRecordsFound:0
09:18:21.0 (94964137)|DUPLICATE_DETECTION_END
09:18:21.0 (94970556)|CODE_UNIT_FINISHED|DuplicateDetector
09:18:21.0 (126127659)|DML_END|[8]
09:18:21.0 (126159880)|STATEMENT_EXECUTE|[10]
09:18:21.0 (126183554)|HEAP_ALLOCATE|[10]|Bytes:4
09:18:21.0 (126206205)|HEAP_ALLOCATE|[10]|Bytes:6
09:18:21.0 (126249581)|VARIABLE_ASSIGNMENT|[10]|this.Name|"Cuenta"|0x23e86d6b
09:18:21.0 (126280776)|VARIABLE_ASSIGNMENT|[10]|this.ParentId|"0011r00001nogmvAAA"|0x23e86d6b
09:18:21.0 (126348722)|HEAP_ALLOCATE|[12]|Bytes:4
09:18:21.0 (126400067)|VARIABLE_ASSIGNMENT|[10]|this.Fecha_ultima_actividad_mas_reciente__c|"2018-01-11T00:00:00.000Z"|0x23e86d6b
09:18:21.0 (126433946)|VARIABLE_SCOPE_BEGIN|[10]|oAccount|Account|true|false
09:18:21.0 (126464243)|VARIABLE_ASSIGNMENT|[10]|oAccount|{"Name":"Cuenta","ParentId":"0011r00001nogmvAAA","Fecha_ultima_activid (18 more) ...":"2018-01-11T00:00:00.000Z"}|0x23e86d6b
09:18:21.0 (126472333)|STATEMENT_EXECUTE|[13]
09:18:21.0 (126489317)|HEAP_ALLOCATE|[13]|Bytes:8
09:18:21.0 (126496915)|DML_BEGIN|[13]|Op:Insert|Type:Account|Rows:1
09:18:21.0 (126528812)|HEAP_ALLOCATE|[EXTERNAL]|Bytes:8
09:18:21.0 (129535064)|CODE_UNIT_STARTED|[EXTERNAL]|DuplicateDetector
09:18:21.0 (129552962)|DUPLICATE_DETECTION_BEGIN
09:18:21.0 (129599742)|DUPLICATE_DETECTION_RULE_INVOCATION|DuplicateRuleId:0Bm1r0000018X88|DuplicateRuleName:Standard Account Duplicate Rule|DmlType:INSERT
09:18:21.0 (139993664)|DUPLICATE_DETECTION_MATCH_INVOCATION_DETAILS|EntityType:Account|ActionTaken:Allow_[Alert,Report]|DuplicateRecordIds:
09:18:21.0 (140019881)|DUPLICATE_DETECTION_MATCH_INVOCATION_SUMMARY|EntityType:Account|NumRecordsToBeSaved:1|NumRecordsToBeSavedWithDuplicates:0|NumDuplicateRecordsFound:0
09:18:21.0 (140128977)|DUPLICATE_DETECTION_END
09:18:21.0 (140135104)|CODE_UNIT_FINISHED|DuplicateDetector
09:18:21.0 (152329844)|DML_END|[13]
09:18:21.0 (152355592)|STATEMENT_EXECUTE|[15]
09:18:21.0 (152392629)|HEAP_ALLOCATE|[15]|Bytes:4
09:18:21.0 (152472123)|HEAP_ALLOCATE|[15]|Bytes:11
09:18:21.0 (152517393)|VARIABLE_ASSIGNMENT|[15]|this.Name|"Oportunidad"|0x52d71399
09:18:21.0 (152581647)|HEAP_ALLOCATE|[16]|Bytes:4
09:18:21.0 (152632122)|VARIABLE_ASSIGNMENT|[15]|this.CloseDate|"2020-01-11T00:00:00.000Z"|0x52d71399
09:18:21.0 (152640357)|HEAP_ALLOCATE|[17]|Bytes:11
09:18:21.0 (152655339)|VARIABLE_ASSIGNMENT|[15]|this.StageName|"Prospecting"|0x52d71399
09:18:21.0 (152685007)|VARIABLE_ASSIGNMENT|[15]|this.AccountId|"0011r00001nogmwAAA"|0x52d71399
09:18:21.0 (152713381)|VARIABLE_SCOPE_BEGIN|[15]|oOpportunity|Opportunity|true|false
09:18:21.0 (152742009)|VARIABLE_ASSIGNMENT|[15]|oOpportunity|{"Name":"Oportunidad","CloseDate":"2020-01-11T00:00:00.000Z","StageName":"Prospecting","AccountId":"0011r00001nogmwAAA"}|0x52d71399
09:18:21.0 (152751819)|STATEMENT_EXECUTE|[19]
09:18:21.0 (152767663)|HEAP_ALLOCATE|[19]|Bytes:8
09:18:21.0 (152774723)|DML_BEGIN|[19]|Op:Insert|Type:Opportunity|Rows:1
09:18:21.0 (152803998)|HEAP_ALLOCATE|[EXTERNAL]|Bytes:8
09:18:21.0 (254079462)|CODE_UNIT_STARTED|[EXTERNAL]|01q1r000000Bcgl|ClosedOpportunityTrigger on Opportunity trigger event AfterInsert
09:18:21.0 (254130066)|HEAP_ALLOCATE|[EXTERNAL]|Bytes:8
09:18:21.0 (254347496)|HEAP_ALLOCATE|[EXTERNAL]|Bytes:8
09:18:21.0 (254363494)|VARIABLE_SCOPE_BEGIN|[1]|this|ClosedOpportunityTrigger|true|false
09:18:21.0 (254450801)|VARIABLE_ASSIGNMENT|[1]|this|{}|0x1f939a71
09:18:21.0 (254517019)|HEAP_ALLOCATE|[EXTERNAL]|Bytes:8
09:18:21.0 (254596316)|VARIABLE_SCOPE_BEGIN|[1]|this|ClosedOpportunityTrigger|true|false
09:18:21.0 (254613160)|VARIABLE_ASSIGNMENT|[1]|this|{}|0x1f939a71
09:18:21.0 (254623341)|STATEMENT_EXECUTE|[1]
09:18:21.0 (254628095)|STATEMENT_EXECUTE|[3]
09:18:21.0 (254668871)|HEAP_ALLOCATE|[3]|Bytes:4
09:18:21.0 (254807410)|HEAP_ALLOCATE|[EXTERNAL]|Bytes:4
09:18:21.0 (254822199)|VARIABLE_ASSIGNMENT|[3]|this.taskList|[]|0x1f939a71
09:18:21.0 (254836138)|HEAP_ALLOCATE|[5]|Bytes:89
09:18:21.0 (254854572)|HEAP_ALLOCATE|[5]|Bytes:4
09:18:21.0 (254872760)|HEAP_ALLOCATE|[5]|Bytes:7
09:18:21.0 (255196930)|SOQL_EXECUTE_BEGIN|[5]|Aggregations:0|SELECT Id, StageName FROM Opportunity 
09:18:21.0 (262508091)|SOQL_EXECUTE_END|[5]|Rows:0
09:18:21.0 (262698039)|HEAP_ALLOCATE|[5]|Bytes:54
09:18:21.0 (262708743)|HEAP_ALLOCATE|[5]|Bytes:8
09:18:21.0 (262738174)|SYSTEM_METHOD_ENTRY|[7]|QueryLocatorIterator.QueryLocatorIterator()
09:18:21.0 (262745259)|STATEMENT_EXECUTE|[7]
09:18:21.0 (262755007)|SYSTEM_METHOD_EXIT|[7]|QueryLocatorIterator
09:18:21.0 (262762913)|HEAP_ALLOCATE|[5]|Bytes:28
09:18:21.0 (262778212)|HEAP_ALLOCATE|[5]|Bytes:8
09:18:21.0 (262782030)|HEAP_ALLOCATE|[5]|Bytes:8
09:18:21.0 (262789519)|VARIABLE_SCOPE_BEGIN|[15]|this|Database.QueryLocatorIterator|true|false
09:18:21.0 (262849234)|VARIABLE_ASSIGNMENT|[15]|this|{}|0x56c4fc3d
09:18:21.0 (262857326)|VARIABLE_SCOPE_BEGIN|[15]|values|List<SObject>|true|false
09:18:21.0 (262867809)|VARIABLE_ASSIGNMENT|[15]|values|null|
09:18:21.0 (262872055)|VARIABLE_SCOPE_BEGIN|[15]|ql|Database.QueryLocator|true|false
09:18:21.0 (262894525)|VARIABLE_ASSIGNMENT|[15]|ql|{"query":"SELECT Id, StageName (69 more) ..."}|0x24475917
09:18:21.0 (262900348)|VARIABLE_SCOPE_BEGIN|[15]|totalNumRecords|Integer|false|false
09:18:21.0 (262909054)|VARIABLE_ASSIGNMENT|[15]|totalNumRecords|0
09:18:21.0 (262913545)|VARIABLE_SCOPE_BEGIN|[15]|queryMoreSize|Integer|false|false
09:18:21.0 (262920028)|VARIABLE_ASSIGNMENT|[15]|queryMoreSize|50000
09:18:21.0 (263013479)|HEAP_ALLOCATE|[5]|Bytes:28
09:18:21.0 (263035701)|METHOD_ENTRY|[5]||Database.QueryLocatorIterator.hasNext()
09:18:21.0 (263063145)|METHOD_EXIT|[5]||Database.QueryLocatorIterator.hasNext()
09:18:21.0 (263075195)|VARIABLE_ASSIGNMENT|[5]|opp|null|
09:18:21.0 (263086626)|STATEMENT_EXECUTE|[5]
09:18:21.0 (263131721)|STATEMENT_EXECUTE|[12]
09:18:21.263 (263137687)|CUMULATIVE_LIMIT_USAGE
09:18:21.263 (263137687)|LIMIT_USAGE_FOR_NS|(default)|
  Number of SOQL queries: 1 out of 100
  Number of query rows: 0 out of 50000
  Number of SOSL queries: 0 out of 20
  Number of DML statements: 3 out of 150
  Number of DML rows: 3 out of 10000
  Maximum CPU time: 0 out of 10000
  Maximum heap size: 0 out of 6000000
  Number of callouts: 0 out of 100
  Number of Email Invocations: 0 out of 10
  Number of future calls: 0 out of 50
  Number of queueable jobs added to the queue: 0 out of 50
  Number of Mobile Apex push calls: 0 out of 10

09:18:21.263 (263137687)|CUMULATIVE_LIMIT_USAGE_END

09:18:21.0 (264203885)|CODE_UNIT_FINISHED|ClosedOpportunityTrigger on Opportunity trigger event AfterInsert
09:18:21.0 (286758373)|DML_END|[19]
09:18:21.0 (286783813)|STATEMENT_EXECUTE|[23]
09:18:21.0 (286808664)|HEAP_ALLOCATE|[23]|Bytes:4
09:18:21.0 (286853650)|VARIABLE_SCOPE_BEGIN|[23]|listTask|List<Task>|true|false
09:18:21.0 (286868726)|HEAP_ALLOCATE|[EXTERNAL]|Bytes:4
09:18:21.0 (286888178)|VARIABLE_ASSIGNMENT|[23]|listTask|[]|0x2473ced6
09:18:21.0 (286895245)|STATEMENT_EXECUTE|[25]
09:18:21.0 (286912615)|HEAP_ALLOCATE|[25]|Bytes:4
09:18:21.0 (286988902)|HEAP_ALLOCATE|[25]|Bytes:4
09:18:21.0 (287038752)|VARIABLE_ASSIGNMENT|[25]|this.Subject|"Task"|0x55a7fb71
09:18:21.0 (287047674)|HEAP_ALLOCATE|[26]|Bytes:6
09:18:21.0 (287065562)|VARIABLE_ASSIGNMENT|[25]|this.Priority|"Normal"|0x55a7fb71
09:18:21.0 (287073511)|HEAP_ALLOCATE|[27]|Bytes:11
09:18:21.0 (287087558)|VARIABLE_ASSIGNMENT|[25]|this.Status|"Not Started"|0x55a7fb71
09:18:21.0 (287127399)|VARIABLE_ASSIGNMENT|[25]|this.WhatId|"0011r00001nogmwAAA"|0x55a7fb71
09:18:21.0 (287197590)|HEAP_ALLOCATE|[29]|Bytes:4
09:18:21.0 (287245347)|VARIABLE_ASSIGNMENT|[25]|this.ActivityDate|"2020-01-11T00:00:00.000Z"|0x55a7fb71
09:18:21.0 (287276579)|VARIABLE_SCOPE_BEGIN|[25]|oTask|Task|true|false
09:18:21.0 (287300551)|VARIABLE_ASSIGNMENT|[25]|oTask|{"Subject":"Task","Priority":"Normal","Status":"Not Started","WhatId":"0011r00001nogmwAAA","ActivityDate":"2020-01-11T00:00:00.000Z"}|0x55a7fb71
09:18:21.0 (287309367)|STATEMENT_EXECUTE|[31]
09:18:21.0 (287343381)|HEAP_ALLOCATE|[EXTERNAL]|Bytes:4
09:18:21.0 (287352712)|STATEMENT_EXECUTE|[33]
09:18:21.0 (287387704)|DML_BEGIN|[33]|Op:Insert|Type:Task|Rows:1
09:18:21.0 (287417637)|HEAP_ALLOCATE|[EXTERNAL]|Bytes:8
09:18:21.0 (323080452)|DML_END|[33]
09:18:21.0 (323135734)|HEAP_ALLOCATE|[EXTERNAL]|Bytes:8
09:18:21.0 (323305720)|HEAP_ALLOCATE|[35]|Bytes:5
09:18:21.0 (323355593)|HEAP_ALLOCATE|[35]|Bytes:28
09:18:21.0 (323367339)|VARIABLE_SCOPE_BEGIN|[35]|inTask|Task|true|false
09:18:21.0 (323427370)|VARIABLE_ASSIGNMENT|[35]|inTask|{"Subject":"Task","Priority":"Normal","Status":"Not Started","WhatId":"0011r00001nogmwAAA","ActivityDate":"2020-01-11T00:00:00.000Z","Id":"00T1r00004CPOqrEAH"}|0x55a7fb71
09:18:21.0 (323440372)|STATEMENT_EXECUTE|[35]
09:18:21.0 (323443050)|STATEMENT_EXECUTE|[36]
09:18:21.0 (323446514)|HEAP_ALLOCATE|[36]|Bytes:9
09:18:21.0 (323508536)|VARIABLE_ASSIGNMENT|[36]|this.Status|"Completed"|0x55a7fb71
09:18:21.0 (323525830)|HEAP_ALLOCATE|[35]|Bytes:5
09:18:21.0 (323539628)|VARIABLE_ASSIGNMENT|[35]|inTask|null|
09:18:21.0 (323544946)|STATEMENT_EXECUTE|[39]
09:18:21.0 (323590752)|DML_BEGIN|[39]|Op:Update|Type:Task|Rows:1
09:18:21.0 (323623010)|HEAP_ALLOCATE|[EXTERNAL]|Bytes:8
09:18:21.0 (360879564)|CODE_UNIT_STARTED|[EXTERNAL]|01q1r000000j6Yv|TaskTrigger on Task trigger event AfterUpdate
09:18:21.0 (360915306)|HEAP_ALLOCATE|[EXTERNAL]|Bytes:8
09:18:21.0 (360958745)|HEAP_ALLOCATE|[EXTERNAL]|Bytes:8
09:18:21.0 (361079061)|HEAP_ALLOCATE|[EXTERNAL]|Bytes:12
09:18:21.0 (361093626)|VARIABLE_SCOPE_BEGIN|[1]|this|TaskTrigger|true|false
09:18:21.0 (361153132)|VARIABLE_ASSIGNMENT|[1]|this|{}|0xae5fff9
09:18:21.0 (361202347)|HEAP_ALLOCATE|[EXTERNAL]|Bytes:12
09:18:21.0 (361237305)|VARIABLE_SCOPE_BEGIN|[1]|this|TaskTrigger|true|false
09:18:21.0 (361252683)|VARIABLE_ASSIGNMENT|[1]|this|{}|0xae5fff9
09:18:21.0 (361264589)|STATEMENT_EXECUTE|[1]
09:18:21.0 (361267508)|STATEMENT_EXECUTE|[3]
09:18:21.0 (362338628)|VARIABLE_ASSIGNMENT|[3]|this.listNew|[{"Status":"Completed","LastModifiedDate":"2018-04-18T07:18:22.000Z","IsDeleted":false,"AccountId":"0011r00001nogmwAAA","WhatId":"0011r00001nogmwAAA","ActivityDate":"2020-01-11T00:00:00.000Z","Priority":"Normal","IsHighPriority":false,"IsClosed":true,"IsRecurrence":false,"Subject":"Task","SystemModstamp":"2018-04-18T07:18:22.000Z","IsArchived":false,"CreatedById":"0051r000007Oz5QAAS","TaskSubtype":"Task","OwnerId":"0051r000007Oz5QAAS","CreatedDate":"2018-04-18T07:18:22.000Z","Id":"00T1r00004CPOqrEAH","DB_Activity_Type__c":"Other","IsReminderSet":false,"LastModifiedById":"0051r000007Oz5QAAS"}]|0xae5fff9
09:18:21.0 (362367229)|STATEMENT_EXECUTE|[5]
09:18:21.0 (362958018)|VARIABLE_ASSIGNMENT|[5]|this.mapOld|{"00T1r00004CPOqrEAH":{"Status":"Not Started","LastModifiedDate":"2018-04-18T07:18:22.000Z","IsDeleted":false,"AccountId":"0011r00001nogmwAAA","WhatId":"0011r00001nogmwAAA","ActivityDate":"2020-01-11T00:00:00.000Z","Priority":"Normal","IsHighPriority":false,"IsClosed":false,"IsRecurrence":false,"Subject":"Task","SystemModstamp":"2018-04-18T07:18:22.000Z","IsArchived":false,"CreatedById":"0051r000007Oz5QAAS","TaskSubtype":"Task","OwnerId":"0051r000007Oz5QAAS","CreatedDate":"2018-04-18T07:18:22.000Z","Id":"00T1r00004CPOqrEAH","DB_Activity_Type__c":"Other","IsReminderSet":false,"LastModifiedById":"0051r000007Oz5QAAS"}}|0xae5fff9
09:18:21.0 (362985107)|STATEMENT_EXECUTE|[7]
09:18:21.0 (362991203)|STATEMENT_EXECUTE|[8]
09:18:21.0 (362992978)|STATEMENT_EXECUTE|[9]
09:18:21.0 (367660035)|HEAP_ALLOCATE|[9]|Bytes:1
09:18:21.0 (367673615)|HEAP_ALLOCATE|[9]|Bytes:11
09:18:21.0 (367693844)|METHOD_ENTRY|[1]|01p1r000009oS6S|TaskMethods.TaskMethods()
09:18:21.0 (367702655)|STATEMENT_EXECUTE|[1]
09:18:21.0 (367710268)|STATEMENT_EXECUTE|[1]
09:18:21.0 (368041927)|SYSTEM_MODE_ENTER|false
09:18:21.0 (368056724)|HEAP_ALLOCATE|[9]|Bytes:5
09:18:21.0 (368063749)|SYSTEM_MODE_EXIT|false
09:18:21.0 (368076040)|METHOD_EXIT|[1]|TaskMethods
09:18:21.0 (368109751)|METHOD_ENTRY|[9]|01p1r000009oS6S|TaskMethods.CerrarTarea(List<Task>, Map<Id,Task>)
09:18:21.0 (368154194)|VARIABLE_SCOPE_BEGIN|[3]|listTask|List<Task>|true|false
09:18:21.0 (368764302)|VARIABLE_ASSIGNMENT|[3]|listTask|[{"Status":"Completed","LastModifiedDate":"2018-04-18T07:18:22.000Z","IsDeleted":false,"AccountId":"0011r00001nogmwAAA","WhatId":"0011r00001nogmwAAA","ActivityDate":"2020-01-11T00:00:00.000Z","Priority":"Normal","IsHighPriority":false,"IsClosed":true,"IsRecurrence":false,"Subject":"Task","SystemModstamp":"2018-04-18T07:18:22.000Z","IsArchived":false,"CreatedById":"0051r000007Oz5QAAS","TaskSubtype":"Task","OwnerId":"0051r000007Oz5QAAS","CreatedDate":"2018-04-18T07:18:22.000Z","Id":"00T1r00004CPOqrEAH","DB_Activity_Type__c":"Other","IsReminderSet":false,"LastModifiedById":"0051r000007Oz5QAAS"}]|0x7fae8ba4
09:18:21.0 (368793470)|VARIABLE_SCOPE_BEGIN|[3]|mapTaskOld|Map<Id,Task>|true|false
09:18:21.0 (369243350)|VARIABLE_ASSIGNMENT|[3]|mapTaskOld|{"00T1r00004CPOqrEAH":{"Status":"Not Started","LastModifiedDate":"2018-04-18T07:18:22.000Z","IsDeleted":false,"AccountId":"0011r00001nogmwAAA","WhatId":"0011r00001nogmwAAA","ActivityDate":"2020-01-11T00:00:00.000Z","Priority":"Normal","IsHighPriority":false,"IsClosed":false,"IsRecurrence":false,"Subject":"Task","SystemModstamp":"2018-04-18T07:18:22.000Z","IsArchived":false,"CreatedById":"0051r000007Oz5QAAS","TaskSubtype":"Task","OwnerId":"0051r000007Oz5QAAS","CreatedDate":"2018-04-18T07:18:22.000Z","Id":"00T1r00004CPOqrEAH","DB_Activity_Type__c":"Other","IsReminderSet":false,"LastModifiedById":"0051r000007Oz5QAAS"}}|0x8905650
09:18:21.0 (369274508)|SYSTEM_MODE_ENTER|false
09:18:21.0 (369283805)|HEAP_ALLOCATE|[5]|Bytes:5
09:18:21.0 (369290853)|STATEMENT_EXECUTE|[3]
09:18:21.0 (369341691)|STATEMENT_EXECUTE|[5]
09:18:21.0 (369344365)|STATEMENT_EXECUTE|[8]
09:18:21.0 (369380674)|HEAP_ALLOCATE|[8]|Bytes:4
09:18:21.0 (369467572)|VARIABLE_SCOPE_BEGIN|[8]|listAcUpdate|List<Account>|true|false
09:18:21.0 (369486028)|HEAP_ALLOCATE|[EXTERNAL]|Bytes:4
09:18:21.0 (369499081)|VARIABLE_ASSIGNMENT|[8]|listAcUpdate|[]|0x3b970394
09:18:21.0 (369507723)|STATEMENT_EXECUTE|[11]
09:18:21.0 (369526049)|HEAP_ALLOCATE|[11]|Bytes:4
09:18:21.0 (369562080)|VARIABLE_SCOPE_BEGIN|[11]|setTaskIds|Set<String>|true|false
09:18:21.0 (369598772)|VARIABLE_ASSIGNMENT|[11]|setTaskIds|[]|0x6177c940
09:18:21.0 (369649704)|HEAP_ALLOCATE|[13]|Bytes:5
09:18:21.0 (369676258)|VARIABLE_SCOPE_BEGIN|[13]|inTask|Task|true|false
09:18:21.0 (369969720)|VARIABLE_ASSIGNMENT|[13]|inTask|{"Status":"Completed","LastModifiedDate":"2018-04-18T07:18:22.000Z","IsDeleted":false,"AccountId":"0011r00001nogmwAAA","WhatId":"0011r00001nogmwAAA","ActivityDate":"2020-01-11T00:00:00.000Z","Priority":"Normal","IsHighPriority":false,"IsClosed":true,"IsRecurrence":false,"Subject":"Task","SystemModstamp":"2018-04-18T07:18:22.000Z","IsArchived":false,"CreatedById":"0051r000007Oz5QAAS","TaskSubtype":"Task","OwnerId":"0051r000007Oz5QAAS","CreatedDate":"2018-04-18T07:18:22.000Z","Id":"00T1r00004CPOqrEAH","DB_Activity_Type__c":"Other","IsReminderSet":false,"LastModifiedById":"0051r000007Oz5QAAS"}|0x6a8f9d61
09:18:21.0 (369995161)|STATEMENT_EXECUTE|[13]
09:18:21.0 (370163567)|STATEMENT_EXECUTE|[14]
09:18:21.0 (370168339)|STATEMENT_EXECUTE|[15]
09:18:21.0 (370231262)|HEAP_ALLOCATE|[EXTERNAL]|Bytes:4
09:18:21.0 (370260966)|HEAP_ALLOCATE|[13]|Bytes:5
09:18:21.0 (370282255)|VARIABLE_ASSIGNMENT|[13]|inTask|null|
09:18:21.0 (370291975)|STATEMENT_EXECUTE|[20]
09:18:21.0 (370311490)|HEAP_ALLOCATE|[20]|Bytes:4
09:18:21.0 (370336636)|HEAP_ALLOCATE|[20]|Bytes:218
09:18:21.0 (370351947)|HEAP_ALLOCATE|[20]|Bytes:4
09:18:21.0 (370393441)|HEAP_ALLOCATE|[20]|Bytes:8
09:18:21.0 (370406865)|HEAP_ALLOCATE|[20]|Bytes:8
09:18:21.0 (371746594)|SOQL_EXECUTE_BEGIN|[20]|Aggregations:0|SELECT WhatId, ActivityDate, TYPEOF What WHEN Account THEN Id, Parent.Fecha_ultima_actividad_mas_reciente__c WHEN Opportunity THEN Account.Parent.Fecha_ultima_actividad_mas_reciente__c END FROM Task WHERE Id = :tmpVar1
09:18:21.0 (383266511)|SOQL_EXECUTE_END|[20]|Rows:1
09:18:21.0 (383301943)|HEAP_ALLOCATE|[20]|Bytes:8
09:18:21.0 (383353164)|HEAP_ALLOCATE|[20]|Bytes:227
09:18:21.0 (383401233)|HEAP_ALLOCATE|[20]|Bytes:8
09:18:21.0 (383442182)|HEAP_ALLOCATE|[20]|Bytes:20
09:18:21.0 (383448057)|HEAP_ALLOCATE|[20]|Bytes:20
09:18:21.0 (383451206)|HEAP_ALLOCATE|[20]|Bytes:4
09:18:21.0 (383462071)|VARIABLE_SCOPE_BEGIN|[20]|listTaskType|List<Task>|true|false
09:18:21.0 (383474548)|HEAP_ALLOCATE|[EXTERNAL]|Bytes:8
09:18:21.0 (383529848)|VARIABLE_ASSIGNMENT|[20]|listTaskType|[{"WhatId":"0011r00001nogmwAAA","ActivityDate":"2020-01-11T00:00:00.000Z","Id":"00T1r00004CPOqrEAH","What":{"Id":"0011r00001nogmwAAA","ParentId":"0011r00001nogmvAAA","Parent":{"Id":"0011r00001nogmvAAA","Fecha_ultima_activid (18 more) ...":"2018-01-11T00:00:00.000Z"}}}]|0x13cfbed3
09:18:21.0 (383543250)|STATEMENT_EXECUTE|[28]
09:18:21.0 (383550006)|HEAP_ALLOCATE|[28]|Bytes:40
09:18:21.0 (383678746)|HEAP_ALLOCATE|[28]|Bytes:91
09:18:21.0 (383701118)|HEAP_ALLOCATE|[28]|Bytes:131
09:18:21.0 (383726515)|USER_DEBUG|[28]|DEBUG|TaskMethods.CerrarTarea.listTaskType :: (Task:{WhatId=0011r00001nogmwAAA, ActivityDate=2020-01-11 00:00:00, Id=00T1r00004CPOqrEAH})
09:18:21.0 (383776029)|HEAP_ALLOCATE|[31]|Bytes:5
09:18:21.0 (383790751)|HEAP_ALLOCATE|[31]|Bytes:20
09:18:21.0 (383801097)|VARIABLE_SCOPE_BEGIN|[31]|inTask|Task|true|false
09:18:21.0 (383826779)|VARIABLE_ASSIGNMENT|[31]|inTask|{"WhatId":"0011r00001nogmwAAA","ActivityDate":"2020-01-11T00:00:00.000Z","Id":"00T1r00004CPOqrEAH","What":{"Id":"0011r00001nogmwAAA","ParentId":"0011r00001nogmvAAA","Parent":{"Id":"0011r00001nogmvAAA","Fecha_ultima_activid (18 more) ...":"2018-01-11T00:00:00.000Z"}}}|0x1b04af47
09:18:21.0 (383837621)|STATEMENT_EXECUTE|[31]
09:18:21.0 (383875772)|HEAP_ALLOCATE|[32]|Bytes:37
09:18:21.0 (383916488)|HEAP_ALLOCATE|[38]|Bytes:33
09:18:21.0 (383928254)|STATEMENT_EXECUTE|[38]
09:18:21.0 (383930467)|STATEMENT_EXECUTE|[39]
09:18:21.0 (383932656)|HEAP_ALLOCATE|[39]|Bytes:7
09:18:21.0 (384073334)|USER_DEBUG|[39]|DEBUG|Account
09:18:21.0 (384171564)|STATEMENT_EXECUTE|[41]
09:18:21.0 (384174448)|STATEMENT_EXECUTE|[42]
09:18:21.0 (384231876)|VARIABLE_ASSIGNMENT|[42]|this.Fecha_ultima_actividad_mas_reciente__c|"2020-01-11T00:00:00.000Z"|0x7f8351fa
09:18:21.0 (384240477)|STATEMENT_EXECUTE|[43]
09:18:21.0 (384274774)|HEAP_ALLOCATE|[EXTERNAL]|Bytes:4
09:18:21.0 (384292537)|HEAP_ALLOCATE|[31]|Bytes:5
09:18:21.0 (384306773)|VARIABLE_ASSIGNMENT|[31]|inTask|null|
09:18:21.0 (384313420)|STATEMENT_EXECUTE|[47]
09:18:21.0 (384316543)|HEAP_ALLOCATE|[47]|Bytes:13
09:18:21.0 (384363523)|HEAP_ALLOCATE|[47]|Bytes:93
09:18:21.0 (384378269)|HEAP_ALLOCATE|[47]|Bytes:106
09:18:21.0 (384388098)|USER_DEBUG|[47]|DEBUG|listAcUpdate (Account:{Id=0011r00001nogmvAAA, Fecha_ultima_actividad_mas_reciente__c=2020-01-11 00:00:00})
09:18:21.0 (384396378)|STATEMENT_EXECUTE|[48]
09:18:21.0 (384429102)|DML_BEGIN|[48]|Op:Update|Type:Account|Rows:1
09:18:21.0 (384459542)|HEAP_ALLOCATE|[EXTERNAL]|Bytes:8
09:18:21.0 (390699181)|CODE_UNIT_STARTED|[EXTERNAL]|01q1r000000j8Jg|AccountTrigger on Account trigger event BeforeUpdate
09:18:21.0 (390734898)|HEAP_ALLOCATE|[EXTERNAL]|Bytes:8
09:18:21.0 (390760206)|HEAP_ALLOCATE|[EXTERNAL]|Bytes:8
09:18:21.0 (390872733)|HEAP_ALLOCATE|[EXTERNAL]|Bytes:12
09:18:21.0 (390884365)|VARIABLE_SCOPE_BEGIN|[1]|this|AccountTrigger|true|false
09:18:21.0 (390929854)|VARIABLE_ASSIGNMENT|[1]|this|{}|0x5a315d8e
09:18:21.0 (390976585)|HEAP_ALLOCATE|[EXTERNAL]|Bytes:12
09:18:21.0 (390985067)|VARIABLE_SCOPE_BEGIN|[1]|this|AccountTrigger|true|false
09:18:21.0 (390998593)|VARIABLE_ASSIGNMENT|[1]|this|{}|0x5a315d8e
09:18:21.0 (391006958)|STATEMENT_EXECUTE|[1]
09:18:21.0 (391009892)|STATEMENT_EXECUTE|[3]
09:18:21.0 (391557619)|VARIABLE_ASSIGNMENT|[3]|this.listNew|[{"LastModifiedDate":"2018-04-18T07:18:21.000Z","IsDeleted":false,"CleanStatus":"Pending","Fecha_ultima_activid (18 more) ...":"2020-01-11T00:00:00.000Z","OwnerId":"0051r000007Oz5QAAS","CreatedById":"0051r000007Oz5QAAS","Match_Billing_Addres (4 more) ...":false,"CreatedDate":"2018-04-18T07:18:21.000Z","Id":"0011r00001nogmvAAA","LastModifiedById":"0051r000007Oz5QAAS","SystemModstamp":"2018-04-18T07:18:21.000Z","Name":"CuentaPadre"}]|0x5a315d8e
09:18:21.0 (391573700)|STATEMENT_EXECUTE|[5]
09:18:21.0 (391919316)|VARIABLE_ASSIGNMENT|[5]|this.mapOld|{"0011r00001nogmvAAA":{"LastModifiedDate":"2018-04-18T07:18:21.000Z","IsDeleted":false,"CleanStatus":"Pending","Fecha_ultima_activid (18 more) ...":"2018-01-11T00:00:00.000Z","OwnerId":"0051r000007Oz5QAAS","CreatedById":"0051r000007Oz5QAAS","Match_Billing_Addres (4 more) ...":false,"CreatedDate":"2018-04-18T07:18:21.000Z","Id":"0011r00001nogmvAAA","LastModifiedById":"0051r000007Oz5QAAS","SystemModstamp":"2018-04-18T07:18:21.000Z","Name":"CuentaPadre"}}|0x5a315d8e
09:18:21.0 (391941840)|STATEMENT_EXECUTE|[7]
09:18:21.0 (391947005)|STATEMENT_EXECUTE|[8]
09:18:21.0 (391948824)|STATEMENT_EXECUTE|[9]
09:18:21.0 (393610195)|HEAP_ALLOCATE|[9]|Bytes:1
09:18:21.0 (393634842)|METHOD_ENTRY|[1]|01p1r000009p8Bf|AccountMethods.AccountMethods()
09:18:21.0 (393643011)|STATEMENT_EXECUTE|[1]
09:18:21.0 (393649590)|STATEMENT_EXECUTE|[1]
09:18:21.0 (393656813)|HEAP_ALLOCATE|[9]|Bytes:5
09:18:21.0 (393667058)|METHOD_EXIT|[1]|AccountMethods
09:18:21.0 (393689631)|METHOD_ENTRY|[9]|01p1r000009p8Bf|AccountMethods.ActualizarCuentaHija(List<Account>, Map<Id,Account>)
09:18:21.0 (393716604)|VARIABLE_SCOPE_BEGIN|[3]|listAccount|List<Account>|true|false
09:18:21.0 (394041716)|VARIABLE_ASSIGNMENT|[3]|listAccount|[{"LastModifiedDate":"2018-04-18T07:18:21.000Z","IsDeleted":false,"CleanStatus":"Pending","Fecha_ultima_activid (18 more) ...":"2020-01-11T00:00:00.000Z","OwnerId":"0051r000007Oz5QAAS","CreatedById":"0051r000007Oz5QAAS","Match_Billing_Addres (4 more) ...":false,"CreatedDate":"2018-04-18T07:18:21.000Z","Id":"0011r00001nogmvAAA","LastModifiedById":"0051r000007Oz5QAAS","SystemModstamp":"2018-04-18T07:18:21.000Z","Name":"CuentaPadre"}]|0x17885b60
09:18:21.0 (394056810)|VARIABLE_SCOPE_BEGIN|[3]|mapOld|Map<Id,Account>|true|false
09:18:21.0 (394361093)|VARIABLE_ASSIGNMENT|[3]|mapOld|{"0011r00001nogmvAAA":{"LastModifiedDate":"2018-04-18T07:18:21.000Z","IsDeleted":false,"CleanStatus":"Pending","Fecha_ultima_activid (18 more) ...":"2018-01-11T00:00:00.000Z","OwnerId":"0051r000007Oz5QAAS","CreatedById":"0051r000007Oz5QAAS","Match_Billing_Addres (4 more) ...":false,"CreatedDate":"2018-04-18T07:18:21.000Z","Id":"0011r00001nogmvAAA","LastModifiedById":"0051r000007Oz5QAAS","SystemModstamp":"2018-04-18T07:18:21.000Z","Name":"CuentaPadre"}}|0x36c04506
09:18:21.0 (394402652)|HEAP_ALLOCATE|[5]|Bytes:5
09:18:21.0 (394410062)|STATEMENT_EXECUTE|[3]
09:18:21.0 (394451465)|STATEMENT_EXECUTE|[5]
09:18:21.0 (394453854)|STATEMENT_EXECUTE|[8]
09:18:21.0 (394466853)|HEAP_ALLOCATE|[8]|Bytes:4
09:18:21.0 (394492168)|VARIABLE_SCOPE_BEGIN|[8]|listAccountIds|List<String>|true|false
09:18:21.0 (394514126)|HEAP_ALLOCATE|[EXTERNAL]|Bytes:4
09:18:21.0 (394523950)|VARIABLE_ASSIGNMENT|[8]|listAccountIds|[]|0x52032a1f
09:18:21.0 (394530335)|STATEMENT_EXECUTE|[9]
09:18:21.0 (394561170)|HEAP_ALLOCATE|[9]|Bytes:4
09:18:21.0 (394587505)|VARIABLE_SCOPE_BEGIN|[9]|mapAccountParent|Map<String,Account>|true|false
09:18:21.0 (394601597)|VARIABLE_ASSIGNMENT|[9]|mapAccountParent|{}|0x573389d0
09:18:21.0 (394714132)|HEAP_ALLOCATE|[11]|Bytes:5
09:18:21.0 (394731351)|HEAP_ALLOCATE|[11]|Bytes:4
09:18:21.0 (394738593)|VARIABLE_SCOPE_BEGIN|[11]|inAccount|Account|true|false
09:18:21.0 (395051265)|VARIABLE_ASSIGNMENT|[11]|inAccount|{"LastModifiedDate":"2018-04-18T07:18:21.000Z","IsDeleted":false,"CleanStatus":"Pending","Fecha_ultima_activid (18 more) ...":"2020-01-11T00:00:00.000Z","OwnerId":"0051r000007Oz5QAAS","CreatedById":"0051r000007Oz5QAAS","Match_Billing_Addres (4 more) ...":false,"CreatedDate":"2018-04-18T07:18:21.000Z","Id":"0011r00001nogmvAAA","LastModifiedById":"0051r000007Oz5QAAS","SystemModstamp":"2018-04-18T07:18:21.000Z","Name":"CuentaPadre"}|0x36691638
09:18:21.0 (395064941)|STATEMENT_EXECUTE|[11]
09:18:21.0 (395146757)|STATEMENT_EXECUTE|[13]
09:18:21.0 (395149535)|STATEMENT_EXECUTE|[14]
09:18:21.0 (395182547)|HEAP_ALLOCATE|[EXTERNAL]|Bytes:4
09:18:21.0 (395192543)|STATEMENT_EXECUTE|[15]
09:18:21.0 (395223407)|HEAP_ALLOCATE|[EXTERNAL]|Bytes:-4
09:18:21.0 (395239712)|HEAP_ALLOCATE|[11]|Bytes:5
09:18:21.0 (395253073)|VARIABLE_ASSIGNMENT|[11]|inAccount|null|
09:18:21.0 (395258687)|STATEMENT_EXECUTE|[20]
09:18:21.0 (395262671)|HEAP_ALLOCATE|[20]|Bytes:99
09:18:21.0 (395274688)|HEAP_ALLOCATE|[20]|Bytes:4
09:18:21.0 (395454240)|SOQL_EXECUTE_BEGIN|[20]|Aggregations:0|SELECT Id, Fecha_ultima_actividad_mas_reciente__c, ParentId FROM Account WHERE ParentId IN :tmpVar1
09:18:21.0 (401254417)|SOQL_EXECUTE_END|[20]|Rows:1
09:18:21.0 (401275421)|HEAP_ALLOCATE|[20]|Bytes:8
09:18:21.0 (401294422)|HEAP_ALLOCATE|[20]|Bytes:105
09:18:21.0 (401327128)|HEAP_ALLOCATE|[20]|Bytes:8
09:18:21.0 (401344963)|VARIABLE_SCOPE_BEGIN|[20]|listAccountChild|List<Account>|true|false
09:18:21.0 (401383755)|VARIABLE_ASSIGNMENT|[20]|listAccountChild|[{"Id":"0011r00001nogmwAAA","Fecha_ultima_activid (18 more) ...":"2018-01-11T00:00:00.000Z","ParentId":"0011r00001nogmvAAA"}]|0x22707d7c
09:18:21.0 (401445647)|HEAP_ALLOCATE|[23]|Bytes:5
09:18:21.0 (401464726)|HEAP_ALLOCATE|[23]|Bytes:16
09:18:21.0 (401476062)|VARIABLE_SCOPE_BEGIN|[23]|inAccount|Account|true|false
09:18:21.0 (401503634)|VARIABLE_ASSIGNMENT|[23]|inAccount|{"Id":"0011r00001nogmwAAA","Fecha_ultima_activid (18 more) ...":"2018-01-11T00:00:00.000Z","ParentId":"0011r00001nogmvAAA"}|0x3a8a0256
09:18:21.0 (401516111)|STATEMENT_EXECUTE|[23]
09:18:21.0 (401519618)|STATEMENT_EXECUTE|[24]
09:18:21.0 (401651886)|VARIABLE_ASSIGNMENT|[24]|this.Fecha_ultima_actividad_mas_reciente__c|"2020-01-11T00:00:00.000Z"|0x3a8a0256
09:18:21.0 (401675163)|HEAP_ALLOCATE|[23]|Bytes:5
09:18:21.0 (401693582)|VARIABLE_ASSIGNMENT|[23]|inAccount|null|
09:18:21.0 (401703934)|STATEMENT_EXECUTE|[27]
09:18:21.0 (401744933)|DML_BEGIN|[27]|Op:Update|Type:Account|Rows:1
09:18:21.0 (401770239)|HEAP_ALLOCATE|[EXTERNAL]|Bytes:8
09:18:21.0 (406533155)|CODE_UNIT_STARTED|[EXTERNAL]|01q1r000000j8Jg|AccountTrigger on Account trigger event BeforeUpdate
09:18:21.0 (406568606)|HEAP_ALLOCATE|[EXTERNAL]|Bytes:8
09:18:21.0 (406592593)|HEAP_ALLOCATE|[EXTERNAL]|Bytes:8
09:18:21.0 (406636665)|HEAP_ALLOCATE|[EXTERNAL]|Bytes:12
09:18:21.0 (406647615)|VARIABLE_SCOPE_BEGIN|[1]|this|AccountTrigger|true|false
09:18:21.0 (406680830)|VARIABLE_ASSIGNMENT|[1]|this|{}|0x293638e7
09:18:21.0 (406718326)|HEAP_ALLOCATE|[EXTERNAL]|Bytes:12
09:18:21.0 (406727365)|VARIABLE_SCOPE_BEGIN|[1]|this|AccountTrigger|true|false
09:18:21.0 (406745591)|VARIABLE_ASSIGNMENT|[1]|this|{}|0x293638e7
09:18:21.0 (406757433)|STATEMENT_EXECUTE|[1]
09:18:21.0 (406760633)|STATEMENT_EXECUTE|[3]
09:18:21.0 (407423313)|VARIABLE_ASSIGNMENT|[3]|this.listNew|[{"ParentId":"0011r00001nogmvAAA","LastModifiedDate":"2018-04-18T07:18:22.000Z","IsDeleted":false,"Fecha_ultima_activid (18 more) ...":"2020-01-11T00:00:00.000Z","SystemModstamp":"2018-04-18T07:18:22.000Z","Name":"Cuenta","CleanStatus":"Pending","OwnerId":"0051r000007Oz5QAAS","CreatedById":"0051r000007Oz5QAAS","Match_Billing_Addres (4 more) ...":false,"LastActivityDate":"2020-01-11T00:00:00.000Z","CreatedDate":"2018-04-18T07:18:22.000Z","Id":"0011r00001nogmwAAA","LastModifiedById":"0051r000007Oz5QAAS"}]|0x293638e7
09:18:21.0 (407447664)|STATEMENT_EXECUTE|[5]
09:18:21.0 (408021964)|VARIABLE_ASSIGNMENT|[5]|this.mapOld|{"0011r00001nogmwAAA":{"ParentId":"0011r00001nogmvAAA","LastModifiedDate":"2018-04-18T07:18:22.000Z","IsDeleted":false,"Fecha_ultima_activid (18 more) ...":"2018-01-11T00:00:00.000Z","SystemModstamp":"2018-04-18T07:18:22.000Z","Name":"Cuenta","CleanStatus":"Pending","OwnerId":"0051r000007Oz5QAAS","CreatedById":"0051r000007Oz5QAAS","Match_Billing_Addres (4 more) ...":false,"CreatedDate":"2018-04-18T07:18:22.000Z","Id":"0011r00001nogmwAAA","LastModifiedById":"0051r000007Oz5QAAS"}}|0x293638e7
09:18:21.0 (408050039)|STATEMENT_EXECUTE|[7]
09:18:21.0 (408057553)|STATEMENT_EXECUTE|[8]
09:18:21.0 (408060352)|STATEMENT_EXECUTE|[9]
09:18:21.0 (408078130)|METHOD_ENTRY|[9]|01p1r000009p8Bf|AccountMethods.ActualizarCuentaHija(List<Account>, Map<Id,Account>)
09:18:21.0 (408090593)|VARIABLE_SCOPE_BEGIN|[3]|listAccount|List<Account>|true|false
09:18:21.0 (409065740)|VARIABLE_ASSIGNMENT|[3]|listAccount|[{"ParentId":"0011r00001nogmvAAA","LastModifiedDate":"2018-04-18T07:18:22.000Z","IsDeleted":false,"Fecha_ultima_activid (18 more) ...":"2020-01-11T00:00:00.000Z","SystemModstamp":"2018-04-18T07:18:22.000Z","Name":"Cuenta","CleanStatus":"Pending","OwnerId":"0051r000007Oz5QAAS","CreatedById":"0051r000007Oz5QAAS","Match_Billing_Addres (4 more) ...":false,"LastActivityDate":"2020-01-11T00:00:00.000Z","CreatedDate":"2018-04-18T07:18:22.000Z","Id":"0011r00001nogmwAAA","LastModifiedById":"0051r000007Oz5QAAS"}]|0x449f2bf8
09:18:21.0 (409105490)|VARIABLE_SCOPE_BEGIN|[3]|mapOld|Map<Id,Account>|true|false
09:18:21.0 (409652383)|VARIABLE_ASSIGNMENT|[3]|mapOld|{"0011r00001nogmwAAA":{"ParentId":"0011r00001nogmvAAA","LastModifiedDate":"2018-04-18T07:18:22.000Z","IsDeleted":false,"Fecha_ultima_activid (18 more) ...":"2018-01-11T00:00:00.000Z","SystemModstamp":"2018-04-18T07:18:22.000Z","Name":"Cuenta","CleanStatus":"Pending","OwnerId":"0051r000007Oz5QAAS","CreatedById":"0051r000007Oz5QAAS","Match_Billing_Addres (4 more) ...":false,"CreatedDate":"2018-04-18T07:18:22.000Z","Id":"0011r00001nogmwAAA","LastModifiedById":"0051r000007Oz5QAAS"}}|0x523d4504
09:18:21.0 (409692468)|HEAP_ALLOCATE|[5]|Bytes:5
09:18:21.0 (409699732)|STATEMENT_EXECUTE|[3]
09:18:21.0 (409720737)|STATEMENT_EXECUTE|[5]
09:18:21.0 (409724545)|STATEMENT_EXECUTE|[8]
09:18:21.0 (409736563)|HEAP_ALLOCATE|[8]|Bytes:4
09:18:21.0 (409756753)|VARIABLE_SCOPE_BEGIN|[8]|listAccountIds|List<String>|true|false
09:18:21.0 (409787000)|HEAP_ALLOCATE|[EXTERNAL]|Bytes:4
09:18:21.0 (409800189)|VARIABLE_ASSIGNMENT|[8]|listAccountIds|[]|0x58e9689a
09:18:21.0 (409810043)|STATEMENT_EXECUTE|[9]
09:18:21.0 (409835752)|HEAP_ALLOCATE|[9]|Bytes:4
09:18:21.0 (409845641)|VARIABLE_SCOPE_BEGIN|[9]|mapAccountParent|Map<String,Account>|true|false
09:18:21.0 (409860632)|VARIABLE_ASSIGNMENT|[9]|mapAccountParent|{}|0x40809260
09:18:21.0 (409884708)|HEAP_ALLOCATE|[11]|Bytes:5
09:18:21.0 (409899708)|HEAP_ALLOCATE|[11]|Bytes:4
09:18:21.0 (409906861)|VARIABLE_SCOPE_BEGIN|[11]|inAccount|Account|true|false
09:18:21.0 (410267621)|VARIABLE_ASSIGNMENT|[11]|inAccount|{"ParentId":"0011r00001nogmvAAA","LastModifiedDate":"2018-04-18T07:18:22.000Z","IsDeleted":false,"Fecha_ultima_activid (18 more) ...":"2020-01-11T00:00:00.000Z","SystemModstamp":"2018-04-18T07:18:22.000Z","Name":"Cuenta","CleanStatus":"Pending","OwnerId":"0051r000007Oz5QAAS","CreatedById":"0051r000007Oz5QAAS","Match_Billing_Addres (4 more) ...":false,"LastActivityDate":"2020-01-11T00:00:00.000Z","CreatedDate":"2018-04-18T07:18:22.000Z","Id":"0011r00001nogmwAAA","LastModifiedById":"0051r000007Oz5QAAS"}|0x7d7da163
09:18:21.0 (410284450)|STATEMENT_EXECUTE|[11]
09:18:21.0 (410293426)|STATEMENT_EXECUTE|[13]
09:18:21.0 (410306479)|HEAP_ALLOCATE|[11]|Bytes:5
09:18:21.0 (410321226)|VARIABLE_ASSIGNMENT|[11]|inAccount|null|
09:18:21.0 (410326578)|STATEMENT_EXECUTE|[20]
09:18:21.0 (410338060)|HEAP_ALLOCATE|[20]|Bytes:4
09:18:21.0 (410583278)|SOQL_EXECUTE_BEGIN|[20]|Aggregations:0|SELECT Id, Fecha_ultima_actividad_mas_reciente__c, ParentId FROM Account WHERE ParentId IN :tmpVar1
09:18:21.0 (412933132)|SOQL_EXECUTE_END|[20]|Rows:0
09:18:21.0 (412955088)|HEAP_ALLOCATE|[20]|Bytes:4
09:18:21.0 (412968075)|HEAP_ALLOCATE|[20]|Bytes:0
09:18:21.0 (412994935)|HEAP_ALLOCATE|[20]|Bytes:4
09:18:21.0 (413004865)|VARIABLE_SCOPE_BEGIN|[20]|listAccountChild|List<Account>|true|false
09:18:21.0 (413019442)|VARIABLE_ASSIGNMENT|[20]|listAccountChild|[]|0x44ec65f3
09:18:21.0 (413045189)|HEAP_ALLOCATE|[23]|Bytes:5
09:18:21.0 (413058125)|VARIABLE_ASSIGNMENT|[23]|inAccount|null|
09:18:21.0 (413064384)|STATEMENT_EXECUTE|[23]
09:18:21.0 (413066609)|STATEMENT_EXECUTE|[27]
09:18:21.0 (413101166)|HEAP_ALLOCATE|[EXTERNAL]|Bytes:4
09:18:21.0 (413116020)|METHOD_EXIT|[9]|01p1r000009p8Bf|AccountMethods.ActualizarCuentaHija(List<Account>, Map<Id,Account>)
09:18:21.413 (413126439)|CUMULATIVE_LIMIT_USAGE
09:18:21.413 (413126439)|LIMIT_USAGE_FOR_NS|(default)|
  Number of SOQL queries: 4 out of 100
  Number of query rows: 2 out of 50000
  Number of SOSL queries: 0 out of 20
  Number of DML statements: 7 out of 150
  Number of DML rows: 7 out of 10000
  Maximum CPU time: 0 out of 10000
  Maximum heap size: 0 out of 6000000
  Number of callouts: 0 out of 100
  Number of Email Invocations: 0 out of 10
  Number of future calls: 0 out of 50
  Number of queueable jobs added to the queue: 0 out of 50
  Number of Mobile Apex push calls: 0 out of 10

09:18:21.413 (413126439)|CUMULATIVE_LIMIT_USAGE_END

09:18:21.0 (413937681)|CODE_UNIT_FINISHED|AccountTrigger on Account trigger event BeforeUpdate
09:18:21.0 (414225739)|CODE_UNIT_STARTED|[EXTERNAL]|DuplicateDetector
09:18:21.0 (414239424)|DUPLICATE_DETECTION_BEGIN
09:18:21.0 (414282542)|DUPLICATE_DETECTION_RULE_INVOCATION|DuplicateRuleId:0Bm1r0000018X88|DuplicateRuleName:Standard Account Duplicate Rule|DmlType:UPDATE
09:18:21.0 (414318876)|DUPLICATE_DETECTION_END
09:18:21.0 (414322989)|CODE_UNIT_FINISHED|DuplicateDetector
09:18:21.0 (426786726)|DML_END|[27]
09:18:21.0 (426847569)|HEAP_ALLOCATE|[EXTERNAL]|Bytes:8
09:18:21.0 (426899026)|METHOD_EXIT|[9]|01p1r000009p8Bf|AccountMethods.ActualizarCuentaHija(List<Account>, Map<Id,Account>)
09:18:21.426 (426919457)|CUMULATIVE_LIMIT_USAGE
09:18:21.426 (426919457)|LIMIT_USAGE_FOR_NS|(default)|
  Number of SOQL queries: 4 out of 100
  Number of query rows: 2 out of 50000
  Number of SOSL queries: 0 out of 20
  Number of DML statements: 7 out of 150
  Number of DML rows: 7 out of 10000
  Maximum CPU time: 0 out of 10000
  Maximum heap size: 0 out of 6000000
  Number of callouts: 0 out of 100
  Number of Email Invocations: 0 out of 10
  Number of future calls: 0 out of 50
  Number of queueable jobs added to the queue: 0 out of 50
  Number of Mobile Apex push calls: 0 out of 10

09:18:21.426 (426919457)|CUMULATIVE_LIMIT_USAGE_END

09:18:21.0 (427847618)|CODE_UNIT_FINISHED|AccountTrigger on Account trigger event BeforeUpdate
09:18:21.0 (428217521)|CODE_UNIT_STARTED|[EXTERNAL]|DuplicateDetector
09:18:21.0 (428236550)|DUPLICATE_DETECTION_BEGIN
09:18:21.0 (428301121)|DUPLICATE_DETECTION_RULE_INVOCATION|DuplicateRuleId:0Bm1r0000018X88|DuplicateRuleName:Standard Account Duplicate Rule|DmlType:UPDATE
09:18:21.0 (428353813)|DUPLICATE_DETECTION_END
09:18:21.0 (428359263)|CODE_UNIT_FINISHED|DuplicateDetector
09:18:21.0 (437440955)|DML_END|[48]
09:18:21.0 (437480156)|HEAP_ALLOCATE|[EXTERNAL]|Bytes:8
09:18:21.0 (437503570)|SYSTEM_MODE_EXIT|false
09:18:21.0 (437521196)|METHOD_EXIT|[9]|01p1r000009oS6S|TaskMethods.CerrarTarea(List<Task>, Map<Id,Task>)
09:18:21.437 (437536731)|CUMULATIVE_LIMIT_USAGE
09:18:21.437 (437536731)|LIMIT_USAGE_FOR_NS|(default)|
  Number of SOQL queries: 4 out of 100
  Number of query rows: 2 out of 50000
  Number of SOSL queries: 0 out of 20
  Number of DML statements: 7 out of 150
  Number of DML rows: 7 out of 10000
  Maximum CPU time: 0 out of 10000
  Maximum heap size: 0 out of 6000000
  Number of callouts: 0 out of 100
  Number of Email Invocations: 0 out of 10
  Number of future calls: 0 out of 50
  Number of queueable jobs added to the queue: 0 out of 50
  Number of Mobile Apex push calls: 0 out of 10

09:18:21.437 (437536731)|CUMULATIVE_LIMIT_USAGE_END

09:18:21.0 (438678970)|CODE_UNIT_FINISHED|TaskTrigger on Task trigger event AfterUpdate
09:18:21.0 (439187700)|DML_END|[39]
09:18:21.0 (439212079)|HEAP_ALLOCATE|[EXTERNAL]|Bytes:8
09:18:21.0 (439229030)|STATEMENT_EXECUTE|[41]
09:18:21.0 (439237271)|HEAP_ALLOCATE|[41]|Bytes:82
09:18:21.0 (439260748)|HEAP_ALLOCATE|[41]|Bytes:4
09:18:21.0 (439526772)|SOQL_EXECUTE_BEGIN|[41]|Aggregations:0|SELECT Id, Fecha_ultima_actividad_mas_reciente__c FROM Account WHERE Id = :tmpVar1
09:18:21.0 (442819648)|SOQL_EXECUTE_END|[41]|Rows:1
09:18:21.0 (442848994)|HEAP_ALLOCATE|[41]|Bytes:8
09:18:21.0 (442875424)|HEAP_ALLOCATE|[41]|Bytes:75
09:18:21.0 (442915247)|HEAP_ALLOCATE|[41]|Bytes:8
09:18:21.0 (442933457)|VARIABLE_SCOPE_BEGIN|[41]|listAccountCheck|List<Account>|true|false
09:18:21.0 (442993692)|VARIABLE_ASSIGNMENT|[41]|listAccountCheck|[{"Id":"0011r00001nogmvAAA","Fecha_ultima_activid (18 more) ...":"2020-01-11T00:00:00.000Z"}]|0x62fa6559
09:18:21.0 (443008679)|STATEMENT_EXECUTE|[43]
09:18:21.0 (443098984)|USER_DEBUG|[43]|DEBUG|(Account:{Id=0011r00001nogmvAAA, Fecha_ultima_actividad_mas_reciente__c=2020-01-11 00:00:00})
09:18:21.0 (443120185)|STATEMENT_EXECUTE|[45]
09:18:21.0 (443190550)|HEAP_ALLOCATE|[45]|Bytes:12
09:18:21.0 (443235407)|HEAP_ALLOCATE|[45]|Bytes:28
09:18:21.0 (443278870)|STATEMENT_EXECUTE|[50]
09:18:21.0 (443310708)|HEAP_ALLOCATE|[50]|Bytes:4
09:18:21.0 (443328451)|HEAP_ALLOCATE|[50]|Bytes:5
09:18:21.0 (443375610)|VARIABLE_ASSIGNMENT|[50]|this.Subject|"Task2"|0x7bab1577
09:18:21.0 (443402471)|VARIABLE_ASSIGNMENT|[50]|this.Priority|"Normal"|0x7bab1577
09:18:21.0 (443410502)|HEAP_ALLOCATE|[52]|Bytes:11
09:18:21.0 (443424366)|VARIABLE_ASSIGNMENT|[50]|this.Status|"in Progress"|0x7bab1577
09:18:21.0 (443461721)|VARIABLE_ASSIGNMENT|[50]|this.WhatId|"0061r00000vkbpCAAQ"|0x7bab1577
09:18:21.0 (443531799)|HEAP_ALLOCATE|[54]|Bytes:4
09:18:21.0 (443581368)|VARIABLE_ASSIGNMENT|[50]|this.ActivityDate|"2022-01-11T00:00:00.000Z"|0x7bab1577
09:18:21.0 (443630052)|VARIABLE_SCOPE_BEGIN|[50]|oTask2|Task|true|false
09:18:21.0 (443663795)|VARIABLE_ASSIGNMENT|[50]|oTask2|{"Subject":"Task2","Priority":"Normal","Status":"in Progress","WhatId":"0061r00000vkbpCAAQ","ActivityDate":"2022-01-11T00:00:00.000Z"}|0x7bab1577
09:18:21.0 (443676336)|STATEMENT_EXECUTE|[56]
09:18:21.0 (443709552)|HEAP_ALLOCATE|[EXTERNAL]|Bytes:4
09:18:21.0 (443719035)|STATEMENT_EXECUTE|[58]
09:18:21.0 (443774034)|DML_BEGIN|[58]|Op:Upsert|Type:Task|Rows:2
09:18:21.0 (443815039)|HEAP_ALLOCATE|[EXTERNAL]|Bytes:12
09:18:21.0 (473916029)|CODE_UNIT_STARTED|[EXTERNAL]|01q1r000000j6Yv|TaskTrigger on Task trigger event AfterUpdate
09:18:21.0 (473956507)|HEAP_ALLOCATE|[EXTERNAL]|Bytes:8
09:18:21.0 (473997274)|HEAP_ALLOCATE|[EXTERNAL]|Bytes:8
09:18:21.0 (474055856)|HEAP_ALLOCATE|[EXTERNAL]|Bytes:12
09:18:21.0 (474067581)|VARIABLE_SCOPE_BEGIN|[1]|this|TaskTrigger|true|false
09:18:21.0 (474107971)|VARIABLE_ASSIGNMENT|[1]|this|{}|0x37fa7ade
09:18:21.0 (474152608)|HEAP_ALLOCATE|[EXTERNAL]|Bytes:12
09:18:21.0 (474160452)|VARIABLE_SCOPE_BEGIN|[1]|this|TaskTrigger|true|false
09:18:21.0 (474173181)|VARIABLE_ASSIGNMENT|[1]|this|{}|0x37fa7ade
09:18:21.0 (474182819)|STATEMENT_EXECUTE|[1]
09:18:21.0 (474185665)|STATEMENT_EXECUTE|[3]
09:18:21.0 (474872982)|VARIABLE_ASSIGNMENT|[3]|this.listNew|[{"Status":"Completed","LastModifiedDate":"2018-04-18T07:18:22.000Z","IsDeleted":false,"AccountId":"0011r00001nogmwAAA","WhatId":"0011r00001nogmwAAA","ActivityDate":"2020-01-11T00:00:00.000Z","Priority":"Normal","IsHighPriority":false,"IsClosed":true,"IsRecurrence":false,"Subject":"Task","SystemModstamp":"2018-04-18T07:18:22.000Z","IsArchived":false,"CreatedById":"0051r000007Oz5QAAS","TaskSubtype":"Task","OwnerId":"0051r000007Oz5QAAS","CreatedDate":"2018-04-18T07:18:22.000Z","Id":"00T1r00004CPOqrEAH","DB_Activity_Type__c":"Other","IsReminderSet":false,"LastModifiedById":"0051r000007Oz5QAAS"}]|0x37fa7ade
09:18:21.0 (474890195)|STATEMENT_EXECUTE|[5]
09:18:21.0 (475444815)|VARIABLE_ASSIGNMENT|[5]|this.mapOld|{"00T1r00004CPOqrEAH":{"Status":"Completed","LastModifiedDate":"2018-04-18T07:18:22.000Z","IsDeleted":false,"AccountId":"0011r00001nogmwAAA","WhatId":"0011r00001nogmwAAA","ActivityDate":"2020-01-11T00:00:00.000Z","Priority":"Normal","IsHighPriority":false,"IsClosed":true,"IsRecurrence":false,"Subject":"Task","SystemModstamp":"2018-04-18T07:18:22.000Z","IsArchived":false,"CreatedById":"0051r000007Oz5QAAS","TaskSubtype":"Task","OwnerId":"0051r000007Oz5QAAS","CreatedDate":"2018-04-18T07:18:22.000Z","Id":"00T1r00004CPOqrEAH","DB_Activity_Type__c":"Other","IsReminderSet":false,"LastModifiedById":"0051r000007Oz5QAAS"}}|0x37fa7ade
09:18:21.0 (475467206)|STATEMENT_EXECUTE|[7]
09:18:21.0 (475472324)|STATEMENT_EXECUTE|[8]
09:18:21.0 (475474217)|STATEMENT_EXECUTE|[9]
09:18:21.0 (475490608)|METHOD_ENTRY|[9]|01p1r000009oS6S|TaskMethods.CerrarTarea(List<Task>, Map<Id,Task>)
09:18:21.0 (475501175)|VARIABLE_SCOPE_BEGIN|[3]|listTask|List<Task>|true|false
09:18:21.0 (475844852)|VARIABLE_ASSIGNMENT|[3]|listTask|[{"Status":"Completed","LastModifiedDate":"2018-04-18T07:18:22.000Z","IsDeleted":false,"AccountId":"0011r00001nogmwAAA","WhatId":"0011r00001nogmwAAA","ActivityDate":"2020-01-11T00:00:00.000Z","Priority":"Normal","IsHighPriority":false,"IsClosed":true,"IsRecurrence":false,"Subject":"Task","SystemModstamp":"2018-04-18T07:18:22.000Z","IsArchived":false,"CreatedById":"0051r000007Oz5QAAS","TaskSubtype":"Task","OwnerId":"0051r000007Oz5QAAS","CreatedDate":"2018-04-18T07:18:22.000Z","Id":"00T1r00004CPOqrEAH","DB_Activity_Type__c":"Other","IsReminderSet":false,"LastModifiedById":"0051r000007Oz5QAAS"}]|0x3f011b8d
09:18:21.0 (475859370)|VARIABLE_SCOPE_BEGIN|[3]|mapTaskOld|Map<Id,Task>|true|false
09:18:21.0 (476194723)|VARIABLE_ASSIGNMENT|[3]|mapTaskOld|{"00T1r00004CPOqrEAH":{"Status":"Completed","LastModifiedDate":"2018-04-18T07:18:22.000Z","IsDeleted":false,"AccountId":"0011r00001nogmwAAA","WhatId":"0011r00001nogmwAAA","ActivityDate":"2020-01-11T00:00:00.000Z","Priority":"Normal","IsHighPriority":false,"IsClosed":true,"IsRecurrence":false,"Subject":"Task","SystemModstamp":"2018-04-18T07:18:22.000Z","IsArchived":false,"CreatedById":"0051r000007Oz5QAAS","TaskSubtype":"Task","OwnerId":"0051r000007Oz5QAAS","CreatedDate":"2018-04-18T07:18:22.000Z","Id":"00T1r00004CPOqrEAH","DB_Activity_Type__c":"Other","IsReminderSet":false,"LastModifiedById":"0051r000007Oz5QAAS"}}|0x5f245919
09:18:21.0 (476643209)|SYSTEM_MODE_ENTER|false
09:18:21.0 (476655765)|HEAP_ALLOCATE|[5]|Bytes:5
09:18:21.0 (476663345)|STATEMENT_EXECUTE|[3]
09:18:21.0 (476682731)|STATEMENT_EXECUTE|[5]
09:18:21.0 (476684729)|STATEMENT_EXECUTE|[8]
09:18:21.0 (476702594)|HEAP_ALLOCATE|[8]|Bytes:4
09:18:21.0 (476718617)|VARIABLE_SCOPE_BEGIN|[8]|listAcUpdate|List<Account>|true|false
09:18:21.0 (476727153)|HEAP_ALLOCATE|[EXTERNAL]|Bytes:4
09:18:21.0 (476735615)|VARIABLE_ASSIGNMENT|[8]|listAcUpdate|[]|0x6cbef389
09:18:21.0 (476742012)|STATEMENT_EXECUTE|[11]
09:18:21.0 (476755951)|HEAP_ALLOCATE|[11]|Bytes:4
09:18:21.0 (476772828)|VARIABLE_SCOPE_BEGIN|[11]|setTaskIds|Set<String>|true|false
09:18:21.0 (476806486)|VARIABLE_ASSIGNMENT|[11]|setTaskIds|[]|0x8f6584a
09:18:21.0 (476835599)|HEAP_ALLOCATE|[13]|Bytes:5
09:18:21.0 (476859553)|VARIABLE_SCOPE_BEGIN|[13]|inTask|Task|true|false
09:18:21.0 (477057743)|VARIABLE_ASSIGNMENT|[13]|inTask|{"Status":"Completed","LastModifiedDate":"2018-04-18T07:18:22.000Z","IsDeleted":false,"AccountId":"0011r00001nogmwAAA","WhatId":"0011r00001nogmwAAA","ActivityDate":"2020-01-11T00:00:00.000Z","Priority":"Normal","IsHighPriority":false,"IsClosed":true,"IsRecurrence":false,"Subject":"Task","SystemModstamp":"2018-04-18T07:18:22.000Z","IsArchived":false,"CreatedById":"0051r000007Oz5QAAS","TaskSubtype":"Task","OwnerId":"0051r000007Oz5QAAS","CreatedDate":"2018-04-18T07:18:22.000Z","Id":"00T1r00004CPOqrEAH","DB_Activity_Type__c":"Other","IsReminderSet":false,"LastModifiedById":"0051r000007Oz5QAAS"}|0x3f1cf7aa
09:18:21.0 (477074610)|STATEMENT_EXECUTE|[13]
09:18:21.0 (477118361)|STATEMENT_EXECUTE|[14]
09:18:21.0 (477129208)|HEAP_ALLOCATE|[13]|Bytes:5
09:18:21.0 (477148348)|VARIABLE_ASSIGNMENT|[13]|inTask|null|
09:18:21.0 (477154480)|STATEMENT_EXECUTE|[20]
09:18:21.0 (477168867)|HEAP_ALLOCATE|[20]|Bytes:4
09:18:21.0 (477188113)|HEAP_ALLOCATE|[20]|Bytes:4
09:18:21.0 (477212584)|HEAP_ALLOCATE|[20]|Bytes:4
09:18:21.0 (477222208)|HEAP_ALLOCATE|[20]|Bytes:4
09:18:21.0 (477922045)|SOQL_EXECUTE_BEGIN|[20]|Aggregations:0|SELECT WhatId, ActivityDate, TYPEOF What WHEN Account THEN Id, Parent.Fecha_ultima_actividad_mas_reciente__c WHEN Opportunity THEN Account.Parent.Fecha_ultima_actividad_mas_reciente__c END FROM Task WHERE Id = :tmpVar1
09:18:21.0 (481313189)|SOQL_EXECUTE_END|[20]|Rows:0
09:18:21.0 (481334726)|HEAP_ALLOCATE|[20]|Bytes:4
09:18:21.0 (481354210)|HEAP_ALLOCATE|[20]|Bytes:0
09:18:21.0 (481381147)|HEAP_ALLOCATE|[20]|Bytes:4
09:18:21.0 (481400794)|HEAP_ALLOCATE|[20]|Bytes:0
09:18:21.0 (481408752)|VARIABLE_SCOPE_BEGIN|[20]|listTaskType|List<Task>|true|false
09:18:21.0 (481417248)|HEAP_ALLOCATE|[EXTERNAL]|Bytes:4
09:18:21.0 (481426527)|VARIABLE_ASSIGNMENT|[20]|listTaskType|[]|0x258d3a8a
09:18:21.0 (481434848)|STATEMENT_EXECUTE|[28]
09:18:21.0 (481462848)|HEAP_ALLOCATE|[28]|Bytes:2
09:18:21.0 (481475374)|HEAP_ALLOCATE|[28]|Bytes:42
09:18:21.0 (481488028)|USER_DEBUG|[28]|DEBUG|TaskMethods.CerrarTarea.listTaskType :: ()
09:18:21.0 (481510716)|HEAP_ALLOCATE|[31]|Bytes:5
09:18:21.0 (481523812)|VARIABLE_ASSIGNMENT|[31]|inTask|null|
09:18:21.0 (481530171)|STATEMENT_EXECUTE|[31]
09:18:21.0 (481532196)|STATEMENT_EXECUTE|[47]
09:18:21.0 (481543335)|HEAP_ALLOCATE|[47]|Bytes:2
09:18:21.0 (481552902)|HEAP_ALLOCATE|[47]|Bytes:15
09:18:21.0 (481559549)|USER_DEBUG|[47]|DEBUG|listAcUpdate ()
09:18:21.0 (481566172)|STATEMENT_EXECUTE|[48]
09:18:21.0 (481606309)|HEAP_ALLOCATE|[EXTERNAL]|Bytes:4
09:18:21.0 (481615570)|SYSTEM_MODE_EXIT|false
09:18:21.0 (481627690)|METHOD_EXIT|[9]|01p1r000009oS6S|TaskMethods.CerrarTarea(List<Task>, Map<Id,Task>)
09:18:21.481 (481638281)|CUMULATIVE_LIMIT_USAGE
09:18:21.481 (481638281)|LIMIT_USAGE_FOR_NS|(default)|
  Number of SOQL queries: 6 out of 100
  Number of query rows: 3 out of 50000
  Number of SOSL queries: 0 out of 20
  Number of DML statements: 8 out of 150
  Number of DML rows: 9 out of 10000
  Maximum CPU time: 0 out of 10000
  Maximum heap size: 0 out of 6000000
  Number of callouts: 0 out of 100
  Number of Email Invocations: 0 out of 10
  Number of future calls: 0 out of 50
  Number of queueable jobs added to the queue: 0 out of 50
  Number of Mobile Apex push calls: 0 out of 10

09:18:21.481 (481638281)|CUMULATIVE_LIMIT_USAGE_END

09:18:21.0 (482822349)|CODE_UNIT_FINISHED|TaskTrigger on Task trigger event AfterUpdate
09:18:21.0 (483313037)|DML_END|[58]
09:18:21.0 (483362518)|HEAP_ALLOCATE|[EXTERNAL]|Bytes:12
09:18:21.0 (483417649)|HEAP_ALLOCATE|[60]|Bytes:5
09:18:21.0 (483433352)|HEAP_ALLOCATE|[60]|Bytes:28
09:18:21.0 (483442414)|VARIABLE_SCOPE_BEGIN|[60]|inTask|Task|true|false
09:18:21.0 (483475659)|VARIABLE_ASSIGNMENT|[60]|inTask|{"Subject":"Task","Priority":"Normal","Status":"Completed","WhatId":"0011r00001nogmwAAA","ActivityDate":"2020-01-11T00:00:00.000Z","Id":"00T1r00004CPOqrEAH"}|0x55a7fb71
09:18:21.0 (483485515)|STATEMENT_EXECUTE|[60]
09:18:21.0 (483487804)|STATEMENT_EXECUTE|[61]
09:18:21.0 (483530154)|VARIABLE_ASSIGNMENT|[61]|this.Status|"Completed"|0x55a7fb71
09:18:21.0 (483546054)|HEAP_ALLOCATE|[60]|Bytes:5
09:18:21.0 (483556803)|HEAP_ALLOCATE|[60]|Bytes:28
09:18:21.0 (483562730)|VARIABLE_SCOPE_BEGIN|[60]|inTask|Task|true|false
09:18:21.0 (483582674)|VARIABLE_ASSIGNMENT|[60]|inTask|{"Subject":"Task2","Priority":"Normal","Status":"in Progress","WhatId":"0061r00000vkbpCAAQ","ActivityDate":"2022-01-11T00:00:00.000Z","Id":"00T1r00004CPOqsEAH"}|0x7bab1577
09:18:21.0 (483590109)|STATEMENT_EXECUTE|[60]
09:18:21.0 (483591956)|STATEMENT_EXECUTE|[61]
09:18:21.0 (483611964)|VARIABLE_ASSIGNMENT|[61]|this.Status|"Completed"|0x7bab1577
09:18:21.0 (483624666)|HEAP_ALLOCATE|[60]|Bytes:5
09:18:21.0 (483635253)|VARIABLE_ASSIGNMENT|[60]|inTask|null|
09:18:21.0 (483640491)|STATEMENT_EXECUTE|[64]
09:18:21.0 (483670793)|DML_BEGIN|[64]|Op:Update|Type:Task|Rows:2
09:18:21.0 (483698958)|HEAP_ALLOCATE|[EXTERNAL]|Bytes:12
09:18:21.0 (507048544)|CODE_UNIT_STARTED|[EXTERNAL]|01q1r000000j6Yv|TaskTrigger on Task trigger event AfterUpdate
09:18:21.0 (507097501)|HEAP_ALLOCATE|[EXTERNAL]|Bytes:12
09:18:21.0 (507157529)|HEAP_ALLOCATE|[EXTERNAL]|Bytes:12
09:18:21.0 (507227640)|HEAP_ALLOCATE|[EXTERNAL]|Bytes:12
09:18:21.0 (507241415)|VARIABLE_SCOPE_BEGIN|[1]|this|TaskTrigger|true|false
09:18:21.0 (507291383)|VARIABLE_ASSIGNMENT|[1]|this|{}|0x766bbb87
09:18:21.0 (507336754)|HEAP_ALLOCATE|[EXTERNAL]|Bytes:12
09:18:21.0 (507346436)|VARIABLE_SCOPE_BEGIN|[1]|this|TaskTrigger|true|false
09:18:21.0 (507364386)|VARIABLE_ASSIGNMENT|[1]|this|{}|0x766bbb87
09:18:21.0 (507378591)|STATEMENT_EXECUTE|[1]
09:18:21.0 (507382278)|STATEMENT_EXECUTE|[3]
09:18:21.0 (508954544)|VARIABLE_ASSIGNMENT|[3]|this.listNew|[{"Status":"Completed","LastModifiedDate":"2018-04-18T07:18:22.000Z","IsDeleted":false,"AccountId":"0011r00001nogmwAAA","WhatId":"0011r00001nogmwAAA","ActivityDate":"2020-01-11T00:00:00.000Z","Priority":"Normal","IsHighPriority":false,"IsClosed":true,"IsRecurrence":false,"Subject":"Task","SystemModstamp":"2018-04-18T07:18:22.000Z","IsArchived":false,"CreatedById":"0051r000007Oz5QAAS","TaskSubtype":"Task","OwnerId":"0051r000007Oz5QAAS","CreatedDate":"2018-04-18T07:18:22.000Z","Id":"00T1r00004CPOqrEAH","DB_Activity_Type__c":"Other","IsReminderSet":false,"LastModifiedById":"0051r000007Oz5QAAS"},{"Status":"Completed","LastModifiedDate":"2018-04-18T07:18:22.000Z","IsDeleted":false,"AccountId":"0011r00001nogmwAAA","WhatId":"0061r00000vkbpCAAQ","ActivityDate":"2022-01-11T00:00:00.000Z","Priority":"Normal","IsHighPriority":false,"IsClosed":true,"IsRecurrence":false,"Subject":"Task2","SystemModstamp":"2018-04-18T07:18:22.000Z","IsArchived":false,"CreatedById":"0051r000007Oz5QAAS","TaskSubtype":"Task","OwnerId":"0051r000007Oz5QAAS","CreatedDate":"2018-04-18T07:18:22.000Z","Id":"00T1r00004CPOqsEAH","DB_Activity_Type__c":"Other","IsReminderSet":false,"LastModifiedById":"0051r000007Oz5QAAS"}]|0x766bbb87
09:18:21.0 (508986552)|STATEMENT_EXECUTE|[5]
09:18:21.0 (510075962)|VARIABLE_ASSIGNMENT|[5]|this.mapOld|{"00T1r00004CPOqrEAH":{"Status":"Completed","LastModifiedDate":"2018-04-18T07:18:22.000Z","IsDeleted":false,"AccountId":"0011r00001nogmwAAA","WhatId":"0011r00001nogmwAAA","ActivityDate":"2020-01-11T00:00:00.000Z","Priority":"Normal","IsHighPriority":false,"IsClosed":true,"IsRecurrence":false,"Subject":"Task","SystemModstamp":"2018-04-18T07:18:22.000Z","IsArchived":false,"CreatedById":"0051r000007Oz5QAAS","TaskSubtype":"Task","OwnerId":"0051r000007Oz5QAAS","CreatedDate":"2018-04-18T07:18:22.000Z","Id":"00T1r00004CPOqrEAH","DB_Activity_Type__c":"Other","IsReminderSet":false,"LastModifiedById":"0051r000007Oz5QAAS"},"00T1r00004CPOqsEAH":{"Status":"In Progress","LastModifiedDate":"2018-04-18T07:18:22.000Z","IsDeleted":false,"AccountId":"0011r00001nogmwAAA","WhatId":"0061r00000vkbpCAAQ","ActivityDate":"2022-01-11T00:00:00.000Z","Priority":"Normal","IsHighPriority":false,"IsClosed":false,"IsRecurrence":false,"Subject":"Task2","SystemModstamp":"2018-04-18T07:18:22.000Z","IsArchived":false,"CreatedById":"0051r000007Oz5QAAS","TaskSubtype":"Task","OwnerId":"0051r000007Oz5QAAS","CreatedDate":"2018-04-18T07:18:22.000Z","Id":"00T1r00004CPOqsEAH","DB_Activity_Type__c":"Other","IsReminderSet":false,"LastModifiedById":"0051r000007Oz5QAAS"}}|0x766bbb87
09:18:21.0 (510114277)|STATEMENT_EXECUTE|[7]
09:18:21.0 (510118750)|STATEMENT_EXECUTE|[8]
09:18:21.0 (510120929)|STATEMENT_EXECUTE|[9]
09:18:21.0 (510143639)|METHOD_ENTRY|[9]|01p1r000009oS6S|TaskMethods.CerrarTarea(List<Task>, Map<Id,Task>)
09:18:21.0 (510158202)|VARIABLE_SCOPE_BEGIN|[3]|listTask|List<Task>|true|false
09:18:21.0 (510818270)|VARIABLE_ASSIGNMENT|[3]|listTask|[{"Status":"Completed","LastModifiedDate":"2018-04-18T07:18:22.000Z","IsDeleted":false,"AccountId":"0011r00001nogmwAAA","WhatId":"0011r00001nogmwAAA","ActivityDate":"2020-01-11T00:00:00.000Z","Priority":"Normal","IsHighPriority":false,"IsClosed":true,"IsRecurrence":false,"Subject":"Task","SystemModstamp":"2018-04-18T07:18:22.000Z","IsArchived":false,"CreatedById":"0051r000007Oz5QAAS","TaskSubtype":"Task","OwnerId":"0051r000007Oz5QAAS","CreatedDate":"2018-04-18T07:18:22.000Z","Id":"00T1r00004CPOqrEAH","DB_Activity_Type__c":"Other","IsReminderSet":false,"LastModifiedById":"0051r000007Oz5QAAS"},{"Status":"Completed","LastModifiedDate":"2018-04-18T07:18:22.000Z","IsDeleted":false,"AccountId":"0011r00001nogmwAAA","WhatId":"0061r00000vkbpCAAQ","ActivityDate":"2022-01-11T00:00:00.000Z","Priority":"Normal","IsHighPriority":false,"IsClosed":true,"IsRecurrence":false,"Subject":"Task2","SystemModstamp":"2018-04-18T07:18:22.000Z","IsArchived":false,"CreatedById":"0051r000007Oz5QAAS","TaskSubtype":"Task","OwnerId":"0051r000007Oz5QAAS","CreatedDate":"2018-04-18T07:18:22.000Z","Id":"00T1r00004CPOqsEAH","DB_Activity_Type__c":"Other","IsReminderSet":false,"LastModifiedById":"0051r000007Oz5QAAS"}]|0x4cdd132
09:18:21.0 (510839223)|VARIABLE_SCOPE_BEGIN|[3]|mapTaskOld|Map<Id,Task>|true|false
09:18:21.0 (511522925)|VARIABLE_ASSIGNMENT|[3]|mapTaskOld|{"00T1r00004CPOqrEAH":{"Status":"Completed","LastModifiedDate":"2018-04-18T07:18:22.000Z","IsDeleted":false,"AccountId":"0011r00001nogmwAAA","WhatId":"0011r00001nogmwAAA","ActivityDate":"2020-01-11T00:00:00.000Z","Priority":"Normal","IsHighPriority":false,"IsClosed":true,"IsRecurrence":false,"Subject":"Task","SystemModstamp":"2018-04-18T07:18:22.000Z","IsArchived":false,"CreatedById":"0051r000007Oz5QAAS","TaskSubtype":"Task","OwnerId":"0051r000007Oz5QAAS","CreatedDate":"2018-04-18T07:18:22.000Z","Id":"00T1r00004CPOqrEAH","DB_Activity_Type__c":"Other","IsReminderSet":false,"LastModifiedById":"0051r000007Oz5QAAS"},"00T1r00004CPOqsEAH":{"Status":"In Progress","LastModifiedDate":"2018-04-18T07:18:22.000Z","IsDeleted":false,"AccountId":"0011r00001nogmwAAA","WhatId":"0061r00000vkbpCAAQ","ActivityDate":"2022-01-11T00:00:00.000Z","Priority":"Normal","IsHighPriority":false,"IsClosed":false,"IsRecurrence":false,"Subject":"Task2","SystemModstamp":"2018-04-18T07:18:22.000Z","IsArchived":false,"CreatedById":"0051r000007Oz5QAAS","TaskSubtype":"Task","OwnerId":"0051r000007Oz5QAAS","CreatedDate":"2018-04-18T07:18:22.000Z","Id":"00T1r00004CPOqsEAH","DB_Activity_Type__c":"Other","IsReminderSet":false,"LastModifiedById":"0051r000007Oz5QAAS"}}|0x51f113a1
09:18:21.0 (511944365)|SYSTEM_MODE_ENTER|false
09:18:21.0 (511959979)|HEAP_ALLOCATE|[5]|Bytes:5
09:18:21.0 (511969163)|STATEMENT_EXECUTE|[3]
09:18:21.0 (511991857)|STATEMENT_EXECUTE|[5]
09:18:21.0 (511993971)|STATEMENT_EXECUTE|[8]
09:18:21.0 (512014782)|HEAP_ALLOCATE|[8]|Bytes:4
09:18:21.0 (512031323)|VARIABLE_SCOPE_BEGIN|[8]|listAcUpdate|List<Account>|true|false
09:18:21.0 (512040418)|HEAP_ALLOCATE|[EXTERNAL]|Bytes:4
09:18:21.0 (512049639)|VARIABLE_ASSIGNMENT|[8]|listAcUpdate|[]|0x61f2d832
09:18:21.0 (512056056)|STATEMENT_EXECUTE|[11]
09:18:21.0 (512065197)|HEAP_ALLOCATE|[11]|Bytes:4
09:18:21.0 (512078235)|VARIABLE_SCOPE_BEGIN|[11]|setTaskIds|Set<String>|true|false
09:18:21.0 (512103259)|VARIABLE_ASSIGNMENT|[11]|setTaskIds|[]|0x4a6ef008
09:18:21.0 (512127590)|HEAP_ALLOCATE|[13]|Bytes:5
09:18:21.0 (512154815)|VARIABLE_SCOPE_BEGIN|[13]|inTask|Task|true|false
09:18:21.0 (512304326)|VARIABLE_ASSIGNMENT|[13]|inTask|{"Status":"Completed","LastModifiedDate":"2018-04-18T07:18:22.000Z","IsDeleted":false,"AccountId":"0011r00001nogmwAAA","WhatId":"0011r00001nogmwAAA","ActivityDate":"2020-01-11T00:00:00.000Z","Priority":"Normal","IsHighPriority":false,"IsClosed":true,"IsRecurrence":false,"Subject":"Task","SystemModstamp":"2018-04-18T07:18:22.000Z","IsArchived":false,"CreatedById":"0051r000007Oz5QAAS","TaskSubtype":"Task","OwnerId":"0051r000007Oz5QAAS","CreatedDate":"2018-04-18T07:18:22.000Z","Id":"00T1r00004CPOqrEAH","DB_Activity_Type__c":"Other","IsReminderSet":false,"LastModifiedById":"0051r000007Oz5QAAS"}|0x20c0ec36
09:18:21.0 (512319242)|STATEMENT_EXECUTE|[13]
09:18:21.0 (512368134)|STATEMENT_EXECUTE|[14]
09:18:21.0 (512378321)|HEAP_ALLOCATE|[13]|Bytes:5
09:18:21.0 (512391710)|VARIABLE_SCOPE_BEGIN|[13]|inTask|Task|true|false
09:18:21.0 (512513046)|VARIABLE_ASSIGNMENT|[13]|inTask|{"Status":"Completed","LastModifiedDate":"2018-04-18T07:18:22.000Z","IsDeleted":false,"AccountId":"0011r00001nogmwAAA","WhatId":"0061r00000vkbpCAAQ","ActivityDate":"2022-01-11T00:00:00.000Z","Priority":"Normal","IsHighPriority":false,"IsClosed":true,"IsRecurrence":false,"Subject":"Task2","SystemModstamp":"2018-04-18T07:18:22.000Z","IsArchived":false,"CreatedById":"0051r000007Oz5QAAS","TaskSubtype":"Task","OwnerId":"0051r000007Oz5QAAS","CreatedDate":"2018-04-18T07:18:22.000Z","Id":"00T1r00004CPOqsEAH","DB_Activity_Type__c":"Other","IsReminderSet":false,"LastModifiedById":"0051r000007Oz5QAAS"}|0x79759f94
09:18:21.0 (512527022)|STATEMENT_EXECUTE|[13]
09:18:21.0 (512555907)|STATEMENT_EXECUTE|[14]
09:18:21.0 (512558207)|STATEMENT_EXECUTE|[15]
09:18:21.0 (512581777)|HEAP_ALLOCATE|[EXTERNAL]|Bytes:4
09:18:21.0 (512596929)|HEAP_ALLOCATE|[13]|Bytes:5
09:18:21.0 (512608535)|VARIABLE_ASSIGNMENT|[13]|inTask|null|
09:18:21.0 (512613974)|STATEMENT_EXECUTE|[20]
09:18:21.0 (512628090)|HEAP_ALLOCATE|[20]|Bytes:4
09:18:21.0 (512647738)|HEAP_ALLOCATE|[20]|Bytes:4
09:18:21.0 (512673003)|HEAP_ALLOCATE|[20]|Bytes:8
09:18:21.0 (512680935)|HEAP_ALLOCATE|[20]|Bytes:8
09:18:21.0 (513174359)|SOQL_EXECUTE_BEGIN|[20]|Aggregations:0|SELECT WhatId, ActivityDate, TYPEOF What WHEN Account THEN Id, Parent.Fecha_ultima_actividad_mas_reciente__c WHEN Opportunity THEN Account.Parent.Fecha_ultima_actividad_mas_reciente__c END FROM Task WHERE Id = :tmpVar1
09:18:21.0 (523506047)|SOQL_EXECUTE_END|[20]|Rows:1
09:18:21.0 (523530375)|HEAP_ALLOCATE|[20]|Bytes:8
09:18:21.0 (523584200)|HEAP_ALLOCATE|[20]|Bytes:297
09:18:21.0 (523629014)|HEAP_ALLOCATE|[20]|Bytes:8
09:18:21.0 (523656486)|HEAP_ALLOCATE|[20]|Bytes:20
09:18:21.0 (523661229)|HEAP_ALLOCATE|[20]|Bytes:20
09:18:21.0 (523664528)|HEAP_ALLOCATE|[20]|Bytes:4
09:18:21.0 (523673866)|VARIABLE_SCOPE_BEGIN|[20]|listTaskType|List<Task>|true|false
09:18:21.0 (523683982)|HEAP_ALLOCATE|[EXTERNAL]|Bytes:8
09:18:21.0 (523726566)|VARIABLE_ASSIGNMENT|[20]|listTaskType|[{"WhatId":"0061r00000vkbpCAAQ","ActivityDate":"2022-01-11T00:00:00.000Z","Id":"00T1r00004CPOqsEAH","What":{"Id":"0061r00000vkbpCAAQ","AccountId":"0011r00001nogmwAAA","Account":{"Id":"0011r00001nogmwAAA","ParentId":"0011r00001nogmvAAA","Parent":{"Id":"0011r00001nogmvAAA","Fecha_ultima_activid (18 more) ...":"2020-01-11T00:00:00.000Z"}}}}]|0x5147d6dd
09:18:21.0 (523740800)|STATEMENT_EXECUTE|[28]
09:18:21.0 (523802017)|HEAP_ALLOCATE|[28]|Bytes:91
09:18:21.0 (523819096)|HEAP_ALLOCATE|[28]|Bytes:131
09:18:21.0 (523832724)|USER_DEBUG|[28]|DEBUG|TaskMethods.CerrarTarea.listTaskType :: (Task:{WhatId=0061r00000vkbpCAAQ, ActivityDate=2022-01-11 00:00:00, Id=00T1r00004CPOqsEAH})
09:18:21.0 (523857699)|HEAP_ALLOCATE|[31]|Bytes:5
09:18:21.0 (523869291)|HEAP_ALLOCATE|[31]|Bytes:20
09:18:21.0 (523877048)|VARIABLE_SCOPE_BEGIN|[31]|inTask|Task|true|false
09:18:21.0 (523904959)|VARIABLE_ASSIGNMENT|[31]|inTask|{"WhatId":"0061r00000vkbpCAAQ","ActivityDate":"2022-01-11T00:00:00.000Z","Id":"00T1r00004CPOqsEAH","What":{"Id":"0061r00000vkbpCAAQ","AccountId":"0011r00001nogmwAAA","Account":{"Id":"0011r00001nogmwAAA","ParentId":"0011r00001nogmvAAA","Parent":{"Id":"0011r00001nogmvAAA","Fecha_ultima_activid (18 more) ...":"2020-01-11T00:00:00.000Z"}}}}|0x65ac1603
09:18:21.0 (523916337)|STATEMENT_EXECUTE|[31]
09:18:21.0 (523952673)|STATEMENT_EXECUTE|[32]
09:18:21.0 (523955195)|STATEMENT_EXECUTE|[33]
09:18:21.0 (523958509)|HEAP_ALLOCATE|[33]|Bytes:11
09:18:21.0 (523990561)|USER_DEBUG|[33]|DEBUG|Opportunity
09:18:21.0 (524082136)|STATEMENT_EXECUTE|[34]
09:18:21.0 (524085399)|STATEMENT_EXECUTE|[35]
09:18:21.0 (524132543)|VARIABLE_ASSIGNMENT|[35]|this.Fecha_ultima_actividad_mas_reciente__c|"2022-01-11T00:00:00.000Z"|0x15401f60
09:18:21.0 (524145116)|STATEMENT_EXECUTE|[36]
09:18:21.0 (524183275)|HEAP_ALLOCATE|[EXTERNAL]|Bytes:4
09:18:21.0 (524201043)|HEAP_ALLOCATE|[31]|Bytes:5
09:18:21.0 (524214375)|VARIABLE_ASSIGNMENT|[31]|inTask|null|
09:18:21.0 (524222009)|STATEMENT_EXECUTE|[47]
09:18:21.0 (524257128)|HEAP_ALLOCATE|[47]|Bytes:93
09:18:21.0 (524271287)|HEAP_ALLOCATE|[47]|Bytes:106
09:18:21.0 (524280418)|USER_DEBUG|[47]|DEBUG|listAcUpdate (Account:{Id=0011r00001nogmvAAA, Fecha_ultima_actividad_mas_reciente__c=2022-01-11 00:00:00})
09:18:21.0 (524288005)|STATEMENT_EXECUTE|[48]
09:18:21.0 (524314322)|DML_BEGIN|[48]|Op:Update|Type:Account|Rows:1
09:18:21.0 (524338555)|HEAP_ALLOCATE|[EXTERNAL]|Bytes:8
09:18:21.0 (529344087)|CODE_UNIT_STARTED|[EXTERNAL]|01q1r000000j8Jg|AccountTrigger on Account trigger event BeforeUpdate
09:18:21.0 (529374591)|HEAP_ALLOCATE|[EXTERNAL]|Bytes:8
09:18:21.0 (529395437)|HEAP_ALLOCATE|[EXTERNAL]|Bytes:8
09:18:21.0 (529434532)|HEAP_ALLOCATE|[EXTERNAL]|Bytes:12
09:18:21.0 (529443093)|VARIABLE_SCOPE_BEGIN|[1]|this|AccountTrigger|true|false
09:18:21.0 (529470595)|VARIABLE_ASSIGNMENT|[1]|this|{}|0x807287e
09:18:21.0 (529499525)|HEAP_ALLOCATE|[EXTERNAL]|Bytes:12
09:18:21.0 (529506370)|VARIABLE_SCOPE_BEGIN|[1]|this|AccountTrigger|true|false
09:18:21.0 (529517174)|VARIABLE_ASSIGNMENT|[1]|this|{}|0x807287e
09:18:21.0 (529524869)|STATEMENT_EXECUTE|[1]
09:18:21.0 (529527160)|STATEMENT_EXECUTE|[3]
09:18:21.0 (529974699)|VARIABLE_ASSIGNMENT|[3]|this.listNew|[{"LastModifiedDate":"2018-04-18T07:18:22.000Z","IsDeleted":false,"CleanStatus":"Pending","Fecha_ultima_activid (18 more) ...":"2022-01-11T00:00:00.000Z","OwnerId":"0051r000007Oz5QAAS","CreatedById":"0051r000007Oz5QAAS","Match_Billing_Addres (4 more) ...":false,"CreatedDate":"2018-04-18T07:18:21.000Z","Id":"0011r00001nogmvAAA","LastModifiedById":"0051r000007Oz5QAAS","SystemModstamp":"2018-04-18T07:18:22.000Z","Name":"CuentaPadre"}]|0x807287e
09:18:21.0 (529989344)|STATEMENT_EXECUTE|[5]
09:18:21.0 (530341637)|VARIABLE_ASSIGNMENT|[5]|this.mapOld|{"0011r00001nogmvAAA":{"LastModifiedDate":"2018-04-18T07:18:22.000Z","IsDeleted":false,"CleanStatus":"Pending","Fecha_ultima_activid (18 more) ...":"2020-01-11T00:00:00.000Z","OwnerId":"0051r000007Oz5QAAS","CreatedById":"0051r000007Oz5QAAS","Match_Billing_Addres (4 more) ...":false,"CreatedDate":"2018-04-18T07:18:21.000Z","Id":"0011r00001nogmvAAA","LastModifiedById":"0051r000007Oz5QAAS","SystemModstamp":"2018-04-18T07:18:22.000Z","Name":"CuentaPadre"}}|0x807287e
09:18:21.0 (530360237)|STATEMENT_EXECUTE|[7]
09:18:21.0 (530365516)|STATEMENT_EXECUTE|[8]
09:18:21.0 (530367408)|STATEMENT_EXECUTE|[9]
09:18:21.0 (530382704)|METHOD_ENTRY|[9]|01p1r000009p8Bf|AccountMethods.ActualizarCuentaHija(List<Account>, Map<Id,Account>)
09:18:21.0 (530395283)|VARIABLE_SCOPE_BEGIN|[3]|listAccount|List<Account>|true|false
09:18:21.0 (530928602)|VARIABLE_ASSIGNMENT|[3]|listAccount|[{"LastModifiedDate":"2018-04-18T07:18:22.000Z","IsDeleted":false,"CleanStatus":"Pending","Fecha_ultima_activid (18 more) ...":"2022-01-11T00:00:00.000Z","OwnerId":"0051r000007Oz5QAAS","CreatedById":"0051r000007Oz5QAAS","Match_Billing_Addres (4 more) ...":false,"CreatedDate":"2018-04-18T07:18:21.000Z","Id":"0011r00001nogmvAAA","LastModifiedById":"0051r000007Oz5QAAS","SystemModstamp":"2018-04-18T07:18:22.000Z","Name":"CuentaPadre"}]|0x79d2b74
09:18:21.0 (530940637)|VARIABLE_SCOPE_BEGIN|[3]|mapOld|Map<Id,Account>|true|false
09:18:21.0 (531467959)|VARIABLE_ASSIGNMENT|[3]|mapOld|{"0011r00001nogmvAAA":{"LastModifiedDate":"2018-04-18T07:18:22.000Z","IsDeleted":false,"CleanStatus":"Pending","Fecha_ultima_activid (18 more) ...":"2020-01-11T00:00:00.000Z","OwnerId":"0051r000007Oz5QAAS","CreatedById":"0051r000007Oz5QAAS","Match_Billing_Addres (4 more) ...":false,"CreatedDate":"2018-04-18T07:18:21.000Z","Id":"0011r00001nogmvAAA","LastModifiedById":"0051r000007Oz5QAAS","SystemModstamp":"2018-04-18T07:18:22.000Z","Name":"CuentaPadre"}}|0x502599f7
09:18:21.0 (531496488)|HEAP_ALLOCATE|[5]|Bytes:5
09:18:21.0 (531503346)|STATEMENT_EXECUTE|[3]
09:18:21.0 (531520464)|STATEMENT_EXECUTE|[5]
09:18:21.0 (531522474)|STATEMENT_EXECUTE|[8]
09:18:21.0 (531531794)|HEAP_ALLOCATE|[8]|Bytes:4
09:18:21.0 (531545744)|VARIABLE_SCOPE_BEGIN|[8]|listAccountIds|List<String>|true|false
09:18:21.0 (531566598)|HEAP_ALLOCATE|[EXTERNAL]|Bytes:4
09:18:21.0 (531576037)|VARIABLE_ASSIGNMENT|[8]|listAccountIds|[]|0x71f9af54
09:18:21.0 (531581849)|STATEMENT_EXECUTE|[9]
09:18:21.0 (531596136)|HEAP_ALLOCATE|[9]|Bytes:4
09:18:21.0 (531604211)|VARIABLE_SCOPE_BEGIN|[9]|mapAccountParent|Map<String,Account>|true|false
09:18:21.0 (531616575)|VARIABLE_ASSIGNMENT|[9]|mapAccountParent|{}|0x400c3dcd
09:18:21.0 (531638660)|HEAP_ALLOCATE|[11]|Bytes:5
09:18:21.0 (531652781)|HEAP_ALLOCATE|[11]|Bytes:4
09:18:21.0 (531660316)|VARIABLE_SCOPE_BEGIN|[11]|inAccount|Account|true|false
09:18:21.0 (531954991)|VARIABLE_ASSIGNMENT|[11]|inAccount|{"LastModifiedDate":"2018-04-18T07:18:22.000Z","IsDeleted":false,"CleanStatus":"Pending","Fecha_ultima_activid (18 more) ...":"2022-01-11T00:00:00.000Z","OwnerId":"0051r000007Oz5QAAS","CreatedById":"0051r000007Oz5QAAS","Match_Billing_Addres (4 more) ...":false,"CreatedDate":"2018-04-18T07:18:21.000Z","Id":"0011r00001nogmvAAA","LastModifiedById":"0051r000007Oz5QAAS","SystemModstamp":"2018-04-18T07:18:22.000Z","Name":"CuentaPadre"}|0x2e246833
09:18:21.0 (531968969)|STATEMENT_EXECUTE|[11]
09:18:21.0 (532014675)|STATEMENT_EXECUTE|[13]
09:18:21.0 (532017858)|STATEMENT_EXECUTE|[14]
09:18:21.0 (532044773)|HEAP_ALLOCATE|[EXTERNAL]|Bytes:4
09:18:21.0 (532053766)|STATEMENT_EXECUTE|[15]
09:18:21.0 (532071287)|HEAP_ALLOCATE|[EXTERNAL]|Bytes:-4
09:18:21.0 (532085579)|HEAP_ALLOCATE|[11]|Bytes:5
09:18:21.0 (532098035)|VARIABLE_ASSIGNMENT|[11]|inAccount|null|
09:18:21.0 (532103299)|STATEMENT_EXECUTE|[20]
09:18:21.0 (532113595)|HEAP_ALLOCATE|[20]|Bytes:4
09:18:21.0 (532284655)|SOQL_EXECUTE_BEGIN|[20]|Aggregations:0|SELECT Id, Fecha_ultima_actividad_mas_reciente__c, ParentId FROM Account WHERE ParentId IN :tmpVar1
09:18:21.0 (536277393)|SOQL_EXECUTE_END|[20]|Rows:1
09:18:21.0 (536306726)|HEAP_ALLOCATE|[20]|Bytes:8
09:18:21.0 (536352341)|HEAP_ALLOCATE|[20]|Bytes:105
09:18:21.0 (536385158)|HEAP_ALLOCATE|[20]|Bytes:8
09:18:21.0 (536395260)|VARIABLE_SCOPE_BEGIN|[20]|listAccountChild|List<Account>|true|false
09:18:21.0 (536424131)|VARIABLE_ASSIGNMENT|[20]|listAccountChild|[{"Id":"0011r00001nogmwAAA","Fecha_ultima_activid (18 more) ...":"2020-01-11T00:00:00.000Z","ParentId":"0011r00001nogmvAAA"}]|0x2a7ece7e
09:18:21.0 (536454203)|HEAP_ALLOCATE|[23]|Bytes:5
09:18:21.0 (536466829)|HEAP_ALLOCATE|[23]|Bytes:16
09:18:21.0 (536474103)|VARIABLE_SCOPE_BEGIN|[23]|inAccount|Account|true|false
09:18:21.0 (536490785)|VARIABLE_ASSIGNMENT|[23]|inAccount|{"Id":"0011r00001nogmwAAA","Fecha_ultima_activid (18 more) ...":"2020-01-11T00:00:00.000Z","ParentId":"0011r00001nogmvAAA"}|0x1960c288
09:18:21.0 (536499031)|STATEMENT_EXECUTE|[23]
09:18:21.0 (536501277)|STATEMENT_EXECUTE|[24]
09:18:21.0 (536574625)|VARIABLE_ASSIGNMENT|[24]|this.Fecha_ultima_actividad_mas_reciente__c|"2022-01-11T00:00:00.000Z"|0x1960c288
09:18:21.0 (536590752)|HEAP_ALLOCATE|[23]|Bytes:5
09:18:21.0 (536602668)|VARIABLE_ASSIGNMENT|[23]|inAccount|null|
09:18:21.0 (536608722)|STATEMENT_EXECUTE|[27]
09:18:21.0 (536635488)|DML_BEGIN|[27]|Op:Update|Type:Account|Rows:1
09:18:21.0 (536659119)|HEAP_ALLOCATE|[EXTERNAL]|Bytes:8
09:18:21.0 (540744189)|CODE_UNIT_STARTED|[EXTERNAL]|01q1r000000j8Jg|AccountTrigger on Account trigger event BeforeUpdate
09:18:21.0 (540775392)|HEAP_ALLOCATE|[EXTERNAL]|Bytes:8
09:18:21.0 (540796699)|HEAP_ALLOCATE|[EXTERNAL]|Bytes:8
09:18:21.0 (540838815)|HEAP_ALLOCATE|[EXTERNAL]|Bytes:12
09:18:21.0 (540846767)|VARIABLE_SCOPE_BEGIN|[1]|this|AccountTrigger|true|false
09:18:21.0 (540872424)|VARIABLE_ASSIGNMENT|[1]|this|{}|0x25f3cb
09:18:21.0 (540902269)|HEAP_ALLOCATE|[EXTERNAL]|Bytes:12
09:18:21.0 (540908533)|VARIABLE_SCOPE_BEGIN|[1]|this|AccountTrigger|true|false
09:18:21.0 (540920323)|VARIABLE_ASSIGNMENT|[1]|this|{}|0x25f3cb
09:18:21.0 (540928239)|STATEMENT_EXECUTE|[1]
09:18:21.0 (540930560)|STATEMENT_EXECUTE|[3]
09:18:21.0 (541346467)|VARIABLE_ASSIGNMENT|[3]|this.listNew|[{"ParentId":"0011r00001nogmvAAA","LastModifiedDate":"2018-04-18T07:18:22.000Z","IsDeleted":false,"Fecha_ultima_activid (18 more) ...":"2022-01-11T00:00:00.000Z","SystemModstamp":"2018-04-18T07:18:22.000Z","Name":"Cuenta","CleanStatus":"Pending","OwnerId":"0051r000007Oz5QAAS","CreatedById":"0051r000007Oz5QAAS","Match_Billing_Addres (4 more) ...":false,"LastActivityDate":"2022-01-11T00:00:00.000Z","CreatedDate":"2018-04-18T07:18:22.000Z","Id":"0011r00001nogmwAAA","LastModifiedById":"0051r000007Oz5QAAS"}]|0x25f3cb
09:18:21.0 (541364726)|STATEMENT_EXECUTE|[5]
09:18:21.0 (541755998)|VARIABLE_ASSIGNMENT|[5]|this.mapOld|{"0011r00001nogmwAAA":{"ParentId":"0011r00001nogmvAAA","LastModifiedDate":"2018-04-18T07:18:22.000Z","IsDeleted":false,"Fecha_ultima_activid (18 more) ...":"2020-01-11T00:00:00.000Z","SystemModstamp":"2018-04-18T07:18:22.000Z","Name":"Cuenta","CleanStatus":"Pending","OwnerId":"0051r000007Oz5QAAS","CreatedById":"0051r000007Oz5QAAS","Match_Billing_Addres (4 more) ...":false,"LastActivityDate":"2020-01-11T00:00:00.000Z","CreatedDate":"2018-04-18T07:18:22.000Z","Id":"0011r00001nogmwAAA","LastModifiedById":"0051r000007Oz5QAAS"}}|0x25f3cb
09:18:21.0 (541776830)|STATEMENT_EXECUTE|[7]
09:18:21.0 (541781044)|STATEMENT_EXECUTE|[8]
09:18:21.0 (541782823)|STATEMENT_EXECUTE|[9]
09:18:21.0 (541796647)|METHOD_ENTRY|[9]|01p1r000009p8Bf|AccountMethods.ActualizarCuentaHija(List<Account>, Map<Id,Account>)
09:18:21.0 (541805841)|VARIABLE_SCOPE_BEGIN|[3]|listAccount|List<Account>|true|false
09:18:21.0 (542338660)|VARIABLE_ASSIGNMENT|[3]|listAccount|[{"ParentId":"0011r00001nogmvAAA","LastModifiedDate":"2018-04-18T07:18:22.000Z","IsDeleted":false,"Fecha_ultima_activid (18 more) ...":"2022-01-11T00:00:00.000Z","SystemModstamp":"2018-04-18T07:18:22.000Z","Name":"Cuenta","CleanStatus":"Pending","OwnerId":"0051r000007Oz5QAAS","CreatedById":"0051r000007Oz5QAAS","Match_Billing_Addres (4 more) ...":false,"LastActivityDate":"2022-01-11T00:00:00.000Z","CreatedDate":"2018-04-18T07:18:22.000Z","Id":"0011r00001nogmwAAA","LastModifiedById":"0051r000007Oz5QAAS"}]|0x56525f98
09:18:21.0 (542353068)|VARIABLE_SCOPE_BEGIN|[3]|mapOld|Map<Id,Account>|true|false
09:18:21.0 (542858627)|VARIABLE_ASSIGNMENT|[3]|mapOld|{"0011r00001nogmwAAA":{"ParentId":"0011r00001nogmvAAA","LastModifiedDate":"2018-04-18T07:18:22.000Z","IsDeleted":false,"Fecha_ultima_activid (18 more) ...":"2020-01-11T00:00:00.000Z","SystemModstamp":"2018-04-18T07:18:22.000Z","Name":"Cuenta","CleanStatus":"Pending","OwnerId":"0051r000007Oz5QAAS","CreatedById":"0051r000007Oz5QAAS","Match_Billing_Addres (4 more) ...":false,"LastActivityDate":"2020-01-11T00:00:00.000Z","CreatedDate":"2018-04-18T07:18:22.000Z","Id":"0011r00001nogmwAAA","LastModifiedById":"0051r000007Oz5QAAS"}}|0x4032c1e9
09:18:21.0 (542888503)|HEAP_ALLOCATE|[5]|Bytes:5
09:18:21.0 (542895656)|STATEMENT_EXECUTE|[3]
09:18:21.0 (542913133)|STATEMENT_EXECUTE|[5]
09:18:21.0 (542915061)|STATEMENT_EXECUTE|[8]
09:18:21.0 (542925924)|HEAP_ALLOCATE|[8]|Bytes:4
09:18:21.0 (542939946)|VARIABLE_SCOPE_BEGIN|[8]|listAccountIds|List<String>|true|false
09:18:21.0 (542960980)|HEAP_ALLOCATE|[EXTERNAL]|Bytes:4
09:18:21.0 (542970131)|VARIABLE_ASSIGNMENT|[8]|listAccountIds|[]|0x2062f4ef
09:18:21.0 (542976030)|STATEMENT_EXECUTE|[9]
09:18:21.0 (542990664)|HEAP_ALLOCATE|[9]|Bytes:4
09:18:21.0 (542998191)|VARIABLE_SCOPE_BEGIN|[9]|mapAccountParent|Map<String,Account>|true|false
09:18:21.0 (543010393)|VARIABLE_ASSIGNMENT|[9]|mapAccountParent|{}|0xf76e083
09:18:21.0 (543035209)|HEAP_ALLOCATE|[11]|Bytes:5
09:18:21.0 (543048902)|HEAP_ALLOCATE|[11]|Bytes:4
09:18:21.0 (543056495)|VARIABLE_SCOPE_BEGIN|[11]|inAccount|Account|true|false
09:18:21.0 (543351321)|VARIABLE_ASSIGNMENT|[11]|inAccount|{"ParentId":"0011r00001nogmvAAA","LastModifiedDate":"2018-04-18T07:18:22.000Z","IsDeleted":false,"Fecha_ultima_activid (18 more) ...":"2022-01-11T00:00:00.000Z","SystemModstamp":"2018-04-18T07:18:22.000Z","Name":"Cuenta","CleanStatus":"Pending","OwnerId":"0051r000007Oz5QAAS","CreatedById":"0051r000007Oz5QAAS","Match_Billing_Addres (4 more) ...":false,"LastActivityDate":"2022-01-11T00:00:00.000Z","CreatedDate":"2018-04-18T07:18:22.000Z","Id":"0011r00001nogmwAAA","LastModifiedById":"0051r000007Oz5QAAS"}|0x4b1cc06a
09:18:21.0 (543365061)|STATEMENT_EXECUTE|[11]
09:18:21.0 (543373706)|STATEMENT_EXECUTE|[13]
09:18:21.0 (543385352)|HEAP_ALLOCATE|[11]|Bytes:5
09:18:21.0 (543397949)|VARIABLE_ASSIGNMENT|[11]|inAccount|null|
09:18:21.0 (543403331)|STATEMENT_EXECUTE|[20]
09:18:21.0 (543414593)|HEAP_ALLOCATE|[20]|Bytes:4
09:18:21.0 (543578222)|SOQL_EXECUTE_BEGIN|[20]|Aggregations:0|SELECT Id, Fecha_ultima_actividad_mas_reciente__c, ParentId FROM Account WHERE ParentId IN :tmpVar1
09:18:21.0 (545792237)|SOQL_EXECUTE_END|[20]|Rows:0
09:18:21.0 (545813787)|HEAP_ALLOCATE|[20]|Bytes:4
09:18:21.0 (546116048)|HEAP_ALLOCATE|[20]|Bytes:0
09:18:21.0 (546161059)|HEAP_ALLOCATE|[20]|Bytes:4
09:18:21.0 (546171723)|VARIABLE_SCOPE_BEGIN|[20]|listAccountChild|List<Account>|true|false
09:18:21.0 (546186021)|VARIABLE_ASSIGNMENT|[20]|listAccountChild|[]|0x1dce7ae5
09:18:21.0 (546216530)|HEAP_ALLOCATE|[23]|Bytes:5
09:18:21.0 (546229612)|VARIABLE_ASSIGNMENT|[23]|inAccount|null|
09:18:21.0 (546236372)|STATEMENT_EXECUTE|[23]
09:18:21.0 (546238761)|STATEMENT_EXECUTE|[27]
09:18:21.0 (546272017)|HEAP_ALLOCATE|[EXTERNAL]|Bytes:4
09:18:21.0 (546286012)|METHOD_EXIT|[9]|01p1r000009p8Bf|AccountMethods.ActualizarCuentaHija(List<Account>, Map<Id,Account>)
09:18:21.546 (546295982)|CUMULATIVE_LIMIT_USAGE
09:18:21.546 (546295982)|LIMIT_USAGE_FOR_NS|(default)|
  Number of SOQL queries: 9 out of 100
  Number of query rows: 5 out of 50000
  Number of SOSL queries: 0 out of 20
  Number of DML statements: 11 out of 150
  Number of DML rows: 13 out of 10000
  Maximum CPU time: 0 out of 10000
  Maximum heap size: 0 out of 6000000
  Number of callouts: 0 out of 100
  Number of Email Invocations: 0 out of 10
  Number of future calls: 0 out of 50
  Number of queueable jobs added to the queue: 0 out of 50
  Number of Mobile Apex push calls: 0 out of 10

09:18:21.546 (546295982)|CUMULATIVE_LIMIT_USAGE_END

09:18:21.0 (547081601)|CODE_UNIT_FINISHED|AccountTrigger on Account trigger event BeforeUpdate
09:18:21.0 (547304054)|CODE_UNIT_STARTED|[EXTERNAL]|DuplicateDetector
09:18:21.0 (547320434)|DUPLICATE_DETECTION_BEGIN
09:18:21.0 (547364103)|DUPLICATE_DETECTION_RULE_INVOCATION|DuplicateRuleId:0Bm1r0000018X88|DuplicateRuleName:Standard Account Duplicate Rule|DmlType:UPDATE
09:18:21.0 (547397536)|DUPLICATE_DETECTION_END
09:18:21.0 (547402170)|CODE_UNIT_FINISHED|DuplicateDetector
09:18:21.0 (558923094)|DML_END|[27]
09:18:21.0 (558964344)|HEAP_ALLOCATE|[EXTERNAL]|Bytes:8
09:18:21.0 (559004868)|METHOD_EXIT|[9]|01p1r000009p8Bf|AccountMethods.ActualizarCuentaHija(List<Account>, Map<Id,Account>)
09:18:21.559 (559020610)|CUMULATIVE_LIMIT_USAGE
09:18:21.559 (559020610)|LIMIT_USAGE_FOR_NS|(default)|
  Number of SOQL queries: 9 out of 100
  Number of query rows: 5 out of 50000
  Number of SOSL queries: 0 out of 20
  Number of DML statements: 11 out of 150
  Number of DML rows: 13 out of 10000
  Maximum CPU time: 0 out of 10000
  Maximum heap size: 0 out of 6000000
  Number of callouts: 0 out of 100
  Number of Email Invocations: 0 out of 10
  Number of future calls: 0 out of 50
  Number of queueable jobs added to the queue: 0 out of 50
  Number of Mobile Apex push calls: 0 out of 10

09:18:21.559 (559020610)|CUMULATIVE_LIMIT_USAGE_END

09:18:21.0 (559836104)|CODE_UNIT_FINISHED|AccountTrigger on Account trigger event BeforeUpdate
09:18:21.0 (560081081)|CODE_UNIT_STARTED|[EXTERNAL]|DuplicateDetector
09:18:21.0 (560096815)|DUPLICATE_DETECTION_BEGIN
09:18:21.0 (560155373)|DUPLICATE_DETECTION_RULE_INVOCATION|DuplicateRuleId:0Bm1r0000018X88|DuplicateRuleName:Standard Account Duplicate Rule|DmlType:UPDATE
09:18:21.0 (560191236)|DUPLICATE_DETECTION_END
09:18:21.0 (560195252)|CODE_UNIT_FINISHED|DuplicateDetector
09:18:21.0 (570309388)|DML_END|[48]
09:18:21.0 (570348569)|HEAP_ALLOCATE|[EXTERNAL]|Bytes:8
09:18:21.0 (570370555)|SYSTEM_MODE_EXIT|false
09:18:21.0 (570393175)|METHOD_EXIT|[9]|01p1r000009oS6S|TaskMethods.CerrarTarea(List<Task>, Map<Id,Task>)
09:18:21.570 (570413680)|CUMULATIVE_LIMIT_USAGE
09:18:21.570 (570413680)|LIMIT_USAGE_FOR_NS|(default)|
  Number of SOQL queries: 9 out of 100
  Number of query rows: 5 out of 50000
  Number of SOSL queries: 0 out of 20
  Number of DML statements: 11 out of 150
  Number of DML rows: 13 out of 10000
  Maximum CPU time: 0 out of 10000
  Maximum heap size: 0 out of 6000000
  Number of callouts: 0 out of 100
  Number of Email Invocations: 0 out of 10
  Number of future calls: 0 out of 50
  Number of queueable jobs added to the queue: 0 out of 50
  Number of Mobile Apex push calls: 0 out of 10

09:18:21.570 (570413680)|CUMULATIVE_LIMIT_USAGE_END

09:18:21.0 (571688576)|CODE_UNIT_FINISHED|TaskTrigger on Task trigger event AfterUpdate
09:18:21.0 (572199877)|DML_END|[64]
09:18:21.0 (572225198)|HEAP_ALLOCATE|[EXTERNAL]|Bytes:12
09:18:21.0 (572240230)|STATEMENT_EXECUTE|[66]
09:18:21.0 (572255415)|HEAP_ALLOCATE|[66]|Bytes:4
09:18:21.0 (572421400)|SOQL_EXECUTE_BEGIN|[66]|Aggregations:0|SELECT Id, Fecha_ultima_actividad_mas_reciente__c FROM Account WHERE Id = :tmpVar1
09:18:21.0 (575615300)|SOQL_EXECUTE_END|[66]|Rows:1
09:18:21.0 (575636248)|HEAP_ALLOCATE|[66]|Bytes:8
09:18:21.0 (575652072)|HEAP_ALLOCATE|[66]|Bytes:75
09:18:21.0 (575679657)|HEAP_ALLOCATE|[66]|Bytes:8
09:18:21.0 (575692614)|VARIABLE_SCOPE_BEGIN|[66]|listAccountCheckDos|List<Account>|true|false
09:18:21.0 (575747003)|VARIABLE_ASSIGNMENT|[66]|listAccountCheckDos|[{"Id":"0011r00001nogmvAAA","Fecha_ultima_activid (18 more) ...":"2022-01-11T00:00:00.000Z"}]|0x7b1cfc97
09:18:21.0 (575758346)|STATEMENT_EXECUTE|[68]
09:18:21.0 (575830387)|USER_DEBUG|[68]|DEBUG|(Account:{Id=0011r00001nogmvAAA, Fecha_ultima_actividad_mas_reciente__c=2020-01-11 00:00:00})
09:18:21.0 (575843221)|STATEMENT_EXECUTE|[70]
09:18:21.0 (575888560)|HEAP_ALLOCATE|[70]|Bytes:12
09:18:21.0 (575916632)|HEAP_ALLOCATE|[70]|Bytes:28
09:18:21.575 (575950939)|CUMULATIVE_LIMIT_USAGE
09:18:21.575 (575950939)|LIMIT_USAGE_FOR_NS|(default)|
  Number of SOQL queries: 10 out of 100
  Number of query rows: 6 out of 50000
  Number of SOSL queries: 0 out of 20
  Number of DML statements: 11 out of 150
  Number of DML rows: 13 out of 10000
  Maximum CPU time: 0 out of 10000
  Maximum heap size: 0 out of 6000000
  Number of callouts: 0 out of 100
  Number of Email Invocations: 0 out of 10
  Number of future calls: 0 out of 50
  Number of queueable jobs added to the queue: 0 out of 50
  Number of Mobile Apex push calls: 0 out of 10

09:18:21.575 (575950939)|CUMULATIVE_LIMIT_USAGE_END

09:18:21.0 (575980949)|CODE_UNIT_FINISHED|TaskTest.testCerrarTarea
09:18:21.0 (577187903)|EXECUTION_FINISHED
09:18:21.889 (889775458)|USER_INFO|[EXTERNAL]|0051r000007Oz5Q|lydia.abril@gmail.com|hora estándar de Europa central|GMT+02:00
09:18:21.889 (889808033)|EXECUTION_STARTED
09:18:21.889 (889814381)|CODE_UNIT_STARTED|[EXTERNAL]|DuplicateDetector
09:18:21.889 (889831066)|DUPLICATE_DETECTION_BEGIN
09:18:21.889 (889893492)|DUPLICATE_DETECTION_RULE_INVOCATION|DuplicateRuleId:0Bm1r0000018X88|DuplicateRuleName:Standard Account Duplicate Rule|DmlType:INSERT
09:18:21.889 (902418069)|DUPLICATE_DETECTION_END
09:18:21.889 (902430012)|CODE_UNIT_FINISHED|DuplicateDetector
09:18:21.889 (903312887)|EXECUTION_FINISHED
09:18:21.904 (904242306)|USER_INFO|[EXTERNAL]|0051r000007Oz5Q|lydia.abril@gmail.com|hora estándar de Europa central|GMT+02:00
09:18:21.904 (904263139)|EXECUTION_STARTED
09:18:21.904 (904268511)|CODE_UNIT_STARTED|[EXTERNAL]|DuplicateDetector
09:18:21.904 (904283517)|DUPLICATE_DETECTION_BEGIN
09:18:21.904 (904337416)|DUPLICATE_DETECTION_RULE_INVOCATION|DuplicateRuleId:0Bm1r0000018X88|DuplicateRuleName:Standard Account Duplicate Rule|DmlType:UPDATE
09:18:21.904 (912407618)|DUPLICATE_DETECTION_END
09:18:21.904 (912416913)|CODE_UNIT_FINISHED|DuplicateDetector
09:18:21.904 (913240077)|EXECUTION_FINISHED
