36.0 APEX_CODE,FINEST;APEX_PROFILING,INFO;CALLOUT,INFO;DB,INFO;SYSTEM,DEBUG;VALIDATION,INFO;VISUALFORCE,INFO;WAVE,INFO;WORKFLOW,INFO
09:31:56.0 (393429)|USER_INFO|[EXTERNAL]|0051r000007Oz5Q|lydia.abril@gmail.com|hora estándar de Europa central|GMT+02:00
09:31:56.0 (494693)|EXECUTION_STARTED
09:31:56.0 (501419)|CODE_UNIT_STARTED|[EXTERNAL]|01p1r000009on3X|TarjetaTest.testCrearOportunidad
09:31:56.0 (767278)|HEAP_ALLOCATE|[72]|Bytes:3
09:31:56.0 (827689)|HEAP_ALLOCATE|[77]|Bytes:152
09:31:56.0 (852547)|HEAP_ALLOCATE|[342]|Bytes:408
09:31:56.0 (885158)|HEAP_ALLOCATE|[355]|Bytes:408
09:31:56.0 (910808)|HEAP_ALLOCATE|[467]|Bytes:48
09:31:56.0 (948114)|HEAP_ALLOCATE|[139]|Bytes:6
09:31:56.0 (972522)|HEAP_ALLOCATE|[EXTERNAL]|Bytes:50
09:31:56.0 (1030495)|METHOD_ENTRY|[2]|01p1r000009on3X|TarjetaTest.TarjetaTest()
09:31:56.0 (1043316)|STATEMENT_EXECUTE|[2]
09:31:56.0 (1051795)|STATEMENT_EXECUTE|[2]
09:31:56.0 (1071163)|METHOD_EXIT|[2]|TarjetaTest
09:31:56.0 (1294247)|HEAP_ALLOCATE|[50]|Bytes:5
09:31:56.0 (1326315)|HEAP_ALLOCATE|[56]|Bytes:5
09:31:56.0 (1340100)|HEAP_ALLOCATE|[64]|Bytes:7
09:31:56.0 (1389824)|STATEMENT_EXECUTE|[4]
09:31:56.0 (1393572)|STATEMENT_EXECUTE|[6]
09:31:56.0 (1398179)|HEAP_ALLOCATE|[6]|Bytes:51
09:31:56.0 (1420750)|HEAP_ALLOCATE|[6]|Bytes:4
09:31:56.0 (1687089)|SOQL_EXECUTE_BEGIN|[6]|Aggregations:0|SELECT Alias FROM User WHERE Alias = 'test' LIMIT 1
09:31:56.0 (7483901)|SOQL_EXECUTE_END|[6]|Rows:1
09:31:56.0 (7506999)|HEAP_ALLOCATE|[6]|Bytes:8
09:31:56.0 (7520637)|HEAP_ALLOCATE|[6]|Bytes:42
09:31:56.0 (7613023)|HEAP_ALLOCATE|[6]|Bytes:8
09:31:56.0 (7625725)|HEAP_ALLOCATE|[6]|Bytes:30
09:31:56.0 (7685845)|HEAP_ALLOCATE|[6]|Bytes:12
09:31:56.0 (7695966)|VARIABLE_SCOPE_BEGIN|[6]|userAborda|User|true|false
09:31:56.0 (7731017)|VARIABLE_ASSIGNMENT|[6]|userAborda|{"Alias":"test","Id":"0051r00000894UtAAI"}|0x434caa2e
09:31:56.0 (7739145)|STATEMENT_EXECUTE|[8]
09:31:56.0 (7765975)|HEAP_ALLOCATE|[8]|Bytes:4
09:31:56.0 (7836764)|HEAP_ALLOCATE|[8]|Bytes:13
09:31:56.0 (7875747)|VARIABLE_ASSIGNMENT|[8]|this.Name|"CuentaPrueba0"|0x4dbae3dd
09:31:56.0 (7901662)|VARIABLE_SCOPE_BEGIN|[8]|oAccount|Account|true|false
09:31:56.0 (7915930)|VARIABLE_ASSIGNMENT|[8]|oAccount|{"Name":"CuentaPrueba0"}|0x4dbae3dd
09:31:56.0 (7922393)|STATEMENT_EXECUTE|[9]
09:31:56.0 (7939656)|HEAP_ALLOCATE|[9]|Bytes:8
09:31:56.0 (7947895)|DML_BEGIN|[9]|Op:Insert|Type:Account|Rows:1
09:31:56.0 (7970686)|HEAP_ALLOCATE|[EXTERNAL]|Bytes:8
09:31:56.0 (17124415)|CODE_UNIT_STARTED|[EXTERNAL]|DuplicateDetector
09:31:56.0 (17143817)|DUPLICATE_DETECTION_BEGIN
09:31:56.0 (17729706)|DUPLICATE_DETECTION_RULE_INVOCATION|DuplicateRuleId:0Bm1r0000018X88|DuplicateRuleName:Standard Account Duplicate Rule|DmlType:INSERT
09:31:56.0 (36996192)|DUPLICATE_DETECTION_MATCH_INVOCATION_DETAILS|EntityType:Account|ActionTaken:Allow_[Alert,Report]|DuplicateRecordIds:
09:31:56.0 (37027472)|DUPLICATE_DETECTION_MATCH_INVOCATION_SUMMARY|EntityType:Account|NumRecordsToBeSaved:1|NumRecordsToBeSavedWithDuplicates:0|NumDuplicateRecordsFound:0
09:31:56.0 (37141481)|DUPLICATE_DETECTION_END
09:31:56.0 (37151040)|CODE_UNIT_FINISHED|DuplicateDetector
09:31:56.0 (59847902)|DML_END|[9]
09:31:56.0 (59884760)|STATEMENT_EXECUTE|[11]
09:31:56.0 (59944767)|HEAP_ALLOCATE|[11]|Bytes:4
09:31:56.0 (60054607)|HEAP_ALLOCATE|[11]|Bytes:15
09:31:56.0 (60102477)|VARIABLE_ASSIGNMENT|[11]|this.LastName|"ContactoPrueba0"|0x6f3707bd
09:31:56.0 (60110687)|HEAP_ALLOCATE|[11]|Bytes:9
09:31:56.0 (60128004)|VARIABLE_ASSIGNMENT|[11]|this.Nif__c|"47898592B"|0x6f3707bd
09:31:56.0 (60171134)|VARIABLE_ASSIGNMENT|[11]|this.AccountId|"0011r00001nnQEOAA2"|0x6f3707bd
09:31:56.0 (60195814)|VARIABLE_ASSIGNMENT|[11]|this.Premium__c|true|0x6f3707bd
09:31:56.0 (60229102)|VARIABLE_SCOPE_BEGIN|[11]|oContact|Contact|true|false
09:31:56.0 (60257459)|VARIABLE_ASSIGNMENT|[11]|oContact|{"LastName":"ContactoPrueba0","Nif__c":"47898592B","AccountId":"0011r00001nnQEOAA2","Premium__c":true}|0x6f3707bd
09:31:56.0 (60265337)|STATEMENT_EXECUTE|[12]
09:31:56.0 (60292699)|HEAP_ALLOCATE|[12]|Bytes:8
09:31:56.0 (60300321)|DML_BEGIN|[12]|Op:Insert|Type:Contact|Rows:1
09:31:56.0 (60337536)|HEAP_ALLOCATE|[EXTERNAL]|Bytes:8
09:31:56.0 (66835020)|CODE_UNIT_STARTED|[EXTERNAL]|01q1r000000j4Bx|ContactTrigger on Contact trigger event BeforeInsert
09:31:56.0 (66863197)|HEAP_ALLOCATE|[EXTERNAL]|Bytes:8
09:31:56.0 (66977484)|HEAP_ALLOCATE|[EXTERNAL]|Bytes:8
09:31:56.0 (66992479)|VARIABLE_SCOPE_BEGIN|[1]|this|ContactTrigger|true|false
09:31:56.0 (67072443)|VARIABLE_ASSIGNMENT|[1]|this|{}|0x399df731
09:31:56.0 (67146222)|HEAP_ALLOCATE|[EXTERNAL]|Bytes:8
09:31:56.0 (67197003)|VARIABLE_SCOPE_BEGIN|[1]|this|ContactTrigger|true|false
09:31:56.0 (67212389)|VARIABLE_ASSIGNMENT|[1]|this|{}|0x399df731
09:31:56.0 (67220556)|STATEMENT_EXECUTE|[1]
09:31:56.0 (67222653)|STATEMENT_EXECUTE|[3]
09:31:56.0 (67653253)|VARIABLE_ASSIGNMENT|[3]|this.listNew|[{"IsDeleted":false,"AccountId":"0011r00001nnQEOAA2","IsEmailBounced":false,"CleanStatus":"Pending","DoNotCall":false,"OwnerId":"0051r000007Oz5QAAS","Premium__c":true,"HasOptedOutOfEmail":false,"HasOptedOutOfFax":false,"Nif__c":"47898592B","LastName":"ContactoPrueba0"}]|0x399df731
09:31:56.0 (67676669)|STATEMENT_EXECUTE|[5]
09:31:56.0 (67685163)|STATEMENT_EXECUTE|[6]
09:31:56.0 (67686896)|STATEMENT_EXECUTE|[7]
09:31:56.0 (68552711)|HEAP_ALLOCATE|[7]|Bytes:1
09:31:56.0 (68590420)|METHOD_ENTRY|[1]|01p1r000008aKc5|ContactMethods.ContactMethods()
09:31:56.0 (68597720)|STATEMENT_EXECUTE|[1]
09:31:56.0 (68602216)|STATEMENT_EXECUTE|[1]
09:31:56.0 (68965528)|SYSTEM_MODE_ENTER|false
09:31:56.0 (68980883)|HEAP_ALLOCATE|[7]|Bytes:5
09:31:56.0 (68991297)|SYSTEM_MODE_EXIT|false
09:31:56.0 (69000988)|METHOD_EXIT|[1]|ContactMethods
09:31:56.0 (69044866)|METHOD_ENTRY|[7]|01p1r000008aKc5|ContactMethods.ValidarNif(List<Contact>)
09:31:56.0 (69075249)|VARIABLE_SCOPE_BEGIN|[3]|listNew|List<Contact>|true|false
09:31:56.0 (69306560)|VARIABLE_ASSIGNMENT|[3]|listNew|[{"IsDeleted":false,"AccountId":"0011r00001nnQEOAA2","IsEmailBounced":false,"CleanStatus":"Pending","DoNotCall":false,"OwnerId":"0051r000007Oz5QAAS","Premium__c":true,"HasOptedOutOfEmail":false,"HasOptedOutOfFax":false,"Nif__c":"47898592B","LastName":"ContactoPrueba0"}]|0x63bedd5b
09:31:56.0 (69337784)|SYSTEM_MODE_ENTER|false
09:31:56.0 (69345076)|HEAP_ALLOCATE|[5]|Bytes:5
09:31:56.0 (69351124)|STATEMENT_EXECUTE|[3]
09:31:56.0 (69462037)|STATEMENT_EXECUTE|[5]
09:31:56.0 (69605104)|HEAP_ALLOCATE|[7]|Bytes:5
09:31:56.0 (69630978)|HEAP_ALLOCATE|[7]|Bytes:4
09:31:56.0 (69639279)|VARIABLE_SCOPE_BEGIN|[7]|inContact|Contact|true|false
09:31:56.0 (69867808)|VARIABLE_ASSIGNMENT|[7]|inContact|{"IsDeleted":false,"AccountId":"0011r00001nnQEOAA2","IsEmailBounced":false,"CleanStatus":"Pending","DoNotCall":false,"OwnerId":"0051r000007Oz5QAAS","Premium__c":true,"HasOptedOutOfEmail":false,"HasOptedOutOfFax":false,"Nif__c":"47898592B","LastName":"ContactoPrueba0"}|0x58072f47
09:31:56.0 (69878970)|STATEMENT_EXECUTE|[7]
09:31:56.0 (70669768)|HEAP_ALLOCATE|[8]|Bytes:1
09:31:56.0 (70680349)|HEAP_ALLOCATE|[8]|Bytes:7
09:31:56.0 (70691898)|METHOD_ENTRY|[1]|01p1r000009oduV|Utils.Utils()
09:31:56.0 (70698538)|STATEMENT_EXECUTE|[1]
09:31:56.0 (70703344)|STATEMENT_EXECUTE|[1]
09:31:56.0 (70714179)|HEAP_ALLOCATE|[8]|Bytes:5
09:31:56.0 (70722995)|METHOD_EXIT|[1]|Utils
09:31:56.0 (70739382)|METHOD_ENTRY|[8]|01p1r000009oduV|Utils.isNifNie(String)
09:31:56.0 (70756806)|VARIABLE_SCOPE_BEGIN|[3]|nif|String|false|false
09:31:56.0 (70767780)|VARIABLE_ASSIGNMENT|[3]|nif|"47898592B"
09:31:56.0 (70786672)|HEAP_ALLOCATE|[5]|Bytes:5
09:31:56.0 (70792096)|STATEMENT_EXECUTE|[3]
09:31:56.0 (70793995)|STATEMENT_EXECUTE|[5]
09:31:56.0 (70796775)|HEAP_ALLOCATE|[5]|Bytes:4
09:31:56.0 (70808544)|HEAP_ALLOCATE|[5]|Bytes:13
09:31:56.0 (70848854)|USER_DEBUG|[5]|DEBUG|NIF 47898592B
09:31:56.0 (70887377)|HEAP_ALLOCATE|[7]|Bytes:9
09:31:56.0 (70898977)|HEAP_ALLOCATE|[7]|Bytes:1
09:31:56.0 (70919737)|HEAP_ALLOCATE|[7]|Bytes:9
09:31:56.0 (70927637)|HEAP_ALLOCATE|[7]|Bytes:1
09:31:56.0 (70943181)|HEAP_ALLOCATE|[7]|Bytes:9
09:31:56.0 (70949974)|HEAP_ALLOCATE|[7]|Bytes:1
09:31:56.0 (70962391)|STATEMENT_EXECUTE|[7]
09:31:56.0 (70964483)|STATEMENT_EXECUTE|[11]
09:31:56.0 (70966818)|HEAP_ALLOCATE|[11]|Bytes:59
09:31:56.0 (71002941)|HEAP_ALLOCATE|[11]|Bytes:24
09:31:56.0 (71012668)|SYSTEM_METHOD_ENTRY|[1]|Pattern.Pattern()
09:31:56.0 (71017249)|STATEMENT_EXECUTE|[1]
09:31:56.0 (71022717)|SYSTEM_METHOD_EXIT|[1]|Pattern
09:31:56.0 (71032185)|METHOD_ENTRY|[11]||System.Pattern.compile(String)
09:31:56.0 (71216762)|METHOD_EXIT|[11]||System.Pattern.compile(String)
09:31:56.0 (71224746)|VARIABLE_SCOPE_BEGIN|[11]|nifPattern|System.Pattern|true|false
09:31:56.0 (71247894)|VARIABLE_ASSIGNMENT|[11]|nifPattern|{"delegate":"0x56d9a568"}|0x6df0f060
09:31:56.0 (71256318)|STATEMENT_EXECUTE|[12]
09:31:56.0 (71264380)|METHOD_ENTRY|[12]||System.Pattern.matcher(String)
09:31:56.0 (71406423)|METHOD_EXIT|[12]||System.Pattern.matcher(String)
09:31:56.0 (71413702)|VARIABLE_SCOPE_BEGIN|[12]|m|System.Matcher|true|false
09:31:56.0 (71431777)|VARIABLE_ASSIGNMENT|[12]|m|{"delegate":"0x39d16a90"}|0x3bb8d23
09:31:56.0 (71444268)|METHOD_ENTRY|[13]||System.Matcher.matches()
09:31:56.0 (71497721)|METHOD_EXIT|[13]||System.Matcher.matches()
09:31:56.0 (71505065)|STATEMENT_EXECUTE|[13]
09:31:56.0 (71507103)|STATEMENT_EXECUTE|[14]
09:31:56.0 (71515088)|METHOD_ENTRY|[14]||System.Matcher.group(Integer)
09:31:56.0 (71564208)|METHOD_EXIT|[14]||System.Matcher.group(Integer)
09:31:56.0 (71570145)|VARIABLE_SCOPE_BEGIN|[14]|letra|String|false|false
09:31:56.0 (71579124)|VARIABLE_ASSIGNMENT|[14]|letra|"B"
09:31:56.0 (71589193)|STATEMENT_EXECUTE|[16]
09:31:56.0 (71592240)|HEAP_ALLOCATE|[16]|Bytes:23
09:31:56.0 (71597660)|VARIABLE_SCOPE_BEGIN|[16]|letras|String|false|false
09:31:56.0 (71607616)|VARIABLE_ASSIGNMENT|[16]|letras|"TRWAGMYFPDXBNJZSQVHL (3 more) ..."
09:31:56.0 (71612265)|STATEMENT_EXECUTE|[17]
09:31:56.0 (71618275)|METHOD_ENTRY|[17]||System.Matcher.group(Integer)
09:31:56.0 (71646860)|METHOD_EXIT|[17]||System.Matcher.group(Integer)
09:31:56.0 (71669382)|VARIABLE_SCOPE_BEGIN|[17]|dni|Integer|false|false
09:31:56.0 (71676078)|HEAP_ALLOCATE|[17]|Bytes:4
09:31:56.0 (71683000)|VARIABLE_ASSIGNMENT|[17]|dni|47898592
09:31:56.0 (71687618)|STATEMENT_EXECUTE|[18]
09:31:56.0 (71715060)|VARIABLE_SCOPE_BEGIN|[2]|Math.E|Double|false|true
09:31:56.0 (71722843)|VARIABLE_SCOPE_BEGIN|[3]|Math.PI|Double|false|true
09:31:56.0 (71733503)|HEAP_ALLOCATE|[18]|Bytes:206
09:31:56.0 (71742029)|SYSTEM_METHOD_ENTRY|[1]|Math.Math()
09:31:56.0 (71745939)|STATEMENT_EXECUTE|[1]
09:31:56.0 (71795319)|SYSTEM_METHOD_EXIT|[1]|Math
09:31:56.0 (71806626)|METHOD_ENTRY|[18]||System.Math.mod(Integer, Integer)
09:31:56.0 (71854399)|METHOD_EXIT|[18]||System.Math.mod(Integer, Integer)
09:31:56.0 (71859874)|HEAP_ALLOCATE|[18]|Bytes:4
09:31:56.0 (71866511)|VARIABLE_ASSIGNMENT|[18]|dni|11
09:31:56.0 (71871422)|STATEMENT_EXECUTE|[20]
09:31:56.0 (71893800)|HEAP_ALLOCATE|[20]|Bytes:1
09:31:56.0 (71904220)|VARIABLE_SCOPE_BEGIN|[20]|reference|String|false|false
09:31:56.0 (71913317)|VARIABLE_ASSIGNMENT|[20]|reference|"B"
09:31:56.0 (71935951)|STATEMENT_EXECUTE|[22]
09:31:56.0 (71937947)|STATEMENT_EXECUTE|[23]
09:31:56.0 (71940527)|HEAP_ALLOCATE|[23]|Bytes:21
09:31:56.0 (71944882)|HEAP_ALLOCATE|[23]|Bytes:1
09:31:56.0 (71953315)|HEAP_ALLOCATE|[23]|Bytes:24
09:31:56.0 (71969078)|USER_DEBUG|[23]|DEBUG|son iguales. Es NIF. B B
09:31:56.0 (71977571)|STATEMENT_EXECUTE|[24]
09:31:56.0 (71981772)|HEAP_ALLOCATE|[24]|Bytes:5
09:31:56.0 (71991036)|METHOD_EXIT|[8]|01p1r000009oduV|Utils.isNifNie(String)
09:31:56.0 (71996923)|STATEMENT_EXECUTE|[8]
09:31:56.0 (72005250)|HEAP_ALLOCATE|[7]|Bytes:5
09:31:56.0 (72017725)|VARIABLE_ASSIGNMENT|[7]|inContact|null|
09:31:56.0 (72024552)|SYSTEM_MODE_EXIT|false
09:31:56.0 (72030995)|METHOD_EXIT|[7]|01p1r000008aKc5|ContactMethods.ValidarNif(List<Contact>)
09:31:56.72 (72039622)|CUMULATIVE_LIMIT_USAGE
09:31:56.72 (72039622)|LIMIT_USAGE_FOR_NS|(default)|
  Number of SOQL queries: 1 out of 100
  Number of query rows: 1 out of 50000
  Number of SOSL queries: 0 out of 20
  Number of DML statements: 2 out of 150
  Number of DML rows: 2 out of 10000
  Maximum CPU time: 0 out of 10000
  Maximum heap size: 0 out of 6000000
  Number of callouts: 0 out of 100
  Number of Email Invocations: 0 out of 10
  Number of future calls: 0 out of 50
  Number of queueable jobs added to the queue: 0 out of 50
  Number of Mobile Apex push calls: 0 out of 10

09:31:56.72 (72039622)|CUMULATIVE_LIMIT_USAGE_END

09:31:56.0 (73110401)|CODE_UNIT_FINISHED|ContactTrigger on Contact trigger event BeforeInsert
09:31:56.0 (76846116)|CODE_UNIT_STARTED|[EXTERNAL]|DuplicateDetector
09:31:56.0 (76880113)|DUPLICATE_DETECTION_BEGIN
09:31:56.0 (76932887)|DUPLICATE_DETECTION_RULE_INVOCATION|DuplicateRuleId:0Bm1r0000018X89|DuplicateRuleName:Standard Contact Duplicate Rule|DmlType:INSERT
09:31:56.0 (120149694)|DUPLICATE_DETECTION_MATCH_INVOCATION_DETAILS|EntityType:Contact|ActionTaken:Allow_[Alert,Report]|DuplicateRecordIds:
09:31:56.0 (120176490)|DUPLICATE_DETECTION_MATCH_INVOCATION_SUMMARY|EntityType:Contact|NumRecordsToBeSaved:1|NumRecordsToBeSavedWithDuplicates:0|NumDuplicateRecordsFound:0
09:31:56.0 (120187724)|DUPLICATE_DETECTION_MATCH_INVOCATION_DETAILS|EntityType:Contact|ActionTaken:Allow_[Alert,Report]|DuplicateRecordIds:
09:31:56.0 (120196492)|DUPLICATE_DETECTION_MATCH_INVOCATION_SUMMARY|EntityType:Contact|NumRecordsToBeSaved:1|NumRecordsToBeSavedWithDuplicates:0|NumDuplicateRecordsFound:0
09:31:56.0 (120312581)|DUPLICATE_DETECTION_END
09:31:56.0 (120318867)|CODE_UNIT_FINISHED|DuplicateDetector
09:31:56.0 (139507964)|DML_END|[12]
09:31:56.0 (139541865)|STATEMENT_EXECUTE|[14]
09:31:56.0 (139609637)|HEAP_ALLOCATE|[14]|Bytes:4
09:31:56.0 (139823979)|HEAP_ALLOCATE|[14]|Bytes:4
09:31:56.0 (139892616)|HEAP_ALLOCATE|[14]|Bytes:28
09:31:56.0 (139947018)|VARIABLE_ASSIGNMENT|[14]|this.A_o_caducidad__c|2019|0x5a7d8dd0
09:31:56.0 (140000785)|VARIABLE_ASSIGNMENT|[14]|this.Contacto__c|"0031r000024jmbYAAQ"|0x5a7d8dd0
09:31:56.0 (140023778)|HEAP_ALLOCATE|[16]|Bytes:4
09:31:56.0 (140058924)|HEAP_ALLOCATE|[14]|Bytes:28
09:31:56.0 (140063488)|HEAP_ALLOCATE|[14]|Bytes:28
09:31:56.0 (140083918)|VARIABLE_ASSIGNMENT|[14]|this.Mes_de_caducidad__c|4|0x5a7d8dd0
09:31:56.0 (140092898)|HEAP_ALLOCATE|[17]|Bytes:16
09:31:56.0 (140129843)|VARIABLE_ASSIGNMENT|[14]|this.N_tarjeta__c|"1234567891234567"|0x5a7d8dd0
09:31:56.0 (140142199)|HEAP_ALLOCATE|[18]|Bytes:7
09:31:56.0 (140183082)|VARIABLE_ASSIGNMENT|[14]|this.Tarjeta__c|"Crédito"|0x5a7d8dd0
09:31:56.0 (140193925)|HEAP_ALLOCATE|[19]|Bytes:10
09:31:56.0 (140215643)|VARIABLE_ASSIGNMENT|[14]|this.Tipo_de_tarjeta__c|"MasterCard"|0x5a7d8dd0
09:31:56.0 (140224209)|HEAP_ALLOCATE|[20]|Bytes:8
09:31:56.0 (140245439)|VARIABLE_ASSIGNMENT|[14]|this.Name|"Tarjeta0"|0x5a7d8dd0
09:31:56.0 (140285994)|VARIABLE_ASSIGNMENT|[14]|this.OwnerId|"0051r00000894UtAAI"|0x5a7d8dd0
09:31:56.0 (140318324)|VARIABLE_SCOPE_BEGIN|[14]|oTarjeta|Tarjeta_de_cr_dito__c|true|false
09:31:56.0 (140346747)|VARIABLE_ASSIGNMENT|[14]|oTarjeta|{"A_o_caducidad__c":2019,"Contacto__c":"0031r000024jmbYAAQ","Mes_de_caducidad__c":4,"N_tarjeta__c":"1234567891234567","Tarjeta__c":"Crédito","Tipo_de_tarjeta__c":"MasterCard","Name":"Tarjeta0","OwnerId":"0051r00000894UtAAI"}|0x5a7d8dd0
09:31:56.0 (140356222)|STATEMENT_EXECUTE|[23]
09:31:56.0 (140375747)|HEAP_ALLOCATE|[23]|Bytes:8
09:31:56.0 (140384237)|DML_BEGIN|[23]|Op:Insert|Type:Tarjeta_de_cr_dito__c|Rows:1
09:31:56.0 (140424147)|HEAP_ALLOCATE|[EXTERNAL]|Bytes:8
09:31:56.0 (146126896)|CODE_UNIT_STARTED|[EXTERNAL]|01q1r000000j7QT|TarjetaTrigger on Tarjeta_de_cr_dito trigger event BeforeInsert
09:31:56.0 (146159294)|HEAP_ALLOCATE|[EXTERNAL]|Bytes:8
09:31:56.0 (146268505)|HEAP_ALLOCATE|[EXTERNAL]|Bytes:8
09:31:56.0 (146284691)|VARIABLE_SCOPE_BEGIN|[1]|this|TarjetaTrigger|true|false
09:31:56.0 (146338770)|VARIABLE_ASSIGNMENT|[1]|this|{}|0x8d6218
09:31:56.0 (146393589)|HEAP_ALLOCATE|[EXTERNAL]|Bytes:8
09:31:56.0 (146458324)|VARIABLE_SCOPE_BEGIN|[1]|this|TarjetaTrigger|true|false
09:31:56.0 (146476339)|VARIABLE_ASSIGNMENT|[1]|this|{}|0x8d6218
09:31:56.0 (146484400)|STATEMENT_EXECUTE|[1]
09:31:56.0 (146486562)|STATEMENT_EXECUTE|[3]
09:31:56.0 (146723380)|VARIABLE_ASSIGNMENT|[3]|this.listNew|[{"Tipo_de_tarjeta__c":"MasterCard","A_o_caducidad__c":2019,"Contacto__c":"0031r000024jmbYAAQ","IsDeleted":false,"OwnerId":"0051r00000894UtAAI","Mes_de_caducidad__c":4,"Tarjeta__c":"Crédito","Name":"Tarjeta0","N_tarjeta__c":"1234567891234567"}]|0x8d6218
09:31:56.0 (146740949)|STATEMENT_EXECUTE|[5]
09:31:56.0 (146746921)|STATEMENT_EXECUTE|[6]
09:31:56.0 (146748792)|STATEMENT_EXECUTE|[7]
09:31:56.0 (148013175)|HEAP_ALLOCATE|[7]|Bytes:1
09:31:56.0 (148026958)|HEAP_ALLOCATE|[7]|Bytes:7
09:31:56.0 (148044551)|METHOD_ENTRY|[1]|01p1r000009oldq|TarjetaMethods.TarjetaMethods()
09:31:56.0 (148051182)|STATEMENT_EXECUTE|[1]
09:31:56.0 (148055953)|STATEMENT_EXECUTE|[1]
09:31:56.0 (148477676)|SYSTEM_MODE_ENTER|false
09:31:56.0 (148488605)|HEAP_ALLOCATE|[7]|Bytes:5
09:31:56.0 (148497722)|SYSTEM_MODE_EXIT|false
09:31:56.0 (148507814)|METHOD_EXIT|[1]|TarjetaMethods
09:31:56.0 (148531824)|METHOD_ENTRY|[7]|01p1r000009oldq|TarjetaMethods.CrearOportunidad(List<Tarjeta_de_cr_dito__c>)
09:31:56.0 (148573886)|VARIABLE_SCOPE_BEGIN|[3]|listTarjetas|List<Tarjeta_de_cr_dito__c>|true|false
09:31:56.0 (148674444)|VARIABLE_ASSIGNMENT|[3]|listTarjetas|[{"Tipo_de_tarjeta__c":"MasterCard","A_o_caducidad__c":2019,"Contacto__c":"0031r000024jmbYAAQ","IsDeleted":false,"OwnerId":"0051r00000894UtAAI","Mes_de_caducidad__c":4,"Tarjeta__c":"Crédito","Name":"Tarjeta0","N_tarjeta__c":"1234567891234567"}]|0x627ccef3
09:31:56.0 (148717272)|SYSTEM_MODE_ENTER|false
09:31:56.0 (148725026)|HEAP_ALLOCATE|[5]|Bytes:5
09:31:56.0 (148730918)|STATEMENT_EXECUTE|[3]
09:31:56.0 (148810118)|STATEMENT_EXECUTE|[5]
09:31:56.0 (148812542)|STATEMENT_EXECUTE|[7]
09:31:56.0 (148826751)|HEAP_ALLOCATE|[7]|Bytes:4
09:31:56.0 (148977302)|SOQL_EXECUTE_BEGIN|[7]|Aggregations:0|SELECT Alias FROM User WHERE Alias = 'test' LIMIT 1
09:31:56.0 (152668519)|SOQL_EXECUTE_END|[7]|Rows:1
09:31:56.0 (152700189)|HEAP_ALLOCATE|[7]|Bytes:8
09:31:56.0 (152719678)|HEAP_ALLOCATE|[7]|Bytes:42
09:31:56.0 (152749558)|HEAP_ALLOCATE|[7]|Bytes:8
09:31:56.0 (152777187)|HEAP_ALLOCATE|[7]|Bytes:12
09:31:56.0 (152786474)|VARIABLE_SCOPE_BEGIN|[7]|userAborda|User|true|false
09:31:56.0 (152805833)|VARIABLE_ASSIGNMENT|[7]|userAborda|{"Alias":"test","Id":"0051r00000894UtAAI"}|0x2feaf550
09:31:56.0 (152814432)|STATEMENT_EXECUTE|[9]
09:31:56.0 (152818747)|HEAP_ALLOCATE|[9]|Bytes:46
09:31:56.0 (152888084)|HEAP_ALLOCATE|[9]|Bytes:40
09:31:56.0 (152906190)|HEAP_ALLOCATE|[9]|Bytes:86
09:31:56.0 (152920072)|USER_DEBUG|[9]|DEBUG|TarjetaMethods.CrearOportunidad :: userAborda User:{Alias=test, Id=0051r00000894UtAAI}
09:31:56.0 (153044948)|HEAP_ALLOCATE|[11]|Bytes:5
09:31:56.0 (153063648)|HEAP_ALLOCATE|[11]|Bytes:4
09:31:56.0 (153071565)|VARIABLE_SCOPE_BEGIN|[11]|inTarjeta|Tarjeta_de_cr_dito__c|true|false
09:31:56.0 (153192816)|VARIABLE_ASSIGNMENT|[11]|inTarjeta|{"Tipo_de_tarjeta__c":"MasterCard","A_o_caducidad__c":2019,"Contacto__c":"0031r000024jmbYAAQ","IsDeleted":false,"OwnerId":"0051r00000894UtAAI","Mes_de_caducidad__c":4,"Tarjeta__c":"Crédito","Name":"Tarjeta0","N_tarjeta__c":"1234567891234567"}|0x5070d835
09:31:56.0 (153203836)|STATEMENT_EXECUTE|[11]
09:31:56.0 (153269255)|STATEMENT_EXECUTE|[14]
09:31:56.0 (153271717)|STATEMENT_EXECUTE|[16]
09:31:56.0 (153275505)|HEAP_ALLOCATE|[16]|Bytes:67
09:31:56.0 (153289221)|HEAP_ALLOCATE|[16]|Bytes:4
09:31:56.0 (153297669)|HEAP_ALLOCATE|[16]|Bytes:7
09:31:56.0 (153547187)|SOQL_EXECUTE_BEGIN|[16]|Aggregations:0|SELECT Name, Premium__c, AccountId FROM Contact WHERE Id = :tmpVar1
09:31:56.0 (157401176)|SOQL_EXECUTE_END|[16]|Rows:1
09:31:56.0 (157434277)|HEAP_ALLOCATE|[16]|Bytes:8
09:31:56.0 (157451728)|HEAP_ALLOCATE|[16]|Bytes:101
09:31:56.0 (157481727)|HEAP_ALLOCATE|[16]|Bytes:8
09:31:56.0 (157492660)|HEAP_ALLOCATE|[16]|Bytes:33
09:31:56.0 (157505012)|HEAP_ALLOCATE|[16]|Bytes:20
09:31:56.0 (157511471)|VARIABLE_SCOPE_BEGIN|[16]|oContacto|Contact|true|false
09:31:56.0 (157530614)|VARIABLE_ASSIGNMENT|[16]|oContacto|{"Name":"ContactoPrueba0","Premium__c":true,"AccountId":"0011r00001nnQEOAA2","Id":"0031r000024jmbYAAQ"}|0x2e29c72e
09:31:56.0 (157538446)|STATEMENT_EXECUTE|[18]
09:31:56.0 (157541697)|HEAP_ALLOCATE|[18]|Bytes:45
09:31:56.0 (157604727)|HEAP_ALLOCATE|[18]|Bytes:100
09:31:56.0 (157637228)|HEAP_ALLOCATE|[18]|Bytes:145
09:31:56.0 (157653762)|USER_DEBUG|[18]|DEBUG|TarjetaMethods.CrearOportunidad :: oContacto Contact:{Name=ContactoPrueba0, Premium__c=true, AccountId=0011r00001nnQEOAA2, Id=0031r000024jmbYAAQ}
09:31:56.0 (157689124)|STATEMENT_EXECUTE|[21]
09:31:56.0 (157692327)|STATEMENT_EXECUTE|[23]
09:31:56.0 (157733550)|HEAP_ALLOCATE|[23]|Bytes:4
09:31:56.0 (157846170)|VARIABLE_SCOPE_BEGIN|[23]|oOpportunity|Opportunity|true|false
09:31:56.0 (157868215)|VARIABLE_ASSIGNMENT|[23]|oOpportunity|{}|0x2668152a
09:31:56.0 (157878905)|STATEMENT_EXECUTE|[25]
09:31:56.0 (157958236)|VARIABLE_ASSIGNMENT|[25]|this.Name|"ContactoPrueba0"|0x2668152a
09:31:56.0 (157969558)|STATEMENT_EXECUTE|[26]
09:31:56.0 (158001348)|HEAP_ALLOCATE|[26]|Bytes:28
09:31:56.0 (158018206)|HEAP_ALLOCATE|[26]|Bytes:8
09:31:56.0 (158040066)|HEAP_ALLOCATE|[26]|Bytes:28
09:31:56.0 (158047807)|HEAP_ALLOCATE|[26]|Bytes:8
09:31:56.0 (158106552)|HEAP_ALLOCATE|[26]|Bytes:4
09:31:56.0 (158193095)|VARIABLE_ASSIGNMENT|[26]|this.CloseDate|"2019-01-04T00:00:00.000Z"|0x2668152a
09:31:56.0 (158205828)|STATEMENT_EXECUTE|[27]
09:31:56.0 (158211280)|HEAP_ALLOCATE|[27]|Bytes:11
09:31:56.0 (158249201)|VARIABLE_ASSIGNMENT|[27]|this.StageName|"No iniciado"|0x2668152a
09:31:56.0 (158259796)|STATEMENT_EXECUTE|[28]
09:31:56.0 (158312662)|VARIABLE_ASSIGNMENT|[28]|this.AccountId|"0011r00001nnQEOAA2"|0x2668152a
09:31:56.0 (158323504)|STATEMENT_EXECUTE|[30]
09:31:56.0 (158328050)|HEAP_ALLOCATE|[30]|Bytes:48
09:31:56.0 (158412728)|HEAP_ALLOCATE|[30]|Bytes:118
09:31:56.0 (158436618)|HEAP_ALLOCATE|[30]|Bytes:166
09:31:56.0 (158452112)|USER_DEBUG|[30]|DEBUG|TarjetaMethods.CrearOportunidad :: oOpportunity Opportunity:{Name=ContactoPrueba0, CloseDate=2019-01-04 00:00:00, StageName=No iniciado, AccountId=0011r00001nnQEOAA2}
09:31:56.0 (158466707)|STATEMENT_EXECUTE|[32]
09:31:56.0 (158485636)|HEAP_ALLOCATE|[32]|Bytes:8
09:31:56.0 (158499549)|DML_BEGIN|[32]|Op:Insert|Type:Opportunity|Rows:1
09:31:56.0 (158531214)|HEAP_ALLOCATE|[EXTERNAL]|Bytes:8
09:31:56.0 (192992408)|CODE_UNIT_STARTED|[EXTERNAL]|01q1r000000Bcgl|ClosedOpportunityTrigger on Opportunity trigger event AfterInsert
09:31:56.0 (193054196)|HEAP_ALLOCATE|[EXTERNAL]|Bytes:8
09:31:56.0 (193268627)|HEAP_ALLOCATE|[EXTERNAL]|Bytes:8
09:31:56.0 (193285237)|VARIABLE_SCOPE_BEGIN|[1]|this|ClosedOpportunityTrigger|true|false
09:31:56.0 (193348875)|VARIABLE_ASSIGNMENT|[1]|this|{}|0x23a70a90
09:31:56.0 (193412264)|HEAP_ALLOCATE|[EXTERNAL]|Bytes:8
09:31:56.0 (193421092)|VARIABLE_SCOPE_BEGIN|[1]|this|ClosedOpportunityTrigger|true|false
09:31:56.0 (193434620)|VARIABLE_ASSIGNMENT|[1]|this|{}|0x23a70a90
09:31:56.0 (193444540)|STATEMENT_EXECUTE|[1]
09:31:56.0 (193447098)|STATEMENT_EXECUTE|[3]
09:31:56.0 (193494271)|HEAP_ALLOCATE|[3]|Bytes:4
09:31:56.0 (193599003)|HEAP_ALLOCATE|[EXTERNAL]|Bytes:4
09:31:56.0 (193614326)|VARIABLE_ASSIGNMENT|[3]|this.taskList|[]|0x23a70a90
09:31:56.0 (193627478)|HEAP_ALLOCATE|[5]|Bytes:89
09:31:56.0 (193644684)|HEAP_ALLOCATE|[5]|Bytes:4
09:31:56.0 (194021119)|SOQL_EXECUTE_BEGIN|[5]|Aggregations:0|SELECT Id, StageName FROM Opportunity 
09:31:56.0 (199202543)|SOQL_EXECUTE_END|[5]|Rows:0
09:31:56.0 (199401346)|HEAP_ALLOCATE|[5]|Bytes:54
09:31:56.0 (199412108)|HEAP_ALLOCATE|[5]|Bytes:8
09:31:56.0 (199438257)|SYSTEM_METHOD_ENTRY|[7]|QueryLocatorIterator.QueryLocatorIterator()
09:31:56.0 (199443808)|STATEMENT_EXECUTE|[7]
09:31:56.0 (199452881)|SYSTEM_METHOD_EXIT|[7]|QueryLocatorIterator
09:31:56.0 (199460707)|HEAP_ALLOCATE|[5]|Bytes:28
09:31:56.0 (199476047)|HEAP_ALLOCATE|[5]|Bytes:8
09:31:56.0 (199479551)|HEAP_ALLOCATE|[5]|Bytes:8
09:31:56.0 (199485153)|VARIABLE_SCOPE_BEGIN|[15]|this|Database.QueryLocatorIterator|true|false
09:31:56.0 (199534357)|VARIABLE_ASSIGNMENT|[15]|this|{}|0x32295b43
09:31:56.0 (199540947)|VARIABLE_SCOPE_BEGIN|[15]|values|List<SObject>|true|false
09:31:56.0 (199549989)|VARIABLE_ASSIGNMENT|[15]|values|null|
09:31:56.0 (199554635)|VARIABLE_SCOPE_BEGIN|[15]|ql|Database.QueryLocator|true|false
09:31:56.0 (199575324)|VARIABLE_ASSIGNMENT|[15]|ql|{"query":"SELECT Id, StageName (69 more) ..."}|0x1a71b77f
09:31:56.0 (199591164)|VARIABLE_SCOPE_BEGIN|[15]|totalNumRecords|Integer|false|false
09:31:56.0 (199600350)|VARIABLE_ASSIGNMENT|[15]|totalNumRecords|0
09:31:56.0 (199604121)|VARIABLE_SCOPE_BEGIN|[15]|queryMoreSize|Integer|false|false
09:31:56.0 (199610355)|VARIABLE_ASSIGNMENT|[15]|queryMoreSize|49997
09:31:56.0 (199673746)|HEAP_ALLOCATE|[5]|Bytes:28
09:31:56.0 (199698316)|METHOD_ENTRY|[5]||Database.QueryLocatorIterator.hasNext()
09:31:56.0 (199735736)|METHOD_EXIT|[5]||Database.QueryLocatorIterator.hasNext()
09:31:56.0 (199746192)|VARIABLE_ASSIGNMENT|[5]|opp|null|
09:31:56.0 (199753630)|STATEMENT_EXECUTE|[5]
09:31:56.0 (199802161)|STATEMENT_EXECUTE|[12]
09:31:56.199 (199807745)|CUMULATIVE_LIMIT_USAGE
09:31:56.199 (199807745)|LIMIT_USAGE_FOR_NS|(default)|
  Number of SOQL queries: 4 out of 100
  Number of query rows: 3 out of 50000
  Number of SOSL queries: 0 out of 20
  Number of DML statements: 4 out of 150
  Number of DML rows: 4 out of 10000
  Maximum CPU time: 0 out of 10000
  Maximum heap size: 0 out of 6000000
  Number of callouts: 0 out of 100
  Number of Email Invocations: 0 out of 10
  Number of future calls: 0 out of 50
  Number of queueable jobs added to the queue: 0 out of 50
  Number of Mobile Apex push calls: 0 out of 10

09:31:56.199 (199807745)|CUMULATIVE_LIMIT_USAGE_END

09:31:56.0 (200608016)|CODE_UNIT_FINISHED|ClosedOpportunityTrigger on Opportunity trigger event AfterInsert
09:31:56.0 (201521534)|DML_END|[32]
09:31:56.0 (201557385)|HEAP_ALLOCATE|[11]|Bytes:5
09:31:56.0 (201577904)|VARIABLE_ASSIGNMENT|[11]|inTarjeta|null|
09:31:56.0 (201588018)|SYSTEM_MODE_EXIT|false
09:31:56.0 (201598337)|METHOD_EXIT|[7]|01p1r000009oldq|TarjetaMethods.CrearOportunidad(List<Tarjeta_de_cr_dito__c>)
09:31:56.201 (201608259)|CUMULATIVE_LIMIT_USAGE
09:31:56.201 (201608259)|LIMIT_USAGE_FOR_NS|(default)|
  Number of SOQL queries: 4 out of 100
  Number of query rows: 3 out of 50000
  Number of SOSL queries: 0 out of 20
  Number of DML statements: 4 out of 150
  Number of DML rows: 4 out of 10000
  Maximum CPU time: 0 out of 10000
  Maximum heap size: 0 out of 6000000
  Number of callouts: 0 out of 100
  Number of Email Invocations: 0 out of 10
  Number of future calls: 0 out of 50
  Number of queueable jobs added to the queue: 0 out of 50
  Number of Mobile Apex push calls: 0 out of 10

09:31:56.201 (201608259)|CUMULATIVE_LIMIT_USAGE_END

09:31:56.0 (202655544)|CODE_UNIT_FINISHED|TarjetaTrigger on Tarjeta_de_cr_dito trigger event BeforeInsert
09:31:56.0 (206335318)|CODE_UNIT_STARTED|[EXTERNAL]|Validation:Tarjeta_de_cr_dito:new
09:31:56.0 (206347656)|VALIDATION_RULE|03d1r000000i476|ValidarAno
09:31:56.0 (206586301)|VALIDATION_FORMULA|(A_o_caducidad__c<YEAR(TODAY())) &#124;&#124; 
(A_o_caducidad__c>YEAR(TODAY())+5)|A_o_caducidad__c=2019
09:31:56.0 (206597014)|VALIDATION_PASS
09:31:56.0 (206599588)|VALIDATION_RULE|03d1r000000i47B|ValidarFecha
09:31:56.0 (206698863)|VALIDATION_FORMULA|Mes_de_caducidad__c <   MONTH(TODAY()) && 
A_o_caducidad__c <= YEAR(TODAY())|A_o_caducidad__c=2019 , Mes_de_caducidad__c=4
09:31:56.0 (206705102)|VALIDATION_PASS
09:31:56.0 (206707600)|VALIDATION_RULE|03d1r000000i46X|ValidarMes
09:31:56.0 (206785733)|VALIDATION_FORMULA|(Mes_de_caducidad__c  < 1)  &#124;&#124;  (Mes_de_caducidad__c  > 12)|Mes_de_caducidad__c=4
09:31:56.0 (206792479)|VALIDATION_PASS
09:31:56.0 (206827438)|CODE_UNIT_FINISHED|Validation:Tarjeta_de_cr_dito:new
09:31:56.0 (225163661)|DML_END|[23]
09:31:56.0 (225192986)|STATEMENT_EXECUTE|[27]
09:31:56.0 (225200276)|HEAP_ALLOCATE|[27]|Bytes:83
09:31:56.0 (225220181)|HEAP_ALLOCATE|[27]|Bytes:4
09:31:56.0 (225484632)|SOQL_EXECUTE_BEGIN|[27]|Aggregations:0|SELECT Name, CloseDate, StageName, AccountId FROM Opportunity WHERE Name = :tmpVar1
09:31:56.0 (228200520)|SOQL_EXECUTE_END|[27]|Rows:0
09:31:56.0 (228235292)|HEAP_ALLOCATE|[27]|Bytes:4
09:31:56.0 (228251021)|HEAP_ALLOCATE|[27]|Bytes:0
09:31:56.0 (228291780)|HEAP_ALLOCATE|[27]|Bytes:4
09:31:56.0 (228309059)|VARIABLE_SCOPE_BEGIN|[27]|listOpportunity|List<Opportunity>|true|false
09:31:56.0 (228339558)|VARIABLE_ASSIGNMENT|[27]|listOpportunity|[]|0x5648574a
09:31:56.0 (228351770)|STATEMENT_EXECUTE|[29]
09:31:56.0 (228488872)|HEAP_ALLOCATE|[29]|Bytes:31
09:31:56.0 (228589739)|FATAL_ERROR|System.ListException: List index out of bounds: 0

Class.TarjetaTest.testCrearOportunidad: line 29, column 1
09:31:56.0 (228601640)|FATAL_ERROR|System.ListException: List index out of bounds: 0

Class.TarjetaTest.testCrearOportunidad: line 29, column 1
09:31:56.228 (228607514)|CUMULATIVE_LIMIT_USAGE
09:31:56.228 (228607514)|LIMIT_USAGE_FOR_NS|(default)|
  Number of SOQL queries: 5 out of 100
  Number of query rows: 3 out of 50000
  Number of SOSL queries: 0 out of 20
  Number of DML statements: 4 out of 150
  Number of DML rows: 4 out of 10000
  Maximum CPU time: 0 out of 10000
  Maximum heap size: 0 out of 6000000
  Number of callouts: 0 out of 100
  Number of Email Invocations: 0 out of 10
  Number of future calls: 0 out of 50
  Number of queueable jobs added to the queue: 0 out of 50
  Number of Mobile Apex push calls: 0 out of 10

09:31:56.228 (228607514)|CUMULATIVE_LIMIT_USAGE_END

09:31:56.0 (228638018)|CODE_UNIT_FINISHED|TarjetaTest.testCrearOportunidad
09:31:56.0 (229446323)|EXECUTION_FINISHED
09:31:56.323 (323718937)|USER_INFO|[EXTERNAL]|0051r000007Oz5Q|lydia.abril@gmail.com|hora estándar de Europa central|GMT+02:00
09:31:56.323 (323743062)|EXECUTION_STARTED
09:31:56.323 (323748039)|CODE_UNIT_STARTED|[EXTERNAL]|DuplicateDetector
09:31:56.323 (323762399)|DUPLICATE_DETECTION_BEGIN
09:31:56.323 (323841286)|DUPLICATE_DETECTION_RULE_INVOCATION|DuplicateRuleId:0Bm1r0000018X89|DuplicateRuleName:Standard Contact Duplicate Rule|DmlType:INSERT
09:31:56.323 (335435371)|DUPLICATE_DETECTION_END
09:31:56.323 (335447480)|CODE_UNIT_FINISHED|DuplicateDetector
09:31:56.323 (336309807)|EXECUTION_FINISHED
09:31:56.338 (338234922)|USER_INFO|[EXTERNAL]|0051r000007Oz5Q|lydia.abril@gmail.com|hora estándar de Europa central|GMT+02:00
09:31:56.338 (338257528)|EXECUTION_STARTED
09:31:56.338 (338261882)|CODE_UNIT_STARTED|[EXTERNAL]|DuplicateDetector
09:31:56.338 (338273349)|DUPLICATE_DETECTION_BEGIN
09:31:56.338 (338323355)|DUPLICATE_DETECTION_RULE_INVOCATION|DuplicateRuleId:0Bm1r0000018X88|DuplicateRuleName:Standard Account Duplicate Rule|DmlType:INSERT
09:31:56.338 (346818484)|DUPLICATE_DETECTION_END
09:31:56.338 (346827621)|CODE_UNIT_FINISHED|DuplicateDetector
09:31:56.338 (347634158)|EXECUTION_FINISHED
