42.0 APEX_CODE,FINEST;APEX_PROFILING,INFO;CALLOUT,INFO;DB,INFO;SYSTEM,DEBUG;VALIDATION,INFO;VISUALFORCE,INFO;WAVE,INFO;WORKFLOW,INFO
08:23:59.0 (391104)|EXECUTION_STARTED
08:23:59.0 (418749)|CODE_UNIT_STARTED|[EXTERNAL]|VisualForce View State
08:23:59.0 (19969842)|CODE_UNIT_FINISHED|VisualForce View State
08:23:59.0 (20948687)|EXECUTION_FINISHED
08:23:59.349 (349170793)|CUMULATIVE_LIMIT_USAGE
08:23:59.349 (349170793)|LIMIT_USAGE_FOR_NS|(default)|
  Number of SOQL queries: 0 out of 100
  Number of query rows: 0 out of 50000
  Number of SOSL queries: 0 out of 20
  Number of DML statements: 0 out of 150
  Number of DML rows: 0 out of 10000
  Maximum CPU time: 0 out of 10000
  Maximum heap size: 0 out of 6000000
  Number of callouts: 0 out of 100
  Number of Email Invocations: 0 out of 10
  Number of future calls: 0 out of 50
  Number of queueable jobs added to the queue: 0 out of 50
  Number of Mobile Apex push calls: 0 out of 10

08:23:59.349 (349170793)|CUMULATIVE_LIMIT_USAGE_END

