36.0 APEX_CODE,FINEST;APEX_PROFILING,INFO;CALLOUT,INFO;DB,INFO;SYSTEM,DEBUG;VALIDATION,INFO;VISUALFORCE,INFO;WAVE,INFO;WORKFLOW,INFO
12:53:57.0 (344873)|USER_INFO|[EXTERNAL]|0051r000007Oz5Q|lydia.abril@gmail.com|hora estándar de Europa central|GMT+02:00
12:53:57.0 (400801)|EXECUTION_STARTED
12:53:57.0 (404808)|CODE_UNIT_STARTED|[EXTERNAL]|01p1r000008aN28|PasajeroTest.ValidarNifTest
12:53:57.0 (587463)|HEAP_ALLOCATE|[72]|Bytes:3
12:53:57.0 (611709)|HEAP_ALLOCATE|[77]|Bytes:152
12:53:57.0 (624059)|HEAP_ALLOCATE|[342]|Bytes:408
12:53:57.0 (636712)|HEAP_ALLOCATE|[355]|Bytes:408
12:53:57.0 (648153)|HEAP_ALLOCATE|[467]|Bytes:48
12:53:57.0 (670651)|HEAP_ALLOCATE|[139]|Bytes:6
12:53:57.0 (683805)|HEAP_ALLOCATE|[EXTERNAL]|Bytes:89
12:53:57.0 (706722)|METHOD_ENTRY|[2]|01p1r000008aN28|PasajeroTest.PasajeroTest()
12:53:57.0 (716014)|STATEMENT_EXECUTE|[2]
12:53:57.0 (721464)|STATEMENT_EXECUTE|[2]
12:53:57.0 (726378)|METHOD_EXIT|[2]|PasajeroTest
12:53:57.0 (910633)|HEAP_ALLOCATE|[50]|Bytes:5
12:53:57.0 (928767)|HEAP_ALLOCATE|[56]|Bytes:5
12:53:57.0 (937889)|HEAP_ALLOCATE|[64]|Bytes:7
12:53:57.0 (971207)|STATEMENT_EXECUTE|[9]
12:53:57.0 (973722)|STATEMENT_EXECUTE|[11]
12:53:57.0 (1032231)|HEAP_ALLOCATE|[11]|Bytes:4
12:53:57.0 (1106875)|HEAP_ALLOCATE|[11]|Bytes:13
12:53:57.0 (1155832)|VARIABLE_ASSIGNMENT|[11]|this.Name|"CuentaPrueba0"|0x24d80520
12:53:57.0 (1182302)|VARIABLE_SCOPE_BEGIN|[11]|oAccount|Account|true|false
12:53:57.0 (1202166)|VARIABLE_ASSIGNMENT|[11]|oAccount|{"Name":"CuentaPrueba0"}|0x24d80520
12:53:57.0 (1208293)|STATEMENT_EXECUTE|[12]
12:53:57.0 (1230425)|HEAP_ALLOCATE|[12]|Bytes:8
12:53:57.0 (1249070)|DML_BEGIN|[12]|Op:Insert|Type:Account|Rows:1
12:53:57.0 (1274787)|HEAP_ALLOCATE|[EXTERNAL]|Bytes:8
12:53:57.0 (10247842)|CODE_UNIT_STARTED|[EXTERNAL]|DuplicateDetector
12:53:57.0 (10270183)|DUPLICATE_DETECTION_BEGIN
12:53:57.0 (11868308)|DUPLICATE_DETECTION_RULE_INVOCATION|DuplicateRuleId:0Bm1r0000018X88|DuplicateRuleName:Standard Account Duplicate Rule|DmlType:INSERT
12:53:57.0 (28225290)|DUPLICATE_DETECTION_MATCH_INVOCATION_DETAILS|EntityType:Account|ActionTaken:Allow_[Alert,Report]|DuplicateRecordIds:
12:53:57.0 (28245566)|DUPLICATE_DETECTION_MATCH_INVOCATION_SUMMARY|EntityType:Account|NumRecordsToBeSaved:1|NumRecordsToBeSavedWithDuplicates:0|NumDuplicateRecordsFound:0
12:53:57.0 (28379300)|DUPLICATE_DETECTION_END
12:53:57.0 (28385615)|CODE_UNIT_FINISHED|DuplicateDetector
12:53:57.0 (52784575)|DML_END|[12]
12:53:57.0 (52812239)|STATEMENT_EXECUTE|[14]
12:53:57.0 (52854155)|HEAP_ALLOCATE|[14]|Bytes:4
12:53:57.0 (52934312)|HEAP_ALLOCATE|[14]|Bytes:15
12:53:57.0 (52980802)|VARIABLE_ASSIGNMENT|[14]|this.LastName|"ContactoPrueba0"|0x235c46c
12:53:57.0 (52988598)|HEAP_ALLOCATE|[14]|Bytes:9
12:53:57.0 (53008756)|VARIABLE_ASSIGNMENT|[14]|this.Nif__c|"12345678B"|0x235c46c
12:53:57.0 (53046805)|VARIABLE_ASSIGNMENT|[14]|this.AccountId|"0011r00001mxdPcAAI"|0x235c46c
12:53:57.0 (53076332)|VARIABLE_SCOPE_BEGIN|[14]|oContact|Contact|true|false
12:53:57.0 (53102054)|VARIABLE_ASSIGNMENT|[14]|oContact|{"LastName":"ContactoPrueba0","Nif__c":"12345678B","AccountId":"0011r00001mxdPcAAI"}|0x235c46c
12:53:57.0 (53110005)|STATEMENT_EXECUTE|[15]
12:53:57.0 (53132087)|HEAP_ALLOCATE|[15]|Bytes:8
12:53:57.0 (53149276)|DML_BEGIN|[15]|Op:Insert|Type:Contact|Rows:1
12:53:57.0 (53181320)|HEAP_ALLOCATE|[EXTERNAL]|Bytes:8
12:53:57.0 (59712023)|CODE_UNIT_STARTED|[EXTERNAL]|01q1r000000j4Bx|ContactTrigger on Contact trigger event BeforeInsert
12:53:57.0 (59750609)|HEAP_ALLOCATE|[EXTERNAL]|Bytes:8
12:53:57.0 (59895059)|HEAP_ALLOCATE|[EXTERNAL]|Bytes:8
12:53:57.0 (59906045)|VARIABLE_SCOPE_BEGIN|[1]|this|ContactTrigger|true|false
12:53:57.0 (59963609)|VARIABLE_ASSIGNMENT|[1]|this|{}|0x34bb9746
12:53:57.0 (60026629)|HEAP_ALLOCATE|[EXTERNAL]|Bytes:8
12:53:57.0 (60035951)|VARIABLE_SCOPE_BEGIN|[1]|this|ContactTrigger|true|false
12:53:57.0 (60049182)|VARIABLE_ASSIGNMENT|[1]|this|{}|0x34bb9746
12:53:57.0 (60060116)|STATEMENT_EXECUTE|[1]
12:53:57.0 (60062476)|STATEMENT_EXECUTE|[3]
12:53:57.0 (60469990)|VARIABLE_ASSIGNMENT|[3]|this.listNew|[{"IsDeleted":false,"AccountId":"0011r00001mxdPcAAI","IsEmailBounced":false,"CleanStatus":"Pending","DoNotCall":false,"OwnerId":"0051r000007Oz5QAAS","HasOptedOutOfEmail":false,"HasOptedOutOfFax":false,"Nif__c":"12345678B","LastName":"ContactoPrueba0"}]|0x34bb9746
12:53:57.0 (60492744)|STATEMENT_EXECUTE|[5]
12:53:57.0 (60500328)|STATEMENT_EXECUTE|[6]
12:53:57.0 (60502244)|STATEMENT_EXECUTE|[7]
12:53:57.0 (61796485)|HEAP_ALLOCATE|[7]|Bytes:1
12:53:57.0 (61841027)|METHOD_ENTRY|[1]|01p1r000008aKc5|ContactMethods.ContactMethods()
12:53:57.0 (61849077)|STATEMENT_EXECUTE|[1]
12:53:57.0 (61854517)|STATEMENT_EXECUTE|[1]
12:53:57.0 (62216225)|SYSTEM_MODE_ENTER|false
12:53:57.0 (62231209)|HEAP_ALLOCATE|[7]|Bytes:5
12:53:57.0 (62239573)|SYSTEM_MODE_EXIT|false
12:53:57.0 (62250665)|METHOD_EXIT|[1]|ContactMethods
12:53:57.0 (62275909)|METHOD_ENTRY|[7]|01p1r000008aKc5|ContactMethods.ValidarNif(List<Contact>)
12:53:57.0 (62304754)|VARIABLE_SCOPE_BEGIN|[3]|listNew|List<Contact>|true|false
12:53:57.0 (62518024)|VARIABLE_ASSIGNMENT|[3]|listNew|[{"IsDeleted":false,"AccountId":"0011r00001mxdPcAAI","IsEmailBounced":false,"CleanStatus":"Pending","DoNotCall":false,"OwnerId":"0051r000007Oz5QAAS","HasOptedOutOfEmail":false,"HasOptedOutOfFax":false,"Nif__c":"12345678B","LastName":"ContactoPrueba0"}]|0xda81bf
12:53:57.0 (62550646)|SYSTEM_MODE_ENTER|false
12:53:57.0 (62557649)|HEAP_ALLOCATE|[5]|Bytes:5
12:53:57.0 (62563391)|STATEMENT_EXECUTE|[3]
12:53:57.0 (62636514)|STATEMENT_EXECUTE|[5]
12:53:57.0 (62638864)|STATEMENT_EXECUTE|[8]
12:53:57.0 (62642521)|HEAP_ALLOCATE|[8]|Bytes:26
12:53:57.0 (62661848)|HEAP_ALLOCATE|[8]|Bytes:4
12:53:57.0 (62789473)|SOQL_EXECUTE_BEGIN|[8]|Aggregations:0|SELECT Nif__c FROM Contact
12:53:57.0 (65385428)|SOQL_EXECUTE_END|[8]|Rows:0
12:53:57.0 (65414140)|HEAP_ALLOCATE|[8]|Bytes:4
12:53:57.0 (65425408)|HEAP_ALLOCATE|[8]|Bytes:0
12:53:57.0 (65453165)|HEAP_ALLOCATE|[8]|Bytes:4
12:53:57.0 (65462567)|VARIABLE_SCOPE_BEGIN|[8]|listContact|List<Contact>|true|false
12:53:57.0 (65476176)|VARIABLE_ASSIGNMENT|[8]|listContact|[]|0x1b548d37
12:53:57.0 (65483109)|STATEMENT_EXECUTE|[10]
12:53:57.0 (65494008)|HEAP_ALLOCATE|[10]|Bytes:4
12:53:57.0 (65521789)|VARIABLE_SCOPE_BEGIN|[10]|listContactNif|List<String>|true|false
12:53:57.0 (65542201)|HEAP_ALLOCATE|[EXTERNAL]|Bytes:4
12:53:57.0 (65551363)|VARIABLE_ASSIGNMENT|[10]|listContactNif|[]|0x21a441ba
12:53:57.0 (65694995)|HEAP_ALLOCATE|[12]|Bytes:5
12:53:57.0 (65709917)|VARIABLE_ASSIGNMENT|[12]|inContact|null|
12:53:57.0 (65716831)|STATEMENT_EXECUTE|[12]
12:53:57.0 (65739157)|HEAP_ALLOCATE|[17]|Bytes:5
12:53:57.0 (65753927)|HEAP_ALLOCATE|[17]|Bytes:4
12:53:57.0 (65761022)|VARIABLE_SCOPE_BEGIN|[17]|inContact|Contact|true|false
12:53:57.0 (66012235)|VARIABLE_ASSIGNMENT|[17]|inContact|{"IsDeleted":false,"AccountId":"0011r00001mxdPcAAI","IsEmailBounced":false,"CleanStatus":"Pending","DoNotCall":false,"OwnerId":"0051r000007Oz5QAAS","HasOptedOutOfEmail":false,"HasOptedOutOfFax":false,"Nif__c":"12345678B","LastName":"ContactoPrueba0"}|0x6e7a17f7
12:53:57.0 (66024541)|STATEMENT_EXECUTE|[17]
12:53:57.0 (66026664)|STATEMENT_EXECUTE|[19]
12:53:57.0 (66091552)|HEAP_ALLOCATE|[19]|Bytes:8
12:53:57.0 (66104009)|VARIABLE_SCOPE_BEGIN|[19]|numerosNif|String|false|false
12:53:57.0 (66114222)|VARIABLE_ASSIGNMENT|[19]|numerosNif|"12345678"
12:53:57.0 (66119546)|STATEMENT_EXECUTE|[21]
12:53:57.0 (66138356)|HEAP_ALLOCATE|[21]|Bytes:1
12:53:57.0 (66147151)|VARIABLE_SCOPE_BEGIN|[21]|letraNif|String|false|false
12:53:57.0 (66155268)|VARIABLE_ASSIGNMENT|[21]|letraNif|"B"
12:53:57.0 (66222943)|STATEMENT_EXECUTE|[23]
12:53:57.0 (66233722)|HEAP_ALLOCATE|[17]|Bytes:5
12:53:57.0 (66245307)|VARIABLE_ASSIGNMENT|[17]|inContact|null|
12:53:57.0 (66253268)|SYSTEM_MODE_EXIT|false
12:53:57.0 (66262108)|METHOD_EXIT|[7]|01p1r000008aKc5|ContactMethods.ValidarNif(List<Contact>)
12:53:57.66 (66273548)|CUMULATIVE_LIMIT_USAGE
12:53:57.66 (66273548)|LIMIT_USAGE_FOR_NS|(default)|
  Number of SOQL queries: 1 out of 100
  Number of query rows: 0 out of 50000
  Number of SOSL queries: 0 out of 20
  Number of DML statements: 2 out of 150
  Number of DML rows: 2 out of 10000
  Maximum CPU time: 0 out of 10000
  Maximum heap size: 0 out of 6000000
  Number of callouts: 0 out of 100
  Number of Email Invocations: 0 out of 10
  Number of future calls: 0 out of 50
  Number of queueable jobs added to the queue: 0 out of 50
  Number of Mobile Apex push calls: 0 out of 10

12:53:57.66 (66273548)|CUMULATIVE_LIMIT_USAGE_END

12:53:57.0 (67394465)|CODE_UNIT_FINISHED|ContactTrigger on Contact trigger event BeforeInsert
12:53:57.0 (71269740)|CODE_UNIT_STARTED|[EXTERNAL]|DuplicateDetector
12:53:57.0 (71284580)|DUPLICATE_DETECTION_BEGIN
12:53:57.0 (71351496)|DUPLICATE_DETECTION_RULE_INVOCATION|DuplicateRuleId:0Bm1r0000018X89|DuplicateRuleName:Standard Contact Duplicate Rule|DmlType:INSERT
12:53:57.0 (95358989)|DUPLICATE_DETECTION_MATCH_INVOCATION_DETAILS|EntityType:Contact|ActionTaken:Allow_[Alert,Report]|DuplicateRecordIds:
12:53:57.0 (95378678)|DUPLICATE_DETECTION_MATCH_INVOCATION_SUMMARY|EntityType:Contact|NumRecordsToBeSaved:1|NumRecordsToBeSavedWithDuplicates:0|NumDuplicateRecordsFound:0
12:53:57.0 (95394297)|DUPLICATE_DETECTION_MATCH_INVOCATION_DETAILS|EntityType:Contact|ActionTaken:Allow_[Alert,Report]|DuplicateRecordIds:
12:53:57.0 (95401144)|DUPLICATE_DETECTION_MATCH_INVOCATION_SUMMARY|EntityType:Contact|NumRecordsToBeSaved:1|NumRecordsToBeSavedWithDuplicates:0|NumDuplicateRecordsFound:0
12:53:57.0 (95535944)|DUPLICATE_DETECTION_END
12:53:57.0 (95543488)|CODE_UNIT_FINISHED|DuplicateDetector
12:53:57.0 (113932149)|DML_END|[15]
12:53:57.0 (113961496)|STATEMENT_EXECUTE|[17]
12:53:57.0 (114019042)|HEAP_ALLOCATE|[17]|Bytes:4
12:53:57.0 (114100161)|HEAP_ALLOCATE|[17]|Bytes:14
12:53:57.0 (114151408)|VARIABLE_ASSIGNMENT|[17]|this.Name|"ReservaPrueba0"|0x2576061e
12:53:57.0 (114159075)|HEAP_ALLOCATE|[18]|Bytes:6
12:53:57.0 (114177432)|VARIABLE_ASSIGNMENT|[17]|this.Origen__c|"Madrid"|0x2576061e
12:53:57.0 (114183752)|HEAP_ALLOCATE|[19]|Bytes:4
12:53:57.0 (114196276)|VARIABLE_ASSIGNMENT|[17]|this.Destino__c|"Roma"|0x2576061e
12:53:57.0 (114201786)|HEAP_ALLOCATE|[20]|Bytes:7
12:53:57.0 (114213363)|VARIABLE_ASSIGNMENT|[17]|this.Case__c|"Turista"|0x2576061e
12:53:57.0 (114255183)|VARIABLE_ASSIGNMENT|[17]|this.Contacto__c|"0031r000024iTu6AAE"|0x2576061e
12:53:57.0 (114313401)|HEAP_ALLOCATE|[22]|Bytes:4
12:53:57.0 (114365795)|HEAP_ALLOCATE|[22]|Bytes:56
12:53:57.0 (114410134)|VARIABLE_ASSIGNMENT|[17]|this.Fecha_Salida__c|"2019-01-10T23:00:00.000Z"|0x2576061e
12:53:57.0 (114417402)|HEAP_ALLOCATE|[23]|Bytes:4
12:53:57.0 (114431569)|VARIABLE_ASSIGNMENT|[17]|this.Observaciones__c|"Nada"|0x2576061e
12:53:57.0 (114460619)|VARIABLE_SCOPE_BEGIN|[17]|oReserva|Reserva_Vuelo__c|true|false
12:53:57.0 (114489220)|VARIABLE_ASSIGNMENT|[17]|oReserva|{"Name":"ReservaPrueba0","Origen__c":"Madrid","Destino__c":"Roma","Case__c":"Turista","Contacto__c":"0031r000024iTu6AAE","Fecha_Salida__c":"2019-01-10T23:00:00.000Z","Observaciones__c":"Nada"}|0x2576061e
12:53:57.0 (114497454)|STATEMENT_EXECUTE|[25]
12:53:57.0 (114516412)|HEAP_ALLOCATE|[25]|Bytes:8
12:53:57.0 (114536486)|DML_BEGIN|[25]|Op:Insert|Type:Reserva_Vuelo__c|Rows:1
12:53:57.0 (114573911)|HEAP_ALLOCATE|[EXTERNAL]|Bytes:8
12:53:57.0 (120053030)|CODE_UNIT_STARTED|[EXTERNAL]|01q1r000000isRT|ReservaVueloTrigger on Reserva_Vuelo trigger event BeforeInsert
12:53:57.0 (120091321)|HEAP_ALLOCATE|[EXTERNAL]|Bytes:8
12:53:57.0 (120211101)|HEAP_ALLOCATE|[EXTERNAL]|Bytes:12
12:53:57.0 (120221844)|VARIABLE_SCOPE_BEGIN|[1]|this|ReservaVueloTrigger|true|false
12:53:57.0 (120282399)|VARIABLE_ASSIGNMENT|[1]|this|{}|0x228c8894
12:53:57.0 (120343459)|HEAP_ALLOCATE|[EXTERNAL]|Bytes:12
12:53:57.0 (120352187)|VARIABLE_SCOPE_BEGIN|[1]|this|ReservaVueloTrigger|true|false
12:53:57.0 (120365241)|VARIABLE_ASSIGNMENT|[1]|this|{}|0x228c8894
12:53:57.0 (120373759)|STATEMENT_EXECUTE|[1]
12:53:57.0 (120376155)|STATEMENT_EXECUTE|[4]
12:53:57.0 (120716935)|VARIABLE_ASSIGNMENT|[4]|this.listNew|[{"Contacto__c":"0031r000024iTu6AAE","Origen__c":"Madrid","Destino__c":"Roma","IsDeleted":false,"Fecha_Salida__c":"2019-01-10T23:00:00.000Z","OwnerId":"0051r000007Oz5QAAS","Observaciones__c":"Nada","Case__c":"Turista","Modificado__c":false,"Name":"ReservaPrueba0"}]|0x228c8894
12:53:57.0 (120736229)|STATEMENT_EXECUTE|[7]
12:53:57.0 (120764045)|VARIABLE_ASSIGNMENT|[7]|this.mapOld|null|0x228c8894
12:53:57.0 (120781213)|STATEMENT_EXECUTE|[10]
12:53:57.0 (120788687)|STATEMENT_EXECUTE|[11]
12:53:57.0 (120791176)|STATEMENT_EXECUTE|[12]
12:53:57.0 (122071526)|HEAP_ALLOCATE|[12]|Bytes:4
12:53:57.0 (122097975)|METHOD_ENTRY|[1]|01p1r000007Yidp|ReservaVueloMethods.ReservaVueloMethods()
12:53:57.0 (122105495)|STATEMENT_EXECUTE|[1]
12:53:57.0 (122110852)|STATEMENT_EXECUTE|[1]
12:53:57.0 (122495568)|SYSTEM_MODE_ENTER|false
12:53:57.0 (122507359)|HEAP_ALLOCATE|[12]|Bytes:5
12:53:57.0 (122516089)|SYSTEM_MODE_EXIT|false
12:53:57.0 (122527190)|METHOD_EXIT|[1]|ReservaVueloMethods
12:53:57.0 (122551480)|METHOD_ENTRY|[12]|01p1r000007Yidp|ReservaVueloMethods.RellenarCuenta(List<Reserva_Vuelo__c>)
12:53:57.0 (122580908)|VARIABLE_SCOPE_BEGIN|[4]|listReservas|List<Reserva_Vuelo__c>|true|false
12:53:57.0 (122691611)|VARIABLE_ASSIGNMENT|[4]|listReservas|[{"Contacto__c":"0031r000024iTu6AAE","Origen__c":"Madrid","Destino__c":"Roma","IsDeleted":false,"Fecha_Salida__c":"2019-01-10T23:00:00.000Z","OwnerId":"0051r000007Oz5QAAS","Observaciones__c":"Nada","Case__c":"Turista","Modificado__c":false,"Name":"ReservaPrueba0"}]|0x34a61137
12:53:57.0 (122727617)|SYSTEM_MODE_ENTER|false
12:53:57.0 (122734413)|HEAP_ALLOCATE|[6]|Bytes:5
12:53:57.0 (122740556)|STATEMENT_EXECUTE|[4]
12:53:57.0 (122816998)|STATEMENT_EXECUTE|[6]
12:53:57.0 (122819369)|STATEMENT_EXECUTE|[9]
12:53:57.0 (122834998)|HEAP_ALLOCATE|[9]|Bytes:4
12:53:57.0 (122869225)|VARIABLE_SCOPE_BEGIN|[9]|listContactosIds|Set<String>|true|false
12:53:57.0 (122895902)|VARIABLE_ASSIGNMENT|[9]|listContactosIds|[]|0x5d44d27e
12:53:57.0 (123015263)|HEAP_ALLOCATE|[10]|Bytes:5
12:53:57.0 (123033354)|HEAP_ALLOCATE|[10]|Bytes:4
12:53:57.0 (123041126)|VARIABLE_SCOPE_BEGIN|[10]|inReserva|Reserva_Vuelo__c|true|false
12:53:57.0 (123161782)|VARIABLE_ASSIGNMENT|[10]|inReserva|{"Contacto__c":"0031r000024iTu6AAE","Origen__c":"Madrid","Destino__c":"Roma","IsDeleted":false,"Fecha_Salida__c":"2019-01-10T23:00:00.000Z","OwnerId":"0051r000007Oz5QAAS","Observaciones__c":"Nada","Case__c":"Turista","Modificado__c":false,"Name":"ReservaPrueba0"}|0x68119ca4
12:53:57.0 (123173766)|STATEMENT_EXECUTE|[10]
12:53:57.0 (123175875)|STATEMENT_EXECUTE|[11]
12:53:57.0 (123237372)|HEAP_ALLOCATE|[EXTERNAL]|Bytes:4
12:53:57.0 (123255049)|HEAP_ALLOCATE|[10]|Bytes:5
12:53:57.0 (123266937)|VARIABLE_ASSIGNMENT|[10]|inReserva|null|
12:53:57.0 (123272507)|STATEMENT_EXECUTE|[23]
12:53:57.0 (123310527)|HEAP_ALLOCATE|[23]|Bytes:4
12:53:57.0 (123316599)|HEAP_ALLOCATE|[23]|Bytes:49
12:53:57.0 (123324170)|HEAP_ALLOCATE|[23]|Bytes:4
12:53:57.0 (123330712)|HEAP_ALLOCATE|[23]|Bytes:7
12:53:57.0 (123360716)|HEAP_ALLOCATE|[23]|Bytes:8
12:53:57.0 (123369052)|HEAP_ALLOCATE|[23]|Bytes:8
12:53:57.0 (123557513)|SOQL_EXECUTE_BEGIN|[23]|Aggregations:0|SELECT AccountId FROM Contact WHERE id = :tmpVar1
12:53:57.0 (127215273)|SOQL_EXECUTE_END|[23]|Rows:1
12:53:57.0 (127255265)|HEAP_ALLOCATE|[23]|Bytes:8
12:53:57.0 (127278199)|HEAP_ALLOCATE|[23]|Bytes:60
12:53:57.0 (127312812)|HEAP_ALLOCATE|[23]|Bytes:8
12:53:57.0 (127347773)|HEAP_ALLOCATE|[23]|Bytes:12
12:53:57.0 (127357233)|HEAP_ALLOCATE|[23]|Bytes:18
12:53:57.0 (127366409)|VARIABLE_SCOPE_BEGIN|[23]|contactos|Map<String,Contact>|true|false
12:53:57.0 (127394006)|VARIABLE_ASSIGNMENT|[23]|contactos|{"0031r000024iTu6AAE":{"AccountId":"0011r00001mxdPcAAI","Id":"0031r000024iTu6AAE"}}|0x6ee751a3
12:53:57.0 (127438910)|HEAP_ALLOCATE|[26]|Bytes:5
12:53:57.0 (127454238)|HEAP_ALLOCATE|[26]|Bytes:4
12:53:57.0 (127461629)|VARIABLE_SCOPE_BEGIN|[26]|inReserva|Reserva_Vuelo__c|true|false
12:53:57.0 (127574226)|VARIABLE_ASSIGNMENT|[26]|inReserva|{"Contacto__c":"0031r000024iTu6AAE","Origen__c":"Madrid","Destino__c":"Roma","IsDeleted":false,"Fecha_Salida__c":"2019-01-10T23:00:00.000Z","OwnerId":"0051r000007Oz5QAAS","Observaciones__c":"Nada","Case__c":"Turista","Modificado__c":false,"Name":"ReservaPrueba0"}|0x68119ca4
12:53:57.0 (127586501)|STATEMENT_EXECUTE|[26]
12:53:57.0 (127589546)|STATEMENT_EXECUTE|[27]
12:53:57.0 (127805974)|VARIABLE_ASSIGNMENT|[27]|this.Cuenta__c|"0011r00001mxdPcAAI"|0x68119ca4
12:53:57.0 (127824971)|HEAP_ALLOCATE|[26]|Bytes:5
12:53:57.0 (127838851)|VARIABLE_ASSIGNMENT|[26]|inReserva|null|
12:53:57.0 (127848223)|SYSTEM_MODE_EXIT|false
12:53:57.0 (127861135)|METHOD_EXIT|[12]|01p1r000007Yidp|ReservaVueloMethods.RellenarCuenta(List<Reserva_Vuelo__c>)
12:53:57.0 (127879890)|STATEMENT_EXECUTE|[14]
12:53:57.127 (127890481)|CUMULATIVE_LIMIT_USAGE
12:53:57.127 (127890481)|LIMIT_USAGE_FOR_NS|(default)|
  Number of SOQL queries: 2 out of 100
  Number of query rows: 1 out of 50000
  Number of SOSL queries: 0 out of 20
  Number of DML statements: 3 out of 150
  Number of DML rows: 3 out of 10000
  Maximum CPU time: 0 out of 10000
  Maximum heap size: 0 out of 6000000
  Number of callouts: 0 out of 100
  Number of Email Invocations: 0 out of 10
  Number of future calls: 0 out of 50
  Number of queueable jobs added to the queue: 0 out of 50
  Number of Mobile Apex push calls: 0 out of 10

12:53:57.127 (127890481)|CUMULATIVE_LIMIT_USAGE_END

12:53:57.0 (129247249)|CODE_UNIT_FINISHED|ReservaVueloTrigger on Reserva_Vuelo trigger event BeforeInsert
12:53:57.0 (132189377)|CODE_UNIT_STARTED|[EXTERNAL]|Validation:Reserva_Vuelo:new
12:53:57.0 (132201882)|VALIDATION_RULE|03d1r0000006A1e|DiferentesCampos
12:53:57.0 (132406973)|VALIDATION_FORMULA|TEXT(Origen__c)  =  TEXT(Destino__c)|Destino__c=Roma , Origen__c=Madrid
12:53:57.0 (132414669)|VALIDATION_PASS
12:53:57.0 (132416993)|VALIDATION_RULE|03d1r0000006A1Z|Fecha_de_salida
12:53:57.0 (132494725)|VALIDATION_FORMULA|Fecha_Salida__c  <   NOW()|Fecha_Salida__c=2019-01-10 23:00:00
12:53:57.0 (132501199)|VALIDATION_PASS
12:53:57.0 (132540180)|CODE_UNIT_FINISHED|Validation:Reserva_Vuelo:new
12:53:57.0 (151021598)|DML_END|[25]
12:53:57.0 (151049202)|STATEMENT_EXECUTE|[27]
12:53:57.0 (151052028)|STATEMENT_EXECUTE|[27]
12:53:57.0 (151054009)|STATEMENT_EXECUTE|[29]
12:53:57.0 (151091832)|HEAP_ALLOCATE|[29]|Bytes:4
12:53:57.0 (151153422)|HEAP_ALLOCATE|[29]|Bytes:9
12:53:57.0 (151202308)|VARIABLE_ASSIGNMENT|[29]|this.Name|"Pasajero0"|0x2bf078c3
12:53:57.0 (151248355)|VARIABLE_ASSIGNMENT|[29]|this.Reserva__c|"a001r00000oUIirAAG"|0x2bf078c3
12:53:57.0 (151256492)|HEAP_ALLOCATE|[31]|Bytes:9
12:53:57.0 (151271907)|VARIABLE_ASSIGNMENT|[29]|this.Nif__c|"123456781"|0x2bf078c3
12:53:57.0 (151300616)|HEAP_ALLOCATE|[29]|Bytes:28
12:53:57.0 (151321502)|VARIABLE_ASSIGNMENT|[29]|this.Edad__c|59|0x2bf078c3
12:53:57.0 (151347573)|VARIABLE_SCOPE_BEGIN|[29]|oPasajero|Pasajero__c|true|false
12:53:57.0 (151368377)|VARIABLE_ASSIGNMENT|[29]|oPasajero|{"Name":"Pasajero0","Reserva__c":"a001r00000oUIirAAG","Nif__c":"123456781","Edad__c":59}|0x2bf078c3
12:53:57.0 (151375086)|STATEMENT_EXECUTE|[33]
12:53:57.0 (151394378)|HEAP_ALLOCATE|[33]|Bytes:8
12:53:57.0 (151413734)|DML_BEGIN|[33]|Op:Insert|Type:Pasajero__c|Rows:1
12:53:57.0 (151449416)|HEAP_ALLOCATE|[EXTERNAL]|Bytes:8
12:53:57.0 (154101115)|CODE_UNIT_STARTED|[EXTERNAL]|01q1r000000j3dJ|PasajeroTrigger on Pasajero trigger event BeforeInsert
12:53:57.0 (154142870)|HEAP_ALLOCATE|[EXTERNAL]|Bytes:8
12:53:57.0 (154259327)|HEAP_ALLOCATE|[EXTERNAL]|Bytes:8
12:53:57.0 (154271715)|VARIABLE_SCOPE_BEGIN|[1]|this|PasajeroTrigger|true|false
12:53:57.0 (154330221)|VARIABLE_ASSIGNMENT|[1]|this|{}|0x2935dd72
12:53:57.0 (154388335)|HEAP_ALLOCATE|[EXTERNAL]|Bytes:8
12:53:57.0 (154397886)|VARIABLE_SCOPE_BEGIN|[1]|this|PasajeroTrigger|true|false
12:53:57.0 (154414408)|VARIABLE_ASSIGNMENT|[1]|this|{}|0x2935dd72
12:53:57.0 (154425378)|STATEMENT_EXECUTE|[1]
12:53:57.0 (154428567)|STATEMENT_EXECUTE|[4]
12:53:57.0 (154679235)|VARIABLE_ASSIGNMENT|[4]|this.listNew|[{"IsDeleted":false,"Edad__c":59,"Nif__c":"123456781","Reserva__c":"a001r00000oUIirAAG","Name":"Pasajero0"}]|0x2935dd72
12:53:57.0 (154698470)|STATEMENT_EXECUTE|[7]
12:53:57.0 (154705027)|STATEMENT_EXECUTE|[8]
12:53:57.0 (154707629)|STATEMENT_EXECUTE|[9]
12:53:57.0 (156290987)|HEAP_ALLOCATE|[9]|Bytes:4
12:53:57.0 (156321312)|METHOD_ENTRY|[1]|01p1r000008Zry1|PasajeroMethods.PasajeroMethods()
12:53:57.0 (156332678)|STATEMENT_EXECUTE|[1]
12:53:57.0 (156340022)|STATEMENT_EXECUTE|[1]
12:53:57.0 (156725017)|SYSTEM_MODE_ENTER|false
12:53:57.0 (156739713)|HEAP_ALLOCATE|[9]|Bytes:5
12:53:57.0 (156750438)|SYSTEM_MODE_EXIT|false
12:53:57.0 (156764062)|METHOD_EXIT|[1]|PasajeroMethods
12:53:57.0 (156801325)|METHOD_ENTRY|[9]|01p1r000008Zry1|PasajeroMethods.ValidarNif(List<Pasajero__c>)
12:53:57.0 (156840161)|VARIABLE_SCOPE_BEGIN|[32]|listNew|List<Pasajero__c>|true|false
12:53:57.0 (156992577)|VARIABLE_ASSIGNMENT|[32]|listNew|[{"IsDeleted":false,"Edad__c":59,"Nif__c":"123456781","Reserva__c":"a001r00000oUIirAAG","Name":"Pasajero0"}]|0x2f19c1c3
12:53:57.0 (157038440)|SYSTEM_MODE_ENTER|false
12:53:57.0 (157057277)|HEAP_ALLOCATE|[34]|Bytes:5
12:53:57.0 (157066282)|STATEMENT_EXECUTE|[32]
12:53:57.0 (157151443)|STATEMENT_EXECUTE|[34]
12:53:57.0 (157154768)|STATEMENT_EXECUTE|[37]
12:53:57.0 (157160043)|HEAP_ALLOCATE|[37]|Bytes:30
12:53:57.0 (157179183)|HEAP_ALLOCATE|[37]|Bytes:4
12:53:57.0 (157408857)|SOQL_EXECUTE_BEGIN|[37]|Aggregations:0|SELECT Nif__c FROM Pasajero__c
12:53:57.0 (159208098)|SOQL_EXECUTE_END|[37]|Rows:0
12:53:57.0 (159231635)|HEAP_ALLOCATE|[37]|Bytes:4
12:53:57.0 (159242736)|HEAP_ALLOCATE|[37]|Bytes:0
12:53:57.0 (159271272)|HEAP_ALLOCATE|[37]|Bytes:4
12:53:57.0 (159280850)|VARIABLE_SCOPE_BEGIN|[37]|listPasajero|List<Pasajero__c>|true|false
12:53:57.0 (159295247)|VARIABLE_ASSIGNMENT|[37]|listPasajero|[]|0x7d136913
12:53:57.0 (159302244)|STATEMENT_EXECUTE|[39]
12:53:57.0 (159310935)|HEAP_ALLOCATE|[39]|Bytes:4
12:53:57.0 (159335106)|VARIABLE_SCOPE_BEGIN|[39]|listPasajeroNif|List<String>|true|false
12:53:57.0 (159354029)|HEAP_ALLOCATE|[EXTERNAL]|Bytes:4
12:53:57.0 (159362961)|VARIABLE_ASSIGNMENT|[39]|listPasajeroNif|[]|0x6deb11f1
12:53:57.0 (159455311)|HEAP_ALLOCATE|[41]|Bytes:5
12:53:57.0 (159469272)|VARIABLE_ASSIGNMENT|[41]|inPasajero|null|
12:53:57.0 (159475015)|STATEMENT_EXECUTE|[41]
12:53:57.0 (159496876)|HEAP_ALLOCATE|[46]|Bytes:5
12:53:57.0 (159510524)|HEAP_ALLOCATE|[46]|Bytes:4
12:53:57.0 (159517591)|VARIABLE_SCOPE_BEGIN|[46]|inPasajero|Pasajero__c|true|false
12:53:57.0 (159631902)|VARIABLE_ASSIGNMENT|[46]|inPasajero|{"IsDeleted":false,"Edad__c":59,"Nif__c":"123456781","Reserva__c":"a001r00000oUIirAAG","Name":"Pasajero0"}|0x619119fe
12:53:57.0 (159640417)|STATEMENT_EXECUTE|[46]
12:53:57.0 (159642401)|STATEMENT_EXECUTE|[48]
12:53:57.0 (159687603)|HEAP_ALLOCATE|[48]|Bytes:8
12:53:57.0 (159699249)|VARIABLE_SCOPE_BEGIN|[48]|numerosNif|String|false|false
12:53:57.0 (159708703)|VARIABLE_ASSIGNMENT|[48]|numerosNif|"12345678"
12:53:57.0 (159713682)|STATEMENT_EXECUTE|[50]
12:53:57.0 (159732137)|HEAP_ALLOCATE|[50]|Bytes:1
12:53:57.0 (159740544)|VARIABLE_SCOPE_BEGIN|[50]|letraNif|String|false|false
12:53:57.0 (159748916)|VARIABLE_ASSIGNMENT|[50]|letraNif|"1"
12:53:57.0 (159784402)|STATEMENT_EXECUTE|[54]
12:53:57.0 (159786601)|STATEMENT_EXECUTE|[55]
12:53:57.0 (159790085)|HEAP_ALLOCATE|[55]|Bytes:21
12:53:57.0 (159854372)|VF_PAGE_MESSAGE|Error en la letra Nif
12:53:57.0 (159874548)|HEAP_ALLOCATE|[46]|Bytes:5
12:53:57.0 (159887063)|VARIABLE_ASSIGNMENT|[46]|inPasajero|null|
12:53:57.0 (159900140)|SYSTEM_MODE_EXIT|false
12:53:57.0 (159909447)|METHOD_EXIT|[9]|01p1r000008Zry1|PasajeroMethods.ValidarNif(List<Pasajero__c>)
12:53:57.0 (159915742)|STATEMENT_EXECUTE|[10]
12:53:57.0 (159932540)|METHOD_ENTRY|[10]|01p1r000008Zry1|PasajeroMethods.RellenarContacto(List<Pasajero__c>)
12:53:57.0 (159950760)|VARIABLE_SCOPE_BEGIN|[3]|listPasajeros|List<Pasajero__c>|true|false
12:53:57.0 (160039342)|VARIABLE_ASSIGNMENT|[3]|listPasajeros|[{"IsDeleted":false,"Edad__c":59,"Nif__c":"123456781","Reserva__c":"a001r00000oUIirAAG","Name":"Pasajero0"}]|0x2f19c1c3
12:53:57.0 (160071605)|SYSTEM_MODE_ENTER|false
12:53:57.0 (160078819)|HEAP_ALLOCATE|[5]|Bytes:5
12:53:57.0 (160084167)|STATEMENT_EXECUTE|[3]
12:53:57.0 (160105592)|STATEMENT_EXECUTE|[5]
12:53:57.0 (160107575)|STATEMENT_EXECUTE|[8]
12:53:57.0 (160116167)|HEAP_ALLOCATE|[8]|Bytes:4
12:53:57.0 (160131680)|VARIABLE_SCOPE_BEGIN|[8]|listNifs|List<String>|true|false
12:53:57.0 (160160342)|HEAP_ALLOCATE|[EXTERNAL]|Bytes:4
12:53:57.0 (160168351)|VARIABLE_ASSIGNMENT|[8]|listNifs|[]|0x28a878fc
12:53:57.0 (160194580)|HEAP_ALLOCATE|[10]|Bytes:5
12:53:57.0 (160206368)|HEAP_ALLOCATE|[10]|Bytes:4
12:53:57.0 (160212581)|VARIABLE_SCOPE_BEGIN|[10]|inPasajero|Pasajero__c|true|false
12:53:57.0 (160290706)|VARIABLE_ASSIGNMENT|[10]|inPasajero|{"IsDeleted":false,"Edad__c":59,"Nif__c":"123456781","Reserva__c":"a001r00000oUIirAAG","Name":"Pasajero0"}|0x619119fe
12:53:57.0 (160298177)|STATEMENT_EXECUTE|[10]
12:53:57.0 (160300102)|STATEMENT_EXECUTE|[11]
12:53:57.0 (160328005)|HEAP_ALLOCATE|[EXTERNAL]|Bytes:4
12:53:57.0 (160342662)|HEAP_ALLOCATE|[10]|Bytes:5
12:53:57.0 (160352555)|VARIABLE_ASSIGNMENT|[10]|inPasajero|null|
12:53:57.0 (160357708)|STATEMENT_EXECUTE|[15]
12:53:57.0 (160360867)|HEAP_ALLOCATE|[15]|Bytes:61
12:53:57.0 (160373914)|HEAP_ALLOCATE|[15]|Bytes:4
12:53:57.0 (160550808)|SOQL_EXECUTE_BEGIN|[15]|Aggregations:0|SELECT Id, Name, Nif__c FROM Contact WHERE Nif__c IN :tmpVar1
12:53:57.0 (163822617)|SOQL_EXECUTE_END|[15]|Rows:0
12:53:57.0 (163845299)|HEAP_ALLOCATE|[15]|Bytes:4
12:53:57.0 (163854606)|HEAP_ALLOCATE|[15]|Bytes:0
12:53:57.0 (163881134)|HEAP_ALLOCATE|[15]|Bytes:4
12:53:57.0 (163890852)|VARIABLE_SCOPE_BEGIN|[15]|listContactos|List<Contact>|true|false
12:53:57.0 (163904707)|VARIABLE_ASSIGNMENT|[15]|listContactos|[]|0x1deba7c
12:53:57.0 (163912095)|STATEMENT_EXECUTE|[17]
12:53:57.0 (163925681)|HEAP_ALLOCATE|[17]|Bytes:4
12:53:57.0 (163936487)|VARIABLE_SCOPE_BEGIN|[17]|mapContactos|Map<String,Contact>|true|false
12:53:57.0 (163951193)|VARIABLE_ASSIGNMENT|[17]|mapContactos|{}|0x4d10398b
12:53:57.0 (163996811)|HEAP_ALLOCATE|[19]|Bytes:5
12:53:57.0 (164009751)|VARIABLE_ASSIGNMENT|[19]|inContact|null|
12:53:57.0 (164016329)|STATEMENT_EXECUTE|[19]
12:53:57.0 (164037358)|HEAP_ALLOCATE|[24]|Bytes:5
12:53:57.0 (164048654)|HEAP_ALLOCATE|[24]|Bytes:4
12:53:57.0 (164054553)|VARIABLE_SCOPE_BEGIN|[24]|inPasajero|Pasajero__c|true|false
12:53:57.0 (164149208)|VARIABLE_ASSIGNMENT|[24]|inPasajero|{"IsDeleted":false,"Edad__c":59,"Nif__c":"123456781","Reserva__c":"a001r00000oUIirAAG","Name":"Pasajero0"}|0x619119fe
12:53:57.0 (164158695)|STATEMENT_EXECUTE|[24]
12:53:57.0 (164193485)|STATEMENT_EXECUTE|[25]
12:53:57.0 (164202813)|HEAP_ALLOCATE|[24]|Bytes:5
12:53:57.0 (164213841)|VARIABLE_ASSIGNMENT|[24]|inPasajero|null|
12:53:57.0 (164221392)|SYSTEM_MODE_EXIT|false
12:53:57.0 (164230938)|METHOD_EXIT|[10]|01p1r000008Zry1|PasajeroMethods.RellenarContacto(List<Pasajero__c>)
12:53:57.164 (164242796)|CUMULATIVE_LIMIT_USAGE
12:53:57.164 (164242796)|LIMIT_USAGE_FOR_NS|(default)|
  Number of SOQL queries: 4 out of 100
  Number of query rows: 1 out of 50000
  Number of SOSL queries: 0 out of 20
  Number of DML statements: 4 out of 150
  Number of DML rows: 4 out of 10000
  Maximum CPU time: 0 out of 10000
  Maximum heap size: 0 out of 6000000
  Number of callouts: 0 out of 100
  Number of Email Invocations: 0 out of 10
  Number of future calls: 0 out of 50
  Number of queueable jobs added to the queue: 0 out of 50
  Number of Mobile Apex push calls: 0 out of 10

12:53:57.164 (164242796)|CUMULATIVE_LIMIT_USAGE_END

12:53:57.0 (165358373)|CODE_UNIT_FINISHED|PasajeroTrigger on Pasajero trigger event BeforeInsert
12:53:57.0 (166271827)|DML_END|[33]
12:53:57.0 (166347819)|EXCEPTION_THROWN|[33]|System.DmlException: Insert failed. First exception on row 0; first error: FIELD_CUSTOM_VALIDATION_EXCEPTION, Error en la letra Nif: []
12:53:57.0 (166639522)|HEAP_ALLOCATE|[33]|Bytes:118
12:53:57.0 (166674421)|VARIABLE_SCOPE_BEGIN|[35]|e|Exception|true|false
12:53:57.0 (166775508)|VARIABLE_ASSIGNMENT|[35]|e|"common.apex.runtime.impl.DmlExecutionException: Insert failed. First exception on row 0; first error: FIELD_CUSTOM_VALIDATION_EXCEPTION, Error en la letra Nif: []"|0x5a8e59d0
12:53:57.0 (166786587)|STATEMENT_EXECUTE|[35]
12:53:57.0 (166789037)|STATEMENT_EXECUTE|[36]
12:53:57.0 (166823870)|HEAP_ALLOCATE|[36]|Bytes:114
12:53:57.0 (166871304)|STATEMENT_EXECUTE|[37]
12:53:57.0 (166875209)|HEAP_ALLOCATE|[37]|Bytes:1
12:53:57.0 (166894981)|USER_DEBUG|[37]|DEBUG|1
12:53:57.0 (166904828)|STATEMENT_EXECUTE|[40]
12:53:57.0 (166906893)|STATEMENT_EXECUTE|[40]
12:53:57.0 (166908632)|STATEMENT_EXECUTE|[42]
12:53:57.0 (166931587)|HEAP_ALLOCATE|[42]|Bytes:4
12:53:57.0 (166970404)|VARIABLE_ASSIGNMENT|[42]|this.Name|"Pasajero0"|0x378e529d
12:53:57.0 (167007060)|VARIABLE_ASSIGNMENT|[42]|this.Reserva__c|"a001r00000oUIirAAG"|0x378e529d
12:53:57.0 (167015201)|HEAP_ALLOCATE|[44]|Bytes:9
12:53:57.0 (167028336)|VARIABLE_ASSIGNMENT|[42]|this.Nif__c|"1234567BB"|0x378e529d
12:53:57.0 (167044391)|HEAP_ALLOCATE|[42]|Bytes:28
12:53:57.0 (167063339)|VARIABLE_ASSIGNMENT|[42]|this.Edad__c|59|0x378e529d
12:53:57.0 (167088815)|VARIABLE_SCOPE_BEGIN|[42]|oPasajero|Pasajero__c|true|false
12:53:57.0 (167104134)|VARIABLE_ASSIGNMENT|[42]|oPasajero|{"Name":"Pasajero0","Reserva__c":"a001r00000oUIirAAG","Nif__c":"1234567BB","Edad__c":59}|0x378e529d
12:53:57.0 (167110141)|STATEMENT_EXECUTE|[46]
12:53:57.0 (167125758)|HEAP_ALLOCATE|[46]|Bytes:8
12:53:57.0 (167143485)|DML_BEGIN|[46]|Op:Insert|Type:Pasajero__c|Rows:1
12:53:57.0 (167172261)|HEAP_ALLOCATE|[EXTERNAL]|Bytes:8
12:53:57.0 (169539827)|CODE_UNIT_STARTED|[EXTERNAL]|01q1r000000j3dJ|PasajeroTrigger on Pasajero trigger event BeforeInsert
12:53:57.0 (169572539)|HEAP_ALLOCATE|[EXTERNAL]|Bytes:8
12:53:57.0 (169611485)|HEAP_ALLOCATE|[EXTERNAL]|Bytes:8
12:53:57.0 (169619942)|VARIABLE_SCOPE_BEGIN|[1]|this|PasajeroTrigger|true|false
12:53:57.0 (169646628)|VARIABLE_ASSIGNMENT|[1]|this|{}|0x3fde81d5
12:53:57.0 (169681500)|HEAP_ALLOCATE|[EXTERNAL]|Bytes:8
12:53:57.0 (169687993)|VARIABLE_SCOPE_BEGIN|[1]|this|PasajeroTrigger|true|false
12:53:57.0 (169698778)|VARIABLE_ASSIGNMENT|[1]|this|{}|0x3fde81d5
12:53:57.0 (169706648)|STATEMENT_EXECUTE|[1]
12:53:57.0 (169708849)|STATEMENT_EXECUTE|[4]
12:53:57.0 (169855847)|VARIABLE_ASSIGNMENT|[4]|this.listNew|[{"IsDeleted":false,"Edad__c":59,"Nif__c":"1234567BB","Reserva__c":"a001r00000oUIirAAG","Name":"Pasajero0"}]|0x3fde81d5
12:53:57.0 (169869318)|STATEMENT_EXECUTE|[7]
12:53:57.0 (169874520)|STATEMENT_EXECUTE|[8]
12:53:57.0 (169876964)|STATEMENT_EXECUTE|[9]
12:53:57.0 (169888676)|METHOD_ENTRY|[9]|01p1r000008Zry1|PasajeroMethods.ValidarNif(List<Pasajero__c>)
12:53:57.0 (169897843)|VARIABLE_SCOPE_BEGIN|[32]|listNew|List<Pasajero__c>|true|false
12:53:57.0 (170058070)|VARIABLE_ASSIGNMENT|[32]|listNew|[{"IsDeleted":false,"Edad__c":59,"Nif__c":"1234567BB","Reserva__c":"a001r00000oUIirAAG","Name":"Pasajero0"}]|0x6b3fa722
12:53:57.0 (170428472)|SYSTEM_MODE_ENTER|false
12:53:57.0 (170439691)|HEAP_ALLOCATE|[34]|Bytes:5
12:53:57.0 (170446781)|STATEMENT_EXECUTE|[32]
12:53:57.0 (170464468)|STATEMENT_EXECUTE|[34]
12:53:57.0 (170466454)|STATEMENT_EXECUTE|[37]
12:53:57.0 (170479325)|HEAP_ALLOCATE|[37]|Bytes:4
12:53:57.0 (170573800)|SOQL_EXECUTE_BEGIN|[37]|Aggregations:0|SELECT Nif__c FROM Pasajero__c
12:53:57.0 (171582660)|SOQL_EXECUTE_END|[37]|Rows:0
12:53:57.0 (171603976)|HEAP_ALLOCATE|[37]|Bytes:4
12:53:57.0 (171613737)|HEAP_ALLOCATE|[37]|Bytes:0
12:53:57.0 (171641090)|HEAP_ALLOCATE|[37]|Bytes:4
12:53:57.0 (171650299)|VARIABLE_SCOPE_BEGIN|[37]|listPasajero|List<Pasajero__c>|true|false
12:53:57.0 (171663960)|VARIABLE_ASSIGNMENT|[37]|listPasajero|[]|0x311d2151
12:53:57.0 (171671607)|STATEMENT_EXECUTE|[39]
12:53:57.0 (171682277)|HEAP_ALLOCATE|[39]|Bytes:4
12:53:57.0 (171696213)|VARIABLE_SCOPE_BEGIN|[39]|listPasajeroNif|List<String>|true|false
12:53:57.0 (171717217)|HEAP_ALLOCATE|[EXTERNAL]|Bytes:4
12:53:57.0 (171725705)|VARIABLE_ASSIGNMENT|[39]|listPasajeroNif|[]|0x6054147b
12:53:57.0 (171751740)|HEAP_ALLOCATE|[41]|Bytes:5
12:53:57.0 (171764577)|VARIABLE_ASSIGNMENT|[41]|inPasajero|null|
12:53:57.0 (171770181)|STATEMENT_EXECUTE|[41]
12:53:57.0 (171782242)|HEAP_ALLOCATE|[46]|Bytes:5
12:53:57.0 (171794709)|HEAP_ALLOCATE|[46]|Bytes:4
12:53:57.0 (171800622)|VARIABLE_SCOPE_BEGIN|[46]|inPasajero|Pasajero__c|true|false
12:53:57.0 (171894383)|VARIABLE_ASSIGNMENT|[46]|inPasajero|{"IsDeleted":false,"Edad__c":59,"Nif__c":"1234567BB","Reserva__c":"a001r00000oUIirAAG","Name":"Pasajero0"}|0x1ca0e494
12:53:57.0 (171902666)|STATEMENT_EXECUTE|[46]
12:53:57.0 (171905216)|STATEMENT_EXECUTE|[48]
12:53:57.0 (171931156)|HEAP_ALLOCATE|[48]|Bytes:8
12:53:57.0 (171941683)|VARIABLE_SCOPE_BEGIN|[48]|numerosNif|String|false|false
12:53:57.0 (171950935)|VARIABLE_ASSIGNMENT|[48]|numerosNif|"1234567B"
12:53:57.0 (171955300)|STATEMENT_EXECUTE|[50]
12:53:57.0 (171965568)|HEAP_ALLOCATE|[50]|Bytes:1
12:53:57.0 (171973076)|VARIABLE_SCOPE_BEGIN|[50]|letraNif|String|false|false
12:53:57.0 (171986365)|VARIABLE_ASSIGNMENT|[50]|letraNif|"B"
12:53:57.0 (172004223)|STATEMENT_EXECUTE|[52]
12:53:57.0 (172006957)|STATEMENT_EXECUTE|[53]
12:53:57.0 (172010568)|HEAP_ALLOCATE|[53]|Bytes:22
12:53:57.0 (172084063)|VF_PAGE_MESSAGE|Error en el número Nif
12:53:57.0 (172122968)|HEAP_ALLOCATE|[46]|Bytes:5
12:53:57.0 (172135048)|VARIABLE_ASSIGNMENT|[46]|inPasajero|null|
12:53:57.0 (172145037)|SYSTEM_MODE_EXIT|false
12:53:57.0 (172155909)|METHOD_EXIT|[9]|01p1r000008Zry1|PasajeroMethods.ValidarNif(List<Pasajero__c>)
12:53:57.0 (172162395)|STATEMENT_EXECUTE|[10]
12:53:57.0 (172172341)|METHOD_ENTRY|[10]|01p1r000008Zry1|PasajeroMethods.RellenarContacto(List<Pasajero__c>)
12:53:57.0 (172180050)|VARIABLE_SCOPE_BEGIN|[3]|listPasajeros|List<Pasajero__c>|true|false
12:53:57.0 (172264716)|VARIABLE_ASSIGNMENT|[3]|listPasajeros|[{"IsDeleted":false,"Edad__c":59,"Nif__c":"1234567BB","Reserva__c":"a001r00000oUIirAAG","Name":"Pasajero0"}]|0x6b3fa722
12:53:57.0 (172291910)|SYSTEM_MODE_ENTER|false
12:53:57.0 (172298961)|HEAP_ALLOCATE|[5]|Bytes:5
12:53:57.0 (172303973)|STATEMENT_EXECUTE|[3]
12:53:57.0 (172492024)|STATEMENT_EXECUTE|[5]
12:53:57.0 (172495707)|STATEMENT_EXECUTE|[8]
12:53:57.0 (172505337)|HEAP_ALLOCATE|[8]|Bytes:4
12:53:57.0 (172518666)|VARIABLE_SCOPE_BEGIN|[8]|listNifs|List<String>|true|false
12:53:57.0 (172538310)|HEAP_ALLOCATE|[EXTERNAL]|Bytes:4
12:53:57.0 (172546656)|VARIABLE_ASSIGNMENT|[8]|listNifs|[]|0x14b224fc
12:53:57.0 (172567068)|HEAP_ALLOCATE|[10]|Bytes:5
12:53:57.0 (172577937)|HEAP_ALLOCATE|[10]|Bytes:4
12:53:57.0 (172584422)|VARIABLE_SCOPE_BEGIN|[10]|inPasajero|Pasajero__c|true|false
12:53:57.0 (172664350)|VARIABLE_ASSIGNMENT|[10]|inPasajero|{"IsDeleted":false,"Edad__c":59,"Nif__c":"1234567BB","Reserva__c":"a001r00000oUIirAAG","Name":"Pasajero0"}|0x1ca0e494
12:53:57.0 (172672614)|STATEMENT_EXECUTE|[10]
12:53:57.0 (172674530)|STATEMENT_EXECUTE|[11]
12:53:57.0 (172688130)|HEAP_ALLOCATE|[EXTERNAL]|Bytes:4
12:53:57.0 (172701211)|HEAP_ALLOCATE|[10]|Bytes:5
12:53:57.0 (172710347)|VARIABLE_ASSIGNMENT|[10]|inPasajero|null|
12:53:57.0 (172715351)|STATEMENT_EXECUTE|[15]
12:53:57.0 (172725918)|HEAP_ALLOCATE|[15]|Bytes:4
12:53:57.0 (172896292)|SOQL_EXECUTE_BEGIN|[15]|Aggregations:0|SELECT Id, Name, Nif__c FROM Contact WHERE Nif__c IN :tmpVar1
12:53:57.0 (176021737)|SOQL_EXECUTE_END|[15]|Rows:0
12:53:57.0 (176045079)|HEAP_ALLOCATE|[15]|Bytes:4
12:53:57.0 (176055198)|HEAP_ALLOCATE|[15]|Bytes:0
12:53:57.0 (176083352)|HEAP_ALLOCATE|[15]|Bytes:4
12:53:57.0 (176093540)|VARIABLE_SCOPE_BEGIN|[15]|listContactos|List<Contact>|true|false
12:53:57.0 (176107643)|VARIABLE_ASSIGNMENT|[15]|listContactos|[]|0x56abb764
12:53:57.0 (176116247)|STATEMENT_EXECUTE|[17]
12:53:57.0 (176130652)|HEAP_ALLOCATE|[17]|Bytes:4
12:53:57.0 (176138421)|VARIABLE_SCOPE_BEGIN|[17]|mapContactos|Map<String,Contact>|true|false
12:53:57.0 (176153195)|VARIABLE_ASSIGNMENT|[17]|mapContactos|{}|0xad8340a
12:53:57.0 (176179788)|HEAP_ALLOCATE|[19]|Bytes:5
12:53:57.0 (176191835)|VARIABLE_ASSIGNMENT|[19]|inContact|null|
12:53:57.0 (176197409)|STATEMENT_EXECUTE|[19]
12:53:57.0 (176210752)|HEAP_ALLOCATE|[24]|Bytes:5
12:53:57.0 (176221158)|HEAP_ALLOCATE|[24]|Bytes:4
12:53:57.0 (176226914)|VARIABLE_SCOPE_BEGIN|[24]|inPasajero|Pasajero__c|true|false
12:53:57.0 (176323642)|VARIABLE_ASSIGNMENT|[24]|inPasajero|{"IsDeleted":false,"Edad__c":59,"Nif__c":"1234567BB","Reserva__c":"a001r00000oUIirAAG","Name":"Pasajero0"}|0x1ca0e494
12:53:57.0 (176331459)|STATEMENT_EXECUTE|[24]
12:53:57.0 (176349324)|STATEMENT_EXECUTE|[25]
12:53:57.0 (176357360)|HEAP_ALLOCATE|[24]|Bytes:5
12:53:57.0 (176367063)|VARIABLE_ASSIGNMENT|[24]|inPasajero|null|
12:53:57.0 (176375180)|SYSTEM_MODE_EXIT|false
12:53:57.0 (176386668)|METHOD_EXIT|[10]|01p1r000008Zry1|PasajeroMethods.RellenarContacto(List<Pasajero__c>)
12:53:57.176 (176400770)|CUMULATIVE_LIMIT_USAGE
12:53:57.176 (176400770)|LIMIT_USAGE_FOR_NS|(default)|
  Number of SOQL queries: 4 out of 100
  Number of query rows: 1 out of 50000
  Number of SOSL queries: 0 out of 20
  Number of DML statements: 5 out of 150
  Number of DML rows: 5 out of 10000
  Maximum CPU time: 0 out of 10000
  Maximum heap size: 0 out of 6000000
  Number of callouts: 0 out of 100
  Number of Email Invocations: 0 out of 10
  Number of future calls: 0 out of 50
  Number of queueable jobs added to the queue: 0 out of 50
  Number of Mobile Apex push calls: 0 out of 10

12:53:57.176 (176400770)|CUMULATIVE_LIMIT_USAGE_END

12:53:57.0 (177481235)|CODE_UNIT_FINISHED|PasajeroTrigger on Pasajero trigger event BeforeInsert
12:53:57.0 (178324195)|DML_END|[46]
12:53:57.0 (178398481)|EXCEPTION_THROWN|[46]|System.DmlException: Insert failed. First exception on row 0; first error: FIELD_CUSTOM_VALIDATION_EXCEPTION, Error en el número Nif: []
12:53:57.0 (178658193)|HEAP_ALLOCATE|[46]|Bytes:119
12:53:57.0 (178697614)|VARIABLE_SCOPE_BEGIN|[48]|e|Exception|true|false
12:53:57.0 (178765329)|VARIABLE_ASSIGNMENT|[48]|e|"common.apex.runtime.impl.DmlExecutionException: Insert failed. First exception on row 0; first error: FIELD_CUSTOM_VALIDATION_EXCEPTION, Error en el número Nif: []"|0x2dcc8605
12:53:57.0 (178775073)|STATEMENT_EXECUTE|[48]
12:53:57.0 (178777415)|STATEMENT_EXECUTE|[49]
12:53:57.0 (178815641)|HEAP_ALLOCATE|[49]|Bytes:115
12:53:57.0 (178857446)|STATEMENT_EXECUTE|[50]
12:53:57.0 (178861487)|HEAP_ALLOCATE|[50]|Bytes:1
12:53:57.0 (178879477)|USER_DEBUG|[50]|DEBUG|2
12:53:57.178 (178894792)|CUMULATIVE_LIMIT_USAGE
12:53:57.178 (178894792)|LIMIT_USAGE_FOR_NS|(default)|
  Number of SOQL queries: 2 out of 100
  Number of query rows: 1 out of 50000
  Number of SOSL queries: 0 out of 20
  Number of DML statements: 5 out of 150
  Number of DML rows: 5 out of 10000
  Maximum CPU time: 0 out of 10000
  Maximum heap size: 0 out of 6000000
  Number of callouts: 0 out of 100
  Number of Email Invocations: 0 out of 10
  Number of future calls: 0 out of 50
  Number of queueable jobs added to the queue: 0 out of 50
  Number of Mobile Apex push calls: 0 out of 10

12:53:57.178 (178894792)|CUMULATIVE_LIMIT_USAGE_END

12:53:57.0 (178927940)|CODE_UNIT_FINISHED|PasajeroTest.ValidarNifTest
12:53:57.0 (179670517)|EXECUTION_FINISHED
12:53:57.261 (261234873)|USER_INFO|[EXTERNAL]|0051r000007Oz5Q|lydia.abril@gmail.com|hora estándar de Europa central|GMT+02:00
12:53:57.261 (261254671)|EXECUTION_STARTED
12:53:57.261 (261258460)|CODE_UNIT_STARTED|[EXTERNAL]|DuplicateDetector
12:53:57.261 (261269888)|DUPLICATE_DETECTION_BEGIN
12:53:57.261 (261356733)|DUPLICATE_DETECTION_RULE_INVOCATION|DuplicateRuleId:0Bm1r0000018X89|DuplicateRuleName:Standard Contact Duplicate Rule|DmlType:INSERT
12:53:57.261 (272064343)|DUPLICATE_DETECTION_END
12:53:57.261 (272073367)|CODE_UNIT_FINISHED|DuplicateDetector
12:53:57.261 (272907985)|EXECUTION_FINISHED
12:53:57.274 (274462543)|USER_INFO|[EXTERNAL]|0051r000007Oz5Q|lydia.abril@gmail.com|hora estándar de Europa central|GMT+02:00
12:53:57.274 (274480787)|EXECUTION_STARTED
12:53:57.274 (274484023)|CODE_UNIT_STARTED|[EXTERNAL]|DuplicateDetector
12:53:57.274 (274495428)|DUPLICATE_DETECTION_BEGIN
12:53:57.274 (274550998)|DUPLICATE_DETECTION_RULE_INVOCATION|DuplicateRuleId:0Bm1r0000018X88|DuplicateRuleName:Standard Account Duplicate Rule|DmlType:INSERT
12:53:57.274 (281676811)|DUPLICATE_DETECTION_END
12:53:57.274 (281683039)|CODE_UNIT_FINISHED|DuplicateDetector
12:53:57.274 (282429140)|EXECUTION_FINISHED
