36.0 APEX_CODE,FINEST;APEX_PROFILING,INFO;CALLOUT,INFO;DB,INFO;SYSTEM,DEBUG;VALIDATION,INFO;VISUALFORCE,INFO;WAVE,INFO;WORKFLOW,INFO
13:19:25.0 (343838)|USER_INFO|[EXTERNAL]|0051r000007Oz5Q|lydia.abril@gmail.com|hora estándar de Europa central|GMT+02:00
13:19:25.0 (400078)|EXECUTION_STARTED
13:19:25.0 (405163)|CODE_UNIT_STARTED|[EXTERNAL]|01p1r000009p5xn|TaskTest.testCerrarTarea
13:19:25.0 (666068)|HEAP_ALLOCATE|[72]|Bytes:3
13:19:25.0 (730732)|HEAP_ALLOCATE|[77]|Bytes:152
13:19:25.0 (754591)|HEAP_ALLOCATE|[342]|Bytes:408
13:19:25.0 (780786)|HEAP_ALLOCATE|[355]|Bytes:408
13:19:25.0 (805385)|HEAP_ALLOCATE|[467]|Bytes:48
13:19:25.0 (846177)|HEAP_ALLOCATE|[139]|Bytes:6
13:19:25.0 (867564)|HEAP_ALLOCATE|[EXTERNAL]|Bytes:98
13:19:25.0 (928946)|METHOD_ENTRY|[2]|01p1r000009p5xn|TaskTest.TaskTest()
13:19:25.0 (941445)|STATEMENT_EXECUTE|[2]
13:19:25.0 (948851)|STATEMENT_EXECUTE|[2]
13:19:25.0 (969036)|METHOD_EXIT|[2]|TaskTest
13:19:25.0 (1206676)|HEAP_ALLOCATE|[50]|Bytes:5
13:19:25.0 (1232750)|HEAP_ALLOCATE|[56]|Bytes:5
13:19:25.0 (1242281)|HEAP_ALLOCATE|[64]|Bytes:7
13:19:25.0 (1280460)|STATEMENT_EXECUTE|[4]
13:19:25.0 (1283081)|STATEMENT_EXECUTE|[6]
13:19:25.0 (1323841)|HEAP_ALLOCATE|[6]|Bytes:4
13:19:25.0 (1394533)|HEAP_ALLOCATE|[6]|Bytes:12
13:19:25.0 (1443214)|VARIABLE_ASSIGNMENT|[6]|this.Name|"CuentaParent"|0x7a1f932c
13:19:25.0 (1472099)|VARIABLE_SCOPE_BEGIN|[6]|oAccountParent|Account|true|false
13:19:25.0 (1492449)|VARIABLE_ASSIGNMENT|[6]|oAccountParent|{"Name":"CuentaParent"}|0x7a1f932c
13:19:25.0 (1498506)|STATEMENT_EXECUTE|[7]
13:19:25.0 (1521210)|HEAP_ALLOCATE|[7]|Bytes:8
13:19:25.0 (1528870)|DML_BEGIN|[7]|Op:Insert|Type:Account|Rows:1
13:19:25.0 (1554165)|HEAP_ALLOCATE|[EXTERNAL]|Bytes:8
13:19:25.0 (11400478)|CODE_UNIT_STARTED|[EXTERNAL]|DuplicateDetector
13:19:25.0 (11431852)|DUPLICATE_DETECTION_BEGIN
13:19:25.0 (12319980)|DUPLICATE_DETECTION_RULE_INVOCATION|DuplicateRuleId:0Bm1r0000018X88|DuplicateRuleName:Standard Account Duplicate Rule|DmlType:INSERT
13:19:25.0 (31467596)|DUPLICATE_DETECTION_MATCH_INVOCATION_DETAILS|EntityType:Account|ActionTaken:Allow_[Alert,Report]|DuplicateRecordIds:
13:19:25.0 (31499712)|DUPLICATE_DETECTION_MATCH_INVOCATION_SUMMARY|EntityType:Account|NumRecordsToBeSaved:1|NumRecordsToBeSavedWithDuplicates:0|NumDuplicateRecordsFound:0
13:19:25.0 (31645104)|DUPLICATE_DETECTION_END
13:19:25.0 (31650876)|CODE_UNIT_FINISHED|DuplicateDetector
13:19:25.0 (56480963)|DML_END|[7]
13:19:25.0 (56508675)|STATEMENT_EXECUTE|[9]
13:19:25.0 (56537588)|HEAP_ALLOCATE|[9]|Bytes:4
13:19:25.0 (56562247)|HEAP_ALLOCATE|[9]|Bytes:6
13:19:25.0 (56603235)|VARIABLE_ASSIGNMENT|[9]|this.Name|"Cuenta"|0x55d19a0f
13:19:25.0 (56637861)|VARIABLE_ASSIGNMENT|[9]|this.ParentId|"0011r00001nnbvYAAQ"|0x55d19a0f
13:19:25.0 (56742540)|HEAP_ALLOCATE|[11]|Bytes:4
13:19:25.0 (56818630)|VARIABLE_ASSIGNMENT|[9]|this.Fecha_ltima_actividad_m_s_reciente__c|"2018-01-11T00:00:00.000Z"|0x55d19a0f
13:19:25.0 (56866559)|VARIABLE_SCOPE_BEGIN|[9]|oAccount|Account|true|false
13:19:25.0 (56896814)|VARIABLE_ASSIGNMENT|[9]|oAccount|{"Name":"Cuenta","ParentId":"0011r00001nnbvYAAQ","Fecha_ltima_activida (17 more) ...":"2018-01-11T00:00:00.000Z"}|0x55d19a0f
13:19:25.0 (56905339)|STATEMENT_EXECUTE|[12]
13:19:25.0 (56923708)|HEAP_ALLOCATE|[12]|Bytes:8
13:19:25.0 (56930714)|DML_BEGIN|[12]|Op:Insert|Type:Account|Rows:1
13:19:25.0 (56965324)|HEAP_ALLOCATE|[EXTERNAL]|Bytes:8
13:19:25.0 (60864955)|CODE_UNIT_STARTED|[EXTERNAL]|DuplicateDetector
13:19:25.0 (60888626)|DUPLICATE_DETECTION_BEGIN
13:19:25.0 (60938081)|DUPLICATE_DETECTION_RULE_INVOCATION|DuplicateRuleId:0Bm1r0000018X88|DuplicateRuleName:Standard Account Duplicate Rule|DmlType:INSERT
13:19:25.0 (70241194)|DUPLICATE_DETECTION_MATCH_INVOCATION_DETAILS|EntityType:Account|ActionTaken:Allow_[Alert,Report]|DuplicateRecordIds:
13:19:25.0 (70260623)|DUPLICATE_DETECTION_MATCH_INVOCATION_SUMMARY|EntityType:Account|NumRecordsToBeSaved:1|NumRecordsToBeSavedWithDuplicates:0|NumDuplicateRecordsFound:0
13:19:25.0 (70348248)|DUPLICATE_DETECTION_END
13:19:25.0 (70353515)|CODE_UNIT_FINISHED|DuplicateDetector
13:19:25.0 (81369850)|DML_END|[12]
13:19:25.0 (81390666)|STATEMENT_EXECUTE|[14]
13:19:25.0 (81434013)|HEAP_ALLOCATE|[14]|Bytes:4
13:19:25.0 (81507333)|HEAP_ALLOCATE|[14]|Bytes:11
13:19:25.0 (81544768)|VARIABLE_ASSIGNMENT|[14]|this.Name|"Oportunidad"|0x502e42ea
13:19:25.0 (81613506)|HEAP_ALLOCATE|[15]|Bytes:4
13:19:25.0 (81658665)|VARIABLE_ASSIGNMENT|[14]|this.CloseDate|"2020-01-11T00:00:00.000Z"|0x502e42ea
13:19:25.0 (81666508)|HEAP_ALLOCATE|[16]|Bytes:11
13:19:25.0 (81681275)|VARIABLE_ASSIGNMENT|[14]|this.StageName|"Prospecting"|0x502e42ea
13:19:25.0 (81711953)|VARIABLE_ASSIGNMENT|[14]|this.AccountId|"0011r00001nnbvZAAQ"|0x502e42ea
13:19:25.0 (81741270)|VARIABLE_SCOPE_BEGIN|[14]|oOpportunity|Opportunity|true|false
13:19:25.0 (81767553)|VARIABLE_ASSIGNMENT|[14]|oOpportunity|{"Name":"Oportunidad","CloseDate":"2020-01-11T00:00:00.000Z","StageName":"Prospecting","AccountId":"0011r00001nnbvZAAQ"}|0x502e42ea
13:19:25.0 (81774973)|STATEMENT_EXECUTE|[18]
13:19:25.0 (81791195)|HEAP_ALLOCATE|[18]|Bytes:8
13:19:25.0 (81797719)|DML_BEGIN|[18]|Op:Insert|Type:Opportunity|Rows:1
13:19:25.0 (81832283)|HEAP_ALLOCATE|[EXTERNAL]|Bytes:8
13:19:25.0 (143472318)|CODE_UNIT_STARTED|[EXTERNAL]|01q1r000000Bcgl|ClosedOpportunityTrigger on Opportunity trigger event AfterInsert
13:19:25.0 (143513590)|HEAP_ALLOCATE|[EXTERNAL]|Bytes:8
13:19:25.0 (143759066)|HEAP_ALLOCATE|[EXTERNAL]|Bytes:8
13:19:25.0 (143775245)|VARIABLE_SCOPE_BEGIN|[1]|this|ClosedOpportunityTrigger|true|false
13:19:25.0 (143862750)|VARIABLE_ASSIGNMENT|[1]|this|{}|0x3848c869
13:19:25.0 (143925919)|HEAP_ALLOCATE|[EXTERNAL]|Bytes:8
13:19:25.0 (143935813)|VARIABLE_SCOPE_BEGIN|[1]|this|ClosedOpportunityTrigger|true|false
13:19:25.0 (143949639)|VARIABLE_ASSIGNMENT|[1]|this|{}|0x3848c869
13:19:25.0 (143958455)|STATEMENT_EXECUTE|[1]
13:19:25.0 (143961466)|STATEMENT_EXECUTE|[3]
13:19:25.0 (144007345)|HEAP_ALLOCATE|[3]|Bytes:4
13:19:25.0 (144095928)|HEAP_ALLOCATE|[EXTERNAL]|Bytes:4
13:19:25.0 (144109852)|VARIABLE_ASSIGNMENT|[3]|this.taskList|[]|0x3848c869
13:19:25.0 (144119827)|HEAP_ALLOCATE|[5]|Bytes:89
13:19:25.0 (144136270)|HEAP_ALLOCATE|[5]|Bytes:4
13:19:25.0 (144145199)|HEAP_ALLOCATE|[5]|Bytes:7
13:19:25.0 (144483088)|SOQL_EXECUTE_BEGIN|[5]|Aggregations:0|SELECT Id, StageName FROM Opportunity 
13:19:25.0 (150282793)|SOQL_EXECUTE_END|[5]|Rows:0
13:19:25.0 (150438280)|HEAP_ALLOCATE|[5]|Bytes:54
13:19:25.0 (150447851)|HEAP_ALLOCATE|[5]|Bytes:8
13:19:25.0 (150472058)|SYSTEM_METHOD_ENTRY|[7]|QueryLocatorIterator.QueryLocatorIterator()
13:19:25.0 (150478265)|STATEMENT_EXECUTE|[7]
13:19:25.0 (150487273)|SYSTEM_METHOD_EXIT|[7]|QueryLocatorIterator
13:19:25.0 (150495673)|HEAP_ALLOCATE|[5]|Bytes:28
13:19:25.0 (150509566)|HEAP_ALLOCATE|[5]|Bytes:8
13:19:25.0 (150513844)|HEAP_ALLOCATE|[5]|Bytes:8
13:19:25.0 (150518985)|VARIABLE_SCOPE_BEGIN|[15]|this|Database.QueryLocatorIterator|true|false
13:19:25.0 (150554803)|VARIABLE_ASSIGNMENT|[15]|this|{}|0x13be09f8
13:19:25.0 (150561883)|VARIABLE_SCOPE_BEGIN|[15]|values|List<SObject>|true|false
13:19:25.0 (150570233)|VARIABLE_ASSIGNMENT|[15]|values|null|
13:19:25.0 (150574096)|VARIABLE_SCOPE_BEGIN|[15]|ql|Database.QueryLocator|true|false
13:19:25.0 (150595883)|VARIABLE_ASSIGNMENT|[15]|ql|{"query":"SELECT Id, StageName (69 more) ..."}|0x5c99ade8
13:19:25.0 (150601579)|VARIABLE_SCOPE_BEGIN|[15]|totalNumRecords|Integer|false|false
13:19:25.0 (150609665)|VARIABLE_ASSIGNMENT|[15]|totalNumRecords|0
13:19:25.0 (150613711)|VARIABLE_SCOPE_BEGIN|[15]|queryMoreSize|Integer|false|false
13:19:25.0 (150619982)|VARIABLE_ASSIGNMENT|[15]|queryMoreSize|50000
13:19:25.0 (150711699)|HEAP_ALLOCATE|[5]|Bytes:28
13:19:25.0 (150731555)|METHOD_ENTRY|[5]||Database.QueryLocatorIterator.hasNext()
13:19:25.0 (150765636)|METHOD_EXIT|[5]||Database.QueryLocatorIterator.hasNext()
13:19:25.0 (150775909)|VARIABLE_ASSIGNMENT|[5]|opp|null|
13:19:25.0 (150782172)|STATEMENT_EXECUTE|[5]
13:19:25.0 (150824193)|STATEMENT_EXECUTE|[12]
13:19:25.150 (150829562)|CUMULATIVE_LIMIT_USAGE
13:19:25.150 (150829562)|LIMIT_USAGE_FOR_NS|(default)|
  Number of SOQL queries: 1 out of 100
  Number of query rows: 0 out of 50000
  Number of SOSL queries: 0 out of 20
  Number of DML statements: 3 out of 150
  Number of DML rows: 3 out of 10000
  Maximum CPU time: 0 out of 10000
  Maximum heap size: 0 out of 6000000
  Number of callouts: 0 out of 100
  Number of Email Invocations: 0 out of 10
  Number of future calls: 0 out of 50
  Number of queueable jobs added to the queue: 0 out of 50
  Number of Mobile Apex push calls: 0 out of 10

13:19:25.150 (150829562)|CUMULATIVE_LIMIT_USAGE_END

13:19:25.0 (151954130)|CODE_UNIT_FINISHED|ClosedOpportunityTrigger on Opportunity trigger event AfterInsert
13:19:25.0 (153031176)|DML_END|[18]
13:19:25.0 (153053506)|STATEMENT_EXECUTE|[20]
13:19:25.0 (153073688)|HEAP_ALLOCATE|[20]|Bytes:4
13:19:25.0 (153100235)|VARIABLE_SCOPE_BEGIN|[20]|listTask|List<Task>|true|false
13:19:25.0 (153110917)|HEAP_ALLOCATE|[EXTERNAL]|Bytes:4
13:19:25.0 (153121806)|VARIABLE_ASSIGNMENT|[20]|listTask|[]|0x51f4554d
13:19:25.0 (153127815)|STATEMENT_EXECUTE|[22]
13:19:25.0 (153143574)|HEAP_ALLOCATE|[22]|Bytes:4
13:19:25.0 (153211877)|HEAP_ALLOCATE|[22]|Bytes:4
13:19:25.0 (153253754)|VARIABLE_ASSIGNMENT|[22]|this.Subject|"Task"|0x32667742
13:19:25.0 (153261711)|HEAP_ALLOCATE|[23]|Bytes:6
13:19:25.0 (153281877)|VARIABLE_ASSIGNMENT|[22]|this.Priority|"Normal"|0x32667742
13:19:25.0 (153288693)|HEAP_ALLOCATE|[24]|Bytes:11
13:19:25.0 (153301476)|VARIABLE_ASSIGNMENT|[22]|this.Status|"Not Started"|0x32667742
13:19:25.0 (153335667)|VARIABLE_ASSIGNMENT|[22]|this.WhatId|"0011r00001nnbvZAAQ"|0x32667742
13:19:25.0 (153388430)|HEAP_ALLOCATE|[26]|Bytes:4
13:19:25.0 (153436658)|VARIABLE_ASSIGNMENT|[22]|this.ActivityDate|"2020-01-11T00:00:00.000Z"|0x32667742
13:19:25.0 (153463562)|VARIABLE_SCOPE_BEGIN|[22]|oTask|Task|true|false
13:19:25.0 (153486114)|VARIABLE_ASSIGNMENT|[22]|oTask|{"Subject":"Task","Priority":"Normal","Status":"Not Started","WhatId":"0011r00001nnbvZAAQ","ActivityDate":"2020-01-11T00:00:00.000Z"}|0x32667742
13:19:25.0 (153493632)|STATEMENT_EXECUTE|[28]
13:19:25.0 (153523285)|HEAP_ALLOCATE|[EXTERNAL]|Bytes:4
13:19:25.0 (153533001)|STATEMENT_EXECUTE|[30]
13:19:25.0 (153552683)|HEAP_ALLOCATE|[30]|Bytes:4
13:19:25.0 (153574753)|VARIABLE_ASSIGNMENT|[30]|this.Subject|"Task"|0xda2adcc
13:19:25.0 (153588349)|VARIABLE_ASSIGNMENT|[30]|this.Priority|"Normal"|0xda2adcc
13:19:25.0 (153600489)|VARIABLE_ASSIGNMENT|[30]|this.Status|"Not Started"|0xda2adcc
13:19:25.0 (153625984)|VARIABLE_ASSIGNMENT|[30]|this.WhatId|"0061r00000vk6jdAAA"|0xda2adcc
13:19:25.0 (153660627)|HEAP_ALLOCATE|[34]|Bytes:4
13:19:25.0 (153688165)|VARIABLE_ASSIGNMENT|[30]|this.ActivityDate|"2020-01-11T00:00:00.000Z"|0xda2adcc
13:19:25.0 (153705355)|VARIABLE_SCOPE_BEGIN|[30]|oTask2|Task|true|false
13:19:25.0 (153722561)|VARIABLE_ASSIGNMENT|[30]|oTask2|{"Subject":"Task","Priority":"Normal","Status":"Not Started","WhatId":"0061r00000vk6jdAAA","ActivityDate":"2020-01-11T00:00:00.000Z"}|0xda2adcc
13:19:25.0 (153728917)|STATEMENT_EXECUTE|[36]
13:19:25.0 (153753782)|HEAP_ALLOCATE|[EXTERNAL]|Bytes:4
13:19:25.0 (153762128)|STATEMENT_EXECUTE|[38]
13:19:25.0 (153795776)|DML_BEGIN|[38]|Op:Insert|Type:Task|Rows:2
13:19:25.0 (153828202)|HEAP_ALLOCATE|[EXTERNAL]|Bytes:12
13:19:25.0 (175803539)|DML_END|[38]
13:19:25.0 (175861848)|HEAP_ALLOCATE|[EXTERNAL]|Bytes:12
13:19:25.0 (175879358)|STATEMENT_EXECUTE|[40]
13:19:25.0 (176112193)|USER_DEBUG|[40]|DEBUG|Task:{Subject=Task, Priority=Normal, Status=Not Started, WhatId=0011r00001nnbvZAAQ, ActivityDate=2020-01-11 00:00:00, Id=00T1r00004C4ne4EAB}
13:19:25.0 (176129184)|STATEMENT_EXECUTE|[42]
13:19:25.0 (176170296)|USER_DEBUG|[42]|DEBUG|Task:{Subject=Task, Priority=Normal, Status=Not Started, WhatId=0061r00000vk6jdAAA, ActivityDate=2020-01-11 00:00:00, Id=00T1r00004C4ne5EAB}
13:19:25.0 (176299515)|HEAP_ALLOCATE|[44]|Bytes:5
13:19:25.0 (176331331)|HEAP_ALLOCATE|[44]|Bytes:28
13:19:25.0 (176341876)|VARIABLE_SCOPE_BEGIN|[44]|inTask|Task|true|false
13:19:25.0 (176382196)|VARIABLE_ASSIGNMENT|[44]|inTask|{"Subject":"Task","Priority":"Normal","Status":"Not Started","WhatId":"0011r00001nnbvZAAQ","ActivityDate":"2020-01-11T00:00:00.000Z","Id":"00T1r00004C4ne4EAB"}|0x32667742
13:19:25.0 (176391569)|STATEMENT_EXECUTE|[44]
13:19:25.0 (176393530)|STATEMENT_EXECUTE|[45]
13:19:25.0 (176397845)|HEAP_ALLOCATE|[45]|Bytes:9
13:19:25.0 (176448474)|VARIABLE_ASSIGNMENT|[45]|this.Status|"Completed"|0x32667742
13:19:25.0 (176464317)|HEAP_ALLOCATE|[44]|Bytes:5
13:19:25.0 (176474439)|HEAP_ALLOCATE|[44]|Bytes:28
13:19:25.0 (176481292)|VARIABLE_SCOPE_BEGIN|[44]|inTask|Task|true|false
13:19:25.0 (176499838)|VARIABLE_ASSIGNMENT|[44]|inTask|{"Subject":"Task","Priority":"Normal","Status":"Not Started","WhatId":"0061r00000vk6jdAAA","ActivityDate":"2020-01-11T00:00:00.000Z","Id":"00T1r00004C4ne5EAB"}|0xda2adcc
13:19:25.0 (176507054)|STATEMENT_EXECUTE|[44]
13:19:25.0 (176508980)|STATEMENT_EXECUTE|[45]
13:19:25.0 (176529254)|VARIABLE_ASSIGNMENT|[45]|this.Status|"Completed"|0xda2adcc
13:19:25.0 (176542110)|HEAP_ALLOCATE|[44]|Bytes:5
13:19:25.0 (176553538)|VARIABLE_ASSIGNMENT|[44]|inTask|null|
13:19:25.0 (176559503)|STATEMENT_EXECUTE|[48]
13:19:25.0 (176598831)|USER_DEBUG|[48]|DEBUG|Task:{Subject=Task, Priority=Normal, Status=Completed, WhatId=0011r00001nnbvZAAQ, ActivityDate=2020-01-11 00:00:00, Id=00T1r00004C4ne4EAB}
13:19:25.0 (176610433)|STATEMENT_EXECUTE|[50]
13:19:25.0 (176641856)|USER_DEBUG|[50]|DEBUG|Task:{Subject=Task, Priority=Normal, Status=Completed, WhatId=0061r00000vk6jdAAA, ActivityDate=2020-01-11 00:00:00, Id=00T1r00004C4ne5EAB}
13:19:25.0 (176650566)|STATEMENT_EXECUTE|[52]
13:19:25.0 (176704745)|USER_DEBUG|[52]|DEBUG|(Task:{Subject=Task, Priority=Normal, Status=Completed, WhatId=0011r00001nnbvZAAQ, ActivityDate=2020-01-11 00:00:00, Id=00T1r00004C4ne4EAB}, Task:{Subject=Task, Priority=Normal, Status=Completed, WhatId=0061r00000vk6jdAAA, ActivityDate=2020-01-11 00:00:00, Id=00T1r00004C4ne5EAB})
13:19:25.0 (176717500)|STATEMENT_EXECUTE|[56]
13:19:25.0 (176721507)|HEAP_ALLOCATE|[56]|Bytes:81
13:19:25.0 (176737249)|HEAP_ALLOCATE|[56]|Bytes:4
13:19:25.0 (176971848)|SOQL_EXECUTE_BEGIN|[56]|Aggregations:0|SELECT Id, Fecha_ltima_actividad_m_s_reciente__c FROM Account WHERE Id = :tmpVar1
13:19:25.0 (191731891)|SOQL_EXECUTE_END|[56]|Rows:1
13:19:25.0 (191759048)|HEAP_ALLOCATE|[56]|Bytes:8
13:19:25.0 (191775659)|HEAP_ALLOCATE|[56]|Bytes:74
13:19:25.0 (191817012)|HEAP_ALLOCATE|[56]|Bytes:8
13:19:25.0 (191829787)|VARIABLE_SCOPE_BEGIN|[56]|listAccountCheck|List<Account>|true|false
13:19:25.0 (191863351)|VARIABLE_ASSIGNMENT|[56]|listAccountCheck|[{"Id":"0011r00001nnbvZAAQ","Fecha_ltima_activida (17 more) ...":"2018-01-11T00:00:00.000Z"}]|0x7e0748d2
13:19:25.0 (191871685)|STATEMENT_EXECUTE|[58]
13:19:25.0 (191929301)|HEAP_ALLOCATE|[58]|Bytes:12
13:19:25.0 (191975195)|HEAP_ALLOCATE|[58]|Bytes:28
13:19:25.0 (192220335)|EXCEPTION_THROWN|[58]|System.AssertException: Assertion Failed: Expected: 2018-01-11 00:00:00, Actual: 2020-01-11 00:00:00
13:19:25.0 (192318700)|HEAP_ALLOCATE|[58]|Bytes:80
13:19:25.0 (192396683)|FATAL_ERROR|System.AssertException: Assertion Failed: Expected: 2018-01-11 00:00:00, Actual: 2020-01-11 00:00:00

Class.TaskTest.testCerrarTarea: line 58, column 1
13:19:25.0 (192412259)|FATAL_ERROR|System.AssertException: Assertion Failed: Expected: 2018-01-11 00:00:00, Actual: 2020-01-11 00:00:00

Class.TaskTest.testCerrarTarea: line 58, column 1
13:19:25.192 (192418890)|CUMULATIVE_LIMIT_USAGE
13:19:25.192 (192418890)|LIMIT_USAGE_FOR_NS|(default)|
  Number of SOQL queries: 2 out of 100
  Number of query rows: 1 out of 50000
  Number of SOSL queries: 0 out of 20
  Number of DML statements: 4 out of 150
  Number of DML rows: 5 out of 10000
  Maximum CPU time: 0 out of 10000
  Maximum heap size: 0 out of 6000000
  Number of callouts: 0 out of 100
  Number of Email Invocations: 0 out of 10
  Number of future calls: 0 out of 50
  Number of queueable jobs added to the queue: 0 out of 50
  Number of Mobile Apex push calls: 0 out of 10

13:19:25.192 (192418890)|CUMULATIVE_LIMIT_USAGE_END

13:19:25.0 (192449145)|CODE_UNIT_FINISHED|TaskTest.testCerrarTarea
13:19:25.0 (193313481)|EXECUTION_FINISHED
13:19:25.339 (339608199)|USER_INFO|[EXTERNAL]|0051r000007Oz5Q|lydia.abril@gmail.com|hora estándar de Europa central|GMT+02:00
13:19:25.339 (339640832)|EXECUTION_STARTED
13:19:25.339 (339646372)|CODE_UNIT_STARTED|[EXTERNAL]|DuplicateDetector
13:19:25.339 (339664093)|DUPLICATE_DETECTION_BEGIN
13:19:25.339 (339730586)|DUPLICATE_DETECTION_RULE_INVOCATION|DuplicateRuleId:0Bm1r0000018X88|DuplicateRuleName:Standard Account Duplicate Rule|DmlType:INSERT
13:19:25.339 (348881122)|DUPLICATE_DETECTION_END
13:19:25.339 (348891746)|CODE_UNIT_FINISHED|DuplicateDetector
13:19:25.339 (349698443)|EXECUTION_FINISHED
