36.0 APEX_CODE,FINEST;APEX_PROFILING,INFO;CALLOUT,INFO;DB,INFO;SYSTEM,DEBUG;VALIDATION,INFO;VISUALFORCE,INFO;WAVE,INFO;WORKFLOW,INFO
10:49:03.0 (388623)|USER_INFO|[EXTERNAL]|0051r000007Oz5Q|lydia.abril@gmail.com|hora estándar de Europa central|GMT+02:00
10:49:03.0 (439619)|EXECUTION_STARTED
10:49:03.0 (445485)|CODE_UNIT_STARTED|[EXTERNAL]|TRIGGERS
10:49:03.0 (1210829)|CODE_UNIT_STARTED|[EXTERNAL]|01q1r000000j3dJ|PasajeroTrigger on Pasajero trigger event BeforeInsert
10:49:03.0 (1265904)|HEAP_ALLOCATE|[EXTERNAL]|Bytes:8
10:49:03.0 (1735340)|HEAP_ALLOCATE|[72]|Bytes:3
10:49:03.0 (1789099)|HEAP_ALLOCATE|[77]|Bytes:152
10:49:03.0 (1810330)|HEAP_ALLOCATE|[342]|Bytes:408
10:49:03.0 (1824580)|HEAP_ALLOCATE|[355]|Bytes:408
10:49:03.0 (1835313)|HEAP_ALLOCATE|[467]|Bytes:48
10:49:03.0 (1864184)|HEAP_ALLOCATE|[139]|Bytes:6
10:49:03.0 (1992654)|HEAP_ALLOCATE|[EXTERNAL]|Bytes:8
10:49:03.0 (2003633)|VARIABLE_SCOPE_BEGIN|[1]|this|PasajeroTrigger|true|false
10:49:03.0 (2069582)|VARIABLE_ASSIGNMENT|[1]|this|{}|0x1909a444
10:49:03.0 (2130223)|HEAP_ALLOCATE|[EXTERNAL]|Bytes:8
10:49:03.0 (2138790)|VARIABLE_SCOPE_BEGIN|[1]|this|PasajeroTrigger|true|false
10:49:03.0 (2156354)|VARIABLE_ASSIGNMENT|[1]|this|{}|0x1909a444
10:49:03.0 (2168494)|STATEMENT_EXECUTE|[1]
10:49:03.0 (2170747)|STATEMENT_EXECUTE|[4]
10:49:03.0 (2202107)|HEAP_ALLOCATE|[50]|Bytes:5
10:49:03.0 (2246391)|HEAP_ALLOCATE|[56]|Bytes:5
10:49:03.0 (2259561)|HEAP_ALLOCATE|[64]|Bytes:7
10:49:03.0 (2625754)|VARIABLE_ASSIGNMENT|[4]|this.listNew|[{"IsDeleted":false,"Nombre_pasajero__c":"aaaaa","Edad__c":12,"Nif__c":"111111111","Reserva__c":"a001r00000oUEbDAAW","Name":"aaaaaa"}]|0x1909a444
10:49:03.0 (2647341)|STATEMENT_EXECUTE|[7]
10:49:03.0 (2655836)|STATEMENT_EXECUTE|[8]
10:49:03.0 (2657711)|STATEMENT_EXECUTE|[9]
10:49:03.0 (5027781)|HEAP_ALLOCATE|[9]|Bytes:7
10:49:03.0 (5042117)|HEAP_ALLOCATE|[9]|Bytes:2
10:49:03.0 (5077855)|METHOD_ENTRY|[1]|01p1r000008Zry1|PasajeroMethods.PasajeroMethods()
10:49:03.0 (5090354)|STATEMENT_EXECUTE|[1]
10:49:03.0 (5098359)|STATEMENT_EXECUTE|[1]
10:49:03.0 (5480396)|SYSTEM_MODE_ENTER|false
10:49:03.0 (5497425)|HEAP_ALLOCATE|[9]|Bytes:5
10:49:03.0 (5507240)|SYSTEM_MODE_EXIT|false
10:49:03.0 (5518495)|METHOD_EXIT|[1]|PasajeroMethods
10:49:03.0 (5560460)|METHOD_ENTRY|[9]|01p1r000008Zry1|PasajeroMethods.ValidarNif(List<Pasajero__c>)
10:49:03.0 (5590536)|VARIABLE_SCOPE_BEGIN|[65]|listNew|List<Pasajero__c>|true|false
10:49:03.0 (5795518)|VARIABLE_ASSIGNMENT|[65]|listNew|[{"IsDeleted":false,"Nombre_pasajero__c":"aaaaa","Edad__c":12,"Nif__c":"111111111","Reserva__c":"a001r00000oUEbDAAW","Name":"aaaaaa"}]|0x7379fc77
10:49:03.0 (5829943)|SYSTEM_MODE_ENTER|false
10:49:03.0 (5841160)|HEAP_ALLOCATE|[67]|Bytes:5
10:49:03.0 (5850883)|STATEMENT_EXECUTE|[65]
10:49:03.0 (5992958)|STATEMENT_EXECUTE|[67]
10:49:03.0 (5997460)|STATEMENT_EXECUTE|[70]
10:49:03.0 (6002533)|HEAP_ALLOCATE|[70]|Bytes:30
10:49:03.0 (6036042)|HEAP_ALLOCATE|[70]|Bytes:4
10:49:03.0 (6295825)|SOQL_EXECUTE_BEGIN|[70]|Aggregations:0|SELECT Nif__c FROM Pasajero__c
10:49:03.0 (8653956)|SOQL_EXECUTE_END|[70]|Rows:3
10:49:03.0 (8678360)|HEAP_ALLOCATE|[70]|Bytes:16
10:49:03.0 (8704281)|HEAP_ALLOCATE|[70]|Bytes:144
10:49:03.0 (8746184)|HEAP_ALLOCATE|[70]|Bytes:16
10:49:03.0 (8757879)|VARIABLE_SCOPE_BEGIN|[70]|listPasajero|List<Pasajero__c>|true|false
10:49:03.0 (8782633)|VARIABLE_ASSIGNMENT|[70]|listPasajero|[{"Nif__c":"987654765","Id":"a021r00000dd60CAAQ"},{"Nif__c":"111222333","Id":"a021r00000dd5yHAAQ"},{"Nif__c":"111111111","Id":"a021r00000dd5xYAAQ"}]|0x66515b25
10:49:03.0 (8792848)|STATEMENT_EXECUTE|[72]
10:49:03.0 (8807930)|HEAP_ALLOCATE|[72]|Bytes:4
10:49:03.0 (8838438)|VARIABLE_SCOPE_BEGIN|[72]|listPasajeroNif|List<String>|true|false
10:49:03.0 (8870438)|HEAP_ALLOCATE|[EXTERNAL]|Bytes:4
10:49:03.0 (8883312)|VARIABLE_ASSIGNMENT|[72]|listPasajeroNif|[]|0x6d00f29f
10:49:03.0 (9081803)|HEAP_ALLOCATE|[74]|Bytes:5
10:49:03.0 (9123819)|HEAP_ALLOCATE|[74]|Bytes:12
10:49:03.0 (9140053)|VARIABLE_SCOPE_BEGIN|[74]|inPasajero|Pasajero__c|true|false
10:49:03.0 (9164540)|VARIABLE_ASSIGNMENT|[74]|inPasajero|{"Nif__c":"987654765","Id":"a021r00000dd60CAAQ"}|0x5acafc46
10:49:03.0 (9175931)|STATEMENT_EXECUTE|[74]
10:49:03.0 (9178979)|STATEMENT_EXECUTE|[75]
10:49:03.0 (9257796)|HEAP_ALLOCATE|[EXTERNAL]|Bytes:4
10:49:03.0 (9281811)|HEAP_ALLOCATE|[74]|Bytes:5
10:49:03.0 (9299593)|HEAP_ALLOCATE|[74]|Bytes:12
10:49:03.0 (9313343)|VARIABLE_SCOPE_BEGIN|[74]|inPasajero|Pasajero__c|true|false
10:49:03.0 (9332778)|VARIABLE_ASSIGNMENT|[74]|inPasajero|{"Nif__c":"111222333","Id":"a021r00000dd5yHAAQ"}|0x362e1c49
10:49:03.0 (9343377)|STATEMENT_EXECUTE|[74]
10:49:03.0 (9346283)|STATEMENT_EXECUTE|[75]
10:49:03.0 (9362915)|HEAP_ALLOCATE|[EXTERNAL]|Bytes:4
10:49:03.0 (9384823)|HEAP_ALLOCATE|[74]|Bytes:5
10:49:03.0 (9399653)|HEAP_ALLOCATE|[74]|Bytes:12
10:49:03.0 (9408069)|VARIABLE_SCOPE_BEGIN|[74]|inPasajero|Pasajero__c|true|false
10:49:03.0 (9426307)|VARIABLE_ASSIGNMENT|[74]|inPasajero|{"Nif__c":"111111111","Id":"a021r00000dd5xYAAQ"}|0x5cd09419
10:49:03.0 (9436363)|STATEMENT_EXECUTE|[74]
10:49:03.0 (9438999)|STATEMENT_EXECUTE|[75]
10:49:03.0 (9452171)|HEAP_ALLOCATE|[EXTERNAL]|Bytes:4
10:49:03.0 (9478363)|HEAP_ALLOCATE|[74]|Bytes:5
10:49:03.0 (9494087)|VARIABLE_ASSIGNMENT|[74]|inPasajero|null|
10:49:03.0 (9541836)|HEAP_ALLOCATE|[79]|Bytes:5
10:49:03.0 (9560574)|HEAP_ALLOCATE|[79]|Bytes:4
10:49:03.0 (9569778)|VARIABLE_SCOPE_BEGIN|[79]|inPasajero|Pasajero__c|true|false
10:49:03.0 (9726459)|VARIABLE_ASSIGNMENT|[79]|inPasajero|{"IsDeleted":false,"Nombre_pasajero__c":"aaaaa","Edad__c":12,"Nif__c":"111111111","Reserva__c":"a001r00000oUEbDAAW","Name":"aaaaaa"}|0x7fd05f29
10:49:03.0 (9740211)|STATEMENT_EXECUTE|[79]
10:49:03.0 (9799130)|STATEMENT_EXECUTE|[82]
10:49:03.0 (9801613)|STATEMENT_EXECUTE|[83]
10:49:03.0 (9807306)|HEAP_ALLOCATE|[83]|Bytes:29
10:49:03.0 (9881289)|STATEMENT_EXECUTE|[87]
10:49:03.0 (9920174)|HEAP_ALLOCATE|[87]|Bytes:8
10:49:03.0 (9939548)|VARIABLE_SCOPE_BEGIN|[87]|numerosNif|String|false|false
10:49:03.0 (9955751)|VARIABLE_ASSIGNMENT|[87]|numerosNif|"11111111"
10:49:03.0 (9990444)|STATEMENT_EXECUTE|[89]
10:49:03.0 (9992847)|STATEMENT_EXECUTE|[94]
10:49:03.0 (10014638)|VARIABLE_SCOPE_BEGIN|[94]|letraNif|String|false|false
10:49:03.0 (10025507)|VARIABLE_ASSIGNMENT|[94]|letraNif|""
10:49:03.0 (10049519)|STATEMENT_EXECUTE|[96]
10:49:03.0 (10051644)|STATEMENT_EXECUTE|[97]
10:49:03.0 (10055092)|HEAP_ALLOCATE|[97]|Bytes:21
10:49:03.0 (10094028)|HEAP_ALLOCATE|[79]|Bytes:5
10:49:03.0 (10107001)|VARIABLE_ASSIGNMENT|[79]|inPasajero|null|
10:49:03.0 (10115984)|SYSTEM_MODE_EXIT|false
10:49:03.0 (10127626)|METHOD_EXIT|[9]|01p1r000008Zry1|PasajeroMethods.ValidarNif(List<Pasajero__c>)
10:49:03.0 (10133982)|STATEMENT_EXECUTE|[10]
10:49:03.0 (10154352)|METHOD_ENTRY|[10]|01p1r000008Zry1|PasajeroMethods.RellenarContacto(List<Pasajero__c>)
10:49:03.0 (10175331)|VARIABLE_SCOPE_BEGIN|[33]|listPasajeros|List<Pasajero__c>|true|false
10:49:03.0 (10281639)|VARIABLE_ASSIGNMENT|[33]|listPasajeros|[{"IsDeleted":false,"Nombre_pasajero__c":"aaaaa","Edad__c":12,"Nif__c":"111111111","Reserva__c":"a001r00000oUEbDAAW","Name":"aaaaaa"}]|0x7379fc77
10:49:03.0 (10302635)|SYSTEM_MODE_ENTER|false
10:49:03.0 (10309259)|HEAP_ALLOCATE|[35]|Bytes:5
10:49:03.0 (10316172)|STATEMENT_EXECUTE|[33]
10:49:03.0 (10338836)|STATEMENT_EXECUTE|[35]
10:49:03.0 (10340856)|STATEMENT_EXECUTE|[38]
10:49:03.0 (10349533)|HEAP_ALLOCATE|[38]|Bytes:4
10:49:03.0 (10372259)|VARIABLE_SCOPE_BEGIN|[38]|listNifs|List<String>|true|false
10:49:03.0 (10396027)|HEAP_ALLOCATE|[EXTERNAL]|Bytes:4
10:49:03.0 (10405616)|VARIABLE_ASSIGNMENT|[38]|listNifs|[]|0x32906c8
10:49:03.0 (10432951)|HEAP_ALLOCATE|[40]|Bytes:5
10:49:03.0 (10445336)|HEAP_ALLOCATE|[40]|Bytes:4
10:49:03.0 (10451689)|VARIABLE_SCOPE_BEGIN|[40]|inPasajero|Pasajero__c|true|false
10:49:03.0 (10563185)|VARIABLE_ASSIGNMENT|[40]|inPasajero|{"IsDeleted":false,"Nombre_pasajero__c":"aaaaa","Edad__c":12,"Nif__c":"111111111","Reserva__c":"a001r00000oUEbDAAW","Name":"aaaaaa"}|0x7fd05f29
10:49:03.0 (10572392)|STATEMENT_EXECUTE|[40]
10:49:03.0 (10574328)|STATEMENT_EXECUTE|[41]
10:49:03.0 (10604713)|HEAP_ALLOCATE|[EXTERNAL]|Bytes:4
10:49:03.0 (10621282)|STATEMENT_EXECUTE|[43]
10:49:03.0 (10668338)|USER_DEBUG|[43]|DEBUG|111111111
10:49:03.0 (10691697)|HEAP_ALLOCATE|[40]|Bytes:5
10:49:03.0 (10705171)|VARIABLE_ASSIGNMENT|[40]|inPasajero|null|
10:49:03.0 (10713008)|SYSTEM_MODE_EXIT|false
10:49:03.0 (10721054)|METHOD_EXIT|[10]|01p1r000008Zry1|PasajeroMethods.RellenarContacto(List<Pasajero__c>)
10:49:03.10 (10736359)|CUMULATIVE_LIMIT_USAGE
10:49:03.10 (10736359)|LIMIT_USAGE_FOR_NS|(default)|
  Number of SOQL queries: 1 out of 100
  Number of query rows: 3 out of 50000
  Number of SOSL queries: 0 out of 20
  Number of DML statements: 0 out of 150
  Number of DML rows: 0 out of 10000
  Maximum CPU time: 0 out of 10000
  Maximum heap size: 0 out of 6000000
  Number of callouts: 0 out of 100
  Number of Email Invocations: 0 out of 10
  Number of future calls: 0 out of 50
  Number of queueable jobs added to the queue: 0 out of 50
  Number of Mobile Apex push calls: 0 out of 10

10:49:03.10 (10736359)|CUMULATIVE_LIMIT_USAGE_END

10:49:03.0 (12253532)|CODE_UNIT_FINISHED|PasajeroTrigger on Pasajero trigger event BeforeInsert
10:49:03.0 (22851725)|CODE_UNIT_FINISHED|TRIGGERS
10:49:03.0 (22867088)|EXECUTION_FINISHED
