36.0 APEX_CODE,FINEST;APEX_PROFILING,INFO;CALLOUT,INFO;DB,INFO;SYSTEM,DEBUG;VALIDATION,INFO;VISUALFORCE,INFO;WAVE,INFO;WORKFLOW,INFO
12:32:42.0 (404749)|USER_INFO|[EXTERNAL]|0051r000007Oz5Q|lydia.abril@gmail.com|hora estándar de Europa central|GMT+02:00
12:32:42.0 (449353)|EXECUTION_STARTED
12:32:42.0 (455263)|CODE_UNIT_STARTED|[EXTERNAL]|TRIGGERS
12:32:42.0 (1372958)|CODE_UNIT_STARTED|[EXTERNAL]|01q1r000000j8Jb|EventTrigger on Event trigger event BeforeInsert
12:32:42.0 (1444530)|HEAP_ALLOCATE|[EXTERNAL]|Bytes:8
12:32:42.0 (1883366)|HEAP_ALLOCATE|[72]|Bytes:3
12:32:42.0 (1947158)|HEAP_ALLOCATE|[77]|Bytes:152
12:32:42.0 (1964971)|HEAP_ALLOCATE|[342]|Bytes:408
12:32:42.0 (1978317)|HEAP_ALLOCATE|[355]|Bytes:408
12:32:42.0 (1988908)|HEAP_ALLOCATE|[467]|Bytes:48
12:32:42.0 (2018382)|HEAP_ALLOCATE|[139]|Bytes:6
12:32:42.0 (2151799)|HEAP_ALLOCATE|[EXTERNAL]|Bytes:8
12:32:42.0 (2179606)|VARIABLE_SCOPE_BEGIN|[1]|this|EventTrigger|true|false
12:32:42.0 (2379513)|VARIABLE_ASSIGNMENT|[1]|this|{}|0x38a41dc4
12:32:42.0 (2451359)|HEAP_ALLOCATE|[EXTERNAL]|Bytes:8
12:32:42.0 (2459628)|VARIABLE_SCOPE_BEGIN|[1]|this|EventTrigger|true|false
12:32:42.0 (2476036)|VARIABLE_ASSIGNMENT|[1]|this|{}|0x38a41dc4
12:32:42.0 (2488280)|STATEMENT_EXECUTE|[1]
12:32:42.0 (2490865)|STATEMENT_EXECUTE|[3]
12:32:42.0 (2520136)|HEAP_ALLOCATE|[50]|Bytes:5
12:32:42.0 (2544049)|HEAP_ALLOCATE|[56]|Bytes:5
12:32:42.0 (2553197)|HEAP_ALLOCATE|[64]|Bytes:7
12:32:42.0 (3603909)|VARIABLE_ASSIGNMENT|[3]|this.listNew|[{"IsDeleted":false,"WhatId":"0011r00001nnRDqAAM","IsRecurrence":false,"GroupEventType":"0","Subject":"EVENTO2","ActivityDateTime":"2018-04-15T11:00:00.000Z","IsArchived":false,"StartDateTime":"2018-04-15T11:00:00.000Z","DurationInMinutes":1500,"OwnerId":"0051r000007Oz5QAAS","IsAllDayEvent":false,"EndDateTime":"2018-04-16T12:00:00.000Z","IsChild":false,"DB_Activity_Type__c":"Other","IsReminderSet":false,"IsPrivate":false,"ShowAs":"Busy","IsGroupEvent":false}]|0x38a41dc4
12:32:42.0 (3632490)|STATEMENT_EXECUTE|[5]
12:32:42.0 (3640436)|STATEMENT_EXECUTE|[6]
12:32:42.0 (3642835)|STATEMENT_EXECUTE|[7]
12:32:42.0 (5603963)|HEAP_ALLOCATE|[7]|Bytes:1
12:32:42.0 (5624663)|METHOD_ENTRY|[1]|01p1r000009p7V5|EventMethods.EventMethods()
12:32:42.0 (5631576)|STATEMENT_EXECUTE|[1]
12:32:42.0 (5637006)|STATEMENT_EXECUTE|[1]
12:32:42.0 (6075476)|SYSTEM_MODE_ENTER|false
12:32:42.0 (6092818)|HEAP_ALLOCATE|[7]|Bytes:5
12:32:42.0 (6101823)|SYSTEM_MODE_EXIT|false
12:32:42.0 (6110672)|METHOD_EXIT|[1]|EventMethods
12:32:42.0 (6139133)|METHOD_ENTRY|[7]|01p1r000009p7V5|EventMethods.CrearEvento(List<Event>)
12:32:42.0 (6168063)|VARIABLE_SCOPE_BEGIN|[3]|listEvent|List<Event>|true|false
12:32:42.0 (6359934)|VARIABLE_ASSIGNMENT|[3]|listEvent|[{"IsDeleted":false,"WhatId":"0011r00001nnRDqAAM","IsRecurrence":false,"GroupEventType":"0","Subject":"EVENTO2","ActivityDateTime":"2018-04-15T11:00:00.000Z","IsArchived":false,"StartDateTime":"2018-04-15T11:00:00.000Z","DurationInMinutes":1500,"OwnerId":"0051r000007Oz5QAAS","IsAllDayEvent":false,"EndDateTime":"2018-04-16T12:00:00.000Z","IsChild":false,"DB_Activity_Type__c":"Other","IsReminderSet":false,"IsPrivate":false,"ShowAs":"Busy","IsGroupEvent":false}]|0x2ce860fe
12:32:42.0 (6388046)|SYSTEM_MODE_ENTER|false
12:32:42.0 (6395607)|HEAP_ALLOCATE|[5]|Bytes:5
12:32:42.0 (6401568)|STATEMENT_EXECUTE|[3]
12:32:42.0 (6475867)|STATEMENT_EXECUTE|[5]
12:32:42.0 (6479227)|STATEMENT_EXECUTE|[7]
12:32:42.0 (6527860)|HEAP_ALLOCATE|[7]|Bytes:4
12:32:42.0 (6568342)|VARIABLE_SCOPE_BEGIN|[7]|listAccountInsert|List<Account>|true|false
12:32:42.0 (6578478)|HEAP_ALLOCATE|[EXTERNAL]|Bytes:4
12:32:42.0 (6588624)|VARIABLE_ASSIGNMENT|[7]|listAccountInsert|[]|0x2e79e196
12:32:42.0 (6595026)|STATEMENT_EXECUTE|[10]
12:32:42.0 (6607830)|HEAP_ALLOCATE|[10]|Bytes:4
12:32:42.0 (6631553)|VARIABLE_SCOPE_BEGIN|[10]|listAccountIds|Set<String>|true|false
12:32:42.0 (6658692)|VARIABLE_ASSIGNMENT|[10]|listAccountIds|[]|0x4c5f4d45
12:32:42.0 (6794275)|HEAP_ALLOCATE|[11]|Bytes:5
12:32:42.0 (6830836)|HEAP_ALLOCATE|[11]|Bytes:4
12:32:42.0 (6839595)|VARIABLE_SCOPE_BEGIN|[11]|inEvent|Event|true|false
12:32:42.0 (7066243)|VARIABLE_ASSIGNMENT|[11]|inEvent|{"IsDeleted":false,"WhatId":"0011r00001nnRDqAAM","IsRecurrence":false,"GroupEventType":"0","Subject":"EVENTO2","ActivityDateTime":"2018-04-15T11:00:00.000Z","IsArchived":false,"StartDateTime":"2018-04-15T11:00:00.000Z","DurationInMinutes":1500,"OwnerId":"0051r000007Oz5QAAS","IsAllDayEvent":false,"EndDateTime":"2018-04-16T12:00:00.000Z","IsChild":false,"DB_Activity_Type__c":"Other","IsReminderSet":false,"IsPrivate":false,"ShowAs":"Busy","IsGroupEvent":false}|0x5358c580
12:32:42.0 (7082688)|STATEMENT_EXECUTE|[11]
12:32:42.0 (7085410)|STATEMENT_EXECUTE|[12]
12:32:42.0 (7153711)|HEAP_ALLOCATE|[EXTERNAL]|Bytes:4
12:32:42.0 (7173538)|HEAP_ALLOCATE|[11]|Bytes:5
12:32:42.0 (7187322)|VARIABLE_ASSIGNMENT|[11]|inEvent|null|
12:32:42.0 (7195450)|STATEMENT_EXECUTE|[15]
12:32:42.0 (7234770)|HEAP_ALLOCATE|[15]|Bytes:4
12:32:42.0 (7243035)|HEAP_ALLOCATE|[15]|Bytes:91
12:32:42.0 (7254843)|HEAP_ALLOCATE|[15]|Bytes:4
12:32:42.0 (7265020)|HEAP_ALLOCATE|[15]|Bytes:7
12:32:42.0 (7308482)|HEAP_ALLOCATE|[15]|Bytes:8
12:32:42.0 (7317760)|HEAP_ALLOCATE|[15]|Bytes:8
12:32:42.0 (7709549)|SOQL_EXECUTE_BEGIN|[15]|Aggregations:0|SELECT Id, Fecha_ltima_actividad_m_s_reciente__c, ParentId FROM Account WHERE id = :tmpVar1
12:32:42.0 (10299850)|SOQL_EXECUTE_END|[15]|Rows:1
12:32:42.0 (10321825)|HEAP_ALLOCATE|[15]|Bytes:8
12:32:42.0 (10343570)|HEAP_ALLOCATE|[15]|Bytes:104
12:32:42.0 (10376453)|HEAP_ALLOCATE|[15]|Bytes:8
12:32:42.0 (10410202)|HEAP_ALLOCATE|[15]|Bytes:16
12:32:42.0 (10421787)|HEAP_ALLOCATE|[15]|Bytes:18
12:32:42.0 (10432857)|VARIABLE_SCOPE_BEGIN|[15]|mapAccount|Map<String,Account>|true|false
12:32:42.0 (10468497)|VARIABLE_ASSIGNMENT|[15]|mapAccount|{"0011r00001nnRDqAAM":{"Id":"0011r00001nnRDqAAM","Fecha_ltima_activida (17 more) ...":"2018-04-12T00:00:00.000Z","ParentId":"0011r00001mvH7mAAE"}}|0x32b67d44
12:32:42.0 (10512885)|HEAP_ALLOCATE|[18]|Bytes:5
12:32:42.0 (10528204)|HEAP_ALLOCATE|[18]|Bytes:4
12:32:42.0 (10537834)|VARIABLE_SCOPE_BEGIN|[18]|inEvent|Event|true|false
12:32:42.0 (10718161)|VARIABLE_ASSIGNMENT|[18]|inEvent|{"IsDeleted":false,"WhatId":"0011r00001nnRDqAAM","IsRecurrence":false,"GroupEventType":"0","Subject":"EVENTO2","ActivityDateTime":"2018-04-15T11:00:00.000Z","IsArchived":false,"StartDateTime":"2018-04-15T11:00:00.000Z","DurationInMinutes":1500,"OwnerId":"0051r000007Oz5QAAS","IsAllDayEvent":false,"EndDateTime":"2018-04-16T12:00:00.000Z","IsChild":false,"DB_Activity_Type__c":"Other","IsReminderSet":false,"IsPrivate":false,"ShowAs":"Busy","IsGroupEvent":false}|0x5358c580
12:32:42.0 (10731630)|STATEMENT_EXECUTE|[18]
12:32:42.0 (10839016)|STATEMENT_EXECUTE|[20]
12:32:42.0 (10851330)|HEAP_ALLOCATE|[18]|Bytes:5
12:32:42.0 (10867068)|VARIABLE_ASSIGNMENT|[18]|inEvent|null|
12:32:42.0 (10872606)|STATEMENT_EXECUTE|[25]
12:32:42.0 (10936074)|HEAP_ALLOCATE|[EXTERNAL]|Bytes:4
12:32:42.0 (10945777)|SYSTEM_MODE_EXIT|false
12:32:42.0 (10955861)|METHOD_EXIT|[7]|01p1r000009p7V5|EventMethods.CrearEvento(List<Event>)
12:32:42.10 (10967290)|CUMULATIVE_LIMIT_USAGE
12:32:42.10 (10967290)|LIMIT_USAGE_FOR_NS|(default)|
  Number of SOQL queries: 1 out of 100
  Number of query rows: 1 out of 50000
  Number of SOSL queries: 0 out of 20
  Number of DML statements: 0 out of 150
  Number of DML rows: 0 out of 10000
  Maximum CPU time: 0 out of 10000
  Maximum heap size: 0 out of 6000000
  Number of callouts: 0 out of 100
  Number of Email Invocations: 0 out of 10
  Number of future calls: 0 out of 50
  Number of queueable jobs added to the queue: 0 out of 50
  Number of Mobile Apex push calls: 0 out of 10

12:32:42.10 (10967290)|CUMULATIVE_LIMIT_USAGE_END

12:32:42.0 (12112057)|CODE_UNIT_FINISHED|EventTrigger on Event trigger event BeforeInsert
12:32:42.0 (225157129)|CODE_UNIT_FINISHED|TRIGGERS
12:32:42.0 (225173234)|EXECUTION_FINISHED
