36.0 APEX_CODE,FINEST;APEX_PROFILING,INFO;CALLOUT,INFO;DB,INFO;SYSTEM,DEBUG;VALIDATION,INFO;VISUALFORCE,INFO;WAVE,INFO;WORKFLOW,INFO
10:34:11.0 (379445)|USER_INFO|[EXTERNAL]|0051r000007Oz5Q|lydia.abril@gmail.com|hora estándar de Europa central|GMT+02:00
10:34:11.0 (411561)|EXECUTION_STARTED
10:34:11.0 (416373)|CODE_UNIT_STARTED|[EXTERNAL]|01q1r000000j6Yv|TaskTrigger on Task trigger event AfterUpdate
10:34:11.0 (466072)|HEAP_ALLOCATE|[EXTERNAL]|Bytes:8
10:34:11.0 (575372)|HEAP_ALLOCATE|[EXTERNAL]|Bytes:8
10:34:11.0 (984301)|HEAP_ALLOCATE|[72]|Bytes:3
10:34:11.0 (1048380)|HEAP_ALLOCATE|[77]|Bytes:152
10:34:11.0 (1064152)|HEAP_ALLOCATE|[342]|Bytes:408
10:34:11.0 (1077981)|HEAP_ALLOCATE|[355]|Bytes:408
10:34:11.0 (1089842)|HEAP_ALLOCATE|[467]|Bytes:48
10:34:11.0 (1117029)|HEAP_ALLOCATE|[139]|Bytes:6
10:34:11.0 (1265269)|HEAP_ALLOCATE|[EXTERNAL]|Bytes:12
10:34:11.0 (1296941)|VARIABLE_SCOPE_BEGIN|[1]|this|TaskTrigger|true|false
10:34:11.0 (1381143)|VARIABLE_ASSIGNMENT|[1]|this|{}|0x3ee61e45
10:34:11.0 (1443455)|HEAP_ALLOCATE|[EXTERNAL]|Bytes:12
10:34:11.0 (1460509)|VARIABLE_SCOPE_BEGIN|[1]|this|TaskTrigger|true|false
10:34:11.0 (1474723)|VARIABLE_ASSIGNMENT|[1]|this|{}|0x3ee61e45
10:34:11.0 (1484853)|STATEMENT_EXECUTE|[1]
10:34:11.0 (1487248)|STATEMENT_EXECUTE|[3]
10:34:11.0 (1520666)|HEAP_ALLOCATE|[50]|Bytes:5
10:34:11.0 (1544463)|HEAP_ALLOCATE|[56]|Bytes:5
10:34:11.0 (1553500)|HEAP_ALLOCATE|[64]|Bytes:7
10:34:11.0 (2541705)|VARIABLE_ASSIGNMENT|[3]|this.listNew|[{"Status":"Completed","LastModifiedDate":"2018-04-12T08:34:11.000Z","IsDeleted":false,"AccountId":"0011r00001mvH7mAAE","WhatId":"0011r00001mvH7mAAE","ActivityDate":"2018-04-20T00:00:00.000Z","Priority":"Normal","IsHighPriority":false,"IsClosed":true,"IsRecurrence":false,"Subject":"task1","SystemModstamp":"2018-04-12T08:34:11.000Z","IsArchived":false,"CreatedById":"0051r000007Oz5QAAS","TaskSubtype":"Task","OwnerId":"0051r000007Oz5QAAS","CreatedDate":"2018-04-12T08:33:35.000Z","Id":"00T1r00004C3moiEAB","DB_Activity_Type__c":"Other","IsReminderSet":false,"LastModifiedById":"0051r000007Oz5QAAS"}]|0x3ee61e45
10:34:11.0 (2564375)|STATEMENT_EXECUTE|[5]
10:34:11.0 (2870732)|VARIABLE_ASSIGNMENT|[5]|this.mapOld|{"00T1r00004C3moiEAB":{"Status":"In Progress","LastModifiedDate":"2018-04-12T08:33:35.000Z","IsDeleted":false,"AccountId":"0011r00001mvH7mAAE","WhatId":"0011r00001mvH7mAAE","ActivityDate":"2018-04-20T00:00:00.000Z","Priority":"Normal","IsHighPriority":false,"IsClosed":false,"IsRecurrence":false,"Subject":"task1","SystemModstamp":"2018-04-12T08:33:35.000Z","IsArchived":false,"CreatedById":"0051r000007Oz5QAAS","TaskSubtype":"Task","OwnerId":"0051r000007Oz5QAAS","CreatedDate":"2018-04-12T08:33:35.000Z","Id":"00T1r00004C3moiEAB","DB_Activity_Type__c":"Other","IsReminderSet":false,"LastModifiedById":"0051r000007Oz5QAAS"}}|0x3ee61e45
10:34:11.0 (2898640)|STATEMENT_EXECUTE|[8]
10:34:11.0 (2905322)|STATEMENT_EXECUTE|[9]
10:34:11.0 (2907107)|STATEMENT_EXECUTE|[10]
10:34:11.0 (4735244)|HEAP_ALLOCATE|[10]|Bytes:1
10:34:11.0 (4746919)|HEAP_ALLOCATE|[10]|Bytes:2
10:34:11.0 (4763237)|METHOD_ENTRY|[1]|01p1r000009oS6S|TaskMethods.TaskMethods()
10:34:11.0 (4770082)|STATEMENT_EXECUTE|[1]
10:34:11.0 (4776063)|STATEMENT_EXECUTE|[1]
10:34:11.0 (5210360)|SYSTEM_MODE_ENTER|false
10:34:11.0 (5224363)|HEAP_ALLOCATE|[10]|Bytes:5
10:34:11.0 (5233034)|SYSTEM_MODE_EXIT|false
10:34:11.0 (5243176)|METHOD_EXIT|[1]|TaskMethods
10:34:11.0 (5272307)|METHOD_ENTRY|[10]|01p1r000009oS6S|TaskMethods.CerrarTarea(List<Task>)
10:34:11.0 (5306614)|VARIABLE_SCOPE_BEGIN|[3]|listTask|List<Task>|true|false
10:34:11.0 (5610015)|VARIABLE_ASSIGNMENT|[3]|listTask|[{"Status":"Completed","LastModifiedDate":"2018-04-12T08:34:11.000Z","IsDeleted":false,"AccountId":"0011r00001mvH7mAAE","WhatId":"0011r00001mvH7mAAE","ActivityDate":"2018-04-20T00:00:00.000Z","Priority":"Normal","IsHighPriority":false,"IsClosed":true,"IsRecurrence":false,"Subject":"task1","SystemModstamp":"2018-04-12T08:34:11.000Z","IsArchived":false,"CreatedById":"0051r000007Oz5QAAS","TaskSubtype":"Task","OwnerId":"0051r000007Oz5QAAS","CreatedDate":"2018-04-12T08:33:35.000Z","Id":"00T1r00004C3moiEAB","DB_Activity_Type__c":"Other","IsReminderSet":false,"LastModifiedById":"0051r000007Oz5QAAS"}]|0x3db252db
10:34:11.0 (5635741)|SYSTEM_MODE_ENTER|false
10:34:11.0 (5643052)|HEAP_ALLOCATE|[5]|Bytes:5
10:34:11.0 (5649274)|STATEMENT_EXECUTE|[3]
10:34:11.0 (5713538)|STATEMENT_EXECUTE|[5]
10:34:11.0 (5715836)|STATEMENT_EXECUTE|[7]
10:34:11.0 (5759420)|HEAP_ALLOCATE|[7]|Bytes:4
10:34:11.0 (5799939)|VARIABLE_SCOPE_BEGIN|[7]|listAccountUpdate|List<Account>|true|false
10:34:11.0 (5816559)|HEAP_ALLOCATE|[EXTERNAL]|Bytes:4
10:34:11.0 (5825761)|VARIABLE_ASSIGNMENT|[7]|listAccountUpdate|[]|0x4ca7d51b
10:34:11.0 (5832355)|STATEMENT_EXECUTE|[10]
10:34:11.0 (5846807)|HEAP_ALLOCATE|[10]|Bytes:4
10:34:11.0 (5874336)|VARIABLE_SCOPE_BEGIN|[10]|listAccountIds|Set<String>|true|false
10:34:11.0 (5900133)|VARIABLE_ASSIGNMENT|[10]|listAccountIds|[]|0x24990622
10:34:11.0 (6017828)|HEAP_ALLOCATE|[11]|Bytes:5
10:34:11.0 (6074639)|VARIABLE_SCOPE_BEGIN|[11]|inTask|Task|true|false
10:34:11.0 (6279930)|VARIABLE_ASSIGNMENT|[11]|inTask|{"Status":"Completed","LastModifiedDate":"2018-04-12T08:34:11.000Z","IsDeleted":false,"AccountId":"0011r00001mvH7mAAE","WhatId":"0011r00001mvH7mAAE","ActivityDate":"2018-04-20T00:00:00.000Z","Priority":"Normal","IsHighPriority":false,"IsClosed":true,"IsRecurrence":false,"Subject":"task1","SystemModstamp":"2018-04-12T08:34:11.000Z","IsArchived":false,"CreatedById":"0051r000007Oz5QAAS","TaskSubtype":"Task","OwnerId":"0051r000007Oz5QAAS","CreatedDate":"2018-04-12T08:33:35.000Z","Id":"00T1r00004C3moiEAB","DB_Activity_Type__c":"Other","IsReminderSet":false,"LastModifiedById":"0051r000007Oz5QAAS"}|0x70239b62
10:34:11.0 (6296369)|STATEMENT_EXECUTE|[11]
10:34:11.0 (6298586)|STATEMENT_EXECUTE|[12]
10:34:11.0 (6359172)|HEAP_ALLOCATE|[EXTERNAL]|Bytes:4
10:34:11.0 (6378524)|HEAP_ALLOCATE|[11]|Bytes:5
10:34:11.0 (6391353)|VARIABLE_ASSIGNMENT|[11]|inTask|null|
10:34:11.0 (6397386)|STATEMENT_EXECUTE|[15]
10:34:11.0 (6437466)|HEAP_ALLOCATE|[15]|Bytes:4
10:34:11.0 (6445013)|HEAP_ALLOCATE|[15]|Bytes:81
10:34:11.0 (6454211)|HEAP_ALLOCATE|[15]|Bytes:4
10:34:11.0 (6463846)|HEAP_ALLOCATE|[15]|Bytes:7
10:34:11.0 (6497884)|HEAP_ALLOCATE|[15]|Bytes:8
10:34:11.0 (6507979)|HEAP_ALLOCATE|[15]|Bytes:8
10:34:11.0 (6867597)|SOQL_EXECUTE_BEGIN|[15]|Aggregations:0|SELECT Id, Fecha_ltima_actividad_m_s_reciente__c FROM Account WHERE id = :tmpVar1
10:34:11.0 (8741281)|SOQL_EXECUTE_END|[15]|Rows:1
10:34:11.0 (8764089)|HEAP_ALLOCATE|[15]|Bytes:8
10:34:11.0 (8778953)|HEAP_ALLOCATE|[15]|Bytes:74
10:34:11.0 (8811279)|HEAP_ALLOCATE|[15]|Bytes:8
10:34:11.0 (8864216)|HEAP_ALLOCATE|[15]|Bytes:12
10:34:11.0 (8877922)|HEAP_ALLOCATE|[15]|Bytes:18
10:34:11.0 (8891260)|VARIABLE_SCOPE_BEGIN|[15]|mapAccount|Map<String,Account>|true|false
10:34:11.0 (8931237)|VARIABLE_ASSIGNMENT|[15]|mapAccount|{"0011r00001mvH7mAAE":{"Id":"0011r00001mvH7mAAE","Fecha_ltima_activida (17 more) ...":"2040-04-12T00:00:00.000Z"}}|0x19de5ea5
10:34:11.0 (8976504)|HEAP_ALLOCATE|[18]|Bytes:5
10:34:11.0 (8997250)|VARIABLE_SCOPE_BEGIN|[18]|inTask|Task|true|false
10:34:11.0 (9160456)|VARIABLE_ASSIGNMENT|[18]|inTask|{"Status":"Completed","LastModifiedDate":"2018-04-12T08:34:11.000Z","IsDeleted":false,"AccountId":"0011r00001mvH7mAAE","WhatId":"0011r00001mvH7mAAE","ActivityDate":"2018-04-20T00:00:00.000Z","Priority":"Normal","IsHighPriority":false,"IsClosed":true,"IsRecurrence":false,"Subject":"task1","SystemModstamp":"2018-04-12T08:34:11.000Z","IsArchived":false,"CreatedById":"0051r000007Oz5QAAS","TaskSubtype":"Task","OwnerId":"0051r000007Oz5QAAS","CreatedDate":"2018-04-12T08:33:35.000Z","Id":"00T1r00004C3moiEAB","DB_Activity_Type__c":"Other","IsReminderSet":false,"LastModifiedById":"0051r000007Oz5QAAS"}|0x70239b62
10:34:11.0 (9177710)|STATEMENT_EXECUTE|[18]
10:34:11.0 (9198880)|HEAP_ALLOCATE|[19]|Bytes:9
10:34:11.0 (9228761)|STATEMENT_EXECUTE|[19]
10:34:11.0 (9231148)|STATEMENT_EXECUTE|[20]
10:34:11.0 (9344147)|VARIABLE_ASSIGNMENT|[20]|this.Fecha_ltima_actividad_m_s_reciente__c|"2018-04-20T00:00:00.000Z"|0x2dfd3811
10:34:11.0 (9352912)|STATEMENT_EXECUTE|[21]
10:34:11.0 (9395566)|HEAP_ALLOCATE|[EXTERNAL]|Bytes:4
10:34:11.0 (9404351)|STATEMENT_EXECUTE|[22]
10:34:11.0 (9407925)|HEAP_ALLOCATE|[22]|Bytes:29
10:34:11.0 (9486351)|HEAP_ALLOCATE|[22]|Bytes:90
10:34:11.0 (9505336)|HEAP_ALLOCATE|[22]|Bytes:119
10:34:11.0 (9521389)|USER_DEBUG|[22]|DEBUG|mapAccount.get(inTask.WhatId)Account:{Id=0011r00001mvH7mAAE, Fecha_ltima_actividad_m_s_reciente__c=2018-04-20 00:00:00}
10:34:11.0 (9539517)|HEAP_ALLOCATE|[18]|Bytes:5
10:34:11.0 (9552590)|VARIABLE_ASSIGNMENT|[18]|inTask|null|
10:34:11.0 (9558751)|STATEMENT_EXECUTE|[26]
10:34:11.0 (9603848)|DML_BEGIN|[26]|Op:Update|Type:Account|Rows:1
10:34:11.0 (9634213)|HEAP_ALLOCATE|[EXTERNAL]|Bytes:8
10:34:11.0 (22420132)|CODE_UNIT_STARTED|[EXTERNAL]|DuplicateDetector
10:34:11.0 (22461550)|DUPLICATE_DETECTION_BEGIN
10:34:11.0 (23104697)|DUPLICATE_DETECTION_RULE_INVOCATION|DuplicateRuleId:0Bm1r0000018X88|DuplicateRuleName:Standard Account Duplicate Rule|DmlType:UPDATE
10:34:11.0 (23158445)|DUPLICATE_DETECTION_END
10:34:11.0 (23168568)|CODE_UNIT_FINISHED|DuplicateDetector
10:34:11.0 (42808419)|DML_END|[26]
10:34:11.0 (42869875)|HEAP_ALLOCATE|[EXTERNAL]|Bytes:8
10:34:11.0 (42897005)|SYSTEM_MODE_EXIT|false
10:34:11.0 (42914706)|METHOD_EXIT|[10]|01p1r000009oS6S|TaskMethods.CerrarTarea(List<Task>)
10:34:11.42 (42928991)|CUMULATIVE_LIMIT_USAGE
10:34:11.42 (42928991)|LIMIT_USAGE_FOR_NS|(default)|
  Number of SOQL queries: 1 out of 100
  Number of query rows: 1 out of 50000
  Number of SOSL queries: 0 out of 20
  Number of DML statements: 1 out of 150
  Number of DML rows: 1 out of 10000
  Maximum CPU time: 0 out of 10000
  Maximum heap size: 0 out of 6000000
  Number of callouts: 0 out of 100
  Number of Email Invocations: 0 out of 10
  Number of future calls: 0 out of 50
  Number of queueable jobs added to the queue: 0 out of 50
  Number of Mobile Apex push calls: 0 out of 10

10:34:11.42 (42928991)|CUMULATIVE_LIMIT_USAGE_END

10:34:11.0 (44235223)|CODE_UNIT_FINISHED|TaskTrigger on Task trigger event AfterUpdate
10:34:11.0 (45290583)|EXECUTION_FINISHED
10:34:11.55 (55810916)|USER_INFO|[EXTERNAL]|0051r000007Oz5Q|lydia.abril@gmail.com|hora estándar de Europa central|GMT+02:00
10:34:11.55 (55831075)|EXECUTION_STARTED
10:34:11.55 (55835127)|CODE_UNIT_STARTED|[EXTERNAL]|DuplicateDetector
10:34:11.55 (55851254)|DUPLICATE_DETECTION_BEGIN
10:34:11.55 (55902712)|DUPLICATE_DETECTION_RULE_INVOCATION|DuplicateRuleId:0Bm1r0000018X88|DuplicateRuleName:Standard Account Duplicate Rule|DmlType:UPDATE
10:34:11.55 (68627791)|DUPLICATE_DETECTION_END
10:34:11.55 (68643065)|CODE_UNIT_FINISHED|DuplicateDetector
10:34:11.55 (69637658)|EXECUTION_FINISHED
