36.0 APEX_CODE,FINEST;APEX_PROFILING,INFO;CALLOUT,INFO;DB,INFO;SYSTEM,DEBUG;VALIDATION,INFO;VISUALFORCE,INFO;WAVE,INFO;WORKFLOW,INFO
13:58:32.0 (389725)|USER_INFO|[EXTERNAL]|0051r000007Oz5Q|lydia.abril@gmail.com|hora estándar de Europa central|GMT+02:00
13:58:32.0 (463681)|EXECUTION_STARTED
13:58:32.0 (468714)|CODE_UNIT_STARTED|[EXTERNAL]|01p1r000009p5xn|TaskTest.testCerrarTarea
13:58:32.0 (708442)|HEAP_ALLOCATE|[72]|Bytes:3
13:58:32.0 (762266)|HEAP_ALLOCATE|[77]|Bytes:152
13:58:32.0 (778210)|HEAP_ALLOCATE|[342]|Bytes:408
13:58:32.0 (795745)|HEAP_ALLOCATE|[355]|Bytes:408
13:58:32.0 (810785)|HEAP_ALLOCATE|[467]|Bytes:48
13:58:32.0 (839563)|HEAP_ALLOCATE|[139]|Bytes:6
13:58:32.0 (855185)|HEAP_ALLOCATE|[EXTERNAL]|Bytes:113
13:58:32.0 (897428)|METHOD_ENTRY|[2]|01p1r000009p5xn|TaskTest.TaskTest()
13:58:32.0 (906316)|STATEMENT_EXECUTE|[2]
13:58:32.0 (911906)|STATEMENT_EXECUTE|[2]
13:58:32.0 (923380)|METHOD_EXIT|[2]|TaskTest
13:58:32.0 (1152138)|HEAP_ALLOCATE|[50]|Bytes:5
13:58:32.0 (1177452)|HEAP_ALLOCATE|[56]|Bytes:5
13:58:32.0 (1186123)|HEAP_ALLOCATE|[64]|Bytes:7
13:58:32.0 (1225470)|STATEMENT_EXECUTE|[4]
13:58:32.0 (1228987)|STATEMENT_EXECUTE|[6]
13:58:32.0 (1281707)|HEAP_ALLOCATE|[6]|Bytes:4
13:58:32.0 (1349697)|HEAP_ALLOCATE|[6]|Bytes:12
13:58:32.0 (1405496)|VARIABLE_ASSIGNMENT|[6]|this.Name|"CuentaParent"|0x3aa4b9e3
13:58:32.0 (1437630)|VARIABLE_SCOPE_BEGIN|[6]|oAccountParent|Account|true|false
13:58:32.0 (1619630)|VARIABLE_ASSIGNMENT|[6]|oAccountParent|{"Name":"CuentaParent"}|0x3aa4b9e3
13:58:32.0 (1627358)|STATEMENT_EXECUTE|[7]
13:58:32.0 (1657867)|HEAP_ALLOCATE|[7]|Bytes:8
13:58:32.0 (1667004)|DML_BEGIN|[7]|Op:Insert|Type:Account|Rows:1
13:58:32.0 (1694255)|HEAP_ALLOCATE|[EXTERNAL]|Bytes:8
13:58:32.0 (10560293)|CODE_UNIT_STARTED|[EXTERNAL]|DuplicateDetector
13:58:32.0 (10574655)|DUPLICATE_DETECTION_BEGIN
13:58:32.0 (11115362)|DUPLICATE_DETECTION_RULE_INVOCATION|DuplicateRuleId:0Bm1r0000018X88|DuplicateRuleName:Standard Account Duplicate Rule|DmlType:INSERT
13:58:32.0 (29040141)|DUPLICATE_DETECTION_MATCH_INVOCATION_DETAILS|EntityType:Account|ActionTaken:Allow_[Alert,Report]|DuplicateRecordIds:
13:58:32.0 (29063844)|DUPLICATE_DETECTION_MATCH_INVOCATION_SUMMARY|EntityType:Account|NumRecordsToBeSaved:1|NumRecordsToBeSavedWithDuplicates:0|NumDuplicateRecordsFound:0
13:58:32.0 (29203810)|DUPLICATE_DETECTION_END
13:58:32.0 (29210233)|CODE_UNIT_FINISHED|DuplicateDetector
13:58:32.0 (52441764)|DML_END|[7]
13:58:32.0 (52470276)|STATEMENT_EXECUTE|[9]
13:58:32.0 (52497040)|HEAP_ALLOCATE|[9]|Bytes:4
13:58:32.0 (52521226)|HEAP_ALLOCATE|[9]|Bytes:6
13:58:32.0 (52567347)|VARIABLE_ASSIGNMENT|[9]|this.Name|"Cuenta"|0x22e4b6c5
13:58:32.0 (52609820)|VARIABLE_ASSIGNMENT|[9]|this.ParentId|"0011r00001nncA3AAI"|0x22e4b6c5
13:58:32.0 (52741216)|HEAP_ALLOCATE|[11]|Bytes:4
13:58:32.0 (52810607)|VARIABLE_ASSIGNMENT|[9]|this.Fecha_ltima_actividad_m_s_reciente__c|"2018-01-11T00:00:00.000Z"|0x22e4b6c5
13:58:32.0 (52850381)|VARIABLE_SCOPE_BEGIN|[9]|oAccount|Account|true|false
13:58:32.0 (52881334)|VARIABLE_ASSIGNMENT|[9]|oAccount|{"Name":"Cuenta","ParentId":"0011r00001nncA3AAI","Fecha_ltima_activida (17 more) ...":"2018-01-11T00:00:00.000Z"}|0x22e4b6c5
13:58:32.0 (52890191)|STATEMENT_EXECUTE|[12]
13:58:32.0 (52907707)|HEAP_ALLOCATE|[12]|Bytes:8
13:58:32.0 (52915434)|DML_BEGIN|[12]|Op:Insert|Type:Account|Rows:1
13:58:32.0 (52948059)|HEAP_ALLOCATE|[EXTERNAL]|Bytes:8
13:58:32.0 (56470758)|CODE_UNIT_STARTED|[EXTERNAL]|DuplicateDetector
13:58:32.0 (56483320)|DUPLICATE_DETECTION_BEGIN
13:58:32.0 (56530939)|DUPLICATE_DETECTION_RULE_INVOCATION|DuplicateRuleId:0Bm1r0000018X88|DuplicateRuleName:Standard Account Duplicate Rule|DmlType:INSERT
13:58:32.0 (66082291)|DUPLICATE_DETECTION_MATCH_INVOCATION_DETAILS|EntityType:Account|ActionTaken:Allow_[Alert,Report]|DuplicateRecordIds:
13:58:32.0 (66094980)|DUPLICATE_DETECTION_MATCH_INVOCATION_SUMMARY|EntityType:Account|NumRecordsToBeSaved:1|NumRecordsToBeSavedWithDuplicates:0|NumDuplicateRecordsFound:0
13:58:32.0 (66176413)|DUPLICATE_DETECTION_END
13:58:32.0 (66181968)|CODE_UNIT_FINISHED|DuplicateDetector
13:58:32.0 (88663778)|DML_END|[12]
13:58:32.0 (88700992)|STATEMENT_EXECUTE|[14]
13:58:32.0 (88739362)|HEAP_ALLOCATE|[14]|Bytes:4
13:58:32.0 (88784119)|HEAP_ALLOCATE|[14]|Bytes:7
13:58:32.0 (88860737)|VARIABLE_ASSIGNMENT|[14]|this.Name|"Cuenta2"|0x3d99b387
13:58:32.0 (88900926)|VARIABLE_ASSIGNMENT|[14]|this.ParentId|"0011r00001nncA3AAI"|0x3d99b387
13:58:32.0 (88999112)|HEAP_ALLOCATE|[16]|Bytes:4
13:58:32.0 (89047951)|VARIABLE_ASSIGNMENT|[14]|this.Fecha_ltima_actividad_m_s_reciente__c|"2018-01-11T00:00:00.000Z"|0x3d99b387
13:58:32.0 (89091323)|VARIABLE_SCOPE_BEGIN|[14]|oAccount2|Account|true|false
13:58:32.0 (89122025)|VARIABLE_ASSIGNMENT|[14]|oAccount2|{"Name":"Cuenta2","ParentId":"0011r00001nncA3AAI","Fecha_ltima_activida (17 more) ...":"2018-01-11T00:00:00.000Z"}|0x3d99b387
13:58:32.0 (89129772)|STATEMENT_EXECUTE|[17]
13:58:32.0 (89150250)|HEAP_ALLOCATE|[17]|Bytes:8
13:58:32.0 (89157180)|DML_BEGIN|[17]|Op:Insert|Type:Account|Rows:1
13:58:32.0 (89200674)|HEAP_ALLOCATE|[EXTERNAL]|Bytes:8
13:58:32.0 (92139408)|CODE_UNIT_STARTED|[EXTERNAL]|DuplicateDetector
13:58:32.0 (92153275)|DUPLICATE_DETECTION_BEGIN
13:58:32.0 (92211221)|DUPLICATE_DETECTION_RULE_INVOCATION|DuplicateRuleId:0Bm1r0000018X88|DuplicateRuleName:Standard Account Duplicate Rule|DmlType:INSERT
13:58:32.0 (101235577)|DUPLICATE_DETECTION_MATCH_INVOCATION_DETAILS|EntityType:Account|ActionTaken:Allow_[Alert,Report]|DuplicateRecordIds:
13:58:32.0 (101247786)|DUPLICATE_DETECTION_MATCH_INVOCATION_SUMMARY|EntityType:Account|NumRecordsToBeSaved:1|NumRecordsToBeSavedWithDuplicates:0|NumDuplicateRecordsFound:0
13:58:32.0 (101329767)|DUPLICATE_DETECTION_END
13:58:32.0 (101335008)|CODE_UNIT_FINISHED|DuplicateDetector
13:58:32.0 (112483262)|DML_END|[17]
13:58:32.0 (112504247)|STATEMENT_EXECUTE|[19]
13:58:32.0 (112557765)|HEAP_ALLOCATE|[19]|Bytes:4
13:58:32.0 (112658963)|HEAP_ALLOCATE|[19]|Bytes:11
13:58:32.0 (112698211)|VARIABLE_ASSIGNMENT|[19]|this.Name|"Oportunidad"|0x73a9647c
13:58:32.0 (112776592)|HEAP_ALLOCATE|[20]|Bytes:4
13:58:32.0 (112819500)|VARIABLE_ASSIGNMENT|[19]|this.CloseDate|"2020-01-11T00:00:00.000Z"|0x73a9647c
13:58:32.0 (112828413)|HEAP_ALLOCATE|[21]|Bytes:11
13:58:32.0 (112844113)|VARIABLE_ASSIGNMENT|[19]|this.StageName|"Prospecting"|0x73a9647c
13:58:32.0 (112878572)|VARIABLE_ASSIGNMENT|[19]|this.AccountId|"0011r00001nncA5AAI"|0x73a9647c
13:58:32.0 (112912085)|VARIABLE_SCOPE_BEGIN|[19]|oOpportunity|Opportunity|true|false
13:58:32.0 (112940347)|VARIABLE_ASSIGNMENT|[19]|oOpportunity|{"Name":"Oportunidad","CloseDate":"2020-01-11T00:00:00.000Z","StageName":"Prospecting","AccountId":"0011r00001nncA5AAI"}|0x73a9647c
13:58:32.0 (112947764)|STATEMENT_EXECUTE|[23]
13:58:32.0 (112966951)|HEAP_ALLOCATE|[23]|Bytes:8
13:58:32.0 (112974067)|DML_BEGIN|[23]|Op:Insert|Type:Opportunity|Rows:1
13:58:32.0 (113010401)|HEAP_ALLOCATE|[EXTERNAL]|Bytes:8
13:58:32.0 (141663264)|CODE_UNIT_STARTED|[EXTERNAL]|01q1r000000Bcgl|ClosedOpportunityTrigger on Opportunity trigger event AfterInsert
13:58:32.0 (141714942)|HEAP_ALLOCATE|[EXTERNAL]|Bytes:8
13:58:32.0 (141967436)|HEAP_ALLOCATE|[EXTERNAL]|Bytes:8
13:58:32.0 (141982223)|VARIABLE_SCOPE_BEGIN|[1]|this|ClosedOpportunityTrigger|true|false
13:58:32.0 (142062111)|VARIABLE_ASSIGNMENT|[1]|this|{}|0x5d533fc5
13:58:32.0 (142128961)|HEAP_ALLOCATE|[EXTERNAL]|Bytes:8
13:58:32.0 (142137586)|VARIABLE_SCOPE_BEGIN|[1]|this|ClosedOpportunityTrigger|true|false
13:58:32.0 (142151893)|VARIABLE_ASSIGNMENT|[1]|this|{}|0x5d533fc5
13:58:32.0 (142162221)|STATEMENT_EXECUTE|[1]
13:58:32.0 (142164517)|STATEMENT_EXECUTE|[3]
13:58:32.0 (142214687)|HEAP_ALLOCATE|[3]|Bytes:4
13:58:32.0 (142376891)|HEAP_ALLOCATE|[EXTERNAL]|Bytes:4
13:58:32.0 (142391824)|VARIABLE_ASSIGNMENT|[3]|this.taskList|[]|0x5d533fc5
13:58:32.0 (142402565)|HEAP_ALLOCATE|[5]|Bytes:89
13:58:32.0 (142422396)|HEAP_ALLOCATE|[5]|Bytes:4
13:58:32.0 (142439094)|HEAP_ALLOCATE|[5]|Bytes:7
13:58:32.0 (142792230)|SOQL_EXECUTE_BEGIN|[5]|Aggregations:0|SELECT Id, StageName FROM Opportunity 
13:58:32.0 (148324671)|SOQL_EXECUTE_END|[5]|Rows:0
13:58:32.0 (148490318)|HEAP_ALLOCATE|[5]|Bytes:54
13:58:32.0 (148500994)|HEAP_ALLOCATE|[5]|Bytes:8
13:58:32.0 (148530484)|SYSTEM_METHOD_ENTRY|[7]|QueryLocatorIterator.QueryLocatorIterator()
13:58:32.0 (148536451)|STATEMENT_EXECUTE|[7]
13:58:32.0 (148546212)|SYSTEM_METHOD_EXIT|[7]|QueryLocatorIterator
13:58:32.0 (148554113)|HEAP_ALLOCATE|[5]|Bytes:28
13:58:32.0 (148570363)|HEAP_ALLOCATE|[5]|Bytes:8
13:58:32.0 (148574358)|HEAP_ALLOCATE|[5]|Bytes:8
13:58:32.0 (148579788)|VARIABLE_SCOPE_BEGIN|[15]|this|Database.QueryLocatorIterator|true|false
13:58:32.0 (148617860)|VARIABLE_ASSIGNMENT|[15]|this|{}|0x3f604b0e
13:58:32.0 (148625227)|VARIABLE_SCOPE_BEGIN|[15]|values|List<SObject>|true|false
13:58:32.0 (148634503)|VARIABLE_ASSIGNMENT|[15]|values|null|
13:58:32.0 (148638433)|VARIABLE_SCOPE_BEGIN|[15]|ql|Database.QueryLocator|true|false
13:58:32.0 (148666684)|VARIABLE_ASSIGNMENT|[15]|ql|{"query":"SELECT Id, StageName (69 more) ..."}|0x73c1b072
13:58:32.0 (148672779)|VARIABLE_SCOPE_BEGIN|[15]|totalNumRecords|Integer|false|false
13:58:32.0 (148681707)|VARIABLE_ASSIGNMENT|[15]|totalNumRecords|0
13:58:32.0 (148686190)|VARIABLE_SCOPE_BEGIN|[15]|queryMoreSize|Integer|false|false
13:58:32.0 (148693308)|VARIABLE_ASSIGNMENT|[15]|queryMoreSize|50000
13:58:32.0 (148787599)|HEAP_ALLOCATE|[5]|Bytes:28
13:58:32.0 (148820255)|METHOD_ENTRY|[5]||Database.QueryLocatorIterator.hasNext()
13:58:32.0 (148857290)|METHOD_EXIT|[5]||Database.QueryLocatorIterator.hasNext()
13:58:32.0 (148867716)|VARIABLE_ASSIGNMENT|[5]|opp|null|
13:58:32.0 (148875874)|STATEMENT_EXECUTE|[5]
13:58:32.0 (148929794)|STATEMENT_EXECUTE|[12]
13:58:32.148 (148935678)|CUMULATIVE_LIMIT_USAGE
13:58:32.148 (148935678)|LIMIT_USAGE_FOR_NS|(default)|
  Number of SOQL queries: 1 out of 100
  Number of query rows: 0 out of 50000
  Number of SOSL queries: 0 out of 20
  Number of DML statements: 4 out of 150
  Number of DML rows: 4 out of 10000
  Maximum CPU time: 0 out of 10000
  Maximum heap size: 0 out of 6000000
  Number of callouts: 0 out of 100
  Number of Email Invocations: 0 out of 10
  Number of future calls: 0 out of 50
  Number of queueable jobs added to the queue: 0 out of 50
  Number of Mobile Apex push calls: 0 out of 10

13:58:32.148 (148935678)|CUMULATIVE_LIMIT_USAGE_END

13:58:32.0 (149783422)|CODE_UNIT_FINISHED|ClosedOpportunityTrigger on Opportunity trigger event AfterInsert
13:58:32.0 (150901880)|DML_END|[23]
13:58:32.0 (150920228)|STATEMENT_EXECUTE|[25]
13:58:32.0 (150940912)|HEAP_ALLOCATE|[25]|Bytes:4
13:58:32.0 (150968315)|VARIABLE_SCOPE_BEGIN|[25]|listTask|List<Task>|true|false
13:58:32.0 (150980321)|HEAP_ALLOCATE|[EXTERNAL]|Bytes:4
13:58:32.0 (150990498)|VARIABLE_ASSIGNMENT|[25]|listTask|[]|0x54e0b822
13:58:32.0 (150996827)|STATEMENT_EXECUTE|[27]
13:58:32.0 (151012852)|HEAP_ALLOCATE|[27]|Bytes:4
13:58:32.0 (151083510)|HEAP_ALLOCATE|[27]|Bytes:4
13:58:32.0 (151129046)|VARIABLE_ASSIGNMENT|[27]|this.Subject|"Task"|0x69e5b18b
13:58:32.0 (151136724)|HEAP_ALLOCATE|[28]|Bytes:6
13:58:32.0 (151152981)|VARIABLE_ASSIGNMENT|[27]|this.Priority|"Normal"|0x69e5b18b
13:58:32.0 (151159860)|HEAP_ALLOCATE|[29]|Bytes:11
13:58:32.0 (151173248)|VARIABLE_ASSIGNMENT|[27]|this.Status|"Not Started"|0x69e5b18b
13:58:32.0 (151211927)|VARIABLE_ASSIGNMENT|[27]|this.WhatId|"0011r00001nncA4AAI"|0x69e5b18b
13:58:32.0 (151269939)|HEAP_ALLOCATE|[31]|Bytes:4
13:58:32.0 (151316676)|VARIABLE_ASSIGNMENT|[27]|this.ActivityDate|"2020-01-11T00:00:00.000Z"|0x69e5b18b
13:58:32.0 (151346219)|VARIABLE_SCOPE_BEGIN|[27]|oTask|Task|true|false
13:58:32.0 (151368111)|VARIABLE_ASSIGNMENT|[27]|oTask|{"Subject":"Task","Priority":"Normal","Status":"Not Started","WhatId":"0011r00001nncA4AAI","ActivityDate":"2020-01-11T00:00:00.000Z"}|0x69e5b18b
13:58:32.0 (151375588)|STATEMENT_EXECUTE|[33]
13:58:32.0 (151404860)|HEAP_ALLOCATE|[EXTERNAL]|Bytes:4
13:58:32.0 (151414313)|STATEMENT_EXECUTE|[35]
13:58:32.0 (151428609)|HEAP_ALLOCATE|[35]|Bytes:4
13:58:32.0 (151437907)|HEAP_ALLOCATE|[35]|Bytes:5
13:58:32.0 (151455127)|VARIABLE_ASSIGNMENT|[35]|this.Subject|"Task2"|0xe2cbf1a
13:58:32.0 (151468848)|VARIABLE_ASSIGNMENT|[35]|this.Priority|"Normal"|0xe2cbf1a
13:58:32.0 (151475376)|HEAP_ALLOCATE|[37]|Bytes:11
13:58:32.0 (151486029)|VARIABLE_ASSIGNMENT|[35]|this.Status|"in Progress"|0xe2cbf1a
13:58:32.0 (151513023)|VARIABLE_ASSIGNMENT|[35]|this.WhatId|"0061r00000vk6yqAAA"|0xe2cbf1a
13:58:32.0 (151550221)|HEAP_ALLOCATE|[39]|Bytes:4
13:58:32.0 (151577461)|VARIABLE_ASSIGNMENT|[35]|this.ActivityDate|"2022-01-11T00:00:00.000Z"|0xe2cbf1a
13:58:32.0 (151594639)|VARIABLE_SCOPE_BEGIN|[35]|oTask2|Task|true|false
13:58:32.0 (151612324)|VARIABLE_ASSIGNMENT|[35]|oTask2|{"Subject":"Task2","Priority":"Normal","Status":"in Progress","WhatId":"0061r00000vk6yqAAA","ActivityDate":"2022-01-11T00:00:00.000Z"}|0xe2cbf1a
13:58:32.0 (151619471)|STATEMENT_EXECUTE|[41]
13:58:32.0 (151640792)|HEAP_ALLOCATE|[EXTERNAL]|Bytes:4
13:58:32.0 (151649373)|STATEMENT_EXECUTE|[45]
13:58:32.0 (151724722)|USER_DEBUG|[45]|DEBUG|Task:{Subject=Task, Priority=Normal, Status=Not Started, WhatId=0011r00001nncA4AAI, ActivityDate=2020-01-11 00:00:00}
13:58:32.0 (151737167)|STATEMENT_EXECUTE|[47]
13:58:32.0 (151766624)|USER_DEBUG|[47]|DEBUG|Task:{Subject=Task2, Priority=Normal, Status=in Progress, WhatId=0061r00000vk6yqAAA, ActivityDate=2022-01-11 00:00:00}
13:58:32.0 (151893422)|HEAP_ALLOCATE|[49]|Bytes:5
13:58:32.0 (151924626)|HEAP_ALLOCATE|[49]|Bytes:24
13:58:32.0 (151934390)|VARIABLE_SCOPE_BEGIN|[49]|inTask|Task|true|false
13:58:32.0 (151955532)|VARIABLE_ASSIGNMENT|[49]|inTask|{"Subject":"Task","Priority":"Normal","Status":"Not Started","WhatId":"0011r00001nncA4AAI","ActivityDate":"2020-01-11T00:00:00.000Z"}|0x69e5b18b
13:58:32.0 (151963760)|STATEMENT_EXECUTE|[49]
13:58:32.0 (151965430)|STATEMENT_EXECUTE|[50]
13:58:32.0 (151980914)|USER_DEBUG|[50]|DEBUG|null
13:58:32.0 (151988991)|STATEMENT_EXECUTE|[51]
13:58:32.0 (151992101)|HEAP_ALLOCATE|[51]|Bytes:9
13:58:32.0 (152034170)|VARIABLE_ASSIGNMENT|[51]|this.Status|"Completed"|0x69e5b18b
13:58:32.0 (152051378)|HEAP_ALLOCATE|[49]|Bytes:5
13:58:32.0 (152062863)|HEAP_ALLOCATE|[49]|Bytes:24
13:58:32.0 (152069433)|VARIABLE_SCOPE_BEGIN|[49]|inTask|Task|true|false
13:58:32.0 (152087049)|VARIABLE_ASSIGNMENT|[49]|inTask|{"Subject":"Task2","Priority":"Normal","Status":"in Progress","WhatId":"0061r00000vk6yqAAA","ActivityDate":"2022-01-11T00:00:00.000Z"}|0xe2cbf1a
13:58:32.0 (152094264)|STATEMENT_EXECUTE|[49]
13:58:32.0 (152095866)|STATEMENT_EXECUTE|[50]
13:58:32.0 (152103246)|USER_DEBUG|[50]|DEBUG|null
13:58:32.0 (152110233)|STATEMENT_EXECUTE|[51]
13:58:32.0 (152128465)|VARIABLE_ASSIGNMENT|[51]|this.Status|"Completed"|0xe2cbf1a
13:58:32.0 (152141524)|HEAP_ALLOCATE|[49]|Bytes:5
13:58:32.0 (152151584)|VARIABLE_ASSIGNMENT|[49]|inTask|null|
13:58:32.0 (152156987)|STATEMENT_EXECUTE|[54]
13:58:32.0 (152190986)|USER_DEBUG|[54]|DEBUG|Task:{Subject=Task, Priority=Normal, Status=Completed, WhatId=0011r00001nncA4AAI, ActivityDate=2020-01-11 00:00:00}
13:58:32.0 (152200442)|STATEMENT_EXECUTE|[56]
13:58:32.0 (152225287)|USER_DEBUG|[56]|DEBUG|Task:{Subject=Task2, Priority=Normal, Status=Completed, WhatId=0061r00000vk6yqAAA, ActivityDate=2022-01-11 00:00:00}
13:58:32.0 (152234028)|STATEMENT_EXECUTE|[58]
13:58:32.0 (152283934)|USER_DEBUG|[58]|DEBUG|(Task:{Subject=Task, Priority=Normal, Status=Completed, WhatId=0011r00001nncA4AAI, ActivityDate=2020-01-11 00:00:00}, Task:{Subject=Task2, Priority=Normal, Status=Completed, WhatId=0061r00000vk6yqAAA, ActivityDate=2022-01-11 00:00:00})
13:58:32.0 (152296084)|STATEMENT_EXECUTE|[60]
13:58:32.0 (152327171)|DML_BEGIN|[60]|Op:Update|Type:Task|Rows:2
13:58:32.0 (152357357)|HEAP_ALLOCATE|[EXTERNAL]|Bytes:12
13:58:32.0 (153083658)|DML_END|[60]
13:58:32.0 (153178026)|EXCEPTION_THROWN|[60]|System.DmlException: Update failed. First exception on row 0; first error: MISSING_ARGUMENT, Id not specified in an update call: []
13:58:32.0 (153582384)|HEAP_ALLOCATE|[60]|Bytes:114
13:58:32.0 (153657094)|FATAL_ERROR|System.DmlException: Update failed. First exception on row 0; first error: MISSING_ARGUMENT, Id not specified in an update call: []

Class.TaskTest.testCerrarTarea: line 60, column 1
13:58:32.0 (153669977)|FATAL_ERROR|System.DmlException: Update failed. First exception on row 0; first error: MISSING_ARGUMENT, Id not specified in an update call: []

Class.TaskTest.testCerrarTarea: line 60, column 1
13:58:32.153 (153677348)|CUMULATIVE_LIMIT_USAGE
13:58:32.153 (153677348)|LIMIT_USAGE_FOR_NS|(default)|
  Number of SOQL queries: 1 out of 100
  Number of query rows: 0 out of 50000
  Number of SOSL queries: 0 out of 20
  Number of DML statements: 5 out of 150
  Number of DML rows: 6 out of 10000
  Maximum CPU time: 0 out of 10000
  Maximum heap size: 0 out of 6000000
  Number of callouts: 0 out of 100
  Number of Email Invocations: 0 out of 10
  Number of future calls: 0 out of 50
  Number of queueable jobs added to the queue: 0 out of 50
  Number of Mobile Apex push calls: 0 out of 10

13:58:32.153 (153677348)|CUMULATIVE_LIMIT_USAGE_END

13:58:32.0 (153699422)|CODE_UNIT_FINISHED|TaskTest.testCerrarTarea
13:58:32.0 (154723529)|EXECUTION_FINISHED
13:58:32.253 (253803287)|USER_INFO|[EXTERNAL]|0051r000007Oz5Q|lydia.abril@gmail.com|hora estándar de Europa central|GMT+02:00
13:58:32.253 (253832114)|EXECUTION_STARTED
13:58:32.253 (253836907)|CODE_UNIT_STARTED|[EXTERNAL]|DuplicateDetector
13:58:32.253 (253846713)|DUPLICATE_DETECTION_BEGIN
13:58:32.253 (253898634)|DUPLICATE_DETECTION_RULE_INVOCATION|DuplicateRuleId:0Bm1r0000018X88|DuplicateRuleName:Standard Account Duplicate Rule|DmlType:INSERT
13:58:32.253 (262949073)|DUPLICATE_DETECTION_END
13:58:32.253 (262956648)|CODE_UNIT_FINISHED|DuplicateDetector
13:58:32.253 (263809690)|EXECUTION_FINISHED
