36.0 APEX_CODE,FINEST;APEX_PROFILING,INFO;CALLOUT,INFO;DB,INFO;SYSTEM,DEBUG;VALIDATION,INFO;VISUALFORCE,INFO;WAVE,INFO;WORKFLOW,INFO
09:18:22.1 (1028443)|USER_INFO|[EXTERNAL]|0051r000007Oz5Q|lydia.abril@gmail.com|hora estándar de Europa central|GMT+02:00
09:18:22.1 (1082276)|EXECUTION_STARTED
09:18:22.1 (1087998)|CODE_UNIT_STARTED|[EXTERNAL]|01p1r000008aN28|PasajeroTest.RellenarContactoTest
09:18:22.1 (1345512)|HEAP_ALLOCATE|[72]|Bytes:3
09:18:22.1 (1388112)|HEAP_ALLOCATE|[77]|Bytes:152
09:18:22.1 (1404465)|HEAP_ALLOCATE|[342]|Bytes:408
09:18:22.1 (1420131)|HEAP_ALLOCATE|[355]|Bytes:408
09:18:22.1 (1431958)|HEAP_ALLOCATE|[467]|Bytes:48
09:18:22.1 (1459907)|HEAP_ALLOCATE|[139]|Bytes:6
09:18:22.1 (1475175)|HEAP_ALLOCATE|[EXTERNAL]|Bytes:143
09:18:22.1 (1522831)|METHOD_ENTRY|[2]|01p1r000008aN28|PasajeroTest.PasajeroTest()
09:18:22.1 (1531844)|STATEMENT_EXECUTE|[2]
09:18:22.1 (1537226)|STATEMENT_EXECUTE|[2]
09:18:22.1 (1550708)|METHOD_EXIT|[2]|PasajeroTest
09:18:22.1 (1733805)|HEAP_ALLOCATE|[50]|Bytes:5
09:18:22.1 (1763303)|HEAP_ALLOCATE|[56]|Bytes:5
09:18:22.1 (1772556)|HEAP_ALLOCATE|[64]|Bytes:7
09:18:22.1 (1815298)|STATEMENT_EXECUTE|[4]
09:18:22.1 (1817657)|STATEMENT_EXECUTE|[6]
09:18:22.1 (1870118)|HEAP_ALLOCATE|[6]|Bytes:4
09:18:22.1 (1949065)|HEAP_ALLOCATE|[6]|Bytes:13
09:18:22.1 (2006770)|VARIABLE_ASSIGNMENT|[6]|this.Name|"CuentaPrueba0"|0x4acb3f42
09:18:22.1 (2038080)|VARIABLE_SCOPE_BEGIN|[6]|oAccount|Account|true|false
09:18:22.1 (2198494)|VARIABLE_ASSIGNMENT|[6]|oAccount|{"Name":"CuentaPrueba0"}|0x4acb3f42
09:18:22.1 (2205775)|STATEMENT_EXECUTE|[7]
09:18:22.1 (2229946)|HEAP_ALLOCATE|[7]|Bytes:8
09:18:22.1 (2240619)|DML_BEGIN|[7]|Op:Insert|Type:Account|Rows:1
09:18:22.1 (2273923)|HEAP_ALLOCATE|[EXTERNAL]|Bytes:8
09:18:22.1 (34903708)|CODE_UNIT_STARTED|[EXTERNAL]|DuplicateDetector
09:18:22.1 (34931400)|DUPLICATE_DETECTION_BEGIN
09:18:22.1 (35723750)|DUPLICATE_DETECTION_RULE_INVOCATION|DuplicateRuleId:0Bm1r0000018X88|DuplicateRuleName:Standard Account Duplicate Rule|DmlType:INSERT
09:18:22.1 (60621991)|DUPLICATE_DETECTION_MATCH_INVOCATION_DETAILS|EntityType:Account|ActionTaken:Allow_[Alert,Report]|DuplicateRecordIds:
09:18:22.1 (60663434)|DUPLICATE_DETECTION_MATCH_INVOCATION_SUMMARY|EntityType:Account|NumRecordsToBeSaved:1|NumRecordsToBeSavedWithDuplicates:0|NumDuplicateRecordsFound:0
09:18:22.1 (60817972)|DUPLICATE_DETECTION_END
09:18:22.1 (60825400)|CODE_UNIT_FINISHED|DuplicateDetector
09:18:22.1 (99152993)|DML_END|[7]
09:18:22.1 (99200101)|STATEMENT_EXECUTE|[9]
09:18:22.1 (99276789)|HEAP_ALLOCATE|[9]|Bytes:4
09:18:22.1 (99419576)|HEAP_ALLOCATE|[9]|Bytes:15
09:18:22.1 (99487510)|VARIABLE_ASSIGNMENT|[9]|this.LastName|"ContactoPrueba0"|0x6891cb1
09:18:22.1 (99521732)|HEAP_ALLOCATE|[9]|Bytes:9
09:18:22.1 (99552728)|VARIABLE_ASSIGNMENT|[9]|this.Nif__c|"47898592B"|0x6891cb1
09:18:22.1 (99639613)|VARIABLE_ASSIGNMENT|[9]|this.AccountId|"0011r00001nognAAAQ"|0x6891cb1
09:18:22.1 (99693129)|VARIABLE_SCOPE_BEGIN|[9]|oContact|Contact|true|false
09:18:22.1 (99726017)|VARIABLE_ASSIGNMENT|[9]|oContact|{"LastName":"ContactoPrueba0","Nif__c":"47898592B","AccountId":"0011r00001nognAAAQ"}|0x6891cb1
09:18:22.1 (99737145)|STATEMENT_EXECUTE|[11]
09:18:22.1 (99771906)|HEAP_ALLOCATE|[11]|Bytes:8
09:18:22.1 (99786142)|DML_BEGIN|[11]|Op:Insert|Type:Contact|Rows:1
09:18:22.1 (99834360)|HEAP_ALLOCATE|[EXTERNAL]|Bytes:8
09:18:22.1 (112253976)|CODE_UNIT_STARTED|[EXTERNAL]|01q1r000000j4Bx|ContactTrigger on Contact trigger event BeforeInsert
09:18:22.1 (112301128)|HEAP_ALLOCATE|[EXTERNAL]|Bytes:8
09:18:22.1 (112467087)|HEAP_ALLOCATE|[EXTERNAL]|Bytes:8
09:18:22.1 (112480463)|VARIABLE_SCOPE_BEGIN|[1]|this|ContactTrigger|true|false
09:18:22.1 (112563326)|VARIABLE_ASSIGNMENT|[1]|this|{}|0x4a031105
09:18:22.1 (112618959)|HEAP_ALLOCATE|[EXTERNAL]|Bytes:8
09:18:22.1 (112626844)|VARIABLE_SCOPE_BEGIN|[1]|this|ContactTrigger|true|false
09:18:22.1 (112643046)|VARIABLE_ASSIGNMENT|[1]|this|{}|0x4a031105
09:18:22.1 (112652561)|STATEMENT_EXECUTE|[1]
09:18:22.1 (112655064)|STATEMENT_EXECUTE|[3]
09:18:22.1 (113154978)|VARIABLE_ASSIGNMENT|[3]|this.listNew|[{"IsDeleted":false,"AccountId":"0011r00001nognAAAQ","IsEmailBounced":false,"CleanStatus":"Pending","DoNotCall":false,"OwnerId":"0051r000007Oz5QAAS","Premium__c":false,"HasOptedOutOfEmail":false,"HasOptedOutOfFax":false,"Nif__c":"47898592B","LastName":"ContactoPrueba0"}]|0x4a031105
09:18:22.1 (113189054)|STATEMENT_EXECUTE|[5]
09:18:22.1 (113196664)|STATEMENT_EXECUTE|[6]
09:18:22.1 (113198510)|STATEMENT_EXECUTE|[7]
09:18:22.1 (114996661)|HEAP_ALLOCATE|[7]|Bytes:1
09:18:22.1 (115054764)|METHOD_ENTRY|[1]|01p1r000008aKc5|ContactMethods.ContactMethods()
09:18:22.1 (115067181)|STATEMENT_EXECUTE|[1]
09:18:22.1 (115075111)|STATEMENT_EXECUTE|[1]
09:18:22.1 (115534183)|SYSTEM_MODE_ENTER|false
09:18:22.1 (115554330)|HEAP_ALLOCATE|[7]|Bytes:5
09:18:22.1 (115566951)|SYSTEM_MODE_EXIT|false
09:18:22.1 (115581881)|METHOD_EXIT|[1]|ContactMethods
09:18:22.1 (115616973)|METHOD_ENTRY|[7]|01p1r000008aKc5|ContactMethods.ValidarNif(List<Contact>)
09:18:22.1 (115659295)|VARIABLE_SCOPE_BEGIN|[3]|listNew|List<Contact>|true|false
09:18:22.1 (116058576)|VARIABLE_ASSIGNMENT|[3]|listNew|[{"IsDeleted":false,"AccountId":"0011r00001nognAAAQ","IsEmailBounced":false,"CleanStatus":"Pending","DoNotCall":false,"OwnerId":"0051r000007Oz5QAAS","Premium__c":false,"HasOptedOutOfEmail":false,"HasOptedOutOfFax":false,"Nif__c":"47898592B","LastName":"ContactoPrueba0"}]|0x2a893363
09:18:22.1 (116098449)|SYSTEM_MODE_ENTER|false
09:18:22.1 (116108732)|HEAP_ALLOCATE|[5]|Bytes:5
09:18:22.1 (116144213)|STATEMENT_EXECUTE|[3]
09:18:22.1 (116247394)|STATEMENT_EXECUTE|[5]
09:18:22.1 (116424038)|HEAP_ALLOCATE|[7]|Bytes:5
09:18:22.1 (116470650)|HEAP_ALLOCATE|[7]|Bytes:4
09:18:22.1 (116489935)|VARIABLE_SCOPE_BEGIN|[7]|inContact|Contact|true|false
09:18:22.1 (116854575)|VARIABLE_ASSIGNMENT|[7]|inContact|{"IsDeleted":false,"AccountId":"0011r00001nognAAAQ","IsEmailBounced":false,"CleanStatus":"Pending","DoNotCall":false,"OwnerId":"0051r000007Oz5QAAS","Premium__c":false,"HasOptedOutOfEmail":false,"HasOptedOutOfFax":false,"Nif__c":"47898592B","LastName":"ContactoPrueba0"}|0x730676dc
09:18:22.1 (116868029)|STATEMENT_EXECUTE|[7]
09:18:22.1 (118500715)|HEAP_ALLOCATE|[8]|Bytes:1
09:18:22.1 (118511357)|HEAP_ALLOCATE|[8]|Bytes:7
09:18:22.1 (118525146)|METHOD_ENTRY|[1]|01p1r000009oduV|Utils.Utils()
09:18:22.1 (118531954)|STATEMENT_EXECUTE|[1]
09:18:22.1 (118537213)|STATEMENT_EXECUTE|[1]
09:18:22.1 (118543793)|HEAP_ALLOCATE|[8]|Bytes:5
09:18:22.1 (118553577)|METHOD_EXIT|[1]|Utils
09:18:22.1 (118572867)|METHOD_ENTRY|[8]|01p1r000009oduV|Utils.isNifNie(String)
09:18:22.1 (118594619)|VARIABLE_SCOPE_BEGIN|[3]|nif|String|false|false
09:18:22.1 (118606743)|VARIABLE_ASSIGNMENT|[3]|nif|"47898592B"
09:18:22.1 (118621177)|HEAP_ALLOCATE|[5]|Bytes:5
09:18:22.1 (118626333)|STATEMENT_EXECUTE|[3]
09:18:22.1 (118628202)|STATEMENT_EXECUTE|[5]
09:18:22.1 (118631663)|HEAP_ALLOCATE|[5]|Bytes:4
09:18:22.1 (118651280)|HEAP_ALLOCATE|[5]|Bytes:13
09:18:22.1 (118696244)|USER_DEBUG|[5]|DEBUG|NIF 47898592B
09:18:22.1 (118736321)|HEAP_ALLOCATE|[7]|Bytes:9
09:18:22.1 (118747612)|HEAP_ALLOCATE|[7]|Bytes:1
09:18:22.1 (118773577)|HEAP_ALLOCATE|[7]|Bytes:9
09:18:22.1 (118781793)|HEAP_ALLOCATE|[7]|Bytes:1
09:18:22.1 (118797441)|HEAP_ALLOCATE|[7]|Bytes:9
09:18:22.1 (118804212)|HEAP_ALLOCATE|[7]|Bytes:1
09:18:22.1 (118816792)|STATEMENT_EXECUTE|[7]
09:18:22.1 (118818936)|STATEMENT_EXECUTE|[11]
09:18:22.1 (118821203)|HEAP_ALLOCATE|[11]|Bytes:59
09:18:22.1 (118854724)|HEAP_ALLOCATE|[11]|Bytes:24
09:18:22.1 (118864352)|SYSTEM_METHOD_ENTRY|[1]|Pattern.Pattern()
09:18:22.1 (118868482)|STATEMENT_EXECUTE|[1]
09:18:22.1 (118874185)|SYSTEM_METHOD_EXIT|[1]|Pattern
09:18:22.1 (118898973)|METHOD_ENTRY|[11]||System.Pattern.compile(String)
09:18:22.1 (119043004)|METHOD_EXIT|[11]||System.Pattern.compile(String)
09:18:22.1 (119049987)|VARIABLE_SCOPE_BEGIN|[11]|nifPattern|System.Pattern|true|false
09:18:22.1 (119089303)|VARIABLE_ASSIGNMENT|[11]|nifPattern|{"delegate":"0x66f47c7d"}|0x3f406725
09:18:22.1 (119097081)|STATEMENT_EXECUTE|[12]
09:18:22.1 (119106094)|METHOD_ENTRY|[12]||System.Pattern.matcher(String)
09:18:22.1 (119247773)|METHOD_EXIT|[12]||System.Pattern.matcher(String)
09:18:22.1 (119257863)|VARIABLE_SCOPE_BEGIN|[12]|m|System.Matcher|true|false
09:18:22.1 (119279475)|VARIABLE_ASSIGNMENT|[12]|m|{"delegate":"0x398de0fa"}|0x87492
09:18:22.1 (119293816)|METHOD_ENTRY|[13]||System.Matcher.matches()
09:18:22.1 (119349446)|METHOD_EXIT|[13]||System.Matcher.matches()
09:18:22.1 (119355553)|STATEMENT_EXECUTE|[13]
09:18:22.1 (119357507)|STATEMENT_EXECUTE|[14]
09:18:22.1 (119365306)|METHOD_ENTRY|[14]||System.Matcher.group(Integer)
09:18:22.1 (119414616)|METHOD_EXIT|[14]||System.Matcher.group(Integer)
09:18:22.1 (119419992)|VARIABLE_SCOPE_BEGIN|[14]|letra|String|false|false
09:18:22.1 (119429144)|VARIABLE_ASSIGNMENT|[14]|letra|"B"
09:18:22.1 (119434005)|STATEMENT_EXECUTE|[16]
09:18:22.1 (119436852)|HEAP_ALLOCATE|[16]|Bytes:23
09:18:22.1 (119441684)|VARIABLE_SCOPE_BEGIN|[16]|letras|String|false|false
09:18:22.1 (119451685)|VARIABLE_ASSIGNMENT|[16]|letras|"TRWAGMYFPDXBNJZSQVHL (3 more) ..."
09:18:22.1 (119456531)|STATEMENT_EXECUTE|[17]
09:18:22.1 (119461573)|METHOD_ENTRY|[17]||System.Matcher.group(Integer)
09:18:22.1 (119494957)|METHOD_EXIT|[17]||System.Matcher.group(Integer)
09:18:22.1 (119518288)|VARIABLE_SCOPE_BEGIN|[17]|dni|Integer|false|false
09:18:22.1 (119525658)|HEAP_ALLOCATE|[17]|Bytes:4
09:18:22.1 (119532636)|VARIABLE_ASSIGNMENT|[17]|dni|47898592
09:18:22.1 (119537506)|STATEMENT_EXECUTE|[18]
09:18:22.1 (119565418)|VARIABLE_SCOPE_BEGIN|[2]|Math.E|Double|false|true
09:18:22.1 (119573408)|VARIABLE_SCOPE_BEGIN|[3]|Math.PI|Double|false|true
09:18:22.1 (119584992)|HEAP_ALLOCATE|[18]|Bytes:206
09:18:22.1 (119594795)|SYSTEM_METHOD_ENTRY|[1]|Math.Math()
09:18:22.1 (119599041)|STATEMENT_EXECUTE|[1]
09:18:22.1 (119652624)|SYSTEM_METHOD_EXIT|[1]|Math
09:18:22.1 (119663627)|METHOD_ENTRY|[18]||System.Math.mod(Integer, Integer)
09:18:22.1 (119714990)|METHOD_EXIT|[18]||System.Math.mod(Integer, Integer)
09:18:22.1 (119720164)|HEAP_ALLOCATE|[18]|Bytes:4
09:18:22.1 (119726722)|VARIABLE_ASSIGNMENT|[18]|dni|11
09:18:22.1 (119731884)|STATEMENT_EXECUTE|[20]
09:18:22.1 (119759475)|HEAP_ALLOCATE|[20]|Bytes:1
09:18:22.1 (119770495)|VARIABLE_SCOPE_BEGIN|[20]|reference|String|false|false
09:18:22.1 (119779541)|VARIABLE_ASSIGNMENT|[20]|reference|"B"
09:18:22.1 (119802204)|STATEMENT_EXECUTE|[22]
09:18:22.1 (119804110)|STATEMENT_EXECUTE|[23]
09:18:22.1 (119806749)|HEAP_ALLOCATE|[23]|Bytes:21
09:18:22.1 (119812113)|HEAP_ALLOCATE|[23]|Bytes:1
09:18:22.1 (119821547)|HEAP_ALLOCATE|[23]|Bytes:24
09:18:22.1 (119837846)|USER_DEBUG|[23]|DEBUG|son iguales. Es NIF. B B
09:18:22.1 (119846400)|STATEMENT_EXECUTE|[24]
09:18:22.1 (119850803)|HEAP_ALLOCATE|[24]|Bytes:5
09:18:22.1 (119859503)|METHOD_EXIT|[8]|01p1r000009oduV|Utils.isNifNie(String)
09:18:22.1 (119865499)|STATEMENT_EXECUTE|[8]
09:18:22.1 (119875414)|HEAP_ALLOCATE|[7]|Bytes:5
09:18:22.1 (119888277)|VARIABLE_ASSIGNMENT|[7]|inContact|null|
09:18:22.1 (119894823)|SYSTEM_MODE_EXIT|false
09:18:22.1 (119902448)|METHOD_EXIT|[7]|01p1r000008aKc5|ContactMethods.ValidarNif(List<Contact>)
09:18:22.119 (119913989)|CUMULATIVE_LIMIT_USAGE
09:18:22.119 (119913989)|LIMIT_USAGE_FOR_NS|(default)|
  Number of SOQL queries: 0 out of 100
  Number of query rows: 0 out of 50000
  Number of SOSL queries: 0 out of 20
  Number of DML statements: 2 out of 150
  Number of DML rows: 2 out of 10000
  Maximum CPU time: 0 out of 10000
  Maximum heap size: 0 out of 6000000
  Number of callouts: 0 out of 100
  Number of Email Invocations: 0 out of 10
  Number of future calls: 0 out of 50
  Number of queueable jobs added to the queue: 0 out of 50
  Number of Mobile Apex push calls: 0 out of 10

09:18:22.119 (119913989)|CUMULATIVE_LIMIT_USAGE_END

09:18:22.1 (121116460)|CODE_UNIT_FINISHED|ContactTrigger on Contact trigger event BeforeInsert
09:18:22.1 (125387966)|CODE_UNIT_STARTED|[EXTERNAL]|DuplicateDetector
09:18:22.1 (125415006)|DUPLICATE_DETECTION_BEGIN
09:18:22.1 (125492152)|DUPLICATE_DETECTION_RULE_INVOCATION|DuplicateRuleId:0Bm1r0000018X89|DuplicateRuleName:Standard Contact Duplicate Rule|DmlType:INSERT
09:18:22.1 (176993030)|DUPLICATE_DETECTION_MATCH_INVOCATION_DETAILS|EntityType:Contact|ActionTaken:Allow_[Alert,Report]|DuplicateRecordIds:
09:18:22.1 (177018812)|DUPLICATE_DETECTION_MATCH_INVOCATION_SUMMARY|EntityType:Contact|NumRecordsToBeSaved:1|NumRecordsToBeSavedWithDuplicates:0|NumDuplicateRecordsFound:0
09:18:22.1 (177030084)|DUPLICATE_DETECTION_MATCH_INVOCATION_DETAILS|EntityType:Contact|ActionTaken:Allow_[Alert,Report]|DuplicateRecordIds:
09:18:22.1 (177037094)|DUPLICATE_DETECTION_MATCH_INVOCATION_SUMMARY|EntityType:Contact|NumRecordsToBeSaved:1|NumRecordsToBeSavedWithDuplicates:0|NumDuplicateRecordsFound:0
09:18:22.1 (177166021)|DUPLICATE_DETECTION_END
09:18:22.1 (177172496)|CODE_UNIT_FINISHED|DuplicateDetector
09:18:22.1 (199569775)|DML_END|[11]
09:18:22.1 (199600357)|STATEMENT_EXECUTE|[13]
09:18:22.1 (199679883)|HEAP_ALLOCATE|[13]|Bytes:4
09:18:22.1 (199794740)|HEAP_ALLOCATE|[13]|Bytes:14
09:18:22.1 (199849580)|VARIABLE_ASSIGNMENT|[13]|this.Name|"ReservaPrueba0"|0x3c4bd621
09:18:22.1 (199859154)|HEAP_ALLOCATE|[14]|Bytes:6
09:18:22.1 (199879696)|VARIABLE_ASSIGNMENT|[13]|this.Origen__c|"Madrid"|0x3c4bd621
09:18:22.1 (199887692)|HEAP_ALLOCATE|[15]|Bytes:4
09:18:22.1 (199902568)|VARIABLE_ASSIGNMENT|[13]|this.Destino__c|"Roma"|0x3c4bd621
09:18:22.1 (199909088)|HEAP_ALLOCATE|[16]|Bytes:7
09:18:22.1 (199921048)|VARIABLE_ASSIGNMENT|[13]|this.Case__c|"Turista"|0x3c4bd621
09:18:22.1 (199966534)|VARIABLE_ASSIGNMENT|[13]|this.Contacto__c|"0031r0000262Ll1AAE"|0x3c4bd621
09:18:22.1 (200022299)|HEAP_ALLOCATE|[18]|Bytes:4
09:18:22.1 (200089857)|HEAP_ALLOCATE|[18]|Bytes:56
09:18:22.1 (200133873)|VARIABLE_ASSIGNMENT|[13]|this.Fecha_Salida__c|"2019-01-10T23:00:00.000Z"|0x3c4bd621
09:18:22.1 (200141746)|HEAP_ALLOCATE|[19]|Bytes:4
09:18:22.1 (200158137)|VARIABLE_ASSIGNMENT|[13]|this.Observaciones__c|"Nada"|0x3c4bd621
09:18:22.1 (200188062)|VARIABLE_SCOPE_BEGIN|[13]|oReserva|Reserva_Vuelo__c|true|false
09:18:22.1 (200217238)|VARIABLE_ASSIGNMENT|[13]|oReserva|{"Name":"ReservaPrueba0","Origen__c":"Madrid","Destino__c":"Roma","Case__c":"Turista","Contacto__c":"0031r0000262Ll1AAE","Fecha_Salida__c":"2019-01-10T23:00:00.000Z","Observaciones__c":"Nada"}|0x3c4bd621
09:18:22.1 (200226729)|STATEMENT_EXECUTE|[21]
09:18:22.1 (200244536)|HEAP_ALLOCATE|[21]|Bytes:8
09:18:22.1 (200255036)|DML_BEGIN|[21]|Op:Insert|Type:Reserva_Vuelo__c|Rows:1
09:18:22.1 (200291962)|HEAP_ALLOCATE|[EXTERNAL]|Bytes:8
09:18:22.1 (239826302)|CODE_UNIT_STARTED|[EXTERNAL]|01q1r000000isRT|ReservaVueloTrigger on Reserva_Vuelo trigger event BeforeInsert
09:18:22.1 (239868903)|HEAP_ALLOCATE|[EXTERNAL]|Bytes:8
09:18:22.1 (239986582)|HEAP_ALLOCATE|[EXTERNAL]|Bytes:12
09:18:22.1 (240001268)|VARIABLE_SCOPE_BEGIN|[1]|this|ReservaVueloTrigger|true|false
09:18:22.1 (240054245)|VARIABLE_ASSIGNMENT|[1]|this|{}|0x5f4b2b01
09:18:22.1 (240106561)|HEAP_ALLOCATE|[EXTERNAL]|Bytes:12
09:18:22.1 (240142899)|VARIABLE_SCOPE_BEGIN|[1]|this|ReservaVueloTrigger|true|false
09:18:22.1 (240158784)|VARIABLE_ASSIGNMENT|[1]|this|{}|0x5f4b2b01
09:18:22.1 (240168845)|STATEMENT_EXECUTE|[1]
09:18:22.1 (240171500)|STATEMENT_EXECUTE|[4]
09:18:22.1 (240458073)|VARIABLE_ASSIGNMENT|[4]|this.listNew|[{"Contacto__c":"0031r0000262Ll1AAE","Origen__c":"Madrid","Destino__c":"Roma","IsDeleted":false,"Fecha_Salida__c":"2019-01-10T23:00:00.000Z","OwnerId":"0051r000007Oz5QAAS","Observaciones__c":"Nada","Case__c":"Turista","Modificado__c":false,"Name":"ReservaPrueba0"}]|0x5f4b2b01
09:18:22.1 (240475563)|STATEMENT_EXECUTE|[7]
09:18:22.1 (240493861)|VARIABLE_ASSIGNMENT|[7]|this.mapOld|null|0x5f4b2b01
09:18:22.1 (240507836)|STATEMENT_EXECUTE|[10]
09:18:22.1 (240512242)|STATEMENT_EXECUTE|[11]
09:18:22.1 (240513879)|STATEMENT_EXECUTE|[12]
09:18:22.1 (244076058)|HEAP_ALLOCATE|[12]|Bytes:4
09:18:22.1 (244101141)|METHOD_ENTRY|[1]|01p1r000007Yidp|ReservaVueloMethods.ReservaVueloMethods()
09:18:22.1 (244108772)|STATEMENT_EXECUTE|[1]
09:18:22.1 (244113836)|STATEMENT_EXECUTE|[1]
09:18:22.1 (244494692)|SYSTEM_MODE_ENTER|false
09:18:22.1 (244506134)|HEAP_ALLOCATE|[12]|Bytes:5
09:18:22.1 (244515799)|SYSTEM_MODE_EXIT|false
09:18:22.1 (244525566)|METHOD_EXIT|[1]|ReservaVueloMethods
09:18:22.1 (244553103)|METHOD_ENTRY|[12]|01p1r000007Yidp|ReservaVueloMethods.RellenarCuenta(List<Reserva_Vuelo__c>)
09:18:22.1 (244593795)|VARIABLE_SCOPE_BEGIN|[4]|listReservas|List<Reserva_Vuelo__c>|true|false
09:18:22.1 (244730227)|VARIABLE_ASSIGNMENT|[4]|listReservas|[{"Contacto__c":"0031r0000262Ll1AAE","Origen__c":"Madrid","Destino__c":"Roma","IsDeleted":false,"Fecha_Salida__c":"2019-01-10T23:00:00.000Z","OwnerId":"0051r000007Oz5QAAS","Observaciones__c":"Nada","Case__c":"Turista","Modificado__c":false,"Name":"ReservaPrueba0"}]|0x1b1953a9
09:18:22.1 (244764395)|SYSTEM_MODE_ENTER|false
09:18:22.1 (244771955)|HEAP_ALLOCATE|[6]|Bytes:5
09:18:22.1 (244778436)|STATEMENT_EXECUTE|[4]
09:18:22.1 (244864335)|STATEMENT_EXECUTE|[6]
09:18:22.1 (244867231)|STATEMENT_EXECUTE|[9]
09:18:22.1 (244881359)|HEAP_ALLOCATE|[9]|Bytes:4
09:18:22.1 (244913717)|VARIABLE_SCOPE_BEGIN|[9]|listContactosIds|Set<String>|true|false
09:18:22.1 (244939701)|VARIABLE_ASSIGNMENT|[9]|listContactosIds|[]|0x10e2e2bc
09:18:22.1 (245034844)|HEAP_ALLOCATE|[10]|Bytes:5
09:18:22.1 (245053221)|HEAP_ALLOCATE|[10]|Bytes:4
09:18:22.1 (245061811)|VARIABLE_SCOPE_BEGIN|[10]|inReserva|Reserva_Vuelo__c|true|false
09:18:22.1 (245191835)|VARIABLE_ASSIGNMENT|[10]|inReserva|{"Contacto__c":"0031r0000262Ll1AAE","Origen__c":"Madrid","Destino__c":"Roma","IsDeleted":false,"Fecha_Salida__c":"2019-01-10T23:00:00.000Z","OwnerId":"0051r000007Oz5QAAS","Observaciones__c":"Nada","Case__c":"Turista","Modificado__c":false,"Name":"ReservaPrueba0"}|0x749a63f0
09:18:22.1 (245202834)|STATEMENT_EXECUTE|[10]
09:18:22.1 (245204760)|STATEMENT_EXECUTE|[11]
09:18:22.1 (245281435)|HEAP_ALLOCATE|[EXTERNAL]|Bytes:4
09:18:22.1 (245300709)|HEAP_ALLOCATE|[10]|Bytes:5
09:18:22.1 (245313741)|VARIABLE_ASSIGNMENT|[10]|inReserva|null|
09:18:22.1 (245320440)|STATEMENT_EXECUTE|[23]
09:18:22.1 (245355174)|HEAP_ALLOCATE|[23]|Bytes:4
09:18:22.1 (245362052)|HEAP_ALLOCATE|[23]|Bytes:49
09:18:22.1 (245371424)|HEAP_ALLOCATE|[23]|Bytes:4
09:18:22.1 (245380931)|HEAP_ALLOCATE|[23]|Bytes:7
09:18:22.1 (245414220)|HEAP_ALLOCATE|[23]|Bytes:8
09:18:22.1 (245427817)|HEAP_ALLOCATE|[23]|Bytes:8
09:18:22.1 (245607760)|SOQL_EXECUTE_BEGIN|[23]|Aggregations:0|SELECT AccountId FROM Contact WHERE id = :tmpVar1
09:18:22.1 (253651262)|SOQL_EXECUTE_END|[23]|Rows:1
09:18:22.1 (253675283)|HEAP_ALLOCATE|[23]|Bytes:8
09:18:22.1 (253689825)|HEAP_ALLOCATE|[23]|Bytes:60
09:18:22.1 (253719576)|HEAP_ALLOCATE|[23]|Bytes:8
09:18:22.1 (253766541)|HEAP_ALLOCATE|[23]|Bytes:12
09:18:22.1 (253777266)|HEAP_ALLOCATE|[23]|Bytes:18
09:18:22.1 (253789720)|VARIABLE_SCOPE_BEGIN|[23]|contactos|Map<String,Contact>|true|false
09:18:22.1 (253820718)|VARIABLE_ASSIGNMENT|[23]|contactos|{"0031r0000262Ll1AAE":{"AccountId":"0011r00001nognAAAQ","Id":"0031r0000262Ll1AAE"}}|0x4b6895f0
09:18:22.1 (253872097)|HEAP_ALLOCATE|[26]|Bytes:5
09:18:22.1 (253889202)|HEAP_ALLOCATE|[26]|Bytes:4
09:18:22.1 (253897697)|VARIABLE_SCOPE_BEGIN|[26]|inReserva|Reserva_Vuelo__c|true|false
09:18:22.1 (254035175)|VARIABLE_ASSIGNMENT|[26]|inReserva|{"Contacto__c":"0031r0000262Ll1AAE","Origen__c":"Madrid","Destino__c":"Roma","IsDeleted":false,"Fecha_Salida__c":"2019-01-10T23:00:00.000Z","OwnerId":"0051r000007Oz5QAAS","Observaciones__c":"Nada","Case__c":"Turista","Modificado__c":false,"Name":"ReservaPrueba0"}|0x749a63f0
09:18:22.1 (254049013)|STATEMENT_EXECUTE|[26]
09:18:22.1 (254051336)|STATEMENT_EXECUTE|[27]
09:18:22.1 (254248984)|VARIABLE_ASSIGNMENT|[27]|this.Cuenta__c|"0011r00001nognAAAQ"|0x749a63f0
09:18:22.1 (254267731)|HEAP_ALLOCATE|[26]|Bytes:5
09:18:22.1 (254281864)|VARIABLE_ASSIGNMENT|[26]|inReserva|null|
09:18:22.1 (254291823)|SYSTEM_MODE_EXIT|false
09:18:22.1 (254304315)|METHOD_EXIT|[12]|01p1r000007Yidp|ReservaVueloMethods.RellenarCuenta(List<Reserva_Vuelo__c>)
09:18:22.1 (254322233)|STATEMENT_EXECUTE|[14]
09:18:22.254 (254331945)|CUMULATIVE_LIMIT_USAGE
09:18:22.254 (254331945)|LIMIT_USAGE_FOR_NS|(default)|
  Number of SOQL queries: 1 out of 100
  Number of query rows: 1 out of 50000
  Number of SOSL queries: 0 out of 20
  Number of DML statements: 3 out of 150
  Number of DML rows: 3 out of 10000
  Maximum CPU time: 0 out of 10000
  Maximum heap size: 0 out of 6000000
  Number of callouts: 0 out of 100
  Number of Email Invocations: 0 out of 10
  Number of future calls: 0 out of 50
  Number of queueable jobs added to the queue: 0 out of 50
  Number of Mobile Apex push calls: 0 out of 10

09:18:22.254 (254331945)|CUMULATIVE_LIMIT_USAGE_END

09:18:22.1 (255575219)|CODE_UNIT_FINISHED|ReservaVueloTrigger on Reserva_Vuelo trigger event BeforeInsert
09:18:22.1 (258807758)|CODE_UNIT_STARTED|[EXTERNAL]|Validation:Reserva_Vuelo:new
09:18:22.1 (258820300)|VALIDATION_RULE|03d1r0000006A1e|DiferentesCampos
09:18:22.1 (259314048)|VALIDATION_FORMULA|TEXT(Origen__c)  =  TEXT(Destino__c)|Destino__c=Roma , Origen__c=Madrid
09:18:22.1 (259324271)|VALIDATION_PASS
09:18:22.1 (259326925)|VALIDATION_RULE|03d1r0000006A1Z|Fecha_de_salida
09:18:22.1 (259393561)|VALIDATION_FORMULA|Fecha_Salida__c  <   NOW()|Fecha_Salida__c=2019-01-10 23:00:00
09:18:22.1 (259399705)|VALIDATION_PASS
09:18:22.1 (259425444)|CODE_UNIT_FINISHED|Validation:Reserva_Vuelo:new
09:18:22.1 (303830921)|DML_END|[21]
09:18:22.1 (303858150)|STATEMENT_EXECUTE|[23]
09:18:22.1 (303899824)|HEAP_ALLOCATE|[23]|Bytes:4
09:18:22.1 (303966812)|HEAP_ALLOCATE|[23]|Bytes:9
09:18:22.1 (304013410)|VARIABLE_ASSIGNMENT|[23]|this.Name|"Pasajero0"|0x2461880b
09:18:22.1 (304065808)|VARIABLE_ASSIGNMENT|[23]|this.Reserva__c|"a001r00000oUba6AAC"|0x2461880b
09:18:22.1 (304084632)|VARIABLE_ASSIGNMENT|[23]|this.Nif__c|"47898592B"|0x2461880b
09:18:22.1 (304118345)|HEAP_ALLOCATE|[23]|Bytes:28
09:18:22.1 (304138704)|VARIABLE_ASSIGNMENT|[23]|this.Edad__c|59|0x2461880b
09:18:22.1 (304166839)|VARIABLE_SCOPE_BEGIN|[23]|oPasajero|Pasajero__c|true|false
09:18:22.1 (304190268)|VARIABLE_ASSIGNMENT|[23]|oPasajero|{"Name":"Pasajero0","Reserva__c":"a001r00000oUba6AAC","Nif__c":"47898592B","Edad__c":59}|0x2461880b
09:18:22.1 (304197743)|STATEMENT_EXECUTE|[27]
09:18:22.1 (304218853)|HEAP_ALLOCATE|[27]|Bytes:8
09:18:22.1 (304229878)|DML_BEGIN|[27]|Op:Insert|Type:Pasajero__c|Rows:1
09:18:22.1 (304260181)|HEAP_ALLOCATE|[EXTERNAL]|Bytes:8
09:18:22.1 (330220385)|CODE_UNIT_STARTED|[EXTERNAL]|01q1r000000j3dJ|PasajeroTrigger on Pasajero trigger event BeforeInsert
09:18:22.1 (330259321)|HEAP_ALLOCATE|[EXTERNAL]|Bytes:8
09:18:22.1 (330355394)|HEAP_ALLOCATE|[EXTERNAL]|Bytes:8
09:18:22.1 (330369530)|VARIABLE_SCOPE_BEGIN|[1]|this|PasajeroTrigger|true|false
09:18:22.1 (330415772)|VARIABLE_ASSIGNMENT|[1]|this|{}|0x7e3845b5
09:18:22.1 (330466804)|HEAP_ALLOCATE|[EXTERNAL]|Bytes:8
09:18:22.1 (330499999)|VARIABLE_SCOPE_BEGIN|[1]|this|PasajeroTrigger|true|false
09:18:22.1 (330513953)|VARIABLE_ASSIGNMENT|[1]|this|{}|0x7e3845b5
09:18:22.1 (330523402)|STATEMENT_EXECUTE|[1]
09:18:22.1 (330526037)|STATEMENT_EXECUTE|[4]
09:18:22.1 (330757881)|VARIABLE_ASSIGNMENT|[4]|this.listNew|[{"IsDeleted":false,"Edad__c":59,"Nif__c":"47898592B","Reserva__c":"a001r00000oUba6AAC","Name":"Pasajero0"}]|0x7e3845b5
09:18:22.1 (330772768)|STATEMENT_EXECUTE|[7]
09:18:22.1 (330778679)|STATEMENT_EXECUTE|[8]
09:18:22.1 (330781050)|STATEMENT_EXECUTE|[9]
09:18:22.1 (334595178)|HEAP_ALLOCATE|[9]|Bytes:4
09:18:22.1 (334619902)|METHOD_ENTRY|[1]|01p1r000008Zry1|PasajeroMethods.PasajeroMethods()
09:18:22.1 (334627156)|STATEMENT_EXECUTE|[1]
09:18:22.1 (334632090)|STATEMENT_EXECUTE|[1]
09:18:22.1 (334993333)|SYSTEM_MODE_ENTER|false
09:18:22.1 (335004979)|HEAP_ALLOCATE|[9]|Bytes:5
09:18:22.1 (335013825)|SYSTEM_MODE_EXIT|false
09:18:22.1 (335024407)|METHOD_EXIT|[1]|PasajeroMethods
09:18:22.1 (335049161)|METHOD_ENTRY|[9]|01p1r000008Zry1|PasajeroMethods.ValidarNif(List<Pasajero__c>)
09:18:22.1 (335077737)|VARIABLE_SCOPE_BEGIN|[32]|listNew|List<Pasajero__c>|true|false
09:18:22.1 (335186678)|VARIABLE_ASSIGNMENT|[32]|listNew|[{"IsDeleted":false,"Edad__c":59,"Nif__c":"47898592B","Reserva__c":"a001r00000oUba6AAC","Name":"Pasajero0"}]|0x5e630040
09:18:22.1 (335209319)|SYSTEM_MODE_ENTER|false
09:18:22.1 (335215968)|HEAP_ALLOCATE|[34]|Bytes:5
09:18:22.1 (335221747)|STATEMENT_EXECUTE|[32]
09:18:22.1 (335308653)|STATEMENT_EXECUTE|[34]
09:18:22.1 (335407798)|HEAP_ALLOCATE|[36]|Bytes:5
09:18:22.1 (335425204)|HEAP_ALLOCATE|[36]|Bytes:4
09:18:22.1 (335444261)|VARIABLE_SCOPE_BEGIN|[36]|inPasajero|Pasajero__c|true|false
09:18:22.1 (335555742)|VARIABLE_ASSIGNMENT|[36]|inPasajero|{"IsDeleted":false,"Edad__c":59,"Nif__c":"47898592B","Reserva__c":"a001r00000oUba6AAC","Name":"Pasajero0"}|0xf255712
09:18:22.1 (335565252)|STATEMENT_EXECUTE|[36]
09:18:22.1 (335588329)|METHOD_ENTRY|[37]|01p1r000009oduV|Utils.isNifNie(String)
09:18:22.1 (335603018)|VARIABLE_SCOPE_BEGIN|[3]|nif|String|false|false
09:18:22.1 (335613198)|VARIABLE_ASSIGNMENT|[3]|nif|"47898592B"
09:18:22.1 (335627650)|HEAP_ALLOCATE|[5]|Bytes:5
09:18:22.1 (335632694)|STATEMENT_EXECUTE|[3]
09:18:22.1 (335634613)|STATEMENT_EXECUTE|[5]
09:18:22.1 (335643307)|HEAP_ALLOCATE|[5]|Bytes:13
09:18:22.1 (335658842)|USER_DEBUG|[5]|DEBUG|NIF 47898592B
09:18:22.1 (335681187)|HEAP_ALLOCATE|[7]|Bytes:9
09:18:22.1 (335703779)|HEAP_ALLOCATE|[7]|Bytes:9
09:18:22.1 (335723083)|HEAP_ALLOCATE|[7]|Bytes:9
09:18:22.1 (335739973)|STATEMENT_EXECUTE|[7]
09:18:22.1 (335742090)|STATEMENT_EXECUTE|[11]
09:18:22.1 (335750061)|METHOD_ENTRY|[11]||System.Pattern.compile(String)
09:18:22.1 (335823544)|METHOD_EXIT|[11]||System.Pattern.compile(String)
09:18:22.1 (335828811)|VARIABLE_SCOPE_BEGIN|[11]|nifPattern|System.Pattern|true|false
09:18:22.1 (335848218)|VARIABLE_ASSIGNMENT|[11]|nifPattern|{"delegate":"0x66f47c7d"}|0x490227b6
09:18:22.1 (335854358)|STATEMENT_EXECUTE|[12]
09:18:22.1 (335861003)|METHOD_ENTRY|[12]||System.Pattern.matcher(String)
09:18:22.1 (335925110)|METHOD_EXIT|[12]||System.Pattern.matcher(String)
09:18:22.1 (335929833)|VARIABLE_SCOPE_BEGIN|[12]|m|System.Matcher|true|false
09:18:22.1 (335944866)|VARIABLE_ASSIGNMENT|[12]|m|{"delegate":"0x6791867f"}|0x6975a78c
09:18:22.1 (335953657)|METHOD_ENTRY|[13]||System.Matcher.matches()
09:18:22.1 (335981348)|METHOD_EXIT|[13]||System.Matcher.matches()
09:18:22.1 (335986594)|STATEMENT_EXECUTE|[13]
09:18:22.1 (336002616)|STATEMENT_EXECUTE|[14]
09:18:22.1 (336010054)|METHOD_ENTRY|[14]||System.Matcher.group(Integer)
09:18:22.1 (336041908)|METHOD_EXIT|[14]||System.Matcher.group(Integer)
09:18:22.1 (336047785)|VARIABLE_SCOPE_BEGIN|[14]|letra|String|false|false
09:18:22.1 (336056877)|VARIABLE_ASSIGNMENT|[14]|letra|"B"
09:18:22.1 (336061327)|STATEMENT_EXECUTE|[16]
09:18:22.1 (336064149)|VARIABLE_SCOPE_BEGIN|[16]|letras|String|false|false
09:18:22.1 (336073448)|VARIABLE_ASSIGNMENT|[16]|letras|"TRWAGMYFPDXBNJZSQVHL (3 more) ..."
09:18:22.1 (336077547)|STATEMENT_EXECUTE|[17]
09:18:22.1 (336081670)|METHOD_ENTRY|[17]||System.Matcher.group(Integer)
09:18:22.1 (336102331)|METHOD_EXIT|[17]||System.Matcher.group(Integer)
09:18:22.1 (336122111)|VARIABLE_SCOPE_BEGIN|[17]|dni|Integer|false|false
09:18:22.1 (336128759)|HEAP_ALLOCATE|[17]|Bytes:4
09:18:22.1 (336135224)|VARIABLE_ASSIGNMENT|[17]|dni|47898592
09:18:22.1 (336139621)|STATEMENT_EXECUTE|[18]
09:18:22.1 (336147362)|METHOD_ENTRY|[18]||System.Math.mod(Integer, Integer)
09:18:22.1 (336174221)|METHOD_EXIT|[18]||System.Math.mod(Integer, Integer)
09:18:22.1 (336178128)|HEAP_ALLOCATE|[18]|Bytes:4
09:18:22.1 (336183174)|VARIABLE_ASSIGNMENT|[18]|dni|11
09:18:22.1 (336187455)|STATEMENT_EXECUTE|[20]
09:18:22.1 (336199240)|HEAP_ALLOCATE|[20]|Bytes:1
09:18:22.1 (336207197)|VARIABLE_SCOPE_BEGIN|[20]|reference|String|false|false
09:18:22.1 (336215429)|VARIABLE_ASSIGNMENT|[20]|reference|"B"
09:18:22.1 (336229369)|STATEMENT_EXECUTE|[22]
09:18:22.1 (336231138)|STATEMENT_EXECUTE|[23]
09:18:22.1 (336237446)|HEAP_ALLOCATE|[23]|Bytes:24
09:18:22.1 (336246865)|USER_DEBUG|[23]|DEBUG|son iguales. Es NIF. B B
09:18:22.1 (336253904)|STATEMENT_EXECUTE|[24]
09:18:22.1 (336258070)|HEAP_ALLOCATE|[24]|Bytes:5
09:18:22.1 (336265848)|METHOD_EXIT|[37]|01p1r000009oduV|Utils.isNifNie(String)
09:18:22.1 (336271833)|STATEMENT_EXECUTE|[37]
09:18:22.1 (336279600)|HEAP_ALLOCATE|[36]|Bytes:5
09:18:22.1 (336290553)|VARIABLE_ASSIGNMENT|[36]|inPasajero|null|
09:18:22.1 (336296982)|SYSTEM_MODE_EXIT|false
09:18:22.1 (336303283)|METHOD_EXIT|[9]|01p1r000008Zry1|PasajeroMethods.ValidarNif(List<Pasajero__c>)
09:18:22.1 (336307941)|STATEMENT_EXECUTE|[10]
09:18:22.1 (336323071)|METHOD_ENTRY|[10]|01p1r000008Zry1|PasajeroMethods.RellenarContacto(List<Pasajero__c>)
09:18:22.1 (336342923)|VARIABLE_SCOPE_BEGIN|[3]|listPasajeros|List<Pasajero__c>|true|false
09:18:22.1 (336440279)|VARIABLE_ASSIGNMENT|[3]|listPasajeros|[{"IsDeleted":false,"Edad__c":59,"Nif__c":"47898592B","Reserva__c":"a001r00000oUba6AAC","Name":"Pasajero0"}]|0x5e630040
09:18:22.1 (336454779)|SYSTEM_MODE_ENTER|false
09:18:22.1 (336461129)|HEAP_ALLOCATE|[5]|Bytes:5
09:18:22.1 (336466157)|STATEMENT_EXECUTE|[3]
09:18:22.1 (336486885)|STATEMENT_EXECUTE|[5]
09:18:22.1 (336488771)|STATEMENT_EXECUTE|[8]
09:18:22.1 (336500578)|HEAP_ALLOCATE|[8]|Bytes:4
09:18:22.1 (336521948)|VARIABLE_SCOPE_BEGIN|[8]|listNifs|List<String>|true|false
09:18:22.1 (336545157)|HEAP_ALLOCATE|[EXTERNAL]|Bytes:4
09:18:22.1 (336554523)|VARIABLE_ASSIGNMENT|[8]|listNifs|[]|0x208e0bfe
09:18:22.1 (336580358)|HEAP_ALLOCATE|[10]|Bytes:5
09:18:22.1 (336591964)|HEAP_ALLOCATE|[10]|Bytes:4
09:18:22.1 (336598393)|VARIABLE_SCOPE_BEGIN|[10]|inPasajero|Pasajero__c|true|false
09:18:22.1 (336684645)|VARIABLE_ASSIGNMENT|[10]|inPasajero|{"IsDeleted":false,"Edad__c":59,"Nif__c":"47898592B","Reserva__c":"a001r00000oUba6AAC","Name":"Pasajero0"}|0xf255712
09:18:22.1 (336692244)|STATEMENT_EXECUTE|[10]
09:18:22.1 (336694031)|STATEMENT_EXECUTE|[11]
09:18:22.1 (336724415)|HEAP_ALLOCATE|[EXTERNAL]|Bytes:4
09:18:22.1 (336738737)|HEAP_ALLOCATE|[10]|Bytes:5
09:18:22.1 (336748686)|VARIABLE_ASSIGNMENT|[10]|inPasajero|null|
09:18:22.1 (336758714)|STATEMENT_EXECUTE|[17]
09:18:22.1 (336777878)|HEAP_ALLOCATE|[17]|Bytes:4
09:18:22.1 (336793641)|VARIABLE_SCOPE_BEGIN|[17]|mapContactos|Map<String,Contact>|true|false
09:18:22.1 (336809669)|VARIABLE_ASSIGNMENT|[17]|mapContactos|{}|0x475624e3
09:18:22.1 (336816371)|HEAP_ALLOCATE|[19]|Bytes:61
09:18:22.1 (336825968)|HEAP_ALLOCATE|[19]|Bytes:4
09:18:22.1 (337045932)|SOQL_EXECUTE_BEGIN|[19]|Aggregations:0|SELECT Id, Name, Nif__c FROM Contact 
09:18:22.1 (347558897)|SOQL_EXECUTE_END|[19]|Rows:1
09:18:22.1 (347578088)|HEAP_ALLOCATE|[EXTERNAL]|Bytes:8
09:18:22.1 (347704454)|HEAP_ALLOCATE|[19]|Bytes:54
09:18:22.1 (347714232)|HEAP_ALLOCATE|[19]|Bytes:8
09:18:22.1 (347722981)|SYSTEM_METHOD_ENTRY|[7]|QueryLocatorIterator.QueryLocatorIterator()
09:18:22.1 (347728248)|STATEMENT_EXECUTE|[7]
09:18:22.1 (347736399)|SYSTEM_METHOD_EXIT|[7]|QueryLocatorIterator
09:18:22.1 (347744004)|HEAP_ALLOCATE|[19]|Bytes:28
09:18:22.1 (347775807)|HEAP_ALLOCATE|[19]|Bytes:8
09:18:22.1 (347789222)|HEAP_ALLOCATE|[19]|Bytes:8
09:18:22.1 (347792517)|HEAP_ALLOCATE|[19]|Bytes:8
09:18:22.1 (347798046)|VARIABLE_SCOPE_BEGIN|[15]|this|Database.QueryLocatorIterator|true|false
09:18:22.1 (347849664)|VARIABLE_ASSIGNMENT|[15]|this|{}|0x43f2c625
09:18:22.1 (347856458)|VARIABLE_SCOPE_BEGIN|[15]|values|List<SObject>|true|false
09:18:22.1 (347873532)|VARIABLE_ASSIGNMENT|[15]|values|[{"Id":"0031r0000262Ll1AAE","Name":"ContactoPrueba0","Nif__c":"47898592B"}]|0x6ae4c5c6
09:18:22.1 (347878846)|VARIABLE_SCOPE_BEGIN|[15]|ql|Database.QueryLocator|true|false
09:18:22.1 (347893530)|VARIABLE_ASSIGNMENT|[15]|ql|{"query":"SELECT Id, Name, Nif (41 more) ..."}|0x4c0a7999
09:18:22.1 (347899109)|VARIABLE_SCOPE_BEGIN|[15]|totalNumRecords|Integer|false|false
09:18:22.1 (347906991)|VARIABLE_ASSIGNMENT|[15]|totalNumRecords|1
09:18:22.1 (347910972)|VARIABLE_SCOPE_BEGIN|[15]|queryMoreSize|Integer|false|false
09:18:22.1 (347920680)|VARIABLE_ASSIGNMENT|[15]|queryMoreSize|49998
09:18:22.1 (347967679)|HEAP_ALLOCATE|[19]|Bytes:28
09:18:22.1 (347984894)|METHOD_ENTRY|[19]||Database.QueryLocatorIterator.hasNext()
09:18:22.1 (348027252)|METHOD_EXIT|[19]||Database.QueryLocatorIterator.hasNext()
09:18:22.1 (348035361)|METHOD_ENTRY|[19]||Database.QueryLocatorIterator.next()
09:18:22.1 (348101255)|METHOD_EXIT|[19]||Database.QueryLocatorIterator.next()
09:18:22.1 (348108938)|VARIABLE_SCOPE_BEGIN|[19]|inContact|Contact|true|false
09:18:22.1 (348123402)|VARIABLE_ASSIGNMENT|[19]|inContact|{"Id":"0031r0000262Ll1AAE","Name":"ContactoPrueba0","Nif__c":"47898592B"}|0x87734a1
09:18:22.1 (348130107)|STATEMENT_EXECUTE|[19]
09:18:22.1 (348132256)|STATEMENT_EXECUTE|[20]
09:18:22.1 (348172517)|HEAP_ALLOCATE|[EXTERNAL]|Bytes:-4
09:18:22.1 (348183267)|METHOD_ENTRY|[19]||Database.QueryLocatorIterator.hasNext()
09:18:22.1 (348198495)|METHOD_EXIT|[19]||Database.QueryLocatorIterator.hasNext()
09:18:22.1 (348206482)|VARIABLE_ASSIGNMENT|[19]|inContact|null|
09:18:22.1 (348243325)|HEAP_ALLOCATE|[24]|Bytes:5
09:18:22.1 (348257117)|HEAP_ALLOCATE|[24]|Bytes:4
09:18:22.1 (348263192)|VARIABLE_SCOPE_BEGIN|[24]|inPasajero|Pasajero__c|true|false
09:18:22.1 (348372539)|VARIABLE_ASSIGNMENT|[24]|inPasajero|{"IsDeleted":false,"Edad__c":59,"Nif__c":"47898592B","Reserva__c":"a001r00000oUba6AAC","Name":"Pasajero0"}|0xf255712
09:18:22.1 (348380868)|STATEMENT_EXECUTE|[24]
09:18:22.1 (348413848)|STATEMENT_EXECUTE|[25]
09:18:22.1 (348415938)|STATEMENT_EXECUTE|[26]
09:18:22.1 (348556340)|VARIABLE_ASSIGNMENT|[26]|this.Contacto__c|"0031r0000262Ll1AAE"|0xf255712
09:18:22.1 (348573667)|HEAP_ALLOCATE|[24]|Bytes:5
09:18:22.1 (348585981)|VARIABLE_ASSIGNMENT|[24]|inPasajero|null|
09:18:22.1 (348594212)|SYSTEM_MODE_EXIT|false
09:18:22.1 (348602857)|METHOD_EXIT|[10]|01p1r000008Zry1|PasajeroMethods.RellenarContacto(List<Pasajero__c>)
09:18:22.348 (348613344)|CUMULATIVE_LIMIT_USAGE
09:18:22.348 (348613344)|LIMIT_USAGE_FOR_NS|(default)|
  Number of SOQL queries: 2 out of 100
  Number of query rows: 2 out of 50000
  Number of SOSL queries: 0 out of 20
  Number of DML statements: 4 out of 150
  Number of DML rows: 4 out of 10000
  Maximum CPU time: 0 out of 10000
  Maximum heap size: 0 out of 6000000
  Number of callouts: 0 out of 100
  Number of Email Invocations: 0 out of 10
  Number of future calls: 0 out of 50
  Number of queueable jobs added to the queue: 0 out of 50
  Number of Mobile Apex push calls: 0 out of 10

09:18:22.348 (348613344)|CUMULATIVE_LIMIT_USAGE_END

09:18:22.1 (349940092)|CODE_UNIT_FINISHED|PasajeroTrigger on Pasajero trigger event BeforeInsert
09:18:22.1 (372162139)|DML_END|[27]
09:18:22.1 (372188010)|STATEMENT_EXECUTE|[29]
09:18:22.1 (372196296)|HEAP_ALLOCATE|[29]|Bytes:55
09:18:22.1 (372220379)|HEAP_ALLOCATE|[29]|Bytes:4
09:18:22.1 (372443239)|SOQL_EXECUTE_BEGIN|[29]|Aggregations:0|SELECT Contacto__c FROM Pasajero__c WHERE Id = :tmpVar1
09:18:22.1 (382385962)|SOQL_EXECUTE_END|[29]|Rows:1
09:18:22.1 (382416432)|HEAP_ALLOCATE|[29]|Bytes:8
09:18:22.1 (382437422)|HEAP_ALLOCATE|[29]|Bytes:62
09:18:22.1 (382476995)|HEAP_ALLOCATE|[29]|Bytes:8
09:18:22.1 (382494631)|HEAP_ALLOCATE|[29]|Bytes:37
09:18:22.1 (382514176)|HEAP_ALLOCATE|[29]|Bytes:12
09:18:22.1 (382526722)|VARIABLE_SCOPE_BEGIN|[29]|pasajeroCheck|Pasajero__c|true|false
09:18:22.1 (382565648)|VARIABLE_ASSIGNMENT|[29]|pasajeroCheck|{"Contacto__c":"0031r0000262Ll1AAE","Id":"a021r00000ddm8FAAQ"}|0x15c04fb2
09:18:22.1 (382579326)|STATEMENT_EXECUTE|[31]
09:18:22.382 (382678235)|CUMULATIVE_LIMIT_USAGE
09:18:22.382 (382678235)|LIMIT_USAGE_FOR_NS|(default)|
  Number of SOQL queries: 3 out of 100
  Number of query rows: 3 out of 50000
  Number of SOSL queries: 0 out of 20
  Number of DML statements: 4 out of 150
  Number of DML rows: 4 out of 10000
  Maximum CPU time: 0 out of 10000
  Maximum heap size: 0 out of 6000000
  Number of callouts: 0 out of 100
  Number of Email Invocations: 0 out of 10
  Number of future calls: 0 out of 50
  Number of queueable jobs added to the queue: 0 out of 50
  Number of Mobile Apex push calls: 0 out of 10

09:18:22.382 (382678235)|CUMULATIVE_LIMIT_USAGE_END

09:18:22.1 (382737510)|CODE_UNIT_FINISHED|PasajeroTest.RellenarContactoTest
09:18:22.1 (383625062)|EXECUTION_FINISHED
09:18:22.452 (452448557)|USER_INFO|[EXTERNAL]|0051r000007Oz5Q|lydia.abril@gmail.com|hora estándar de Europa central|GMT+02:00
09:18:22.452 (452473251)|EXECUTION_STARTED
09:18:22.452 (452476601)|CODE_UNIT_STARTED|[EXTERNAL]|01p1r000008aN28|PasajeroTest.ValidarNifTest
09:18:22.452 (452591619)|HEAP_ALLOCATE|[72]|Bytes:3
09:18:22.452 (452618703)|HEAP_ALLOCATE|[77]|Bytes:152
09:18:22.452 (452634359)|HEAP_ALLOCATE|[342]|Bytes:408
09:18:22.452 (452647897)|HEAP_ALLOCATE|[355]|Bytes:408
09:18:22.452 (452660667)|HEAP_ALLOCATE|[467]|Bytes:48
09:18:22.452 (452688331)|HEAP_ALLOCATE|[139]|Bytes:6
09:18:22.452 (452703443)|HEAP_ALLOCATE|[EXTERNAL]|Bytes:143
09:18:22.452 (452713604)|METHOD_ENTRY|[2]|01p1r000008aN28|PasajeroTest.PasajeroTest()
09:18:22.452 (452721173)|STATEMENT_EXECUTE|[2]
09:18:22.452 (452725714)|STATEMENT_EXECUTE|[2]
09:18:22.452 (452729605)|METHOD_EXIT|[2]|PasajeroTest
09:18:22.452 (452919677)|HEAP_ALLOCATE|[50]|Bytes:5
09:18:22.452 (452937971)|HEAP_ALLOCATE|[56]|Bytes:5
09:18:22.452 (452945139)|HEAP_ALLOCATE|[64]|Bytes:7
09:18:22.452 (452974244)|STATEMENT_EXECUTE|[36]
09:18:22.452 (452976667)|STATEMENT_EXECUTE|[38]
09:18:22.452 (453001286)|HEAP_ALLOCATE|[38]|Bytes:4
09:18:22.452 (453013651)|HEAP_ALLOCATE|[38]|Bytes:13
09:18:22.452 (453058738)|VARIABLE_ASSIGNMENT|[38]|this.Name|"CuentaPrueba0"|0x1fba72e7
09:18:22.452 (453086746)|VARIABLE_SCOPE_BEGIN|[38]|oAccount|Account|true|false
09:18:22.452 (453106005)|VARIABLE_ASSIGNMENT|[38]|oAccount|{"Name":"CuentaPrueba0"}|0x1fba72e7
09:18:22.452 (453112594)|STATEMENT_EXECUTE|[39]
09:18:22.452 (453130115)|HEAP_ALLOCATE|[39]|Bytes:8
09:18:22.452 (453141061)|DML_BEGIN|[39]|Op:Insert|Type:Account|Rows:1
09:18:22.452 (453165285)|HEAP_ALLOCATE|[EXTERNAL]|Bytes:8
09:18:22.452 (454546927)|CODE_UNIT_STARTED|[EXTERNAL]|DuplicateDetector
09:18:22.452 (454563114)|DUPLICATE_DETECTION_BEGIN
09:18:22.452 (454605613)|DUPLICATE_DETECTION_RULE_INVOCATION|DuplicateRuleId:0Bm1r0000018X88|DuplicateRuleName:Standard Account Duplicate Rule|DmlType:INSERT
09:18:22.452 (468075161)|DUPLICATE_DETECTION_MATCH_INVOCATION_DETAILS|EntityType:Account|ActionTaken:Allow_[Alert,Report]|DuplicateRecordIds:
09:18:22.452 (468096873)|DUPLICATE_DETECTION_MATCH_INVOCATION_SUMMARY|EntityType:Account|NumRecordsToBeSaved:1|NumRecordsToBeSavedWithDuplicates:0|NumDuplicateRecordsFound:0
09:18:22.452 (468201405)|DUPLICATE_DETECTION_END
09:18:22.452 (468207512)|CODE_UNIT_FINISHED|DuplicateDetector
09:18:22.452 (488855264)|DML_END|[39]
09:18:22.452 (488890297)|STATEMENT_EXECUTE|[41]
09:18:22.452 (488922444)|HEAP_ALLOCATE|[41]|Bytes:4
09:18:22.452 (488949921)|HEAP_ALLOCATE|[41]|Bytes:15
09:18:22.452 (488993856)|VARIABLE_ASSIGNMENT|[41]|this.LastName|"ContactoPrueba0"|0x2983135
09:18:22.452 (489002016)|HEAP_ALLOCATE|[41]|Bytes:9
09:18:22.452 (489020834)|VARIABLE_ASSIGNMENT|[41]|this.Nif__c|"47898592B"|0x2983135
09:18:22.452 (489045069)|VARIABLE_ASSIGNMENT|[41]|this.AccountId|"0011r00001nognBAAQ"|0x2983135
09:18:22.452 (489072293)|VARIABLE_SCOPE_BEGIN|[41]|oContact|Contact|true|false
09:18:22.452 (489095245)|VARIABLE_ASSIGNMENT|[41]|oContact|{"LastName":"ContactoPrueba0","Nif__c":"47898592B","AccountId":"0011r00001nognBAAQ"}|0x2983135
09:18:22.452 (489102218)|STATEMENT_EXECUTE|[42]
09:18:22.452 (489120555)|HEAP_ALLOCATE|[42]|Bytes:8
09:18:22.452 (489131078)|DML_BEGIN|[42]|Op:Insert|Type:Contact|Rows:1
09:18:22.452 (489159073)|HEAP_ALLOCATE|[EXTERNAL]|Bytes:8
09:18:22.452 (491999189)|CODE_UNIT_STARTED|[EXTERNAL]|01q1r000000j4Bx|ContactTrigger on Contact trigger event BeforeInsert
09:18:22.452 (492037563)|HEAP_ALLOCATE|[EXTERNAL]|Bytes:8
09:18:22.452 (492093216)|HEAP_ALLOCATE|[EXTERNAL]|Bytes:8
09:18:22.452 (492103586)|VARIABLE_SCOPE_BEGIN|[1]|this|ContactTrigger|true|false
09:18:22.452 (492130117)|VARIABLE_ASSIGNMENT|[1]|this|{}|0x3fb28968
09:18:22.452 (492160877)|HEAP_ALLOCATE|[EXTERNAL]|Bytes:8
09:18:22.452 (492167340)|VARIABLE_SCOPE_BEGIN|[1]|this|ContactTrigger|true|false
09:18:22.452 (492179436)|VARIABLE_ASSIGNMENT|[1]|this|{}|0x3fb28968
09:18:22.452 (492186966)|STATEMENT_EXECUTE|[1]
09:18:22.452 (492189174)|STATEMENT_EXECUTE|[3]
09:18:22.452 (492555258)|VARIABLE_ASSIGNMENT|[3]|this.listNew|[{"IsDeleted":false,"AccountId":"0011r00001nognBAAQ","IsEmailBounced":false,"CleanStatus":"Pending","DoNotCall":false,"OwnerId":"0051r000007Oz5QAAS","Premium__c":false,"HasOptedOutOfEmail":false,"HasOptedOutOfFax":false,"Nif__c":"47898592B","LastName":"ContactoPrueba0"}]|0x3fb28968
09:18:22.452 (492575580)|STATEMENT_EXECUTE|[5]
09:18:22.452 (492581686)|STATEMENT_EXECUTE|[6]
09:18:22.452 (492583329)|STATEMENT_EXECUTE|[7]
09:18:22.452 (492598351)|HEAP_ALLOCATE|[7]|Bytes:1
09:18:22.452 (492613859)|METHOD_ENTRY|[1]|01p1r000008aKc5|ContactMethods.ContactMethods()
09:18:22.452 (492620532)|STATEMENT_EXECUTE|[1]
09:18:22.452 (492624565)|STATEMENT_EXECUTE|[1]
09:18:22.452 (492996191)|SYSTEM_MODE_ENTER|false
09:18:22.452 (493010745)|HEAP_ALLOCATE|[7]|Bytes:5
09:18:22.452 (493019671)|SYSTEM_MODE_EXIT|false
09:18:22.452 (493029286)|METHOD_EXIT|[1]|ContactMethods
09:18:22.452 (493040773)|METHOD_ENTRY|[7]|01p1r000008aKc5|ContactMethods.ValidarNif(List<Contact>)
09:18:22.452 (493048691)|VARIABLE_SCOPE_BEGIN|[3]|listNew|List<Contact>|true|false
09:18:22.452 (493265377)|VARIABLE_ASSIGNMENT|[3]|listNew|[{"IsDeleted":false,"AccountId":"0011r00001nognBAAQ","IsEmailBounced":false,"CleanStatus":"Pending","DoNotCall":false,"OwnerId":"0051r000007Oz5QAAS","Premium__c":false,"HasOptedOutOfEmail":false,"HasOptedOutOfFax":false,"Nif__c":"47898592B","LastName":"ContactoPrueba0"}]|0x34860123
09:18:22.452 (493286822)|SYSTEM_MODE_ENTER|false
09:18:22.452 (493294073)|HEAP_ALLOCATE|[5]|Bytes:5
09:18:22.452 (493299597)|STATEMENT_EXECUTE|[3]
09:18:22.452 (493318464)|STATEMENT_EXECUTE|[5]
09:18:22.452 (493343326)|HEAP_ALLOCATE|[7]|Bytes:5
09:18:22.452 (493358672)|HEAP_ALLOCATE|[7]|Bytes:4
09:18:22.452 (493367026)|VARIABLE_SCOPE_BEGIN|[7]|inContact|Contact|true|false
09:18:22.452 (493576955)|VARIABLE_ASSIGNMENT|[7]|inContact|{"IsDeleted":false,"AccountId":"0011r00001nognBAAQ","IsEmailBounced":false,"CleanStatus":"Pending","DoNotCall":false,"OwnerId":"0051r000007Oz5QAAS","Premium__c":false,"HasOptedOutOfEmail":false,"HasOptedOutOfFax":false,"Nif__c":"47898592B","LastName":"ContactoPrueba0"}|0x1fdf2c2c
09:18:22.452 (493587722)|STATEMENT_EXECUTE|[7]
09:18:22.452 (493604622)|HEAP_ALLOCATE|[8]|Bytes:1
09:18:22.452 (493610481)|HEAP_ALLOCATE|[8]|Bytes:7
09:18:22.452 (493617490)|METHOD_ENTRY|[1]|01p1r000009oduV|Utils.Utils()
09:18:22.452 (493622906)|STATEMENT_EXECUTE|[1]
09:18:22.452 (493626083)|STATEMENT_EXECUTE|[1]
09:18:22.452 (493631696)|HEAP_ALLOCATE|[8]|Bytes:5
09:18:22.452 (493639150)|METHOD_EXIT|[1]|Utils
09:18:22.452 (493647550)|METHOD_ENTRY|[8]|01p1r000009oduV|Utils.isNifNie(String)
09:18:22.452 (493655337)|VARIABLE_SCOPE_BEGIN|[3]|nif|String|false|false
09:18:22.452 (493665134)|VARIABLE_ASSIGNMENT|[3]|nif|"47898592B"
09:18:22.452 (493677283)|HEAP_ALLOCATE|[5]|Bytes:5
09:18:22.452 (493682136)|STATEMENT_EXECUTE|[3]
09:18:22.452 (493684026)|STATEMENT_EXECUTE|[5]
09:18:22.452 (493687248)|HEAP_ALLOCATE|[5]|Bytes:4
09:18:22.452 (493704434)|HEAP_ALLOCATE|[5]|Bytes:13
09:18:22.452 (493722969)|USER_DEBUG|[5]|DEBUG|NIF 47898592B
09:18:22.452 (493749231)|HEAP_ALLOCATE|[7]|Bytes:9
09:18:22.452 (493765058)|HEAP_ALLOCATE|[7]|Bytes:1
09:18:22.452 (493785836)|HEAP_ALLOCATE|[7]|Bytes:9
09:18:22.452 (493793406)|HEAP_ALLOCATE|[7]|Bytes:1
09:18:22.452 (493808541)|HEAP_ALLOCATE|[7]|Bytes:9
09:18:22.452 (493815885)|HEAP_ALLOCATE|[7]|Bytes:1
09:18:22.452 (493827905)|STATEMENT_EXECUTE|[7]
09:18:22.452 (493830006)|STATEMENT_EXECUTE|[11]
09:18:22.452 (493832323)|HEAP_ALLOCATE|[11]|Bytes:59
09:18:22.452 (493843745)|HEAP_ALLOCATE|[11]|Bytes:24
09:18:22.452 (493851416)|SYSTEM_METHOD_ENTRY|[1]|Pattern.Pattern()
09:18:22.452 (493855242)|STATEMENT_EXECUTE|[1]
09:18:22.452 (493860688)|SYSTEM_METHOD_EXIT|[1]|Pattern
09:18:22.452 (493868362)|METHOD_ENTRY|[11]||System.Pattern.compile(String)
09:18:22.452 (493974775)|METHOD_EXIT|[11]||System.Pattern.compile(String)
09:18:22.452 (493983767)|VARIABLE_SCOPE_BEGIN|[11]|nifPattern|System.Pattern|true|false
09:18:22.452 (494012383)|VARIABLE_ASSIGNMENT|[11]|nifPattern|{"delegate":"0x66f47c7d"}|0x3a0246fc
09:18:22.452 (494024138)|STATEMENT_EXECUTE|[12]
09:18:22.452 (494035052)|METHOD_ENTRY|[12]||System.Pattern.matcher(String)
09:18:22.452 (494174939)|METHOD_EXIT|[12]||System.Pattern.matcher(String)
09:18:22.452 (494183771)|VARIABLE_SCOPE_BEGIN|[12]|m|System.Matcher|true|false
09:18:22.452 (494210889)|VARIABLE_ASSIGNMENT|[12]|m|{"delegate":"0x1150711d"}|0x155bf50d
09:18:22.452 (494230993)|METHOD_ENTRY|[13]||System.Matcher.matches()
09:18:22.452 (494280444)|METHOD_EXIT|[13]||System.Matcher.matches()
09:18:22.452 (494288109)|STATEMENT_EXECUTE|[13]
09:18:22.452 (494290558)|STATEMENT_EXECUTE|[14]
09:18:22.452 (494298214)|METHOD_ENTRY|[14]||System.Matcher.group(Integer)
09:18:22.452 (494328989)|METHOD_EXIT|[14]||System.Matcher.group(Integer)
09:18:22.452 (494334995)|VARIABLE_SCOPE_BEGIN|[14]|letra|String|false|false
09:18:22.452 (494345147)|VARIABLE_ASSIGNMENT|[14]|letra|"B"
09:18:22.452 (494349915)|STATEMENT_EXECUTE|[16]
09:18:22.452 (494353030)|HEAP_ALLOCATE|[16]|Bytes:23
09:18:22.452 (494358263)|VARIABLE_SCOPE_BEGIN|[16]|letras|String|false|false
09:18:22.452 (494368333)|VARIABLE_ASSIGNMENT|[16]|letras|"TRWAGMYFPDXBNJZSQVHL (3 more) ..."
09:18:22.452 (494372656)|STATEMENT_EXECUTE|[17]
09:18:22.452 (494378028)|METHOD_ENTRY|[17]||System.Matcher.group(Integer)
09:18:22.452 (494400291)|METHOD_EXIT|[17]||System.Matcher.group(Integer)
09:18:22.452 (494423396)|VARIABLE_SCOPE_BEGIN|[17]|dni|Integer|false|false
09:18:22.452 (494431606)|HEAP_ALLOCATE|[17]|Bytes:4
09:18:22.452 (494438642)|VARIABLE_ASSIGNMENT|[17]|dni|47898592
09:18:22.452 (494443119)|STATEMENT_EXECUTE|[18]
09:18:22.452 (494455690)|VARIABLE_SCOPE_BEGIN|[2]|Math.E|Double|false|true
09:18:22.452 (494462779)|VARIABLE_SCOPE_BEGIN|[3]|Math.PI|Double|false|true
09:18:22.452 (494473751)|HEAP_ALLOCATE|[18]|Bytes:206
09:18:22.452 (494483542)|SYSTEM_METHOD_ENTRY|[1]|Math.Math()
09:18:22.452 (494487509)|STATEMENT_EXECUTE|[1]
09:18:22.452 (494526261)|SYSTEM_METHOD_EXIT|[1]|Math
09:18:22.452 (494535893)|METHOD_ENTRY|[18]||System.Math.mod(Integer, Integer)
09:18:22.452 (494569212)|METHOD_EXIT|[18]||System.Math.mod(Integer, Integer)
09:18:22.452 (494573636)|HEAP_ALLOCATE|[18]|Bytes:4
09:18:22.452 (494580886)|VARIABLE_ASSIGNMENT|[18]|dni|11
09:18:22.452 (494586753)|STATEMENT_EXECUTE|[20]
09:18:22.452 (494602539)|HEAP_ALLOCATE|[20]|Bytes:1
09:18:22.452 (494625728)|VARIABLE_SCOPE_BEGIN|[20]|reference|String|false|false
09:18:22.452 (494640772)|VARIABLE_ASSIGNMENT|[20]|reference|"B"
09:18:22.452 (494668861)|STATEMENT_EXECUTE|[22]
09:18:22.452 (494672079)|STATEMENT_EXECUTE|[23]
09:18:22.452 (494675591)|HEAP_ALLOCATE|[23]|Bytes:21
09:18:22.452 (494683171)|HEAP_ALLOCATE|[23]|Bytes:1
09:18:22.452 (494696032)|HEAP_ALLOCATE|[23]|Bytes:24
09:18:22.452 (494707810)|USER_DEBUG|[23]|DEBUG|son iguales. Es NIF. B B
09:18:22.452 (494717155)|STATEMENT_EXECUTE|[24]
09:18:22.452 (494722052)|HEAP_ALLOCATE|[24]|Bytes:5
09:18:22.452 (494731519)|METHOD_EXIT|[8]|01p1r000009oduV|Utils.isNifNie(String)
09:18:22.452 (494738548)|STATEMENT_EXECUTE|[8]
09:18:22.452 (494746971)|HEAP_ALLOCATE|[7]|Bytes:5
09:18:22.452 (494764062)|VARIABLE_ASSIGNMENT|[7]|inContact|null|
09:18:22.452 (494771860)|SYSTEM_MODE_EXIT|false
09:18:22.452 (494779178)|METHOD_EXIT|[7]|01p1r000008aKc5|ContactMethods.ValidarNif(List<Contact>)
09:18:22.494 (494788206)|CUMULATIVE_LIMIT_USAGE
09:18:22.494 (494788206)|LIMIT_USAGE_FOR_NS|(default)|
  Number of SOQL queries: 0 out of 100
  Number of query rows: 0 out of 50000
  Number of SOSL queries: 0 out of 20
  Number of DML statements: 2 out of 150
  Number of DML rows: 2 out of 10000
  Maximum CPU time: 0 out of 10000
  Maximum heap size: 0 out of 6000000
  Number of callouts: 0 out of 100
  Number of Email Invocations: 0 out of 10
  Number of future calls: 0 out of 50
  Number of queueable jobs added to the queue: 0 out of 50
  Number of Mobile Apex push calls: 0 out of 10

09:18:22.494 (494788206)|CUMULATIVE_LIMIT_USAGE_END

09:18:22.452 (495884888)|CODE_UNIT_FINISHED|ContactTrigger on Contact trigger event BeforeInsert
09:18:22.452 (497420704)|CODE_UNIT_STARTED|[EXTERNAL]|DuplicateDetector
09:18:22.452 (497434504)|DUPLICATE_DETECTION_BEGIN
09:18:22.452 (497490978)|DUPLICATE_DETECTION_RULE_INVOCATION|DuplicateRuleId:0Bm1r0000018X89|DuplicateRuleName:Standard Contact Duplicate Rule|DmlType:INSERT
09:18:22.452 (519611418)|DUPLICATE_DETECTION_MATCH_INVOCATION_DETAILS|EntityType:Contact|ActionTaken:Allow_[Alert,Report]|DuplicateRecordIds:
09:18:22.452 (519634520)|DUPLICATE_DETECTION_MATCH_INVOCATION_SUMMARY|EntityType:Contact|NumRecordsToBeSaved:1|NumRecordsToBeSavedWithDuplicates:0|NumDuplicateRecordsFound:0
09:18:22.452 (519645475)|DUPLICATE_DETECTION_MATCH_INVOCATION_DETAILS|EntityType:Contact|ActionTaken:Allow_[Alert,Report]|DuplicateRecordIds:
09:18:22.452 (519651391)|DUPLICATE_DETECTION_MATCH_INVOCATION_SUMMARY|EntityType:Contact|NumRecordsToBeSaved:1|NumRecordsToBeSavedWithDuplicates:0|NumDuplicateRecordsFound:0
09:18:22.452 (519775282)|DUPLICATE_DETECTION_END
09:18:22.452 (519781220)|CODE_UNIT_FINISHED|DuplicateDetector
09:18:22.452 (535414415)|DML_END|[42]
09:18:22.452 (535450204)|STATEMENT_EXECUTE|[44]
09:18:22.452 (535487429)|HEAP_ALLOCATE|[44]|Bytes:4
09:18:22.452 (535517862)|HEAP_ALLOCATE|[44]|Bytes:14
09:18:22.452 (535572038)|VARIABLE_ASSIGNMENT|[44]|this.Name|"ReservaPrueba0"|0x7321cb29
09:18:22.452 (535584045)|HEAP_ALLOCATE|[45]|Bytes:6
09:18:22.452 (535610963)|VARIABLE_ASSIGNMENT|[44]|this.Origen__c|"Madrid"|0x7321cb29
09:18:22.452 (535620508)|HEAP_ALLOCATE|[46]|Bytes:4
09:18:22.452 (535643585)|VARIABLE_ASSIGNMENT|[44]|this.Destino__c|"Roma"|0x7321cb29
09:18:22.452 (535652971)|HEAP_ALLOCATE|[47]|Bytes:7
09:18:22.452 (535675437)|VARIABLE_ASSIGNMENT|[44]|this.Case__c|"Turista"|0x7321cb29
09:18:22.452 (535724090)|VARIABLE_ASSIGNMENT|[44]|this.Contacto__c|"0031r0000262Ll2AAE"|0x7321cb29
09:18:22.452 (535787577)|HEAP_ALLOCATE|[49]|Bytes:4
09:18:22.452 (535859780)|HEAP_ALLOCATE|[49]|Bytes:56
09:18:22.452 (535921291)|VARIABLE_ASSIGNMENT|[44]|this.Fecha_Salida__c|"2019-01-10T23:00:00.000Z"|0x7321cb29
09:18:22.452 (535933618)|HEAP_ALLOCATE|[50]|Bytes:4
09:18:22.452 (535960216)|VARIABLE_ASSIGNMENT|[44]|this.Observaciones__c|"Nada"|0x7321cb29
09:18:22.452 (535997760)|VARIABLE_SCOPE_BEGIN|[44]|oReserva|Reserva_Vuelo__c|true|false
09:18:22.452 (536037251)|VARIABLE_ASSIGNMENT|[44]|oReserva|{"Name":"ReservaPrueba0","Origen__c":"Madrid","Destino__c":"Roma","Case__c":"Turista","Contacto__c":"0031r0000262Ll2AAE","Fecha_Salida__c":"2019-01-10T23:00:00.000Z","Observaciones__c":"Nada"}|0x7321cb29
09:18:22.452 (536051926)|STATEMENT_EXECUTE|[52]
09:18:22.452 (536075558)|HEAP_ALLOCATE|[52]|Bytes:8
09:18:22.452 (536089885)|DML_BEGIN|[52]|Op:Insert|Type:Reserva_Vuelo__c|Rows:1
09:18:22.452 (536129087)|HEAP_ALLOCATE|[EXTERNAL]|Bytes:8
09:18:22.452 (538420547)|CODE_UNIT_STARTED|[EXTERNAL]|01q1r000000isRT|ReservaVueloTrigger on Reserva_Vuelo trigger event BeforeInsert
09:18:22.452 (538458155)|HEAP_ALLOCATE|[EXTERNAL]|Bytes:8
09:18:22.452 (538513311)|HEAP_ALLOCATE|[EXTERNAL]|Bytes:12
09:18:22.452 (538526690)|VARIABLE_SCOPE_BEGIN|[1]|this|ReservaVueloTrigger|true|false
09:18:22.452 (538566359)|VARIABLE_ASSIGNMENT|[1]|this|{}|0x7013517c
09:18:22.452 (538614407)|HEAP_ALLOCATE|[EXTERNAL]|Bytes:12
09:18:22.452 (538624500)|VARIABLE_SCOPE_BEGIN|[1]|this|ReservaVueloTrigger|true|false
09:18:22.452 (538644684)|VARIABLE_ASSIGNMENT|[1]|this|{}|0x7013517c
09:18:22.452 (538657003)|STATEMENT_EXECUTE|[1]
09:18:22.452 (538660337)|STATEMENT_EXECUTE|[4]
09:18:22.452 (538960208)|VARIABLE_ASSIGNMENT|[4]|this.listNew|[{"Contacto__c":"0031r0000262Ll2AAE","Origen__c":"Madrid","Destino__c":"Roma","IsDeleted":false,"Fecha_Salida__c":"2019-01-10T23:00:00.000Z","OwnerId":"0051r000007Oz5QAAS","Observaciones__c":"Nada","Case__c":"Turista","Modificado__c":false,"Name":"ReservaPrueba0"}]|0x7013517c
09:18:22.452 (538977854)|STATEMENT_EXECUTE|[7]
09:18:22.452 (539003819)|VARIABLE_ASSIGNMENT|[7]|this.mapOld|null|0x7013517c
09:18:22.452 (539021032)|STATEMENT_EXECUTE|[10]
09:18:22.452 (539029683)|STATEMENT_EXECUTE|[11]
09:18:22.452 (539032517)|STATEMENT_EXECUTE|[12]
09:18:22.452 (539053007)|HEAP_ALLOCATE|[12]|Bytes:4
09:18:22.452 (539073772)|METHOD_ENTRY|[1]|01p1r000007Yidp|ReservaVueloMethods.ReservaVueloMethods()
09:18:22.452 (539082823)|STATEMENT_EXECUTE|[1]
09:18:22.452 (539088031)|STATEMENT_EXECUTE|[1]
09:18:22.452 (539478441)|SYSTEM_MODE_ENTER|false
09:18:22.452 (539491180)|HEAP_ALLOCATE|[12]|Bytes:5
09:18:22.452 (539502740)|SYSTEM_MODE_EXIT|false
09:18:22.452 (539516149)|METHOD_EXIT|[1]|ReservaVueloMethods
09:18:22.452 (539532573)|METHOD_ENTRY|[12]|01p1r000007Yidp|ReservaVueloMethods.RellenarCuenta(List<Reserva_Vuelo__c>)
09:18:22.452 (539545036)|VARIABLE_SCOPE_BEGIN|[4]|listReservas|List<Reserva_Vuelo__c>|true|false
09:18:22.452 (539735918)|VARIABLE_ASSIGNMENT|[4]|listReservas|[{"Contacto__c":"0031r0000262Ll2AAE","Origen__c":"Madrid","Destino__c":"Roma","IsDeleted":false,"Fecha_Salida__c":"2019-01-10T23:00:00.000Z","OwnerId":"0051r000007Oz5QAAS","Observaciones__c":"Nada","Case__c":"Turista","Modificado__c":false,"Name":"ReservaPrueba0"}]|0x74be16ba
09:18:22.452 (539769132)|SYSTEM_MODE_ENTER|false
09:18:22.452 (539778232)|HEAP_ALLOCATE|[6]|Bytes:5
09:18:22.452 (539786080)|STATEMENT_EXECUTE|[4]
09:18:22.452 (539806640)|STATEMENT_EXECUTE|[6]
09:18:22.452 (539808815)|STATEMENT_EXECUTE|[9]
09:18:22.452 (539824753)|HEAP_ALLOCATE|[9]|Bytes:4
09:18:22.452 (539843661)|VARIABLE_SCOPE_BEGIN|[9]|listContactosIds|Set<String>|true|false
09:18:22.452 (539873029)|VARIABLE_ASSIGNMENT|[9]|listContactosIds|[]|0x28b877a1
09:18:22.452 (539899972)|HEAP_ALLOCATE|[10]|Bytes:5
09:18:22.452 (539916341)|HEAP_ALLOCATE|[10]|Bytes:4
09:18:22.452 (539924402)|VARIABLE_SCOPE_BEGIN|[10]|inReserva|Reserva_Vuelo__c|true|false
09:18:22.452 (540048684)|VARIABLE_ASSIGNMENT|[10]|inReserva|{"Contacto__c":"0031r0000262Ll2AAE","Origen__c":"Madrid","Destino__c":"Roma","IsDeleted":false,"Fecha_Salida__c":"2019-01-10T23:00:00.000Z","OwnerId":"0051r000007Oz5QAAS","Observaciones__c":"Nada","Case__c":"Turista","Modificado__c":false,"Name":"ReservaPrueba0"}|0x7bb2f6b4
09:18:22.452 (540059418)|STATEMENT_EXECUTE|[10]
09:18:22.452 (540061458)|STATEMENT_EXECUTE|[11]
09:18:22.452 (540089685)|HEAP_ALLOCATE|[EXTERNAL]|Bytes:4
09:18:22.452 (540105463)|HEAP_ALLOCATE|[10]|Bytes:5
09:18:22.452 (540117153)|VARIABLE_ASSIGNMENT|[10]|inReserva|null|
09:18:22.452 (540123171)|STATEMENT_EXECUTE|[23]
09:18:22.452 (540143729)|HEAP_ALLOCATE|[23]|Bytes:4
09:18:22.452 (540149796)|HEAP_ALLOCATE|[23]|Bytes:49
09:18:22.452 (540158287)|HEAP_ALLOCATE|[23]|Bytes:4
09:18:22.452 (540167134)|HEAP_ALLOCATE|[23]|Bytes:7
09:18:22.452 (540196128)|HEAP_ALLOCATE|[23]|Bytes:8
09:18:22.452 (540204345)|HEAP_ALLOCATE|[23]|Bytes:8
09:18:22.452 (540359168)|SOQL_EXECUTE_BEGIN|[23]|Aggregations:0|SELECT AccountId FROM Contact WHERE id = :tmpVar1
09:18:22.452 (543562047)|SOQL_EXECUTE_END|[23]|Rows:1
09:18:22.452 (543584590)|HEAP_ALLOCATE|[23]|Bytes:8
09:18:22.452 (543598308)|HEAP_ALLOCATE|[23]|Bytes:60
09:18:22.452 (543627664)|HEAP_ALLOCATE|[23]|Bytes:8
09:18:22.452 (543648138)|HEAP_ALLOCATE|[23]|Bytes:12
09:18:22.452 (543657574)|HEAP_ALLOCATE|[23]|Bytes:18
09:18:22.452 (543665886)|VARIABLE_SCOPE_BEGIN|[23]|contactos|Map<String,Contact>|true|false
09:18:22.452 (543690926)|VARIABLE_ASSIGNMENT|[23]|contactos|{"0031r0000262Ll2AAE":{"AccountId":"0011r00001nognBAAQ","Id":"0031r0000262Ll2AAE"}}|0x6c187fa9
09:18:22.452 (543726251)|HEAP_ALLOCATE|[26]|Bytes:5
09:18:22.452 (543741464)|HEAP_ALLOCATE|[26]|Bytes:4
09:18:22.452 (543749336)|VARIABLE_SCOPE_BEGIN|[26]|inReserva|Reserva_Vuelo__c|true|false
09:18:22.452 (543864965)|VARIABLE_ASSIGNMENT|[26]|inReserva|{"Contacto__c":"0031r0000262Ll2AAE","Origen__c":"Madrid","Destino__c":"Roma","IsDeleted":false,"Fecha_Salida__c":"2019-01-10T23:00:00.000Z","OwnerId":"0051r000007Oz5QAAS","Observaciones__c":"Nada","Case__c":"Turista","Modificado__c":false,"Name":"ReservaPrueba0"}|0x7bb2f6b4
09:18:22.452 (543877878)|STATEMENT_EXECUTE|[26]
09:18:22.452 (543880073)|STATEMENT_EXECUTE|[27]
09:18:22.452 (544028710)|VARIABLE_ASSIGNMENT|[27]|this.Cuenta__c|"0011r00001nognBAAQ"|0x7bb2f6b4
09:18:22.452 (544049752)|HEAP_ALLOCATE|[26]|Bytes:5
09:18:22.452 (544063124)|VARIABLE_ASSIGNMENT|[26]|inReserva|null|
09:18:22.452 (544070970)|SYSTEM_MODE_EXIT|false
09:18:22.452 (544080415)|METHOD_EXIT|[12]|01p1r000007Yidp|ReservaVueloMethods.RellenarCuenta(List<Reserva_Vuelo__c>)
09:18:22.452 (544096127)|STATEMENT_EXECUTE|[14]
09:18:22.544 (544104234)|CUMULATIVE_LIMIT_USAGE
09:18:22.544 (544104234)|LIMIT_USAGE_FOR_NS|(default)|
  Number of SOQL queries: 1 out of 100
  Number of query rows: 1 out of 50000
  Number of SOSL queries: 0 out of 20
  Number of DML statements: 3 out of 150
  Number of DML rows: 3 out of 10000
  Maximum CPU time: 0 out of 10000
  Maximum heap size: 0 out of 6000000
  Number of callouts: 0 out of 100
  Number of Email Invocations: 0 out of 10
  Number of future calls: 0 out of 50
  Number of queueable jobs added to the queue: 0 out of 50
  Number of Mobile Apex push calls: 0 out of 10

09:18:22.544 (544104234)|CUMULATIVE_LIMIT_USAGE_END

09:18:22.452 (545332630)|CODE_UNIT_FINISHED|ReservaVueloTrigger on Reserva_Vuelo trigger event BeforeInsert
09:18:22.452 (547174743)|CODE_UNIT_STARTED|[EXTERNAL]|Validation:Reserva_Vuelo:new
09:18:22.452 (547185226)|VALIDATION_RULE|03d1r0000006A1e|DiferentesCampos
09:18:22.452 (547300559)|VALIDATION_FORMULA|TEXT(Origen__c)  =  TEXT(Destino__c)|Destino__c=Roma , Origen__c=Madrid
09:18:22.452 (547307958)|VALIDATION_PASS
09:18:22.452 (547310315)|VALIDATION_RULE|03d1r0000006A1Z|Fecha_de_salida
09:18:22.452 (547372471)|VALIDATION_FORMULA|Fecha_Salida__c  <   NOW()|Fecha_Salida__c=2019-01-10 23:00:00
09:18:22.452 (547378392)|VALIDATION_PASS
09:18:22.452 (547404353)|CODE_UNIT_FINISHED|Validation:Reserva_Vuelo:new
09:18:22.452 (561514160)|DML_END|[52]
09:18:22.452 (561547898)|STATEMENT_EXECUTE|[54]
09:18:22.452 (561551060)|STATEMENT_EXECUTE|[54]
09:18:22.452 (561552971)|STATEMENT_EXECUTE|[56]
09:18:22.452 (561591101)|HEAP_ALLOCATE|[56]|Bytes:4
09:18:22.452 (561623373)|HEAP_ALLOCATE|[56]|Bytes:9
09:18:22.452 (561670048)|VARIABLE_ASSIGNMENT|[56]|this.Name|"Pasajero0"|0x6f18cc78
09:18:22.452 (561706154)|VARIABLE_ASSIGNMENT|[56]|this.Reserva__c|"a001r00000oUba7AAC"|0x6f18cc78
09:18:22.452 (561713890)|HEAP_ALLOCATE|[58]|Bytes:9
09:18:22.452 (561735171)|VARIABLE_ASSIGNMENT|[56]|this.Nif__c|"123456781"|0x6f18cc78
09:18:22.452 (561773594)|HEAP_ALLOCATE|[56]|Bytes:28
09:18:22.452 (561793693)|VARIABLE_ASSIGNMENT|[56]|this.Edad__c|59|0x6f18cc78
09:18:22.452 (561825141)|VARIABLE_SCOPE_BEGIN|[56]|oPasajero|Pasajero__c|true|false
09:18:22.452 (561847425)|VARIABLE_ASSIGNMENT|[56]|oPasajero|{"Name":"Pasajero0","Reserva__c":"a001r00000oUba7AAC","Nif__c":"123456781","Edad__c":59}|0x6f18cc78
09:18:22.452 (561854469)|STATEMENT_EXECUTE|[61]
09:18:22.452 (561857752)|HEAP_ALLOCATE|[61]|Bytes:41
09:18:22.452 (561956111)|HEAP_ALLOCATE|[61]|Bytes:89
09:18:22.452 (561974079)|HEAP_ALLOCATE|[61]|Bytes:130
09:18:22.452 (561993597)|USER_DEBUG|[61]|DEBUG|PasajeroTest.ValidarNifTest :: oPasajero Pasajero__c:{Name=Pasajero0, Reserva__c=a001r00000oUba7AAC, Nif__c=123456781, Edad__c=59}
09:18:22.452 (562003197)|STATEMENT_EXECUTE|[63]
09:18:22.452 (562019920)|HEAP_ALLOCATE|[63]|Bytes:8
09:18:22.452 (562030033)|DML_BEGIN|[63]|Op:Insert|Type:Pasajero__c|Rows:1
09:18:22.452 (562066029)|HEAP_ALLOCATE|[EXTERNAL]|Bytes:8
09:18:22.452 (563939104)|CODE_UNIT_STARTED|[EXTERNAL]|01q1r000000j3dJ|PasajeroTrigger on Pasajero trigger event BeforeInsert
09:18:22.452 (563975391)|HEAP_ALLOCATE|[EXTERNAL]|Bytes:8
09:18:22.452 (564018441)|HEAP_ALLOCATE|[EXTERNAL]|Bytes:8
09:18:22.452 (564028305)|VARIABLE_SCOPE_BEGIN|[1]|this|PasajeroTrigger|true|false
09:18:22.452 (564054713)|VARIABLE_ASSIGNMENT|[1]|this|{}|0x53b72149
09:18:22.452 (564095674)|HEAP_ALLOCATE|[EXTERNAL]|Bytes:8
09:18:22.452 (564102829)|VARIABLE_SCOPE_BEGIN|[1]|this|PasajeroTrigger|true|false
09:18:22.452 (564115430)|VARIABLE_ASSIGNMENT|[1]|this|{}|0x53b72149
09:18:22.452 (564123484)|STATEMENT_EXECUTE|[1]
09:18:22.452 (564125851)|STATEMENT_EXECUTE|[4]
09:18:22.452 (564303619)|VARIABLE_ASSIGNMENT|[4]|this.listNew|[{"IsDeleted":false,"Edad__c":59,"Nif__c":"123456781","Reserva__c":"a001r00000oUba7AAC","Name":"Pasajero0"}]|0x53b72149
09:18:22.452 (564319133)|STATEMENT_EXECUTE|[7]
09:18:22.452 (564326695)|STATEMENT_EXECUTE|[8]
09:18:22.452 (564328569)|STATEMENT_EXECUTE|[9]
09:18:22.452 (564347548)|HEAP_ALLOCATE|[9]|Bytes:4
09:18:22.452 (564362200)|METHOD_ENTRY|[1]|01p1r000008Zry1|PasajeroMethods.PasajeroMethods()
09:18:22.452 (564368397)|STATEMENT_EXECUTE|[1]
09:18:22.452 (564372131)|STATEMENT_EXECUTE|[1]
09:18:22.452 (564732048)|SYSTEM_MODE_ENTER|false
09:18:22.452 (564743692)|HEAP_ALLOCATE|[9]|Bytes:5
09:18:22.452 (564753368)|SYSTEM_MODE_EXIT|false
09:18:22.452 (564764327)|METHOD_EXIT|[1]|PasajeroMethods
09:18:22.452 (564775961)|METHOD_ENTRY|[9]|01p1r000008Zry1|PasajeroMethods.ValidarNif(List<Pasajero__c>)
09:18:22.452 (564784021)|VARIABLE_SCOPE_BEGIN|[32]|listNew|List<Pasajero__c>|true|false
09:18:22.452 (564878208)|VARIABLE_ASSIGNMENT|[32]|listNew|[{"IsDeleted":false,"Edad__c":59,"Nif__c":"123456781","Reserva__c":"a001r00000oUba7AAC","Name":"Pasajero0"}]|0x1bdde10a
09:18:22.452 (564899873)|SYSTEM_MODE_ENTER|false
09:18:22.452 (564905954)|HEAP_ALLOCATE|[34]|Bytes:5
09:18:22.452 (564911474)|STATEMENT_EXECUTE|[32]
09:18:22.452 (564931541)|STATEMENT_EXECUTE|[34]
09:18:22.452 (564955686)|HEAP_ALLOCATE|[36]|Bytes:5
09:18:22.452 (564973528)|HEAP_ALLOCATE|[36]|Bytes:4
09:18:22.452 (564982892)|VARIABLE_SCOPE_BEGIN|[36]|inPasajero|Pasajero__c|true|false
09:18:22.452 (565064554)|VARIABLE_ASSIGNMENT|[36]|inPasajero|{"IsDeleted":false,"Edad__c":59,"Nif__c":"123456781","Reserva__c":"a001r00000oUba7AAC","Name":"Pasajero0"}|0x731cfe65
09:18:22.452 (565073422)|STATEMENT_EXECUTE|[36]
09:18:22.452 (565088622)|METHOD_ENTRY|[37]|01p1r000009oduV|Utils.isNifNie(String)
09:18:22.452 (565096833)|VARIABLE_SCOPE_BEGIN|[3]|nif|String|false|false
09:18:22.452 (565106866)|VARIABLE_ASSIGNMENT|[3]|nif|"123456781"
09:18:22.452 (565120336)|HEAP_ALLOCATE|[5]|Bytes:5
09:18:22.452 (565125620)|STATEMENT_EXECUTE|[3]
09:18:22.452 (565127451)|STATEMENT_EXECUTE|[5]
09:18:22.452 (565134456)|HEAP_ALLOCATE|[5]|Bytes:13
09:18:22.452 (565147526)|USER_DEBUG|[5]|DEBUG|NIF 123456781
09:18:22.452 (565169512)|HEAP_ALLOCATE|[7]|Bytes:9
09:18:22.452 (565194261)|HEAP_ALLOCATE|[7]|Bytes:9
09:18:22.452 (565214318)|HEAP_ALLOCATE|[7]|Bytes:9
09:18:22.452 (565229939)|STATEMENT_EXECUTE|[7]
09:18:22.452 (565231935)|STATEMENT_EXECUTE|[11]
09:18:22.452 (565239708)|METHOD_ENTRY|[11]||System.Pattern.compile(String)
09:18:22.452 (565309691)|METHOD_EXIT|[11]||System.Pattern.compile(String)
09:18:22.452 (565315995)|VARIABLE_SCOPE_BEGIN|[11]|nifPattern|System.Pattern|true|false
09:18:22.452 (565336444)|VARIABLE_ASSIGNMENT|[11]|nifPattern|{"delegate":"0x66f47c7d"}|0x7515db32
09:18:22.452 (565343305)|STATEMENT_EXECUTE|[12]
09:18:22.452 (565349847)|METHOD_ENTRY|[12]||System.Pattern.matcher(String)
09:18:22.452 (565414468)|METHOD_EXIT|[12]||System.Pattern.matcher(String)
09:18:22.452 (565419892)|VARIABLE_SCOPE_BEGIN|[12]|m|System.Matcher|true|false
09:18:22.452 (565435858)|VARIABLE_ASSIGNMENT|[12]|m|{"delegate":"0x1fc211b0"}|0x6be366f3
09:18:22.452 (565445499)|METHOD_ENTRY|[13]||System.Matcher.matches()
09:18:22.452 (565475657)|METHOD_EXIT|[13]||System.Matcher.matches()
09:18:22.452 (565481006)|STATEMENT_EXECUTE|[29]
09:18:22.452 (565482874)|STATEMENT_EXECUTE|[30]
09:18:22.452 (565486799)|HEAP_ALLOCATE|[30]|Bytes:5
09:18:22.452 (565494808)|METHOD_EXIT|[37]|01p1r000009oduV|Utils.isNifNie(String)
09:18:22.452 (565501881)|STATEMENT_EXECUTE|[37]
09:18:22.452 (565503666)|STATEMENT_EXECUTE|[38]
09:18:22.452 (565507928)|HEAP_ALLOCATE|[38]|Bytes:16
09:18:22.452 (565579759)|VF_PAGE_MESSAGE|Error en el Nif!
09:18:22.452 (565601358)|HEAP_ALLOCATE|[36]|Bytes:5
09:18:22.452 (565614109)|VARIABLE_ASSIGNMENT|[36]|inPasajero|null|
09:18:22.452 (565622271)|SYSTEM_MODE_EXIT|false
09:18:22.452 (565629837)|METHOD_EXIT|[9]|01p1r000008Zry1|PasajeroMethods.ValidarNif(List<Pasajero__c>)
09:18:22.452 (565635337)|STATEMENT_EXECUTE|[10]
09:18:22.452 (565647538)|METHOD_ENTRY|[10]|01p1r000008Zry1|PasajeroMethods.RellenarContacto(List<Pasajero__c>)
09:18:22.452 (565653744)|VARIABLE_SCOPE_BEGIN|[3]|listPasajeros|List<Pasajero__c>|true|false
09:18:22.452 (565757401)|VARIABLE_ASSIGNMENT|[3]|listPasajeros|[{"IsDeleted":false,"Edad__c":59,"Nif__c":"123456781","Reserva__c":"a001r00000oUba7AAC","Name":"Pasajero0"}]|0x1bdde10a
09:18:22.452 (565773456)|SYSTEM_MODE_ENTER|false
09:18:22.452 (565783156)|HEAP_ALLOCATE|[5]|Bytes:5
09:18:22.452 (565788466)|STATEMENT_EXECUTE|[3]
09:18:22.452 (565801810)|STATEMENT_EXECUTE|[5]
09:18:22.452 (565803608)|STATEMENT_EXECUTE|[8]
09:18:22.452 (565816848)|HEAP_ALLOCATE|[8]|Bytes:4
09:18:22.452 (565833326)|VARIABLE_SCOPE_BEGIN|[8]|listNifs|List<String>|true|false
09:18:22.452 (565859359)|HEAP_ALLOCATE|[EXTERNAL]|Bytes:4
09:18:22.452 (565868867)|VARIABLE_ASSIGNMENT|[8]|listNifs|[]|0x66df1f81
09:18:22.452 (565893468)|HEAP_ALLOCATE|[10]|Bytes:5
09:18:22.452 (565905455)|HEAP_ALLOCATE|[10]|Bytes:4
09:18:22.452 (565913158)|VARIABLE_SCOPE_BEGIN|[10]|inPasajero|Pasajero__c|true|false
09:18:22.452 (565997017)|VARIABLE_ASSIGNMENT|[10]|inPasajero|{"IsDeleted":false,"Edad__c":59,"Nif__c":"123456781","Reserva__c":"a001r00000oUba7AAC","Name":"Pasajero0"}|0x731cfe65
09:18:22.452 (566005345)|STATEMENT_EXECUTE|[10]
09:18:22.452 (566007758)|STATEMENT_EXECUTE|[11]
09:18:22.452 (566023517)|HEAP_ALLOCATE|[EXTERNAL]|Bytes:4
09:18:22.452 (566036627)|HEAP_ALLOCATE|[10]|Bytes:5
09:18:22.452 (566046908)|VARIABLE_ASSIGNMENT|[10]|inPasajero|null|
09:18:22.452 (566052310)|STATEMENT_EXECUTE|[17]
09:18:22.452 (566072350)|HEAP_ALLOCATE|[17]|Bytes:4
09:18:22.452 (566083686)|VARIABLE_SCOPE_BEGIN|[17]|mapContactos|Map<String,Contact>|true|false
09:18:22.452 (566099965)|VARIABLE_ASSIGNMENT|[17]|mapContactos|{}|0x3cdfa316
09:18:22.452 (566107183)|HEAP_ALLOCATE|[19]|Bytes:61
09:18:22.452 (566117898)|HEAP_ALLOCATE|[19]|Bytes:4
09:18:22.452 (566365868)|SOQL_EXECUTE_BEGIN|[19]|Aggregations:0|SELECT Id, Name, Nif__c FROM Contact 
09:18:22.452 (571015042)|SOQL_EXECUTE_END|[19]|Rows:0
09:18:22.452 (571175861)|HEAP_ALLOCATE|[19]|Bytes:54
09:18:22.452 (571190028)|HEAP_ALLOCATE|[19]|Bytes:8
09:18:22.452 (571205056)|SYSTEM_METHOD_ENTRY|[7]|QueryLocatorIterator.QueryLocatorIterator()
09:18:22.452 (571213101)|STATEMENT_EXECUTE|[7]
09:18:22.452 (571225622)|SYSTEM_METHOD_EXIT|[7]|QueryLocatorIterator
09:18:22.452 (571236569)|HEAP_ALLOCATE|[19]|Bytes:28
09:18:22.452 (571259244)|HEAP_ALLOCATE|[19]|Bytes:8
09:18:22.452 (571266083)|HEAP_ALLOCATE|[19]|Bytes:8
09:18:22.452 (571274855)|VARIABLE_SCOPE_BEGIN|[15]|this|Database.QueryLocatorIterator|true|false
09:18:22.452 (571309234)|VARIABLE_ASSIGNMENT|[15]|this|{}|0x546baa90
09:18:22.452 (571320102)|VARIABLE_SCOPE_BEGIN|[15]|values|List<SObject>|true|false
09:18:22.452 (571332638)|VARIABLE_ASSIGNMENT|[15]|values|null|
09:18:22.452 (571339844)|VARIABLE_SCOPE_BEGIN|[15]|ql|Database.QueryLocator|true|false
09:18:22.452 (571367936)|VARIABLE_ASSIGNMENT|[15]|ql|{"query":"SELECT Id, Name, Nif (41 more) ..."}|0x2e8ef051
09:18:22.452 (571377213)|VARIABLE_SCOPE_BEGIN|[15]|totalNumRecords|Integer|false|false
09:18:22.452 (571390323)|VARIABLE_ASSIGNMENT|[15]|totalNumRecords|0
09:18:22.452 (571397117)|VARIABLE_SCOPE_BEGIN|[15]|queryMoreSize|Integer|false|false
09:18:22.452 (571407900)|VARIABLE_ASSIGNMENT|[15]|queryMoreSize|49999
09:18:22.452 (571476465)|HEAP_ALLOCATE|[19]|Bytes:28
09:18:22.452 (571499219)|METHOD_ENTRY|[19]||Database.QueryLocatorIterator.hasNext()
09:18:22.452 (571535115)|METHOD_EXIT|[19]||Database.QueryLocatorIterator.hasNext()
09:18:22.452 (571550704)|VARIABLE_ASSIGNMENT|[19]|inContact|null|
09:18:22.452 (571559955)|STATEMENT_EXECUTE|[19]
09:18:22.452 (571604383)|HEAP_ALLOCATE|[24]|Bytes:5
09:18:22.452 (571625301)|HEAP_ALLOCATE|[24]|Bytes:4
09:18:22.452 (571637187)|VARIABLE_SCOPE_BEGIN|[24]|inPasajero|Pasajero__c|true|false
09:18:22.452 (571829566)|VARIABLE_ASSIGNMENT|[24]|inPasajero|{"IsDeleted":false,"Edad__c":59,"Nif__c":"123456781","Reserva__c":"a001r00000oUba7AAC","Name":"Pasajero0"}|0x731cfe65
09:18:22.452 (571844830)|STATEMENT_EXECUTE|[24]
09:18:22.452 (571874743)|STATEMENT_EXECUTE|[25]
09:18:22.452 (571888270)|HEAP_ALLOCATE|[24]|Bytes:5
09:18:22.452 (571906899)|VARIABLE_ASSIGNMENT|[24]|inPasajero|null|
09:18:22.452 (571917882)|SYSTEM_MODE_EXIT|false
09:18:22.452 (571930352)|METHOD_EXIT|[10]|01p1r000008Zry1|PasajeroMethods.RellenarContacto(List<Pasajero__c>)
09:18:22.571 (571944726)|CUMULATIVE_LIMIT_USAGE
09:18:22.571 (571944726)|LIMIT_USAGE_FOR_NS|(default)|
  Number of SOQL queries: 2 out of 100
  Number of query rows: 1 out of 50000
  Number of SOSL queries: 0 out of 20
  Number of DML statements: 4 out of 150
  Number of DML rows: 4 out of 10000
  Maximum CPU time: 0 out of 10000
  Maximum heap size: 0 out of 6000000
  Number of callouts: 0 out of 100
  Number of Email Invocations: 0 out of 10
  Number of future calls: 0 out of 50
  Number of queueable jobs added to the queue: 0 out of 50
  Number of Mobile Apex push calls: 0 out of 10

09:18:22.571 (571944726)|CUMULATIVE_LIMIT_USAGE_END

09:18:22.452 (573163636)|CODE_UNIT_FINISHED|PasajeroTrigger on Pasajero trigger event BeforeInsert
09:18:22.452 (574161779)|DML_END|[63]
09:18:22.452 (574222524)|EXCEPTION_THROWN|[63]|System.DmlException: Insert failed. First exception on row 0; first error: FIELD_CUSTOM_VALIDATION_EXCEPTION, Error en el Nif!: []
09:18:22.452 (574573659)|HEAP_ALLOCATE|[63]|Bytes:113
09:18:22.452 (574619182)|VARIABLE_SCOPE_BEGIN|[65]|e|Exception|true|false
09:18:22.452 (574725940)|VARIABLE_ASSIGNMENT|[65]|e|"common.apex.runtime.impl.DmlExecutionException: Insert failed. First exception on row 0; first error: FIELD_CUSTOM_VALIDATION_EXCEPTION, Error en el Nif!: []"|0x323c3ccb
09:18:22.452 (574741458)|STATEMENT_EXECUTE|[65]
09:18:22.452 (574745096)|STATEMENT_EXECUTE|[66]
09:18:22.452 (574797237)|HEAP_ALLOCATE|[66]|Bytes:109
09:18:22.452 (574865322)|STATEMENT_EXECUTE|[69]
09:18:22.452 (574868777)|STATEMENT_EXECUTE|[69]
09:18:22.452 (574872098)|STATEMENT_EXECUTE|[71]
09:18:22.452 (574901424)|HEAP_ALLOCATE|[71]|Bytes:4
09:18:22.452 (574954984)|VARIABLE_ASSIGNMENT|[71]|this.Name|"Pasajero0"|0x625f5c7e
09:18:22.452 (575003036)|VARIABLE_ASSIGNMENT|[71]|this.Reserva__c|"a001r00000oUba7AAC"|0x625f5c7e
09:18:22.452 (575017143)|HEAP_ALLOCATE|[73]|Bytes:9
09:18:22.452 (575042684)|VARIABLE_ASSIGNMENT|[71]|this.Nif__c|"47898592A"|0x625f5c7e
09:18:22.452 (575066787)|HEAP_ALLOCATE|[71]|Bytes:28
09:18:22.452 (575095359)|VARIABLE_ASSIGNMENT|[71]|this.Edad__c|59|0x625f5c7e
09:18:22.452 (575128776)|VARIABLE_SCOPE_BEGIN|[71]|oPasajero|Pasajero__c|true|false
09:18:22.452 (575154375)|VARIABLE_ASSIGNMENT|[71]|oPasajero|{"Name":"Pasajero0","Reserva__c":"a001r00000oUba7AAC","Nif__c":"47898592A","Edad__c":59}|0x625f5c7e
09:18:22.452 (575165390)|STATEMENT_EXECUTE|[76]
09:18:22.452 (575254778)|HEAP_ALLOCATE|[76]|Bytes:89
09:18:22.452 (575279373)|HEAP_ALLOCATE|[76]|Bytes:130
09:18:22.452 (575298687)|USER_DEBUG|[76]|DEBUG|PasajeroTest.ValidarNifTest :: oPasajero Pasajero__c:{Name=Pasajero0, Reserva__c=a001r00000oUba7AAC, Nif__c=47898592A, Edad__c=59}
09:18:22.452 (575314554)|STATEMENT_EXECUTE|[78]
09:18:22.452 (575335393)|HEAP_ALLOCATE|[78]|Bytes:8
09:18:22.452 (575348318)|DML_BEGIN|[78]|Op:Insert|Type:Pasajero__c|Rows:1
09:18:22.452 (575388003)|HEAP_ALLOCATE|[EXTERNAL]|Bytes:8
09:18:22.452 (577584917)|CODE_UNIT_STARTED|[EXTERNAL]|01q1r000000j3dJ|PasajeroTrigger on Pasajero trigger event BeforeInsert
09:18:22.452 (577625959)|HEAP_ALLOCATE|[EXTERNAL]|Bytes:8
09:18:22.452 (577665842)|HEAP_ALLOCATE|[EXTERNAL]|Bytes:8
09:18:22.452 (577675516)|VARIABLE_SCOPE_BEGIN|[1]|this|PasajeroTrigger|true|false
09:18:22.452 (577701800)|VARIABLE_ASSIGNMENT|[1]|this|{}|0x35869b4b
09:18:22.452 (577735629)|HEAP_ALLOCATE|[EXTERNAL]|Bytes:8
09:18:22.452 (577742331)|VARIABLE_SCOPE_BEGIN|[1]|this|PasajeroTrigger|true|false
09:18:22.452 (577772683)|VARIABLE_ASSIGNMENT|[1]|this|{}|0x35869b4b
09:18:22.452 (577786055)|STATEMENT_EXECUTE|[1]
09:18:22.452 (577789897)|STATEMENT_EXECUTE|[4]
09:18:22.452 (578013173)|VARIABLE_ASSIGNMENT|[4]|this.listNew|[{"IsDeleted":false,"Edad__c":59,"Nif__c":"47898592A","Reserva__c":"a001r00000oUba7AAC","Name":"Pasajero0"}]|0x35869b4b
09:18:22.452 (578033090)|STATEMENT_EXECUTE|[7]
09:18:22.452 (578040779)|STATEMENT_EXECUTE|[8]
09:18:22.452 (578042985)|STATEMENT_EXECUTE|[9]
09:18:22.452 (578055790)|METHOD_ENTRY|[9]|01p1r000008Zry1|PasajeroMethods.ValidarNif(List<Pasajero__c>)
09:18:22.452 (578066072)|VARIABLE_SCOPE_BEGIN|[32]|listNew|List<Pasajero__c>|true|false
09:18:22.452 (578281831)|VARIABLE_ASSIGNMENT|[32]|listNew|[{"IsDeleted":false,"Edad__c":59,"Nif__c":"47898592A","Reserva__c":"a001r00000oUba7AAC","Name":"Pasajero0"}]|0x7493d1ac
09:18:22.452 (578666276)|SYSTEM_MODE_ENTER|false
09:18:22.452 (578680318)|HEAP_ALLOCATE|[34]|Bytes:5
09:18:22.452 (578690112)|STATEMENT_EXECUTE|[32]
09:18:22.452 (578710983)|STATEMENT_EXECUTE|[34]
09:18:22.452 (578726923)|HEAP_ALLOCATE|[36]|Bytes:5
09:18:22.452 (578740077)|HEAP_ALLOCATE|[36]|Bytes:4
09:18:22.452 (578747945)|VARIABLE_SCOPE_BEGIN|[36]|inPasajero|Pasajero__c|true|false
09:18:22.452 (578897178)|VARIABLE_ASSIGNMENT|[36]|inPasajero|{"IsDeleted":false,"Edad__c":59,"Nif__c":"47898592A","Reserva__c":"a001r00000oUba7AAC","Name":"Pasajero0"}|0x18a5811a
09:18:22.452 (578912296)|STATEMENT_EXECUTE|[36]
09:18:22.452 (578929030)|METHOD_ENTRY|[37]|01p1r000009oduV|Utils.isNifNie(String)
09:18:22.452 (578940247)|VARIABLE_SCOPE_BEGIN|[3]|nif|String|false|false
09:18:22.452 (578955138)|VARIABLE_ASSIGNMENT|[3]|nif|"47898592A"
09:18:22.452 (578975668)|HEAP_ALLOCATE|[5]|Bytes:5
09:18:22.452 (578984157)|STATEMENT_EXECUTE|[3]
09:18:22.452 (578987228)|STATEMENT_EXECUTE|[5]
09:18:22.452 (578995686)|HEAP_ALLOCATE|[5]|Bytes:13
09:18:22.452 (579011429)|USER_DEBUG|[5]|DEBUG|NIF 47898592A
09:18:22.452 (579042315)|HEAP_ALLOCATE|[7]|Bytes:9
09:18:22.452 (579081546)|HEAP_ALLOCATE|[7]|Bytes:9
09:18:22.452 (579114671)|HEAP_ALLOCATE|[7]|Bytes:9
09:18:22.452 (579140080)|STATEMENT_EXECUTE|[7]
09:18:22.452 (579143213)|STATEMENT_EXECUTE|[11]
09:18:22.452 (579153965)|METHOD_ENTRY|[11]||System.Pattern.compile(String)
09:18:22.452 (579241187)|METHOD_EXIT|[11]||System.Pattern.compile(String)
09:18:22.452 (579249005)|VARIABLE_SCOPE_BEGIN|[11]|nifPattern|System.Pattern|true|false
09:18:22.452 (579275552)|VARIABLE_ASSIGNMENT|[11]|nifPattern|{"delegate":"0x66f47c7d"}|0x4ecf79b8
09:18:22.452 (579285237)|STATEMENT_EXECUTE|[12]
09:18:22.452 (579292873)|METHOD_ENTRY|[12]||System.Pattern.matcher(String)
09:18:22.452 (579396445)|METHOD_EXIT|[12]||System.Pattern.matcher(String)
09:18:22.452 (579405533)|VARIABLE_SCOPE_BEGIN|[12]|m|System.Matcher|true|false
09:18:22.452 (579430886)|VARIABLE_ASSIGNMENT|[12]|m|{"delegate":"0x4f12efe9"}|0x25e65916
09:18:22.452 (579446062)|METHOD_ENTRY|[13]||System.Matcher.matches()
09:18:22.452 (579488605)|METHOD_EXIT|[13]||System.Matcher.matches()
09:18:22.452 (579497362)|STATEMENT_EXECUTE|[13]
09:18:22.452 (579500262)|STATEMENT_EXECUTE|[14]
09:18:22.452 (579508550)|METHOD_ENTRY|[14]||System.Matcher.group(Integer)
09:18:22.452 (579562911)|METHOD_EXIT|[14]||System.Matcher.group(Integer)
09:18:22.452 (579571728)|VARIABLE_SCOPE_BEGIN|[14]|letra|String|false|false
09:18:22.452 (579587220)|VARIABLE_ASSIGNMENT|[14]|letra|"A"
09:18:22.452 (579595081)|STATEMENT_EXECUTE|[16]
09:18:22.452 (579599341)|VARIABLE_SCOPE_BEGIN|[16]|letras|String|false|false
09:18:22.452 (579614413)|VARIABLE_ASSIGNMENT|[16]|letras|"TRWAGMYFPDXBNJZSQVHL (3 more) ..."
09:18:22.452 (579621298)|STATEMENT_EXECUTE|[17]
09:18:22.452 (579628470)|METHOD_ENTRY|[17]||System.Matcher.group(Integer)
09:18:22.452 (579663919)|METHOD_EXIT|[17]||System.Matcher.group(Integer)
09:18:22.452 (579696092)|VARIABLE_SCOPE_BEGIN|[17]|dni|Integer|false|false
09:18:22.452 (579708647)|HEAP_ALLOCATE|[17]|Bytes:4
09:18:22.452 (579720317)|VARIABLE_ASSIGNMENT|[17]|dni|47898592
09:18:22.452 (579727519)|STATEMENT_EXECUTE|[18]
09:18:22.452 (579738044)|METHOD_ENTRY|[18]||System.Math.mod(Integer, Integer)
09:18:22.452 (579783817)|METHOD_EXIT|[18]||System.Math.mod(Integer, Integer)
09:18:22.452 (579791040)|HEAP_ALLOCATE|[18]|Bytes:4
09:18:22.452 (579799965)|VARIABLE_ASSIGNMENT|[18]|dni|11
09:18:22.452 (579807143)|STATEMENT_EXECUTE|[20]
09:18:22.452 (579826639)|HEAP_ALLOCATE|[20]|Bytes:1
09:18:22.452 (579840345)|VARIABLE_SCOPE_BEGIN|[20]|reference|String|false|false
09:18:22.452 (579854350)|VARIABLE_ASSIGNMENT|[20]|reference|"B"
09:18:22.452 (579880364)|STATEMENT_EXECUTE|[25]
09:18:22.452 (579883391)|STATEMENT_EXECUTE|[26]
09:18:22.452 (579887874)|HEAP_ALLOCATE|[26]|Bytes:27
09:18:22.452 (579903028)|HEAP_ALLOCATE|[26]|Bytes:30
09:18:22.452 (579930352)|USER_DEBUG|[26]|DEBUG|NO son iguales. NO es NIF. A B
09:18:22.452 (579942817)|STATEMENT_EXECUTE|[27]
09:18:22.452 (579949242)|HEAP_ALLOCATE|[27]|Bytes:5
09:18:22.452 (579962401)|METHOD_EXIT|[37]|01p1r000009oduV|Utils.isNifNie(String)
09:18:22.452 (579972794)|STATEMENT_EXECUTE|[37]
09:18:22.452 (579975694)|STATEMENT_EXECUTE|[38]
09:18:22.452 (580045902)|HEAP_ALLOCATE|[36]|Bytes:5
09:18:22.452 (580065727)|VARIABLE_ASSIGNMENT|[36]|inPasajero|null|
09:18:22.452 (580076990)|SYSTEM_MODE_EXIT|false
09:18:22.452 (580088789)|METHOD_EXIT|[9]|01p1r000008Zry1|PasajeroMethods.ValidarNif(List<Pasajero__c>)
09:18:22.452 (580097831)|STATEMENT_EXECUTE|[10]
09:18:22.452 (580110288)|METHOD_ENTRY|[10]|01p1r000008Zry1|PasajeroMethods.RellenarContacto(List<Pasajero__c>)
09:18:22.452 (580120090)|VARIABLE_SCOPE_BEGIN|[3]|listPasajeros|List<Pasajero__c>|true|false
09:18:22.452 (580264047)|VARIABLE_ASSIGNMENT|[3]|listPasajeros|[{"IsDeleted":false,"Edad__c":59,"Nif__c":"47898592A","Reserva__c":"a001r00000oUba7AAC","Name":"Pasajero0"}]|0x7493d1ac
09:18:22.452 (580282490)|SYSTEM_MODE_ENTER|false
09:18:22.452 (580289827)|HEAP_ALLOCATE|[5]|Bytes:5
09:18:22.452 (580295634)|STATEMENT_EXECUTE|[3]
09:18:22.452 (580308613)|STATEMENT_EXECUTE|[5]
09:18:22.452 (580310401)|STATEMENT_EXECUTE|[8]
09:18:22.452 (580322084)|HEAP_ALLOCATE|[8]|Bytes:4
09:18:22.452 (580335223)|VARIABLE_SCOPE_BEGIN|[8]|listNifs|List<String>|true|false
09:18:22.452 (580360250)|HEAP_ALLOCATE|[EXTERNAL]|Bytes:4
09:18:22.452 (580370229)|VARIABLE_ASSIGNMENT|[8]|listNifs|[]|0xdba5e4c
09:18:22.452 (580389922)|HEAP_ALLOCATE|[10]|Bytes:5
09:18:22.452 (580402182)|HEAP_ALLOCATE|[10]|Bytes:4
09:18:22.452 (580409181)|VARIABLE_SCOPE_BEGIN|[10]|inPasajero|Pasajero__c|true|false
09:18:22.452 (580495450)|VARIABLE_ASSIGNMENT|[10]|inPasajero|{"IsDeleted":false,"Edad__c":59,"Nif__c":"47898592A","Reserva__c":"a001r00000oUba7AAC","Name":"Pasajero0"}|0x18a5811a
09:18:22.452 (580503892)|STATEMENT_EXECUTE|[10]
09:18:22.452 (580505990)|STATEMENT_EXECUTE|[11]
09:18:22.452 (580519661)|HEAP_ALLOCATE|[EXTERNAL]|Bytes:4
09:18:22.452 (580532780)|HEAP_ALLOCATE|[10]|Bytes:5
09:18:22.452 (580543245)|VARIABLE_ASSIGNMENT|[10]|inPasajero|null|
09:18:22.452 (580548535)|STATEMENT_EXECUTE|[17]
09:18:22.452 (580566772)|HEAP_ALLOCATE|[17]|Bytes:4
09:18:22.452 (580574561)|VARIABLE_SCOPE_BEGIN|[17]|mapContactos|Map<String,Contact>|true|false
09:18:22.452 (580590816)|VARIABLE_ASSIGNMENT|[17]|mapContactos|{}|0x13527a4c
09:18:22.452 (580603439)|HEAP_ALLOCATE|[19]|Bytes:4
09:18:22.452 (580840155)|SOQL_EXECUTE_BEGIN|[19]|Aggregations:0|SELECT Id, Name, Nif__c FROM Contact 
09:18:22.452 (585098564)|SOQL_EXECUTE_END|[19]|Rows:0
09:18:22.452 (585232188)|HEAP_ALLOCATE|[19]|Bytes:28
09:18:22.452 (585258470)|HEAP_ALLOCATE|[19]|Bytes:8
09:18:22.452 (585265678)|HEAP_ALLOCATE|[19]|Bytes:8
09:18:22.452 (585275039)|VARIABLE_SCOPE_BEGIN|[15]|this|Database.QueryLocatorIterator|true|false
09:18:22.452 (585310877)|VARIABLE_ASSIGNMENT|[15]|this|{}|0x685282ae
09:18:22.452 (585321421)|VARIABLE_SCOPE_BEGIN|[15]|values|List<SObject>|true|false
09:18:22.452 (585333699)|VARIABLE_ASSIGNMENT|[15]|values|null|
09:18:22.452 (585339721)|VARIABLE_SCOPE_BEGIN|[15]|ql|Database.QueryLocator|true|false
09:18:22.452 (585362948)|VARIABLE_ASSIGNMENT|[15]|ql|{"query":"SELECT Id, Name, Nif (41 more) ..."}|0x3607dfc4
09:18:22.452 (585372759)|VARIABLE_SCOPE_BEGIN|[15]|totalNumRecords|Integer|false|false
09:18:22.452 (585390872)|VARIABLE_ASSIGNMENT|[15]|totalNumRecords|0
09:18:22.452 (585397919)|VARIABLE_SCOPE_BEGIN|[15]|queryMoreSize|Integer|false|false
09:18:22.452 (585409880)|VARIABLE_ASSIGNMENT|[15]|queryMoreSize|49999
09:18:22.452 (585473124)|HEAP_ALLOCATE|[19]|Bytes:28
09:18:22.452 (585493807)|METHOD_ENTRY|[19]||Database.QueryLocatorIterator.hasNext()
09:18:22.452 (585544995)|METHOD_EXIT|[19]||Database.QueryLocatorIterator.hasNext()
09:18:22.452 (585561874)|VARIABLE_ASSIGNMENT|[19]|inContact|null|
09:18:22.452 (585571934)|STATEMENT_EXECUTE|[19]
09:18:22.452 (585607714)|HEAP_ALLOCATE|[24]|Bytes:5
09:18:22.452 (585629179)|HEAP_ALLOCATE|[24]|Bytes:4
09:18:22.452 (585640756)|VARIABLE_SCOPE_BEGIN|[24]|inPasajero|Pasajero__c|true|false
09:18:22.452 (585881026)|VARIABLE_ASSIGNMENT|[24]|inPasajero|{"IsDeleted":false,"Edad__c":59,"Nif__c":"47898592A","Reserva__c":"a001r00000oUba7AAC","Name":"Pasajero0"}|0x18a5811a
09:18:22.452 (585892636)|STATEMENT_EXECUTE|[24]
09:18:22.452 (585915619)|STATEMENT_EXECUTE|[25]
09:18:22.452 (585926156)|HEAP_ALLOCATE|[24]|Bytes:5
09:18:22.452 (585942272)|VARIABLE_ASSIGNMENT|[24]|inPasajero|null|
09:18:22.452 (585951230)|SYSTEM_MODE_EXIT|false
09:18:22.452 (585960872)|METHOD_EXIT|[10]|01p1r000008Zry1|PasajeroMethods.RellenarContacto(List<Pasajero__c>)
09:18:22.585 (585986918)|CUMULATIVE_LIMIT_USAGE
09:18:22.585 (585986918)|LIMIT_USAGE_FOR_NS|(default)|
  Number of SOQL queries: 2 out of 100
  Number of query rows: 1 out of 50000
  Number of SOSL queries: 0 out of 20
  Number of DML statements: 5 out of 150
  Number of DML rows: 5 out of 10000
  Maximum CPU time: 0 out of 10000
  Maximum heap size: 0 out of 6000000
  Number of callouts: 0 out of 100
  Number of Email Invocations: 0 out of 10
  Number of future calls: 0 out of 50
  Number of queueable jobs added to the queue: 0 out of 50
  Number of Mobile Apex push calls: 0 out of 10

09:18:22.585 (585986918)|CUMULATIVE_LIMIT_USAGE_END

09:18:22.452 (587267627)|CODE_UNIT_FINISHED|PasajeroTrigger on Pasajero trigger event BeforeInsert
09:18:22.452 (588263282)|DML_END|[78]
09:18:22.452 (588335711)|EXCEPTION_THROWN|[78]|System.DmlException: Insert failed. First exception on row 0; first error: FIELD_CUSTOM_VALIDATION_EXCEPTION, Error en el Nif!: []
09:18:22.452 (588926612)|HEAP_ALLOCATE|[78]|Bytes:113
09:18:22.452 (588976489)|VARIABLE_SCOPE_BEGIN|[80]|e|Exception|true|false
09:18:22.452 (589048920)|VARIABLE_ASSIGNMENT|[80]|e|"common.apex.runtime.impl.DmlExecutionException: Insert failed. First exception on row 0; first error: FIELD_CUSTOM_VALIDATION_EXCEPTION, Error en el Nif!: []"|0x300a7149
09:18:22.452 (589064226)|STATEMENT_EXECUTE|[80]
09:18:22.452 (589067883)|STATEMENT_EXECUTE|[81]
09:18:22.452 (589113535)|HEAP_ALLOCATE|[81]|Bytes:109
09:18:22.589 (589173790)|CUMULATIVE_LIMIT_USAGE
09:18:22.589 (589173790)|LIMIT_USAGE_FOR_NS|(default)|
  Number of SOQL queries: 1 out of 100
  Number of query rows: 1 out of 50000
  Number of SOSL queries: 0 out of 20
  Number of DML statements: 5 out of 150
  Number of DML rows: 5 out of 10000
  Maximum CPU time: 0 out of 10000
  Maximum heap size: 0 out of 6000000
  Number of callouts: 0 out of 100
  Number of Email Invocations: 0 out of 10
  Number of future calls: 0 out of 50
  Number of queueable jobs added to the queue: 0 out of 50
  Number of Mobile Apex push calls: 0 out of 10

09:18:22.589 (589173790)|CUMULATIVE_LIMIT_USAGE_END

09:18:22.452 (589206307)|CODE_UNIT_FINISHED|PasajeroTest.ValidarNifTest
09:18:22.452 (590018259)|EXECUTION_FINISHED
09:18:22.834 (834762246)|USER_INFO|[EXTERNAL]|0051r000007Oz5Q|lydia.abril@gmail.com|hora estándar de Europa central|GMT+02:00
09:18:22.834 (834786578)|EXECUTION_STARTED
09:18:22.834 (834790468)|CODE_UNIT_STARTED|[EXTERNAL]|DuplicateDetector
09:18:22.834 (834802950)|DUPLICATE_DETECTION_BEGIN
09:18:22.834 (834848231)|DUPLICATE_DETECTION_RULE_INVOCATION|DuplicateRuleId:0Bm1r0000018X88|DuplicateRuleName:Standard Account Duplicate Rule|DmlType:INSERT
09:18:22.834 (843815237)|DUPLICATE_DETECTION_END
09:18:22.834 (843824207)|CODE_UNIT_FINISHED|DuplicateDetector
09:18:22.834 (844841990)|EXECUTION_FINISHED
09:18:22.845 (845789255)|USER_INFO|[EXTERNAL]|0051r000007Oz5Q|lydia.abril@gmail.com|hora estándar de Europa central|GMT+02:00
09:18:22.845 (845823128)|EXECUTION_STARTED
09:18:22.845 (845828323)|CODE_UNIT_STARTED|[EXTERNAL]|DuplicateDetector
09:18:22.845 (845841671)|DUPLICATE_DETECTION_BEGIN
09:18:22.845 (845920850)|DUPLICATE_DETECTION_RULE_INVOCATION|DuplicateRuleId:0Bm1r0000018X89|DuplicateRuleName:Standard Contact Duplicate Rule|DmlType:INSERT
09:18:22.845 (856634341)|DUPLICATE_DETECTION_END
09:18:22.845 (856642045)|CODE_UNIT_FINISHED|DuplicateDetector
09:18:22.845 (857403089)|EXECUTION_FINISHED
