36.0 APEX_CODE,FINEST;APEX_PROFILING,INFO;CALLOUT,INFO;DB,INFO;SYSTEM,DEBUG;VALIDATION,INFO;VISUALFORCE,INFO;WAVE,INFO;WORKFLOW,INFO
09:29:50.0 (87109)|USER_INFO|[EXTERNAL]|0051r000007Oz5Q|lydia.abril@gmail.com|hora estándar de Europa central|GMT+02:00
09:29:50.0 (137436)|EXECUTION_STARTED
09:29:50.0 (143378)|CODE_UNIT_STARTED|[EXTERNAL]|TRIGGERS
09:29:50.0 (909351)|CODE_UNIT_STARTED|[EXTERNAL]|01q1r000000iqHt|RestrictContactByName on Contact trigger event BeforeInsert
09:29:50.0 (947468)|HEAP_ALLOCATE|[EXTERNAL]|Bytes:8
09:29:50.0 (1359857)|HEAP_ALLOCATE|[72]|Bytes:3
09:29:50.0 (1421545)|HEAP_ALLOCATE|[77]|Bytes:152
09:29:50.0 (1435046)|HEAP_ALLOCATE|[342]|Bytes:408
09:29:50.0 (1446801)|HEAP_ALLOCATE|[355]|Bytes:408
09:29:50.0 (1457480)|HEAP_ALLOCATE|[467]|Bytes:48
09:29:50.0 (1483341)|HEAP_ALLOCATE|[139]|Bytes:6
09:29:50.0 (1504071)|HEAP_ALLOCATE|[EXTERNAL]|Bytes:4
09:29:50.0 (1530776)|VARIABLE_SCOPE_BEGIN|[1]|this|RestrictContactByName|true|false
09:29:50.0 (1750719)|VARIABLE_ASSIGNMENT|[1]|this|{}|0x496f594a
09:29:50.0 (1796144)|HEAP_ALLOCATE|[EXTERNAL]|Bytes:4
09:29:50.0 (1812269)|VARIABLE_SCOPE_BEGIN|[1]|this|RestrictContactByName|true|false
09:29:50.0 (1824426)|VARIABLE_ASSIGNMENT|[1]|this|{}|0x496f594a
09:29:50.0 (1831571)|STATEMENT_EXECUTE|[1]
09:29:50.0 (1866493)|HEAP_ALLOCATE|[50]|Bytes:5
09:29:50.0 (1902246)|HEAP_ALLOCATE|[56]|Bytes:5
09:29:50.0 (1915672)|HEAP_ALLOCATE|[64]|Bytes:7
09:29:50.0 (2168947)|HEAP_ALLOCATE|[3]|Bytes:5
09:29:50.0 (2199767)|HEAP_ALLOCATE|[3]|Bytes:4
09:29:50.0 (2208856)|VARIABLE_SCOPE_BEGIN|[3]|c|Contact|true|false
09:29:50.0 (2659372)|VARIABLE_ASSIGNMENT|[3]|c|{"IsDeleted":false,"IsEmailBounced":false,"CleanStatus":"Pending","DoNotCall":false,"OwnerId":"0051r000007Oz5QAAS","FirstName":"Smith","HasOptedOutOfEmail":false,"HasOptedOutOfFax":false,"LastName":"Smith","Salutation":"Ms."}|0x5b7f0fc7
09:29:50.0 (2671317)|STATEMENT_EXECUTE|[3]
09:29:50.0 (2688527)|HEAP_ALLOCATE|[4]|Bytes:11
09:29:50.0 (2711110)|STATEMENT_EXECUTE|[4]
09:29:50.0 (2737596)|HEAP_ALLOCATE|[3]|Bytes:5
09:29:50.0 (2751654)|VARIABLE_ASSIGNMENT|[3]|c|null|
09:29:50.2 (2761740)|CUMULATIVE_LIMIT_USAGE
09:29:50.2 (2761740)|LIMIT_USAGE_FOR_NS|(default)|
  Number of SOQL queries: 0 out of 100
  Number of query rows: 0 out of 50000
  Number of SOSL queries: 0 out of 20
  Number of DML statements: 0 out of 150
  Number of DML rows: 0 out of 10000
  Maximum CPU time: 0 out of 10000
  Maximum heap size: 0 out of 6000000
  Number of callouts: 0 out of 100
  Number of Email Invocations: 0 out of 10
  Number of future calls: 0 out of 50
  Number of queueable jobs added to the queue: 0 out of 50
  Number of Mobile Apex push calls: 0 out of 10

09:29:50.2 (2761740)|CUMULATIVE_LIMIT_USAGE_END

09:29:50.0 (3575840)|CODE_UNIT_FINISHED|RestrictContactByName on Contact trigger event BeforeInsert
09:29:50.0 (6389925)|CODE_UNIT_STARTED|[EXTERNAL]|Validation:Contact:new
09:29:50.0 (6401332)|VALIDATION_RULE|03d1r00000068h3|Contact_must_be_in_Account_ZIP_Code
09:29:50.0 (6627243)|VALIDATION_FORMULA|AND(

NOT(ISBLANK(AccountId)),

MailingPostalCode != Account.ShippingPostalCode

)|AccountId=null , Account.ShippingPostalCode=null , MailingPostalCode=null
09:29:50.0 (6635796)|VALIDATION_PASS
09:29:50.0 (6670716)|CODE_UNIT_FINISHED|Validation:Contact:new
09:29:50.0 (7405440)|CODE_UNIT_STARTED|[EXTERNAL]|DuplicateDetector
09:29:50.0 (7417561)|DUPLICATE_DETECTION_BEGIN
09:29:50.0 (7514861)|DUPLICATE_DETECTION_RULE_INVOCATION|DuplicateRuleId:0Bm1r0000018X89|DuplicateRuleName:Standard Contact Duplicate Rule|DmlType:INSERT
09:29:50.0 (52106586)|DUPLICATE_DETECTION_MATCH_INVOCATION_DETAILS|EntityType:Contact|ActionTaken:Allow_[Alert,Report]|DuplicateRecordIds:
09:29:50.0 (52127195)|DUPLICATE_DETECTION_MATCH_INVOCATION_SUMMARY|EntityType:Contact|NumRecordsToBeSaved:1|NumRecordsToBeSavedWithDuplicates:0|NumDuplicateRecordsFound:0
09:29:50.0 (52138007)|DUPLICATE_DETECTION_MATCH_INVOCATION_DETAILS|EntityType:Contact|ActionTaken:Allow_[Alert,Report]|DuplicateRecordIds:
09:29:50.0 (52143265)|DUPLICATE_DETECTION_MATCH_INVOCATION_SUMMARY|EntityType:Contact|NumRecordsToBeSaved:1|NumRecordsToBeSavedWithDuplicates:0|NumDuplicateRecordsFound:0
09:29:50.0 (52238668)|DUPLICATE_DETECTION_END
09:29:50.0 (52246044)|CODE_UNIT_FINISHED|DuplicateDetector
09:29:50.0 (92402832)|CODE_UNIT_STARTED|[EXTERNAL]|DuplicateDetector
09:29:50.0 (92429607)|DUPLICATE_DETECTION_BEGIN
09:29:50.0 (92516180)|DUPLICATE_DETECTION_RULE_INVOCATION|DuplicateRuleId:0Bm1r0000018X89|DuplicateRuleName:Standard Contact Duplicate Rule|DmlType:INSERT
09:29:50.0 (100602327)|DUPLICATE_DETECTION_END
09:29:50.0 (100613201)|CODE_UNIT_FINISHED|DuplicateDetector
09:29:50.0 (197874842)|CODE_UNIT_FINISHED|TRIGGERS
09:29:50.0 (197893058)|EXECUTION_FINISHED
