30.0 APEX_CODE,FINEST;APEX_PROFILING,INFO;CALLOUT,INFO;DB,INFO;SYSTEM,DEBUG;VALIDATION,INFO;VISUALFORCE,INFO;WAVE,INFO;WORKFLOW,INFO
Execute Anonymous: Account a = AccountHandler.insertNewAccount('My Test Account'); System.assertEquals(a.Name,'My Test Account'); System.assertNotEquals(a,null); if(a != null) {delete a;}
09:23:22.1 (1317206)|USER_INFO|[EXTERNAL]|0051r000007Oz5Q|lydia.abril@gmail.com|hora estándar de Europa central|GMT+02:00
09:23:22.1 (1347174)|EXECUTION_STARTED
09:23:22.1 (1352781)|CODE_UNIT_STARTED|[EXTERNAL]|execute_anonymous_apex
09:23:22.1 (1494695)|VARIABLE_SCOPE_BEGIN|[1]|a|Account|true|false
09:23:22.1 (1634639)|HEAP_ALLOCATE|[72]|Bytes:3
09:23:22.1 (1692603)|HEAP_ALLOCATE|[77]|Bytes:152
09:23:22.1 (1707016)|HEAP_ALLOCATE|[342]|Bytes:408
09:23:22.1 (1719860)|HEAP_ALLOCATE|[355]|Bytes:408
09:23:22.1 (1735670)|HEAP_ALLOCATE|[467]|Bytes:48
09:23:22.1 (1764702)|HEAP_ALLOCATE|[139]|Bytes:6
09:23:22.1 (1781230)|HEAP_ALLOCATE|[EXTERNAL]|Bytes:1
09:23:22.1 (1922132)|STATEMENT_EXECUTE|[1]
09:23:22.1 (1924887)|STATEMENT_EXECUTE|[1]
09:23:22.1 (1938256)|HEAP_ALLOCATE|[1]|Bytes:15
09:23:22.1 (1989961)|HEAP_ALLOCATE|[50]|Bytes:5
09:23:22.1 (2007679)|HEAP_ALLOCATE|[56]|Bytes:5
09:23:22.1 (2015047)|HEAP_ALLOCATE|[64]|Bytes:7
09:23:22.1 (2037183)|SYSTEM_MODE_ENTER|false
09:23:22.1 (2057280)|HEAP_ALLOCATE|[1]|Bytes:5
09:23:22.1 (21878719)|HEAP_ALLOCATE|[1]|Bytes:1
09:23:22.1 (21942913)|METHOD_ENTRY|[1]|01p1r000007MZVR|AccountHandler.AccountHandler()
09:23:22.1 (21952683)|STATEMENT_EXECUTE|[1]
09:23:22.1 (21959391)|STATEMENT_EXECUTE|[1]
09:23:22.1 (21974018)|HEAP_ALLOCATE|[1]|Bytes:5
09:23:22.1 (21998942)|METHOD_EXIT|[1]|AccountHandler
09:23:22.1 (22052662)|METHOD_ENTRY|[1]|01p1r000007MZVR|AccountHandler.insertNewAccount(String)
09:23:22.1 (22094152)|VARIABLE_SCOPE_BEGIN|[3]|accName|String|false|false
09:23:22.1 (22122283)|VARIABLE_ASSIGNMENT|[3]|accName|"My Test Account"
09:23:22.1 (22137840)|HEAP_ALLOCATE|[5]|Bytes:5
09:23:22.1 (22143792)|STATEMENT_EXECUTE|[3]
09:23:22.1 (22145319)|STATEMENT_EXECUTE|[5]
09:23:22.1 (22172101)|HEAP_ALLOCATE|[5]|Bytes:4
09:23:22.1 (22269977)|VARIABLE_SCOPE_BEGIN|[5]|a|Account|true|false
09:23:22.1 (22291272)|VARIABLE_ASSIGNMENT|[5]|a|{}|0x5f67f68
09:23:22.1 (22297262)|STATEMENT_EXECUTE|[7]
09:23:22.1 (22298655)|STATEMENT_EXECUTE|[7]
09:23:22.1 (22299893)|STATEMENT_EXECUTE|[8]
09:23:22.1 (22375257)|VARIABLE_ASSIGNMENT|[8]|this.Name|"My Test Account"|0x5f67f68
09:23:22.1 (22382897)|STATEMENT_EXECUTE|[9]
09:23:22.1 (22425855)|HEAP_ALLOCATE|[9]|Bytes:8
09:23:22.1 (22438595)|DML_BEGIN|[9]|Op:Insert|Type:Account|Rows:1
09:23:22.1 (22472313)|HEAP_ALLOCATE|[EXTERNAL]|Bytes:8
09:23:22.1 (40366279)|CODE_UNIT_STARTED|[EXTERNAL]|Validation:Account:new
09:23:22.1 (40387996)|VALIDATION_RULE|03d1r00000068gy|Account_Number_8_Characters
09:23:22.1 (40520517)|VALIDATION_FORMULA|LEN( AccountNumber) != 8|AccountNumber=null
09:23:22.1 (40532634)|VALIDATION_FAIL
09:23:22.1 (40582109)|CODE_UNIT_FINISHED|Validation:Account:new
09:23:22.1 (41652234)|DML_END|[9]
09:23:22.1 (41770358)|EXCEPTION_THROWN|[9]|System.DmlException: Insert failed. First exception on row 0; first error: FIELD_CUSTOM_VALIDATION_EXCEPTION, Account number must be 8 characters long.: []
09:23:22.1 (42087083)|HEAP_ALLOCATE|[9]|Bytes:138
09:23:22.1 (42124656)|VARIABLE_SCOPE_BEGIN|[10]|e|Exception|true|false
09:23:22.1 (42241566)|VARIABLE_ASSIGNMENT|[10]|e|"common.apex.runtime.impl.DmlExecutionException: Insert failed. First exception on row 0; first error: FIELD_CUSTOM_VALIDATION_EXCEPTION, Account number must be 8 characters long.: []"|0x40bee205
09:23:22.1 (42252318)|STATEMENT_EXECUTE|[10]
09:23:22.1 (42254296)|STATEMENT_EXECUTE|[11]
09:23:22.1 (42287506)|METHOD_EXIT|[1]|01p1r000007MZVR|AccountHandler.insertNewAccount(String)
09:23:22.1 (42302385)|SYSTEM_MODE_EXIT|false
09:23:22.1 (42332554)|VARIABLE_ASSIGNMENT|[1]|a|null|
09:23:22.1 (42337720)|STATEMENT_EXECUTE|[1]
09:23:22.1 (42360721)|EXCEPTION_THROWN|[1]|System.NullPointerException: Attempt to de-reference a null object
09:23:22.1 (42405349)|HEAP_ALLOCATE|[1]|Bytes:41
09:23:22.1 (42471460)|FATAL_ERROR|System.NullPointerException: Attempt to de-reference a null object

AnonymousBlock: line 1, column 1
09:23:22.42 (42510836)|CUMULATIVE_LIMIT_USAGE
09:23:22.42 (42510836)|LIMIT_USAGE_FOR_NS|(default)|
  Number of SOQL queries: 0 out of 100
  Number of query rows: 0 out of 50000
  Number of SOSL queries: 0 out of 20
  Number of DML statements: 1 out of 150
  Number of DML rows: 1 out of 10000
  Maximum CPU time: 0 out of 10000
  Maximum heap size: 0 out of 6000000
  Number of callouts: 0 out of 100
  Number of Email Invocations: 0 out of 10
  Number of future calls: 0 out of 50
  Number of queueable jobs added to the queue: 0 out of 50
  Number of Mobile Apex push calls: 0 out of 10

09:23:22.42 (42510836)|CUMULATIVE_LIMIT_USAGE_END

09:23:22.1 (42546940)|CODE_UNIT_FINISHED|execute_anonymous_apex
09:23:22.1 (44030801)|EXECUTION_FINISHED
