36.0 APEX_CODE,FINEST;APEX_PROFILING,INFO;CALLOUT,INFO;DB,INFO;SYSTEM,DEBUG;VALIDATION,INFO;VISUALFORCE,INFO;WAVE,INFO;WORKFLOW,INFO
13:29:26.0 (385139)|USER_INFO|[EXTERNAL]|0051r000007Oz5Q|lydia.abril@gmail.com|hora estándar de Europa central|GMT+02:00
13:29:26.0 (435774)|EXECUTION_STARTED
13:29:26.0 (439931)|CODE_UNIT_STARTED|[EXTERNAL]|01p1r000009p5xn|TaskTest.testCerrarTarea
13:29:26.0 (696497)|HEAP_ALLOCATE|[72]|Bytes:3
13:29:26.0 (748252)|HEAP_ALLOCATE|[77]|Bytes:152
13:29:26.0 (763187)|HEAP_ALLOCATE|[342]|Bytes:408
13:29:26.0 (780357)|HEAP_ALLOCATE|[355]|Bytes:408
13:29:26.0 (795632)|HEAP_ALLOCATE|[467]|Bytes:48
13:29:26.0 (822087)|HEAP_ALLOCATE|[139]|Bytes:6
13:29:26.0 (836778)|HEAP_ALLOCATE|[EXTERNAL]|Bytes:104
13:29:26.0 (877854)|METHOD_ENTRY|[2]|01p1r000009p5xn|TaskTest.TaskTest()
13:29:26.0 (886502)|STATEMENT_EXECUTE|[2]
13:29:26.0 (891962)|STATEMENT_EXECUTE|[2]
13:29:26.0 (896340)|METHOD_EXIT|[2]|TaskTest
13:29:26.0 (1145875)|HEAP_ALLOCATE|[50]|Bytes:5
13:29:26.0 (1169265)|HEAP_ALLOCATE|[56]|Bytes:5
13:29:26.0 (1179360)|HEAP_ALLOCATE|[64]|Bytes:7
13:29:26.0 (1215813)|STATEMENT_EXECUTE|[4]
13:29:26.0 (1218585)|STATEMENT_EXECUTE|[6]
13:29:26.0 (1262678)|HEAP_ALLOCATE|[6]|Bytes:4
13:29:26.0 (1336872)|HEAP_ALLOCATE|[6]|Bytes:12
13:29:26.0 (1395690)|VARIABLE_ASSIGNMENT|[6]|this.Name|"CuentaParent"|0x42894be
13:29:26.0 (1424114)|VARIABLE_SCOPE_BEGIN|[6]|oAccountParent|Account|true|false
13:29:26.0 (1696799)|VARIABLE_ASSIGNMENT|[6]|oAccountParent|{"Name":"CuentaParent"}|0x42894be
13:29:26.0 (1709414)|STATEMENT_EXECUTE|[7]
13:29:26.0 (1738307)|HEAP_ALLOCATE|[7]|Bytes:8
13:29:26.0 (1750351)|DML_BEGIN|[7]|Op:Insert|Type:Account|Rows:1
13:29:26.0 (1782119)|HEAP_ALLOCATE|[EXTERNAL]|Bytes:8
13:29:26.0 (11579753)|CODE_UNIT_STARTED|[EXTERNAL]|DuplicateDetector
13:29:26.0 (11600586)|DUPLICATE_DETECTION_BEGIN
13:29:26.0 (12176792)|DUPLICATE_DETECTION_RULE_INVOCATION|DuplicateRuleId:0Bm1r0000018X88|DuplicateRuleName:Standard Account Duplicate Rule|DmlType:INSERT
13:29:26.0 (33266906)|DUPLICATE_DETECTION_MATCH_INVOCATION_DETAILS|EntityType:Account|ActionTaken:Allow_[Alert,Report]|DuplicateRecordIds:
13:29:26.0 (33303713)|DUPLICATE_DETECTION_MATCH_INVOCATION_SUMMARY|EntityType:Account|NumRecordsToBeSaved:1|NumRecordsToBeSavedWithDuplicates:0|NumDuplicateRecordsFound:0
13:29:26.0 (33453849)|DUPLICATE_DETECTION_END
13:29:26.0 (33460507)|CODE_UNIT_FINISHED|DuplicateDetector
13:29:26.0 (67664323)|DML_END|[7]
13:29:26.0 (67694787)|STATEMENT_EXECUTE|[9]
13:29:26.0 (67718374)|HEAP_ALLOCATE|[9]|Bytes:4
13:29:26.0 (67740166)|HEAP_ALLOCATE|[9]|Bytes:6
13:29:26.0 (67787746)|VARIABLE_ASSIGNMENT|[9]|this.Name|"Cuenta"|0x65cd4b67
13:29:26.0 (67822357)|VARIABLE_ASSIGNMENT|[9]|this.ParentId|"0011r00001nnc04AAA"|0x65cd4b67
13:29:26.0 (67899334)|HEAP_ALLOCATE|[11]|Bytes:4
13:29:26.0 (67949197)|VARIABLE_ASSIGNMENT|[9]|this.Fecha_ltima_actividad_m_s_reciente__c|"2018-01-11T00:00:00.000Z"|0x65cd4b67
13:29:26.0 (67982182)|VARIABLE_SCOPE_BEGIN|[9]|oAccount|Account|true|false
13:29:26.0 (68014361)|VARIABLE_ASSIGNMENT|[9]|oAccount|{"Name":"Cuenta","ParentId":"0011r00001nnc04AAA","Fecha_ltima_activida (17 more) ...":"2018-01-11T00:00:00.000Z"}|0x65cd4b67
13:29:26.0 (68025922)|STATEMENT_EXECUTE|[12]
13:29:26.0 (68042111)|HEAP_ALLOCATE|[12]|Bytes:8
13:29:26.0 (68049766)|DML_BEGIN|[12]|Op:Insert|Type:Account|Rows:1
13:29:26.0 (68077353)|HEAP_ALLOCATE|[EXTERNAL]|Bytes:8
13:29:26.0 (71680604)|CODE_UNIT_STARTED|[EXTERNAL]|DuplicateDetector
13:29:26.0 (71699387)|DUPLICATE_DETECTION_BEGIN
13:29:26.0 (71751085)|DUPLICATE_DETECTION_RULE_INVOCATION|DuplicateRuleId:0Bm1r0000018X88|DuplicateRuleName:Standard Account Duplicate Rule|DmlType:INSERT
13:29:26.0 (81236401)|DUPLICATE_DETECTION_MATCH_INVOCATION_DETAILS|EntityType:Account|ActionTaken:Allow_[Alert,Report]|DuplicateRecordIds:
13:29:26.0 (81263434)|DUPLICATE_DETECTION_MATCH_INVOCATION_SUMMARY|EntityType:Account|NumRecordsToBeSaved:1|NumRecordsToBeSavedWithDuplicates:0|NumDuplicateRecordsFound:0
13:29:26.0 (81395163)|DUPLICATE_DETECTION_END
13:29:26.0 (81401763)|CODE_UNIT_FINISHED|DuplicateDetector
13:29:26.0 (94202555)|DML_END|[12]
13:29:26.0 (94231284)|STATEMENT_EXECUTE|[14]
13:29:26.0 (94279518)|HEAP_ALLOCATE|[14]|Bytes:4
13:29:26.0 (94370784)|HEAP_ALLOCATE|[14]|Bytes:11
13:29:26.0 (94421478)|VARIABLE_ASSIGNMENT|[14]|this.Name|"Oportunidad"|0x489c455e
13:29:26.0 (94502425)|HEAP_ALLOCATE|[15]|Bytes:4
13:29:26.0 (94553317)|VARIABLE_ASSIGNMENT|[14]|this.CloseDate|"2020-01-11T00:00:00.000Z"|0x489c455e
13:29:26.0 (94562744)|HEAP_ALLOCATE|[16]|Bytes:11
13:29:26.0 (94581864)|VARIABLE_ASSIGNMENT|[14]|this.StageName|"Prospecting"|0x489c455e
13:29:26.0 (94616004)|VARIABLE_ASSIGNMENT|[14]|this.AccountId|"0011r00001nnc05AAA"|0x489c455e
13:29:26.0 (94647466)|VARIABLE_SCOPE_BEGIN|[14]|oOpportunity|Opportunity|true|false
13:29:26.0 (94676011)|VARIABLE_ASSIGNMENT|[14]|oOpportunity|{"Name":"Oportunidad","CloseDate":"2020-01-11T00:00:00.000Z","StageName":"Prospecting","AccountId":"0011r00001nnc05AAA"}|0x489c455e
13:29:26.0 (94685014)|STATEMENT_EXECUTE|[18]
13:29:26.0 (94701417)|HEAP_ALLOCATE|[18]|Bytes:8
13:29:26.0 (94708836)|DML_BEGIN|[18]|Op:Insert|Type:Opportunity|Rows:1
13:29:26.0 (94742871)|HEAP_ALLOCATE|[EXTERNAL]|Bytes:8
13:29:26.0 (124611643)|CODE_UNIT_STARTED|[EXTERNAL]|01q1r000000Bcgl|ClosedOpportunityTrigger on Opportunity trigger event AfterInsert
13:29:26.0 (124672452)|HEAP_ALLOCATE|[EXTERNAL]|Bytes:8
13:29:26.0 (124924469)|HEAP_ALLOCATE|[EXTERNAL]|Bytes:8
13:29:26.0 (124939819)|VARIABLE_SCOPE_BEGIN|[1]|this|ClosedOpportunityTrigger|true|false
13:29:26.0 (125030231)|VARIABLE_ASSIGNMENT|[1]|this|{}|0x39cd4b31
13:29:26.0 (125097191)|HEAP_ALLOCATE|[EXTERNAL]|Bytes:8
13:29:26.0 (125108035)|VARIABLE_SCOPE_BEGIN|[1]|this|ClosedOpportunityTrigger|true|false
13:29:26.0 (125124892)|VARIABLE_ASSIGNMENT|[1]|this|{}|0x39cd4b31
13:29:26.0 (125138578)|STATEMENT_EXECUTE|[1]
13:29:26.0 (125141375)|STATEMENT_EXECUTE|[3]
13:29:26.0 (125198198)|HEAP_ALLOCATE|[3]|Bytes:4
13:29:26.0 (125307436)|HEAP_ALLOCATE|[EXTERNAL]|Bytes:4
13:29:26.0 (125322751)|VARIABLE_ASSIGNMENT|[3]|this.taskList|[]|0x39cd4b31
13:29:26.0 (125335336)|HEAP_ALLOCATE|[5]|Bytes:89
13:29:26.0 (125356511)|HEAP_ALLOCATE|[5]|Bytes:4
13:29:26.0 (125366142)|HEAP_ALLOCATE|[5]|Bytes:7
13:29:26.0 (125703554)|SOQL_EXECUTE_BEGIN|[5]|Aggregations:0|SELECT Id, StageName FROM Opportunity 
13:29:26.0 (130951730)|SOQL_EXECUTE_END|[5]|Rows:0
13:29:26.0 (131114803)|HEAP_ALLOCATE|[5]|Bytes:54
13:29:26.0 (131128600)|HEAP_ALLOCATE|[5]|Bytes:8
13:29:26.0 (131156018)|SYSTEM_METHOD_ENTRY|[7]|QueryLocatorIterator.QueryLocatorIterator()
13:29:26.0 (131161632)|STATEMENT_EXECUTE|[7]
13:29:26.0 (131170700)|SYSTEM_METHOD_EXIT|[7]|QueryLocatorIterator
13:29:26.0 (131178158)|HEAP_ALLOCATE|[5]|Bytes:28
13:29:26.0 (131199851)|HEAP_ALLOCATE|[5]|Bytes:8
13:29:26.0 (131204597)|HEAP_ALLOCATE|[5]|Bytes:8
13:29:26.0 (131210888)|VARIABLE_SCOPE_BEGIN|[15]|this|Database.QueryLocatorIterator|true|false
13:29:26.0 (131252527)|VARIABLE_ASSIGNMENT|[15]|this|{}|0x71544288
13:29:26.0 (131260270)|VARIABLE_SCOPE_BEGIN|[15]|values|List<SObject>|true|false
13:29:26.0 (131270406)|VARIABLE_ASSIGNMENT|[15]|values|null|
13:29:26.0 (131274835)|VARIABLE_SCOPE_BEGIN|[15]|ql|Database.QueryLocator|true|false
13:29:26.0 (131297391)|VARIABLE_ASSIGNMENT|[15]|ql|{"query":"SELECT Id, StageName (69 more) ..."}|0x1bf07d1b
13:29:26.0 (131304406)|VARIABLE_SCOPE_BEGIN|[15]|totalNumRecords|Integer|false|false
13:29:26.0 (131313282)|VARIABLE_ASSIGNMENT|[15]|totalNumRecords|0
13:29:26.0 (131317685)|VARIABLE_SCOPE_BEGIN|[15]|queryMoreSize|Integer|false|false
13:29:26.0 (131325387)|VARIABLE_ASSIGNMENT|[15]|queryMoreSize|50000
13:29:26.0 (131424380)|HEAP_ALLOCATE|[5]|Bytes:28
13:29:26.0 (131444913)|METHOD_ENTRY|[5]||Database.QueryLocatorIterator.hasNext()
13:29:26.0 (131472626)|METHOD_EXIT|[5]||Database.QueryLocatorIterator.hasNext()
13:29:26.0 (131483485)|VARIABLE_ASSIGNMENT|[5]|opp|null|
13:29:26.0 (131490781)|STATEMENT_EXECUTE|[5]
13:29:26.0 (131533766)|STATEMENT_EXECUTE|[12]
13:29:26.131 (131539211)|CUMULATIVE_LIMIT_USAGE
13:29:26.131 (131539211)|LIMIT_USAGE_FOR_NS|(default)|
  Number of SOQL queries: 1 out of 100
  Number of query rows: 0 out of 50000
  Number of SOSL queries: 0 out of 20
  Number of DML statements: 3 out of 150
  Number of DML rows: 3 out of 10000
  Maximum CPU time: 0 out of 10000
  Maximum heap size: 0 out of 6000000
  Number of callouts: 0 out of 100
  Number of Email Invocations: 0 out of 10
  Number of future calls: 0 out of 50
  Number of queueable jobs added to the queue: 0 out of 50
  Number of Mobile Apex push calls: 0 out of 10

13:29:26.131 (131539211)|CUMULATIVE_LIMIT_USAGE_END

13:29:26.0 (132359625)|CODE_UNIT_FINISHED|ClosedOpportunityTrigger on Opportunity trigger event AfterInsert
13:29:26.0 (133578406)|DML_END|[18]
13:29:26.0 (133598088)|STATEMENT_EXECUTE|[20]
13:29:26.0 (133619069)|HEAP_ALLOCATE|[20]|Bytes:4
13:29:26.0 (133654616)|VARIABLE_SCOPE_BEGIN|[20]|listTask|List<Task>|true|false
13:29:26.0 (133666774)|HEAP_ALLOCATE|[EXTERNAL]|Bytes:4
13:29:26.0 (133678893)|VARIABLE_ASSIGNMENT|[20]|listTask|[]|0x7286156c
13:29:26.0 (133685937)|STATEMENT_EXECUTE|[22]
13:29:26.0 (133703493)|HEAP_ALLOCATE|[22]|Bytes:4
13:29:26.0 (133778098)|HEAP_ALLOCATE|[22]|Bytes:4
13:29:26.0 (133826917)|VARIABLE_ASSIGNMENT|[22]|this.Subject|"Task"|0x219549b6
13:29:26.0 (133835199)|HEAP_ALLOCATE|[23]|Bytes:6
13:29:26.0 (133855135)|VARIABLE_ASSIGNMENT|[22]|this.Priority|"Normal"|0x219549b6
13:29:26.0 (133861767)|HEAP_ALLOCATE|[24]|Bytes:11
13:29:26.0 (133876833)|VARIABLE_ASSIGNMENT|[22]|this.Status|"Not Started"|0x219549b6
13:29:26.0 (133914680)|VARIABLE_ASSIGNMENT|[22]|this.WhatId|"0011r00001nnc05AAA"|0x219549b6
13:29:26.0 (133972763)|HEAP_ALLOCATE|[26]|Bytes:4
13:29:26.0 (134022082)|VARIABLE_ASSIGNMENT|[22]|this.ActivityDate|"2020-01-11T00:00:00.000Z"|0x219549b6
13:29:26.0 (134051489)|VARIABLE_SCOPE_BEGIN|[22]|oTask|Task|true|false
13:29:26.0 (134075326)|VARIABLE_ASSIGNMENT|[22]|oTask|{"Subject":"Task","Priority":"Normal","Status":"Not Started","WhatId":"0011r00001nnc05AAA","ActivityDate":"2020-01-11T00:00:00.000Z"}|0x219549b6
13:29:26.0 (134084277)|STATEMENT_EXECUTE|[28]
13:29:26.0 (134114850)|HEAP_ALLOCATE|[EXTERNAL]|Bytes:4
13:29:26.0 (134131654)|STATEMENT_EXECUTE|[30]
13:29:26.0 (134148124)|HEAP_ALLOCATE|[30]|Bytes:4
13:29:26.0 (134158080)|HEAP_ALLOCATE|[30]|Bytes:5
13:29:26.0 (134177292)|VARIABLE_ASSIGNMENT|[30]|this.Subject|"Task2"|0xbf58815
13:29:26.0 (134193631)|VARIABLE_ASSIGNMENT|[30]|this.Priority|"Normal"|0xbf58815
13:29:26.0 (134210941)|VARIABLE_ASSIGNMENT|[30]|this.Status|"Not Started"|0xbf58815
13:29:26.0 (134241589)|VARIABLE_ASSIGNMENT|[30]|this.WhatId|"0061r00000vk6mjAAA"|0xbf58815
13:29:26.0 (134279846)|HEAP_ALLOCATE|[34]|Bytes:4
13:29:26.0 (134308534)|VARIABLE_ASSIGNMENT|[30]|this.ActivityDate|"2022-01-11T00:00:00.000Z"|0xbf58815
13:29:26.0 (134328268)|VARIABLE_SCOPE_BEGIN|[30]|oTask2|Task|true|false
13:29:26.0 (134348911)|VARIABLE_ASSIGNMENT|[30]|oTask2|{"Subject":"Task2","Priority":"Normal","Status":"Not Started","WhatId":"0061r00000vk6mjAAA","ActivityDate":"2022-01-11T00:00:00.000Z"}|0xbf58815
13:29:26.0 (134357274)|STATEMENT_EXECUTE|[36]
13:29:26.0 (134378954)|HEAP_ALLOCATE|[EXTERNAL]|Bytes:4
13:29:26.0 (134388469)|STATEMENT_EXECUTE|[38]
13:29:26.0 (134422401)|DML_BEGIN|[38]|Op:Insert|Type:Task|Rows:2
13:29:26.0 (134450778)|HEAP_ALLOCATE|[EXTERNAL]|Bytes:12
13:29:26.0 (158267325)|DML_END|[38]
13:29:26.0 (158347014)|HEAP_ALLOCATE|[EXTERNAL]|Bytes:12
13:29:26.0 (158368806)|STATEMENT_EXECUTE|[40]
13:29:26.0 (158481545)|USER_DEBUG|[40]|DEBUG|Task:{Subject=Task, Priority=Normal, Status=Not Started, WhatId=0011r00001nnc05AAA, ActivityDate=2020-01-11 00:00:00, Id=00T1r00004C4nyOEAR}
13:29:26.0 (158495923)|STATEMENT_EXECUTE|[42]
13:29:26.0 (158532299)|USER_DEBUG|[42]|DEBUG|Task:{Subject=Task2, Priority=Normal, Status=Not Started, WhatId=0061r00000vk6mjAAA, ActivityDate=2022-01-11 00:00:00, Id=00T1r00004C4nyPEAR}
13:29:26.0 (158677318)|HEAP_ALLOCATE|[44]|Bytes:5
13:29:26.0 (158718861)|HEAP_ALLOCATE|[44]|Bytes:28
13:29:26.0 (158730544)|VARIABLE_SCOPE_BEGIN|[44]|inTask|Task|true|false
13:29:26.0 (158787076)|VARIABLE_ASSIGNMENT|[44]|inTask|{"Subject":"Task","Priority":"Normal","Status":"Not Started","WhatId":"0011r00001nnc05AAA","ActivityDate":"2020-01-11T00:00:00.000Z","Id":"00T1r00004C4nyOEAR"}|0x219549b6
13:29:26.0 (158799263)|STATEMENT_EXECUTE|[44]
13:29:26.0 (158801496)|STATEMENT_EXECUTE|[45]
13:29:26.0 (158837388)|USER_DEBUG|[45]|DEBUG|00T1r00004C4nyOEAR
13:29:26.0 (158846638)|STATEMENT_EXECUTE|[46]
13:29:26.0 (158851045)|HEAP_ALLOCATE|[46]|Bytes:9
13:29:26.0 (158902542)|VARIABLE_ASSIGNMENT|[46]|this.Status|"Completed"|0x219549b6
13:29:26.0 (158918978)|HEAP_ALLOCATE|[44]|Bytes:5
13:29:26.0 (158930572)|HEAP_ALLOCATE|[44]|Bytes:28
13:29:26.0 (158937876)|VARIABLE_SCOPE_BEGIN|[44]|inTask|Task|true|false
13:29:26.0 (158959703)|VARIABLE_ASSIGNMENT|[44]|inTask|{"Subject":"Task2","Priority":"Normal","Status":"Not Started","WhatId":"0061r00000vk6mjAAA","ActivityDate":"2022-01-11T00:00:00.000Z","Id":"00T1r00004C4nyPEAR"}|0xbf58815
13:29:26.0 (158967998)|STATEMENT_EXECUTE|[44]
13:29:26.0 (158969899)|STATEMENT_EXECUTE|[45]
13:29:26.0 (158980664)|USER_DEBUG|[45]|DEBUG|00T1r00004C4nyPEAR
13:29:26.0 (158988230)|STATEMENT_EXECUTE|[46]
13:29:26.0 (159010646)|VARIABLE_ASSIGNMENT|[46]|this.Status|"Completed"|0xbf58815
13:29:26.0 (159025684)|HEAP_ALLOCATE|[44]|Bytes:5
13:29:26.0 (159038358)|VARIABLE_ASSIGNMENT|[44]|inTask|null|
13:29:26.0 (159044340)|STATEMENT_EXECUTE|[49]
13:29:26.0 (159085325)|USER_DEBUG|[49]|DEBUG|Task:{Subject=Task, Priority=Normal, Status=Completed, WhatId=0011r00001nnc05AAA, ActivityDate=2020-01-11 00:00:00, Id=00T1r00004C4nyOEAR}
13:29:26.0 (159096245)|STATEMENT_EXECUTE|[51]
13:29:26.0 (159128256)|USER_DEBUG|[51]|DEBUG|Task:{Subject=Task2, Priority=Normal, Status=Completed, WhatId=0061r00000vk6mjAAA, ActivityDate=2022-01-11 00:00:00, Id=00T1r00004C4nyPEAR}
13:29:26.0 (159137655)|STATEMENT_EXECUTE|[53]
13:29:26.0 (159208279)|USER_DEBUG|[53]|DEBUG|(Task:{Subject=Task, Priority=Normal, Status=Completed, WhatId=0011r00001nnc05AAA, ActivityDate=2020-01-11 00:00:00, Id=00T1r00004C4nyOEAR}, Task:{Subject=Task2, Priority=Normal, Status=Completed, WhatId=0061r00000vk6mjAAA, ActivityDate=2022-01-11 00:00:00, Id=00T1r00004C4nyPEAR})
13:29:26.0 (159220907)|STATEMENT_EXECUTE|[55]
13:29:26.0 (159253200)|DML_BEGIN|[55]|Op:Update|Type:Task|Rows:2
13:29:26.0 (159284257)|HEAP_ALLOCATE|[EXTERNAL]|Bytes:12
13:29:26.0 (185384182)|CODE_UNIT_STARTED|[EXTERNAL]|01q1r000000j6Yv|TaskTrigger on Task trigger event AfterUpdate
13:29:26.0 (185435107)|HEAP_ALLOCATE|[EXTERNAL]|Bytes:12
13:29:26.0 (185485592)|HEAP_ALLOCATE|[EXTERNAL]|Bytes:12
13:29:26.0 (185643399)|HEAP_ALLOCATE|[EXTERNAL]|Bytes:12
13:29:26.0 (185664058)|VARIABLE_SCOPE_BEGIN|[1]|this|TaskTrigger|true|false
13:29:26.0 (185737177)|VARIABLE_ASSIGNMENT|[1]|this|{}|0x105e85c5
13:29:26.0 (185804222)|HEAP_ALLOCATE|[EXTERNAL]|Bytes:12
13:29:26.0 (185872053)|VARIABLE_SCOPE_BEGIN|[1]|this|TaskTrigger|true|false
13:29:26.0 (185889518)|VARIABLE_ASSIGNMENT|[1]|this|{}|0x105e85c5
13:29:26.0 (185901683)|STATEMENT_EXECUTE|[1]
13:29:26.0 (185904435)|STATEMENT_EXECUTE|[3]
13:29:26.0 (188853877)|VARIABLE_ASSIGNMENT|[3]|this.listNew|[{"Status":"Completed","LastModifiedDate":"2018-04-13T11:29:26.000Z","IsDeleted":false,"AccountId":"0011r00001nnc05AAA","WhatId":"0011r00001nnc05AAA","ActivityDate":"2020-01-11T00:00:00.000Z","Priority":"Normal","IsHighPriority":false,"IsClosed":true,"IsRecurrence":false,"Subject":"Task","SystemModstamp":"2018-04-13T11:29:26.000Z","IsArchived":false,"CreatedById":"0051r000007Oz5QAAS","TaskSubtype":"Task","OwnerId":"0051r000007Oz5QAAS","CreatedDate":"2018-04-13T11:29:26.000Z","Id":"00T1r00004C4nyOEAR","DB_Activity_Type__c":"Other","IsReminderSet":false,"LastModifiedById":"0051r000007Oz5QAAS"},{"Status":"Completed","LastModifiedDate":"2018-04-13T11:29:26.000Z","IsDeleted":false,"AccountId":"0011r00001nnc05AAA","WhatId":"0061r00000vk6mjAAA","ActivityDate":"2022-01-11T00:00:00.000Z","Priority":"Normal","IsHighPriority":false,"IsClosed":true,"IsRecurrence":false,"Subject":"Task2","SystemModstamp":"2018-04-13T11:29:26.000Z","IsArchived":false,"CreatedById":"0051r000007Oz5QAAS","TaskSubtype":"Task","OwnerId":"0051r000007Oz5QAAS","CreatedDate":"2018-04-13T11:29:26.000Z","Id":"00T1r00004C4nyPEAR","DB_Activity_Type__c":"Other","IsReminderSet":false,"LastModifiedById":"0051r000007Oz5QAAS"}]|0x105e85c5
13:29:26.0 (188886775)|STATEMENT_EXECUTE|[5]
13:29:26.0 (190909589)|VARIABLE_ASSIGNMENT|[5]|this.mapOld|{"00T1r00004C4nyOEAR":{"Status":"Not Started","LastModifiedDate":"2018-04-13T11:29:26.000Z","IsDeleted":false,"AccountId":"0011r00001nnc05AAA","WhatId":"0011r00001nnc05AAA","ActivityDate":"2020-01-11T00:00:00.000Z","Priority":"Normal","IsHighPriority":false,"IsClosed":false,"IsRecurrence":false,"Subject":"Task","SystemModstamp":"2018-04-13T11:29:26.000Z","IsArchived":false,"CreatedById":"0051r000007Oz5QAAS","TaskSubtype":"Task","OwnerId":"0051r000007Oz5QAAS","CreatedDate":"2018-04-13T11:29:26.000Z","Id":"00T1r00004C4nyOEAR","DB_Activity_Type__c":"Other","IsReminderSet":false,"LastModifiedById":"0051r000007Oz5QAAS"},"00T1r00004C4nyPEAR":{"Status":"Not Started","LastModifiedDate":"2018-04-13T11:29:26.000Z","IsDeleted":false,"AccountId":"0011r00001nnc05AAA","WhatId":"0061r00000vk6mjAAA","ActivityDate":"2022-01-11T00:00:00.000Z","Priority":"Normal","IsHighPriority":false,"IsClosed":false,"IsRecurrence":false,"Subject":"Task2","SystemModstamp":"2018-04-13T11:29:26.000Z","IsArchived":false,"CreatedById":"0051r000007Oz5QAAS","TaskSubtype":"Task","OwnerId":"0051r000007Oz5QAAS","CreatedDate":"2018-04-13T11:29:26.000Z","Id":"00T1r00004C4nyPEAR","DB_Activity_Type__c":"Other","IsReminderSet":false,"LastModifiedById":"0051r000007Oz5QAAS"}}|0x105e85c5
13:29:26.0 (190949640)|STATEMENT_EXECUTE|[8]
13:29:26.0 (190956585)|STATEMENT_EXECUTE|[9]
13:29:26.0 (190958605)|STATEMENT_EXECUTE|[10]
13:29:26.0 (192437234)|HEAP_ALLOCATE|[10]|Bytes:1
13:29:26.0 (192464972)|METHOD_ENTRY|[1]|01p1r000009oS6S|TaskMethods.TaskMethods()
13:29:26.0 (192471969)|STATEMENT_EXECUTE|[1]
13:29:26.0 (192479115)|STATEMENT_EXECUTE|[1]
13:29:26.0 (192900298)|SYSTEM_MODE_ENTER|false
13:29:26.0 (192915156)|HEAP_ALLOCATE|[10]|Bytes:5
13:29:26.0 (192927126)|SYSTEM_MODE_EXIT|false
13:29:26.0 (192939752)|METHOD_EXIT|[1]|TaskMethods
13:29:26.0 (192971105)|METHOD_ENTRY|[10]|01p1r000009oS6S|TaskMethods.CerrarTarea(List<Task>)
13:29:26.0 (193024162)|VARIABLE_SCOPE_BEGIN|[3]|listTask|List<Task>|true|false
13:29:26.0 (194154868)|VARIABLE_ASSIGNMENT|[3]|listTask|[{"Status":"Completed","LastModifiedDate":"2018-04-13T11:29:26.000Z","IsDeleted":false,"AccountId":"0011r00001nnc05AAA","WhatId":"0011r00001nnc05AAA","ActivityDate":"2020-01-11T00:00:00.000Z","Priority":"Normal","IsHighPriority":false,"IsClosed":true,"IsRecurrence":false,"Subject":"Task","SystemModstamp":"2018-04-13T11:29:26.000Z","IsArchived":false,"CreatedById":"0051r000007Oz5QAAS","TaskSubtype":"Task","OwnerId":"0051r000007Oz5QAAS","CreatedDate":"2018-04-13T11:29:26.000Z","Id":"00T1r00004C4nyOEAR","DB_Activity_Type__c":"Other","IsReminderSet":false,"LastModifiedById":"0051r000007Oz5QAAS"},{"Status":"Completed","LastModifiedDate":"2018-04-13T11:29:26.000Z","IsDeleted":false,"AccountId":"0011r00001nnc05AAA","WhatId":"0061r00000vk6mjAAA","ActivityDate":"2022-01-11T00:00:00.000Z","Priority":"Normal","IsHighPriority":false,"IsClosed":true,"IsRecurrence":false,"Subject":"Task2","SystemModstamp":"2018-04-13T11:29:26.000Z","IsArchived":false,"CreatedById":"0051r000007Oz5QAAS","TaskSubtype":"Task","OwnerId":"0051r000007Oz5QAAS","CreatedDate":"2018-04-13T11:29:26.000Z","Id":"00T1r00004C4nyPEAR","DB_Activity_Type__c":"Other","IsReminderSet":false,"LastModifiedById":"0051r000007Oz5QAAS"}]|0x1d59cb4f
13:29:26.0 (194222172)|SYSTEM_MODE_ENTER|false
13:29:26.0 (194231561)|HEAP_ALLOCATE|[5]|Bytes:5
13:29:26.0 (194239519)|STATEMENT_EXECUTE|[3]
13:29:26.0 (194300869)|STATEMENT_EXECUTE|[5]
13:29:26.0 (194303326)|STATEMENT_EXECUTE|[8]
13:29:26.0 (194357502)|HEAP_ALLOCATE|[8]|Bytes:4
13:29:26.0 (194367027)|HEAP_ALLOCATE|[8]|Bytes:22
13:29:26.0 (194375886)|HEAP_ALLOCATE|[8]|Bytes:4
13:29:26.0 (194541058)|SOQL_EXECUTE_BEGIN|[8]|Aggregations:0|SELECT Id FROM Account
13:29:26.0 (198550279)|SOQL_EXECUTE_END|[8]|Rows:2
13:29:26.0 (198574668)|HEAP_ALLOCATE|[8]|Bytes:12
13:29:26.0 (198592830)|HEAP_ALLOCATE|[8]|Bytes:58
13:29:26.0 (198650748)|HEAP_ALLOCATE|[8]|Bytes:12
13:29:26.0 (198704244)|HEAP_ALLOCATE|[8]|Bytes:8
13:29:26.0 (198715588)|HEAP_ALLOCATE|[8]|Bytes:18
13:29:26.0 (198722943)|HEAP_ALLOCATE|[8]|Bytes:8
13:29:26.0 (198727835)|HEAP_ALLOCATE|[8]|Bytes:18
13:29:26.0 (198739268)|VARIABLE_SCOPE_BEGIN|[8]|mapAllAccounts|Map<String,Account>|true|false
13:29:26.0 (198770998)|VARIABLE_ASSIGNMENT|[8]|mapAllAccounts|{"0011r00001nnc04AAA":{"Id":"0011r00001nnc04AAA"},"0011r00001nnc05AAA":{"Id":"0011r00001nnc05AAA"}}|0x57df9e37
13:29:26.0 (198781201)|STATEMENT_EXECUTE|[9]
13:29:26.0 (198816264)|HEAP_ALLOCATE|[9]|Bytes:4
13:29:26.0 (198828270)|HEAP_ALLOCATE|[9]|Bytes:26
13:29:26.0 (198841015)|HEAP_ALLOCATE|[9]|Bytes:4
13:29:26.0 (198941943)|SOQL_EXECUTE_BEGIN|[9]|Aggregations:0|SELECT Id FROM Opportunity
13:29:26.0 (201562365)|SOQL_EXECUTE_END|[9]|Rows:1
13:29:26.0 (201587895)|HEAP_ALLOCATE|[9]|Bytes:8
13:29:26.0 (201604493)|HEAP_ALLOCATE|[9]|Bytes:29
13:29:26.0 (201644005)|HEAP_ALLOCATE|[9]|Bytes:8
13:29:26.0 (201677506)|HEAP_ALLOCATE|[9]|Bytes:8
13:29:26.0 (201686866)|HEAP_ALLOCATE|[9]|Bytes:18
13:29:26.0 (201698410)|VARIABLE_SCOPE_BEGIN|[9]|mapAllOportunities|Map<String,Opportunity>|true|false
13:29:26.0 (201723125)|VARIABLE_ASSIGNMENT|[9]|mapAllOportunities|{"0061r00000vk6mjAAA":{"Id":"0061r00000vk6mjAAA"}}|0x373741cc
13:29:26.0 (201732741)|STATEMENT_EXECUTE|[12]
13:29:26.0 (201748504)|HEAP_ALLOCATE|[12]|Bytes:4
13:29:26.0 (201811601)|VARIABLE_SCOPE_BEGIN|[12]|listAccountUpdate|List<Account>|true|false
13:29:26.0 (201823799)|HEAP_ALLOCATE|[EXTERNAL]|Bytes:4
13:29:26.0 (201834686)|VARIABLE_ASSIGNMENT|[12]|listAccountUpdate|[]|0x3ea845c5
13:29:26.0 (201841408)|STATEMENT_EXECUTE|[13]
13:29:26.0 (201852181)|HEAP_ALLOCATE|[13]|Bytes:4
13:29:26.0 (201880853)|VARIABLE_SCOPE_BEGIN|[13]|listOpportunityUpdate|List<Opportunity>|true|false
13:29:26.0 (201890391)|HEAP_ALLOCATE|[EXTERNAL]|Bytes:4
13:29:26.0 (201897423)|VARIABLE_ASSIGNMENT|[13]|listOpportunityUpdate|[]|0x15e19530
13:29:26.0 (201903563)|STATEMENT_EXECUTE|[16]
13:29:26.0 (201918924)|HEAP_ALLOCATE|[16]|Bytes:4
13:29:26.0 (201951667)|VARIABLE_SCOPE_BEGIN|[16]|listAccountIds|Set<String>|true|false
13:29:26.0 (201979958)|VARIABLE_ASSIGNMENT|[16]|listAccountIds|[]|0x420674c7
13:29:26.0 (201987215)|STATEMENT_EXECUTE|[17]
13:29:26.0 (201993756)|HEAP_ALLOCATE|[17]|Bytes:4
13:29:26.0 (202009333)|VARIABLE_SCOPE_BEGIN|[17]|listOpportunityIds|Set<String>|true|false
13:29:26.0 (202025935)|VARIABLE_ASSIGNMENT|[17]|listOpportunityIds|[]|0x4fb2646a
13:29:26.0 (202074779)|HEAP_ALLOCATE|[20]|Bytes:5
13:29:26.0 (202099380)|VARIABLE_SCOPE_BEGIN|[20]|inTask|Task|true|false
13:29:26.0 (202442479)|VARIABLE_ASSIGNMENT|[20]|inTask|{"Status":"Completed","LastModifiedDate":"2018-04-13T11:29:26.000Z","IsDeleted":false,"AccountId":"0011r00001nnc05AAA","WhatId":"0011r00001nnc05AAA","ActivityDate":"2020-01-11T00:00:00.000Z","Priority":"Normal","IsHighPriority":false,"IsClosed":true,"IsRecurrence":false,"Subject":"Task","SystemModstamp":"2018-04-13T11:29:26.000Z","IsArchived":false,"CreatedById":"0051r000007Oz5QAAS","TaskSubtype":"Task","OwnerId":"0051r000007Oz5QAAS","CreatedDate":"2018-04-13T11:29:26.000Z","Id":"00T1r00004C4nyOEAR","DB_Activity_Type__c":"Other","IsReminderSet":false,"LastModifiedById":"0051r000007Oz5QAAS"}|0x33489634
13:29:26.0 (202469032)|STATEMENT_EXECUTE|[20]
13:29:26.0 (202521166)|STATEMENT_EXECUTE|[21]
13:29:26.0 (202609336)|STATEMENT_EXECUTE|[22]
13:29:26.0 (202612064)|STATEMENT_EXECUTE|[24]
13:29:26.0 (202641267)|HEAP_ALLOCATE|[EXTERNAL]|Bytes:4
13:29:26.0 (202661424)|HEAP_ALLOCATE|[20]|Bytes:5
13:29:26.0 (202678188)|VARIABLE_SCOPE_BEGIN|[20]|inTask|Task|true|false
13:29:26.0 (202840994)|VARIABLE_ASSIGNMENT|[20]|inTask|{"Status":"Completed","LastModifiedDate":"2018-04-13T11:29:26.000Z","IsDeleted":false,"AccountId":"0011r00001nnc05AAA","WhatId":"0061r00000vk6mjAAA","ActivityDate":"2022-01-11T00:00:00.000Z","Priority":"Normal","IsHighPriority":false,"IsClosed":true,"IsRecurrence":false,"Subject":"Task2","SystemModstamp":"2018-04-13T11:29:26.000Z","IsArchived":false,"CreatedById":"0051r000007Oz5QAAS","TaskSubtype":"Task","OwnerId":"0051r000007Oz5QAAS","CreatedDate":"2018-04-13T11:29:26.000Z","Id":"00T1r00004C4nyPEAR","DB_Activity_Type__c":"Other","IsReminderSet":false,"LastModifiedById":"0051r000007Oz5QAAS"}|0x5b4834a0
13:29:26.0 (202891199)|STATEMENT_EXECUTE|[20]
13:29:26.0 (202911356)|STATEMENT_EXECUTE|[21]
13:29:26.0 (202968282)|STATEMENT_EXECUTE|[25]
13:29:26.0 (202970800)|STATEMENT_EXECUTE|[26]
13:29:26.0 (203003685)|HEAP_ALLOCATE|[EXTERNAL]|Bytes:4
13:29:26.0 (203028951)|HEAP_ALLOCATE|[20]|Bytes:5
13:29:26.0 (203049743)|VARIABLE_ASSIGNMENT|[20]|inTask|null|
13:29:26.0 (203059589)|STATEMENT_EXECUTE|[32]
13:29:26.0 (203078581)|HEAP_ALLOCATE|[32]|Bytes:4
13:29:26.0 (203085909)|HEAP_ALLOCATE|[32]|Bytes:57
13:29:26.0 (203095373)|HEAP_ALLOCATE|[32]|Bytes:4
13:29:26.0 (203127193)|HEAP_ALLOCATE|[32]|Bytes:8
13:29:26.0 (203136769)|HEAP_ALLOCATE|[32]|Bytes:8
13:29:26.0 (203310350)|SOQL_EXECUTE_BEGIN|[32]|Aggregations:0|SELECT Id, AccountId FROM Opportunity WHERE id = :tmpVar1
13:29:26.0 (205875203)|SOQL_EXECUTE_END|[32]|Rows:1
13:29:26.0 (205895311)|HEAP_ALLOCATE|[32]|Bytes:8
13:29:26.0 (205908150)|HEAP_ALLOCATE|[32]|Bytes:60
13:29:26.0 (205935927)|HEAP_ALLOCATE|[32]|Bytes:8
13:29:26.0 (205950703)|HEAP_ALLOCATE|[32]|Bytes:12
13:29:26.0 (205959513)|HEAP_ALLOCATE|[32]|Bytes:18
13:29:26.0 (205966979)|VARIABLE_SCOPE_BEGIN|[32]|mapOportunity|Map<String,Opportunity>|true|false
13:29:26.0 (205991395)|VARIABLE_ASSIGNMENT|[32]|mapOportunity|{"0061r00000vk6mjAAA":{"Id":"0061r00000vk6mjAAA","AccountId":"0011r00001nnc05AAA"}}|0x1ff35641
13:29:26.0 (206008103)|HEAP_ALLOCATE|[35]|Bytes:4
13:29:26.0 (206042355)|HEAP_ALLOCATE|[35]|Bytes:4
13:29:26.0 (206069508)|HEAP_ALLOCATE|[35]|Bytes:5
13:29:26.0 (206084492)|VARIABLE_SCOPE_BEGIN|[35]|idOportunity|String|false|false
13:29:26.0 (206096653)|VARIABLE_ASSIGNMENT|[35]|idOportunity|"0061r00000vk6mjAAA"
13:29:26.0 (206103768)|STATEMENT_EXECUTE|[35]
13:29:26.0 (206106309)|STATEMENT_EXECUTE|[36]
13:29:26.0 (206172474)|HEAP_ALLOCATE|[EXTERNAL]|Bytes:4
13:29:26.0 (206189434)|HEAP_ALLOCATE|[35]|Bytes:5
13:29:26.0 (206207883)|VARIABLE_ASSIGNMENT|[35]|idOportunity|null
13:29:26.0 (206215241)|STATEMENT_EXECUTE|[42]
13:29:26.0 (206231076)|HEAP_ALLOCATE|[42]|Bytes:4
13:29:26.0 (206237628)|HEAP_ALLOCATE|[42]|Bytes:91
13:29:26.0 (206245672)|HEAP_ALLOCATE|[42]|Bytes:4
13:29:26.0 (206271411)|HEAP_ALLOCATE|[42]|Bytes:8
13:29:26.0 (206279114)|HEAP_ALLOCATE|[42]|Bytes:8
13:29:26.0 (206433971)|SOQL_EXECUTE_BEGIN|[42]|Aggregations:0|SELECT Id, Fecha_ltima_actividad_m_s_reciente__c, ParentId FROM Account WHERE id = :tmpVar1
13:29:26.0 (209375537)|SOQL_EXECUTE_END|[42]|Rows:1
13:29:26.0 (209396314)|HEAP_ALLOCATE|[42]|Bytes:8
13:29:26.0 (209409487)|HEAP_ALLOCATE|[42]|Bytes:104
13:29:26.0 (209439349)|HEAP_ALLOCATE|[42]|Bytes:8
13:29:26.0 (209454954)|HEAP_ALLOCATE|[42]|Bytes:16
13:29:26.0 (209463588)|HEAP_ALLOCATE|[42]|Bytes:18
13:29:26.0 (209471246)|VARIABLE_SCOPE_BEGIN|[42]|mapAccount|Map<String,Account>|true|false
13:29:26.0 (209507144)|VARIABLE_ASSIGNMENT|[42]|mapAccount|{"0011r00001nnc05AAA":{"Id":"0011r00001nnc05AAA","Fecha_ltima_activida (17 more) ...":"2018-01-11T00:00:00.000Z","ParentId":"0011r00001nnc04AAA"}}|0x5509dc0c
13:29:26.0 (209552877)|HEAP_ALLOCATE|[45]|Bytes:5
13:29:26.0 (209570844)|VARIABLE_SCOPE_BEGIN|[45]|inTask|Task|true|false
13:29:26.0 (209760881)|VARIABLE_ASSIGNMENT|[45]|inTask|{"Status":"Completed","LastModifiedDate":"2018-04-13T11:29:26.000Z","IsDeleted":false,"AccountId":"0011r00001nnc05AAA","WhatId":"0011r00001nnc05AAA","ActivityDate":"2020-01-11T00:00:00.000Z","Priority":"Normal","IsHighPriority":false,"IsClosed":true,"IsRecurrence":false,"Subject":"Task","SystemModstamp":"2018-04-13T11:29:26.000Z","IsArchived":false,"CreatedById":"0051r000007Oz5QAAS","TaskSubtype":"Task","OwnerId":"0051r000007Oz5QAAS","CreatedDate":"2018-04-13T11:29:26.000Z","Id":"00T1r00004C4nyOEAR","DB_Activity_Type__c":"Other","IsReminderSet":false,"LastModifiedById":"0051r000007Oz5QAAS"}|0x33489634
13:29:26.0 (209778574)|STATEMENT_EXECUTE|[45]
13:29:26.0 (209903127)|STATEMENT_EXECUTE|[47]
13:29:26.0 (209905994)|STATEMENT_EXECUTE|[49]
13:29:26.0 (209981045)|VARIABLE_ASSIGNMENT|[49]|this.Fecha_ltima_actividad_m_s_reciente__c|"2020-01-11T00:00:00.000Z"|0x3b2b6114
13:29:26.0 (209991613)|STATEMENT_EXECUTE|[50]
13:29:26.0 (210031231)|HEAP_ALLOCATE|[EXTERNAL]|Bytes:4
13:29:26.0 (210049268)|HEAP_ALLOCATE|[45]|Bytes:5
13:29:26.0 (210064943)|VARIABLE_SCOPE_BEGIN|[45]|inTask|Task|true|false
13:29:26.0 (210226867)|VARIABLE_ASSIGNMENT|[45]|inTask|{"Status":"Completed","LastModifiedDate":"2018-04-13T11:29:26.000Z","IsDeleted":false,"AccountId":"0011r00001nnc05AAA","WhatId":"0061r00000vk6mjAAA","ActivityDate":"2022-01-11T00:00:00.000Z","Priority":"Normal","IsHighPriority":false,"IsClosed":true,"IsRecurrence":false,"Subject":"Task2","SystemModstamp":"2018-04-13T11:29:26.000Z","IsArchived":false,"CreatedById":"0051r000007Oz5QAAS","TaskSubtype":"Task","OwnerId":"0051r000007Oz5QAAS","CreatedDate":"2018-04-13T11:29:26.000Z","Id":"00T1r00004C4nyPEAR","DB_Activity_Type__c":"Other","IsReminderSet":false,"LastModifiedById":"0051r000007Oz5QAAS"}|0x5b4834a0
13:29:26.0 (210242500)|STATEMENT_EXECUTE|[45]
13:29:26.0 (210290186)|EXCEPTION_THROWN|[47]|System.NullPointerException: Attempt to de-reference a null object
13:29:26.0 (210409887)|HEAP_ALLOCATE|[47]|Bytes:41
13:29:26.0 (210424024)|SYSTEM_MODE_EXIT|false
13:29:26.0 (210436882)|METHOD_EXIT|[10]|01p1r000009oS6S|TaskMethods.CerrarTarea(List<Task>)
13:29:26.0 (210534170)|FATAL_ERROR|System.NullPointerException: Attempt to de-reference a null object

Class.TaskMethods.CerrarTarea: line 47, column 1
Trigger.TaskTrigger: line 10, column 1
13:29:26.0 (210549358)|FATAL_ERROR|System.NullPointerException: Attempt to de-reference a null object

Class.TaskMethods.CerrarTarea: line 47, column 1
Trigger.TaskTrigger: line 10, column 1
13:29:26.210 (210605559)|CUMULATIVE_LIMIT_USAGE
13:29:26.210 (210605559)|LIMIT_USAGE_FOR_NS|(default)|
  Number of SOQL queries: 5 out of 100
  Number of query rows: 5 out of 50000
  Number of SOSL queries: 0 out of 20
  Number of DML statements: 5 out of 150
  Number of DML rows: 7 out of 10000
  Maximum CPU time: 0 out of 10000
  Maximum heap size: 0 out of 6000000
  Number of callouts: 0 out of 100
  Number of Email Invocations: 0 out of 10
  Number of future calls: 0 out of 50
  Number of queueable jobs added to the queue: 0 out of 50
  Number of Mobile Apex push calls: 0 out of 10

13:29:26.210 (210605559)|CUMULATIVE_LIMIT_USAGE_END

13:29:26.0 (211802840)|CODE_UNIT_FINISHED|TaskTrigger on Task trigger event AfterUpdate
13:29:26.0 (214425267)|DML_END|[55]
13:29:26.0 (214568534)|EXCEPTION_THROWN|[55]|System.DmlException: Update failed. First exception on row 0 with id 00T1r00004C4nyOEAR; first error: CANNOT_INSERT_UPDATE_ACTIVATE_ENTITY, TaskTrigger: execution of AfterUpdate

caused by: System.NullPointerException: Attempt to de-reference a null object

Class.TaskMethods.CerrarTarea: line 47, column 1
Trigger.TaskTrigger: line 10, column 1: []
13:29:26.0 (214873595)|HEAP_ALLOCATE|[55]|Bytes:332
13:29:26.0 (214951653)|FATAL_ERROR|System.DmlException: Update failed. First exception on row 0 with id 00T1r00004C4nyOEAR; first error: CANNOT_INSERT_UPDATE_ACTIVATE_ENTITY, TaskTrigger: execution of AfterUpdate

caused by: System.NullPointerException: Attempt to de-reference a null object

Class.TaskMethods.CerrarTarea: line 47, column 1
Trigger.TaskTrigger: line 10, column 1: []

Class.TaskTest.testCerrarTarea: line 55, column 1
13:29:26.0 (214970128)|FATAL_ERROR|System.DmlException: Update failed. First exception on row 0 with id 00T1r00004C4nyOEAR; first error: CANNOT_INSERT_UPDATE_ACTIVATE_ENTITY, TaskTrigger: execution of AfterUpdate

caused by: System.NullPointerException: Attempt to de-reference a null object

Class.TaskMethods.CerrarTarea: line 47, column 1
Trigger.TaskTrigger: line 10, column 1: []

Class.TaskTest.testCerrarTarea: line 55, column 1
13:29:26.214 (214981751)|CUMULATIVE_LIMIT_USAGE
13:29:26.214 (214981751)|LIMIT_USAGE_FOR_NS|(default)|
  Number of SOQL queries: 1 out of 100
  Number of query rows: 0 out of 50000
  Number of SOSL queries: 0 out of 20
  Number of DML statements: 5 out of 150
  Number of DML rows: 7 out of 10000
  Maximum CPU time: 0 out of 10000
  Maximum heap size: 0 out of 6000000
  Number of callouts: 0 out of 100
  Number of Email Invocations: 0 out of 10
  Number of future calls: 0 out of 50
  Number of queueable jobs added to the queue: 0 out of 50
  Number of Mobile Apex push calls: 0 out of 10

13:29:26.214 (214981751)|CUMULATIVE_LIMIT_USAGE_END

13:29:26.0 (215006041)|CODE_UNIT_FINISHED|TaskTest.testCerrarTarea
13:29:26.0 (215824728)|EXECUTION_FINISHED
13:29:26.311 (311671074)|USER_INFO|[EXTERNAL]|0051r000007Oz5Q|lydia.abril@gmail.com|hora estándar de Europa central|GMT+02:00
13:29:26.311 (311694653)|EXECUTION_STARTED
13:29:26.311 (311698266)|CODE_UNIT_STARTED|[EXTERNAL]|DuplicateDetector
13:29:26.311 (311711859)|DUPLICATE_DETECTION_BEGIN
13:29:26.311 (311769153)|DUPLICATE_DETECTION_RULE_INVOCATION|DuplicateRuleId:0Bm1r0000018X88|DuplicateRuleName:Standard Account Duplicate Rule|DmlType:INSERT
13:29:26.311 (320438518)|DUPLICATE_DETECTION_END
13:29:26.311 (320445734)|CODE_UNIT_FINISHED|DuplicateDetector
13:29:26.311 (321256731)|EXECUTION_FINISHED
