36.0 APEX_CODE,FINEST;APEX_PROFILING,INFO;CALLOUT,INFO;DB,INFO;SYSTEM,DEBUG;VALIDATION,INFO;VISUALFORCE,INFO;WAVE,INFO;WORKFLOW,INFO
10:47:41.0 (83606)|USER_INFO|[EXTERNAL]|0051r000007Oz5Q|lydia.abril@gmail.com|hora estándar de Europa central|GMT+02:00
10:47:41.0 (143273)|EXECUTION_STARTED
10:47:41.0 (148655)|CODE_UNIT_STARTED|[EXTERNAL]|TRIGGERS
10:47:41.0 (1106318)|CODE_UNIT_STARTED|[EXTERNAL]|01q1r000000j3dJ|PasajeroTrigger on Pasajero trigger event BeforeInsert
10:47:41.0 (1146451)|HEAP_ALLOCATE|[EXTERNAL]|Bytes:8
10:47:41.0 (1700852)|HEAP_ALLOCATE|[72]|Bytes:3
10:47:41.0 (1734334)|HEAP_ALLOCATE|[77]|Bytes:152
10:47:41.0 (1748130)|HEAP_ALLOCATE|[342]|Bytes:408
10:47:41.0 (1759896)|HEAP_ALLOCATE|[355]|Bytes:408
10:47:41.0 (1770077)|HEAP_ALLOCATE|[467]|Bytes:48
10:47:41.0 (1794087)|HEAP_ALLOCATE|[139]|Bytes:6
10:47:41.0 (1815361)|HEAP_ALLOCATE|[EXTERNAL]|Bytes:8
10:47:41.0 (1823211)|VARIABLE_SCOPE_BEGIN|[1]|this|PasajeroTrigger|true|false
10:47:41.0 (1866447)|VARIABLE_ASSIGNMENT|[1]|this|{}|0x6ea35af
10:47:41.0 (1910462)|HEAP_ALLOCATE|[EXTERNAL]|Bytes:8
10:47:41.0 (1918792)|VARIABLE_SCOPE_BEGIN|[1]|this|PasajeroTrigger|true|false
10:47:41.0 (1939024)|VARIABLE_ASSIGNMENT|[1]|this|{}|0x6ea35af
10:47:41.0 (1952268)|STATEMENT_EXECUTE|[1]
10:47:41.0 (1954552)|STATEMENT_EXECUTE|[4]
10:47:41.0 (1984075)|HEAP_ALLOCATE|[50]|Bytes:5
10:47:41.0 (2002948)|HEAP_ALLOCATE|[56]|Bytes:5
10:47:41.0 (2011865)|HEAP_ALLOCATE|[64]|Bytes:7
10:47:41.0 (2381215)|VARIABLE_ASSIGNMENT|[4]|this.listNew|[{"IsDeleted":false,"Nombre_pasajero__c":"aaaaa","Edad__c":12,"Nif__c":"11111111b","Reserva__c":"a001r00000oUEbDAAW","Name":"aaaaaa"}]|0x6ea35af
10:47:41.0 (2399385)|STATEMENT_EXECUTE|[7]
10:47:41.0 (2413305)|STATEMENT_EXECUTE|[8]
10:47:41.0 (2415118)|STATEMENT_EXECUTE|[9]
10:47:41.0 (2508155)|HEAP_ALLOCATE|[9]|Bytes:7
10:47:41.0 (2515624)|HEAP_ALLOCATE|[9]|Bytes:2
10:47:41.0 (2528211)|METHOD_ENTRY|[1]|01p1r000008Zry1|PasajeroMethods.PasajeroMethods()
10:47:41.0 (2534454)|STATEMENT_EXECUTE|[1]
10:47:41.0 (2538677)|STATEMENT_EXECUTE|[1]
10:47:41.0 (2917833)|SYSTEM_MODE_ENTER|false
10:47:41.0 (2936876)|HEAP_ALLOCATE|[9]|Bytes:5
10:47:41.0 (2947940)|SYSTEM_MODE_EXIT|false
10:47:41.0 (2963917)|METHOD_EXIT|[1]|PasajeroMethods
10:47:41.0 (2982662)|METHOD_ENTRY|[9]|01p1r000008Zry1|PasajeroMethods.ValidarNif(List<Pasajero__c>)
10:47:41.0 (3009196)|VARIABLE_SCOPE_BEGIN|[65]|listNew|List<Pasajero__c>|true|false
10:47:41.0 (3159669)|VARIABLE_ASSIGNMENT|[65]|listNew|[{"IsDeleted":false,"Nombre_pasajero__c":"aaaaa","Edad__c":12,"Nif__c":"11111111b","Reserva__c":"a001r00000oUEbDAAW","Name":"aaaaaa"}]|0x7bba94b7
10:47:41.0 (3189653)|SYSTEM_MODE_ENTER|false
10:47:41.0 (3199205)|HEAP_ALLOCATE|[67]|Bytes:5
10:47:41.0 (3206598)|STATEMENT_EXECUTE|[65]
10:47:41.0 (3267949)|STATEMENT_EXECUTE|[67]
10:47:41.0 (3270475)|STATEMENT_EXECUTE|[70]
10:47:41.0 (3273904)|HEAP_ALLOCATE|[70]|Bytes:30
10:47:41.0 (3288677)|HEAP_ALLOCATE|[70]|Bytes:4
10:47:41.0 (3451236)|SOQL_EXECUTE_BEGIN|[70]|Aggregations:0|SELECT Nif__c FROM Pasajero__c
10:47:41.0 (4910186)|SOQL_EXECUTE_END|[70]|Rows:3
10:47:41.0 (4932790)|HEAP_ALLOCATE|[70]|Bytes:16
10:47:41.0 (4948947)|HEAP_ALLOCATE|[70]|Bytes:144
10:47:41.0 (4978493)|HEAP_ALLOCATE|[70]|Bytes:16
10:47:41.0 (4992659)|VARIABLE_SCOPE_BEGIN|[70]|listPasajero|List<Pasajero__c>|true|false
10:47:41.0 (5019918)|VARIABLE_ASSIGNMENT|[70]|listPasajero|[{"Nif__c":"987654765","Id":"a021r00000dd60CAAQ"},{"Nif__c":"111222333","Id":"a021r00000dd5yHAAQ"},{"Nif__c":"111111111","Id":"a021r00000dd5xYAAQ"}]|0x403efa5
10:47:41.0 (5029874)|STATEMENT_EXECUTE|[72]
10:47:41.0 (5046305)|HEAP_ALLOCATE|[72]|Bytes:4
10:47:41.0 (5081837)|VARIABLE_SCOPE_BEGIN|[72]|listPasajeroNif|List<String>|true|false
10:47:41.0 (5104673)|HEAP_ALLOCATE|[EXTERNAL]|Bytes:4
10:47:41.0 (5114910)|VARIABLE_ASSIGNMENT|[72]|listPasajeroNif|[]|0x164ba254
10:47:41.0 (5266243)|HEAP_ALLOCATE|[74]|Bytes:5
10:47:41.0 (5281542)|HEAP_ALLOCATE|[74]|Bytes:12
10:47:41.0 (5290121)|VARIABLE_SCOPE_BEGIN|[74]|inPasajero|Pasajero__c|true|false
10:47:41.0 (5304537)|VARIABLE_ASSIGNMENT|[74]|inPasajero|{"Nif__c":"987654765","Id":"a021r00000dd60CAAQ"}|0x732502fc
10:47:41.0 (5311915)|STATEMENT_EXECUTE|[74]
10:47:41.0 (5314013)|STATEMENT_EXECUTE|[75]
10:47:41.0 (5370546)|HEAP_ALLOCATE|[EXTERNAL]|Bytes:4
10:47:41.0 (5393283)|HEAP_ALLOCATE|[74]|Bytes:5
10:47:41.0 (5403530)|HEAP_ALLOCATE|[74]|Bytes:12
10:47:41.0 (5409628)|VARIABLE_SCOPE_BEGIN|[74]|inPasajero|Pasajero__c|true|false
10:47:41.0 (5422921)|VARIABLE_ASSIGNMENT|[74]|inPasajero|{"Nif__c":"111222333","Id":"a021r00000dd5yHAAQ"}|0x68c0a5fa
10:47:41.0 (5429571)|STATEMENT_EXECUTE|[74]
10:47:41.0 (5431355)|STATEMENT_EXECUTE|[75]
10:47:41.0 (5441824)|HEAP_ALLOCATE|[EXTERNAL]|Bytes:4
10:47:41.0 (5452480)|HEAP_ALLOCATE|[74]|Bytes:5
10:47:41.0 (5461117)|HEAP_ALLOCATE|[74]|Bytes:12
10:47:41.0 (5466180)|VARIABLE_SCOPE_BEGIN|[74]|inPasajero|Pasajero__c|true|false
10:47:41.0 (5477624)|VARIABLE_ASSIGNMENT|[74]|inPasajero|{"Nif__c":"111111111","Id":"a021r00000dd5xYAAQ"}|0x2352f3b4
10:47:41.0 (5483604)|STATEMENT_EXECUTE|[74]
10:47:41.0 (5485494)|STATEMENT_EXECUTE|[75]
10:47:41.0 (5493442)|HEAP_ALLOCATE|[EXTERNAL]|Bytes:4
10:47:41.0 (5502754)|HEAP_ALLOCATE|[74]|Bytes:5
10:47:41.0 (5512074)|VARIABLE_ASSIGNMENT|[74]|inPasajero|null|
10:47:41.0 (5535622)|HEAP_ALLOCATE|[79]|Bytes:5
10:47:41.0 (5546063)|HEAP_ALLOCATE|[79]|Bytes:4
10:47:41.0 (5552013)|VARIABLE_SCOPE_BEGIN|[79]|inPasajero|Pasajero__c|true|false
10:47:41.0 (5689793)|VARIABLE_ASSIGNMENT|[79]|inPasajero|{"IsDeleted":false,"Nombre_pasajero__c":"aaaaa","Edad__c":12,"Nif__c":"11111111b","Reserva__c":"a001r00000oUEbDAAW","Name":"aaaaaa"}|0x1b557c92
10:47:41.0 (5702370)|STATEMENT_EXECUTE|[79]
10:47:41.0 (5738359)|STATEMENT_EXECUTE|[82]
10:47:41.0 (5740915)|STATEMENT_EXECUTE|[87]
10:47:41.0 (5782145)|HEAP_ALLOCATE|[87]|Bytes:8
10:47:41.0 (5794292)|VARIABLE_SCOPE_BEGIN|[87]|numerosNif|String|false|false
10:47:41.0 (5805213)|VARIABLE_ASSIGNMENT|[87]|numerosNif|"11111111"
10:47:41.0 (5832451)|STATEMENT_EXECUTE|[89]
10:47:41.0 (5835030)|STATEMENT_EXECUTE|[94]
10:47:41.0 (5855952)|VARIABLE_SCOPE_BEGIN|[94]|letraNif|String|false|false
10:47:41.0 (5866302)|VARIABLE_ASSIGNMENT|[94]|letraNif|""
10:47:41.0 (5895520)|STATEMENT_EXECUTE|[96]
10:47:41.0 (5897597)|STATEMENT_EXECUTE|[97]
10:47:41.0 (5900633)|HEAP_ALLOCATE|[97]|Bytes:21
10:47:41.0 (5953133)|HEAP_ALLOCATE|[79]|Bytes:5
10:47:41.0 (5965125)|VARIABLE_ASSIGNMENT|[79]|inPasajero|null|
10:47:41.0 (5973339)|SYSTEM_MODE_EXIT|false
10:47:41.0 (5982817)|METHOD_EXIT|[9]|01p1r000008Zry1|PasajeroMethods.ValidarNif(List<Pasajero__c>)
10:47:41.0 (5989959)|STATEMENT_EXECUTE|[10]
10:47:41.0 (6003632)|METHOD_ENTRY|[10]|01p1r000008Zry1|PasajeroMethods.RellenarContacto(List<Pasajero__c>)
10:47:41.0 (6018151)|VARIABLE_SCOPE_BEGIN|[33]|listPasajeros|List<Pasajero__c>|true|false
10:47:41.0 (6113970)|VARIABLE_ASSIGNMENT|[33]|listPasajeros|[{"IsDeleted":false,"Nombre_pasajero__c":"aaaaa","Edad__c":12,"Nif__c":"11111111b","Reserva__c":"a001r00000oUEbDAAW","Name":"aaaaaa"}]|0x7bba94b7
10:47:41.0 (6133959)|SYSTEM_MODE_ENTER|false
10:47:41.0 (6140483)|HEAP_ALLOCATE|[35]|Bytes:5
10:47:41.0 (6145930)|STATEMENT_EXECUTE|[33]
10:47:41.0 (6169068)|STATEMENT_EXECUTE|[35]
10:47:41.0 (6171949)|STATEMENT_EXECUTE|[38]
10:47:41.0 (6180649)|HEAP_ALLOCATE|[38]|Bytes:4
10:47:41.0 (6200980)|VARIABLE_SCOPE_BEGIN|[38]|listNifs|List<String>|true|false
10:47:41.0 (6221650)|HEAP_ALLOCATE|[EXTERNAL]|Bytes:4
10:47:41.0 (6231395)|VARIABLE_ASSIGNMENT|[38]|listNifs|[]|0x19c5a43e
10:47:41.0 (6259217)|HEAP_ALLOCATE|[40]|Bytes:5
10:47:41.0 (6271187)|HEAP_ALLOCATE|[40]|Bytes:4
10:47:41.0 (6277833)|VARIABLE_SCOPE_BEGIN|[40]|inPasajero|Pasajero__c|true|false
10:47:41.0 (6369775)|VARIABLE_ASSIGNMENT|[40]|inPasajero|{"IsDeleted":false,"Nombre_pasajero__c":"aaaaa","Edad__c":12,"Nif__c":"11111111b","Reserva__c":"a001r00000oUEbDAAW","Name":"aaaaaa"}|0x1b557c92
10:47:41.0 (6384380)|STATEMENT_EXECUTE|[40]
10:47:41.0 (6386300)|STATEMENT_EXECUTE|[41]
10:47:41.0 (6419123)|HEAP_ALLOCATE|[EXTERNAL]|Bytes:4
10:47:41.0 (6428145)|STATEMENT_EXECUTE|[43]
10:47:41.0 (6456746)|USER_DEBUG|[43]|DEBUG|11111111b
10:47:41.0 (6472060)|HEAP_ALLOCATE|[40]|Bytes:5
10:47:41.0 (6483057)|VARIABLE_ASSIGNMENT|[40]|inPasajero|null|
10:47:41.0 (6491313)|SYSTEM_MODE_EXIT|false
10:47:41.0 (6499447)|METHOD_EXIT|[10]|01p1r000008Zry1|PasajeroMethods.RellenarContacto(List<Pasajero__c>)
10:47:41.6 (6509943)|CUMULATIVE_LIMIT_USAGE
10:47:41.6 (6509943)|LIMIT_USAGE_FOR_NS|(default)|
  Number of SOQL queries: 1 out of 100
  Number of query rows: 3 out of 50000
  Number of SOSL queries: 0 out of 20
  Number of DML statements: 0 out of 150
  Number of DML rows: 0 out of 10000
  Maximum CPU time: 0 out of 10000
  Maximum heap size: 0 out of 6000000
  Number of callouts: 0 out of 100
  Number of Email Invocations: 0 out of 10
  Number of future calls: 0 out of 50
  Number of queueable jobs added to the queue: 0 out of 50
  Number of Mobile Apex push calls: 0 out of 10

10:47:41.6 (6509943)|CUMULATIVE_LIMIT_USAGE_END

10:47:41.0 (7694581)|CODE_UNIT_FINISHED|PasajeroTrigger on Pasajero trigger event BeforeInsert
10:47:41.0 (15937446)|CODE_UNIT_FINISHED|TRIGGERS
10:47:41.0 (15950987)|EXECUTION_FINISHED
