42.0 APEX_CODE,FINEST;APEX_PROFILING,INFO;CALLOUT,INFO;DB,INFO;SYSTEM,DEBUG;VALIDATION,INFO;VISUALFORCE,INFO;WAVE,INFO;WORKFLOW,INFO
Execute Anonymous: calculatorServices.CalculatorImplPort calculator = new  calculatorServices.CalculatorImplPort();
Execute Anonymous: Double x = 1.0;
Execute Anonymous: Double y = 2.0;
Execute Anonymous: Double result = calculator.doAdd(x,y);
Execute Anonymous: System.debug(result);
10:48:24.1 (1344766)|USER_INFO|[EXTERNAL]|0051r000007Oz5Q|lydia.abril@gmail.com|hora estándar de Europa central|GMT+02:00
10:48:24.1 (1375511)|EXECUTION_STARTED
10:48:24.1 (1384374)|CODE_UNIT_STARTED|[EXTERNAL]|execute_anonymous_apex
10:48:24.1 (3461941)|VARIABLE_SCOPE_BEGIN|[1]|calculator|calculatorServices.CalculatorImplPort|true|false
10:48:24.1 (3492627)|VARIABLE_SCOPE_BEGIN|[4]|result|Double|false|false
10:48:24.1 (3505479)|VARIABLE_SCOPE_BEGIN|[2]|x|Double|false|false
10:48:24.1 (3517116)|VARIABLE_SCOPE_BEGIN|[3]|y|Double|false|false
10:48:24.1 (3633788)|HEAP_ALLOCATE|[72]|Bytes:3
10:48:24.1 (3668890)|HEAP_ALLOCATE|[77]|Bytes:152
10:48:24.1 (3687037)|HEAP_ALLOCATE|[342]|Bytes:408
10:48:24.1 (3706678)|HEAP_ALLOCATE|[355]|Bytes:408
10:48:24.1 (3724750)|HEAP_ALLOCATE|[467]|Bytes:48
10:48:24.1 (3760571)|HEAP_ALLOCATE|[139]|Bytes:6
10:48:24.1 (3783697)|HEAP_ALLOCATE|[EXTERNAL]|Bytes:9
10:48:24.1 (3903630)|STATEMENT_EXECUTE|[1]
10:48:24.1 (3909537)|STATEMENT_EXECUTE|[1]
10:48:24.1 (3914453)|HEAP_ALLOCATE|[1]|Bytes:13
10:48:24.1 (3959606)|HEAP_ALLOCATE|[1]|Bytes:36
10:48:24.1 (4010948)|HEAP_ALLOCATE|[50]|Bytes:5
10:48:24.1 (4028071)|HEAP_ALLOCATE|[56]|Bytes:5
10:48:24.1 (4035938)|HEAP_ALLOCATE|[64]|Bytes:7
10:48:24.1 (4061021)|SYSTEM_MODE_ENTER|false
10:48:24.1 (4077900)|HEAP_ALLOCATE|[1]|Bytes:5
10:48:24.1 (4097570)|CONSTRUCTOR_ENTRY|[1]|01p1r000007Yosz|<init>()
10:48:24.1 (4125740)|VARIABLE_SCOPE_BEGIN|[60]|this|calculatorServices.CalculatorImplPort|true|false
10:48:24.1 (4184855)|VARIABLE_ASSIGNMENT|[60]|this|{}|0x7baecdbd
10:48:24.1 (4196093)|HEAP_ALLOCATE|[61]|Bytes:6
10:48:24.1 (4233887)|STATEMENT_EXECUTE|[60]
10:48:24.1 (4237073)|STATEMENT_EXECUTE|[61]
10:48:24.1 (4240939)|HEAP_ALLOCATE|[61]|Bytes:61
10:48:24.1 (4264020)|VARIABLE_ASSIGNMENT|[61]|this.endpoint_x|"https://th-apex-soap (41 more) ..."|0x7baecdbd
10:48:24.1 (4273264)|STATEMENT_EXECUTE|[62]
10:48:24.1 (4275744)|STATEMENT_EXECUTE|[63]
10:48:24.1 (4277955)|STATEMENT_EXECUTE|[64]
10:48:24.1 (4279931)|STATEMENT_EXECUTE|[65]
10:48:24.1 (4282093)|STATEMENT_EXECUTE|[66]
10:48:24.1 (4284656)|STATEMENT_EXECUTE|[67]
10:48:24.1 (4286637)|STATEMENT_EXECUTE|[68]
10:48:24.1 (4298290)|HEAP_ALLOCATE|[68]|Bytes:4
10:48:24.1 (4366510)|HEAP_ALLOCATE|[68]|Bytes:27
10:48:24.1 (4379919)|HEAP_ALLOCATE|[68]|Bytes:18
10:48:24.1 (4407148)|HEAP_ALLOCATE|[EXTERNAL]|Bytes:12
10:48:24.1 (4429823)|VARIABLE_ASSIGNMENT|[68]|this.ns_map_type_info|["http://calculator.se (7 more) ...","calculatorServices"]|0x7baecdbd
10:48:24.1 (4445153)|CONSTRUCTOR_EXIT|[1]|01p1r000007Yosz|<init>()
10:48:24.1 (4456358)|SYSTEM_MODE_EXIT|false
10:48:24.1 (4495062)|VARIABLE_ASSIGNMENT|[1]|calculator|{"endpoint_x":"https://th-apex-soap (41 more) ...","ns_map_type_info":"0xb26e72"}|0x7baecdbd
10:48:24.1 (4504476)|STATEMENT_EXECUTE|[2]
10:48:24.1 (4507739)|HEAP_ALLOCATE|[2]|Bytes:3
10:48:24.1 (4530531)|HEAP_ALLOCATE|[2]|Bytes:28
10:48:24.1 (4541838)|HEAP_ALLOCATE|[2]|Bytes:12
10:48:24.1 (4554035)|VARIABLE_ASSIGNMENT|[2]|x|1.0
10:48:24.1 (4558764)|STATEMENT_EXECUTE|[3]
10:48:24.1 (4561236)|HEAP_ALLOCATE|[3]|Bytes:3
10:48:24.1 (4567245)|HEAP_ALLOCATE|[3]|Bytes:28
10:48:24.1 (4571800)|HEAP_ALLOCATE|[3]|Bytes:12
10:48:24.1 (4578860)|VARIABLE_ASSIGNMENT|[3]|y|2.0
10:48:24.1 (4583187)|STATEMENT_EXECUTE|[4]
10:48:24.1 (4613913)|SYSTEM_MODE_ENTER|false
10:48:24.1 (4623977)|HEAP_ALLOCATE|[4]|Bytes:5
10:48:24.1 (4649833)|METHOD_ENTRY|[4]|01p1r000007Yosz|calculatorServices.CalculatorImplPort.doAdd(Double, Double)
10:48:24.1 (4667435)|VARIABLE_SCOPE_BEGIN|[135]|this|calculatorServices.CalculatorImplPort|true|false
10:48:24.1 (4690434)|VARIABLE_ASSIGNMENT|[135]|this|{"endpoint_x":"https://th-apex-soap (41 more) ...","ns_map_type_info":"0xb26e72"}|0x7baecdbd
10:48:24.1 (4697955)|VARIABLE_SCOPE_BEGIN|[135]|arg0|Double|false|false
10:48:24.1 (4707569)|VARIABLE_ASSIGNMENT|[135]|arg0|1.0
10:48:24.1 (4711955)|VARIABLE_SCOPE_BEGIN|[135]|arg1|Double|false|false
10:48:24.1 (4718315)|VARIABLE_ASSIGNMENT|[135]|arg1|2.0
10:48:24.1 (4725217)|STATEMENT_EXECUTE|[135]
10:48:24.1 (4727333)|STATEMENT_EXECUTE|[136]
10:48:24.1 (4901935)|HEAP_ALLOCATE|[136]|Bytes:28
10:48:24.1 (4919501)|CONSTRUCTOR_ENTRY|[136]|01p1r000007Yosz|<init>()
10:48:24.1 (4938620)|VARIABLE_SCOPE_BEGIN|[18]|this|calculatorServices.doAdd|true|false
10:48:24.1 (4985046)|VARIABLE_ASSIGNMENT|[18]|this|{}|0x68328832
10:48:24.1 (5004307)|STATEMENT_EXECUTE|[18]
10:48:24.1 (5007576)|STATEMENT_EXECUTE|[19]
10:48:24.1 (5009288)|STATEMENT_EXECUTE|[20]
10:48:24.1 (5010858)|STATEMENT_EXECUTE|[21]
10:48:24.1 (5019322)|HEAP_ALLOCATE|[21]|Bytes:4
10:48:24.1 (5051846)|HEAP_ALLOCATE|[21]|Bytes:4
10:48:24.1 (5062628)|HEAP_ALLOCATE|[21]|Bytes:1
10:48:24.1 (5066707)|HEAP_ALLOCATE|[21]|Bytes:1
10:48:24.1 (5070996)|HEAP_ALLOCATE|[21]|Bytes:5
10:48:24.1 (5089403)|HEAP_ALLOCATE|[EXTERNAL]|Bytes:28
10:48:24.1 (5101687)|VARIABLE_ASSIGNMENT|[21]|this.arg0_type_info|"List of size 6 too large to display"|0x68328832
10:48:24.1 (5108146)|STATEMENT_EXECUTE|[22]
10:48:24.1 (5115038)|HEAP_ALLOCATE|[22]|Bytes:4
10:48:24.1 (5130594)|HEAP_ALLOCATE|[22]|Bytes:4
10:48:24.1 (5154211)|HEAP_ALLOCATE|[EXTERNAL]|Bytes:28
10:48:24.1 (5166035)|VARIABLE_ASSIGNMENT|[22]|this.arg1_type_info|"List of size 6 too large to display"|0x68328832
10:48:24.1 (5176385)|STATEMENT_EXECUTE|[23]
10:48:24.1 (5184899)|HEAP_ALLOCATE|[23]|Bytes:4
10:48:24.1 (5219793)|HEAP_ALLOCATE|[EXTERNAL]|Bytes:16
10:48:24.1 (5231461)|VARIABLE_ASSIGNMENT|[23]|this.apex_schema_type_info|["http://calculator.se (7 more) ...","false","false"]|0x68328832
10:48:24.1 (5238097)|STATEMENT_EXECUTE|[24]
10:48:24.1 (5243464)|HEAP_ALLOCATE|[24]|Bytes:4
10:48:24.1 (5265995)|HEAP_ALLOCATE|[EXTERNAL]|Bytes:12
10:48:24.1 (5279264)|VARIABLE_ASSIGNMENT|[24]|this.field_order_type_info|["arg0","arg1"]|0x68328832
10:48:24.1 (5290287)|CONSTRUCTOR_EXIT|[136]|01p1r000007Yosz|<init>()
10:48:24.1 (5296634)|VARIABLE_SCOPE_BEGIN|[136]|request_x|calculatorServices.doAdd|true|false
10:48:24.1 (5322365)|VARIABLE_ASSIGNMENT|[136]|request_x|{"apex_schema_type_inf (1 more) ...":"0x3ad15a7f","arg0_type_info":"0x465e260f","arg1_type_info":"0x24ab6816","field_order_type_inf (1 more) ...":"0x3d02e33b"}|0x68328832
10:48:24.1 (5330843)|STATEMENT_EXECUTE|[137]
10:48:24.1 (5343658)|VARIABLE_ASSIGNMENT|[137]|this.arg0|1.0|0x68328832
10:48:24.1 (5350017)|STATEMENT_EXECUTE|[138]
10:48:24.1 (5354682)|VARIABLE_ASSIGNMENT|[138]|this.arg1|2.0|0x68328832
10:48:24.1 (5363973)|STATEMENT_EXECUTE|[139]
10:48:24.1 (5513841)|VARIABLE_SCOPE_BEGIN|[139]|response_x|calculatorServices.doAddResponse|true|false
10:48:24.1 (5528286)|VARIABLE_ASSIGNMENT|[139]|response_x|null|
10:48:24.1 (5534309)|STATEMENT_EXECUTE|[140]
10:48:24.1 (5568927)|HEAP_ALLOCATE|[140]|Bytes:4
10:48:24.1 (5605779)|VARIABLE_SCOPE_BEGIN|[140]|response_map_x|Map<String,calculatorServices.doAddResponse>|true|false
10:48:24.1 (5626989)|VARIABLE_ASSIGNMENT|[140]|response_map_x|{}|0xd305446
10:48:24.1 (5633530)|STATEMENT_EXECUTE|[141]
10:48:24.1 (5637267)|HEAP_ALLOCATE|[141]|Bytes:10
10:48:24.1 (5680743)|HEAP_ALLOCATE|[EXTERNAL]|Bytes:-4
10:48:24.1 (5691395)|STATEMENT_EXECUTE|[142]
10:48:24.1 (5699095)|HEAP_ALLOCATE|[146]|Bytes:4
10:48:24.1 (5722234)|HEAP_ALLOCATE|[149]|Bytes:5
10:48:24.1 (5729555)|HEAP_ALLOCATE|[151]|Bytes:13
10:48:24.1 (5733506)|HEAP_ALLOCATE|[152]|Bytes:32
10:48:24.1 (5761563)|HEAP_ALLOCATE|[EXTERNAL]|Bytes:32
10:48:24.1 (290931188)|CALLOUT_REQUEST|[142]|<?xml version="1.0" encoding="UTF-8"?><env:Envelope xmlns:env="http://schemas.xmlsoap.org/soap/envelope/" xmlns:xsd="http://www.w3.org/2001/XMLSchema" xmlns:xsi="http://www.w3.org/2001/XMLSchema-instance"><env:Header /><env:Body><m:doAdd xmlns:m="http://calculator.services/"><arg0>1.0</arg0><arg1>2.0</arg1></m:doAdd></env:Body></env:Envelope>
10:48:24.1 (291041671)|CALLOUT_REQUEST|[142]|doAdd:[apex_schema_type_info=(http://calculator.services/, false, false), arg0=1.0, arg0_type_info=(arg0, http://calculator.services/, null, 0, 1, false), arg1=2.0, arg1_type_info=(arg1, http://calculator.services/, null, 0, 1, false), field_order_type_info=(arg0, arg1)]::SOAPAction="" Accept=text/xml User-Agent=SFDC-Callout/42.0 SFDC_STACK_DEPTH=1 Content-Type=text/xml; charset=UTF-8 
10:48:24.1 (433040388)|CALLOUT_RESPONSE|[142]|<soap:Envelope xmlns:soap="http://schemas.xmlsoap.org/soap/envelope/"><soap:Body><ns2:doAddResponse xmlns:ns2="http://calculator.services/"><return>3.0</return></ns2:doAddResponse></soap:Body></soap:Envelope>
10:48:24.1 (433437699)|HEAP_ALLOCATE|[142]|Bytes:20
10:48:24.1 (433461752)|VARIABLE_SCOPE_BEGIN|[26]|this|calculatorServices.doAddResponse|true|false
10:48:24.1 (433557879)|VARIABLE_ASSIGNMENT|[26]|this|{}|0x5cf8ff44
10:48:24.1 (433615730)|STATEMENT_EXECUTE|[26]
10:48:24.1 (433619724)|STATEMENT_EXECUTE|[27]
10:48:24.1 (433622156)|STATEMENT_EXECUTE|[28]
10:48:24.1 (433637865)|HEAP_ALLOCATE|[28]|Bytes:4
10:48:24.1 (433711607)|HEAP_ALLOCATE|[28]|Bytes:6
10:48:24.1 (433778433)|HEAP_ALLOCATE|[EXTERNAL]|Bytes:28
10:48:24.1 (433803020)|VARIABLE_ASSIGNMENT|[28]|this.return_x_type_info|"List of size 6 too large to display"|0x5cf8ff44
10:48:24.1 (433814003)|STATEMENT_EXECUTE|[29]
10:48:24.1 (433824620)|HEAP_ALLOCATE|[29]|Bytes:4
10:48:24.1 (433867621)|HEAP_ALLOCATE|[EXTERNAL]|Bytes:16
10:48:24.1 (433886634)|VARIABLE_ASSIGNMENT|[29]|this.apex_schema_type_info|["http://calculator.se (7 more) ...","false","false"]|0x5cf8ff44
10:48:24.1 (433896437)|STATEMENT_EXECUTE|[30]
10:48:24.1 (433904426)|HEAP_ALLOCATE|[30]|Bytes:4
10:48:24.1 (433925762)|HEAP_ALLOCATE|[30]|Bytes:8
10:48:24.1 (433946746)|HEAP_ALLOCATE|[EXTERNAL]|Bytes:8
10:48:24.1 (433956384)|VARIABLE_ASSIGNMENT|[30]|this.field_order_type_info|["return_x"]|0x5cf8ff44
10:48:24.1 (434017720)|HEAP_ALLOCATE|[142]|Bytes:12
10:48:24.1 (434023583)|HEAP_ALLOCATE|[142]|Bytes:20
10:48:24.1 (434066476)|VARIABLE_ASSIGNMENT|[142]|this.return_x|3.0|0x5cf8ff44
10:48:24.1 (434083536)|CALLOUT_RESPONSE|[142]|
10:48:24.1 (434195097)|STATEMENT_EXECUTE|[154]
10:48:24.1 (434266189)|VARIABLE_ASSIGNMENT|[154]|response_x|{"apex_schema_type_inf (1 more) ...":"0x7b4defcb","field_order_type_inf (1 more) ...":"0xcd006ae","return_x":3.0,"return_x_type_info":"0x11e263ab"}|0x5cf8ff44
10:48:24.1 (434275323)|STATEMENT_EXECUTE|[155]
10:48:24.1 (434285928)|METHOD_EXIT|[4]|01p1r000007Yosz|calculatorServices.CalculatorImplPort.doAdd(Double, Double)
10:48:24.1 (434297759)|SYSTEM_MODE_EXIT|false
10:48:24.1 (434317371)|VARIABLE_ASSIGNMENT|[4]|result|3.0
10:48:24.1 (434322654)|STATEMENT_EXECUTE|[5]
10:48:24.1 (434364507)|USER_DEBUG|[5]|DEBUG|3.0
10:48:24.435 (435865151)|CUMULATIVE_LIMIT_USAGE
10:48:24.435 (435865151)|LIMIT_USAGE_FOR_NS|(default)|
  Number of SOQL queries: 0 out of 100
  Number of query rows: 0 out of 50000
  Number of SOSL queries: 0 out of 20
  Number of DML statements: 0 out of 150
  Number of DML rows: 0 out of 10000
  Maximum CPU time: 0 out of 10000
  Maximum heap size: 0 out of 6000000
  Number of callouts: 1 out of 100
  Number of Email Invocations: 0 out of 10
  Number of future calls: 0 out of 50
  Number of queueable jobs added to the queue: 0 out of 50
  Number of Mobile Apex push calls: 0 out of 10

10:48:24.435 (435865151)|CUMULATIVE_LIMIT_USAGE_END

10:48:24.1 (435918772)|CODE_UNIT_FINISHED|execute_anonymous_apex
10:48:24.1 (437002025)|EXECUTION_FINISHED
