42.0 APEX_CODE,FINEST;APEX_PROFILING,INFO;CALLOUT,INFO;DB,INFO;SYSTEM,DEBUG;VALIDATION,INFO;VISUALFORCE,INFO;WAVE,INFO;WORKFLOW,INFO
17:03:11.0 (336397)|USER_INFO|[EXTERNAL]|0051r000007Oz5Q|lydia.abril@gmail.com|hora estándar de Europa central|GMT+02:00
17:03:11.0 (369308)|EXECUTION_STARTED
17:03:11.0 (373707)|CODE_UNIT_STARTED|[EXTERNAL]|0661r000002CSJO|VF: /apex/ContactView
17:03:11.5 (5842369)|CUMULATIVE_LIMIT_USAGE
17:03:11.5 (5842369)|LIMIT_USAGE_FOR_NS|(default)|
  Number of SOQL queries: 0 out of 100
  Number of query rows: 0 out of 50000
  Number of SOSL queries: 0 out of 20
  Number of DML statements: 0 out of 150
  Number of DML rows: 0 out of 10000
  Maximum CPU time: 0 out of 10000
  Maximum heap size: 0 out of 6000000
  Number of callouts: 0 out of 100
  Number of Email Invocations: 0 out of 10
  Number of future calls: 0 out of 50
  Number of queueable jobs added to the queue: 0 out of 50
  Number of Mobile Apex push calls: 0 out of 10

17:03:11.5 (5842369)|CUMULATIVE_LIMIT_USAGE_END

17:03:11.0 (5873155)|CODE_UNIT_FINISHED|VF: /apex/ContactView
17:03:11.0 (6635239)|EXECUTION_FINISHED
