36.0 APEX_CODE,FINEST;APEX_PROFILING,INFO;CALLOUT,INFO;DB,INFO;SYSTEM,DEBUG;VALIDATION,INFO;VISUALFORCE,INFO;WAVE,INFO;WORKFLOW,INFO
10:49:15.0 (84007)|USER_INFO|[EXTERNAL]|0051r000007Oz5Q|lydia.abril@gmail.com|hora estándar de Europa central|GMT+02:00
10:49:15.0 (138431)|EXECUTION_STARTED
10:49:15.0 (144402)|CODE_UNIT_STARTED|[EXTERNAL]|TRIGGERS
10:49:15.0 (925244)|CODE_UNIT_STARTED|[EXTERNAL]|01q1r000000j3dJ|PasajeroTrigger on Pasajero trigger event BeforeInsert
10:49:15.0 (967519)|HEAP_ALLOCATE|[EXTERNAL]|Bytes:8
10:49:15.0 (1317606)|HEAP_ALLOCATE|[72]|Bytes:3
10:49:15.0 (1348420)|HEAP_ALLOCATE|[77]|Bytes:152
10:49:15.0 (1362229)|HEAP_ALLOCATE|[342]|Bytes:408
10:49:15.0 (1375671)|HEAP_ALLOCATE|[355]|Bytes:408
10:49:15.0 (1386448)|HEAP_ALLOCATE|[467]|Bytes:48
10:49:15.0 (1410376)|HEAP_ALLOCATE|[139]|Bytes:6
10:49:15.0 (1431485)|HEAP_ALLOCATE|[EXTERNAL]|Bytes:8
10:49:15.0 (1438849)|VARIABLE_SCOPE_BEGIN|[1]|this|PasajeroTrigger|true|false
10:49:15.0 (1485053)|VARIABLE_ASSIGNMENT|[1]|this|{}|0x6af65d75
10:49:15.0 (1522714)|HEAP_ALLOCATE|[EXTERNAL]|Bytes:8
10:49:15.0 (1528622)|VARIABLE_SCOPE_BEGIN|[1]|this|PasajeroTrigger|true|false
10:49:15.0 (1540730)|VARIABLE_ASSIGNMENT|[1]|this|{}|0x6af65d75
10:49:15.0 (1552366)|STATEMENT_EXECUTE|[1]
10:49:15.0 (1554870)|STATEMENT_EXECUTE|[4]
10:49:15.0 (1583810)|HEAP_ALLOCATE|[50]|Bytes:5
10:49:15.0 (1602272)|HEAP_ALLOCATE|[56]|Bytes:5
10:49:15.0 (1610576)|HEAP_ALLOCATE|[64]|Bytes:7
10:49:15.0 (1965364)|VARIABLE_ASSIGNMENT|[4]|this.listNew|[{"IsDeleted":false,"Nombre_pasajero__c":"aaaaa","Edad__c":12,"Nif__c":"b1111111b","Reserva__c":"a001r00000oUEbDAAW","Name":"aaaaaa"}]|0x6af65d75
10:49:15.0 (1985245)|STATEMENT_EXECUTE|[7]
10:49:15.0 (1992534)|STATEMENT_EXECUTE|[8]
10:49:15.0 (1994370)|STATEMENT_EXECUTE|[9]
10:49:15.0 (2087393)|HEAP_ALLOCATE|[9]|Bytes:7
10:49:15.0 (2096199)|HEAP_ALLOCATE|[9]|Bytes:2
10:49:15.0 (2110922)|METHOD_ENTRY|[1]|01p1r000008Zry1|PasajeroMethods.PasajeroMethods()
10:49:15.0 (2120695)|STATEMENT_EXECUTE|[1]
10:49:15.0 (2125673)|STATEMENT_EXECUTE|[1]
10:49:15.0 (2486492)|SYSTEM_MODE_ENTER|false
10:49:15.0 (2499225)|HEAP_ALLOCATE|[9]|Bytes:5
10:49:15.0 (2507314)|SYSTEM_MODE_EXIT|false
10:49:15.0 (2517367)|METHOD_EXIT|[1]|PasajeroMethods
10:49:15.0 (2532386)|METHOD_ENTRY|[9]|01p1r000008Zry1|PasajeroMethods.ValidarNif(List<Pasajero__c>)
10:49:15.0 (2551026)|VARIABLE_SCOPE_BEGIN|[65]|listNew|List<Pasajero__c>|true|false
10:49:15.0 (2656309)|VARIABLE_ASSIGNMENT|[65]|listNew|[{"IsDeleted":false,"Nombre_pasajero__c":"aaaaa","Edad__c":12,"Nif__c":"b1111111b","Reserva__c":"a001r00000oUEbDAAW","Name":"aaaaaa"}]|0x21321573
10:49:15.0 (2675143)|SYSTEM_MODE_ENTER|false
10:49:15.0 (2681609)|HEAP_ALLOCATE|[67]|Bytes:5
10:49:15.0 (2688261)|STATEMENT_EXECUTE|[65]
10:49:15.0 (2742972)|STATEMENT_EXECUTE|[67]
10:49:15.0 (2745585)|STATEMENT_EXECUTE|[70]
10:49:15.0 (2748919)|HEAP_ALLOCATE|[70]|Bytes:30
10:49:15.0 (2764989)|HEAP_ALLOCATE|[70]|Bytes:4
10:49:15.0 (2940248)|SOQL_EXECUTE_BEGIN|[70]|Aggregations:0|SELECT Nif__c FROM Pasajero__c
10:49:15.0 (4962469)|SOQL_EXECUTE_END|[70]|Rows:3
10:49:15.0 (4986353)|HEAP_ALLOCATE|[70]|Bytes:16
10:49:15.0 (5006051)|HEAP_ALLOCATE|[70]|Bytes:144
10:49:15.0 (5040082)|HEAP_ALLOCATE|[70]|Bytes:16
10:49:15.0 (5054472)|VARIABLE_SCOPE_BEGIN|[70]|listPasajero|List<Pasajero__c>|true|false
10:49:15.0 (5078610)|VARIABLE_ASSIGNMENT|[70]|listPasajero|[{"Nif__c":"987654765","Id":"a021r00000dd60CAAQ"},{"Nif__c":"111222333","Id":"a021r00000dd5yHAAQ"},{"Nif__c":"111111111","Id":"a021r00000dd5xYAAQ"}]|0x666ef069
10:49:15.0 (5088555)|STATEMENT_EXECUTE|[72]
10:49:15.0 (5099619)|HEAP_ALLOCATE|[72]|Bytes:4
10:49:15.0 (5131265)|VARIABLE_SCOPE_BEGIN|[72]|listPasajeroNif|List<String>|true|false
10:49:15.0 (5155397)|HEAP_ALLOCATE|[EXTERNAL]|Bytes:4
10:49:15.0 (5165396)|VARIABLE_ASSIGNMENT|[72]|listPasajeroNif|[]|0xb830499
10:49:15.0 (5318835)|HEAP_ALLOCATE|[74]|Bytes:5
10:49:15.0 (5336345)|HEAP_ALLOCATE|[74]|Bytes:12
10:49:15.0 (5347330)|VARIABLE_SCOPE_BEGIN|[74]|inPasajero|Pasajero__c|true|false
10:49:15.0 (5366464)|VARIABLE_ASSIGNMENT|[74]|inPasajero|{"Nif__c":"987654765","Id":"a021r00000dd60CAAQ"}|0x6a2e0395
10:49:15.0 (5374382)|STATEMENT_EXECUTE|[74]
10:49:15.0 (5376334)|STATEMENT_EXECUTE|[75]
10:49:15.0 (5434387)|HEAP_ALLOCATE|[EXTERNAL]|Bytes:4
10:49:15.0 (5450368)|HEAP_ALLOCATE|[74]|Bytes:5
10:49:15.0 (5460831)|HEAP_ALLOCATE|[74]|Bytes:12
10:49:15.0 (5466834)|VARIABLE_SCOPE_BEGIN|[74]|inPasajero|Pasajero__c|true|false
10:49:15.0 (5479779)|VARIABLE_ASSIGNMENT|[74]|inPasajero|{"Nif__c":"111222333","Id":"a021r00000dd5yHAAQ"}|0x7b524b01
10:49:15.0 (5486673)|STATEMENT_EXECUTE|[74]
10:49:15.0 (5488379)|STATEMENT_EXECUTE|[75]
10:49:15.0 (5498711)|HEAP_ALLOCATE|[EXTERNAL]|Bytes:4
10:49:15.0 (5509037)|HEAP_ALLOCATE|[74]|Bytes:5
10:49:15.0 (5516805)|HEAP_ALLOCATE|[74]|Bytes:12
10:49:15.0 (5521509)|VARIABLE_SCOPE_BEGIN|[74]|inPasajero|Pasajero__c|true|false
10:49:15.0 (5531760)|VARIABLE_ASSIGNMENT|[74]|inPasajero|{"Nif__c":"111111111","Id":"a021r00000dd5xYAAQ"}|0x68662f3e
10:49:15.0 (5537758)|STATEMENT_EXECUTE|[74]
10:49:15.0 (5539446)|STATEMENT_EXECUTE|[75]
10:49:15.0 (5546842)|HEAP_ALLOCATE|[EXTERNAL]|Bytes:4
10:49:15.0 (5556192)|HEAP_ALLOCATE|[74]|Bytes:5
10:49:15.0 (5564932)|VARIABLE_ASSIGNMENT|[74]|inPasajero|null|
10:49:15.0 (5586728)|HEAP_ALLOCATE|[79]|Bytes:5
10:49:15.0 (5597895)|HEAP_ALLOCATE|[79]|Bytes:4
10:49:15.0 (5602703)|VARIABLE_SCOPE_BEGIN|[79]|inPasajero|Pasajero__c|true|false
10:49:15.0 (5750126)|VARIABLE_ASSIGNMENT|[79]|inPasajero|{"IsDeleted":false,"Nombre_pasajero__c":"aaaaa","Edad__c":12,"Nif__c":"b1111111b","Reserva__c":"a001r00000oUEbDAAW","Name":"aaaaaa"}|0x2fac9a52
10:49:15.0 (5759083)|STATEMENT_EXECUTE|[79]
10:49:15.0 (5800878)|STATEMENT_EXECUTE|[82]
10:49:15.0 (5803213)|STATEMENT_EXECUTE|[87]
10:49:15.0 (5844259)|HEAP_ALLOCATE|[87]|Bytes:8
10:49:15.0 (5856731)|VARIABLE_SCOPE_BEGIN|[87]|numerosNif|String|false|false
10:49:15.0 (5867221)|VARIABLE_ASSIGNMENT|[87]|numerosNif|"b1111111"
10:49:15.0 (5894692)|STATEMENT_EXECUTE|[89]
10:49:15.0 (5897004)|STATEMENT_EXECUTE|[90]
10:49:15.0 (5900511)|HEAP_ALLOCATE|[90]|Bytes:22
10:49:15.0 (5954607)|STATEMENT_EXECUTE|[94]
10:49:15.0 (5977124)|VARIABLE_SCOPE_BEGIN|[94]|letraNif|String|false|false
10:49:15.0 (5987761)|VARIABLE_ASSIGNMENT|[94]|letraNif|""
10:49:15.0 (6011591)|STATEMENT_EXECUTE|[96]
10:49:15.0 (6014347)|STATEMENT_EXECUTE|[97]
10:49:15.0 (6017082)|HEAP_ALLOCATE|[97]|Bytes:21
10:49:15.0 (6052564)|HEAP_ALLOCATE|[79]|Bytes:5
10:49:15.0 (6064704)|VARIABLE_ASSIGNMENT|[79]|inPasajero|null|
10:49:15.0 (6072815)|SYSTEM_MODE_EXIT|false
10:49:15.0 (6082828)|METHOD_EXIT|[9]|01p1r000008Zry1|PasajeroMethods.ValidarNif(List<Pasajero__c>)
10:49:15.0 (6089369)|STATEMENT_EXECUTE|[10]
10:49:15.0 (6102273)|METHOD_ENTRY|[10]|01p1r000008Zry1|PasajeroMethods.RellenarContacto(List<Pasajero__c>)
10:49:15.0 (6116582)|VARIABLE_SCOPE_BEGIN|[33]|listPasajeros|List<Pasajero__c>|true|false
10:49:15.0 (6213108)|VARIABLE_ASSIGNMENT|[33]|listPasajeros|[{"IsDeleted":false,"Nombre_pasajero__c":"aaaaa","Edad__c":12,"Nif__c":"b1111111b","Reserva__c":"a001r00000oUEbDAAW","Name":"aaaaaa"}]|0x21321573
10:49:15.0 (6232527)|SYSTEM_MODE_ENTER|false
10:49:15.0 (6238999)|HEAP_ALLOCATE|[35]|Bytes:5
10:49:15.0 (6245258)|STATEMENT_EXECUTE|[33]
10:49:15.0 (6266664)|STATEMENT_EXECUTE|[35]
10:49:15.0 (6268858)|STATEMENT_EXECUTE|[38]
10:49:15.0 (6276976)|HEAP_ALLOCATE|[38]|Bytes:4
10:49:15.0 (6302074)|VARIABLE_SCOPE_BEGIN|[38]|listNifs|List<String>|true|false
10:49:15.0 (6321996)|HEAP_ALLOCATE|[EXTERNAL]|Bytes:4
10:49:15.0 (6330765)|VARIABLE_ASSIGNMENT|[38]|listNifs|[]|0x4e94f6fa
10:49:15.0 (6356319)|HEAP_ALLOCATE|[40]|Bytes:5
10:49:15.0 (6368420)|HEAP_ALLOCATE|[40]|Bytes:4
10:49:15.0 (6375174)|VARIABLE_SCOPE_BEGIN|[40]|inPasajero|Pasajero__c|true|false
10:49:15.0 (6461705)|VARIABLE_ASSIGNMENT|[40]|inPasajero|{"IsDeleted":false,"Nombre_pasajero__c":"aaaaa","Edad__c":12,"Nif__c":"b1111111b","Reserva__c":"a001r00000oUEbDAAW","Name":"aaaaaa"}|0x2fac9a52
10:49:15.0 (6470103)|STATEMENT_EXECUTE|[40]
10:49:15.0 (6471942)|STATEMENT_EXECUTE|[41]
10:49:15.0 (6497394)|HEAP_ALLOCATE|[EXTERNAL]|Bytes:4
10:49:15.0 (6506129)|STATEMENT_EXECUTE|[43]
10:49:15.0 (6536816)|USER_DEBUG|[43]|DEBUG|b1111111b
10:49:15.0 (6551375)|HEAP_ALLOCATE|[40]|Bytes:5
10:49:15.0 (6563629)|VARIABLE_ASSIGNMENT|[40]|inPasajero|null|
10:49:15.0 (6570789)|SYSTEM_MODE_EXIT|false
10:49:15.0 (6578708)|METHOD_EXIT|[10]|01p1r000008Zry1|PasajeroMethods.RellenarContacto(List<Pasajero__c>)
10:49:15.6 (6590171)|CUMULATIVE_LIMIT_USAGE
10:49:15.6 (6590171)|LIMIT_USAGE_FOR_NS|(default)|
  Number of SOQL queries: 1 out of 100
  Number of query rows: 3 out of 50000
  Number of SOSL queries: 0 out of 20
  Number of DML statements: 0 out of 150
  Number of DML rows: 0 out of 10000
  Maximum CPU time: 0 out of 10000
  Maximum heap size: 0 out of 6000000
  Number of callouts: 0 out of 100
  Number of Email Invocations: 0 out of 10
  Number of future calls: 0 out of 50
  Number of queueable jobs added to the queue: 0 out of 50
  Number of Mobile Apex push calls: 0 out of 10

10:49:15.6 (6590171)|CUMULATIVE_LIMIT_USAGE_END

10:49:15.0 (7774297)|CODE_UNIT_FINISHED|PasajeroTrigger on Pasajero trigger event BeforeInsert
10:49:15.0 (15210319)|CODE_UNIT_FINISHED|TRIGGERS
10:49:15.0 (15231728)|EXECUTION_FINISHED
