36.0 APEX_CODE,FINEST;APEX_PROFILING,INFO;CALLOUT,INFO;DB,INFO;SYSTEM,DEBUG;VALIDATION,INFO;VISUALFORCE,INFO;WAVE,INFO;WORKFLOW,INFO
13:40:38.0 (362396)|USER_INFO|[EXTERNAL]|0051r000007Oz5Q|lydia.abril@gmail.com|hora estándar de Europa central|GMT+02:00
13:40:38.0 (423961)|EXECUTION_STARTED
13:40:38.0 (430662)|CODE_UNIT_STARTED|[EXTERNAL]|01p1r000008aN28|PasajeroTest.RellenarContactoTest
13:40:38.0 (683344)|HEAP_ALLOCATE|[72]|Bytes:3
13:40:38.0 (728453)|HEAP_ALLOCATE|[77]|Bytes:152
13:40:38.0 (745121)|HEAP_ALLOCATE|[342]|Bytes:408
13:40:38.0 (760485)|HEAP_ALLOCATE|[355]|Bytes:408
13:40:38.0 (774083)|HEAP_ALLOCATE|[467]|Bytes:48
13:40:38.0 (801587)|HEAP_ALLOCATE|[139]|Bytes:6
13:40:38.0 (815853)|HEAP_ALLOCATE|[EXTERNAL]|Bytes:143
13:40:38.0 (833980)|METHOD_ENTRY|[2]|01p1r000008aN28|PasajeroTest.PasajeroTest()
13:40:38.0 (842097)|STATEMENT_EXECUTE|[2]
13:40:38.0 (847471)|STATEMENT_EXECUTE|[2]
13:40:38.0 (851857)|METHOD_EXIT|[2]|PasajeroTest
13:40:38.0 (1021372)|HEAP_ALLOCATE|[50]|Bytes:5
13:40:38.0 (1046879)|HEAP_ALLOCATE|[56]|Bytes:5
13:40:38.0 (1055726)|HEAP_ALLOCATE|[64]|Bytes:7
13:40:38.0 (1097641)|STATEMENT_EXECUTE|[4]
13:40:38.0 (1099992)|STATEMENT_EXECUTE|[6]
13:40:38.0 (1147511)|HEAP_ALLOCATE|[6]|Bytes:4
13:40:38.0 (1228539)|HEAP_ALLOCATE|[6]|Bytes:13
13:40:38.0 (1276876)|VARIABLE_ASSIGNMENT|[6]|this.Name|"CuentaPrueba0"|0x3b1cbf29
13:40:38.0 (1308591)|VARIABLE_SCOPE_BEGIN|[6]|oAccount|Account|true|false
13:40:38.0 (1329055)|VARIABLE_ASSIGNMENT|[6]|oAccount|{"Name":"CuentaPrueba0"}|0x3b1cbf29
13:40:38.0 (1335640)|STATEMENT_EXECUTE|[7]
13:40:38.0 (1358442)|HEAP_ALLOCATE|[7]|Bytes:8
13:40:38.0 (1369687)|DML_BEGIN|[7]|Op:Insert|Type:Account|Rows:1
13:40:38.0 (1400856)|HEAP_ALLOCATE|[EXTERNAL]|Bytes:8
13:40:38.0 (10102232)|CODE_UNIT_STARTED|[EXTERNAL]|DuplicateDetector
13:40:38.0 (10119329)|DUPLICATE_DETECTION_BEGIN
13:40:38.0 (10640117)|DUPLICATE_DETECTION_RULE_INVOCATION|DuplicateRuleId:0Bm1r0000018X88|DuplicateRuleName:Standard Account Duplicate Rule|DmlType:INSERT
13:40:38.0 (31603520)|DUPLICATE_DETECTION_MATCH_INVOCATION_DETAILS|EntityType:Account|ActionTaken:Allow_[Alert,Report]|DuplicateRecordIds:
13:40:38.0 (31625563)|DUPLICATE_DETECTION_MATCH_INVOCATION_SUMMARY|EntityType:Account|NumRecordsToBeSaved:1|NumRecordsToBeSavedWithDuplicates:0|NumDuplicateRecordsFound:0
13:40:38.0 (31730985)|DUPLICATE_DETECTION_END
13:40:38.0 (31737917)|CODE_UNIT_FINISHED|DuplicateDetector
13:40:38.0 (75418373)|DML_END|[7]
13:40:38.0 (75459185)|STATEMENT_EXECUTE|[9]
13:40:38.0 (75523907)|HEAP_ALLOCATE|[9]|Bytes:4
13:40:38.0 (75641343)|HEAP_ALLOCATE|[9]|Bytes:15
13:40:38.0 (75692999)|VARIABLE_ASSIGNMENT|[9]|this.LastName|"ContactoPrueba0"|0x6fe2b95c
13:40:38.0 (75701162)|HEAP_ALLOCATE|[9]|Bytes:9
13:40:38.0 (75719495)|VARIABLE_ASSIGNMENT|[9]|this.Nif__c|"12345678B"|0x6fe2b95c
13:40:38.0 (75765477)|VARIABLE_ASSIGNMENT|[9]|this.AccountId|"0011r00001mxdeTAAQ"|0x6fe2b95c
13:40:38.0 (75803912)|VARIABLE_SCOPE_BEGIN|[9]|oContact|Contact|true|false
13:40:38.0 (75828916)|VARIABLE_ASSIGNMENT|[9]|oContact|{"LastName":"ContactoPrueba0","Nif__c":"12345678B","AccountId":"0011r00001mxdeTAAQ"}|0x6fe2b95c
13:40:38.0 (75837446)|STATEMENT_EXECUTE|[10]
13:40:38.0 (75863529)|HEAP_ALLOCATE|[10]|Bytes:8
13:40:38.0 (75874706)|DML_BEGIN|[10]|Op:Insert|Type:Contact|Rows:1
13:40:38.0 (75913861)|HEAP_ALLOCATE|[EXTERNAL]|Bytes:8
13:40:38.0 (82818456)|CODE_UNIT_STARTED|[EXTERNAL]|01q1r000000j4Bx|ContactTrigger on Contact trigger event BeforeInsert
13:40:38.0 (82853160)|HEAP_ALLOCATE|[EXTERNAL]|Bytes:8
13:40:38.0 (83006815)|HEAP_ALLOCATE|[EXTERNAL]|Bytes:8
13:40:38.0 (83019714)|VARIABLE_SCOPE_BEGIN|[1]|this|ContactTrigger|true|false
13:40:38.0 (83076869)|VARIABLE_ASSIGNMENT|[1]|this|{}|0x6ca05f88
13:40:38.0 (83131696)|HEAP_ALLOCATE|[EXTERNAL]|Bytes:8
13:40:38.0 (83140729)|VARIABLE_SCOPE_BEGIN|[1]|this|ContactTrigger|true|false
13:40:38.0 (83154871)|VARIABLE_ASSIGNMENT|[1]|this|{}|0x6ca05f88
13:40:38.0 (83163306)|STATEMENT_EXECUTE|[1]
13:40:38.0 (83165567)|STATEMENT_EXECUTE|[3]
13:40:38.0 (83573116)|VARIABLE_ASSIGNMENT|[3]|this.listNew|[{"IsDeleted":false,"AccountId":"0011r00001mxdeTAAQ","IsEmailBounced":false,"CleanStatus":"Pending","DoNotCall":false,"OwnerId":"0051r000007Oz5QAAS","HasOptedOutOfEmail":false,"HasOptedOutOfFax":false,"Nif__c":"12345678B","LastName":"ContactoPrueba0"}]|0x6ca05f88
13:40:38.0 (83596959)|STATEMENT_EXECUTE|[5]
13:40:38.0 (83605580)|STATEMENT_EXECUTE|[6]
13:40:38.0 (83607455)|STATEMENT_EXECUTE|[7]
13:40:38.0 (84885855)|HEAP_ALLOCATE|[7]|Bytes:1
13:40:38.0 (84927193)|METHOD_ENTRY|[1]|01p1r000008aKc5|ContactMethods.ContactMethods()
13:40:38.0 (84934631)|STATEMENT_EXECUTE|[1]
13:40:38.0 (84939557)|STATEMENT_EXECUTE|[1]
13:40:38.0 (85290523)|SYSTEM_MODE_ENTER|false
13:40:38.0 (85306778)|HEAP_ALLOCATE|[7]|Bytes:5
13:40:38.0 (85316232)|SYSTEM_MODE_EXIT|false
13:40:38.0 (85326945)|METHOD_EXIT|[1]|ContactMethods
13:40:38.0 (85350987)|METHOD_ENTRY|[7]|01p1r000008aKc5|ContactMethods.ValidarNif(List<Contact>)
13:40:38.0 (85378080)|VARIABLE_SCOPE_BEGIN|[3]|listNew|List<Contact>|true|false
13:40:38.0 (85596733)|VARIABLE_ASSIGNMENT|[3]|listNew|[{"IsDeleted":false,"AccountId":"0011r00001mxdeTAAQ","IsEmailBounced":false,"CleanStatus":"Pending","DoNotCall":false,"OwnerId":"0051r000007Oz5QAAS","HasOptedOutOfEmail":false,"HasOptedOutOfFax":false,"Nif__c":"12345678B","LastName":"ContactoPrueba0"}]|0xd7dd7e2
13:40:38.0 (85630170)|SYSTEM_MODE_ENTER|false
13:40:38.0 (85637688)|HEAP_ALLOCATE|[5]|Bytes:5
13:40:38.0 (85643667)|STATEMENT_EXECUTE|[3]
13:40:38.0 (85730520)|STATEMENT_EXECUTE|[5]
13:40:38.0 (85733121)|STATEMENT_EXECUTE|[8]
13:40:38.0 (85736747)|HEAP_ALLOCATE|[8]|Bytes:26
13:40:38.0 (85755450)|HEAP_ALLOCATE|[8]|Bytes:4
13:40:38.0 (85864876)|SOQL_EXECUTE_BEGIN|[8]|Aggregations:0|SELECT Nif__c FROM Contact
13:40:38.0 (89459809)|SOQL_EXECUTE_END|[8]|Rows:0
13:40:38.0 (89481734)|HEAP_ALLOCATE|[8]|Bytes:4
13:40:38.0 (89492358)|HEAP_ALLOCATE|[8]|Bytes:0
13:40:38.0 (89523019)|HEAP_ALLOCATE|[8]|Bytes:4
13:40:38.0 (89533090)|VARIABLE_SCOPE_BEGIN|[8]|listContact|List<Contact>|true|false
13:40:38.0 (89547484)|VARIABLE_ASSIGNMENT|[8]|listContact|[]|0x2fa16a59
13:40:38.0 (89554613)|STATEMENT_EXECUTE|[10]
13:40:38.0 (89567091)|HEAP_ALLOCATE|[10]|Bytes:4
13:40:38.0 (89596374)|VARIABLE_SCOPE_BEGIN|[10]|listContactNif|List<String>|true|false
13:40:38.0 (89620256)|HEAP_ALLOCATE|[EXTERNAL]|Bytes:4
13:40:38.0 (89629572)|VARIABLE_ASSIGNMENT|[10]|listContactNif|[]|0x7c7bbda5
13:40:38.0 (89773843)|HEAP_ALLOCATE|[12]|Bytes:5
13:40:38.0 (89790972)|VARIABLE_ASSIGNMENT|[12]|inContact|null|
13:40:38.0 (89798106)|STATEMENT_EXECUTE|[12]
13:40:38.0 (89819993)|HEAP_ALLOCATE|[17]|Bytes:5
13:40:38.0 (89835339)|HEAP_ALLOCATE|[17]|Bytes:4
13:40:38.0 (89843629)|VARIABLE_SCOPE_BEGIN|[17]|inContact|Contact|true|false
13:40:38.0 (90077018)|VARIABLE_ASSIGNMENT|[17]|inContact|{"IsDeleted":false,"AccountId":"0011r00001mxdeTAAQ","IsEmailBounced":false,"CleanStatus":"Pending","DoNotCall":false,"OwnerId":"0051r000007Oz5QAAS","HasOptedOutOfEmail":false,"HasOptedOutOfFax":false,"Nif__c":"12345678B","LastName":"ContactoPrueba0"}|0x4558b5f1
13:40:38.0 (90088815)|STATEMENT_EXECUTE|[17]
13:40:38.0 (90090826)|STATEMENT_EXECUTE|[19]
13:40:38.0 (90151088)|HEAP_ALLOCATE|[19]|Bytes:8
13:40:38.0 (90164897)|VARIABLE_SCOPE_BEGIN|[19]|numerosNif|String|false|false
13:40:38.0 (90175959)|VARIABLE_ASSIGNMENT|[19]|numerosNif|"12345678"
13:40:38.0 (90180969)|STATEMENT_EXECUTE|[21]
13:40:38.0 (90211317)|HEAP_ALLOCATE|[21]|Bytes:1
13:40:38.0 (90228235)|VARIABLE_SCOPE_BEGIN|[21]|letraNif|String|false|false
13:40:38.0 (90239058)|VARIABLE_ASSIGNMENT|[21]|letraNif|"B"
13:40:38.0 (90323811)|STATEMENT_EXECUTE|[23]
13:40:38.0 (90334945)|HEAP_ALLOCATE|[17]|Bytes:5
13:40:38.0 (90348018)|VARIABLE_ASSIGNMENT|[17]|inContact|null|
13:40:38.0 (90355379)|SYSTEM_MODE_EXIT|false
13:40:38.0 (90363841)|METHOD_EXIT|[7]|01p1r000008aKc5|ContactMethods.ValidarNif(List<Contact>)
13:40:38.90 (90373660)|CUMULATIVE_LIMIT_USAGE
13:40:38.90 (90373660)|LIMIT_USAGE_FOR_NS|(default)|
  Number of SOQL queries: 1 out of 100
  Number of query rows: 0 out of 50000
  Number of SOSL queries: 0 out of 20
  Number of DML statements: 2 out of 150
  Number of DML rows: 2 out of 10000
  Maximum CPU time: 0 out of 10000
  Maximum heap size: 0 out of 6000000
  Number of callouts: 0 out of 100
  Number of Email Invocations: 0 out of 10
  Number of future calls: 0 out of 50
  Number of queueable jobs added to the queue: 0 out of 50
  Number of Mobile Apex push calls: 0 out of 10

13:40:38.90 (90373660)|CUMULATIVE_LIMIT_USAGE_END

13:40:38.0 (91481711)|CODE_UNIT_FINISHED|ContactTrigger on Contact trigger event BeforeInsert
13:40:38.0 (95442426)|CODE_UNIT_STARTED|[EXTERNAL]|DuplicateDetector
13:40:38.0 (95457359)|DUPLICATE_DETECTION_BEGIN
13:40:38.0 (95523945)|DUPLICATE_DETECTION_RULE_INVOCATION|DuplicateRuleId:0Bm1r0000018X89|DuplicateRuleName:Standard Contact Duplicate Rule|DmlType:INSERT
13:40:38.0 (118601253)|DUPLICATE_DETECTION_MATCH_INVOCATION_DETAILS|EntityType:Contact|ActionTaken:Allow_[Alert,Report]|DuplicateRecordIds:
13:40:38.0 (118622845)|DUPLICATE_DETECTION_MATCH_INVOCATION_SUMMARY|EntityType:Contact|NumRecordsToBeSaved:1|NumRecordsToBeSavedWithDuplicates:0|NumDuplicateRecordsFound:0
13:40:38.0 (118636933)|DUPLICATE_DETECTION_MATCH_INVOCATION_DETAILS|EntityType:Contact|ActionTaken:Allow_[Alert,Report]|DuplicateRecordIds:
13:40:38.0 (118644143)|DUPLICATE_DETECTION_MATCH_INVOCATION_SUMMARY|EntityType:Contact|NumRecordsToBeSaved:1|NumRecordsToBeSavedWithDuplicates:0|NumDuplicateRecordsFound:0
13:40:38.0 (118765778)|DUPLICATE_DETECTION_END
13:40:38.0 (118771350)|CODE_UNIT_FINISHED|DuplicateDetector
13:40:38.0 (135185352)|DML_END|[10]
13:40:38.0 (135219736)|STATEMENT_EXECUTE|[12]
13:40:38.0 (135284321)|HEAP_ALLOCATE|[12]|Bytes:4
13:40:38.0 (135397130)|HEAP_ALLOCATE|[12]|Bytes:14
13:40:38.0 (135448977)|VARIABLE_ASSIGNMENT|[12]|this.Name|"ReservaPrueba0"|0x38a103c6
13:40:38.0 (135458284)|HEAP_ALLOCATE|[13]|Bytes:6
13:40:38.0 (135477747)|VARIABLE_ASSIGNMENT|[12]|this.Origen__c|"Madrid"|0x38a103c6
13:40:38.0 (135484561)|HEAP_ALLOCATE|[14]|Bytes:4
13:40:38.0 (135503922)|VARIABLE_ASSIGNMENT|[12]|this.Destino__c|"Roma"|0x38a103c6
13:40:38.0 (135510902)|HEAP_ALLOCATE|[15]|Bytes:7
13:40:38.0 (135524117)|VARIABLE_ASSIGNMENT|[12]|this.Case__c|"Turista"|0x38a103c6
13:40:38.0 (135570923)|VARIABLE_ASSIGNMENT|[12]|this.Contacto__c|"0031r000024iUBwAAM"|0x38a103c6
13:40:38.0 (135628990)|HEAP_ALLOCATE|[17]|Bytes:4
13:40:38.0 (135686060)|HEAP_ALLOCATE|[17]|Bytes:56
13:40:38.0 (135731863)|VARIABLE_ASSIGNMENT|[12]|this.Fecha_Salida__c|"2019-01-10T23:00:00.000Z"|0x38a103c6
13:40:38.0 (135740255)|HEAP_ALLOCATE|[18]|Bytes:4
13:40:38.0 (135755437)|VARIABLE_ASSIGNMENT|[12]|this.Observaciones__c|"Nada"|0x38a103c6
13:40:38.0 (135787563)|VARIABLE_SCOPE_BEGIN|[12]|oReserva|Reserva_Vuelo__c|true|false
13:40:38.0 (135818157)|VARIABLE_ASSIGNMENT|[12]|oReserva|{"Name":"ReservaPrueba0","Origen__c":"Madrid","Destino__c":"Roma","Case__c":"Turista","Contacto__c":"0031r000024iUBwAAM","Fecha_Salida__c":"2019-01-10T23:00:00.000Z","Observaciones__c":"Nada"}|0x38a103c6
13:40:38.0 (135827446)|STATEMENT_EXECUTE|[20]
13:40:38.0 (135845083)|HEAP_ALLOCATE|[20]|Bytes:8
13:40:38.0 (135855735)|DML_BEGIN|[20]|Op:Insert|Type:Reserva_Vuelo__c|Rows:1
13:40:38.0 (135896456)|HEAP_ALLOCATE|[EXTERNAL]|Bytes:8
13:40:38.0 (140580647)|CODE_UNIT_STARTED|[EXTERNAL]|01q1r000000isRT|ReservaVueloTrigger on Reserva_Vuelo trigger event BeforeInsert
13:40:38.0 (140615481)|HEAP_ALLOCATE|[EXTERNAL]|Bytes:8
13:40:38.0 (140744256)|HEAP_ALLOCATE|[EXTERNAL]|Bytes:12
13:40:38.0 (140766018)|VARIABLE_SCOPE_BEGIN|[1]|this|ReservaVueloTrigger|true|false
13:40:38.0 (140825055)|VARIABLE_ASSIGNMENT|[1]|this|{}|0x44648e59
13:40:38.0 (140882767)|HEAP_ALLOCATE|[EXTERNAL]|Bytes:12
13:40:38.0 (140954705)|VARIABLE_SCOPE_BEGIN|[1]|this|ReservaVueloTrigger|true|false
13:40:38.0 (140971977)|VARIABLE_ASSIGNMENT|[1]|this|{}|0x44648e59
13:40:38.0 (140980735)|STATEMENT_EXECUTE|[1]
13:40:38.0 (140982919)|STATEMENT_EXECUTE|[4]
13:40:38.0 (141234965)|VARIABLE_ASSIGNMENT|[4]|this.listNew|[{"Contacto__c":"0031r000024iUBwAAM","Origen__c":"Madrid","Destino__c":"Roma","IsDeleted":false,"Fecha_Salida__c":"2019-01-10T23:00:00.000Z","OwnerId":"0051r000007Oz5QAAS","Observaciones__c":"Nada","Case__c":"Turista","Modificado__c":false,"Name":"ReservaPrueba0"}]|0x44648e59
13:40:38.0 (141248268)|STATEMENT_EXECUTE|[7]
13:40:38.0 (141265690)|VARIABLE_ASSIGNMENT|[7]|this.mapOld|null|0x44648e59
13:40:38.0 (141276371)|STATEMENT_EXECUTE|[10]
13:40:38.0 (141281161)|STATEMENT_EXECUTE|[11]
13:40:38.0 (141282818)|STATEMENT_EXECUTE|[12]
13:40:38.0 (142601591)|HEAP_ALLOCATE|[12]|Bytes:4
13:40:38.0 (142624660)|METHOD_ENTRY|[1]|01p1r000007Yidp|ReservaVueloMethods.ReservaVueloMethods()
13:40:38.0 (142631990)|STATEMENT_EXECUTE|[1]
13:40:38.0 (142636597)|STATEMENT_EXECUTE|[1]
13:40:38.0 (143010021)|SYSTEM_MODE_ENTER|false
13:40:38.0 (143023042)|HEAP_ALLOCATE|[12]|Bytes:5
13:40:38.0 (143033228)|SYSTEM_MODE_EXIT|false
13:40:38.0 (143044596)|METHOD_EXIT|[1]|ReservaVueloMethods
13:40:38.0 (143069345)|METHOD_ENTRY|[12]|01p1r000007Yidp|ReservaVueloMethods.RellenarCuenta(List<Reserva_Vuelo__c>)
13:40:38.0 (143095844)|VARIABLE_SCOPE_BEGIN|[4]|listReservas|List<Reserva_Vuelo__c>|true|false
13:40:38.0 (143208410)|VARIABLE_ASSIGNMENT|[4]|listReservas|[{"Contacto__c":"0031r000024iUBwAAM","Origen__c":"Madrid","Destino__c":"Roma","IsDeleted":false,"Fecha_Salida__c":"2019-01-10T23:00:00.000Z","OwnerId":"0051r000007Oz5QAAS","Observaciones__c":"Nada","Case__c":"Turista","Modificado__c":false,"Name":"ReservaPrueba0"}]|0x7aa14830
13:40:38.0 (143242378)|SYSTEM_MODE_ENTER|false
13:40:38.0 (143249166)|HEAP_ALLOCATE|[6]|Bytes:5
13:40:38.0 (143255324)|STATEMENT_EXECUTE|[4]
13:40:38.0 (143343664)|STATEMENT_EXECUTE|[6]
13:40:38.0 (143346069)|STATEMENT_EXECUTE|[9]
13:40:38.0 (143361015)|HEAP_ALLOCATE|[9]|Bytes:4
13:40:38.0 (143396490)|VARIABLE_SCOPE_BEGIN|[9]|listContactosIds|Set<String>|true|false
13:40:38.0 (143422841)|VARIABLE_ASSIGNMENT|[9]|listContactosIds|[]|0x62c4d737
13:40:38.0 (143545527)|HEAP_ALLOCATE|[10]|Bytes:5
13:40:38.0 (143565785)|HEAP_ALLOCATE|[10]|Bytes:4
13:40:38.0 (143573889)|VARIABLE_SCOPE_BEGIN|[10]|inReserva|Reserva_Vuelo__c|true|false
13:40:38.0 (143697258)|VARIABLE_ASSIGNMENT|[10]|inReserva|{"Contacto__c":"0031r000024iUBwAAM","Origen__c":"Madrid","Destino__c":"Roma","IsDeleted":false,"Fecha_Salida__c":"2019-01-10T23:00:00.000Z","OwnerId":"0051r000007Oz5QAAS","Observaciones__c":"Nada","Case__c":"Turista","Modificado__c":false,"Name":"ReservaPrueba0"}|0x32f221ff
13:40:38.0 (143709197)|STATEMENT_EXECUTE|[10]
13:40:38.0 (143711316)|STATEMENT_EXECUTE|[11]
13:40:38.0 (143772612)|HEAP_ALLOCATE|[EXTERNAL]|Bytes:4
13:40:38.0 (143791468)|HEAP_ALLOCATE|[10]|Bytes:5
13:40:38.0 (143804011)|VARIABLE_ASSIGNMENT|[10]|inReserva|null|
13:40:38.0 (143809999)|STATEMENT_EXECUTE|[23]
13:40:38.0 (143846240)|HEAP_ALLOCATE|[23]|Bytes:4
13:40:38.0 (143852711)|HEAP_ALLOCATE|[23]|Bytes:49
13:40:38.0 (143860416)|HEAP_ALLOCATE|[23]|Bytes:4
13:40:38.0 (143867302)|HEAP_ALLOCATE|[23]|Bytes:7
13:40:38.0 (143898465)|HEAP_ALLOCATE|[23]|Bytes:8
13:40:38.0 (143906472)|HEAP_ALLOCATE|[23]|Bytes:8
13:40:38.0 (144088604)|SOQL_EXECUTE_BEGIN|[23]|Aggregations:0|SELECT AccountId FROM Contact WHERE id = :tmpVar1
13:40:38.0 (147301254)|SOQL_EXECUTE_END|[23]|Rows:1
13:40:38.0 (147322956)|HEAP_ALLOCATE|[23]|Bytes:8
13:40:38.0 (147339061)|HEAP_ALLOCATE|[23]|Bytes:60
13:40:38.0 (147367579)|HEAP_ALLOCATE|[23]|Bytes:8
13:40:38.0 (147406091)|HEAP_ALLOCATE|[23]|Bytes:12
13:40:38.0 (147416362)|HEAP_ALLOCATE|[23]|Bytes:18
13:40:38.0 (147427710)|VARIABLE_SCOPE_BEGIN|[23]|contactos|Map<String,Contact>|true|false
13:40:38.0 (147458715)|VARIABLE_ASSIGNMENT|[23]|contactos|{"0031r000024iUBwAAM":{"AccountId":"0011r00001mxdeTAAQ","Id":"0031r000024iUBwAAM"}}|0x7f4b019e
13:40:38.0 (147506173)|HEAP_ALLOCATE|[26]|Bytes:5
13:40:38.0 (147520442)|HEAP_ALLOCATE|[26]|Bytes:4
13:40:38.0 (147527803)|VARIABLE_SCOPE_BEGIN|[26]|inReserva|Reserva_Vuelo__c|true|false
13:40:38.0 (147639902)|VARIABLE_ASSIGNMENT|[26]|inReserva|{"Contacto__c":"0031r000024iUBwAAM","Origen__c":"Madrid","Destino__c":"Roma","IsDeleted":false,"Fecha_Salida__c":"2019-01-10T23:00:00.000Z","OwnerId":"0051r000007Oz5QAAS","Observaciones__c":"Nada","Case__c":"Turista","Modificado__c":false,"Name":"ReservaPrueba0"}|0x32f221ff
13:40:38.0 (147651955)|STATEMENT_EXECUTE|[26]
13:40:38.0 (147654733)|STATEMENT_EXECUTE|[27]
13:40:38.0 (147835550)|VARIABLE_ASSIGNMENT|[27]|this.Cuenta__c|"0011r00001mxdeTAAQ"|0x32f221ff
13:40:38.0 (147854158)|HEAP_ALLOCATE|[26]|Bytes:5
13:40:38.0 (147867687)|VARIABLE_ASSIGNMENT|[26]|inReserva|null|
13:40:38.0 (147875077)|SYSTEM_MODE_EXIT|false
13:40:38.0 (147885327)|METHOD_EXIT|[12]|01p1r000007Yidp|ReservaVueloMethods.RellenarCuenta(List<Reserva_Vuelo__c>)
13:40:38.0 (147900404)|STATEMENT_EXECUTE|[14]
13:40:38.147 (147908279)|CUMULATIVE_LIMIT_USAGE
13:40:38.147 (147908279)|LIMIT_USAGE_FOR_NS|(default)|
  Number of SOQL queries: 2 out of 100
  Number of query rows: 1 out of 50000
  Number of SOSL queries: 0 out of 20
  Number of DML statements: 3 out of 150
  Number of DML rows: 3 out of 10000
  Maximum CPU time: 0 out of 10000
  Maximum heap size: 0 out of 6000000
  Number of callouts: 0 out of 100
  Number of Email Invocations: 0 out of 10
  Number of future calls: 0 out of 50
  Number of queueable jobs added to the queue: 0 out of 50
  Number of Mobile Apex push calls: 0 out of 10

13:40:38.147 (147908279)|CUMULATIVE_LIMIT_USAGE_END

13:40:38.0 (149057979)|CODE_UNIT_FINISHED|ReservaVueloTrigger on Reserva_Vuelo trigger event BeforeInsert
13:40:38.0 (152101472)|CODE_UNIT_STARTED|[EXTERNAL]|Validation:Reserva_Vuelo:new
13:40:38.0 (152119636)|VALIDATION_RULE|03d1r0000006A1e|DiferentesCampos
13:40:38.0 (152414937)|VALIDATION_FORMULA|TEXT(Origen__c)  =  TEXT(Destino__c)|Destino__c=Roma , Origen__c=Madrid
13:40:38.0 (152427071)|VALIDATION_PASS
13:40:38.0 (152430134)|VALIDATION_RULE|03d1r0000006A1Z|Fecha_de_salida
13:40:38.0 (152589039)|VALIDATION_FORMULA|Fecha_Salida__c  <   NOW()|Fecha_Salida__c=2019-01-10 23:00:00
13:40:38.0 (152600715)|VALIDATION_PASS
13:40:38.0 (152643145)|CODE_UNIT_FINISHED|Validation:Reserva_Vuelo:new
13:40:38.0 (170584727)|DML_END|[20]
13:40:38.0 (170620815)|STATEMENT_EXECUTE|[22]
13:40:38.0 (170694590)|HEAP_ALLOCATE|[22]|Bytes:4
13:40:38.0 (170818490)|HEAP_ALLOCATE|[22]|Bytes:9
13:40:38.0 (170874907)|VARIABLE_ASSIGNMENT|[22]|this.Name|"Pasajero0"|0x8552ee6
13:40:38.0 (170933820)|VARIABLE_ASSIGNMENT|[22]|this.Reserva__c|"a001r00000oUIrzAAG"|0x8552ee6
13:40:38.0 (170952836)|VARIABLE_ASSIGNMENT|[22]|this.Nif__c|"12345678B"|0x8552ee6
13:40:38.0 (170995417)|HEAP_ALLOCATE|[22]|Bytes:28
13:40:38.0 (171018552)|VARIABLE_ASSIGNMENT|[22]|this.Edad__c|59|0x8552ee6
13:40:38.0 (171057020)|VARIABLE_SCOPE_BEGIN|[22]|oPasajero|Pasajero__c|true|false
13:40:38.0 (171084208)|VARIABLE_ASSIGNMENT|[22]|oPasajero|{"Name":"Pasajero0","Reserva__c":"a001r00000oUIrzAAG","Nif__c":"12345678B","Edad__c":59}|0x8552ee6
13:40:38.0 (171092659)|STATEMENT_EXECUTE|[26]
13:40:38.0 (171120682)|HEAP_ALLOCATE|[26]|Bytes:8
13:40:38.0 (171132114)|DML_BEGIN|[26]|Op:Insert|Type:Pasajero__c|Rows:1
13:40:38.0 (171171407)|HEAP_ALLOCATE|[EXTERNAL]|Bytes:8
13:40:38.0 (173740195)|CODE_UNIT_STARTED|[EXTERNAL]|01q1r000000j3dJ|PasajeroTrigger on Pasajero trigger event BeforeInsert
13:40:38.0 (173775291)|HEAP_ALLOCATE|[EXTERNAL]|Bytes:8
13:40:38.0 (173886281)|HEAP_ALLOCATE|[EXTERNAL]|Bytes:8
13:40:38.0 (173904045)|VARIABLE_SCOPE_BEGIN|[1]|this|PasajeroTrigger|true|false
13:40:38.0 (173958204)|VARIABLE_ASSIGNMENT|[1]|this|{}|0x1eba7614
13:40:38.0 (174013893)|HEAP_ALLOCATE|[EXTERNAL]|Bytes:8
13:40:38.0 (174085507)|VARIABLE_SCOPE_BEGIN|[1]|this|PasajeroTrigger|true|false
13:40:38.0 (174100850)|VARIABLE_ASSIGNMENT|[1]|this|{}|0x1eba7614
13:40:38.0 (174109322)|STATEMENT_EXECUTE|[1]
13:40:38.0 (174111446)|STATEMENT_EXECUTE|[4]
13:40:38.0 (174331711)|VARIABLE_ASSIGNMENT|[4]|this.listNew|[{"IsDeleted":false,"Edad__c":59,"Nif__c":"12345678B","Reserva__c":"a001r00000oUIrzAAG","Name":"Pasajero0"}]|0x1eba7614
13:40:38.0 (174347696)|STATEMENT_EXECUTE|[7]
13:40:38.0 (174354645)|STATEMENT_EXECUTE|[8]
13:40:38.0 (174356380)|STATEMENT_EXECUTE|[9]
13:40:38.0 (175504930)|HEAP_ALLOCATE|[9]|Bytes:4
13:40:38.0 (175528744)|METHOD_ENTRY|[1]|01p1r000008Zry1|PasajeroMethods.PasajeroMethods()
13:40:38.0 (175536035)|STATEMENT_EXECUTE|[1]
13:40:38.0 (175541005)|STATEMENT_EXECUTE|[1]
13:40:38.0 (175888725)|SYSTEM_MODE_ENTER|false
13:40:38.0 (175900618)|HEAP_ALLOCATE|[9]|Bytes:5
13:40:38.0 (175910297)|SYSTEM_MODE_EXIT|false
13:40:38.0 (175921281)|METHOD_EXIT|[1]|PasajeroMethods
13:40:38.0 (175945725)|METHOD_ENTRY|[9]|01p1r000008Zry1|PasajeroMethods.ValidarNif(List<Pasajero__c>)
13:40:38.0 (175972780)|VARIABLE_SCOPE_BEGIN|[32]|listNew|List<Pasajero__c>|true|false
13:40:38.0 (176075976)|VARIABLE_ASSIGNMENT|[32]|listNew|[{"IsDeleted":false,"Edad__c":59,"Nif__c":"12345678B","Reserva__c":"a001r00000oUIrzAAG","Name":"Pasajero0"}]|0x535de1d2
13:40:38.0 (176104854)|SYSTEM_MODE_ENTER|false
13:40:38.0 (176112009)|HEAP_ALLOCATE|[34]|Bytes:5
13:40:38.0 (176118385)|STATEMENT_EXECUTE|[32]
13:40:38.0 (176206574)|STATEMENT_EXECUTE|[34]
13:40:38.0 (176209306)|STATEMENT_EXECUTE|[37]
13:40:38.0 (176212983)|HEAP_ALLOCATE|[37]|Bytes:30
13:40:38.0 (176231870)|HEAP_ALLOCATE|[37]|Bytes:4
13:40:38.0 (176386510)|SOQL_EXECUTE_BEGIN|[37]|Aggregations:0|SELECT Nif__c FROM Pasajero__c
13:40:38.0 (179171978)|SOQL_EXECUTE_END|[37]|Rows:0
13:40:38.0 (179196288)|HEAP_ALLOCATE|[37]|Bytes:4
13:40:38.0 (179208601)|HEAP_ALLOCATE|[37]|Bytes:0
13:40:38.0 (179235375)|HEAP_ALLOCATE|[37]|Bytes:4
13:40:38.0 (179245965)|VARIABLE_SCOPE_BEGIN|[37]|listPasajero|List<Pasajero__c>|true|false
13:40:38.0 (179260112)|VARIABLE_ASSIGNMENT|[37]|listPasajero|[]|0x48716d57
13:40:38.0 (179267670)|STATEMENT_EXECUTE|[39]
13:40:38.0 (179279200)|HEAP_ALLOCATE|[39]|Bytes:4
13:40:38.0 (179304704)|VARIABLE_SCOPE_BEGIN|[39]|listPasajeroNif|List<String>|true|false
13:40:38.0 (179327310)|HEAP_ALLOCATE|[EXTERNAL]|Bytes:4
13:40:38.0 (179336933)|VARIABLE_ASSIGNMENT|[39]|listPasajeroNif|[]|0x1ecd8381
13:40:38.0 (179469885)|HEAP_ALLOCATE|[41]|Bytes:5
13:40:38.0 (179486574)|VARIABLE_ASSIGNMENT|[41]|inPasajero|null|
13:40:38.0 (179493830)|STATEMENT_EXECUTE|[41]
13:40:38.0 (179521348)|HEAP_ALLOCATE|[46]|Bytes:5
13:40:38.0 (179538110)|HEAP_ALLOCATE|[46]|Bytes:4
13:40:38.0 (179546369)|VARIABLE_SCOPE_BEGIN|[46]|inPasajero|Pasajero__c|true|false
13:40:38.0 (179664492)|VARIABLE_ASSIGNMENT|[46]|inPasajero|{"IsDeleted":false,"Edad__c":59,"Nif__c":"12345678B","Reserva__c":"a001r00000oUIrzAAG","Name":"Pasajero0"}|0x10ac08aa
13:40:38.0 (179674357)|STATEMENT_EXECUTE|[46]
13:40:38.0 (179676286)|STATEMENT_EXECUTE|[48]
13:40:38.0 (179725652)|HEAP_ALLOCATE|[48]|Bytes:8
13:40:38.0 (179742485)|VARIABLE_SCOPE_BEGIN|[48]|numerosNif|String|false|false
13:40:38.0 (179753755)|VARIABLE_ASSIGNMENT|[48]|numerosNif|"12345678"
13:40:38.0 (179758782)|STATEMENT_EXECUTE|[50]
13:40:38.0 (179777684)|HEAP_ALLOCATE|[50]|Bytes:1
13:40:38.0 (179787264)|VARIABLE_SCOPE_BEGIN|[50]|letraNif|String|false|false
13:40:38.0 (179796664)|VARIABLE_ASSIGNMENT|[50]|letraNif|"B"
13:40:38.0 (179833829)|STATEMENT_EXECUTE|[52]
13:40:38.0 (179843203)|HEAP_ALLOCATE|[46]|Bytes:5
13:40:38.0 (179858184)|VARIABLE_ASSIGNMENT|[46]|inPasajero|null|
13:40:38.0 (179865550)|SYSTEM_MODE_EXIT|false
13:40:38.0 (179874724)|METHOD_EXIT|[9]|01p1r000008Zry1|PasajeroMethods.ValidarNif(List<Pasajero__c>)
13:40:38.0 (179880511)|STATEMENT_EXECUTE|[10]
13:40:38.0 (179896099)|METHOD_ENTRY|[10]|01p1r000008Zry1|PasajeroMethods.RellenarContacto(List<Pasajero__c>)
13:40:38.0 (179915938)|VARIABLE_SCOPE_BEGIN|[3]|listPasajeros|List<Pasajero__c>|true|false
13:40:38.0 (180003491)|VARIABLE_ASSIGNMENT|[3]|listPasajeros|[{"IsDeleted":false,"Edad__c":59,"Nif__c":"12345678B","Reserva__c":"a001r00000oUIrzAAG","Name":"Pasajero0"}]|0x535de1d2
13:40:38.0 (180030710)|SYSTEM_MODE_ENTER|false
13:40:38.0 (180037462)|HEAP_ALLOCATE|[5]|Bytes:5
13:40:38.0 (180043394)|STATEMENT_EXECUTE|[3]
13:40:38.0 (180064371)|STATEMENT_EXECUTE|[5]
13:40:38.0 (180066475)|STATEMENT_EXECUTE|[8]
13:40:38.0 (180074863)|HEAP_ALLOCATE|[8]|Bytes:4
13:40:38.0 (180090433)|VARIABLE_SCOPE_BEGIN|[8]|listNifs|List<String>|true|false
13:40:38.0 (180109565)|HEAP_ALLOCATE|[EXTERNAL]|Bytes:4
13:40:38.0 (180122632)|VARIABLE_ASSIGNMENT|[8]|listNifs|[]|0x21d78459
13:40:38.0 (180149360)|HEAP_ALLOCATE|[10]|Bytes:5
13:40:38.0 (180162166)|HEAP_ALLOCATE|[10]|Bytes:4
13:40:38.0 (180168875)|VARIABLE_SCOPE_BEGIN|[10]|inPasajero|Pasajero__c|true|false
13:40:38.0 (180261860)|VARIABLE_ASSIGNMENT|[10]|inPasajero|{"IsDeleted":false,"Edad__c":59,"Nif__c":"12345678B","Reserva__c":"a001r00000oUIrzAAG","Name":"Pasajero0"}|0x10ac08aa
13:40:38.0 (180270543)|STATEMENT_EXECUTE|[10]
13:40:38.0 (180272444)|STATEMENT_EXECUTE|[11]
13:40:38.0 (180303824)|HEAP_ALLOCATE|[EXTERNAL]|Bytes:4
13:40:38.0 (180319130)|HEAP_ALLOCATE|[10]|Bytes:5
13:40:38.0 (180341875)|VARIABLE_ASSIGNMENT|[10]|inPasajero|null|
13:40:38.0 (180351620)|STATEMENT_EXECUTE|[15]
13:40:38.0 (180356589)|HEAP_ALLOCATE|[15]|Bytes:61
13:40:38.0 (180372838)|HEAP_ALLOCATE|[15]|Bytes:4
13:40:38.0 (180576293)|SOQL_EXECUTE_BEGIN|[15]|Aggregations:0|SELECT Id, Name, Nif__c FROM Contact WHERE Nif__c IN :tmpVar1
13:40:38.0 (184084270)|SOQL_EXECUTE_END|[15]|Rows:1
13:40:38.0 (184104051)|HEAP_ALLOCATE|[15]|Bytes:8
13:40:38.0 (184118283)|HEAP_ALLOCATE|[15]|Bytes:71
13:40:38.0 (184144749)|HEAP_ALLOCATE|[15]|Bytes:8
13:40:38.0 (184155294)|VARIABLE_SCOPE_BEGIN|[15]|listContactos|List<Contact>|true|false
13:40:38.0 (184176286)|VARIABLE_ASSIGNMENT|[15]|listContactos|[{"Id":"0031r000024iUBwAAM","Name":"ContactoPrueba0","Nif__c":"12345678B"}]|0x577c3b30
13:40:38.0 (184185272)|STATEMENT_EXECUTE|[17]
13:40:38.0 (184198262)|HEAP_ALLOCATE|[17]|Bytes:4
13:40:38.0 (184210275)|VARIABLE_SCOPE_BEGIN|[17]|mapContactos|Map<String,Contact>|true|false
13:40:38.0 (184225526)|VARIABLE_ASSIGNMENT|[17]|mapContactos|{}|0x65b16a67
13:40:38.0 (184263651)|HEAP_ALLOCATE|[19]|Bytes:5
13:40:38.0 (184277757)|HEAP_ALLOCATE|[19]|Bytes:16
13:40:38.0 (184284656)|VARIABLE_SCOPE_BEGIN|[19]|inContact|Contact|true|false
13:40:38.0 (184317881)|VARIABLE_ASSIGNMENT|[19]|inContact|{"Id":"0031r000024iUBwAAM","Name":"ContactoPrueba0","Nif__c":"12345678B"}|0x1cb926e9
13:40:38.0 (184325810)|STATEMENT_EXECUTE|[19]
13:40:38.0 (184327652)|STATEMENT_EXECUTE|[20]
13:40:38.0 (184366502)|HEAP_ALLOCATE|[EXTERNAL]|Bytes:-4
13:40:38.0 (184381880)|HEAP_ALLOCATE|[19]|Bytes:5
13:40:38.0 (184393536)|VARIABLE_ASSIGNMENT|[19]|inContact|null|
13:40:38.0 (184416844)|HEAP_ALLOCATE|[24]|Bytes:5
13:40:38.0 (184429252)|HEAP_ALLOCATE|[24]|Bytes:4
13:40:38.0 (184436211)|VARIABLE_SCOPE_BEGIN|[24]|inPasajero|Pasajero__c|true|false
13:40:38.0 (184542260)|VARIABLE_ASSIGNMENT|[24]|inPasajero|{"IsDeleted":false,"Edad__c":59,"Nif__c":"12345678B","Reserva__c":"a001r00000oUIrzAAG","Name":"Pasajero0"}|0x10ac08aa
13:40:38.0 (184551120)|STATEMENT_EXECUTE|[24]
13:40:38.0 (184582741)|STATEMENT_EXECUTE|[25]
13:40:38.0 (184584951)|STATEMENT_EXECUTE|[26]
13:40:38.0 (184730415)|VARIABLE_ASSIGNMENT|[26]|this.Contacto__c|"0031r000024iUBwAAM"|0x10ac08aa
13:40:38.0 (184753417)|HEAP_ALLOCATE|[24]|Bytes:5
13:40:38.0 (184771893)|VARIABLE_ASSIGNMENT|[24]|inPasajero|null|
13:40:38.0 (184782572)|SYSTEM_MODE_EXIT|false
13:40:38.0 (184791994)|METHOD_EXIT|[10]|01p1r000008Zry1|PasajeroMethods.RellenarContacto(List<Pasajero__c>)
13:40:38.184 (184803990)|CUMULATIVE_LIMIT_USAGE
13:40:38.184 (184803990)|LIMIT_USAGE_FOR_NS|(default)|
  Number of SOQL queries: 4 out of 100
  Number of query rows: 2 out of 50000
  Number of SOSL queries: 0 out of 20
  Number of DML statements: 4 out of 150
  Number of DML rows: 4 out of 10000
  Maximum CPU time: 0 out of 10000
  Maximum heap size: 0 out of 6000000
  Number of callouts: 0 out of 100
  Number of Email Invocations: 0 out of 10
  Number of future calls: 0 out of 50
  Number of queueable jobs added to the queue: 0 out of 50
  Number of Mobile Apex push calls: 0 out of 10

13:40:38.184 (184803990)|CUMULATIVE_LIMIT_USAGE_END

13:40:38.0 (186052206)|CODE_UNIT_FINISHED|PasajeroTrigger on Pasajero trigger event BeforeInsert
13:40:38.0 (201841712)|DML_END|[26]
13:40:38.0 (201880958)|STATEMENT_EXECUTE|[28]
13:40:38.0 (201927852)|HEAP_ALLOCATE|[28]|Bytes:4
13:40:38.0 (201996136)|VARIABLE_SCOPE_BEGIN|[28]|listPasajero|List<Pasajero__c>|true|false
13:40:38.0 (202018236)|HEAP_ALLOCATE|[EXTERNAL]|Bytes:4
13:40:38.0 (202041038)|VARIABLE_ASSIGNMENT|[28]|listPasajero|[]|0x11d72528
13:40:38.0 (202053152)|STATEMENT_EXECUTE|[30]
13:40:38.0 (202113841)|HEAP_ALLOCATE|[EXTERNAL]|Bytes:4
13:40:38.0 (202128283)|STATEMENT_EXECUTE|[32]
13:40:38.0 (202147965)|METHOD_ENTRY|[32]|01p1r000008Zry1|PasajeroMethods.RellenarContacto(List<Pasajero__c>)
13:40:38.0 (202175278)|VARIABLE_SCOPE_BEGIN|[3]|listPasajeros|List<Pasajero__c>|true|false
13:40:38.0 (202204734)|VARIABLE_ASSIGNMENT|[3]|listPasajeros|[{"Name":"Pasajero0","Reserva__c":"a001r00000oUIrzAAG","Nif__c":"12345678B","Edad__c":59,"Id":"a021r00000dd8iPAAQ"}]|0x11d72528
13:40:38.0 (202675595)|SYSTEM_MODE_ENTER|false
13:40:38.0 (202696221)|HEAP_ALLOCATE|[5]|Bytes:5
13:40:38.0 (202706628)|STATEMENT_EXECUTE|[3]
13:40:38.0 (202733942)|STATEMENT_EXECUTE|[5]
13:40:38.0 (202737127)|STATEMENT_EXECUTE|[8]
13:40:38.0 (202751944)|HEAP_ALLOCATE|[8]|Bytes:4
13:40:38.0 (202769803)|VARIABLE_SCOPE_BEGIN|[8]|listNifs|List<String>|true|false
13:40:38.0 (202821455)|HEAP_ALLOCATE|[EXTERNAL]|Bytes:4
13:40:38.0 (202835167)|VARIABLE_ASSIGNMENT|[8]|listNifs|[]|0x4229d90e
13:40:38.0 (202875491)|HEAP_ALLOCATE|[10]|Bytes:5
13:40:38.0 (202900662)|HEAP_ALLOCATE|[10]|Bytes:24
13:40:38.0 (202913225)|VARIABLE_SCOPE_BEGIN|[10]|inPasajero|Pasajero__c|true|false
13:40:38.0 (202936759)|VARIABLE_ASSIGNMENT|[10]|inPasajero|{"Name":"Pasajero0","Reserva__c":"a001r00000oUIrzAAG","Nif__c":"12345678B","Edad__c":59,"Id":"a021r00000dd8iPAAQ"}|0x8552ee6
13:40:38.0 (202947092)|STATEMENT_EXECUTE|[10]
13:40:38.0 (202950043)|STATEMENT_EXECUTE|[11]
13:40:38.0 (202978401)|HEAP_ALLOCATE|[EXTERNAL]|Bytes:4
13:40:38.0 (202996554)|HEAP_ALLOCATE|[10]|Bytes:5
13:40:38.0 (203011703)|VARIABLE_ASSIGNMENT|[10]|inPasajero|null|
13:40:38.0 (203020218)|STATEMENT_EXECUTE|[15]
13:40:38.0 (203040240)|HEAP_ALLOCATE|[15]|Bytes:4
13:40:38.0 (203391567)|SOQL_EXECUTE_BEGIN|[15]|Aggregations:0|SELECT Id, Name, Nif__c FROM Contact WHERE Nif__c IN :tmpVar1
13:40:38.0 (207355579)|SOQL_EXECUTE_END|[15]|Rows:1
13:40:38.0 (207377399)|HEAP_ALLOCATE|[15]|Bytes:8
13:40:38.0 (207393455)|HEAP_ALLOCATE|[15]|Bytes:71
13:40:38.0 (207428318)|HEAP_ALLOCATE|[15]|Bytes:8
13:40:38.0 (207440505)|VARIABLE_SCOPE_BEGIN|[15]|listContactos|List<Contact>|true|false
13:40:38.0 (207462353)|VARIABLE_ASSIGNMENT|[15]|listContactos|[{"Id":"0031r000024iUBwAAM","Name":"ContactoPrueba0","Nif__c":"12345678B"}]|0x2360e05a
13:40:38.0 (207471478)|STATEMENT_EXECUTE|[17]
13:40:38.0 (207491084)|HEAP_ALLOCATE|[17]|Bytes:4
13:40:38.0 (207505957)|VARIABLE_SCOPE_BEGIN|[17]|mapContactos|Map<String,Contact>|true|false
13:40:38.0 (207520966)|VARIABLE_ASSIGNMENT|[17]|mapContactos|{}|0x5669510
13:40:38.0 (207549464)|HEAP_ALLOCATE|[19]|Bytes:5
13:40:38.0 (207564092)|HEAP_ALLOCATE|[19]|Bytes:16
13:40:38.0 (207572046)|VARIABLE_SCOPE_BEGIN|[19]|inContact|Contact|true|false
13:40:38.0 (207585397)|VARIABLE_ASSIGNMENT|[19]|inContact|{"Id":"0031r000024iUBwAAM","Name":"ContactoPrueba0","Nif__c":"12345678B"}|0x671440f2
13:40:38.0 (207592585)|STATEMENT_EXECUTE|[19]
13:40:38.0 (207594420)|STATEMENT_EXECUTE|[20]
13:40:38.0 (207613706)|HEAP_ALLOCATE|[EXTERNAL]|Bytes:-4
13:40:38.0 (207627256)|HEAP_ALLOCATE|[19]|Bytes:5
13:40:38.0 (207638018)|VARIABLE_ASSIGNMENT|[19]|inContact|null|
13:40:38.0 (207653707)|HEAP_ALLOCATE|[24]|Bytes:5
13:40:38.0 (207665522)|HEAP_ALLOCATE|[24]|Bytes:24
13:40:38.0 (207671436)|VARIABLE_SCOPE_BEGIN|[24]|inPasajero|Pasajero__c|true|false
13:40:38.0 (207686483)|VARIABLE_ASSIGNMENT|[24]|inPasajero|{"Name":"Pasajero0","Reserva__c":"a001r00000oUIrzAAG","Nif__c":"12345678B","Edad__c":59,"Id":"a021r00000dd8iPAAQ"}|0x8552ee6
13:40:38.0 (207693293)|STATEMENT_EXECUTE|[24]
13:40:38.0 (207709403)|STATEMENT_EXECUTE|[25]
13:40:38.0 (207711353)|STATEMENT_EXECUTE|[26]
13:40:38.0 (207789447)|VARIABLE_ASSIGNMENT|[26]|this.Contacto__c|"0031r000024iUBwAAM"|0x8552ee6
13:40:38.0 (207805832)|HEAP_ALLOCATE|[24]|Bytes:5
13:40:38.0 (207816807)|VARIABLE_ASSIGNMENT|[24]|inPasajero|null|
13:40:38.0 (207825208)|SYSTEM_MODE_EXIT|false
13:40:38.0 (207837837)|METHOD_EXIT|[32]|01p1r000008Zry1|PasajeroMethods.RellenarContacto(List<Pasajero__c>)
13:40:38.0 (207845633)|STATEMENT_EXECUTE|[34]
13:40:38.207 (207919609)|CUMULATIVE_LIMIT_USAGE
13:40:38.207 (207919609)|LIMIT_USAGE_FOR_NS|(default)|
  Number of SOQL queries: 5 out of 100
  Number of query rows: 3 out of 50000
  Number of SOSL queries: 0 out of 20
  Number of DML statements: 4 out of 150
  Number of DML rows: 4 out of 10000
  Maximum CPU time: 0 out of 10000
  Maximum heap size: 0 out of 6000000
  Number of callouts: 0 out of 100
  Number of Email Invocations: 0 out of 10
  Number of future calls: 0 out of 50
  Number of queueable jobs added to the queue: 0 out of 50
  Number of Mobile Apex push calls: 0 out of 10

13:40:38.207 (207919609)|CUMULATIVE_LIMIT_USAGE_END

13:40:38.0 (207960011)|CODE_UNIT_FINISHED|PasajeroTest.RellenarContactoTest
13:40:38.0 (209039046)|EXECUTION_FINISHED
13:40:38.239 (239347769)|USER_INFO|[EXTERNAL]|0051r000007Oz5Q|lydia.abril@gmail.com|hora estándar de Europa central|GMT+02:00
13:40:38.239 (239374400)|EXECUTION_STARTED
13:40:38.239 (239379462)|CODE_UNIT_STARTED|[EXTERNAL]|01p1r000008aN28|PasajeroTest.ValidarNifTest
13:40:38.239 (239527374)|HEAP_ALLOCATE|[72]|Bytes:3
13:40:38.239 (239564398)|HEAP_ALLOCATE|[77]|Bytes:152
13:40:38.239 (239581192)|HEAP_ALLOCATE|[342]|Bytes:408
13:40:38.239 (239596690)|HEAP_ALLOCATE|[355]|Bytes:408
13:40:38.239 (239609402)|HEAP_ALLOCATE|[467]|Bytes:48
13:40:38.239 (239635349)|HEAP_ALLOCATE|[139]|Bytes:6
13:40:38.239 (239648764)|HEAP_ALLOCATE|[EXTERNAL]|Bytes:143
13:40:38.239 (239659314)|METHOD_ENTRY|[2]|01p1r000008aN28|PasajeroTest.PasajeroTest()
13:40:38.239 (239668155)|STATEMENT_EXECUTE|[2]
13:40:38.239 (239673916)|STATEMENT_EXECUTE|[2]
13:40:38.239 (239677917)|METHOD_EXIT|[2]|PasajeroTest
13:40:38.239 (239867217)|HEAP_ALLOCATE|[50]|Bytes:5
13:40:38.239 (239888102)|HEAP_ALLOCATE|[56]|Bytes:5
13:40:38.239 (239895486)|HEAP_ALLOCATE|[64]|Bytes:7
13:40:38.239 (239933623)|STATEMENT_EXECUTE|[39]
13:40:38.239 (239936037)|STATEMENT_EXECUTE|[41]
13:40:38.239 (239965607)|HEAP_ALLOCATE|[41]|Bytes:4
13:40:38.239 (239979022)|HEAP_ALLOCATE|[41]|Bytes:13
13:40:38.239 (240030952)|VARIABLE_ASSIGNMENT|[41]|this.Name|"CuentaPrueba0"|0x5b47586a
13:40:38.239 (240063808)|VARIABLE_SCOPE_BEGIN|[41]|oAccount|Account|true|false
13:40:38.239 (240084512)|VARIABLE_ASSIGNMENT|[41]|oAccount|{"Name":"CuentaPrueba0"}|0x5b47586a
13:40:38.239 (240091994)|STATEMENT_EXECUTE|[42]
13:40:38.239 (240112564)|HEAP_ALLOCATE|[42]|Bytes:8
13:40:38.239 (240123762)|DML_BEGIN|[42]|Op:Insert|Type:Account|Rows:1
13:40:38.239 (240149254)|HEAP_ALLOCATE|[EXTERNAL]|Bytes:8
13:40:38.239 (242185166)|CODE_UNIT_STARTED|[EXTERNAL]|DuplicateDetector
13:40:38.239 (242200520)|DUPLICATE_DETECTION_BEGIN
13:40:38.239 (242245673)|DUPLICATE_DETECTION_RULE_INVOCATION|DuplicateRuleId:0Bm1r0000018X88|DuplicateRuleName:Standard Account Duplicate Rule|DmlType:INSERT
13:40:38.239 (253467929)|DUPLICATE_DETECTION_MATCH_INVOCATION_DETAILS|EntityType:Account|ActionTaken:Allow_[Alert,Report]|DuplicateRecordIds:
13:40:38.239 (253492950)|DUPLICATE_DETECTION_MATCH_INVOCATION_SUMMARY|EntityType:Account|NumRecordsToBeSaved:1|NumRecordsToBeSavedWithDuplicates:0|NumDuplicateRecordsFound:0
13:40:38.239 (253608164)|DUPLICATE_DETECTION_END
13:40:38.239 (253614986)|CODE_UNIT_FINISHED|DuplicateDetector
13:40:38.239 (268780405)|DML_END|[42]
13:40:38.239 (268823495)|STATEMENT_EXECUTE|[44]
13:40:38.239 (268874402)|HEAP_ALLOCATE|[44]|Bytes:4
13:40:38.239 (268919575)|HEAP_ALLOCATE|[44]|Bytes:15
13:40:38.239 (268981915)|VARIABLE_ASSIGNMENT|[44]|this.LastName|"ContactoPrueba0"|0x29d4bf30
13:40:38.239 (268990854)|HEAP_ALLOCATE|[44]|Bytes:9
13:40:38.239 (269011199)|VARIABLE_ASSIGNMENT|[44]|this.Nif__c|"12345678B"|0x29d4bf30
13:40:38.239 (269043864)|VARIABLE_ASSIGNMENT|[44]|this.AccountId|"0011r00001mxdeUAAQ"|0x29d4bf30
13:40:38.239 (269083040)|VARIABLE_SCOPE_BEGIN|[44]|oContact|Contact|true|false
13:40:38.239 (269108708)|VARIABLE_ASSIGNMENT|[44]|oContact|{"LastName":"ContactoPrueba0","Nif__c":"12345678B","AccountId":"0011r00001mxdeUAAQ"}|0x29d4bf30
13:40:38.239 (269116310)|STATEMENT_EXECUTE|[45]
13:40:38.239 (269143784)|HEAP_ALLOCATE|[45]|Bytes:8
13:40:38.239 (269155386)|DML_BEGIN|[45]|Op:Insert|Type:Contact|Rows:1
13:40:38.239 (269199321)|HEAP_ALLOCATE|[EXTERNAL]|Bytes:8
13:40:38.239 (273106340)|CODE_UNIT_STARTED|[EXTERNAL]|01q1r000000j4Bx|ContactTrigger on Contact trigger event BeforeInsert
13:40:38.239 (273164765)|HEAP_ALLOCATE|[EXTERNAL]|Bytes:8
13:40:38.239 (273232419)|HEAP_ALLOCATE|[EXTERNAL]|Bytes:8
13:40:38.239 (273244065)|VARIABLE_SCOPE_BEGIN|[1]|this|ContactTrigger|true|false
13:40:38.239 (273283449)|VARIABLE_ASSIGNMENT|[1]|this|{}|0x3af00c1b
13:40:38.239 (273335835)|HEAP_ALLOCATE|[EXTERNAL]|Bytes:8
13:40:38.239 (273344051)|VARIABLE_SCOPE_BEGIN|[1]|this|ContactTrigger|true|false
13:40:38.239 (273356357)|VARIABLE_ASSIGNMENT|[1]|this|{}|0x3af00c1b
13:40:38.239 (273366663)|STATEMENT_EXECUTE|[1]
13:40:38.239 (273369566)|STATEMENT_EXECUTE|[3]
13:40:38.239 (273766601)|VARIABLE_ASSIGNMENT|[3]|this.listNew|[{"IsDeleted":false,"AccountId":"0011r00001mxdeUAAQ","IsEmailBounced":false,"CleanStatus":"Pending","DoNotCall":false,"OwnerId":"0051r000007Oz5QAAS","HasOptedOutOfEmail":false,"HasOptedOutOfFax":false,"Nif__c":"12345678B","LastName":"ContactoPrueba0"}]|0x3af00c1b
13:40:38.239 (273787706)|STATEMENT_EXECUTE|[5]
13:40:38.239 (273797439)|STATEMENT_EXECUTE|[6]
13:40:38.239 (273799922)|STATEMENT_EXECUTE|[7]
13:40:38.239 (273820403)|HEAP_ALLOCATE|[7]|Bytes:1
13:40:38.239 (273836576)|METHOD_ENTRY|[1]|01p1r000008aKc5|ContactMethods.ContactMethods()
13:40:38.239 (273843146)|STATEMENT_EXECUTE|[1]
13:40:38.239 (273846837)|STATEMENT_EXECUTE|[1]
13:40:38.239 (274212134)|SYSTEM_MODE_ENTER|false
13:40:38.239 (274229303)|HEAP_ALLOCATE|[7]|Bytes:5
13:40:38.239 (274240528)|SYSTEM_MODE_EXIT|false
13:40:38.239 (274252150)|METHOD_EXIT|[1]|ContactMethods
13:40:38.239 (274267504)|METHOD_ENTRY|[7]|01p1r000008aKc5|ContactMethods.ValidarNif(List<Contact>)
13:40:38.239 (274276438)|VARIABLE_SCOPE_BEGIN|[3]|listNew|List<Contact>|true|false
13:40:38.239 (274480979)|VARIABLE_ASSIGNMENT|[3]|listNew|[{"IsDeleted":false,"AccountId":"0011r00001mxdeUAAQ","IsEmailBounced":false,"CleanStatus":"Pending","DoNotCall":false,"OwnerId":"0051r000007Oz5QAAS","HasOptedOutOfEmail":false,"HasOptedOutOfFax":false,"Nif__c":"12345678B","LastName":"ContactoPrueba0"}]|0x15d3d355
13:40:38.239 (274524094)|SYSTEM_MODE_ENTER|false
13:40:38.239 (274531577)|HEAP_ALLOCATE|[5]|Bytes:5
13:40:38.239 (274537982)|STATEMENT_EXECUTE|[3]
13:40:38.239 (274563487)|STATEMENT_EXECUTE|[5]
13:40:38.239 (274565362)|STATEMENT_EXECUTE|[8]
13:40:38.239 (274569008)|HEAP_ALLOCATE|[8]|Bytes:26
13:40:38.239 (274592141)|HEAP_ALLOCATE|[8]|Bytes:4
13:40:38.239 (274760707)|SOQL_EXECUTE_BEGIN|[8]|Aggregations:0|SELECT Nif__c FROM Contact
13:40:38.239 (277371822)|SOQL_EXECUTE_END|[8]|Rows:0
13:40:38.239 (277395940)|HEAP_ALLOCATE|[8]|Bytes:4
13:40:38.239 (277407718)|HEAP_ALLOCATE|[8]|Bytes:0
13:40:38.239 (277435923)|HEAP_ALLOCATE|[8]|Bytes:4
13:40:38.239 (277446043)|VARIABLE_SCOPE_BEGIN|[8]|listContact|List<Contact>|true|false
13:40:38.239 (277471627)|VARIABLE_ASSIGNMENT|[8]|listContact|[]|0x55f81900
13:40:38.239 (277480384)|STATEMENT_EXECUTE|[10]
13:40:38.239 (277498539)|HEAP_ALLOCATE|[10]|Bytes:4
13:40:38.239 (277520209)|VARIABLE_SCOPE_BEGIN|[10]|listContactNif|List<String>|true|false
13:40:38.239 (277545336)|HEAP_ALLOCATE|[EXTERNAL]|Bytes:4
13:40:38.239 (277555444)|VARIABLE_ASSIGNMENT|[10]|listContactNif|[]|0x5306cb1a
13:40:38.239 (277597569)|HEAP_ALLOCATE|[12]|Bytes:5
13:40:38.239 (277614719)|VARIABLE_ASSIGNMENT|[12]|inContact|null|
13:40:38.239 (277621260)|STATEMENT_EXECUTE|[12]
13:40:38.239 (277633996)|HEAP_ALLOCATE|[17]|Bytes:5
13:40:38.239 (277665388)|HEAP_ALLOCATE|[17]|Bytes:4
13:40:38.239 (277675737)|VARIABLE_SCOPE_BEGIN|[17]|inContact|Contact|true|false
13:40:38.239 (277906571)|VARIABLE_ASSIGNMENT|[17]|inContact|{"IsDeleted":false,"AccountId":"0011r00001mxdeUAAQ","IsEmailBounced":false,"CleanStatus":"Pending","DoNotCall":false,"OwnerId":"0051r000007Oz5QAAS","HasOptedOutOfEmail":false,"HasOptedOutOfFax":false,"Nif__c":"12345678B","LastName":"ContactoPrueba0"}|0x6880462e
13:40:38.239 (277919044)|STATEMENT_EXECUTE|[17]
13:40:38.239 (277921616)|STATEMENT_EXECUTE|[19]
13:40:38.239 (277968415)|HEAP_ALLOCATE|[19]|Bytes:8
13:40:38.239 (277991391)|VARIABLE_SCOPE_BEGIN|[19]|numerosNif|String|false|false
13:40:38.239 (278002352)|VARIABLE_ASSIGNMENT|[19]|numerosNif|"12345678"
13:40:38.239 (278008497)|STATEMENT_EXECUTE|[21]
13:40:38.239 (278022276)|HEAP_ALLOCATE|[21]|Bytes:1
13:40:38.239 (278031292)|VARIABLE_SCOPE_BEGIN|[21]|letraNif|String|false|false
13:40:38.239 (278040126)|VARIABLE_ASSIGNMENT|[21]|letraNif|"B"
13:40:38.239 (278102959)|STATEMENT_EXECUTE|[23]
13:40:38.239 (278113101)|HEAP_ALLOCATE|[17]|Bytes:5
13:40:38.239 (278125240)|VARIABLE_ASSIGNMENT|[17]|inContact|null|
13:40:38.239 (278132226)|SYSTEM_MODE_EXIT|false
13:40:38.239 (278141107)|METHOD_EXIT|[7]|01p1r000008aKc5|ContactMethods.ValidarNif(List<Contact>)
13:40:38.278 (278152885)|CUMULATIVE_LIMIT_USAGE
13:40:38.278 (278152885)|LIMIT_USAGE_FOR_NS|(default)|
  Number of SOQL queries: 1 out of 100
  Number of query rows: 0 out of 50000
  Number of SOSL queries: 0 out of 20
  Number of DML statements: 2 out of 150
  Number of DML rows: 2 out of 10000
  Maximum CPU time: 0 out of 10000
  Maximum heap size: 0 out of 6000000
  Number of callouts: 0 out of 100
  Number of Email Invocations: 0 out of 10
  Number of future calls: 0 out of 50
  Number of queueable jobs added to the queue: 0 out of 50
  Number of Mobile Apex push calls: 0 out of 10

13:40:38.278 (278152885)|CUMULATIVE_LIMIT_USAGE_END

13:40:38.239 (279271389)|CODE_UNIT_FINISHED|ContactTrigger on Contact trigger event BeforeInsert
13:40:38.239 (282067597)|CODE_UNIT_STARTED|[EXTERNAL]|DuplicateDetector
13:40:38.239 (282081304)|DUPLICATE_DETECTION_BEGIN
13:40:38.239 (282143871)|DUPLICATE_DETECTION_RULE_INVOCATION|DuplicateRuleId:0Bm1r0000018X89|DuplicateRuleName:Standard Contact Duplicate Rule|DmlType:INSERT
13:40:38.239 (303239049)|DUPLICATE_DETECTION_MATCH_INVOCATION_DETAILS|EntityType:Contact|ActionTaken:Allow_[Alert,Report]|DuplicateRecordIds:
13:40:38.239 (303263076)|DUPLICATE_DETECTION_MATCH_INVOCATION_SUMMARY|EntityType:Contact|NumRecordsToBeSaved:1|NumRecordsToBeSavedWithDuplicates:0|NumDuplicateRecordsFound:0
13:40:38.239 (303275651)|DUPLICATE_DETECTION_MATCH_INVOCATION_DETAILS|EntityType:Contact|ActionTaken:Allow_[Alert,Report]|DuplicateRecordIds:
13:40:38.239 (303283738)|DUPLICATE_DETECTION_MATCH_INVOCATION_SUMMARY|EntityType:Contact|NumRecordsToBeSaved:1|NumRecordsToBeSavedWithDuplicates:0|NumDuplicateRecordsFound:0
13:40:38.239 (303408044)|DUPLICATE_DETECTION_END
13:40:38.239 (303413749)|CODE_UNIT_FINISHED|DuplicateDetector
13:40:38.239 (326094561)|DML_END|[45]
13:40:38.239 (326123395)|STATEMENT_EXECUTE|[47]
13:40:38.239 (326159494)|HEAP_ALLOCATE|[47]|Bytes:4
13:40:38.239 (326185481)|HEAP_ALLOCATE|[47]|Bytes:14
13:40:38.239 (326232983)|VARIABLE_ASSIGNMENT|[47]|this.Name|"ReservaPrueba0"|0x80b9932
13:40:38.239 (326241611)|HEAP_ALLOCATE|[48]|Bytes:6
13:40:38.239 (326260855)|VARIABLE_ASSIGNMENT|[47]|this.Origen__c|"Madrid"|0x80b9932
13:40:38.239 (326266959)|HEAP_ALLOCATE|[49]|Bytes:4
13:40:38.239 (326280058)|VARIABLE_ASSIGNMENT|[47]|this.Destino__c|"Roma"|0x80b9932
13:40:38.239 (326286443)|HEAP_ALLOCATE|[50]|Bytes:7
13:40:38.239 (326298863)|VARIABLE_ASSIGNMENT|[47]|this.Case__c|"Turista"|0x80b9932
13:40:38.239 (326326995)|VARIABLE_ASSIGNMENT|[47]|this.Contacto__c|"0031r000024iUBxAAM"|0x80b9932
13:40:38.239 (326384070)|HEAP_ALLOCATE|[52]|Bytes:4
13:40:38.239 (326436690)|HEAP_ALLOCATE|[52]|Bytes:56
13:40:38.239 (326481325)|VARIABLE_ASSIGNMENT|[47]|this.Fecha_Salida__c|"2019-01-10T23:00:00.000Z"|0x80b9932
13:40:38.239 (326489519)|HEAP_ALLOCATE|[53]|Bytes:4
13:40:38.239 (326511906)|VARIABLE_ASSIGNMENT|[47]|this.Observaciones__c|"Nada"|0x80b9932
13:40:38.239 (326541120)|VARIABLE_SCOPE_BEGIN|[47]|oReserva|Reserva_Vuelo__c|true|false
13:40:38.239 (326568602)|VARIABLE_ASSIGNMENT|[47]|oReserva|{"Name":"ReservaPrueba0","Origen__c":"Madrid","Destino__c":"Roma","Case__c":"Turista","Contacto__c":"0031r000024iUBxAAM","Fecha_Salida__c":"2019-01-10T23:00:00.000Z","Observaciones__c":"Nada"}|0x80b9932
13:40:38.239 (326577791)|STATEMENT_EXECUTE|[55]
13:40:38.239 (326594913)|HEAP_ALLOCATE|[55]|Bytes:8
13:40:38.239 (326606035)|DML_BEGIN|[55]|Op:Insert|Type:Reserva_Vuelo__c|Rows:1
13:40:38.239 (326638883)|HEAP_ALLOCATE|[EXTERNAL]|Bytes:8
13:40:38.239 (329325898)|CODE_UNIT_STARTED|[EXTERNAL]|01q1r000000isRT|ReservaVueloTrigger on Reserva_Vuelo trigger event BeforeInsert
13:40:38.239 (329388800)|HEAP_ALLOCATE|[EXTERNAL]|Bytes:8
13:40:38.239 (329439197)|HEAP_ALLOCATE|[EXTERNAL]|Bytes:12
13:40:38.239 (329449633)|VARIABLE_SCOPE_BEGIN|[1]|this|ReservaVueloTrigger|true|false
13:40:38.239 (329479173)|VARIABLE_ASSIGNMENT|[1]|this|{}|0x5ea71e01
13:40:38.239 (329519704)|HEAP_ALLOCATE|[EXTERNAL]|Bytes:12
13:40:38.239 (329528124)|VARIABLE_SCOPE_BEGIN|[1]|this|ReservaVueloTrigger|true|false
13:40:38.239 (329541283)|VARIABLE_ASSIGNMENT|[1]|this|{}|0x5ea71e01
13:40:38.239 (329549823)|STATEMENT_EXECUTE|[1]
13:40:38.239 (329552121)|STATEMENT_EXECUTE|[4]
13:40:38.239 (329758337)|VARIABLE_ASSIGNMENT|[4]|this.listNew|[{"Contacto__c":"0031r000024iUBxAAM","Origen__c":"Madrid","Destino__c":"Roma","IsDeleted":false,"Fecha_Salida__c":"2019-01-10T23:00:00.000Z","OwnerId":"0051r000007Oz5QAAS","Observaciones__c":"Nada","Case__c":"Turista","Modificado__c":false,"Name":"ReservaPrueba0"}]|0x5ea71e01
13:40:38.239 (329770606)|STATEMENT_EXECUTE|[7]
13:40:38.239 (329787761)|VARIABLE_ASSIGNMENT|[7]|this.mapOld|null|0x5ea71e01
13:40:38.239 (329798123)|STATEMENT_EXECUTE|[10]
13:40:38.239 (329807111)|STATEMENT_EXECUTE|[11]
13:40:38.239 (329808908)|STATEMENT_EXECUTE|[12]
13:40:38.239 (329826084)|HEAP_ALLOCATE|[12]|Bytes:4
13:40:38.239 (329840439)|METHOD_ENTRY|[1]|01p1r000007Yidp|ReservaVueloMethods.ReservaVueloMethods()
13:40:38.239 (329847478)|STATEMENT_EXECUTE|[1]
13:40:38.239 (329850608)|STATEMENT_EXECUTE|[1]
13:40:38.239 (330196758)|SYSTEM_MODE_ENTER|false
13:40:38.239 (330210610)|HEAP_ALLOCATE|[12]|Bytes:5
13:40:38.239 (330220370)|SYSTEM_MODE_EXIT|false
13:40:38.239 (330231528)|METHOD_EXIT|[1]|ReservaVueloMethods
13:40:38.239 (330245124)|METHOD_ENTRY|[12]|01p1r000007Yidp|ReservaVueloMethods.RellenarCuenta(List<Reserva_Vuelo__c>)
13:40:38.239 (330253515)|VARIABLE_SCOPE_BEGIN|[4]|listReservas|List<Reserva_Vuelo__c>|true|false
13:40:38.239 (330353367)|VARIABLE_ASSIGNMENT|[4]|listReservas|[{"Contacto__c":"0031r000024iUBxAAM","Origen__c":"Madrid","Destino__c":"Roma","IsDeleted":false,"Fecha_Salida__c":"2019-01-10T23:00:00.000Z","OwnerId":"0051r000007Oz5QAAS","Observaciones__c":"Nada","Case__c":"Turista","Modificado__c":false,"Name":"ReservaPrueba0"}]|0x79ce9124
13:40:38.239 (330383396)|SYSTEM_MODE_ENTER|false
13:40:38.239 (330389741)|HEAP_ALLOCATE|[6]|Bytes:5
13:40:38.239 (330395898)|STATEMENT_EXECUTE|[4]
13:40:38.239 (330416391)|STATEMENT_EXECUTE|[6]
13:40:38.239 (330418309)|STATEMENT_EXECUTE|[9]
13:40:38.239 (330436371)|HEAP_ALLOCATE|[9]|Bytes:4
13:40:38.239 (330457539)|VARIABLE_SCOPE_BEGIN|[9]|listContactosIds|Set<String>|true|false
13:40:38.239 (330482548)|VARIABLE_ASSIGNMENT|[9]|listContactosIds|[]|0x394fce52
13:40:38.239 (330515229)|HEAP_ALLOCATE|[10]|Bytes:5
13:40:38.239 (330532035)|HEAP_ALLOCATE|[10]|Bytes:4
13:40:38.239 (330539496)|VARIABLE_SCOPE_BEGIN|[10]|inReserva|Reserva_Vuelo__c|true|false
13:40:38.239 (330630280)|VARIABLE_ASSIGNMENT|[10]|inReserva|{"Contacto__c":"0031r000024iUBxAAM","Origen__c":"Madrid","Destino__c":"Roma","IsDeleted":false,"Fecha_Salida__c":"2019-01-10T23:00:00.000Z","OwnerId":"0051r000007Oz5QAAS","Observaciones__c":"Nada","Case__c":"Turista","Modificado__c":false,"Name":"ReservaPrueba0"}|0x7b662cc
13:40:38.239 (330641618)|STATEMENT_EXECUTE|[10]
13:40:38.239 (330643599)|STATEMENT_EXECUTE|[11]
13:40:38.239 (330671714)|HEAP_ALLOCATE|[EXTERNAL]|Bytes:4
13:40:38.239 (330687363)|HEAP_ALLOCATE|[10]|Bytes:5
13:40:38.239 (330698309)|VARIABLE_ASSIGNMENT|[10]|inReserva|null|
13:40:38.239 (330704023)|STATEMENT_EXECUTE|[23]
13:40:38.239 (330725221)|HEAP_ALLOCATE|[23]|Bytes:4
13:40:38.239 (330731306)|HEAP_ALLOCATE|[23]|Bytes:49
13:40:38.239 (330740052)|HEAP_ALLOCATE|[23]|Bytes:4
13:40:38.239 (330746975)|HEAP_ALLOCATE|[23]|Bytes:7
13:40:38.239 (330775001)|HEAP_ALLOCATE|[23]|Bytes:8
13:40:38.239 (330782821)|HEAP_ALLOCATE|[23]|Bytes:8
13:40:38.239 (330981787)|SOQL_EXECUTE_BEGIN|[23]|Aggregations:0|SELECT AccountId FROM Contact WHERE id = :tmpVar1
13:40:38.239 (334143221)|SOQL_EXECUTE_END|[23]|Rows:1
13:40:38.239 (334164270)|HEAP_ALLOCATE|[23]|Bytes:8
13:40:38.239 (334179740)|HEAP_ALLOCATE|[23]|Bytes:60
13:40:38.239 (334206269)|HEAP_ALLOCATE|[23]|Bytes:8
13:40:38.239 (334226796)|HEAP_ALLOCATE|[23]|Bytes:12
13:40:38.239 (334236651)|HEAP_ALLOCATE|[23]|Bytes:18
13:40:38.239 (334244907)|VARIABLE_SCOPE_BEGIN|[23]|contactos|Map<String,Contact>|true|false
13:40:38.239 (334269573)|VARIABLE_ASSIGNMENT|[23]|contactos|{"0031r000024iUBxAAM":{"AccountId":"0011r00001mxdeUAAQ","Id":"0031r000024iUBxAAM"}}|0x155006c8
13:40:38.239 (334297656)|HEAP_ALLOCATE|[26]|Bytes:5
13:40:38.239 (334310739)|HEAP_ALLOCATE|[26]|Bytes:4
13:40:38.239 (334317874)|VARIABLE_SCOPE_BEGIN|[26]|inReserva|Reserva_Vuelo__c|true|false
13:40:38.239 (334421969)|VARIABLE_ASSIGNMENT|[26]|inReserva|{"Contacto__c":"0031r000024iUBxAAM","Origen__c":"Madrid","Destino__c":"Roma","IsDeleted":false,"Fecha_Salida__c":"2019-01-10T23:00:00.000Z","OwnerId":"0051r000007Oz5QAAS","Observaciones__c":"Nada","Case__c":"Turista","Modificado__c":false,"Name":"ReservaPrueba0"}|0x7b662cc
13:40:38.239 (334437508)|STATEMENT_EXECUTE|[26]
13:40:38.239 (334439728)|STATEMENT_EXECUTE|[27]
13:40:38.239 (334578079)|VARIABLE_ASSIGNMENT|[27]|this.Cuenta__c|"0011r00001mxdeUAAQ"|0x7b662cc
13:40:38.239 (334596418)|HEAP_ALLOCATE|[26]|Bytes:5
13:40:38.239 (334609597)|VARIABLE_ASSIGNMENT|[26]|inReserva|null|
13:40:38.239 (334617107)|SYSTEM_MODE_EXIT|false
13:40:38.239 (334626159)|METHOD_EXIT|[12]|01p1r000007Yidp|ReservaVueloMethods.RellenarCuenta(List<Reserva_Vuelo__c>)
13:40:38.239 (334641141)|STATEMENT_EXECUTE|[14]
13:40:38.334 (334647833)|CUMULATIVE_LIMIT_USAGE
13:40:38.334 (334647833)|LIMIT_USAGE_FOR_NS|(default)|
  Number of SOQL queries: 2 out of 100
  Number of query rows: 1 out of 50000
  Number of SOSL queries: 0 out of 20
  Number of DML statements: 3 out of 150
  Number of DML rows: 3 out of 10000
  Maximum CPU time: 0 out of 10000
  Maximum heap size: 0 out of 6000000
  Number of callouts: 0 out of 100
  Number of Email Invocations: 0 out of 10
  Number of future calls: 0 out of 50
  Number of queueable jobs added to the queue: 0 out of 50
  Number of Mobile Apex push calls: 0 out of 10

13:40:38.334 (334647833)|CUMULATIVE_LIMIT_USAGE_END

13:40:38.239 (335788393)|CODE_UNIT_FINISHED|ReservaVueloTrigger on Reserva_Vuelo trigger event BeforeInsert
13:40:38.239 (338490568)|CODE_UNIT_STARTED|[EXTERNAL]|Validation:Reserva_Vuelo:new
13:40:38.239 (338516596)|VALIDATION_RULE|03d1r0000006A1e|DiferentesCampos
13:40:38.239 (338826197)|VALIDATION_FORMULA|TEXT(Origen__c)  =  TEXT(Destino__c)|Destino__c=Roma , Origen__c=Madrid
13:40:38.239 (338835199)|VALIDATION_PASS
13:40:38.239 (338837628)|VALIDATION_RULE|03d1r0000006A1Z|Fecha_de_salida
13:40:38.239 (338916916)|VALIDATION_FORMULA|Fecha_Salida__c  <   NOW()|Fecha_Salida__c=2019-01-10 23:00:00
13:40:38.239 (338923404)|VALIDATION_PASS
13:40:38.239 (338956541)|CODE_UNIT_FINISHED|Validation:Reserva_Vuelo:new
13:40:38.239 (350801529)|DML_END|[55]
13:40:38.239 (350817619)|STATEMENT_EXECUTE|[57]
13:40:38.239 (350820260)|STATEMENT_EXECUTE|[57]
13:40:38.239 (350822617)|STATEMENT_EXECUTE|[59]
13:40:38.239 (350846563)|HEAP_ALLOCATE|[59]|Bytes:4
13:40:38.239 (350865712)|HEAP_ALLOCATE|[59]|Bytes:9
13:40:38.239 (350899259)|VARIABLE_ASSIGNMENT|[59]|this.Name|"Pasajero0"|0x11396b7a
13:40:38.239 (350929246)|VARIABLE_ASSIGNMENT|[59]|this.Reserva__c|"a001r00000oUIs0AAG"|0x11396b7a
13:40:38.239 (350937554)|HEAP_ALLOCATE|[61]|Bytes:9
13:40:38.239 (350952059)|VARIABLE_ASSIGNMENT|[59]|this.Nif__c|"123456781"|0x11396b7a
13:40:38.239 (350981956)|HEAP_ALLOCATE|[59]|Bytes:28
13:40:38.239 (351002438)|VARIABLE_ASSIGNMENT|[59]|this.Edad__c|59|0x11396b7a
13:40:38.239 (351025467)|VARIABLE_SCOPE_BEGIN|[59]|oPasajero|Pasajero__c|true|false
13:40:38.239 (351041756)|VARIABLE_ASSIGNMENT|[59]|oPasajero|{"Name":"Pasajero0","Reserva__c":"a001r00000oUIs0AAG","Nif__c":"123456781","Edad__c":59}|0x11396b7a
13:40:38.239 (351049155)|STATEMENT_EXECUTE|[63]
13:40:38.239 (351065663)|HEAP_ALLOCATE|[63]|Bytes:8
13:40:38.239 (351074190)|DML_BEGIN|[63]|Op:Insert|Type:Pasajero__c|Rows:1
13:40:38.239 (351098030)|HEAP_ALLOCATE|[EXTERNAL]|Bytes:8
13:40:38.239 (353675805)|CODE_UNIT_STARTED|[EXTERNAL]|01q1r000000j3dJ|PasajeroTrigger on Pasajero trigger event BeforeInsert
13:40:38.239 (353705403)|HEAP_ALLOCATE|[EXTERNAL]|Bytes:8
13:40:38.239 (353741841)|HEAP_ALLOCATE|[EXTERNAL]|Bytes:8
13:40:38.239 (353750010)|VARIABLE_SCOPE_BEGIN|[1]|this|PasajeroTrigger|true|false
13:40:38.239 (353771598)|VARIABLE_ASSIGNMENT|[1]|this|{}|0x7cfaec8d
13:40:38.239 (353803642)|HEAP_ALLOCATE|[EXTERNAL]|Bytes:8
13:40:38.239 (353810795)|VARIABLE_SCOPE_BEGIN|[1]|this|PasajeroTrigger|true|false
13:40:38.239 (353823413)|VARIABLE_ASSIGNMENT|[1]|this|{}|0x7cfaec8d
13:40:38.239 (353831650)|STATEMENT_EXECUTE|[1]
13:40:38.239 (353834191)|STATEMENT_EXECUTE|[4]
13:40:38.239 (353987056)|VARIABLE_ASSIGNMENT|[4]|this.listNew|[{"IsDeleted":false,"Edad__c":59,"Nif__c":"123456781","Reserva__c":"a001r00000oUIs0AAG","Name":"Pasajero0"}]|0x7cfaec8d
13:40:38.239 (354001376)|STATEMENT_EXECUTE|[7]
13:40:38.239 (354007264)|STATEMENT_EXECUTE|[8]
13:40:38.239 (354009525)|STATEMENT_EXECUTE|[9]
13:40:38.239 (354024280)|HEAP_ALLOCATE|[9]|Bytes:4
13:40:38.239 (354035181)|METHOD_ENTRY|[1]|01p1r000008Zry1|PasajeroMethods.PasajeroMethods()
13:40:38.239 (354041598)|STATEMENT_EXECUTE|[1]
13:40:38.239 (354044835)|STATEMENT_EXECUTE|[1]
13:40:38.239 (354433644)|SYSTEM_MODE_ENTER|false
13:40:38.239 (354443498)|HEAP_ALLOCATE|[9]|Bytes:5
13:40:38.239 (354451271)|SYSTEM_MODE_EXIT|false
13:40:38.239 (354460589)|METHOD_EXIT|[1]|PasajeroMethods
13:40:38.239 (354471984)|METHOD_ENTRY|[9]|01p1r000008Zry1|PasajeroMethods.ValidarNif(List<Pasajero__c>)
13:40:38.239 (354479783)|VARIABLE_SCOPE_BEGIN|[32]|listNew|List<Pasajero__c>|true|false
13:40:38.239 (354578381)|VARIABLE_ASSIGNMENT|[32]|listNew|[{"IsDeleted":false,"Edad__c":59,"Nif__c":"123456781","Reserva__c":"a001r00000oUIs0AAG","Name":"Pasajero0"}]|0x67a11d2c
13:40:38.239 (354604636)|SYSTEM_MODE_ENTER|false
13:40:38.239 (354611614)|HEAP_ALLOCATE|[34]|Bytes:5
13:40:38.239 (354617425)|STATEMENT_EXECUTE|[32]
13:40:38.239 (354636905)|STATEMENT_EXECUTE|[34]
13:40:38.239 (354639244)|STATEMENT_EXECUTE|[37]
13:40:38.239 (354642362)|HEAP_ALLOCATE|[37]|Bytes:30
13:40:38.239 (354657121)|HEAP_ALLOCATE|[37]|Bytes:4
13:40:38.239 (354765667)|SOQL_EXECUTE_BEGIN|[37]|Aggregations:0|SELECT Nif__c FROM Pasajero__c
13:40:38.239 (355861854)|SOQL_EXECUTE_END|[37]|Rows:0
13:40:38.239 (355883168)|HEAP_ALLOCATE|[37]|Bytes:4
13:40:38.239 (355893407)|HEAP_ALLOCATE|[37]|Bytes:0
13:40:38.239 (355918854)|HEAP_ALLOCATE|[37]|Bytes:4
13:40:38.239 (355928463)|VARIABLE_SCOPE_BEGIN|[37]|listPasajero|List<Pasajero__c>|true|false
13:40:38.239 (355943107)|VARIABLE_ASSIGNMENT|[37]|listPasajero|[]|0x54befe53
13:40:38.239 (355950990)|STATEMENT_EXECUTE|[39]
13:40:38.239 (355962524)|HEAP_ALLOCATE|[39]|Bytes:4
13:40:38.239 (355977741)|VARIABLE_SCOPE_BEGIN|[39]|listPasajeroNif|List<String>|true|false
13:40:38.239 (355997872)|HEAP_ALLOCATE|[EXTERNAL]|Bytes:4
13:40:38.239 (356006859)|VARIABLE_ASSIGNMENT|[39]|listPasajeroNif|[]|0x6133693
13:40:38.239 (356038295)|HEAP_ALLOCATE|[41]|Bytes:5
13:40:38.239 (356051840)|VARIABLE_ASSIGNMENT|[41]|inPasajero|null|
13:40:38.239 (356057740)|STATEMENT_EXECUTE|[41]
13:40:38.239 (356070983)|HEAP_ALLOCATE|[46]|Bytes:5
13:40:38.239 (356082050)|HEAP_ALLOCATE|[46]|Bytes:4
13:40:38.239 (356088766)|VARIABLE_SCOPE_BEGIN|[46]|inPasajero|Pasajero__c|true|false
13:40:38.239 (356187798)|VARIABLE_ASSIGNMENT|[46]|inPasajero|{"IsDeleted":false,"Edad__c":59,"Nif__c":"123456781","Reserva__c":"a001r00000oUIs0AAG","Name":"Pasajero0"}|0x2e200ff
13:40:38.239 (356196789)|STATEMENT_EXECUTE|[46]
13:40:38.239 (356198759)|STATEMENT_EXECUTE|[48]
13:40:38.239 (356232167)|HEAP_ALLOCATE|[48]|Bytes:8
13:40:38.239 (356243956)|VARIABLE_SCOPE_BEGIN|[48]|numerosNif|String|false|false
13:40:38.239 (356253861)|VARIABLE_ASSIGNMENT|[48]|numerosNif|"12345678"
13:40:38.239 (356258683)|STATEMENT_EXECUTE|[50]
13:40:38.239 (356270016)|HEAP_ALLOCATE|[50]|Bytes:1
13:40:38.239 (356278776)|VARIABLE_SCOPE_BEGIN|[50]|letraNif|String|false|false
13:40:38.239 (356287324)|VARIABLE_ASSIGNMENT|[50]|letraNif|"1"
13:40:38.239 (356318882)|STATEMENT_EXECUTE|[54]
13:40:38.239 (356320983)|STATEMENT_EXECUTE|[55]
13:40:38.239 (356324372)|HEAP_ALLOCATE|[55]|Bytes:21
13:40:38.239 (356419231)|VF_PAGE_MESSAGE|Error en la letra Nif
13:40:38.239 (356442705)|HEAP_ALLOCATE|[46]|Bytes:5
13:40:38.239 (356455940)|VARIABLE_ASSIGNMENT|[46]|inPasajero|null|
13:40:38.239 (356463524)|SYSTEM_MODE_EXIT|false
13:40:38.239 (356471722)|METHOD_EXIT|[9]|01p1r000008Zry1|PasajeroMethods.ValidarNif(List<Pasajero__c>)
13:40:38.239 (356479236)|STATEMENT_EXECUTE|[10]
13:40:38.239 (356492719)|METHOD_ENTRY|[10]|01p1r000008Zry1|PasajeroMethods.RellenarContacto(List<Pasajero__c>)
13:40:38.239 (356506499)|VARIABLE_SCOPE_BEGIN|[3]|listPasajeros|List<Pasajero__c>|true|false
13:40:38.239 (356596552)|VARIABLE_ASSIGNMENT|[3]|listPasajeros|[{"IsDeleted":false,"Edad__c":59,"Nif__c":"123456781","Reserva__c":"a001r00000oUIs0AAG","Name":"Pasajero0"}]|0x67a11d2c
13:40:38.239 (356623429)|SYSTEM_MODE_ENTER|false
13:40:38.239 (356630606)|HEAP_ALLOCATE|[5]|Bytes:5
13:40:38.239 (356636606)|STATEMENT_EXECUTE|[3]
13:40:38.239 (356650270)|STATEMENT_EXECUTE|[5]
13:40:38.239 (356652268)|STATEMENT_EXECUTE|[8]
13:40:38.239 (356660828)|HEAP_ALLOCATE|[8]|Bytes:4
13:40:38.239 (356672295)|VARIABLE_SCOPE_BEGIN|[8]|listNifs|List<String>|true|false
13:40:38.239 (356694523)|HEAP_ALLOCATE|[EXTERNAL]|Bytes:4
13:40:38.239 (356702888)|VARIABLE_ASSIGNMENT|[8]|listNifs|[]|0x3cd374ac
13:40:38.239 (356723627)|HEAP_ALLOCATE|[10]|Bytes:5
13:40:38.239 (356735353)|HEAP_ALLOCATE|[10]|Bytes:4
13:40:38.239 (356741681)|VARIABLE_SCOPE_BEGIN|[10]|inPasajero|Pasajero__c|true|false
13:40:38.239 (356825378)|VARIABLE_ASSIGNMENT|[10]|inPasajero|{"IsDeleted":false,"Edad__c":59,"Nif__c":"123456781","Reserva__c":"a001r00000oUIs0AAG","Name":"Pasajero0"}|0x2e200ff
13:40:38.239 (356833707)|STATEMENT_EXECUTE|[10]
13:40:38.239 (356835510)|STATEMENT_EXECUTE|[11]
13:40:38.239 (356851475)|HEAP_ALLOCATE|[EXTERNAL]|Bytes:4
13:40:38.239 (356864731)|HEAP_ALLOCATE|[10]|Bytes:5
13:40:38.239 (356875085)|VARIABLE_ASSIGNMENT|[10]|inPasajero|null|
13:40:38.239 (356880749)|STATEMENT_EXECUTE|[15]
13:40:38.239 (356883723)|HEAP_ALLOCATE|[15]|Bytes:61
13:40:38.239 (356895493)|HEAP_ALLOCATE|[15]|Bytes:4
13:40:38.239 (357066872)|SOQL_EXECUTE_BEGIN|[15]|Aggregations:0|SELECT Id, Name, Nif__c FROM Contact WHERE Nif__c IN :tmpVar1
13:40:38.239 (360077409)|SOQL_EXECUTE_END|[15]|Rows:0
13:40:38.239 (360098991)|HEAP_ALLOCATE|[15]|Bytes:4
13:40:38.239 (360107404)|HEAP_ALLOCATE|[15]|Bytes:0
13:40:38.239 (360134028)|HEAP_ALLOCATE|[15]|Bytes:4
13:40:38.239 (360144382)|VARIABLE_SCOPE_BEGIN|[15]|listContactos|List<Contact>|true|false
13:40:38.239 (360158302)|VARIABLE_ASSIGNMENT|[15]|listContactos|[]|0x4c5e69ec
13:40:38.239 (360166018)|STATEMENT_EXECUTE|[17]
13:40:38.239 (360179443)|HEAP_ALLOCATE|[17]|Bytes:4
13:40:38.239 (360191336)|VARIABLE_SCOPE_BEGIN|[17]|mapContactos|Map<String,Contact>|true|false
13:40:38.239 (360205498)|VARIABLE_ASSIGNMENT|[17]|mapContactos|{}|0x6e8b53c9
13:40:38.239 (360233239)|HEAP_ALLOCATE|[19]|Bytes:5
13:40:38.239 (360246166)|VARIABLE_ASSIGNMENT|[19]|inContact|null|
13:40:38.239 (360252751)|STATEMENT_EXECUTE|[19]
13:40:38.239 (360266286)|HEAP_ALLOCATE|[24]|Bytes:5
13:40:38.239 (360277835)|HEAP_ALLOCATE|[24]|Bytes:4
13:40:38.239 (360284257)|VARIABLE_SCOPE_BEGIN|[24]|inPasajero|Pasajero__c|true|false
13:40:38.239 (360382035)|VARIABLE_ASSIGNMENT|[24]|inPasajero|{"IsDeleted":false,"Edad__c":59,"Nif__c":"123456781","Reserva__c":"a001r00000oUIs0AAG","Name":"Pasajero0"}|0x2e200ff
13:40:38.239 (360390878)|STATEMENT_EXECUTE|[24]
13:40:38.239 (360409538)|STATEMENT_EXECUTE|[25]
13:40:38.239 (360418412)|HEAP_ALLOCATE|[24]|Bytes:5
13:40:38.239 (360429446)|VARIABLE_ASSIGNMENT|[24]|inPasajero|null|
13:40:38.239 (360437494)|SYSTEM_MODE_EXIT|false
13:40:38.239 (360447168)|METHOD_EXIT|[10]|01p1r000008Zry1|PasajeroMethods.RellenarContacto(List<Pasajero__c>)
13:40:38.360 (360457671)|CUMULATIVE_LIMIT_USAGE
13:40:38.360 (360457671)|LIMIT_USAGE_FOR_NS|(default)|
  Number of SOQL queries: 4 out of 100
  Number of query rows: 1 out of 50000
  Number of SOSL queries: 0 out of 20
  Number of DML statements: 4 out of 150
  Number of DML rows: 4 out of 10000
  Maximum CPU time: 0 out of 10000
  Maximum heap size: 0 out of 6000000
  Number of callouts: 0 out of 100
  Number of Email Invocations: 0 out of 10
  Number of future calls: 0 out of 50
  Number of queueable jobs added to the queue: 0 out of 50
  Number of Mobile Apex push calls: 0 out of 10

13:40:38.360 (360457671)|CUMULATIVE_LIMIT_USAGE_END

13:40:38.239 (361805049)|CODE_UNIT_FINISHED|PasajeroTrigger on Pasajero trigger event BeforeInsert
13:40:38.239 (362720246)|DML_END|[63]
13:40:38.239 (362819565)|EXCEPTION_THROWN|[63]|System.DmlException: Insert failed. First exception on row 0; first error: FIELD_CUSTOM_VALIDATION_EXCEPTION, Error en la letra Nif: []
13:40:38.239 (363091251)|HEAP_ALLOCATE|[63]|Bytes:118
13:40:38.239 (363123928)|VARIABLE_SCOPE_BEGIN|[65]|e|Exception|true|false
13:40:38.239 (363241558)|VARIABLE_ASSIGNMENT|[65]|e|"common.apex.runtime.impl.DmlExecutionException: Insert failed. First exception on row 0; first error: FIELD_CUSTOM_VALIDATION_EXCEPTION, Error en la letra Nif: []"|0x2dfd71e1
13:40:38.239 (363252145)|STATEMENT_EXECUTE|[65]
13:40:38.239 (363254601)|STATEMENT_EXECUTE|[66]
13:40:38.239 (363288092)|HEAP_ALLOCATE|[66]|Bytes:114
13:40:38.239 (363332739)|STATEMENT_EXECUTE|[69]
13:40:38.239 (363334900)|STATEMENT_EXECUTE|[69]
13:40:38.239 (363336647)|STATEMENT_EXECUTE|[71]
13:40:38.239 (363355430)|HEAP_ALLOCATE|[71]|Bytes:4
13:40:38.239 (363391383)|VARIABLE_ASSIGNMENT|[71]|this.Name|"Pasajero0"|0x12d36cbb
13:40:38.239 (363418723)|VARIABLE_ASSIGNMENT|[71]|this.Reserva__c|"a001r00000oUIs0AAG"|0x12d36cbb
13:40:38.239 (363427535)|HEAP_ALLOCATE|[73]|Bytes:9
13:40:38.239 (363441367)|VARIABLE_ASSIGNMENT|[71]|this.Nif__c|"1234567BB"|0x12d36cbb
13:40:38.239 (363455716)|HEAP_ALLOCATE|[71]|Bytes:28
13:40:38.239 (363470892)|VARIABLE_ASSIGNMENT|[71]|this.Edad__c|59|0x12d36cbb
13:40:38.239 (363489673)|VARIABLE_SCOPE_BEGIN|[71]|oPasajero|Pasajero__c|true|false
13:40:38.239 (363527278)|VARIABLE_ASSIGNMENT|[71]|oPasajero|{"Name":"Pasajero0","Reserva__c":"a001r00000oUIs0AAG","Nif__c":"1234567BB","Edad__c":59}|0x12d36cbb
13:40:38.239 (363534710)|STATEMENT_EXECUTE|[75]
13:40:38.239 (363549397)|HEAP_ALLOCATE|[75]|Bytes:8
13:40:38.239 (363557331)|DML_BEGIN|[75]|Op:Insert|Type:Pasajero__c|Rows:1
13:40:38.239 (363579750)|HEAP_ALLOCATE|[EXTERNAL]|Bytes:8
13:40:38.239 (365823573)|CODE_UNIT_STARTED|[EXTERNAL]|01q1r000000j3dJ|PasajeroTrigger on Pasajero trigger event BeforeInsert
13:40:38.239 (365851682)|HEAP_ALLOCATE|[EXTERNAL]|Bytes:8
13:40:38.239 (365880076)|HEAP_ALLOCATE|[EXTERNAL]|Bytes:8
13:40:38.239 (365887177)|VARIABLE_SCOPE_BEGIN|[1]|this|PasajeroTrigger|true|false
13:40:38.239 (365909032)|VARIABLE_ASSIGNMENT|[1]|this|{}|0x4bad1ed9
13:40:38.239 (365941224)|HEAP_ALLOCATE|[EXTERNAL]|Bytes:8
13:40:38.239 (365947127)|VARIABLE_SCOPE_BEGIN|[1]|this|PasajeroTrigger|true|false
13:40:38.239 (365959181)|VARIABLE_ASSIGNMENT|[1]|this|{}|0x4bad1ed9
13:40:38.239 (365967070)|STATEMENT_EXECUTE|[1]
13:40:38.239 (365969301)|STATEMENT_EXECUTE|[4]
13:40:38.239 (366105982)|VARIABLE_ASSIGNMENT|[4]|this.listNew|[{"IsDeleted":false,"Edad__c":59,"Nif__c":"1234567BB","Reserva__c":"a001r00000oUIs0AAG","Name":"Pasajero0"}]|0x4bad1ed9
13:40:38.239 (366119615)|STATEMENT_EXECUTE|[7]
13:40:38.239 (366124490)|STATEMENT_EXECUTE|[8]
13:40:38.239 (366126096)|STATEMENT_EXECUTE|[9]
13:40:38.239 (366135083)|METHOD_ENTRY|[9]|01p1r000008Zry1|PasajeroMethods.ValidarNif(List<Pasajero__c>)
13:40:38.239 (366142707)|VARIABLE_SCOPE_BEGIN|[32]|listNew|List<Pasajero__c>|true|false
13:40:38.239 (366306502)|VARIABLE_ASSIGNMENT|[32]|listNew|[{"IsDeleted":false,"Edad__c":59,"Nif__c":"1234567BB","Reserva__c":"a001r00000oUIs0AAG","Name":"Pasajero0"}]|0x458c4b6b
13:40:38.239 (366640950)|SYSTEM_MODE_ENTER|false
13:40:38.239 (366650736)|HEAP_ALLOCATE|[34]|Bytes:5
13:40:38.239 (366657413)|STATEMENT_EXECUTE|[32]
13:40:38.239 (366673352)|STATEMENT_EXECUTE|[34]
13:40:38.239 (366675331)|STATEMENT_EXECUTE|[37]
13:40:38.239 (366686045)|HEAP_ALLOCATE|[37]|Bytes:4
13:40:38.239 (366782873)|SOQL_EXECUTE_BEGIN|[37]|Aggregations:0|SELECT Nif__c FROM Pasajero__c
13:40:38.239 (368827519)|SOQL_EXECUTE_END|[37]|Rows:0
13:40:38.239 (368848367)|HEAP_ALLOCATE|[37]|Bytes:4
13:40:38.239 (368857856)|HEAP_ALLOCATE|[37]|Bytes:0
13:40:38.239 (368884064)|HEAP_ALLOCATE|[37]|Bytes:4
13:40:38.239 (368893962)|VARIABLE_SCOPE_BEGIN|[37]|listPasajero|List<Pasajero__c>|true|false
13:40:38.239 (368908510)|VARIABLE_ASSIGNMENT|[37]|listPasajero|[]|0x4220273a
13:40:38.239 (368915682)|STATEMENT_EXECUTE|[39]
13:40:38.239 (368923187)|HEAP_ALLOCATE|[39]|Bytes:4
13:40:38.239 (368935982)|VARIABLE_SCOPE_BEGIN|[39]|listPasajeroNif|List<String>|true|false
13:40:38.239 (368953171)|HEAP_ALLOCATE|[EXTERNAL]|Bytes:4
13:40:38.239 (368960742)|VARIABLE_ASSIGNMENT|[39]|listPasajeroNif|[]|0x2a95c1cb
13:40:38.239 (368984517)|HEAP_ALLOCATE|[41]|Bytes:5
13:40:38.239 (368997043)|VARIABLE_ASSIGNMENT|[41]|inPasajero|null|
13:40:38.239 (369002987)|STATEMENT_EXECUTE|[41]
13:40:38.239 (369015634)|HEAP_ALLOCATE|[46]|Bytes:5
13:40:38.239 (369026283)|HEAP_ALLOCATE|[46]|Bytes:4
13:40:38.239 (369032323)|VARIABLE_SCOPE_BEGIN|[46]|inPasajero|Pasajero__c|true|false
13:40:38.239 (369129558)|VARIABLE_ASSIGNMENT|[46]|inPasajero|{"IsDeleted":false,"Edad__c":59,"Nif__c":"1234567BB","Reserva__c":"a001r00000oUIs0AAG","Name":"Pasajero0"}|0x4b757b13
13:40:38.239 (369137731)|STATEMENT_EXECUTE|[46]
13:40:38.239 (369139602)|STATEMENT_EXECUTE|[48]
13:40:38.239 (369160633)|HEAP_ALLOCATE|[48]|Bytes:8
13:40:38.239 (369171727)|VARIABLE_SCOPE_BEGIN|[48]|numerosNif|String|false|false
13:40:38.239 (369180707)|VARIABLE_ASSIGNMENT|[48]|numerosNif|"1234567B"
13:40:38.239 (369185184)|STATEMENT_EXECUTE|[50]
13:40:38.239 (369195706)|HEAP_ALLOCATE|[50]|Bytes:1
13:40:38.239 (369203789)|VARIABLE_SCOPE_BEGIN|[50]|letraNif|String|false|false
13:40:38.239 (369211684)|VARIABLE_ASSIGNMENT|[50]|letraNif|"B"
13:40:38.239 (369228071)|STATEMENT_EXECUTE|[52]
13:40:38.239 (369230003)|STATEMENT_EXECUTE|[53]
13:40:38.239 (369233601)|HEAP_ALLOCATE|[53]|Bytes:22
13:40:38.239 (369302621)|VF_PAGE_MESSAGE|Error en el número Nif
13:40:38.239 (369324575)|HEAP_ALLOCATE|[46]|Bytes:5
13:40:38.239 (369336998)|VARIABLE_ASSIGNMENT|[46]|inPasajero|null|
13:40:38.239 (369345280)|SYSTEM_MODE_EXIT|false
13:40:38.239 (369353636)|METHOD_EXIT|[9]|01p1r000008Zry1|PasajeroMethods.ValidarNif(List<Pasajero__c>)
13:40:38.239 (369359607)|STATEMENT_EXECUTE|[10]
13:40:38.239 (369368366)|METHOD_ENTRY|[10]|01p1r000008Zry1|PasajeroMethods.RellenarContacto(List<Pasajero__c>)
13:40:38.239 (369374352)|VARIABLE_SCOPE_BEGIN|[3]|listPasajeros|List<Pasajero__c>|true|false
13:40:38.239 (369460640)|VARIABLE_ASSIGNMENT|[3]|listPasajeros|[{"IsDeleted":false,"Edad__c":59,"Nif__c":"1234567BB","Reserva__c":"a001r00000oUIs0AAG","Name":"Pasajero0"}]|0x458c4b6b
13:40:38.239 (369485790)|SYSTEM_MODE_ENTER|false
13:40:38.239 (369492324)|HEAP_ALLOCATE|[5]|Bytes:5
13:40:38.239 (369504274)|STATEMENT_EXECUTE|[3]
13:40:38.239 (369516701)|STATEMENT_EXECUTE|[5]
13:40:38.239 (369518463)|STATEMENT_EXECUTE|[8]
13:40:38.239 (369526744)|HEAP_ALLOCATE|[8]|Bytes:4
13:40:38.239 (369538220)|VARIABLE_SCOPE_BEGIN|[8]|listNifs|List<String>|true|false
13:40:38.239 (369556537)|HEAP_ALLOCATE|[EXTERNAL]|Bytes:4
13:40:38.239 (369564500)|VARIABLE_ASSIGNMENT|[8]|listNifs|[]|0x501af0a8
13:40:38.239 (369583069)|HEAP_ALLOCATE|[10]|Bytes:5
13:40:38.239 (369594387)|HEAP_ALLOCATE|[10]|Bytes:4
13:40:38.239 (369600394)|VARIABLE_SCOPE_BEGIN|[10]|inPasajero|Pasajero__c|true|false
13:40:38.239 (369678465)|VARIABLE_ASSIGNMENT|[10]|inPasajero|{"IsDeleted":false,"Edad__c":59,"Nif__c":"1234567BB","Reserva__c":"a001r00000oUIs0AAG","Name":"Pasajero0"}|0x4b757b13
13:40:38.239 (369687076)|STATEMENT_EXECUTE|[10]
13:40:38.239 (369688799)|STATEMENT_EXECUTE|[11]
13:40:38.239 (369701229)|HEAP_ALLOCATE|[EXTERNAL]|Bytes:4
13:40:38.239 (369713822)|HEAP_ALLOCATE|[10]|Bytes:5
13:40:38.239 (369723789)|VARIABLE_ASSIGNMENT|[10]|inPasajero|null|
13:40:38.239 (369729023)|STATEMENT_EXECUTE|[15]
13:40:38.239 (369738488)|HEAP_ALLOCATE|[15]|Bytes:4
13:40:38.239 (369888566)|SOQL_EXECUTE_BEGIN|[15]|Aggregations:0|SELECT Id, Name, Nif__c FROM Contact WHERE Nif__c IN :tmpVar1
13:40:38.239 (372747325)|SOQL_EXECUTE_END|[15]|Rows:0
13:40:38.239 (372767981)|HEAP_ALLOCATE|[15]|Bytes:4
13:40:38.239 (372776300)|HEAP_ALLOCATE|[15]|Bytes:0
13:40:38.239 (372802427)|HEAP_ALLOCATE|[15]|Bytes:4
13:40:38.239 (372812798)|VARIABLE_SCOPE_BEGIN|[15]|listContactos|List<Contact>|true|false
13:40:38.239 (372826194)|VARIABLE_ASSIGNMENT|[15]|listContactos|[]|0x7c5d5d11
13:40:38.239 (372833163)|STATEMENT_EXECUTE|[17]
13:40:38.239 (372845829)|HEAP_ALLOCATE|[17]|Bytes:4
13:40:38.239 (372854052)|VARIABLE_SCOPE_BEGIN|[17]|mapContactos|Map<String,Contact>|true|false
13:40:38.239 (372867220)|VARIABLE_ASSIGNMENT|[17]|mapContactos|{}|0xb3bd687
13:40:38.239 (372891228)|HEAP_ALLOCATE|[19]|Bytes:5
13:40:38.239 (372903796)|VARIABLE_ASSIGNMENT|[19]|inContact|null|
13:40:38.239 (372909308)|STATEMENT_EXECUTE|[19]
13:40:38.239 (372921780)|HEAP_ALLOCATE|[24]|Bytes:5
13:40:38.239 (372931571)|HEAP_ALLOCATE|[24]|Bytes:4
13:40:38.239 (372937928)|VARIABLE_SCOPE_BEGIN|[24]|inPasajero|Pasajero__c|true|false
13:40:38.239 (373037585)|VARIABLE_ASSIGNMENT|[24]|inPasajero|{"IsDeleted":false,"Edad__c":59,"Nif__c":"1234567BB","Reserva__c":"a001r00000oUIs0AAG","Name":"Pasajero0"}|0x4b757b13
13:40:38.239 (373046254)|STATEMENT_EXECUTE|[24]
13:40:38.239 (373062590)|STATEMENT_EXECUTE|[25]
13:40:38.239 (373070847)|HEAP_ALLOCATE|[24]|Bytes:5
13:40:38.239 (373081293)|VARIABLE_ASSIGNMENT|[24]|inPasajero|null|
13:40:38.239 (373087508)|SYSTEM_MODE_EXIT|false
13:40:38.239 (373096562)|METHOD_EXIT|[10]|01p1r000008Zry1|PasajeroMethods.RellenarContacto(List<Pasajero__c>)
13:40:38.373 (373105986)|CUMULATIVE_LIMIT_USAGE
13:40:38.373 (373105986)|LIMIT_USAGE_FOR_NS|(default)|
  Number of SOQL queries: 4 out of 100
  Number of query rows: 1 out of 50000
  Number of SOSL queries: 0 out of 20
  Number of DML statements: 5 out of 150
  Number of DML rows: 5 out of 10000
  Maximum CPU time: 0 out of 10000
  Maximum heap size: 0 out of 6000000
  Number of callouts: 0 out of 100
  Number of Email Invocations: 0 out of 10
  Number of future calls: 0 out of 50
  Number of queueable jobs added to the queue: 0 out of 50
  Number of Mobile Apex push calls: 0 out of 10

13:40:38.373 (373105986)|CUMULATIVE_LIMIT_USAGE_END

13:40:38.239 (374170290)|CODE_UNIT_FINISHED|PasajeroTrigger on Pasajero trigger event BeforeInsert
13:40:38.239 (374938922)|DML_END|[75]
13:40:38.239 (375004283)|EXCEPTION_THROWN|[75]|System.DmlException: Insert failed. First exception on row 0; first error: FIELD_CUSTOM_VALIDATION_EXCEPTION, Error en el número Nif: []
13:40:38.239 (375240729)|HEAP_ALLOCATE|[75]|Bytes:119
13:40:38.239 (375273197)|VARIABLE_SCOPE_BEGIN|[77]|e|Exception|true|false
13:40:38.239 (375336857)|VARIABLE_ASSIGNMENT|[77]|e|"common.apex.runtime.impl.DmlExecutionException: Insert failed. First exception on row 0; first error: FIELD_CUSTOM_VALIDATION_EXCEPTION, Error en el número Nif: []"|0x50188d56
13:40:38.239 (375346676)|STATEMENT_EXECUTE|[77]
13:40:38.239 (375348919)|STATEMENT_EXECUTE|[78]
13:40:38.239 (375375497)|HEAP_ALLOCATE|[78]|Bytes:115
13:40:38.375 (375415480)|CUMULATIVE_LIMIT_USAGE
13:40:38.375 (375415480)|LIMIT_USAGE_FOR_NS|(default)|
  Number of SOQL queries: 2 out of 100
  Number of query rows: 1 out of 50000
  Number of SOSL queries: 0 out of 20
  Number of DML statements: 5 out of 150
  Number of DML rows: 5 out of 10000
  Maximum CPU time: 0 out of 10000
  Maximum heap size: 0 out of 6000000
  Number of callouts: 0 out of 100
  Number of Email Invocations: 0 out of 10
  Number of future calls: 0 out of 50
  Number of queueable jobs added to the queue: 0 out of 50
  Number of Mobile Apex push calls: 0 out of 10

13:40:38.375 (375415480)|CUMULATIVE_LIMIT_USAGE_END

13:40:38.239 (375440732)|CODE_UNIT_FINISHED|PasajeroTest.ValidarNifTest
13:40:38.239 (376180264)|EXECUTION_FINISHED
13:40:38.452 (452563424)|USER_INFO|[EXTERNAL]|0051r000007Oz5Q|lydia.abril@gmail.com|hora estándar de Europa central|GMT+02:00
13:40:38.452 (452600840)|EXECUTION_STARTED
13:40:38.452 (452607678)|CODE_UNIT_STARTED|[EXTERNAL]|DuplicateDetector
13:40:38.452 (452626013)|DUPLICATE_DETECTION_BEGIN
13:40:38.452 (452731244)|DUPLICATE_DETECTION_RULE_INVOCATION|DuplicateRuleId:0Bm1r0000018X89|DuplicateRuleName:Standard Contact Duplicate Rule|DmlType:INSERT
13:40:38.452 (464187446)|DUPLICATE_DETECTION_END
13:40:38.452 (464196452)|CODE_UNIT_FINISHED|DuplicateDetector
13:40:38.452 (465059839)|EXECUTION_FINISHED
13:40:38.466 (466748633)|USER_INFO|[EXTERNAL]|0051r000007Oz5Q|lydia.abril@gmail.com|hora estándar de Europa central|GMT+02:00
13:40:38.466 (466770352)|EXECUTION_STARTED
13:40:38.466 (466774670)|CODE_UNIT_STARTED|[EXTERNAL]|DuplicateDetector
13:40:38.466 (466785126)|DUPLICATE_DETECTION_BEGIN
13:40:38.466 (466826972)|DUPLICATE_DETECTION_RULE_INVOCATION|DuplicateRuleId:0Bm1r0000018X88|DuplicateRuleName:Standard Account Duplicate Rule|DmlType:INSERT
13:40:38.466 (475164655)|DUPLICATE_DETECTION_END
13:40:38.466 (475170096)|CODE_UNIT_FINISHED|DuplicateDetector
13:40:38.466 (476218947)|EXECUTION_FINISHED
