36.0 APEX_CODE,FINEST;APEX_PROFILING,INFO;CALLOUT,INFO;DB,INFO;SYSTEM,DEBUG;VALIDATION,INFO;VISUALFORCE,INFO;WAVE,INFO;WORKFLOW,INFO
10:53:06.0 (500822)|USER_INFO|[EXTERNAL]|0051r000007Oz5Q|lydia.abril@gmail.com|hora estándar de Europa central|GMT+02:00
10:53:06.0 (560293)|EXECUTION_STARTED
10:53:06.0 (566519)|CODE_UNIT_STARTED|[EXTERNAL]|TRIGGERS
10:53:06.0 (1365480)|CODE_UNIT_STARTED|[EXTERNAL]|01q1r000000j3dJ|PasajeroTrigger on Pasajero trigger event BeforeInsert
10:53:06.0 (1407670)|HEAP_ALLOCATE|[EXTERNAL]|Bytes:8
10:53:06.0 (1814530)|HEAP_ALLOCATE|[72]|Bytes:3
10:53:06.0 (1854522)|HEAP_ALLOCATE|[77]|Bytes:152
10:53:06.0 (1871094)|HEAP_ALLOCATE|[342]|Bytes:408
10:53:06.0 (1882642)|HEAP_ALLOCATE|[355]|Bytes:408
10:53:06.0 (1893960)|HEAP_ALLOCATE|[467]|Bytes:48
10:53:06.0 (1923003)|HEAP_ALLOCATE|[139]|Bytes:6
10:53:06.0 (2018884)|HEAP_ALLOCATE|[EXTERNAL]|Bytes:8
10:53:06.0 (2034383)|VARIABLE_SCOPE_BEGIN|[1]|this|PasajeroTrigger|true|false
10:53:06.0 (2104182)|VARIABLE_ASSIGNMENT|[1]|this|{}|0x5d485ef2
10:53:06.0 (2164653)|HEAP_ALLOCATE|[EXTERNAL]|Bytes:8
10:53:06.0 (2233762)|VARIABLE_SCOPE_BEGIN|[1]|this|PasajeroTrigger|true|false
10:53:06.0 (2249887)|VARIABLE_ASSIGNMENT|[1]|this|{}|0x5d485ef2
10:53:06.0 (2265570)|STATEMENT_EXECUTE|[1]
10:53:06.0 (2268790)|STATEMENT_EXECUTE|[4]
10:53:06.0 (2302511)|HEAP_ALLOCATE|[50]|Bytes:5
10:53:06.0 (2325711)|HEAP_ALLOCATE|[56]|Bytes:5
10:53:06.0 (2335053)|HEAP_ALLOCATE|[64]|Bytes:7
10:53:06.0 (2657163)|VARIABLE_ASSIGNMENT|[4]|this.listNew|[{"IsDeleted":false,"Nombre_pasajero__c":"bbbbb","Edad__c":12,"Nif__c":"11111111B","Reserva__c":"a001r00000oUEbDAAW","Name":"bbbbb"}]|0x5d485ef2
10:53:06.0 (2678274)|STATEMENT_EXECUTE|[7]
10:53:06.0 (2686339)|STATEMENT_EXECUTE|[8]
10:53:06.0 (2688716)|STATEMENT_EXECUTE|[9]
10:53:06.0 (7396992)|HEAP_ALLOCATE|[9]|Bytes:7
10:53:06.0 (7411401)|HEAP_ALLOCATE|[9]|Bytes:2
10:53:06.0 (7433946)|METHOD_ENTRY|[1]|01p1r000008Zry1|PasajeroMethods.PasajeroMethods()
10:53:06.0 (7445035)|STATEMENT_EXECUTE|[1]
10:53:06.0 (7454898)|STATEMENT_EXECUTE|[1]
10:53:06.0 (7860708)|SYSTEM_MODE_ENTER|false
10:53:06.0 (7879367)|HEAP_ALLOCATE|[9]|Bytes:5
10:53:06.0 (7888713)|SYSTEM_MODE_EXIT|false
10:53:06.0 (7900937)|METHOD_EXIT|[1]|PasajeroMethods
10:53:06.0 (7933503)|METHOD_ENTRY|[9]|01p1r000008Zry1|PasajeroMethods.ValidarNif(List<Pasajero__c>)
10:53:06.0 (7971625)|VARIABLE_SCOPE_BEGIN|[65]|listNew|List<Pasajero__c>|true|false
10:53:06.0 (8120829)|VARIABLE_ASSIGNMENT|[65]|listNew|[{"IsDeleted":false,"Nombre_pasajero__c":"bbbbb","Edad__c":12,"Nif__c":"11111111B","Reserva__c":"a001r00000oUEbDAAW","Name":"bbbbb"}]|0x79b1f0f3
10:53:06.0 (8142857)|SYSTEM_MODE_ENTER|false
10:53:06.0 (8150125)|HEAP_ALLOCATE|[67]|Bytes:5
10:53:06.0 (8159124)|STATEMENT_EXECUTE|[65]
10:53:06.0 (8256793)|STATEMENT_EXECUTE|[67]
10:53:06.0 (8260165)|STATEMENT_EXECUTE|[70]
10:53:06.0 (8264994)|HEAP_ALLOCATE|[70]|Bytes:30
10:53:06.0 (8291019)|HEAP_ALLOCATE|[70]|Bytes:4
10:53:06.0 (8474039)|SOQL_EXECUTE_BEGIN|[70]|Aggregations:0|SELECT Nif__c FROM Pasajero__c
10:53:06.0 (10111873)|SOQL_EXECUTE_END|[70]|Rows:3
10:53:06.0 (10133747)|HEAP_ALLOCATE|[70]|Bytes:16
10:53:06.0 (10152417)|HEAP_ALLOCATE|[70]|Bytes:144
10:53:06.0 (10181694)|HEAP_ALLOCATE|[70]|Bytes:16
10:53:06.0 (10192379)|VARIABLE_SCOPE_BEGIN|[70]|listPasajero|List<Pasajero__c>|true|false
10:53:06.0 (10217988)|VARIABLE_ASSIGNMENT|[70]|listPasajero|[{"Nif__c":"987654765","Id":"a021r00000dd60CAAQ"},{"Nif__c":"111222333","Id":"a021r00000dd5yHAAQ"},{"Nif__c":"111111111","Id":"a021r00000dd5xYAAQ"}]|0x77088dc6
10:53:06.0 (10230229)|STATEMENT_EXECUTE|[72]
10:53:06.0 (10242483)|HEAP_ALLOCATE|[72]|Bytes:4
10:53:06.0 (10271435)|VARIABLE_SCOPE_BEGIN|[72]|listPasajeroNif|List<String>|true|false
10:53:06.0 (10298001)|HEAP_ALLOCATE|[EXTERNAL]|Bytes:4
10:53:06.0 (10310187)|VARIABLE_ASSIGNMENT|[72]|listPasajeroNif|[]|0x783f3fde
10:53:06.0 (10467761)|HEAP_ALLOCATE|[74]|Bytes:5
10:53:06.0 (10483185)|HEAP_ALLOCATE|[74]|Bytes:12
10:53:06.0 (10491081)|VARIABLE_SCOPE_BEGIN|[74]|inPasajero|Pasajero__c|true|false
10:53:06.0 (10507160)|VARIABLE_ASSIGNMENT|[74]|inPasajero|{"Nif__c":"987654765","Id":"a021r00000dd60CAAQ"}|0xefacff6
10:53:06.0 (10517080)|STATEMENT_EXECUTE|[74]
10:53:06.0 (10519428)|STATEMENT_EXECUTE|[75]
10:53:06.0 (10574645)|HEAP_ALLOCATE|[EXTERNAL]|Bytes:4
10:53:06.0 (10591587)|HEAP_ALLOCATE|[74]|Bytes:5
10:53:06.0 (10601518)|HEAP_ALLOCATE|[74]|Bytes:12
10:53:06.0 (10608135)|VARIABLE_SCOPE_BEGIN|[74]|inPasajero|Pasajero__c|true|false
10:53:06.0 (10621403)|VARIABLE_ASSIGNMENT|[74]|inPasajero|{"Nif__c":"111222333","Id":"a021r00000dd5yHAAQ"}|0x3daf1552
10:53:06.0 (10629830)|STATEMENT_EXECUTE|[74]
10:53:06.0 (10632096)|STATEMENT_EXECUTE|[75]
10:53:06.0 (10641992)|HEAP_ALLOCATE|[EXTERNAL]|Bytes:4
10:53:06.0 (10653024)|HEAP_ALLOCATE|[74]|Bytes:5
10:53:06.0 (10660982)|HEAP_ALLOCATE|[74]|Bytes:12
10:53:06.0 (10666299)|VARIABLE_SCOPE_BEGIN|[74]|inPasajero|Pasajero__c|true|false
10:53:06.0 (10677340)|VARIABLE_ASSIGNMENT|[74]|inPasajero|{"Nif__c":"111111111","Id":"a021r00000dd5xYAAQ"}|0x3c6f1cf6
10:53:06.0 (10684174)|STATEMENT_EXECUTE|[74]
10:53:06.0 (10686418)|STATEMENT_EXECUTE|[75]
10:53:06.0 (10693447)|HEAP_ALLOCATE|[EXTERNAL]|Bytes:4
10:53:06.0 (10702618)|HEAP_ALLOCATE|[74]|Bytes:5
10:53:06.0 (10711962)|VARIABLE_ASSIGNMENT|[74]|inPasajero|null|
10:53:06.0 (10735375)|HEAP_ALLOCATE|[79]|Bytes:5
10:53:06.0 (10746391)|HEAP_ALLOCATE|[79]|Bytes:4
10:53:06.0 (10752089)|VARIABLE_SCOPE_BEGIN|[79]|inPasajero|Pasajero__c|true|false
10:53:06.0 (10900977)|VARIABLE_ASSIGNMENT|[79]|inPasajero|{"IsDeleted":false,"Nombre_pasajero__c":"bbbbb","Edad__c":12,"Nif__c":"11111111B","Reserva__c":"a001r00000oUEbDAAW","Name":"bbbbb"}|0x54752430
10:53:06.0 (10911902)|STATEMENT_EXECUTE|[79]
10:53:06.0 (10914134)|STATEMENT_EXECUTE|[81]
10:53:06.0 (10961344)|HEAP_ALLOCATE|[81]|Bytes:8
10:53:06.0 (10973911)|VARIABLE_SCOPE_BEGIN|[81]|numerosNif|String|false|false
10:53:06.0 (10984693)|VARIABLE_ASSIGNMENT|[81]|numerosNif|"11111111"
10:53:06.0 (10991335)|STATEMENT_EXECUTE|[83]
10:53:06.0 (11014378)|VARIABLE_SCOPE_BEGIN|[83]|letraNif|String|false|false
10:53:06.0 (11025753)|VARIABLE_ASSIGNMENT|[83]|letraNif|""
10:53:06.0 (11100421)|STATEMENT_EXECUTE|[89]
10:53:06.0 (11102982)|STATEMENT_EXECUTE|[90]
10:53:06.0 (11106397)|HEAP_ALLOCATE|[90]|Bytes:22
10:53:06.0 (11116337)|HEAP_ALLOCATE|[90]|Bytes:22
10:53:06.0 (11175312)|HEAP_ALLOCATE|[79]|Bytes:5
10:53:06.0 (11187716)|VARIABLE_ASSIGNMENT|[79]|inPasajero|null|
10:53:06.0 (11196036)|SYSTEM_MODE_EXIT|false
10:53:06.0 (11205019)|METHOD_EXIT|[9]|01p1r000008Zry1|PasajeroMethods.ValidarNif(List<Pasajero__c>)
10:53:06.0 (11213135)|STATEMENT_EXECUTE|[10]
10:53:06.0 (11233859)|METHOD_ENTRY|[10]|01p1r000008Zry1|PasajeroMethods.RellenarContacto(List<Pasajero__c>)
10:53:06.0 (11253180)|VARIABLE_SCOPE_BEGIN|[33]|listPasajeros|List<Pasajero__c>|true|false
10:53:06.0 (11349056)|VARIABLE_ASSIGNMENT|[33]|listPasajeros|[{"IsDeleted":false,"Nombre_pasajero__c":"bbbbb","Edad__c":12,"Nif__c":"11111111B","Reserva__c":"a001r00000oUEbDAAW","Name":"bbbbb"}]|0x79b1f0f3
10:53:06.0 (11368697)|SYSTEM_MODE_ENTER|false
10:53:06.0 (11375870)|HEAP_ALLOCATE|[35]|Bytes:5
10:53:06.0 (11383378)|STATEMENT_EXECUTE|[33]
10:53:06.0 (11405439)|STATEMENT_EXECUTE|[35]
10:53:06.0 (11408281)|STATEMENT_EXECUTE|[38]
10:53:06.0 (11417085)|HEAP_ALLOCATE|[38]|Bytes:4
10:53:06.0 (11433076)|VARIABLE_SCOPE_BEGIN|[38]|listNifs|List<String>|true|false
10:53:06.0 (11452971)|HEAP_ALLOCATE|[EXTERNAL]|Bytes:4
10:53:06.0 (11462010)|VARIABLE_ASSIGNMENT|[38]|listNifs|[]|0x3acee268
10:53:06.0 (11489129)|HEAP_ALLOCATE|[40]|Bytes:5
10:53:06.0 (11501734)|HEAP_ALLOCATE|[40]|Bytes:4
10:53:06.0 (11509038)|VARIABLE_SCOPE_BEGIN|[40]|inPasajero|Pasajero__c|true|false
10:53:06.0 (11597227)|VARIABLE_ASSIGNMENT|[40]|inPasajero|{"IsDeleted":false,"Nombre_pasajero__c":"bbbbb","Edad__c":12,"Nif__c":"11111111B","Reserva__c":"a001r00000oUEbDAAW","Name":"bbbbb"}|0x54752430
10:53:06.0 (11608156)|STATEMENT_EXECUTE|[40]
10:53:06.0 (11610541)|STATEMENT_EXECUTE|[41]
10:53:06.0 (11636273)|HEAP_ALLOCATE|[EXTERNAL]|Bytes:4
10:53:06.0 (11645774)|STATEMENT_EXECUTE|[43]
10:53:06.0 (11675487)|USER_DEBUG|[43]|DEBUG|11111111B
10:53:06.0 (11693133)|HEAP_ALLOCATE|[40]|Bytes:5
10:53:06.0 (11704272)|VARIABLE_ASSIGNMENT|[40]|inPasajero|null|
10:53:06.0 (11714232)|SYSTEM_MODE_EXIT|false
10:53:06.0 (11722330)|METHOD_EXIT|[10]|01p1r000008Zry1|PasajeroMethods.RellenarContacto(List<Pasajero__c>)
10:53:06.11 (11737041)|CUMULATIVE_LIMIT_USAGE
10:53:06.11 (11737041)|LIMIT_USAGE_FOR_NS|(default)|
  Number of SOQL queries: 1 out of 100
  Number of query rows: 3 out of 50000
  Number of SOSL queries: 0 out of 20
  Number of DML statements: 0 out of 150
  Number of DML rows: 0 out of 10000
  Maximum CPU time: 0 out of 10000
  Maximum heap size: 0 out of 6000000
  Number of callouts: 0 out of 100
  Number of Email Invocations: 0 out of 10
  Number of future calls: 0 out of 50
  Number of queueable jobs added to the queue: 0 out of 50
  Number of Mobile Apex push calls: 0 out of 10

10:53:06.11 (11737041)|CUMULATIVE_LIMIT_USAGE_END

10:53:06.0 (12917772)|CODE_UNIT_FINISHED|PasajeroTrigger on Pasajero trigger event BeforeInsert
10:53:06.0 (24193610)|CODE_UNIT_FINISHED|TRIGGERS
10:53:06.0 (24208499)|EXECUTION_FINISHED
