42.0 APEX_CODE,FINEST;APEX_PROFILING,INFO;CALLOUT,INFO;DB,INFO;SYSTEM,DEBUG;VALIDATION,INFO;VISUALFORCE,INFO;WAVE,INFO;WORKFLOW,INFO
Execute Anonymous: // Add account and related contact
Execute Anonymous: Account acct = new Account(
Execute Anonymous:     Name='SFDC Computing',
Execute Anonymous:     Phone='(415)555-1212',
Execute Anonymous:     NumberOfEmployees=50,
Execute Anonymous:     BillingCity='San Francisco');
Execute Anonymous: insert acct;
Execute Anonymous: // Once the account is inserted, the sObject will be 
Execute Anonymous: // populated with an ID.
Execute Anonymous: // Get this ID.
Execute Anonymous: ID acctID = acct.ID;
Execute Anonymous: // Add a contact to this account.
Execute Anonymous: Contact con = new Contact(
Execute Anonymous:     FirstName='Carol',
Execute Anonymous:     LastName='Ruiz',
Execute Anonymous:     Phone='(415)555-1212',
Execute Anonymous:     Department='Wingo',
Execute Anonymous:     AccountId=acctID);
Execute Anonymous: insert con;
Execute Anonymous: // Add account with no contact
Execute Anonymous: Account acct2 = new Account(
Execute Anonymous:     Name='The SFDC Query Man',
Execute Anonymous:     Phone='(310)555-1213',
Execute Anonymous:     NumberOfEmployees=50,
Execute Anonymous:     BillingCity='Los Angeles',
Execute Anonymous:     Description='Expert in wing technologies.');
Execute Anonymous: insert acct2;
13:30:56.1 (1400708)|USER_INFO|[EXTERNAL]|0051r000007Oz5Q|lydia.abril@gmail.com|hora estándar de Europa central|GMT+01:00
13:30:56.1 (1424496)|EXECUTION_STARTED
13:30:56.1 (1442910)|CODE_UNIT_STARTED|[EXTERNAL]|execute_anonymous_apex
13:30:56.1 (1578257)|VARIABLE_SCOPE_BEGIN|[2]|acct|Account|true|false
13:30:56.1 (1589076)|VARIABLE_SCOPE_BEGIN|[21]|acct2|Account|true|false
13:30:56.1 (1605931)|VARIABLE_SCOPE_BEGIN|[11]|acctID|Id|false|false
13:30:56.1 (1622626)|VARIABLE_SCOPE_BEGIN|[13]|con|Contact|true|false
13:30:56.1 (1731689)|HEAP_ALLOCATE|[72]|Bytes:3
13:30:56.1 (1768811)|HEAP_ALLOCATE|[77]|Bytes:152
13:30:56.1 (1785218)|HEAP_ALLOCATE|[342]|Bytes:408
13:30:56.1 (1795134)|HEAP_ALLOCATE|[355]|Bytes:408
13:30:56.1 (1804202)|HEAP_ALLOCATE|[467]|Bytes:48
13:30:56.1 (1831492)|HEAP_ALLOCATE|[139]|Bytes:6
13:30:56.1 (1843843)|HEAP_ALLOCATE|[EXTERNAL]|Bytes:56
13:30:56.1 (1985056)|STATEMENT_EXECUTE|[1]
13:30:56.1 (1987778)|STATEMENT_EXECUTE|[2]
13:30:56.1 (2018429)|HEAP_ALLOCATE|[2]|Bytes:4
13:30:56.1 (2106368)|HEAP_ALLOCATE|[3]|Bytes:14
13:30:56.1 (2157547)|VARIABLE_ASSIGNMENT|[2]|this.Name|"SFDC Computing"|0x594b5d1f
13:30:56.1 (2165253)|HEAP_ALLOCATE|[4]|Bytes:13
13:30:56.1 (2181178)|VARIABLE_ASSIGNMENT|[2]|this.Phone|"(415)555-1212"|0x594b5d1f
13:30:56.1 (2199194)|VARIABLE_ASSIGNMENT|[2]|this.NumberOfEmployees|50|0x594b5d1f
13:30:56.1 (2205306)|HEAP_ALLOCATE|[6]|Bytes:13
13:30:56.1 (2217785)|VARIABLE_ASSIGNMENT|[2]|this.BillingCity|"San Francisco"|0x594b5d1f
13:30:56.1 (2255808)|VARIABLE_ASSIGNMENT|[2]|acct|{"Name":"SFDC Computing","Phone":"(415)555-1212","NumberOfEmployees":50,"BillingCity":"San Francisco"}|0x594b5d1f
13:30:56.1 (2262378)|STATEMENT_EXECUTE|[7]
13:30:56.1 (2295623)|HEAP_ALLOCATE|[50]|Bytes:5
13:30:56.1 (2316161)|HEAP_ALLOCATE|[56]|Bytes:5
13:30:56.1 (2323383)|HEAP_ALLOCATE|[64]|Bytes:7
13:30:56.1 (2356557)|HEAP_ALLOCATE|[7]|Bytes:8
13:30:56.1 (2368285)|DML_BEGIN|[7]|Op:Insert|Type:Account|Rows:1
13:30:56.1 (2406226)|HEAP_ALLOCATE|[EXTERNAL]|Bytes:8
13:30:56.1 (10691331)|CODE_UNIT_STARTED|[EXTERNAL]|Validation:Account:new
13:30:56.1 (10707997)|VALIDATION_RULE|03d1r00000068gy|Account_Number_8_Characters
13:30:56.1 (10850133)|VALIDATION_FORMULA|LEN( AccountNumber) != 8|AccountNumber=null
13:30:56.1 (10862323)|VALIDATION_FAIL
13:30:56.1 (10900395)|CODE_UNIT_FINISHED|Validation:Account:new
13:30:56.1 (11541875)|DML_END|[7]
13:30:56.1 (11639150)|EXCEPTION_THROWN|[7]|System.DmlException: Insert failed. First exception on row 0; first error: FIELD_CUSTOM_VALIDATION_EXCEPTION, Account number must be 8 characters long.: []
13:30:56.1 (11949236)|HEAP_ALLOCATE|[7]|Bytes:138
13:30:56.1 (12022918)|FATAL_ERROR|System.DmlException: Insert failed. First exception on row 0; first error: FIELD_CUSTOM_VALIDATION_EXCEPTION, Account number must be 8 characters long.: []

AnonymousBlock: line 7, column 1
13:30:56.12 (12033055)|CUMULATIVE_LIMIT_USAGE
13:30:56.12 (12033055)|LIMIT_USAGE_FOR_NS|(default)|
  Number of SOQL queries: 0 out of 100
  Number of query rows: 0 out of 50000
  Number of SOSL queries: 0 out of 20
  Number of DML statements: 1 out of 150
  Number of DML rows: 1 out of 10000
  Maximum CPU time: 0 out of 10000
  Maximum heap size: 0 out of 6000000
  Number of callouts: 0 out of 100
  Number of Email Invocations: 0 out of 10
  Number of future calls: 0 out of 50
  Number of queueable jobs added to the queue: 0 out of 50
  Number of Mobile Apex push calls: 0 out of 10

13:30:56.12 (12033055)|CUMULATIVE_LIMIT_USAGE_END

13:30:56.1 (12068230)|CODE_UNIT_FINISHED|execute_anonymous_apex
13:30:56.1 (13063819)|EXECUTION_FINISHED
