33.0 APEX_CODE,FINEST;APEX_PROFILING,INFO;CALLOUT,INFO;DB,INFO;SYSTEM,DEBUG;VALIDATION,INFO;VISUALFORCE,INFO;WAVE,INFO;WORKFLOW,INFO
Execute Anonymous: Account a  = new Account(name='a',Type='Prospect',NumberOfEmployees=501);insert a;Id uid = UserInfo.getUserId();Approval.ProcessSubmitRequest submit1 = new Approval.ProcessSubmitRequest();submit1.setComments('Submitting');submit1.setObjectId(a.Id);submit1.setSubmitterId(uid);submit1.setProcessDefinitionNameOrId('Approve_New_Account');Approval.ProcessResult submitResult = Approval.process(submit1);Id stepId = submitResult.getNewWorkItemIds()[0];a = [select Type from Account where Id = : submitResult.getEntityId()];System.assertEquals('Pending', a.Type, 'incorrect type value');Approval.ProcessWorkItemRequest submit2 = new Approval.ProcessWorkItemRequest();submit2.setComments('Rejection');submit2.setAction('Reject');submit2.setWorkItemId(stepId);submitResult = Approval.process(submit2);a = [select Type from Account where Id = : submitResult.getEntityId()];System.assertEquals('Prospect', a.Type, 'incorrect type value');System.assert(false,'rock on with your bad self');
10:21:36.1 (1155419)|USER_INFO|[EXTERNAL]|0051r000007Oz5Q|lydia.abril@gmail.com|hora estándar de Europa central|GMT+02:00
10:21:36.1 (1174860)|EXECUTION_STARTED
10:21:36.1 (1178523)|CODE_UNIT_STARTED|[EXTERNAL]|execute_anonymous_apex
10:21:36.1 (1287957)|VARIABLE_SCOPE_BEGIN|[1]|a|Account|true|false
10:21:36.1 (1309180)|VARIABLE_SCOPE_BEGIN|[1]|stepId|Id|false|false
10:21:36.1 (1341539)|VARIABLE_SCOPE_BEGIN|[1]|submit1|Approval.ProcessSubmitRequest|true|false
10:21:36.1 (1355895)|VARIABLE_SCOPE_BEGIN|[1]|submit2|Approval.ProcessWorkitemRequest|true|false
10:21:36.1 (1369744)|VARIABLE_SCOPE_BEGIN|[1]|submitResult|Approval.ProcessResult|true|false
10:21:36.1 (1377972)|VARIABLE_SCOPE_BEGIN|[1]|uid|Id|false|false
10:21:36.1 (1469402)|HEAP_ALLOCATE|[72]|Bytes:3
10:21:36.1 (1505337)|HEAP_ALLOCATE|[77]|Bytes:152
10:21:36.1 (1518058)|HEAP_ALLOCATE|[342]|Bytes:408
10:21:36.1 (1530914)|HEAP_ALLOCATE|[355]|Bytes:408
10:21:36.1 (1541650)|HEAP_ALLOCATE|[467]|Bytes:48
10:21:36.1 (1564204)|HEAP_ALLOCATE|[139]|Bytes:6
10:21:36.1 (1578386)|HEAP_ALLOCATE|[EXTERNAL]|Bytes:1
10:21:36.1 (1761656)|STATEMENT_EXECUTE|[1]
10:21:36.1 (1764860)|STATEMENT_EXECUTE|[1]
10:21:36.1 (1787530)|HEAP_ALLOCATE|[1]|Bytes:4
10:21:36.1 (1854530)|HEAP_ALLOCATE|[1]|Bytes:1
10:21:36.1 (1905221)|VARIABLE_ASSIGNMENT|[1]|this.Name|"a"|0x7d8ef109
10:21:36.1 (1913255)|HEAP_ALLOCATE|[1]|Bytes:8
10:21:36.1 (1929715)|VARIABLE_ASSIGNMENT|[1]|this.Type|"Prospect"|0x7d8ef109
10:21:36.1 (1948870)|VARIABLE_ASSIGNMENT|[1]|this.NumberOfEmployees|501|0x7d8ef109
10:21:36.1 (2010556)|VARIABLE_ASSIGNMENT|[1]|a|{"Name":"a","Type":"Prospect","NumberOfEmployees":501}|0x7d8ef109
10:21:36.1 (2018806)|STATEMENT_EXECUTE|[1]
10:21:36.1 (2054127)|HEAP_ALLOCATE|[50]|Bytes:5
10:21:36.1 (2071115)|HEAP_ALLOCATE|[56]|Bytes:5
10:21:36.1 (2078866)|HEAP_ALLOCATE|[64]|Bytes:7
10:21:36.1 (2106670)|HEAP_ALLOCATE|[1]|Bytes:8
10:21:36.1 (2117918)|DML_BEGIN|[1]|Op:Insert|Type:Account|Rows:1
10:21:36.1 (2147646)|HEAP_ALLOCATE|[EXTERNAL]|Bytes:8
10:21:36.1 (15155648)|CODE_UNIT_STARTED|[EXTERNAL]|DuplicateDetector
10:21:36.1 (15173295)|DUPLICATE_DETECTION_BEGIN
10:21:36.1 (15690591)|DUPLICATE_DETECTION_RULE_INVOCATION|DuplicateRuleId:0Bm1r0000018X88|DuplicateRuleName:Standard Account Duplicate Rule|DmlType:INSERT
10:21:36.1 (53331125)|DUPLICATE_DETECTION_MATCH_INVOCATION_DETAILS|EntityType:Account|ActionTaken:Allow_[Alert,Report]|DuplicateRecordIds:
10:21:36.1 (53355067)|DUPLICATE_DETECTION_MATCH_INVOCATION_SUMMARY|EntityType:Account|NumRecordsToBeSaved:1|NumRecordsToBeSavedWithDuplicates:0|NumDuplicateRecordsFound:0
10:21:36.1 (53484953)|DUPLICATE_DETECTION_END
10:21:36.1 (53490882)|CODE_UNIT_FINISHED|DuplicateDetector
10:21:36.1 (79021514)|CODE_UNIT_STARTED|[EXTERNAL]|Workflow:Account
10:21:36.1 (84723231)|WF_RULE_EVAL_BEGIN|Workflow
10:21:36.1 (84751298)|WF_CRITERIA_BEGIN|[Account: a 0011r00001nohr5]|PruebaProcess3011r000000gjFE|01Q1r000000mVFX|ON_ALL_CHANGES|0
10:21:36.1 (84951195)|WF_FORMULA|Formula:ENCODED:[treatNullAsNull]true|Values:
10:21:36.1 (84958040)|WF_CRITERIA_END|true
10:21:36.1 (85566818)|WF_SPOOL_ACTION_BEGIN|Workflow
10:21:36.1 (85587717)|WF_ACTION| Flow Trigger: 1;
10:21:36.1 (85592268)|WF_RULE_EVAL_END
10:21:36.1 (86263219)|WF_FLOW_ACTION_BEGIN|09L1r000000Xt57
10:21:36.86 (86327053)|FLOW_CREATE_INTERVIEW_BEGIN|00D1r000001H7aI|3001r000000gDp4|3011r000000gjFE
10:21:36.86 (88140854)|FLOW_CREATE_INTERVIEW_END|185832da7dee7dda7e60a457a60162d7cfe7ea-4774|PruebaProcess
10:21:36.88 (88351821)|FLOW_START_INTERVIEWS_BEGIN|1
10:21:36.88 (88366615)|FLOW_START_INTERVIEW_BEGIN|185832da7dee7dda7e60a457a60162d7cfe7ea-4774|PruebaProcess
10:21:36.88 (89594926)|FLOW_START_INTERVIEW_END|185832da7dee7dda7e60a457a60162d7cfe7ea-4774|PruebaProcess
10:21:36.88 (121936686)|FLOW_START_INTERVIEWS_END|1
10:21:36.1 (122582365)|WF_FLOW_ACTION_END|09L1r000000Xt57
10:21:36.1 (122662883)|WF_ACTIONS_END| Flow Trigger: 1;
10:21:36.1 (122671454)|CODE_UNIT_FINISHED|Workflow:Account
10:21:36.1 (125266073)|DML_END|[1]
10:21:36.1 (125288355)|STATEMENT_EXECUTE|[1]
10:21:36.1 (125344416)|SYSTEM_MODE_ENTER|false
10:21:36.1 (125365179)|HEAP_ALLOCATE|[1]|Bytes:5
10:21:36.1 (125448894)|HEAP_ALLOCATE|[1]|Bytes:85
10:21:36.1 (125463048)|SYSTEM_METHOD_ENTRY|[1]|UserInfo.UserInfo()
10:21:36.1 (125467757)|STATEMENT_EXECUTE|[1]
10:21:36.1 (125475894)|SYSTEM_METHOD_EXIT|[1]|UserInfo
10:21:36.1 (125490897)|METHOD_ENTRY|[1]||System.UserInfo.getUserId()
10:21:36.1 (125515988)|METHOD_EXIT|[1]||System.UserInfo.getUserId()
10:21:36.1 (125524074)|SYSTEM_MODE_EXIT|false
10:21:36.1 (125540406)|HEAP_ALLOCATE|[1]|Bytes:4
10:21:36.1 (125654028)|VARIABLE_ASSIGNMENT|[1]|uid|"0051r000007Oz5QAAS"
10:21:36.1 (125661903)|STATEMENT_EXECUTE|[1]
10:21:36.1 (125736415)|VARIABLE_ASSIGNMENT|[1]|submit1|"common.api.soap.wsdl.ProcessSubmitRequest@655e5460"|0x5ac7880c
10:21:36.1 (125744253)|STATEMENT_EXECUTE|[1]
10:21:36.1 (125749796)|HEAP_ALLOCATE|[1]|Bytes:10
10:21:36.1 (125793361)|STATEMENT_EXECUTE|[1]
10:21:36.1 (125830388)|HEAP_ALLOCATE|[1]|Bytes:18
10:21:36.1 (125849149)|STATEMENT_EXECUTE|[1]
10:21:36.1 (125854469)|HEAP_ALLOCATE|[1]|Bytes:18
10:21:36.1 (125874311)|STATEMENT_EXECUTE|[1]
10:21:36.1 (125878444)|HEAP_ALLOCATE|[1]|Bytes:19
10:21:36.1 (125893405)|STATEMENT_EXECUTE|[1]
10:21:36.1 (125936676)|HEAP_ALLOCATE|[1]|Bytes:8
10:21:36.1 (125953991)|DML_BEGIN|[1]|Op:Process|Type:ProcessRequest|Rows:1
10:21:36.1 (125985752)|HEAP_ALLOCATE|[EXTERNAL]|Bytes:8
10:21:36.1 (132558218)|CODE_UNIT_STARTED|[EXTERNAL]|Workflow:ApprovalProcessActions
10:21:36.1 (135745224)|WF_APPROVAL_SUBMIT|[Account: a 0011r00001nohr5]
10:21:36.1 (136340207)|WF_APPROVAL_SUBMITTER|Lydia Abril|0051r000007Oz5QAAS
10:21:36.1 (145317339)|WF_RULE_FILTER|[Account : Type equals Prospect] 
AND [Account : Employees greater than 500]
10:21:36.1 (145342048)|WF_RULE_EVAL_VALUE|Prospect
10:21:36.1 (145359642)|WF_RULE_EVAL_VALUE|501
10:21:36.1 (145374217)|WF_EVAL_ENTRY_CRITERIA|Approve New Account|00X1r000002S2tA|true
10:21:36.1 (145520942)|WF_PROCESS_FOUND|ProcessDefinitionNameOrId:04a1r000000gAbg|Applicable process was found.
10:21:36.1 (150758871)|WF_SPOOL_ACTION_BEGIN|Auto Evaluate
10:21:36.1 (150874425)|WF_FIELD_UPDATE|[Account: a 0011r00001nohr5]|Field:Account: Type|Value:Pending|Id=04Y1r000000h1SO
10:21:36.1 (153637832)|CODE_UNIT_STARTED|[EXTERNAL]|01q1r000000j8Jg|AccountTrigger on Account trigger event BeforeUpdate
10:21:36.1 (153671083)|HEAP_ALLOCATE|[EXTERNAL]|Bytes:8
10:21:36.1 (153699970)|HEAP_ALLOCATE|[EXTERNAL]|Bytes:8
10:21:36.1 (153840292)|HEAP_ALLOCATE|[EXTERNAL]|Bytes:12
10:21:36.1 (153853136)|VARIABLE_SCOPE_BEGIN|[1]|this|AccountTrigger|true|false
10:21:36.1 (153926762)|VARIABLE_ASSIGNMENT|[1]|this|{}|0x5368f216
10:21:36.1 (153978595)|HEAP_ALLOCATE|[EXTERNAL]|Bytes:12
10:21:36.1 (153985566)|VARIABLE_SCOPE_BEGIN|[1]|this|AccountTrigger|true|false
10:21:36.1 (154000125)|VARIABLE_ASSIGNMENT|[1]|this|{}|0x5368f216
10:21:36.1 (154010676)|STATEMENT_EXECUTE|[1]
10:21:36.1 (154013214)|STATEMENT_EXECUTE|[3]
10:21:36.1 (154632075)|VARIABLE_ASSIGNMENT|[3]|this.listNew|[{"LastModifiedDate":"2018-04-18T08:21:36.000Z","IsDeleted":false,"NumberOfEmployees":501,"SystemModstamp":"2018-04-18T08:21:36.000Z","Name":"a","Type":"Pending","CleanStatus":"Pending","OwnerId":"0051r000007Oz5QAAS","CreatedById":"0051r000007Oz5QAAS","Match_Billing_Addres (4 more) ...":false,"CreatedDate":"2018-04-18T08:21:36.000Z","Id":"0011r00001nohr5AAA","LastModifiedById":"0051r000007Oz5QAAS"}]|0x5368f216
10:21:36.1 (154648153)|STATEMENT_EXECUTE|[5]
10:21:36.1 (155022979)|VARIABLE_ASSIGNMENT|[5]|this.mapOld|{"0011r00001nohr5AAA":{"LastModifiedDate":"2018-04-18T08:21:36.000Z","IsDeleted":false,"NumberOfEmployees":501,"SystemModstamp":"2018-04-18T08:21:36.000Z","Name":"a","Type":"Prospect","CleanStatus":"Pending","OwnerId":"0051r000007Oz5QAAS","CreatedById":"0051r000007Oz5QAAS","Match_Billing_Addres (4 more) ...":false,"CreatedDate":"2018-04-18T08:21:36.000Z","Id":"0011r00001nohr5AAA","LastModifiedById":"0051r000007Oz5QAAS"}}|0x5368f216
10:21:36.1 (155044234)|STATEMENT_EXECUTE|[7]
10:21:36.1 (155048932)|STATEMENT_EXECUTE|[8]
10:21:36.1 (155050699)|STATEMENT_EXECUTE|[9]
10:21:36.1 (156519655)|HEAP_ALLOCATE|[9]|Bytes:1
10:21:36.1 (156558558)|METHOD_ENTRY|[1]|01p1r000009p8Bf|AccountMethods.AccountMethods()
10:21:36.1 (156567240)|STATEMENT_EXECUTE|[1]
10:21:36.1 (156572843)|STATEMENT_EXECUTE|[1]
10:21:36.1 (156928163)|SYSTEM_MODE_ENTER|false
10:21:36.1 (156940121)|HEAP_ALLOCATE|[9]|Bytes:5
10:21:36.1 (156948472)|SYSTEM_MODE_EXIT|false
10:21:36.1 (156961935)|METHOD_EXIT|[1]|AccountMethods
10:21:36.1 (156989523)|METHOD_ENTRY|[9]|01p1r000009p8Bf|AccountMethods.ActualizarCuentaHija(List<Account>, Map<Id,Account>)
10:21:36.1 (157019623)|VARIABLE_SCOPE_BEGIN|[3]|listAccount|List<Account>|true|false
10:21:36.1 (157374377)|VARIABLE_ASSIGNMENT|[3]|listAccount|[{"LastModifiedDate":"2018-04-18T08:21:36.000Z","IsDeleted":false,"NumberOfEmployees":501,"SystemModstamp":"2018-04-18T08:21:36.000Z","Name":"a","Type":"Pending","CleanStatus":"Pending","OwnerId":"0051r000007Oz5QAAS","CreatedById":"0051r000007Oz5QAAS","Match_Billing_Addres (4 more) ...":false,"CreatedDate":"2018-04-18T08:21:36.000Z","Id":"0011r00001nohr5AAA","LastModifiedById":"0051r000007Oz5QAAS"}]|0x36d98499
10:21:36.1 (157390096)|VARIABLE_SCOPE_BEGIN|[3]|mapOld|Map<Id,Account>|true|false
10:21:36.1 (157721420)|VARIABLE_ASSIGNMENT|[3]|mapOld|{"0011r00001nohr5AAA":{"LastModifiedDate":"2018-04-18T08:21:36.000Z","IsDeleted":false,"NumberOfEmployees":501,"SystemModstamp":"2018-04-18T08:21:36.000Z","Name":"a","Type":"Prospect","CleanStatus":"Pending","OwnerId":"0051r000007Oz5QAAS","CreatedById":"0051r000007Oz5QAAS","Match_Billing_Addres (4 more) ...":false,"CreatedDate":"2018-04-18T08:21:36.000Z","Id":"0011r00001nohr5AAA","LastModifiedById":"0051r000007Oz5QAAS"}}|0x3678561d
10:21:36.1 (157746742)|SYSTEM_MODE_ENTER|false
10:21:36.1 (157754483)|HEAP_ALLOCATE|[5]|Bytes:5
10:21:36.1 (157761256)|STATEMENT_EXECUTE|[3]
10:21:36.1 (157832070)|STATEMENT_EXECUTE|[5]
10:21:36.1 (157834456)|STATEMENT_EXECUTE|[8]
10:21:36.1 (157846895)|HEAP_ALLOCATE|[8]|Bytes:4
10:21:36.1 (157872029)|VARIABLE_SCOPE_BEGIN|[8]|listAccountIds|List<String>|true|false
10:21:36.1 (157895092)|HEAP_ALLOCATE|[EXTERNAL]|Bytes:4
10:21:36.1 (157905471)|VARIABLE_ASSIGNMENT|[8]|listAccountIds|[]|0x471e7c30
10:21:36.1 (157911370)|STATEMENT_EXECUTE|[9]
10:21:36.1 (157943668)|HEAP_ALLOCATE|[9]|Bytes:4
10:21:36.1 (157968180)|VARIABLE_SCOPE_BEGIN|[9]|mapAccountParent|Map<String,Account>|true|false
10:21:36.1 (157983541)|VARIABLE_ASSIGNMENT|[9]|mapAccountParent|{}|0x3d19d506
10:21:36.1 (158103752)|HEAP_ALLOCATE|[11]|Bytes:5
10:21:36.1 (158139085)|HEAP_ALLOCATE|[11]|Bytes:4
10:21:36.1 (158147802)|VARIABLE_SCOPE_BEGIN|[11]|inAccount|Account|true|false
10:21:36.1 (158576628)|VARIABLE_ASSIGNMENT|[11]|inAccount|{"LastModifiedDate":"2018-04-18T08:21:36.000Z","IsDeleted":false,"NumberOfEmployees":501,"SystemModstamp":"2018-04-18T08:21:36.000Z","Name":"a","Type":"Pending","CleanStatus":"Pending","OwnerId":"0051r000007Oz5QAAS","CreatedById":"0051r000007Oz5QAAS","Match_Billing_Addres (4 more) ...":false,"CreatedDate":"2018-04-18T08:21:36.000Z","Id":"0011r00001nohr5AAA","LastModifiedById":"0051r000007Oz5QAAS"}|0x42447b2
10:21:36.1 (158592475)|STATEMENT_EXECUTE|[11]
10:21:36.1 (158681545)|STATEMENT_EXECUTE|[13]
10:21:36.1 (158693484)|HEAP_ALLOCATE|[11]|Bytes:5
10:21:36.1 (158708494)|VARIABLE_ASSIGNMENT|[11]|inAccount|null|
10:21:36.1 (158714163)|STATEMENT_EXECUTE|[20]
10:21:36.1 (158718147)|HEAP_ALLOCATE|[20]|Bytes:99
10:21:36.1 (158733481)|HEAP_ALLOCATE|[20]|Bytes:4
10:21:36.1 (158742181)|HEAP_ALLOCATE|[20]|Bytes:7
10:21:36.1 (158941387)|SOQL_EXECUTE_BEGIN|[20]|Aggregations:0|SELECT Id, Fecha_ultima_actividad_mas_reciente__c, ParentId FROM Account WHERE ParentId IN :tmpVar1
10:21:36.1 (160968338)|SOQL_EXECUTE_END|[20]|Rows:0
10:21:36.1 (160990810)|HEAP_ALLOCATE|[20]|Bytes:4
10:21:36.1 (161003585)|HEAP_ALLOCATE|[20]|Bytes:0
10:21:36.1 (161031262)|HEAP_ALLOCATE|[20]|Bytes:4
10:21:36.1 (161041869)|VARIABLE_SCOPE_BEGIN|[20]|listAccountChild|List<Account>|true|false
10:21:36.1 (161056234)|VARIABLE_ASSIGNMENT|[20]|listAccountChild|[]|0x5458adef
10:21:36.1 (161094024)|HEAP_ALLOCATE|[23]|Bytes:5
10:21:36.1 (161108116)|VARIABLE_ASSIGNMENT|[23]|inAccount|null|
10:21:36.1 (161114794)|STATEMENT_EXECUTE|[23]
10:21:36.1 (161117121)|STATEMENT_EXECUTE|[27]
10:21:36.1 (161173833)|HEAP_ALLOCATE|[EXTERNAL]|Bytes:4
10:21:36.1 (161183996)|SYSTEM_MODE_EXIT|false
10:21:36.1 (161193367)|METHOD_EXIT|[9]|01p1r000009p8Bf|AccountMethods.ActualizarCuentaHija(List<Account>, Map<Id,Account>)
10:21:36.161 (161204355)|CUMULATIVE_LIMIT_USAGE
10:21:36.161 (161204355)|LIMIT_USAGE_FOR_NS|(default)|
  Number of SOQL queries: 2 out of 100
  Number of query rows: 0 out of 50000
  Number of SOSL queries: 0 out of 20
  Number of DML statements: 3 out of 150
  Number of DML rows: 2 out of 10000
  Maximum CPU time: 0 out of 10000
  Maximum heap size: 0 out of 6000000
  Number of callouts: 0 out of 100
  Number of Email Invocations: 0 out of 10
  Number of future calls: 0 out of 50
  Number of queueable jobs added to the queue: 0 out of 50
  Number of Mobile Apex push calls: 0 out of 10

10:21:36.161 (161204355)|CUMULATIVE_LIMIT_USAGE_END

10:21:36.1 (162504043)|CODE_UNIT_FINISHED|AccountTrigger on Account trigger event BeforeUpdate
10:21:36.1 (178955584)|WF_PROCESS_NODE|Step 1(Approval based on first response)
10:21:36.1 (200261918)|WF_NEXT_APPROVER|Lydia Abril|User|
10:21:36.1 (281837694)|CODE_UNIT_FINISHED|Workflow:ApprovalProcessActions
10:21:36.1 (282322376)|DML_END|[1]
10:21:36.1 (282396093)|HEAP_ALLOCATE|[1]|Bytes:4
10:21:36.1 (282547001)|VARIABLE_ASSIGNMENT|[1]|submitResult|"common.api.soap.wsdl.ProcessResult@7919e1e4"|0x45875bb3
10:21:36.1 (282560839)|STATEMENT_EXECUTE|[1]
10:21:36.1 (282593771)|HEAP_ALLOCATE|[EXTERNAL]|Bytes:8
10:21:36.1 (282632193)|HEAP_ALLOCATE|[1]|Bytes:8
10:21:36.1 (282654054)|HEAP_ALLOCATE|[1]|Bytes:18
10:21:36.1 (282681570)|HEAP_ALLOCATE|[1]|Bytes:4
10:21:36.1 (282733949)|VARIABLE_ASSIGNMENT|[1]|stepId|"04i1r00000Bum6aAAB"
10:21:36.1 (282741251)|STATEMENT_EXECUTE|[1]
10:21:36.1 (282746818)|HEAP_ALLOCATE|[1]|Bytes:44
10:21:36.1 (282763111)|HEAP_ALLOCATE|[1]|Bytes:4
10:21:36.1 (282786308)|HEAP_ALLOCATE|[1]|Bytes:18
10:21:36.1 (283190330)|SOQL_EXECUTE_BEGIN|[1]|Aggregations:0|SELECT Type FROM Account WHERE Id = :tmpVar1
10:21:36.1 (287319703)|SOQL_EXECUTE_END|[1]|Rows:1
10:21:36.1 (287349416)|HEAP_ALLOCATE|[1]|Bytes:8
10:21:36.1 (287367736)|HEAP_ALLOCATE|[1]|Bytes:44
10:21:36.1 (287414272)|HEAP_ALLOCATE|[1]|Bytes:8
10:21:36.1 (287434900)|HEAP_ALLOCATE|[1]|Bytes:33
10:21:36.1 (287459386)|HEAP_ALLOCATE|[1]|Bytes:12
10:21:36.1 (287490254)|VARIABLE_ASSIGNMENT|[1]|a|{"Type":"Pending","Id":"0011r00001nohr5AAA"}|0x75c483c2
10:21:36.1 (287502906)|STATEMENT_EXECUTE|[1]
10:21:36.1 (287507839)|HEAP_ALLOCATE|[1]|Bytes:7
10:21:36.1 (287550656)|HEAP_ALLOCATE|[1]|Bytes:20
10:21:36.1 (287602745)|STATEMENT_EXECUTE|[1]
10:21:36.1 (287704385)|VARIABLE_ASSIGNMENT|[1]|submit2|"common.api.soap.wsdl.ProcessWorkitemRequest@53381323"|0x246bfcd7
10:21:36.1 (287717036)|STATEMENT_EXECUTE|[1]
10:21:36.1 (287723647)|HEAP_ALLOCATE|[1]|Bytes:9
10:21:36.1 (287787900)|STATEMENT_EXECUTE|[1]
10:21:36.1 (287794944)|HEAP_ALLOCATE|[1]|Bytes:6
10:21:36.1 (287819947)|STATEMENT_EXECUTE|[1]
10:21:36.1 (287835711)|HEAP_ALLOCATE|[1]|Bytes:18
10:21:36.1 (287857349)|STATEMENT_EXECUTE|[1]
10:21:36.1 (287907527)|HEAP_ALLOCATE|[1]|Bytes:8
10:21:36.1 (287927246)|DML_BEGIN|[1]|Op:Process|Type:ProcessRequest|Rows:1
10:21:36.1 (287969036)|HEAP_ALLOCATE|[EXTERNAL]|Bytes:8
10:21:36.1 (295534055)|CODE_UNIT_STARTED|[EXTERNAL]|Workflow:ApprovalProcessActions
10:21:36.1 (299197408)|WF_APPROVAL|Reject|[Account: a 0011r00001nohr5]|Step 1(Approval based on first response)
10:21:36.1 (299240410)|WF_SPOOL_ACTION_BEGIN|Reject
10:21:36.1 (300034556)|WF_HARD_REJECT
10:21:36.1 (300264037)|WF_SPOOL_ACTION_BEGIN|Reject
10:21:36.1 (352621180)|CODE_UNIT_FINISHED|Workflow:ApprovalProcessActions
10:21:36.1 (353026850)|DML_END|[1]
10:21:36.1 (353050444)|HEAP_ALLOCATE|[1]|Bytes:4
10:21:36.1 (353186180)|VARIABLE_ASSIGNMENT|[1]|submitResult|"common.api.soap.wsdl.ProcessResult@5bb5cd8b"|0x2409e948
10:21:36.1 (353202120)|STATEMENT_EXECUTE|[1]
10:21:36.1 (353222229)|HEAP_ALLOCATE|[1]|Bytes:4
10:21:36.1 (353264591)|HEAP_ALLOCATE|[1]|Bytes:18
10:21:36.1 (353483240)|SOQL_EXECUTE_BEGIN|[1]|Aggregations:0|SELECT Type FROM Account WHERE Id = :tmpVar1
10:21:36.1 (356800556)|SOQL_EXECUTE_END|[1]|Rows:1
10:21:36.1 (356826780)|HEAP_ALLOCATE|[1]|Bytes:8
10:21:36.1 (356842400)|HEAP_ALLOCATE|[1]|Bytes:44
10:21:36.1 (356881573)|HEAP_ALLOCATE|[1]|Bytes:8
10:21:36.1 (356909920)|HEAP_ALLOCATE|[1]|Bytes:12
10:21:36.1 (356935509)|VARIABLE_ASSIGNMENT|[1]|a|{"Type":"Pending","Id":"0011r00001nohr5AAA"}|0x2a86ec6b
10:21:36.1 (356947137)|STATEMENT_EXECUTE|[1]
10:21:36.1 (357040943)|EXCEPTION_THROWN|[1]|System.AssertException: Assertion Failed: incorrect type value: Expected: Prospect, Actual: Pending
10:21:36.1 (357287682)|HEAP_ALLOCATE|[1]|Bytes:79
10:21:36.1 (357397874)|FATAL_ERROR|System.AssertException: Assertion Failed: incorrect type value: Expected: Prospect, Actual: Pending

AnonymousBlock: line 1, column 1
10:21:36.357 (357462953)|CUMULATIVE_LIMIT_USAGE
10:21:36.357 (357462953)|LIMIT_USAGE_FOR_NS|(default)|
  Number of SOQL queries: 4 out of 100
  Number of query rows: 2 out of 50000
  Number of SOSL queries: 0 out of 20
  Number of DML statements: 4 out of 150
  Number of DML rows: 3 out of 10000
  Maximum CPU time: 0 out of 10000
  Maximum heap size: 0 out of 6000000
  Number of callouts: 0 out of 100
  Number of Email Invocations: 0 out of 10
  Number of future calls: 0 out of 50
  Number of queueable jobs added to the queue: 0 out of 50
  Number of Mobile Apex push calls: 0 out of 10

10:21:36.357 (357462953)|CUMULATIVE_LIMIT_USAGE_END

10:21:36.1 (357509721)|CODE_UNIT_FINISHED|execute_anonymous_apex
10:21:36.1 (358478427)|EXECUTION_FINISHED
