42.0 APEX_CODE,FINEST;APEX_PROFILING,INFO;CALLOUT,INFO;DB,INFO;SYSTEM,DEBUG;VALIDATION,INFO;VISUALFORCE,INFO;WAVE,INFO;WORKFLOW,INFO
13:47:24.0 (65628)|EXECUTION_STARTED
13:47:24.0 (98714)|CODE_UNIT_STARTED|[EXTERNAL]|VisualForce View State
13:47:24.0 (6348092)|CODE_UNIT_FINISHED|VisualForce View State
13:47:24.0 (7211479)|EXECUTION_FINISHED
13:47:24.10 (10424034)|SYSTEM_MODE_ENTER|true
13:47:24.10 (10554597)|HEAP_ALLOCATE|[72]|Bytes:3
13:47:24.10 (10584196)|HEAP_ALLOCATE|[77]|Bytes:152
13:47:24.10 (10597289)|HEAP_ALLOCATE|[342]|Bytes:408
13:47:24.10 (10608766)|HEAP_ALLOCATE|[355]|Bytes:408
13:47:24.10 (10619283)|HEAP_ALLOCATE|[467]|Bytes:48
13:47:24.28 (28342772)|CUMULATIVE_LIMIT_USAGE
13:47:24.28 (28342772)|LIMIT_USAGE_FOR_NS|(default)|
  Number of SOQL queries: 0 out of 100
  Number of query rows: 0 out of 50000
  Number of SOSL queries: 0 out of 20
  Number of DML statements: 0 out of 150
  Number of DML rows: 0 out of 10000
  Maximum CPU time: 0 out of 10000
  Maximum heap size: 0 out of 6000000
  Number of callouts: 0 out of 100
  Number of Email Invocations: 0 out of 10
  Number of future calls: 0 out of 50
  Number of queueable jobs added to the queue: 0 out of 50
  Number of Mobile Apex push calls: 0 out of 10

13:47:24.28 (28342772)|CUMULATIVE_LIMIT_USAGE_END

