36.0 APEX_CODE,FINEST;APEX_PROFILING,INFO;CALLOUT,INFO;DB,INFO;SYSTEM,DEBUG;VALIDATION,INFO;VISUALFORCE,INFO;WAVE,INFO;WORKFLOW,INFO
12:36:42.0 (369913)|USER_INFO|[EXTERNAL]|0051r000007Oz5Q|lydia.abril@gmail.com|hora estándar de Europa central|GMT+02:00
12:36:42.0 (441483)|EXECUTION_STARTED
12:36:42.0 (449923)|CODE_UNIT_STARTED|[EXTERNAL]|01p1r00000B5oTv|TestTextFormat.testTextFormat
12:36:42.0 (680126)|HEAP_ALLOCATE|[72]|Bytes:3
12:36:42.0 (761110)|HEAP_ALLOCATE|[77]|Bytes:152
12:36:42.0 (792973)|HEAP_ALLOCATE|[342]|Bytes:408
12:36:42.0 (808299)|HEAP_ALLOCATE|[355]|Bytes:408
12:36:42.0 (820681)|HEAP_ALLOCATE|[467]|Bytes:48
12:36:42.0 (847018)|HEAP_ALLOCATE|[139]|Bytes:6
12:36:42.0 (863256)|HEAP_ALLOCATE|[EXTERNAL]|Bytes:39
12:36:42.0 (910408)|METHOD_ENTRY|[2]|01p1r00000B5oTv|TestTextFormat.TestTextFormat()
12:36:42.0 (919500)|STATEMENT_EXECUTE|[2]
12:36:42.0 (924870)|STATEMENT_EXECUTE|[2]
12:36:42.0 (928893)|METHOD_EXIT|[2]|TestTextFormat
12:36:42.0 (1019576)|HEAP_ALLOCATE|[50]|Bytes:5
12:36:42.0 (1041280)|HEAP_ALLOCATE|[56]|Bytes:5
12:36:42.0 (1050519)|HEAP_ALLOCATE|[64]|Bytes:7
12:36:42.0 (1107450)|STATEMENT_EXECUTE|[4]
12:36:42.0 (1110040)|STATEMENT_EXECUTE|[6]
12:36:42.0 (1114069)|HEAP_ALLOCATE|[6]|Bytes:341
12:36:42.0 (1121918)|VARIABLE_SCOPE_BEGIN|[6]|texto|String|false|false
12:36:42.0 (1151214)|VARIABLE_ASSIGNMENT|[6]|texto|"§Fyrfadslys # [optio (321 more) ..."
12:36:42.0 (1157112)|STATEMENT_EXECUTE|[8]
12:36:42.0 (2090522)|HEAP_ALLOCATE|[8]|Bytes:1
12:36:42.0 (2100008)|HEAP_ALLOCATE|[8]|Bytes:5
12:36:42.0 (2111683)|METHOD_ENTRY|[1]|01p1r00000B5oDJ|TextFormat.TextFormat()
12:36:42.0 (2117693)|STATEMENT_EXECUTE|[1]
12:36:42.0 (2122582)|STATEMENT_EXECUTE|[1]
12:36:42.0 (2441681)|SYSTEM_MODE_ENTER|false
12:36:42.0 (2474004)|HEAP_ALLOCATE|[8]|Bytes:5
12:36:42.0 (2483306)|SYSTEM_MODE_EXIT|false
12:36:42.0 (2491640)|METHOD_EXIT|[1]|TextFormat
12:36:42.0 (2530217)|METHOD_ENTRY|[8]|01p1r00000B5oDJ|TextFormat.textFormat(String)
12:36:42.0 (2552792)|VARIABLE_SCOPE_BEGIN|[3]|texto|String|false|false
12:36:42.0 (2566206)|VARIABLE_ASSIGNMENT|[3]|texto|"§Fyrfadslys # [optio (321 more) ..."
12:36:42.0 (2589521)|SYSTEM_MODE_ENTER|false
12:36:42.0 (2595957)|HEAP_ALLOCATE|[5]|Bytes:5
12:36:42.0 (2601456)|STATEMENT_EXECUTE|[3]
12:36:42.0 (2603538)|STATEMENT_EXECUTE|[5]
12:36:42.0 (2608112)|VARIABLE_SCOPE_BEGIN|[5]|tF|String|false|false
12:36:42.0 (2617726)|VARIABLE_ASSIGNMENT|[5]|tF|""
12:36:42.0 (2623274)|STATEMENT_EXECUTE|[9]
12:36:42.0 (2625938)|HEAP_ALLOCATE|[10]|Bytes:4
12:36:42.0 (2699946)|STATEMENT_EXECUTE|[10]
12:36:42.0 (2704187)|HEAP_ALLOCATE|[11]|Bytes:1
12:36:42.0 (2760044)|STATEMENT_EXECUTE|[11]
12:36:42.0 (2762374)|STATEMENT_EXECUTE|[13]
12:36:42.0 (2822238)|HEAP_ALLOCATE|[13]|Bytes:339
12:36:42.0 (2828357)|HEAP_ALLOCATE|[13]|Bytes:12
12:36:42.0 (2847916)|VARIABLE_SCOPE_BEGIN|[13]|textoUl|String|false|false
12:36:42.0 (2864448)|VARIABLE_ASSIGNMENT|[13]|textoUl|"Fyrfadslys # [option (319 more) ..."
12:36:42.0 (2870118)|STATEMENT_EXECUTE|[14]
12:36:42.0 (2896897)|USER_DEBUG|[14]|DEBUG|Fyrfadslys # [optional bzw. nur für Handzettel] # Brænder i ca. 8 timer # RAL-kvalitet: gode brændeegenskaber pga. kvalitetskontrollerede materialer og indholdsstoffer # [Nur für RO&#124;GR] # Materiale: 60% plantevoks, 40% paraffin # [alle] # [Lieferantenadresse für Bulgarien? Mueller Fabryka Swiec S.A. &#124; 86-302 Grudziadz, Bialy Bór &#124; Polska
12:36:42.0 (2912506)|STATEMENT_EXECUTE|[16]
12:36:42.0 (2915706)|HEAP_ALLOCATE|[16]|Bytes:1
12:36:42.0 (2944104)|HEAP_ALLOCATE|[16]|Bytes:11
12:36:42.0 (2948606)|HEAP_ALLOCATE|[16]|Bytes:36
12:36:42.0 (2951419)|HEAP_ALLOCATE|[16]|Bytes:23
12:36:42.0 (2954032)|HEAP_ALLOCATE|[16]|Bytes:95
12:36:42.0 (2956661)|HEAP_ALLOCATE|[16]|Bytes:17
12:36:42.0 (2959175)|HEAP_ALLOCATE|[16]|Bytes:41
12:36:42.0 (2962042)|HEAP_ALLOCATE|[16]|Bytes:8
12:36:42.0 (2964752)|HEAP_ALLOCATE|[16]|Bytes:101
12:36:42.0 (2968008)|HEAP_ALLOCATE|[16]|Bytes:36
12:36:42.0 (2977532)|VARIABLE_SCOPE_BEGIN|[16]|partes|List<String>|true|false
12:36:42.0 (3003509)|HEAP_ALLOCATE|[EXTERNAL]|Bytes:36
12:36:42.0 (3018018)|VARIABLE_ASSIGNMENT|[16]|partes|"List of size 8 too large to display"|0x58c14
12:36:42.0 (3024267)|STATEMENT_EXECUTE|[18]
12:36:42.0 (3027335)|VARIABLE_SCOPE_BEGIN|[18]|textoFinal|String|false|false
12:36:42.0 (3035323)|VARIABLE_ASSIGNMENT|[18]|textoFinal|""
12:36:42.0 (3095378)|HEAP_ALLOCATE|[19]|Bytes:5
12:36:42.0 (3121124)|HEAP_ALLOCATE|[19]|Bytes:11
12:36:42.0 (3128953)|VARIABLE_SCOPE_BEGIN|[19]|stg|String|false|false
12:36:42.0 (3138654)|VARIABLE_ASSIGNMENT|[19]|stg|"Fyrfadslys "
12:36:42.0 (3144372)|STATEMENT_EXECUTE|[19]
12:36:42.0 (3146169)|STATEMENT_EXECUTE|[20]
12:36:42.0 (3148585)|HEAP_ALLOCATE|[20]|Bytes:4
12:36:42.0 (3152386)|HEAP_ALLOCATE|[20]|Bytes:5
12:36:42.0 (3161898)|HEAP_ALLOCATE|[20]|Bytes:20
12:36:42.0 (3168898)|HEAP_ALLOCATE|[20]|Bytes:20
12:36:42.0 (3175899)|VARIABLE_ASSIGNMENT|[20]|textoFinal|"\u003Cli\u003EFyrfadslys \u003C/li\u003E"
12:36:42.0 (3186301)|HEAP_ALLOCATE|[19]|Bytes:5
12:36:42.0 (3193290)|HEAP_ALLOCATE|[19]|Bytes:36
12:36:42.0 (3198154)|VARIABLE_SCOPE_BEGIN|[19]|stg|String|false|false
12:36:42.0 (3207556)|VARIABLE_ASSIGNMENT|[19]|stg|" [optional bzw. nur  (16 more) ..."
12:36:42.0 (3227268)|STATEMENT_EXECUTE|[19]
12:36:42.0 (3229554)|STATEMENT_EXECUTE|[20]
12:36:42.0 (3234074)|HEAP_ALLOCATE|[20]|Bytes:45
12:36:42.0 (3239425)|HEAP_ALLOCATE|[20]|Bytes:65
12:36:42.0 (3247428)|VARIABLE_ASSIGNMENT|[20]|textoFinal|"\u003Cli\u003EFyrfadslys \u003C/li\u003E (45 more) ..."
12:36:42.0 (3257578)|HEAP_ALLOCATE|[19]|Bytes:5
12:36:42.0 (3264479)|HEAP_ALLOCATE|[19]|Bytes:23
12:36:42.0 (3269063)|VARIABLE_SCOPE_BEGIN|[19]|stg|String|false|false
12:36:42.0 (3277532)|VARIABLE_ASSIGNMENT|[19]|stg|" Brænder i ca. 8 tim (3 more) ..."
12:36:42.0 (3282335)|STATEMENT_EXECUTE|[19]
12:36:42.0 (3284094)|STATEMENT_EXECUTE|[20]
12:36:42.0 (3287495)|HEAP_ALLOCATE|[20]|Bytes:32
12:36:42.0 (3292006)|HEAP_ALLOCATE|[20]|Bytes:97
12:36:42.0 (3297758)|VARIABLE_ASSIGNMENT|[20]|textoFinal|"\u003Cli\u003EFyrfadslys \u003C/li\u003E (77 more) ..."
12:36:42.0 (3306105)|HEAP_ALLOCATE|[19]|Bytes:5
12:36:42.0 (3312538)|HEAP_ALLOCATE|[19]|Bytes:95
12:36:42.0 (3317407)|VARIABLE_SCOPE_BEGIN|[19]|stg|String|false|false
12:36:42.0 (3325605)|VARIABLE_ASSIGNMENT|[19]|stg|" RAL-kvalitet: gode  (75 more) ..."
12:36:42.0 (3329974)|STATEMENT_EXECUTE|[19]
12:36:42.0 (3331657)|STATEMENT_EXECUTE|[20]
12:36:42.0 (3335041)|HEAP_ALLOCATE|[20]|Bytes:104
12:36:42.0 (3339627)|HEAP_ALLOCATE|[20]|Bytes:201
12:36:42.0 (3346076)|VARIABLE_ASSIGNMENT|[20]|textoFinal|"\u003Cli\u003EFyrfadslys \u003C/li\u003E (181 more) ..."
12:36:42.0 (3354772)|HEAP_ALLOCATE|[19]|Bytes:5
12:36:42.0 (3361360)|HEAP_ALLOCATE|[19]|Bytes:17
12:36:42.0 (3366063)|VARIABLE_SCOPE_BEGIN|[19]|stg|String|false|false
12:36:42.0 (3373667)|VARIABLE_ASSIGNMENT|[19]|stg|" [Nur für RO&#124;GR] "
12:36:42.0 (3378044)|STATEMENT_EXECUTE|[19]
12:36:42.0 (3379735)|STATEMENT_EXECUTE|[20]
12:36:42.0 (3382800)|HEAP_ALLOCATE|[20]|Bytes:26
12:36:42.0 (3386848)|HEAP_ALLOCATE|[20]|Bytes:227
12:36:42.0 (3392501)|VARIABLE_ASSIGNMENT|[20]|textoFinal|"\u003Cli\u003EFyrfadslys \u003C/li\u003E (207 more) ..."
12:36:42.0 (3401218)|HEAP_ALLOCATE|[19]|Bytes:5
12:36:42.0 (3407701)|HEAP_ALLOCATE|[19]|Bytes:41
12:36:42.0 (3412007)|VARIABLE_SCOPE_BEGIN|[19]|stg|String|false|false
12:36:42.0 (3419781)|VARIABLE_ASSIGNMENT|[19]|stg|" Materiale: 60% plan (21 more) ..."
12:36:42.0 (3425658)|STATEMENT_EXECUTE|[19]
12:36:42.0 (3428058)|STATEMENT_EXECUTE|[20]
12:36:42.0 (3432592)|HEAP_ALLOCATE|[20]|Bytes:50
12:36:42.0 (3437059)|HEAP_ALLOCATE|[20]|Bytes:277
12:36:42.0 (3442895)|VARIABLE_ASSIGNMENT|[20]|textoFinal|"\u003Cli\u003EFyrfadslys \u003C/li\u003E (257 more) ..."
12:36:42.0 (3451081)|HEAP_ALLOCATE|[19]|Bytes:5
12:36:42.0 (3457401)|HEAP_ALLOCATE|[19]|Bytes:8
12:36:42.0 (3461826)|VARIABLE_SCOPE_BEGIN|[19]|stg|String|false|false
12:36:42.0 (3469652)|VARIABLE_ASSIGNMENT|[19]|stg|" [alle] "
12:36:42.0 (3473994)|STATEMENT_EXECUTE|[19]
12:36:42.0 (3475833)|STATEMENT_EXECUTE|[20]
12:36:42.0 (3479360)|HEAP_ALLOCATE|[20]|Bytes:17
12:36:42.0 (3483393)|HEAP_ALLOCATE|[20]|Bytes:294
12:36:42.0 (3489238)|VARIABLE_ASSIGNMENT|[20]|textoFinal|"\u003Cli\u003EFyrfadslys \u003C/li\u003E (274 more) ..."
12:36:42.0 (3506019)|HEAP_ALLOCATE|[19]|Bytes:5
12:36:42.0 (3512757)|HEAP_ALLOCATE|[19]|Bytes:101
12:36:42.0 (3517318)|VARIABLE_SCOPE_BEGIN|[19]|stg|String|false|false
12:36:42.0 (3525804)|VARIABLE_ASSIGNMENT|[19]|stg|" [Lieferantenadresse (81 more) ..."
12:36:42.0 (3530333)|STATEMENT_EXECUTE|[19]
12:36:42.0 (3532072)|STATEMENT_EXECUTE|[20]
12:36:42.0 (3535248)|HEAP_ALLOCATE|[20]|Bytes:110
12:36:42.0 (3539412)|HEAP_ALLOCATE|[20]|Bytes:404
12:36:42.0 (3545111)|VARIABLE_ASSIGNMENT|[20]|textoFinal|"\u003Cli\u003EFyrfadslys \u003C/li\u003E (384 more) ..."
12:36:42.0 (3552870)|HEAP_ALLOCATE|[19]|Bytes:5
12:36:42.0 (3561410)|VARIABLE_ASSIGNMENT|[19]|stg|null
12:36:42.0 (3565921)|STATEMENT_EXECUTE|[23]
12:36:42.0 (3568588)|HEAP_ALLOCATE|[23]|Bytes:5
12:36:42.0 (3573892)|HEAP_ALLOCATE|[23]|Bytes:413
12:36:42.0 (3580795)|VARIABLE_ASSIGNMENT|[23]|textoFinal|"\u003Cul\u003E\u003Cli\u003EFyrfadslys \u003C (393 more) ..."
12:36:42.0 (3585213)|STATEMENT_EXECUTE|[24]
12:36:42.0 (3600485)|USER_DEBUG|[24]|DEBUG|<ul><li>Fyrfadslys </li><li> [optional bzw. nur für Handzettel] </li><li> Brænder i ca. 8 timer </li><li> RAL-kvalitet: gode brændeegenskaber pga. kvalitetskontrollerede materialer og indholdsstoffer </li><li> [Nur für RO&#124;GR] </li><li> Materiale: 60% plantevoks, 40% paraffin </li><li> [alle] </li><li> [Lieferantenadresse für Bulgarien? Mueller Fabryka Swiec S.A. &#124; 86-302 Grudziadz, Bialy Bór &#124; Polska</li></ul>
12:36:42.0 (3614341)|STATEMENT_EXECUTE|[26]
12:36:42.0 (3620184)|VARIABLE_ASSIGNMENT|[26]|tF|"\u003Cul\u003E\u003Cli\u003EFyrfadslys \u003C (393 more) ..."
12:36:42.0 (3624644)|STATEMENT_EXECUTE|[31]
12:36:42.0 (3628909)|SYSTEM_MODE_EXIT|false
12:36:42.0 (3636979)|METHOD_EXIT|[8]|01p1r00000B5oDJ|TextFormat.textFormat(String)
12:36:42.0 (3642193)|VARIABLE_SCOPE_BEGIN|[8]|textoSalida|String|false|false
12:36:42.0 (3651296)|VARIABLE_ASSIGNMENT|[8]|textoSalida|"\u003Cul\u003E\u003Cli\u003EFyrfadslys \u003C (393 more) ..."
12:36:42.0 (3655687)|STATEMENT_EXECUTE|[10]
12:36:42.0 (3700922)|STATEMENT_EXECUTE|[11]
12:36:42.0 (3727703)|STATEMENT_EXECUTE|[13]
12:36:42.0 (3751662)|STATEMENT_EXECUTE|[14]
12:36:42.0 (3774062)|STATEMENT_EXECUTE|[16]
12:36:42.0 (3818933)|STATEMENT_EXECUTE|[17]
12:36:42.3 (3849369)|CUMULATIVE_LIMIT_USAGE
12:36:42.3 (3849369)|LIMIT_USAGE_FOR_NS|(default)|
  Number of SOQL queries: 0 out of 100
  Number of query rows: 0 out of 50000
  Number of SOSL queries: 0 out of 20
  Number of DML statements: 0 out of 150
  Number of DML rows: 0 out of 10000
  Maximum CPU time: 0 out of 10000
  Maximum heap size: 0 out of 6000000
  Number of callouts: 0 out of 100
  Number of Email Invocations: 0 out of 10
  Number of future calls: 0 out of 50
  Number of queueable jobs added to the queue: 0 out of 50
  Number of Mobile Apex push calls: 0 out of 10

12:36:42.3 (3849369)|CUMULATIVE_LIMIT_USAGE_END

12:36:42.0 (3898156)|CODE_UNIT_FINISHED|TestTextFormat.testTextFormat
12:36:42.0 (5127728)|EXECUTION_FINISHED
12:36:42.43 (43432020)|USER_INFO|[EXTERNAL]|0051r000007Oz5Q|lydia.abril@gmail.com|hora estándar de Europa central|GMT+02:00
12:36:42.43 (43454363)|EXECUTION_STARTED
12:36:42.43 (43460408)|CODE_UNIT_STARTED|[EXTERNAL]|01p1r00000B5oTv|TestTextFormat.testTextFormatNotGood
12:36:42.43 (43606181)|HEAP_ALLOCATE|[72]|Bytes:3
12:36:42.43 (43636629)|HEAP_ALLOCATE|[77]|Bytes:152
12:36:42.43 (43651565)|HEAP_ALLOCATE|[342]|Bytes:408
12:36:42.43 (43666015)|HEAP_ALLOCATE|[355]|Bytes:408
12:36:42.43 (43678053)|HEAP_ALLOCATE|[467]|Bytes:48
12:36:42.43 (43701182)|HEAP_ALLOCATE|[139]|Bytes:6
12:36:42.43 (43714631)|HEAP_ALLOCATE|[EXTERNAL]|Bytes:39
12:36:42.43 (43725232)|METHOD_ENTRY|[2]|01p1r00000B5oTv|TestTextFormat.TestTextFormat()
12:36:42.43 (43731899)|STATEMENT_EXECUTE|[2]
12:36:42.43 (43738217)|STATEMENT_EXECUTE|[2]
12:36:42.43 (43742074)|METHOD_EXIT|[2]|TestTextFormat
12:36:42.43 (43812176)|HEAP_ALLOCATE|[50]|Bytes:5
12:36:42.43 (43832142)|HEAP_ALLOCATE|[56]|Bytes:5
12:36:42.43 (43839141)|HEAP_ALLOCATE|[64]|Bytes:7
12:36:42.43 (43882963)|STATEMENT_EXECUTE|[29]
12:36:42.43 (43886049)|STATEMENT_EXECUTE|[31]
12:36:42.43 (43889645)|HEAP_ALLOCATE|[31]|Bytes:340
12:36:42.43 (43896873)|VARIABLE_SCOPE_BEGIN|[31]|texto|String|false|false
12:36:42.43 (43923225)|VARIABLE_ASSIGNMENT|[31]|texto|"Fyrfadslys # [option (320 more) ..."
12:36:42.43 (43928880)|STATEMENT_EXECUTE|[33]
12:36:42.43 (43937754)|HEAP_ALLOCATE|[33]|Bytes:1
12:36:42.43 (43942665)|HEAP_ALLOCATE|[33]|Bytes:5
12:36:42.43 (43948474)|METHOD_ENTRY|[1]|01p1r00000B5oDJ|TextFormat.TextFormat()
12:36:42.43 (43953263)|STATEMENT_EXECUTE|[1]
12:36:42.43 (43956070)|STATEMENT_EXECUTE|[1]
12:36:42.43 (44257893)|SYSTEM_MODE_ENTER|false
12:36:42.43 (44275339)|HEAP_ALLOCATE|[33]|Bytes:5
12:36:42.43 (44283665)|SYSTEM_MODE_EXIT|false
12:36:42.43 (44291766)|METHOD_EXIT|[1]|TextFormat
12:36:42.43 (44303197)|METHOD_ENTRY|[33]|01p1r00000B5oDJ|TextFormat.textFormat(String)
12:36:42.43 (44321166)|VARIABLE_SCOPE_BEGIN|[3]|texto|String|false|false
12:36:42.43 (44333487)|VARIABLE_ASSIGNMENT|[3]|texto|"Fyrfadslys # [option (320 more) ..."
12:36:42.43 (44356356)|SYSTEM_MODE_ENTER|false
12:36:42.43 (44362492)|HEAP_ALLOCATE|[5]|Bytes:5
12:36:42.43 (44367727)|STATEMENT_EXECUTE|[3]
12:36:42.43 (44370013)|STATEMENT_EXECUTE|[5]
12:36:42.43 (44374617)|VARIABLE_SCOPE_BEGIN|[5]|tF|String|false|false
12:36:42.43 (44383936)|VARIABLE_ASSIGNMENT|[5]|tF|""
12:36:42.43 (44388845)|STATEMENT_EXECUTE|[9]
12:36:42.43 (44391526)|HEAP_ALLOCATE|[10]|Bytes:4
12:36:42.43 (44426826)|STATEMENT_EXECUTE|[10]
12:36:42.43 (44430338)|HEAP_ALLOCATE|[11]|Bytes:1
12:36:42.43 (44450987)|STATEMENT_EXECUTE|[11]
12:36:42.43 (44453783)|STATEMENT_EXECUTE|[31]
12:36:42.43 (44457182)|SYSTEM_MODE_EXIT|false
12:36:42.43 (44465259)|METHOD_EXIT|[33]|01p1r00000B5oDJ|TextFormat.textFormat(String)
12:36:42.43 (44470623)|VARIABLE_SCOPE_BEGIN|[33]|textoSalida|String|false|false
12:36:42.43 (44479252)|VARIABLE_ASSIGNMENT|[33]|textoSalida|""
12:36:42.43 (44483450)|STATEMENT_EXECUTE|[35]
12:36:42.44 (44529030)|CUMULATIVE_LIMIT_USAGE
12:36:42.44 (44529030)|LIMIT_USAGE_FOR_NS|(default)|
  Number of SOQL queries: 0 out of 100
  Number of query rows: 0 out of 50000
  Number of SOSL queries: 0 out of 20
  Number of DML statements: 0 out of 150
  Number of DML rows: 0 out of 10000
  Maximum CPU time: 0 out of 10000
  Maximum heap size: 0 out of 6000000
  Number of callouts: 0 out of 100
  Number of Email Invocations: 0 out of 10
  Number of future calls: 0 out of 50
  Number of queueable jobs added to the queue: 0 out of 50
  Number of Mobile Apex push calls: 0 out of 10

12:36:42.44 (44529030)|CUMULATIVE_LIMIT_USAGE_END

12:36:42.43 (44562789)|CODE_UNIT_FINISHED|TestTextFormat.testTextFormatNotGood
12:36:42.43 (45635705)|EXECUTION_FINISHED
12:36:42.67 (67304395)|USER_INFO|[EXTERNAL]|0051r000007Oz5Q|lydia.abril@gmail.com|hora estándar de Europa central|GMT+02:00
12:36:42.67 (67325554)|EXECUTION_STARTED
12:36:42.67 (67331531)|CODE_UNIT_STARTED|[EXTERNAL]|01p1r00000B5oTv|TestTextFormat.testTextFormatNull
12:36:42.67 (67458593)|HEAP_ALLOCATE|[72]|Bytes:3
12:36:42.67 (67491647)|HEAP_ALLOCATE|[77]|Bytes:152
12:36:42.67 (67514496)|HEAP_ALLOCATE|[342]|Bytes:408
12:36:42.67 (67528092)|HEAP_ALLOCATE|[355]|Bytes:408
12:36:42.67 (67540500)|HEAP_ALLOCATE|[467]|Bytes:48
12:36:42.67 (67565313)|HEAP_ALLOCATE|[139]|Bytes:6
12:36:42.67 (67578680)|HEAP_ALLOCATE|[EXTERNAL]|Bytes:39
12:36:42.67 (67588654)|METHOD_ENTRY|[2]|01p1r00000B5oTv|TestTextFormat.TestTextFormat()
12:36:42.67 (67596134)|STATEMENT_EXECUTE|[2]
12:36:42.67 (67602390)|STATEMENT_EXECUTE|[2]
12:36:42.67 (67606360)|METHOD_EXIT|[2]|TestTextFormat
12:36:42.67 (67666258)|HEAP_ALLOCATE|[50]|Bytes:5
12:36:42.67 (67686577)|HEAP_ALLOCATE|[56]|Bytes:5
12:36:42.67 (67693613)|HEAP_ALLOCATE|[64]|Bytes:7
12:36:42.67 (67729477)|STATEMENT_EXECUTE|[20]
12:36:42.67 (67731965)|STATEMENT_EXECUTE|[22]
12:36:42.67 (67737427)|VARIABLE_SCOPE_BEGIN|[22]|texto|String|false|false
12:36:42.67 (67758385)|VARIABLE_ASSIGNMENT|[22]|texto|null
12:36:42.67 (67763362)|STATEMENT_EXECUTE|[24]
12:36:42.67 (67771350)|HEAP_ALLOCATE|[24]|Bytes:1
12:36:42.67 (67776486)|HEAP_ALLOCATE|[24]|Bytes:5
12:36:42.67 (67781973)|METHOD_ENTRY|[1]|01p1r00000B5oDJ|TextFormat.TextFormat()
12:36:42.67 (67786653)|STATEMENT_EXECUTE|[1]
12:36:42.67 (67789526)|STATEMENT_EXECUTE|[1]
12:36:42.67 (68104772)|SYSTEM_MODE_ENTER|false
12:36:42.67 (68121144)|HEAP_ALLOCATE|[24]|Bytes:5
12:36:42.67 (68129754)|SYSTEM_MODE_EXIT|false
12:36:42.67 (68137989)|METHOD_EXIT|[1]|TextFormat
12:36:42.67 (68149720)|METHOD_ENTRY|[24]|01p1r00000B5oDJ|TextFormat.textFormat(String)
12:36:42.67 (68168564)|VARIABLE_SCOPE_BEGIN|[3]|texto|String|false|false
12:36:42.67 (68178116)|VARIABLE_ASSIGNMENT|[3]|texto|null
12:36:42.67 (68199765)|SYSTEM_MODE_ENTER|false
12:36:42.67 (68206246)|HEAP_ALLOCATE|[5]|Bytes:5
12:36:42.67 (68211636)|STATEMENT_EXECUTE|[3]
12:36:42.67 (68213938)|STATEMENT_EXECUTE|[5]
12:36:42.67 (68218640)|VARIABLE_SCOPE_BEGIN|[5]|tF|String|false|false
12:36:42.67 (68230257)|VARIABLE_ASSIGNMENT|[5]|tF|""
12:36:42.67 (68236369)|STATEMENT_EXECUTE|[9]
12:36:42.67 (68238325)|STATEMENT_EXECUTE|[31]
12:36:42.67 (68241591)|SYSTEM_MODE_EXIT|false
12:36:42.67 (68250942)|METHOD_EXIT|[24]|01p1r00000B5oDJ|TextFormat.textFormat(String)
12:36:42.67 (68256985)|VARIABLE_SCOPE_BEGIN|[24]|textoSalida|String|false|false
12:36:42.67 (68265014)|VARIABLE_ASSIGNMENT|[24]|textoSalida|""
12:36:42.67 (68269150)|STATEMENT_EXECUTE|[26]
12:36:42.68 (68309015)|CUMULATIVE_LIMIT_USAGE
12:36:42.68 (68309015)|LIMIT_USAGE_FOR_NS|(default)|
  Number of SOQL queries: 0 out of 100
  Number of query rows: 0 out of 50000
  Number of SOSL queries: 0 out of 20
  Number of DML statements: 0 out of 150
  Number of DML rows: 0 out of 10000
  Maximum CPU time: 0 out of 10000
  Maximum heap size: 0 out of 6000000
  Number of callouts: 0 out of 100
  Number of Email Invocations: 0 out of 10
  Number of future calls: 0 out of 50
  Number of queueable jobs added to the queue: 0 out of 50
  Number of Mobile Apex push calls: 0 out of 10

12:36:42.68 (68309015)|CUMULATIVE_LIMIT_USAGE_END

12:36:42.67 (68342718)|CODE_UNIT_FINISHED|TestTextFormat.testTextFormatNull
12:36:42.67 (69356084)|EXECUTION_FINISHED
