36.0 APEX_CODE,FINEST;APEX_PROFILING,INFO;CALLOUT,INFO;DB,INFO;SYSTEM,DEBUG;VALIDATION,INFO;VISUALFORCE,INFO;WAVE,INFO;WORKFLOW,INFO
12:57:40.0 (537342)|USER_INFO|[EXTERNAL]|0051r000007Oz5Q|lydia.abril@gmail.com|hora estándar de Europa central|GMT+02:00
12:57:40.0 (604694)|EXECUTION_STARTED
12:57:40.0 (612005)|CODE_UNIT_STARTED|[EXTERNAL]|01p1r000008aN28|PasajeroTest.ValidarNifTest
12:57:40.0 (895611)|HEAP_ALLOCATE|[72]|Bytes:3
12:57:40.0 (927494)|HEAP_ALLOCATE|[77]|Bytes:152
12:57:40.0 (943199)|HEAP_ALLOCATE|[342]|Bytes:408
12:57:40.0 (957825)|HEAP_ALLOCATE|[355]|Bytes:408
12:57:40.0 (971032)|HEAP_ALLOCATE|[467]|Bytes:48
12:57:40.0 (996699)|HEAP_ALLOCATE|[139]|Bytes:6
12:57:40.0 (1012372)|HEAP_ALLOCATE|[EXTERNAL]|Bytes:89
12:57:40.0 (1034243)|METHOD_ENTRY|[2]|01p1r000008aN28|PasajeroTest.PasajeroTest()
12:57:40.0 (1043735)|STATEMENT_EXECUTE|[2]
12:57:40.0 (1052369)|STATEMENT_EXECUTE|[2]
12:57:40.0 (1056508)|METHOD_EXIT|[2]|PasajeroTest
12:57:40.0 (1246586)|HEAP_ALLOCATE|[50]|Bytes:5
12:57:40.0 (1266344)|HEAP_ALLOCATE|[56]|Bytes:5
12:57:40.0 (1274845)|HEAP_ALLOCATE|[64]|Bytes:7
12:57:40.0 (1310421)|STATEMENT_EXECUTE|[9]
12:57:40.0 (1313369)|STATEMENT_EXECUTE|[11]
12:57:40.0 (1375775)|HEAP_ALLOCATE|[11]|Bytes:4
12:57:40.0 (1465544)|HEAP_ALLOCATE|[11]|Bytes:13
12:57:40.0 (1519061)|VARIABLE_ASSIGNMENT|[11]|this.Name|"CuentaPrueba0"|0x5ca8f647
12:57:40.0 (1548784)|VARIABLE_SCOPE_BEGIN|[11]|oAccount|Account|true|false
12:57:40.0 (1569159)|VARIABLE_ASSIGNMENT|[11]|oAccount|{"Name":"CuentaPrueba0"}|0x5ca8f647
12:57:40.0 (1576808)|STATEMENT_EXECUTE|[12]
12:57:40.0 (1600608)|HEAP_ALLOCATE|[12]|Bytes:8
12:57:40.0 (1621218)|DML_BEGIN|[12]|Op:Insert|Type:Account|Rows:1
12:57:40.0 (1660399)|HEAP_ALLOCATE|[EXTERNAL]|Bytes:8
12:57:40.0 (10959970)|CODE_UNIT_STARTED|[EXTERNAL]|DuplicateDetector
12:57:40.0 (10984782)|DUPLICATE_DETECTION_BEGIN
12:57:40.0 (11524739)|DUPLICATE_DETECTION_RULE_INVOCATION|DuplicateRuleId:0Bm1r0000018X88|DuplicateRuleName:Standard Account Duplicate Rule|DmlType:INSERT
12:57:40.0 (31500908)|DUPLICATE_DETECTION_MATCH_INVOCATION_DETAILS|EntityType:Account|ActionTaken:Allow_[Alert,Report]|DuplicateRecordIds:
12:57:40.0 (31534753)|DUPLICATE_DETECTION_MATCH_INVOCATION_SUMMARY|EntityType:Account|NumRecordsToBeSaved:1|NumRecordsToBeSavedWithDuplicates:0|NumDuplicateRecordsFound:0
12:57:40.0 (31660066)|DUPLICATE_DETECTION_END
12:57:40.0 (31667607)|CODE_UNIT_FINISHED|DuplicateDetector
12:57:40.0 (60826814)|DML_END|[12]
12:57:40.0 (60869649)|STATEMENT_EXECUTE|[14]
12:57:40.0 (60921832)|HEAP_ALLOCATE|[14]|Bytes:4
12:57:40.0 (61028187)|HEAP_ALLOCATE|[14]|Bytes:15
12:57:40.0 (61075371)|VARIABLE_ASSIGNMENT|[14]|this.LastName|"ContactoPrueba0"|0x8392c2
12:57:40.0 (61084408)|HEAP_ALLOCATE|[14]|Bytes:9
12:57:40.0 (61103894)|VARIABLE_ASSIGNMENT|[14]|this.Nif__c|"12345678B"|0x8392c2
12:57:40.0 (61148375)|VARIABLE_ASSIGNMENT|[14]|this.AccountId|"0011r00001mxdRJAAY"|0x8392c2
12:57:40.0 (61179031)|VARIABLE_SCOPE_BEGIN|[14]|oContact|Contact|true|false
12:57:40.0 (61200316)|VARIABLE_ASSIGNMENT|[14]|oContact|{"LastName":"ContactoPrueba0","Nif__c":"12345678B","AccountId":"0011r00001mxdRJAAY"}|0x8392c2
12:57:40.0 (61209785)|STATEMENT_EXECUTE|[15]
12:57:40.0 (61233817)|HEAP_ALLOCATE|[15]|Bytes:8
12:57:40.0 (61254690)|DML_BEGIN|[15]|Op:Insert|Type:Contact|Rows:1
12:57:40.0 (61289544)|HEAP_ALLOCATE|[EXTERNAL]|Bytes:8
12:57:40.0 (68545352)|CODE_UNIT_STARTED|[EXTERNAL]|01q1r000000j4Bx|ContactTrigger on Contact trigger event BeforeInsert
12:57:40.0 (68594958)|HEAP_ALLOCATE|[EXTERNAL]|Bytes:8
12:57:40.0 (68767773)|HEAP_ALLOCATE|[EXTERNAL]|Bytes:8
12:57:40.0 (68781470)|VARIABLE_SCOPE_BEGIN|[1]|this|ContactTrigger|true|false
12:57:40.0 (68842763)|VARIABLE_ASSIGNMENT|[1]|this|{}|0x1128e53d
12:57:40.0 (68908460)|HEAP_ALLOCATE|[EXTERNAL]|Bytes:8
12:57:40.0 (68917362)|VARIABLE_SCOPE_BEGIN|[1]|this|ContactTrigger|true|false
12:57:40.0 (68931169)|VARIABLE_ASSIGNMENT|[1]|this|{}|0x1128e53d
12:57:40.0 (68944941)|STATEMENT_EXECUTE|[1]
12:57:40.0 (68947916)|STATEMENT_EXECUTE|[3]
12:57:40.0 (69440502)|VARIABLE_ASSIGNMENT|[3]|this.listNew|[{"IsDeleted":false,"AccountId":"0011r00001mxdRJAAY","IsEmailBounced":false,"CleanStatus":"Pending","DoNotCall":false,"OwnerId":"0051r000007Oz5QAAS","HasOptedOutOfEmail":false,"HasOptedOutOfFax":false,"Nif__c":"12345678B","LastName":"ContactoPrueba0"}]|0x1128e53d
12:57:40.0 (69465478)|STATEMENT_EXECUTE|[5]
12:57:40.0 (69473582)|STATEMENT_EXECUTE|[6]
12:57:40.0 (69475570)|STATEMENT_EXECUTE|[7]
12:57:40.0 (70997679)|HEAP_ALLOCATE|[7]|Bytes:1
12:57:40.0 (71041712)|METHOD_ENTRY|[1]|01p1r000008aKc5|ContactMethods.ContactMethods()
12:57:40.0 (71049789)|STATEMENT_EXECUTE|[1]
12:57:40.0 (71055469)|STATEMENT_EXECUTE|[1]
12:57:40.0 (71430404)|SYSTEM_MODE_ENTER|false
12:57:40.0 (71445120)|HEAP_ALLOCATE|[7]|Bytes:5
12:57:40.0 (71452951)|SYSTEM_MODE_EXIT|false
12:57:40.0 (71464045)|METHOD_EXIT|[1]|ContactMethods
12:57:40.0 (71488628)|METHOD_ENTRY|[7]|01p1r000008aKc5|ContactMethods.ValidarNif(List<Contact>)
12:57:40.0 (71519474)|VARIABLE_SCOPE_BEGIN|[3]|listNew|List<Contact>|true|false
12:57:40.0 (71742730)|VARIABLE_ASSIGNMENT|[3]|listNew|[{"IsDeleted":false,"AccountId":"0011r00001mxdRJAAY","IsEmailBounced":false,"CleanStatus":"Pending","DoNotCall":false,"OwnerId":"0051r000007Oz5QAAS","HasOptedOutOfEmail":false,"HasOptedOutOfFax":false,"Nif__c":"12345678B","LastName":"ContactoPrueba0"}]|0x36717e15
12:57:40.0 (71773671)|SYSTEM_MODE_ENTER|false
12:57:40.0 (71781467)|HEAP_ALLOCATE|[5]|Bytes:5
12:57:40.0 (71788786)|STATEMENT_EXECUTE|[3]
12:57:40.0 (71869529)|STATEMENT_EXECUTE|[5]
12:57:40.0 (71872032)|STATEMENT_EXECUTE|[8]
12:57:40.0 (71876646)|HEAP_ALLOCATE|[8]|Bytes:26
12:57:40.0 (71894567)|HEAP_ALLOCATE|[8]|Bytes:4
12:57:40.0 (72025291)|SOQL_EXECUTE_BEGIN|[8]|Aggregations:0|SELECT Nif__c FROM Contact
12:57:40.0 (74781929)|SOQL_EXECUTE_END|[8]|Rows:0
12:57:40.0 (74806556)|HEAP_ALLOCATE|[8]|Bytes:4
12:57:40.0 (74818099)|HEAP_ALLOCATE|[8]|Bytes:0
12:57:40.0 (74851245)|HEAP_ALLOCATE|[8]|Bytes:4
12:57:40.0 (74863100)|VARIABLE_SCOPE_BEGIN|[8]|listContact|List<Contact>|true|false
12:57:40.0 (74879440)|VARIABLE_ASSIGNMENT|[8]|listContact|[]|0x43e1b2f6
12:57:40.0 (74888486)|STATEMENT_EXECUTE|[10]
12:57:40.0 (74901204)|HEAP_ALLOCATE|[10]|Bytes:4
12:57:40.0 (74930910)|VARIABLE_SCOPE_BEGIN|[10]|listContactNif|List<String>|true|false
12:57:40.0 (74956426)|HEAP_ALLOCATE|[EXTERNAL]|Bytes:4
12:57:40.0 (74966368)|VARIABLE_ASSIGNMENT|[10]|listContactNif|[]|0x32b99145
12:57:40.0 (75126623)|HEAP_ALLOCATE|[12]|Bytes:5
12:57:40.0 (75146409)|VARIABLE_ASSIGNMENT|[12]|inContact|null|
12:57:40.0 (75153904)|STATEMENT_EXECUTE|[12]
12:57:40.0 (75177967)|HEAP_ALLOCATE|[17]|Bytes:5
12:57:40.0 (75194136)|HEAP_ALLOCATE|[17]|Bytes:4
12:57:40.0 (75202658)|VARIABLE_SCOPE_BEGIN|[17]|inContact|Contact|true|false
12:57:40.0 (75476958)|VARIABLE_ASSIGNMENT|[17]|inContact|{"IsDeleted":false,"AccountId":"0011r00001mxdRJAAY","IsEmailBounced":false,"CleanStatus":"Pending","DoNotCall":false,"OwnerId":"0051r000007Oz5QAAS","HasOptedOutOfEmail":false,"HasOptedOutOfFax":false,"Nif__c":"12345678B","LastName":"ContactoPrueba0"}|0x62888aec
12:57:40.0 (75490023)|STATEMENT_EXECUTE|[17]
12:57:40.0 (75492302)|STATEMENT_EXECUTE|[19]
12:57:40.0 (75560714)|HEAP_ALLOCATE|[19]|Bytes:8
12:57:40.0 (75575048)|VARIABLE_SCOPE_BEGIN|[19]|numerosNif|String|false|false
12:57:40.0 (75586985)|VARIABLE_ASSIGNMENT|[19]|numerosNif|"12345678"
12:57:40.0 (75592730)|STATEMENT_EXECUTE|[21]
12:57:40.0 (75613049)|HEAP_ALLOCATE|[21]|Bytes:1
12:57:40.0 (75623358)|VARIABLE_SCOPE_BEGIN|[21]|letraNif|String|false|false
12:57:40.0 (75632449)|VARIABLE_ASSIGNMENT|[21]|letraNif|"B"
12:57:40.0 (75707720)|STATEMENT_EXECUTE|[23]
12:57:40.0 (75718824)|HEAP_ALLOCATE|[17]|Bytes:5
12:57:40.0 (75731511)|VARIABLE_ASSIGNMENT|[17]|inContact|null|
12:57:40.0 (75739957)|SYSTEM_MODE_EXIT|false
12:57:40.0 (75751248)|METHOD_EXIT|[7]|01p1r000008aKc5|ContactMethods.ValidarNif(List<Contact>)
12:57:40.75 (75765278)|CUMULATIVE_LIMIT_USAGE
12:57:40.75 (75765278)|LIMIT_USAGE_FOR_NS|(default)|
  Number of SOQL queries: 1 out of 100
  Number of query rows: 0 out of 50000
  Number of SOSL queries: 0 out of 20
  Number of DML statements: 2 out of 150
  Number of DML rows: 2 out of 10000
  Maximum CPU time: 0 out of 10000
  Maximum heap size: 0 out of 6000000
  Number of callouts: 0 out of 100
  Number of Email Invocations: 0 out of 10
  Number of future calls: 0 out of 50
  Number of queueable jobs added to the queue: 0 out of 50
  Number of Mobile Apex push calls: 0 out of 10

12:57:40.75 (75765278)|CUMULATIVE_LIMIT_USAGE_END

12:57:40.0 (76959809)|CODE_UNIT_FINISHED|ContactTrigger on Contact trigger event BeforeInsert
12:57:40.0 (81177742)|CODE_UNIT_STARTED|[EXTERNAL]|DuplicateDetector
12:57:40.0 (81195256)|DUPLICATE_DETECTION_BEGIN
12:57:40.0 (81260486)|DUPLICATE_DETECTION_RULE_INVOCATION|DuplicateRuleId:0Bm1r0000018X89|DuplicateRuleName:Standard Contact Duplicate Rule|DmlType:INSERT
12:57:40.0 (106292329)|DUPLICATE_DETECTION_MATCH_INVOCATION_DETAILS|EntityType:Contact|ActionTaken:Allow_[Alert,Report]|DuplicateRecordIds:
12:57:40.0 (106321623)|DUPLICATE_DETECTION_MATCH_INVOCATION_SUMMARY|EntityType:Contact|NumRecordsToBeSaved:1|NumRecordsToBeSavedWithDuplicates:0|NumDuplicateRecordsFound:0
12:57:40.0 (106334621)|DUPLICATE_DETECTION_MATCH_INVOCATION_DETAILS|EntityType:Contact|ActionTaken:Allow_[Alert,Report]|DuplicateRecordIds:
12:57:40.0 (106341855)|DUPLICATE_DETECTION_MATCH_INVOCATION_SUMMARY|EntityType:Contact|NumRecordsToBeSaved:1|NumRecordsToBeSavedWithDuplicates:0|NumDuplicateRecordsFound:0
12:57:40.0 (106476421)|DUPLICATE_DETECTION_END
12:57:40.0 (106484045)|CODE_UNIT_FINISHED|DuplicateDetector
12:57:40.0 (123900443)|DML_END|[15]
12:57:40.0 (123938136)|STATEMENT_EXECUTE|[17]
12:57:40.0 (123993307)|HEAP_ALLOCATE|[17]|Bytes:4
12:57:40.0 (124090786)|HEAP_ALLOCATE|[17]|Bytes:14
12:57:40.0 (124140496)|VARIABLE_ASSIGNMENT|[17]|this.Name|"ReservaPrueba0"|0x67971f7c
12:57:40.0 (124149091)|HEAP_ALLOCATE|[18]|Bytes:6
12:57:40.0 (124171024)|VARIABLE_ASSIGNMENT|[17]|this.Origen__c|"Madrid"|0x67971f7c
12:57:40.0 (124177421)|HEAP_ALLOCATE|[19]|Bytes:4
12:57:40.0 (124191088)|VARIABLE_ASSIGNMENT|[17]|this.Destino__c|"Roma"|0x67971f7c
12:57:40.0 (124197317)|HEAP_ALLOCATE|[20]|Bytes:7
12:57:40.0 (124210762)|VARIABLE_ASSIGNMENT|[17]|this.Case__c|"Turista"|0x67971f7c
12:57:40.0 (124262197)|VARIABLE_ASSIGNMENT|[17]|this.Contacto__c|"0031r000024iTv4AAE"|0x67971f7c
12:57:40.0 (124318924)|HEAP_ALLOCATE|[22]|Bytes:4
12:57:40.0 (124369636)|HEAP_ALLOCATE|[22]|Bytes:56
12:57:40.0 (124414970)|VARIABLE_ASSIGNMENT|[17]|this.Fecha_Salida__c|"2019-01-10T23:00:00.000Z"|0x67971f7c
12:57:40.0 (124423695)|HEAP_ALLOCATE|[23]|Bytes:4
12:57:40.0 (124439508)|VARIABLE_ASSIGNMENT|[17]|this.Observaciones__c|"Nada"|0x67971f7c
12:57:40.0 (124468776)|VARIABLE_SCOPE_BEGIN|[17]|oReserva|Reserva_Vuelo__c|true|false
12:57:40.0 (124497186)|VARIABLE_ASSIGNMENT|[17]|oReserva|{"Name":"ReservaPrueba0","Origen__c":"Madrid","Destino__c":"Roma","Case__c":"Turista","Contacto__c":"0031r000024iTv4AAE","Fecha_Salida__c":"2019-01-10T23:00:00.000Z","Observaciones__c":"Nada"}|0x67971f7c
12:57:40.0 (124507396)|STATEMENT_EXECUTE|[25]
12:57:40.0 (124525464)|HEAP_ALLOCATE|[25]|Bytes:8
12:57:40.0 (124549192)|DML_BEGIN|[25]|Op:Insert|Type:Reserva_Vuelo__c|Rows:1
12:57:40.0 (124585167)|HEAP_ALLOCATE|[EXTERNAL]|Bytes:8
12:57:40.0 (129472714)|CODE_UNIT_STARTED|[EXTERNAL]|01q1r000000isRT|ReservaVueloTrigger on Reserva_Vuelo trigger event BeforeInsert
12:57:40.0 (129523199)|HEAP_ALLOCATE|[EXTERNAL]|Bytes:8
12:57:40.0 (129675545)|HEAP_ALLOCATE|[EXTERNAL]|Bytes:12
12:57:40.0 (129693309)|VARIABLE_SCOPE_BEGIN|[1]|this|ReservaVueloTrigger|true|false
12:57:40.0 (129767465)|VARIABLE_ASSIGNMENT|[1]|this|{}|0x39a2611e
12:57:40.0 (129843228)|HEAP_ALLOCATE|[EXTERNAL]|Bytes:12
12:57:40.0 (129852624)|VARIABLE_SCOPE_BEGIN|[1]|this|ReservaVueloTrigger|true|false
12:57:40.0 (129866257)|VARIABLE_ASSIGNMENT|[1]|this|{}|0x39a2611e
12:57:40.0 (129879506)|STATEMENT_EXECUTE|[1]
12:57:40.0 (129882469)|STATEMENT_EXECUTE|[4]
12:57:40.0 (130203386)|VARIABLE_ASSIGNMENT|[4]|this.listNew|[{"Contacto__c":"0031r000024iTv4AAE","Origen__c":"Madrid","Destino__c":"Roma","IsDeleted":false,"Fecha_Salida__c":"2019-01-10T23:00:00.000Z","OwnerId":"0051r000007Oz5QAAS","Observaciones__c":"Nada","Case__c":"Turista","Modificado__c":false,"Name":"ReservaPrueba0"}]|0x39a2611e
12:57:40.0 (130217694)|STATEMENT_EXECUTE|[7]
12:57:40.0 (130237600)|VARIABLE_ASSIGNMENT|[7]|this.mapOld|null|0x39a2611e
12:57:40.0 (130248652)|STATEMENT_EXECUTE|[10]
12:57:40.0 (130254166)|STATEMENT_EXECUTE|[11]
12:57:40.0 (130256163)|STATEMENT_EXECUTE|[12]
12:57:40.0 (131623502)|HEAP_ALLOCATE|[12]|Bytes:4
12:57:40.0 (131649725)|METHOD_ENTRY|[1]|01p1r000007Yidp|ReservaVueloMethods.ReservaVueloMethods()
12:57:40.0 (131659048)|STATEMENT_EXECUTE|[1]
12:57:40.0 (131664610)|STATEMENT_EXECUTE|[1]
12:57:40.0 (132017637)|SYSTEM_MODE_ENTER|false
12:57:40.0 (132030034)|HEAP_ALLOCATE|[12]|Bytes:5
12:57:40.0 (132038794)|SYSTEM_MODE_EXIT|false
12:57:40.0 (132049518)|METHOD_EXIT|[1]|ReservaVueloMethods
12:57:40.0 (132077089)|METHOD_ENTRY|[12]|01p1r000007Yidp|ReservaVueloMethods.RellenarCuenta(List<Reserva_Vuelo__c>)
12:57:40.0 (132107243)|VARIABLE_SCOPE_BEGIN|[4]|listReservas|List<Reserva_Vuelo__c>|true|false
12:57:40.0 (132226242)|VARIABLE_ASSIGNMENT|[4]|listReservas|[{"Contacto__c":"0031r000024iTv4AAE","Origen__c":"Madrid","Destino__c":"Roma","IsDeleted":false,"Fecha_Salida__c":"2019-01-10T23:00:00.000Z","OwnerId":"0051r000007Oz5QAAS","Observaciones__c":"Nada","Case__c":"Turista","Modificado__c":false,"Name":"ReservaPrueba0"}]|0x1cdfb75d
12:57:40.0 (132260247)|SYSTEM_MODE_ENTER|false
12:57:40.0 (132268436)|HEAP_ALLOCATE|[6]|Bytes:5
12:57:40.0 (132275667)|STATEMENT_EXECUTE|[4]
12:57:40.0 (132358325)|STATEMENT_EXECUTE|[6]
12:57:40.0 (132360837)|STATEMENT_EXECUTE|[9]
12:57:40.0 (132374291)|HEAP_ALLOCATE|[9]|Bytes:4
12:57:40.0 (132409642)|VARIABLE_SCOPE_BEGIN|[9]|listContactosIds|Set<String>|true|false
12:57:40.0 (132438644)|VARIABLE_ASSIGNMENT|[9]|listContactosIds|[]|0x5a0ce183
12:57:40.0 (132552535)|HEAP_ALLOCATE|[10]|Bytes:5
12:57:40.0 (132571451)|HEAP_ALLOCATE|[10]|Bytes:4
12:57:40.0 (132579917)|VARIABLE_SCOPE_BEGIN|[10]|inReserva|Reserva_Vuelo__c|true|false
12:57:40.0 (132710468)|VARIABLE_ASSIGNMENT|[10]|inReserva|{"Contacto__c":"0031r000024iTv4AAE","Origen__c":"Madrid","Destino__c":"Roma","IsDeleted":false,"Fecha_Salida__c":"2019-01-10T23:00:00.000Z","OwnerId":"0051r000007Oz5QAAS","Observaciones__c":"Nada","Case__c":"Turista","Modificado__c":false,"Name":"ReservaPrueba0"}|0x62c97fad
12:57:40.0 (132723676)|STATEMENT_EXECUTE|[10]
12:57:40.0 (132726022)|STATEMENT_EXECUTE|[11]
12:57:40.0 (132794257)|HEAP_ALLOCATE|[EXTERNAL]|Bytes:4
12:57:40.0 (132812350)|HEAP_ALLOCATE|[10]|Bytes:5
12:57:40.0 (132825691)|VARIABLE_ASSIGNMENT|[10]|inReserva|null|
12:57:40.0 (132832129)|STATEMENT_EXECUTE|[23]
12:57:40.0 (132871026)|HEAP_ALLOCATE|[23]|Bytes:4
12:57:40.0 (132878628)|HEAP_ALLOCATE|[23]|Bytes:49
12:57:40.0 (132887525)|HEAP_ALLOCATE|[23]|Bytes:4
12:57:40.0 (132895526)|HEAP_ALLOCATE|[23]|Bytes:7
12:57:40.0 (132928388)|HEAP_ALLOCATE|[23]|Bytes:8
12:57:40.0 (132936774)|HEAP_ALLOCATE|[23]|Bytes:8
12:57:40.0 (133149472)|SOQL_EXECUTE_BEGIN|[23]|Aggregations:0|SELECT AccountId FROM Contact WHERE id = :tmpVar1
12:57:40.0 (136618899)|SOQL_EXECUTE_END|[23]|Rows:1
12:57:40.0 (136644897)|HEAP_ALLOCATE|[23]|Bytes:8
12:57:40.0 (136661124)|HEAP_ALLOCATE|[23]|Bytes:60
12:57:40.0 (136695953)|HEAP_ALLOCATE|[23]|Bytes:8
12:57:40.0 (136742006)|HEAP_ALLOCATE|[23]|Bytes:12
12:57:40.0 (136753330)|HEAP_ALLOCATE|[23]|Bytes:18
12:57:40.0 (136765079)|VARIABLE_SCOPE_BEGIN|[23]|contactos|Map<String,Contact>|true|false
12:57:40.0 (136796553)|VARIABLE_ASSIGNMENT|[23]|contactos|{"0031r000024iTv4AAE":{"AccountId":"0011r00001mxdRJAAY","Id":"0031r000024iTv4AAE"}}|0x59dd8280
12:57:40.0 (136842666)|HEAP_ALLOCATE|[26]|Bytes:5
12:57:40.0 (136859426)|HEAP_ALLOCATE|[26]|Bytes:4
12:57:40.0 (136867800)|VARIABLE_SCOPE_BEGIN|[26]|inReserva|Reserva_Vuelo__c|true|false
12:57:40.0 (137009248)|VARIABLE_ASSIGNMENT|[26]|inReserva|{"Contacto__c":"0031r000024iTv4AAE","Origen__c":"Madrid","Destino__c":"Roma","IsDeleted":false,"Fecha_Salida__c":"2019-01-10T23:00:00.000Z","OwnerId":"0051r000007Oz5QAAS","Observaciones__c":"Nada","Case__c":"Turista","Modificado__c":false,"Name":"ReservaPrueba0"}|0x62c97fad
12:57:40.0 (137024398)|STATEMENT_EXECUTE|[26]
12:57:40.0 (137027424)|STATEMENT_EXECUTE|[27]
12:57:40.0 (137224468)|VARIABLE_ASSIGNMENT|[27]|this.Cuenta__c|"0011r00001mxdRJAAY"|0x62c97fad
12:57:40.0 (137243755)|HEAP_ALLOCATE|[26]|Bytes:5
12:57:40.0 (137257081)|VARIABLE_ASSIGNMENT|[26]|inReserva|null|
12:57:40.0 (137265842)|SYSTEM_MODE_EXIT|false
12:57:40.0 (137277498)|METHOD_EXIT|[12]|01p1r000007Yidp|ReservaVueloMethods.RellenarCuenta(List<Reserva_Vuelo__c>)
12:57:40.0 (137296043)|STATEMENT_EXECUTE|[14]
12:57:40.137 (137307736)|CUMULATIVE_LIMIT_USAGE
12:57:40.137 (137307736)|LIMIT_USAGE_FOR_NS|(default)|
  Number of SOQL queries: 2 out of 100
  Number of query rows: 1 out of 50000
  Number of SOSL queries: 0 out of 20
  Number of DML statements: 3 out of 150
  Number of DML rows: 3 out of 10000
  Maximum CPU time: 0 out of 10000
  Maximum heap size: 0 out of 6000000
  Number of callouts: 0 out of 100
  Number of Email Invocations: 0 out of 10
  Number of future calls: 0 out of 50
  Number of queueable jobs added to the queue: 0 out of 50
  Number of Mobile Apex push calls: 0 out of 10

12:57:40.137 (137307736)|CUMULATIVE_LIMIT_USAGE_END

12:57:40.0 (138485772)|CODE_UNIT_FINISHED|ReservaVueloTrigger on Reserva_Vuelo trigger event BeforeInsert
12:57:40.0 (141272076)|CODE_UNIT_STARTED|[EXTERNAL]|Validation:Reserva_Vuelo:new
12:57:40.0 (141286145)|VALIDATION_RULE|03d1r0000006A1e|DiferentesCampos
12:57:40.0 (141502794)|VALIDATION_FORMULA|TEXT(Origen__c)  =  TEXT(Destino__c)|Destino__c=Roma , Origen__c=Madrid
12:57:40.0 (141510929)|VALIDATION_PASS
12:57:40.0 (141513593)|VALIDATION_RULE|03d1r0000006A1Z|Fecha_de_salida
12:57:40.0 (141857805)|VALIDATION_FORMULA|Fecha_Salida__c  <   NOW()|Fecha_Salida__c=2019-01-10 23:00:00
12:57:40.0 (141866323)|VALIDATION_PASS
12:57:40.0 (141902605)|CODE_UNIT_FINISHED|Validation:Reserva_Vuelo:new
12:57:40.0 (161692322)|DML_END|[25]
12:57:40.0 (161735775)|STATEMENT_EXECUTE|[27]
12:57:40.0 (161739992)|STATEMENT_EXECUTE|[27]
12:57:40.0 (161742171)|STATEMENT_EXECUTE|[29]
12:57:40.0 (161802492)|HEAP_ALLOCATE|[29]|Bytes:4
12:57:40.0 (161908856)|HEAP_ALLOCATE|[29]|Bytes:9
12:57:40.0 (161971282)|VARIABLE_ASSIGNMENT|[29]|this.Name|"Pasajero0"|0x45e509ad
12:57:40.0 (162036638)|VARIABLE_ASSIGNMENT|[29]|this.Reserva__c|"a001r00000oUIjVAAW"|0x45e509ad
12:57:40.0 (162045981)|HEAP_ALLOCATE|[31]|Bytes:9
12:57:40.0 (162064529)|VARIABLE_ASSIGNMENT|[29]|this.Nif__c|"123456781"|0x45e509ad
12:57:40.0 (162100512)|HEAP_ALLOCATE|[29]|Bytes:28
12:57:40.0 (162126476)|VARIABLE_ASSIGNMENT|[29]|this.Edad__c|59|0x45e509ad
12:57:40.0 (162159181)|VARIABLE_SCOPE_BEGIN|[29]|oPasajero|Pasajero__c|true|false
12:57:40.0 (162183315)|VARIABLE_ASSIGNMENT|[29]|oPasajero|{"Name":"Pasajero0","Reserva__c":"a001r00000oUIjVAAW","Nif__c":"123456781","Edad__c":59}|0x45e509ad
12:57:40.0 (162198629)|STATEMENT_EXECUTE|[33]
12:57:40.0 (162224535)|HEAP_ALLOCATE|[33]|Bytes:8
12:57:40.0 (162247409)|DML_BEGIN|[33]|Op:Insert|Type:Pasajero__c|Rows:1
12:57:40.0 (162284111)|HEAP_ALLOCATE|[EXTERNAL]|Bytes:8
12:57:40.0 (164905979)|CODE_UNIT_STARTED|[EXTERNAL]|01q1r000000j3dJ|PasajeroTrigger on Pasajero trigger event BeforeInsert
12:57:40.0 (164941405)|HEAP_ALLOCATE|[EXTERNAL]|Bytes:8
12:57:40.0 (165047310)|HEAP_ALLOCATE|[EXTERNAL]|Bytes:8
12:57:40.0 (165063871)|VARIABLE_SCOPE_BEGIN|[1]|this|PasajeroTrigger|true|false
12:57:40.0 (165117588)|VARIABLE_ASSIGNMENT|[1]|this|{}|0x53ae8e4f
12:57:40.0 (165181601)|HEAP_ALLOCATE|[EXTERNAL]|Bytes:8
12:57:40.0 (165246988)|VARIABLE_SCOPE_BEGIN|[1]|this|PasajeroTrigger|true|false
12:57:40.0 (165262305)|VARIABLE_ASSIGNMENT|[1]|this|{}|0x53ae8e4f
12:57:40.0 (165271437)|STATEMENT_EXECUTE|[1]
12:57:40.0 (165273813)|STATEMENT_EXECUTE|[4]
12:57:40.0 (165488178)|VARIABLE_ASSIGNMENT|[4]|this.listNew|[{"IsDeleted":false,"Edad__c":59,"Nif__c":"123456781","Reserva__c":"a001r00000oUIjVAAW","Name":"Pasajero0"}]|0x53ae8e4f
12:57:40.0 (165502602)|STATEMENT_EXECUTE|[7]
12:57:40.0 (165508124)|STATEMENT_EXECUTE|[8]
12:57:40.0 (165510086)|STATEMENT_EXECUTE|[9]
12:57:40.0 (166804568)|HEAP_ALLOCATE|[9]|Bytes:4
12:57:40.0 (166828859)|METHOD_ENTRY|[1]|01p1r000008Zry1|PasajeroMethods.PasajeroMethods()
12:57:40.0 (166837210)|STATEMENT_EXECUTE|[1]
12:57:40.0 (166842986)|STATEMENT_EXECUTE|[1]
12:57:40.0 (167212862)|SYSTEM_MODE_ENTER|false
12:57:40.0 (167224256)|HEAP_ALLOCATE|[9]|Bytes:5
12:57:40.0 (167233583)|SYSTEM_MODE_EXIT|false
12:57:40.0 (167244208)|METHOD_EXIT|[1]|PasajeroMethods
12:57:40.0 (167268668)|METHOD_ENTRY|[9]|01p1r000008Zry1|PasajeroMethods.ValidarNif(List<Pasajero__c>)
12:57:40.0 (167298804)|VARIABLE_SCOPE_BEGIN|[32]|listNew|List<Pasajero__c>|true|false
12:57:40.0 (167403454)|VARIABLE_ASSIGNMENT|[32]|listNew|[{"IsDeleted":false,"Edad__c":59,"Nif__c":"123456781","Reserva__c":"a001r00000oUIjVAAW","Name":"Pasajero0"}]|0x7367e1b3
12:57:40.0 (167432614)|SYSTEM_MODE_ENTER|false
12:57:40.0 (167440075)|HEAP_ALLOCATE|[34]|Bytes:5
12:57:40.0 (167447559)|STATEMENT_EXECUTE|[32]
12:57:40.0 (167530323)|STATEMENT_EXECUTE|[34]
12:57:40.0 (167532723)|STATEMENT_EXECUTE|[37]
12:57:40.0 (167536395)|HEAP_ALLOCATE|[37]|Bytes:30
12:57:40.0 (167553260)|HEAP_ALLOCATE|[37]|Bytes:4
12:57:40.0 (167745051)|SOQL_EXECUTE_BEGIN|[37]|Aggregations:0|SELECT Nif__c FROM Pasajero__c
12:57:40.0 (169562985)|SOQL_EXECUTE_END|[37]|Rows:0
12:57:40.0 (169586445)|HEAP_ALLOCATE|[37]|Bytes:4
12:57:40.0 (169599306)|HEAP_ALLOCATE|[37]|Bytes:0
12:57:40.0 (169630780)|HEAP_ALLOCATE|[37]|Bytes:4
12:57:40.0 (169644344)|VARIABLE_SCOPE_BEGIN|[37]|listPasajero|List<Pasajero__c>|true|false
12:57:40.0 (169659225)|VARIABLE_ASSIGNMENT|[37]|listPasajero|[]|0x771dba7d
12:57:40.0 (169667826)|STATEMENT_EXECUTE|[39]
12:57:40.0 (169676359)|HEAP_ALLOCATE|[39]|Bytes:4
12:57:40.0 (169702051)|VARIABLE_SCOPE_BEGIN|[39]|listPasajeroNif|List<String>|true|false
12:57:40.0 (169734447)|HEAP_ALLOCATE|[EXTERNAL]|Bytes:4
12:57:40.0 (169744282)|VARIABLE_ASSIGNMENT|[39]|listPasajeroNif|[]|0x3916aeb3
12:57:40.0 (169864624)|HEAP_ALLOCATE|[41]|Bytes:5
12:57:40.0 (169881700)|VARIABLE_ASSIGNMENT|[41]|inPasajero|null|
12:57:40.0 (169888531)|STATEMENT_EXECUTE|[41]
12:57:40.0 (169911517)|HEAP_ALLOCATE|[48]|Bytes:5
12:57:40.0 (169925739)|HEAP_ALLOCATE|[48]|Bytes:4
12:57:40.0 (169933354)|VARIABLE_SCOPE_BEGIN|[48]|inPasajero|Pasajero__c|true|false
12:57:40.0 (170058551)|VARIABLE_ASSIGNMENT|[48]|inPasajero|{"IsDeleted":false,"Edad__c":59,"Nif__c":"123456781","Reserva__c":"a001r00000oUIjVAAW","Name":"Pasajero0"}|0xb2d8643
12:57:40.0 (170067992)|STATEMENT_EXECUTE|[48]
12:57:40.0 (170070133)|STATEMENT_EXECUTE|[50]
12:57:40.0 (170121167)|HEAP_ALLOCATE|[50]|Bytes:8
12:57:40.0 (170133807)|VARIABLE_SCOPE_BEGIN|[50]|numerosNif|String|false|false
12:57:40.0 (170144979)|VARIABLE_ASSIGNMENT|[50]|numerosNif|"12345678"
12:57:40.0 (170150705)|STATEMENT_EXECUTE|[52]
12:57:40.0 (170169805)|HEAP_ALLOCATE|[52]|Bytes:1
12:57:40.0 (170179581)|VARIABLE_SCOPE_BEGIN|[52]|letraNif|String|false|false
12:57:40.0 (170188970)|VARIABLE_ASSIGNMENT|[52]|letraNif|"1"
12:57:40.0 (170227124)|STATEMENT_EXECUTE|[56]
12:57:40.0 (170229315)|STATEMENT_EXECUTE|[57]
12:57:40.0 (170232939)|HEAP_ALLOCATE|[57]|Bytes:21
12:57:40.0 (170290127)|VF_PAGE_MESSAGE|Error en la letra Nif
12:57:40.0 (170310901)|HEAP_ALLOCATE|[48]|Bytes:5
12:57:40.0 (170323848)|VARIABLE_ASSIGNMENT|[48]|inPasajero|null|
12:57:40.0 (170332184)|SYSTEM_MODE_EXIT|false
12:57:40.0 (170341168)|METHOD_EXIT|[9]|01p1r000008Zry1|PasajeroMethods.ValidarNif(List<Pasajero__c>)
12:57:40.0 (170347808)|STATEMENT_EXECUTE|[10]
12:57:40.0 (170366436)|METHOD_ENTRY|[10]|01p1r000008Zry1|PasajeroMethods.RellenarContacto(List<Pasajero__c>)
12:57:40.0 (170385307)|VARIABLE_SCOPE_BEGIN|[3]|listPasajeros|List<Pasajero__c>|true|false
12:57:40.0 (170473968)|VARIABLE_ASSIGNMENT|[3]|listPasajeros|[{"IsDeleted":false,"Edad__c":59,"Nif__c":"123456781","Reserva__c":"a001r00000oUIjVAAW","Name":"Pasajero0"}]|0x7367e1b3
12:57:40.0 (170502113)|SYSTEM_MODE_ENTER|false
12:57:40.0 (170509236)|HEAP_ALLOCATE|[5]|Bytes:5
12:57:40.0 (170515545)|STATEMENT_EXECUTE|[3]
12:57:40.0 (170537520)|STATEMENT_EXECUTE|[5]
12:57:40.0 (170539678)|STATEMENT_EXECUTE|[8]
12:57:40.0 (170548566)|HEAP_ALLOCATE|[8]|Bytes:4
12:57:40.0 (170565092)|VARIABLE_SCOPE_BEGIN|[8]|listNifs|List<String>|true|false
12:57:40.0 (170595569)|HEAP_ALLOCATE|[EXTERNAL]|Bytes:4
12:57:40.0 (170604152)|VARIABLE_ASSIGNMENT|[8]|listNifs|[]|0x83cc415
12:57:40.0 (170632024)|HEAP_ALLOCATE|[10]|Bytes:5
12:57:40.0 (170644133)|HEAP_ALLOCATE|[10]|Bytes:4
12:57:40.0 (170651003)|VARIABLE_SCOPE_BEGIN|[10]|inPasajero|Pasajero__c|true|false
12:57:40.0 (170737823)|VARIABLE_ASSIGNMENT|[10]|inPasajero|{"IsDeleted":false,"Edad__c":59,"Nif__c":"123456781","Reserva__c":"a001r00000oUIjVAAW","Name":"Pasajero0"}|0xb2d8643
12:57:40.0 (170746546)|STATEMENT_EXECUTE|[10]
12:57:40.0 (170748541)|STATEMENT_EXECUTE|[11]
12:57:40.0 (170779441)|HEAP_ALLOCATE|[EXTERNAL]|Bytes:4
12:57:40.0 (170795209)|HEAP_ALLOCATE|[10]|Bytes:5
12:57:40.0 (170806273)|VARIABLE_ASSIGNMENT|[10]|inPasajero|null|
12:57:40.0 (170812548)|STATEMENT_EXECUTE|[15]
12:57:40.0 (170816068)|HEAP_ALLOCATE|[15]|Bytes:61
12:57:40.0 (170828277)|HEAP_ALLOCATE|[15]|Bytes:4
12:57:40.0 (171032546)|SOQL_EXECUTE_BEGIN|[15]|Aggregations:0|SELECT Id, Name, Nif__c FROM Contact WHERE Nif__c IN :tmpVar1
12:57:40.0 (174489487)|SOQL_EXECUTE_END|[15]|Rows:0
12:57:40.0 (174516018)|HEAP_ALLOCATE|[15]|Bytes:4
12:57:40.0 (174527158)|HEAP_ALLOCATE|[15]|Bytes:0
12:57:40.0 (174558792)|HEAP_ALLOCATE|[15]|Bytes:4
12:57:40.0 (174570617)|VARIABLE_SCOPE_BEGIN|[15]|listContactos|List<Contact>|true|false
12:57:40.0 (174587312)|VARIABLE_ASSIGNMENT|[15]|listContactos|[]|0x30693aac
12:57:40.0 (174596302)|STATEMENT_EXECUTE|[17]
12:57:40.0 (174611896)|HEAP_ALLOCATE|[17]|Bytes:4
12:57:40.0 (174625541)|VARIABLE_SCOPE_BEGIN|[17]|mapContactos|Map<String,Contact>|true|false
12:57:40.0 (174641418)|VARIABLE_ASSIGNMENT|[17]|mapContactos|{}|0x562d245e
12:57:40.0 (174684934)|HEAP_ALLOCATE|[19]|Bytes:5
12:57:40.0 (174700350)|VARIABLE_ASSIGNMENT|[19]|inContact|null|
12:57:40.0 (174712510)|STATEMENT_EXECUTE|[19]
12:57:40.0 (174735544)|HEAP_ALLOCATE|[24]|Bytes:5
12:57:40.0 (174748168)|HEAP_ALLOCATE|[24]|Bytes:4
12:57:40.0 (174754862)|VARIABLE_SCOPE_BEGIN|[24]|inPasajero|Pasajero__c|true|false
12:57:40.0 (174868747)|VARIABLE_ASSIGNMENT|[24]|inPasajero|{"IsDeleted":false,"Edad__c":59,"Nif__c":"123456781","Reserva__c":"a001r00000oUIjVAAW","Name":"Pasajero0"}|0xb2d8643
12:57:40.0 (174878422)|STATEMENT_EXECUTE|[24]
12:57:40.0 (174920324)|STATEMENT_EXECUTE|[25]
12:57:40.0 (174930306)|HEAP_ALLOCATE|[24]|Bytes:5
12:57:40.0 (174941725)|VARIABLE_ASSIGNMENT|[24]|inPasajero|null|
12:57:40.0 (174950743)|SYSTEM_MODE_EXIT|false
12:57:40.0 (174962526)|METHOD_EXIT|[10]|01p1r000008Zry1|PasajeroMethods.RellenarContacto(List<Pasajero__c>)
12:57:40.174 (174977951)|CUMULATIVE_LIMIT_USAGE
12:57:40.174 (174977951)|LIMIT_USAGE_FOR_NS|(default)|
  Number of SOQL queries: 4 out of 100
  Number of query rows: 1 out of 50000
  Number of SOSL queries: 0 out of 20
  Number of DML statements: 4 out of 150
  Number of DML rows: 4 out of 10000
  Maximum CPU time: 0 out of 10000
  Maximum heap size: 0 out of 6000000
  Number of callouts: 0 out of 100
  Number of Email Invocations: 0 out of 10
  Number of future calls: 0 out of 50
  Number of queueable jobs added to the queue: 0 out of 50
  Number of Mobile Apex push calls: 0 out of 10

12:57:40.174 (174977951)|CUMULATIVE_LIMIT_USAGE_END

12:57:40.0 (176107957)|CODE_UNIT_FINISHED|PasajeroTrigger on Pasajero trigger event BeforeInsert
12:57:40.0 (177023206)|DML_END|[33]
12:57:40.0 (177121909)|EXCEPTION_THROWN|[33]|System.DmlException: Insert failed. First exception on row 0; first error: FIELD_CUSTOM_VALIDATION_EXCEPTION, Error en la letra Nif: []
12:57:40.0 (177405740)|HEAP_ALLOCATE|[33]|Bytes:118
12:57:40.0 (177441226)|VARIABLE_SCOPE_BEGIN|[35]|e|Exception|true|false
12:57:40.0 (177550954)|VARIABLE_ASSIGNMENT|[35]|e|"common.apex.runtime.impl.DmlExecutionException: Insert failed. First exception on row 0; first error: FIELD_CUSTOM_VALIDATION_EXCEPTION, Error en la letra Nif: []"|0x16482070
12:57:40.0 (177563716)|STATEMENT_EXECUTE|[35]
12:57:40.0 (177566488)|STATEMENT_EXECUTE|[36]
12:57:40.0 (177600581)|HEAP_ALLOCATE|[36]|Bytes:114
12:57:40.0 (177648188)|STATEMENT_EXECUTE|[37]
12:57:40.0 (177651834)|HEAP_ALLOCATE|[37]|Bytes:1
12:57:40.0 (177673417)|USER_DEBUG|[37]|DEBUG|1
12:57:40.0 (177684088)|STATEMENT_EXECUTE|[40]
12:57:40.0 (177686004)|STATEMENT_EXECUTE|[40]
12:57:40.0 (177687786)|STATEMENT_EXECUTE|[42]
12:57:40.0 (177717024)|HEAP_ALLOCATE|[42]|Bytes:4
12:57:40.0 (177759172)|VARIABLE_ASSIGNMENT|[42]|this.Name|"Pasajero0"|0x68f2a91d
12:57:40.0 (177792963)|VARIABLE_ASSIGNMENT|[42]|this.Reserva__c|"a001r00000oUIjVAAW"|0x68f2a91d
12:57:40.0 (177800098)|HEAP_ALLOCATE|[44]|Bytes:9
12:57:40.0 (177814136)|VARIABLE_ASSIGNMENT|[42]|this.Nif__c|"1234567BB"|0x68f2a91d
12:57:40.0 (177831012)|HEAP_ALLOCATE|[42]|Bytes:28
12:57:40.0 (177848171)|VARIABLE_ASSIGNMENT|[42]|this.Edad__c|59|0x68f2a91d
12:57:40.0 (177873112)|VARIABLE_SCOPE_BEGIN|[42]|oPasajero|Pasajero__c|true|false
12:57:40.0 (177889636)|VARIABLE_ASSIGNMENT|[42]|oPasajero|{"Name":"Pasajero0","Reserva__c":"a001r00000oUIjVAAW","Nif__c":"1234567BB","Edad__c":59}|0x68f2a91d
12:57:40.0 (177896745)|STATEMENT_EXECUTE|[46]
12:57:40.0 (177912455)|HEAP_ALLOCATE|[46]|Bytes:8
12:57:40.0 (177930570)|DML_BEGIN|[46]|Op:Insert|Type:Pasajero__c|Rows:1
12:57:40.0 (177956207)|HEAP_ALLOCATE|[EXTERNAL]|Bytes:8
12:57:40.0 (180617855)|CODE_UNIT_STARTED|[EXTERNAL]|01q1r000000j3dJ|PasajeroTrigger on Pasajero trigger event BeforeInsert
12:57:40.0 (180664930)|HEAP_ALLOCATE|[EXTERNAL]|Bytes:8
12:57:40.0 (180716203)|HEAP_ALLOCATE|[EXTERNAL]|Bytes:8
12:57:40.0 (180729911)|VARIABLE_SCOPE_BEGIN|[1]|this|PasajeroTrigger|true|false
12:57:40.0 (180799873)|VARIABLE_ASSIGNMENT|[1]|this|{}|0x298ef097
12:57:40.0 (180861414)|HEAP_ALLOCATE|[EXTERNAL]|Bytes:8
12:57:40.0 (180871998)|VARIABLE_SCOPE_BEGIN|[1]|this|PasajeroTrigger|true|false
12:57:40.0 (180893938)|VARIABLE_ASSIGNMENT|[1]|this|{}|0x298ef097
12:57:40.0 (180908672)|STATEMENT_EXECUTE|[1]
12:57:40.0 (180912348)|STATEMENT_EXECUTE|[4]
12:57:40.0 (181152326)|VARIABLE_ASSIGNMENT|[4]|this.listNew|[{"IsDeleted":false,"Edad__c":59,"Nif__c":"1234567BB","Reserva__c":"a001r00000oUIjVAAW","Name":"Pasajero0"}]|0x298ef097
12:57:40.0 (181177084)|STATEMENT_EXECUTE|[7]
12:57:40.0 (181185585)|STATEMENT_EXECUTE|[8]
12:57:40.0 (181189683)|STATEMENT_EXECUTE|[9]
12:57:40.0 (181205567)|METHOD_ENTRY|[9]|01p1r000008Zry1|PasajeroMethods.ValidarNif(List<Pasajero__c>)
12:57:40.0 (181222253)|VARIABLE_SCOPE_BEGIN|[32]|listNew|List<Pasajero__c>|true|false
12:57:40.0 (181540024)|VARIABLE_ASSIGNMENT|[32]|listNew|[{"IsDeleted":false,"Edad__c":59,"Nif__c":"1234567BB","Reserva__c":"a001r00000oUIjVAAW","Name":"Pasajero0"}]|0x425f8d3a
12:57:40.0 (182002127)|SYSTEM_MODE_ENTER|false
12:57:40.0 (182017430)|HEAP_ALLOCATE|[34]|Bytes:5
12:57:40.0 (182029472)|STATEMENT_EXECUTE|[32]
12:57:40.0 (182057152)|STATEMENT_EXECUTE|[34]
12:57:40.0 (182060710)|STATEMENT_EXECUTE|[37]
12:57:40.0 (182077767)|HEAP_ALLOCATE|[37]|Bytes:4
12:57:40.0 (182244412)|SOQL_EXECUTE_BEGIN|[37]|Aggregations:0|SELECT Nif__c FROM Pasajero__c
12:57:40.0 (183854704)|SOQL_EXECUTE_END|[37]|Rows:0
12:57:40.0 (183877431)|HEAP_ALLOCATE|[37]|Bytes:4
12:57:40.0 (183889886)|HEAP_ALLOCATE|[37]|Bytes:0
12:57:40.0 (183920779)|HEAP_ALLOCATE|[37]|Bytes:4
12:57:40.0 (183931211)|VARIABLE_SCOPE_BEGIN|[37]|listPasajero|List<Pasajero__c>|true|false
12:57:40.0 (183946824)|VARIABLE_ASSIGNMENT|[37]|listPasajero|[]|0x432ca35d
12:57:40.0 (183955483)|STATEMENT_EXECUTE|[39]
12:57:40.0 (183964775)|HEAP_ALLOCATE|[39]|Bytes:4
12:57:40.0 (183980379)|VARIABLE_SCOPE_BEGIN|[39]|listPasajeroNif|List<String>|true|false
12:57:40.0 (184004710)|HEAP_ALLOCATE|[EXTERNAL]|Bytes:4
12:57:40.0 (184014161)|VARIABLE_ASSIGNMENT|[39]|listPasajeroNif|[]|0x25a927a9
12:57:40.0 (184042566)|HEAP_ALLOCATE|[41]|Bytes:5
12:57:40.0 (184057716)|VARIABLE_ASSIGNMENT|[41]|inPasajero|null|
12:57:40.0 (184064847)|STATEMENT_EXECUTE|[41]
12:57:40.0 (184079249)|HEAP_ALLOCATE|[48]|Bytes:5
12:57:40.0 (184093310)|HEAP_ALLOCATE|[48]|Bytes:4
12:57:40.0 (184100851)|VARIABLE_SCOPE_BEGIN|[48]|inPasajero|Pasajero__c|true|false
12:57:40.0 (184202899)|VARIABLE_ASSIGNMENT|[48]|inPasajero|{"IsDeleted":false,"Edad__c":59,"Nif__c":"1234567BB","Reserva__c":"a001r00000oUIjVAAW","Name":"Pasajero0"}|0x37b10b96
12:57:40.0 (184212061)|STATEMENT_EXECUTE|[48]
12:57:40.0 (184214538)|STATEMENT_EXECUTE|[50]
12:57:40.0 (184244903)|HEAP_ALLOCATE|[50]|Bytes:8
12:57:40.0 (184256366)|VARIABLE_SCOPE_BEGIN|[50]|numerosNif|String|false|false
12:57:40.0 (184266768)|VARIABLE_ASSIGNMENT|[50]|numerosNif|"1234567B"
12:57:40.0 (184271854)|STATEMENT_EXECUTE|[52]
12:57:40.0 (184283804)|HEAP_ALLOCATE|[52]|Bytes:1
12:57:40.0 (184292757)|VARIABLE_SCOPE_BEGIN|[52]|letraNif|String|false|false
12:57:40.0 (184301905)|VARIABLE_ASSIGNMENT|[52]|letraNif|"B"
12:57:40.0 (184319692)|STATEMENT_EXECUTE|[54]
12:57:40.0 (184321861)|STATEMENT_EXECUTE|[55]
12:57:40.0 (184325509)|HEAP_ALLOCATE|[55]|Bytes:22
12:57:40.0 (184393822)|VF_PAGE_MESSAGE|Error en el número Nif
12:57:40.0 (184413720)|HEAP_ALLOCATE|[48]|Bytes:5
12:57:40.0 (184424944)|VARIABLE_ASSIGNMENT|[48]|inPasajero|null|
12:57:40.0 (184435229)|SYSTEM_MODE_EXIT|false
12:57:40.0 (184445610)|METHOD_EXIT|[9]|01p1r000008Zry1|PasajeroMethods.ValidarNif(List<Pasajero__c>)
12:57:40.0 (184452859)|STATEMENT_EXECUTE|[10]
12:57:40.0 (184463437)|METHOD_ENTRY|[10]|01p1r000008Zry1|PasajeroMethods.RellenarContacto(List<Pasajero__c>)
12:57:40.0 (184471111)|VARIABLE_SCOPE_BEGIN|[3]|listPasajeros|List<Pasajero__c>|true|false
12:57:40.0 (184558217)|VARIABLE_ASSIGNMENT|[3]|listPasajeros|[{"IsDeleted":false,"Edad__c":59,"Nif__c":"1234567BB","Reserva__c":"a001r00000oUIjVAAW","Name":"Pasajero0"}]|0x425f8d3a
12:57:40.0 (184585779)|SYSTEM_MODE_ENTER|false
12:57:40.0 (184592435)|HEAP_ALLOCATE|[5]|Bytes:5
12:57:40.0 (184598525)|STATEMENT_EXECUTE|[3]
12:57:40.0 (184611913)|STATEMENT_EXECUTE|[5]
12:57:40.0 (184614067)|STATEMENT_EXECUTE|[8]
12:57:40.0 (184623127)|HEAP_ALLOCATE|[8]|Bytes:4
12:57:40.0 (184636422)|VARIABLE_SCOPE_BEGIN|[8]|listNifs|List<String>|true|false
12:57:40.0 (184654652)|HEAP_ALLOCATE|[EXTERNAL]|Bytes:4
12:57:40.0 (184663280)|VARIABLE_ASSIGNMENT|[8]|listNifs|[]|0x2c581087
12:57:40.0 (184682675)|HEAP_ALLOCATE|[10]|Bytes:5
12:57:40.0 (184694732)|HEAP_ALLOCATE|[10]|Bytes:4
12:57:40.0 (184701477)|VARIABLE_SCOPE_BEGIN|[10]|inPasajero|Pasajero__c|true|false
12:57:40.0 (184788433)|VARIABLE_ASSIGNMENT|[10]|inPasajero|{"IsDeleted":false,"Edad__c":59,"Nif__c":"1234567BB","Reserva__c":"a001r00000oUIjVAAW","Name":"Pasajero0"}|0x37b10b96
12:57:40.0 (184797360)|STATEMENT_EXECUTE|[10]
12:57:40.0 (184799287)|STATEMENT_EXECUTE|[11]
12:57:40.0 (184813817)|HEAP_ALLOCATE|[EXTERNAL]|Bytes:4
12:57:40.0 (184831859)|HEAP_ALLOCATE|[10]|Bytes:5
12:57:40.0 (184842897)|VARIABLE_ASSIGNMENT|[10]|inPasajero|null|
12:57:40.0 (184848712)|STATEMENT_EXECUTE|[15]
12:57:40.0 (184859324)|HEAP_ALLOCATE|[15]|Bytes:4
12:57:40.0 (185052268)|SOQL_EXECUTE_BEGIN|[15]|Aggregations:0|SELECT Id, Name, Nif__c FROM Contact WHERE Nif__c IN :tmpVar1
12:57:40.0 (188724795)|SOQL_EXECUTE_END|[15]|Rows:0
12:57:40.0 (188754563)|HEAP_ALLOCATE|[15]|Bytes:4
12:57:40.0 (188767538)|HEAP_ALLOCATE|[15]|Bytes:0
12:57:40.0 (188803650)|HEAP_ALLOCATE|[15]|Bytes:4
12:57:40.0 (188819040)|VARIABLE_SCOPE_BEGIN|[15]|listContactos|List<Contact>|true|false
12:57:40.0 (188840361)|VARIABLE_ASSIGNMENT|[15]|listContactos|[]|0x2267d4d9
12:57:40.0 (188852724)|STATEMENT_EXECUTE|[17]
12:57:40.0 (188868893)|HEAP_ALLOCATE|[17]|Bytes:4
12:57:40.0 (188879419)|VARIABLE_SCOPE_BEGIN|[17]|mapContactos|Map<String,Contact>|true|false
12:57:40.0 (188896095)|VARIABLE_ASSIGNMENT|[17]|mapContactos|{}|0x56f64287
12:57:40.0 (188928067)|HEAP_ALLOCATE|[19]|Bytes:5
12:57:40.0 (188942734)|VARIABLE_ASSIGNMENT|[19]|inContact|null|
12:57:40.0 (188949166)|STATEMENT_EXECUTE|[19]
12:57:40.0 (188965041)|HEAP_ALLOCATE|[24]|Bytes:5
12:57:40.0 (188980186)|HEAP_ALLOCATE|[24]|Bytes:4
12:57:40.0 (188987415)|VARIABLE_SCOPE_BEGIN|[24]|inPasajero|Pasajero__c|true|false
12:57:40.0 (189123967)|VARIABLE_ASSIGNMENT|[24]|inPasajero|{"IsDeleted":false,"Edad__c":59,"Nif__c":"1234567BB","Reserva__c":"a001r00000oUIjVAAW","Name":"Pasajero0"}|0x37b10b96
12:57:40.0 (189134487)|STATEMENT_EXECUTE|[24]
12:57:40.0 (189155950)|STATEMENT_EXECUTE|[25]
12:57:40.0 (189164615)|HEAP_ALLOCATE|[24]|Bytes:5
12:57:40.0 (189176893)|VARIABLE_ASSIGNMENT|[24]|inPasajero|null|
12:57:40.0 (189185164)|SYSTEM_MODE_EXIT|false
12:57:40.0 (189199561)|METHOD_EXIT|[10]|01p1r000008Zry1|PasajeroMethods.RellenarContacto(List<Pasajero__c>)
12:57:40.189 (189216278)|CUMULATIVE_LIMIT_USAGE
12:57:40.189 (189216278)|LIMIT_USAGE_FOR_NS|(default)|
  Number of SOQL queries: 4 out of 100
  Number of query rows: 1 out of 50000
  Number of SOSL queries: 0 out of 20
  Number of DML statements: 5 out of 150
  Number of DML rows: 5 out of 10000
  Maximum CPU time: 0 out of 10000
  Maximum heap size: 0 out of 6000000
  Number of callouts: 0 out of 100
  Number of Email Invocations: 0 out of 10
  Number of future calls: 0 out of 50
  Number of queueable jobs added to the queue: 0 out of 50
  Number of Mobile Apex push calls: 0 out of 10

12:57:40.189 (189216278)|CUMULATIVE_LIMIT_USAGE_END

12:57:40.0 (190570542)|CODE_UNIT_FINISHED|PasajeroTrigger on Pasajero trigger event BeforeInsert
12:57:40.0 (191473836)|DML_END|[46]
12:57:40.0 (191553003)|EXCEPTION_THROWN|[46]|System.DmlException: Insert failed. First exception on row 0; first error: FIELD_CUSTOM_VALIDATION_EXCEPTION, Error en el número Nif: []
12:57:40.0 (191803083)|HEAP_ALLOCATE|[46]|Bytes:119
12:57:40.0 (191847008)|VARIABLE_SCOPE_BEGIN|[48]|e|Exception|true|false
12:57:40.0 (191923499)|VARIABLE_ASSIGNMENT|[48]|e|"common.apex.runtime.impl.DmlExecutionException: Insert failed. First exception on row 0; first error: FIELD_CUSTOM_VALIDATION_EXCEPTION, Error en el número Nif: []"|0x4a992049
12:57:40.0 (191935001)|STATEMENT_EXECUTE|[48]
12:57:40.0 (191937326)|STATEMENT_EXECUTE|[49]
12:57:40.0 (191980513)|HEAP_ALLOCATE|[49]|Bytes:115
12:57:40.0 (192024241)|STATEMENT_EXECUTE|[50]
12:57:40.0 (192028228)|HEAP_ALLOCATE|[50]|Bytes:1
12:57:40.0 (192045169)|USER_DEBUG|[50]|DEBUG|2
12:57:40.192 (192061424)|CUMULATIVE_LIMIT_USAGE
12:57:40.192 (192061424)|LIMIT_USAGE_FOR_NS|(default)|
  Number of SOQL queries: 2 out of 100
  Number of query rows: 1 out of 50000
  Number of SOSL queries: 0 out of 20
  Number of DML statements: 5 out of 150
  Number of DML rows: 5 out of 10000
  Maximum CPU time: 0 out of 10000
  Maximum heap size: 0 out of 6000000
  Number of callouts: 0 out of 100
  Number of Email Invocations: 0 out of 10
  Number of future calls: 0 out of 50
  Number of queueable jobs added to the queue: 0 out of 50
  Number of Mobile Apex push calls: 0 out of 10

12:57:40.192 (192061424)|CUMULATIVE_LIMIT_USAGE_END

12:57:40.0 (192085274)|CODE_UNIT_FINISHED|PasajeroTest.ValidarNifTest
12:57:40.0 (192833058)|EXECUTION_FINISHED
12:57:40.301 (301886074)|USER_INFO|[EXTERNAL]|0051r000007Oz5Q|lydia.abril@gmail.com|hora estándar de Europa central|GMT+02:00
12:57:40.301 (301911935)|EXECUTION_STARTED
12:57:40.301 (301916432)|CODE_UNIT_STARTED|[EXTERNAL]|DuplicateDetector
12:57:40.301 (301928120)|DUPLICATE_DETECTION_BEGIN
12:57:40.301 (301997204)|DUPLICATE_DETECTION_RULE_INVOCATION|DuplicateRuleId:0Bm1r0000018X89|DuplicateRuleName:Standard Contact Duplicate Rule|DmlType:INSERT
12:57:40.301 (313271726)|DUPLICATE_DETECTION_END
12:57:40.301 (313281916)|CODE_UNIT_FINISHED|DuplicateDetector
12:57:40.301 (314426025)|EXECUTION_FINISHED
12:57:40.316 (316652060)|USER_INFO|[EXTERNAL]|0051r000007Oz5Q|lydia.abril@gmail.com|hora estándar de Europa central|GMT+02:00
12:57:40.316 (316670927)|EXECUTION_STARTED
12:57:40.316 (316674993)|CODE_UNIT_STARTED|[EXTERNAL]|DuplicateDetector
12:57:40.316 (316684658)|DUPLICATE_DETECTION_BEGIN
12:57:40.316 (316732661)|DUPLICATE_DETECTION_RULE_INVOCATION|DuplicateRuleId:0Bm1r0000018X88|DuplicateRuleName:Standard Account Duplicate Rule|DmlType:INSERT
12:57:40.316 (325738654)|DUPLICATE_DETECTION_END
12:57:40.316 (325748692)|CODE_UNIT_FINISHED|DuplicateDetector
12:57:40.316 (326565543)|EXECUTION_FINISHED
