42.0 APEX_CODE,FINEST;APEX_PROFILING,INFO;CALLOUT,INFO;DB,INFO;SYSTEM,DEBUG;VALIDATION,INFO;VISUALFORCE,INFO;WAVE,INFO;WORKFLOW,INFO
Execute Anonymous: Account acct0 = new Account(
Execute Anonymous:     Name='SFDC Computing',
Execute Anonymous:     Phone='(415)555-1212',
Execute Anonymous:     NumberOfEmployees=50,
Execute Anonymous:     BillingCity='San Francisco',
Execute Anonymous: 	AccountNumber='04543450');
Execute Anonymous: insert acct0;
Execute Anonymous: 
Execute Anonymous: 
Execute Anonymous: ID acctID = acct0.ID;
Execute Anonymous: // Add a contact to this account.
Execute Anonymous: Contact conn = new Contact(
Execute Anonymous:     FirstName='Carol',
Execute Anonymous:     LastName='Ruiz',
Execute Anonymous:     Phone='(415)555-1212',
Execute Anonymous:     Department='Wingo',
Execute Anonymous:     AccountId=acctID);
Execute Anonymous: insert conn;
Execute Anonymous: // Add account with no contact
Execute Anonymous: Account acct22 = new Account(
Execute Anonymous:     Name='The SFDC Query Man',
Execute Anonymous:     Phone='(310)555-1213',
Execute Anonymous:     NumberOfEmployees=50,
Execute Anonymous:     BillingCity='Los Angeles',
Execute Anonymous:     Description='Expert in wing technologies.',
Execute Anonymous: 	AccountNumber='34543450');
Execute Anonymous: insert acct22;
13:34:57.0 (851836)|USER_INFO|[EXTERNAL]|0051r000007Oz5Q|lydia.abril@gmail.com|hora estándar de Europa central|GMT+01:00
13:34:57.0 (879461)|EXECUTION_STARTED
13:34:57.0 (883498)|CODE_UNIT_STARTED|[EXTERNAL]|execute_anonymous_apex
13:34:57.0 (997615)|VARIABLE_SCOPE_BEGIN|[1]|acct0|Account|true|false
13:34:57.0 (1010457)|VARIABLE_SCOPE_BEGIN|[20]|acct22|Account|true|false
13:34:57.0 (1028965)|VARIABLE_SCOPE_BEGIN|[10]|acctID|Id|false|false
13:34:57.0 (1045430)|VARIABLE_SCOPE_BEGIN|[12]|conn|Contact|true|false
13:34:57.0 (1159741)|HEAP_ALLOCATE|[72]|Bytes:3
13:34:57.0 (1190505)|HEAP_ALLOCATE|[77]|Bytes:152
13:34:57.0 (1203992)|HEAP_ALLOCATE|[342]|Bytes:408
13:34:57.0 (1215461)|HEAP_ALLOCATE|[355]|Bytes:408
13:34:57.0 (1225180)|HEAP_ALLOCATE|[467]|Bytes:48
13:34:57.0 (1259477)|HEAP_ALLOCATE|[139]|Bytes:6
13:34:57.0 (1277769)|HEAP_ALLOCATE|[EXTERNAL]|Bytes:61
13:34:57.0 (1412341)|STATEMENT_EXECUTE|[1]
13:34:57.0 (1414837)|STATEMENT_EXECUTE|[1]
13:34:57.0 (1440026)|HEAP_ALLOCATE|[1]|Bytes:4
13:34:57.0 (1518473)|HEAP_ALLOCATE|[2]|Bytes:14
13:34:57.0 (1572031)|VARIABLE_ASSIGNMENT|[1]|this.Name|"SFDC Computing"|0x2783bc60
13:34:57.0 (1580152)|HEAP_ALLOCATE|[3]|Bytes:13
13:34:57.0 (1597189)|VARIABLE_ASSIGNMENT|[1]|this.Phone|"(415)555-1212"|0x2783bc60
13:34:57.0 (1616713)|VARIABLE_ASSIGNMENT|[1]|this.NumberOfEmployees|50|0x2783bc60
13:34:57.0 (1623515)|HEAP_ALLOCATE|[5]|Bytes:13
13:34:57.0 (1635839)|VARIABLE_ASSIGNMENT|[1]|this.BillingCity|"San Francisco"|0x2783bc60
13:34:57.0 (1641537)|HEAP_ALLOCATE|[6]|Bytes:8
13:34:57.0 (1654402)|VARIABLE_ASSIGNMENT|[1]|this.AccountNumber|"04543450"|0x2783bc60
13:34:57.0 (1695132)|VARIABLE_ASSIGNMENT|[1]|acct0|{"Name":"SFDC Computing","Phone":"(415)555-1212","NumberOfEmployees":50,"BillingCity":"San Francisco","AccountNumber":"04543450"}|0x2783bc60
13:34:57.0 (1702919)|STATEMENT_EXECUTE|[7]
13:34:57.0 (1734548)|HEAP_ALLOCATE|[50]|Bytes:5
13:34:57.0 (1751986)|HEAP_ALLOCATE|[56]|Bytes:5
13:34:57.0 (1759778)|HEAP_ALLOCATE|[64]|Bytes:7
13:34:57.0 (1791264)|HEAP_ALLOCATE|[7]|Bytes:8
13:34:57.0 (1811672)|DML_BEGIN|[7]|Op:Insert|Type:Account|Rows:1
13:34:57.0 (1849018)|HEAP_ALLOCATE|[EXTERNAL]|Bytes:8
13:34:57.0 (8914048)|CODE_UNIT_STARTED|[EXTERNAL]|Validation:Account:new
13:34:57.0 (8931329)|VALIDATION_RULE|03d1r00000068gy|Account_Number_8_Characters
13:34:57.0 (9034845)|VALIDATION_FORMULA|LEN( AccountNumber) != 8|AccountNumber=04543450
13:34:57.0 (9044194)|VALIDATION_PASS
13:34:57.0 (9098954)|CODE_UNIT_FINISHED|Validation:Account:new
13:34:57.0 (9186534)|CODE_UNIT_STARTED|[EXTERNAL]|DuplicateDetector
13:34:57.0 (9197069)|DUPLICATE_DETECTION_BEGIN
13:34:57.0 (9255392)|DUPLICATE_DETECTION_RULE_INVOCATION|DuplicateRuleId:0Bm1r0000018X88|DuplicateRuleName:Standard Account Duplicate Rule|DmlType:INSERT
13:34:57.0 (79427667)|DUPLICATE_DETECTION_MATCH_INVOCATION_DETAILS|EntityType:Account|ActionTaken:Allow_[Alert,Report]|DuplicateRecordIds:0011r00001mRHpN
13:34:57.0 (79453276)|DUPLICATE_DETECTION_MATCH_INVOCATION_SUMMARY|EntityType:Account|NumRecordsToBeSaved:1|NumRecordsToBeSavedWithDuplicates:1|NumDuplicateRecordsFound:1
13:34:57.0 (79594075)|DUPLICATE_DETECTION_END
13:34:57.0 (79601782)|CODE_UNIT_FINISHED|DuplicateDetector
13:34:57.0 (80499114)|DML_END|[7]
13:34:57.0 (80580081)|EXCEPTION_THROWN|[7]|System.DmlException: Insert failed. First exception on row 0; first error: DUPLICATES_DETECTED, Use one of these records?: []
13:34:57.0 (80878786)|HEAP_ALLOCATE|[7]|Bytes:108
13:34:57.0 (80957295)|FATAL_ERROR|System.DmlException: Insert failed. First exception on row 0; first error: DUPLICATES_DETECTED, Use one of these records?: []

AnonymousBlock: line 7, column 1
13:34:57.80 (80987692)|CUMULATIVE_LIMIT_USAGE
13:34:57.80 (80987692)|LIMIT_USAGE_FOR_NS|(default)|
  Number of SOQL queries: 0 out of 100
  Number of query rows: 0 out of 50000
  Number of SOSL queries: 0 out of 20
  Number of DML statements: 1 out of 150
  Number of DML rows: 1 out of 10000
  Maximum CPU time: 0 out of 10000
  Maximum heap size: 0 out of 6000000
  Number of callouts: 0 out of 100
  Number of Email Invocations: 0 out of 10
  Number of future calls: 0 out of 50
  Number of queueable jobs added to the queue: 0 out of 50
  Number of Mobile Apex push calls: 0 out of 10

13:34:57.80 (80987692)|CUMULATIVE_LIMIT_USAGE_END

13:34:57.0 (81028055)|CODE_UNIT_FINISHED|execute_anonymous_apex
13:34:57.0 (82525140)|EXECUTION_FINISHED
