36.0 APEX_CODE,FINEST;APEX_PROFILING,INFO;CALLOUT,INFO;DB,INFO;SYSTEM,DEBUG;VALIDATION,INFO;VISUALFORCE,INFO;WAVE,INFO;WORKFLOW,INFO
13:45:55.0 (354963)|USER_INFO|[EXTERNAL]|0051r000007Oz5Q|lydia.abril@gmail.com|hora estándar de Europa central|GMT+02:00
13:45:55.0 (397087)|EXECUTION_STARTED
13:45:55.0 (402377)|CODE_UNIT_STARTED|[EXTERNAL]|TRIGGERS
13:45:55.0 (1152802)|CODE_UNIT_STARTED|[EXTERNAL]|01q1r000000j8Jg|AccountTrigger on Account trigger event BeforeUpdate
13:45:55.0 (1192757)|HEAP_ALLOCATE|[EXTERNAL]|Bytes:8
13:45:55.0 (1231199)|HEAP_ALLOCATE|[EXTERNAL]|Bytes:8
13:45:55.0 (1595484)|HEAP_ALLOCATE|[72]|Bytes:3
13:45:55.0 (1655073)|HEAP_ALLOCATE|[77]|Bytes:152
13:45:55.0 (1668581)|HEAP_ALLOCATE|[342]|Bytes:408
13:45:55.0 (1680898)|HEAP_ALLOCATE|[355]|Bytes:408
13:45:55.0 (1696048)|HEAP_ALLOCATE|[467]|Bytes:48
13:45:55.0 (1755140)|HEAP_ALLOCATE|[139]|Bytes:6
13:45:55.0 (1864820)|HEAP_ALLOCATE|[EXTERNAL]|Bytes:12
13:45:55.0 (1887908)|VARIABLE_SCOPE_BEGIN|[1]|this|AccountTrigger|true|false
13:45:55.0 (1962124)|VARIABLE_ASSIGNMENT|[1]|this|{}|0x378ee94d
13:45:55.0 (2032884)|HEAP_ALLOCATE|[EXTERNAL]|Bytes:12
13:45:55.0 (2048302)|VARIABLE_SCOPE_BEGIN|[1]|this|AccountTrigger|true|false
13:45:55.0 (2063807)|VARIABLE_ASSIGNMENT|[1]|this|{}|0x378ee94d
13:45:55.0 (2075122)|STATEMENT_EXECUTE|[1]
13:45:55.0 (2077544)|STATEMENT_EXECUTE|[3]
13:45:55.0 (2106656)|HEAP_ALLOCATE|[50]|Bytes:5
13:45:55.0 (2141295)|HEAP_ALLOCATE|[56]|Bytes:5
13:45:55.0 (2150405)|HEAP_ALLOCATE|[64]|Bytes:7
13:45:55.0 (2846859)|VARIABLE_ASSIGNMENT|[3]|this.listNew|[{"ParentId":"0011r00001mvH7mAAE","LastModifiedDate":"2018-04-17T11:45:44.000Z","IsDeleted":false,"Fecha_ultima_activid (18 more) ...":"2018-04-17T00:00:00.000Z","SystemModstamp":"2018-04-17T11:45:44.000Z","Name":"prueba","CleanStatus":"Pending","OwnerId":"0051r000007Oz5QAAS","CreatedById":"0051r000007Oz5QAAS","Match_Billing_Addres (4 more) ...":false,"LastActivityDate":"2048-04-01T00:00:00.000Z","CreatedDate":"2018-04-12T09:07:46.000Z","Id":"0011r00001nnRDqAAM","LastModifiedById":"0051r000007Oz5QAAS"}]|0x378ee94d
13:45:55.0 (2863639)|STATEMENT_EXECUTE|[5]
13:45:55.0 (3320209)|VARIABLE_ASSIGNMENT|[5]|this.mapOld|{"0011r00001nnRDqAAM":{"ParentId":"0011r00001mvH7mAAE","LastModifiedDate":"2018-04-17T11:45:44.000Z","IsDeleted":false,"Fecha_ultima_activid (18 more) ...":"2018-04-17T00:00:00.000Z","SystemModstamp":"2018-04-17T11:45:44.000Z","Name":"prueba","CleanStatus":"Pending","OwnerId":"0051r000007Oz5QAAS","CreatedById":"0051r000007Oz5QAAS","Match_Billing_Addres (4 more) ...":false,"LastActivityDate":"2048-04-01T00:00:00.000Z","CreatedDate":"2018-04-12T09:07:46.000Z","Id":"0011r00001nnRDqAAM","LastModifiedById":"0051r000007Oz5QAAS"}}|0x378ee94d
13:45:55.0 (3350019)|STATEMENT_EXECUTE|[7]
13:45:55.0 (3356529)|STATEMENT_EXECUTE|[8]
13:45:55.0 (3358529)|STATEMENT_EXECUTE|[9]
13:45:55.0 (5016778)|HEAP_ALLOCATE|[9]|Bytes:1
13:45:55.0 (5060712)|METHOD_ENTRY|[1]|01p1r000009p8Bf|AccountMethods.AccountMethods()
13:45:55.0 (5069480)|STATEMENT_EXECUTE|[1]
13:45:55.0 (5074836)|STATEMENT_EXECUTE|[1]
13:45:55.0 (5431535)|SYSTEM_MODE_ENTER|false
13:45:55.0 (5447511)|HEAP_ALLOCATE|[9]|Bytes:5
13:45:55.0 (5455653)|SYSTEM_MODE_EXIT|false
13:45:55.0 (5480664)|METHOD_EXIT|[1]|AccountMethods
13:45:55.0 (5513089)|METHOD_ENTRY|[9]|01p1r000009p8Bf|AccountMethods.ActualizarCuentaHija(List<Account>, Map<Id,Account>)
13:45:55.0 (5543359)|VARIABLE_SCOPE_BEGIN|[3]|listAccount|List<Account>|true|false
13:45:55.0 (5925886)|VARIABLE_ASSIGNMENT|[3]|listAccount|[{"ParentId":"0011r00001mvH7mAAE","LastModifiedDate":"2018-04-17T11:45:44.000Z","IsDeleted":false,"Fecha_ultima_activid (18 more) ...":"2018-04-17T00:00:00.000Z","SystemModstamp":"2018-04-17T11:45:44.000Z","Name":"prueba","CleanStatus":"Pending","OwnerId":"0051r000007Oz5QAAS","CreatedById":"0051r000007Oz5QAAS","Match_Billing_Addres (4 more) ...":false,"LastActivityDate":"2048-04-01T00:00:00.000Z","CreatedDate":"2018-04-12T09:07:46.000Z","Id":"0011r00001nnRDqAAM","LastModifiedById":"0051r000007Oz5QAAS"}]|0x6f08db21
13:45:55.0 (5941638)|VARIABLE_SCOPE_BEGIN|[3]|mapOld|Map<Id,Account>|true|false
13:45:55.0 (6286376)|VARIABLE_ASSIGNMENT|[3]|mapOld|{"0011r00001nnRDqAAM":{"ParentId":"0011r00001mvH7mAAE","LastModifiedDate":"2018-04-17T11:45:44.000Z","IsDeleted":false,"Fecha_ultima_activid (18 more) ...":"2018-04-17T00:00:00.000Z","SystemModstamp":"2018-04-17T11:45:44.000Z","Name":"prueba","CleanStatus":"Pending","OwnerId":"0051r000007Oz5QAAS","CreatedById":"0051r000007Oz5QAAS","Match_Billing_Addres (4 more) ...":false,"LastActivityDate":"2048-04-01T00:00:00.000Z","CreatedDate":"2018-04-12T09:07:46.000Z","Id":"0011r00001nnRDqAAM","LastModifiedById":"0051r000007Oz5QAAS"}}|0x1641fc2
13:45:55.0 (6314647)|SYSTEM_MODE_ENTER|false
13:45:55.0 (6322096)|HEAP_ALLOCATE|[5]|Bytes:5
13:45:55.0 (6328461)|STATEMENT_EXECUTE|[3]
13:45:55.0 (6404105)|STATEMENT_EXECUTE|[5]
13:45:55.0 (6406326)|STATEMENT_EXECUTE|[8]
13:45:55.0 (6424783)|HEAP_ALLOCATE|[8]|Bytes:4
13:45:55.0 (6451792)|VARIABLE_SCOPE_BEGIN|[8]|listAccountIds|List<String>|true|false
13:45:55.0 (6476341)|HEAP_ALLOCATE|[EXTERNAL]|Bytes:4
13:45:55.0 (6487103)|VARIABLE_ASSIGNMENT|[8]|listAccountIds|[]|0x636e5265
13:45:55.0 (6493347)|STATEMENT_EXECUTE|[9]
13:45:55.0 (6524606)|HEAP_ALLOCATE|[9]|Bytes:4
13:45:55.0 (6550155)|VARIABLE_SCOPE_BEGIN|[9]|mapAccountParent|Map<String,Account>|true|false
13:45:55.0 (6564346)|VARIABLE_ASSIGNMENT|[9]|mapAccountParent|{}|0x4a965cfa
13:45:55.0 (6705438)|HEAP_ALLOCATE|[11]|Bytes:5
13:45:55.0 (6739533)|HEAP_ALLOCATE|[11]|Bytes:4
13:45:55.0 (6749580)|VARIABLE_SCOPE_BEGIN|[11]|inAccount|Account|true|false
13:45:55.0 (7183069)|VARIABLE_ASSIGNMENT|[11]|inAccount|{"ParentId":"0011r00001mvH7mAAE","LastModifiedDate":"2018-04-17T11:45:44.000Z","IsDeleted":false,"Fecha_ultima_activid (18 more) ...":"2018-04-17T00:00:00.000Z","SystemModstamp":"2018-04-17T11:45:44.000Z","Name":"prueba","CleanStatus":"Pending","OwnerId":"0051r000007Oz5QAAS","CreatedById":"0051r000007Oz5QAAS","Match_Billing_Addres (4 more) ...":false,"LastActivityDate":"2048-04-01T00:00:00.000Z","CreatedDate":"2018-04-12T09:07:46.000Z","Id":"0011r00001nnRDqAAM","LastModifiedById":"0051r000007Oz5QAAS"}|0x26f83d45
13:45:55.0 (7202187)|STATEMENT_EXECUTE|[11]
13:45:55.0 (7233102)|STATEMENT_EXECUTE|[12]
13:45:55.0 (7246507)|HEAP_ALLOCATE|[11]|Bytes:5
13:45:55.0 (7264870)|VARIABLE_ASSIGNMENT|[11]|inAccount|null|
13:45:55.0 (7271737)|STATEMENT_EXECUTE|[19]
13:45:55.0 (7275569)|HEAP_ALLOCATE|[19]|Bytes:99
13:45:55.0 (7289749)|HEAP_ALLOCATE|[19]|Bytes:4
13:45:55.0 (7300088)|HEAP_ALLOCATE|[19]|Bytes:7
13:45:55.0 (7550531)|SOQL_EXECUTE_BEGIN|[19]|Aggregations:0|SELECT Id, Fecha_ultima_actividad_mas_reciente__c, ParentId FROM Account WHERE ParentId IN :tmpVar1
13:45:55.0 (8848212)|SOQL_EXECUTE_END|[19]|Rows:0
13:45:55.0 (8869326)|HEAP_ALLOCATE|[19]|Bytes:4
13:45:55.0 (8880454)|HEAP_ALLOCATE|[19]|Bytes:0
13:45:55.0 (8914895)|HEAP_ALLOCATE|[19]|Bytes:4
13:45:55.0 (8928674)|VARIABLE_SCOPE_BEGIN|[19]|listAccountChild|List<Account>|true|false
13:45:55.0 (8947663)|VARIABLE_ASSIGNMENT|[19]|listAccountChild|[]|0x775ffca9
13:45:55.0 (9018731)|HEAP_ALLOCATE|[22]|Bytes:5
13:45:55.0 (9043057)|VARIABLE_ASSIGNMENT|[22]|inAccount|null|
13:45:55.0 (9055537)|STATEMENT_EXECUTE|[22]
13:45:55.0 (9058895)|STATEMENT_EXECUTE|[26]
13:45:55.0 (9178340)|HEAP_ALLOCATE|[EXTERNAL]|Bytes:4
13:45:55.0 (9192583)|SYSTEM_MODE_EXIT|false
13:45:55.0 (9212449)|METHOD_EXIT|[9]|01p1r000009p8Bf|AccountMethods.ActualizarCuentaHija(List<Account>, Map<Id,Account>)
13:45:55.9 (9228947)|CUMULATIVE_LIMIT_USAGE
13:45:55.9 (9228947)|LIMIT_USAGE_FOR_NS|(default)|
  Number of SOQL queries: 1 out of 100
  Number of query rows: 0 out of 50000
  Number of SOSL queries: 0 out of 20
  Number of DML statements: 0 out of 150
  Number of DML rows: 0 out of 10000
  Maximum CPU time: 0 out of 10000
  Maximum heap size: 0 out of 6000000
  Number of callouts: 0 out of 100
  Number of Email Invocations: 0 out of 10
  Number of future calls: 0 out of 50
  Number of queueable jobs added to the queue: 0 out of 50
  Number of Mobile Apex push calls: 0 out of 10

13:45:55.9 (9228947)|CUMULATIVE_LIMIT_USAGE_END

13:45:55.0 (10316638)|CODE_UNIT_FINISHED|AccountTrigger on Account trigger event BeforeUpdate
13:45:55.0 (12967892)|CODE_UNIT_STARTED|[EXTERNAL]|DuplicateDetector
13:45:55.0 (12987251)|DUPLICATE_DETECTION_BEGIN
13:45:55.0 (13049706)|DUPLICATE_DETECTION_RULE_INVOCATION|DuplicateRuleId:0Bm1r0000018X88|DuplicateRuleName:Standard Account Duplicate Rule|DmlType:UPDATE
13:45:55.0 (13090929)|DUPLICATE_DETECTION_END
13:45:55.0 (13096725)|CODE_UNIT_FINISHED|DuplicateDetector
13:45:55.0 (29334020)|CODE_UNIT_STARTED|[EXTERNAL]|DuplicateDetector
13:45:55.0 (29351875)|DUPLICATE_DETECTION_BEGIN
13:45:55.0 (29389330)|DUPLICATE_DETECTION_RULE_INVOCATION|DuplicateRuleId:0Bm1r0000018X88|DuplicateRuleName:Standard Account Duplicate Rule|DmlType:UPDATE
13:45:55.0 (39555522)|DUPLICATE_DETECTION_END
13:45:55.0 (39562966)|CODE_UNIT_FINISHED|DuplicateDetector
13:45:55.0 (84860588)|CODE_UNIT_FINISHED|TRIGGERS
13:45:55.0 (84873709)|EXECUTION_FINISHED
