36.0 APEX_CODE,FINEST;APEX_PROFILING,INFO;CALLOUT,INFO;DB,INFO;SYSTEM,DEBUG;VALIDATION,INFO;VISUALFORCE,INFO;WAVE,INFO;WORKFLOW,INFO
16:50:46.0 (336318)|USER_INFO|[EXTERNAL]|0051r000007Oz5Q|lydia.abril@gmail.com|hora estándar de Europa central|GMT+02:00
16:50:46.0 (368940)|EXECUTION_STARTED
16:50:46.0 (373188)|CODE_UNIT_STARTED|[EXTERNAL]|TRIGGERS
16:50:46.0 (402705)|CODE_UNIT_STARTED|[EXTERNAL]|01q1r000000j7QT|TarjetaTrigger on Tarjeta_de_cr_dito trigger event BeforeInsert
16:50:46.0 (434622)|HEAP_ALLOCATE|[EXTERNAL]|Bytes:8
16:50:46.0 (723712)|HEAP_ALLOCATE|[72]|Bytes:3
16:50:46.0 (750414)|HEAP_ALLOCATE|[77]|Bytes:152
16:50:46.0 (762437)|HEAP_ALLOCATE|[342]|Bytes:408
16:50:46.0 (775303)|HEAP_ALLOCATE|[355]|Bytes:408
16:50:46.0 (785982)|HEAP_ALLOCATE|[467]|Bytes:48
16:50:46.0 (808810)|HEAP_ALLOCATE|[139]|Bytes:6
16:50:46.0 (901737)|HEAP_ALLOCATE|[EXTERNAL]|Bytes:8
16:50:46.0 (911346)|VARIABLE_SCOPE_BEGIN|[1]|this|TarjetaTrigger|true|false
16:50:46.0 (971410)|VARIABLE_ASSIGNMENT|[1]|this|{}|0x1c72ac4d
16:50:46.0 (1024682)|HEAP_ALLOCATE|[EXTERNAL]|Bytes:8
16:50:46.0 (1033015)|VARIABLE_SCOPE_BEGIN|[1]|this|TarjetaTrigger|true|false
16:50:46.0 (1047550)|VARIABLE_ASSIGNMENT|[1]|this|{}|0x1c72ac4d
16:50:46.0 (1057580)|STATEMENT_EXECUTE|[1]
16:50:46.0 (1060089)|STATEMENT_EXECUTE|[3]
16:50:46.0 (1089857)|HEAP_ALLOCATE|[50]|Bytes:5
16:50:46.0 (1109862)|HEAP_ALLOCATE|[56]|Bytes:5
16:50:46.0 (1123035)|HEAP_ALLOCATE|[64]|Bytes:7
16:50:46.0 (1541468)|VARIABLE_ASSIGNMENT|[3]|this.listNew|[{"Tipo_de_tarjeta__c":"MasterCard","A_o_caducidad__c":2020,"Contacto__c":"0031r000024iThRAAU","IsDeleted":false,"OwnerId":"0051r000007Oz5QAAS","Mes_de_caducidad__c":12,"Tarjeta__c":"Crédito","Name":"ddddddd","N_tarjeta__c":"1111111111111111"}]|0x1c72ac4d
16:50:46.0 (1563813)|STATEMENT_EXECUTE|[5]
16:50:46.0 (1570778)|STATEMENT_EXECUTE|[6]
16:50:46.0 (1572518)|STATEMENT_EXECUTE|[7]
16:50:46.0 (3560564)|HEAP_ALLOCATE|[7]|Bytes:1
16:50:46.0 (3574366)|HEAP_ALLOCATE|[7]|Bytes:14
16:50:46.0 (3594223)|METHOD_ENTRY|[1]|01p1r000009oldq|TarjetaMethods.TarjetaMethods()
16:50:46.0 (3604813)|STATEMENT_EXECUTE|[1]
16:50:46.0 (3612955)|STATEMENT_EXECUTE|[1]
16:50:46.0 (4090553)|SYSTEM_MODE_ENTER|false
16:50:46.0 (4105784)|HEAP_ALLOCATE|[7]|Bytes:5
16:50:46.0 (4115285)|SYSTEM_MODE_EXIT|false
16:50:46.0 (4125484)|METHOD_EXIT|[1]|TarjetaMethods
16:50:46.0 (4153186)|METHOD_ENTRY|[7]|01p1r000009oldq|TarjetaMethods.CrearOportunidad(List<Tarjeta_de_cr_dito__c>)
16:50:46.0 (4192924)|VARIABLE_SCOPE_BEGIN|[3]|listTarjetas|List<Tarjeta_de_cr_dito__c>|true|false
16:50:46.0 (4385834)|VARIABLE_ASSIGNMENT|[3]|listTarjetas|[{"Tipo_de_tarjeta__c":"MasterCard","A_o_caducidad__c":2020,"Contacto__c":"0031r000024iThRAAU","IsDeleted":false,"OwnerId":"0051r000007Oz5QAAS","Mes_de_caducidad__c":12,"Tarjeta__c":"Crédito","Name":"ddddddd","N_tarjeta__c":"1111111111111111"}]|0x27d4bb48
16:50:46.0 (4403323)|SYSTEM_MODE_ENTER|false
16:50:46.0 (4410450)|HEAP_ALLOCATE|[5]|Bytes:5
16:50:46.0 (4416922)|STATEMENT_EXECUTE|[3]
16:50:46.0 (4485103)|STATEMENT_EXECUTE|[5]
16:50:46.0 (4487712)|STATEMENT_EXECUTE|[7]
16:50:46.0 (4536134)|HEAP_ALLOCATE|[7]|Bytes:4
16:50:46.0 (4574728)|VARIABLE_SCOPE_BEGIN|[7]|listOpToInsert|List<Opportunity>|true|false
16:50:46.0 (4585473)|HEAP_ALLOCATE|[EXTERNAL]|Bytes:4
16:50:46.0 (4595244)|VARIABLE_ASSIGNMENT|[7]|listOpToInsert|[]|0x33b8f2a0
16:50:46.0 (4602604)|STATEMENT_EXECUTE|[9]
16:50:46.0 (4606290)|HEAP_ALLOCATE|[9]|Bytes:51
16:50:46.0 (4620343)|HEAP_ALLOCATE|[9]|Bytes:4
16:50:46.0 (5865055)|SOQL_EXECUTE_BEGIN|[9]|Aggregations:0|SELECT Alias FROM User WHERE Alias = 'test' LIMIT 1
16:50:46.0 (10544495)|SOQL_EXECUTE_END|[9]|Rows:1
16:50:46.0 (10571769)|HEAP_ALLOCATE|[9]|Bytes:8
16:50:46.0 (10588246)|HEAP_ALLOCATE|[9]|Bytes:42
16:50:46.0 (10657719)|HEAP_ALLOCATE|[9]|Bytes:8
16:50:46.0 (10673346)|HEAP_ALLOCATE|[9]|Bytes:30
16:50:46.0 (10713504)|HEAP_ALLOCATE|[9]|Bytes:12
16:50:46.0 (10725647)|VARIABLE_SCOPE_BEGIN|[9]|userAborda|User|true|false
16:50:46.0 (10756429)|VARIABLE_ASSIGNMENT|[9]|userAborda|{"Alias":"test","Id":"0051r00000894UtAAI"}|0x1fff6ce8
16:50:46.0 (10770122)|STATEMENT_EXECUTE|[12]
16:50:46.0 (10785686)|HEAP_ALLOCATE|[12]|Bytes:4
16:50:46.0 (10828675)|VARIABLE_SCOPE_BEGIN|[12]|listContactIds|Set<String>|true|false
16:50:46.0 (10861247)|VARIABLE_ASSIGNMENT|[12]|listContactIds|[]|0x2d50a960
16:50:46.0 (11059215)|HEAP_ALLOCATE|[13]|Bytes:5
16:50:46.0 (11087756)|HEAP_ALLOCATE|[13]|Bytes:4
16:50:46.0 (11100935)|VARIABLE_SCOPE_BEGIN|[13]|inTarjeta|Tarjeta_de_cr_dito__c|true|false
16:50:46.0 (11398584)|VARIABLE_ASSIGNMENT|[13]|inTarjeta|{"Tipo_de_tarjeta__c":"MasterCard","A_o_caducidad__c":2020,"Contacto__c":"0031r000024iThRAAU","IsDeleted":false,"OwnerId":"0051r000007Oz5QAAS","Mes_de_caducidad__c":12,"Tarjeta__c":"Crédito","Name":"ddddddd","N_tarjeta__c":"1111111111111111"}|0x36f4e8cb
16:50:46.0 (11411741)|STATEMENT_EXECUTE|[13]
16:50:46.0 (11414271)|STATEMENT_EXECUTE|[14]
16:50:46.0 (11482392)|HEAP_ALLOCATE|[EXTERNAL]|Bytes:4
16:50:46.0 (11503498)|HEAP_ALLOCATE|[13]|Bytes:5
16:50:46.0 (11517822)|VARIABLE_ASSIGNMENT|[13]|inTarjeta|null|
16:50:46.0 (11523796)|STATEMENT_EXECUTE|[17]
16:50:46.0 (11527569)|HEAP_ALLOCATE|[17]|Bytes:50
16:50:46.0 (11568839)|HEAP_ALLOCATE|[17]|Bytes:20
16:50:46.0 (11584206)|HEAP_ALLOCATE|[17]|Bytes:70
16:50:46.0 (11600249)|USER_DEBUG|[17]|DEBUG|TarjetaMethods.CrearOportunidad :: listContactIds {0031r000024iThRAAU}
16:50:46.0 (11609988)|STATEMENT_EXECUTE|[19]
16:50:46.0 (11662163)|HEAP_ALLOCATE|[19]|Bytes:4
16:50:46.0 (11668967)|HEAP_ALLOCATE|[19]|Bytes:71
16:50:46.0 (11677005)|HEAP_ALLOCATE|[19]|Bytes:4
16:50:46.0 (11683316)|HEAP_ALLOCATE|[19]|Bytes:7
16:50:46.0 (11707572)|HEAP_ALLOCATE|[19]|Bytes:8
16:50:46.0 (11715670)|HEAP_ALLOCATE|[19]|Bytes:8
16:50:46.0 (13043110)|SOQL_EXECUTE_BEGIN|[19]|Aggregations:0|SELECT Id, Premium__c, Name, AccountId FROM Contact WHERE id = :tmpVar1
16:50:46.0 (15326109)|SOQL_EXECUTE_END|[19]|Rows:1
16:50:46.0 (15350514)|HEAP_ALLOCATE|[19]|Bytes:8
16:50:46.0 (15362988)|HEAP_ALLOCATE|[19]|Bytes:61
16:50:46.0 (15402941)|HEAP_ALLOCATE|[19]|Bytes:8
16:50:46.0 (15433920)|HEAP_ALLOCATE|[19]|Bytes:16
16:50:46.0 (15443949)|HEAP_ALLOCATE|[19]|Bytes:18
16:50:46.0 (15454389)|VARIABLE_SCOPE_BEGIN|[19]|mapContact|Map<String,Contact>|true|false
16:50:46.0 (15478886)|VARIABLE_ASSIGNMENT|[19]|mapContact|{"0031r000024iThRAAU":{"Id":"0031r000024iThRAAU","Premium__c":false,"Name":"aaaaaa"}}|0x3a0a27a7
16:50:46.0 (15487586)|STATEMENT_EXECUTE|[21]
16:50:46.0 (15491195)|HEAP_ALLOCATE|[21]|Bytes:46
16:50:46.0 (15550846)|HEAP_ALLOCATE|[21]|Bytes:83
16:50:46.0 (15567409)|HEAP_ALLOCATE|[21]|Bytes:129
16:50:46.0 (15578670)|USER_DEBUG|[21]|DEBUG|TarjetaMethods.CrearOportunidad :: mapContact {0031r000024iThRAAU=Contact:{Id=0031r000024iThRAAU, Premium__c=false, Name=aaaaaa}}
16:50:46.0 (15615769)|HEAP_ALLOCATE|[24]|Bytes:5
16:50:46.0 (15628607)|HEAP_ALLOCATE|[24]|Bytes:4
16:50:46.0 (15637537)|VARIABLE_SCOPE_BEGIN|[24]|inTarjeta|Tarjeta_de_cr_dito__c|true|false
16:50:46.0 (15805683)|VARIABLE_ASSIGNMENT|[24]|inTarjeta|{"Tipo_de_tarjeta__c":"MasterCard","A_o_caducidad__c":2020,"Contacto__c":"0031r000024iThRAAU","IsDeleted":false,"OwnerId":"0051r000007Oz5QAAS","Mes_de_caducidad__c":12,"Tarjeta__c":"Crédito","Name":"ddddddd","N_tarjeta__c":"1111111111111111"}|0x36f4e8cb
16:50:46.0 (15817424)|STATEMENT_EXECUTE|[24]
16:50:46.0 (15882339)|STATEMENT_EXECUTE|[25]
16:50:46.0 (15893346)|HEAP_ALLOCATE|[24]|Bytes:5
16:50:46.0 (15907147)|VARIABLE_ASSIGNMENT|[24]|inTarjeta|null|
16:50:46.0 (15912558)|STATEMENT_EXECUTE|[74]
16:50:46.0 (15974729)|HEAP_ALLOCATE|[EXTERNAL]|Bytes:4
16:50:46.0 (15982436)|STATEMENT_EXECUTE|[75]
16:50:46.0 (15986161)|HEAP_ALLOCATE|[75]|Bytes:50
16:50:46.0 (16012049)|HEAP_ALLOCATE|[75]|Bytes:2
16:50:46.0 (16024642)|HEAP_ALLOCATE|[75]|Bytes:52
16:50:46.0 (16033761)|USER_DEBUG|[75]|DEBUG|TarjetaMethods.CrearOportunidad :: listOpToInsert ()
16:50:46.0 (16044055)|SYSTEM_MODE_EXIT|false
16:50:46.0 (16054901)|METHOD_EXIT|[7]|01p1r000009oldq|TarjetaMethods.CrearOportunidad(List<Tarjeta_de_cr_dito__c>)
16:50:46.16 (16065061)|CUMULATIVE_LIMIT_USAGE
16:50:46.16 (16065061)|LIMIT_USAGE_FOR_NS|(default)|
  Number of SOQL queries: 2 out of 100
  Number of query rows: 2 out of 50000
  Number of SOSL queries: 0 out of 20
  Number of DML statements: 0 out of 150
  Number of DML rows: 0 out of 10000
  Maximum CPU time: 0 out of 10000
  Maximum heap size: 0 out of 6000000
  Number of callouts: 0 out of 100
  Number of Email Invocations: 0 out of 10
  Number of future calls: 0 out of 50
  Number of queueable jobs added to the queue: 0 out of 50
  Number of Mobile Apex push calls: 0 out of 10

16:50:46.16 (16065061)|CUMULATIVE_LIMIT_USAGE_END

16:50:46.0 (17205489)|CODE_UNIT_FINISHED|TarjetaTrigger on Tarjeta_de_cr_dito trigger event BeforeInsert
16:50:46.0 (21065368)|CODE_UNIT_STARTED|[EXTERNAL]|Validation:Tarjeta_de_cr_dito:new
16:50:46.0 (21077041)|VALIDATION_RULE|03d1r000000i476|ValidarAno
16:50:46.0 (21266729)|VALIDATION_FORMULA|(A_o_caducidad__c<YEAR(TODAY())) &#124;&#124; 
(A_o_caducidad__c>YEAR(TODAY())+5)|A_o_caducidad__c=2020
16:50:46.0 (21277875)|VALIDATION_PASS
16:50:46.0 (21280109)|VALIDATION_RULE|03d1r000000i47B|ValidarFecha
16:50:46.0 (21376545)|VALIDATION_FORMULA|Mes_de_caducidad__c <   MONTH(TODAY()) && 
A_o_caducidad__c <= YEAR(TODAY())|A_o_caducidad__c=2020 , Mes_de_caducidad__c=12
16:50:46.0 (21383578)|VALIDATION_PASS
16:50:46.0 (21385190)|VALIDATION_RULE|03d1r000000i46X|ValidarMes
16:50:46.0 (21452834)|VALIDATION_FORMULA|(Mes_de_caducidad__c  < 1)  &#124;&#124;  (Mes_de_caducidad__c  > 12)|Mes_de_caducidad__c=12
16:50:46.0 (21460269)|VALIDATION_PASS
16:50:46.0 (21507693)|CODE_UNIT_FINISHED|Validation:Tarjeta_de_cr_dito:new
16:50:46.0 (52757083)|CODE_UNIT_FINISHED|TRIGGERS
16:50:46.0 (52771125)|EXECUTION_FINISHED
