36.0 APEX_CODE,FINEST;APEX_PROFILING,INFO;CALLOUT,INFO;DB,INFO;SYSTEM,DEBUG;VALIDATION,INFO;VISUALFORCE,INFO;WAVE,INFO;WORKFLOW,INFO
12:05:40.0 (380210)|USER_INFO|[EXTERNAL]|0051r000007Oz5Q|lydia.abril@gmail.com|hora estándar de Europa central|GMT+02:00
12:05:40.0 (436095)|EXECUTION_STARTED
12:05:40.0 (442156)|CODE_UNIT_STARTED|[EXTERNAL]|01p1r000009p5xn|TaskTest.testCerrarTarea
12:05:40.0 (758758)|HEAP_ALLOCATE|[72]|Bytes:3
12:05:40.0 (810931)|HEAP_ALLOCATE|[77]|Bytes:152
12:05:40.0 (834518)|HEAP_ALLOCATE|[342]|Bytes:408
12:05:40.0 (854623)|HEAP_ALLOCATE|[355]|Bytes:408
12:05:40.0 (873678)|HEAP_ALLOCATE|[467]|Bytes:48
12:05:40.0 (910440)|HEAP_ALLOCATE|[139]|Bytes:6
12:05:40.0 (932259)|HEAP_ALLOCATE|[EXTERNAL]|Bytes:95
12:05:40.0 (986224)|METHOD_ENTRY|[2]|01p1r000009p5xn|TaskTest.TaskTest()
12:05:40.0 (999235)|STATEMENT_EXECUTE|[2]
12:05:40.0 (1006556)|STATEMENT_EXECUTE|[2]
12:05:40.0 (1027586)|METHOD_EXIT|[2]|TaskTest
12:05:40.0 (1335861)|HEAP_ALLOCATE|[50]|Bytes:5
12:05:40.0 (1369511)|HEAP_ALLOCATE|[56]|Bytes:5
12:05:40.0 (1382625)|HEAP_ALLOCATE|[64]|Bytes:7
12:05:40.0 (1437355)|STATEMENT_EXECUTE|[4]
12:05:40.0 (1440777)|STATEMENT_EXECUTE|[6]
12:05:40.0 (1498282)|HEAP_ALLOCATE|[6]|Bytes:4
12:05:40.0 (1607413)|HEAP_ALLOCATE|[6]|Bytes:12
12:05:40.0 (1673709)|VARIABLE_ASSIGNMENT|[6]|this.Name|"CuentaParent"|0x4309a3a0
12:05:40.0 (1719827)|VARIABLE_SCOPE_BEGIN|[6]|oAccountParent|Account|true|false
12:05:40.0 (1913064)|VARIABLE_ASSIGNMENT|[6]|oAccountParent|{"Name":"CuentaParent"}|0x4309a3a0
12:05:40.0 (1922428)|STATEMENT_EXECUTE|[7]
12:05:40.0 (1952287)|HEAP_ALLOCATE|[7]|Bytes:8
12:05:40.0 (1963801)|DML_BEGIN|[7]|Op:Insert|Type:Account|Rows:1
12:05:40.0 (2004973)|HEAP_ALLOCATE|[EXTERNAL]|Bytes:8
12:05:40.0 (25613904)|CODE_UNIT_STARTED|[EXTERNAL]|DuplicateDetector
12:05:40.0 (25639355)|DUPLICATE_DETECTION_BEGIN
12:05:40.0 (26206720)|DUPLICATE_DETECTION_RULE_INVOCATION|DuplicateRuleId:0Bm1r0000018X88|DuplicateRuleName:Standard Account Duplicate Rule|DmlType:INSERT
12:05:40.0 (82183446)|DUPLICATE_DETECTION_MATCH_INVOCATION_DETAILS|EntityType:Account|ActionTaken:Allow_[Alert,Report]|DuplicateRecordIds:
12:05:40.0 (82211997)|DUPLICATE_DETECTION_MATCH_INVOCATION_SUMMARY|EntityType:Account|NumRecordsToBeSaved:1|NumRecordsToBeSavedWithDuplicates:0|NumDuplicateRecordsFound:0
12:05:40.0 (82314368)|DUPLICATE_DETECTION_END
12:05:40.0 (82322250)|CODE_UNIT_FINISHED|DuplicateDetector
12:05:40.0 (109665062)|DML_END|[7]
12:05:40.0 (109693687)|STATEMENT_EXECUTE|[9]
12:05:40.0 (109720249)|HEAP_ALLOCATE|[9]|Bytes:4
12:05:40.0 (109741826)|HEAP_ALLOCATE|[9]|Bytes:6
12:05:40.0 (109786515)|VARIABLE_ASSIGNMENT|[9]|this.Name|"Cuenta"|0x33f0c937
12:05:40.0 (109826101)|VARIABLE_ASSIGNMENT|[9]|this.ParentId|"0011r00001nnbRRAAY"|0x33f0c937
12:05:40.0 (109909942)|HEAP_ALLOCATE|[11]|Bytes:4
12:05:40.0 (109960117)|VARIABLE_ASSIGNMENT|[9]|this.Fecha_ltima_actividad_m_s_reciente__c|"2018-01-11T00:00:00.000Z"|0x33f0c937
12:05:40.0 (109992575)|VARIABLE_SCOPE_BEGIN|[9]|oAccount|Account|true|false
12:05:40.0 (110019215)|VARIABLE_ASSIGNMENT|[9]|oAccount|{"Name":"Cuenta","ParentId":"0011r00001nnbRRAAY","Fecha_ltima_activida (17 more) ...":"2018-01-11T00:00:00.000Z"}|0x33f0c937
12:05:40.0 (110029046)|STATEMENT_EXECUTE|[12]
12:05:40.0 (110047496)|HEAP_ALLOCATE|[12]|Bytes:8
12:05:40.0 (110054867)|DML_BEGIN|[12]|Op:Insert|Type:Account|Rows:1
12:05:40.0 (110087935)|HEAP_ALLOCATE|[EXTERNAL]|Bytes:8
12:05:40.0 (113833640)|CODE_UNIT_STARTED|[EXTERNAL]|DuplicateDetector
12:05:40.0 (113853177)|DUPLICATE_DETECTION_BEGIN
12:05:40.0 (113902977)|DUPLICATE_DETECTION_RULE_INVOCATION|DuplicateRuleId:0Bm1r0000018X88|DuplicateRuleName:Standard Account Duplicate Rule|DmlType:INSERT
12:05:40.0 (125597232)|DUPLICATE_DETECTION_MATCH_INVOCATION_DETAILS|EntityType:Account|ActionTaken:Allow_[Alert,Report]|DuplicateRecordIds:
12:05:40.0 (125625192)|DUPLICATE_DETECTION_MATCH_INVOCATION_SUMMARY|EntityType:Account|NumRecordsToBeSaved:1|NumRecordsToBeSavedWithDuplicates:0|NumDuplicateRecordsFound:0
12:05:40.0 (125710774)|DUPLICATE_DETECTION_END
12:05:40.0 (125716610)|CODE_UNIT_FINISHED|DuplicateDetector
12:05:40.0 (138390726)|DML_END|[12]
12:05:40.0 (138417926)|STATEMENT_EXECUTE|[14]
12:05:40.0 (138457266)|HEAP_ALLOCATE|[14]|Bytes:4
12:05:40.0 (138527108)|HEAP_ALLOCATE|[14]|Bytes:11
12:05:40.0 (138576774)|VARIABLE_ASSIGNMENT|[14]|this.Name|"Oportunidad"|0x4588ed7c
12:05:40.0 (138655825)|HEAP_ALLOCATE|[15]|Bytes:4
12:05:40.0 (138705603)|VARIABLE_ASSIGNMENT|[14]|this.CloseDate|"2020-01-11T00:00:00.000Z"|0x4588ed7c
12:05:40.0 (138714057)|HEAP_ALLOCATE|[16]|Bytes:11
12:05:40.0 (138731854)|VARIABLE_ASSIGNMENT|[14]|this.StageName|"Prospecting"|0x4588ed7c
12:05:40.0 (138763524)|VARIABLE_ASSIGNMENT|[14]|this.AccountId|"0011r00001nnbRSAAY"|0x4588ed7c
12:05:40.0 (138792005)|VARIABLE_SCOPE_BEGIN|[14]|oOpportunity|Opportunity|true|false
12:05:40.0 (138817883)|VARIABLE_ASSIGNMENT|[14]|oOpportunity|{"Name":"Oportunidad","CloseDate":"2020-01-11T00:00:00.000Z","StageName":"Prospecting","AccountId":"0011r00001nnbRSAAY"}|0x4588ed7c
12:05:40.0 (138825349)|STATEMENT_EXECUTE|[18]
12:05:40.0 (138840597)|HEAP_ALLOCATE|[18]|Bytes:8
12:05:40.0 (138848948)|DML_BEGIN|[18]|Op:Insert|Type:Opportunity|Rows:1
12:05:40.0 (138882691)|HEAP_ALLOCATE|[EXTERNAL]|Bytes:8
12:05:40.0 (178804673)|CODE_UNIT_STARTED|[EXTERNAL]|01q1r000000Bcgl|ClosedOpportunityTrigger on Opportunity trigger event AfterInsert
12:05:40.0 (178858041)|HEAP_ALLOCATE|[EXTERNAL]|Bytes:8
12:05:40.0 (179129575)|HEAP_ALLOCATE|[EXTERNAL]|Bytes:8
12:05:40.0 (179149919)|VARIABLE_SCOPE_BEGIN|[1]|this|ClosedOpportunityTrigger|true|false
12:05:40.0 (179259319)|VARIABLE_ASSIGNMENT|[1]|this|{}|0x1e49dc4a
12:05:40.0 (179340323)|HEAP_ALLOCATE|[EXTERNAL]|Bytes:8
12:05:40.0 (179352856)|VARIABLE_SCOPE_BEGIN|[1]|this|ClosedOpportunityTrigger|true|false
12:05:40.0 (179372149)|VARIABLE_ASSIGNMENT|[1]|this|{}|0x1e49dc4a
12:05:40.0 (179385589)|STATEMENT_EXECUTE|[1]
12:05:40.0 (179389194)|STATEMENT_EXECUTE|[3]
12:05:40.0 (179448623)|HEAP_ALLOCATE|[3]|Bytes:4
12:05:40.0 (179563905)|HEAP_ALLOCATE|[EXTERNAL]|Bytes:4
12:05:40.0 (179580827)|VARIABLE_ASSIGNMENT|[3]|this.taskList|[]|0x1e49dc4a
12:05:40.0 (179593448)|HEAP_ALLOCATE|[5]|Bytes:89
12:05:40.0 (179610565)|HEAP_ALLOCATE|[5]|Bytes:4
12:05:40.0 (179622500)|HEAP_ALLOCATE|[5]|Bytes:7
12:05:40.0 (179991008)|SOQL_EXECUTE_BEGIN|[5]|Aggregations:0|SELECT Id, StageName FROM Opportunity 
12:05:40.0 (185271606)|SOQL_EXECUTE_END|[5]|Rows:0
12:05:40.0 (185439054)|HEAP_ALLOCATE|[5]|Bytes:54
12:05:40.0 (185449607)|HEAP_ALLOCATE|[5]|Bytes:8
12:05:40.0 (185475146)|SYSTEM_METHOD_ENTRY|[7]|QueryLocatorIterator.QueryLocatorIterator()
12:05:40.0 (185482034)|STATEMENT_EXECUTE|[7]
12:05:40.0 (185492868)|SYSTEM_METHOD_EXIT|[7]|QueryLocatorIterator
12:05:40.0 (185500603)|HEAP_ALLOCATE|[5]|Bytes:28
12:05:40.0 (185515494)|HEAP_ALLOCATE|[5]|Bytes:8
12:05:40.0 (185519349)|HEAP_ALLOCATE|[5]|Bytes:8
12:05:40.0 (185526281)|VARIABLE_SCOPE_BEGIN|[15]|this|Database.QueryLocatorIterator|true|false
12:05:40.0 (185572072)|VARIABLE_ASSIGNMENT|[15]|this|{}|0x73968c7a
12:05:40.0 (185578971)|VARIABLE_SCOPE_BEGIN|[15]|values|List<SObject>|true|false
12:05:40.0 (185588294)|VARIABLE_ASSIGNMENT|[15]|values|null|
12:05:40.0 (185592806)|VARIABLE_SCOPE_BEGIN|[15]|ql|Database.QueryLocator|true|false
12:05:40.0 (185618473)|VARIABLE_ASSIGNMENT|[15]|ql|{"query":"SELECT Id, StageName (69 more) ..."}|0x770374a5
12:05:40.0 (185628072)|VARIABLE_SCOPE_BEGIN|[15]|totalNumRecords|Integer|false|false
12:05:40.0 (185637235)|VARIABLE_ASSIGNMENT|[15]|totalNumRecords|0
12:05:40.0 (185641502)|VARIABLE_SCOPE_BEGIN|[15]|queryMoreSize|Integer|false|false
12:05:40.0 (185648459)|VARIABLE_ASSIGNMENT|[15]|queryMoreSize|50000
12:05:40.0 (185736430)|HEAP_ALLOCATE|[5]|Bytes:28
12:05:40.0 (185759371)|METHOD_ENTRY|[5]||Database.QueryLocatorIterator.hasNext()
12:05:40.0 (185784752)|METHOD_EXIT|[5]||Database.QueryLocatorIterator.hasNext()
12:05:40.0 (185795186)|VARIABLE_ASSIGNMENT|[5]|opp|null|
12:05:40.0 (185802162)|STATEMENT_EXECUTE|[5]
12:05:40.0 (185846434)|STATEMENT_EXECUTE|[12]
12:05:40.185 (185852134)|CUMULATIVE_LIMIT_USAGE
12:05:40.185 (185852134)|LIMIT_USAGE_FOR_NS|(default)|
  Number of SOQL queries: 1 out of 100
  Number of query rows: 0 out of 50000
  Number of SOSL queries: 0 out of 20
  Number of DML statements: 3 out of 150
  Number of DML rows: 3 out of 10000
  Maximum CPU time: 0 out of 10000
  Maximum heap size: 0 out of 6000000
  Number of callouts: 0 out of 100
  Number of Email Invocations: 0 out of 10
  Number of future calls: 0 out of 50
  Number of queueable jobs added to the queue: 0 out of 50
  Number of Mobile Apex push calls: 0 out of 10

12:05:40.185 (185852134)|CUMULATIVE_LIMIT_USAGE_END

12:05:40.0 (186719081)|CODE_UNIT_FINISHED|ClosedOpportunityTrigger on Opportunity trigger event AfterInsert
12:05:40.0 (187718568)|DML_END|[18]
12:05:40.0 (187737264)|STATEMENT_EXECUTE|[20]
12:05:40.0 (187760788)|HEAP_ALLOCATE|[20]|Bytes:4
12:05:40.0 (187789976)|VARIABLE_SCOPE_BEGIN|[20]|listTask|List<Task>|true|false
12:05:40.0 (187805578)|HEAP_ALLOCATE|[EXTERNAL]|Bytes:4
12:05:40.0 (187818035)|VARIABLE_ASSIGNMENT|[20]|listTask|[]|0x1db74c2b
12:05:40.0 (187824840)|STATEMENT_EXECUTE|[22]
12:05:40.0 (187840981)|HEAP_ALLOCATE|[22]|Bytes:4
12:05:40.0 (187911003)|HEAP_ALLOCATE|[22]|Bytes:4
12:05:40.0 (187963748)|VARIABLE_ASSIGNMENT|[22]|this.Subject|"Task"|0x5a05f6bb
12:05:40.0 (187971329)|HEAP_ALLOCATE|[23]|Bytes:6
12:05:40.0 (187989636)|VARIABLE_ASSIGNMENT|[22]|this.Priority|"Normal"|0x5a05f6bb
12:05:40.0 (187996133)|HEAP_ALLOCATE|[24]|Bytes:11
12:05:40.0 (188009675)|VARIABLE_ASSIGNMENT|[22]|this.Status|"Not Started"|0x5a05f6bb
12:05:40.0 (188048222)|VARIABLE_ASSIGNMENT|[22]|this.WhatId|"0011r00001nnbRSAAY"|0x5a05f6bb
12:05:40.0 (188105386)|HEAP_ALLOCATE|[26]|Bytes:4
12:05:40.0 (188157273)|VARIABLE_ASSIGNMENT|[22]|this.ActivityDate|"2020-01-11T00:00:00.000Z"|0x5a05f6bb
12:05:40.0 (188186578)|VARIABLE_SCOPE_BEGIN|[22]|oTask|Task|true|false
12:05:40.0 (188208007)|VARIABLE_ASSIGNMENT|[22]|oTask|{"Subject":"Task","Priority":"Normal","Status":"Not Started","WhatId":"0011r00001nnbRSAAY","ActivityDate":"2020-01-11T00:00:00.000Z"}|0x5a05f6bb
12:05:40.0 (188215837)|STATEMENT_EXECUTE|[28]
12:05:40.0 (188246365)|HEAP_ALLOCATE|[EXTERNAL]|Bytes:4
12:05:40.0 (188255498)|STATEMENT_EXECUTE|[30]
12:05:40.0 (188270015)|HEAP_ALLOCATE|[30]|Bytes:4
12:05:40.0 (188290681)|VARIABLE_ASSIGNMENT|[30]|this.Subject|"Task"|0x2bae6729
12:05:40.0 (188304583)|VARIABLE_ASSIGNMENT|[30]|this.Priority|"Normal"|0x2bae6729
12:05:40.0 (188317043)|VARIABLE_ASSIGNMENT|[30]|this.Status|"Not Started"|0x2bae6729
12:05:40.0 (188356062)|VARIABLE_ASSIGNMENT|[30]|this.WhatId|"0061r00000vk6QJAAY"|0x2bae6729
12:05:40.0 (188392190)|HEAP_ALLOCATE|[34]|Bytes:4
12:05:40.0 (188418991)|VARIABLE_ASSIGNMENT|[30]|this.ActivityDate|"2020-01-11T00:00:00.000Z"|0x2bae6729
12:05:40.0 (188437981)|VARIABLE_SCOPE_BEGIN|[30]|oTask2|Task|true|false
12:05:40.0 (188455135)|VARIABLE_ASSIGNMENT|[30]|oTask2|{"Subject":"Task","Priority":"Normal","Status":"Not Started","WhatId":"0061r00000vk6QJAAY","ActivityDate":"2020-01-11T00:00:00.000Z"}|0x2bae6729
12:05:40.0 (188462258)|STATEMENT_EXECUTE|[38]
12:05:40.0 (188524660)|USER_DEBUG|[38]|DEBUG|Task:{Subject=Task, Priority=Normal, Status=Not Started, WhatId=0011r00001nnbRSAAY, ActivityDate=2020-01-11 00:00:00}
12:05:40.0 (188536829)|STATEMENT_EXECUTE|[40]
12:05:40.0 (188568232)|USER_DEBUG|[40]|DEBUG|Task:{Subject=Task, Priority=Normal, Status=Not Started, WhatId=0061r00000vk6QJAAY, ActivityDate=2020-01-11 00:00:00}
12:05:40.0 (188709004)|HEAP_ALLOCATE|[42]|Bytes:5
12:05:40.0 (188746032)|HEAP_ALLOCATE|[42]|Bytes:24
12:05:40.0 (188754411)|VARIABLE_SCOPE_BEGIN|[42]|inTask|Task|true|false
12:05:40.0 (188777726)|VARIABLE_ASSIGNMENT|[42]|inTask|{"Subject":"Task","Priority":"Normal","Status":"Not Started","WhatId":"0011r00001nnbRSAAY","ActivityDate":"2020-01-11T00:00:00.000Z"}|0x5a05f6bb
12:05:40.0 (188786125)|STATEMENT_EXECUTE|[42]
12:05:40.0 (188788156)|STATEMENT_EXECUTE|[43]
12:05:40.0 (188791668)|HEAP_ALLOCATE|[43]|Bytes:9
12:05:40.0 (188830081)|VARIABLE_ASSIGNMENT|[43]|this.Status|"Completed"|0x5a05f6bb
12:05:40.0 (188845408)|HEAP_ALLOCATE|[42]|Bytes:5
12:05:40.0 (188856803)|VARIABLE_ASSIGNMENT|[42]|inTask|null|
12:05:40.0 (188861923)|STATEMENT_EXECUTE|[46]
12:05:40.0 (188902256)|USER_DEBUG|[46]|DEBUG|Task:{Subject=Task, Priority=Normal, Status=Completed, WhatId=0011r00001nnbRSAAY, ActivityDate=2020-01-11 00:00:00}
12:05:40.0 (188911731)|STATEMENT_EXECUTE|[48]
12:05:40.0 (188937078)|USER_DEBUG|[48]|DEBUG|Task:{Subject=Task, Priority=Normal, Status=Not Started, WhatId=0061r00000vk6QJAAY, ActivityDate=2020-01-11 00:00:00}
12:05:40.0 (188945657)|STATEMENT_EXECUTE|[50]
12:05:40.0 (188986362)|USER_DEBUG|[50]|DEBUG|(Task:{Subject=Task, Priority=Normal, Status=Completed, WhatId=0011r00001nnbRSAAY, ActivityDate=2020-01-11 00:00:00})
12:05:40.0 (188995716)|STATEMENT_EXECUTE|[52]
12:05:40.0 (189029782)|DML_BEGIN|[52]|Op:Update|Type:Task|Rows:1
12:05:40.0 (189063755)|HEAP_ALLOCATE|[EXTERNAL]|Bytes:8
12:05:40.0 (189757508)|DML_END|[52]
12:05:40.0 (189862550)|EXCEPTION_THROWN|[52]|System.DmlException: Update failed. First exception on row 0; first error: MISSING_ARGUMENT, Id not specified in an update call: []
12:05:40.0 (190281835)|HEAP_ALLOCATE|[52]|Bytes:114
12:05:40.0 (190357051)|FATAL_ERROR|System.DmlException: Update failed. First exception on row 0; first error: MISSING_ARGUMENT, Id not specified in an update call: []

Class.TaskTest.testCerrarTarea: line 52, column 1
12:05:40.0 (190370931)|FATAL_ERROR|System.DmlException: Update failed. First exception on row 0; first error: MISSING_ARGUMENT, Id not specified in an update call: []

Class.TaskTest.testCerrarTarea: line 52, column 1
12:05:40.190 (190378078)|CUMULATIVE_LIMIT_USAGE
12:05:40.190 (190378078)|LIMIT_USAGE_FOR_NS|(default)|
  Number of SOQL queries: 1 out of 100
  Number of query rows: 0 out of 50000
  Number of SOSL queries: 0 out of 20
  Number of DML statements: 4 out of 150
  Number of DML rows: 4 out of 10000
  Maximum CPU time: 0 out of 10000
  Maximum heap size: 0 out of 6000000
  Number of callouts: 0 out of 100
  Number of Email Invocations: 0 out of 10
  Number of future calls: 0 out of 50
  Number of queueable jobs added to the queue: 0 out of 50
  Number of Mobile Apex push calls: 0 out of 10

12:05:40.190 (190378078)|CUMULATIVE_LIMIT_USAGE_END

12:05:40.0 (190406819)|CODE_UNIT_FINISHED|TaskTest.testCerrarTarea
12:05:40.0 (191204587)|EXECUTION_FINISHED
12:05:40.303 (303271139)|USER_INFO|[EXTERNAL]|0051r000007Oz5Q|lydia.abril@gmail.com|hora estándar de Europa central|GMT+02:00
12:05:40.303 (303296571)|EXECUTION_STARTED
12:05:40.303 (303306099)|CODE_UNIT_STARTED|[EXTERNAL]|DuplicateDetector
12:05:40.303 (303321107)|DUPLICATE_DETECTION_BEGIN
12:05:40.303 (303377606)|DUPLICATE_DETECTION_RULE_INVOCATION|DuplicateRuleId:0Bm1r0000018X88|DuplicateRuleName:Standard Account Duplicate Rule|DmlType:INSERT
12:05:40.303 (314252793)|DUPLICATE_DETECTION_END
12:05:40.303 (314267537)|CODE_UNIT_FINISHED|DuplicateDetector
12:05:40.303 (315267230)|EXECUTION_FINISHED
