42.0 APEX_CODE,FINEST;APEX_PROFILING,INFO;CALLOUT,INFO;DB,INFO;SYSTEM,DEBUG;VALIDATION,INFO;VISUALFORCE,INFO;WAVE,INFO;WORKFLOW,INFO
09:36:32.0 (310879)|USER_INFO|[EXTERNAL]|0051r000007Oz5Q|lydia.abril@gmail.com|hora estándar de Europa central|GMT+02:00
09:36:32.0 (344128)|EXECUTION_STARTED
09:36:32.0 (347153)|CODE_UNIT_STARTED|[EXTERNAL]|0661r000002CUbp|VF: /apex/CreateContact
09:36:32.0 (365293)|CODE_UNIT_STARTED|[EXTERNAL]|VF Controller Save
09:36:32.0 (392370)|CODE_UNIT_FINISHED|VF Controller Save
09:36:32.0 (10542930)|VF_SERIALIZE_VIEWSTATE_BEGIN|0661r000002CUbp
09:36:32.0 (19408360)|VF_SERIALIZE_VIEWSTATE_END
09:36:32.0 (20235752)|CODE_UNIT_STARTED|[EXTERNAL]|Generate Metadata
09:36:32.0 (20705730)|CODE_UNIT_FINISHED|Generate Metadata
09:36:32.22 (22775612)|CUMULATIVE_LIMIT_USAGE
09:36:32.22 (22775612)|LIMIT_USAGE_FOR_NS|(default)|
  Number of SOQL queries: 0 out of 100
  Number of query rows: 0 out of 50000
  Number of SOSL queries: 0 out of 20
  Number of DML statements: 0 out of 150
  Number of DML rows: 0 out of 10000
  Maximum CPU time: 0 out of 10000
  Maximum heap size: 0 out of 6000000
  Number of callouts: 0 out of 100
  Number of Email Invocations: 0 out of 10
  Number of future calls: 0 out of 50
  Number of queueable jobs added to the queue: 0 out of 50
  Number of Mobile Apex push calls: 0 out of 10

09:36:32.22 (22775612)|CUMULATIVE_LIMIT_USAGE_END

09:36:32.0 (22806622)|CODE_UNIT_FINISHED|VF: /apex/CreateContact
09:36:32.0 (23533851)|EXECUTION_FINISHED
