36.0 APEX_CODE,FINEST;APEX_PROFILING,INFO;CALLOUT,INFO;DB,INFO;SYSTEM,DEBUG;VALIDATION,INFO;VISUALFORCE,INFO;WAVE,INFO;WORKFLOW,INFO
08:31:37.0 (320748)|USER_INFO|[EXTERNAL]|0051r000007Oz5Q|lydia.abril@gmail.com|hora estándar de Europa central|GMT+02:00
08:31:37.0 (372741)|EXECUTION_STARTED
08:31:37.0 (378149)|CODE_UNIT_STARTED|[EXTERNAL]|01q1r000000j6Yv|TaskTrigger on Task trigger event AfterUpdate
08:31:37.0 (434174)|HEAP_ALLOCATE|[EXTERNAL]|Bytes:8
08:31:37.0 (494582)|HEAP_ALLOCATE|[EXTERNAL]|Bytes:8
08:31:37.0 (885594)|HEAP_ALLOCATE|[72]|Bytes:3
08:31:37.0 (953401)|HEAP_ALLOCATE|[77]|Bytes:152
08:31:37.0 (969370)|HEAP_ALLOCATE|[342]|Bytes:408
08:31:37.0 (982596)|HEAP_ALLOCATE|[355]|Bytes:408
08:31:37.0 (993481)|HEAP_ALLOCATE|[467]|Bytes:48
08:31:37.0 (1022826)|HEAP_ALLOCATE|[139]|Bytes:6
08:31:37.0 (1169869)|HEAP_ALLOCATE|[EXTERNAL]|Bytes:12
08:31:37.0 (1198294)|VARIABLE_SCOPE_BEGIN|[1]|this|TaskTrigger|true|false
08:31:37.0 (1392523)|VARIABLE_ASSIGNMENT|[1]|this|{}|0x7d5950a1
08:31:37.0 (1459644)|HEAP_ALLOCATE|[EXTERNAL]|Bytes:12
08:31:37.0 (1536368)|VARIABLE_SCOPE_BEGIN|[1]|this|TaskTrigger|true|false
08:31:37.0 (1555432)|VARIABLE_ASSIGNMENT|[1]|this|{}|0x7d5950a1
08:31:37.0 (1566785)|STATEMENT_EXECUTE|[1]
08:31:37.0 (1569525)|STATEMENT_EXECUTE|[3]
08:31:37.0 (1602270)|HEAP_ALLOCATE|[50]|Bytes:5
08:31:37.0 (1626530)|HEAP_ALLOCATE|[56]|Bytes:5
08:31:37.0 (1635191)|HEAP_ALLOCATE|[64]|Bytes:7
08:31:37.0 (2717803)|VARIABLE_ASSIGNMENT|[3]|this.listNew|[{"Status":"Completed","LastModifiedDate":"2018-04-16T06:31:36.000Z","IsDeleted":false,"AccountId":"0011r00001nnRDqAAM","WhatId":"0061r00000vkPBBAA2","ActivityDate":"2040-04-01T00:00:00.000Z","Priority":"Normal","IsHighPriority":false,"IsClosed":true,"IsRecurrence":false,"Subject":"intento2","SystemModstamp":"2018-04-16T06:31:36.000Z","IsArchived":false,"CreatedById":"0051r000007Oz5QAAS","TaskSubtype":"Task","OwnerId":"0051r000007Oz5QAAS","CreatedDate":"2018-04-16T06:16:10.000Z","Id":"00T1r00004C75dmEAB","DB_Activity_Type__c":"Other","IsReminderSet":false,"LastModifiedById":"0051r000007Oz5QAAS"}]|0x7d5950a1
08:31:37.0 (2737906)|STATEMENT_EXECUTE|[5]
08:31:37.0 (3034867)|VARIABLE_ASSIGNMENT|[5]|this.mapOld|{"00T1r00004C75dmEAB":{"Status":"In Progress","LastModifiedDate":"2018-04-16T06:16:10.000Z","IsDeleted":false,"AccountId":"0011r00001nnRDqAAM","WhatId":"0061r00000vkPBBAA2","ActivityDate":"2040-04-01T00:00:00.000Z","Priority":"Normal","IsHighPriority":false,"IsClosed":false,"IsRecurrence":false,"Subject":"intento2","SystemModstamp":"2018-04-16T06:16:10.000Z","IsArchived":false,"CreatedById":"0051r000007Oz5QAAS","TaskSubtype":"Task","OwnerId":"0051r000007Oz5QAAS","CreatedDate":"2018-04-16T06:16:10.000Z","Id":"00T1r00004C75dmEAB","DB_Activity_Type__c":"Other","IsReminderSet":false,"LastModifiedById":"0051r000007Oz5QAAS"}}|0x7d5950a1
08:31:37.0 (3061387)|STATEMENT_EXECUTE|[8]
08:31:37.0 (3067626)|STATEMENT_EXECUTE|[9]
08:31:37.0 (3069314)|STATEMENT_EXECUTE|[10]
08:31:37.0 (12781983)|HEAP_ALLOCATE|[10]|Bytes:1
08:31:37.0 (12799524)|HEAP_ALLOCATE|[10]|Bytes:8
08:31:37.0 (12873682)|METHOD_ENTRY|[1]|01p1r000009oS6S|TaskMethods.TaskMethods()
08:31:37.0 (12886334)|STATEMENT_EXECUTE|[1]
08:31:37.0 (12895302)|STATEMENT_EXECUTE|[1]
08:31:37.0 (13361616)|SYSTEM_MODE_ENTER|false
08:31:37.0 (13383215)|HEAP_ALLOCATE|[10]|Bytes:5
08:31:37.0 (13393803)|SYSTEM_MODE_EXIT|false
08:31:37.0 (13421253)|METHOD_EXIT|[1]|TaskMethods
08:31:37.0 (13475415)|METHOD_ENTRY|[10]|01p1r000009oS6S|TaskMethods.CerrarTarea(List<Task>)
08:31:37.0 (13530146)|VARIABLE_SCOPE_BEGIN|[3]|listTask|List<Task>|true|false
08:31:37.0 (13937815)|VARIABLE_ASSIGNMENT|[3]|listTask|[{"Status":"Completed","LastModifiedDate":"2018-04-16T06:31:36.000Z","IsDeleted":false,"AccountId":"0011r00001nnRDqAAM","WhatId":"0061r00000vkPBBAA2","ActivityDate":"2040-04-01T00:00:00.000Z","Priority":"Normal","IsHighPriority":false,"IsClosed":true,"IsRecurrence":false,"Subject":"intento2","SystemModstamp":"2018-04-16T06:31:36.000Z","IsArchived":false,"CreatedById":"0051r000007Oz5QAAS","TaskSubtype":"Task","OwnerId":"0051r000007Oz5QAAS","CreatedDate":"2018-04-16T06:16:10.000Z","Id":"00T1r00004C75dmEAB","DB_Activity_Type__c":"Other","IsReminderSet":false,"LastModifiedById":"0051r000007Oz5QAAS"}]|0x64ea2cfc
08:31:37.0 (13965673)|SYSTEM_MODE_ENTER|false
08:31:37.0 (13973093)|HEAP_ALLOCATE|[5]|Bytes:5
08:31:37.0 (13979548)|STATEMENT_EXECUTE|[3]
08:31:37.0 (14096745)|STATEMENT_EXECUTE|[5]
08:31:37.0 (14100002)|STATEMENT_EXECUTE|[8]
08:31:37.0 (14187015)|HEAP_ALLOCATE|[8]|Bytes:4
08:31:37.0 (14196426)|HEAP_ALLOCATE|[8]|Bytes:22
08:31:37.0 (14206530)|HEAP_ALLOCATE|[8]|Bytes:4
08:31:37.0 (14400288)|SOQL_EXECUTE_BEGIN|[8]|Aggregations:0|SELECT Id FROM Account
08:31:37.0 (17444222)|SOQL_EXECUTE_END|[8]|Rows:19
08:31:37.0 (17466674)|HEAP_ALLOCATE|[8]|Bytes:80
08:31:37.0 (17497440)|HEAP_ALLOCATE|[8]|Bytes:551
08:31:37.0 (17549718)|HEAP_ALLOCATE|[8]|Bytes:80
08:31:37.0 (17584157)|HEAP_ALLOCATE|[8]|Bytes:8
08:31:37.0 (17594006)|HEAP_ALLOCATE|[8]|Bytes:18
08:31:37.0 (17600860)|HEAP_ALLOCATE|[8]|Bytes:8
08:31:37.0 (17605311)|HEAP_ALLOCATE|[8]|Bytes:18
08:31:37.0 (17608794)|HEAP_ALLOCATE|[8]|Bytes:8
08:31:37.0 (17612675)|HEAP_ALLOCATE|[8]|Bytes:18
08:31:37.0 (17615972)|HEAP_ALLOCATE|[8]|Bytes:8
08:31:37.0 (17619670)|HEAP_ALLOCATE|[8]|Bytes:18
08:31:37.0 (17622959)|HEAP_ALLOCATE|[8]|Bytes:8
08:31:37.0 (17626670)|HEAP_ALLOCATE|[8]|Bytes:18
08:31:37.0 (17629769)|HEAP_ALLOCATE|[8]|Bytes:8
08:31:37.0 (17633774)|HEAP_ALLOCATE|[8]|Bytes:18
08:31:37.0 (17637252)|HEAP_ALLOCATE|[8]|Bytes:8
08:31:37.0 (17640899)|HEAP_ALLOCATE|[8]|Bytes:18
08:31:37.0 (17644635)|HEAP_ALLOCATE|[8]|Bytes:8
08:31:37.0 (17648356)|HEAP_ALLOCATE|[8]|Bytes:18
08:31:37.0 (17651662)|HEAP_ALLOCATE|[8]|Bytes:8
08:31:37.0 (17655601)|HEAP_ALLOCATE|[8]|Bytes:18
08:31:37.0 (17658721)|HEAP_ALLOCATE|[8]|Bytes:8
08:31:37.0 (17662361)|HEAP_ALLOCATE|[8]|Bytes:18
08:31:37.0 (17665722)|HEAP_ALLOCATE|[8]|Bytes:8
08:31:37.0 (17669511)|HEAP_ALLOCATE|[8]|Bytes:18
08:31:37.0 (17672701)|HEAP_ALLOCATE|[8]|Bytes:8
08:31:37.0 (17676369)|HEAP_ALLOCATE|[8]|Bytes:18
08:31:37.0 (17679435)|HEAP_ALLOCATE|[8]|Bytes:8
08:31:37.0 (17688371)|HEAP_ALLOCATE|[8]|Bytes:18
08:31:37.0 (17692913)|HEAP_ALLOCATE|[8]|Bytes:8
08:31:37.0 (17698557)|HEAP_ALLOCATE|[8]|Bytes:18
08:31:37.0 (17701943)|HEAP_ALLOCATE|[8]|Bytes:8
08:31:37.0 (17705937)|HEAP_ALLOCATE|[8]|Bytes:18
08:31:37.0 (17709320)|HEAP_ALLOCATE|[8]|Bytes:8
08:31:37.0 (17713309)|HEAP_ALLOCATE|[8]|Bytes:18
08:31:37.0 (17716727)|HEAP_ALLOCATE|[8]|Bytes:8
08:31:37.0 (17720568)|HEAP_ALLOCATE|[8]|Bytes:18
08:31:37.0 (17723628)|HEAP_ALLOCATE|[8]|Bytes:8
08:31:37.0 (17727476)|HEAP_ALLOCATE|[8]|Bytes:18
08:31:37.0 (17731063)|HEAP_ALLOCATE|[8]|Bytes:8
08:31:37.0 (17734706)|HEAP_ALLOCATE|[8]|Bytes:18
08:31:37.0 (17744998)|VARIABLE_SCOPE_BEGIN|[8]|mapAllAccounts|Map<String,Account>|true|false
08:31:37.0 (17770300)|VARIABLE_ASSIGNMENT|[8]|mapAllAccounts|"Map of size 19 too large to display"|0x2c45dfda
08:31:37.0 (17778179)|STATEMENT_EXECUTE|[9]
08:31:37.0 (17826987)|HEAP_ALLOCATE|[9]|Bytes:4
08:31:37.0 (17835523)|HEAP_ALLOCATE|[9]|Bytes:26
08:31:37.0 (17843544)|HEAP_ALLOCATE|[9]|Bytes:4
08:31:37.0 (17939357)|SOQL_EXECUTE_BEGIN|[9]|Aggregations:0|SELECT Id FROM Opportunity
08:31:37.0 (20018718)|SOQL_EXECUTE_END|[9]|Rows:53
08:31:37.0 (20037685)|HEAP_ALLOCATE|[9]|Bytes:216
08:31:37.0 (20077234)|HEAP_ALLOCATE|[9]|Bytes:1537
08:31:37.0 (20118140)|HEAP_ALLOCATE|[9]|Bytes:216
08:31:37.0 (20144716)|HEAP_ALLOCATE|[9]|Bytes:8
08:31:37.0 (20154011)|HEAP_ALLOCATE|[9]|Bytes:18
08:31:37.0 (20159473)|HEAP_ALLOCATE|[9]|Bytes:8
08:31:37.0 (20163565)|HEAP_ALLOCATE|[9]|Bytes:18
08:31:37.0 (20166831)|HEAP_ALLOCATE|[9]|Bytes:8
08:31:37.0 (20170528)|HEAP_ALLOCATE|[9]|Bytes:18
08:31:37.0 (20174246)|HEAP_ALLOCATE|[9]|Bytes:8
08:31:37.0 (20177992)|HEAP_ALLOCATE|[9]|Bytes:18
08:31:37.0 (20181085)|HEAP_ALLOCATE|[9]|Bytes:8
08:31:37.0 (20185007)|HEAP_ALLOCATE|[9]|Bytes:18
08:31:37.0 (20188099)|HEAP_ALLOCATE|[9]|Bytes:8
08:31:37.0 (20191795)|HEAP_ALLOCATE|[9]|Bytes:18
08:31:37.0 (20195374)|HEAP_ALLOCATE|[9]|Bytes:8
08:31:37.0 (20199141)|HEAP_ALLOCATE|[9]|Bytes:18
08:31:37.0 (20202640)|HEAP_ALLOCATE|[9]|Bytes:8
08:31:37.0 (20206439)|HEAP_ALLOCATE|[9]|Bytes:18
08:31:37.0 (20209568)|HEAP_ALLOCATE|[9]|Bytes:8
08:31:37.0 (20213213)|HEAP_ALLOCATE|[9]|Bytes:18
08:31:37.0 (20216369)|HEAP_ALLOCATE|[9]|Bytes:8
08:31:37.0 (20219960)|HEAP_ALLOCATE|[9]|Bytes:18
08:31:37.0 (20223011)|HEAP_ALLOCATE|[9]|Bytes:8
08:31:37.0 (20226720)|HEAP_ALLOCATE|[9]|Bytes:18
08:31:37.0 (20229771)|HEAP_ALLOCATE|[9]|Bytes:8
08:31:37.0 (20233461)|HEAP_ALLOCATE|[9]|Bytes:18
08:31:37.0 (20236555)|HEAP_ALLOCATE|[9]|Bytes:8
08:31:37.0 (20240372)|HEAP_ALLOCATE|[9]|Bytes:18
08:31:37.0 (20243937)|HEAP_ALLOCATE|[9]|Bytes:8
08:31:37.0 (20247850)|HEAP_ALLOCATE|[9]|Bytes:18
08:31:37.0 (20250993)|HEAP_ALLOCATE|[9]|Bytes:8
08:31:37.0 (20254677)|HEAP_ALLOCATE|[9]|Bytes:18
08:31:37.0 (20257933)|HEAP_ALLOCATE|[9]|Bytes:8
08:31:37.0 (20261649)|HEAP_ALLOCATE|[9]|Bytes:18
08:31:37.0 (20264762)|HEAP_ALLOCATE|[9]|Bytes:8
08:31:37.0 (20268519)|HEAP_ALLOCATE|[9]|Bytes:18
08:31:37.0 (20271618)|HEAP_ALLOCATE|[9]|Bytes:8
08:31:37.0 (20275690)|HEAP_ALLOCATE|[9]|Bytes:18
08:31:37.0 (20278854)|HEAP_ALLOCATE|[9]|Bytes:8
08:31:37.0 (20282651)|HEAP_ALLOCATE|[9]|Bytes:18
08:31:37.0 (20285876)|HEAP_ALLOCATE|[9]|Bytes:8
08:31:37.0 (20289509)|HEAP_ALLOCATE|[9]|Bytes:18
08:31:37.0 (20292973)|HEAP_ALLOCATE|[9]|Bytes:8
08:31:37.0 (20296975)|HEAP_ALLOCATE|[9]|Bytes:18
08:31:37.0 (20300290)|HEAP_ALLOCATE|[9]|Bytes:8
08:31:37.0 (20304266)|HEAP_ALLOCATE|[9]|Bytes:18
08:31:37.0 (20307378)|HEAP_ALLOCATE|[9]|Bytes:8
08:31:37.0 (20311209)|HEAP_ALLOCATE|[9]|Bytes:18
08:31:37.0 (20314346)|HEAP_ALLOCATE|[9]|Bytes:8
08:31:37.0 (20318005)|HEAP_ALLOCATE|[9]|Bytes:18
08:31:37.0 (20321105)|HEAP_ALLOCATE|[9]|Bytes:8
08:31:37.0 (20324860)|HEAP_ALLOCATE|[9]|Bytes:18
08:31:37.0 (20328829)|HEAP_ALLOCATE|[9]|Bytes:8
08:31:37.0 (20332682)|HEAP_ALLOCATE|[9]|Bytes:18
08:31:37.0 (20335773)|HEAP_ALLOCATE|[9]|Bytes:8
08:31:37.0 (20339579)|HEAP_ALLOCATE|[9]|Bytes:18
08:31:37.0 (20342739)|HEAP_ALLOCATE|[9]|Bytes:8
08:31:37.0 (20346695)|HEAP_ALLOCATE|[9]|Bytes:18
08:31:37.0 (20350342)|HEAP_ALLOCATE|[9]|Bytes:8
08:31:37.0 (20353998)|HEAP_ALLOCATE|[9]|Bytes:18
08:31:37.0 (20357416)|HEAP_ALLOCATE|[9]|Bytes:8
08:31:37.0 (20361144)|HEAP_ALLOCATE|[9]|Bytes:18
08:31:37.0 (20364370)|HEAP_ALLOCATE|[9]|Bytes:8
08:31:37.0 (20368376)|HEAP_ALLOCATE|[9]|Bytes:18
08:31:37.0 (20371407)|HEAP_ALLOCATE|[9]|Bytes:8
08:31:37.0 (20375125)|HEAP_ALLOCATE|[9]|Bytes:18
08:31:37.0 (20378609)|HEAP_ALLOCATE|[9]|Bytes:8
08:31:37.0 (20387246)|HEAP_ALLOCATE|[9]|Bytes:18
08:31:37.0 (20391011)|HEAP_ALLOCATE|[9]|Bytes:8
08:31:37.0 (20395194)|HEAP_ALLOCATE|[9]|Bytes:18
08:31:37.0 (20398496)|HEAP_ALLOCATE|[9]|Bytes:8
08:31:37.0 (20402522)|HEAP_ALLOCATE|[9]|Bytes:18
08:31:37.0 (20405954)|HEAP_ALLOCATE|[9]|Bytes:8
08:31:37.0 (20409718)|HEAP_ALLOCATE|[9]|Bytes:18
08:31:37.0 (20413062)|HEAP_ALLOCATE|[9]|Bytes:8
08:31:37.0 (20417039)|HEAP_ALLOCATE|[9]|Bytes:18
08:31:37.0 (20420259)|HEAP_ALLOCATE|[9]|Bytes:8
08:31:37.0 (20424117)|HEAP_ALLOCATE|[9]|Bytes:18
08:31:37.0 (20427417)|HEAP_ALLOCATE|[9]|Bytes:8
08:31:37.0 (20431444)|HEAP_ALLOCATE|[9]|Bytes:18
08:31:37.0 (20434567)|HEAP_ALLOCATE|[9]|Bytes:8
08:31:37.0 (20438224)|HEAP_ALLOCATE|[9]|Bytes:18
08:31:37.0 (20441313)|HEAP_ALLOCATE|[9]|Bytes:8
08:31:37.0 (20445060)|HEAP_ALLOCATE|[9]|Bytes:18
08:31:37.0 (20448129)|HEAP_ALLOCATE|[9]|Bytes:8
08:31:37.0 (20456248)|HEAP_ALLOCATE|[9]|Bytes:18
08:31:37.0 (20459917)|HEAP_ALLOCATE|[9]|Bytes:8
08:31:37.0 (20464303)|HEAP_ALLOCATE|[9]|Bytes:18
08:31:37.0 (20467613)|HEAP_ALLOCATE|[9]|Bytes:8
08:31:37.0 (20471362)|HEAP_ALLOCATE|[9]|Bytes:18
08:31:37.0 (20474965)|HEAP_ALLOCATE|[9]|Bytes:8
08:31:37.0 (20478595)|HEAP_ALLOCATE|[9]|Bytes:18
08:31:37.0 (20481740)|HEAP_ALLOCATE|[9]|Bytes:8
08:31:37.0 (20485739)|HEAP_ALLOCATE|[9]|Bytes:18
08:31:37.0 (20488828)|HEAP_ALLOCATE|[9]|Bytes:8
08:31:37.0 (20492454)|HEAP_ALLOCATE|[9]|Bytes:18
08:31:37.0 (20495586)|HEAP_ALLOCATE|[9]|Bytes:8
08:31:37.0 (20499222)|HEAP_ALLOCATE|[9]|Bytes:18
08:31:37.0 (20502454)|HEAP_ALLOCATE|[9]|Bytes:8
08:31:37.0 (20506337)|HEAP_ALLOCATE|[9]|Bytes:18
08:31:37.0 (20511353)|HEAP_ALLOCATE|[9]|Bytes:8
08:31:37.0 (20515820)|HEAP_ALLOCATE|[9]|Bytes:18
08:31:37.0 (20519202)|HEAP_ALLOCATE|[9]|Bytes:8
08:31:37.0 (20523228)|HEAP_ALLOCATE|[9]|Bytes:18
08:31:37.0 (20526369)|HEAP_ALLOCATE|[9]|Bytes:8
08:31:37.0 (20530126)|HEAP_ALLOCATE|[9]|Bytes:18
08:31:37.0 (20533633)|HEAP_ALLOCATE|[9]|Bytes:8
08:31:37.0 (20537273)|HEAP_ALLOCATE|[9]|Bytes:18
08:31:37.0 (20546985)|VARIABLE_SCOPE_BEGIN|[9]|mapAllOportunities|Map<String,Opportunity>|true|false
08:31:37.0 (20574274)|VARIABLE_ASSIGNMENT|[9]|mapAllOportunities|"Map of size 53 too large to display"|0x48de51a1
08:31:37.0 (20582364)|STATEMENT_EXECUTE|[12]
08:31:37.0 (20598080)|HEAP_ALLOCATE|[12]|Bytes:4
08:31:37.0 (20690948)|VARIABLE_SCOPE_BEGIN|[12]|listAccountUpdate|List<Account>|true|false
08:31:37.0 (20701875)|HEAP_ALLOCATE|[EXTERNAL]|Bytes:4
08:31:37.0 (20713024)|VARIABLE_ASSIGNMENT|[12]|listAccountUpdate|[]|0x608fccd4
08:31:37.0 (20719299)|STATEMENT_EXECUTE|[13]
08:31:37.0 (20730114)|HEAP_ALLOCATE|[13]|Bytes:4
08:31:37.0 (20756029)|VARIABLE_SCOPE_BEGIN|[13]|listOpportunityUpdate|List<Opportunity>|true|false
08:31:37.0 (20764492)|HEAP_ALLOCATE|[EXTERNAL]|Bytes:4
08:31:37.0 (20770966)|VARIABLE_ASSIGNMENT|[13]|listOpportunityUpdate|[]|0x2ead2121
08:31:37.0 (20776660)|STATEMENT_EXECUTE|[16]
08:31:37.0 (20791268)|HEAP_ALLOCATE|[16]|Bytes:4
08:31:37.0 (20824252)|VARIABLE_SCOPE_BEGIN|[16]|listAccountIds|Set<String>|true|false
08:31:37.0 (20849108)|VARIABLE_ASSIGNMENT|[16]|listAccountIds|[]|0x1367987e
08:31:37.0 (20855428)|STATEMENT_EXECUTE|[17]
08:31:37.0 (20860952)|HEAP_ALLOCATE|[17]|Bytes:4
08:31:37.0 (20875650)|VARIABLE_SCOPE_BEGIN|[17]|listOpportunityIds|Set<String>|true|false
08:31:37.0 (20888688)|VARIABLE_ASSIGNMENT|[17]|listOpportunityIds|[]|0x290e80ea
08:31:37.0 (21054778)|HEAP_ALLOCATE|[20]|Bytes:5
08:31:37.0 (21094627)|VARIABLE_SCOPE_BEGIN|[20]|inTask|Task|true|false
08:31:37.0 (21386768)|VARIABLE_ASSIGNMENT|[20]|inTask|{"Status":"Completed","LastModifiedDate":"2018-04-16T06:31:36.000Z","IsDeleted":false,"AccountId":"0011r00001nnRDqAAM","WhatId":"0061r00000vkPBBAA2","ActivityDate":"2040-04-01T00:00:00.000Z","Priority":"Normal","IsHighPriority":false,"IsClosed":true,"IsRecurrence":false,"Subject":"intento2","SystemModstamp":"2018-04-16T06:31:36.000Z","IsArchived":false,"CreatedById":"0051r000007Oz5QAAS","TaskSubtype":"Task","OwnerId":"0051r000007Oz5QAAS","CreatedDate":"2018-04-16T06:16:10.000Z","Id":"00T1r00004C75dmEAB","DB_Activity_Type__c":"Other","IsReminderSet":false,"LastModifiedById":"0051r000007Oz5QAAS"}|0x709a9b94
08:31:37.0 (21404206)|STATEMENT_EXECUTE|[20]
08:31:37.0 (21433393)|HEAP_ALLOCATE|[21]|Bytes:9
08:31:37.0 (21465410)|STATEMENT_EXECUTE|[21]
08:31:37.0 (21574860)|STATEMENT_EXECUTE|[25]
08:31:37.0 (21577554)|STATEMENT_EXECUTE|[26]
08:31:37.0 (21602782)|HEAP_ALLOCATE|[EXTERNAL]|Bytes:4
08:31:37.0 (21622481)|HEAP_ALLOCATE|[20]|Bytes:5
08:31:37.0 (21636605)|VARIABLE_ASSIGNMENT|[20]|inTask|null|
08:31:37.0 (21643168)|STATEMENT_EXECUTE|[31]
08:31:37.0 (21672724)|USER_DEBUG|[31]|DEBUG|{}
08:31:37.0 (21681640)|STATEMENT_EXECUTE|[34]
08:31:37.0 (21699566)|HEAP_ALLOCATE|[34]|Bytes:4
08:31:37.0 (21705450)|HEAP_ALLOCATE|[34]|Bytes:159
08:31:37.0 (21713657)|HEAP_ALLOCATE|[34]|Bytes:4
08:31:37.0 (21720599)|HEAP_ALLOCATE|[34]|Bytes:7
08:31:37.0 (21730245)|HEAP_ALLOCATE|[34]|Bytes:7
08:31:37.0 (21751465)|HEAP_ALLOCATE|[34]|Bytes:4
08:31:37.0 (21759832)|HEAP_ALLOCATE|[34]|Bytes:4
08:31:37.0 (21764888)|HEAP_ALLOCATE|[34]|Bytes:8
08:31:37.0 (21771026)|HEAP_ALLOCATE|[34]|Bytes:8
08:31:37.0 (22048415)|SOQL_EXECUTE_BEGIN|[34]|Aggregations:0|SELECT Id, Fecha_ltima_actividad_m_s_reciente__c, ParentId FROM Account WHERE (id = :tmpVar1 AND Id IN (SELECT AccountId FROM Opportunity WHERE id = :tmpVar2))
08:31:37.0 (23546191)|SOQL_EXECUTE_END|[34]|Rows:0
08:31:37.0 (23568315)|HEAP_ALLOCATE|[34]|Bytes:4
08:31:37.0 (23579405)|HEAP_ALLOCATE|[34]|Bytes:0
08:31:37.0 (23608579)|HEAP_ALLOCATE|[34]|Bytes:4
08:31:37.0 (23625033)|VARIABLE_SCOPE_BEGIN|[34]|mapAccountPrueba|Map<String,Account>|true|false
08:31:37.0 (23643299)|VARIABLE_ASSIGNMENT|[34]|mapAccountPrueba|{}|0x36732e3d
08:31:37.0 (23650382)|STATEMENT_EXECUTE|[42]
08:31:37.0 (23664694)|HEAP_ALLOCATE|[42]|Bytes:4
08:31:37.0 (23671369)|HEAP_ALLOCATE|[42]|Bytes:57
08:31:37.0 (23679057)|HEAP_ALLOCATE|[42]|Bytes:4
08:31:37.0 (23706954)|HEAP_ALLOCATE|[42]|Bytes:8
08:31:37.0 (23715341)|HEAP_ALLOCATE|[42]|Bytes:8
08:31:37.0 (23839666)|SOQL_EXECUTE_BEGIN|[42]|Aggregations:0|SELECT Id, AccountId FROM Opportunity WHERE id = :tmpVar1
08:31:37.0 (27711423)|SOQL_EXECUTE_END|[42]|Rows:1
08:31:37.0 (27738953)|HEAP_ALLOCATE|[42]|Bytes:8
08:31:37.0 (27757868)|HEAP_ALLOCATE|[42]|Bytes:60
08:31:37.0 (27797350)|HEAP_ALLOCATE|[42]|Bytes:8
08:31:37.0 (27826769)|HEAP_ALLOCATE|[42]|Bytes:12
08:31:37.0 (27837220)|HEAP_ALLOCATE|[42]|Bytes:18
08:31:37.0 (27847931)|VARIABLE_SCOPE_BEGIN|[42]|mapOportunity|Map<String,Opportunity>|true|false
08:31:37.0 (27881595)|VARIABLE_ASSIGNMENT|[42]|mapOportunity|{"0061r00000vkPBBAA2":{"Id":"0061r00000vkPBBAA2","AccountId":"0011r00001nnRDqAAM"}}|0x2acb83fa
08:31:37.0 (27902362)|HEAP_ALLOCATE|[45]|Bytes:4
08:31:37.0 (27950900)|HEAP_ALLOCATE|[45]|Bytes:4
08:31:37.0 (27989037)|HEAP_ALLOCATE|[45]|Bytes:5
08:31:37.0 (28009243)|VARIABLE_SCOPE_BEGIN|[45]|idOportunity|String|false|false
08:31:37.0 (28021430)|VARIABLE_ASSIGNMENT|[45]|idOportunity|"0061r00000vkPBBAA2"
08:31:37.0 (28029331)|STATEMENT_EXECUTE|[45]
08:31:37.0 (28031649)|STATEMENT_EXECUTE|[46]
08:31:37.0 (28126424)|HEAP_ALLOCATE|[EXTERNAL]|Bytes:4
08:31:37.0 (28144052)|HEAP_ALLOCATE|[45]|Bytes:5
08:31:37.0 (28156258)|VARIABLE_ASSIGNMENT|[45]|idOportunity|null
08:31:37.0 (28162345)|STATEMENT_EXECUTE|[52]
08:31:37.0 (28179937)|HEAP_ALLOCATE|[52]|Bytes:4
08:31:37.0 (28186321)|HEAP_ALLOCATE|[52]|Bytes:91
08:31:37.0 (28194453)|HEAP_ALLOCATE|[52]|Bytes:4
08:31:37.0 (28224914)|HEAP_ALLOCATE|[52]|Bytes:8
08:31:37.0 (28232589)|HEAP_ALLOCATE|[52]|Bytes:8
08:31:37.0 (28405391)|SOQL_EXECUTE_BEGIN|[52]|Aggregations:0|SELECT Id, Fecha_ltima_actividad_m_s_reciente__c, ParentId FROM Account WHERE id = :tmpVar1
08:31:37.0 (30663821)|SOQL_EXECUTE_END|[52]|Rows:1
08:31:37.0 (30687451)|HEAP_ALLOCATE|[52]|Bytes:8
08:31:37.0 (30703494)|HEAP_ALLOCATE|[52]|Bytes:104
08:31:37.0 (30737170)|HEAP_ALLOCATE|[52]|Bytes:8
08:31:37.0 (30755523)|HEAP_ALLOCATE|[52]|Bytes:16
08:31:37.0 (30764477)|HEAP_ALLOCATE|[52]|Bytes:18
08:31:37.0 (30773173)|VARIABLE_SCOPE_BEGIN|[52]|mapAccount|Map<String,Account>|true|false
08:31:37.0 (30829255)|VARIABLE_ASSIGNMENT|[52]|mapAccount|{"0011r00001nnRDqAAM":{"Id":"0011r00001nnRDqAAM","Fecha_ltima_activida (17 more) ...":"2020-04-01T00:00:00.000Z","ParentId":"0011r00001mvH7mAAE"}}|0x25110ee2
08:31:37.0 (30839946)|STATEMENT_EXECUTE|[54]
08:31:37.0 (30844141)|HEAP_ALLOCATE|[54]|Bytes:38
08:31:37.0 (30950968)|HEAP_ALLOCATE|[54]|Bytes:140
08:31:37.0 (30974041)|HEAP_ALLOCATE|[54]|Bytes:178
08:31:37.0 (30992606)|USER_DEBUG|[54]|DEBUG|TaskMethods.CerrarTarea.mapAccount :: {0011r00001nnRDqAAM=Account:{Id=0011r00001nnRDqAAM, Fecha_ltima_actividad_m_s_reciente__c=2020-04-01 00:00:00, ParentId=0011r00001mvH7mAAE}}
08:31:37.0 (31038115)|HEAP_ALLOCATE|[57]|Bytes:5
08:31:37.0 (31062526)|VARIABLE_SCOPE_BEGIN|[57]|inTask|Task|true|false
08:31:37.0 (31291007)|VARIABLE_ASSIGNMENT|[57]|inTask|{"Status":"Completed","LastModifiedDate":"2018-04-16T06:31:36.000Z","IsDeleted":false,"AccountId":"0011r00001nnRDqAAM","WhatId":"0061r00000vkPBBAA2","ActivityDate":"2040-04-01T00:00:00.000Z","Priority":"Normal","IsHighPriority":false,"IsClosed":true,"IsRecurrence":false,"Subject":"intento2","SystemModstamp":"2018-04-16T06:31:36.000Z","IsArchived":false,"CreatedById":"0051r000007Oz5QAAS","TaskSubtype":"Task","OwnerId":"0051r000007Oz5QAAS","CreatedDate":"2018-04-16T06:16:10.000Z","Id":"00T1r00004C75dmEAB","DB_Activity_Type__c":"Other","IsReminderSet":false,"LastModifiedById":"0051r000007Oz5QAAS"}|0x709a9b94
08:31:37.0 (31306471)|STATEMENT_EXECUTE|[57]
08:31:37.0 (31308506)|STATEMENT_EXECUTE|[58]
08:31:37.0 (31312192)|HEAP_ALLOCATE|[58]|Bytes:34
08:31:37.0 (31555172)|HEAP_ALLOCATE|[58]|Bytes:984
08:31:37.0 (31573441)|HEAP_ALLOCATE|[58]|Bytes:1018
08:31:37.0 (31584021)|USER_DEBUG|[58]|DEBUG|TaskMethods.CerrarTarea.inTask :: Task:{Id=00T1r00004C75dmEAB, WhoId=null, WhatId=0061r00000vkPBBAA2, Subject=intento2, ActivityDate=2040-04-01 00:00:00, Status=Completed, Priority=Normal, IsHighPriority=false, OwnerId=0051r000007Oz5QAAS, Description=null, Type=null, IsDeleted=false, AccountId=0011r00001nnRDqAAM, IsClosed=true, CreatedDate=2018-04-16 06:16:10, CreatedById=0051r000007Oz5QAAS, LastModifiedDate=2018-04-16 06:31:36, LastModifiedById=0051r000007Oz5QAAS, SystemModstamp=2018-04-16 06:31:36, IsArchived=false, CallDurationInSeconds=null, CallType=null, CallDisposition=null, CallObject=null, ReminderDateTime=null, IsReminderSet=false, RecurrenceActivityId=null, IsRecurrence=false, RecurrenceStartDateOnly=null, RecurrenceEndDateOnly=null, RecurrenceTimeZoneSidKey=null, RecurrenceType=null, RecurrenceInterval=null, RecurrenceDayOfWeekMask=null, RecurrenceDayOfMonth=null, RecurrenceInstance=null, RecurrenceMonthOfYear=null, RecurrenceRegeneratedType=null, TaskSubtype=Task, DB_Activity_Type__c=Other}
08:31:37.0 (31739649)|EXCEPTION_THROWN|[60]|System.NullPointerException: Attempt to de-reference a null object
08:31:37.0 (31918582)|HEAP_ALLOCATE|[60]|Bytes:41
08:31:37.0 (31936640)|SYSTEM_MODE_EXIT|false
08:31:37.0 (31950413)|METHOD_EXIT|[10]|01p1r000009oS6S|TaskMethods.CerrarTarea(List<Task>)
08:31:37.0 (32026673)|FATAL_ERROR|System.NullPointerException: Attempt to de-reference a null object

Class.TaskMethods.CerrarTarea: line 60, column 1
Trigger.TaskTrigger: line 10, column 1
08:31:37.0 (32039556)|FATAL_ERROR|System.NullPointerException: Attempt to de-reference a null object

Class.TaskMethods.CerrarTarea: line 60, column 1
Trigger.TaskTrigger: line 10, column 1
08:31:37.32 (32075670)|CUMULATIVE_LIMIT_USAGE
08:31:37.32 (32075670)|LIMIT_USAGE_FOR_NS|(default)|
  Number of SOQL queries: 5 out of 100
  Number of query rows: 74 out of 50000
  Number of SOSL queries: 0 out of 20
  Number of DML statements: 0 out of 150
  Number of DML rows: 0 out of 10000
  Maximum CPU time: 0 out of 10000
  Maximum heap size: 0 out of 6000000
  Number of callouts: 0 out of 100
  Number of Email Invocations: 0 out of 10
  Number of future calls: 0 out of 50
  Number of queueable jobs added to the queue: 0 out of 50
  Number of Mobile Apex push calls: 0 out of 10

08:31:37.32 (32075670)|CUMULATIVE_LIMIT_USAGE_END

08:31:37.0 (33642542)|CODE_UNIT_FINISHED|TaskTrigger on Task trigger event AfterUpdate
08:31:37.0 (34756954)|EXECUTION_FINISHED
