36.0 APEX_CODE,FINEST;APEX_PROFILING,INFO;CALLOUT,INFO;DB,INFO;SYSTEM,DEBUG;VALIDATION,INFO;VISUALFORCE,INFO;WAVE,INFO;WORKFLOW,INFO
12:27:20.0 (340097)|USER_INFO|[EXTERNAL]|0051r000007Oz5Q|lydia.abril@gmail.com|hora estándar de Europa central|GMT+02:00
12:27:20.0 (416135)|EXECUTION_STARTED
12:27:20.0 (422243)|CODE_UNIT_STARTED|[EXTERNAL]|01p1r00000B5oTv|TestTextFormat.testTextFormat
12:27:20.0 (649143)|HEAP_ALLOCATE|[72]|Bytes:3
12:27:20.0 (687062)|HEAP_ALLOCATE|[77]|Bytes:152
12:27:20.0 (703006)|HEAP_ALLOCATE|[342]|Bytes:408
12:27:20.0 (717560)|HEAP_ALLOCATE|[355]|Bytes:408
12:27:20.0 (730399)|HEAP_ALLOCATE|[467]|Bytes:48
12:27:20.0 (758754)|HEAP_ALLOCATE|[139]|Bytes:6
12:27:20.0 (773600)|HEAP_ALLOCATE|[EXTERNAL]|Bytes:27
12:27:20.0 (812484)|METHOD_ENTRY|[2]|01p1r00000B5oTv|TestTextFormat.TestTextFormat()
12:27:20.0 (822377)|STATEMENT_EXECUTE|[2]
12:27:20.0 (832689)|STATEMENT_EXECUTE|[2]
12:27:20.0 (846641)|METHOD_EXIT|[2]|TestTextFormat
12:27:20.0 (936429)|HEAP_ALLOCATE|[50]|Bytes:5
12:27:20.0 (960306)|HEAP_ALLOCATE|[56]|Bytes:5
12:27:20.0 (968652)|HEAP_ALLOCATE|[64]|Bytes:7
12:27:20.0 (1006776)|STATEMENT_EXECUTE|[4]
12:27:20.0 (1010205)|STATEMENT_EXECUTE|[6]
12:27:20.0 (1013614)|HEAP_ALLOCATE|[6]|Bytes:341
12:27:20.0 (1021423)|VARIABLE_SCOPE_BEGIN|[6]|texto|String|false|false
12:27:20.0 (1048004)|VARIABLE_ASSIGNMENT|[6]|texto|"§Fyrfadslys # [optio (321 more) ..."
12:27:20.0 (1053957)|STATEMENT_EXECUTE|[8]
12:27:20.0 (2006561)|HEAP_ALLOCATE|[8]|Bytes:1
12:27:20.0 (2016873)|HEAP_ALLOCATE|[8]|Bytes:5
12:27:20.0 (2029404)|METHOD_ENTRY|[1]|01p1r00000B5oDJ|TextFormat.TextFormat()
12:27:20.0 (2035397)|STATEMENT_EXECUTE|[1]
12:27:20.0 (2040378)|STATEMENT_EXECUTE|[1]
12:27:20.0 (2380661)|SYSTEM_MODE_ENTER|false
12:27:20.0 (2401967)|HEAP_ALLOCATE|[8]|Bytes:5
12:27:20.0 (2410423)|SYSTEM_MODE_EXIT|false
12:27:20.0 (2418909)|METHOD_EXIT|[1]|TextFormat
12:27:20.0 (2442395)|METHOD_ENTRY|[8]|01p1r00000B5oDJ|TextFormat.textFormat(String)
12:27:20.0 (2465289)|VARIABLE_SCOPE_BEGIN|[3]|texto|String|false|false
12:27:20.0 (2478188)|VARIABLE_ASSIGNMENT|[3]|texto|"§Fyrfadslys # [optio (321 more) ..."
12:27:20.0 (2503277)|SYSTEM_MODE_ENTER|false
12:27:20.0 (2509264)|HEAP_ALLOCATE|[5]|Bytes:5
12:27:20.0 (2514896)|STATEMENT_EXECUTE|[3]
12:27:20.0 (2516965)|STATEMENT_EXECUTE|[5]
12:27:20.0 (2521873)|VARIABLE_SCOPE_BEGIN|[5]|tF|String|false|false
12:27:20.0 (2531124)|VARIABLE_ASSIGNMENT|[5]|tF|""
12:27:20.0 (2535858)|STATEMENT_EXECUTE|[9]
12:27:20.0 (2537943)|HEAP_ALLOCATE|[10]|Bytes:4
12:27:20.0 (2612784)|STATEMENT_EXECUTE|[10]
12:27:20.0 (2616489)|HEAP_ALLOCATE|[11]|Bytes:1
12:27:20.0 (2671366)|STATEMENT_EXECUTE|[11]
12:27:20.0 (2673639)|STATEMENT_EXECUTE|[13]
12:27:20.0 (2744195)|HEAP_ALLOCATE|[13]|Bytes:339
12:27:20.0 (2751288)|HEAP_ALLOCATE|[13]|Bytes:12
12:27:20.0 (2771009)|VARIABLE_SCOPE_BEGIN|[13]|textoUl|String|false|false
12:27:20.0 (2783204)|VARIABLE_ASSIGNMENT|[13]|textoUl|"Fyrfadslys # [option (319 more) ..."
12:27:20.0 (2788789)|STATEMENT_EXECUTE|[14]
12:27:20.0 (2814538)|USER_DEBUG|[14]|DEBUG|Fyrfadslys # [optional bzw. nur für Handzettel] # Brænder i ca. 8 timer # RAL-kvalitet: gode brændeegenskaber pga. kvalitetskontrollerede materialer og indholdsstoffer # [Nur für RO&#124;GR] # Materiale: 60% plantevoks, 40% paraffin # [alle] # [Lieferantenadresse für Bulgarien? Mueller Fabryka Swiec S.A. &#124; 86-302 Grudziadz, Bialy Bór &#124; Polska
12:27:20.0 (2829568)|STATEMENT_EXECUTE|[16]
12:27:20.0 (2832668)|HEAP_ALLOCATE|[16]|Bytes:1
12:27:20.0 (2862778)|HEAP_ALLOCATE|[16]|Bytes:11
12:27:20.0 (2867530)|HEAP_ALLOCATE|[16]|Bytes:36
12:27:20.0 (2870262)|HEAP_ALLOCATE|[16]|Bytes:23
12:27:20.0 (2872830)|HEAP_ALLOCATE|[16]|Bytes:95
12:27:20.0 (2875475)|HEAP_ALLOCATE|[16]|Bytes:17
12:27:20.0 (2878023)|HEAP_ALLOCATE|[16]|Bytes:41
12:27:20.0 (2880900)|HEAP_ALLOCATE|[16]|Bytes:8
12:27:20.0 (2883841)|HEAP_ALLOCATE|[16]|Bytes:101
12:27:20.0 (2887084)|HEAP_ALLOCATE|[16]|Bytes:36
12:27:20.0 (2898574)|VARIABLE_SCOPE_BEGIN|[16]|partes|List<String>|true|false
12:27:20.0 (2926688)|HEAP_ALLOCATE|[EXTERNAL]|Bytes:36
12:27:20.0 (2941231)|VARIABLE_ASSIGNMENT|[16]|partes|"List of size 8 too large to display"|0x3cc0d2e6
12:27:20.0 (2948560)|STATEMENT_EXECUTE|[18]
12:27:20.0 (2952145)|VARIABLE_SCOPE_BEGIN|[18]|textoFinal|String|false|false
12:27:20.0 (2978576)|VARIABLE_ASSIGNMENT|[18]|textoFinal|""
12:27:20.0 (3047693)|HEAP_ALLOCATE|[19]|Bytes:5
12:27:20.0 (3061556)|HEAP_ALLOCATE|[19]|Bytes:11
12:27:20.0 (3069041)|VARIABLE_SCOPE_BEGIN|[19]|stg|String|false|false
12:27:20.0 (3078978)|VARIABLE_ASSIGNMENT|[19]|stg|"Fyrfadslys "
12:27:20.0 (3084732)|STATEMENT_EXECUTE|[19]
12:27:20.0 (3086556)|STATEMENT_EXECUTE|[20]
12:27:20.0 (3089078)|HEAP_ALLOCATE|[20]|Bytes:4
12:27:20.0 (3096065)|HEAP_ALLOCATE|[20]|Bytes:5
12:27:20.0 (3105546)|HEAP_ALLOCATE|[20]|Bytes:20
12:27:20.0 (3113479)|HEAP_ALLOCATE|[20]|Bytes:20
12:27:20.0 (3122174)|VARIABLE_ASSIGNMENT|[20]|textoFinal|"\u003Cli\u003EFyrfadslys \u003C/li\u003E"
12:27:20.0 (3132637)|HEAP_ALLOCATE|[19]|Bytes:5
12:27:20.0 (3140321)|HEAP_ALLOCATE|[19]|Bytes:36
12:27:20.0 (3145484)|VARIABLE_SCOPE_BEGIN|[19]|stg|String|false|false
12:27:20.0 (3155241)|VARIABLE_ASSIGNMENT|[19]|stg|" [optional bzw. nur  (16 more) ..."
12:27:20.0 (3159939)|STATEMENT_EXECUTE|[19]
12:27:20.0 (3162122)|STATEMENT_EXECUTE|[20]
12:27:20.0 (3166079)|HEAP_ALLOCATE|[20]|Bytes:45
12:27:20.0 (3170541)|HEAP_ALLOCATE|[20]|Bytes:65
12:27:20.0 (3177682)|VARIABLE_ASSIGNMENT|[20]|textoFinal|"\u003Cli\u003EFyrfadslys \u003C/li\u003E (45 more) ..."
12:27:20.0 (3186111)|HEAP_ALLOCATE|[19]|Bytes:5
12:27:20.0 (3192825)|HEAP_ALLOCATE|[19]|Bytes:23
12:27:20.0 (3197404)|VARIABLE_SCOPE_BEGIN|[19]|stg|String|false|false
12:27:20.0 (3206023)|VARIABLE_ASSIGNMENT|[19]|stg|" Brænder i ca. 8 tim (3 more) ..."
12:27:20.0 (3211644)|STATEMENT_EXECUTE|[19]
12:27:20.0 (3213380)|STATEMENT_EXECUTE|[20]
12:27:20.0 (3216876)|HEAP_ALLOCATE|[20]|Bytes:32
12:27:20.0 (3220993)|HEAP_ALLOCATE|[20]|Bytes:97
12:27:20.0 (3227377)|VARIABLE_ASSIGNMENT|[20]|textoFinal|"\u003Cli\u003EFyrfadslys \u003C/li\u003E (77 more) ..."
12:27:20.0 (3235514)|HEAP_ALLOCATE|[19]|Bytes:5
12:27:20.0 (3242038)|HEAP_ALLOCATE|[19]|Bytes:95
12:27:20.0 (3246746)|VARIABLE_SCOPE_BEGIN|[19]|stg|String|false|false
12:27:20.0 (3255615)|VARIABLE_ASSIGNMENT|[19]|stg|" RAL-kvalitet: gode  (75 more) ..."
12:27:20.0 (3260420)|STATEMENT_EXECUTE|[19]
12:27:20.0 (3262088)|STATEMENT_EXECUTE|[20]
12:27:20.0 (3265578)|HEAP_ALLOCATE|[20]|Bytes:104
12:27:20.0 (3270037)|HEAP_ALLOCATE|[20]|Bytes:201
12:27:20.0 (3276437)|VARIABLE_ASSIGNMENT|[20]|textoFinal|"\u003Cli\u003EFyrfadslys \u003C/li\u003E (181 more) ..."
12:27:20.0 (3285011)|HEAP_ALLOCATE|[19]|Bytes:5
12:27:20.0 (3292101)|HEAP_ALLOCATE|[19]|Bytes:17
12:27:20.0 (3296546)|VARIABLE_SCOPE_BEGIN|[19]|stg|String|false|false
12:27:20.0 (3304701)|VARIABLE_ASSIGNMENT|[19]|stg|" [Nur für RO&#124;GR] "
12:27:20.0 (3309636)|STATEMENT_EXECUTE|[19]
12:27:20.0 (3311529)|STATEMENT_EXECUTE|[20]
12:27:20.0 (3316447)|HEAP_ALLOCATE|[20]|Bytes:26
12:27:20.0 (3322778)|HEAP_ALLOCATE|[20]|Bytes:227
12:27:20.0 (3329547)|VARIABLE_ASSIGNMENT|[20]|textoFinal|"\u003Cli\u003EFyrfadslys \u003C/li\u003E (207 more) ..."
12:27:20.0 (3337921)|HEAP_ALLOCATE|[19]|Bytes:5
12:27:20.0 (3344419)|HEAP_ALLOCATE|[19]|Bytes:41
12:27:20.0 (3348921)|VARIABLE_SCOPE_BEGIN|[19]|stg|String|false|false
12:27:20.0 (3357328)|VARIABLE_ASSIGNMENT|[19]|stg|" Materiale: 60% plan (21 more) ..."
12:27:20.0 (3361729)|STATEMENT_EXECUTE|[19]
12:27:20.0 (3363380)|STATEMENT_EXECUTE|[20]
12:27:20.0 (3366974)|HEAP_ALLOCATE|[20]|Bytes:50
12:27:20.0 (3371095)|HEAP_ALLOCATE|[20]|Bytes:277
12:27:20.0 (3378360)|VARIABLE_ASSIGNMENT|[20]|textoFinal|"\u003Cli\u003EFyrfadslys \u003C/li\u003E (257 more) ..."
12:27:20.0 (3392414)|HEAP_ALLOCATE|[19]|Bytes:5
12:27:20.0 (3399532)|HEAP_ALLOCATE|[19]|Bytes:8
12:27:20.0 (3404084)|VARIABLE_SCOPE_BEGIN|[19]|stg|String|false|false
12:27:20.0 (3412312)|VARIABLE_ASSIGNMENT|[19]|stg|" [alle] "
12:27:20.0 (3416991)|STATEMENT_EXECUTE|[19]
12:27:20.0 (3418709)|STATEMENT_EXECUTE|[20]
12:27:20.0 (3422389)|HEAP_ALLOCATE|[20]|Bytes:17
12:27:20.0 (3426607)|HEAP_ALLOCATE|[20]|Bytes:294
12:27:20.0 (3432902)|VARIABLE_ASSIGNMENT|[20]|textoFinal|"\u003Cli\u003EFyrfadslys \u003C/li\u003E (274 more) ..."
12:27:20.0 (3445234)|HEAP_ALLOCATE|[19]|Bytes:5
12:27:20.0 (3451968)|HEAP_ALLOCATE|[19]|Bytes:101
12:27:20.0 (3456458)|VARIABLE_SCOPE_BEGIN|[19]|stg|String|false|false
12:27:20.0 (3464745)|VARIABLE_ASSIGNMENT|[19]|stg|" [Lieferantenadresse (81 more) ..."
12:27:20.0 (3469406)|STATEMENT_EXECUTE|[19]
12:27:20.0 (3471095)|STATEMENT_EXECUTE|[20]
12:27:20.0 (3474699)|HEAP_ALLOCATE|[20]|Bytes:110
12:27:20.0 (3479097)|HEAP_ALLOCATE|[20]|Bytes:404
12:27:20.0 (3485541)|VARIABLE_ASSIGNMENT|[20]|textoFinal|"\u003Cli\u003EFyrfadslys \u003C/li\u003E (384 more) ..."
12:27:20.0 (3493674)|HEAP_ALLOCATE|[19]|Bytes:5
12:27:20.0 (3502443)|VARIABLE_ASSIGNMENT|[19]|stg|null
12:27:20.0 (3507220)|STATEMENT_EXECUTE|[23]
12:27:20.0 (3509860)|HEAP_ALLOCATE|[23]|Bytes:5
12:27:20.0 (3515189)|HEAP_ALLOCATE|[23]|Bytes:413
12:27:20.0 (3522184)|VARIABLE_ASSIGNMENT|[23]|textoFinal|"\u003Cul\u003E\u003Cli\u003EFyrfadslys \u003C (393 more) ..."
12:27:20.0 (3526548)|STATEMENT_EXECUTE|[24]
12:27:20.0 (3542021)|USER_DEBUG|[24]|DEBUG|<ul><li>Fyrfadslys </li><li> [optional bzw. nur für Handzettel] </li><li> Brænder i ca. 8 timer </li><li> RAL-kvalitet: gode brændeegenskaber pga. kvalitetskontrollerede materialer og indholdsstoffer </li><li> [Nur für RO&#124;GR] </li><li> Materiale: 60% plantevoks, 40% paraffin </li><li> [alle] </li><li> [Lieferantenadresse für Bulgarien? Mueller Fabryka Swiec S.A. &#124; 86-302 Grudziadz, Bialy Bór &#124; Polska</li></ul>
12:27:20.0 (3556314)|STATEMENT_EXECUTE|[26]
12:27:20.0 (3562659)|VARIABLE_ASSIGNMENT|[26]|tF|"\u003Cul\u003E\u003Cli\u003EFyrfadslys \u003C (393 more) ..."
12:27:20.0 (3567203)|STATEMENT_EXECUTE|[31]
12:27:20.0 (3571342)|SYSTEM_MODE_EXIT|false
12:27:20.0 (3579679)|METHOD_EXIT|[8]|01p1r00000B5oDJ|TextFormat.textFormat(String)
12:27:20.0 (3585979)|VARIABLE_SCOPE_BEGIN|[8]|textoSalida|String|false|false
12:27:20.0 (3595807)|VARIABLE_ASSIGNMENT|[8]|textoSalida|"\u003Cul\u003E\u003Cli\u003EFyrfadslys \u003C (393 more) ..."
12:27:20.0 (3601064)|STATEMENT_EXECUTE|[10]
12:27:20.0 (3648092)|STATEMENT_EXECUTE|[11]
12:27:20.0 (3675051)|STATEMENT_EXECUTE|[13]
12:27:20.0 (3698129)|STATEMENT_EXECUTE|[14]
12:27:20.0 (3720466)|STATEMENT_EXECUTE|[16]
12:27:20.0 (3743224)|STATEMENT_EXECUTE|[17]
12:27:20.3 (3771689)|CUMULATIVE_LIMIT_USAGE
12:27:20.3 (3771689)|LIMIT_USAGE_FOR_NS|(default)|
  Number of SOQL queries: 0 out of 100
  Number of query rows: 0 out of 50000
  Number of SOSL queries: 0 out of 20
  Number of DML statements: 0 out of 150
  Number of DML rows: 0 out of 10000
  Maximum CPU time: 0 out of 10000
  Maximum heap size: 0 out of 6000000
  Number of callouts: 0 out of 100
  Number of Email Invocations: 0 out of 10
  Number of future calls: 0 out of 50
  Number of queueable jobs added to the queue: 0 out of 50
  Number of Mobile Apex push calls: 0 out of 10

12:27:20.3 (3771689)|CUMULATIVE_LIMIT_USAGE_END

12:27:20.0 (3815255)|CODE_UNIT_FINISHED|TestTextFormat.testTextFormat
12:27:20.0 (5157271)|EXECUTION_FINISHED
12:27:20.43 (43403912)|USER_INFO|[EXTERNAL]|0051r000007Oz5Q|lydia.abril@gmail.com|hora estándar de Europa central|GMT+02:00
12:27:20.43 (43423705)|EXECUTION_STARTED
12:27:20.43 (43428080)|CODE_UNIT_STARTED|[EXTERNAL]|01p1r00000B5oTv|TestTextFormat.testTextFormatNull
12:27:20.43 (43594546)|HEAP_ALLOCATE|[72]|Bytes:3
12:27:20.43 (43632456)|HEAP_ALLOCATE|[77]|Bytes:152
12:27:20.43 (43646943)|HEAP_ALLOCATE|[342]|Bytes:408
12:27:20.43 (43661834)|HEAP_ALLOCATE|[355]|Bytes:408
12:27:20.43 (43674370)|HEAP_ALLOCATE|[467]|Bytes:48
12:27:20.43 (43700708)|HEAP_ALLOCATE|[139]|Bytes:6
12:27:20.43 (43714621)|HEAP_ALLOCATE|[EXTERNAL]|Bytes:27
12:27:20.43 (43724342)|METHOD_ENTRY|[2]|01p1r00000B5oTv|TestTextFormat.TestTextFormat()
12:27:20.43 (43731817)|STATEMENT_EXECUTE|[2]
12:27:20.43 (43737312)|STATEMENT_EXECUTE|[2]
12:27:20.43 (43741509)|METHOD_EXIT|[2]|TestTextFormat
12:27:20.43 (43800185)|HEAP_ALLOCATE|[50]|Bytes:5
12:27:20.43 (43829474)|HEAP_ALLOCATE|[56]|Bytes:5
12:27:20.43 (43842010)|HEAP_ALLOCATE|[64]|Bytes:7
12:27:20.43 (43889459)|STATEMENT_EXECUTE|[20]
12:27:20.43 (43893560)|STATEMENT_EXECUTE|[22]
12:27:20.43 (43901597)|VARIABLE_SCOPE_BEGIN|[22]|texto|String|false|false
12:27:20.43 (43928430)|VARIABLE_ASSIGNMENT|[22]|texto|null
12:27:20.43 (43935830)|STATEMENT_EXECUTE|[24]
12:27:20.43 (43947049)|HEAP_ALLOCATE|[24]|Bytes:1
12:27:20.43 (43953657)|HEAP_ALLOCATE|[24]|Bytes:5
12:27:20.43 (43962090)|METHOD_ENTRY|[1]|01p1r00000B5oDJ|TextFormat.TextFormat()
12:27:20.43 (43968890)|STATEMENT_EXECUTE|[1]
12:27:20.43 (43972709)|STATEMENT_EXECUTE|[1]
12:27:20.43 (44392934)|SYSTEM_MODE_ENTER|false
12:27:20.43 (44415124)|HEAP_ALLOCATE|[24]|Bytes:5
12:27:20.43 (44427103)|SYSTEM_MODE_EXIT|false
12:27:20.43 (44440539)|METHOD_EXIT|[1]|TextFormat
12:27:20.43 (44455374)|METHOD_ENTRY|[24]|01p1r00000B5oDJ|TextFormat.textFormat(String)
12:27:20.43 (44479535)|VARIABLE_SCOPE_BEGIN|[3]|texto|String|false|false
12:27:20.43 (44493490)|VARIABLE_ASSIGNMENT|[3]|texto|null
12:27:20.43 (44525596)|SYSTEM_MODE_ENTER|false
12:27:20.43 (44533410)|HEAP_ALLOCATE|[5]|Bytes:5
12:27:20.43 (44540956)|STATEMENT_EXECUTE|[3]
12:27:20.43 (44544341)|STATEMENT_EXECUTE|[5]
12:27:20.43 (44550970)|VARIABLE_SCOPE_BEGIN|[5]|tF|String|false|false
12:27:20.43 (44567388)|VARIABLE_ASSIGNMENT|[5]|tF|""
12:27:20.43 (44574935)|STATEMENT_EXECUTE|[9]
12:27:20.43 (44577549)|STATEMENT_EXECUTE|[31]
12:27:20.43 (44581459)|SYSTEM_MODE_EXIT|false
12:27:20.43 (44592463)|METHOD_EXIT|[24]|01p1r00000B5oDJ|TextFormat.textFormat(String)
12:27:20.43 (44601003)|VARIABLE_SCOPE_BEGIN|[24]|textoSalida|String|false|false
12:27:20.43 (44613018)|VARIABLE_ASSIGNMENT|[24]|textoSalida|""
12:27:20.44 (44624875)|CUMULATIVE_LIMIT_USAGE
12:27:20.44 (44624875)|LIMIT_USAGE_FOR_NS|(default)|
  Number of SOQL queries: 0 out of 100
  Number of query rows: 0 out of 50000
  Number of SOSL queries: 0 out of 20
  Number of DML statements: 0 out of 150
  Number of DML rows: 0 out of 10000
  Maximum CPU time: 0 out of 10000
  Maximum heap size: 0 out of 6000000
  Number of callouts: 0 out of 100
  Number of Email Invocations: 0 out of 10
  Number of future calls: 0 out of 50
  Number of queueable jobs added to the queue: 0 out of 50
  Number of Mobile Apex push calls: 0 out of 10

12:27:20.44 (44624875)|CUMULATIVE_LIMIT_USAGE_END

12:27:20.43 (44664722)|CODE_UNIT_FINISHED|TestTextFormat.testTextFormatNull
12:27:20.43 (45837058)|EXECUTION_FINISHED
