36.0 APEX_CODE,FINEST;APEX_PROFILING,INFO;CALLOUT,INFO;DB,INFO;SYSTEM,DEBUG;VALIDATION,INFO;VISUALFORCE,INFO;WAVE,INFO;WORKFLOW,INFO
08:49:15.0 (679992)|USER_INFO|[EXTERNAL]|0051r000007Oz5Q|lydia.abril@gmail.com|hora estándar de Europa central|GMT+02:00
08:49:15.0 (729452)|EXECUTION_STARTED
08:49:15.0 (734370)|CODE_UNIT_STARTED|[EXTERNAL]|01p1r000009p7mK|EventTest.testCrearEvento
08:49:15.0 (963378)|HEAP_ALLOCATE|[72]|Bytes:3
08:49:15.0 (996652)|HEAP_ALLOCATE|[77]|Bytes:152
08:49:15.0 (1013048)|HEAP_ALLOCATE|[342]|Bytes:408
08:49:15.0 (1030521)|HEAP_ALLOCATE|[355]|Bytes:408
08:49:15.0 (1043499)|HEAP_ALLOCATE|[467]|Bytes:48
08:49:15.0 (1069288)|HEAP_ALLOCATE|[139]|Bytes:6
08:49:15.0 (1083272)|HEAP_ALLOCATE|[EXTERNAL]|Bytes:89
08:49:15.0 (1122903)|METHOD_ENTRY|[2]|01p1r000009p7mK|EventTest.EventTest()
08:49:15.0 (1133482)|STATEMENT_EXECUTE|[2]
08:49:15.0 (1138985)|STATEMENT_EXECUTE|[2]
08:49:15.0 (1143735)|METHOD_EXIT|[2]|EventTest
08:49:15.0 (1374120)|HEAP_ALLOCATE|[50]|Bytes:5
08:49:15.0 (1395076)|HEAP_ALLOCATE|[56]|Bytes:5
08:49:15.0 (1404662)|HEAP_ALLOCATE|[64]|Bytes:7
08:49:15.0 (1439414)|STATEMENT_EXECUTE|[4]
08:49:15.0 (1442051)|STATEMENT_EXECUTE|[6]
08:49:15.0 (1483251)|HEAP_ALLOCATE|[6]|Bytes:4
08:49:15.0 (1554442)|HEAP_ALLOCATE|[6]|Bytes:11
08:49:15.0 (1607466)|VARIABLE_ASSIGNMENT|[6]|this.Name|"CuentaPadre"|0x7ba22cf0
08:49:15.0 (1669195)|HEAP_ALLOCATE|[7]|Bytes:4
08:49:15.0 (1724896)|VARIABLE_ASSIGNMENT|[6]|this.Fecha_ultima_actividad_mas_reciente__c|"2018-01-11T00:00:00.000Z"|0x7ba22cf0
08:49:15.0 (1755235)|VARIABLE_SCOPE_BEGIN|[6]|oAccountParent|Account|true|false
08:49:15.0 (1782499)|VARIABLE_ASSIGNMENT|[6]|oAccountParent|{"Name":"CuentaPadre","Fecha_ultima_activid (18 more) ...":"2018-01-11T00:00:00.000Z"}|0x7ba22cf0
08:49:15.0 (1790151)|STATEMENT_EXECUTE|[8]
08:49:15.0 (1809464)|HEAP_ALLOCATE|[8]|Bytes:8
08:49:15.0 (1821660)|DML_BEGIN|[8]|Op:Insert|Type:Account|Rows:1
08:49:15.0 (1849791)|HEAP_ALLOCATE|[EXTERNAL]|Bytes:8
08:49:15.0 (11245660)|CODE_UNIT_STARTED|[EXTERNAL]|DuplicateDetector
08:49:15.0 (11269206)|DUPLICATE_DETECTION_BEGIN
08:49:15.0 (11817124)|DUPLICATE_DETECTION_RULE_INVOCATION|DuplicateRuleId:0Bm1r0000018X88|DuplicateRuleName:Standard Account Duplicate Rule|DmlType:INSERT
08:49:15.0 (30022543)|DUPLICATE_DETECTION_MATCH_INVOCATION_DETAILS|EntityType:Account|ActionTaken:Allow_[Alert,Report]|DuplicateRecordIds:
08:49:15.0 (30048431)|DUPLICATE_DETECTION_MATCH_INVOCATION_SUMMARY|EntityType:Account|NumRecordsToBeSaved:1|NumRecordsToBeSavedWithDuplicates:0|NumDuplicateRecordsFound:0
08:49:15.0 (30177813)|DUPLICATE_DETECTION_END
08:49:15.0 (30184970)|CODE_UNIT_FINISHED|DuplicateDetector
08:49:15.0 (60324717)|DML_END|[8]
08:49:15.0 (60352946)|STATEMENT_EXECUTE|[10]
08:49:15.0 (60375186)|HEAP_ALLOCATE|[10]|Bytes:4
08:49:15.0 (60395741)|HEAP_ALLOCATE|[10]|Bytes:6
08:49:15.0 (60445849)|VARIABLE_ASSIGNMENT|[10]|this.Name|"Cuenta"|0x78bc8f6c
08:49:15.0 (60498227)|VARIABLE_ASSIGNMENT|[10]|this.ParentId|"0011r00001nogfPAAQ"|0x78bc8f6c
08:49:15.0 (60572227)|HEAP_ALLOCATE|[12]|Bytes:4
08:49:15.0 (60624664)|VARIABLE_ASSIGNMENT|[10]|this.Fecha_ultima_actividad_mas_reciente__c|"2018-01-11T00:00:00.000Z"|0x78bc8f6c
08:49:15.0 (60653295)|VARIABLE_SCOPE_BEGIN|[10]|oAccount|Account|true|false
08:49:15.0 (60682983)|VARIABLE_ASSIGNMENT|[10]|oAccount|{"Name":"Cuenta","ParentId":"0011r00001nogfPAAQ","Fecha_ultima_activid (18 more) ...":"2018-01-11T00:00:00.000Z"}|0x78bc8f6c
08:49:15.0 (60691597)|STATEMENT_EXECUTE|[13]
08:49:15.0 (60706538)|HEAP_ALLOCATE|[13]|Bytes:8
08:49:15.0 (60717572)|DML_BEGIN|[13]|Op:Insert|Type:Account|Rows:1
08:49:15.0 (60751265)|HEAP_ALLOCATE|[EXTERNAL]|Bytes:8
08:49:15.0 (64915655)|CODE_UNIT_STARTED|[EXTERNAL]|DuplicateDetector
08:49:15.0 (64933676)|DUPLICATE_DETECTION_BEGIN
08:49:15.0 (64980428)|DUPLICATE_DETECTION_RULE_INVOCATION|DuplicateRuleId:0Bm1r0000018X88|DuplicateRuleName:Standard Account Duplicate Rule|DmlType:INSERT
08:49:15.0 (76164638)|DUPLICATE_DETECTION_MATCH_INVOCATION_DETAILS|EntityType:Account|ActionTaken:Allow_[Alert,Report]|DuplicateRecordIds:
08:49:15.0 (76195685)|DUPLICATE_DETECTION_MATCH_INVOCATION_SUMMARY|EntityType:Account|NumRecordsToBeSaved:1|NumRecordsToBeSavedWithDuplicates:0|NumDuplicateRecordsFound:0
08:49:15.0 (76306047)|DUPLICATE_DETECTION_END
08:49:15.0 (76311418)|CODE_UNIT_FINISHED|DuplicateDetector
08:49:15.0 (88193526)|DML_END|[13]
08:49:15.0 (88223324)|STATEMENT_EXECUTE|[15]
08:49:15.0 (88273707)|HEAP_ALLOCATE|[15]|Bytes:4
08:49:15.0 (88357814)|HEAP_ALLOCATE|[15]|Bytes:11
08:49:15.0 (88407391)|VARIABLE_ASSIGNMENT|[15]|this.Name|"Oportunidad"|0x280ddff7
08:49:15.0 (88478744)|HEAP_ALLOCATE|[16]|Bytes:4
08:49:15.0 (88530086)|VARIABLE_ASSIGNMENT|[15]|this.CloseDate|"2020-01-11T00:00:00.000Z"|0x280ddff7
08:49:15.0 (88539287)|HEAP_ALLOCATE|[17]|Bytes:11
08:49:15.0 (88556189)|VARIABLE_ASSIGNMENT|[15]|this.StageName|"Prospecting"|0x280ddff7
08:49:15.0 (88589358)|VARIABLE_ASSIGNMENT|[15]|this.AccountId|"0011r00001nogfQAAQ"|0x280ddff7
08:49:15.0 (88617261)|VARIABLE_SCOPE_BEGIN|[15]|oOpportunity|Opportunity|true|false
08:49:15.0 (88646279)|VARIABLE_ASSIGNMENT|[15]|oOpportunity|{"Name":"Oportunidad","CloseDate":"2020-01-11T00:00:00.000Z","StageName":"Prospecting","AccountId":"0011r00001nogfQAAQ"}|0x280ddff7
08:49:15.0 (88656089)|STATEMENT_EXECUTE|[19]
08:49:15.0 (88672015)|HEAP_ALLOCATE|[19]|Bytes:8
08:49:15.0 (88683705)|DML_BEGIN|[19]|Op:Insert|Type:Opportunity|Rows:1
08:49:15.0 (88733973)|HEAP_ALLOCATE|[EXTERNAL]|Bytes:8
08:49:15.0 (121564234)|CODE_UNIT_STARTED|[EXTERNAL]|01q1r000000Bcgl|ClosedOpportunityTrigger on Opportunity trigger event AfterInsert
08:49:15.0 (121607366)|HEAP_ALLOCATE|[EXTERNAL]|Bytes:8
08:49:15.0 (121831306)|HEAP_ALLOCATE|[EXTERNAL]|Bytes:8
08:49:15.0 (121851222)|VARIABLE_SCOPE_BEGIN|[1]|this|ClosedOpportunityTrigger|true|false
08:49:15.0 (121934995)|VARIABLE_ASSIGNMENT|[1]|this|{}|0x1133c50a
08:49:15.0 (121992053)|HEAP_ALLOCATE|[EXTERNAL]|Bytes:8
08:49:15.0 (122117701)|VARIABLE_SCOPE_BEGIN|[1]|this|ClosedOpportunityTrigger|true|false
08:49:15.0 (122136177)|VARIABLE_ASSIGNMENT|[1]|this|{}|0x1133c50a
08:49:15.0 (122147158)|STATEMENT_EXECUTE|[1]
08:49:15.0 (122149812)|STATEMENT_EXECUTE|[3]
08:49:15.0 (122211728)|HEAP_ALLOCATE|[3]|Bytes:4
08:49:15.0 (122327725)|HEAP_ALLOCATE|[EXTERNAL]|Bytes:4
08:49:15.0 (122342196)|VARIABLE_ASSIGNMENT|[3]|this.taskList|[]|0x1133c50a
08:49:15.0 (122351853)|HEAP_ALLOCATE|[5]|Bytes:89
08:49:15.0 (122366395)|HEAP_ALLOCATE|[5]|Bytes:4
08:49:15.0 (122374965)|HEAP_ALLOCATE|[5]|Bytes:7
08:49:15.0 (122629140)|SOQL_EXECUTE_BEGIN|[5]|Aggregations:0|SELECT Id, StageName FROM Opportunity 
08:49:15.0 (127350449)|SOQL_EXECUTE_END|[5]|Rows:0
08:49:15.0 (127508552)|HEAP_ALLOCATE|[5]|Bytes:54
08:49:15.0 (127518711)|HEAP_ALLOCATE|[5]|Bytes:8
08:49:15.0 (127551164)|SYSTEM_METHOD_ENTRY|[7]|QueryLocatorIterator.QueryLocatorIterator()
08:49:15.0 (127557417)|STATEMENT_EXECUTE|[7]
08:49:15.0 (127566022)|SYSTEM_METHOD_EXIT|[7]|QueryLocatorIterator
08:49:15.0 (127573322)|HEAP_ALLOCATE|[5]|Bytes:28
08:49:15.0 (127587930)|HEAP_ALLOCATE|[5]|Bytes:8
08:49:15.0 (127592118)|HEAP_ALLOCATE|[5]|Bytes:8
08:49:15.0 (127598840)|VARIABLE_SCOPE_BEGIN|[15]|this|Database.QueryLocatorIterator|true|false
08:49:15.0 (127649850)|VARIABLE_ASSIGNMENT|[15]|this|{}|0x109ff3d7
08:49:15.0 (127657765)|VARIABLE_SCOPE_BEGIN|[15]|values|List<SObject>|true|false
08:49:15.0 (127667178)|VARIABLE_ASSIGNMENT|[15]|values|null|
08:49:15.0 (127671570)|VARIABLE_SCOPE_BEGIN|[15]|ql|Database.QueryLocator|true|false
08:49:15.0 (127700998)|VARIABLE_ASSIGNMENT|[15]|ql|{"query":"SELECT Id, StageName (69 more) ..."}|0x67999f9d
08:49:15.0 (127706856)|VARIABLE_SCOPE_BEGIN|[15]|totalNumRecords|Integer|false|false
08:49:15.0 (127716233)|VARIABLE_ASSIGNMENT|[15]|totalNumRecords|0
08:49:15.0 (127721375)|VARIABLE_SCOPE_BEGIN|[15]|queryMoreSize|Integer|false|false
08:49:15.0 (127727871)|VARIABLE_ASSIGNMENT|[15]|queryMoreSize|50000
08:49:15.0 (127818578)|HEAP_ALLOCATE|[5]|Bytes:28
08:49:15.0 (127864996)|METHOD_ENTRY|[5]||Database.QueryLocatorIterator.hasNext()
08:49:15.0 (127893003)|METHOD_EXIT|[5]||Database.QueryLocatorIterator.hasNext()
08:49:15.0 (127904435)|VARIABLE_ASSIGNMENT|[5]|opp|null|
08:49:15.0 (127911013)|STATEMENT_EXECUTE|[5]
08:49:15.0 (127958199)|STATEMENT_EXECUTE|[12]
08:49:15.127 (127964608)|CUMULATIVE_LIMIT_USAGE
08:49:15.127 (127964608)|LIMIT_USAGE_FOR_NS|(default)|
  Number of SOQL queries: 1 out of 100
  Number of query rows: 0 out of 50000
  Number of SOSL queries: 0 out of 20
  Number of DML statements: 3 out of 150
  Number of DML rows: 3 out of 10000
  Maximum CPU time: 0 out of 10000
  Maximum heap size: 0 out of 6000000
  Number of callouts: 0 out of 100
  Number of Email Invocations: 0 out of 10
  Number of future calls: 0 out of 50
  Number of queueable jobs added to the queue: 0 out of 50
  Number of Mobile Apex push calls: 0 out of 10

08:49:15.127 (127964608)|CUMULATIVE_LIMIT_USAGE_END

08:49:15.0 (128809864)|CODE_UNIT_FINISHED|ClosedOpportunityTrigger on Opportunity trigger event AfterInsert
08:49:15.0 (129987628)|DML_END|[19]
08:49:15.0 (130006097)|STATEMENT_EXECUTE|[23]
08:49:15.0 (130067675)|HEAP_ALLOCATE|[23]|Bytes:4
08:49:15.0 (130125342)|VARIABLE_SCOPE_BEGIN|[23]|listEvent|List<Event>|true|false
08:49:15.0 (130141237)|HEAP_ALLOCATE|[EXTERNAL]|Bytes:4
08:49:15.0 (130157435)|VARIABLE_ASSIGNMENT|[23]|listEvent|[]|0x17fe1a7b
08:49:15.0 (130165751)|STATEMENT_EXECUTE|[25]
08:49:15.0 (130186204)|HEAP_ALLOCATE|[25]|Bytes:4
08:49:15.0 (130254018)|HEAP_ALLOCATE|[25]|Bytes:5
08:49:15.0 (130300759)|VARIABLE_ASSIGNMENT|[25]|this.Subject|"Event"|0x78104218
08:49:15.0 (130321662)|VARIABLE_ASSIGNMENT|[25]|this.IsAllDayEvent|true|0x78104218
08:49:15.0 (130357567)|VARIABLE_ASSIGNMENT|[25]|this.WhatId|"0011r00001nogfQAAQ"|0x78104218
08:49:15.0 (130423183)|HEAP_ALLOCATE|[28]|Bytes:56
08:49:15.0 (130472611)|VARIABLE_ASSIGNMENT|[25]|this.ActivityDateTime|"2020-01-10T23:00:00.000Z"|0x78104218
08:49:15.0 (130499578)|VARIABLE_SCOPE_BEGIN|[25]|oEvent|Event|true|false
08:49:15.0 (130522659)|VARIABLE_ASSIGNMENT|[25]|oEvent|{"Subject":"Event","IsAllDayEvent":true,"WhatId":"0011r00001nogfQAAQ","ActivityDateTime":"2020-01-10T23:00:00.000Z"}|0x78104218
08:49:15.0 (130531435)|STATEMENT_EXECUTE|[30]
08:49:15.0 (130564390)|HEAP_ALLOCATE|[EXTERNAL]|Bytes:4
08:49:15.0 (130573966)|STATEMENT_EXECUTE|[32]
08:49:15.0 (130611728)|DML_BEGIN|[32]|Op:Insert|Type:Event|Rows:1
08:49:15.0 (130638682)|HEAP_ALLOCATE|[EXTERNAL]|Bytes:8
08:49:15.0 (133950967)|DML_END|[32]
08:49:15.0 (134042568)|VF_PAGE_MESSAGE|Required fields are missing: [ActivityDate]
08:49:15.0 (134136903)|EXCEPTION_THROWN|[32]|System.DmlException: Insert failed. First exception on row 0; first error: REQUIRED_FIELD_MISSING, Required fields are missing: [ActivityDate]: [ActivityDate]
08:49:15.0 (134476897)|HEAP_ALLOCATE|[32]|Bytes:141
08:49:15.0 (134566077)|FATAL_ERROR|System.DmlException: Insert failed. First exception on row 0; first error: REQUIRED_FIELD_MISSING, Required fields are missing: [ActivityDate]: [ActivityDate]

Class.EventTest.testCrearEvento: line 32, column 1
08:49:15.0 (134580356)|FATAL_ERROR|System.DmlException: Insert failed. First exception on row 0; first error: REQUIRED_FIELD_MISSING, Required fields are missing: [ActivityDate]: [ActivityDate]

Class.EventTest.testCrearEvento: line 32, column 1
08:49:15.134 (134588038)|CUMULATIVE_LIMIT_USAGE
08:49:15.134 (134588038)|LIMIT_USAGE_FOR_NS|(default)|
  Number of SOQL queries: 1 out of 100
  Number of query rows: 0 out of 50000
  Number of SOSL queries: 0 out of 20
  Number of DML statements: 4 out of 150
  Number of DML rows: 4 out of 10000
  Maximum CPU time: 0 out of 10000
  Maximum heap size: 0 out of 6000000
  Number of callouts: 0 out of 100
  Number of Email Invocations: 0 out of 10
  Number of future calls: 0 out of 50
  Number of queueable jobs added to the queue: 0 out of 50
  Number of Mobile Apex push calls: 0 out of 10

08:49:15.134 (134588038)|CUMULATIVE_LIMIT_USAGE_END

08:49:15.0 (134621786)|CODE_UNIT_FINISHED|EventTest.testCrearEvento
08:49:15.0 (135566203)|EXECUTION_FINISHED
08:49:15.233 (233861161)|USER_INFO|[EXTERNAL]|0051r000007Oz5Q|lydia.abril@gmail.com|hora estándar de Europa central|GMT+02:00
08:49:15.233 (233885189)|EXECUTION_STARTED
08:49:15.233 (233889568)|CODE_UNIT_STARTED|[EXTERNAL]|DuplicateDetector
08:49:15.233 (233907462)|DUPLICATE_DETECTION_BEGIN
08:49:15.233 (233961322)|DUPLICATE_DETECTION_RULE_INVOCATION|DuplicateRuleId:0Bm1r0000018X88|DuplicateRuleName:Standard Account Duplicate Rule|DmlType:INSERT
08:49:15.233 (242679459)|DUPLICATE_DETECTION_END
08:49:15.233 (242691804)|CODE_UNIT_FINISHED|DuplicateDetector
08:49:15.233 (243533218)|EXECUTION_FINISHED
