36.0 APEX_CODE,FINEST;APEX_PROFILING,INFO;CALLOUT,INFO;DB,INFO;SYSTEM,DEBUG;VALIDATION,INFO;VISUALFORCE,INFO;WAVE,INFO;WORKFLOW,INFO
13:45:44.0 (127101)|USER_INFO|[EXTERNAL]|0051r000007Oz5Q|lydia.abril@gmail.com|hora estándar de Europa central|GMT+02:00
13:45:44.0 (180023)|EXECUTION_STARTED
13:45:44.0 (185866)|CODE_UNIT_STARTED|[EXTERNAL]|TRIGGERS
13:45:44.0 (962147)|CODE_UNIT_STARTED|[EXTERNAL]|01q1r000000j8Jg|AccountTrigger on Account trigger event BeforeUpdate
13:45:44.0 (1018981)|HEAP_ALLOCATE|[EXTERNAL]|Bytes:8
13:45:44.0 (1055202)|HEAP_ALLOCATE|[EXTERNAL]|Bytes:8
13:45:44.0 (1511923)|HEAP_ALLOCATE|[72]|Bytes:3
13:45:44.0 (1563615)|HEAP_ALLOCATE|[77]|Bytes:152
13:45:44.0 (1588445)|HEAP_ALLOCATE|[342]|Bytes:408
13:45:44.0 (1610949)|HEAP_ALLOCATE|[355]|Bytes:408
13:45:44.0 (1630781)|HEAP_ALLOCATE|[467]|Bytes:48
13:45:44.0 (1670976)|HEAP_ALLOCATE|[139]|Bytes:6
13:45:44.0 (1832821)|HEAP_ALLOCATE|[EXTERNAL]|Bytes:12
13:45:44.0 (1854962)|VARIABLE_SCOPE_BEGIN|[1]|this|AccountTrigger|true|false
13:45:44.0 (1991927)|VARIABLE_ASSIGNMENT|[1]|this|{}|0x7abfc1ac
13:45:44.0 (2083627)|HEAP_ALLOCATE|[EXTERNAL]|Bytes:12
13:45:44.0 (2174686)|VARIABLE_SCOPE_BEGIN|[1]|this|AccountTrigger|true|false
13:45:44.0 (2200825)|VARIABLE_ASSIGNMENT|[1]|this|{}|0x7abfc1ac
13:45:44.0 (2217751)|STATEMENT_EXECUTE|[1]
13:45:44.0 (2221745)|STATEMENT_EXECUTE|[3]
13:45:44.0 (2261803)|HEAP_ALLOCATE|[50]|Bytes:5
13:45:44.0 (2295074)|HEAP_ALLOCATE|[56]|Bytes:5
13:45:44.0 (2311337)|HEAP_ALLOCATE|[64]|Bytes:7
13:45:44.0 (3421659)|VARIABLE_ASSIGNMENT|[3]|this.listNew|[{"ParentId":"0011r00001mvH7mAAE","LastModifiedDate":"2018-04-16T06:13:39.000Z","IsDeleted":false,"Fecha_ultima_activid (18 more) ...":"2018-04-17T00:00:00.000Z","SystemModstamp":"2018-04-16T15:26:46.000Z","Name":"prueba","CleanStatus":"Pending","OwnerId":"0051r000007Oz5QAAS","CreatedById":"0051r000007Oz5QAAS","Match_Billing_Addres (4 more) ...":false,"LastActivityDate":"2048-04-01T00:00:00.000Z","CreatedDate":"2018-04-12T09:07:46.000Z","Id":"0011r00001nnRDqAAM","LastModifiedById":"0051r000007Oz5QAAS"}]|0x7abfc1ac
13:45:44.0 (3447912)|STATEMENT_EXECUTE|[5]
13:45:44.0 (4109738)|VARIABLE_ASSIGNMENT|[5]|this.mapOld|{"0011r00001nnRDqAAM":{"ParentId":"0011r00001mvH7mAAE","LastModifiedDate":"2018-04-16T06:13:39.000Z","IsDeleted":false,"SystemModstamp":"2018-04-16T15:26:46.000Z","Name":"prueba","CleanStatus":"Pending","OwnerId":"0051r000007Oz5QAAS","CreatedById":"0051r000007Oz5QAAS","Match_Billing_Addres (4 more) ...":false,"LastActivityDate":"2048-04-01T00:00:00.000Z","CreatedDate":"2018-04-12T09:07:46.000Z","Id":"0011r00001nnRDqAAM","LastModifiedById":"0051r000007Oz5QAAS"}}|0x7abfc1ac
13:45:44.0 (4145408)|STATEMENT_EXECUTE|[7]
13:45:44.0 (4155157)|STATEMENT_EXECUTE|[8]
13:45:44.0 (4157885)|STATEMENT_EXECUTE|[9]
13:45:44.0 (8719849)|HEAP_ALLOCATE|[9]|Bytes:1
13:45:44.0 (8746282)|METHOD_ENTRY|[1]|01p1r000009p8Bf|AccountMethods.AccountMethods()
13:45:44.0 (8754934)|STATEMENT_EXECUTE|[1]
13:45:44.0 (8760933)|STATEMENT_EXECUTE|[1]
13:45:44.0 (9167046)|SYSTEM_MODE_ENTER|false
13:45:44.0 (9184523)|HEAP_ALLOCATE|[9]|Bytes:5
13:45:44.0 (9196442)|SYSTEM_MODE_EXIT|false
13:45:44.0 (9210231)|METHOD_EXIT|[1]|AccountMethods
13:45:44.0 (9241096)|METHOD_ENTRY|[9]|01p1r000009p8Bf|AccountMethods.ActualizarCuentaHija(List<Account>, Map<Id,Account>)
13:45:44.0 (9273970)|VARIABLE_SCOPE_BEGIN|[3]|listAccount|List<Account>|true|false
13:45:44.0 (9896450)|VARIABLE_ASSIGNMENT|[3]|listAccount|[{"ParentId":"0011r00001mvH7mAAE","LastModifiedDate":"2018-04-16T06:13:39.000Z","IsDeleted":false,"Fecha_ultima_activid (18 more) ...":"2018-04-17T00:00:00.000Z","SystemModstamp":"2018-04-16T15:26:46.000Z","Name":"prueba","CleanStatus":"Pending","OwnerId":"0051r000007Oz5QAAS","CreatedById":"0051r000007Oz5QAAS","Match_Billing_Addres (4 more) ...":false,"LastActivityDate":"2048-04-01T00:00:00.000Z","CreatedDate":"2018-04-12T09:07:46.000Z","Id":"0011r00001nnRDqAAM","LastModifiedById":"0051r000007Oz5QAAS"}]|0x7b4434c6
13:45:44.0 (9921480)|VARIABLE_SCOPE_BEGIN|[3]|mapOld|Map<Id,Account>|true|false
13:45:44.0 (10504257)|VARIABLE_ASSIGNMENT|[3]|mapOld|{"0011r00001nnRDqAAM":{"ParentId":"0011r00001mvH7mAAE","LastModifiedDate":"2018-04-16T06:13:39.000Z","IsDeleted":false,"SystemModstamp":"2018-04-16T15:26:46.000Z","Name":"prueba","CleanStatus":"Pending","OwnerId":"0051r000007Oz5QAAS","CreatedById":"0051r000007Oz5QAAS","Match_Billing_Addres (4 more) ...":false,"LastActivityDate":"2048-04-01T00:00:00.000Z","CreatedDate":"2018-04-12T09:07:46.000Z","Id":"0011r00001nnRDqAAM","LastModifiedById":"0051r000007Oz5QAAS"}}|0x56d17aff
13:45:44.0 (10541900)|SYSTEM_MODE_ENTER|false
13:45:44.0 (10552642)|HEAP_ALLOCATE|[5]|Bytes:5
13:45:44.0 (10561874)|STATEMENT_EXECUTE|[3]
13:45:44.0 (10653826)|STATEMENT_EXECUTE|[5]
13:45:44.0 (10657541)|STATEMENT_EXECUTE|[8]
13:45:44.0 (10675971)|HEAP_ALLOCATE|[8]|Bytes:4
13:45:44.0 (10715417)|VARIABLE_SCOPE_BEGIN|[8]|listAccountIds|List<String>|true|false
13:45:44.0 (10751927)|HEAP_ALLOCATE|[EXTERNAL]|Bytes:4
13:45:44.0 (10766467)|VARIABLE_ASSIGNMENT|[8]|listAccountIds|[]|0x6c110be0
13:45:44.0 (10776996)|STATEMENT_EXECUTE|[9]
13:45:44.0 (10823050)|HEAP_ALLOCATE|[9]|Bytes:4
13:45:44.0 (10861916)|VARIABLE_SCOPE_BEGIN|[9]|mapAccountParent|Map<String,Account>|true|false
13:45:44.0 (10882665)|VARIABLE_ASSIGNMENT|[9]|mapAccountParent|{}|0x36a9e0a0
13:45:44.0 (11033326)|HEAP_ALLOCATE|[11]|Bytes:5
13:45:44.0 (11056536)|HEAP_ALLOCATE|[11]|Bytes:4
13:45:44.0 (11067544)|VARIABLE_SCOPE_BEGIN|[11]|inAccount|Account|true|false
13:45:44.0 (11784840)|VARIABLE_ASSIGNMENT|[11]|inAccount|{"ParentId":"0011r00001mvH7mAAE","LastModifiedDate":"2018-04-16T06:13:39.000Z","IsDeleted":false,"Fecha_ultima_activid (18 more) ...":"2018-04-17T00:00:00.000Z","SystemModstamp":"2018-04-16T15:26:46.000Z","Name":"prueba","CleanStatus":"Pending","OwnerId":"0051r000007Oz5QAAS","CreatedById":"0051r000007Oz5QAAS","Match_Billing_Addres (4 more) ...":false,"LastActivityDate":"2048-04-01T00:00:00.000Z","CreatedDate":"2018-04-12T09:07:46.000Z","Id":"0011r00001nnRDqAAM","LastModifiedById":"0051r000007Oz5QAAS"}|0x1a7bfeec
13:45:44.0 (11809413)|STATEMENT_EXECUTE|[11]
13:45:44.0 (11841489)|STATEMENT_EXECUTE|[12]
13:45:44.0 (11860468)|HEAP_ALLOCATE|[11]|Bytes:5
13:45:44.0 (11882861)|VARIABLE_ASSIGNMENT|[11]|inAccount|null|
13:45:44.0 (11892145)|STATEMENT_EXECUTE|[19]
13:45:44.0 (11897292)|HEAP_ALLOCATE|[19]|Bytes:99
13:45:44.0 (11917886)|HEAP_ALLOCATE|[19]|Bytes:4
13:45:44.0 (11931154)|HEAP_ALLOCATE|[19]|Bytes:7
13:45:44.0 (12271799)|SOQL_EXECUTE_BEGIN|[19]|Aggregations:0|SELECT Id, Fecha_ultima_actividad_mas_reciente__c, ParentId FROM Account WHERE ParentId IN :tmpVar1
13:45:44.0 (15138612)|SOQL_EXECUTE_END|[19]|Rows:0
13:45:44.0 (15161397)|HEAP_ALLOCATE|[19]|Bytes:4
13:45:44.0 (15172471)|HEAP_ALLOCATE|[19]|Bytes:0
13:45:44.0 (15199880)|HEAP_ALLOCATE|[19]|Bytes:4
13:45:44.0 (15210741)|VARIABLE_SCOPE_BEGIN|[19]|listAccountChild|List<Account>|true|false
13:45:44.0 (15226642)|VARIABLE_ASSIGNMENT|[19]|listAccountChild|[]|0x5f9c8ab8
13:45:44.0 (15267772)|HEAP_ALLOCATE|[22]|Bytes:5
13:45:44.0 (15281399)|VARIABLE_ASSIGNMENT|[22]|inAccount|null|
13:45:44.0 (15289029)|STATEMENT_EXECUTE|[22]
13:45:44.0 (15291652)|STATEMENT_EXECUTE|[26]
13:45:44.0 (15346280)|HEAP_ALLOCATE|[EXTERNAL]|Bytes:4
13:45:44.0 (15355839)|SYSTEM_MODE_EXIT|false
13:45:44.0 (15365389)|METHOD_EXIT|[9]|01p1r000009p8Bf|AccountMethods.ActualizarCuentaHija(List<Account>, Map<Id,Account>)
13:45:44.15 (15380992)|CUMULATIVE_LIMIT_USAGE
13:45:44.15 (15380992)|LIMIT_USAGE_FOR_NS|(default)|
  Number of SOQL queries: 1 out of 100
  Number of query rows: 0 out of 50000
  Number of SOSL queries: 0 out of 20
  Number of DML statements: 0 out of 150
  Number of DML rows: 0 out of 10000
  Maximum CPU time: 0 out of 10000
  Maximum heap size: 0 out of 6000000
  Number of callouts: 0 out of 100
  Number of Email Invocations: 0 out of 10
  Number of future calls: 0 out of 50
  Number of queueable jobs added to the queue: 0 out of 50
  Number of Mobile Apex push calls: 0 out of 10

13:45:44.15 (15380992)|CUMULATIVE_LIMIT_USAGE_END

13:45:44.0 (16492660)|CODE_UNIT_FINISHED|AccountTrigger on Account trigger event BeforeUpdate
13:45:44.0 (20299895)|CODE_UNIT_STARTED|[EXTERNAL]|DuplicateDetector
13:45:44.0 (20316080)|DUPLICATE_DETECTION_BEGIN
13:45:44.0 (20393303)|DUPLICATE_DETECTION_RULE_INVOCATION|DuplicateRuleId:0Bm1r0000018X88|DuplicateRuleName:Standard Account Duplicate Rule|DmlType:UPDATE
13:45:44.0 (20433397)|DUPLICATE_DETECTION_END
13:45:44.0 (20438614)|CODE_UNIT_FINISHED|DuplicateDetector
13:45:44.0 (52342668)|CODE_UNIT_STARTED|[EXTERNAL]|DuplicateDetector
13:45:44.0 (52366170)|DUPLICATE_DETECTION_BEGIN
13:45:44.0 (52435064)|DUPLICATE_DETECTION_RULE_INVOCATION|DuplicateRuleId:0Bm1r0000018X88|DuplicateRuleName:Standard Account Duplicate Rule|DmlType:UPDATE
13:45:44.0 (63189274)|DUPLICATE_DETECTION_END
13:45:44.0 (63201383)|CODE_UNIT_FINISHED|DuplicateDetector
13:45:44.0 (129433294)|CODE_UNIT_FINISHED|TRIGGERS
13:45:44.0 (129449808)|EXECUTION_FINISHED
