36.0 APEX_CODE,FINEST;APEX_PROFILING,INFO;CALLOUT,INFO;DB,INFO;SYSTEM,DEBUG;VALIDATION,INFO;VISUALFORCE,INFO;WAVE,INFO;WORKFLOW,INFO
10:53:31.0 (77012)|USER_INFO|[EXTERNAL]|0051r000007Oz5Q|lydia.abril@gmail.com|hora estándar de Europa central|GMT+02:00
10:53:31.0 (132692)|EXECUTION_STARTED
10:53:31.0 (137696)|CODE_UNIT_STARTED|[EXTERNAL]|TRIGGERS
10:53:31.0 (886118)|CODE_UNIT_STARTED|[EXTERNAL]|01q1r000000j3dJ|PasajeroTrigger on Pasajero trigger event BeforeInsert
10:53:31.0 (932520)|HEAP_ALLOCATE|[EXTERNAL]|Bytes:8
10:53:31.0 (1317431)|HEAP_ALLOCATE|[72]|Bytes:3
10:53:31.0 (1357352)|HEAP_ALLOCATE|[77]|Bytes:152
10:53:31.0 (1371039)|HEAP_ALLOCATE|[342]|Bytes:408
10:53:31.0 (1384230)|HEAP_ALLOCATE|[355]|Bytes:408
10:53:31.0 (1395622)|HEAP_ALLOCATE|[467]|Bytes:48
10:53:31.0 (1422297)|HEAP_ALLOCATE|[139]|Bytes:6
10:53:31.0 (1446661)|HEAP_ALLOCATE|[EXTERNAL]|Bytes:8
10:53:31.0 (1453218)|VARIABLE_SCOPE_BEGIN|[1]|this|PasajeroTrigger|true|false
10:53:31.0 (1498230)|VARIABLE_ASSIGNMENT|[1]|this|{}|0x6065af7f
10:53:31.0 (1558631)|HEAP_ALLOCATE|[EXTERNAL]|Bytes:8
10:53:31.0 (1564760)|VARIABLE_SCOPE_BEGIN|[1]|this|PasajeroTrigger|true|false
10:53:31.0 (1577305)|VARIABLE_ASSIGNMENT|[1]|this|{}|0x6065af7f
10:53:31.0 (1586693)|STATEMENT_EXECUTE|[1]
10:53:31.0 (1589468)|STATEMENT_EXECUTE|[4]
10:53:31.0 (1618522)|HEAP_ALLOCATE|[50]|Bytes:5
10:53:31.0 (1652900)|HEAP_ALLOCATE|[56]|Bytes:5
10:53:31.0 (1661727)|HEAP_ALLOCATE|[64]|Bytes:7
10:53:31.0 (2111086)|VARIABLE_ASSIGNMENT|[4]|this.listNew|[{"IsDeleted":false,"Nombre_pasajero__c":"bbbbbb","Edad__c":12,"Nif__c":"11111111p","Reserva__c":"a001r00000oUEqbAAG","Name":"bbbbb"}]|0x6065af7f
10:53:31.0 (2132781)|STATEMENT_EXECUTE|[7]
10:53:31.0 (2140901)|STATEMENT_EXECUTE|[8]
10:53:31.0 (2142944)|STATEMENT_EXECUTE|[9]
10:53:31.0 (2251181)|HEAP_ALLOCATE|[9]|Bytes:7
10:53:31.0 (2258801)|HEAP_ALLOCATE|[9]|Bytes:2
10:53:31.0 (2271144)|METHOD_ENTRY|[1]|01p1r000008Zry1|PasajeroMethods.PasajeroMethods()
10:53:31.0 (2278096)|STATEMENT_EXECUTE|[1]
10:53:31.0 (2282034)|STATEMENT_EXECUTE|[1]
10:53:31.0 (2616044)|SYSTEM_MODE_ENTER|false
10:53:31.0 (2632088)|HEAP_ALLOCATE|[9]|Bytes:5
10:53:31.0 (2641081)|SYSTEM_MODE_EXIT|false
10:53:31.0 (2652415)|METHOD_EXIT|[1]|PasajeroMethods
10:53:31.0 (2667025)|METHOD_ENTRY|[9]|01p1r000008Zry1|PasajeroMethods.ValidarNif(List<Pasajero__c>)
10:53:31.0 (2686654)|VARIABLE_SCOPE_BEGIN|[65]|listNew|List<Pasajero__c>|true|false
10:53:31.0 (2792925)|VARIABLE_ASSIGNMENT|[65]|listNew|[{"IsDeleted":false,"Nombre_pasajero__c":"bbbbbb","Edad__c":12,"Nif__c":"11111111p","Reserva__c":"a001r00000oUEqbAAG","Name":"bbbbb"}]|0x6243da6e
10:53:31.0 (2813779)|SYSTEM_MODE_ENTER|false
10:53:31.0 (2820063)|HEAP_ALLOCATE|[67]|Bytes:5
10:53:31.0 (2825764)|STATEMENT_EXECUTE|[65]
10:53:31.0 (2889157)|STATEMENT_EXECUTE|[67]
10:53:31.0 (2891777)|STATEMENT_EXECUTE|[70]
10:53:31.0 (2895098)|HEAP_ALLOCATE|[70]|Bytes:30
10:53:31.0 (2914161)|HEAP_ALLOCATE|[70]|Bytes:4
10:53:31.0 (3072555)|SOQL_EXECUTE_BEGIN|[70]|Aggregations:0|SELECT Nif__c FROM Pasajero__c
10:53:31.0 (4737655)|SOQL_EXECUTE_END|[70]|Rows:3
10:53:31.0 (4760259)|HEAP_ALLOCATE|[70]|Bytes:16
10:53:31.0 (4777833)|HEAP_ALLOCATE|[70]|Bytes:144
10:53:31.0 (4805285)|HEAP_ALLOCATE|[70]|Bytes:16
10:53:31.0 (4817496)|VARIABLE_SCOPE_BEGIN|[70]|listPasajero|List<Pasajero__c>|true|false
10:53:31.0 (4839870)|VARIABLE_ASSIGNMENT|[70]|listPasajero|[{"Nif__c":"987654765","Id":"a021r00000dd60CAAQ"},{"Nif__c":"111222333","Id":"a021r00000dd5yHAAQ"},{"Nif__c":"111111111","Id":"a021r00000dd5xYAAQ"}]|0x3014b7d7
10:53:31.0 (4848113)|STATEMENT_EXECUTE|[72]
10:53:31.0 (4859709)|HEAP_ALLOCATE|[72]|Bytes:4
10:53:31.0 (4887923)|VARIABLE_SCOPE_BEGIN|[72]|listPasajeroNif|List<String>|true|false
10:53:31.0 (4909859)|HEAP_ALLOCATE|[EXTERNAL]|Bytes:4
10:53:31.0 (4919233)|VARIABLE_ASSIGNMENT|[72]|listPasajeroNif|[]|0x743cdf2f
10:53:31.0 (5035216)|HEAP_ALLOCATE|[74]|Bytes:5
10:53:31.0 (5051948)|HEAP_ALLOCATE|[74]|Bytes:12
10:53:31.0 (5060324)|VARIABLE_SCOPE_BEGIN|[74]|inPasajero|Pasajero__c|true|false
10:53:31.0 (5075488)|VARIABLE_ASSIGNMENT|[74]|inPasajero|{"Nif__c":"987654765","Id":"a021r00000dd60CAAQ"}|0x52236b1d
10:53:31.0 (5082652)|STATEMENT_EXECUTE|[74]
10:53:31.0 (5084767)|STATEMENT_EXECUTE|[75]
10:53:31.0 (5142099)|HEAP_ALLOCATE|[EXTERNAL]|Bytes:4
10:53:31.0 (5157947)|HEAP_ALLOCATE|[74]|Bytes:5
10:53:31.0 (5168394)|HEAP_ALLOCATE|[74]|Bytes:12
10:53:31.0 (5174256)|VARIABLE_SCOPE_BEGIN|[74]|inPasajero|Pasajero__c|true|false
10:53:31.0 (5187705)|VARIABLE_ASSIGNMENT|[74]|inPasajero|{"Nif__c":"111222333","Id":"a021r00000dd5yHAAQ"}|0x471cd481
10:53:31.0 (5194384)|STATEMENT_EXECUTE|[74]
10:53:31.0 (5196220)|STATEMENT_EXECUTE|[75]
10:53:31.0 (5206515)|HEAP_ALLOCATE|[EXTERNAL]|Bytes:4
10:53:31.0 (5216653)|HEAP_ALLOCATE|[74]|Bytes:5
10:53:31.0 (5224441)|HEAP_ALLOCATE|[74]|Bytes:12
10:53:31.0 (5229236)|VARIABLE_SCOPE_BEGIN|[74]|inPasajero|Pasajero__c|true|false
10:53:31.0 (5239232)|VARIABLE_ASSIGNMENT|[74]|inPasajero|{"Nif__c":"111111111","Id":"a021r00000dd5xYAAQ"}|0x554bbeea
10:53:31.0 (5244804)|STATEMENT_EXECUTE|[74]
10:53:31.0 (5247302)|STATEMENT_EXECUTE|[75]
10:53:31.0 (5254526)|HEAP_ALLOCATE|[EXTERNAL]|Bytes:4
10:53:31.0 (5264006)|HEAP_ALLOCATE|[74]|Bytes:5
10:53:31.0 (5273474)|VARIABLE_ASSIGNMENT|[74]|inPasajero|null|
10:53:31.0 (5296616)|HEAP_ALLOCATE|[79]|Bytes:5
10:53:31.0 (5307429)|HEAP_ALLOCATE|[79]|Bytes:4
10:53:31.0 (5312664)|VARIABLE_SCOPE_BEGIN|[79]|inPasajero|Pasajero__c|true|false
10:53:31.0 (5443085)|VARIABLE_ASSIGNMENT|[79]|inPasajero|{"IsDeleted":false,"Nombre_pasajero__c":"bbbbbb","Edad__c":12,"Nif__c":"11111111p","Reserva__c":"a001r00000oUEqbAAG","Name":"bbbbb"}|0x2dd32464
10:53:31.0 (5452296)|STATEMENT_EXECUTE|[79]
10:53:31.0 (5454370)|STATEMENT_EXECUTE|[81]
10:53:31.0 (5501033)|HEAP_ALLOCATE|[81]|Bytes:8
10:53:31.0 (5514452)|VARIABLE_SCOPE_BEGIN|[81]|numerosNif|String|false|false
10:53:31.0 (5524166)|VARIABLE_ASSIGNMENT|[81]|numerosNif|"11111111"
10:53:31.0 (5529519)|STATEMENT_EXECUTE|[83]
10:53:31.0 (5554499)|VARIABLE_SCOPE_BEGIN|[83]|letraNif|String|false|false
10:53:31.0 (5564352)|VARIABLE_ASSIGNMENT|[83]|letraNif|""
10:53:31.0 (5636977)|STATEMENT_EXECUTE|[89]
10:53:31.0 (5639323)|STATEMENT_EXECUTE|[90]
10:53:31.0 (5642999)|HEAP_ALLOCATE|[90]|Bytes:22
10:53:31.0 (5653600)|HEAP_ALLOCATE|[90]|Bytes:22
10:53:31.0 (5704147)|HEAP_ALLOCATE|[79]|Bytes:5
10:53:31.0 (5716607)|VARIABLE_ASSIGNMENT|[79]|inPasajero|null|
10:53:31.0 (5724138)|SYSTEM_MODE_EXIT|false
10:53:31.0 (5733607)|METHOD_EXIT|[9]|01p1r000008Zry1|PasajeroMethods.ValidarNif(List<Pasajero__c>)
10:53:31.0 (5739662)|STATEMENT_EXECUTE|[10]
10:53:31.0 (5755855)|METHOD_ENTRY|[10]|01p1r000008Zry1|PasajeroMethods.RellenarContacto(List<Pasajero__c>)
10:53:31.0 (5769911)|VARIABLE_SCOPE_BEGIN|[33]|listPasajeros|List<Pasajero__c>|true|false
10:53:31.0 (5873622)|VARIABLE_ASSIGNMENT|[33]|listPasajeros|[{"IsDeleted":false,"Nombre_pasajero__c":"bbbbbb","Edad__c":12,"Nif__c":"11111111p","Reserva__c":"a001r00000oUEqbAAG","Name":"bbbbb"}]|0x6243da6e
10:53:31.0 (5893285)|SYSTEM_MODE_ENTER|false
10:53:31.0 (5900253)|HEAP_ALLOCATE|[35]|Bytes:5
10:53:31.0 (5905793)|STATEMENT_EXECUTE|[33]
10:53:31.0 (5927703)|STATEMENT_EXECUTE|[35]
10:53:31.0 (5929697)|STATEMENT_EXECUTE|[38]
10:53:31.0 (5938588)|HEAP_ALLOCATE|[38]|Bytes:4
10:53:31.0 (5955929)|VARIABLE_SCOPE_BEGIN|[38]|listNifs|List<String>|true|false
10:53:31.0 (5976420)|HEAP_ALLOCATE|[EXTERNAL]|Bytes:4
10:53:31.0 (5984647)|VARIABLE_ASSIGNMENT|[38]|listNifs|[]|0x798816f3
10:53:31.0 (6014192)|HEAP_ALLOCATE|[40]|Bytes:5
10:53:31.0 (6030961)|HEAP_ALLOCATE|[40]|Bytes:4
10:53:31.0 (6037980)|VARIABLE_SCOPE_BEGIN|[40]|inPasajero|Pasajero__c|true|false
10:53:31.0 (6129138)|VARIABLE_ASSIGNMENT|[40]|inPasajero|{"IsDeleted":false,"Nombre_pasajero__c":"bbbbbb","Edad__c":12,"Nif__c":"11111111p","Reserva__c":"a001r00000oUEqbAAG","Name":"bbbbb"}|0x2dd32464
10:53:31.0 (6137360)|STATEMENT_EXECUTE|[40]
10:53:31.0 (6139275)|STATEMENT_EXECUTE|[41]
10:53:31.0 (6166213)|HEAP_ALLOCATE|[EXTERNAL]|Bytes:4
10:53:31.0 (6174623)|STATEMENT_EXECUTE|[43]
10:53:31.0 (6200781)|USER_DEBUG|[43]|DEBUG|11111111p
10:53:31.0 (6215619)|HEAP_ALLOCATE|[40]|Bytes:5
10:53:31.0 (6227015)|VARIABLE_ASSIGNMENT|[40]|inPasajero|null|
10:53:31.0 (6233981)|SYSTEM_MODE_EXIT|false
10:53:31.0 (6241979)|METHOD_EXIT|[10]|01p1r000008Zry1|PasajeroMethods.RellenarContacto(List<Pasajero__c>)
10:53:31.6 (6254258)|CUMULATIVE_LIMIT_USAGE
10:53:31.6 (6254258)|LIMIT_USAGE_FOR_NS|(default)|
  Number of SOQL queries: 1 out of 100
  Number of query rows: 3 out of 50000
  Number of SOSL queries: 0 out of 20
  Number of DML statements: 0 out of 150
  Number of DML rows: 0 out of 10000
  Maximum CPU time: 0 out of 10000
  Maximum heap size: 0 out of 6000000
  Number of callouts: 0 out of 100
  Number of Email Invocations: 0 out of 10
  Number of future calls: 0 out of 50
  Number of queueable jobs added to the queue: 0 out of 50
  Number of Mobile Apex push calls: 0 out of 10

10:53:31.6 (6254258)|CUMULATIVE_LIMIT_USAGE_END

10:53:31.0 (7555165)|CODE_UNIT_FINISHED|PasajeroTrigger on Pasajero trigger event BeforeInsert
10:53:31.0 (14893161)|CODE_UNIT_FINISHED|TRIGGERS
10:53:31.0 (14907017)|EXECUTION_FINISHED
