42.0 APEX_CODE,FINEST;APEX_PROFILING,INFO;CALLOUT,INFO;DB,INFO;SYSTEM,DEBUG;VALIDATION,INFO;VISUALFORCE,INFO;WAVE,INFO;WORKFLOW,INFO
09:15:56.0 (389473)|USER_INFO|[EXTERNAL]|0051r000007Oz5Q|lydia.abril@gmail.com|hora estándar de Europa central|GMT+02:00
09:15:56.0 (426992)|EXECUTION_STARTED
09:15:56.0 (429285)|CODE_UNIT_STARTED|[EXTERNAL]|DuplicateDetector
09:15:56.0 (440299)|DUPLICATE_DETECTION_BEGIN
09:15:56.0 (1152285)|DUPLICATE_DETECTION_RULE_INVOCATION|DuplicateRuleId:0Bm1r0000018X89|DuplicateRuleName:Standard Contact Duplicate Rule|DmlType:UPDATE
09:15:56.0 (1191894)|DUPLICATE_DETECTION_END
09:15:56.0 (1195081)|CODE_UNIT_FINISHED|DuplicateDetector
09:15:56.0 (1200732)|EXECUTION_FINISHED
09:15:56.118 (118160852)|USER_INFO|[EXTERNAL]|0051r000007Oz5Q|lydia.abril@gmail.com|hora estándar de Europa central|GMT+02:00
09:15:56.118 (118181935)|EXECUTION_STARTED
09:15:56.118 (118184568)|CODE_UNIT_STARTED|[EXTERNAL]|DuplicateDetector
09:15:56.118 (118195380)|DUPLICATE_DETECTION_BEGIN
09:15:56.118 (118253461)|DUPLICATE_DETECTION_RULE_INVOCATION|DuplicateRuleId:0Bm1r0000018X89|DuplicateRuleName:Standard Contact Duplicate Rule|DmlType:UPDATE
09:15:56.118 (183645880)|DUPLICATE_DETECTION_MATCH_INVOCATION_DETAILS|EntityId:0031r000024gjgb|ActionTaken:Allow_[Report]|DuplicateRecordIds:
09:15:56.118 (183670570)|DUPLICATE_DETECTION_MATCH_INVOCATION_SUMMARY|EntityType:Contact|NumRecordsToBeSaved:1|NumRecordsToBeSavedWithDuplicates:0|NumDuplicateRecordsFound:0
09:15:56.118 (183684707)|DUPLICATE_DETECTION_MATCH_INVOCATION_DETAILS|EntityId:0031r000024gjgb|ActionTaken:Allow_[Report]|DuplicateRecordIds:
09:15:56.118 (183692098)|DUPLICATE_DETECTION_MATCH_INVOCATION_SUMMARY|EntityType:Contact|NumRecordsToBeSaved:1|NumRecordsToBeSavedWithDuplicates:0|NumDuplicateRecordsFound:0
09:15:56.118 (183878062)|DUPLICATE_DETECTION_END
09:15:56.118 (183882270)|CODE_UNIT_FINISHED|DuplicateDetector
09:15:56.118 (183888907)|EXECUTION_FINISHED
