36.0 APEX_CODE,FINEST;APEX_PROFILING,INFO;CALLOUT,INFO;DB,INFO;SYSTEM,DEBUG;VALIDATION,INFO;VISUALFORCE,INFO;WAVE,INFO;WORKFLOW,INFO
09:40:57.0 (116795)|USER_INFO|[EXTERNAL]|0051r000007Oz5Q|lydia.abril@gmail.com|hora estándar de Europa central|GMT+02:00
09:40:57.0 (177039)|EXECUTION_STARTED
09:40:57.0 (181792)|CODE_UNIT_STARTED|[EXTERNAL]|TRIGGERS
09:40:57.0 (902521)|CODE_UNIT_STARTED|[EXTERNAL]|01q1r000000j8Jg|AccountTrigger on Account trigger event BeforeUpdate
09:40:57.0 (948735)|HEAP_ALLOCATE|[EXTERNAL]|Bytes:8
09:40:57.0 (985062)|HEAP_ALLOCATE|[EXTERNAL]|Bytes:8
09:40:57.0 (1371902)|HEAP_ALLOCATE|[72]|Bytes:3
09:40:57.0 (1414178)|HEAP_ALLOCATE|[77]|Bytes:152
09:40:57.0 (1429863)|HEAP_ALLOCATE|[342]|Bytes:408
09:40:57.0 (1444033)|HEAP_ALLOCATE|[355]|Bytes:408
09:40:57.0 (1454766)|HEAP_ALLOCATE|[467]|Bytes:48
09:40:57.0 (1490018)|HEAP_ALLOCATE|[139]|Bytes:6
09:40:57.0 (1611299)|HEAP_ALLOCATE|[EXTERNAL]|Bytes:12
09:40:57.0 (1622461)|VARIABLE_SCOPE_BEGIN|[1]|this|AccountTrigger|true|false
09:40:57.0 (1686812)|VARIABLE_ASSIGNMENT|[1]|this|{}|0x67facee7
09:40:57.0 (1742171)|HEAP_ALLOCATE|[EXTERNAL]|Bytes:12
09:40:57.0 (1786357)|VARIABLE_SCOPE_BEGIN|[1]|this|AccountTrigger|true|false
09:40:57.0 (1801921)|VARIABLE_ASSIGNMENT|[1]|this|{}|0x67facee7
09:40:57.0 (1811721)|STATEMENT_EXECUTE|[1]
09:40:57.0 (1814240)|STATEMENT_EXECUTE|[3]
09:40:57.0 (1848397)|HEAP_ALLOCATE|[50]|Bytes:5
09:40:57.0 (1872487)|HEAP_ALLOCATE|[56]|Bytes:5
09:40:57.0 (1881500)|HEAP_ALLOCATE|[64]|Bytes:7
09:40:57.0 (2667110)|VARIABLE_ASSIGNMENT|[3]|this.listNew|[{"LastModifiedDate":"2018-04-20T07:38:49.000Z","Ownership":"Public","Description":"Chain of hotels and  (62 more) ...","BillingCity":"Chicago","Rating":"Warm","Website":"www.grandhotels.com","NumberOfEmployees":5600,"SLA__c":"Gold","Name":"Grand Hotels & Resor (6 more) ...","Industry":"Hospitality","OwnerId":"0051r000007Oz5QAAS","CreatedById":"0051r000007Oz5QAAS","SLASerialNumber__c":"5572","TickerSymbol":"GHTL","Phone":"(312) 596-1000","Match_Billing_Addres (4 more) ...":false,"UpsellOpportunity__c":"Yes","NumberofLocations__c":57,"IsDeleted":false,"Fecha_ultima_activid (18 more) ...":"2000-04-03T00:00:00.000Z","Sic":"2268","SystemModstamp":"2018-04-20T07:38:49.000Z","ShippingStreet":"2334 N. Michigan Ave (39 more) ...","AccountNumber":"CD439877","Type":"Customer - Direct","CleanStatus":"Pending","SLAExpirationDate__c":"2018-10-16T00:00:00.000Z","BillingStreet":"2334 N. Michigan Ave (39 more) ...","LastActivityDate":"2047-04-20T00:00:00.000Z","CreatedDate":"2018-03-21T12:29:14.000Z","CustomerPriority__c":"High","Id":"0011r00001mvH7mAAE","Fax":"(312) 596-1500","LastModifiedById":"0051r000007Oz5QAAS","AnnualRevenue":500000000,"BillingState":"IL","Active__c":"Yes"}]|0x67facee7
09:40:57.0 (2694597)|STATEMENT_EXECUTE|[5]
09:40:57.0 (3100854)|VARIABLE_ASSIGNMENT|[5]|this.mapOld|{"0011r00001mvH7mAAE":{"LastModifiedDate":"2018-04-20T07:38:49.000Z","Ownership":"Public","Description":"Chain of hotels and  (62 more) ...","BillingCity":"Chicago","Rating":"Warm","Website":"www.grandhotels.com","NumberOfEmployees":5600,"SLA__c":"Gold","Name":"Grand Hotels & Resor (6 more) ...","Industry":"Hospitality","OwnerId":"0051r000007Oz5QAAS","CreatedById":"0051r000007Oz5QAAS","SLASerialNumber__c":"5572","TickerSymbol":"GHTL","Phone":"(312) 596-1000","Match_Billing_Addres (4 more) ...":false,"UpsellOpportunity__c":"Yes","NumberofLocations__c":57,"IsDeleted":false,"Fecha_ultima_activid (18 more) ...":"2000-04-23T00:00:00.000Z","Sic":"2268","SystemModstamp":"2018-04-20T07:38:49.000Z","ShippingStreet":"2334 N. Michigan Ave (39 more) ...","AccountNumber":"CD439877","Type":"Customer - Direct","CleanStatus":"Pending","SLAExpirationDate__c":"2018-10-16T00:00:00.000Z","BillingStreet":"2334 N. Michigan Ave (39 more) ...","LastActivityDate":"2047-04-20T00:00:00.000Z","CreatedDate":"2018-03-21T12:29:14.000Z","CustomerPriority__c":"High","Id":"0011r00001mvH7mAAE","Fax":"(312) 596-1500","LastModifiedById":"0051r000007Oz5QAAS","AnnualRevenue":500000000,"BillingState":"IL","Active__c":"Yes"}}|0x67facee7
09:40:57.0 (3134064)|STATEMENT_EXECUTE|[7]
09:40:57.0 (3139659)|STATEMENT_EXECUTE|[8]
09:40:57.0 (3141385)|STATEMENT_EXECUTE|[9]
09:40:57.0 (7797287)|HEAP_ALLOCATE|[9]|Bytes:4
09:40:57.0 (7807259)|HEAP_ALLOCATE|[9]|Bytes:5
09:40:57.0 (7825177)|METHOD_ENTRY|[1]|01p1r000009p8Bf|AccountMethods.AccountMethods()
09:40:57.0 (7833019)|STATEMENT_EXECUTE|[1]
09:40:57.0 (7837419)|STATEMENT_EXECUTE|[1]
09:40:57.0 (8236659)|SYSTEM_MODE_ENTER|false
09:40:57.0 (8253376)|HEAP_ALLOCATE|[9]|Bytes:5
09:40:57.0 (8263490)|SYSTEM_MODE_EXIT|false
09:40:57.0 (8274978)|METHOD_EXIT|[1]|AccountMethods
09:40:57.0 (8304933)|METHOD_ENTRY|[9]|01p1r000009p8Bf|AccountMethods.ActualizarCuentaHija(List<Account>, Map<Id,Account>)
09:40:57.0 (8334566)|VARIABLE_SCOPE_BEGIN|[31]|listAccount|List<Account>|true|false
09:40:57.0 (8663672)|VARIABLE_ASSIGNMENT|[31]|listAccount|[{"LastModifiedDate":"2018-04-20T07:38:49.000Z","Ownership":"Public","Description":"Chain of hotels and  (62 more) ...","BillingCity":"Chicago","Rating":"Warm","Website":"www.grandhotels.com","NumberOfEmployees":5600,"SLA__c":"Gold","Name":"Grand Hotels & Resor (6 more) ...","Industry":"Hospitality","OwnerId":"0051r000007Oz5QAAS","CreatedById":"0051r000007Oz5QAAS","SLASerialNumber__c":"5572","TickerSymbol":"GHTL","Phone":"(312) 596-1000","Match_Billing_Addres (4 more) ...":false,"UpsellOpportunity__c":"Yes","NumberofLocations__c":57,"IsDeleted":false,"Fecha_ultima_activid (18 more) ...":"2000-04-03T00:00:00.000Z","Sic":"2268","SystemModstamp":"2018-04-20T07:38:49.000Z","ShippingStreet":"2334 N. Michigan Ave (39 more) ...","AccountNumber":"CD439877","Type":"Customer - Direct","CleanStatus":"Pending","SLAExpirationDate__c":"2018-10-16T00:00:00.000Z","BillingStreet":"2334 N. Michigan Ave (39 more) ...","LastActivityDate":"2047-04-20T00:00:00.000Z","CreatedDate":"2018-03-21T12:29:14.000Z","CustomerPriority__c":"High","Id":"0011r00001mvH7mAAE","Fax":"(312) 596-1500","LastModifiedById":"0051r000007Oz5QAAS","AnnualRevenue":500000000,"BillingState":"IL","Active__c":"Yes"}]|0x277f4fd2
09:40:57.0 (8688156)|VARIABLE_SCOPE_BEGIN|[31]|mapOld|Map<Id,Account>|true|false
09:40:57.0 (8962919)|VARIABLE_ASSIGNMENT|[31]|mapOld|{"0011r00001mvH7mAAE":{"LastModifiedDate":"2018-04-20T07:38:49.000Z","Ownership":"Public","Description":"Chain of hotels and  (62 more) ...","BillingCity":"Chicago","Rating":"Warm","Website":"www.grandhotels.com","NumberOfEmployees":5600,"SLA__c":"Gold","Name":"Grand Hotels & Resor (6 more) ...","Industry":"Hospitality","OwnerId":"0051r000007Oz5QAAS","CreatedById":"0051r000007Oz5QAAS","SLASerialNumber__c":"5572","TickerSymbol":"GHTL","Phone":"(312) 596-1000","Match_Billing_Addres (4 more) ...":false,"UpsellOpportunity__c":"Yes","NumberofLocations__c":57,"IsDeleted":false,"Fecha_ultima_activid (18 more) ...":"2000-04-23T00:00:00.000Z","Sic":"2268","SystemModstamp":"2018-04-20T07:38:49.000Z","ShippingStreet":"2334 N. Michigan Ave (39 more) ...","AccountNumber":"CD439877","Type":"Customer - Direct","CleanStatus":"Pending","SLAExpirationDate__c":"2018-10-16T00:00:00.000Z","BillingStreet":"2334 N. Michigan Ave (39 more) ...","LastActivityDate":"2047-04-20T00:00:00.000Z","CreatedDate":"2018-03-21T12:29:14.000Z","CustomerPriority__c":"High","Id":"0011r00001mvH7mAAE","Fax":"(312) 596-1500","LastModifiedById":"0051r000007Oz5QAAS","AnnualRevenue":500000000,"BillingState":"IL","Active__c":"Yes"}}|0x5ee1873
09:40:57.0 (9000420)|SYSTEM_MODE_ENTER|false
09:40:57.0 (9008288)|HEAP_ALLOCATE|[33]|Bytes:5
09:40:57.0 (9014523)|STATEMENT_EXECUTE|[31]
09:40:57.0 (9108613)|STATEMENT_EXECUTE|[33]
09:40:57.0 (9111298)|STATEMENT_EXECUTE|[37]
09:40:57.0 (9115205)|HEAP_ALLOCATE|[37]|Bytes:175
09:40:57.0 (9134534)|HEAP_ALLOCATE|[37]|Bytes:4
09:40:57.0 (9146224)|HEAP_ALLOCATE|[37]|Bytes:7
09:40:57.0 (9994404)|SOQL_EXECUTE_BEGIN|[37]|Aggregations:1|SELECT Id, Fecha_ultima_actividad_mas_reciente__c, ParentId, (SELECT Id, Fecha_ultima_actividad_mas_reciente__c, ParentId FROM ChildAccounts) FROM Account WHERE Id IN :tmpVar1
09:40:57.0 (22936512)|SOQL_EXECUTE_END|[37]|Rows:1
09:40:57.0 (22971118)|HEAP_ALLOCATE|[37]|Bytes:8
09:40:57.0 (22995410)|HEAP_ALLOCATE|[37]|Bytes:302
09:40:57.0 (23040838)|HEAP_ALLOCATE|[37]|Bytes:8
09:40:57.0 (23059052)|VARIABLE_SCOPE_BEGIN|[37]|lalala2|List<Account>|true|false
09:40:57.0 (23117001)|VARIABLE_ASSIGNMENT|[37]|lalala2|[{"Id":"0011r00001mvH7mAAE","Fecha_ultima_activid (18 more) ...":"2000-04-23T00:00:00.000Z","ChildAccounts":[{"ParentId":"0011r00001mvH7mAAE","Id":"0011r00001nnRDqAAM","Fecha_ultima_activid (18 more) ...":"2048-04-30T00:00:00.000Z"},{"ParentId":"0011r00001mvH7mAAE","Id":"0011r00001np50hAAA","Fecha_ultima_activid (18 more) ...":"2018-04-20T00:00:00.000Z"}]}]|0x2e803351
09:40:57.0 (23130906)|STATEMENT_EXECUTE|[42]
09:40:57.0 (23221472)|USER_DEBUG|[42]|DEBUG|(Account:{Id=0011r00001mvH7mAAE, Fecha_ultima_actividad_mas_reciente__c=2000-04-23 00:00:00})
09:40:57.0 (23393040)|HEAP_ALLOCATE|[44]|Bytes:5
09:40:57.0 (23412918)|HEAP_ALLOCATE|[44]|Bytes:16
09:40:57.0 (23424449)|VARIABLE_SCOPE_BEGIN|[44]|inAccount|Account|true|false
09:40:57.0 (23453354)|VARIABLE_ASSIGNMENT|[44]|inAccount|{"Id":"0011r00001mvH7mAAE","Fecha_ultima_activid (18 more) ...":"2000-04-23T00:00:00.000Z","ChildAccounts":[{"ParentId":"0011r00001mvH7mAAE","Id":"0011r00001nnRDqAAM","Fecha_ultima_activid (18 more) ...":"2048-04-30T00:00:00.000Z"},{"ParentId":"0011r00001mvH7mAAE","Id":"0011r00001np50hAAA","Fecha_ultima_activid (18 more) ...":"2018-04-20T00:00:00.000Z"}]}|0x456b5eb6
09:40:57.0 (23465363)|STATEMENT_EXECUTE|[44]
09:40:57.0 (23467225)|STATEMENT_EXECUTE|[45]
09:40:57.0 (23476637)|HEAP_ALLOCATE|[45]|Bytes:13
09:40:57.0 (23482258)|HEAP_ALLOCATE|[45]|Bytes:7
09:40:57.0 (23522814)|HEAP_ALLOCATE|[EXTERNAL]|Bytes:12
09:40:57.0 (23544153)|HEAP_ALLOCATE|[45]|Bytes:12
09:40:57.0 (23609178)|USER_DEBUG|[45]|DEBUG|(Account:{ParentId=0011r00001mvH7mAAE, Id=0011r00001nnRDqAAM, Fecha_ultima_actividad_mas_reciente__c=2048-04-30 00:00:00}, Account:{ParentId=0011r00001mvH7mAAE, Id=0011r00001np50hAAA, Fecha_ultima_actividad_mas_reciente__c=2018-04-20 00:00:00})
09:40:57.0 (23630326)|HEAP_ALLOCATE|[44]|Bytes:5
09:40:57.0 (23643150)|VARIABLE_ASSIGNMENT|[44]|inAccount|null|
09:40:57.0 (23653731)|SYSTEM_MODE_EXIT|false
09:40:57.0 (23664410)|METHOD_EXIT|[9]|01p1r000009p8Bf|AccountMethods.ActualizarCuentaHija(List<Account>, Map<Id,Account>)
09:40:57.23 (23679919)|CUMULATIVE_LIMIT_USAGE
09:40:57.23 (23679919)|LIMIT_USAGE_FOR_NS|(default)|
  Number of SOQL queries: 1 out of 100
  Number of query rows: 3 out of 50000
  Number of SOSL queries: 0 out of 20
  Number of DML statements: 0 out of 150
  Number of DML rows: 0 out of 10000
  Maximum CPU time: 0 out of 10000
  Maximum heap size: 0 out of 6000000
  Number of callouts: 0 out of 100
  Number of Email Invocations: 0 out of 10
  Number of future calls: 0 out of 50
  Number of queueable jobs added to the queue: 0 out of 50
  Number of Mobile Apex push calls: 0 out of 10

09:40:57.23 (23679919)|CUMULATIVE_LIMIT_USAGE_END

09:40:57.0 (24948194)|CODE_UNIT_FINISHED|AccountTrigger on Account trigger event BeforeUpdate
09:40:57.0 (27423081)|CODE_UNIT_STARTED|[EXTERNAL]|DuplicateDetector
09:40:57.0 (27437881)|DUPLICATE_DETECTION_BEGIN
09:40:57.0 (27548845)|DUPLICATE_DETECTION_RULE_INVOCATION|DuplicateRuleId:0Bm1r0000018X88|DuplicateRuleName:Standard Account Duplicate Rule|DmlType:UPDATE
09:40:57.0 (27656571)|DUPLICATE_DETECTION_END
09:40:57.0 (27663648)|CODE_UNIT_FINISHED|DuplicateDetector
09:40:57.0 (55017802)|CODE_UNIT_STARTED|[EXTERNAL]|Workflow:Account
09:40:57.0 (55102283)|CODE_UNIT_FINISHED|Workflow:Account
09:40:57.0 (61628465)|CODE_UNIT_STARTED|[EXTERNAL]|DuplicateDetector
09:40:57.0 (61646615)|DUPLICATE_DETECTION_BEGIN
09:40:57.0 (61798698)|DUPLICATE_DETECTION_RULE_INVOCATION|DuplicateRuleId:0Bm1r0000018X88|DuplicateRuleName:Standard Account Duplicate Rule|DmlType:UPDATE
09:40:57.0 (73149167)|DUPLICATE_DETECTION_END
09:40:57.0 (73159660)|CODE_UNIT_FINISHED|DuplicateDetector
09:40:57.0 (121566942)|CODE_UNIT_FINISHED|TRIGGERS
09:40:57.0 (121587609)|EXECUTION_FINISHED
