36.0 APEX_CODE,FINEST;APEX_PROFILING,INFO;CALLOUT,INFO;DB,INFO;SYSTEM,DEBUG;VALIDATION,INFO;VISUALFORCE,INFO;WAVE,INFO;WORKFLOW,INFO
13:55:25.0 (92254)|USER_INFO|[EXTERNAL]|0051r000007Oz5Q|lydia.abril@gmail.com|hora estándar de Europa central|GMT+02:00
13:55:25.0 (132895)|EXECUTION_STARTED
13:55:25.0 (138722)|CODE_UNIT_STARTED|[EXTERNAL]|TRIGGERS
13:55:25.0 (954270)|CODE_UNIT_STARTED|[EXTERNAL]|01q1r000000j4Bx|ContactTrigger on Contact trigger event BeforeUpdate
13:55:25.0 (1016395)|HEAP_ALLOCATE|[EXTERNAL]|Bytes:8
13:55:25.0 (1057692)|HEAP_ALLOCATE|[EXTERNAL]|Bytes:8
13:55:25.0 (1454493)|HEAP_ALLOCATE|[72]|Bytes:3
13:55:25.0 (1503747)|HEAP_ALLOCATE|[77]|Bytes:152
13:55:25.0 (1526705)|HEAP_ALLOCATE|[342]|Bytes:408
13:55:25.0 (1548340)|HEAP_ALLOCATE|[355]|Bytes:408
13:55:25.0 (1567815)|HEAP_ALLOCATE|[467]|Bytes:48
13:55:25.0 (1605229)|HEAP_ALLOCATE|[139]|Bytes:6
13:55:25.0 (1737539)|HEAP_ALLOCATE|[EXTERNAL]|Bytes:8
13:55:25.0 (1751970)|VARIABLE_SCOPE_BEGIN|[1]|this|ContactTrigger|true|false
13:55:25.0 (1829583)|VARIABLE_ASSIGNMENT|[1]|this|{}|0x3e27b199
13:55:25.0 (1909932)|HEAP_ALLOCATE|[EXTERNAL]|Bytes:8
13:55:25.0 (1921248)|VARIABLE_SCOPE_BEGIN|[1]|this|ContactTrigger|true|false
13:55:25.0 (1942071)|VARIABLE_ASSIGNMENT|[1]|this|{}|0x3e27b199
13:55:25.0 (1955992)|STATEMENT_EXECUTE|[1]
13:55:25.0 (1959267)|STATEMENT_EXECUTE|[3]
13:55:25.0 (1996812)|HEAP_ALLOCATE|[50]|Bytes:5
13:55:25.0 (2034489)|HEAP_ALLOCATE|[56]|Bytes:5
13:55:25.0 (2050064)|HEAP_ALLOCATE|[64]|Bytes:7
13:55:25.0 (2706320)|VARIABLE_ASSIGNMENT|[3]|this.listNew|[{"LastModifiedDate":"2018-04-10T10:16:55.000Z","Languages__c":"English","AccountId":"0011r00001mvH7mAAE","Email":"barr_tim@grandhotels (4 more) ...","DoNotCall":false,"HasOptedOutOfFax":false,"Salutation":"Mr.","MobilePhone":"(312) 596-1230","Department":"Finance","Level__c":"Secondary","CreatedById":"0051r000007Oz5QAAS","OwnerId":"0051r000007Oz5QAAS","Phone":"(312) 596-1000","IsDeleted":false,"IsEmailBounced":false,"FirstName":"Tim","HasOptedOutOfEmail":false,"Nif__c":"47898592B","Title":"SVP, Administration  (11 more) ...","Birthdate":"1951-10-28T00:00:00.000Z","SystemModstamp":"2018-04-10T15:07:24.000Z","CleanStatus":"Pending","LeadSource":"External Referral","Premium__c":false,"CreatedDate":"2018-03-21T12:29:14.000Z","Id":"0031r000024PVVcAAO","LastName":"Barr","Fax":"(312) 596-1500","LastModifiedById":"0051r000007Oz5QAAS","MailingStreet":"2335 N. Michigan Ave (39 more) ..."}]|0x3e27b199
13:55:25.0 (2751453)|STATEMENT_EXECUTE|[5]
13:55:25.0 (2766713)|STATEMENT_EXECUTE|[6]
13:55:25.0 (2769674)|STATEMENT_EXECUTE|[7]
13:55:25.0 (2891626)|HEAP_ALLOCATE|[7]|Bytes:4
13:55:25.0 (2900144)|HEAP_ALLOCATE|[7]|Bytes:8
13:55:25.0 (2910027)|METHOD_ENTRY|[1]|01p1r000008aKc5|ContactMethods.ContactMethods()
13:55:25.0 (2916655)|STATEMENT_EXECUTE|[1]
13:55:25.0 (2920575)|STATEMENT_EXECUTE|[1]
13:55:25.0 (3303664)|SYSTEM_MODE_ENTER|false
13:55:25.0 (3323337)|HEAP_ALLOCATE|[7]|Bytes:5
13:55:25.0 (3334536)|SYSTEM_MODE_EXIT|false
13:55:25.0 (3348106)|METHOD_EXIT|[1]|ContactMethods
13:55:25.0 (3366123)|METHOD_ENTRY|[7]|01p1r000008aKc5|ContactMethods.ValidarNif(List<Contact>)
13:55:25.0 (3390008)|VARIABLE_SCOPE_BEGIN|[3]|listNew|List<Contact>|true|false
13:55:25.0 (3744990)|VARIABLE_ASSIGNMENT|[3]|listNew|[{"LastModifiedDate":"2018-04-10T10:16:55.000Z","Languages__c":"English","AccountId":"0011r00001mvH7mAAE","Email":"barr_tim@grandhotels (4 more) ...","DoNotCall":false,"HasOptedOutOfFax":false,"Salutation":"Mr.","MobilePhone":"(312) 596-1230","Department":"Finance","Level__c":"Secondary","CreatedById":"0051r000007Oz5QAAS","OwnerId":"0051r000007Oz5QAAS","Phone":"(312) 596-1000","IsDeleted":false,"IsEmailBounced":false,"FirstName":"Tim","HasOptedOutOfEmail":false,"Nif__c":"47898592B","Title":"SVP, Administration  (11 more) ...","Birthdate":"1951-10-28T00:00:00.000Z","SystemModstamp":"2018-04-10T15:07:24.000Z","CleanStatus":"Pending","LeadSource":"External Referral","Premium__c":false,"CreatedDate":"2018-03-21T12:29:14.000Z","Id":"0031r000024PVVcAAO","LastName":"Barr","Fax":"(312) 596-1500","LastModifiedById":"0051r000007Oz5QAAS","MailingStreet":"2335 N. Michigan Ave (39 more) ..."}]|0x1f812393
13:55:25.0 (3790416)|SYSTEM_MODE_ENTER|false
13:55:25.0 (3802567)|HEAP_ALLOCATE|[5]|Bytes:5
13:55:25.0 (3811905)|STATEMENT_EXECUTE|[3]
13:55:25.0 (3902915)|STATEMENT_EXECUTE|[5]
13:55:25.0 (4088772)|HEAP_ALLOCATE|[7]|Bytes:5
13:55:25.0 (4119963)|HEAP_ALLOCATE|[7]|Bytes:4
13:55:25.0 (4134753)|VARIABLE_SCOPE_BEGIN|[7]|inContact|Contact|true|false
13:55:25.0 (4482141)|VARIABLE_ASSIGNMENT|[7]|inContact|{"LastModifiedDate":"2018-04-10T10:16:55.000Z","Languages__c":"English","AccountId":"0011r00001mvH7mAAE","Email":"barr_tim@grandhotels (4 more) ...","DoNotCall":false,"HasOptedOutOfFax":false,"Salutation":"Mr.","MobilePhone":"(312) 596-1230","Department":"Finance","Level__c":"Secondary","CreatedById":"0051r000007Oz5QAAS","OwnerId":"0051r000007Oz5QAAS","Phone":"(312) 596-1000","IsDeleted":false,"IsEmailBounced":false,"FirstName":"Tim","HasOptedOutOfEmail":false,"Nif__c":"47898592B","Title":"SVP, Administration  (11 more) ...","Birthdate":"1951-10-28T00:00:00.000Z","SystemModstamp":"2018-04-10T15:07:24.000Z","CleanStatus":"Pending","LeadSource":"External Referral","Premium__c":false,"CreatedDate":"2018-03-21T12:29:14.000Z","Id":"0031r000024PVVcAAO","LastName":"Barr","Fax":"(312) 596-1500","LastModifiedById":"0051r000007Oz5QAAS","MailingStreet":"2335 N. Michigan Ave (39 more) ..."}|0x68c80a13
13:55:25.0 (4502518)|STATEMENT_EXECUTE|[7]
13:55:25.0 (4585089)|HEAP_ALLOCATE|[8]|Bytes:1
13:55:25.0 (4592928)|HEAP_ALLOCATE|[8]|Bytes:7
13:55:25.0 (4599627)|METHOD_ENTRY|[1]|01p1r000009oduV|Utils.Utils()
13:55:25.0 (4604789)|STATEMENT_EXECUTE|[1]
13:55:25.0 (4608273)|STATEMENT_EXECUTE|[1]
13:55:25.0 (4619393)|HEAP_ALLOCATE|[8]|Bytes:5
13:55:25.0 (4627576)|METHOD_EXIT|[1]|Utils
13:55:25.0 (4637065)|METHOD_ENTRY|[8]|01p1r000009oduV|Utils.isNifNie(String)
13:55:25.0 (4650958)|VARIABLE_SCOPE_BEGIN|[3]|nif|String|false|false
13:55:25.0 (4661932)|VARIABLE_ASSIGNMENT|[3]|nif|"47898592B"
13:55:25.0 (4673252)|HEAP_ALLOCATE|[5]|Bytes:5
13:55:25.0 (4677707)|STATEMENT_EXECUTE|[3]
13:55:25.0 (4679606)|STATEMENT_EXECUTE|[5]
13:55:25.0 (4682266)|HEAP_ALLOCATE|[5]|Bytes:4
13:55:25.0 (4699902)|HEAP_ALLOCATE|[5]|Bytes:13
13:55:25.0 (4731703)|USER_DEBUG|[5]|DEBUG|NIF 47898592B
13:55:25.0 (4770467)|HEAP_ALLOCATE|[7]|Bytes:9
13:55:25.0 (4782004)|HEAP_ALLOCATE|[7]|Bytes:1
13:55:25.0 (4804156)|HEAP_ALLOCATE|[7]|Bytes:9
13:55:25.0 (4811680)|HEAP_ALLOCATE|[7]|Bytes:1
13:55:25.0 (4826953)|HEAP_ALLOCATE|[7]|Bytes:9
13:55:25.0 (4833688)|HEAP_ALLOCATE|[7]|Bytes:1
13:55:25.0 (4845891)|STATEMENT_EXECUTE|[7]
13:55:25.0 (4847921)|STATEMENT_EXECUTE|[11]
13:55:25.0 (4850584)|HEAP_ALLOCATE|[11]|Bytes:59
13:55:25.0 (4886476)|HEAP_ALLOCATE|[11]|Bytes:24
13:55:25.0 (4898661)|SYSTEM_METHOD_ENTRY|[1]|Pattern.Pattern()
13:55:25.0 (4905178)|STATEMENT_EXECUTE|[1]
13:55:25.0 (4912885)|SYSTEM_METHOD_EXIT|[1]|Pattern
13:55:25.0 (4925453)|METHOD_ENTRY|[11]||System.Pattern.compile(String)
13:55:25.0 (5056315)|METHOD_EXIT|[11]||System.Pattern.compile(String)
13:55:25.0 (5064384)|VARIABLE_SCOPE_BEGIN|[11]|nifPattern|System.Pattern|true|false
13:55:25.0 (5091400)|VARIABLE_ASSIGNMENT|[11]|nifPattern|{"delegate":"0x4b53b2af"}|0x2de8e83a
13:55:25.0 (5101683)|STATEMENT_EXECUTE|[12]
13:55:25.0 (5115655)|METHOD_ENTRY|[12]||System.Pattern.matcher(String)
13:55:25.0 (5298777)|METHOD_EXIT|[12]||System.Pattern.matcher(String)
13:55:25.0 (5308613)|VARIABLE_SCOPE_BEGIN|[12]|m|System.Matcher|true|false
13:55:25.0 (5333328)|VARIABLE_ASSIGNMENT|[12]|m|{"delegate":"0x3b107249"}|0x13207faa
13:55:25.0 (5354449)|METHOD_ENTRY|[13]||System.Matcher.matches()
13:55:25.0 (5427310)|METHOD_EXIT|[13]||System.Matcher.matches()
13:55:25.0 (5436682)|STATEMENT_EXECUTE|[13]
13:55:25.0 (5439623)|STATEMENT_EXECUTE|[14]
13:55:25.0 (5450855)|METHOD_ENTRY|[14]||System.Matcher.group(Integer)
13:55:25.0 (5519119)|METHOD_EXIT|[14]||System.Matcher.group(Integer)
13:55:25.0 (5528680)|VARIABLE_SCOPE_BEGIN|[14]|letra|String|false|false
13:55:25.0 (5544253)|VARIABLE_ASSIGNMENT|[14]|letra|"B"
13:55:25.0 (5551623)|STATEMENT_EXECUTE|[16]
13:55:25.0 (5561421)|HEAP_ALLOCATE|[16]|Bytes:23
13:55:25.0 (5569619)|VARIABLE_SCOPE_BEGIN|[16]|letras|String|false|false
13:55:25.0 (5585504)|VARIABLE_ASSIGNMENT|[16]|letras|"TRWAGMYFPDXBNJZSQVHL (3 more) ..."
13:55:25.0 (5593594)|STATEMENT_EXECUTE|[17]
13:55:25.0 (5603943)|METHOD_ENTRY|[17]||System.Matcher.group(Integer)
13:55:25.0 (5647937)|METHOD_EXIT|[17]||System.Matcher.group(Integer)
13:55:25.0 (5684208)|VARIABLE_SCOPE_BEGIN|[17]|dni|Integer|false|false
13:55:25.0 (5694589)|HEAP_ALLOCATE|[17]|Bytes:4
13:55:25.0 (5706178)|VARIABLE_ASSIGNMENT|[17]|dni|47898592
13:55:25.0 (5714088)|STATEMENT_EXECUTE|[18]
13:55:25.0 (5754364)|VARIABLE_SCOPE_BEGIN|[2]|Math.E|Double|false|true
13:55:25.0 (5767501)|VARIABLE_SCOPE_BEGIN|[3]|Math.PI|Double|false|true
13:55:25.0 (5787251)|HEAP_ALLOCATE|[18]|Bytes:206
13:55:25.0 (5799905)|SYSTEM_METHOD_ENTRY|[1]|Math.Math()
13:55:25.0 (5805625)|STATEMENT_EXECUTE|[1]
13:55:25.0 (5867491)|SYSTEM_METHOD_EXIT|[1]|Math
13:55:25.0 (5883712)|METHOD_ENTRY|[18]||System.Math.mod(Integer, Integer)
13:55:25.0 (5956880)|METHOD_EXIT|[18]||System.Math.mod(Integer, Integer)
13:55:25.0 (5965285)|HEAP_ALLOCATE|[18]|Bytes:4
13:55:25.0 (5975791)|VARIABLE_ASSIGNMENT|[18]|dni|11
13:55:25.0 (5983108)|STATEMENT_EXECUTE|[20]
13:55:25.0 (6027351)|HEAP_ALLOCATE|[20]|Bytes:1
13:55:25.0 (6048600)|VARIABLE_SCOPE_BEGIN|[20]|reference|String|false|false
13:55:25.0 (6064460)|VARIABLE_ASSIGNMENT|[20]|reference|"B"
13:55:25.0 (6105541)|STATEMENT_EXECUTE|[22]
13:55:25.0 (6109088)|STATEMENT_EXECUTE|[23]
13:55:25.0 (6114391)|HEAP_ALLOCATE|[23]|Bytes:21
13:55:25.0 (6122112)|HEAP_ALLOCATE|[23]|Bytes:1
13:55:25.0 (6134365)|HEAP_ALLOCATE|[23]|Bytes:24
13:55:25.0 (6158929)|USER_DEBUG|[23]|DEBUG|son iguales. Es NIF. B B
13:55:25.0 (6172894)|STATEMENT_EXECUTE|[24]
13:55:25.0 (6180031)|HEAP_ALLOCATE|[24]|Bytes:5
13:55:25.0 (6192627)|METHOD_EXIT|[8]|01p1r000009oduV|Utils.isNifNie(String)
13:55:25.0 (6201152)|STATEMENT_EXECUTE|[8]
13:55:25.0 (6213592)|HEAP_ALLOCATE|[7]|Bytes:5
13:55:25.0 (6231339)|VARIABLE_ASSIGNMENT|[7]|inContact|null|
13:55:25.0 (6241290)|SYSTEM_MODE_EXIT|false
13:55:25.0 (6252321)|METHOD_EXIT|[7]|01p1r000008aKc5|ContactMethods.ValidarNif(List<Contact>)
13:55:25.6 (6264041)|CUMULATIVE_LIMIT_USAGE
13:55:25.6 (6264041)|LIMIT_USAGE_FOR_NS|(default)|
  Number of SOQL queries: 0 out of 100
  Number of query rows: 0 out of 50000
  Number of SOSL queries: 0 out of 20
  Number of DML statements: 0 out of 150
  Number of DML rows: 0 out of 10000
  Maximum CPU time: 0 out of 10000
  Maximum heap size: 0 out of 6000000
  Number of callouts: 0 out of 100
  Number of Email Invocations: 0 out of 10
  Number of future calls: 0 out of 50
  Number of queueable jobs added to the queue: 0 out of 50
  Number of Mobile Apex push calls: 0 out of 10

13:55:25.6 (6264041)|CUMULATIVE_LIMIT_USAGE_END

13:55:25.0 (7387566)|CODE_UNIT_FINISHED|ContactTrigger on Contact trigger event BeforeUpdate
13:55:25.0 (9302534)|CODE_UNIT_STARTED|[EXTERNAL]|DuplicateDetector
13:55:25.0 (9321969)|DUPLICATE_DETECTION_BEGIN
13:55:25.0 (9404950)|DUPLICATE_DETECTION_RULE_INVOCATION|DuplicateRuleId:0Bm1r0000018X89|DuplicateRuleName:Standard Contact Duplicate Rule|DmlType:UPDATE
13:55:25.0 (9443084)|DUPLICATE_DETECTION_END
13:55:25.0 (9447723)|CODE_UNIT_FINISHED|DuplicateDetector
13:55:25.0 (30959280)|CODE_UNIT_STARTED|[EXTERNAL]|DuplicateDetector
13:55:25.0 (30986790)|DUPLICATE_DETECTION_BEGIN
13:55:25.0 (31053399)|DUPLICATE_DETECTION_RULE_INVOCATION|DuplicateRuleId:0Bm1r0000018X89|DuplicateRuleName:Standard Contact Duplicate Rule|DmlType:UPDATE
13:55:25.0 (47106620)|DUPLICATE_DETECTION_END
13:55:25.0 (47121024)|CODE_UNIT_FINISHED|DuplicateDetector
13:55:25.0 (101662279)|CODE_UNIT_FINISHED|TRIGGERS
13:55:25.0 (101683039)|EXECUTION_FINISHED
