36.0 APEX_CODE,FINEST;APEX_PROFILING,INFO;CALLOUT,INFO;DB,INFO;SYSTEM,DEBUG;VALIDATION,INFO;VISUALFORCE,INFO;WAVE,INFO;WORKFLOW,INFO
17:10:05.0 (506190)|USER_INFO|[EXTERNAL]|0051r000007Oz5Q|lydia.abril@gmail.com|hora estándar de Europa central|GMT+02:00
17:10:05.0 (562555)|EXECUTION_STARTED
17:10:05.0 (568873)|CODE_UNIT_STARTED|[EXTERNAL]|01p1r000009p5xn|TaskTest.testCerrarTarea
17:10:05.0 (880924)|HEAP_ALLOCATE|[72]|Bytes:3
17:10:05.0 (960267)|HEAP_ALLOCATE|[77]|Bytes:152
17:10:05.0 (984468)|HEAP_ALLOCATE|[342]|Bytes:408
17:10:05.0 (1013862)|HEAP_ALLOCATE|[355]|Bytes:408
17:10:05.0 (1041195)|HEAP_ALLOCATE|[467]|Bytes:48
17:10:05.0 (1074952)|HEAP_ALLOCATE|[139]|Bytes:6
17:10:05.0 (1093565)|HEAP_ALLOCATE|[EXTERNAL]|Bytes:98
17:10:05.0 (1142588)|METHOD_ENTRY|[2]|01p1r000009p5xn|TaskTest.TaskTest()
17:10:05.0 (1407718)|STATEMENT_EXECUTE|[2]
17:10:05.0 (1422069)|STATEMENT_EXECUTE|[2]
17:10:05.0 (1436931)|METHOD_EXIT|[2]|TaskTest
17:10:05.0 (1677724)|HEAP_ALLOCATE|[50]|Bytes:5
17:10:05.0 (1711863)|HEAP_ALLOCATE|[56]|Bytes:5
17:10:05.0 (1721365)|HEAP_ALLOCATE|[64]|Bytes:7
17:10:05.0 (1760622)|STATEMENT_EXECUTE|[4]
17:10:05.0 (1763341)|STATEMENT_EXECUTE|[6]
17:10:05.0 (1814351)|HEAP_ALLOCATE|[6]|Bytes:4
17:10:05.0 (1928731)|HEAP_ALLOCATE|[6]|Bytes:12
17:10:05.0 (2007142)|VARIABLE_ASSIGNMENT|[6]|this.Name|"CuentaParent"|0x4d595b6
17:10:05.0 (2055495)|VARIABLE_SCOPE_BEGIN|[6]|oAccountParent|Account|true|false
17:10:05.0 (2224263)|VARIABLE_ASSIGNMENT|[6]|oAccountParent|{"Name":"CuentaParent"}|0x4d595b6
17:10:05.0 (2232321)|STATEMENT_EXECUTE|[7]
17:10:05.0 (2258732)|HEAP_ALLOCATE|[7]|Bytes:8
17:10:05.0 (2270682)|DML_BEGIN|[7]|Op:Insert|Type:Account|Rows:1
17:10:05.0 (2301604)|HEAP_ALLOCATE|[EXTERNAL]|Bytes:8
17:10:05.0 (13660093)|CODE_UNIT_STARTED|[EXTERNAL]|DuplicateDetector
17:10:05.0 (13686018)|DUPLICATE_DETECTION_BEGIN
17:10:05.0 (14329329)|DUPLICATE_DETECTION_RULE_INVOCATION|DuplicateRuleId:0Bm1r0000018X88|DuplicateRuleName:Standard Account Duplicate Rule|DmlType:INSERT
17:10:05.0 (39623786)|DUPLICATE_DETECTION_MATCH_INVOCATION_DETAILS|EntityType:Account|ActionTaken:Allow_[Alert,Report]|DuplicateRecordIds:
17:10:05.0 (39657666)|DUPLICATE_DETECTION_MATCH_INVOCATION_SUMMARY|EntityType:Account|NumRecordsToBeSaved:1|NumRecordsToBeSavedWithDuplicates:0|NumDuplicateRecordsFound:0
17:10:05.0 (39790765)|DUPLICATE_DETECTION_END
17:10:05.0 (39797993)|CODE_UNIT_FINISHED|DuplicateDetector
17:10:05.0 (78609237)|DML_END|[7]
17:10:05.0 (78645278)|STATEMENT_EXECUTE|[9]
17:10:05.0 (78677167)|HEAP_ALLOCATE|[9]|Bytes:4
17:10:05.0 (78709253)|HEAP_ALLOCATE|[9]|Bytes:6
17:10:05.0 (78758625)|VARIABLE_ASSIGNMENT|[9]|this.Name|"Cuenta"|0x50b33304
17:10:05.0 (78798059)|VARIABLE_ASSIGNMENT|[9]|this.ParentId|"0011r00001noSsCAAU"|0x50b33304
17:10:05.0 (78944264)|HEAP_ALLOCATE|[11]|Bytes:4
17:10:05.0 (79013850)|VARIABLE_ASSIGNMENT|[9]|this.Fecha_ultima_actividad_mas_reciente__c|"2018-01-11T00:00:00.000Z"|0x50b33304
17:10:05.0 (79052919)|VARIABLE_SCOPE_BEGIN|[9]|oAccount|Account|true|false
17:10:05.0 (79084026)|VARIABLE_ASSIGNMENT|[9]|oAccount|{"Name":"Cuenta","ParentId":"0011r00001noSsCAAU","Fecha_ultima_activid (18 more) ...":"2018-01-11T00:00:00.000Z"}|0x50b33304
17:10:05.0 (79093237)|STATEMENT_EXECUTE|[12]
17:10:05.0 (79113560)|HEAP_ALLOCATE|[12]|Bytes:8
17:10:05.0 (79125142)|DML_BEGIN|[12]|Op:Insert|Type:Account|Rows:1
17:10:05.0 (79163516)|HEAP_ALLOCATE|[EXTERNAL]|Bytes:8
17:10:05.0 (83604206)|CODE_UNIT_STARTED|[EXTERNAL]|DuplicateDetector
17:10:05.0 (83633249)|DUPLICATE_DETECTION_BEGIN
17:10:05.0 (83704943)|DUPLICATE_DETECTION_RULE_INVOCATION|DuplicateRuleId:0Bm1r0000018X88|DuplicateRuleName:Standard Account Duplicate Rule|DmlType:INSERT
17:10:05.0 (95035780)|DUPLICATE_DETECTION_MATCH_INVOCATION_DETAILS|EntityType:Account|ActionTaken:Allow_[Alert,Report]|DuplicateRecordIds:
17:10:05.0 (95065438)|DUPLICATE_DETECTION_MATCH_INVOCATION_SUMMARY|EntityType:Account|NumRecordsToBeSaved:1|NumRecordsToBeSavedWithDuplicates:0|NumDuplicateRecordsFound:0
17:10:05.0 (95211432)|DUPLICATE_DETECTION_END
17:10:05.0 (95218581)|CODE_UNIT_FINISHED|DuplicateDetector
17:10:05.0 (115645408)|DML_END|[12]
17:10:05.0 (115688833)|STATEMENT_EXECUTE|[14]
17:10:05.0 (115769772)|HEAP_ALLOCATE|[14]|Bytes:4
17:10:05.0 (115896576)|HEAP_ALLOCATE|[14]|Bytes:11
17:10:05.0 (115951776)|VARIABLE_ASSIGNMENT|[14]|this.Name|"Oportunidad"|0x1029f50b
17:10:05.0 (116037191)|HEAP_ALLOCATE|[15]|Bytes:4
17:10:05.0 (116086935)|VARIABLE_ASSIGNMENT|[14]|this.CloseDate|"2020-01-11T00:00:00.000Z"|0x1029f50b
17:10:05.0 (116095978)|HEAP_ALLOCATE|[16]|Bytes:11
17:10:05.0 (116111872)|VARIABLE_ASSIGNMENT|[14]|this.StageName|"Prospecting"|0x1029f50b
17:10:05.0 (116149522)|VARIABLE_ASSIGNMENT|[14]|this.AccountId|"0011r00001noSsDAAU"|0x1029f50b
17:10:05.0 (116185676)|VARIABLE_SCOPE_BEGIN|[14]|oOpportunity|Opportunity|true|false
17:10:05.0 (116216422)|VARIABLE_ASSIGNMENT|[14]|oOpportunity|{"Name":"Oportunidad","CloseDate":"2020-01-11T00:00:00.000Z","StageName":"Prospecting","AccountId":"0011r00001noSsDAAU"}|0x1029f50b
17:10:05.0 (116224455)|STATEMENT_EXECUTE|[18]
17:10:05.0 (116243416)|HEAP_ALLOCATE|[18]|Bytes:8
17:10:05.0 (116255670)|DML_BEGIN|[18]|Op:Insert|Type:Opportunity|Rows:1
17:10:05.0 (116297956)|HEAP_ALLOCATE|[EXTERNAL]|Bytes:8
17:10:05.0 (157934153)|CODE_UNIT_STARTED|[EXTERNAL]|01q1r000000Bcgl|ClosedOpportunityTrigger on Opportunity trigger event AfterInsert
17:10:05.0 (158017363)|HEAP_ALLOCATE|[EXTERNAL]|Bytes:8
17:10:05.0 (158428718)|HEAP_ALLOCATE|[EXTERNAL]|Bytes:8
17:10:05.0 (158454552)|VARIABLE_SCOPE_BEGIN|[1]|this|ClosedOpportunityTrigger|true|false
17:10:05.0 (158605619)|VARIABLE_ASSIGNMENT|[1]|this|{}|0x1c2dbfb5
17:10:05.0 (158725016)|HEAP_ALLOCATE|[EXTERNAL]|Bytes:8
17:10:05.0 (158863568)|VARIABLE_SCOPE_BEGIN|[1]|this|ClosedOpportunityTrigger|true|false
17:10:05.0 (158882407)|VARIABLE_ASSIGNMENT|[1]|this|{}|0x1c2dbfb5
17:10:05.0 (158899156)|STATEMENT_EXECUTE|[1]
17:10:05.0 (158902001)|STATEMENT_EXECUTE|[3]
17:10:05.0 (158959141)|HEAP_ALLOCATE|[3]|Bytes:4
17:10:05.0 (159119514)|HEAP_ALLOCATE|[EXTERNAL]|Bytes:4
17:10:05.0 (159136455)|VARIABLE_ASSIGNMENT|[3]|this.taskList|[]|0x1c2dbfb5
17:10:05.0 (159148776)|HEAP_ALLOCATE|[5]|Bytes:89
17:10:05.0 (159167860)|HEAP_ALLOCATE|[5]|Bytes:4
17:10:05.0 (159185430)|HEAP_ALLOCATE|[5]|Bytes:7
17:10:05.0 (159536764)|SOQL_EXECUTE_BEGIN|[5]|Aggregations:0|SELECT Id, StageName FROM Opportunity 
17:10:05.0 (165334080)|SOQL_EXECUTE_END|[5]|Rows:0
17:10:05.0 (165652144)|HEAP_ALLOCATE|[5]|Bytes:54
17:10:05.0 (165669810)|HEAP_ALLOCATE|[5]|Bytes:8
17:10:05.0 (165705086)|SYSTEM_METHOD_ENTRY|[7]|QueryLocatorIterator.QueryLocatorIterator()
17:10:05.0 (165716157)|STATEMENT_EXECUTE|[7]
17:10:05.0 (165732902)|SYSTEM_METHOD_EXIT|[7]|QueryLocatorIterator
17:10:05.0 (165745235)|HEAP_ALLOCATE|[5]|Bytes:28
17:10:05.0 (165764301)|HEAP_ALLOCATE|[5]|Bytes:8
17:10:05.0 (165768460)|HEAP_ALLOCATE|[5]|Bytes:8
17:10:05.0 (165775780)|VARIABLE_SCOPE_BEGIN|[15]|this|Database.QueryLocatorIterator|true|false
17:10:05.0 (165860362)|VARIABLE_ASSIGNMENT|[15]|this|{}|0x7a69b6ac
17:10:05.0 (165870589)|VARIABLE_SCOPE_BEGIN|[15]|values|List<SObject>|true|false
17:10:05.0 (165880908)|VARIABLE_ASSIGNMENT|[15]|values|null|
17:10:05.0 (165885674)|VARIABLE_SCOPE_BEGIN|[15]|ql|Database.QueryLocator|true|false
17:10:05.0 (165914110)|VARIABLE_ASSIGNMENT|[15]|ql|{"query":"SELECT Id, StageName (69 more) ..."}|0x1d232bab
17:10:05.0 (165919815)|VARIABLE_SCOPE_BEGIN|[15]|totalNumRecords|Integer|false|false
17:10:05.0 (165928855)|VARIABLE_ASSIGNMENT|[15]|totalNumRecords|0
17:10:05.0 (165933134)|VARIABLE_SCOPE_BEGIN|[15]|queryMoreSize|Integer|false|false
17:10:05.0 (165939822)|VARIABLE_ASSIGNMENT|[15]|queryMoreSize|50000
17:10:05.0 (166084287)|HEAP_ALLOCATE|[5]|Bytes:28
17:10:05.0 (166109234)|METHOD_ENTRY|[5]||Database.QueryLocatorIterator.hasNext()
17:10:05.0 (166145179)|METHOD_EXIT|[5]||Database.QueryLocatorIterator.hasNext()
17:10:05.0 (166184298)|VARIABLE_ASSIGNMENT|[5]|opp|null|
17:10:05.0 (166196441)|STATEMENT_EXECUTE|[5]
17:10:05.0 (166280030)|STATEMENT_EXECUTE|[12]
17:10:05.166 (166288090)|CUMULATIVE_LIMIT_USAGE
17:10:05.166 (166288090)|LIMIT_USAGE_FOR_NS|(default)|
  Number of SOQL queries: 1 out of 100
  Number of query rows: 0 out of 50000
  Number of SOSL queries: 0 out of 20
  Number of DML statements: 3 out of 150
  Number of DML rows: 3 out of 10000
  Maximum CPU time: 0 out of 10000
  Maximum heap size: 0 out of 6000000
  Number of callouts: 0 out of 100
  Number of Email Invocations: 0 out of 10
  Number of future calls: 0 out of 50
  Number of queueable jobs added to the queue: 0 out of 50
  Number of Mobile Apex push calls: 0 out of 10

17:10:05.166 (166288090)|CUMULATIVE_LIMIT_USAGE_END

17:10:05.0 (167167296)|CODE_UNIT_FINISHED|ClosedOpportunityTrigger on Opportunity trigger event AfterInsert
17:10:05.0 (168395984)|DML_END|[18]
17:10:05.0 (168416953)|STATEMENT_EXECUTE|[20]
17:10:05.0 (168451956)|HEAP_ALLOCATE|[20]|Bytes:4
17:10:05.0 (168485453)|VARIABLE_SCOPE_BEGIN|[20]|listTask|List<Task>|true|false
17:10:05.0 (168498689)|HEAP_ALLOCATE|[EXTERNAL]|Bytes:4
17:10:05.0 (168511972)|VARIABLE_ASSIGNMENT|[20]|listTask|[]|0x45ca6447
17:10:05.0 (168517876)|STATEMENT_EXECUTE|[22]
17:10:05.0 (168536234)|HEAP_ALLOCATE|[22]|Bytes:4
17:10:05.0 (168619639)|HEAP_ALLOCATE|[22]|Bytes:4
17:10:05.0 (168683689)|VARIABLE_ASSIGNMENT|[22]|this.Subject|"Task"|0x72a16684
17:10:05.0 (168691461)|HEAP_ALLOCATE|[23]|Bytes:6
17:10:05.0 (168708393)|VARIABLE_ASSIGNMENT|[22]|this.Priority|"Normal"|0x72a16684
17:10:05.0 (168714292)|HEAP_ALLOCATE|[24]|Bytes:11
17:10:05.0 (168727066)|VARIABLE_ASSIGNMENT|[22]|this.Status|"Not Started"|0x72a16684
17:10:05.0 (168769908)|VARIABLE_ASSIGNMENT|[22]|this.WhatId|"0011r00001noSsDAAU"|0x72a16684
17:10:05.0 (168838093)|HEAP_ALLOCATE|[26]|Bytes:4
17:10:05.0 (168890957)|VARIABLE_ASSIGNMENT|[22]|this.ActivityDate|"2020-01-11T00:00:00.000Z"|0x72a16684
17:10:05.0 (168923032)|VARIABLE_SCOPE_BEGIN|[22]|oTask|Task|true|false
17:10:05.0 (168946034)|VARIABLE_ASSIGNMENT|[22]|oTask|{"Subject":"Task","Priority":"Normal","Status":"Not Started","WhatId":"0011r00001noSsDAAU","ActivityDate":"2020-01-11T00:00:00.000Z"}|0x72a16684
17:10:05.0 (168953887)|STATEMENT_EXECUTE|[28]
17:10:05.0 (168987593)|HEAP_ALLOCATE|[EXTERNAL]|Bytes:4
17:10:05.0 (168996195)|STATEMENT_EXECUTE|[30]
17:10:05.0 (169012891)|HEAP_ALLOCATE|[30]|Bytes:4
17:10:05.0 (169023559)|HEAP_ALLOCATE|[30]|Bytes:5
17:10:05.0 (169041208)|VARIABLE_ASSIGNMENT|[30]|this.Subject|"Task2"|0x33f959bb
17:10:05.0 (169054708)|VARIABLE_ASSIGNMENT|[30]|this.Priority|"Normal"|0x33f959bb
17:10:05.0 (169060790)|HEAP_ALLOCATE|[32]|Bytes:11
17:10:05.0 (169071180)|VARIABLE_ASSIGNMENT|[30]|this.Status|"in Progress"|0x33f959bb
17:10:05.0 (169101573)|VARIABLE_ASSIGNMENT|[30]|this.WhatId|"0061r00000vkaQGAAY"|0x33f959bb
17:10:05.0 (169140162)|HEAP_ALLOCATE|[34]|Bytes:4
17:10:05.0 (169165569)|VARIABLE_ASSIGNMENT|[30]|this.ActivityDate|"2022-01-11T00:00:00.000Z"|0x33f959bb
17:10:05.0 (169182922)|VARIABLE_SCOPE_BEGIN|[30]|oTask2|Task|true|false
17:10:05.0 (169200482)|VARIABLE_ASSIGNMENT|[30]|oTask2|{"Subject":"Task2","Priority":"Normal","Status":"in Progress","WhatId":"0061r00000vkaQGAAY","ActivityDate":"2022-01-11T00:00:00.000Z"}|0x33f959bb
17:10:05.0 (169207278)|STATEMENT_EXECUTE|[38]
17:10:05.0 (169248574)|DML_BEGIN|[38]|Op:Insert|Type:Task|Rows:1
17:10:05.0 (169286924)|HEAP_ALLOCATE|[EXTERNAL]|Bytes:8
17:10:05.0 (192782281)|DML_END|[38]
17:10:05.0 (192893496)|HEAP_ALLOCATE|[EXTERNAL]|Bytes:8
17:10:05.0 (192925849)|STATEMENT_EXECUTE|[40]
17:10:05.0 (193070603)|USER_DEBUG|[40]|DEBUG|Task:{Subject=Task, Priority=Normal, Status=Not Started, WhatId=0011r00001noSsDAAU, ActivityDate=2020-01-11 00:00:00, Id=00T1r00004COtRaEAL}
17:10:05.0 (193304500)|HEAP_ALLOCATE|[44]|Bytes:5
17:10:05.0 (193368903)|HEAP_ALLOCATE|[44]|Bytes:28
17:10:05.0 (193386392)|VARIABLE_SCOPE_BEGIN|[44]|inTask|Task|true|false
17:10:05.0 (193456025)|VARIABLE_ASSIGNMENT|[44]|inTask|{"Subject":"Task","Priority":"Normal","Status":"Not Started","WhatId":"0011r00001noSsDAAU","ActivityDate":"2020-01-11T00:00:00.000Z","Id":"00T1r00004COtRaEAL"}|0x72a16684
17:10:05.0 (193470558)|STATEMENT_EXECUTE|[44]
17:10:05.0 (193473674)|STATEMENT_EXECUTE|[45]
17:10:05.0 (193534927)|USER_DEBUG|[45]|DEBUG|00T1r00004COtRaEAL
17:10:05.0 (193549429)|STATEMENT_EXECUTE|[46]
17:10:05.0 (193557422)|HEAP_ALLOCATE|[46]|Bytes:9
17:10:05.0 (193628968)|VARIABLE_ASSIGNMENT|[46]|this.Status|"Completed"|0x72a16684
17:10:05.0 (193653283)|HEAP_ALLOCATE|[44]|Bytes:5
17:10:05.0 (193673579)|VARIABLE_ASSIGNMENT|[44]|inTask|null|
17:10:05.0 (193683893)|STATEMENT_EXECUTE|[49]
17:10:05.0 (193748308)|USER_DEBUG|[49]|DEBUG|Task:{Subject=Task, Priority=Normal, Status=Completed, WhatId=0011r00001noSsDAAU, ActivityDate=2020-01-11 00:00:00, Id=00T1r00004COtRaEAL}
17:10:05.0 (193765109)|STATEMENT_EXECUTE|[53]
17:10:05.0 (193844324)|USER_DEBUG|[53]|DEBUG|(Task:{Subject=Task, Priority=Normal, Status=Completed, WhatId=0011r00001noSsDAAU, ActivityDate=2020-01-11 00:00:00, Id=00T1r00004COtRaEAL})
17:10:05.0 (193859568)|STATEMENT_EXECUTE|[55]
17:10:05.0 (193910346)|DML_BEGIN|[55]|Op:Update|Type:Task|Rows:1
17:10:05.0 (193966287)|HEAP_ALLOCATE|[EXTERNAL]|Bytes:8
17:10:05.0 (218922396)|CODE_UNIT_STARTED|[EXTERNAL]|01q1r000000j6Yv|TaskTrigger on Task trigger event AfterUpdate
17:10:05.0 (218985495)|HEAP_ALLOCATE|[EXTERNAL]|Bytes:8
17:10:05.0 (219037507)|HEAP_ALLOCATE|[EXTERNAL]|Bytes:8
17:10:05.0 (219187939)|HEAP_ALLOCATE|[EXTERNAL]|Bytes:12
17:10:05.0 (219205323)|VARIABLE_SCOPE_BEGIN|[1]|this|TaskTrigger|true|false
17:10:05.0 (219299208)|VARIABLE_ASSIGNMENT|[1]|this|{}|0x34446a76
17:10:05.0 (219377831)|HEAP_ALLOCATE|[EXTERNAL]|Bytes:12
17:10:05.0 (219443120)|VARIABLE_SCOPE_BEGIN|[1]|this|TaskTrigger|true|false
17:10:05.0 (219460332)|VARIABLE_ASSIGNMENT|[1]|this|{}|0x34446a76
17:10:05.0 (219471053)|STATEMENT_EXECUTE|[1]
17:10:05.0 (219473711)|STATEMENT_EXECUTE|[3]
17:10:05.0 (221259528)|VARIABLE_ASSIGNMENT|[3]|this.listNew|[{"Status":"Completed","LastModifiedDate":"2018-04-17T15:10:05.000Z","IsDeleted":false,"AccountId":"0011r00001noSsDAAU","WhatId":"0011r00001noSsDAAU","ActivityDate":"2020-01-11T00:00:00.000Z","Priority":"Normal","IsHighPriority":false,"IsClosed":true,"IsRecurrence":false,"Subject":"Task","SystemModstamp":"2018-04-17T15:10:05.000Z","IsArchived":false,"CreatedById":"0051r000007Oz5QAAS","TaskSubtype":"Task","OwnerId":"0051r000007Oz5QAAS","CreatedDate":"2018-04-17T15:10:05.000Z","Id":"00T1r00004COtRaEAL","DB_Activity_Type__c":"Other","IsReminderSet":false,"LastModifiedById":"0051r000007Oz5QAAS"}]|0x34446a76
17:10:05.0 (221284977)|STATEMENT_EXECUTE|[5]
17:10:05.0 (222166447)|VARIABLE_ASSIGNMENT|[5]|this.mapOld|{"00T1r00004COtRaEAL":{"Status":"Not Started","LastModifiedDate":"2018-04-17T15:10:05.000Z","IsDeleted":false,"AccountId":"0011r00001noSsDAAU","WhatId":"0011r00001noSsDAAU","ActivityDate":"2020-01-11T00:00:00.000Z","Priority":"Normal","IsHighPriority":false,"IsClosed":false,"IsRecurrence":false,"Subject":"Task","SystemModstamp":"2018-04-17T15:10:05.000Z","IsArchived":false,"CreatedById":"0051r000007Oz5QAAS","TaskSubtype":"Task","OwnerId":"0051r000007Oz5QAAS","CreatedDate":"2018-04-17T15:10:05.000Z","Id":"00T1r00004COtRaEAL","DB_Activity_Type__c":"Other","IsReminderSet":false,"LastModifiedById":"0051r000007Oz5QAAS"}}|0x34446a76
17:10:05.0 (222195728)|STATEMENT_EXECUTE|[8]
17:10:05.0 (222202149)|STATEMENT_EXECUTE|[9]
17:10:05.0 (222205017)|STATEMENT_EXECUTE|[10]
17:10:05.0 (224191743)|HEAP_ALLOCATE|[10]|Bytes:4
17:10:05.0 (224205002)|HEAP_ALLOCATE|[10]|Bytes:25
17:10:05.0 (224223619)|METHOD_ENTRY|[1]|01p1r000009oS6S|TaskMethods.TaskMethods()
17:10:05.0 (224231506)|STATEMENT_EXECUTE|[1]
17:10:05.0 (224237785)|STATEMENT_EXECUTE|[1]
17:10:05.0 (224725306)|SYSTEM_MODE_ENTER|false
17:10:05.0 (224740493)|HEAP_ALLOCATE|[10]|Bytes:5
17:10:05.0 (224749651)|SYSTEM_MODE_EXIT|false
17:10:05.0 (224762520)|METHOD_EXIT|[1]|TaskMethods
17:10:05.0 (224798432)|METHOD_ENTRY|[10]|01p1r000009oS6S|TaskMethods.CerrarTarea(List<Task>, Map<Id,Task>)
17:10:05.0 (224842304)|VARIABLE_SCOPE_BEGIN|[3]|listTask|List<Task>|true|false
17:10:05.0 (225342075)|VARIABLE_ASSIGNMENT|[3]|listTask|[{"Status":"Completed","LastModifiedDate":"2018-04-17T15:10:05.000Z","IsDeleted":false,"AccountId":"0011r00001noSsDAAU","WhatId":"0011r00001noSsDAAU","ActivityDate":"2020-01-11T00:00:00.000Z","Priority":"Normal","IsHighPriority":false,"IsClosed":true,"IsRecurrence":false,"Subject":"Task","SystemModstamp":"2018-04-17T15:10:05.000Z","IsArchived":false,"CreatedById":"0051r000007Oz5QAAS","TaskSubtype":"Task","OwnerId":"0051r000007Oz5QAAS","CreatedDate":"2018-04-17T15:10:05.000Z","Id":"00T1r00004COtRaEAL","DB_Activity_Type__c":"Other","IsReminderSet":false,"LastModifiedById":"0051r000007Oz5QAAS"}]|0x1055ad42
17:10:05.0 (225361213)|VARIABLE_SCOPE_BEGIN|[3]|mapTaskOld|Map<Id,Task>|true|false
17:10:05.0 (225771889)|VARIABLE_ASSIGNMENT|[3]|mapTaskOld|{"00T1r00004COtRaEAL":{"Status":"Not Started","LastModifiedDate":"2018-04-17T15:10:05.000Z","IsDeleted":false,"AccountId":"0011r00001noSsDAAU","WhatId":"0011r00001noSsDAAU","ActivityDate":"2020-01-11T00:00:00.000Z","Priority":"Normal","IsHighPriority":false,"IsClosed":false,"IsRecurrence":false,"Subject":"Task","SystemModstamp":"2018-04-17T15:10:05.000Z","IsArchived":false,"CreatedById":"0051r000007Oz5QAAS","TaskSubtype":"Task","OwnerId":"0051r000007Oz5QAAS","CreatedDate":"2018-04-17T15:10:05.000Z","Id":"00T1r00004COtRaEAL","DB_Activity_Type__c":"Other","IsReminderSet":false,"LastModifiedById":"0051r000007Oz5QAAS"}}|0x7b2e208
17:10:05.0 (225811926)|SYSTEM_MODE_ENTER|false
17:10:05.0 (225820092)|HEAP_ALLOCATE|[5]|Bytes:5
17:10:05.0 (225826065)|STATEMENT_EXECUTE|[3]
17:10:05.0 (225884567)|STATEMENT_EXECUTE|[5]
17:10:05.0 (225890695)|STATEMENT_EXECUTE|[8]
17:10:05.0 (225938309)|HEAP_ALLOCATE|[8]|Bytes:4
17:10:05.0 (226000281)|VARIABLE_SCOPE_BEGIN|[8]|listAcUpdate|List<Account>|true|false
17:10:05.0 (226011918)|HEAP_ALLOCATE|[EXTERNAL]|Bytes:4
17:10:05.0 (226021424)|VARIABLE_ASSIGNMENT|[8]|listAcUpdate|[]|0x67461b8b
17:10:05.0 (226027804)|STATEMENT_EXECUTE|[11]
17:10:05.0 (226041682)|HEAP_ALLOCATE|[11]|Bytes:4
17:10:05.0 (226101384)|VARIABLE_SCOPE_BEGIN|[11]|setTaskIds|Set<String>|true|false
17:10:05.0 (226131210)|VARIABLE_ASSIGNMENT|[11]|setTaskIds|[]|0x174da5f9
17:10:05.0 (226169113)|HEAP_ALLOCATE|[13]|Bytes:5
17:10:05.0 (226191485)|VARIABLE_SCOPE_BEGIN|[13]|inTask|Task|true|false
17:10:05.0 (226470512)|VARIABLE_ASSIGNMENT|[13]|inTask|{"Status":"Completed","LastModifiedDate":"2018-04-17T15:10:05.000Z","IsDeleted":false,"AccountId":"0011r00001noSsDAAU","WhatId":"0011r00001noSsDAAU","ActivityDate":"2020-01-11T00:00:00.000Z","Priority":"Normal","IsHighPriority":false,"IsClosed":true,"IsRecurrence":false,"Subject":"Task","SystemModstamp":"2018-04-17T15:10:05.000Z","IsArchived":false,"CreatedById":"0051r000007Oz5QAAS","TaskSubtype":"Task","OwnerId":"0051r000007Oz5QAAS","CreatedDate":"2018-04-17T15:10:05.000Z","Id":"00T1r00004COtRaEAL","DB_Activity_Type__c":"Other","IsReminderSet":false,"LastModifiedById":"0051r000007Oz5QAAS"}|0x2a4f35ef
17:10:05.0 (226487564)|STATEMENT_EXECUTE|[13]
17:10:05.0 (226611793)|STATEMENT_EXECUTE|[14]
17:10:05.0 (226614696)|STATEMENT_EXECUTE|[15]
17:10:05.0 (226650778)|HEAP_ALLOCATE|[EXTERNAL]|Bytes:4
17:10:05.0 (226672869)|HEAP_ALLOCATE|[13]|Bytes:5
17:10:05.0 (226686778)|VARIABLE_ASSIGNMENT|[13]|inTask|null|
17:10:05.0 (226693005)|STATEMENT_EXECUTE|[20]
17:10:05.0 (226709709)|HEAP_ALLOCATE|[20]|Bytes:4
17:10:05.0 (226728615)|HEAP_ALLOCATE|[20]|Bytes:218
17:10:05.0 (226744404)|HEAP_ALLOCATE|[20]|Bytes:4
17:10:05.0 (226778384)|HEAP_ALLOCATE|[20]|Bytes:8
17:10:05.0 (226786806)|HEAP_ALLOCATE|[20]|Bytes:8
17:10:05.0 (227456716)|SOQL_EXECUTE_BEGIN|[20]|Aggregations:0|SELECT WhatId, ActivityDate, TYPEOF What WHEN Account THEN Id, Parent.Fecha_ultima_actividad_mas_reciente__c WHEN Opportunity THEN Account.Parent.Fecha_ultima_actividad_mas_reciente__c END FROM Task WHERE Id = :tmpVar1
17:10:05.0 (236839208)|SOQL_EXECUTE_END|[20]|Rows:1
17:10:05.0 (236880469)|HEAP_ALLOCATE|[20]|Bytes:8
17:10:05.0 (236916169)|HEAP_ALLOCATE|[20]|Bytes:181
17:10:05.0 (236974403)|HEAP_ALLOCATE|[20]|Bytes:8
17:10:05.0 (237017215)|HEAP_ALLOCATE|[20]|Bytes:20
17:10:05.0 (237023308)|HEAP_ALLOCATE|[20]|Bytes:20
17:10:05.0 (237026295)|HEAP_ALLOCATE|[20]|Bytes:4
17:10:05.0 (237037714)|VARIABLE_SCOPE_BEGIN|[20]|listTaskType|List<Task>|true|false
17:10:05.0 (237051904)|HEAP_ALLOCATE|[EXTERNAL]|Bytes:8
17:10:05.0 (237101751)|VARIABLE_ASSIGNMENT|[20]|listTaskType|[{"WhatId":"0011r00001noSsDAAU","ActivityDate":"2020-01-11T00:00:00.000Z","Id":"00T1r00004COtRaEAL","What":{"Id":"0011r00001noSsDAAU","ParentId":"0011r00001noSsCAAU","Parent":{"Id":"0011r00001noSsCAAU"}}}]|0x1eb84276
17:10:05.0 (237116343)|STATEMENT_EXECUTE|[28]
17:10:05.0 (237123606)|HEAP_ALLOCATE|[28]|Bytes:40
17:10:05.0 (237240516)|HEAP_ALLOCATE|[28]|Bytes:91
17:10:05.0 (237261865)|HEAP_ALLOCATE|[28]|Bytes:131
17:10:05.0 (237279205)|USER_DEBUG|[28]|DEBUG|TaskMethods.CerrarTarea.listTaskType :: (Task:{WhatId=0011r00001noSsDAAU, ActivityDate=2020-01-11 00:00:00, Id=00T1r00004COtRaEAL})
17:10:05.0 (237332041)|HEAP_ALLOCATE|[31]|Bytes:5
17:10:05.0 (237346790)|HEAP_ALLOCATE|[31]|Bytes:20
17:10:05.0 (237357427)|VARIABLE_SCOPE_BEGIN|[31]|inTask|Task|true|false
17:10:05.0 (237380611)|VARIABLE_ASSIGNMENT|[31]|inTask|{"WhatId":"0011r00001noSsDAAU","ActivityDate":"2020-01-11T00:00:00.000Z","Id":"00T1r00004COtRaEAL","What":{"Id":"0011r00001noSsDAAU","ParentId":"0011r00001noSsCAAU","Parent":{"Id":"0011r00001noSsCAAU"}}}|0x5fd53013
17:10:05.0 (237390871)|STATEMENT_EXECUTE|[31]
17:10:05.0 (237431446)|HEAP_ALLOCATE|[32]|Bytes:37
17:10:05.0 (237470624)|HEAP_ALLOCATE|[38]|Bytes:33
17:10:05.0 (237481523)|STATEMENT_EXECUTE|[38]
17:10:05.0 (237483773)|STATEMENT_EXECUTE|[39]
17:10:05.0 (237486354)|HEAP_ALLOCATE|[39]|Bytes:7
17:10:05.0 (237505373)|USER_DEBUG|[39]|DEBUG|Account
17:10:05.0 (237549674)|STATEMENT_EXECUTE|[41]
17:10:05.0 (237560648)|HEAP_ALLOCATE|[31]|Bytes:5
17:10:05.0 (237574184)|VARIABLE_ASSIGNMENT|[31]|inTask|null|
17:10:05.0 (237580968)|STATEMENT_EXECUTE|[47]
17:10:05.0 (237584014)|HEAP_ALLOCATE|[47]|Bytes:13
17:10:05.0 (237612035)|HEAP_ALLOCATE|[47]|Bytes:2
17:10:05.0 (237623843)|HEAP_ALLOCATE|[47]|Bytes:15
17:10:05.0 (237632219)|USER_DEBUG|[47]|DEBUG|listAcUpdate ()
17:10:05.0 (237639197)|STATEMENT_EXECUTE|[48]
17:10:05.0 (237681667)|HEAP_ALLOCATE|[EXTERNAL]|Bytes:4
17:10:05.0 (237692968)|SYSTEM_MODE_EXIT|false
17:10:05.0 (237707758)|METHOD_EXIT|[10]|01p1r000009oS6S|TaskMethods.CerrarTarea(List<Task>, Map<Id,Task>)
17:10:05.237 (237722620)|CUMULATIVE_LIMIT_USAGE
17:10:05.237 (237722620)|LIMIT_USAGE_FOR_NS|(default)|
  Number of SOQL queries: 2 out of 100
  Number of query rows: 1 out of 50000
  Number of SOSL queries: 0 out of 20
  Number of DML statements: 5 out of 150
  Number of DML rows: 5 out of 10000
  Maximum CPU time: 0 out of 10000
  Maximum heap size: 0 out of 6000000
  Number of callouts: 0 out of 100
  Number of Email Invocations: 0 out of 10
  Number of future calls: 0 out of 50
  Number of queueable jobs added to the queue: 0 out of 50
  Number of Mobile Apex push calls: 0 out of 10

17:10:05.237 (237722620)|CUMULATIVE_LIMIT_USAGE_END

17:10:05.0 (239412827)|CODE_UNIT_FINISHED|TaskTrigger on Task trigger event AfterUpdate
17:10:05.0 (240078301)|DML_END|[55]
17:10:05.0 (240116996)|HEAP_ALLOCATE|[EXTERNAL]|Bytes:8
17:10:05.0 (240130167)|STATEMENT_EXECUTE|[57]
17:10:05.0 (240136025)|HEAP_ALLOCATE|[57]|Bytes:82
17:10:05.0 (240158627)|HEAP_ALLOCATE|[57]|Bytes:4
17:10:05.0 (240373906)|SOQL_EXECUTE_BEGIN|[57]|Aggregations:0|SELECT Id, Fecha_ultima_actividad_mas_reciente__c FROM Account WHERE Id = :tmpVar1
17:10:05.0 (243567465)|SOQL_EXECUTE_END|[57]|Rows:1
17:10:05.0 (243592547)|HEAP_ALLOCATE|[57]|Bytes:8
17:10:05.0 (243609629)|HEAP_ALLOCATE|[57]|Bytes:75
17:10:05.0 (243645815)|HEAP_ALLOCATE|[57]|Bytes:8
17:10:05.0 (243658783)|VARIABLE_SCOPE_BEGIN|[57]|listAccountCheck|List<Account>|true|false
17:10:05.0 (243699143)|VARIABLE_ASSIGNMENT|[57]|listAccountCheck|[{"Id":"0011r00001noSsDAAU","Fecha_ultima_activid (18 more) ...":"2018-01-11T00:00:00.000Z"}]|0x4978e1f2
17:10:05.0 (243708256)|STATEMENT_EXECUTE|[59]
17:10:05.0 (243773733)|USER_DEBUG|[59]|DEBUG|(Account:{Id=0011r00001noSsDAAU, Fecha_ultima_actividad_mas_reciente__c=2018-01-11 00:00:00})
17:10:05.0 (243785264)|STATEMENT_EXECUTE|[61]
17:10:05.0 (243825403)|HEAP_ALLOCATE|[61]|Bytes:12
17:10:05.0 (243865214)|HEAP_ALLOCATE|[61]|Bytes:28
17:10:05.0 (243968694)|EXCEPTION_THROWN|[61]|System.AssertException: Assertion Failed: Expected: 2018-01-11 00:00:00, Actual: 2020-01-11 00:00:00
17:10:05.0 (244066688)|HEAP_ALLOCATE|[61]|Bytes:80
17:10:05.0 (244136552)|FATAL_ERROR|System.AssertException: Assertion Failed: Expected: 2018-01-11 00:00:00, Actual: 2020-01-11 00:00:00

Class.TaskTest.testCerrarTarea: line 61, column 1
17:10:05.0 (244160659)|FATAL_ERROR|System.AssertException: Assertion Failed: Expected: 2018-01-11 00:00:00, Actual: 2020-01-11 00:00:00

Class.TaskTest.testCerrarTarea: line 61, column 1
17:10:05.244 (244167481)|CUMULATIVE_LIMIT_USAGE
17:10:05.244 (244167481)|LIMIT_USAGE_FOR_NS|(default)|
  Number of SOQL queries: 3 out of 100
  Number of query rows: 2 out of 50000
  Number of SOSL queries: 0 out of 20
  Number of DML statements: 5 out of 150
  Number of DML rows: 5 out of 10000
  Maximum CPU time: 0 out of 10000
  Maximum heap size: 0 out of 6000000
  Number of callouts: 0 out of 100
  Number of Email Invocations: 0 out of 10
  Number of future calls: 0 out of 50
  Number of queueable jobs added to the queue: 0 out of 50
  Number of Mobile Apex push calls: 0 out of 10

17:10:05.244 (244167481)|CUMULATIVE_LIMIT_USAGE_END

17:10:05.0 (244202008)|CODE_UNIT_FINISHED|TaskTest.testCerrarTarea
17:10:05.0 (245386803)|EXECUTION_FINISHED
17:10:05.374 (374019376)|USER_INFO|[EXTERNAL]|0051r000007Oz5Q|lydia.abril@gmail.com|hora estándar de Europa central|GMT+02:00
17:10:05.374 (374046343)|EXECUTION_STARTED
17:10:05.374 (374051363)|CODE_UNIT_STARTED|[EXTERNAL]|DuplicateDetector
17:10:05.374 (374065108)|DUPLICATE_DETECTION_BEGIN
17:10:05.374 (374119719)|DUPLICATE_DETECTION_RULE_INVOCATION|DuplicateRuleId:0Bm1r0000018X88|DuplicateRuleName:Standard Account Duplicate Rule|DmlType:INSERT
17:10:05.374 (386413454)|DUPLICATE_DETECTION_END
17:10:05.374 (386425899)|CODE_UNIT_FINISHED|DuplicateDetector
17:10:05.374 (387726431)|EXECUTION_FINISHED
