36.0 APEX_CODE,FINEST;APEX_PROFILING,INFO;CALLOUT,INFO;DB,INFO;SYSTEM,DEBUG;VALIDATION,INFO;VISUALFORCE,INFO;WAVE,INFO;WORKFLOW,INFO
14:05:08.0 (419960)|USER_INFO|[EXTERNAL]|0051r000007Oz5Q|lydia.abril@gmail.com|hora estándar de Europa central|GMT+02:00
14:05:08.0 (464288)|EXECUTION_STARTED
14:05:08.0 (470649)|CODE_UNIT_STARTED|[EXTERNAL]|01q1r000000j6Yv|TaskTrigger on Task trigger event AfterUpdate
14:05:08.0 (531551)|HEAP_ALLOCATE|[EXTERNAL]|Bytes:8
14:05:08.0 (587666)|HEAP_ALLOCATE|[EXTERNAL]|Bytes:8
14:05:08.0 (1060150)|HEAP_ALLOCATE|[72]|Bytes:3
14:05:08.0 (1110825)|HEAP_ALLOCATE|[77]|Bytes:152
14:05:08.0 (1137708)|HEAP_ALLOCATE|[342]|Bytes:408
14:05:08.0 (1157556)|HEAP_ALLOCATE|[355]|Bytes:408
14:05:08.0 (1169310)|HEAP_ALLOCATE|[467]|Bytes:48
14:05:08.0 (1198654)|HEAP_ALLOCATE|[139]|Bytes:6
14:05:08.0 (1348232)|HEAP_ALLOCATE|[EXTERNAL]|Bytes:12
14:05:08.0 (1358763)|VARIABLE_SCOPE_BEGIN|[1]|this|TaskTrigger|true|false
14:05:08.0 (1439499)|VARIABLE_ASSIGNMENT|[1]|this|{}|0xdd49d1f
14:05:08.0 (1502194)|HEAP_ALLOCATE|[EXTERNAL]|Bytes:12
14:05:08.0 (1526786)|VARIABLE_SCOPE_BEGIN|[1]|this|TaskTrigger|true|false
14:05:08.0 (1541416)|VARIABLE_ASSIGNMENT|[1]|this|{}|0xdd49d1f
14:05:08.0 (1550871)|STATEMENT_EXECUTE|[1]
14:05:08.0 (1553313)|STATEMENT_EXECUTE|[3]
14:05:08.0 (1583720)|HEAP_ALLOCATE|[50]|Bytes:5
14:05:08.0 (1606548)|HEAP_ALLOCATE|[56]|Bytes:5
14:05:08.0 (1615400)|HEAP_ALLOCATE|[64]|Bytes:7
14:05:08.0 (2770854)|VARIABLE_ASSIGNMENT|[3]|this.listNew|[{"Status":"Not Started","LastModifiedDate":"2018-04-17T12:05:08.000Z","IsDeleted":false,"AccountId":"0011r00001nnRDqAAM","WhatId":"0061r00000vkPBBAA2","ActivityDate":"2020-04-30T00:00:00.000Z","Priority":"Normal","IsHighPriority":false,"IsClosed":false,"IsRecurrence":false,"Subject":"bbbbb","SystemModstamp":"2018-04-17T12:05:08.000Z","IsArchived":false,"CreatedById":"0051r000007Oz5QAAS","TaskSubtype":"Task","OwnerId":"0051r000007Oz5QAAS","CreatedDate":"2018-04-17T12:04:48.000Z","Id":"00T1r00004COjZSEA1","DB_Activity_Type__c":"Other","IsReminderSet":false,"LastModifiedById":"0051r000007Oz5QAAS"}]|0xdd49d1f
14:05:08.0 (2807074)|STATEMENT_EXECUTE|[5]
14:05:08.0 (3140357)|VARIABLE_ASSIGNMENT|[5]|this.mapOld|{"00T1r00004COjZSEA1":{"Status":"Not Started","LastModifiedDate":"2018-04-17T12:04:48.000Z","IsDeleted":false,"AccountId":"0011r00001nnRDqAAM","WhatId":"0061r00000vkPBBAA2","Priority":"Normal","IsHighPriority":false,"IsClosed":false,"IsRecurrence":false,"Subject":"bbbbb","SystemModstamp":"2018-04-17T12:04:48.000Z","IsArchived":false,"CreatedById":"0051r000007Oz5QAAS","TaskSubtype":"Task","OwnerId":"0051r000007Oz5QAAS","CreatedDate":"2018-04-17T12:04:48.000Z","Id":"00T1r00004COjZSEA1","DB_Activity_Type__c":"Other","IsReminderSet":false,"LastModifiedById":"0051r000007Oz5QAAS"}}|0xdd49d1f
14:05:08.0 (3169701)|STATEMENT_EXECUTE|[8]
14:05:08.0 (3176359)|STATEMENT_EXECUTE|[9]
14:05:08.0 (3178224)|STATEMENT_EXECUTE|[10]
14:05:08.0 (5224432)|HEAP_ALLOCATE|[10]|Bytes:4
14:05:08.0 (5237328)|HEAP_ALLOCATE|[10]|Bytes:45
14:05:08.0 (5259095)|METHOD_ENTRY|[1]|01p1r000009oS6S|TaskMethods.TaskMethods()
14:05:08.0 (5267059)|STATEMENT_EXECUTE|[1]
14:05:08.0 (5272913)|STATEMENT_EXECUTE|[1]
14:05:08.0 (5658545)|SYSTEM_MODE_ENTER|false
14:05:08.0 (5679709)|HEAP_ALLOCATE|[10]|Bytes:5
14:05:08.0 (5691817)|SYSTEM_MODE_EXIT|false
14:05:08.0 (5706248)|METHOD_EXIT|[1]|TaskMethods
14:05:08.0 (5747843)|METHOD_ENTRY|[10]|01p1r000009oS6S|TaskMethods.CerrarTarea(List<Task>, Map<Id,Task>)
14:05:08.0 (5787929)|VARIABLE_SCOPE_BEGIN|[3]|listTask|List<Task>|true|false
14:05:08.0 (6302651)|VARIABLE_ASSIGNMENT|[3]|listTask|[{"Status":"Not Started","LastModifiedDate":"2018-04-17T12:05:08.000Z","IsDeleted":false,"AccountId":"0011r00001nnRDqAAM","WhatId":"0061r00000vkPBBAA2","ActivityDate":"2020-04-30T00:00:00.000Z","Priority":"Normal","IsHighPriority":false,"IsClosed":false,"IsRecurrence":false,"Subject":"bbbbb","SystemModstamp":"2018-04-17T12:05:08.000Z","IsArchived":false,"CreatedById":"0051r000007Oz5QAAS","TaskSubtype":"Task","OwnerId":"0051r000007Oz5QAAS","CreatedDate":"2018-04-17T12:04:48.000Z","Id":"00T1r00004COjZSEA1","DB_Activity_Type__c":"Other","IsReminderSet":false,"LastModifiedById":"0051r000007Oz5QAAS"}]|0x3096b8a5
14:05:08.0 (6333204)|VARIABLE_SCOPE_BEGIN|[3]|mapTaskOld|Map<Id,Task>|true|false
14:05:08.0 (6813338)|VARIABLE_ASSIGNMENT|[3]|mapTaskOld|{"00T1r00004COjZSEA1":{"Status":"Not Started","LastModifiedDate":"2018-04-17T12:04:48.000Z","IsDeleted":false,"AccountId":"0011r00001nnRDqAAM","WhatId":"0061r00000vkPBBAA2","Priority":"Normal","IsHighPriority":false,"IsClosed":false,"IsRecurrence":false,"Subject":"bbbbb","SystemModstamp":"2018-04-17T12:04:48.000Z","IsArchived":false,"CreatedById":"0051r000007Oz5QAAS","TaskSubtype":"Task","OwnerId":"0051r000007Oz5QAAS","CreatedDate":"2018-04-17T12:04:48.000Z","Id":"00T1r00004COjZSEA1","DB_Activity_Type__c":"Other","IsReminderSet":false,"LastModifiedById":"0051r000007Oz5QAAS"}}|0x731ca19b
14:05:08.0 (6857256)|SYSTEM_MODE_ENTER|false
14:05:08.0 (6868647)|HEAP_ALLOCATE|[5]|Bytes:5
14:05:08.0 (6877394)|STATEMENT_EXECUTE|[3]
14:05:08.0 (6984585)|STATEMENT_EXECUTE|[5]
14:05:08.0 (6988381)|STATEMENT_EXECUTE|[8]
14:05:08.0 (7071526)|HEAP_ALLOCATE|[8]|Bytes:4
14:05:08.0 (7082236)|HEAP_ALLOCATE|[8]|Bytes:72
14:05:08.0 (7092799)|HEAP_ALLOCATE|[8]|Bytes:4
14:05:08.0 (7483399)|SOQL_EXECUTE_BEGIN|[8]|Aggregations:0|SELECT Id, Fecha_ultima_actividad_mas_reciente__c, ParentId FROM Account
14:05:08.0 (9530267)|SOQL_EXECUTE_END|[8]|Rows:19
14:05:08.0 (9554060)|HEAP_ALLOCATE|[8]|Bytes:80
14:05:08.0 (9583835)|HEAP_ALLOCATE|[8]|Bytes:673
14:05:08.0 (9633369)|HEAP_ALLOCATE|[8]|Bytes:80
14:05:08.0 (9671588)|HEAP_ALLOCATE|[8]|Bytes:16
14:05:08.0 (9686893)|HEAP_ALLOCATE|[8]|Bytes:4
14:05:08.0 (9693798)|HEAP_ALLOCATE|[8]|Bytes:8
14:05:08.0 (9699094)|HEAP_ALLOCATE|[8]|Bytes:4
14:05:08.0 (9702829)|HEAP_ALLOCATE|[8]|Bytes:8
14:05:08.0 (9707858)|HEAP_ALLOCATE|[8]|Bytes:4
14:05:08.0 (9711163)|HEAP_ALLOCATE|[8]|Bytes:8
14:05:08.0 (9716072)|HEAP_ALLOCATE|[8]|Bytes:4
14:05:08.0 (9719551)|HEAP_ALLOCATE|[8]|Bytes:8
14:05:08.0 (9724194)|HEAP_ALLOCATE|[8]|Bytes:4
14:05:08.0 (9727324)|HEAP_ALLOCATE|[8]|Bytes:8
14:05:08.0 (9731762)|HEAP_ALLOCATE|[8]|Bytes:4
14:05:08.0 (9734879)|HEAP_ALLOCATE|[8]|Bytes:8
14:05:08.0 (9739272)|HEAP_ALLOCATE|[8]|Bytes:4
14:05:08.0 (9742380)|HEAP_ALLOCATE|[8]|Bytes:8
14:05:08.0 (9747054)|HEAP_ALLOCATE|[8]|Bytes:4
14:05:08.0 (9750262)|HEAP_ALLOCATE|[8]|Bytes:12
14:05:08.0 (9755079)|HEAP_ALLOCATE|[8]|Bytes:4
14:05:08.0 (9758416)|HEAP_ALLOCATE|[8]|Bytes:8
14:05:08.0 (9762822)|HEAP_ALLOCATE|[8]|Bytes:4
14:05:08.0 (9765923)|HEAP_ALLOCATE|[8]|Bytes:8
14:05:08.0 (9770408)|HEAP_ALLOCATE|[8]|Bytes:4
14:05:08.0 (9773484)|HEAP_ALLOCATE|[8]|Bytes:8
14:05:08.0 (9778128)|HEAP_ALLOCATE|[8]|Bytes:4
14:05:08.0 (9783031)|HEAP_ALLOCATE|[8]|Bytes:8
14:05:08.0 (9788123)|HEAP_ALLOCATE|[8]|Bytes:4
14:05:08.0 (9792369)|HEAP_ALLOCATE|[8]|Bytes:8
14:05:08.0 (9796924)|HEAP_ALLOCATE|[8]|Bytes:4
14:05:08.0 (9800358)|HEAP_ALLOCATE|[8]|Bytes:8
14:05:08.0 (9806025)|HEAP_ALLOCATE|[8]|Bytes:4
14:05:08.0 (9809482)|HEAP_ALLOCATE|[8]|Bytes:8
14:05:08.0 (9814001)|HEAP_ALLOCATE|[8]|Bytes:4
14:05:08.0 (9817340)|HEAP_ALLOCATE|[8]|Bytes:8
14:05:08.0 (9821861)|HEAP_ALLOCATE|[8]|Bytes:4
14:05:08.0 (9824996)|HEAP_ALLOCATE|[8]|Bytes:8
14:05:08.0 (9831310)|HEAP_ALLOCATE|[8]|Bytes:4
14:05:08.0 (9835237)|HEAP_ALLOCATE|[8]|Bytes:8
14:05:08.0 (9839698)|HEAP_ALLOCATE|[8]|Bytes:4
14:05:08.0 (9849059)|VARIABLE_SCOPE_BEGIN|[8]|mapAccounts|Map<Id,Account>|true|false
14:05:08.0 (9872878)|VARIABLE_ASSIGNMENT|[8]|mapAccounts|"Map of size 19 too large to display"|0x1da0f89b
14:05:08.0 (9880206)|STATEMENT_EXECUTE|[10]
14:05:08.0 (9893937)|HEAP_ALLOCATE|[10]|Bytes:4
14:05:08.0 (9944482)|VARIABLE_SCOPE_BEGIN|[10]|listAcUpdate|List<Account>|true|false
14:05:08.0 (9955149)|HEAP_ALLOCATE|[EXTERNAL]|Bytes:4
14:05:08.0 (9964759)|VARIABLE_ASSIGNMENT|[10]|listAcUpdate|[]|0x78299510
14:05:08.0 (9971088)|STATEMENT_EXECUTE|[13]
14:05:08.0 (9984965)|HEAP_ALLOCATE|[13]|Bytes:4
14:05:08.0 (10011531)|VARIABLE_SCOPE_BEGIN|[13]|setTaskIds|Set<String>|true|false
14:05:08.0 (10035307)|VARIABLE_ASSIGNMENT|[13]|setTaskIds|[]|0x2c1ce53e
14:05:08.0 (10191561)|HEAP_ALLOCATE|[15]|Bytes:5
14:05:08.0 (10215494)|VARIABLE_SCOPE_BEGIN|[15]|inTask|Task|true|false
14:05:08.0 (10460920)|VARIABLE_ASSIGNMENT|[15]|inTask|{"Status":"Not Started","LastModifiedDate":"2018-04-17T12:05:08.000Z","IsDeleted":false,"AccountId":"0011r00001nnRDqAAM","WhatId":"0061r00000vkPBBAA2","ActivityDate":"2020-04-30T00:00:00.000Z","Priority":"Normal","IsHighPriority":false,"IsClosed":false,"IsRecurrence":false,"Subject":"bbbbb","SystemModstamp":"2018-04-17T12:05:08.000Z","IsArchived":false,"CreatedById":"0051r000007Oz5QAAS","TaskSubtype":"Task","OwnerId":"0051r000007Oz5QAAS","CreatedDate":"2018-04-17T12:04:48.000Z","Id":"00T1r00004COjZSEA1","DB_Activity_Type__c":"Other","IsReminderSet":false,"LastModifiedById":"0051r000007Oz5QAAS"}|0x2eb20c20
14:05:08.0 (10481658)|STATEMENT_EXECUTE|[15]
14:05:08.0 (10572124)|HEAP_ALLOCATE|[16]|Bytes:9
14:05:08.0 (10612993)|STATEMENT_EXECUTE|[16]
14:05:08.0 (10625779)|HEAP_ALLOCATE|[15]|Bytes:5
14:05:08.0 (10639652)|VARIABLE_ASSIGNMENT|[15]|inTask|null|
14:05:08.0 (10644987)|STATEMENT_EXECUTE|[22]
14:05:08.0 (10659694)|HEAP_ALLOCATE|[22]|Bytes:4
14:05:08.0 (10679679)|HEAP_ALLOCATE|[22]|Bytes:148
14:05:08.0 (10691539)|HEAP_ALLOCATE|[22]|Bytes:4
14:05:08.0 (10698675)|HEAP_ALLOCATE|[22]|Bytes:7
14:05:08.0 (10723762)|HEAP_ALLOCATE|[22]|Bytes:4
14:05:08.0 (10730977)|HEAP_ALLOCATE|[22]|Bytes:4
14:05:08.0 (11806018)|SOQL_EXECUTE_BEGIN|[22]|Aggregations:0|SELECT WhatId, ActivityDate, AccountId, TYPEOF What WHEN Account THEN Id, ParentId WHEN Opportunity THEN AccountId END FROM Task WHERE Id = :tmpVar1
14:05:08.0 (14874960)|SOQL_EXECUTE_END|[22]|Rows:0
14:05:08.0 (14902426)|HEAP_ALLOCATE|[22]|Bytes:4
14:05:08.0 (14917820)|HEAP_ALLOCATE|[22]|Bytes:0
14:05:08.0 (14967290)|HEAP_ALLOCATE|[22]|Bytes:4
14:05:08.0 (14992553)|HEAP_ALLOCATE|[22]|Bytes:0
14:05:08.0 (15002409)|VARIABLE_SCOPE_BEGIN|[22]|listTaskType|List<Task>|true|false
14:05:08.0 (15013958)|HEAP_ALLOCATE|[EXTERNAL]|Bytes:4
14:05:08.0 (15024733)|VARIABLE_ASSIGNMENT|[22]|listTaskType|[]|0x65838d83
14:05:08.0 (15032637)|STATEMENT_EXECUTE|[30]
14:05:08.0 (15036971)|HEAP_ALLOCATE|[30]|Bytes:40
14:05:08.0 (15092253)|HEAP_ALLOCATE|[30]|Bytes:2
14:05:08.0 (15110745)|HEAP_ALLOCATE|[30]|Bytes:42
14:05:08.0 (15130066)|USER_DEBUG|[30]|DEBUG|TaskMethods.CerrarTarea.listTaskType :: ()
14:05:08.0 (15166964)|HEAP_ALLOCATE|[33]|Bytes:5
14:05:08.0 (15182123)|VARIABLE_ASSIGNMENT|[33]|inTask|null|
14:05:08.0 (15188932)|STATEMENT_EXECUTE|[33]
14:05:08.0 (15191302)|STATEMENT_EXECUTE|[64]
14:05:08.0 (15256938)|HEAP_ALLOCATE|[EXTERNAL]|Bytes:4
14:05:08.0 (15267865)|SYSTEM_MODE_EXIT|false
14:05:08.0 (15282221)|METHOD_EXIT|[10]|01p1r000009oS6S|TaskMethods.CerrarTarea(List<Task>, Map<Id,Task>)
14:05:08.15 (15296340)|CUMULATIVE_LIMIT_USAGE
14:05:08.15 (15296340)|LIMIT_USAGE_FOR_NS|(default)|
  Number of SOQL queries: 2 out of 100
  Number of query rows: 19 out of 50000
  Number of SOSL queries: 0 out of 20
  Number of DML statements: 0 out of 150
  Number of DML rows: 0 out of 10000
  Maximum CPU time: 0 out of 10000
  Maximum heap size: 0 out of 6000000
  Number of callouts: 0 out of 100
  Number of Email Invocations: 0 out of 10
  Number of future calls: 0 out of 50
  Number of queueable jobs added to the queue: 0 out of 50
  Number of Mobile Apex push calls: 0 out of 10

14:05:08.15 (15296340)|CUMULATIVE_LIMIT_USAGE_END

14:05:08.0 (16508161)|CODE_UNIT_FINISHED|TaskTrigger on Task trigger event AfterUpdate
14:05:08.0 (17350134)|EXECUTION_FINISHED
