36.0 APEX_CODE,FINEST;APEX_PROFILING,INFO;CALLOUT,INFO;DB,INFO;SYSTEM,DEBUG;VALIDATION,INFO;VISUALFORCE,INFO;WAVE,INFO;WORKFLOW,INFO
09:58:54.0 (399656)|USER_INFO|[EXTERNAL]|0051r000007Oz5Q|lydia.abril@gmail.com|hora estándar de Europa central|GMT+02:00
09:58:54.0 (494727)|EXECUTION_STARTED
09:58:54.0 (500291)|CODE_UNIT_STARTED|[EXTERNAL]|01p1r000009p8gu|AccountTest.ActualizarCuentaHija
09:58:54.0 (965897)|HEAP_ALLOCATE|[72]|Bytes:3
09:58:54.0 (1027296)|HEAP_ALLOCATE|[77]|Bytes:152
09:58:54.0 (1044899)|HEAP_ALLOCATE|[342]|Bytes:408
09:58:54.0 (1063158)|HEAP_ALLOCATE|[355]|Bytes:408
09:58:54.0 (1078195)|HEAP_ALLOCATE|[467]|Bytes:48
09:58:54.0 (1120201)|HEAP_ALLOCATE|[139]|Bytes:6
09:58:54.0 (1137703)|HEAP_ALLOCATE|[EXTERNAL]|Bytes:26
09:58:54.0 (1172287)|METHOD_ENTRY|[2]|01p1r000009p8gu|AccountTest.AccountTest()
09:58:54.0 (1185660)|STATEMENT_EXECUTE|[2]
09:58:54.0 (1208765)|STATEMENT_EXECUTE|[2]
09:58:54.0 (1216299)|METHOD_EXIT|[2]|AccountTest
09:58:54.0 (1364517)|HEAP_ALLOCATE|[50]|Bytes:5
09:58:54.0 (1387514)|HEAP_ALLOCATE|[56]|Bytes:5
09:58:54.0 (1396607)|HEAP_ALLOCATE|[64]|Bytes:7
09:58:54.0 (1503289)|STATEMENT_EXECUTE|[4]
09:58:54.0 (1506499)|STATEMENT_EXECUTE|[6]
09:58:54.0 (1558118)|HEAP_ALLOCATE|[6]|Bytes:4
09:58:54.0 (1639413)|HEAP_ALLOCATE|[6]|Bytes:12
09:58:54.0 (1717559)|VARIABLE_ASSIGNMENT|[6]|this.Name|"CuentaParent"|0x38b84039
09:58:54.0 (1793207)|HEAP_ALLOCATE|[6]|Bytes:4
09:58:54.0 (1939202)|VARIABLE_ASSIGNMENT|[6]|this.Fecha_ultima_actividad_mas_reciente__c|"2020-01-11T00:00:00.000Z"|0x38b84039
09:58:54.0 (1974505)|VARIABLE_SCOPE_BEGIN|[6]|oAccountParent|Account|true|false
09:58:54.0 (2023404)|VARIABLE_ASSIGNMENT|[6]|oAccountParent|{"Name":"CuentaParent","Fecha_ultima_activid (18 more) ...":"2020-01-11T00:00:00.000Z"}|0x38b84039
09:58:54.0 (2049439)|STATEMENT_EXECUTE|[7]
09:58:54.0 (2073297)|HEAP_ALLOCATE|[7]|Bytes:8
09:58:54.0 (2088815)|DML_BEGIN|[7]|Op:Insert|Type:Account|Rows:1
09:58:54.0 (2189797)|HEAP_ALLOCATE|[EXTERNAL]|Bytes:8
09:58:54.0 (11841080)|CODE_UNIT_STARTED|[EXTERNAL]|DuplicateDetector
09:58:54.0 (12104140)|DUPLICATE_DETECTION_BEGIN
09:58:54.0 (12642065)|DUPLICATE_DETECTION_RULE_INVOCATION|DuplicateRuleId:0Bm1r0000018X88|DuplicateRuleName:Standard Account Duplicate Rule|DmlType:INSERT
09:58:54.0 (31352425)|DUPLICATE_DETECTION_MATCH_INVOCATION_DETAILS|EntityType:Account|ActionTaken:Allow_[Alert,Report]|DuplicateRecordIds:
09:58:54.0 (31395948)|DUPLICATE_DETECTION_MATCH_INVOCATION_SUMMARY|EntityType:Account|NumRecordsToBeSaved:1|NumRecordsToBeSavedWithDuplicates:0|NumDuplicateRecordsFound:0
09:58:54.0 (31596201)|DUPLICATE_DETECTION_END
09:58:54.0 (31604492)|CODE_UNIT_FINISHED|DuplicateDetector
09:58:54.0 (64482430)|CODE_UNIT_STARTED|[EXTERNAL]|Workflow:Account
09:58:54.0 (65035224)|CODE_UNIT_FINISHED|Workflow:Account
09:58:54.0 (67465131)|DML_END|[7]
09:58:54.0 (67499973)|STATEMENT_EXECUTE|[9]
09:58:54.0 (67529010)|HEAP_ALLOCATE|[9]|Bytes:4
09:58:54.0 (67552083)|HEAP_ALLOCATE|[9]|Bytes:6
09:58:54.0 (67599712)|VARIABLE_ASSIGNMENT|[9]|this.Name|"Cuenta"|0x5e02e3c0
09:58:54.0 (67637366)|VARIABLE_ASSIGNMENT|[9]|this.ParentId|"0011r00001np57JAAQ"|0x5e02e3c0
09:58:54.0 (67748118)|HEAP_ALLOCATE|[11]|Bytes:4
09:58:54.0 (67799837)|VARIABLE_ASSIGNMENT|[9]|this.Fecha_ultima_actividad_mas_reciente__c|"2018-01-11T00:00:00.000Z"|0x5e02e3c0
09:58:54.0 (67837669)|VARIABLE_SCOPE_BEGIN|[9]|oAccountChild|Account|true|false
09:58:54.0 (67867972)|VARIABLE_ASSIGNMENT|[9]|oAccountChild|{"Name":"Cuenta","ParentId":"0011r00001np57JAAQ","Fecha_ultima_activid (18 more) ...":"2018-01-11T00:00:00.000Z"}|0x5e02e3c0
09:58:54.0 (67878721)|STATEMENT_EXECUTE|[13]
09:58:54.0 (67897395)|HEAP_ALLOCATE|[13]|Bytes:8
09:58:54.0 (67914015)|DML_BEGIN|[13]|Op:Insert|Type:Account|Rows:1
09:58:54.0 (68031930)|HEAP_ALLOCATE|[EXTERNAL]|Bytes:8
09:58:54.0 (71820337)|CODE_UNIT_STARTED|[EXTERNAL]|DuplicateDetector
09:58:54.0 (71845979)|DUPLICATE_DETECTION_BEGIN
09:58:54.0 (71894980)|DUPLICATE_DETECTION_RULE_INVOCATION|DuplicateRuleId:0Bm1r0000018X88|DuplicateRuleName:Standard Account Duplicate Rule|DmlType:INSERT
09:58:54.0 (82691015)|DUPLICATE_DETECTION_MATCH_INVOCATION_DETAILS|EntityType:Account|ActionTaken:Allow_[Alert,Report]|DuplicateRecordIds:
09:58:54.0 (82714709)|DUPLICATE_DETECTION_MATCH_INVOCATION_SUMMARY|EntityType:Account|NumRecordsToBeSaved:1|NumRecordsToBeSavedWithDuplicates:0|NumDuplicateRecordsFound:0
09:58:54.0 (82880529)|DUPLICATE_DETECTION_END
09:58:54.0 (82888985)|CODE_UNIT_FINISHED|DuplicateDetector
09:58:54.0 (96598060)|CODE_UNIT_STARTED|[EXTERNAL]|Workflow:Account
09:58:54.0 (96649041)|CODE_UNIT_FINISHED|Workflow:Account
09:58:54.0 (97163215)|DML_END|[13]
09:58:54.0 (97199733)|STATEMENT_EXECUTE|[15]
09:58:54.0 (97292695)|HEAP_ALLOCATE|[15]|Bytes:4
09:58:54.0 (97382209)|VARIABLE_ASSIGNMENT|[15]|this.Fecha_ultima_actividad_mas_reciente__c|"2022-01-11T00:00:00.000Z"|0x38b84039
09:58:54.0 (97392489)|STATEMENT_EXECUTE|[17]
09:58:54.0 (97453785)|HEAP_ALLOCATE|[17]|Bytes:8
09:58:54.0 (97474730)|DML_BEGIN|[17]|Op:Update|Type:Account|Rows:1
09:58:54.0 (97639873)|HEAP_ALLOCATE|[EXTERNAL]|Bytes:8
09:58:54.0 (104056515)|CODE_UNIT_STARTED|[EXTERNAL]|01q1r000000j8Jg|AccountTrigger on Account trigger event BeforeUpdate
09:58:54.0 (104117394)|HEAP_ALLOCATE|[EXTERNAL]|Bytes:8
09:58:54.0 (104151641)|HEAP_ALLOCATE|[EXTERNAL]|Bytes:8
09:58:54.0 (104365109)|HEAP_ALLOCATE|[EXTERNAL]|Bytes:12
09:58:54.0 (104395179)|VARIABLE_SCOPE_BEGIN|[1]|this|AccountTrigger|true|false
09:58:54.0 (104464311)|VARIABLE_ASSIGNMENT|[1]|this|{}|0x3109eec3
09:58:54.0 (104528546)|HEAP_ALLOCATE|[EXTERNAL]|Bytes:12
09:58:54.0 (104541020)|VARIABLE_SCOPE_BEGIN|[1]|this|AccountTrigger|true|false
09:58:54.0 (104555893)|VARIABLE_ASSIGNMENT|[1]|this|{}|0x3109eec3
09:58:54.0 (104570789)|STATEMENT_EXECUTE|[1]
09:58:54.0 (104574148)|STATEMENT_EXECUTE|[3]
09:58:54.0 (105245305)|VARIABLE_ASSIGNMENT|[3]|this.listNew|[{"LastModifiedDate":"2018-04-20T07:58:54.000Z","IsDeleted":false,"CleanStatus":"Pending","Fecha_ultima_activid (18 more) ...":"2022-01-11T00:00:00.000Z","OwnerId":"0051r000007Oz5QAAS","CreatedById":"0051r000007Oz5QAAS","Match_Billing_Addres (4 more) ...":false,"CreatedDate":"2018-04-20T07:58:54.000Z","Id":"0011r00001np57JAAQ","LastModifiedById":"0051r000007Oz5QAAS","SystemModstamp":"2018-04-20T07:58:54.000Z","Name":"CuentaParent"}]|0x3109eec3
09:58:54.0 (105262944)|STATEMENT_EXECUTE|[5]
09:58:54.0 (105641184)|VARIABLE_ASSIGNMENT|[5]|this.mapOld|{"0011r00001np57JAAQ":{"LastModifiedDate":"2018-04-20T07:58:54.000Z","IsDeleted":false,"CleanStatus":"Pending","Fecha_ultima_activid (18 more) ...":"2020-01-11T00:00:00.000Z","OwnerId":"0051r000007Oz5QAAS","CreatedById":"0051r000007Oz5QAAS","Match_Billing_Addres (4 more) ...":false,"CreatedDate":"2018-04-20T07:58:54.000Z","Id":"0011r00001np57JAAQ","LastModifiedById":"0051r000007Oz5QAAS","SystemModstamp":"2018-04-20T07:58:54.000Z","Name":"CuentaParent"}}|0x3109eec3
09:58:54.0 (105665279)|STATEMENT_EXECUTE|[7]
09:58:54.0 (105672621)|STATEMENT_EXECUTE|[8]
09:58:54.0 (105674724)|STATEMENT_EXECUTE|[9]
09:58:54.0 (107225486)|HEAP_ALLOCATE|[9]|Bytes:4
09:58:54.0 (107236741)|HEAP_ALLOCATE|[9]|Bytes:2
09:58:54.0 (107293204)|METHOD_ENTRY|[1]|01p1r000009p8Bf|AccountMethods.AccountMethods()
09:58:54.0 (107305064)|STATEMENT_EXECUTE|[1]
09:58:54.0 (107311716)|STATEMENT_EXECUTE|[1]
09:58:54.0 (107665458)|SYSTEM_MODE_ENTER|false
09:58:54.0 (107706594)|HEAP_ALLOCATE|[9]|Bytes:5
09:58:54.0 (107717235)|SYSTEM_MODE_EXIT|false
09:58:54.0 (107736907)|METHOD_EXIT|[1]|AccountMethods
09:58:54.0 (107771881)|METHOD_ENTRY|[9]|01p1r000009p8Bf|AccountMethods.ActualizarCuentaHija(List<Account>, Map<Id,Account>)
09:58:54.0 (107804489)|VARIABLE_SCOPE_BEGIN|[31]|listAccount|List<Account>|true|false
09:58:54.0 (108214981)|VARIABLE_ASSIGNMENT|[31]|listAccount|[{"LastModifiedDate":"2018-04-20T07:58:54.000Z","IsDeleted":false,"CleanStatus":"Pending","Fecha_ultima_activid (18 more) ...":"2022-01-11T00:00:00.000Z","OwnerId":"0051r000007Oz5QAAS","CreatedById":"0051r000007Oz5QAAS","Match_Billing_Addres (4 more) ...":false,"CreatedDate":"2018-04-20T07:58:54.000Z","Id":"0011r00001np57JAAQ","LastModifiedById":"0051r000007Oz5QAAS","SystemModstamp":"2018-04-20T07:58:54.000Z","Name":"CuentaParent"}]|0x69b91fb3
09:58:54.0 (108234943)|VARIABLE_SCOPE_BEGIN|[31]|mapOld|Map<Id,Account>|true|false
09:58:54.0 (108610396)|VARIABLE_ASSIGNMENT|[31]|mapOld|{"0011r00001np57JAAQ":{"LastModifiedDate":"2018-04-20T07:58:54.000Z","IsDeleted":false,"CleanStatus":"Pending","Fecha_ultima_activid (18 more) ...":"2020-01-11T00:00:00.000Z","OwnerId":"0051r000007Oz5QAAS","CreatedById":"0051r000007Oz5QAAS","Match_Billing_Addres (4 more) ...":false,"CreatedDate":"2018-04-20T07:58:54.000Z","Id":"0011r00001np57JAAQ","LastModifiedById":"0051r000007Oz5QAAS","SystemModstamp":"2018-04-20T07:58:54.000Z","Name":"CuentaParent"}}|0xb09c5d5
09:58:54.0 (108746892)|SYSTEM_MODE_ENTER|false
09:58:54.0 (108756458)|HEAP_ALLOCATE|[33]|Bytes:5
09:58:54.0 (108768256)|STATEMENT_EXECUTE|[31]
09:58:54.0 (108865728)|STATEMENT_EXECUTE|[33]
09:58:54.0 (108868879)|STATEMENT_EXECUTE|[35]
09:58:54.0 (108886284)|HEAP_ALLOCATE|[35]|Bytes:4
09:58:54.0 (108915696)|VARIABLE_SCOPE_BEGIN|[35]|listAccUpdate|List<Account>|true|false
09:58:54.0 (108925406)|HEAP_ALLOCATE|[EXTERNAL]|Bytes:4
09:58:54.0 (108934666)|VARIABLE_ASSIGNMENT|[35]|listAccUpdate|[]|0x671a0f39
09:58:54.0 (108943285)|HEAP_ALLOCATE|[37]|Bytes:175
09:58:54.0 (108959614)|HEAP_ALLOCATE|[37]|Bytes:4
09:58:54.0 (108968388)|HEAP_ALLOCATE|[37]|Bytes:7
09:58:54.0 (109339670)|SOQL_EXECUTE_BEGIN|[37]|Aggregations:1|SELECT Id, Fecha_ultima_actividad_mas_reciente__c, ParentId, (SELECT Id, Fecha_ultima_actividad_mas_reciente__c, ParentId FROM ChildAccounts) FROM Account 
09:58:54.0 (117494185)|SOQL_EXECUTE_END|[37]|Rows:1
09:58:54.0 (117522639)|HEAP_ALLOCATE|[EXTERNAL]|Bytes:8
09:58:54.0 (117684193)|HEAP_ALLOCATE|[37]|Bytes:54
09:58:54.0 (117694243)|HEAP_ALLOCATE|[37]|Bytes:8
09:58:54.0 (117717968)|SYSTEM_METHOD_ENTRY|[7]|QueryLocatorIterator.QueryLocatorIterator()
09:58:54.0 (117733142)|STATEMENT_EXECUTE|[7]
09:58:54.0 (117746300)|SYSTEM_METHOD_EXIT|[7]|QueryLocatorIterator
09:58:54.0 (117756125)|HEAP_ALLOCATE|[37]|Bytes:28
09:58:54.0 (117787375)|HEAP_ALLOCATE|[37]|Bytes:8
09:58:54.0 (117799848)|HEAP_ALLOCATE|[37]|Bytes:8
09:58:54.0 (117804346)|HEAP_ALLOCATE|[37]|Bytes:8
09:58:54.0 (117815621)|VARIABLE_SCOPE_BEGIN|[15]|this|Database.QueryLocatorIterator|true|false
09:58:54.0 (117856914)|VARIABLE_ASSIGNMENT|[15]|this|{}|0x22f7f506
09:58:54.0 (117865204)|VARIABLE_SCOPE_BEGIN|[15]|values|List<SObject>|true|false
09:58:54.0 (117909105)|VARIABLE_ASSIGNMENT|[15]|values|[{"Id":"0011r00001np57JAAQ","Fecha_ultima_activid (18 more) ...":"2020-01-11T00:00:00.000Z","ChildAccounts":[{"ParentId":"0011r00001np57JAAQ","Id":"0011r00001np57KAAQ","Fecha_ultima_activid (18 more) ...":"2018-01-11T00:00:00.000Z"}]}]|0x77be7132
09:58:54.0 (117917602)|VARIABLE_SCOPE_BEGIN|[15]|ql|Database.QueryLocator|true|false
09:58:54.0 (117980839)|VARIABLE_ASSIGNMENT|[15]|ql|{"query":"SELECT Id, Fecha_ult (155 more) ..."}|0x43c5738d
09:58:54.0 (117987874)|VARIABLE_SCOPE_BEGIN|[15]|totalNumRecords|Integer|false|false
09:58:54.0 (117997071)|VARIABLE_ASSIGNMENT|[15]|totalNumRecords|1
09:58:54.0 (118028412)|VARIABLE_SCOPE_BEGIN|[15]|queryMoreSize|Integer|false|false
09:58:54.0 (118037495)|VARIABLE_ASSIGNMENT|[15]|queryMoreSize|49999
09:58:54.0 (118155841)|HEAP_ALLOCATE|[37]|Bytes:28
09:58:54.0 (118177122)|METHOD_ENTRY|[37]||Database.QueryLocatorIterator.hasNext()
09:58:54.0 (118235052)|METHOD_EXIT|[37]||Database.QueryLocatorIterator.hasNext()
09:58:54.0 (118244156)|METHOD_ENTRY|[37]||Database.QueryLocatorIterator.next()
09:58:54.0 (118315444)|METHOD_EXIT|[37]||Database.QueryLocatorIterator.next()
09:58:54.0 (118325205)|VARIABLE_SCOPE_BEGIN|[37]|inAccount|Account|true|false
09:58:54.0 (118349408)|VARIABLE_ASSIGNMENT|[37]|inAccount|{"Id":"0011r00001np57JAAQ","Fecha_ultima_activid (18 more) ...":"2020-01-11T00:00:00.000Z","ChildAccounts":[{"ParentId":"0011r00001np57JAAQ","Id":"0011r00001np57KAAQ","Fecha_ultima_activid (18 more) ...":"2018-01-11T00:00:00.000Z"}]}|0x799254fd
09:58:54.0 (118363319)|STATEMENT_EXECUTE|[40]
09:58:54.0 (118366129)|STATEMENT_EXECUTE|[42]
09:58:54.0 (118370437)|HEAP_ALLOCATE|[42]|Bytes:13
09:58:54.0 (118375215)|HEAP_ALLOCATE|[42]|Bytes:7
09:58:54.0 (118409388)|HEAP_ALLOCATE|[EXTERNAL]|Bytes:8
09:58:54.0 (118431468)|HEAP_ALLOCATE|[42]|Bytes:8
09:58:54.0 (118644483)|USER_DEBUG|[42]|DEBUG|(Account:{ParentId=0011r00001np57JAAQ, Id=0011r00001np57KAAQ, Fecha_ultima_actividad_mas_reciente__c=2018-01-11 00:00:00})
09:58:54.0 (118672744)|HEAP_ALLOCATE|[44]|Bytes:8
09:58:54.0 (118747334)|HEAP_ALLOCATE|[44]|Bytes:28
09:58:54.0 (118770894)|HEAP_ALLOCATE|[44]|Bytes:8
09:58:54.0 (118781687)|HEAP_ALLOCATE|[44]|Bytes:8
09:58:54.0 (118785200)|HEAP_ALLOCATE|[44]|Bytes:8
09:58:54.0 (118792358)|VARIABLE_SCOPE_BEGIN|[15]|this|Database.QueryLocatorIterator|true|false
09:58:54.0 (118814920)|VARIABLE_ASSIGNMENT|[15]|this|{}|0x60e31b45
09:58:54.0 (118821385)|VARIABLE_SCOPE_BEGIN|[15]|values|List<SObject>|true|false
09:58:54.0 (118840497)|VARIABLE_ASSIGNMENT|[15]|values|[{"ParentId":"0011r00001np57JAAQ","Id":"0011r00001np57KAAQ","Fecha_ultima_activid (18 more) ...":"2018-01-11T00:00:00.000Z"}]|0x8d245cf
09:58:54.0 (118847048)|VARIABLE_SCOPE_BEGIN|[15]|ql|Database.QueryLocator|true|false
09:58:54.0 (118926779)|VARIABLE_ASSIGNMENT|[15]|ql|{}|0x638cdd94
09:58:54.0 (118934998)|VARIABLE_SCOPE_BEGIN|[15]|totalNumRecords|Integer|false|false
09:58:54.0 (118943457)|VARIABLE_ASSIGNMENT|[15]|totalNumRecords|1
09:58:54.0 (118947662)|VARIABLE_SCOPE_BEGIN|[15]|queryMoreSize|Integer|false|false
09:58:54.0 (118954039)|VARIABLE_ASSIGNMENT|[15]|queryMoreSize|200
09:58:54.0 (118995316)|HEAP_ALLOCATE|[44]|Bytes:28
09:58:54.0 (119009392)|METHOD_ENTRY|[44]||Database.QueryLocatorIterator.hasNext()
09:58:54.0 (119037471)|METHOD_EXIT|[44]||Database.QueryLocatorIterator.hasNext()
09:58:54.0 (119044101)|METHOD_ENTRY|[44]||Database.QueryLocatorIterator.next()
09:58:54.0 (119096543)|METHOD_EXIT|[44]||Database.QueryLocatorIterator.next()
09:58:54.0 (119104136)|VARIABLE_SCOPE_BEGIN|[44]|inAccountChild|Account|true|false
09:58:54.0 (119122771)|VARIABLE_ASSIGNMENT|[44]|inAccountChild|{"ParentId":"0011r00001np57JAAQ","Id":"0011r00001np57KAAQ","Fecha_ultima_activid (18 more) ...":"2018-01-11T00:00:00.000Z"}|0x1b62858
09:58:54.0 (119133491)|STATEMENT_EXECUTE|[44]
09:58:54.0 (119136149)|STATEMENT_EXECUTE|[45]
09:58:54.0 (119216711)|VARIABLE_ASSIGNMENT|[45]|this.Fecha_ultima_actividad_mas_reciente__c|"2020-01-11T00:00:00.000Z"|0x1b62858
09:58:54.0 (119225921)|STATEMENT_EXECUTE|[46]
09:58:54.0 (119261585)|HEAP_ALLOCATE|[EXTERNAL]|Bytes:4
09:58:54.0 (119274441)|METHOD_ENTRY|[44]||Database.QueryLocatorIterator.hasNext()
09:58:54.0 (119292740)|METHOD_EXIT|[44]||Database.QueryLocatorIterator.hasNext()
09:58:54.0 (119301183)|VARIABLE_ASSIGNMENT|[44]|inAccountChild|null|
09:58:54.0 (119308001)|METHOD_ENTRY|[37]||Database.QueryLocatorIterator.hasNext()
09:58:54.0 (119318464)|METHOD_EXIT|[37]||Database.QueryLocatorIterator.hasNext()
09:58:54.0 (119324526)|VARIABLE_ASSIGNMENT|[37]|inAccount|null|
09:58:54.0 (119340535)|STATEMENT_EXECUTE|[50]
09:58:54.0 (119388170)|DML_BEGIN|[50]|Op:Update|Type:Account|Rows:1
09:58:54.0 (119433707)|HEAP_ALLOCATE|[EXTERNAL]|Bytes:8
09:58:54.0 (125410393)|CODE_UNIT_STARTED|[EXTERNAL]|01q1r000000j8Jg|AccountTrigger on Account trigger event BeforeUpdate
09:58:54.0 (125460641)|HEAP_ALLOCATE|[EXTERNAL]|Bytes:8
09:58:54.0 (125486659)|HEAP_ALLOCATE|[EXTERNAL]|Bytes:8
09:58:54.0 (125534896)|HEAP_ALLOCATE|[EXTERNAL]|Bytes:12
09:58:54.0 (125548265)|VARIABLE_SCOPE_BEGIN|[1]|this|AccountTrigger|true|false
09:58:54.0 (125579066)|VARIABLE_ASSIGNMENT|[1]|this|{}|0x7a0c4bd7
09:58:54.0 (125618147)|HEAP_ALLOCATE|[EXTERNAL]|Bytes:12
09:58:54.0 (125626206)|VARIABLE_SCOPE_BEGIN|[1]|this|AccountTrigger|true|false
09:58:54.0 (125638421)|VARIABLE_ASSIGNMENT|[1]|this|{}|0x7a0c4bd7
09:58:54.0 (125652983)|STATEMENT_EXECUTE|[1]
09:58:54.0 (125656937)|STATEMENT_EXECUTE|[3]
09:58:54.0 (126298925)|VARIABLE_ASSIGNMENT|[3]|this.listNew|[{"ParentId":"0011r00001np57JAAQ","LastModifiedDate":"2018-04-20T07:58:54.000Z","IsDeleted":false,"Fecha_ultima_activid (18 more) ...":"2020-01-11T00:00:00.000Z","SystemModstamp":"2018-04-20T07:58:54.000Z","Name":"Cuenta","CleanStatus":"Pending","OwnerId":"0051r000007Oz5QAAS","CreatedById":"0051r000007Oz5QAAS","Match_Billing_Addres (4 more) ...":false,"CreatedDate":"2018-04-20T07:58:54.000Z","Id":"0011r00001np57KAAQ","LastModifiedById":"0051r000007Oz5QAAS"}]|0x7a0c4bd7
09:58:54.0 (126318493)|STATEMENT_EXECUTE|[5]
09:58:54.0 (126819634)|VARIABLE_ASSIGNMENT|[5]|this.mapOld|{"0011r00001np57KAAQ":{"ParentId":"0011r00001np57JAAQ","LastModifiedDate":"2018-04-20T07:58:54.000Z","IsDeleted":false,"Fecha_ultima_activid (18 more) ...":"2018-01-11T00:00:00.000Z","SystemModstamp":"2018-04-20T07:58:54.000Z","Name":"Cuenta","CleanStatus":"Pending","OwnerId":"0051r000007Oz5QAAS","CreatedById":"0051r000007Oz5QAAS","Match_Billing_Addres (4 more) ...":false,"CreatedDate":"2018-04-20T07:58:54.000Z","Id":"0011r00001np57KAAQ","LastModifiedById":"0051r000007Oz5QAAS"}}|0x7a0c4bd7
09:58:54.0 (126841697)|STATEMENT_EXECUTE|[7]
09:58:54.0 (126846423)|STATEMENT_EXECUTE|[8]
09:58:54.0 (126848483)|STATEMENT_EXECUTE|[9]
09:58:54.0 (126862702)|METHOD_ENTRY|[9]|01p1r000009p8Bf|AccountMethods.ActualizarCuentaHija(List<Account>, Map<Id,Account>)
09:58:54.0 (126873527)|VARIABLE_SCOPE_BEGIN|[31]|listAccount|List<Account>|true|false
09:58:54.0 (127896349)|VARIABLE_ASSIGNMENT|[31]|listAccount|[{"ParentId":"0011r00001np57JAAQ","LastModifiedDate":"2018-04-20T07:58:54.000Z","IsDeleted":false,"Fecha_ultima_activid (18 more) ...":"2020-01-11T00:00:00.000Z","SystemModstamp":"2018-04-20T07:58:54.000Z","Name":"Cuenta","CleanStatus":"Pending","OwnerId":"0051r000007Oz5QAAS","CreatedById":"0051r000007Oz5QAAS","Match_Billing_Addres (4 more) ...":false,"CreatedDate":"2018-04-20T07:58:54.000Z","Id":"0011r00001np57KAAQ","LastModifiedById":"0051r000007Oz5QAAS"}]|0x3b535fdc
09:58:54.0 (127935411)|VARIABLE_SCOPE_BEGIN|[31]|mapOld|Map<Id,Account>|true|false
09:58:54.0 (128957088)|VARIABLE_ASSIGNMENT|[31]|mapOld|{"0011r00001np57KAAQ":{"ParentId":"0011r00001np57JAAQ","LastModifiedDate":"2018-04-20T07:58:54.000Z","IsDeleted":false,"Fecha_ultima_activid (18 more) ...":"2018-01-11T00:00:00.000Z","SystemModstamp":"2018-04-20T07:58:54.000Z","Name":"Cuenta","CleanStatus":"Pending","OwnerId":"0051r000007Oz5QAAS","CreatedById":"0051r000007Oz5QAAS","Match_Billing_Addres (4 more) ...":false,"CreatedDate":"2018-04-20T07:58:54.000Z","Id":"0011r00001np57KAAQ","LastModifiedById":"0051r000007Oz5QAAS"}}|0x6adb7472
09:58:54.0 (129000130)|HEAP_ALLOCATE|[33]|Bytes:5
09:58:54.0 (129009892)|STATEMENT_EXECUTE|[31]
09:58:54.0 (129031432)|STATEMENT_EXECUTE|[33]
09:58:54.0 (129033889)|STATEMENT_EXECUTE|[35]
09:58:54.0 (129057252)|HEAP_ALLOCATE|[35]|Bytes:4
09:58:54.0 (129076273)|VARIABLE_SCOPE_BEGIN|[35]|listAccUpdate|List<Account>|true|false
09:58:54.0 (129085494)|HEAP_ALLOCATE|[EXTERNAL]|Bytes:4
09:58:54.0 (129093887)|VARIABLE_ASSIGNMENT|[35]|listAccUpdate|[]|0x43f5e43e
09:58:54.0 (129112869)|HEAP_ALLOCATE|[37]|Bytes:4
09:58:54.0 (129443261)|SOQL_EXECUTE_BEGIN|[37]|Aggregations:1|SELECT Id, Fecha_ultima_actividad_mas_reciente__c, ParentId, (SELECT Id, Fecha_ultima_actividad_mas_reciente__c, ParentId FROM ChildAccounts) FROM Account 
09:58:54.0 (136007710)|SOQL_EXECUTE_END|[37]|Rows:1
09:58:54.0 (136041568)|HEAP_ALLOCATE|[EXTERNAL]|Bytes:8
09:58:54.0 (136166816)|HEAP_ALLOCATE|[37]|Bytes:28
09:58:54.0 (136208357)|HEAP_ALLOCATE|[37]|Bytes:8
09:58:54.0 (136225316)|HEAP_ALLOCATE|[37]|Bytes:8
09:58:54.0 (136230803)|HEAP_ALLOCATE|[37]|Bytes:8
09:58:54.0 (136244960)|VARIABLE_SCOPE_BEGIN|[15]|this|Database.QueryLocatorIterator|true|false
09:58:54.0 (136290579)|VARIABLE_ASSIGNMENT|[15]|this|{}|0x1f00d014
09:58:54.0 (136302540)|VARIABLE_SCOPE_BEGIN|[15]|values|List<SObject>|true|false
09:58:54.0 (136337545)|VARIABLE_ASSIGNMENT|[15]|values|[{"Id":"0011r00001np57KAAQ","Fecha_ultima_activid (18 more) ...":"2018-01-11T00:00:00.000Z","ParentId":"0011r00001np57JAAQ"}]|0x745281f8
09:58:54.0 (136347777)|VARIABLE_SCOPE_BEGIN|[15]|ql|Database.QueryLocator|true|false
09:58:54.0 (136481686)|VARIABLE_ASSIGNMENT|[15]|ql|{"query":"SELECT Id, Fecha_ult (155 more) ..."}|0x2e3b48f5
09:58:54.0 (136494656)|VARIABLE_SCOPE_BEGIN|[15]|totalNumRecords|Integer|false|false
09:58:54.0 (136506572)|VARIABLE_ASSIGNMENT|[15]|totalNumRecords|1
09:58:54.0 (136514739)|VARIABLE_SCOPE_BEGIN|[15]|queryMoreSize|Integer|false|false
09:58:54.0 (136525812)|VARIABLE_ASSIGNMENT|[15]|queryMoreSize|49998
09:58:54.0 (136608999)|HEAP_ALLOCATE|[37]|Bytes:28
09:58:54.0 (136631541)|METHOD_ENTRY|[37]||Database.QueryLocatorIterator.hasNext()
09:58:54.0 (136678974)|METHOD_EXIT|[37]||Database.QueryLocatorIterator.hasNext()
09:58:54.0 (136686663)|METHOD_ENTRY|[37]||Database.QueryLocatorIterator.next()
09:58:54.0 (136749999)|METHOD_EXIT|[37]||Database.QueryLocatorIterator.next()
09:58:54.0 (136759472)|VARIABLE_SCOPE_BEGIN|[37]|inAccount|Account|true|false
09:58:54.0 (136781355)|VARIABLE_ASSIGNMENT|[37]|inAccount|{"Id":"0011r00001np57KAAQ","Fecha_ultima_activid (18 more) ...":"2018-01-11T00:00:00.000Z","ParentId":"0011r00001np57JAAQ"}|0x5fe6a8ea
09:58:54.0 (136792712)|STATEMENT_EXECUTE|[40]
09:58:54.0 (136795718)|STATEMENT_EXECUTE|[42]
09:58:54.0 (136815154)|HEAP_ALLOCATE|[EXTERNAL]|Bytes:4
09:58:54.0 (136838415)|HEAP_ALLOCATE|[42]|Bytes:4
09:58:54.0 (136861838)|USER_DEBUG|[42]|DEBUG|()
09:58:54.0 (136928163)|HEAP_ALLOCATE|[44]|Bytes:28
09:58:54.0 (136940201)|HEAP_ALLOCATE|[44]|Bytes:8
09:58:54.0 (136943358)|HEAP_ALLOCATE|[44]|Bytes:8
09:58:54.0 (136950130)|VARIABLE_SCOPE_BEGIN|[15]|this|Database.QueryLocatorIterator|true|false
09:58:54.0 (136971247)|VARIABLE_ASSIGNMENT|[15]|this|{}|0x26c25714
09:58:54.0 (136977663)|VARIABLE_SCOPE_BEGIN|[15]|values|List<SObject>|true|false
09:58:54.0 (136985094)|VARIABLE_ASSIGNMENT|[15]|values|null|
09:58:54.0 (136989496)|VARIABLE_SCOPE_BEGIN|[15]|ql|Database.QueryLocator|true|false
09:58:54.0 (137002074)|VARIABLE_ASSIGNMENT|[15]|ql|{}|0x524acfd9
09:58:54.0 (137008372)|VARIABLE_SCOPE_BEGIN|[15]|totalNumRecords|Integer|false|false
09:58:54.0 (137015943)|VARIABLE_ASSIGNMENT|[15]|totalNumRecords|0
09:58:54.0 (137020367)|VARIABLE_SCOPE_BEGIN|[15]|queryMoreSize|Integer|false|false
09:58:54.0 (137026967)|VARIABLE_ASSIGNMENT|[15]|queryMoreSize|200
09:58:54.0 (137064754)|HEAP_ALLOCATE|[44]|Bytes:28
09:58:54.0 (137075594)|METHOD_ENTRY|[44]||Database.QueryLocatorIterator.hasNext()
09:58:54.0 (137092818)|METHOD_EXIT|[44]||Database.QueryLocatorIterator.hasNext()
09:58:54.0 (137101128)|VARIABLE_ASSIGNMENT|[44]|inAccountChild|null|
09:58:54.0 (137108685)|STATEMENT_EXECUTE|[44]
09:58:54.0 (137113184)|METHOD_ENTRY|[37]||Database.QueryLocatorIterator.hasNext()
09:58:54.0 (137124946)|METHOD_EXIT|[37]||Database.QueryLocatorIterator.hasNext()
09:58:54.0 (137131238)|VARIABLE_ASSIGNMENT|[37]|inAccount|null|
09:58:54.0 (137141265)|STATEMENT_EXECUTE|[50]
09:58:54.0 (137194866)|HEAP_ALLOCATE|[EXTERNAL]|Bytes:4
09:58:54.0 (137208024)|METHOD_EXIT|[9]|01p1r000009p8Bf|AccountMethods.ActualizarCuentaHija(List<Account>, Map<Id,Account>)
09:58:54.137 (137221186)|CUMULATIVE_LIMIT_USAGE
09:58:54.137 (137221186)|LIMIT_USAGE_FOR_NS|(default)|
  Number of SOQL queries: 2 out of 100
  Number of query rows: 2 out of 50000
  Number of SOSL queries: 0 out of 20
  Number of DML statements: 4 out of 150
  Number of DML rows: 4 out of 10000
  Maximum CPU time: 0 out of 10000
  Maximum heap size: 0 out of 6000000
  Number of callouts: 0 out of 100
  Number of Email Invocations: 0 out of 10
  Number of future calls: 0 out of 50
  Number of queueable jobs added to the queue: 0 out of 50
  Number of Mobile Apex push calls: 0 out of 10

09:58:54.137 (137221186)|CUMULATIVE_LIMIT_USAGE_END

09:58:54.0 (138273624)|CODE_UNIT_FINISHED|AccountTrigger on Account trigger event BeforeUpdate
09:58:54.0 (139315888)|CODE_UNIT_STARTED|[EXTERNAL]|DuplicateDetector
09:58:54.0 (139334501)|DUPLICATE_DETECTION_BEGIN
09:58:54.0 (139386217)|DUPLICATE_DETECTION_RULE_INVOCATION|DuplicateRuleId:0Bm1r0000018X88|DuplicateRuleName:Standard Account Duplicate Rule|DmlType:UPDATE
09:58:54.0 (139470655)|DUPLICATE_DETECTION_END
09:58:54.0 (139475644)|CODE_UNIT_FINISHED|DuplicateDetector
09:58:54.0 (152151422)|CODE_UNIT_STARTED|[EXTERNAL]|Workflow:Account
09:58:54.0 (152201039)|CODE_UNIT_FINISHED|Workflow:Account
09:58:54.0 (152775258)|DML_END|[50]
09:58:54.0 (152812600)|HEAP_ALLOCATE|[EXTERNAL]|Bytes:8
09:58:54.0 (152833614)|SYSTEM_MODE_EXIT|false
09:58:54.0 (152860040)|METHOD_EXIT|[9]|01p1r000009p8Bf|AccountMethods.ActualizarCuentaHija(List<Account>, Map<Id,Account>)
09:58:54.152 (152880386)|CUMULATIVE_LIMIT_USAGE
09:58:54.152 (152880386)|LIMIT_USAGE_FOR_NS|(default)|
  Number of SOQL queries: 2 out of 100
  Number of query rows: 2 out of 50000
  Number of SOSL queries: 0 out of 20
  Number of DML statements: 4 out of 150
  Number of DML rows: 4 out of 10000
  Maximum CPU time: 0 out of 10000
  Maximum heap size: 0 out of 6000000
  Number of callouts: 0 out of 100
  Number of Email Invocations: 0 out of 10
  Number of future calls: 0 out of 50
  Number of queueable jobs added to the queue: 0 out of 50
  Number of Mobile Apex push calls: 0 out of 10

09:58:54.152 (152880386)|CUMULATIVE_LIMIT_USAGE_END

09:58:54.0 (154106649)|CODE_UNIT_FINISHED|AccountTrigger on Account trigger event BeforeUpdate
09:58:54.0 (155294041)|CODE_UNIT_STARTED|[EXTERNAL]|DuplicateDetector
09:58:54.0 (155311801)|DUPLICATE_DETECTION_BEGIN
09:58:54.0 (155359764)|DUPLICATE_DETECTION_RULE_INVOCATION|DuplicateRuleId:0Bm1r0000018X88|DuplicateRuleName:Standard Account Duplicate Rule|DmlType:UPDATE
09:58:54.0 (155429312)|DUPLICATE_DETECTION_END
09:58:54.0 (155433893)|CODE_UNIT_FINISHED|DuplicateDetector
09:58:54.0 (163732396)|CODE_UNIT_STARTED|[EXTERNAL]|Workflow:Account
09:58:54.0 (163774052)|CODE_UNIT_FINISHED|Workflow:Account
09:58:54.0 (163973240)|DML_END|[17]
09:58:54.0 (164002365)|STATEMENT_EXECUTE|[19]
09:58:54.0 (164012144)|HEAP_ALLOCATE|[19]|Bytes:78
09:58:54.0 (164042980)|HEAP_ALLOCATE|[19]|Bytes:4
09:58:54.0 (164332661)|SOQL_EXECUTE_BEGIN|[19]|Aggregations:0|SELECT Fecha_ultima_actividad_mas_reciente__c FROM Account WHERE Id = :tmpVar1
09:58:54.0 (168451593)|SOQL_EXECUTE_END|[19]|Rows:1
09:58:54.0 (168480217)|HEAP_ALLOCATE|[19]|Bytes:8
09:58:54.0 (168496575)|HEAP_ALLOCATE|[19]|Bytes:75
09:58:54.0 (168528905)|HEAP_ALLOCATE|[19]|Bytes:8
09:58:54.0 (168541013)|HEAP_ALLOCATE|[19]|Bytes:33
09:58:54.0 (168557673)|HEAP_ALLOCATE|[19]|Bytes:12
09:58:54.0 (168568751)|VARIABLE_SCOPE_BEGIN|[19]|oAccountChildCheck|Account|true|false
09:58:54.0 (168615568)|VARIABLE_ASSIGNMENT|[19]|oAccountChildCheck|{"Fecha_ultima_activid (18 more) ...":"2020-01-11T00:00:00.000Z","Id":"0011r00001np57KAAQ"}|0x1060633b
09:58:54.0 (168629659)|STATEMENT_EXECUTE|[21]
09:58:54.0 (168752365)|EXCEPTION_THROWN|[21]|System.AssertException: Assertion Failed: Expected: 2020-01-11 00:00:00, Actual: 2022-01-11 00:00:00
09:58:54.0 (168868247)|HEAP_ALLOCATE|[21]|Bytes:80
09:58:54.0 (168942872)|FATAL_ERROR|System.AssertException: Assertion Failed: Expected: 2020-01-11 00:00:00, Actual: 2022-01-11 00:00:00

Class.AccountTest.ActualizarCuentaHija: line 21, column 1
09:58:54.0 (168959895)|FATAL_ERROR|System.AssertException: Assertion Failed: Expected: 2020-01-11 00:00:00, Actual: 2022-01-11 00:00:00

Class.AccountTest.ActualizarCuentaHija: line 21, column 1
09:58:54.168 (168969377)|CUMULATIVE_LIMIT_USAGE
09:58:54.168 (168969377)|LIMIT_USAGE_FOR_NS|(default)|
  Number of SOQL queries: 3 out of 100
  Number of query rows: 3 out of 50000
  Number of SOSL queries: 0 out of 20
  Number of DML statements: 4 out of 150
  Number of DML rows: 4 out of 10000
  Maximum CPU time: 0 out of 10000
  Maximum heap size: 0 out of 6000000
  Number of callouts: 0 out of 100
  Number of Email Invocations: 0 out of 10
  Number of future calls: 0 out of 50
  Number of queueable jobs added to the queue: 0 out of 50
  Number of Mobile Apex push calls: 0 out of 10

09:58:54.168 (168969377)|CUMULATIVE_LIMIT_USAGE_END

09:58:54.0 (169022929)|CODE_UNIT_FINISHED|AccountTest.ActualizarCuentaHija
09:58:54.0 (169825311)|EXECUTION_FINISHED
09:58:54.264 (264705700)|USER_INFO|[EXTERNAL]|0051r000007Oz5Q|lydia.abril@gmail.com|hora estándar de Europa central|GMT+02:00
09:58:54.264 (264737822)|EXECUTION_STARTED
09:58:54.264 (264743146)|CODE_UNIT_STARTED|[EXTERNAL]|DuplicateDetector
09:58:54.264 (264762287)|DUPLICATE_DETECTION_BEGIN
09:58:54.264 (264809320)|DUPLICATE_DETECTION_RULE_INVOCATION|DuplicateRuleId:0Bm1r0000018X88|DuplicateRuleName:Standard Account Duplicate Rule|DmlType:UPDATE
09:58:54.264 (274484285)|DUPLICATE_DETECTION_END
09:58:54.264 (274493552)|CODE_UNIT_FINISHED|DuplicateDetector
09:58:54.264 (275537006)|EXECUTION_FINISHED
09:58:54.277 (277560204)|USER_INFO|[EXTERNAL]|0051r000007Oz5Q|lydia.abril@gmail.com|hora estándar de Europa central|GMT+02:00
09:58:54.277 (277582946)|EXECUTION_STARTED
09:58:54.277 (277586926)|CODE_UNIT_STARTED|[EXTERNAL]|DuplicateDetector
09:58:54.277 (277596864)|DUPLICATE_DETECTION_BEGIN
09:58:54.277 (277638899)|DUPLICATE_DETECTION_RULE_INVOCATION|DuplicateRuleId:0Bm1r0000018X88|DuplicateRuleName:Standard Account Duplicate Rule|DmlType:INSERT
09:58:54.277 (285358313)|DUPLICATE_DETECTION_END
09:58:54.277 (285365847)|CODE_UNIT_FINISHED|DuplicateDetector
09:58:54.277 (286171382)|EXECUTION_FINISHED
