36.0 APEX_CODE,FINEST;APEX_PROFILING,INFO;CALLOUT,INFO;DB,INFO;SYSTEM,DEBUG;VALIDATION,INFO;VISUALFORCE,INFO;WAVE,INFO;WORKFLOW,INFO
10:29:02.0 (68059)|USER_INFO|[EXTERNAL]|0051r000007Oz5Q|lydia.abril@gmail.com|hora estándar de Europa central|GMT+02:00
10:29:02.0 (113248)|EXECUTION_STARTED
10:29:02.0 (117122)|CODE_UNIT_STARTED|[EXTERNAL]|01p1r000007YiiW|ReservaVueloTest.testRellenarCuenta
10:29:02.0 (341471)|HEAP_ALLOCATE|[72]|Bytes:3
10:29:02.0 (372706)|HEAP_ALLOCATE|[77]|Bytes:152
10:29:02.0 (387662)|HEAP_ALLOCATE|[342]|Bytes:408
10:29:02.0 (402932)|HEAP_ALLOCATE|[355]|Bytes:408
10:29:02.0 (416082)|HEAP_ALLOCATE|[467]|Bytes:48
10:29:02.0 (440864)|HEAP_ALLOCATE|[139]|Bytes:6
10:29:02.0 (456291)|HEAP_ALLOCATE|[EXTERNAL]|Bytes:32
10:29:02.0 (474504)|METHOD_ENTRY|[2]|01p1r000007YiiW|ReservaVueloTest.ReservaVueloTest()
10:29:02.0 (482609)|STATEMENT_EXECUTE|[2]
10:29:02.0 (487882)|STATEMENT_EXECUTE|[2]
10:29:02.0 (491884)|METHOD_EXIT|[2]|ReservaVueloTest
10:29:02.0 (637459)|HEAP_ALLOCATE|[50]|Bytes:5
10:29:02.0 (657130)|HEAP_ALLOCATE|[56]|Bytes:5
10:29:02.0 (665489)|HEAP_ALLOCATE|[64]|Bytes:7
10:29:02.0 (702583)|STATEMENT_EXECUTE|[4]
10:29:02.0 (704675)|STATEMENT_EXECUTE|[10]
10:29:02.0 (740569)|HEAP_ALLOCATE|[10]|Bytes:4
10:29:02.0 (816515)|HEAP_ALLOCATE|[10]|Bytes:13
10:29:02.0 (873135)|VARIABLE_ASSIGNMENT|[10]|this.Name|"AccountPrueba"|0x6bbc6e86
10:29:02.0 (895717)|VARIABLE_SCOPE_BEGIN|[10]|acount1|Account|true|false
10:29:02.0 (915934)|VARIABLE_ASSIGNMENT|[10]|acount1|{"Name":"AccountPrueba"}|0x6bbc6e86
10:29:02.0 (923276)|STATEMENT_EXECUTE|[12]
10:29:02.0 (945515)|HEAP_ALLOCATE|[12]|Bytes:4
10:29:02.0 (1017397)|VARIABLE_ASSIGNMENT|[12]|this.AccountId|null|0x6c193238
10:29:02.0 (1040356)|VARIABLE_SCOPE_BEGIN|[12]|contact1|Contact|true|false
10:29:02.0 (1052680)|VARIABLE_ASSIGNMENT|[12]|contact1|{}|0x6c193238
10:29:02.0 (1058338)|STATEMENT_EXECUTE|[14]
10:29:02.0 (1081210)|HEAP_ALLOCATE|[14]|Bytes:4
10:29:02.0 (1124245)|HEAP_ALLOCATE|[14]|Bytes:18
10:29:02.0 (1149772)|VARIABLE_ASSIGNMENT|[14]|this.Name|"ReservaVueloPrueba"|0x15bdf021
10:29:02.0 (1179229)|VARIABLE_ASSIGNMENT|[14]|this.Contacto__c|null|0x15bdf021
10:29:02.0 (1192858)|VARIABLE_SCOPE_BEGIN|[14]|rv1|Reserva_Vuelo__c|true|false
10:29:02.0 (1205634)|VARIABLE_ASSIGNMENT|[14]|rv1|{"Name":"ReservaVueloPrueba"}|0x15bdf021
10:29:02.0 (1212165)|STATEMENT_EXECUTE|[18]
10:29:02.0 (1222834)|HEAP_ALLOCATE|[18]|Bytes:4
10:29:02.0 (1230384)|HEAP_ALLOCATE|[18]|Bytes:14
10:29:02.0 (1246554)|VARIABLE_ASSIGNMENT|[18]|this.Name|"AccountPrueba2"|0x38d01d2b
10:29:02.0 (1259210)|VARIABLE_SCOPE_BEGIN|[18]|acount2|Account|true|false
10:29:02.0 (1269878)|VARIABLE_ASSIGNMENT|[18]|acount2|{"Name":"AccountPrueba2"}|0x38d01d2b
10:29:02.0 (1275882)|STATEMENT_EXECUTE|[20]
10:29:02.0 (1283732)|HEAP_ALLOCATE|[20]|Bytes:4
10:29:02.0 (1302157)|VARIABLE_ASSIGNMENT|[20]|this.AccountId|null|0x6ee1da05
10:29:02.0 (1313659)|VARIABLE_SCOPE_BEGIN|[20]|contact2|Contact|true|false
10:29:02.0 (1323330)|VARIABLE_ASSIGNMENT|[20]|contact2|{}|0x6ee1da05
10:29:02.0 (1329231)|STATEMENT_EXECUTE|[22]
10:29:02.0 (1338863)|HEAP_ALLOCATE|[22]|Bytes:4
10:29:02.0 (1346160)|HEAP_ALLOCATE|[22]|Bytes:19
10:29:02.0 (1360408)|VARIABLE_ASSIGNMENT|[22]|this.Name|"ReservaVueloPrueba2"|0x628e4ade
10:29:02.0 (1378543)|VARIABLE_ASSIGNMENT|[22]|this.Contacto__c|null|0x628e4ade
10:29:02.0 (1388876)|VARIABLE_SCOPE_BEGIN|[22]|rv2|Reserva_Vuelo__c|true|false
10:29:02.0 (1398680)|VARIABLE_ASSIGNMENT|[22]|rv2|{"Name":"ReservaVueloPrueba2"}|0x628e4ade
10:29:02.0 (1404538)|STATEMENT_EXECUTE|[26]
10:29:02.0 (1453261)|HEAP_ALLOCATE|[26]|Bytes:4
10:29:02.0 (1504889)|VARIABLE_SCOPE_BEGIN|[26]|rvList|List<Reserva_Vuelo__c>|true|false
10:29:02.0 (1515547)|HEAP_ALLOCATE|[EXTERNAL]|Bytes:4
10:29:02.0 (1525952)|VARIABLE_ASSIGNMENT|[26]|rvList|[]|0x5a0f3ae1
10:29:02.0 (1532579)|STATEMENT_EXECUTE|[28]
10:29:02.0 (1567079)|HEAP_ALLOCATE|[EXTERNAL]|Bytes:4
10:29:02.0 (1576262)|STATEMENT_EXECUTE|[29]
10:29:02.0 (1589540)|HEAP_ALLOCATE|[EXTERNAL]|Bytes:4
10:29:02.0 (1596113)|STATEMENT_EXECUTE|[33]
10:29:02.0 (2588098)|HEAP_ALLOCATE|[33]|Bytes:4
10:29:02.0 (2607328)|METHOD_ENTRY|[1]|01p1r000007Yidp|ReservaVueloMethods.ReservaVueloMethods()
10:29:02.0 (2614834)|STATEMENT_EXECUTE|[1]
10:29:02.0 (2619785)|STATEMENT_EXECUTE|[1]
10:29:02.0 (2980393)|SYSTEM_MODE_ENTER|false
10:29:02.0 (2993565)|HEAP_ALLOCATE|[33]|Bytes:5
10:29:02.0 (3001484)|SYSTEM_MODE_EXIT|false
10:29:02.0 (3013612)|METHOD_EXIT|[1]|ReservaVueloMethods
10:29:02.0 (3042852)|METHOD_ENTRY|[33]|01p1r000007Yidp|ReservaVueloMethods.RellenarCuenta(List<Reserva_Vuelo__c>)
10:29:02.0 (3063181)|VARIABLE_SCOPE_BEGIN|[4]|reservas|List<Reserva_Vuelo__c>|true|false
10:29:02.0 (3083631)|VARIABLE_ASSIGNMENT|[4]|reservas|[{"Name":"ReservaVueloPrueba"},{"Name":"ReservaVueloPrueba2"}]|0x5a0f3ae1
10:29:02.0 (3110150)|SYSTEM_MODE_ENTER|false
10:29:02.0 (3116749)|HEAP_ALLOCATE|[15]|Bytes:5
10:29:02.0 (3122397)|STATEMENT_EXECUTE|[4]
10:29:02.0 (3124209)|STATEMENT_EXECUTE|[15]
10:29:02.0 (3136971)|HEAP_ALLOCATE|[15]|Bytes:4
10:29:02.0 (3185693)|VARIABLE_SCOPE_BEGIN|[15]|contactosIds|Set<String>|true|false
10:29:02.0 (3217993)|VARIABLE_ASSIGNMENT|[15]|contactosIds|[]|0x14066822
10:29:02.0 (3352148)|HEAP_ALLOCATE|[16]|Bytes:5
10:29:02.0 (3396280)|HEAP_ALLOCATE|[16]|Bytes:12
10:29:02.0 (3405017)|VARIABLE_SCOPE_BEGIN|[16]|rv|Reserva_Vuelo__c|true|false
10:29:02.0 (3420367)|VARIABLE_ASSIGNMENT|[16]|rv|{"Name":"ReservaVueloPrueba"}|0x15bdf021
10:29:02.0 (3428088)|STATEMENT_EXECUTE|[16]
10:29:02.0 (3429797)|STATEMENT_EXECUTE|[17]
10:29:02.0 (3457769)|HEAP_ALLOCATE|[EXTERNAL]|Bytes:4
10:29:02.0 (3472267)|HEAP_ALLOCATE|[16]|Bytes:5
10:29:02.0 (3481981)|HEAP_ALLOCATE|[16]|Bytes:12
10:29:02.0 (3487786)|VARIABLE_SCOPE_BEGIN|[16]|rv|Reserva_Vuelo__c|true|false
10:29:02.0 (3499334)|VARIABLE_ASSIGNMENT|[16]|rv|{"Name":"ReservaVueloPrueba2"}|0x628e4ade
10:29:02.0 (3505099)|STATEMENT_EXECUTE|[16]
10:29:02.0 (3506652)|STATEMENT_EXECUTE|[17]
10:29:02.0 (3512535)|HEAP_ALLOCATE|[EXTERNAL]|Bytes:4
10:29:02.0 (3521879)|HEAP_ALLOCATE|[16]|Bytes:5
10:29:02.0 (3530014)|VARIABLE_ASSIGNMENT|[16]|rv|null|
10:29:02.0 (3534266)|STATEMENT_EXECUTE|[21]
10:29:02.0 (3577088)|HEAP_ALLOCATE|[21]|Bytes:4
10:29:02.0 (3603757)|VARIABLE_SCOPE_BEGIN|[21]|contactos|Map<String,Contact>|true|false
10:29:02.0 (3620753)|VARIABLE_ASSIGNMENT|[21]|contactos|{}|0x6851b43f
10:29:02.0 (3633373)|HEAP_ALLOCATE|[22]|Bytes:4
10:29:02.0 (3658401)|HEAP_ALLOCATE|[22]|Bytes:4
10:29:02.0 (3677022)|HEAP_ALLOCATE|[22]|Bytes:5
10:29:02.0 (3686732)|VARIABLE_SCOPE_BEGIN|[22]|c|String|false|false
10:29:02.0 (3695965)|VARIABLE_ASSIGNMENT|[22]|c|null
10:29:02.0 (3701081)|STATEMENT_EXECUTE|[22]
10:29:02.0 (3702610)|STATEMENT_EXECUTE|[23]
10:29:02.0 (3705656)|HEAP_ALLOCATE|[23]|Bytes:49
10:29:02.0 (3717372)|HEAP_ALLOCATE|[23]|Bytes:4
10:29:02.0 (3724852)|HEAP_ALLOCATE|[23]|Bytes:7
10:29:02.0 (3921926)|SOQL_EXECUTE_BEGIN|[23]|Aggregations:0|SELECT AccountId FROM Contact WHERE id = :tmpVar1
10:29:02.0 (6784973)|SOQL_EXECUTE_END|[23]|Rows:0
10:29:02.0 (6808257)|HEAP_ALLOCATE|[23]|Bytes:4
10:29:02.0 (6819816)|HEAP_ALLOCATE|[23]|Bytes:0
10:29:02.0 (6864170)|HEAP_ALLOCATE|[23]|Bytes:4
10:29:02.0 (6942465)|EXCEPTION_THROWN|[0]|System.QueryException: List has no rows for assignment to SObject
10:29:02.0 (7004591)|HEAP_ALLOCATE|[23]|Bytes:46
10:29:02.0 (7021195)|SYSTEM_MODE_EXIT|false
10:29:02.0 (7036388)|METHOD_EXIT|[33]|01p1r000007Yidp|ReservaVueloMethods.RellenarCuenta(List<Reserva_Vuelo__c>)
10:29:02.0 (7178427)|FATAL_ERROR|System.QueryException: List has no rows for assignment to SObject

External entry point
Class.ReservaVueloTest.testRellenarCuenta: line 33, column 1
10:29:02.0 (7201070)|FATAL_ERROR|System.QueryException: List has no rows for assignment to SObject

External entry point
Class.ReservaVueloTest.testRellenarCuenta: line 33, column 1
10:29:02.7 (7206352)|CUMULATIVE_LIMIT_USAGE
10:29:02.7 (7206352)|LIMIT_USAGE_FOR_NS|(default)|
  Number of SOQL queries: 1 out of 100
  Number of query rows: 0 out of 50000
  Number of SOSL queries: 0 out of 20
  Number of DML statements: 0 out of 150
  Number of DML rows: 0 out of 10000
  Maximum CPU time: 0 out of 10000
  Maximum heap size: 0 out of 6000000
  Number of callouts: 0 out of 100
  Number of Email Invocations: 0 out of 10
  Number of future calls: 0 out of 50
  Number of queueable jobs added to the queue: 0 out of 50
  Number of Mobile Apex push calls: 0 out of 10

10:29:02.7 (7206352)|CUMULATIVE_LIMIT_USAGE_END

10:29:02.0 (7244742)|CODE_UNIT_FINISHED|ReservaVueloTest.testRellenarCuenta
10:29:02.0 (8622269)|EXECUTION_FINISHED
