36.0 APEX_CODE,FINEST;APEX_PROFILING,INFO;CALLOUT,INFO;DB,INFO;SYSTEM,DEBUG;VALIDATION,INFO;VISUALFORCE,INFO;WAVE,INFO;WORKFLOW,INFO
09:34:02.0 (454453)|USER_INFO|[EXTERNAL]|0051r000007Oz5Q|lydia.abril@gmail.com|hora estándar de Europa central|GMT+02:00
09:34:02.0 (503191)|EXECUTION_STARTED
09:34:02.0 (507541)|CODE_UNIT_STARTED|[EXTERNAL]|01p1r000009p8gu|AccountTest.ActualizarCuentaHija
09:34:02.0 (937743)|HEAP_ALLOCATE|[72]|Bytes:3
09:34:02.0 (977148)|HEAP_ALLOCATE|[77]|Bytes:152
09:34:02.0 (992448)|HEAP_ALLOCATE|[342]|Bytes:408
09:34:02.0 (1006890)|HEAP_ALLOCATE|[355]|Bytes:408
09:34:02.0 (1020879)|HEAP_ALLOCATE|[467]|Bytes:48
09:34:02.0 (1048013)|HEAP_ALLOCATE|[139]|Bytes:6
09:34:02.0 (1061737)|HEAP_ALLOCATE|[EXTERNAL]|Bytes:26
09:34:02.0 (1072616)|METHOD_ENTRY|[2]|01p1r000009p8gu|AccountTest.AccountTest()
09:34:02.0 (1080258)|STATEMENT_EXECUTE|[2]
09:34:02.0 (1086366)|STATEMENT_EXECUTE|[2]
09:34:02.0 (1090718)|METHOD_EXIT|[2]|AccountTest
09:34:02.0 (1147002)|HEAP_ALLOCATE|[50]|Bytes:5
09:34:02.0 (1173853)|HEAP_ALLOCATE|[56]|Bytes:5
09:34:02.0 (1183763)|HEAP_ALLOCATE|[64]|Bytes:7
09:34:02.0 (1236783)|STATEMENT_EXECUTE|[4]
09:34:02.0 (1239322)|STATEMENT_EXECUTE|[6]
09:34:02.0 (1284553)|HEAP_ALLOCATE|[6]|Bytes:4
09:34:02.0 (1360388)|HEAP_ALLOCATE|[6]|Bytes:12
09:34:02.0 (1875686)|VARIABLE_ASSIGNMENT|[6]|this.Name|"CuentaParent"|0x1c00d754
09:34:02.0 (1909035)|VARIABLE_SCOPE_BEGIN|[6]|oAccountParent|Account|true|false
09:34:02.0 (1929745)|VARIABLE_ASSIGNMENT|[6]|oAccountParent|{"Name":"CuentaParent"}|0x1c00d754
09:34:02.0 (1936723)|STATEMENT_EXECUTE|[7]
09:34:02.0 (1962071)|HEAP_ALLOCATE|[7]|Bytes:8
09:34:02.0 (1974006)|DML_BEGIN|[7]|Op:Insert|Type:Account|Rows:1
09:34:02.0 (2005272)|HEAP_ALLOCATE|[EXTERNAL]|Bytes:8
09:34:02.0 (12936577)|CODE_UNIT_STARTED|[EXTERNAL]|DuplicateDetector
09:34:02.0 (12954952)|DUPLICATE_DETECTION_BEGIN
09:34:02.0 (13244536)|DUPLICATE_DETECTION_RULE_INVOCATION|DuplicateRuleId:0Bm1r0000018X88|DuplicateRuleName:Standard Account Duplicate Rule|DmlType:INSERT
09:34:02.0 (32357549)|DUPLICATE_DETECTION_MATCH_INVOCATION_DETAILS|EntityType:Account|ActionTaken:Allow_[Alert,Report]|DuplicateRecordIds:
09:34:02.0 (32380015)|DUPLICATE_DETECTION_MATCH_INVOCATION_SUMMARY|EntityType:Account|NumRecordsToBeSaved:1|NumRecordsToBeSavedWithDuplicates:0|NumDuplicateRecordsFound:0
09:34:02.0 (32488964)|DUPLICATE_DETECTION_END
09:34:02.0 (32497069)|CODE_UNIT_FINISHED|DuplicateDetector
09:34:02.0 (65244781)|DML_END|[7]
09:34:02.0 (65282252)|STATEMENT_EXECUTE|[9]
09:34:02.0 (65314297)|HEAP_ALLOCATE|[9]|Bytes:4
09:34:02.0 (65342456)|HEAP_ALLOCATE|[9]|Bytes:6
09:34:02.0 (65390616)|VARIABLE_ASSIGNMENT|[9]|this.Name|"Cuenta"|0x42fb76cf
09:34:02.0 (65428608)|VARIABLE_ASSIGNMENT|[9]|this.ParentId|"0011r00001nohIrAAI"|0x42fb76cf
09:34:02.0 (65523372)|HEAP_ALLOCATE|[11]|Bytes:4
09:34:02.0 (65575462)|VARIABLE_ASSIGNMENT|[9]|this.Fecha_ultima_actividad_mas_reciente__c|"2018-01-11T00:00:00.000Z"|0x42fb76cf
09:34:02.0 (65617068)|VARIABLE_SCOPE_BEGIN|[9]|oAccountChild|Account|true|false
09:34:02.0 (65647526)|VARIABLE_ASSIGNMENT|[9]|oAccountChild|{"Name":"Cuenta","ParentId":"0011r00001nohIrAAI","Fecha_ultima_activid (18 more) ...":"2018-01-11T00:00:00.000Z"}|0x42fb76cf
09:34:02.0 (65657508)|STATEMENT_EXECUTE|[13]
09:34:02.0 (65678283)|HEAP_ALLOCATE|[13]|Bytes:8
09:34:02.0 (65690066)|DML_BEGIN|[13]|Op:Insert|Type:Account|Rows:1
09:34:02.0 (65727209)|HEAP_ALLOCATE|[EXTERNAL]|Bytes:8
09:34:02.0 (68556782)|CODE_UNIT_STARTED|[EXTERNAL]|DuplicateDetector
09:34:02.0 (68591751)|DUPLICATE_DETECTION_BEGIN
09:34:02.0 (68664378)|DUPLICATE_DETECTION_RULE_INVOCATION|DuplicateRuleId:0Bm1r0000018X88|DuplicateRuleName:Standard Account Duplicate Rule|DmlType:INSERT
09:34:02.0 (78799706)|DUPLICATE_DETECTION_MATCH_INVOCATION_DETAILS|EntityType:Account|ActionTaken:Allow_[Alert,Report]|DuplicateRecordIds:
09:34:02.0 (78817687)|DUPLICATE_DETECTION_MATCH_INVOCATION_SUMMARY|EntityType:Account|NumRecordsToBeSaved:1|NumRecordsToBeSavedWithDuplicates:0|NumDuplicateRecordsFound:0
09:34:02.0 (78921023)|DUPLICATE_DETECTION_END
09:34:02.0 (78928125)|CODE_UNIT_FINISHED|DuplicateDetector
09:34:02.0 (94393393)|DML_END|[13]
09:34:02.0 (94425598)|STATEMENT_EXECUTE|[15]
09:34:02.0 (94509885)|HEAP_ALLOCATE|[15]|Bytes:4
09:34:02.0 (94609405)|VARIABLE_ASSIGNMENT|[15]|this.Fecha_ultima_actividad_mas_reciente__c|"2020-01-11T00:00:00.000Z"|0x1c00d754
09:34:02.0 (94618824)|STATEMENT_EXECUTE|[17]
09:34:02.0 (94650163)|HEAP_ALLOCATE|[17]|Bytes:8
09:34:02.0 (94662605)|DML_BEGIN|[17]|Op:Update|Type:Account|Rows:1
09:34:02.0 (94700615)|HEAP_ALLOCATE|[EXTERNAL]|Bytes:8
09:34:02.0 (101920844)|CODE_UNIT_STARTED|[EXTERNAL]|01q1r000000j8Jg|AccountTrigger on Account trigger event BeforeUpdate
09:34:02.0 (101970223)|HEAP_ALLOCATE|[EXTERNAL]|Bytes:8
09:34:02.0 (102002149)|HEAP_ALLOCATE|[EXTERNAL]|Bytes:8
09:34:02.0 (102174360)|HEAP_ALLOCATE|[EXTERNAL]|Bytes:12
09:34:02.0 (102192261)|VARIABLE_SCOPE_BEGIN|[1]|this|AccountTrigger|true|false
09:34:02.0 (102265359)|VARIABLE_ASSIGNMENT|[1]|this|{}|0x1e073052
09:34:02.0 (102331211)|HEAP_ALLOCATE|[EXTERNAL]|Bytes:12
09:34:02.0 (102344223)|VARIABLE_SCOPE_BEGIN|[1]|this|AccountTrigger|true|false
09:34:02.0 (102368717)|VARIABLE_ASSIGNMENT|[1]|this|{}|0x1e073052
09:34:02.0 (102383471)|STATEMENT_EXECUTE|[1]
09:34:02.0 (102386647)|STATEMENT_EXECUTE|[3]
09:34:02.0 (103179140)|VARIABLE_ASSIGNMENT|[3]|this.listNew|[{"LastModifiedDate":"2018-04-18T07:34:02.000Z","IsDeleted":false,"CleanStatus":"Pending","Fecha_ultima_activid (18 more) ...":"2020-01-11T00:00:00.000Z","OwnerId":"0051r000007Oz5QAAS","CreatedById":"0051r000007Oz5QAAS","Match_Billing_Addres (4 more) ...":false,"CreatedDate":"2018-04-18T07:34:02.000Z","Id":"0011r00001nohIrAAI","LastModifiedById":"0051r000007Oz5QAAS","SystemModstamp":"2018-04-18T07:34:02.000Z","Name":"CuentaParent"}]|0x1e073052
09:34:02.0 (103197838)|STATEMENT_EXECUTE|[5]
09:34:02.0 (103611827)|VARIABLE_ASSIGNMENT|[5]|this.mapOld|{"0011r00001nohIrAAI":{"LastModifiedDate":"2018-04-18T07:34:02.000Z","IsDeleted":false,"CleanStatus":"Pending","OwnerId":"0051r000007Oz5QAAS","CreatedById":"0051r000007Oz5QAAS","Match_Billing_Addres (4 more) ...":false,"CreatedDate":"2018-04-18T07:34:02.000Z","Id":"0011r00001nohIrAAI","LastModifiedById":"0051r000007Oz5QAAS","SystemModstamp":"2018-04-18T07:34:02.000Z","Name":"CuentaParent"}}|0x1e073052
09:34:02.0 (103633743)|STATEMENT_EXECUTE|[7]
09:34:02.0 (103639983)|STATEMENT_EXECUTE|[8]
09:34:02.0 (103641817)|STATEMENT_EXECUTE|[9]
09:34:02.0 (105032970)|HEAP_ALLOCATE|[9]|Bytes:1
09:34:02.0 (105072970)|METHOD_ENTRY|[1]|01p1r000009p8Bf|AccountMethods.AccountMethods()
09:34:02.0 (105080764)|STATEMENT_EXECUTE|[1]
09:34:02.0 (105085884)|STATEMENT_EXECUTE|[1]
09:34:02.0 (105454206)|SYSTEM_MODE_ENTER|false
09:34:02.0 (105467710)|HEAP_ALLOCATE|[9]|Bytes:5
09:34:02.0 (105477046)|SYSTEM_MODE_EXIT|false
09:34:02.0 (105486545)|METHOD_EXIT|[1]|AccountMethods
09:34:02.0 (105515597)|METHOD_ENTRY|[9]|01p1r000009p8Bf|AccountMethods.ActualizarCuentaHija(List<Account>, Map<Id,Account>)
09:34:02.0 (105547804)|VARIABLE_SCOPE_BEGIN|[3]|listAccount|List<Account>|true|false
09:34:02.0 (105983742)|VARIABLE_ASSIGNMENT|[3]|listAccount|[{"LastModifiedDate":"2018-04-18T07:34:02.000Z","IsDeleted":false,"CleanStatus":"Pending","Fecha_ultima_activid (18 more) ...":"2020-01-11T00:00:00.000Z","OwnerId":"0051r000007Oz5QAAS","CreatedById":"0051r000007Oz5QAAS","Match_Billing_Addres (4 more) ...":false,"CreatedDate":"2018-04-18T07:34:02.000Z","Id":"0011r00001nohIrAAI","LastModifiedById":"0051r000007Oz5QAAS","SystemModstamp":"2018-04-18T07:34:02.000Z","Name":"CuentaParent"}]|0x10dd2ad6
09:34:02.0 (105999946)|VARIABLE_SCOPE_BEGIN|[3]|mapOld|Map<Id,Account>|true|false
09:34:02.0 (106353555)|VARIABLE_ASSIGNMENT|[3]|mapOld|{"0011r00001nohIrAAI":{"LastModifiedDate":"2018-04-18T07:34:02.000Z","IsDeleted":false,"CleanStatus":"Pending","OwnerId":"0051r000007Oz5QAAS","CreatedById":"0051r000007Oz5QAAS","Match_Billing_Addres (4 more) ...":false,"CreatedDate":"2018-04-18T07:34:02.000Z","Id":"0011r00001nohIrAAI","LastModifiedById":"0051r000007Oz5QAAS","SystemModstamp":"2018-04-18T07:34:02.000Z","Name":"CuentaParent"}}|0x7cc8e472
09:34:02.0 (106385096)|SYSTEM_MODE_ENTER|false
09:34:02.0 (106393506)|HEAP_ALLOCATE|[5]|Bytes:5
09:34:02.0 (106400034)|STATEMENT_EXECUTE|[3]
09:34:02.0 (106463558)|STATEMENT_EXECUTE|[5]
09:34:02.0 (106466024)|STATEMENT_EXECUTE|[8]
09:34:02.0 (106481865)|HEAP_ALLOCATE|[8]|Bytes:4
09:34:02.0 (106510302)|VARIABLE_SCOPE_BEGIN|[8]|listAccountIds|List<String>|true|false
09:34:02.0 (106534652)|HEAP_ALLOCATE|[EXTERNAL]|Bytes:4
09:34:02.0 (106543860)|VARIABLE_ASSIGNMENT|[8]|listAccountIds|[]|0x2db12edd
09:34:02.0 (106550312)|STATEMENT_EXECUTE|[9]
09:34:02.0 (106586055)|HEAP_ALLOCATE|[9]|Bytes:4
09:34:02.0 (106614807)|VARIABLE_SCOPE_BEGIN|[9]|mapAccountParent|Map<String,Account>|true|false
09:34:02.0 (106630037)|VARIABLE_ASSIGNMENT|[9]|mapAccountParent|{}|0x54c33a27
09:34:02.0 (106798158)|HEAP_ALLOCATE|[11]|Bytes:5
09:34:02.0 (106826255)|HEAP_ALLOCATE|[11]|Bytes:4
09:34:02.0 (106835702)|VARIABLE_SCOPE_BEGIN|[11]|inAccount|Account|true|false
09:34:02.0 (107279138)|VARIABLE_ASSIGNMENT|[11]|inAccount|{"LastModifiedDate":"2018-04-18T07:34:02.000Z","IsDeleted":false,"CleanStatus":"Pending","Fecha_ultima_activid (18 more) ...":"2020-01-11T00:00:00.000Z","OwnerId":"0051r000007Oz5QAAS","CreatedById":"0051r000007Oz5QAAS","Match_Billing_Addres (4 more) ...":false,"CreatedDate":"2018-04-18T07:34:02.000Z","Id":"0011r00001nohIrAAI","LastModifiedById":"0051r000007Oz5QAAS","SystemModstamp":"2018-04-18T07:34:02.000Z","Name":"CuentaParent"}|0x60bc3b2f
09:34:02.0 (107294852)|STATEMENT_EXECUTE|[11]
09:34:02.0 (107379985)|STATEMENT_EXECUTE|[13]
09:34:02.0 (107382917)|STATEMENT_EXECUTE|[14]
09:34:02.0 (107422149)|HEAP_ALLOCATE|[EXTERNAL]|Bytes:4
09:34:02.0 (107433179)|STATEMENT_EXECUTE|[15]
09:34:02.0 (107464604)|HEAP_ALLOCATE|[EXTERNAL]|Bytes:-4
09:34:02.0 (107481230)|HEAP_ALLOCATE|[11]|Bytes:5
09:34:02.0 (107494383)|VARIABLE_ASSIGNMENT|[11]|inAccount|null|
09:34:02.0 (107500550)|STATEMENT_EXECUTE|[20]
09:34:02.0 (107504210)|HEAP_ALLOCATE|[20]|Bytes:99
09:34:02.0 (107519190)|HEAP_ALLOCATE|[20]|Bytes:4
09:34:02.0 (107527976)|HEAP_ALLOCATE|[20]|Bytes:7
09:34:02.0 (107777755)|SOQL_EXECUTE_BEGIN|[20]|Aggregations:0|SELECT Id, Fecha_ultima_actividad_mas_reciente__c, ParentId FROM Account WHERE ParentId IN :tmpVar1
09:34:02.0 (114556754)|SOQL_EXECUTE_END|[20]|Rows:1
09:34:02.0 (114588602)|HEAP_ALLOCATE|[20]|Bytes:8
09:34:02.0 (114610908)|HEAP_ALLOCATE|[20]|Bytes:105
09:34:02.0 (114646197)|HEAP_ALLOCATE|[20]|Bytes:8
09:34:02.0 (114663621)|VARIABLE_SCOPE_BEGIN|[20]|listAccountChild|List<Account>|true|false
09:34:02.0 (114729343)|VARIABLE_ASSIGNMENT|[20]|listAccountChild|[{"Id":"0011r00001nohIsAAI","Fecha_ultima_activid (18 more) ...":"2018-01-11T00:00:00.000Z","ParentId":"0011r00001nohIrAAI"}]|0x16f51515
09:34:02.0 (114787555)|HEAP_ALLOCATE|[23]|Bytes:5
09:34:02.0 (114803735)|HEAP_ALLOCATE|[23]|Bytes:16
09:34:02.0 (114813813)|VARIABLE_SCOPE_BEGIN|[23]|inAccount|Account|true|false
09:34:02.0 (114833137)|VARIABLE_ASSIGNMENT|[23]|inAccount|{"Id":"0011r00001nohIsAAI","Fecha_ultima_activid (18 more) ...":"2018-01-11T00:00:00.000Z","ParentId":"0011r00001nohIrAAI"}|0x10e8c30d
09:34:02.0 (114843043)|STATEMENT_EXECUTE|[23]
09:34:02.0 (114847073)|STATEMENT_EXECUTE|[24]
09:34:02.0 (114994483)|VARIABLE_ASSIGNMENT|[24]|this.Fecha_ultima_actividad_mas_reciente__c|"2020-01-11T00:00:00.000Z"|0x10e8c30d
09:34:02.0 (115013992)|HEAP_ALLOCATE|[23]|Bytes:5
09:34:02.0 (115028391)|VARIABLE_ASSIGNMENT|[23]|inAccount|null|
09:34:02.0 (115033923)|STATEMENT_EXECUTE|[27]
09:34:02.0 (115093800)|DML_BEGIN|[27]|Op:Update|Type:Account|Rows:1
09:34:02.0 (115132925)|HEAP_ALLOCATE|[EXTERNAL]|Bytes:8
09:34:02.0 (120622091)|CODE_UNIT_STARTED|[EXTERNAL]|01q1r000000j8Jg|AccountTrigger on Account trigger event BeforeUpdate
09:34:02.0 (120676880)|HEAP_ALLOCATE|[EXTERNAL]|Bytes:8
09:34:02.0 (120709299)|HEAP_ALLOCATE|[EXTERNAL]|Bytes:8
09:34:02.0 (120769113)|HEAP_ALLOCATE|[EXTERNAL]|Bytes:12
09:34:02.0 (120782275)|VARIABLE_SCOPE_BEGIN|[1]|this|AccountTrigger|true|false
09:34:02.0 (120824892)|VARIABLE_ASSIGNMENT|[1]|this|{}|0x44d5c050
09:34:02.0 (120868775)|HEAP_ALLOCATE|[EXTERNAL]|Bytes:12
09:34:02.0 (120877949)|VARIABLE_SCOPE_BEGIN|[1]|this|AccountTrigger|true|false
09:34:02.0 (120897716)|VARIABLE_ASSIGNMENT|[1]|this|{}|0x44d5c050
09:34:02.0 (120910796)|STATEMENT_EXECUTE|[1]
09:34:02.0 (120914052)|STATEMENT_EXECUTE|[3]
09:34:02.0 (121843488)|VARIABLE_ASSIGNMENT|[3]|this.listNew|[{"ParentId":"0011r00001nohIrAAI","LastModifiedDate":"2018-04-18T07:34:02.000Z","IsDeleted":false,"Fecha_ultima_activid (18 more) ...":"2020-01-11T00:00:00.000Z","SystemModstamp":"2018-04-18T07:34:02.000Z","Name":"Cuenta","CleanStatus":"Pending","OwnerId":"0051r000007Oz5QAAS","CreatedById":"0051r000007Oz5QAAS","Match_Billing_Addres (4 more) ...":false,"CreatedDate":"2018-04-18T07:34:02.000Z","Id":"0011r00001nohIsAAI","LastModifiedById":"0051r000007Oz5QAAS"}]|0x44d5c050
09:34:02.0 (121867995)|STATEMENT_EXECUTE|[5]
09:34:02.0 (122554518)|VARIABLE_ASSIGNMENT|[5]|this.mapOld|{"0011r00001nohIsAAI":{"ParentId":"0011r00001nohIrAAI","LastModifiedDate":"2018-04-18T07:34:02.000Z","IsDeleted":false,"Fecha_ultima_activid (18 more) ...":"2018-01-11T00:00:00.000Z","SystemModstamp":"2018-04-18T07:34:02.000Z","Name":"Cuenta","CleanStatus":"Pending","OwnerId":"0051r000007Oz5QAAS","CreatedById":"0051r000007Oz5QAAS","Match_Billing_Addres (4 more) ...":false,"CreatedDate":"2018-04-18T07:34:02.000Z","Id":"0011r00001nohIsAAI","LastModifiedById":"0051r000007Oz5QAAS"}}|0x44d5c050
09:34:02.0 (122586720)|STATEMENT_EXECUTE|[7]
09:34:02.0 (122593874)|STATEMENT_EXECUTE|[8]
09:34:02.0 (122596676)|STATEMENT_EXECUTE|[9]
09:34:02.0 (122627820)|METHOD_ENTRY|[9]|01p1r000009p8Bf|AccountMethods.ActualizarCuentaHija(List<Account>, Map<Id,Account>)
09:34:02.0 (122642337)|VARIABLE_SCOPE_BEGIN|[3]|listAccount|List<Account>|true|false
09:34:02.0 (123187728)|VARIABLE_ASSIGNMENT|[3]|listAccount|[{"ParentId":"0011r00001nohIrAAI","LastModifiedDate":"2018-04-18T07:34:02.000Z","IsDeleted":false,"Fecha_ultima_activid (18 more) ...":"2020-01-11T00:00:00.000Z","SystemModstamp":"2018-04-18T07:34:02.000Z","Name":"Cuenta","CleanStatus":"Pending","OwnerId":"0051r000007Oz5QAAS","CreatedById":"0051r000007Oz5QAAS","Match_Billing_Addres (4 more) ...":false,"CreatedDate":"2018-04-18T07:34:02.000Z","Id":"0011r00001nohIsAAI","LastModifiedById":"0051r000007Oz5QAAS"}]|0x6dde9e74
09:34:02.0 (123206725)|VARIABLE_SCOPE_BEGIN|[3]|mapOld|Map<Id,Account>|true|false
09:34:02.0 (123743877)|VARIABLE_ASSIGNMENT|[3]|mapOld|{"0011r00001nohIsAAI":{"ParentId":"0011r00001nohIrAAI","LastModifiedDate":"2018-04-18T07:34:02.000Z","IsDeleted":false,"Fecha_ultima_activid (18 more) ...":"2018-01-11T00:00:00.000Z","SystemModstamp":"2018-04-18T07:34:02.000Z","Name":"Cuenta","CleanStatus":"Pending","OwnerId":"0051r000007Oz5QAAS","CreatedById":"0051r000007Oz5QAAS","Match_Billing_Addres (4 more) ...":false,"CreatedDate":"2018-04-18T07:34:02.000Z","Id":"0011r00001nohIsAAI","LastModifiedById":"0051r000007Oz5QAAS"}}|0x2062f8a9
09:34:02.0 (123790799)|HEAP_ALLOCATE|[5]|Bytes:5
09:34:02.0 (123803096)|STATEMENT_EXECUTE|[3]
09:34:02.0 (123828828)|STATEMENT_EXECUTE|[5]
09:34:02.0 (123831806)|STATEMENT_EXECUTE|[8]
09:34:02.0 (123844954)|HEAP_ALLOCATE|[8]|Bytes:4
09:34:02.0 (123868594)|VARIABLE_SCOPE_BEGIN|[8]|listAccountIds|List<String>|true|false
09:34:02.0 (123900572)|HEAP_ALLOCATE|[EXTERNAL]|Bytes:4
09:34:02.0 (123913384)|VARIABLE_ASSIGNMENT|[8]|listAccountIds|[]|0x15327c89
09:34:02.0 (123923582)|STATEMENT_EXECUTE|[9]
09:34:02.0 (123945717)|HEAP_ALLOCATE|[9]|Bytes:4
09:34:02.0 (123959193)|VARIABLE_SCOPE_BEGIN|[9]|mapAccountParent|Map<String,Account>|true|false
09:34:02.0 (123979734)|VARIABLE_ASSIGNMENT|[9]|mapAccountParent|{}|0x7f8ff93f
09:34:02.0 (124016382)|HEAP_ALLOCATE|[11]|Bytes:5
09:34:02.0 (124038626)|HEAP_ALLOCATE|[11]|Bytes:4
09:34:02.0 (124050698)|VARIABLE_SCOPE_BEGIN|[11]|inAccount|Account|true|false
09:34:02.0 (124636999)|VARIABLE_ASSIGNMENT|[11]|inAccount|{"ParentId":"0011r00001nohIrAAI","LastModifiedDate":"2018-04-18T07:34:02.000Z","IsDeleted":false,"Fecha_ultima_activid (18 more) ...":"2020-01-11T00:00:00.000Z","SystemModstamp":"2018-04-18T07:34:02.000Z","Name":"Cuenta","CleanStatus":"Pending","OwnerId":"0051r000007Oz5QAAS","CreatedById":"0051r000007Oz5QAAS","Match_Billing_Addres (4 more) ...":false,"CreatedDate":"2018-04-18T07:34:02.000Z","Id":"0011r00001nohIsAAI","LastModifiedById":"0051r000007Oz5QAAS"}|0x663bf584
09:34:02.0 (124657663)|STATEMENT_EXECUTE|[11]
09:34:02.0 (124667880)|STATEMENT_EXECUTE|[13]
09:34:02.0 (124682993)|HEAP_ALLOCATE|[11]|Bytes:5
09:34:02.0 (124702128)|VARIABLE_ASSIGNMENT|[11]|inAccount|null|
09:34:02.0 (124710528)|STATEMENT_EXECUTE|[20]
09:34:02.0 (124723132)|HEAP_ALLOCATE|[20]|Bytes:4
09:34:02.0 (124913441)|SOQL_EXECUTE_BEGIN|[20]|Aggregations:0|SELECT Id, Fecha_ultima_actividad_mas_reciente__c, ParentId FROM Account WHERE ParentId IN :tmpVar1
09:34:02.0 (127340466)|SOQL_EXECUTE_END|[20]|Rows:0
09:34:02.0 (127365872)|HEAP_ALLOCATE|[20]|Bytes:4
09:34:02.0 (127376307)|HEAP_ALLOCATE|[20]|Bytes:0
09:34:02.0 (127407261)|HEAP_ALLOCATE|[20]|Bytes:4
09:34:02.0 (127419689)|VARIABLE_SCOPE_BEGIN|[20]|listAccountChild|List<Account>|true|false
09:34:02.0 (127436116)|VARIABLE_ASSIGNMENT|[20]|listAccountChild|[]|0x367d82f2
09:34:02.0 (127465272)|HEAP_ALLOCATE|[23]|Bytes:5
09:34:02.0 (127480420)|VARIABLE_ASSIGNMENT|[23]|inAccount|null|
09:34:02.0 (127487701)|STATEMENT_EXECUTE|[23]
09:34:02.0 (127490090)|STATEMENT_EXECUTE|[27]
09:34:02.0 (127560913)|HEAP_ALLOCATE|[EXTERNAL]|Bytes:4
09:34:02.0 (127579908)|METHOD_EXIT|[9]|01p1r000009p8Bf|AccountMethods.ActualizarCuentaHija(List<Account>, Map<Id,Account>)
09:34:02.127 (127593814)|CUMULATIVE_LIMIT_USAGE
09:34:02.127 (127593814)|LIMIT_USAGE_FOR_NS|(default)|
  Number of SOQL queries: 2 out of 100
  Number of query rows: 1 out of 50000
  Number of SOSL queries: 0 out of 20
  Number of DML statements: 4 out of 150
  Number of DML rows: 4 out of 10000
  Maximum CPU time: 0 out of 10000
  Maximum heap size: 0 out of 6000000
  Number of callouts: 0 out of 100
  Number of Email Invocations: 0 out of 10
  Number of future calls: 0 out of 50
  Number of queueable jobs added to the queue: 0 out of 50
  Number of Mobile Apex push calls: 0 out of 10

09:34:02.127 (127593814)|CUMULATIVE_LIMIT_USAGE_END

09:34:02.0 (128429160)|CODE_UNIT_FINISHED|AccountTrigger on Account trigger event BeforeUpdate
09:34:02.0 (128730916)|CODE_UNIT_STARTED|[EXTERNAL]|DuplicateDetector
09:34:02.0 (128742565)|DUPLICATE_DETECTION_BEGIN
09:34:02.0 (128801346)|DUPLICATE_DETECTION_RULE_INVOCATION|DuplicateRuleId:0Bm1r0000018X88|DuplicateRuleName:Standard Account Duplicate Rule|DmlType:UPDATE
09:34:02.0 (128848971)|DUPLICATE_DETECTION_END
09:34:02.0 (128854847)|CODE_UNIT_FINISHED|DuplicateDetector
09:34:02.0 (142862925)|DML_END|[27]
09:34:02.0 (142898709)|HEAP_ALLOCATE|[EXTERNAL]|Bytes:8
09:34:02.0 (142920319)|SYSTEM_MODE_EXIT|false
09:34:02.0 (142937946)|METHOD_EXIT|[9]|01p1r000009p8Bf|AccountMethods.ActualizarCuentaHija(List<Account>, Map<Id,Account>)
09:34:02.142 (142952942)|CUMULATIVE_LIMIT_USAGE
09:34:02.142 (142952942)|LIMIT_USAGE_FOR_NS|(default)|
  Number of SOQL queries: 2 out of 100
  Number of query rows: 1 out of 50000
  Number of SOSL queries: 0 out of 20
  Number of DML statements: 4 out of 150
  Number of DML rows: 4 out of 10000
  Maximum CPU time: 0 out of 10000
  Maximum heap size: 0 out of 6000000
  Number of callouts: 0 out of 100
  Number of Email Invocations: 0 out of 10
  Number of future calls: 0 out of 50
  Number of queueable jobs added to the queue: 0 out of 50
  Number of Mobile Apex push calls: 0 out of 10

09:34:02.142 (142952942)|CUMULATIVE_LIMIT_USAGE_END

09:34:02.0 (144184164)|CODE_UNIT_FINISHED|AccountTrigger on Account trigger event BeforeUpdate
09:34:02.0 (144663801)|CODE_UNIT_STARTED|[EXTERNAL]|DuplicateDetector
09:34:02.0 (144677281)|DUPLICATE_DETECTION_BEGIN
09:34:02.0 (144723058)|DUPLICATE_DETECTION_RULE_INVOCATION|DuplicateRuleId:0Bm1r0000018X88|DuplicateRuleName:Standard Account Duplicate Rule|DmlType:UPDATE
09:34:02.0 (144751904)|DUPLICATE_DETECTION_END
09:34:02.0 (144756032)|CODE_UNIT_FINISHED|DuplicateDetector
09:34:02.0 (153872320)|DML_END|[17]
09:34:02.0 (153900030)|STATEMENT_EXECUTE|[19]
09:34:02.0 (153908350)|HEAP_ALLOCATE|[19]|Bytes:78
09:34:02.0 (153932380)|HEAP_ALLOCATE|[19]|Bytes:4
09:34:02.0 (154128114)|SOQL_EXECUTE_BEGIN|[19]|Aggregations:0|SELECT Fecha_ultima_actividad_mas_reciente__c FROM Account WHERE Id = :tmpVar1
09:34:02.0 (158006397)|SOQL_EXECUTE_END|[19]|Rows:1
09:34:02.0 (158037915)|HEAP_ALLOCATE|[19]|Bytes:8
09:34:02.0 (158058588)|HEAP_ALLOCATE|[19]|Bytes:75
09:34:02.0 (158100201)|HEAP_ALLOCATE|[19]|Bytes:8
09:34:02.0 (158116045)|HEAP_ALLOCATE|[19]|Bytes:33
09:34:02.0 (158137470)|HEAP_ALLOCATE|[19]|Bytes:12
09:34:02.0 (158150525)|VARIABLE_SCOPE_BEGIN|[19]|oAccountChildCheck|Account|true|false
09:34:02.0 (158219387)|VARIABLE_ASSIGNMENT|[19]|oAccountChildCheck|{"Fecha_ultima_activid (18 more) ...":"2020-01-11T00:00:00.000Z","Id":"0011r00001nohIsAAI"}|0x7e0fbc1a
09:34:02.0 (158233129)|STATEMENT_EXECUTE|[21]
09:34:02.158 (158315700)|CUMULATIVE_LIMIT_USAGE
09:34:02.158 (158315700)|LIMIT_USAGE_FOR_NS|(default)|
  Number of SOQL queries: 3 out of 100
  Number of query rows: 2 out of 50000
  Number of SOSL queries: 0 out of 20
  Number of DML statements: 4 out of 150
  Number of DML rows: 4 out of 10000
  Maximum CPU time: 0 out of 10000
  Maximum heap size: 0 out of 6000000
  Number of callouts: 0 out of 100
  Number of Email Invocations: 0 out of 10
  Number of future calls: 0 out of 50
  Number of queueable jobs added to the queue: 0 out of 50
  Number of Mobile Apex push calls: 0 out of 10

09:34:02.158 (158315700)|CUMULATIVE_LIMIT_USAGE_END

09:34:02.0 (158367127)|CODE_UNIT_FINISHED|AccountTest.ActualizarCuentaHija
09:34:02.0 (159216627)|EXECUTION_FINISHED
09:34:02.459 (459145017)|USER_INFO|[EXTERNAL]|0051r000007Oz5Q|lydia.abril@gmail.com|hora estándar de Europa central|GMT+02:00
09:34:02.459 (459166621)|EXECUTION_STARTED
09:34:02.459 (459170771)|CODE_UNIT_STARTED|[EXTERNAL]|DuplicateDetector
09:34:02.459 (459182754)|DUPLICATE_DETECTION_BEGIN
09:34:02.459 (459229929)|DUPLICATE_DETECTION_RULE_INVOCATION|DuplicateRuleId:0Bm1r0000018X88|DuplicateRuleName:Standard Account Duplicate Rule|DmlType:INSERT
09:34:02.459 (468086224)|DUPLICATE_DETECTION_END
09:34:02.459 (468095304)|CODE_UNIT_FINISHED|DuplicateDetector
09:34:02.459 (468859644)|EXECUTION_FINISHED
09:34:02.469 (469683236)|USER_INFO|[EXTERNAL]|0051r000007Oz5Q|lydia.abril@gmail.com|hora estándar de Europa central|GMT+02:00
09:34:02.469 (469702580)|EXECUTION_STARTED
09:34:02.469 (469706009)|CODE_UNIT_STARTED|[EXTERNAL]|DuplicateDetector
09:34:02.469 (469714560)|DUPLICATE_DETECTION_BEGIN
09:34:02.469 (469759770)|DUPLICATE_DETECTION_RULE_INVOCATION|DuplicateRuleId:0Bm1r0000018X88|DuplicateRuleName:Standard Account Duplicate Rule|DmlType:UPDATE
09:34:02.469 (477512995)|DUPLICATE_DETECTION_END
09:34:02.469 (477521299)|CODE_UNIT_FINISHED|DuplicateDetector
09:34:02.469 (478339995)|EXECUTION_FINISHED
