36.0 APEX_CODE,FINEST;APEX_PROFILING,INFO;CALLOUT,INFO;DB,INFO;SYSTEM,DEBUG;VALIDATION,INFO;VISUALFORCE,INFO;WAVE,INFO;WORKFLOW,INFO
14:11:23.0 (311805)|USER_INFO|[EXTERNAL]|0051r000007Oz5Q|lydia.abril@gmail.com|hora estándar de Europa central|GMT+02:00
14:11:23.0 (345948)|EXECUTION_STARTED
14:11:23.0 (350952)|CODE_UNIT_STARTED|[EXTERNAL]|01q1r000000j6Yv|TaskTrigger on Task trigger event AfterUpdate
14:11:23.0 (394959)|HEAP_ALLOCATE|[EXTERNAL]|Bytes:8
14:11:23.0 (436301)|HEAP_ALLOCATE|[EXTERNAL]|Bytes:8
14:11:23.0 (783133)|HEAP_ALLOCATE|[72]|Bytes:3
14:11:23.0 (821297)|HEAP_ALLOCATE|[77]|Bytes:152
14:11:23.0 (836367)|HEAP_ALLOCATE|[342]|Bytes:408
14:11:23.0 (847897)|HEAP_ALLOCATE|[355]|Bytes:408
14:11:23.0 (858429)|HEAP_ALLOCATE|[467]|Bytes:48
14:11:23.0 (885365)|HEAP_ALLOCATE|[139]|Bytes:6
14:11:23.0 (1009436)|HEAP_ALLOCATE|[EXTERNAL]|Bytes:12
14:11:23.0 (1024747)|VARIABLE_SCOPE_BEGIN|[1]|this|TaskTrigger|true|false
14:11:23.0 (1085779)|VARIABLE_ASSIGNMENT|[1]|this|{}|0x4cacab93
14:11:23.0 (1140011)|HEAP_ALLOCATE|[EXTERNAL]|Bytes:12
14:11:23.0 (1198030)|VARIABLE_SCOPE_BEGIN|[1]|this|TaskTrigger|true|false
14:11:23.0 (1213761)|VARIABLE_ASSIGNMENT|[1]|this|{}|0x4cacab93
14:11:23.0 (1224055)|STATEMENT_EXECUTE|[1]
14:11:23.0 (1226481)|STATEMENT_EXECUTE|[3]
14:11:23.0 (1256096)|HEAP_ALLOCATE|[50]|Bytes:5
14:11:23.0 (1279914)|HEAP_ALLOCATE|[56]|Bytes:5
14:11:23.0 (1288367)|HEAP_ALLOCATE|[64]|Bytes:7
14:11:23.0 (2163755)|VARIABLE_ASSIGNMENT|[3]|this.listNew|[{"Status":"Completed","LastModifiedDate":"2018-04-16T12:11:23.000Z","IsDeleted":false,"AccountId":"0011r00001nnRDqAAM","WhatId":"0011r00001nnRDqAAM","Priority":"Normal","IsHighPriority":false,"IsClosed":true,"IsRecurrence":false,"Subject":"akakka","SystemModstamp":"2018-04-16T12:11:23.000Z","IsArchived":false,"CreatedById":"0051r000007Oz5QAAS","TaskSubtype":"Task","OwnerId":"0051r000007Oz5QAAS","CreatedDate":"2018-04-16T10:41:02.000Z","Id":"00T1r00004C7HtmEAF","DB_Activity_Type__c":"Other","IsReminderSet":false,"LastModifiedById":"0051r000007Oz5QAAS"}]|0x4cacab93
14:11:23.0 (2189454)|STATEMENT_EXECUTE|[5]
14:11:23.0 (2469159)|VARIABLE_ASSIGNMENT|[5]|this.mapOld|{"00T1r00004C7HtmEAF":{"Status":"Completed","LastModifiedDate":"2018-04-16T12:07:25.000Z","IsDeleted":false,"AccountId":"0011r00001nnRDqAAM","WhatId":"0011r00001nnRDqAAM","Priority":"Normal","IsHighPriority":false,"IsClosed":true,"IsRecurrence":false,"Subject":"akakka","SystemModstamp":"2018-04-16T12:07:25.000Z","IsArchived":false,"CreatedById":"0051r000007Oz5QAAS","TaskSubtype":"Task","OwnerId":"0051r000007Oz5QAAS","CreatedDate":"2018-04-16T10:41:02.000Z","Id":"00T1r00004C7HtmEAF","DB_Activity_Type__c":"Other","IsReminderSet":false,"LastModifiedById":"0051r000007Oz5QAAS"}}|0x4cacab93
14:11:23.0 (2493654)|STATEMENT_EXECUTE|[8]
14:11:23.0 (2498800)|STATEMENT_EXECUTE|[9]
14:11:23.0 (2500392)|STATEMENT_EXECUTE|[10]
14:11:23.0 (8926570)|HEAP_ALLOCATE|[10]|Bytes:4
14:11:23.0 (8937285)|HEAP_ALLOCATE|[10]|Bytes:22
14:11:23.0 (8951931)|METHOD_ENTRY|[1]|01p1r000009oS6S|TaskMethods.TaskMethods()
14:11:23.0 (8961650)|STATEMENT_EXECUTE|[1]
14:11:23.0 (8966797)|STATEMENT_EXECUTE|[1]
14:11:23.0 (9439164)|SYSTEM_MODE_ENTER|false
14:11:23.0 (9455243)|HEAP_ALLOCATE|[10]|Bytes:5
14:11:23.0 (9463508)|SYSTEM_MODE_EXIT|false
14:11:23.0 (9472655)|METHOD_EXIT|[1]|TaskMethods
14:11:23.0 (9498766)|METHOD_ENTRY|[10]|01p1r000009oS6S|TaskMethods.CerrarTarea(List<Task>, Map<Id,Task>)
14:11:23.0 (9527930)|VARIABLE_SCOPE_BEGIN|[3]|listTask|List<Task>|true|false
14:11:23.0 (9804644)|VARIABLE_ASSIGNMENT|[3]|listTask|[{"Status":"Completed","LastModifiedDate":"2018-04-16T12:11:23.000Z","IsDeleted":false,"AccountId":"0011r00001nnRDqAAM","WhatId":"0011r00001nnRDqAAM","Priority":"Normal","IsHighPriority":false,"IsClosed":true,"IsRecurrence":false,"Subject":"akakka","SystemModstamp":"2018-04-16T12:11:23.000Z","IsArchived":false,"CreatedById":"0051r000007Oz5QAAS","TaskSubtype":"Task","OwnerId":"0051r000007Oz5QAAS","CreatedDate":"2018-04-16T10:41:02.000Z","Id":"00T1r00004C7HtmEAF","DB_Activity_Type__c":"Other","IsReminderSet":false,"LastModifiedById":"0051r000007Oz5QAAS"}]|0x65b49d25
14:11:23.0 (9820257)|VARIABLE_SCOPE_BEGIN|[3]|mapTaskOld|Map<Id,Task>|true|false
14:11:23.0 (10052876)|VARIABLE_ASSIGNMENT|[3]|mapTaskOld|{"00T1r00004C7HtmEAF":{"Status":"Completed","LastModifiedDate":"2018-04-16T12:07:25.000Z","IsDeleted":false,"AccountId":"0011r00001nnRDqAAM","WhatId":"0011r00001nnRDqAAM","Priority":"Normal","IsHighPriority":false,"IsClosed":true,"IsRecurrence":false,"Subject":"akakka","SystemModstamp":"2018-04-16T12:07:25.000Z","IsArchived":false,"CreatedById":"0051r000007Oz5QAAS","TaskSubtype":"Task","OwnerId":"0051r000007Oz5QAAS","CreatedDate":"2018-04-16T10:41:02.000Z","Id":"00T1r00004C7HtmEAF","DB_Activity_Type__c":"Other","IsReminderSet":false,"LastModifiedById":"0051r000007Oz5QAAS"}}|0x7f779951
14:11:23.0 (10075292)|SYSTEM_MODE_ENTER|false
14:11:23.0 (10082879)|HEAP_ALLOCATE|[5]|Bytes:5
14:11:23.0 (10088510)|STATEMENT_EXECUTE|[3]
14:11:23.0 (10153225)|STATEMENT_EXECUTE|[5]
14:11:23.0 (10155455)|STATEMENT_EXECUTE|[7]
14:11:23.0 (10167115)|HEAP_ALLOCATE|[7]|Bytes:4
14:11:23.0 (10202524)|VARIABLE_SCOPE_BEGIN|[7]|setWhatIds|Set<String>|true|false
14:11:23.0 (10225693)|VARIABLE_ASSIGNMENT|[7]|setWhatIds|[]|0x3625b4d0
14:11:23.0 (10232027)|STATEMENT_EXECUTE|[9]
14:11:23.0 (10238150)|HEAP_ALLOCATE|[9]|Bytes:4
14:11:23.0 (10253195)|VARIABLE_SCOPE_BEGIN|[9]|setTaskIds|Set<String>|true|false
14:11:23.0 (10265933)|VARIABLE_ASSIGNMENT|[9]|setTaskIds|[]|0x77b95a84
14:11:23.0 (10392444)|HEAP_ALLOCATE|[11]|Bytes:5
14:11:23.0 (10428545)|VARIABLE_SCOPE_BEGIN|[11]|inTask|Task|true|false
14:11:23.0 (10616269)|VARIABLE_ASSIGNMENT|[11]|inTask|{"Status":"Completed","LastModifiedDate":"2018-04-16T12:11:23.000Z","IsDeleted":false,"AccountId":"0011r00001nnRDqAAM","WhatId":"0011r00001nnRDqAAM","Priority":"Normal","IsHighPriority":false,"IsClosed":true,"IsRecurrence":false,"Subject":"akakka","SystemModstamp":"2018-04-16T12:11:23.000Z","IsArchived":false,"CreatedById":"0051r000007Oz5QAAS","TaskSubtype":"Task","OwnerId":"0051r000007Oz5QAAS","CreatedDate":"2018-04-16T10:41:02.000Z","Id":"00T1r00004C7HtmEAF","DB_Activity_Type__c":"Other","IsReminderSet":false,"LastModifiedById":"0051r000007Oz5QAAS"}|0x6ea309cf
14:11:23.0 (10630865)|STATEMENT_EXECUTE|[11]
14:11:23.0 (10706841)|HEAP_ALLOCATE|[12]|Bytes:9
14:11:23.0 (10736141)|STATEMENT_EXECUTE|[12]
14:11:23.0 (10748053)|HEAP_ALLOCATE|[11]|Bytes:5
14:11:23.0 (10760631)|VARIABLE_ASSIGNMENT|[11]|inTask|null|
14:11:23.0 (10766101)|STATEMENT_EXECUTE|[18]
14:11:23.0 (10769481)|HEAP_ALLOCATE|[18]|Bytes:38
14:11:23.0 (10811283)|HEAP_ALLOCATE|[18]|Bytes:2
14:11:23.0 (10828685)|HEAP_ALLOCATE|[18]|Bytes:40
14:11:23.0 (10843968)|USER_DEBUG|[18]|DEBUG|TaskMethods.CerrarTarea.setWhatIds :: {}
14:11:23.0 (10853444)|STATEMENT_EXECUTE|[20]
14:11:23.0 (10869371)|HEAP_ALLOCATE|[20]|Bytes:4
14:11:23.0 (10889625)|HEAP_ALLOCATE|[20]|Bytes:230
14:11:23.0 (10903122)|HEAP_ALLOCATE|[20]|Bytes:4
14:11:23.0 (10910777)|HEAP_ALLOCATE|[20]|Bytes:7
14:11:23.0 (10919512)|HEAP_ALLOCATE|[20]|Bytes:7
14:11:23.0 (10948296)|HEAP_ALLOCATE|[20]|Bytes:4
14:11:23.0 (10956053)|HEAP_ALLOCATE|[20]|Bytes:4
14:11:23.0 (10961211)|HEAP_ALLOCATE|[20]|Bytes:4
14:11:23.0 (10966833)|HEAP_ALLOCATE|[20]|Bytes:4
14:11:23.0 (12120937)|SOQL_EXECUTE_BEGIN|[20]|Aggregations:0|SELECT TYPEOF What WHEN Account THEN ParentId, Fecha_ultima_actividad_mas_reciente__c WHEN Opportunity THEN Account.ParentId, Account.Fecha_ultima_actividad_mas_reciente__c END FROM Task WHERE (WhatId = :tmpVar1 AND Id = :tmpVar2)
14:11:23.0 (16308342)|SOQL_EXECUTE_END|[20]|Rows:0
14:11:23.0 (16332021)|HEAP_ALLOCATE|[20]|Bytes:4
14:11:23.0 (16344691)|HEAP_ALLOCATE|[20]|Bytes:0
14:11:23.0 (16371024)|HEAP_ALLOCATE|[20]|Bytes:4
14:11:23.0 (16388087)|HEAP_ALLOCATE|[20]|Bytes:0
14:11:23.0 (16396053)|VARIABLE_SCOPE_BEGIN|[20]|listTaskType|List<Task>|true|false
14:11:23.0 (16404512)|HEAP_ALLOCATE|[EXTERNAL]|Bytes:4
14:11:23.0 (16413820)|VARIABLE_ASSIGNMENT|[20]|listTaskType|[]|0x21cf7b4e
14:11:23.0 (16421147)|STATEMENT_EXECUTE|[28]
14:11:23.0 (16425221)|HEAP_ALLOCATE|[28]|Bytes:40
14:11:23.0 (16460022)|HEAP_ALLOCATE|[28]|Bytes:2
14:11:23.0 (16473156)|HEAP_ALLOCATE|[28]|Bytes:42
14:11:23.0 (16483445)|USER_DEBUG|[28]|DEBUG|TaskMethods.CerrarTarea.listTaskType :: ()
14:11:23.0 (16514486)|HEAP_ALLOCATE|[32]|Bytes:5
14:11:23.0 (16528167)|VARIABLE_ASSIGNMENT|[32]|inTask|null|
14:11:23.0 (16533950)|STATEMENT_EXECUTE|[32]
14:11:23.0 (16538467)|SYSTEM_MODE_EXIT|false
14:11:23.0 (16548566)|METHOD_EXIT|[10]|01p1r000009oS6S|TaskMethods.CerrarTarea(List<Task>, Map<Id,Task>)
14:11:23.16 (16558303)|CUMULATIVE_LIMIT_USAGE
14:11:23.16 (16558303)|LIMIT_USAGE_FOR_NS|(default)|
  Number of SOQL queries: 1 out of 100
  Number of query rows: 0 out of 50000
  Number of SOSL queries: 0 out of 20
  Number of DML statements: 0 out of 150
  Number of DML rows: 0 out of 10000
  Maximum CPU time: 0 out of 10000
  Maximum heap size: 0 out of 6000000
  Number of callouts: 0 out of 100
  Number of Email Invocations: 0 out of 10
  Number of future calls: 0 out of 50
  Number of queueable jobs added to the queue: 0 out of 50
  Number of Mobile Apex push calls: 0 out of 10

14:11:23.16 (16558303)|CUMULATIVE_LIMIT_USAGE_END

14:11:23.0 (17680017)|CODE_UNIT_FINISHED|TaskTrigger on Task trigger event AfterUpdate
14:11:23.0 (18488361)|EXECUTION_FINISHED
