42.0 APEX_CODE,FINEST;APEX_PROFILING,INFO;CALLOUT,INFO;DB,INFO;SYSTEM,DEBUG;VALIDATION,INFO;VISUALFORCE,INFO;WAVE,INFO;WORKFLOW,INFO
10:25:54.0 (318666)|USER_INFO|[EXTERNAL]|0051r000007Oz5Q|lydia.abril@gmail.com|hora estándar de Europa central|GMT+02:00
10:25:54.0 (351156)|EXECUTION_STARTED
10:25:54.0 (355386)|CODE_UNIT_STARTED|[EXTERNAL]|0661r000002CUg7|VF: /apex/AccountList
10:25:54.0 (820755)|VF_DESERIALIZE_VIEWSTATE_BEGIN|0661r000002CUg7
10:25:54.0 (4450114)|VF_DESERIALIZE_VIEWSTATE_END
10:25:54.0 (32831408)|VF_SERIALIZE_VIEWSTATE_BEGIN|0661r000002CUg7
10:25:54.0 (40038388)|VF_SERIALIZE_VIEWSTATE_END
10:25:54.0 (40767737)|CODE_UNIT_STARTED|[EXTERNAL]|Generate Metadata
10:25:54.0 (41202898)|CODE_UNIT_FINISHED|Generate Metadata
10:25:54.43 (43378962)|CUMULATIVE_LIMIT_USAGE
10:25:54.43 (43378962)|LIMIT_USAGE_FOR_NS|(default)|
  Number of SOQL queries: 0 out of 100
  Number of query rows: 5 out of 50000
  Number of SOSL queries: 0 out of 20
  Number of DML statements: 0 out of 150
  Number of DML rows: 0 out of 10000
  Maximum CPU time: 0 out of 10000
  Maximum heap size: 0 out of 6000000
  Number of callouts: 0 out of 100
  Number of Email Invocations: 0 out of 10
  Number of future calls: 0 out of 50
  Number of queueable jobs added to the queue: 0 out of 50
  Number of Mobile Apex push calls: 0 out of 10

10:25:54.43 (43378962)|CUMULATIVE_LIMIT_USAGE_END

10:25:54.0 (43410931)|CODE_UNIT_FINISHED|VF: /apex/AccountList
10:25:54.0 (44141982)|EXECUTION_FINISHED
