36.0 APEX_CODE,FINEST;APEX_PROFILING,INFO;CALLOUT,INFO;DB,INFO;SYSTEM,DEBUG;VALIDATION,INFO;VISUALFORCE,INFO;WAVE,INFO;WORKFLOW,INFO
14:06:22.0 (434804)|USER_INFO|[EXTERNAL]|0051r000007Oz5Q|lydia.abril@gmail.com|hora estándar de Europa central|GMT+02:00
14:06:22.0 (480411)|EXECUTION_STARTED
14:06:22.0 (485865)|CODE_UNIT_STARTED|[EXTERNAL]|01p1r000009p5xn|TaskTest.testCerrarTarea
14:06:22.0 (772744)|HEAP_ALLOCATE|[72]|Bytes:3
14:06:22.0 (833213)|HEAP_ALLOCATE|[77]|Bytes:152
14:06:22.0 (851651)|HEAP_ALLOCATE|[342]|Bytes:408
14:06:22.0 (865876)|HEAP_ALLOCATE|[355]|Bytes:408
14:06:22.0 (878914)|HEAP_ALLOCATE|[467]|Bytes:48
14:06:22.0 (905516)|HEAP_ALLOCATE|[139]|Bytes:6
14:06:22.0 (921332)|HEAP_ALLOCATE|[EXTERNAL]|Bytes:116
14:06:22.0 (969560)|METHOD_ENTRY|[2]|01p1r000009p5xn|TaskTest.TaskTest()
14:06:22.0 (978529)|STATEMENT_EXECUTE|[2]
14:06:22.0 (984177)|STATEMENT_EXECUTE|[2]
14:06:22.0 (996126)|METHOD_EXIT|[2]|TaskTest
14:06:22.0 (1241872)|HEAP_ALLOCATE|[50]|Bytes:5
14:06:22.0 (1266017)|HEAP_ALLOCATE|[56]|Bytes:5
14:06:22.0 (1275473)|HEAP_ALLOCATE|[64]|Bytes:7
14:06:22.0 (1318025)|STATEMENT_EXECUTE|[4]
14:06:22.0 (1320436)|STATEMENT_EXECUTE|[6]
14:06:22.0 (1368920)|HEAP_ALLOCATE|[6]|Bytes:4
14:06:22.0 (1443939)|HEAP_ALLOCATE|[6]|Bytes:12
14:06:22.0 (1512303)|VARIABLE_ASSIGNMENT|[6]|this.Name|"CuentaParent"|0x46c9f0e8
14:06:22.0 (1543621)|VARIABLE_SCOPE_BEGIN|[6]|oAccountParent|Account|true|false
14:06:22.0 (1715654)|VARIABLE_ASSIGNMENT|[6]|oAccountParent|{"Name":"CuentaParent"}|0x46c9f0e8
14:06:22.0 (1722507)|STATEMENT_EXECUTE|[7]
14:06:22.0 (1747427)|HEAP_ALLOCATE|[7]|Bytes:8
14:06:22.0 (1756323)|DML_BEGIN|[7]|Op:Insert|Type:Account|Rows:1
14:06:22.0 (1785690)|HEAP_ALLOCATE|[EXTERNAL]|Bytes:8
14:06:22.0 (10529429)|CODE_UNIT_STARTED|[EXTERNAL]|DuplicateDetector
14:06:22.0 (10551730)|DUPLICATE_DETECTION_BEGIN
14:06:22.0 (11123560)|DUPLICATE_DETECTION_RULE_INVOCATION|DuplicateRuleId:0Bm1r0000018X88|DuplicateRuleName:Standard Account Duplicate Rule|DmlType:INSERT
14:06:22.0 (28312712)|DUPLICATE_DETECTION_MATCH_INVOCATION_DETAILS|EntityType:Account|ActionTaken:Allow_[Alert,Report]|DuplicateRecordIds:
14:06:22.0 (28337895)|DUPLICATE_DETECTION_MATCH_INVOCATION_SUMMARY|EntityType:Account|NumRecordsToBeSaved:1|NumRecordsToBeSavedWithDuplicates:0|NumDuplicateRecordsFound:0
14:06:22.0 (28427733)|DUPLICATE_DETECTION_END
14:06:22.0 (28433838)|CODE_UNIT_FINISHED|DuplicateDetector
14:06:22.0 (58441245)|DML_END|[7]
14:06:22.0 (58471397)|STATEMENT_EXECUTE|[9]
14:06:22.0 (58496517)|HEAP_ALLOCATE|[9]|Bytes:4
14:06:22.0 (58520443)|HEAP_ALLOCATE|[9]|Bytes:6
14:06:22.0 (58561096)|VARIABLE_ASSIGNMENT|[9]|this.Name|"Cuenta"|0x3844f3b6
14:06:22.0 (58604585)|VARIABLE_ASSIGNMENT|[9]|this.ParentId|"0011r00001nncCYAAY"|0x3844f3b6
14:06:22.0 (58727682)|HEAP_ALLOCATE|[11]|Bytes:4
14:06:22.0 (58795309)|VARIABLE_ASSIGNMENT|[9]|this.Fecha_ltima_actividad_m_s_reciente__c|"2018-01-11T00:00:00.000Z"|0x3844f3b6
14:06:22.0 (58831956)|VARIABLE_SCOPE_BEGIN|[9]|oAccount|Account|true|false
14:06:22.0 (58860425)|VARIABLE_ASSIGNMENT|[9]|oAccount|{"Name":"Cuenta","ParentId":"0011r00001nncCYAAY","Fecha_ltima_activida (17 more) ...":"2018-01-11T00:00:00.000Z"}|0x3844f3b6
14:06:22.0 (58869783)|STATEMENT_EXECUTE|[12]
14:06:22.0 (58885721)|HEAP_ALLOCATE|[12]|Bytes:8
14:06:22.0 (58893238)|DML_BEGIN|[12]|Op:Insert|Type:Account|Rows:1
14:06:22.0 (58923264)|HEAP_ALLOCATE|[EXTERNAL]|Bytes:8
14:06:22.0 (62355608)|CODE_UNIT_STARTED|[EXTERNAL]|DuplicateDetector
14:06:22.0 (62379501)|DUPLICATE_DETECTION_BEGIN
14:06:22.0 (62439808)|DUPLICATE_DETECTION_RULE_INVOCATION|DuplicateRuleId:0Bm1r0000018X88|DuplicateRuleName:Standard Account Duplicate Rule|DmlType:INSERT
14:06:22.0 (71927417)|DUPLICATE_DETECTION_MATCH_INVOCATION_DETAILS|EntityType:Account|ActionTaken:Allow_[Alert,Report]|DuplicateRecordIds:
14:06:22.0 (71947441)|DUPLICATE_DETECTION_MATCH_INVOCATION_SUMMARY|EntityType:Account|NumRecordsToBeSaved:1|NumRecordsToBeSavedWithDuplicates:0|NumDuplicateRecordsFound:0
14:06:22.0 (72033411)|DUPLICATE_DETECTION_END
14:06:22.0 (72039620)|CODE_UNIT_FINISHED|DuplicateDetector
14:06:22.0 (83608521)|DML_END|[12]
14:06:22.0 (83636224)|STATEMENT_EXECUTE|[14]
14:06:22.0 (83656887)|HEAP_ALLOCATE|[14]|Bytes:4
14:06:22.0 (83683647)|HEAP_ALLOCATE|[14]|Bytes:7
14:06:22.0 (83721474)|VARIABLE_ASSIGNMENT|[14]|this.Name|"Cuenta2"|0x3ac6240f
14:06:22.0 (83750353)|VARIABLE_ASSIGNMENT|[14]|this.ParentId|"0011r00001nncCYAAY"|0x3ac6240f
14:06:22.0 (83820112)|HEAP_ALLOCATE|[16]|Bytes:4
14:06:22.0 (83866093)|VARIABLE_ASSIGNMENT|[14]|this.Fecha_ltima_actividad_m_s_reciente__c|"2018-01-11T00:00:00.000Z"|0x3ac6240f
14:06:22.0 (83896938)|VARIABLE_SCOPE_BEGIN|[14]|oAccount2|Account|true|false
14:06:22.0 (83923143)|VARIABLE_ASSIGNMENT|[14]|oAccount2|{"Name":"Cuenta2","ParentId":"0011r00001nncCYAAY","Fecha_ltima_activida (17 more) ...":"2018-01-11T00:00:00.000Z"}|0x3ac6240f
14:06:22.0 (83930380)|STATEMENT_EXECUTE|[17]
14:06:22.0 (83945518)|HEAP_ALLOCATE|[17]|Bytes:8
14:06:22.0 (83952739)|DML_BEGIN|[17]|Op:Insert|Type:Account|Rows:1
14:06:22.0 (83981284)|HEAP_ALLOCATE|[EXTERNAL]|Bytes:8
14:06:22.0 (86729605)|CODE_UNIT_STARTED|[EXTERNAL]|DuplicateDetector
14:06:22.0 (86749660)|DUPLICATE_DETECTION_BEGIN
14:06:22.0 (86800148)|DUPLICATE_DETECTION_RULE_INVOCATION|DuplicateRuleId:0Bm1r0000018X88|DuplicateRuleName:Standard Account Duplicate Rule|DmlType:INSERT
14:06:22.0 (96178496)|DUPLICATE_DETECTION_MATCH_INVOCATION_DETAILS|EntityType:Account|ActionTaken:Allow_[Alert,Report]|DuplicateRecordIds:
14:06:22.0 (96198101)|DUPLICATE_DETECTION_MATCH_INVOCATION_SUMMARY|EntityType:Account|NumRecordsToBeSaved:1|NumRecordsToBeSavedWithDuplicates:0|NumDuplicateRecordsFound:0
14:06:22.0 (96286141)|DUPLICATE_DETECTION_END
14:06:22.0 (96292110)|CODE_UNIT_FINISHED|DuplicateDetector
14:06:22.0 (108771694)|DML_END|[17]
14:06:22.0 (108800480)|STATEMENT_EXECUTE|[19]
14:06:22.0 (108855836)|HEAP_ALLOCATE|[19]|Bytes:4
14:06:22.0 (108951814)|HEAP_ALLOCATE|[19]|Bytes:11
14:06:22.0 (108995288)|VARIABLE_ASSIGNMENT|[19]|this.Name|"Oportunidad"|0x29c4ec3c
14:06:22.0 (109075354)|HEAP_ALLOCATE|[20]|Bytes:4
14:06:22.0 (109122359)|VARIABLE_ASSIGNMENT|[19]|this.CloseDate|"2020-01-11T00:00:00.000Z"|0x29c4ec3c
14:06:22.0 (109132333)|HEAP_ALLOCATE|[21]|Bytes:11
14:06:22.0 (109148124)|VARIABLE_ASSIGNMENT|[19]|this.StageName|"Prospecting"|0x29c4ec3c
14:06:22.0 (109183025)|VARIABLE_ASSIGNMENT|[19]|this.AccountId|"0011r00001nncCaAAI"|0x29c4ec3c
14:06:22.0 (109216801)|VARIABLE_SCOPE_BEGIN|[19]|oOpportunity|Opportunity|true|false
14:06:22.0 (109248086)|VARIABLE_ASSIGNMENT|[19]|oOpportunity|{"Name":"Oportunidad","CloseDate":"2020-01-11T00:00:00.000Z","StageName":"Prospecting","AccountId":"0011r00001nncCaAAI"}|0x29c4ec3c
14:06:22.0 (109255636)|STATEMENT_EXECUTE|[23]
14:06:22.0 (109274204)|HEAP_ALLOCATE|[23]|Bytes:8
14:06:22.0 (109282409)|DML_BEGIN|[23]|Op:Insert|Type:Opportunity|Rows:1
14:06:22.0 (109317964)|HEAP_ALLOCATE|[EXTERNAL]|Bytes:8
14:06:22.0 (142466683)|CODE_UNIT_STARTED|[EXTERNAL]|01q1r000000Bcgl|ClosedOpportunityTrigger on Opportunity trigger event AfterInsert
14:06:22.0 (142535379)|HEAP_ALLOCATE|[EXTERNAL]|Bytes:8
14:06:22.0 (142850102)|HEAP_ALLOCATE|[EXTERNAL]|Bytes:8
14:06:22.0 (142867297)|VARIABLE_SCOPE_BEGIN|[1]|this|ClosedOpportunityTrigger|true|false
14:06:22.0 (142953096)|VARIABLE_ASSIGNMENT|[1]|this|{}|0x2b87704
14:06:22.0 (143017910)|HEAP_ALLOCATE|[EXTERNAL]|Bytes:8
14:06:22.0 (143027589)|VARIABLE_SCOPE_BEGIN|[1]|this|ClosedOpportunityTrigger|true|false
14:06:22.0 (143041138)|VARIABLE_ASSIGNMENT|[1]|this|{}|0x2b87704
14:06:22.0 (143051460)|STATEMENT_EXECUTE|[1]
14:06:22.0 (143054184)|STATEMENT_EXECUTE|[3]
14:06:22.0 (143107879)|HEAP_ALLOCATE|[3]|Bytes:4
14:06:22.0 (143310668)|HEAP_ALLOCATE|[EXTERNAL]|Bytes:4
14:06:22.0 (143328270)|VARIABLE_ASSIGNMENT|[3]|this.taskList|[]|0x2b87704
14:06:22.0 (143343535)|HEAP_ALLOCATE|[5]|Bytes:89
14:06:22.0 (143369479)|HEAP_ALLOCATE|[5]|Bytes:4
14:06:22.0 (143393609)|HEAP_ALLOCATE|[5]|Bytes:7
14:06:22.0 (143775365)|SOQL_EXECUTE_BEGIN|[5]|Aggregations:0|SELECT Id, StageName FROM Opportunity 
14:06:22.0 (149986552)|SOQL_EXECUTE_END|[5]|Rows:0
14:06:22.0 (150157395)|HEAP_ALLOCATE|[5]|Bytes:54
14:06:22.0 (150167928)|HEAP_ALLOCATE|[5]|Bytes:8
14:06:22.0 (150197671)|SYSTEM_METHOD_ENTRY|[7]|QueryLocatorIterator.QueryLocatorIterator()
14:06:22.0 (150204318)|STATEMENT_EXECUTE|[7]
14:06:22.0 (150214156)|SYSTEM_METHOD_EXIT|[7]|QueryLocatorIterator
14:06:22.0 (150222607)|HEAP_ALLOCATE|[5]|Bytes:28
14:06:22.0 (150238554)|HEAP_ALLOCATE|[5]|Bytes:8
14:06:22.0 (150242077)|HEAP_ALLOCATE|[5]|Bytes:8
14:06:22.0 (150246858)|VARIABLE_SCOPE_BEGIN|[15]|this|Database.QueryLocatorIterator|true|false
14:06:22.0 (150285499)|VARIABLE_ASSIGNMENT|[15]|this|{}|0x4aac657c
14:06:22.0 (150292491)|VARIABLE_SCOPE_BEGIN|[15]|values|List<SObject>|true|false
14:06:22.0 (150301752)|VARIABLE_ASSIGNMENT|[15]|values|null|
14:06:22.0 (150305843)|VARIABLE_SCOPE_BEGIN|[15]|ql|Database.QueryLocator|true|false
14:06:22.0 (150322764)|VARIABLE_ASSIGNMENT|[15]|ql|{"query":"SELECT Id, StageName (69 more) ..."}|0x435ab3c1
14:06:22.0 (150327850)|VARIABLE_SCOPE_BEGIN|[15]|totalNumRecords|Integer|false|false
14:06:22.0 (150335436)|VARIABLE_ASSIGNMENT|[15]|totalNumRecords|0
14:06:22.0 (150339499)|VARIABLE_SCOPE_BEGIN|[15]|queryMoreSize|Integer|false|false
14:06:22.0 (150346357)|VARIABLE_ASSIGNMENT|[15]|queryMoreSize|50000
14:06:22.0 (150440601)|HEAP_ALLOCATE|[5]|Bytes:28
14:06:22.0 (150463057)|METHOD_ENTRY|[5]||Database.QueryLocatorIterator.hasNext()
14:06:22.0 (150502614)|METHOD_EXIT|[5]||Database.QueryLocatorIterator.hasNext()
14:06:22.0 (150513369)|VARIABLE_ASSIGNMENT|[5]|opp|null|
14:06:22.0 (150519956)|STATEMENT_EXECUTE|[5]
14:06:22.0 (150577937)|STATEMENT_EXECUTE|[12]
14:06:22.150 (150583581)|CUMULATIVE_LIMIT_USAGE
14:06:22.150 (150583581)|LIMIT_USAGE_FOR_NS|(default)|
  Number of SOQL queries: 1 out of 100
  Number of query rows: 0 out of 50000
  Number of SOSL queries: 0 out of 20
  Number of DML statements: 4 out of 150
  Number of DML rows: 4 out of 10000
  Maximum CPU time: 0 out of 10000
  Maximum heap size: 0 out of 6000000
  Number of callouts: 0 out of 100
  Number of Email Invocations: 0 out of 10
  Number of future calls: 0 out of 50
  Number of queueable jobs added to the queue: 0 out of 50
  Number of Mobile Apex push calls: 0 out of 10

14:06:22.150 (150583581)|CUMULATIVE_LIMIT_USAGE_END

14:06:22.0 (151387436)|CODE_UNIT_FINISHED|ClosedOpportunityTrigger on Opportunity trigger event AfterInsert
14:06:22.0 (152383653)|DML_END|[23]
14:06:22.0 (152403695)|STATEMENT_EXECUTE|[25]
14:06:22.0 (152425465)|HEAP_ALLOCATE|[25]|Bytes:4
14:06:22.0 (152452013)|VARIABLE_SCOPE_BEGIN|[25]|listTask|List<Task>|true|false
14:06:22.0 (152462668)|HEAP_ALLOCATE|[EXTERNAL]|Bytes:4
14:06:22.0 (152471957)|VARIABLE_ASSIGNMENT|[25]|listTask|[]|0x7a8c0c7
14:06:22.0 (152478593)|STATEMENT_EXECUTE|[27]
14:06:22.0 (152496862)|HEAP_ALLOCATE|[27]|Bytes:4
14:06:22.0 (152563437)|HEAP_ALLOCATE|[27]|Bytes:4
14:06:22.0 (152613532)|VARIABLE_ASSIGNMENT|[27]|this.Subject|"Task"|0x2e06c2cb
14:06:22.0 (152621669)|HEAP_ALLOCATE|[28]|Bytes:6
14:06:22.0 (152638390)|VARIABLE_ASSIGNMENT|[27]|this.Priority|"Normal"|0x2e06c2cb
14:06:22.0 (152644778)|HEAP_ALLOCATE|[29]|Bytes:11
14:06:22.0 (152658076)|VARIABLE_ASSIGNMENT|[27]|this.Status|"Not Started"|0x2e06c2cb
14:06:22.0 (152703784)|VARIABLE_ASSIGNMENT|[27]|this.WhatId|"0011r00001nncCZAAY"|0x2e06c2cb
14:06:22.0 (152759664)|HEAP_ALLOCATE|[31]|Bytes:4
14:06:22.0 (152806010)|VARIABLE_ASSIGNMENT|[27]|this.ActivityDate|"2020-01-11T00:00:00.000Z"|0x2e06c2cb
14:06:22.0 (152836154)|VARIABLE_SCOPE_BEGIN|[27]|oTask|Task|true|false
14:06:22.0 (152858629)|VARIABLE_ASSIGNMENT|[27]|oTask|{"Subject":"Task","Priority":"Normal","Status":"Not Started","WhatId":"0011r00001nncCZAAY","ActivityDate":"2020-01-11T00:00:00.000Z"}|0x2e06c2cb
14:06:22.0 (152865718)|STATEMENT_EXECUTE|[33]
14:06:22.0 (152895489)|HEAP_ALLOCATE|[EXTERNAL]|Bytes:4
14:06:22.0 (152905393)|STATEMENT_EXECUTE|[35]
14:06:22.0 (152920217)|HEAP_ALLOCATE|[35]|Bytes:4
14:06:22.0 (152930569)|HEAP_ALLOCATE|[35]|Bytes:5
14:06:22.0 (152947653)|VARIABLE_ASSIGNMENT|[35]|this.Subject|"Task2"|0x33d3cc8e
14:06:22.0 (152961941)|VARIABLE_ASSIGNMENT|[35]|this.Priority|"Normal"|0x33d3cc8e
14:06:22.0 (152967477)|HEAP_ALLOCATE|[37]|Bytes:11
14:06:22.0 (152978991)|VARIABLE_ASSIGNMENT|[35]|this.Status|"in Progress"|0x33d3cc8e
14:06:22.0 (153012990)|VARIABLE_ASSIGNMENT|[35]|this.WhatId|"0061r00000vk70CAAQ"|0x33d3cc8e
14:06:22.0 (153050682)|HEAP_ALLOCATE|[39]|Bytes:4
14:06:22.0 (153078038)|VARIABLE_ASSIGNMENT|[35]|this.ActivityDate|"2022-01-11T00:00:00.000Z"|0x33d3cc8e
14:06:22.0 (153095967)|VARIABLE_SCOPE_BEGIN|[35]|oTask2|Task|true|false
14:06:22.0 (153113454)|VARIABLE_ASSIGNMENT|[35]|oTask2|{"Subject":"Task2","Priority":"Normal","Status":"in Progress","WhatId":"0061r00000vk70CAAQ","ActivityDate":"2022-01-11T00:00:00.000Z"}|0x33d3cc8e
14:06:22.0 (153120127)|STATEMENT_EXECUTE|[41]
14:06:22.0 (153142248)|HEAP_ALLOCATE|[EXTERNAL]|Bytes:4
14:06:22.0 (153150490)|STATEMENT_EXECUTE|[43]
14:06:22.0 (153183385)|DML_BEGIN|[43]|Op:Insert|Type:Task|Rows:2
14:06:22.0 (153211433)|HEAP_ALLOCATE|[EXTERNAL]|Bytes:12
14:06:22.0 (174995543)|DML_END|[43]
14:06:22.0 (175049254)|HEAP_ALLOCATE|[EXTERNAL]|Bytes:12
14:06:22.0 (175069461)|STATEMENT_EXECUTE|[45]
14:06:22.0 (175178433)|USER_DEBUG|[45]|DEBUG|Task:{Subject=Task, Priority=Normal, Status=Not Started, WhatId=0011r00001nncCZAAY, ActivityDate=2020-01-11 00:00:00, Id=00T1r00004C4peDEAR}
14:06:22.0 (175195731)|STATEMENT_EXECUTE|[47]
14:06:22.0 (175228661)|USER_DEBUG|[47]|DEBUG|Task:{Subject=Task2, Priority=Normal, Status=in Progress, WhatId=0061r00000vk70CAAQ, ActivityDate=2022-01-11 00:00:00, Id=00T1r00004C4peEEAR}
14:06:22.0 (175338879)|HEAP_ALLOCATE|[49]|Bytes:5
14:06:22.0 (175377033)|HEAP_ALLOCATE|[49]|Bytes:28
14:06:22.0 (175387622)|VARIABLE_SCOPE_BEGIN|[49]|inTask|Task|true|false
14:06:22.0 (175438848)|VARIABLE_ASSIGNMENT|[49]|inTask|{"Subject":"Task","Priority":"Normal","Status":"Not Started","WhatId":"0011r00001nncCZAAY","ActivityDate":"2020-01-11T00:00:00.000Z","Id":"00T1r00004C4peDEAR"}|0x2e06c2cb
14:06:22.0 (175447933)|STATEMENT_EXECUTE|[49]
14:06:22.0 (175450029)|STATEMENT_EXECUTE|[50]
14:06:22.0 (175482093)|USER_DEBUG|[50]|DEBUG|00T1r00004C4peDEAR
14:06:22.0 (175491278)|STATEMENT_EXECUTE|[51]
14:06:22.0 (175495633)|HEAP_ALLOCATE|[51]|Bytes:9
14:06:22.0 (175542499)|VARIABLE_ASSIGNMENT|[51]|this.Status|"Completed"|0x2e06c2cb
14:06:22.0 (175557999)|HEAP_ALLOCATE|[49]|Bytes:5
14:06:22.0 (175568929)|HEAP_ALLOCATE|[49]|Bytes:28
14:06:22.0 (175575479)|VARIABLE_SCOPE_BEGIN|[49]|inTask|Task|true|false
14:06:22.0 (175595549)|VARIABLE_ASSIGNMENT|[49]|inTask|{"Subject":"Task2","Priority":"Normal","Status":"in Progress","WhatId":"0061r00000vk70CAAQ","ActivityDate":"2022-01-11T00:00:00.000Z","Id":"00T1r00004C4peEEAR"}|0x33d3cc8e
14:06:22.0 (175604288)|STATEMENT_EXECUTE|[49]
14:06:22.0 (175606116)|STATEMENT_EXECUTE|[50]
14:06:22.0 (175616821)|USER_DEBUG|[50]|DEBUG|00T1r00004C4peEEAR
14:06:22.0 (175623694)|STATEMENT_EXECUTE|[51]
14:06:22.0 (175648926)|VARIABLE_ASSIGNMENT|[51]|this.Status|"Completed"|0x33d3cc8e
14:06:22.0 (175662280)|HEAP_ALLOCATE|[49]|Bytes:5
14:06:22.0 (175678456)|VARIABLE_ASSIGNMENT|[49]|inTask|null|
14:06:22.0 (175684509)|STATEMENT_EXECUTE|[54]
14:06:22.0 (175722082)|USER_DEBUG|[54]|DEBUG|Task:{Subject=Task, Priority=Normal, Status=Completed, WhatId=0011r00001nncCZAAY, ActivityDate=2020-01-11 00:00:00, Id=00T1r00004C4peDEAR}
14:06:22.0 (175732878)|STATEMENT_EXECUTE|[56]
14:06:22.0 (175760841)|USER_DEBUG|[56]|DEBUG|Task:{Subject=Task2, Priority=Normal, Status=Completed, WhatId=0061r00000vk70CAAQ, ActivityDate=2022-01-11 00:00:00, Id=00T1r00004C4peEEAR}
14:06:22.0 (175769696)|STATEMENT_EXECUTE|[58]
14:06:22.0 (175823251)|USER_DEBUG|[58]|DEBUG|(Task:{Subject=Task, Priority=Normal, Status=Completed, WhatId=0011r00001nncCZAAY, ActivityDate=2020-01-11 00:00:00, Id=00T1r00004C4peDEAR}, Task:{Subject=Task2, Priority=Normal, Status=Completed, WhatId=0061r00000vk70CAAQ, ActivityDate=2022-01-11 00:00:00, Id=00T1r00004C4peEEAR})
14:06:22.0 (175835048)|STATEMENT_EXECUTE|[60]
14:06:22.0 (175864294)|DML_BEGIN|[60]|Op:Update|Type:Task|Rows:2
14:06:22.0 (175896065)|HEAP_ALLOCATE|[EXTERNAL]|Bytes:12
14:06:22.0 (202501041)|CODE_UNIT_STARTED|[EXTERNAL]|01q1r000000j6Yv|TaskTrigger on Task trigger event AfterUpdate
14:06:22.0 (202558701)|HEAP_ALLOCATE|[EXTERNAL]|Bytes:12
14:06:22.0 (202599809)|HEAP_ALLOCATE|[EXTERNAL]|Bytes:12
14:06:22.0 (202753215)|HEAP_ALLOCATE|[EXTERNAL]|Bytes:12
14:06:22.0 (202771191)|VARIABLE_SCOPE_BEGIN|[1]|this|TaskTrigger|true|false
14:06:22.0 (202836550)|VARIABLE_ASSIGNMENT|[1]|this|{}|0x1ba5b475
14:06:22.0 (202901930)|HEAP_ALLOCATE|[EXTERNAL]|Bytes:12
14:06:22.0 (202966222)|VARIABLE_SCOPE_BEGIN|[1]|this|TaskTrigger|true|false
14:06:22.0 (202982340)|VARIABLE_ASSIGNMENT|[1]|this|{}|0x1ba5b475
14:06:22.0 (202992496)|STATEMENT_EXECUTE|[1]
14:06:22.0 (202995194)|STATEMENT_EXECUTE|[3]
14:06:22.0 (205443264)|VARIABLE_ASSIGNMENT|[3]|this.listNew|[{"Status":"Completed","LastModifiedDate":"2018-04-13T12:06:22.000Z","IsDeleted":false,"AccountId":"0011r00001nncCZAAY","WhatId":"0011r00001nncCZAAY","ActivityDate":"2020-01-11T00:00:00.000Z","Priority":"Normal","IsHighPriority":false,"IsClosed":true,"IsRecurrence":false,"Subject":"Task","SystemModstamp":"2018-04-13T12:06:22.000Z","IsArchived":false,"CreatedById":"0051r000007Oz5QAAS","TaskSubtype":"Task","OwnerId":"0051r000007Oz5QAAS","CreatedDate":"2018-04-13T12:06:22.000Z","Id":"00T1r00004C4peDEAR","DB_Activity_Type__c":"Other","IsReminderSet":false,"LastModifiedById":"0051r000007Oz5QAAS"},{"Status":"Completed","LastModifiedDate":"2018-04-13T12:06:22.000Z","IsDeleted":false,"AccountId":"0011r00001nncCaAAI","WhatId":"0061r00000vk70CAAQ","ActivityDate":"2022-01-11T00:00:00.000Z","Priority":"Normal","IsHighPriority":false,"IsClosed":true,"IsRecurrence":false,"Subject":"Task2","SystemModstamp":"2018-04-13T12:06:22.000Z","IsArchived":false,"CreatedById":"0051r000007Oz5QAAS","TaskSubtype":"Task","OwnerId":"0051r000007Oz5QAAS","CreatedDate":"2018-04-13T12:06:22.000Z","Id":"00T1r00004C4peEEAR","DB_Activity_Type__c":"Other","IsReminderSet":false,"LastModifiedById":"0051r000007Oz5QAAS"}]|0x1ba5b475
14:06:22.0 (205471634)|STATEMENT_EXECUTE|[5]
14:06:22.0 (207068428)|VARIABLE_ASSIGNMENT|[5]|this.mapOld|{"00T1r00004C4peDEAR":{"Status":"Not Started","LastModifiedDate":"2018-04-13T12:06:22.000Z","IsDeleted":false,"AccountId":"0011r00001nncCZAAY","WhatId":"0011r00001nncCZAAY","ActivityDate":"2020-01-11T00:00:00.000Z","Priority":"Normal","IsHighPriority":false,"IsClosed":false,"IsRecurrence":false,"Subject":"Task","SystemModstamp":"2018-04-13T12:06:22.000Z","IsArchived":false,"CreatedById":"0051r000007Oz5QAAS","TaskSubtype":"Task","OwnerId":"0051r000007Oz5QAAS","CreatedDate":"2018-04-13T12:06:22.000Z","Id":"00T1r00004C4peDEAR","DB_Activity_Type__c":"Other","IsReminderSet":false,"LastModifiedById":"0051r000007Oz5QAAS"},"00T1r00004C4peEEAR":{"Status":"In Progress","LastModifiedDate":"2018-04-13T12:06:22.000Z","IsDeleted":false,"AccountId":"0011r00001nncCaAAI","WhatId":"0061r00000vk70CAAQ","ActivityDate":"2022-01-11T00:00:00.000Z","Priority":"Normal","IsHighPriority":false,"IsClosed":false,"IsRecurrence":false,"Subject":"Task2","SystemModstamp":"2018-04-13T12:06:22.000Z","IsArchived":false,"CreatedById":"0051r000007Oz5QAAS","TaskSubtype":"Task","OwnerId":"0051r000007Oz5QAAS","CreatedDate":"2018-04-13T12:06:22.000Z","Id":"00T1r00004C4peEEAR","DB_Activity_Type__c":"Other","IsReminderSet":false,"LastModifiedById":"0051r000007Oz5QAAS"}}|0x1ba5b475
14:06:22.0 (207103364)|STATEMENT_EXECUTE|[8]
14:06:22.0 (207109698)|STATEMENT_EXECUTE|[9]
14:06:22.0 (207111702)|STATEMENT_EXECUTE|[10]
14:06:22.0 (208502339)|HEAP_ALLOCATE|[10]|Bytes:1
14:06:22.0 (208526539)|METHOD_ENTRY|[1]|01p1r000009oS6S|TaskMethods.TaskMethods()
14:06:22.0 (208533721)|STATEMENT_EXECUTE|[1]
14:06:22.0 (208539673)|STATEMENT_EXECUTE|[1]
14:06:22.0 (209016923)|SYSTEM_MODE_ENTER|false
14:06:22.0 (209031317)|HEAP_ALLOCATE|[10]|Bytes:5
14:06:22.0 (209040100)|SYSTEM_MODE_EXIT|false
14:06:22.0 (209051124)|METHOD_EXIT|[1]|TaskMethods
14:06:22.0 (209078136)|METHOD_ENTRY|[10]|01p1r000009oS6S|TaskMethods.CerrarTarea(List<Task>)
14:06:22.0 (209109779)|VARIABLE_SCOPE_BEGIN|[3]|listTask|List<Task>|true|false
14:06:22.0 (210014057)|VARIABLE_ASSIGNMENT|[3]|listTask|[{"Status":"Completed","LastModifiedDate":"2018-04-13T12:06:22.000Z","IsDeleted":false,"AccountId":"0011r00001nncCZAAY","WhatId":"0011r00001nncCZAAY","ActivityDate":"2020-01-11T00:00:00.000Z","Priority":"Normal","IsHighPriority":false,"IsClosed":true,"IsRecurrence":false,"Subject":"Task","SystemModstamp":"2018-04-13T12:06:22.000Z","IsArchived":false,"CreatedById":"0051r000007Oz5QAAS","TaskSubtype":"Task","OwnerId":"0051r000007Oz5QAAS","CreatedDate":"2018-04-13T12:06:22.000Z","Id":"00T1r00004C4peDEAR","DB_Activity_Type__c":"Other","IsReminderSet":false,"LastModifiedById":"0051r000007Oz5QAAS"},{"Status":"Completed","LastModifiedDate":"2018-04-13T12:06:22.000Z","IsDeleted":false,"AccountId":"0011r00001nncCaAAI","WhatId":"0061r00000vk70CAAQ","ActivityDate":"2022-01-11T00:00:00.000Z","Priority":"Normal","IsHighPriority":false,"IsClosed":true,"IsRecurrence":false,"Subject":"Task2","SystemModstamp":"2018-04-13T12:06:22.000Z","IsArchived":false,"CreatedById":"0051r000007Oz5QAAS","TaskSubtype":"Task","OwnerId":"0051r000007Oz5QAAS","CreatedDate":"2018-04-13T12:06:22.000Z","Id":"00T1r00004C4peEEAR","DB_Activity_Type__c":"Other","IsReminderSet":false,"LastModifiedById":"0051r000007Oz5QAAS"}]|0x770ac8bd
14:06:22.0 (210059863)|SYSTEM_MODE_ENTER|false
14:06:22.0 (210067257)|HEAP_ALLOCATE|[5]|Bytes:5
14:06:22.0 (210073275)|STATEMENT_EXECUTE|[3]
14:06:22.0 (210128607)|STATEMENT_EXECUTE|[5]
14:06:22.0 (210130895)|STATEMENT_EXECUTE|[8]
14:06:22.0 (210185175)|HEAP_ALLOCATE|[8]|Bytes:4
14:06:22.0 (210194671)|HEAP_ALLOCATE|[8]|Bytes:22
14:06:22.0 (210203076)|HEAP_ALLOCATE|[8]|Bytes:4
14:06:22.0 (210358739)|SOQL_EXECUTE_BEGIN|[8]|Aggregations:0|SELECT Id FROM Account
14:06:22.0 (213957409)|SOQL_EXECUTE_END|[8]|Rows:3
14:06:22.0 (213981824)|HEAP_ALLOCATE|[8]|Bytes:16
14:06:22.0 (213999700)|HEAP_ALLOCATE|[8]|Bytes:87
14:06:22.0 (214053401)|HEAP_ALLOCATE|[8]|Bytes:16
14:06:22.0 (214098072)|HEAP_ALLOCATE|[8]|Bytes:8
14:06:22.0 (214109075)|HEAP_ALLOCATE|[8]|Bytes:18
14:06:22.0 (214115220)|HEAP_ALLOCATE|[8]|Bytes:8
14:06:22.0 (214119757)|HEAP_ALLOCATE|[8]|Bytes:18
14:06:22.0 (214123080)|HEAP_ALLOCATE|[8]|Bytes:8
14:06:22.0 (214126974)|HEAP_ALLOCATE|[8]|Bytes:18
14:06:22.0 (214138201)|VARIABLE_SCOPE_BEGIN|[8]|mapAllAccounts|Map<String,Account>|true|false
14:06:22.0 (214168445)|VARIABLE_ASSIGNMENT|[8]|mapAllAccounts|{"0011r00001nncCYAAY":{"Id":"0011r00001nncCYAAY"},"0011r00001nncCZAAY":{"Id":"0011r00001nncCZAAY"},"0011r00001nncCaAAI":{"Id":"0011r00001nncCaAAI"}}|0x27419e92
14:06:22.0 (214177187)|STATEMENT_EXECUTE|[9]
14:06:22.0 (214230570)|HEAP_ALLOCATE|[9]|Bytes:4
14:06:22.0 (214242122)|HEAP_ALLOCATE|[9]|Bytes:26
14:06:22.0 (214254553)|HEAP_ALLOCATE|[9]|Bytes:4
14:06:22.0 (214381668)|SOQL_EXECUTE_BEGIN|[9]|Aggregations:0|SELECT Id FROM Opportunity
14:06:22.0 (216979207)|SOQL_EXECUTE_END|[9]|Rows:1
14:06:22.0 (216998695)|HEAP_ALLOCATE|[9]|Bytes:8
14:06:22.0 (217010498)|HEAP_ALLOCATE|[9]|Bytes:29
14:06:22.0 (217039992)|HEAP_ALLOCATE|[9]|Bytes:8
14:06:22.0 (217068474)|HEAP_ALLOCATE|[9]|Bytes:8
14:06:22.0 (217077890)|HEAP_ALLOCATE|[9]|Bytes:18
14:06:22.0 (217086521)|VARIABLE_SCOPE_BEGIN|[9]|mapAllOportunities|Map<String,Opportunity>|true|false
14:06:22.0 (217109184)|VARIABLE_ASSIGNMENT|[9]|mapAllOportunities|{"0061r00000vk70CAAQ":{"Id":"0061r00000vk70CAAQ"}}|0x393ff88d
14:06:22.0 (217117761)|STATEMENT_EXECUTE|[12]
14:06:22.0 (217131484)|HEAP_ALLOCATE|[12]|Bytes:4
14:06:22.0 (217185587)|VARIABLE_SCOPE_BEGIN|[12]|listAccountUpdate|List<Account>|true|false
14:06:22.0 (217195445)|HEAP_ALLOCATE|[EXTERNAL]|Bytes:4
14:06:22.0 (217205423)|VARIABLE_ASSIGNMENT|[12]|listAccountUpdate|[]|0x1a3b12c3
14:06:22.0 (217211311)|STATEMENT_EXECUTE|[13]
14:06:22.0 (217220963)|HEAP_ALLOCATE|[13]|Bytes:4
14:06:22.0 (217247436)|VARIABLE_SCOPE_BEGIN|[13]|listOpportunityUpdate|List<Opportunity>|true|false
14:06:22.0 (217255306)|HEAP_ALLOCATE|[EXTERNAL]|Bytes:4
14:06:22.0 (217261214)|VARIABLE_ASSIGNMENT|[13]|listOpportunityUpdate|[]|0x26e14476
14:06:22.0 (217266627)|STATEMENT_EXECUTE|[16]
14:06:22.0 (217279716)|HEAP_ALLOCATE|[16]|Bytes:4
14:06:22.0 (217305791)|VARIABLE_SCOPE_BEGIN|[16]|listAccountIds|Set<String>|true|false
14:06:22.0 (217334884)|VARIABLE_ASSIGNMENT|[16]|listAccountIds|[]|0x2304f2a8
14:06:22.0 (217351954)|STATEMENT_EXECUTE|[17]
14:06:22.0 (217358111)|HEAP_ALLOCATE|[17]|Bytes:4
14:06:22.0 (217373046)|VARIABLE_SCOPE_BEGIN|[17]|listOpportunityIds|Set<String>|true|false
14:06:22.0 (217385978)|VARIABLE_ASSIGNMENT|[17]|listOpportunityIds|[]|0x65b98dd5
14:06:22.0 (217437407)|HEAP_ALLOCATE|[20]|Bytes:5
14:06:22.0 (217462124)|VARIABLE_SCOPE_BEGIN|[20]|inTask|Task|true|false
14:06:22.0 (217743763)|VARIABLE_ASSIGNMENT|[20]|inTask|{"Status":"Completed","LastModifiedDate":"2018-04-13T12:06:22.000Z","IsDeleted":false,"AccountId":"0011r00001nncCZAAY","WhatId":"0011r00001nncCZAAY","ActivityDate":"2020-01-11T00:00:00.000Z","Priority":"Normal","IsHighPriority":false,"IsClosed":true,"IsRecurrence":false,"Subject":"Task","SystemModstamp":"2018-04-13T12:06:22.000Z","IsArchived":false,"CreatedById":"0051r000007Oz5QAAS","TaskSubtype":"Task","OwnerId":"0051r000007Oz5QAAS","CreatedDate":"2018-04-13T12:06:22.000Z","Id":"00T1r00004C4peDEAR","DB_Activity_Type__c":"Other","IsReminderSet":false,"LastModifiedById":"0051r000007Oz5QAAS"}|0x27d636ab
14:06:22.0 (217760409)|STATEMENT_EXECUTE|[20]
14:06:22.0 (217810822)|STATEMENT_EXECUTE|[21]
14:06:22.0 (217889918)|STATEMENT_EXECUTE|[22]
14:06:22.0 (217892302)|STATEMENT_EXECUTE|[24]
14:06:22.0 (217919299)|HEAP_ALLOCATE|[EXTERNAL]|Bytes:4
14:06:22.0 (217938256)|HEAP_ALLOCATE|[20]|Bytes:5
14:06:22.0 (217953171)|VARIABLE_SCOPE_BEGIN|[20]|inTask|Task|true|false
14:06:22.0 (218094802)|VARIABLE_ASSIGNMENT|[20]|inTask|{"Status":"Completed","LastModifiedDate":"2018-04-13T12:06:22.000Z","IsDeleted":false,"AccountId":"0011r00001nncCaAAI","WhatId":"0061r00000vk70CAAQ","ActivityDate":"2022-01-11T00:00:00.000Z","Priority":"Normal","IsHighPriority":false,"IsClosed":true,"IsRecurrence":false,"Subject":"Task2","SystemModstamp":"2018-04-13T12:06:22.000Z","IsArchived":false,"CreatedById":"0051r000007Oz5QAAS","TaskSubtype":"Task","OwnerId":"0051r000007Oz5QAAS","CreatedDate":"2018-04-13T12:06:22.000Z","Id":"00T1r00004C4peEEAR","DB_Activity_Type__c":"Other","IsReminderSet":false,"LastModifiedById":"0051r000007Oz5QAAS"}|0xfad36be
14:06:22.0 (218110930)|STATEMENT_EXECUTE|[20]
14:06:22.0 (218129795)|STATEMENT_EXECUTE|[21]
14:06:22.0 (218199657)|STATEMENT_EXECUTE|[25]
14:06:22.0 (218202405)|STATEMENT_EXECUTE|[26]
14:06:22.0 (218224219)|HEAP_ALLOCATE|[EXTERNAL]|Bytes:4
14:06:22.0 (218241278)|HEAP_ALLOCATE|[20]|Bytes:5
14:06:22.0 (218255229)|VARIABLE_ASSIGNMENT|[20]|inTask|null|
14:06:22.0 (218261221)|STATEMENT_EXECUTE|[32]
14:06:22.0 (218277403)|HEAP_ALLOCATE|[32]|Bytes:4
14:06:22.0 (218283632)|HEAP_ALLOCATE|[32]|Bytes:57
14:06:22.0 (218291671)|HEAP_ALLOCATE|[32]|Bytes:4
14:06:22.0 (218319648)|HEAP_ALLOCATE|[32]|Bytes:8
14:06:22.0 (218328193)|HEAP_ALLOCATE|[32]|Bytes:8
14:06:22.0 (218488511)|SOQL_EXECUTE_BEGIN|[32]|Aggregations:0|SELECT Id, AccountId FROM Opportunity WHERE id = :tmpVar1
14:06:22.0 (221328500)|SOQL_EXECUTE_END|[32]|Rows:1
14:06:22.0 (221349320)|HEAP_ALLOCATE|[32]|Bytes:8
14:06:22.0 (221362407)|HEAP_ALLOCATE|[32]|Bytes:60
14:06:22.0 (221393561)|HEAP_ALLOCATE|[32]|Bytes:8
14:06:22.0 (221410378)|HEAP_ALLOCATE|[32]|Bytes:12
14:06:22.0 (221424042)|HEAP_ALLOCATE|[32]|Bytes:18
14:06:22.0 (221431849)|VARIABLE_SCOPE_BEGIN|[32]|mapOportunity|Map<String,Opportunity>|true|false
14:06:22.0 (221455634)|VARIABLE_ASSIGNMENT|[32]|mapOportunity|{"0061r00000vk70CAAQ":{"Id":"0061r00000vk70CAAQ","AccountId":"0011r00001nncCaAAI"}}|0x42df24d5
14:06:22.0 (221474388)|HEAP_ALLOCATE|[35]|Bytes:4
14:06:22.0 (221510904)|HEAP_ALLOCATE|[35]|Bytes:4
14:06:22.0 (221539268)|HEAP_ALLOCATE|[35]|Bytes:5
14:06:22.0 (221554847)|VARIABLE_SCOPE_BEGIN|[35]|idOportunity|String|false|false
14:06:22.0 (221565256)|VARIABLE_ASSIGNMENT|[35]|idOportunity|"0061r00000vk70CAAQ"
14:06:22.0 (221571865)|STATEMENT_EXECUTE|[35]
14:06:22.0 (221573937)|STATEMENT_EXECUTE|[36]
14:06:22.0 (221638021)|HEAP_ALLOCATE|[EXTERNAL]|Bytes:4
14:06:22.0 (221652789)|HEAP_ALLOCATE|[35]|Bytes:5
14:06:22.0 (221670051)|VARIABLE_ASSIGNMENT|[35]|idOportunity|null
14:06:22.0 (221676683)|STATEMENT_EXECUTE|[42]
14:06:22.0 (221692202)|HEAP_ALLOCATE|[42]|Bytes:4
14:06:22.0 (221698433)|HEAP_ALLOCATE|[42]|Bytes:91
14:06:22.0 (221710670)|HEAP_ALLOCATE|[42]|Bytes:4
14:06:22.0 (221738802)|HEAP_ALLOCATE|[42]|Bytes:12
14:06:22.0 (221746653)|HEAP_ALLOCATE|[42]|Bytes:12
14:06:22.0 (221924100)|SOQL_EXECUTE_BEGIN|[42]|Aggregations:0|SELECT Id, Fecha_ltima_actividad_m_s_reciente__c, ParentId FROM Account WHERE id = :tmpVar1
14:06:22.0 (225032455)|SOQL_EXECUTE_END|[42]|Rows:2
14:06:22.0 (225052461)|HEAP_ALLOCATE|[42]|Bytes:12
14:06:22.0 (225068392)|HEAP_ALLOCATE|[42]|Bytes:208
14:06:22.0 (225097972)|HEAP_ALLOCATE|[42]|Bytes:12
14:06:22.0 (225114136)|HEAP_ALLOCATE|[42]|Bytes:16
14:06:22.0 (225122920)|HEAP_ALLOCATE|[42]|Bytes:18
14:06:22.0 (225128089)|HEAP_ALLOCATE|[42]|Bytes:16
14:06:22.0 (225132873)|HEAP_ALLOCATE|[42]|Bytes:18
14:06:22.0 (225139443)|VARIABLE_SCOPE_BEGIN|[42]|mapAccount|Map<String,Account>|true|false
14:06:22.0 (225182314)|VARIABLE_ASSIGNMENT|[42]|mapAccount|{"0011r00001nncCZAAY":{"Id":"0011r00001nncCZAAY","Fecha_ltima_activida (17 more) ...":"2018-01-11T00:00:00.000Z","ParentId":"0011r00001nncCYAAY"},"0011r00001nncCaAAI":{"Id":"0011r00001nncCaAAI","Fecha_ltima_activida (17 more) ...":"2018-01-11T00:00:00.000Z","ParentId":"0011r00001nncCYAAY"}}|0x5b0ad9ed
14:06:22.0 (225230406)|HEAP_ALLOCATE|[45]|Bytes:5
14:06:22.0 (225250917)|VARIABLE_SCOPE_BEGIN|[45]|inTask|Task|true|false
14:06:22.0 (225427644)|VARIABLE_ASSIGNMENT|[45]|inTask|{"Status":"Completed","LastModifiedDate":"2018-04-13T12:06:22.000Z","IsDeleted":false,"AccountId":"0011r00001nncCZAAY","WhatId":"0011r00001nncCZAAY","ActivityDate":"2020-01-11T00:00:00.000Z","Priority":"Normal","IsHighPriority":false,"IsClosed":true,"IsRecurrence":false,"Subject":"Task","SystemModstamp":"2018-04-13T12:06:22.000Z","IsArchived":false,"CreatedById":"0051r000007Oz5QAAS","TaskSubtype":"Task","OwnerId":"0051r000007Oz5QAAS","CreatedDate":"2018-04-13T12:06:22.000Z","Id":"00T1r00004C4peDEAR","DB_Activity_Type__c":"Other","IsReminderSet":false,"LastModifiedById":"0051r000007Oz5QAAS"}|0x27d636ab
14:06:22.0 (225443790)|STATEMENT_EXECUTE|[45]
14:06:22.0 (225509950)|STATEMENT_EXECUTE|[47]
14:06:22.0 (225587446)|STATEMENT_EXECUTE|[49]
14:06:22.0 (225590081)|STATEMENT_EXECUTE|[51]
14:06:22.0 (225670881)|VARIABLE_ASSIGNMENT|[51]|this.Fecha_ltima_actividad_m_s_reciente__c|"2020-01-11T00:00:00.000Z"|0x7e79aa4f
14:06:22.0 (225680494)|STATEMENT_EXECUTE|[52]
14:06:22.0 (225719314)|HEAP_ALLOCATE|[EXTERNAL]|Bytes:4
14:06:22.0 (225735141)|HEAP_ALLOCATE|[45]|Bytes:5
14:06:22.0 (225749617)|VARIABLE_SCOPE_BEGIN|[45]|inTask|Task|true|false
14:06:22.0 (225886223)|VARIABLE_ASSIGNMENT|[45]|inTask|{"Status":"Completed","LastModifiedDate":"2018-04-13T12:06:22.000Z","IsDeleted":false,"AccountId":"0011r00001nncCaAAI","WhatId":"0061r00000vk70CAAQ","ActivityDate":"2022-01-11T00:00:00.000Z","Priority":"Normal","IsHighPriority":false,"IsClosed":true,"IsRecurrence":false,"Subject":"Task2","SystemModstamp":"2018-04-13T12:06:22.000Z","IsArchived":false,"CreatedById":"0051r000007Oz5QAAS","TaskSubtype":"Task","OwnerId":"0051r000007Oz5QAAS","CreatedDate":"2018-04-13T12:06:22.000Z","Id":"00T1r00004C4peEEAR","DB_Activity_Type__c":"Other","IsReminderSet":false,"LastModifiedById":"0051r000007Oz5QAAS"}|0xfad36be
14:06:22.0 (225900114)|STATEMENT_EXECUTE|[45]
14:06:22.0 (225982010)|EXCEPTION_THROWN|[47]|System.NullPointerException: Attempt to de-reference a null object
14:06:22.0 (226094240)|HEAP_ALLOCATE|[47]|Bytes:41
14:06:22.0 (226110329)|SYSTEM_MODE_EXIT|false
14:06:22.0 (226122789)|METHOD_EXIT|[10]|01p1r000009oS6S|TaskMethods.CerrarTarea(List<Task>)
14:06:22.0 (226207826)|FATAL_ERROR|System.NullPointerException: Attempt to de-reference a null object

Class.TaskMethods.CerrarTarea: line 47, column 1
Trigger.TaskTrigger: line 10, column 1
14:06:22.0 (226220686)|FATAL_ERROR|System.NullPointerException: Attempt to de-reference a null object

Class.TaskMethods.CerrarTarea: line 47, column 1
Trigger.TaskTrigger: line 10, column 1
14:06:22.226 (226268385)|CUMULATIVE_LIMIT_USAGE
14:06:22.226 (226268385)|LIMIT_USAGE_FOR_NS|(default)|
  Number of SOQL queries: 5 out of 100
  Number of query rows: 7 out of 50000
  Number of SOSL queries: 0 out of 20
  Number of DML statements: 6 out of 150
  Number of DML rows: 8 out of 10000
  Maximum CPU time: 0 out of 10000
  Maximum heap size: 0 out of 6000000
  Number of callouts: 0 out of 100
  Number of Email Invocations: 0 out of 10
  Number of future calls: 0 out of 50
  Number of queueable jobs added to the queue: 0 out of 50
  Number of Mobile Apex push calls: 0 out of 10

14:06:22.226 (226268385)|CUMULATIVE_LIMIT_USAGE_END

14:06:22.0 (227675916)|CODE_UNIT_FINISHED|TaskTrigger on Task trigger event AfterUpdate
14:06:22.0 (230416973)|DML_END|[60]
14:06:22.0 (230500706)|EXCEPTION_THROWN|[60]|System.DmlException: Update failed. First exception on row 0 with id 00T1r00004C4peDEAR; first error: CANNOT_INSERT_UPDATE_ACTIVATE_ENTITY, TaskTrigger: execution of AfterUpdate

caused by: System.NullPointerException: Attempt to de-reference a null object

Class.TaskMethods.CerrarTarea: line 47, column 1
Trigger.TaskTrigger: line 10, column 1: []
14:06:22.0 (230850861)|HEAP_ALLOCATE|[60]|Bytes:332
14:06:22.0 (230938867)|FATAL_ERROR|System.DmlException: Update failed. First exception on row 0 with id 00T1r00004C4peDEAR; first error: CANNOT_INSERT_UPDATE_ACTIVATE_ENTITY, TaskTrigger: execution of AfterUpdate

caused by: System.NullPointerException: Attempt to de-reference a null object

Class.TaskMethods.CerrarTarea: line 47, column 1
Trigger.TaskTrigger: line 10, column 1: []

Class.TaskTest.testCerrarTarea: line 60, column 1
14:06:22.0 (230954011)|FATAL_ERROR|System.DmlException: Update failed. First exception on row 0 with id 00T1r00004C4peDEAR; first error: CANNOT_INSERT_UPDATE_ACTIVATE_ENTITY, TaskTrigger: execution of AfterUpdate

caused by: System.NullPointerException: Attempt to de-reference a null object

Class.TaskMethods.CerrarTarea: line 47, column 1
Trigger.TaskTrigger: line 10, column 1: []

Class.TaskTest.testCerrarTarea: line 60, column 1
14:06:22.230 (230964488)|CUMULATIVE_LIMIT_USAGE
14:06:22.230 (230964488)|LIMIT_USAGE_FOR_NS|(default)|
  Number of SOQL queries: 1 out of 100
  Number of query rows: 0 out of 50000
  Number of SOSL queries: 0 out of 20
  Number of DML statements: 6 out of 150
  Number of DML rows: 8 out of 10000
  Maximum CPU time: 0 out of 10000
  Maximum heap size: 0 out of 6000000
  Number of callouts: 0 out of 100
  Number of Email Invocations: 0 out of 10
  Number of future calls: 0 out of 50
  Number of queueable jobs added to the queue: 0 out of 50
  Number of Mobile Apex push calls: 0 out of 10

14:06:22.230 (230964488)|CUMULATIVE_LIMIT_USAGE_END

14:06:22.0 (230997194)|CODE_UNIT_FINISHED|TaskTest.testCerrarTarea
14:06:22.0 (231782316)|EXECUTION_FINISHED
14:06:22.366 (366085079)|USER_INFO|[EXTERNAL]|0051r000007Oz5Q|lydia.abril@gmail.com|hora estándar de Europa central|GMT+02:00
14:06:22.366 (366109733)|EXECUTION_STARTED
14:06:22.366 (366114656)|CODE_UNIT_STARTED|[EXTERNAL]|DuplicateDetector
14:06:22.366 (366130427)|DUPLICATE_DETECTION_BEGIN
14:06:22.366 (366188079)|DUPLICATE_DETECTION_RULE_INVOCATION|DuplicateRuleId:0Bm1r0000018X88|DuplicateRuleName:Standard Account Duplicate Rule|DmlType:INSERT
14:06:22.366 (375597187)|DUPLICATE_DETECTION_END
14:06:22.366 (375606459)|CODE_UNIT_FINISHED|DuplicateDetector
14:06:22.366 (376395823)|EXECUTION_FINISHED
