33.0 APEX_CODE,FINEST;APEX_PROFILING,INFO;CALLOUT,INFO;DB,INFO;SYSTEM,DEBUG;VALIDATION,INFO;VISUALFORCE,INFO;WAVE,INFO;WORKFLOW,INFO
Execute Anonymous: Boolean fail1 = false;Boolean fail2 = false;Account a1 = new Account(name='a',Type='Prospect',NumberOfEmployees=500);insert a1;Account a2 = new Account(name='a',Type='SomethingElse',NumberOfEmployees=501);insert a2;Id uid = UserInfo.getUserId();Approval.ProcessSubmitRequest submit = new Approval.ProcessSubmitRequest();submit.setComments('Submitting');submit.setObjectId(a1.Id);submit.setSubmitterId(uid);submit.setProcessDefinitionNameOrId('Approve_New_Account');Approval.ProcessResult submitResult;try{submitResult = Approval.process(submit);}catch(Exception e){fail1 = true;}submit.setObjectId(a2.Id);try{submitResult=Approval.process(submit);}catch(Exception e){fail2 = true;}System.assert(fail1 && fail2, 'BOTH_DID_NOT_FAIL_ERROR');System.assert(false,'rock on with your bad self');
10:24:03.1 (1139417)|USER_INFO|[EXTERNAL]|0051r000007Oz5Q|lydia.abril@gmail.com|hora estándar de Europa central|GMT+02:00
10:24:03.1 (1273298)|EXECUTION_STARTED
10:24:03.1 (1277222)|CODE_UNIT_STARTED|[EXTERNAL]|execute_anonymous_apex
10:24:03.1 (1384151)|VARIABLE_SCOPE_BEGIN|[1]|a1|Account|true|false
10:24:03.1 (1482305)|VARIABLE_SCOPE_BEGIN|[1]|a2|Account|true|false
10:24:03.1 (1496554)|VARIABLE_SCOPE_BEGIN|[1]|fail1|Boolean|false|false
10:24:03.1 (1504176)|VARIABLE_SCOPE_BEGIN|[1]|fail2|Boolean|false|false
10:24:03.1 (1537512)|VARIABLE_SCOPE_BEGIN|[1]|submit|Approval.ProcessSubmitRequest|true|false
10:24:03.1 (1551276)|VARIABLE_SCOPE_BEGIN|[1]|submitResult|Approval.ProcessResult|true|false
10:24:03.1 (1565700)|VARIABLE_SCOPE_BEGIN|[1]|uid|Id|false|false
10:24:03.1 (1669701)|HEAP_ALLOCATE|[72]|Bytes:3
10:24:03.1 (1715084)|HEAP_ALLOCATE|[77]|Bytes:152
10:24:03.1 (1729371)|HEAP_ALLOCATE|[342]|Bytes:408
10:24:03.1 (1742115)|HEAP_ALLOCATE|[355]|Bytes:408
10:24:03.1 (1753219)|HEAP_ALLOCATE|[467]|Bytes:48
10:24:03.1 (1779817)|HEAP_ALLOCATE|[139]|Bytes:6
10:24:03.1 (1792247)|HEAP_ALLOCATE|[EXTERNAL]|Bytes:1
10:24:03.1 (1992906)|STATEMENT_EXECUTE|[1]
10:24:03.1 (1995927)|STATEMENT_EXECUTE|[1]
10:24:03.1 (2023202)|HEAP_ALLOCATE|[50]|Bytes:5
10:24:03.1 (2051625)|HEAP_ALLOCATE|[56]|Bytes:5
10:24:03.1 (2059653)|HEAP_ALLOCATE|[64]|Bytes:7
10:24:03.1 (2075276)|HEAP_ALLOCATE|[1]|Bytes:5
10:24:03.1 (2101392)|VARIABLE_ASSIGNMENT|[1]|fail1|false
10:24:03.1 (2107244)|STATEMENT_EXECUTE|[1]
10:24:03.1 (2112180)|HEAP_ALLOCATE|[1]|Bytes:5
10:24:03.1 (2118417)|VARIABLE_ASSIGNMENT|[1]|fail2|false
10:24:03.1 (2122371)|STATEMENT_EXECUTE|[1]
10:24:03.1 (2149012)|HEAP_ALLOCATE|[1]|Bytes:4
10:24:03.1 (2222601)|HEAP_ALLOCATE|[1]|Bytes:1
10:24:03.1 (2270332)|VARIABLE_ASSIGNMENT|[1]|this.Name|"a"|0x41560f3f
10:24:03.1 (2279107)|HEAP_ALLOCATE|[1]|Bytes:8
10:24:03.1 (2295006)|VARIABLE_ASSIGNMENT|[1]|this.Type|"Prospect"|0x41560f3f
10:24:03.1 (2315621)|VARIABLE_ASSIGNMENT|[1]|this.NumberOfEmployees|500|0x41560f3f
10:24:03.1 (2349107)|VARIABLE_ASSIGNMENT|[1]|a1|{"Name":"a","Type":"Prospect","NumberOfEmployees":500}|0x41560f3f
10:24:03.1 (2356034)|STATEMENT_EXECUTE|[1]
10:24:03.1 (2380005)|HEAP_ALLOCATE|[1]|Bytes:8
10:24:03.1 (2391931)|DML_BEGIN|[1]|Op:Insert|Type:Account|Rows:1
10:24:03.1 (2427553)|HEAP_ALLOCATE|[EXTERNAL]|Bytes:8
10:24:03.1 (34654467)|CODE_UNIT_STARTED|[EXTERNAL]|DuplicateDetector
10:24:03.1 (34682430)|DUPLICATE_DETECTION_BEGIN
10:24:03.1 (35341510)|DUPLICATE_DETECTION_RULE_INVOCATION|DuplicateRuleId:0Bm1r0000018X88|DuplicateRuleName:Standard Account Duplicate Rule|DmlType:INSERT
10:24:03.1 (58026204)|DUPLICATE_DETECTION_MATCH_INVOCATION_DETAILS|EntityType:Account|ActionTaken:Allow_[Alert,Report]|DuplicateRecordIds:
10:24:03.1 (58054786)|DUPLICATE_DETECTION_MATCH_INVOCATION_SUMMARY|EntityType:Account|NumRecordsToBeSaved:1|NumRecordsToBeSavedWithDuplicates:0|NumDuplicateRecordsFound:0
10:24:03.1 (58191235)|DUPLICATE_DETECTION_END
10:24:03.1 (58199013)|CODE_UNIT_FINISHED|DuplicateDetector
10:24:03.1 (92308785)|CODE_UNIT_STARTED|[EXTERNAL]|Workflow:Account
10:24:03.1 (113924985)|WF_RULE_EVAL_BEGIN|Workflow
10:24:03.1 (113974436)|WF_CRITERIA_BEGIN|[Account: a 0011r00001nohs3]|PruebaProcess3011r000000gjFE|01Q1r000000mVFX|ON_ALL_CHANGES|0
10:24:03.1 (114121912)|WF_FORMULA|Formula:ENCODED:[treatNullAsNull]true|Values:
10:24:03.1 (114133693)|WF_CRITERIA_END|true
10:24:03.1 (114726014)|WF_SPOOL_ACTION_BEGIN|Workflow
10:24:03.1 (114755591)|WF_ACTION| Flow Trigger: 1;
10:24:03.1 (114762713)|WF_RULE_EVAL_END
10:24:03.1 (115558261)|WF_FLOW_ACTION_BEGIN|09L1r000000Xt57
10:24:03.115 (115650986)|FLOW_CREATE_INTERVIEW_BEGIN|00D1r000001H7aI|3001r000000gDp4|3011r000000gjFE
10:24:03.115 (117787403)|FLOW_CREATE_INTERVIEW_END|823092a4a5bc4210b39c7767a4ca162d7d4520-e528|PruebaProcess
10:24:03.118 (118175264)|FLOW_START_INTERVIEWS_BEGIN|1
10:24:03.118 (118199478)|FLOW_START_INTERVIEW_BEGIN|823092a4a5bc4210b39c7767a4ca162d7d4520-e528|PruebaProcess
10:24:03.118 (119741084)|FLOW_START_INTERVIEW_END|823092a4a5bc4210b39c7767a4ca162d7d4520-e528|PruebaProcess
10:24:03.118 (173739919)|FLOW_START_INTERVIEWS_END|1
10:24:03.1 (174770298)|WF_FLOW_ACTION_END|09L1r000000Xt57
10:24:03.1 (174862575)|WF_ACTIONS_END| Flow Trigger: 1;
10:24:03.1 (174871322)|CODE_UNIT_FINISHED|Workflow:Account
10:24:03.1 (178173730)|DML_END|[1]
10:24:03.1 (178196179)|STATEMENT_EXECUTE|[1]
10:24:03.1 (178217998)|HEAP_ALLOCATE|[1]|Bytes:4
10:24:03.1 (178274201)|VARIABLE_ASSIGNMENT|[1]|this.Name|"a"|0x61d39823
10:24:03.1 (178283902)|HEAP_ALLOCATE|[1]|Bytes:13
10:24:03.1 (178301725)|VARIABLE_ASSIGNMENT|[1]|this.Type|"SomethingElse"|0x61d39823
10:24:03.1 (178324475)|VARIABLE_ASSIGNMENT|[1]|this.NumberOfEmployees|501|0x61d39823
10:24:03.1 (178367469)|VARIABLE_ASSIGNMENT|[1]|a2|{"Name":"a","Type":"SomethingElse","NumberOfEmployees":501}|0x61d39823
10:24:03.1 (178374565)|STATEMENT_EXECUTE|[1]
10:24:03.1 (178390098)|HEAP_ALLOCATE|[1]|Bytes:8
10:24:03.1 (178399962)|DML_BEGIN|[1]|Op:Insert|Type:Account|Rows:1
10:24:03.1 (178428736)|HEAP_ALLOCATE|[EXTERNAL]|Bytes:8
10:24:03.1 (181771857)|CODE_UNIT_STARTED|[EXTERNAL]|DuplicateDetector
10:24:03.1 (181786956)|DUPLICATE_DETECTION_BEGIN
10:24:03.1 (181829727)|DUPLICATE_DETECTION_RULE_INVOCATION|DuplicateRuleId:0Bm1r0000018X88|DuplicateRuleName:Standard Account Duplicate Rule|DmlType:INSERT
10:24:03.1 (193705208)|DUPLICATE_DETECTION_MATCH_INVOCATION_DETAILS|EntityType:Account|ActionTaken:Allow_[Alert,Report]|DuplicateRecordIds:
10:24:03.1 (193724940)|DUPLICATE_DETECTION_MATCH_INVOCATION_SUMMARY|EntityType:Account|NumRecordsToBeSaved:1|NumRecordsToBeSavedWithDuplicates:0|NumDuplicateRecordsFound:0
10:24:03.1 (193884281)|DUPLICATE_DETECTION_END
10:24:03.1 (193893475)|CODE_UNIT_FINISHED|DuplicateDetector
10:24:03.1 (207907245)|CODE_UNIT_STARTED|[EXTERNAL]|Workflow:Account
10:24:03.1 (212271301)|WF_RULE_EVAL_BEGIN|Workflow
10:24:03.1 (212305959)|WF_CRITERIA_BEGIN|[Account: a 0011r00001nohs4]|PruebaProcess3011r000000gjFE|01Q1r000000mVFX|ON_ALL_CHANGES|0
10:24:03.1 (212365089)|WF_FORMULA|Formula:ENCODED:[treatNullAsNull]true|Values:
10:24:03.1 (212375015)|WF_CRITERIA_END|true
10:24:03.1 (212399977)|WF_SPOOL_ACTION_BEGIN|Workflow
10:24:03.1 (212425637)|WF_ACTION| Flow Trigger: 1;
10:24:03.1 (212439980)|WF_RULE_EVAL_END
10:24:03.1 (212478623)|WF_FLOW_ACTION_BEGIN|09L1r000000Xt57
10:24:03.212 (212538861)|FLOW_CREATE_INTERVIEW_BEGIN|00D1r000001H7aI|3001r000000gDp4|3011r000000gjFE
10:24:03.212 (212611896)|FLOW_CREATE_INTERVIEW_END|823192a4a5bc4210b39c7767a4ca162d7d4520-e527|PruebaProcess
10:24:03.213 (213006824)|FLOW_START_INTERVIEWS_BEGIN|1
10:24:03.213 (213032947)|FLOW_START_INTERVIEW_BEGIN|823192a4a5bc4210b39c7767a4ca162d7d4520-e527|PruebaProcess
10:24:03.213 (213976156)|FLOW_START_INTERVIEW_END|823192a4a5bc4210b39c7767a4ca162d7d4520-e527|PruebaProcess
10:24:03.213 (227079951)|FLOW_START_INTERVIEWS_END|1
10:24:03.1 (227636501)|WF_FLOW_ACTION_END|09L1r000000Xt57
10:24:03.1 (227720845)|WF_ACTIONS_END| Flow Trigger: 1;
10:24:03.1 (227728861)|CODE_UNIT_FINISHED|Workflow:Account
10:24:03.1 (228408758)|DML_END|[1]
10:24:03.1 (228445980)|STATEMENT_EXECUTE|[1]
10:24:03.1 (228501916)|SYSTEM_MODE_ENTER|false
10:24:03.1 (228518853)|HEAP_ALLOCATE|[1]|Bytes:5
10:24:03.1 (228585804)|HEAP_ALLOCATE|[1]|Bytes:85
10:24:03.1 (228625619)|SYSTEM_METHOD_ENTRY|[1]|UserInfo.UserInfo()
10:24:03.1 (228632288)|STATEMENT_EXECUTE|[1]
10:24:03.1 (228655251)|SYSTEM_METHOD_EXIT|[1]|UserInfo
10:24:03.1 (228697123)|METHOD_ENTRY|[1]||System.UserInfo.getUserId()
10:24:03.1 (228771147)|METHOD_EXIT|[1]||System.UserInfo.getUserId()
10:24:03.1 (228790070)|SYSTEM_MODE_EXIT|false
10:24:03.1 (228814218)|HEAP_ALLOCATE|[1]|Bytes:4
10:24:03.1 (228938234)|VARIABLE_ASSIGNMENT|[1]|uid|"0051r000007Oz5QAAS"
10:24:03.1 (228948243)|STATEMENT_EXECUTE|[1]
10:24:03.1 (229052263)|VARIABLE_ASSIGNMENT|[1]|submit|"common.api.soap.wsdl.ProcessSubmitRequest@18e7b918"|0x7ca20b36
10:24:03.1 (229068200)|STATEMENT_EXECUTE|[1]
10:24:03.1 (229076059)|HEAP_ALLOCATE|[1]|Bytes:10
10:24:03.1 (229138760)|STATEMENT_EXECUTE|[1]
10:24:03.1 (229179053)|HEAP_ALLOCATE|[1]|Bytes:18
10:24:03.1 (229200423)|STATEMENT_EXECUTE|[1]
10:24:03.1 (229206044)|HEAP_ALLOCATE|[1]|Bytes:18
10:24:03.1 (229226243)|STATEMENT_EXECUTE|[1]
10:24:03.1 (229231641)|HEAP_ALLOCATE|[1]|Bytes:19
10:24:03.1 (229246638)|STATEMENT_EXECUTE|[1]
10:24:03.1 (229257349)|VARIABLE_ASSIGNMENT|[1]|submitResult|null|
10:24:03.1 (229262532)|STATEMENT_EXECUTE|[1]
10:24:03.1 (229264153)|STATEMENT_EXECUTE|[1]
10:24:03.1 (229265701)|STATEMENT_EXECUTE|[1]
10:24:03.1 (229317155)|HEAP_ALLOCATE|[1]|Bytes:8
10:24:03.1 (229339295)|DML_BEGIN|[1]|Op:Process|Type:ProcessRequest|Rows:1
10:24:03.1 (229388882)|HEAP_ALLOCATE|[EXTERNAL]|Bytes:8
10:24:03.1 (235191210)|CODE_UNIT_STARTED|[EXTERNAL]|Workflow:ApprovalProcessActions
10:24:03.1 (238537926)|WF_APPROVAL_SUBMIT|[Account: a 0011r00001nohs3]
10:24:03.1 (239503665)|WF_APPROVAL_SUBMITTER|Lydia Abril|0051r000007Oz5QAAS
10:24:03.1 (266782038)|WF_RULE_FILTER|[Account : Type equals Prospect] 
AND [Account : Employees greater than 500]
10:24:03.1 (266990597)|WF_RULE_EVAL_VALUE|Prospect
10:24:03.1 (267011391)|WF_RULE_EVAL_VALUE|500
10:24:03.1 (267036159)|WF_EVAL_ENTRY_CRITERIA|Approve New Account|00X1r000002S2tA|false
10:24:03.1 (267181201)|WF_PROCESS_FOUND|ProcessDefinitionNameOrId:Approve_New_Account|The process was invalid or didn't meet the required criteria.
10:24:03.1 (267851346)|CODE_UNIT_FINISHED|Workflow:ApprovalProcessActions
10:24:03.1 (268392427)|DML_END|[1]
10:24:03.1 (268565045)|EXCEPTION_THROWN|[1]|System.DmlException: Process failed. First exception on row 0; first error: NO_APPLICABLE_PROCESS, No applicable approval process was found.: []
10:24:03.1 (268906161)|HEAP_ALLOCATE|[1]|Bytes:127
10:24:03.1 (268978947)|VARIABLE_SCOPE_BEGIN|[1]|e|Exception|true|false
10:24:03.1 (269077107)|VARIABLE_ASSIGNMENT|[1]|e|"common.apex.runtime.impl.DmlExecutionException: Process failed. First exception on row 0; first error: NO_APPLICABLE_PROCESS, No applicable approval process was found.: []"|0x6753f771
10:24:03.1 (269092732)|STATEMENT_EXECUTE|[1]
10:24:03.1 (269095384)|STATEMENT_EXECUTE|[1]
10:24:03.1 (269104080)|HEAP_ALLOCATE|[1]|Bytes:5
10:24:03.1 (269121149)|VARIABLE_ASSIGNMENT|[1]|fail1|true
10:24:03.1 (269126569)|STATEMENT_EXECUTE|[1]
10:24:03.1 (269146160)|HEAP_ALLOCATE|[1]|Bytes:18
10:24:03.1 (269194397)|STATEMENT_EXECUTE|[1]
10:24:03.1 (269197537)|STATEMENT_EXECUTE|[1]
10:24:03.1 (269199622)|STATEMENT_EXECUTE|[1]
10:24:03.1 (269249150)|HEAP_ALLOCATE|[1]|Bytes:8
10:24:03.1 (269263554)|DML_BEGIN|[1]|Op:Process|Type:ProcessRequest|Rows:1
10:24:03.1 (269308509)|HEAP_ALLOCATE|[EXTERNAL]|Bytes:8
10:24:03.1 (273955235)|CODE_UNIT_STARTED|[EXTERNAL]|Workflow:ApprovalProcessActions
10:24:03.1 (277111898)|WF_APPROVAL_SUBMIT|[Account: a 0011r00001nohs4]
10:24:03.1 (277499813)|WF_APPROVAL_SUBMITTER|Lydia Abril|0051r000007Oz5QAAS
10:24:03.1 (281884318)|WF_RULE_FILTER|[Account : Type equals Prospect] 
AND [Account : Employees greater than 500]
10:24:03.1 (281923090)|WF_RULE_EVAL_VALUE|SomethingElse
10:24:03.1 (281941828)|WF_EVAL_ENTRY_CRITERIA|Approve New Account|00X1r000002S2tA|false
10:24:03.1 (281964885)|WF_PROCESS_FOUND|ProcessDefinitionNameOrId:Approve_New_Account|The process was invalid or didn't meet the required criteria.
10:24:03.1 (282666716)|CODE_UNIT_FINISHED|Workflow:ApprovalProcessActions
10:24:03.1 (283109730)|DML_END|[1]
10:24:03.1 (283168080)|EXCEPTION_THROWN|[1]|System.DmlException: Process failed. First exception on row 0; first error: NO_APPLICABLE_PROCESS, No applicable approval process was found.: []
10:24:03.1 (283451578)|HEAP_ALLOCATE|[1]|Bytes:127
10:24:03.1 (283518461)|VARIABLE_SCOPE_BEGIN|[1]|e|Exception|true|false
10:24:03.1 (283627038)|VARIABLE_ASSIGNMENT|[1]|e|"common.apex.runtime.impl.DmlExecutionException: Process failed. First exception on row 0; first error: NO_APPLICABLE_PROCESS, No applicable approval process was found.: []"|0x4bf95fea
10:24:03.1 (283645260)|STATEMENT_EXECUTE|[1]
10:24:03.1 (283648732)|STATEMENT_EXECUTE|[1]
10:24:03.1 (283659360)|HEAP_ALLOCATE|[1]|Bytes:5
10:24:03.1 (283679289)|VARIABLE_ASSIGNMENT|[1]|fail2|true
10:24:03.1 (283686693)|STATEMENT_EXECUTE|[1]
10:24:03.1 (283695924)|HEAP_ALLOCATE|[1]|Bytes:23
10:24:03.1 (283732117)|STATEMENT_EXECUTE|[1]
10:24:03.1 (283736696)|HEAP_ALLOCATE|[1]|Bytes:26
10:24:03.1 (283798437)|EXCEPTION_THROWN|[1]|System.AssertException: Assertion Failed: rock on with your bad self
10:24:03.1 (283998509)|HEAP_ALLOCATE|[1]|Bytes:48
10:24:03.1 (284110535)|FATAL_ERROR|System.AssertException: Assertion Failed: rock on with your bad self

AnonymousBlock: line 1, column 1
10:24:03.284 (284167402)|CUMULATIVE_LIMIT_USAGE
10:24:03.284 (284167402)|LIMIT_USAGE_FOR_NS|(default)|
  Number of SOQL queries: 2 out of 100
  Number of query rows: 0 out of 50000
  Number of SOSL queries: 0 out of 20
  Number of DML statements: 6 out of 150
  Number of DML rows: 4 out of 10000
  Maximum CPU time: 0 out of 10000
  Maximum heap size: 0 out of 6000000
  Number of callouts: 0 out of 100
  Number of Email Invocations: 0 out of 10
  Number of future calls: 0 out of 50
  Number of queueable jobs added to the queue: 0 out of 50
  Number of Mobile Apex push calls: 0 out of 10

10:24:03.284 (284167402)|CUMULATIVE_LIMIT_USAGE_END

10:24:03.1 (284209567)|CODE_UNIT_FINISHED|execute_anonymous_apex
10:24:03.1 (285091094)|EXECUTION_FINISHED
