36.0 APEX_CODE,FINEST;APEX_PROFILING,INFO;CALLOUT,INFO;DB,INFO;SYSTEM,DEBUG;VALIDATION,INFO;VISUALFORCE,INFO;WAVE,INFO;WORKFLOW,INFO
09:31:41.0 (451457)|USER_INFO|[EXTERNAL]|0051r000007Oz5Q|lydia.abril@gmail.com|hora estándar de Europa central|GMT+02:00
09:31:41.0 (496129)|EXECUTION_STARTED
09:31:41.0 (500914)|CODE_UNIT_STARTED|[EXTERNAL]|01p1r000009p5xn|TaskTest.testCerrarTarea
09:31:41.0 (877885)|HEAP_ALLOCATE|[72]|Bytes:3
09:31:41.0 (909821)|HEAP_ALLOCATE|[77]|Bytes:152
09:31:41.0 (924301)|HEAP_ALLOCATE|[342]|Bytes:408
09:31:41.0 (939584)|HEAP_ALLOCATE|[355]|Bytes:408
09:31:41.0 (951310)|HEAP_ALLOCATE|[467]|Bytes:48
09:31:41.0 (975914)|HEAP_ALLOCATE|[139]|Bytes:6
09:31:41.0 (989840)|HEAP_ALLOCATE|[EXTERNAL]|Bytes:113
09:31:41.0 (999004)|METHOD_ENTRY|[2]|01p1r000009p5xn|TaskTest.TaskTest()
09:31:41.0 (1007072)|STATEMENT_EXECUTE|[2]
09:31:41.0 (1013325)|STATEMENT_EXECUTE|[2]
09:31:41.0 (1017049)|METHOD_EXIT|[2]|TaskTest
09:31:41.0 (1051790)|HEAP_ALLOCATE|[50]|Bytes:5
09:31:41.0 (1077035)|HEAP_ALLOCATE|[56]|Bytes:5
09:31:41.0 (1085421)|HEAP_ALLOCATE|[64]|Bytes:7
09:31:41.0 (1119784)|STATEMENT_EXECUTE|[4]
09:31:41.0 (1122130)|STATEMENT_EXECUTE|[6]
09:31:41.0 (1164745)|HEAP_ALLOCATE|[6]|Bytes:4
09:31:41.0 (1237951)|HEAP_ALLOCATE|[6]|Bytes:11
09:31:41.0 (1755751)|VARIABLE_ASSIGNMENT|[6]|this.Name|"CuentaPadre"|0x1da78d67
09:31:41.0 (1823910)|HEAP_ALLOCATE|[7]|Bytes:4
09:31:41.0 (1878305)|VARIABLE_ASSIGNMENT|[6]|this.Fecha_ultima_actividad_mas_reciente__c|"2018-01-11T00:00:00.000Z"|0x1da78d67
09:31:41.0 (1925254)|VARIABLE_SCOPE_BEGIN|[6]|oAccountParent|Account|true|false
09:31:41.0 (1955764)|VARIABLE_ASSIGNMENT|[6]|oAccountParent|{"Name":"CuentaPadre","Fecha_ultima_activid (18 more) ...":"2018-01-11T00:00:00.000Z"}|0x1da78d67
09:31:41.0 (1962839)|STATEMENT_EXECUTE|[8]
09:31:41.0 (1983379)|HEAP_ALLOCATE|[8]|Bytes:8
09:31:41.0 (2001623)|DML_BEGIN|[8]|Op:Insert|Type:Account|Rows:1
09:31:41.0 (2028368)|HEAP_ALLOCATE|[EXTERNAL]|Bytes:8
09:31:41.0 (11773892)|CODE_UNIT_STARTED|[EXTERNAL]|DuplicateDetector
09:31:41.0 (11788334)|DUPLICATE_DETECTION_BEGIN
09:31:41.0 (12012160)|DUPLICATE_DETECTION_RULE_INVOCATION|DuplicateRuleId:0Bm1r0000018X88|DuplicateRuleName:Standard Account Duplicate Rule|DmlType:INSERT
09:31:41.0 (30040308)|DUPLICATE_DETECTION_MATCH_INVOCATION_DETAILS|EntityType:Account|ActionTaken:Allow_[Alert,Report]|DuplicateRecordIds:
09:31:41.0 (30065033)|DUPLICATE_DETECTION_MATCH_INVOCATION_SUMMARY|EntityType:Account|NumRecordsToBeSaved:1|NumRecordsToBeSavedWithDuplicates:0|NumDuplicateRecordsFound:0
09:31:41.0 (30166467)|DUPLICATE_DETECTION_END
09:31:41.0 (30172869)|CODE_UNIT_FINISHED|DuplicateDetector
09:31:41.0 (52227879)|DML_END|[8]
09:31:41.0 (52252854)|STATEMENT_EXECUTE|[10]
09:31:41.0 (52275792)|HEAP_ALLOCATE|[10]|Bytes:4
09:31:41.0 (52298138)|HEAP_ALLOCATE|[10]|Bytes:6
09:31:41.0 (52336246)|VARIABLE_ASSIGNMENT|[10]|this.Name|"Cuenta"|0x3e2576f6
09:31:41.0 (52383472)|VARIABLE_ASSIGNMENT|[10]|this.ParentId|"0011r00001nohI8AAI"|0x3e2576f6
09:31:41.0 (52468165)|HEAP_ALLOCATE|[12]|Bytes:4
09:31:41.0 (52517303)|VARIABLE_ASSIGNMENT|[10]|this.Fecha_ultima_actividad_mas_reciente__c|"2018-01-11T00:00:00.000Z"|0x3e2576f6
09:31:41.0 (52551281)|VARIABLE_SCOPE_BEGIN|[10]|oAccount|Account|true|false
09:31:41.0 (52580354)|VARIABLE_ASSIGNMENT|[10]|oAccount|{"Name":"Cuenta","ParentId":"0011r00001nohI8AAI","Fecha_ultima_activid (18 more) ...":"2018-01-11T00:00:00.000Z"}|0x3e2576f6
09:31:41.0 (52587574)|STATEMENT_EXECUTE|[13]
09:31:41.0 (52603591)|HEAP_ALLOCATE|[13]|Bytes:8
09:31:41.0 (52622159)|DML_BEGIN|[13]|Op:Insert|Type:Account|Rows:1
09:31:41.0 (52657018)|HEAP_ALLOCATE|[EXTERNAL]|Bytes:8
09:31:41.0 (55283332)|CODE_UNIT_STARTED|[EXTERNAL]|DuplicateDetector
09:31:41.0 (55296773)|DUPLICATE_DETECTION_BEGIN
09:31:41.0 (55331408)|DUPLICATE_DETECTION_RULE_INVOCATION|DuplicateRuleId:0Bm1r0000018X88|DuplicateRuleName:Standard Account Duplicate Rule|DmlType:INSERT
09:31:41.0 (64025013)|DUPLICATE_DETECTION_MATCH_INVOCATION_DETAILS|EntityType:Account|ActionTaken:Allow_[Alert,Report]|DuplicateRecordIds:
09:31:41.0 (64042966)|DUPLICATE_DETECTION_MATCH_INVOCATION_SUMMARY|EntityType:Account|NumRecordsToBeSaved:1|NumRecordsToBeSavedWithDuplicates:0|NumDuplicateRecordsFound:0
09:31:41.0 (64143107)|DUPLICATE_DETECTION_END
09:31:41.0 (64148696)|CODE_UNIT_FINISHED|DuplicateDetector
09:31:41.0 (75786633)|DML_END|[13]
09:31:41.0 (75804005)|STATEMENT_EXECUTE|[15]
09:31:41.0 (75851542)|HEAP_ALLOCATE|[15]|Bytes:4
09:31:41.0 (75942817)|HEAP_ALLOCATE|[15]|Bytes:11
09:31:41.0 (76398407)|VARIABLE_ASSIGNMENT|[15]|this.Name|"Oportunidad"|0x17163162
09:31:41.0 (76471237)|HEAP_ALLOCATE|[16]|Bytes:4
09:31:41.0 (76516824)|VARIABLE_ASSIGNMENT|[15]|this.CloseDate|"2020-01-11T00:00:00.000Z"|0x17163162
09:31:41.0 (76525191)|HEAP_ALLOCATE|[17]|Bytes:11
09:31:41.0 (76542378)|VARIABLE_ASSIGNMENT|[15]|this.StageName|"Prospecting"|0x17163162
09:31:41.0 (76574058)|VARIABLE_ASSIGNMENT|[15]|this.AccountId|"0011r00001nohI9AAI"|0x17163162
09:31:41.0 (76607584)|VARIABLE_SCOPE_BEGIN|[15]|oOpportunity|Opportunity|true|false
09:31:41.0 (76634215)|VARIABLE_ASSIGNMENT|[15]|oOpportunity|{"Name":"Oportunidad","CloseDate":"2020-01-11T00:00:00.000Z","StageName":"Prospecting","AccountId":"0011r00001nohI9AAI"}|0x17163162
09:31:41.0 (76642591)|STATEMENT_EXECUTE|[19]
09:31:41.0 (76658929)|HEAP_ALLOCATE|[19]|Bytes:8
09:31:41.0 (76676339)|DML_BEGIN|[19]|Op:Insert|Type:Opportunity|Rows:1
09:31:41.0 (76708501)|HEAP_ALLOCATE|[EXTERNAL]|Bytes:8
09:31:41.0 (107713318)|CODE_UNIT_STARTED|[EXTERNAL]|01q1r000000Bcgl|ClosedOpportunityTrigger on Opportunity trigger event AfterInsert
09:31:41.0 (107749672)|HEAP_ALLOCATE|[EXTERNAL]|Bytes:8
09:31:41.0 (107820219)|HEAP_ALLOCATE|[EXTERNAL]|Bytes:8
09:31:41.0 (107831502)|VARIABLE_SCOPE_BEGIN|[1]|this|ClosedOpportunityTrigger|true|false
09:31:41.0 (107868949)|VARIABLE_ASSIGNMENT|[1]|this|{}|0x2a9c06d7
09:31:41.0 (107907359)|HEAP_ALLOCATE|[EXTERNAL]|Bytes:8
09:31:41.0 (107913540)|VARIABLE_SCOPE_BEGIN|[1]|this|ClosedOpportunityTrigger|true|false
09:31:41.0 (107924922)|VARIABLE_ASSIGNMENT|[1]|this|{}|0x2a9c06d7
09:31:41.0 (107934905)|STATEMENT_EXECUTE|[1]
09:31:41.0 (107937387)|STATEMENT_EXECUTE|[3]
09:31:41.0 (108041602)|HEAP_ALLOCATE|[3]|Bytes:4
09:31:41.0 (108125138)|HEAP_ALLOCATE|[EXTERNAL]|Bytes:4
09:31:41.0 (108139137)|VARIABLE_ASSIGNMENT|[3]|this.taskList|[]|0x2a9c06d7
09:31:41.0 (108147082)|HEAP_ALLOCATE|[5]|Bytes:89
09:31:41.0 (108161484)|HEAP_ALLOCATE|[5]|Bytes:4
09:31:41.0 (108170170)|HEAP_ALLOCATE|[5]|Bytes:7
09:31:41.0 (108459823)|SOQL_EXECUTE_BEGIN|[5]|Aggregations:0|SELECT Id, StageName FROM Opportunity 
09:31:41.0 (112781867)|SOQL_EXECUTE_END|[5]|Rows:0
09:31:41.0 (112937676)|HEAP_ALLOCATE|[5]|Bytes:54
09:31:41.0 (112947543)|HEAP_ALLOCATE|[5]|Bytes:8
09:31:41.0 (112971886)|SYSTEM_METHOD_ENTRY|[7]|QueryLocatorIterator.QueryLocatorIterator()
09:31:41.0 (112977798)|STATEMENT_EXECUTE|[7]
09:31:41.0 (112987935)|SYSTEM_METHOD_EXIT|[7]|QueryLocatorIterator
09:31:41.0 (112996687)|HEAP_ALLOCATE|[5]|Bytes:28
09:31:41.0 (113012171)|HEAP_ALLOCATE|[5]|Bytes:8
09:31:41.0 (113016294)|HEAP_ALLOCATE|[5]|Bytes:8
09:31:41.0 (113021322)|VARIABLE_SCOPE_BEGIN|[15]|this|Database.QueryLocatorIterator|true|false
09:31:41.0 (113045201)|VARIABLE_ASSIGNMENT|[15]|this|{}|0x18255b0d
09:31:41.0 (113051293)|VARIABLE_SCOPE_BEGIN|[15]|values|List<SObject>|true|false
09:31:41.0 (113065714)|VARIABLE_ASSIGNMENT|[15]|values|null|
09:31:41.0 (113069524)|VARIABLE_SCOPE_BEGIN|[15]|ql|Database.QueryLocator|true|false
09:31:41.0 (113094125)|VARIABLE_ASSIGNMENT|[15]|ql|{"query":"SELECT Id, StageName (69 more) ..."}|0x724fbdf3
09:31:41.0 (113099421)|VARIABLE_SCOPE_BEGIN|[15]|totalNumRecords|Integer|false|false
09:31:41.0 (113107559)|VARIABLE_ASSIGNMENT|[15]|totalNumRecords|0
09:31:41.0 (113112222)|VARIABLE_SCOPE_BEGIN|[15]|queryMoreSize|Integer|false|false
09:31:41.0 (113118221)|VARIABLE_ASSIGNMENT|[15]|queryMoreSize|50000
09:31:41.0 (113206898)|HEAP_ALLOCATE|[5]|Bytes:28
09:31:41.0 (113228229)|METHOD_ENTRY|[5]||Database.QueryLocatorIterator.hasNext()
09:31:41.0 (113259209)|METHOD_EXIT|[5]||Database.QueryLocatorIterator.hasNext()
09:31:41.0 (113269392)|VARIABLE_ASSIGNMENT|[5]|opp|null|
09:31:41.0 (113275297)|STATEMENT_EXECUTE|[5]
09:31:41.0 (113316064)|STATEMENT_EXECUTE|[12]
09:31:41.113 (113320784)|CUMULATIVE_LIMIT_USAGE
09:31:41.113 (113320784)|LIMIT_USAGE_FOR_NS|(default)|
  Number of SOQL queries: 1 out of 100
  Number of query rows: 0 out of 50000
  Number of SOSL queries: 0 out of 20
  Number of DML statements: 3 out of 150
  Number of DML rows: 3 out of 10000
  Maximum CPU time: 0 out of 10000
  Maximum heap size: 0 out of 6000000
  Number of callouts: 0 out of 100
  Number of Email Invocations: 0 out of 10
  Number of future calls: 0 out of 50
  Number of queueable jobs added to the queue: 0 out of 50
  Number of Mobile Apex push calls: 0 out of 10

09:31:41.113 (113320784)|CUMULATIVE_LIMIT_USAGE_END

09:31:41.0 (114132512)|CODE_UNIT_FINISHED|ClosedOpportunityTrigger on Opportunity trigger event AfterInsert
09:31:41.0 (114865941)|DML_END|[19]
09:31:41.0 (114884236)|STATEMENT_EXECUTE|[23]
09:31:41.0 (114903071)|HEAP_ALLOCATE|[23]|Bytes:4
09:31:41.0 (114929403)|VARIABLE_SCOPE_BEGIN|[23]|listTask|List<Task>|true|false
09:31:41.0 (114939960)|HEAP_ALLOCATE|[EXTERNAL]|Bytes:4
09:31:41.0 (114949430)|VARIABLE_ASSIGNMENT|[23]|listTask|[]|0x7f4ab12c
09:31:41.0 (114955966)|STATEMENT_EXECUTE|[25]
09:31:41.0 (114972871)|HEAP_ALLOCATE|[25]|Bytes:4
09:31:41.0 (115044565)|HEAP_ALLOCATE|[25]|Bytes:4
09:31:41.0 (115443884)|VARIABLE_ASSIGNMENT|[25]|this.Subject|"Task"|0x59a08e83
09:31:41.0 (115453335)|HEAP_ALLOCATE|[26]|Bytes:6
09:31:41.0 (115477140)|VARIABLE_ASSIGNMENT|[25]|this.Priority|"Normal"|0x59a08e83
09:31:41.0 (115482817)|HEAP_ALLOCATE|[27]|Bytes:11
09:31:41.0 (115500269)|VARIABLE_ASSIGNMENT|[25]|this.Status|"Not Started"|0x59a08e83
09:31:41.0 (115982193)|VARIABLE_ASSIGNMENT|[25]|this.WhatId|"0011r00001nohI9AAI"|0x59a08e83
09:31:41.0 (116045775)|HEAP_ALLOCATE|[29]|Bytes:4
09:31:41.0 (116106095)|VARIABLE_ASSIGNMENT|[25]|this.ActivityDate|"2020-01-11T00:00:00.000Z"|0x59a08e83
09:31:41.0 (116139121)|VARIABLE_SCOPE_BEGIN|[25]|oTask|Task|true|false
09:31:41.0 (116161712)|VARIABLE_ASSIGNMENT|[25]|oTask|{"Subject":"Task","Priority":"Normal","Status":"Not Started","WhatId":"0011r00001nohI9AAI","ActivityDate":"2020-01-11T00:00:00.000Z"}|0x59a08e83
09:31:41.0 (116169835)|STATEMENT_EXECUTE|[31]
09:31:41.0 (116201338)|HEAP_ALLOCATE|[EXTERNAL]|Bytes:4
09:31:41.0 (116209858)|STATEMENT_EXECUTE|[33]
09:31:41.0 (116254439)|DML_BEGIN|[33]|Op:Insert|Type:Task|Rows:1
09:31:41.0 (116281599)|HEAP_ALLOCATE|[EXTERNAL]|Bytes:8
09:31:41.0 (138905256)|DML_END|[33]
09:31:41.0 (138951790)|HEAP_ALLOCATE|[EXTERNAL]|Bytes:8
09:31:41.0 (139064164)|HEAP_ALLOCATE|[35]|Bytes:5
09:31:41.0 (139083795)|HEAP_ALLOCATE|[35]|Bytes:28
09:31:41.0 (139092827)|VARIABLE_SCOPE_BEGIN|[35]|inTask|Task|true|false
09:31:41.0 (139135810)|VARIABLE_ASSIGNMENT|[35]|inTask|{"Subject":"Task","Priority":"Normal","Status":"Not Started","WhatId":"0011r00001nohI9AAI","ActivityDate":"2020-01-11T00:00:00.000Z","Id":"00T1r00004CPPEVEA5"}|0x59a08e83
09:31:41.0 (139145970)|STATEMENT_EXECUTE|[35]
09:31:41.0 (139148203)|STATEMENT_EXECUTE|[36]
09:31:41.0 (139151781)|HEAP_ALLOCATE|[36]|Bytes:9
09:31:41.0 (139212100)|VARIABLE_ASSIGNMENT|[36]|this.Status|"Completed"|0x59a08e83
09:31:41.0 (139227964)|HEAP_ALLOCATE|[35]|Bytes:5
09:31:41.0 (139240809)|VARIABLE_ASSIGNMENT|[35]|inTask|null|
09:31:41.0 (139246277)|STATEMENT_EXECUTE|[39]
09:31:41.0 (139292348)|DML_BEGIN|[39]|Op:Update|Type:Task|Rows:1
09:31:41.0 (139319459)|HEAP_ALLOCATE|[EXTERNAL]|Bytes:8
09:31:41.0 (159304470)|CODE_UNIT_STARTED|[EXTERNAL]|01q1r000000j6Yv|TaskTrigger on Task trigger event AfterUpdate
09:31:41.0 (159330616)|HEAP_ALLOCATE|[EXTERNAL]|Bytes:8
09:31:41.0 (159359206)|HEAP_ALLOCATE|[EXTERNAL]|Bytes:8
09:31:41.0 (159454869)|HEAP_ALLOCATE|[EXTERNAL]|Bytes:12
09:31:41.0 (159466275)|VARIABLE_SCOPE_BEGIN|[1]|this|TaskTrigger|true|false
09:31:41.0 (159512063)|VARIABLE_ASSIGNMENT|[1]|this|{}|0x6694a7dd
09:31:41.0 (159558117)|HEAP_ALLOCATE|[EXTERNAL]|Bytes:12
09:31:41.0 (159565452)|VARIABLE_SCOPE_BEGIN|[1]|this|TaskTrigger|true|false
09:31:41.0 (159578492)|VARIABLE_ASSIGNMENT|[1]|this|{}|0x6694a7dd
09:31:41.0 (159586985)|STATEMENT_EXECUTE|[1]
09:31:41.0 (159590654)|STATEMENT_EXECUTE|[3]
09:31:41.0 (160547752)|VARIABLE_ASSIGNMENT|[3]|this.listNew|[{"Status":"Completed","LastModifiedDate":"2018-04-18T07:31:41.000Z","IsDeleted":false,"AccountId":"0011r00001nohI9AAI","WhatId":"0011r00001nohI9AAI","ActivityDate":"2020-01-11T00:00:00.000Z","Priority":"Normal","IsHighPriority":false,"IsClosed":true,"IsRecurrence":false,"Subject":"Task","SystemModstamp":"2018-04-18T07:31:41.000Z","IsArchived":false,"CreatedById":"0051r000007Oz5QAAS","TaskSubtype":"Task","OwnerId":"0051r000007Oz5QAAS","CreatedDate":"2018-04-18T07:31:41.000Z","Id":"00T1r00004CPPEVEA5","DB_Activity_Type__c":"Other","IsReminderSet":false,"LastModifiedById":"0051r000007Oz5QAAS"}]|0x6694a7dd
09:31:41.0 (160566010)|STATEMENT_EXECUTE|[5]
09:31:41.0 (161121622)|VARIABLE_ASSIGNMENT|[5]|this.mapOld|{"00T1r00004CPPEVEA5":{"Status":"Not Started","LastModifiedDate":"2018-04-18T07:31:41.000Z","IsDeleted":false,"AccountId":"0011r00001nohI9AAI","WhatId":"0011r00001nohI9AAI","ActivityDate":"2020-01-11T00:00:00.000Z","Priority":"Normal","IsHighPriority":false,"IsClosed":false,"IsRecurrence":false,"Subject":"Task","SystemModstamp":"2018-04-18T07:31:41.000Z","IsArchived":false,"CreatedById":"0051r000007Oz5QAAS","TaskSubtype":"Task","OwnerId":"0051r000007Oz5QAAS","CreatedDate":"2018-04-18T07:31:41.000Z","Id":"00T1r00004CPPEVEA5","DB_Activity_Type__c":"Other","IsReminderSet":false,"LastModifiedById":"0051r000007Oz5QAAS"}}|0x6694a7dd
09:31:41.0 (161145832)|STATEMENT_EXECUTE|[7]
09:31:41.0 (161150705)|STATEMENT_EXECUTE|[8]
09:31:41.0 (161152406)|STATEMENT_EXECUTE|[9]
09:31:41.0 (162554465)|HEAP_ALLOCATE|[9]|Bytes:1
09:31:41.0 (162565545)|HEAP_ALLOCATE|[9]|Bytes:11
09:31:41.0 (162580529)|METHOD_ENTRY|[1]|01p1r000009oS6S|TaskMethods.TaskMethods()
09:31:41.0 (162587417)|STATEMENT_EXECUTE|[1]
09:31:41.0 (162592652)|STATEMENT_EXECUTE|[1]
09:31:41.0 (162944931)|SYSTEM_MODE_ENTER|false
09:31:41.0 (162954932)|HEAP_ALLOCATE|[9]|Bytes:5
09:31:41.0 (162962775)|SYSTEM_MODE_EXIT|false
09:31:41.0 (162973015)|METHOD_EXIT|[1]|TaskMethods
09:31:41.0 (162998135)|METHOD_ENTRY|[9]|01p1r000009oS6S|TaskMethods.CerrarTarea(List<Task>, Map<Id,Task>)
09:31:41.0 (163026610)|VARIABLE_SCOPE_BEGIN|[3]|listTask|List<Task>|true|false
09:31:41.0 (163374365)|VARIABLE_ASSIGNMENT|[3]|listTask|[{"Status":"Completed","LastModifiedDate":"2018-04-18T07:31:41.000Z","IsDeleted":false,"AccountId":"0011r00001nohI9AAI","WhatId":"0011r00001nohI9AAI","ActivityDate":"2020-01-11T00:00:00.000Z","Priority":"Normal","IsHighPriority":false,"IsClosed":true,"IsRecurrence":false,"Subject":"Task","SystemModstamp":"2018-04-18T07:31:41.000Z","IsArchived":false,"CreatedById":"0051r000007Oz5QAAS","TaskSubtype":"Task","OwnerId":"0051r000007Oz5QAAS","CreatedDate":"2018-04-18T07:31:41.000Z","Id":"00T1r00004CPPEVEA5","DB_Activity_Type__c":"Other","IsReminderSet":false,"LastModifiedById":"0051r000007Oz5QAAS"}]|0x5a02d48f
09:31:41.0 (163392249)|VARIABLE_SCOPE_BEGIN|[3]|mapTaskOld|Map<Id,Task>|true|false
09:31:41.0 (163690326)|VARIABLE_ASSIGNMENT|[3]|mapTaskOld|{"00T1r00004CPPEVEA5":{"Status":"Not Started","LastModifiedDate":"2018-04-18T07:31:41.000Z","IsDeleted":false,"AccountId":"0011r00001nohI9AAI","WhatId":"0011r00001nohI9AAI","ActivityDate":"2020-01-11T00:00:00.000Z","Priority":"Normal","IsHighPriority":false,"IsClosed":false,"IsRecurrence":false,"Subject":"Task","SystemModstamp":"2018-04-18T07:31:41.000Z","IsArchived":false,"CreatedById":"0051r000007Oz5QAAS","TaskSubtype":"Task","OwnerId":"0051r000007Oz5QAAS","CreatedDate":"2018-04-18T07:31:41.000Z","Id":"00T1r00004CPPEVEA5","DB_Activity_Type__c":"Other","IsReminderSet":false,"LastModifiedById":"0051r000007Oz5QAAS"}}|0x5ae52b4d
09:31:41.0 (163718232)|SYSTEM_MODE_ENTER|false
09:31:41.0 (163725410)|HEAP_ALLOCATE|[5]|Bytes:5
09:31:41.0 (163731252)|STATEMENT_EXECUTE|[3]
09:31:41.0 (163771886)|STATEMENT_EXECUTE|[5]
09:31:41.0 (163774146)|STATEMENT_EXECUTE|[8]
09:31:41.0 (163803738)|HEAP_ALLOCATE|[8]|Bytes:4
09:31:41.0 (163852062)|VARIABLE_SCOPE_BEGIN|[8]|listAcUpdate|List<Account>|true|false
09:31:41.0 (163861680)|HEAP_ALLOCATE|[EXTERNAL]|Bytes:4
09:31:41.0 (163869882)|VARIABLE_ASSIGNMENT|[8]|listAcUpdate|[]|0x6d37f2cb
09:31:41.0 (163875501)|STATEMENT_EXECUTE|[11]
09:31:41.0 (163884788)|HEAP_ALLOCATE|[11]|Bytes:4
09:31:41.0 (163906975)|VARIABLE_SCOPE_BEGIN|[11]|setTaskIds|Set<String>|true|false
09:31:41.0 (163926653)|VARIABLE_ASSIGNMENT|[11]|setTaskIds|[]|0x3b3b4b57
09:31:41.0 (163957677)|HEAP_ALLOCATE|[13]|Bytes:5
09:31:41.0 (163974902)|VARIABLE_SCOPE_BEGIN|[13]|inTask|Task|true|false
09:31:41.0 (164171006)|VARIABLE_ASSIGNMENT|[13]|inTask|{"Status":"Completed","LastModifiedDate":"2018-04-18T07:31:41.000Z","IsDeleted":false,"AccountId":"0011r00001nohI9AAI","WhatId":"0011r00001nohI9AAI","ActivityDate":"2020-01-11T00:00:00.000Z","Priority":"Normal","IsHighPriority":false,"IsClosed":true,"IsRecurrence":false,"Subject":"Task","SystemModstamp":"2018-04-18T07:31:41.000Z","IsArchived":false,"CreatedById":"0051r000007Oz5QAAS","TaskSubtype":"Task","OwnerId":"0051r000007Oz5QAAS","CreatedDate":"2018-04-18T07:31:41.000Z","Id":"00T1r00004CPPEVEA5","DB_Activity_Type__c":"Other","IsReminderSet":false,"LastModifiedById":"0051r000007Oz5QAAS"}|0x77515613
09:31:41.0 (164186456)|STATEMENT_EXECUTE|[13]
09:31:41.0 (164287888)|STATEMENT_EXECUTE|[14]
09:31:41.0 (164290537)|STATEMENT_EXECUTE|[15]
09:31:41.0 (164326175)|HEAP_ALLOCATE|[EXTERNAL]|Bytes:4
09:31:41.0 (164344334)|HEAP_ALLOCATE|[13]|Bytes:5
09:31:41.0 (164357432)|VARIABLE_ASSIGNMENT|[13]|inTask|null|
09:31:41.0 (164363504)|STATEMENT_EXECUTE|[20]
09:31:41.0 (164379053)|HEAP_ALLOCATE|[20]|Bytes:4
09:31:41.0 (164396517)|HEAP_ALLOCATE|[20]|Bytes:218
09:31:41.0 (164407153)|HEAP_ALLOCATE|[20]|Bytes:4
09:31:41.0 (164436268)|HEAP_ALLOCATE|[20]|Bytes:8
09:31:41.0 (164444419)|HEAP_ALLOCATE|[20]|Bytes:8
09:31:41.0 (165489956)|SOQL_EXECUTE_BEGIN|[20]|Aggregations:0|SELECT WhatId, ActivityDate, TYPEOF What WHEN Account THEN Id, Parent.Fecha_ultima_actividad_mas_reciente__c WHEN Opportunity THEN Account.Parent.Fecha_ultima_actividad_mas_reciente__c END FROM Task WHERE Id = :tmpVar1
09:31:41.0 (173512845)|SOQL_EXECUTE_END|[20]|Rows:1
09:31:41.0 (173534567)|HEAP_ALLOCATE|[20]|Bytes:8
09:31:41.0 (173559367)|HEAP_ALLOCATE|[20]|Bytes:227
09:31:41.0 (173587309)|HEAP_ALLOCATE|[20]|Bytes:8
09:31:41.0 (173610953)|HEAP_ALLOCATE|[20]|Bytes:20
09:31:41.0 (173616173)|HEAP_ALLOCATE|[20]|Bytes:20
09:31:41.0 (173618945)|HEAP_ALLOCATE|[20]|Bytes:4
09:31:41.0 (173626694)|VARIABLE_SCOPE_BEGIN|[20]|listTaskType|List<Task>|true|false
09:31:41.0 (173635675)|HEAP_ALLOCATE|[EXTERNAL]|Bytes:8
09:31:41.0 (173668757)|VARIABLE_ASSIGNMENT|[20]|listTaskType|[{"WhatId":"0011r00001nohI9AAI","ActivityDate":"2020-01-11T00:00:00.000Z","Id":"00T1r00004CPPEVEA5","What":{"Id":"0011r00001nohI9AAI","ParentId":"0011r00001nohI8AAI","Parent":{"Id":"0011r00001nohI8AAI","Fecha_ultima_activid (18 more) ...":"2018-01-11T00:00:00.000Z"}}}]|0x1bda336d
09:31:41.0 (173679796)|STATEMENT_EXECUTE|[28]
09:31:41.0 (173683817)|HEAP_ALLOCATE|[28]|Bytes:40
09:31:41.0 (173766311)|HEAP_ALLOCATE|[28]|Bytes:91
09:31:41.0 (173786279)|HEAP_ALLOCATE|[28]|Bytes:131
09:31:41.0 (173804357)|USER_DEBUG|[28]|DEBUG|TaskMethods.CerrarTarea.listTaskType :: (Task:{WhatId=0011r00001nohI9AAI, ActivityDate=2020-01-11 00:00:00, Id=00T1r00004CPPEVEA5})
09:31:41.0 (173841757)|HEAP_ALLOCATE|[31]|Bytes:5
09:31:41.0 (173864308)|HEAP_ALLOCATE|[31]|Bytes:20
09:31:41.0 (173878310)|VARIABLE_SCOPE_BEGIN|[31]|inTask|Task|true|false
09:31:41.0 (173912390)|VARIABLE_ASSIGNMENT|[31]|inTask|{"WhatId":"0011r00001nohI9AAI","ActivityDate":"2020-01-11T00:00:00.000Z","Id":"00T1r00004CPPEVEA5","What":{"Id":"0011r00001nohI9AAI","ParentId":"0011r00001nohI8AAI","Parent":{"Id":"0011r00001nohI8AAI","Fecha_ultima_activid (18 more) ...":"2018-01-11T00:00:00.000Z"}}}|0x6d8f1209
09:31:41.0 (173922811)|STATEMENT_EXECUTE|[31]
09:31:41.0 (173965648)|HEAP_ALLOCATE|[32]|Bytes:37
09:31:41.0 (174004424)|HEAP_ALLOCATE|[38]|Bytes:33
09:31:41.0 (174015873)|STATEMENT_EXECUTE|[38]
09:31:41.0 (174017807)|STATEMENT_EXECUTE|[39]
09:31:41.0 (174020438)|HEAP_ALLOCATE|[39]|Bytes:7
09:31:41.0 (174041062)|USER_DEBUG|[39]|DEBUG|Account
09:31:41.0 (174130027)|STATEMENT_EXECUTE|[41]
09:31:41.0 (174133154)|STATEMENT_EXECUTE|[42]
09:31:41.0 (174183695)|VARIABLE_ASSIGNMENT|[42]|this.Fecha_ultima_actividad_mas_reciente__c|"2020-01-11T00:00:00.000Z"|0x16344dc7
09:31:41.0 (174191200)|STATEMENT_EXECUTE|[43]
09:31:41.0 (174221791)|HEAP_ALLOCATE|[EXTERNAL]|Bytes:4
09:31:41.0 (174238521)|HEAP_ALLOCATE|[31]|Bytes:5
09:31:41.0 (174251261)|VARIABLE_ASSIGNMENT|[31]|inTask|null|
09:31:41.0 (174256640)|STATEMENT_EXECUTE|[47]
09:31:41.0 (174259395)|HEAP_ALLOCATE|[47]|Bytes:13
09:31:41.0 (174302668)|HEAP_ALLOCATE|[47]|Bytes:93
09:31:41.0 (174315633)|HEAP_ALLOCATE|[47]|Bytes:106
09:31:41.0 (174325539)|USER_DEBUG|[47]|DEBUG|listAcUpdate (Account:{Id=0011r00001nohI8AAI, Fecha_ultima_actividad_mas_reciente__c=2020-01-11 00:00:00})
09:31:41.0 (174333084)|STATEMENT_EXECUTE|[48]
09:31:41.0 (174373086)|DML_BEGIN|[48]|Op:Update|Type:Account|Rows:1
09:31:41.0 (174398297)|HEAP_ALLOCATE|[EXTERNAL]|Bytes:8
09:31:41.0 (194784918)|CODE_UNIT_STARTED|[EXTERNAL]|01q1r000000j8Jg|AccountTrigger on Account trigger event BeforeUpdate
09:31:41.0 (194843759)|HEAP_ALLOCATE|[EXTERNAL]|Bytes:8
09:31:41.0 (194872647)|HEAP_ALLOCATE|[EXTERNAL]|Bytes:8
09:31:41.0 (194936546)|HEAP_ALLOCATE|[EXTERNAL]|Bytes:12
09:31:41.0 (194948965)|VARIABLE_SCOPE_BEGIN|[1]|this|AccountTrigger|true|false
09:31:41.0 (194986632)|VARIABLE_ASSIGNMENT|[1]|this|{}|0x2a549345
09:31:41.0 (195026860)|HEAP_ALLOCATE|[EXTERNAL]|Bytes:12
09:31:41.0 (195034954)|VARIABLE_SCOPE_BEGIN|[1]|this|AccountTrigger|true|false
09:31:41.0 (195046098)|VARIABLE_ASSIGNMENT|[1]|this|{}|0x2a549345
09:31:41.0 (195055713)|STATEMENT_EXECUTE|[1]
09:31:41.0 (195064318)|STATEMENT_EXECUTE|[3]
09:31:41.0 (195640958)|VARIABLE_ASSIGNMENT|[3]|this.listNew|[{"LastModifiedDate":"2018-04-18T07:31:41.000Z","IsDeleted":false,"CleanStatus":"Pending","Fecha_ultima_activid (18 more) ...":"2020-01-11T00:00:00.000Z","OwnerId":"0051r000007Oz5QAAS","CreatedById":"0051r000007Oz5QAAS","Match_Billing_Addres (4 more) ...":false,"CreatedDate":"2018-04-18T07:31:41.000Z","Id":"0011r00001nohI8AAI","LastModifiedById":"0051r000007Oz5QAAS","SystemModstamp":"2018-04-18T07:31:41.000Z","Name":"CuentaPadre"}]|0x2a549345
09:31:41.0 (195655336)|STATEMENT_EXECUTE|[5]
09:31:41.0 (196053070)|VARIABLE_ASSIGNMENT|[5]|this.mapOld|{"0011r00001nohI8AAI":{"LastModifiedDate":"2018-04-18T07:31:41.000Z","IsDeleted":false,"CleanStatus":"Pending","Fecha_ultima_activid (18 more) ...":"2018-01-11T00:00:00.000Z","OwnerId":"0051r000007Oz5QAAS","CreatedById":"0051r000007Oz5QAAS","Match_Billing_Addres (4 more) ...":false,"CreatedDate":"2018-04-18T07:31:41.000Z","Id":"0011r00001nohI8AAI","LastModifiedById":"0051r000007Oz5QAAS","SystemModstamp":"2018-04-18T07:31:41.000Z","Name":"CuentaPadre"}}|0x2a549345
09:31:41.0 (196084537)|STATEMENT_EXECUTE|[7]
09:31:41.0 (196090662)|STATEMENT_EXECUTE|[8]
09:31:41.0 (196092434)|STATEMENT_EXECUTE|[9]
09:31:41.0 (196429644)|HEAP_ALLOCATE|[9]|Bytes:1
09:31:41.0 (196447156)|METHOD_ENTRY|[1]|01p1r000009p8Bf|AccountMethods.AccountMethods()
09:31:41.0 (196453392)|STATEMENT_EXECUTE|[1]
09:31:41.0 (196458135)|STATEMENT_EXECUTE|[1]
09:31:41.0 (196474619)|HEAP_ALLOCATE|[9]|Bytes:5
09:31:41.0 (196488346)|METHOD_EXIT|[1]|AccountMethods
09:31:41.0 (196501266)|METHOD_ENTRY|[9]|01p1r000009p8Bf|AccountMethods.ActualizarCuentaHija(List<Account>, Map<Id,Account>)
09:31:41.0 (196520840)|VARIABLE_SCOPE_BEGIN|[3]|listAccount|List<Account>|true|false
09:31:41.0 (196835813)|VARIABLE_ASSIGNMENT|[3]|listAccount|[{"LastModifiedDate":"2018-04-18T07:31:41.000Z","IsDeleted":false,"CleanStatus":"Pending","Fecha_ultima_activid (18 more) ...":"2020-01-11T00:00:00.000Z","OwnerId":"0051r000007Oz5QAAS","CreatedById":"0051r000007Oz5QAAS","Match_Billing_Addres (4 more) ...":false,"CreatedDate":"2018-04-18T07:31:41.000Z","Id":"0011r00001nohI8AAI","LastModifiedById":"0051r000007Oz5QAAS","SystemModstamp":"2018-04-18T07:31:41.000Z","Name":"CuentaPadre"}]|0x6051b82d
09:31:41.0 (196848141)|VARIABLE_SCOPE_BEGIN|[3]|mapOld|Map<Id,Account>|true|false
09:31:41.0 (197143846)|VARIABLE_ASSIGNMENT|[3]|mapOld|{"0011r00001nohI8AAI":{"LastModifiedDate":"2018-04-18T07:31:41.000Z","IsDeleted":false,"CleanStatus":"Pending","Fecha_ultima_activid (18 more) ...":"2018-01-11T00:00:00.000Z","OwnerId":"0051r000007Oz5QAAS","CreatedById":"0051r000007Oz5QAAS","Match_Billing_Addres (4 more) ...":false,"CreatedDate":"2018-04-18T07:31:41.000Z","Id":"0011r00001nohI8AAI","LastModifiedById":"0051r000007Oz5QAAS","SystemModstamp":"2018-04-18T07:31:41.000Z","Name":"CuentaPadre"}}|0x28d1d190
09:31:41.0 (197176633)|HEAP_ALLOCATE|[5]|Bytes:5
09:31:41.0 (197182840)|STATEMENT_EXECUTE|[3]
09:31:41.0 (197223539)|STATEMENT_EXECUTE|[5]
09:31:41.0 (197225830)|STATEMENT_EXECUTE|[8]
09:31:41.0 (197241874)|HEAP_ALLOCATE|[8]|Bytes:4
09:31:41.0 (197269718)|VARIABLE_SCOPE_BEGIN|[8]|listAccountIds|List<String>|true|false
09:31:41.0 (197294688)|HEAP_ALLOCATE|[EXTERNAL]|Bytes:4
09:31:41.0 (197303696)|VARIABLE_ASSIGNMENT|[8]|listAccountIds|[]|0x5570cf01
09:31:41.0 (197309329)|STATEMENT_EXECUTE|[9]
09:31:41.0 (197341603)|HEAP_ALLOCATE|[9]|Bytes:4
09:31:41.0 (197374921)|VARIABLE_SCOPE_BEGIN|[9]|mapAccountParent|Map<String,Account>|true|false
09:31:41.0 (197390862)|VARIABLE_ASSIGNMENT|[9]|mapAccountParent|{}|0x5b30b051
09:31:41.0 (197502915)|HEAP_ALLOCATE|[11]|Bytes:5
09:31:41.0 (197521547)|HEAP_ALLOCATE|[11]|Bytes:4
09:31:41.0 (197529117)|VARIABLE_SCOPE_BEGIN|[11]|inAccount|Account|true|false
09:31:41.0 (197843474)|VARIABLE_ASSIGNMENT|[11]|inAccount|{"LastModifiedDate":"2018-04-18T07:31:41.000Z","IsDeleted":false,"CleanStatus":"Pending","Fecha_ultima_activid (18 more) ...":"2020-01-11T00:00:00.000Z","OwnerId":"0051r000007Oz5QAAS","CreatedById":"0051r000007Oz5QAAS","Match_Billing_Addres (4 more) ...":false,"CreatedDate":"2018-04-18T07:31:41.000Z","Id":"0011r00001nohI8AAI","LastModifiedById":"0051r000007Oz5QAAS","SystemModstamp":"2018-04-18T07:31:41.000Z","Name":"CuentaPadre"}|0x1036e1c2
09:31:41.0 (197856993)|STATEMENT_EXECUTE|[11]
09:31:41.0 (197958475)|STATEMENT_EXECUTE|[13]
09:31:41.0 (197960883)|STATEMENT_EXECUTE|[14]
09:31:41.0 (198003044)|HEAP_ALLOCATE|[EXTERNAL]|Bytes:4
09:31:41.0 (198013276)|STATEMENT_EXECUTE|[15]
09:31:41.0 (198043538)|HEAP_ALLOCATE|[EXTERNAL]|Bytes:-4
09:31:41.0 (198064353)|HEAP_ALLOCATE|[11]|Bytes:5
09:31:41.0 (198077723)|VARIABLE_ASSIGNMENT|[11]|inAccount|null|
09:31:41.0 (198083354)|STATEMENT_EXECUTE|[20]
09:31:41.0 (198087781)|HEAP_ALLOCATE|[20]|Bytes:99
09:31:41.0 (198100709)|HEAP_ALLOCATE|[20]|Bytes:4
09:31:41.0 (198333776)|SOQL_EXECUTE_BEGIN|[20]|Aggregations:0|SELECT Id, Fecha_ultima_actividad_mas_reciente__c, ParentId FROM Account WHERE ParentId IN :tmpVar1
09:31:41.0 (202378716)|SOQL_EXECUTE_END|[20]|Rows:1
09:31:41.0 (202398416)|HEAP_ALLOCATE|[20]|Bytes:8
09:31:41.0 (202412436)|HEAP_ALLOCATE|[20]|Bytes:105
09:31:41.0 (202437889)|HEAP_ALLOCATE|[20]|Bytes:8
09:31:41.0 (202447474)|VARIABLE_SCOPE_BEGIN|[20]|listAccountChild|List<Account>|true|false
09:31:41.0 (202475378)|VARIABLE_ASSIGNMENT|[20]|listAccountChild|[{"Id":"0011r00001nohI9AAI","Fecha_ultima_activid (18 more) ...":"2018-01-11T00:00:00.000Z","ParentId":"0011r00001nohI8AAI"}]|0x577084b3
09:31:41.0 (202515567)|HEAP_ALLOCATE|[23]|Bytes:5
09:31:41.0 (202529689)|HEAP_ALLOCATE|[23]|Bytes:16
09:31:41.0 (202536746)|VARIABLE_SCOPE_BEGIN|[23]|inAccount|Account|true|false
09:31:41.0 (202556226)|VARIABLE_ASSIGNMENT|[23]|inAccount|{"Id":"0011r00001nohI9AAI","Fecha_ultima_activid (18 more) ...":"2018-01-11T00:00:00.000Z","ParentId":"0011r00001nohI8AAI"}|0x429ab95a
09:31:41.0 (202564739)|STATEMENT_EXECUTE|[23]
09:31:41.0 (202566927)|STATEMENT_EXECUTE|[24]
09:31:41.0 (202665396)|VARIABLE_ASSIGNMENT|[24]|this.Fecha_ultima_actividad_mas_reciente__c|"2020-01-11T00:00:00.000Z"|0x429ab95a
09:31:41.0 (202682408)|HEAP_ALLOCATE|[23]|Bytes:5
09:31:41.0 (202694407)|VARIABLE_ASSIGNMENT|[23]|inAccount|null|
09:31:41.0 (202700033)|STATEMENT_EXECUTE|[27]
09:31:41.0 (202742118)|DML_BEGIN|[27]|Op:Update|Type:Account|Rows:1
09:31:41.0 (202764752)|HEAP_ALLOCATE|[EXTERNAL]|Bytes:8
09:31:41.0 (207400601)|CODE_UNIT_STARTED|[EXTERNAL]|01q1r000000j8Jg|AccountTrigger on Account trigger event BeforeUpdate
09:31:41.0 (207426430)|HEAP_ALLOCATE|[EXTERNAL]|Bytes:8
09:31:41.0 (207446628)|HEAP_ALLOCATE|[EXTERNAL]|Bytes:8
09:31:41.0 (207479529)|HEAP_ALLOCATE|[EXTERNAL]|Bytes:12
09:31:41.0 (207486837)|VARIABLE_SCOPE_BEGIN|[1]|this|AccountTrigger|true|false
09:31:41.0 (207507120)|VARIABLE_ASSIGNMENT|[1]|this|{}|0x54d7efad
09:31:41.0 (207533277)|HEAP_ALLOCATE|[EXTERNAL]|Bytes:12
09:31:41.0 (207538950)|VARIABLE_SCOPE_BEGIN|[1]|this|AccountTrigger|true|false
09:31:41.0 (207550478)|VARIABLE_ASSIGNMENT|[1]|this|{}|0x54d7efad
09:31:41.0 (207558215)|STATEMENT_EXECUTE|[1]
09:31:41.0 (207560375)|STATEMENT_EXECUTE|[3]
09:31:41.0 (207952285)|VARIABLE_ASSIGNMENT|[3]|this.listNew|[{"ParentId":"0011r00001nohI8AAI","LastModifiedDate":"2018-04-18T07:31:41.000Z","IsDeleted":false,"Fecha_ultima_activid (18 more) ...":"2020-01-11T00:00:00.000Z","SystemModstamp":"2018-04-18T07:31:41.000Z","Name":"Cuenta","CleanStatus":"Pending","OwnerId":"0051r000007Oz5QAAS","CreatedById":"0051r000007Oz5QAAS","Match_Billing_Addres (4 more) ...":false,"LastActivityDate":"2020-01-11T00:00:00.000Z","CreatedDate":"2018-04-18T07:31:41.000Z","Id":"0011r00001nohI9AAI","LastModifiedById":"0051r000007Oz5QAAS"}]|0x54d7efad
09:31:41.0 (207967081)|STATEMENT_EXECUTE|[5]
09:31:41.0 (208381632)|VARIABLE_ASSIGNMENT|[5]|this.mapOld|{"0011r00001nohI9AAI":{"ParentId":"0011r00001nohI8AAI","LastModifiedDate":"2018-04-18T07:31:41.000Z","IsDeleted":false,"Fecha_ultima_activid (18 more) ...":"2018-01-11T00:00:00.000Z","SystemModstamp":"2018-04-18T07:31:41.000Z","Name":"Cuenta","CleanStatus":"Pending","OwnerId":"0051r000007Oz5QAAS","CreatedById":"0051r000007Oz5QAAS","Match_Billing_Addres (4 more) ...":false,"CreatedDate":"2018-04-18T07:31:41.000Z","Id":"0011r00001nohI9AAI","LastModifiedById":"0051r000007Oz5QAAS"}}|0x54d7efad
09:31:41.0 (208400290)|STATEMENT_EXECUTE|[7]
09:31:41.0 (208404257)|STATEMENT_EXECUTE|[8]
09:31:41.0 (208405961)|STATEMENT_EXECUTE|[9]
09:31:41.0 (208416837)|METHOD_ENTRY|[9]|01p1r000009p8Bf|AccountMethods.ActualizarCuentaHija(List<Account>, Map<Id,Account>)
09:31:41.0 (208425425)|VARIABLE_SCOPE_BEGIN|[3]|listAccount|List<Account>|true|false
09:31:41.0 (208971346)|VARIABLE_ASSIGNMENT|[3]|listAccount|[{"ParentId":"0011r00001nohI8AAI","LastModifiedDate":"2018-04-18T07:31:41.000Z","IsDeleted":false,"Fecha_ultima_activid (18 more) ...":"2020-01-11T00:00:00.000Z","SystemModstamp":"2018-04-18T07:31:41.000Z","Name":"Cuenta","CleanStatus":"Pending","OwnerId":"0051r000007Oz5QAAS","CreatedById":"0051r000007Oz5QAAS","Match_Billing_Addres (4 more) ...":false,"LastActivityDate":"2020-01-11T00:00:00.000Z","CreatedDate":"2018-04-18T07:31:41.000Z","Id":"0011r00001nohI9AAI","LastModifiedById":"0051r000007Oz5QAAS"}]|0x4c1d8ac8
09:31:41.0 (208984206)|VARIABLE_SCOPE_BEGIN|[3]|mapOld|Map<Id,Account>|true|false
09:31:41.0 (209768258)|VARIABLE_ASSIGNMENT|[3]|mapOld|{"0011r00001nohI9AAI":{"ParentId":"0011r00001nohI8AAI","LastModifiedDate":"2018-04-18T07:31:41.000Z","IsDeleted":false,"Fecha_ultima_activid (18 more) ...":"2018-01-11T00:00:00.000Z","SystemModstamp":"2018-04-18T07:31:41.000Z","Name":"Cuenta","CleanStatus":"Pending","OwnerId":"0051r000007Oz5QAAS","CreatedById":"0051r000007Oz5QAAS","Match_Billing_Addres (4 more) ...":false,"CreatedDate":"2018-04-18T07:31:41.000Z","Id":"0011r00001nohI9AAI","LastModifiedById":"0051r000007Oz5QAAS"}}|0x7a0e1d36
09:31:41.0 (209803148)|HEAP_ALLOCATE|[5]|Bytes:5
09:31:41.0 (209811591)|STATEMENT_EXECUTE|[3]
09:31:41.0 (209830902)|STATEMENT_EXECUTE|[5]
09:31:41.0 (209834037)|STATEMENT_EXECUTE|[8]
09:31:41.0 (209846842)|HEAP_ALLOCATE|[8]|Bytes:4
09:31:41.0 (209864740)|VARIABLE_SCOPE_BEGIN|[8]|listAccountIds|List<String>|true|false
09:31:41.0 (209893675)|HEAP_ALLOCATE|[EXTERNAL]|Bytes:4
09:31:41.0 (209905090)|VARIABLE_ASSIGNMENT|[8]|listAccountIds|[]|0x38918f32
09:31:41.0 (209913533)|STATEMENT_EXECUTE|[9]
09:31:41.0 (209931965)|HEAP_ALLOCATE|[9]|Bytes:4
09:31:41.0 (209942173)|VARIABLE_SCOPE_BEGIN|[9]|mapAccountParent|Map<String,Account>|true|false
09:31:41.0 (209960516)|VARIABLE_ASSIGNMENT|[9]|mapAccountParent|{}|0x53d0b50a
09:31:41.0 (209989969)|HEAP_ALLOCATE|[11]|Bytes:5
09:31:41.0 (210006692)|HEAP_ALLOCATE|[11]|Bytes:4
09:31:41.0 (210018063)|VARIABLE_SCOPE_BEGIN|[11]|inAccount|Account|true|false
09:31:41.0 (210362355)|VARIABLE_ASSIGNMENT|[11]|inAccount|{"ParentId":"0011r00001nohI8AAI","LastModifiedDate":"2018-04-18T07:31:41.000Z","IsDeleted":false,"Fecha_ultima_activid (18 more) ...":"2020-01-11T00:00:00.000Z","SystemModstamp":"2018-04-18T07:31:41.000Z","Name":"Cuenta","CleanStatus":"Pending","OwnerId":"0051r000007Oz5QAAS","CreatedById":"0051r000007Oz5QAAS","Match_Billing_Addres (4 more) ...":false,"LastActivityDate":"2020-01-11T00:00:00.000Z","CreatedDate":"2018-04-18T07:31:41.000Z","Id":"0011r00001nohI9AAI","LastModifiedById":"0051r000007Oz5QAAS"}|0x73bb3e72
09:31:41.0 (210376788)|STATEMENT_EXECUTE|[11]
09:31:41.0 (210386126)|STATEMENT_EXECUTE|[13]
09:31:41.0 (210398280)|HEAP_ALLOCATE|[11]|Bytes:5
09:31:41.0 (210412002)|VARIABLE_ASSIGNMENT|[11]|inAccount|null|
09:31:41.0 (210417476)|STATEMENT_EXECUTE|[20]
09:31:41.0 (210429873)|HEAP_ALLOCATE|[20]|Bytes:4
09:31:41.0 (210696776)|SOQL_EXECUTE_BEGIN|[20]|Aggregations:0|SELECT Id, Fecha_ultima_actividad_mas_reciente__c, ParentId FROM Account WHERE ParentId IN :tmpVar1
09:31:41.0 (213261880)|SOQL_EXECUTE_END|[20]|Rows:0
09:31:41.0 (213288936)|HEAP_ALLOCATE|[20]|Bytes:4
09:31:41.0 (213301138)|HEAP_ALLOCATE|[20]|Bytes:0
09:31:41.0 (213332895)|HEAP_ALLOCATE|[20]|Bytes:4
09:31:41.0 (213345118)|VARIABLE_SCOPE_BEGIN|[20]|listAccountChild|List<Account>|true|false
09:31:41.0 (213363650)|VARIABLE_ASSIGNMENT|[20]|listAccountChild|[]|0x3a02cb1d
09:31:41.0 (213397392)|HEAP_ALLOCATE|[23]|Bytes:5
09:31:41.0 (213416320)|VARIABLE_ASSIGNMENT|[23]|inAccount|null|
09:31:41.0 (213424926)|STATEMENT_EXECUTE|[23]
09:31:41.0 (213428092)|STATEMENT_EXECUTE|[27]
09:31:41.0 (213477457)|HEAP_ALLOCATE|[EXTERNAL]|Bytes:4
09:31:41.0 (213496797)|METHOD_EXIT|[9]|01p1r000009p8Bf|AccountMethods.ActualizarCuentaHija(List<Account>, Map<Id,Account>)
09:31:41.213 (213509727)|CUMULATIVE_LIMIT_USAGE
09:31:41.213 (213509727)|LIMIT_USAGE_FOR_NS|(default)|
  Number of SOQL queries: 4 out of 100
  Number of query rows: 2 out of 50000
  Number of SOSL queries: 0 out of 20
  Number of DML statements: 7 out of 150
  Number of DML rows: 7 out of 10000
  Maximum CPU time: 0 out of 10000
  Maximum heap size: 0 out of 6000000
  Number of callouts: 0 out of 100
  Number of Email Invocations: 0 out of 10
  Number of future calls: 0 out of 50
  Number of queueable jobs added to the queue: 0 out of 50
  Number of Mobile Apex push calls: 0 out of 10

09:31:41.213 (213509727)|CUMULATIVE_LIMIT_USAGE_END

09:31:41.0 (214378799)|CODE_UNIT_FINISHED|AccountTrigger on Account trigger event BeforeUpdate
09:31:41.0 (214678023)|CODE_UNIT_STARTED|[EXTERNAL]|DuplicateDetector
09:31:41.0 (214695169)|DUPLICATE_DETECTION_BEGIN
09:31:41.0 (214750021)|DUPLICATE_DETECTION_RULE_INVOCATION|DuplicateRuleId:0Bm1r0000018X88|DuplicateRuleName:Standard Account Duplicate Rule|DmlType:UPDATE
09:31:41.0 (214797473)|DUPLICATE_DETECTION_END
09:31:41.0 (214803751)|CODE_UNIT_FINISHED|DuplicateDetector
09:31:41.0 (227632473)|DML_END|[27]
09:31:41.0 (227669831)|HEAP_ALLOCATE|[EXTERNAL]|Bytes:8
09:31:41.0 (227697779)|METHOD_EXIT|[9]|01p1r000009p8Bf|AccountMethods.ActualizarCuentaHija(List<Account>, Map<Id,Account>)
09:31:41.227 (227710632)|CUMULATIVE_LIMIT_USAGE
09:31:41.227 (227710632)|LIMIT_USAGE_FOR_NS|(default)|
  Number of SOQL queries: 4 out of 100
  Number of query rows: 2 out of 50000
  Number of SOSL queries: 0 out of 20
  Number of DML statements: 7 out of 150
  Number of DML rows: 7 out of 10000
  Maximum CPU time: 0 out of 10000
  Maximum heap size: 0 out of 6000000
  Number of callouts: 0 out of 100
  Number of Email Invocations: 0 out of 10
  Number of future calls: 0 out of 50
  Number of queueable jobs added to the queue: 0 out of 50
  Number of Mobile Apex push calls: 0 out of 10

09:31:41.227 (227710632)|CUMULATIVE_LIMIT_USAGE_END

09:31:41.0 (228562320)|CODE_UNIT_FINISHED|AccountTrigger on Account trigger event BeforeUpdate
09:31:41.0 (228779762)|CODE_UNIT_STARTED|[EXTERNAL]|DuplicateDetector
09:31:41.0 (228790560)|DUPLICATE_DETECTION_BEGIN
09:31:41.0 (228828154)|DUPLICATE_DETECTION_RULE_INVOCATION|DuplicateRuleId:0Bm1r0000018X88|DuplicateRuleName:Standard Account Duplicate Rule|DmlType:UPDATE
09:31:41.0 (228860722)|DUPLICATE_DETECTION_END
09:31:41.0 (228864996)|CODE_UNIT_FINISHED|DuplicateDetector
09:31:41.0 (237007617)|DML_END|[48]
09:31:41.0 (237031881)|HEAP_ALLOCATE|[EXTERNAL]|Bytes:8
09:31:41.0 (237048448)|SYSTEM_MODE_EXIT|false
09:31:41.0 (237067057)|METHOD_EXIT|[9]|01p1r000009oS6S|TaskMethods.CerrarTarea(List<Task>, Map<Id,Task>)
09:31:41.237 (237079956)|CUMULATIVE_LIMIT_USAGE
09:31:41.237 (237079956)|LIMIT_USAGE_FOR_NS|(default)|
  Number of SOQL queries: 4 out of 100
  Number of query rows: 2 out of 50000
  Number of SOSL queries: 0 out of 20
  Number of DML statements: 7 out of 150
  Number of DML rows: 7 out of 10000
  Maximum CPU time: 0 out of 10000
  Maximum heap size: 0 out of 6000000
  Number of callouts: 0 out of 100
  Number of Email Invocations: 0 out of 10
  Number of future calls: 0 out of 50
  Number of queueable jobs added to the queue: 0 out of 50
  Number of Mobile Apex push calls: 0 out of 10

09:31:41.237 (237079956)|CUMULATIVE_LIMIT_USAGE_END

09:31:41.0 (238189526)|CODE_UNIT_FINISHED|TaskTrigger on Task trigger event AfterUpdate
09:31:41.0 (238590854)|DML_END|[39]
09:31:41.0 (238609942)|HEAP_ALLOCATE|[EXTERNAL]|Bytes:8
09:31:41.0 (238623652)|STATEMENT_EXECUTE|[41]
09:31:41.0 (238629922)|HEAP_ALLOCATE|[41]|Bytes:82
09:31:41.0 (238648004)|HEAP_ALLOCATE|[41]|Bytes:4
09:31:41.0 (238811991)|SOQL_EXECUTE_BEGIN|[41]|Aggregations:0|SELECT Id, Fecha_ultima_actividad_mas_reciente__c FROM Account WHERE Id = :tmpVar1
09:31:41.0 (241699553)|SOQL_EXECUTE_END|[41]|Rows:1
09:31:41.0 (241719386)|HEAP_ALLOCATE|[41]|Bytes:8
09:31:41.0 (241732543)|HEAP_ALLOCATE|[41]|Bytes:75
09:31:41.0 (241759940)|HEAP_ALLOCATE|[41]|Bytes:8
09:31:41.0 (241772100)|VARIABLE_SCOPE_BEGIN|[41]|listAccountCheck|List<Account>|true|false
09:31:41.0 (241823665)|VARIABLE_ASSIGNMENT|[41]|listAccountCheck|[{"Id":"0011r00001nohI8AAI","Fecha_ultima_activid (18 more) ...":"2020-01-11T00:00:00.000Z"}]|0x5b7e96a5
09:31:41.0 (241833653)|STATEMENT_EXECUTE|[43]
09:31:41.0 (241904493)|USER_DEBUG|[43]|DEBUG|(Account:{Id=0011r00001nohI8AAI, Fecha_ultima_actividad_mas_reciente__c=2020-01-11 00:00:00})
09:31:41.0 (241916589)|STATEMENT_EXECUTE|[45]
09:31:41.0 (241959030)|HEAP_ALLOCATE|[45]|Bytes:12
09:31:41.0 (241987523)|HEAP_ALLOCATE|[45]|Bytes:28
09:31:41.0 (242019207)|STATEMENT_EXECUTE|[50]
09:31:41.0 (242040501)|HEAP_ALLOCATE|[50]|Bytes:4
09:31:41.0 (242054623)|HEAP_ALLOCATE|[50]|Bytes:5
09:31:41.0 (242101093)|VARIABLE_ASSIGNMENT|[50]|this.Subject|"Task2"|0x6c2dcf3f
09:31:41.0 (242123548)|VARIABLE_ASSIGNMENT|[50]|this.Priority|"Normal"|0x6c2dcf3f
09:31:41.0 (242129913)|HEAP_ALLOCATE|[52]|Bytes:11
09:31:41.0 (242147874)|VARIABLE_ASSIGNMENT|[50]|this.Status|"in Progress"|0x6c2dcf3f
09:31:41.0 (242181864)|VARIABLE_ASSIGNMENT|[50]|this.WhatId|"0061r00000vkc5UAAQ"|0x6c2dcf3f
09:31:41.0 (242237635)|HEAP_ALLOCATE|[54]|Bytes:4
09:31:41.0 (242275227)|VARIABLE_ASSIGNMENT|[50]|this.ActivityDate|"2022-01-11T00:00:00.000Z"|0x6c2dcf3f
09:31:41.0 (242308843)|VARIABLE_SCOPE_BEGIN|[50]|oTask2|Task|true|false
09:31:41.0 (242330754)|VARIABLE_ASSIGNMENT|[50]|oTask2|{"Subject":"Task2","Priority":"Normal","Status":"in Progress","WhatId":"0061r00000vkc5UAAQ","ActivityDate":"2022-01-11T00:00:00.000Z"}|0x6c2dcf3f
09:31:41.0 (242337971)|STATEMENT_EXECUTE|[56]
09:31:41.0 (242363868)|HEAP_ALLOCATE|[EXTERNAL]|Bytes:4
09:31:41.0 (242371287)|STATEMENT_EXECUTE|[58]
09:31:41.0 (242419728)|DML_BEGIN|[58]|Op:Upsert|Type:Task|Rows:2
09:31:41.0 (242449086)|HEAP_ALLOCATE|[EXTERNAL]|Bytes:12
09:31:41.0 (269457389)|CODE_UNIT_STARTED|[EXTERNAL]|01q1r000000j6Yv|TaskTrigger on Task trigger event AfterUpdate
09:31:41.0 (269488167)|HEAP_ALLOCATE|[EXTERNAL]|Bytes:8
09:31:41.0 (269530695)|HEAP_ALLOCATE|[EXTERNAL]|Bytes:8
09:31:41.0 (269575394)|HEAP_ALLOCATE|[EXTERNAL]|Bytes:12
09:31:41.0 (269585497)|VARIABLE_SCOPE_BEGIN|[1]|this|TaskTrigger|true|false
09:31:41.0 (269616430)|VARIABLE_ASSIGNMENT|[1]|this|{}|0x26038282
09:31:41.0 (269646583)|HEAP_ALLOCATE|[EXTERNAL]|Bytes:12
09:31:41.0 (269655184)|VARIABLE_SCOPE_BEGIN|[1]|this|TaskTrigger|true|false
09:31:41.0 (269666964)|VARIABLE_ASSIGNMENT|[1]|this|{}|0x26038282
09:31:41.0 (269676061)|STATEMENT_EXECUTE|[1]
09:31:41.0 (269678543)|STATEMENT_EXECUTE|[3]
09:31:41.0 (270411310)|VARIABLE_ASSIGNMENT|[3]|this.listNew|[{"Status":"Completed","LastModifiedDate":"2018-04-18T07:31:41.000Z","IsDeleted":false,"AccountId":"0011r00001nohI9AAI","WhatId":"0011r00001nohI9AAI","ActivityDate":"2020-01-11T00:00:00.000Z","Priority":"Normal","IsHighPriority":false,"IsClosed":true,"IsRecurrence":false,"Subject":"Task","SystemModstamp":"2018-04-18T07:31:41.000Z","IsArchived":false,"CreatedById":"0051r000007Oz5QAAS","TaskSubtype":"Task","OwnerId":"0051r000007Oz5QAAS","CreatedDate":"2018-04-18T07:31:41.000Z","Id":"00T1r00004CPPEVEA5","DB_Activity_Type__c":"Other","IsReminderSet":false,"LastModifiedById":"0051r000007Oz5QAAS"}]|0x26038282
09:31:41.0 (270429534)|STATEMENT_EXECUTE|[5]
09:31:41.0 (271010803)|VARIABLE_ASSIGNMENT|[5]|this.mapOld|{"00T1r00004CPPEVEA5":{"Status":"Completed","LastModifiedDate":"2018-04-18T07:31:41.000Z","IsDeleted":false,"AccountId":"0011r00001nohI9AAI","WhatId":"0011r00001nohI9AAI","ActivityDate":"2020-01-11T00:00:00.000Z","Priority":"Normal","IsHighPriority":false,"IsClosed":true,"IsRecurrence":false,"Subject":"Task","SystemModstamp":"2018-04-18T07:31:41.000Z","IsArchived":false,"CreatedById":"0051r000007Oz5QAAS","TaskSubtype":"Task","OwnerId":"0051r000007Oz5QAAS","CreatedDate":"2018-04-18T07:31:41.000Z","Id":"00T1r00004CPPEVEA5","DB_Activity_Type__c":"Other","IsReminderSet":false,"LastModifiedById":"0051r000007Oz5QAAS"}}|0x26038282
09:31:41.0 (271031843)|STATEMENT_EXECUTE|[7]
09:31:41.0 (271036178)|STATEMENT_EXECUTE|[8]
09:31:41.0 (271037881)|STATEMENT_EXECUTE|[9]
09:31:41.0 (271052495)|METHOD_ENTRY|[9]|01p1r000009oS6S|TaskMethods.CerrarTarea(List<Task>, Map<Id,Task>)
09:31:41.0 (271068474)|VARIABLE_SCOPE_BEGIN|[3]|listTask|List<Task>|true|false
09:31:41.0 (271420863)|VARIABLE_ASSIGNMENT|[3]|listTask|[{"Status":"Completed","LastModifiedDate":"2018-04-18T07:31:41.000Z","IsDeleted":false,"AccountId":"0011r00001nohI9AAI","WhatId":"0011r00001nohI9AAI","ActivityDate":"2020-01-11T00:00:00.000Z","Priority":"Normal","IsHighPriority":false,"IsClosed":true,"IsRecurrence":false,"Subject":"Task","SystemModstamp":"2018-04-18T07:31:41.000Z","IsArchived":false,"CreatedById":"0051r000007Oz5QAAS","TaskSubtype":"Task","OwnerId":"0051r000007Oz5QAAS","CreatedDate":"2018-04-18T07:31:41.000Z","Id":"00T1r00004CPPEVEA5","DB_Activity_Type__c":"Other","IsReminderSet":false,"LastModifiedById":"0051r000007Oz5QAAS"}]|0x17d828b7
09:31:41.0 (271434543)|VARIABLE_SCOPE_BEGIN|[3]|mapTaskOld|Map<Id,Task>|true|false
09:31:41.0 (271768605)|VARIABLE_ASSIGNMENT|[3]|mapTaskOld|{"00T1r00004CPPEVEA5":{"Status":"Completed","LastModifiedDate":"2018-04-18T07:31:41.000Z","IsDeleted":false,"AccountId":"0011r00001nohI9AAI","WhatId":"0011r00001nohI9AAI","ActivityDate":"2020-01-11T00:00:00.000Z","Priority":"Normal","IsHighPriority":false,"IsClosed":true,"IsRecurrence":false,"Subject":"Task","SystemModstamp":"2018-04-18T07:31:41.000Z","IsArchived":false,"CreatedById":"0051r000007Oz5QAAS","TaskSubtype":"Task","OwnerId":"0051r000007Oz5QAAS","CreatedDate":"2018-04-18T07:31:41.000Z","Id":"00T1r00004CPPEVEA5","DB_Activity_Type__c":"Other","IsReminderSet":false,"LastModifiedById":"0051r000007Oz5QAAS"}}|0x2714281c
09:31:41.0 (272155849)|SYSTEM_MODE_ENTER|false
09:31:41.0 (272167148)|HEAP_ALLOCATE|[5]|Bytes:5
09:31:41.0 (272174235)|STATEMENT_EXECUTE|[3]
09:31:41.0 (272192540)|STATEMENT_EXECUTE|[5]
09:31:41.0 (272194508)|STATEMENT_EXECUTE|[8]
09:31:41.0 (272213005)|HEAP_ALLOCATE|[8]|Bytes:4
09:31:41.0 (272228130)|VARIABLE_SCOPE_BEGIN|[8]|listAcUpdate|List<Account>|true|false
09:31:41.0 (272237374)|HEAP_ALLOCATE|[EXTERNAL]|Bytes:4
09:31:41.0 (272245476)|VARIABLE_ASSIGNMENT|[8]|listAcUpdate|[]|0xbe84ea7
09:31:41.0 (272251156)|STATEMENT_EXECUTE|[11]
09:31:41.0 (272259967)|HEAP_ALLOCATE|[11]|Bytes:4
09:31:41.0 (272272152)|VARIABLE_SCOPE_BEGIN|[11]|setTaskIds|Set<String>|true|false
09:31:41.0 (272296162)|VARIABLE_ASSIGNMENT|[11]|setTaskIds|[]|0x3145caca
09:31:41.0 (272318061)|HEAP_ALLOCATE|[13]|Bytes:5
09:31:41.0 (272334827)|VARIABLE_SCOPE_BEGIN|[13]|inTask|Task|true|false
09:31:41.0 (272470709)|VARIABLE_ASSIGNMENT|[13]|inTask|{"Status":"Completed","LastModifiedDate":"2018-04-18T07:31:41.000Z","IsDeleted":false,"AccountId":"0011r00001nohI9AAI","WhatId":"0011r00001nohI9AAI","ActivityDate":"2020-01-11T00:00:00.000Z","Priority":"Normal","IsHighPriority":false,"IsClosed":true,"IsRecurrence":false,"Subject":"Task","SystemModstamp":"2018-04-18T07:31:41.000Z","IsArchived":false,"CreatedById":"0051r000007Oz5QAAS","TaskSubtype":"Task","OwnerId":"0051r000007Oz5QAAS","CreatedDate":"2018-04-18T07:31:41.000Z","Id":"00T1r00004CPPEVEA5","DB_Activity_Type__c":"Other","IsReminderSet":false,"LastModifiedById":"0051r000007Oz5QAAS"}|0x670ed1c5
09:31:41.0 (272484190)|STATEMENT_EXECUTE|[13]
09:31:41.0 (272520453)|STATEMENT_EXECUTE|[14]
09:31:41.0 (272530157)|HEAP_ALLOCATE|[13]|Bytes:5
09:31:41.0 (272541660)|VARIABLE_ASSIGNMENT|[13]|inTask|null|
09:31:41.0 (272547409)|STATEMENT_EXECUTE|[20]
09:31:41.0 (272560080)|HEAP_ALLOCATE|[20]|Bytes:4
09:31:41.0 (272579634)|HEAP_ALLOCATE|[20]|Bytes:4
09:31:41.0 (272618295)|HEAP_ALLOCATE|[20]|Bytes:4
09:31:41.0 (272627296)|HEAP_ALLOCATE|[20]|Bytes:4
09:31:41.0 (273168571)|SOQL_EXECUTE_BEGIN|[20]|Aggregations:0|SELECT WhatId, ActivityDate, TYPEOF What WHEN Account THEN Id, Parent.Fecha_ultima_actividad_mas_reciente__c WHEN Opportunity THEN Account.Parent.Fecha_ultima_actividad_mas_reciente__c END FROM Task WHERE Id = :tmpVar1
09:31:41.0 (275856718)|SOQL_EXECUTE_END|[20]|Rows:0
09:31:41.0 (275883456)|HEAP_ALLOCATE|[20]|Bytes:4
09:31:41.0 (275900245)|HEAP_ALLOCATE|[20]|Bytes:0
09:31:41.0 (275929809)|HEAP_ALLOCATE|[20]|Bytes:4
09:31:41.0 (275949803)|HEAP_ALLOCATE|[20]|Bytes:0
09:31:41.0 (275958010)|VARIABLE_SCOPE_BEGIN|[20]|listTaskType|List<Task>|true|false
09:31:41.0 (275967092)|HEAP_ALLOCATE|[EXTERNAL]|Bytes:4
09:31:41.0 (275976373)|VARIABLE_ASSIGNMENT|[20]|listTaskType|[]|0x49321556
09:31:41.0 (275984003)|STATEMENT_EXECUTE|[28]
09:31:41.0 (276013067)|HEAP_ALLOCATE|[28]|Bytes:2
09:31:41.0 (276027175)|HEAP_ALLOCATE|[28]|Bytes:42
09:31:41.0 (276040173)|USER_DEBUG|[28]|DEBUG|TaskMethods.CerrarTarea.listTaskType :: ()
09:31:41.0 (276079500)|HEAP_ALLOCATE|[31]|Bytes:5
09:31:41.0 (276094459)|VARIABLE_ASSIGNMENT|[31]|inTask|null|
09:31:41.0 (276100305)|STATEMENT_EXECUTE|[31]
09:31:41.0 (276102520)|STATEMENT_EXECUTE|[47]
09:31:41.0 (276113729)|HEAP_ALLOCATE|[47]|Bytes:2
09:31:41.0 (276123199)|HEAP_ALLOCATE|[47]|Bytes:15
09:31:41.0 (276130153)|USER_DEBUG|[47]|DEBUG|listAcUpdate ()
09:31:41.0 (276136719)|STATEMENT_EXECUTE|[48]
09:31:41.0 (276178766)|HEAP_ALLOCATE|[EXTERNAL]|Bytes:4
09:31:41.0 (276188886)|SYSTEM_MODE_EXIT|false
09:31:41.0 (276200796)|METHOD_EXIT|[9]|01p1r000009oS6S|TaskMethods.CerrarTarea(List<Task>, Map<Id,Task>)
09:31:41.276 (276210891)|CUMULATIVE_LIMIT_USAGE
09:31:41.276 (276210891)|LIMIT_USAGE_FOR_NS|(default)|
  Number of SOQL queries: 6 out of 100
  Number of query rows: 3 out of 50000
  Number of SOSL queries: 0 out of 20
  Number of DML statements: 8 out of 150
  Number of DML rows: 9 out of 10000
  Maximum CPU time: 0 out of 10000
  Maximum heap size: 0 out of 6000000
  Number of callouts: 0 out of 100
  Number of Email Invocations: 0 out of 10
  Number of future calls: 0 out of 50
  Number of queueable jobs added to the queue: 0 out of 50
  Number of Mobile Apex push calls: 0 out of 10

09:31:41.276 (276210891)|CUMULATIVE_LIMIT_USAGE_END

09:31:41.0 (277393894)|CODE_UNIT_FINISHED|TaskTrigger on Task trigger event AfterUpdate
09:31:41.0 (277885370)|DML_END|[58]
09:31:41.0 (277937349)|HEAP_ALLOCATE|[EXTERNAL]|Bytes:12
09:31:41.0 (277998128)|HEAP_ALLOCATE|[60]|Bytes:5
09:31:41.0 (278015516)|HEAP_ALLOCATE|[60]|Bytes:28
09:31:41.0 (278025534)|VARIABLE_SCOPE_BEGIN|[60]|inTask|Task|true|false
09:31:41.0 (278068013)|VARIABLE_ASSIGNMENT|[60]|inTask|{"Subject":"Task","Priority":"Normal","Status":"Completed","WhatId":"0011r00001nohI9AAI","ActivityDate":"2020-01-11T00:00:00.000Z","Id":"00T1r00004CPPEVEA5"}|0x59a08e83
09:31:41.0 (278078191)|STATEMENT_EXECUTE|[60]
09:31:41.0 (278080507)|STATEMENT_EXECUTE|[61]
09:31:41.0 (278137969)|VARIABLE_ASSIGNMENT|[61]|this.Status|"Completed"|0x59a08e83
09:31:41.0 (278153537)|HEAP_ALLOCATE|[60]|Bytes:5
09:31:41.0 (278165340)|HEAP_ALLOCATE|[60]|Bytes:28
09:31:41.0 (278171740)|VARIABLE_SCOPE_BEGIN|[60]|inTask|Task|true|false
09:31:41.0 (278192243)|VARIABLE_ASSIGNMENT|[60]|inTask|{"Subject":"Task2","Priority":"Normal","Status":"in Progress","WhatId":"0061r00000vkc5UAAQ","ActivityDate":"2022-01-11T00:00:00.000Z","Id":"00T1r00004CPPEWEA5"}|0x6c2dcf3f
09:31:41.0 (278199554)|STATEMENT_EXECUTE|[60]
09:31:41.0 (278201362)|STATEMENT_EXECUTE|[61]
09:31:41.0 (278228497)|VARIABLE_ASSIGNMENT|[61]|this.Status|"Completed"|0x6c2dcf3f
09:31:41.0 (278241247)|HEAP_ALLOCATE|[60]|Bytes:5
09:31:41.0 (278252146)|VARIABLE_ASSIGNMENT|[60]|inTask|null|
09:31:41.0 (278258140)|STATEMENT_EXECUTE|[64]
09:31:41.0 (278301081)|DML_BEGIN|[64]|Op:Update|Type:Task|Rows:2
09:31:41.0 (278326433)|HEAP_ALLOCATE|[EXTERNAL]|Bytes:12
09:31:41.0 (300548005)|CODE_UNIT_STARTED|[EXTERNAL]|01q1r000000j6Yv|TaskTrigger on Task trigger event AfterUpdate
09:31:41.0 (300588232)|HEAP_ALLOCATE|[EXTERNAL]|Bytes:12
09:31:41.0 (300630156)|HEAP_ALLOCATE|[EXTERNAL]|Bytes:12
09:31:41.0 (300695630)|HEAP_ALLOCATE|[EXTERNAL]|Bytes:12
09:31:41.0 (300708680)|VARIABLE_SCOPE_BEGIN|[1]|this|TaskTrigger|true|false
09:31:41.0 (300748040)|VARIABLE_ASSIGNMENT|[1]|this|{}|0x585e6c26
09:31:41.0 (300790421)|HEAP_ALLOCATE|[EXTERNAL]|Bytes:12
09:31:41.0 (300798452)|VARIABLE_SCOPE_BEGIN|[1]|this|TaskTrigger|true|false
09:31:41.0 (300813368)|VARIABLE_ASSIGNMENT|[1]|this|{}|0x585e6c26
09:31:41.0 (300825911)|STATEMENT_EXECUTE|[1]
09:31:41.0 (300829265)|STATEMENT_EXECUTE|[3]
09:31:41.0 (302008011)|VARIABLE_ASSIGNMENT|[3]|this.listNew|[{"Status":"Completed","LastModifiedDate":"2018-04-18T07:31:41.000Z","IsDeleted":false,"AccountId":"0011r00001nohI9AAI","WhatId":"0011r00001nohI9AAI","ActivityDate":"2020-01-11T00:00:00.000Z","Priority":"Normal","IsHighPriority":false,"IsClosed":true,"IsRecurrence":false,"Subject":"Task","SystemModstamp":"2018-04-18T07:31:41.000Z","IsArchived":false,"CreatedById":"0051r000007Oz5QAAS","TaskSubtype":"Task","OwnerId":"0051r000007Oz5QAAS","CreatedDate":"2018-04-18T07:31:41.000Z","Id":"00T1r00004CPPEVEA5","DB_Activity_Type__c":"Other","IsReminderSet":false,"LastModifiedById":"0051r000007Oz5QAAS"},{"Status":"Completed","LastModifiedDate":"2018-04-18T07:31:41.000Z","IsDeleted":false,"AccountId":"0011r00001nohI9AAI","WhatId":"0061r00000vkc5UAAQ","ActivityDate":"2022-01-11T00:00:00.000Z","Priority":"Normal","IsHighPriority":false,"IsClosed":true,"IsRecurrence":false,"Subject":"Task2","SystemModstamp":"2018-04-18T07:31:41.000Z","IsArchived":false,"CreatedById":"0051r000007Oz5QAAS","TaskSubtype":"Task","OwnerId":"0051r000007Oz5QAAS","CreatedDate":"2018-04-18T07:31:41.000Z","Id":"00T1r00004CPPEWEA5","DB_Activity_Type__c":"Other","IsReminderSet":false,"LastModifiedById":"0051r000007Oz5QAAS"}]|0x585e6c26
09:31:41.0 (302037728)|STATEMENT_EXECUTE|[5]
09:31:41.0 (302997271)|VARIABLE_ASSIGNMENT|[5]|this.mapOld|{"00T1r00004CPPEVEA5":{"Status":"Completed","LastModifiedDate":"2018-04-18T07:31:41.000Z","IsDeleted":false,"AccountId":"0011r00001nohI9AAI","WhatId":"0011r00001nohI9AAI","ActivityDate":"2020-01-11T00:00:00.000Z","Priority":"Normal","IsHighPriority":false,"IsClosed":true,"IsRecurrence":false,"Subject":"Task","SystemModstamp":"2018-04-18T07:31:41.000Z","IsArchived":false,"CreatedById":"0051r000007Oz5QAAS","TaskSubtype":"Task","OwnerId":"0051r000007Oz5QAAS","CreatedDate":"2018-04-18T07:31:41.000Z","Id":"00T1r00004CPPEVEA5","DB_Activity_Type__c":"Other","IsReminderSet":false,"LastModifiedById":"0051r000007Oz5QAAS"},"00T1r00004CPPEWEA5":{"Status":"In Progress","LastModifiedDate":"2018-04-18T07:31:41.000Z","IsDeleted":false,"AccountId":"0011r00001nohI9AAI","WhatId":"0061r00000vkc5UAAQ","ActivityDate":"2022-01-11T00:00:00.000Z","Priority":"Normal","IsHighPriority":false,"IsClosed":false,"IsRecurrence":false,"Subject":"Task2","SystemModstamp":"2018-04-18T07:31:41.000Z","IsArchived":false,"CreatedById":"0051r000007Oz5QAAS","TaskSubtype":"Task","OwnerId":"0051r000007Oz5QAAS","CreatedDate":"2018-04-18T07:31:41.000Z","Id":"00T1r00004CPPEWEA5","DB_Activity_Type__c":"Other","IsReminderSet":false,"LastModifiedById":"0051r000007Oz5QAAS"}}|0x585e6c26
09:31:41.0 (303027297)|STATEMENT_EXECUTE|[7]
09:31:41.0 (303032356)|STATEMENT_EXECUTE|[8]
09:31:41.0 (303034591)|STATEMENT_EXECUTE|[9]
09:31:41.0 (303050226)|METHOD_ENTRY|[9]|01p1r000009oS6S|TaskMethods.CerrarTarea(List<Task>, Map<Id,Task>)
09:31:41.0 (303067273)|VARIABLE_SCOPE_BEGIN|[3]|listTask|List<Task>|true|false
09:31:41.0 (303722143)|VARIABLE_ASSIGNMENT|[3]|listTask|[{"Status":"Completed","LastModifiedDate":"2018-04-18T07:31:41.000Z","IsDeleted":false,"AccountId":"0011r00001nohI9AAI","WhatId":"0011r00001nohI9AAI","ActivityDate":"2020-01-11T00:00:00.000Z","Priority":"Normal","IsHighPriority":false,"IsClosed":true,"IsRecurrence":false,"Subject":"Task","SystemModstamp":"2018-04-18T07:31:41.000Z","IsArchived":false,"CreatedById":"0051r000007Oz5QAAS","TaskSubtype":"Task","OwnerId":"0051r000007Oz5QAAS","CreatedDate":"2018-04-18T07:31:41.000Z","Id":"00T1r00004CPPEVEA5","DB_Activity_Type__c":"Other","IsReminderSet":false,"LastModifiedById":"0051r000007Oz5QAAS"},{"Status":"Completed","LastModifiedDate":"2018-04-18T07:31:41.000Z","IsDeleted":false,"AccountId":"0011r00001nohI9AAI","WhatId":"0061r00000vkc5UAAQ","ActivityDate":"2022-01-11T00:00:00.000Z","Priority":"Normal","IsHighPriority":false,"IsClosed":true,"IsRecurrence":false,"Subject":"Task2","SystemModstamp":"2018-04-18T07:31:41.000Z","IsArchived":false,"CreatedById":"0051r000007Oz5QAAS","TaskSubtype":"Task","OwnerId":"0051r000007Oz5QAAS","CreatedDate":"2018-04-18T07:31:41.000Z","Id":"00T1r00004CPPEWEA5","DB_Activity_Type__c":"Other","IsReminderSet":false,"LastModifiedById":"0051r000007Oz5QAAS"}]|0x4d5ade4e
09:31:41.0 (303741925)|VARIABLE_SCOPE_BEGIN|[3]|mapTaskOld|Map<Id,Task>|true|false
09:31:41.0 (304385241)|VARIABLE_ASSIGNMENT|[3]|mapTaskOld|{"00T1r00004CPPEVEA5":{"Status":"Completed","LastModifiedDate":"2018-04-18T07:31:41.000Z","IsDeleted":false,"AccountId":"0011r00001nohI9AAI","WhatId":"0011r00001nohI9AAI","ActivityDate":"2020-01-11T00:00:00.000Z","Priority":"Normal","IsHighPriority":false,"IsClosed":true,"IsRecurrence":false,"Subject":"Task","SystemModstamp":"2018-04-18T07:31:41.000Z","IsArchived":false,"CreatedById":"0051r000007Oz5QAAS","TaskSubtype":"Task","OwnerId":"0051r000007Oz5QAAS","CreatedDate":"2018-04-18T07:31:41.000Z","Id":"00T1r00004CPPEVEA5","DB_Activity_Type__c":"Other","IsReminderSet":false,"LastModifiedById":"0051r000007Oz5QAAS"},"00T1r00004CPPEWEA5":{"Status":"In Progress","LastModifiedDate":"2018-04-18T07:31:41.000Z","IsDeleted":false,"AccountId":"0011r00001nohI9AAI","WhatId":"0061r00000vkc5UAAQ","ActivityDate":"2022-01-11T00:00:00.000Z","Priority":"Normal","IsHighPriority":false,"IsClosed":false,"IsRecurrence":false,"Subject":"Task2","SystemModstamp":"2018-04-18T07:31:41.000Z","IsArchived":false,"CreatedById":"0051r000007Oz5QAAS","TaskSubtype":"Task","OwnerId":"0051r000007Oz5QAAS","CreatedDate":"2018-04-18T07:31:41.000Z","Id":"00T1r00004CPPEWEA5","DB_Activity_Type__c":"Other","IsReminderSet":false,"LastModifiedById":"0051r000007Oz5QAAS"}}|0x68f08f23
09:31:41.0 (304808103)|SYSTEM_MODE_ENTER|false
09:31:41.0 (304822643)|HEAP_ALLOCATE|[5]|Bytes:5
09:31:41.0 (304829762)|STATEMENT_EXECUTE|[3]
09:31:41.0 (304848593)|STATEMENT_EXECUTE|[5]
09:31:41.0 (304850574)|STATEMENT_EXECUTE|[8]
09:31:41.0 (304870024)|HEAP_ALLOCATE|[8]|Bytes:4
09:31:41.0 (304887590)|VARIABLE_SCOPE_BEGIN|[8]|listAcUpdate|List<Account>|true|false
09:31:41.0 (304901115)|HEAP_ALLOCATE|[EXTERNAL]|Bytes:4
09:31:41.0 (304909837)|VARIABLE_ASSIGNMENT|[8]|listAcUpdate|[]|0x1d1b0934
09:31:41.0 (304915364)|STATEMENT_EXECUTE|[11]
09:31:41.0 (304923559)|HEAP_ALLOCATE|[11]|Bytes:4
09:31:41.0 (304935746)|VARIABLE_SCOPE_BEGIN|[11]|setTaskIds|Set<String>|true|false
09:31:41.0 (304958537)|VARIABLE_ASSIGNMENT|[11]|setTaskIds|[]|0x368f79ed
09:31:41.0 (304984445)|HEAP_ALLOCATE|[13]|Bytes:5
09:31:41.0 (305009874)|VARIABLE_SCOPE_BEGIN|[13]|inTask|Task|true|false
09:31:41.0 (305157852)|VARIABLE_ASSIGNMENT|[13]|inTask|{"Status":"Completed","LastModifiedDate":"2018-04-18T07:31:41.000Z","IsDeleted":false,"AccountId":"0011r00001nohI9AAI","WhatId":"0011r00001nohI9AAI","ActivityDate":"2020-01-11T00:00:00.000Z","Priority":"Normal","IsHighPriority":false,"IsClosed":true,"IsRecurrence":false,"Subject":"Task","SystemModstamp":"2018-04-18T07:31:41.000Z","IsArchived":false,"CreatedById":"0051r000007Oz5QAAS","TaskSubtype":"Task","OwnerId":"0051r000007Oz5QAAS","CreatedDate":"2018-04-18T07:31:41.000Z","Id":"00T1r00004CPPEVEA5","DB_Activity_Type__c":"Other","IsReminderSet":false,"LastModifiedById":"0051r000007Oz5QAAS"}|0x2d3c79dc
09:31:41.0 (305172380)|STATEMENT_EXECUTE|[13]
09:31:41.0 (305221134)|STATEMENT_EXECUTE|[14]
09:31:41.0 (305231975)|HEAP_ALLOCATE|[13]|Bytes:5
09:31:41.0 (305246220)|VARIABLE_SCOPE_BEGIN|[13]|inTask|Task|true|false
09:31:41.0 (305374102)|VARIABLE_ASSIGNMENT|[13]|inTask|{"Status":"Completed","LastModifiedDate":"2018-04-18T07:31:41.000Z","IsDeleted":false,"AccountId":"0011r00001nohI9AAI","WhatId":"0061r00000vkc5UAAQ","ActivityDate":"2022-01-11T00:00:00.000Z","Priority":"Normal","IsHighPriority":false,"IsClosed":true,"IsRecurrence":false,"Subject":"Task2","SystemModstamp":"2018-04-18T07:31:41.000Z","IsArchived":false,"CreatedById":"0051r000007Oz5QAAS","TaskSubtype":"Task","OwnerId":"0051r000007Oz5QAAS","CreatedDate":"2018-04-18T07:31:41.000Z","Id":"00T1r00004CPPEWEA5","DB_Activity_Type__c":"Other","IsReminderSet":false,"LastModifiedById":"0051r000007Oz5QAAS"}|0x415962cf
09:31:41.0 (305387970)|STATEMENT_EXECUTE|[13]
09:31:41.0 (305416429)|STATEMENT_EXECUTE|[14]
09:31:41.0 (305418390)|STATEMENT_EXECUTE|[15]
09:31:41.0 (305437551)|HEAP_ALLOCATE|[EXTERNAL]|Bytes:4
09:31:41.0 (305456053)|HEAP_ALLOCATE|[13]|Bytes:5
09:31:41.0 (305468971)|VARIABLE_ASSIGNMENT|[13]|inTask|null|
09:31:41.0 (305474334)|STATEMENT_EXECUTE|[20]
09:31:41.0 (305491641)|HEAP_ALLOCATE|[20]|Bytes:4
09:31:41.0 (305510506)|HEAP_ALLOCATE|[20]|Bytes:4
09:31:41.0 (305533602)|HEAP_ALLOCATE|[20]|Bytes:8
09:31:41.0 (305541567)|HEAP_ALLOCATE|[20]|Bytes:8
09:31:41.0 (306073031)|SOQL_EXECUTE_BEGIN|[20]|Aggregations:0|SELECT WhatId, ActivityDate, TYPEOF What WHEN Account THEN Id, Parent.Fecha_ultima_actividad_mas_reciente__c WHEN Opportunity THEN Account.Parent.Fecha_ultima_actividad_mas_reciente__c END FROM Task WHERE Id = :tmpVar1
09:31:41.0 (315497779)|SOQL_EXECUTE_END|[20]|Rows:1
09:31:41.0 (315521444)|HEAP_ALLOCATE|[20]|Bytes:8
09:31:41.0 (315550124)|HEAP_ALLOCATE|[20]|Bytes:297
09:31:41.0 (315580053)|HEAP_ALLOCATE|[20]|Bytes:8
09:31:41.0 (315604563)|HEAP_ALLOCATE|[20]|Bytes:20
09:31:41.0 (315609753)|HEAP_ALLOCATE|[20]|Bytes:20
09:31:41.0 (315613375)|HEAP_ALLOCATE|[20]|Bytes:4
09:31:41.0 (315622059)|VARIABLE_SCOPE_BEGIN|[20]|listTaskType|List<Task>|true|false
09:31:41.0 (315636119)|HEAP_ALLOCATE|[EXTERNAL]|Bytes:8
09:31:41.0 (315677356)|VARIABLE_ASSIGNMENT|[20]|listTaskType|[{"WhatId":"0061r00000vkc5UAAQ","ActivityDate":"2022-01-11T00:00:00.000Z","Id":"00T1r00004CPPEWEA5","What":{"Id":"0061r00000vkc5UAAQ","AccountId":"0011r00001nohI9AAI","Account":{"Id":"0011r00001nohI9AAI","ParentId":"0011r00001nohI8AAI","Parent":{"Id":"0011r00001nohI8AAI","Fecha_ultima_activid (18 more) ...":"2020-01-11T00:00:00.000Z"}}}}]|0x1e0d652
09:31:41.0 (315690489)|STATEMENT_EXECUTE|[28]
09:31:41.0 (315759798)|HEAP_ALLOCATE|[28]|Bytes:91
09:31:41.0 (315777671)|HEAP_ALLOCATE|[28]|Bytes:131
09:31:41.0 (315789122)|USER_DEBUG|[28]|DEBUG|TaskMethods.CerrarTarea.listTaskType :: (Task:{WhatId=0061r00000vkc5UAAQ, ActivityDate=2022-01-11 00:00:00, Id=00T1r00004CPPEWEA5})
09:31:41.0 (315818871)|HEAP_ALLOCATE|[31]|Bytes:5
09:31:41.0 (315830396)|HEAP_ALLOCATE|[31]|Bytes:20
09:31:41.0 (315838421)|VARIABLE_SCOPE_BEGIN|[31]|inTask|Task|true|false
09:31:41.0 (315866225)|VARIABLE_ASSIGNMENT|[31]|inTask|{"WhatId":"0061r00000vkc5UAAQ","ActivityDate":"2022-01-11T00:00:00.000Z","Id":"00T1r00004CPPEWEA5","What":{"Id":"0061r00000vkc5UAAQ","AccountId":"0011r00001nohI9AAI","Account":{"Id":"0011r00001nohI9AAI","ParentId":"0011r00001nohI8AAI","Parent":{"Id":"0011r00001nohI8AAI","Fecha_ultima_activid (18 more) ...":"2020-01-11T00:00:00.000Z"}}}}|0x35ba524e
09:31:41.0 (315877197)|STATEMENT_EXECUTE|[31]
09:31:41.0 (315913289)|STATEMENT_EXECUTE|[32]
09:31:41.0 (315915548)|STATEMENT_EXECUTE|[33]
09:31:41.0 (315918820)|HEAP_ALLOCATE|[33]|Bytes:11
09:31:41.0 (315949190)|USER_DEBUG|[33]|DEBUG|Opportunity
09:31:41.0 (316039162)|STATEMENT_EXECUTE|[34]
09:31:41.0 (316046690)|STATEMENT_EXECUTE|[35]
09:31:41.0 (316106052)|VARIABLE_ASSIGNMENT|[35]|this.Fecha_ultima_actividad_mas_reciente__c|"2022-01-11T00:00:00.000Z"|0x4fdedfff
09:31:41.0 (316113898)|STATEMENT_EXECUTE|[36]
09:31:41.0 (316157110)|HEAP_ALLOCATE|[EXTERNAL]|Bytes:4
09:31:41.0 (316174183)|HEAP_ALLOCATE|[31]|Bytes:5
09:31:41.0 (316187639)|VARIABLE_ASSIGNMENT|[31]|inTask|null|
09:31:41.0 (316194736)|STATEMENT_EXECUTE|[47]
09:31:41.0 (316233014)|HEAP_ALLOCATE|[47]|Bytes:93
09:31:41.0 (316246238)|HEAP_ALLOCATE|[47]|Bytes:106
09:31:41.0 (316254012)|USER_DEBUG|[47]|DEBUG|listAcUpdate (Account:{Id=0011r00001nohI8AAI, Fecha_ultima_actividad_mas_reciente__c=2022-01-11 00:00:00})
09:31:41.0 (316262587)|STATEMENT_EXECUTE|[48]
09:31:41.0 (316307868)|DML_BEGIN|[48]|Op:Update|Type:Account|Rows:1
09:31:41.0 (316334573)|HEAP_ALLOCATE|[EXTERNAL]|Bytes:8
09:31:41.0 (320881269)|CODE_UNIT_STARTED|[EXTERNAL]|01q1r000000j8Jg|AccountTrigger on Account trigger event BeforeUpdate
09:31:41.0 (320913626)|HEAP_ALLOCATE|[EXTERNAL]|Bytes:8
09:31:41.0 (320936124)|HEAP_ALLOCATE|[EXTERNAL]|Bytes:8
09:31:41.0 (320978921)|HEAP_ALLOCATE|[EXTERNAL]|Bytes:12
09:31:41.0 (320987874)|VARIABLE_SCOPE_BEGIN|[1]|this|AccountTrigger|true|false
09:31:41.0 (321014748)|VARIABLE_ASSIGNMENT|[1]|this|{}|0x1d35d626
09:31:41.0 (321052250)|HEAP_ALLOCATE|[EXTERNAL]|Bytes:12
09:31:41.0 (321062846)|VARIABLE_SCOPE_BEGIN|[1]|this|AccountTrigger|true|false
09:31:41.0 (321075217)|VARIABLE_ASSIGNMENT|[1]|this|{}|0x1d35d626
09:31:41.0 (321082831)|STATEMENT_EXECUTE|[1]
09:31:41.0 (321085120)|STATEMENT_EXECUTE|[3]
09:31:41.0 (321557005)|VARIABLE_ASSIGNMENT|[3]|this.listNew|[{"LastModifiedDate":"2018-04-18T07:31:41.000Z","IsDeleted":false,"CleanStatus":"Pending","Fecha_ultima_activid (18 more) ...":"2022-01-11T00:00:00.000Z","OwnerId":"0051r000007Oz5QAAS","CreatedById":"0051r000007Oz5QAAS","Match_Billing_Addres (4 more) ...":false,"CreatedDate":"2018-04-18T07:31:41.000Z","Id":"0011r00001nohI8AAI","LastModifiedById":"0051r000007Oz5QAAS","SystemModstamp":"2018-04-18T07:31:41.000Z","Name":"CuentaPadre"}]|0x1d35d626
09:31:41.0 (321570348)|STATEMENT_EXECUTE|[5]
09:31:41.0 (321934818)|VARIABLE_ASSIGNMENT|[5]|this.mapOld|{"0011r00001nohI8AAI":{"LastModifiedDate":"2018-04-18T07:31:41.000Z","IsDeleted":false,"CleanStatus":"Pending","Fecha_ultima_activid (18 more) ...":"2020-01-11T00:00:00.000Z","OwnerId":"0051r000007Oz5QAAS","CreatedById":"0051r000007Oz5QAAS","Match_Billing_Addres (4 more) ...":false,"CreatedDate":"2018-04-18T07:31:41.000Z","Id":"0011r00001nohI8AAI","LastModifiedById":"0051r000007Oz5QAAS","SystemModstamp":"2018-04-18T07:31:41.000Z","Name":"CuentaPadre"}}|0x1d35d626
09:31:41.0 (321963093)|STATEMENT_EXECUTE|[7]
09:31:41.0 (321967811)|STATEMENT_EXECUTE|[8]
09:31:41.0 (321969735)|STATEMENT_EXECUTE|[9]
09:31:41.0 (321982308)|METHOD_ENTRY|[9]|01p1r000009p8Bf|AccountMethods.ActualizarCuentaHija(List<Account>, Map<Id,Account>)
09:31:41.0 (321993077)|VARIABLE_SCOPE_BEGIN|[3]|listAccount|List<Account>|true|false
09:31:41.0 (322593122)|VARIABLE_ASSIGNMENT|[3]|listAccount|[{"LastModifiedDate":"2018-04-18T07:31:41.000Z","IsDeleted":false,"CleanStatus":"Pending","Fecha_ultima_activid (18 more) ...":"2022-01-11T00:00:00.000Z","OwnerId":"0051r000007Oz5QAAS","CreatedById":"0051r000007Oz5QAAS","Match_Billing_Addres (4 more) ...":false,"CreatedDate":"2018-04-18T07:31:41.000Z","Id":"0011r00001nohI8AAI","LastModifiedById":"0051r000007Oz5QAAS","SystemModstamp":"2018-04-18T07:31:41.000Z","Name":"CuentaPadre"}]|0x458b60d3
09:31:41.0 (322608942)|VARIABLE_SCOPE_BEGIN|[3]|mapOld|Map<Id,Account>|true|false
09:31:41.0 (323171141)|VARIABLE_ASSIGNMENT|[3]|mapOld|{"0011r00001nohI8AAI":{"LastModifiedDate":"2018-04-18T07:31:41.000Z","IsDeleted":false,"CleanStatus":"Pending","Fecha_ultima_activid (18 more) ...":"2020-01-11T00:00:00.000Z","OwnerId":"0051r000007Oz5QAAS","CreatedById":"0051r000007Oz5QAAS","Match_Billing_Addres (4 more) ...":false,"CreatedDate":"2018-04-18T07:31:41.000Z","Id":"0011r00001nohI8AAI","LastModifiedById":"0051r000007Oz5QAAS","SystemModstamp":"2018-04-18T07:31:41.000Z","Name":"CuentaPadre"}}|0x1ee177bc
09:31:41.0 (323201028)|HEAP_ALLOCATE|[5]|Bytes:5
09:31:41.0 (323208058)|STATEMENT_EXECUTE|[3]
09:31:41.0 (323223934)|STATEMENT_EXECUTE|[5]
09:31:41.0 (323229369)|STATEMENT_EXECUTE|[8]
09:31:41.0 (323241700)|HEAP_ALLOCATE|[8]|Bytes:4
09:31:41.0 (323256049)|VARIABLE_SCOPE_BEGIN|[8]|listAccountIds|List<String>|true|false
09:31:41.0 (323280564)|HEAP_ALLOCATE|[EXTERNAL]|Bytes:4
09:31:41.0 (323290458)|VARIABLE_ASSIGNMENT|[8]|listAccountIds|[]|0x74982a9f
09:31:41.0 (323296435)|STATEMENT_EXECUTE|[9]
09:31:41.0 (323314871)|HEAP_ALLOCATE|[9]|Bytes:4
09:31:41.0 (323322800)|VARIABLE_SCOPE_BEGIN|[9]|mapAccountParent|Map<String,Account>|true|false
09:31:41.0 (323334863)|VARIABLE_ASSIGNMENT|[9]|mapAccountParent|{}|0x472f46cc
09:31:41.0 (323356956)|HEAP_ALLOCATE|[11]|Bytes:5
09:31:41.0 (323372763)|HEAP_ALLOCATE|[11]|Bytes:4
09:31:41.0 (323380900)|VARIABLE_SCOPE_BEGIN|[11]|inAccount|Account|true|false
09:31:41.0 (323711247)|VARIABLE_ASSIGNMENT|[11]|inAccount|{"LastModifiedDate":"2018-04-18T07:31:41.000Z","IsDeleted":false,"CleanStatus":"Pending","Fecha_ultima_activid (18 more) ...":"2022-01-11T00:00:00.000Z","OwnerId":"0051r000007Oz5QAAS","CreatedById":"0051r000007Oz5QAAS","Match_Billing_Addres (4 more) ...":false,"CreatedDate":"2018-04-18T07:31:41.000Z","Id":"0011r00001nohI8AAI","LastModifiedById":"0051r000007Oz5QAAS","SystemModstamp":"2018-04-18T07:31:41.000Z","Name":"CuentaPadre"}|0x593c3b02
09:31:41.0 (323724529)|STATEMENT_EXECUTE|[11]
09:31:41.0 (323774275)|STATEMENT_EXECUTE|[13]
09:31:41.0 (323776602)|STATEMENT_EXECUTE|[14]
09:31:41.0 (323799111)|HEAP_ALLOCATE|[EXTERNAL]|Bytes:4
09:31:41.0 (323808101)|STATEMENT_EXECUTE|[15]
09:31:41.0 (323824749)|HEAP_ALLOCATE|[EXTERNAL]|Bytes:-4
09:31:41.0 (323838703)|HEAP_ALLOCATE|[11]|Bytes:5
09:31:41.0 (323855795)|VARIABLE_ASSIGNMENT|[11]|inAccount|null|
09:31:41.0 (323861379)|STATEMENT_EXECUTE|[20]
09:31:41.0 (323871560)|HEAP_ALLOCATE|[20]|Bytes:4
09:31:41.0 (324030474)|SOQL_EXECUTE_BEGIN|[20]|Aggregations:0|SELECT Id, Fecha_ultima_actividad_mas_reciente__c, ParentId FROM Account WHERE ParentId IN :tmpVar1
09:31:41.0 (327694066)|SOQL_EXECUTE_END|[20]|Rows:1
09:31:41.0 (327716837)|HEAP_ALLOCATE|[20]|Bytes:8
09:31:41.0 (327729662)|HEAP_ALLOCATE|[20]|Bytes:105
09:31:41.0 (327757434)|HEAP_ALLOCATE|[20]|Bytes:8
09:31:41.0 (327767921)|VARIABLE_SCOPE_BEGIN|[20]|listAccountChild|List<Account>|true|false
09:31:41.0 (327799688)|VARIABLE_ASSIGNMENT|[20]|listAccountChild|[{"Id":"0011r00001nohI9AAI","Fecha_ultima_activid (18 more) ...":"2020-01-11T00:00:00.000Z","ParentId":"0011r00001nohI8AAI"}]|0x50bb59ba
09:31:41.0 (327827778)|HEAP_ALLOCATE|[23]|Bytes:5
09:31:41.0 (327840594)|HEAP_ALLOCATE|[23]|Bytes:16
09:31:41.0 (327848338)|VARIABLE_SCOPE_BEGIN|[23]|inAccount|Account|true|false
09:31:41.0 (327866469)|VARIABLE_ASSIGNMENT|[23]|inAccount|{"Id":"0011r00001nohI9AAI","Fecha_ultima_activid (18 more) ...":"2020-01-11T00:00:00.000Z","ParentId":"0011r00001nohI8AAI"}|0x2f082b91
09:31:41.0 (327874138)|STATEMENT_EXECUTE|[23]
09:31:41.0 (327876409)|STATEMENT_EXECUTE|[24]
09:31:41.0 (327946556)|VARIABLE_ASSIGNMENT|[24]|this.Fecha_ultima_actividad_mas_reciente__c|"2022-01-11T00:00:00.000Z"|0x2f082b91
09:31:41.0 (327966843)|HEAP_ALLOCATE|[23]|Bytes:5
09:31:41.0 (327979012)|VARIABLE_ASSIGNMENT|[23]|inAccount|null|
09:31:41.0 (327984387)|STATEMENT_EXECUTE|[27]
09:31:41.0 (328024133)|DML_BEGIN|[27]|Op:Update|Type:Account|Rows:1
09:31:41.0 (328051963)|HEAP_ALLOCATE|[EXTERNAL]|Bytes:8
09:31:41.0 (332292367)|CODE_UNIT_STARTED|[EXTERNAL]|01q1r000000j8Jg|AccountTrigger on Account trigger event BeforeUpdate
09:31:41.0 (332326069)|HEAP_ALLOCATE|[EXTERNAL]|Bytes:8
09:31:41.0 (332348846)|HEAP_ALLOCATE|[EXTERNAL]|Bytes:8
09:31:41.0 (332391717)|HEAP_ALLOCATE|[EXTERNAL]|Bytes:12
09:31:41.0 (332399676)|VARIABLE_SCOPE_BEGIN|[1]|this|AccountTrigger|true|false
09:31:41.0 (332424550)|VARIABLE_ASSIGNMENT|[1]|this|{}|0x1a6cd0de
09:31:41.0 (332456107)|HEAP_ALLOCATE|[EXTERNAL]|Bytes:12
09:31:41.0 (332462930)|VARIABLE_SCOPE_BEGIN|[1]|this|AccountTrigger|true|false
09:31:41.0 (332476053)|VARIABLE_ASSIGNMENT|[1]|this|{}|0x1a6cd0de
09:31:41.0 (332483904)|STATEMENT_EXECUTE|[1]
09:31:41.0 (332486254)|STATEMENT_EXECUTE|[3]
09:31:41.0 (332903737)|VARIABLE_ASSIGNMENT|[3]|this.listNew|[{"ParentId":"0011r00001nohI8AAI","LastModifiedDate":"2018-04-18T07:31:41.000Z","IsDeleted":false,"Fecha_ultima_activid (18 more) ...":"2022-01-11T00:00:00.000Z","SystemModstamp":"2018-04-18T07:31:41.000Z","Name":"Cuenta","CleanStatus":"Pending","OwnerId":"0051r000007Oz5QAAS","CreatedById":"0051r000007Oz5QAAS","Match_Billing_Addres (4 more) ...":false,"LastActivityDate":"2022-01-11T00:00:00.000Z","CreatedDate":"2018-04-18T07:31:41.000Z","Id":"0011r00001nohI9AAI","LastModifiedById":"0051r000007Oz5QAAS"}]|0x1a6cd0de
09:31:41.0 (332921432)|STATEMENT_EXECUTE|[5]
09:31:41.0 (333293238)|VARIABLE_ASSIGNMENT|[5]|this.mapOld|{"0011r00001nohI9AAI":{"ParentId":"0011r00001nohI8AAI","LastModifiedDate":"2018-04-18T07:31:41.000Z","IsDeleted":false,"Fecha_ultima_activid (18 more) ...":"2020-01-11T00:00:00.000Z","SystemModstamp":"2018-04-18T07:31:41.000Z","Name":"Cuenta","CleanStatus":"Pending","OwnerId":"0051r000007Oz5QAAS","CreatedById":"0051r000007Oz5QAAS","Match_Billing_Addres (4 more) ...":false,"LastActivityDate":"2020-01-11T00:00:00.000Z","CreatedDate":"2018-04-18T07:31:41.000Z","Id":"0011r00001nohI9AAI","LastModifiedById":"0051r000007Oz5QAAS"}}|0x1a6cd0de
09:31:41.0 (333312820)|STATEMENT_EXECUTE|[7]
09:31:41.0 (333317518)|STATEMENT_EXECUTE|[8]
09:31:41.0 (333319196)|STATEMENT_EXECUTE|[9]
09:31:41.0 (333329762)|METHOD_ENTRY|[9]|01p1r000009p8Bf|AccountMethods.ActualizarCuentaHija(List<Account>, Map<Id,Account>)
09:31:41.0 (333338173)|VARIABLE_SCOPE_BEGIN|[3]|listAccount|List<Account>|true|false
09:31:41.0 (333918473)|VARIABLE_ASSIGNMENT|[3]|listAccount|[{"ParentId":"0011r00001nohI8AAI","LastModifiedDate":"2018-04-18T07:31:41.000Z","IsDeleted":false,"Fecha_ultima_activid (18 more) ...":"2022-01-11T00:00:00.000Z","SystemModstamp":"2018-04-18T07:31:41.000Z","Name":"Cuenta","CleanStatus":"Pending","OwnerId":"0051r000007Oz5QAAS","CreatedById":"0051r000007Oz5QAAS","Match_Billing_Addres (4 more) ...":false,"LastActivityDate":"2022-01-11T00:00:00.000Z","CreatedDate":"2018-04-18T07:31:41.000Z","Id":"0011r00001nohI9AAI","LastModifiedById":"0051r000007Oz5QAAS"}]|0x334bf72c
09:31:41.0 (333930418)|VARIABLE_SCOPE_BEGIN|[3]|mapOld|Map<Id,Account>|true|false
09:31:41.0 (334492609)|VARIABLE_ASSIGNMENT|[3]|mapOld|{"0011r00001nohI9AAI":{"ParentId":"0011r00001nohI8AAI","LastModifiedDate":"2018-04-18T07:31:41.000Z","IsDeleted":false,"Fecha_ultima_activid (18 more) ...":"2020-01-11T00:00:00.000Z","SystemModstamp":"2018-04-18T07:31:41.000Z","Name":"Cuenta","CleanStatus":"Pending","OwnerId":"0051r000007Oz5QAAS","CreatedById":"0051r000007Oz5QAAS","Match_Billing_Addres (4 more) ...":false,"LastActivityDate":"2020-01-11T00:00:00.000Z","CreatedDate":"2018-04-18T07:31:41.000Z","Id":"0011r00001nohI9AAI","LastModifiedById":"0051r000007Oz5QAAS"}}|0x230bef1f
09:31:41.0 (334521918)|HEAP_ALLOCATE|[5]|Bytes:5
09:31:41.0 (334528564)|STATEMENT_EXECUTE|[3]
09:31:41.0 (334547198)|STATEMENT_EXECUTE|[5]
09:31:41.0 (334549270)|STATEMENT_EXECUTE|[8]
09:31:41.0 (334558052)|HEAP_ALLOCATE|[8]|Bytes:4
09:31:41.0 (334571047)|VARIABLE_SCOPE_BEGIN|[8]|listAccountIds|List<String>|true|false
09:31:41.0 (334592277)|HEAP_ALLOCATE|[EXTERNAL]|Bytes:4
09:31:41.0 (334601147)|VARIABLE_ASSIGNMENT|[8]|listAccountIds|[]|0x5803c05b
09:31:41.0 (334607441)|STATEMENT_EXECUTE|[9]
09:31:41.0 (334625211)|HEAP_ALLOCATE|[9]|Bytes:4
09:31:41.0 (334632306)|VARIABLE_SCOPE_BEGIN|[9]|mapAccountParent|Map<String,Account>|true|false
09:31:41.0 (334644259)|VARIABLE_ASSIGNMENT|[9]|mapAccountParent|{}|0x241501a5
09:31:41.0 (334665846)|HEAP_ALLOCATE|[11]|Bytes:5
09:31:41.0 (334681082)|HEAP_ALLOCATE|[11]|Bytes:4
09:31:41.0 (334687856)|VARIABLE_SCOPE_BEGIN|[11]|inAccount|Account|true|false
09:31:41.0 (335013783)|VARIABLE_ASSIGNMENT|[11]|inAccount|{"ParentId":"0011r00001nohI8AAI","LastModifiedDate":"2018-04-18T07:31:41.000Z","IsDeleted":false,"Fecha_ultima_activid (18 more) ...":"2022-01-11T00:00:00.000Z","SystemModstamp":"2018-04-18T07:31:41.000Z","Name":"Cuenta","CleanStatus":"Pending","OwnerId":"0051r000007Oz5QAAS","CreatedById":"0051r000007Oz5QAAS","Match_Billing_Addres (4 more) ...":false,"LastActivityDate":"2022-01-11T00:00:00.000Z","CreatedDate":"2018-04-18T07:31:41.000Z","Id":"0011r00001nohI9AAI","LastModifiedById":"0051r000007Oz5QAAS"}|0x488b709c
09:31:41.0 (335031202)|STATEMENT_EXECUTE|[11]
09:31:41.0 (335039742)|STATEMENT_EXECUTE|[13]
09:31:41.0 (335050850)|HEAP_ALLOCATE|[11]|Bytes:5
09:31:41.0 (335067753)|VARIABLE_ASSIGNMENT|[11]|inAccount|null|
09:31:41.0 (335073187)|STATEMENT_EXECUTE|[20]
09:31:41.0 (335084032)|HEAP_ALLOCATE|[20]|Bytes:4
09:31:41.0 (335245172)|SOQL_EXECUTE_BEGIN|[20]|Aggregations:0|SELECT Id, Fecha_ultima_actividad_mas_reciente__c, ParentId FROM Account WHERE ParentId IN :tmpVar1
09:31:41.0 (337400309)|SOQL_EXECUTE_END|[20]|Rows:0
09:31:41.0 (337421384)|HEAP_ALLOCATE|[20]|Bytes:4
09:31:41.0 (337430006)|HEAP_ALLOCATE|[20]|Bytes:0
09:31:41.0 (337456050)|HEAP_ALLOCATE|[20]|Bytes:4
09:31:41.0 (337465496)|VARIABLE_SCOPE_BEGIN|[20]|listAccountChild|List<Account>|true|false
09:31:41.0 (337482373)|VARIABLE_ASSIGNMENT|[20]|listAccountChild|[]|0x33e4ccbd
09:31:41.0 (337506918)|HEAP_ALLOCATE|[23]|Bytes:5
09:31:41.0 (337519978)|VARIABLE_ASSIGNMENT|[23]|inAccount|null|
09:31:41.0 (337525861)|STATEMENT_EXECUTE|[23]
09:31:41.0 (337528610)|STATEMENT_EXECUTE|[27]
09:31:41.0 (337564858)|HEAP_ALLOCATE|[EXTERNAL]|Bytes:4
09:31:41.0 (337576925)|METHOD_EXIT|[9]|01p1r000009p8Bf|AccountMethods.ActualizarCuentaHija(List<Account>, Map<Id,Account>)
09:31:41.337 (337586247)|CUMULATIVE_LIMIT_USAGE
09:31:41.337 (337586247)|LIMIT_USAGE_FOR_NS|(default)|
  Number of SOQL queries: 9 out of 100
  Number of query rows: 5 out of 50000
  Number of SOSL queries: 0 out of 20
  Number of DML statements: 11 out of 150
  Number of DML rows: 13 out of 10000
  Maximum CPU time: 0 out of 10000
  Maximum heap size: 0 out of 6000000
  Number of callouts: 0 out of 100
  Number of Email Invocations: 0 out of 10
  Number of future calls: 0 out of 50
  Number of queueable jobs added to the queue: 0 out of 50
  Number of Mobile Apex push calls: 0 out of 10

09:31:41.337 (337586247)|CUMULATIVE_LIMIT_USAGE_END

09:31:41.0 (338409554)|CODE_UNIT_FINISHED|AccountTrigger on Account trigger event BeforeUpdate
09:31:41.0 (338642210)|CODE_UNIT_STARTED|[EXTERNAL]|DuplicateDetector
09:31:41.0 (338653358)|DUPLICATE_DETECTION_BEGIN
09:31:41.0 (338694188)|DUPLICATE_DETECTION_RULE_INVOCATION|DuplicateRuleId:0Bm1r0000018X88|DuplicateRuleName:Standard Account Duplicate Rule|DmlType:UPDATE
09:31:41.0 (338730056)|DUPLICATE_DETECTION_END
09:31:41.0 (338734235)|CODE_UNIT_FINISHED|DuplicateDetector
09:31:41.0 (349432953)|DML_END|[27]
09:31:41.0 (349465124)|HEAP_ALLOCATE|[EXTERNAL]|Bytes:8
09:31:41.0 (349484020)|METHOD_EXIT|[9]|01p1r000009p8Bf|AccountMethods.ActualizarCuentaHija(List<Account>, Map<Id,Account>)
09:31:41.349 (349494647)|CUMULATIVE_LIMIT_USAGE
09:31:41.349 (349494647)|LIMIT_USAGE_FOR_NS|(default)|
  Number of SOQL queries: 9 out of 100
  Number of query rows: 5 out of 50000
  Number of SOSL queries: 0 out of 20
  Number of DML statements: 11 out of 150
  Number of DML rows: 13 out of 10000
  Maximum CPU time: 0 out of 10000
  Maximum heap size: 0 out of 6000000
  Number of callouts: 0 out of 100
  Number of Email Invocations: 0 out of 10
  Number of future calls: 0 out of 50
  Number of queueable jobs added to the queue: 0 out of 50
  Number of Mobile Apex push calls: 0 out of 10

09:31:41.349 (349494647)|CUMULATIVE_LIMIT_USAGE_END

09:31:41.0 (350316266)|CODE_UNIT_FINISHED|AccountTrigger on Account trigger event BeforeUpdate
09:31:41.0 (350561133)|CODE_UNIT_STARTED|[EXTERNAL]|DuplicateDetector
09:31:41.0 (350574006)|DUPLICATE_DETECTION_BEGIN
09:31:41.0 (350609972)|DUPLICATE_DETECTION_RULE_INVOCATION|DuplicateRuleId:0Bm1r0000018X88|DuplicateRuleName:Standard Account Duplicate Rule|DmlType:UPDATE
09:31:41.0 (350640938)|DUPLICATE_DETECTION_END
09:31:41.0 (350645044)|CODE_UNIT_FINISHED|DuplicateDetector
09:31:41.0 (358568087)|DML_END|[48]
09:31:41.0 (358593881)|HEAP_ALLOCATE|[EXTERNAL]|Bytes:8
09:31:41.0 (358613426)|SYSTEM_MODE_EXIT|false
09:31:41.0 (358626746)|METHOD_EXIT|[9]|01p1r000009oS6S|TaskMethods.CerrarTarea(List<Task>, Map<Id,Task>)
09:31:41.358 (358637337)|CUMULATIVE_LIMIT_USAGE
09:31:41.358 (358637337)|LIMIT_USAGE_FOR_NS|(default)|
  Number of SOQL queries: 9 out of 100
  Number of query rows: 5 out of 50000
  Number of SOSL queries: 0 out of 20
  Number of DML statements: 11 out of 150
  Number of DML rows: 13 out of 10000
  Maximum CPU time: 0 out of 10000
  Maximum heap size: 0 out of 6000000
  Number of callouts: 0 out of 100
  Number of Email Invocations: 0 out of 10
  Number of future calls: 0 out of 50
  Number of queueable jobs added to the queue: 0 out of 50
  Number of Mobile Apex push calls: 0 out of 10

09:31:41.358 (358637337)|CUMULATIVE_LIMIT_USAGE_END

09:31:41.0 (359826047)|CODE_UNIT_FINISHED|TaskTrigger on Task trigger event AfterUpdate
09:31:41.0 (360274315)|DML_END|[64]
09:31:41.0 (360298303)|HEAP_ALLOCATE|[EXTERNAL]|Bytes:12
09:31:41.0 (360311381)|STATEMENT_EXECUTE|[66]
09:31:41.0 (360325551)|HEAP_ALLOCATE|[66]|Bytes:4
09:31:41.0 (360483512)|SOQL_EXECUTE_BEGIN|[66]|Aggregations:0|SELECT Id, Fecha_ultima_actividad_mas_reciente__c FROM Account WHERE Id = :tmpVar1
09:31:41.0 (363353638)|SOQL_EXECUTE_END|[66]|Rows:1
09:31:41.0 (363374658)|HEAP_ALLOCATE|[66]|Bytes:8
09:31:41.0 (363388711)|HEAP_ALLOCATE|[66]|Bytes:75
09:31:41.0 (363418657)|HEAP_ALLOCATE|[66]|Bytes:8
09:31:41.0 (363430407)|VARIABLE_SCOPE_BEGIN|[66]|listAccountCheckDos|List<Account>|true|false
09:31:41.0 (363484821)|VARIABLE_ASSIGNMENT|[66]|listAccountCheckDos|[{"Id":"0011r00001nohI8AAI","Fecha_ultima_activid (18 more) ...":"2022-01-11T00:00:00.000Z"}]|0x3087054
09:31:41.0 (363494873)|STATEMENT_EXECUTE|[68]
09:31:41.0 (363572560)|USER_DEBUG|[68]|DEBUG|(Account:{Id=0011r00001nohI8AAI, Fecha_ultima_actividad_mas_reciente__c=2020-01-11 00:00:00})
09:31:41.0 (363584384)|STATEMENT_EXECUTE|[70]
09:31:41.0 (363627087)|HEAP_ALLOCATE|[70]|Bytes:12
09:31:41.0 (363660287)|HEAP_ALLOCATE|[70]|Bytes:28
09:31:41.363 (363698362)|CUMULATIVE_LIMIT_USAGE
09:31:41.363 (363698362)|LIMIT_USAGE_FOR_NS|(default)|
  Number of SOQL queries: 10 out of 100
  Number of query rows: 6 out of 50000
  Number of SOSL queries: 0 out of 20
  Number of DML statements: 11 out of 150
  Number of DML rows: 13 out of 10000
  Maximum CPU time: 0 out of 10000
  Maximum heap size: 0 out of 6000000
  Number of callouts: 0 out of 100
  Number of Email Invocations: 0 out of 10
  Number of future calls: 0 out of 50
  Number of queueable jobs added to the queue: 0 out of 50
  Number of Mobile Apex push calls: 0 out of 10

09:31:41.363 (363698362)|CUMULATIVE_LIMIT_USAGE_END

09:31:41.0 (363729927)|CODE_UNIT_FINISHED|TaskTest.testCerrarTarea
09:31:41.0 (364495560)|EXECUTION_FINISHED
09:31:41.474 (474351885)|USER_INFO|[EXTERNAL]|0051r000007Oz5Q|lydia.abril@gmail.com|hora estándar de Europa central|GMT+02:00
09:31:41.474 (474379028)|EXECUTION_STARTED
09:31:41.474 (474382614)|CODE_UNIT_STARTED|[EXTERNAL]|DuplicateDetector
09:31:41.474 (474393235)|DUPLICATE_DETECTION_BEGIN
09:31:41.474 (474435342)|DUPLICATE_DETECTION_RULE_INVOCATION|DuplicateRuleId:0Bm1r0000018X88|DuplicateRuleName:Standard Account Duplicate Rule|DmlType:UPDATE
09:31:41.474 (484773306)|DUPLICATE_DETECTION_END
09:31:41.474 (484780436)|CODE_UNIT_FINISHED|DuplicateDetector
09:31:41.474 (485542562)|EXECUTION_FINISHED
09:31:41.486 (486700142)|USER_INFO|[EXTERNAL]|0051r000007Oz5Q|lydia.abril@gmail.com|hora estándar de Europa central|GMT+02:00
09:31:41.486 (486717059)|EXECUTION_STARTED
09:31:41.486 (486720293)|CODE_UNIT_STARTED|[EXTERNAL]|DuplicateDetector
09:31:41.486 (486728766)|DUPLICATE_DETECTION_BEGIN
09:31:41.486 (486765917)|DUPLICATE_DETECTION_RULE_INVOCATION|DuplicateRuleId:0Bm1r0000018X88|DuplicateRuleName:Standard Account Duplicate Rule|DmlType:INSERT
09:31:41.486 (495638900)|DUPLICATE_DETECTION_END
09:31:41.486 (495651575)|CODE_UNIT_FINISHED|DuplicateDetector
09:31:41.486 (496690442)|EXECUTION_FINISHED
