36.0 APEX_CODE,FINEST;APEX_PROFILING,INFO;CALLOUT,INFO;DB,INFO;SYSTEM,DEBUG;VALIDATION,INFO;VISUALFORCE,INFO;WAVE,INFO;WORKFLOW,INFO
13:18:46.0 (592087)|USER_INFO|[EXTERNAL]|0051r000007Oz5Q|lydia.abril@gmail.com|hora estándar de Europa central|GMT+02:00
13:18:46.0 (655487)|EXECUTION_STARTED
13:18:46.0 (661791)|CODE_UNIT_STARTED|[EXTERNAL]|01p1r000009p5xn|TaskTest.testCerrarTarea
13:18:46.0 (1019818)|HEAP_ALLOCATE|[72]|Bytes:3
13:18:46.0 (1097178)|HEAP_ALLOCATE|[77]|Bytes:152
13:18:46.0 (1123067)|HEAP_ALLOCATE|[342]|Bytes:408
13:18:46.0 (1149570)|HEAP_ALLOCATE|[355]|Bytes:408
13:18:46.0 (1175923)|HEAP_ALLOCATE|[467]|Bytes:48
13:18:46.0 (1255951)|HEAP_ALLOCATE|[139]|Bytes:6
13:18:46.0 (1282657)|HEAP_ALLOCATE|[EXTERNAL]|Bytes:101
13:18:46.0 (1349893)|METHOD_ENTRY|[2]|01p1r000009p5xn|TaskTest.TaskTest()
13:18:46.0 (1363017)|STATEMENT_EXECUTE|[2]
13:18:46.0 (1371946)|STATEMENT_EXECUTE|[2]
13:18:46.0 (1397173)|METHOD_EXIT|[2]|TaskTest
13:18:46.0 (1739445)|HEAP_ALLOCATE|[50]|Bytes:5
13:18:46.0 (1774394)|HEAP_ALLOCATE|[56]|Bytes:5
13:18:46.0 (1788633)|HEAP_ALLOCATE|[64]|Bytes:7
13:18:46.0 (1841622)|STATEMENT_EXECUTE|[4]
13:18:46.0 (1845102)|STATEMENT_EXECUTE|[6]
13:18:46.0 (1900338)|HEAP_ALLOCATE|[6]|Bytes:4
13:18:46.0 (2008306)|HEAP_ALLOCATE|[6]|Bytes:12
13:18:46.0 (2083409)|VARIABLE_ASSIGNMENT|[6]|this.Name|"CuentaParent"|0x431703ce
13:18:46.0 (2129783)|VARIABLE_SCOPE_BEGIN|[6]|oAccountParent|Account|true|false
13:18:46.0 (2161695)|VARIABLE_ASSIGNMENT|[6]|oAccountParent|{"Name":"CuentaParent"}|0x431703ce
13:18:46.0 (2172440)|STATEMENT_EXECUTE|[7]
13:18:46.0 (2204574)|HEAP_ALLOCATE|[7]|Bytes:8
13:18:46.0 (2216717)|DML_BEGIN|[7]|Op:Insert|Type:Account|Rows:1
13:18:46.0 (2254659)|HEAP_ALLOCATE|[EXTERNAL]|Bytes:8
13:18:46.0 (13121815)|CODE_UNIT_STARTED|[EXTERNAL]|DuplicateDetector
13:18:46.0 (13146646)|DUPLICATE_DETECTION_BEGIN
13:18:46.0 (13772290)|DUPLICATE_DETECTION_RULE_INVOCATION|DuplicateRuleId:0Bm1r0000018X88|DuplicateRuleName:Standard Account Duplicate Rule|DmlType:INSERT
13:18:46.0 (33530495)|DUPLICATE_DETECTION_MATCH_INVOCATION_DETAILS|EntityType:Account|ActionTaken:Allow_[Alert,Report]|DuplicateRecordIds:
13:18:46.0 (33566240)|DUPLICATE_DETECTION_MATCH_INVOCATION_SUMMARY|EntityType:Account|NumRecordsToBeSaved:1|NumRecordsToBeSavedWithDuplicates:0|NumDuplicateRecordsFound:0
13:18:46.0 (33715799)|DUPLICATE_DETECTION_END
13:18:46.0 (33723205)|CODE_UNIT_FINISHED|DuplicateDetector
13:18:46.0 (58043550)|DML_END|[7]
13:18:46.0 (58071933)|STATEMENT_EXECUTE|[9]
13:18:46.0 (58098887)|HEAP_ALLOCATE|[9]|Bytes:4
13:18:46.0 (58126961)|HEAP_ALLOCATE|[9]|Bytes:6
13:18:46.0 (58173441)|VARIABLE_ASSIGNMENT|[9]|this.Name|"Cuenta"|0x2b98fe63
13:18:46.0 (58209368)|VARIABLE_ASSIGNMENT|[9]|this.ParentId|"0011r00001nnbv9AAA"|0x2b98fe63
13:18:46.0 (58329551)|HEAP_ALLOCATE|[11]|Bytes:4
13:18:46.0 (58415467)|VARIABLE_ASSIGNMENT|[9]|this.Fecha_ltima_actividad_m_s_reciente__c|"2018-01-11T00:00:00.000Z"|0x2b98fe63
13:18:46.0 (58455506)|VARIABLE_SCOPE_BEGIN|[9]|oAccount|Account|true|false
13:18:46.0 (58485958)|VARIABLE_ASSIGNMENT|[9]|oAccount|{"Name":"Cuenta","ParentId":"0011r00001nnbv9AAA","Fecha_ltima_activida (17 more) ...":"2018-01-11T00:00:00.000Z"}|0x2b98fe63
13:18:46.0 (58494199)|STATEMENT_EXECUTE|[12]
13:18:46.0 (58513125)|HEAP_ALLOCATE|[12]|Bytes:8
13:18:46.0 (58520568)|DML_BEGIN|[12]|Op:Insert|Type:Account|Rows:1
13:18:46.0 (58557480)|HEAP_ALLOCATE|[EXTERNAL]|Bytes:8
13:18:46.0 (62585434)|CODE_UNIT_STARTED|[EXTERNAL]|DuplicateDetector
13:18:46.0 (62605784)|DUPLICATE_DETECTION_BEGIN
13:18:46.0 (62662879)|DUPLICATE_DETECTION_RULE_INVOCATION|DuplicateRuleId:0Bm1r0000018X88|DuplicateRuleName:Standard Account Duplicate Rule|DmlType:INSERT
13:18:46.0 (72127509)|DUPLICATE_DETECTION_MATCH_INVOCATION_DETAILS|EntityType:Account|ActionTaken:Allow_[Alert,Report]|DuplicateRecordIds:
13:18:46.0 (72154033)|DUPLICATE_DETECTION_MATCH_INVOCATION_SUMMARY|EntityType:Account|NumRecordsToBeSaved:1|NumRecordsToBeSavedWithDuplicates:0|NumDuplicateRecordsFound:0
13:18:46.0 (72242897)|DUPLICATE_DETECTION_END
13:18:46.0 (72248878)|CODE_UNIT_FINISHED|DuplicateDetector
13:18:46.0 (86917267)|DML_END|[12]
13:18:46.0 (86951800)|STATEMENT_EXECUTE|[14]
13:18:46.0 (87020971)|HEAP_ALLOCATE|[14]|Bytes:4
13:18:46.0 (87142681)|HEAP_ALLOCATE|[14]|Bytes:11
13:18:46.0 (87203404)|VARIABLE_ASSIGNMENT|[14]|this.Name|"Oportunidad"|0x24d93d5c
13:18:46.0 (87295459)|HEAP_ALLOCATE|[15]|Bytes:4
13:18:46.0 (87357320)|VARIABLE_ASSIGNMENT|[14]|this.CloseDate|"2020-01-11T00:00:00.000Z"|0x24d93d5c
13:18:46.0 (87366091)|HEAP_ALLOCATE|[16]|Bytes:11
13:18:46.0 (87383697)|VARIABLE_ASSIGNMENT|[14]|this.StageName|"Prospecting"|0x24d93d5c
13:18:46.0 (87418566)|VARIABLE_ASSIGNMENT|[14]|this.AccountId|"0011r00001nnbvAAAQ"|0x24d93d5c
13:18:46.0 (87454002)|VARIABLE_SCOPE_BEGIN|[14]|oOpportunity|Opportunity|true|false
13:18:46.0 (87482558)|VARIABLE_ASSIGNMENT|[14]|oOpportunity|{"Name":"Oportunidad","CloseDate":"2020-01-11T00:00:00.000Z","StageName":"Prospecting","AccountId":"0011r00001nnbvAAAQ"}|0x24d93d5c
13:18:46.0 (87490334)|STATEMENT_EXECUTE|[18]
13:18:46.0 (87507758)|HEAP_ALLOCATE|[18]|Bytes:8
13:18:46.0 (87514833)|DML_BEGIN|[18]|Op:Insert|Type:Opportunity|Rows:1
13:18:46.0 (87554864)|HEAP_ALLOCATE|[EXTERNAL]|Bytes:8
13:18:46.0 (136654240)|CODE_UNIT_STARTED|[EXTERNAL]|01q1r000000Bcgl|ClosedOpportunityTrigger on Opportunity trigger event AfterInsert
13:18:46.0 (136724692)|HEAP_ALLOCATE|[EXTERNAL]|Bytes:8
13:18:46.0 (137010090)|HEAP_ALLOCATE|[EXTERNAL]|Bytes:8
13:18:46.0 (137027992)|VARIABLE_SCOPE_BEGIN|[1]|this|ClosedOpportunityTrigger|true|false
13:18:46.0 (137099687)|VARIABLE_ASSIGNMENT|[1]|this|{}|0x6abe9f90
13:18:46.0 (137224355)|HEAP_ALLOCATE|[EXTERNAL]|Bytes:8
13:18:46.0 (137237333)|VARIABLE_SCOPE_BEGIN|[1]|this|ClosedOpportunityTrigger|true|false
13:18:46.0 (137257652)|VARIABLE_ASSIGNMENT|[1]|this|{}|0x6abe9f90
13:18:46.0 (137273603)|STATEMENT_EXECUTE|[1]
13:18:46.0 (137277075)|STATEMENT_EXECUTE|[3]
13:18:46.0 (137349625)|HEAP_ALLOCATE|[3]|Bytes:4
13:18:46.0 (137561012)|HEAP_ALLOCATE|[EXTERNAL]|Bytes:4
13:18:46.0 (137580358)|VARIABLE_ASSIGNMENT|[3]|this.taskList|[]|0x6abe9f90
13:18:46.0 (137597706)|HEAP_ALLOCATE|[5]|Bytes:89
13:18:46.0 (137623428)|HEAP_ALLOCATE|[5]|Bytes:4
13:18:46.0 (137650361)|HEAP_ALLOCATE|[5]|Bytes:7
13:18:46.0 (138012967)|SOQL_EXECUTE_BEGIN|[5]|Aggregations:0|SELECT Id, StageName FROM Opportunity 
13:18:46.0 (143815985)|SOQL_EXECUTE_END|[5]|Rows:0
13:18:46.0 (144005011)|HEAP_ALLOCATE|[5]|Bytes:54
13:18:46.0 (144016521)|HEAP_ALLOCATE|[5]|Bytes:8
13:18:46.0 (144044360)|SYSTEM_METHOD_ENTRY|[7]|QueryLocatorIterator.QueryLocatorIterator()
13:18:46.0 (144049908)|STATEMENT_EXECUTE|[7]
13:18:46.0 (144060165)|SYSTEM_METHOD_EXIT|[7]|QueryLocatorIterator
13:18:46.0 (144068592)|HEAP_ALLOCATE|[5]|Bytes:28
13:18:46.0 (144085311)|HEAP_ALLOCATE|[5]|Bytes:8
13:18:46.0 (144088885)|HEAP_ALLOCATE|[5]|Bytes:8
13:18:46.0 (144094760)|VARIABLE_SCOPE_BEGIN|[15]|this|Database.QueryLocatorIterator|true|false
13:18:46.0 (144141173)|VARIABLE_ASSIGNMENT|[15]|this|{}|0x622e1934
13:18:46.0 (144148385)|VARIABLE_SCOPE_BEGIN|[15]|values|List<SObject>|true|false
13:18:46.0 (144157374)|VARIABLE_ASSIGNMENT|[15]|values|null|
13:18:46.0 (144162182)|VARIABLE_SCOPE_BEGIN|[15]|ql|Database.QueryLocator|true|false
13:18:46.0 (144182754)|VARIABLE_ASSIGNMENT|[15]|ql|{"query":"SELECT Id, StageName (69 more) ..."}|0x554965fc
13:18:46.0 (144188316)|VARIABLE_SCOPE_BEGIN|[15]|totalNumRecords|Integer|false|false
13:18:46.0 (144196764)|VARIABLE_ASSIGNMENT|[15]|totalNumRecords|0
13:18:46.0 (144201153)|VARIABLE_SCOPE_BEGIN|[15]|queryMoreSize|Integer|false|false
13:18:46.0 (144207484)|VARIABLE_ASSIGNMENT|[15]|queryMoreSize|50000
13:18:46.0 (144306266)|HEAP_ALLOCATE|[5]|Bytes:28
13:18:46.0 (144360792)|METHOD_ENTRY|[5]||Database.QueryLocatorIterator.hasNext()
13:18:46.0 (144400535)|METHOD_EXIT|[5]||Database.QueryLocatorIterator.hasNext()
13:18:46.0 (144419359)|VARIABLE_ASSIGNMENT|[5]|opp|null|
13:18:46.0 (144431495)|STATEMENT_EXECUTE|[5]
13:18:46.0 (144485682)|STATEMENT_EXECUTE|[12]
13:18:46.144 (144493545)|CUMULATIVE_LIMIT_USAGE
13:18:46.144 (144493545)|LIMIT_USAGE_FOR_NS|(default)|
  Number of SOQL queries: 1 out of 100
  Number of query rows: 0 out of 50000
  Number of SOSL queries: 0 out of 20
  Number of DML statements: 3 out of 150
  Number of DML rows: 3 out of 10000
  Maximum CPU time: 0 out of 10000
  Maximum heap size: 0 out of 6000000
  Number of callouts: 0 out of 100
  Number of Email Invocations: 0 out of 10
  Number of future calls: 0 out of 50
  Number of queueable jobs added to the queue: 0 out of 50
  Number of Mobile Apex push calls: 0 out of 10

13:18:46.144 (144493545)|CUMULATIVE_LIMIT_USAGE_END

13:18:46.0 (145803387)|CODE_UNIT_FINISHED|ClosedOpportunityTrigger on Opportunity trigger event AfterInsert
13:18:46.0 (147033705)|DML_END|[18]
13:18:46.0 (147053620)|STATEMENT_EXECUTE|[20]
13:18:46.0 (147079886)|HEAP_ALLOCATE|[20]|Bytes:4
13:18:46.0 (147114272)|VARIABLE_SCOPE_BEGIN|[20]|listTask|List<Task>|true|false
13:18:46.0 (147126266)|HEAP_ALLOCATE|[EXTERNAL]|Bytes:4
13:18:46.0 (147142512)|VARIABLE_ASSIGNMENT|[20]|listTask|[]|0x5321fa5d
13:18:46.0 (147149113)|STATEMENT_EXECUTE|[22]
13:18:46.0 (147168927)|HEAP_ALLOCATE|[22]|Bytes:4
13:18:46.0 (147245257)|HEAP_ALLOCATE|[22]|Bytes:4
13:18:46.0 (147298091)|VARIABLE_ASSIGNMENT|[22]|this.Subject|"Task"|0x4154beb4
13:18:46.0 (147308996)|HEAP_ALLOCATE|[23]|Bytes:6
13:18:46.0 (147350267)|VARIABLE_ASSIGNMENT|[22]|this.Priority|"Normal"|0x4154beb4
13:18:46.0 (147363834)|HEAP_ALLOCATE|[24]|Bytes:11
13:18:46.0 (147388987)|VARIABLE_ASSIGNMENT|[22]|this.Status|"Not Started"|0x4154beb4
13:18:46.0 (147445574)|VARIABLE_ASSIGNMENT|[22]|this.WhatId|"0011r00001nnbvAAAQ"|0x4154beb4
13:18:46.0 (147523651)|HEAP_ALLOCATE|[26]|Bytes:4
13:18:46.0 (147606629)|VARIABLE_ASSIGNMENT|[22]|this.ActivityDate|"2020-01-11T00:00:00.000Z"|0x4154beb4
13:18:46.0 (147652643)|VARIABLE_SCOPE_BEGIN|[22]|oTask|Task|true|false
13:18:46.0 (147686203)|VARIABLE_ASSIGNMENT|[22]|oTask|{"Subject":"Task","Priority":"Normal","Status":"Not Started","WhatId":"0011r00001nnbvAAAQ","ActivityDate":"2020-01-11T00:00:00.000Z"}|0x4154beb4
13:18:46.0 (147697772)|STATEMENT_EXECUTE|[28]
13:18:46.0 (147741482)|HEAP_ALLOCATE|[EXTERNAL]|Bytes:4
13:18:46.0 (147755914)|STATEMENT_EXECUTE|[30]
13:18:46.0 (147777619)|HEAP_ALLOCATE|[30]|Bytes:4
13:18:46.0 (147810684)|VARIABLE_ASSIGNMENT|[30]|this.Subject|"Task"|0x6daedaf6
13:18:46.0 (147834613)|VARIABLE_ASSIGNMENT|[30]|this.Priority|"Normal"|0x6daedaf6
13:18:46.0 (147853875)|VARIABLE_ASSIGNMENT|[30]|this.Status|"Not Started"|0x6daedaf6
13:18:46.0 (147900145)|VARIABLE_ASSIGNMENT|[30]|this.WhatId|"0061r00000vk6jYAAQ"|0x6daedaf6
13:18:46.0 (147951963)|HEAP_ALLOCATE|[34]|Bytes:4
13:18:46.0 (147993873)|VARIABLE_ASSIGNMENT|[30]|this.ActivityDate|"2020-01-11T00:00:00.000Z"|0x6daedaf6
13:18:46.0 (148037182)|VARIABLE_SCOPE_BEGIN|[30]|oTask2|Task|true|false
13:18:46.0 (148067253)|VARIABLE_ASSIGNMENT|[30]|oTask2|{"Subject":"Task","Priority":"Normal","Status":"Not Started","WhatId":"0061r00000vk6jYAAQ","ActivityDate":"2020-01-11T00:00:00.000Z"}|0x6daedaf6
13:18:46.0 (148078081)|STATEMENT_EXECUTE|[36]
13:18:46.0 (148111576)|HEAP_ALLOCATE|[EXTERNAL]|Bytes:4
13:18:46.0 (148124522)|STATEMENT_EXECUTE|[38]
13:18:46.0 (148184077)|DML_BEGIN|[38]|Op:Insert|Type:Task|Rows:2
13:18:46.0 (148219269)|HEAP_ALLOCATE|[EXTERNAL]|Bytes:12
13:18:46.0 (181997289)|DML_END|[38]
13:18:46.0 (182066820)|HEAP_ALLOCATE|[EXTERNAL]|Bytes:12
13:18:46.0 (182090194)|STATEMENT_EXECUTE|[40]
13:18:46.0 (182215278)|USER_DEBUG|[40]|DEBUG|Task:{Subject=Task, Priority=Normal, Status=Not Started, WhatId=0011r00001nnbvAAAQ, ActivityDate=2020-01-11 00:00:00, Id=00T1r00004C4ncmEAB}
13:18:46.0 (182230104)|STATEMENT_EXECUTE|[42]
13:18:46.0 (182262503)|USER_DEBUG|[42]|DEBUG|Task:{Subject=Task, Priority=Normal, Status=Not Started, WhatId=0061r00000vk6jYAAQ, ActivityDate=2020-01-11 00:00:00, Id=00T1r00004C4ncnEAB}
13:18:46.0 (182461678)|HEAP_ALLOCATE|[44]|Bytes:5
13:18:46.0 (182504381)|HEAP_ALLOCATE|[44]|Bytes:28
13:18:46.0 (182517082)|VARIABLE_SCOPE_BEGIN|[44]|inTask|Task|true|false
13:18:46.0 (182572210)|VARIABLE_ASSIGNMENT|[44]|inTask|{"Subject":"Task","Priority":"Normal","Status":"Not Started","WhatId":"0011r00001nnbvAAAQ","ActivityDate":"2020-01-11T00:00:00.000Z","Id":"00T1r00004C4ncmEAB"}|0x4154beb4
13:18:46.0 (182582568)|STATEMENT_EXECUTE|[44]
13:18:46.0 (182584758)|STATEMENT_EXECUTE|[45]
13:18:46.0 (182590004)|HEAP_ALLOCATE|[45]|Bytes:9
13:18:46.0 (182642008)|VARIABLE_ASSIGNMENT|[45]|this.Status|"Completed"|0x4154beb4
13:18:46.0 (182658827)|HEAP_ALLOCATE|[44]|Bytes:5
13:18:46.0 (182669359)|HEAP_ALLOCATE|[44]|Bytes:28
13:18:46.0 (182675700)|VARIABLE_SCOPE_BEGIN|[44]|inTask|Task|true|false
13:18:46.0 (182693881)|VARIABLE_ASSIGNMENT|[44]|inTask|{"Subject":"Task","Priority":"Normal","Status":"Not Started","WhatId":"0061r00000vk6jYAAQ","ActivityDate":"2020-01-11T00:00:00.000Z","Id":"00T1r00004C4ncnEAB"}|0x6daedaf6
13:18:46.0 (182701579)|STATEMENT_EXECUTE|[44]
13:18:46.0 (182703349)|STATEMENT_EXECUTE|[45]
13:18:46.0 (182723359)|VARIABLE_ASSIGNMENT|[45]|this.Status|"Completed"|0x6daedaf6
13:18:46.0 (182736299)|HEAP_ALLOCATE|[44]|Bytes:5
13:18:46.0 (182748559)|VARIABLE_ASSIGNMENT|[44]|inTask|null|
13:18:46.0 (182755478)|STATEMENT_EXECUTE|[48]
13:18:46.0 (182795382)|USER_DEBUG|[48]|DEBUG|Task:{Subject=Task, Priority=Normal, Status=Completed, WhatId=0011r00001nnbvAAAQ, ActivityDate=2020-01-11 00:00:00, Id=00T1r00004C4ncmEAB}
13:18:46.0 (182806383)|STATEMENT_EXECUTE|[50]
13:18:46.0 (182833099)|USER_DEBUG|[50]|DEBUG|Task:{Subject=Task, Priority=Normal, Status=Completed, WhatId=0061r00000vk6jYAAQ, ActivityDate=2020-01-11 00:00:00, Id=00T1r00004C4ncnEAB}
13:18:46.0 (182841435)|STATEMENT_EXECUTE|[52]
13:18:46.0 (182895642)|USER_DEBUG|[52]|DEBUG|(Task:{Subject=Task, Priority=Normal, Status=Completed, WhatId=0011r00001nnbvAAAQ, ActivityDate=2020-01-11 00:00:00, Id=00T1r00004C4ncmEAB}, Task:{Subject=Task, Priority=Normal, Status=Completed, WhatId=0061r00000vk6jYAAQ, ActivityDate=2020-01-11 00:00:00, Id=00T1r00004C4ncnEAB})
13:18:46.0 (182907248)|STATEMENT_EXECUTE|[54]
13:18:46.0 (182937733)|DML_BEGIN|[54]|Op:Update|Type:Task|Rows:2
13:18:46.0 (182975157)|HEAP_ALLOCATE|[EXTERNAL]|Bytes:12
13:18:46.0 (210189171)|CODE_UNIT_STARTED|[EXTERNAL]|01q1r000000j6Yv|TaskTrigger on Task trigger event AfterUpdate
13:18:46.0 (210232390)|HEAP_ALLOCATE|[EXTERNAL]|Bytes:12
13:18:46.0 (210274714)|HEAP_ALLOCATE|[EXTERNAL]|Bytes:12
13:18:46.0 (210403808)|HEAP_ALLOCATE|[EXTERNAL]|Bytes:12
13:18:46.0 (210423393)|VARIABLE_SCOPE_BEGIN|[1]|this|TaskTrigger|true|false
13:18:46.0 (210494656)|VARIABLE_ASSIGNMENT|[1]|this|{}|0x7c744ae1
13:18:46.0 (210548995)|HEAP_ALLOCATE|[EXTERNAL]|Bytes:12
13:18:46.0 (210611891)|VARIABLE_SCOPE_BEGIN|[1]|this|TaskTrigger|true|false
13:18:46.0 (210628153)|VARIABLE_ASSIGNMENT|[1]|this|{}|0x7c744ae1
13:18:46.0 (210639390)|STATEMENT_EXECUTE|[1]
13:18:46.0 (210642100)|STATEMENT_EXECUTE|[3]
13:18:46.0 (214132370)|VARIABLE_ASSIGNMENT|[3]|this.listNew|[{"Status":"Completed","LastModifiedDate":"2018-04-13T11:18:47.000Z","IsDeleted":false,"AccountId":"0011r00001nnbvAAAQ","WhatId":"0011r00001nnbvAAAQ","ActivityDate":"2020-01-11T00:00:00.000Z","Priority":"Normal","IsHighPriority":false,"IsClosed":true,"IsRecurrence":false,"Subject":"Task","SystemModstamp":"2018-04-13T11:18:47.000Z","IsArchived":false,"CreatedById":"0051r000007Oz5QAAS","TaskSubtype":"Task","OwnerId":"0051r000007Oz5QAAS","CreatedDate":"2018-04-13T11:18:47.000Z","Id":"00T1r00004C4ncmEAB","DB_Activity_Type__c":"Other","IsReminderSet":false,"LastModifiedById":"0051r000007Oz5QAAS"},{"Status":"Completed","LastModifiedDate":"2018-04-13T11:18:47.000Z","IsDeleted":false,"AccountId":"0011r00001nnbvAAAQ","WhatId":"0061r00000vk6jYAAQ","ActivityDate":"2020-01-11T00:00:00.000Z","Priority":"Normal","IsHighPriority":false,"IsClosed":true,"IsRecurrence":false,"Subject":"Task","SystemModstamp":"2018-04-13T11:18:47.000Z","IsArchived":false,"CreatedById":"0051r000007Oz5QAAS","TaskSubtype":"Task","OwnerId":"0051r000007Oz5QAAS","CreatedDate":"2018-04-13T11:18:47.000Z","Id":"00T1r00004C4ncnEAB","DB_Activity_Type__c":"Other","IsReminderSet":false,"LastModifiedById":"0051r000007Oz5QAAS"}]|0x7c744ae1
13:18:46.0 (214164419)|STATEMENT_EXECUTE|[5]
13:18:46.0 (216161622)|VARIABLE_ASSIGNMENT|[5]|this.mapOld|{"00T1r00004C4ncmEAB":{"Status":"Not Started","LastModifiedDate":"2018-04-13T11:18:47.000Z","IsDeleted":false,"AccountId":"0011r00001nnbvAAAQ","WhatId":"0011r00001nnbvAAAQ","ActivityDate":"2020-01-11T00:00:00.000Z","Priority":"Normal","IsHighPriority":false,"IsClosed":false,"IsRecurrence":false,"Subject":"Task","SystemModstamp":"2018-04-13T11:18:47.000Z","IsArchived":false,"CreatedById":"0051r000007Oz5QAAS","TaskSubtype":"Task","OwnerId":"0051r000007Oz5QAAS","CreatedDate":"2018-04-13T11:18:47.000Z","Id":"00T1r00004C4ncmEAB","DB_Activity_Type__c":"Other","IsReminderSet":false,"LastModifiedById":"0051r000007Oz5QAAS"},"00T1r00004C4ncnEAB":{"Status":"Not Started","LastModifiedDate":"2018-04-13T11:18:47.000Z","IsDeleted":false,"AccountId":"0011r00001nnbvAAAQ","WhatId":"0061r00000vk6jYAAQ","ActivityDate":"2020-01-11T00:00:00.000Z","Priority":"Normal","IsHighPriority":false,"IsClosed":false,"IsRecurrence":false,"Subject":"Task","SystemModstamp":"2018-04-13T11:18:47.000Z","IsArchived":false,"CreatedById":"0051r000007Oz5QAAS","TaskSubtype":"Task","OwnerId":"0051r000007Oz5QAAS","CreatedDate":"2018-04-13T11:18:47.000Z","Id":"00T1r00004C4ncnEAB","DB_Activity_Type__c":"Other","IsReminderSet":false,"LastModifiedById":"0051r000007Oz5QAAS"}}|0x7c744ae1
13:18:46.0 (216200240)|STATEMENT_EXECUTE|[8]
13:18:46.0 (216207058)|STATEMENT_EXECUTE|[9]
13:18:46.0 (216209182)|STATEMENT_EXECUTE|[10]
13:18:46.0 (217631673)|HEAP_ALLOCATE|[10]|Bytes:1
13:18:46.0 (217657652)|METHOD_ENTRY|[1]|01p1r000009oS6S|TaskMethods.TaskMethods()
13:18:46.0 (217666594)|STATEMENT_EXECUTE|[1]
13:18:46.0 (217672667)|STATEMENT_EXECUTE|[1]
13:18:46.0 (218057177)|SYSTEM_MODE_ENTER|false
13:18:46.0 (218071345)|HEAP_ALLOCATE|[10]|Bytes:5
13:18:46.0 (218079572)|SYSTEM_MODE_EXIT|false
13:18:46.0 (218091427)|METHOD_EXIT|[1]|TaskMethods
13:18:46.0 (218118566)|METHOD_ENTRY|[10]|01p1r000009oS6S|TaskMethods.CerrarTarea(List<Task>)
13:18:46.0 (218156714)|VARIABLE_SCOPE_BEGIN|[3]|listTask|List<Task>|true|false
13:18:46.0 (219012822)|VARIABLE_ASSIGNMENT|[3]|listTask|[{"Status":"Completed","LastModifiedDate":"2018-04-13T11:18:47.000Z","IsDeleted":false,"AccountId":"0011r00001nnbvAAAQ","WhatId":"0011r00001nnbvAAAQ","ActivityDate":"2020-01-11T00:00:00.000Z","Priority":"Normal","IsHighPriority":false,"IsClosed":true,"IsRecurrence":false,"Subject":"Task","SystemModstamp":"2018-04-13T11:18:47.000Z","IsArchived":false,"CreatedById":"0051r000007Oz5QAAS","TaskSubtype":"Task","OwnerId":"0051r000007Oz5QAAS","CreatedDate":"2018-04-13T11:18:47.000Z","Id":"00T1r00004C4ncmEAB","DB_Activity_Type__c":"Other","IsReminderSet":false,"LastModifiedById":"0051r000007Oz5QAAS"},{"Status":"Completed","LastModifiedDate":"2018-04-13T11:18:47.000Z","IsDeleted":false,"AccountId":"0011r00001nnbvAAAQ","WhatId":"0061r00000vk6jYAAQ","ActivityDate":"2020-01-11T00:00:00.000Z","Priority":"Normal","IsHighPriority":false,"IsClosed":true,"IsRecurrence":false,"Subject":"Task","SystemModstamp":"2018-04-13T11:18:47.000Z","IsArchived":false,"CreatedById":"0051r000007Oz5QAAS","TaskSubtype":"Task","OwnerId":"0051r000007Oz5QAAS","CreatedDate":"2018-04-13T11:18:47.000Z","Id":"00T1r00004C4ncnEAB","DB_Activity_Type__c":"Other","IsReminderSet":false,"LastModifiedById":"0051r000007Oz5QAAS"}]|0x68e8cb53
13:18:46.0 (219061462)|SYSTEM_MODE_ENTER|false
13:18:46.0 (219069186)|HEAP_ALLOCATE|[5]|Bytes:5
13:18:46.0 (219075660)|STATEMENT_EXECUTE|[3]
13:18:46.0 (219125588)|STATEMENT_EXECUTE|[5]
13:18:46.0 (219127870)|STATEMENT_EXECUTE|[8]
13:18:46.0 (219171321)|HEAP_ALLOCATE|[8]|Bytes:4
13:18:46.0 (219179061)|HEAP_ALLOCATE|[8]|Bytes:22
13:18:46.0 (219190892)|HEAP_ALLOCATE|[8]|Bytes:4
13:18:46.0 (219295320)|SOQL_EXECUTE_BEGIN|[8]|Aggregations:0|SELECT Id FROM Account
13:18:46.0 (222440085)|SOQL_EXECUTE_END|[8]|Rows:2
13:18:46.0 (222459364)|HEAP_ALLOCATE|[8]|Bytes:12
13:18:46.0 (222472617)|HEAP_ALLOCATE|[8]|Bytes:58
13:18:46.0 (222514991)|HEAP_ALLOCATE|[8]|Bytes:12
13:18:46.0 (222553895)|HEAP_ALLOCATE|[8]|Bytes:8
13:18:46.0 (222565274)|HEAP_ALLOCATE|[8]|Bytes:18
13:18:46.0 (222570166)|HEAP_ALLOCATE|[8]|Bytes:8
13:18:46.0 (222575299)|HEAP_ALLOCATE|[8]|Bytes:18
13:18:46.0 (222584493)|VARIABLE_SCOPE_BEGIN|[8]|mapAllAccounts|Map<String,Account>|true|false
13:18:46.0 (222611652)|VARIABLE_ASSIGNMENT|[8]|mapAllAccounts|{"0011r00001nnbv9AAA":{"Id":"0011r00001nnbv9AAA"},"0011r00001nnbvAAAQ":{"Id":"0011r00001nnbvAAAQ"}}|0x3f3af23b
13:18:46.0 (222619496)|STATEMENT_EXECUTE|[9]
13:18:46.0 (222650145)|HEAP_ALLOCATE|[9]|Bytes:4
13:18:46.0 (222656199)|HEAP_ALLOCATE|[9]|Bytes:26
13:18:46.0 (222663995)|HEAP_ALLOCATE|[9]|Bytes:4
13:18:46.0 (222750288)|SOQL_EXECUTE_BEGIN|[9]|Aggregations:0|SELECT Id FROM Opportunity
13:18:46.0 (230100200)|SOQL_EXECUTE_END|[9]|Rows:1
13:18:46.0 (230119890)|HEAP_ALLOCATE|[9]|Bytes:8
13:18:46.0 (230131848)|HEAP_ALLOCATE|[9]|Bytes:29
13:18:46.0 (230162414)|HEAP_ALLOCATE|[9]|Bytes:8
13:18:46.0 (230193099)|HEAP_ALLOCATE|[9]|Bytes:8
13:18:46.0 (230203429)|HEAP_ALLOCATE|[9]|Bytes:18
13:18:46.0 (230213659)|VARIABLE_SCOPE_BEGIN|[9]|mapAllOportunities|Map<String,Opportunity>|true|false
13:18:46.0 (230238233)|VARIABLE_ASSIGNMENT|[9]|mapAllOportunities|{"0061r00000vk6jYAAQ":{"Id":"0061r00000vk6jYAAQ"}}|0x1de21552
13:18:46.0 (230249296)|STATEMENT_EXECUTE|[12]
13:18:46.0 (230265984)|HEAP_ALLOCATE|[12]|Bytes:4
13:18:46.0 (230322886)|VARIABLE_SCOPE_BEGIN|[12]|listAccountUpdate|List<Account>|true|false
13:18:46.0 (230339478)|HEAP_ALLOCATE|[EXTERNAL]|Bytes:4
13:18:46.0 (230350780)|VARIABLE_ASSIGNMENT|[12]|listAccountUpdate|[]|0x20a3537
13:18:46.0 (230357147)|STATEMENT_EXECUTE|[13]
13:18:46.0 (230368552)|HEAP_ALLOCATE|[13]|Bytes:4
13:18:46.0 (230396735)|VARIABLE_SCOPE_BEGIN|[13]|listOpportunityUpdate|List<Opportunity>|true|false
13:18:46.0 (230405744)|HEAP_ALLOCATE|[EXTERNAL]|Bytes:4
13:18:46.0 (230413366)|VARIABLE_ASSIGNMENT|[13]|listOpportunityUpdate|[]|0x60559ebe
13:18:46.0 (230419426)|STATEMENT_EXECUTE|[16]
13:18:46.0 (230433226)|HEAP_ALLOCATE|[16]|Bytes:4
13:18:46.0 (230459661)|VARIABLE_SCOPE_BEGIN|[16]|listAccountIds|Set<String>|true|false
13:18:46.0 (230484393)|VARIABLE_ASSIGNMENT|[16]|listAccountIds|[]|0x4daff054
13:18:46.0 (230490163)|STATEMENT_EXECUTE|[17]
13:18:46.0 (230495439)|HEAP_ALLOCATE|[17]|Bytes:4
13:18:46.0 (230510517)|VARIABLE_SCOPE_BEGIN|[17]|listOpportunityIds|Set<String>|true|false
13:18:46.0 (230525403)|VARIABLE_ASSIGNMENT|[17]|listOpportunityIds|[]|0x406a2436
13:18:46.0 (230571610)|HEAP_ALLOCATE|[20]|Bytes:5
13:18:46.0 (230594692)|VARIABLE_SCOPE_BEGIN|[20]|inTask|Task|true|false
13:18:46.0 (230846640)|VARIABLE_ASSIGNMENT|[20]|inTask|{"Status":"Completed","LastModifiedDate":"2018-04-13T11:18:47.000Z","IsDeleted":false,"AccountId":"0011r00001nnbvAAAQ","WhatId":"0011r00001nnbvAAAQ","ActivityDate":"2020-01-11T00:00:00.000Z","Priority":"Normal","IsHighPriority":false,"IsClosed":true,"IsRecurrence":false,"Subject":"Task","SystemModstamp":"2018-04-13T11:18:47.000Z","IsArchived":false,"CreatedById":"0051r000007Oz5QAAS","TaskSubtype":"Task","OwnerId":"0051r000007Oz5QAAS","CreatedDate":"2018-04-13T11:18:47.000Z","Id":"00T1r00004C4ncmEAB","DB_Activity_Type__c":"Other","IsReminderSet":false,"LastModifiedById":"0051r000007Oz5QAAS"}|0x139a0281
13:18:46.0 (230870268)|STATEMENT_EXECUTE|[20]
13:18:46.0 (230917039)|STATEMENT_EXECUTE|[21]
13:18:46.0 (230998854)|STATEMENT_EXECUTE|[22]
13:18:46.0 (231001302)|STATEMENT_EXECUTE|[24]
13:18:46.0 (231030412)|HEAP_ALLOCATE|[EXTERNAL]|Bytes:4
13:18:46.0 (231048898)|HEAP_ALLOCATE|[20]|Bytes:5
13:18:46.0 (231064328)|VARIABLE_SCOPE_BEGIN|[20]|inTask|Task|true|false
13:18:46.0 (231213680)|VARIABLE_ASSIGNMENT|[20]|inTask|{"Status":"Completed","LastModifiedDate":"2018-04-13T11:18:47.000Z","IsDeleted":false,"AccountId":"0011r00001nnbvAAAQ","WhatId":"0061r00000vk6jYAAQ","ActivityDate":"2020-01-11T00:00:00.000Z","Priority":"Normal","IsHighPriority":false,"IsClosed":true,"IsRecurrence":false,"Subject":"Task","SystemModstamp":"2018-04-13T11:18:47.000Z","IsArchived":false,"CreatedById":"0051r000007Oz5QAAS","TaskSubtype":"Task","OwnerId":"0051r000007Oz5QAAS","CreatedDate":"2018-04-13T11:18:47.000Z","Id":"00T1r00004C4ncnEAB","DB_Activity_Type__c":"Other","IsReminderSet":false,"LastModifiedById":"0051r000007Oz5QAAS"}|0x6d69a8d8
13:18:46.0 (231229148)|STATEMENT_EXECUTE|[20]
13:18:46.0 (231245437)|STATEMENT_EXECUTE|[21]
13:18:46.0 (231320247)|STATEMENT_EXECUTE|[25]
13:18:46.0 (231322499)|STATEMENT_EXECUTE|[26]
13:18:46.0 (231347911)|HEAP_ALLOCATE|[EXTERNAL]|Bytes:4
13:18:46.0 (231365258)|HEAP_ALLOCATE|[20]|Bytes:5
13:18:46.0 (231380409)|VARIABLE_ASSIGNMENT|[20]|inTask|null|
13:18:46.0 (231386316)|STATEMENT_EXECUTE|[32]
13:18:46.0 (231403043)|HEAP_ALLOCATE|[32]|Bytes:4
13:18:46.0 (231412100)|HEAP_ALLOCATE|[32]|Bytes:57
13:18:46.0 (231428036)|HEAP_ALLOCATE|[32]|Bytes:4
13:18:46.0 (231479609)|HEAP_ALLOCATE|[32]|Bytes:8
13:18:46.0 (231489931)|HEAP_ALLOCATE|[32]|Bytes:8
13:18:46.0 (231650175)|SOQL_EXECUTE_BEGIN|[32]|Aggregations:0|SELECT Id, AccountId FROM Opportunity WHERE id = :tmpVar1
13:18:46.0 (236217625)|SOQL_EXECUTE_END|[32]|Rows:1
13:18:46.0 (236275824)|HEAP_ALLOCATE|[32]|Bytes:8
13:18:46.0 (236295601)|HEAP_ALLOCATE|[32]|Bytes:60
13:18:46.0 (236334829)|HEAP_ALLOCATE|[32]|Bytes:8
13:18:46.0 (236359547)|HEAP_ALLOCATE|[32]|Bytes:12
13:18:46.0 (236373544)|HEAP_ALLOCATE|[32]|Bytes:18
13:18:46.0 (236384850)|VARIABLE_SCOPE_BEGIN|[32]|mapOportunity|Map<String,Opportunity>|true|false
13:18:46.0 (236424450)|VARIABLE_ASSIGNMENT|[32]|mapOportunity|{"0061r00000vk6jYAAQ":{"Id":"0061r00000vk6jYAAQ","AccountId":"0011r00001nnbvAAAQ"}}|0x442b3ed7
13:18:46.0 (236447027)|HEAP_ALLOCATE|[35]|Bytes:4
13:18:46.0 (236494745)|HEAP_ALLOCATE|[35]|Bytes:4
13:18:46.0 (236532242)|HEAP_ALLOCATE|[35]|Bytes:5
13:18:46.0 (236552850)|VARIABLE_SCOPE_BEGIN|[35]|idOportunity|String|false|false
13:18:46.0 (236569734)|VARIABLE_ASSIGNMENT|[35]|idOportunity|"0061r00000vk6jYAAQ"
13:18:46.0 (236579117)|STATEMENT_EXECUTE|[35]
13:18:46.0 (236582536)|STATEMENT_EXECUTE|[36]
13:18:46.0 (236666457)|HEAP_ALLOCATE|[EXTERNAL]|Bytes:4
13:18:46.0 (236687386)|HEAP_ALLOCATE|[35]|Bytes:5
13:18:46.0 (236704907)|VARIABLE_ASSIGNMENT|[35]|idOportunity|null
13:18:46.0 (236714113)|STATEMENT_EXECUTE|[42]
13:18:46.0 (236733101)|HEAP_ALLOCATE|[42]|Bytes:4
13:18:46.0 (236741755)|HEAP_ALLOCATE|[42]|Bytes:91
13:18:46.0 (236752814)|HEAP_ALLOCATE|[42]|Bytes:4
13:18:46.0 (236787271)|HEAP_ALLOCATE|[42]|Bytes:8
13:18:46.0 (236800014)|HEAP_ALLOCATE|[42]|Bytes:8
13:18:46.0 (237013260)|SOQL_EXECUTE_BEGIN|[42]|Aggregations:0|SELECT Id, Fecha_ltima_actividad_m_s_reciente__c, ParentId FROM Account WHERE id = :tmpVar1
13:18:46.0 (240290713)|SOQL_EXECUTE_END|[42]|Rows:1
13:18:46.0 (240319247)|HEAP_ALLOCATE|[42]|Bytes:8
13:18:46.0 (240343777)|HEAP_ALLOCATE|[42]|Bytes:104
13:18:46.0 (240376944)|HEAP_ALLOCATE|[42]|Bytes:8
13:18:46.0 (240393508)|HEAP_ALLOCATE|[42]|Bytes:16
13:18:46.0 (240402695)|HEAP_ALLOCATE|[42]|Bytes:18
13:18:46.0 (240415360)|VARIABLE_SCOPE_BEGIN|[42]|mapAccount|Map<String,Account>|true|false
13:18:46.0 (240452711)|VARIABLE_ASSIGNMENT|[42]|mapAccount|{"0011r00001nnbvAAAQ":{"Id":"0011r00001nnbvAAAQ","Fecha_ltima_activida (17 more) ...":"2018-01-11T00:00:00.000Z","ParentId":"0011r00001nnbv9AAA"}}|0xead873d
13:18:46.0 (240498698)|HEAP_ALLOCATE|[45]|Bytes:5
13:18:46.0 (240522670)|VARIABLE_SCOPE_BEGIN|[45]|inTask|Task|true|false
13:18:46.0 (240779384)|VARIABLE_ASSIGNMENT|[45]|inTask|{"Status":"Completed","LastModifiedDate":"2018-04-13T11:18:47.000Z","IsDeleted":false,"AccountId":"0011r00001nnbvAAAQ","WhatId":"0011r00001nnbvAAAQ","ActivityDate":"2020-01-11T00:00:00.000Z","Priority":"Normal","IsHighPriority":false,"IsClosed":true,"IsRecurrence":false,"Subject":"Task","SystemModstamp":"2018-04-13T11:18:47.000Z","IsArchived":false,"CreatedById":"0051r000007Oz5QAAS","TaskSubtype":"Task","OwnerId":"0051r000007Oz5QAAS","CreatedDate":"2018-04-13T11:18:47.000Z","Id":"00T1r00004C4ncmEAB","DB_Activity_Type__c":"Other","IsReminderSet":false,"LastModifiedById":"0051r000007Oz5QAAS"}|0x139a0281
13:18:46.0 (240805737)|STATEMENT_EXECUTE|[45]
13:18:46.0 (240970556)|STATEMENT_EXECUTE|[47]
13:18:46.0 (240974529)|STATEMENT_EXECUTE|[49]
13:18:46.0 (241081185)|VARIABLE_ASSIGNMENT|[49]|this.Fecha_ltima_actividad_m_s_reciente__c|"2020-01-11T00:00:00.000Z"|0x5730ca69
13:18:46.0 (241095001)|STATEMENT_EXECUTE|[50]
13:18:46.0 (241151474)|HEAP_ALLOCATE|[EXTERNAL]|Bytes:4
13:18:46.0 (241173831)|HEAP_ALLOCATE|[45]|Bytes:5
13:18:46.0 (241194893)|VARIABLE_SCOPE_BEGIN|[45]|inTask|Task|true|false
13:18:46.0 (241435453)|VARIABLE_ASSIGNMENT|[45]|inTask|{"Status":"Completed","LastModifiedDate":"2018-04-13T11:18:47.000Z","IsDeleted":false,"AccountId":"0011r00001nnbvAAAQ","WhatId":"0061r00000vk6jYAAQ","ActivityDate":"2020-01-11T00:00:00.000Z","Priority":"Normal","IsHighPriority":false,"IsClosed":true,"IsRecurrence":false,"Subject":"Task","SystemModstamp":"2018-04-13T11:18:47.000Z","IsArchived":false,"CreatedById":"0051r000007Oz5QAAS","TaskSubtype":"Task","OwnerId":"0051r000007Oz5QAAS","CreatedDate":"2018-04-13T11:18:47.000Z","Id":"00T1r00004C4ncnEAB","DB_Activity_Type__c":"Other","IsReminderSet":false,"LastModifiedById":"0051r000007Oz5QAAS"}|0x6d69a8d8
13:18:46.0 (241461999)|STATEMENT_EXECUTE|[45]
13:18:46.0 (241558033)|EXCEPTION_THROWN|[47]|System.NullPointerException: Attempt to de-reference a null object
13:18:46.0 (241672745)|HEAP_ALLOCATE|[47]|Bytes:41
13:18:46.0 (241688169)|SYSTEM_MODE_EXIT|false
13:18:46.0 (241703359)|METHOD_EXIT|[10]|01p1r000009oS6S|TaskMethods.CerrarTarea(List<Task>)
13:18:46.0 (241782224)|FATAL_ERROR|System.NullPointerException: Attempt to de-reference a null object

Class.TaskMethods.CerrarTarea: line 47, column 1
Trigger.TaskTrigger: line 10, column 1
13:18:46.0 (241795333)|FATAL_ERROR|System.NullPointerException: Attempt to de-reference a null object

Class.TaskMethods.CerrarTarea: line 47, column 1
Trigger.TaskTrigger: line 10, column 1
13:18:46.241 (241863097)|CUMULATIVE_LIMIT_USAGE
13:18:46.241 (241863097)|LIMIT_USAGE_FOR_NS|(default)|
  Number of SOQL queries: 5 out of 100
  Number of query rows: 5 out of 50000
  Number of SOSL queries: 0 out of 20
  Number of DML statements: 5 out of 150
  Number of DML rows: 7 out of 10000
  Maximum CPU time: 0 out of 10000
  Maximum heap size: 0 out of 6000000
  Number of callouts: 0 out of 100
  Number of Email Invocations: 0 out of 10
  Number of future calls: 0 out of 50
  Number of queueable jobs added to the queue: 0 out of 50
  Number of Mobile Apex push calls: 0 out of 10

13:18:46.241 (241863097)|CUMULATIVE_LIMIT_USAGE_END

13:18:46.0 (243033727)|CODE_UNIT_FINISHED|TaskTrigger on Task trigger event AfterUpdate
13:18:46.0 (245469110)|DML_END|[54]
13:18:46.0 (245614544)|EXCEPTION_THROWN|[54]|System.DmlException: Update failed. First exception on row 0 with id 00T1r00004C4ncmEAB; first error: CANNOT_INSERT_UPDATE_ACTIVATE_ENTITY, TaskTrigger: execution of AfterUpdate

caused by: System.NullPointerException: Attempt to de-reference a null object

Class.TaskMethods.CerrarTarea: line 47, column 1
Trigger.TaskTrigger: line 10, column 1: []
13:18:46.0 (245971604)|HEAP_ALLOCATE|[54]|Bytes:332
13:18:46.0 (246066473)|FATAL_ERROR|System.DmlException: Update failed. First exception on row 0 with id 00T1r00004C4ncmEAB; first error: CANNOT_INSERT_UPDATE_ACTIVATE_ENTITY, TaskTrigger: execution of AfterUpdate

caused by: System.NullPointerException: Attempt to de-reference a null object

Class.TaskMethods.CerrarTarea: line 47, column 1
Trigger.TaskTrigger: line 10, column 1: []

Class.TaskTest.testCerrarTarea: line 54, column 1
13:18:46.0 (246092900)|FATAL_ERROR|System.DmlException: Update failed. First exception on row 0 with id 00T1r00004C4ncmEAB; first error: CANNOT_INSERT_UPDATE_ACTIVATE_ENTITY, TaskTrigger: execution of AfterUpdate

caused by: System.NullPointerException: Attempt to de-reference a null object

Class.TaskMethods.CerrarTarea: line 47, column 1
Trigger.TaskTrigger: line 10, column 1: []

Class.TaskTest.testCerrarTarea: line 54, column 1
13:18:46.246 (246107681)|CUMULATIVE_LIMIT_USAGE
13:18:46.246 (246107681)|LIMIT_USAGE_FOR_NS|(default)|
  Number of SOQL queries: 1 out of 100
  Number of query rows: 0 out of 50000
  Number of SOSL queries: 0 out of 20
  Number of DML statements: 5 out of 150
  Number of DML rows: 7 out of 10000
  Maximum CPU time: 0 out of 10000
  Maximum heap size: 0 out of 6000000
  Number of callouts: 0 out of 100
  Number of Email Invocations: 0 out of 10
  Number of future calls: 0 out of 50
  Number of queueable jobs added to the queue: 0 out of 50
  Number of Mobile Apex push calls: 0 out of 10

13:18:46.246 (246107681)|CUMULATIVE_LIMIT_USAGE_END

13:18:46.0 (246136926)|CODE_UNIT_FINISHED|TaskTest.testCerrarTarea
13:18:46.0 (246947034)|EXECUTION_FINISHED
13:18:46.347 (347378643)|USER_INFO|[EXTERNAL]|0051r000007Oz5Q|lydia.abril@gmail.com|hora estándar de Europa central|GMT+02:00
13:18:46.347 (347403094)|EXECUTION_STARTED
13:18:46.347 (347408367)|CODE_UNIT_STARTED|[EXTERNAL]|DuplicateDetector
13:18:46.347 (347423444)|DUPLICATE_DETECTION_BEGIN
13:18:46.347 (347482431)|DUPLICATE_DETECTION_RULE_INVOCATION|DuplicateRuleId:0Bm1r0000018X88|DuplicateRuleName:Standard Account Duplicate Rule|DmlType:INSERT
13:18:46.347 (356306333)|DUPLICATE_DETECTION_END
13:18:46.347 (356316385)|CODE_UNIT_FINISHED|DuplicateDetector
13:18:46.347 (357146254)|EXECUTION_FINISHED
