42.0 APEX_CODE,FINEST;APEX_PROFILING,INFO;CALLOUT,INFO;DB,INFO;SYSTEM,DEBUG;VALIDATION,INFO;VISUALFORCE,INFO;WAVE,INFO;WORKFLOW,INFO
09:09:23.0 (419394)|USER_INFO|[EXTERNAL]|0051r000007Oz5Q|lydia.abril@gmail.com|hora estándar de Europa central|GMT+02:00
09:09:23.0 (453398)|EXECUTION_STARTED
09:09:23.0 (457005)|CODE_UNIT_STARTED|[EXTERNAL]|0661r000002CUXc|VF: /apex/OppView
09:09:23.8 (8154949)|CUMULATIVE_LIMIT_USAGE
09:09:23.8 (8154949)|LIMIT_USAGE_FOR_NS|(default)|
  Number of SOQL queries: 0 out of 100
  Number of query rows: 0 out of 50000
  Number of SOSL queries: 0 out of 20
  Number of DML statements: 0 out of 150
  Number of DML rows: 0 out of 10000
  Maximum CPU time: 0 out of 10000
  Maximum heap size: 0 out of 6000000
  Number of callouts: 0 out of 100
  Number of Email Invocations: 0 out of 10
  Number of future calls: 0 out of 50
  Number of queueable jobs added to the queue: 0 out of 50
  Number of Mobile Apex push calls: 0 out of 10

09:09:23.8 (8154949)|CUMULATIVE_LIMIT_USAGE_END

09:09:23.0 (8192297)|CODE_UNIT_FINISHED|VF: /apex/OppView
09:09:23.0 (8977195)|EXECUTION_FINISHED
