36.0 APEX_CODE,FINEST;APEX_PROFILING,INFO;CALLOUT,INFO;DB,INFO;SYSTEM,DEBUG;VALIDATION,INFO;VISUALFORCE,INFO;WAVE,INFO;WORKFLOW,INFO
10:52:21.0 (72234)|USER_INFO|[EXTERNAL]|0051r000007Oz5Q|lydia.abril@gmail.com|hora estándar de Europa central|GMT+02:00
10:52:21.0 (123661)|EXECUTION_STARTED
10:52:21.0 (127644)|CODE_UNIT_STARTED|[EXTERNAL]|TRIGGERS
10:52:21.0 (866901)|CODE_UNIT_STARTED|[EXTERNAL]|01q1r000000j3dJ|PasajeroTrigger on Pasajero trigger event BeforeInsert
10:52:21.0 (905290)|HEAP_ALLOCATE|[EXTERNAL]|Bytes:8
10:52:21.0 (1245812)|HEAP_ALLOCATE|[72]|Bytes:3
10:52:21.0 (1280319)|HEAP_ALLOCATE|[77]|Bytes:152
10:52:21.0 (1294581)|HEAP_ALLOCATE|[342]|Bytes:408
10:52:21.0 (1306011)|HEAP_ALLOCATE|[355]|Bytes:408
10:52:21.0 (1317994)|HEAP_ALLOCATE|[467]|Bytes:48
10:52:21.0 (1344200)|HEAP_ALLOCATE|[139]|Bytes:6
10:52:21.0 (1366104)|HEAP_ALLOCATE|[EXTERNAL]|Bytes:8
10:52:21.0 (1374940)|VARIABLE_SCOPE_BEGIN|[1]|this|PasajeroTrigger|true|false
10:52:21.0 (1419860)|VARIABLE_ASSIGNMENT|[1]|this|{}|0x139872f9
10:52:21.0 (1454066)|HEAP_ALLOCATE|[EXTERNAL]|Bytes:8
10:52:21.0 (1459890)|VARIABLE_SCOPE_BEGIN|[1]|this|PasajeroTrigger|true|false
10:52:21.0 (1472500)|VARIABLE_ASSIGNMENT|[1]|this|{}|0x139872f9
10:52:21.0 (1483697)|STATEMENT_EXECUTE|[1]
10:52:21.0 (1486134)|STATEMENT_EXECUTE|[4]
10:52:21.0 (1516239)|HEAP_ALLOCATE|[50]|Bytes:5
10:52:21.0 (1535260)|HEAP_ALLOCATE|[56]|Bytes:5
10:52:21.0 (1543891)|HEAP_ALLOCATE|[64]|Bytes:7
10:52:21.0 (1910146)|VARIABLE_ASSIGNMENT|[4]|this.listNew|[{"IsDeleted":false,"Nombre_pasajero__c":"bbbbb","Edad__c":12,"Nif__c":"11b11111B","Reserva__c":"a001r00000oUEbDAAW","Name":"bbbbb"}]|0x139872f9
10:52:21.0 (1929758)|STATEMENT_EXECUTE|[7]
10:52:21.0 (1937045)|STATEMENT_EXECUTE|[8]
10:52:21.0 (1938889)|STATEMENT_EXECUTE|[9]
10:52:21.0 (2038789)|HEAP_ALLOCATE|[9]|Bytes:7
10:52:21.0 (2046621)|HEAP_ALLOCATE|[9]|Bytes:2
10:52:21.0 (2055610)|METHOD_ENTRY|[1]|01p1r000008Zry1|PasajeroMethods.PasajeroMethods()
10:52:21.0 (2062602)|STATEMENT_EXECUTE|[1]
10:52:21.0 (2066583)|STATEMENT_EXECUTE|[1]
10:52:21.0 (2439640)|SYSTEM_MODE_ENTER|false
10:52:21.0 (2455091)|HEAP_ALLOCATE|[9]|Bytes:5
10:52:21.0 (2463774)|SYSTEM_MODE_EXIT|false
10:52:21.0 (2472947)|METHOD_EXIT|[1]|PasajeroMethods
10:52:21.0 (2486697)|METHOD_ENTRY|[9]|01p1r000008Zry1|PasajeroMethods.ValidarNif(List<Pasajero__c>)
10:52:21.0 (2506022)|VARIABLE_SCOPE_BEGIN|[65]|listNew|List<Pasajero__c>|true|false
10:52:21.0 (2603326)|VARIABLE_ASSIGNMENT|[65]|listNew|[{"IsDeleted":false,"Nombre_pasajero__c":"bbbbb","Edad__c":12,"Nif__c":"11b11111B","Reserva__c":"a001r00000oUEbDAAW","Name":"bbbbb"}]|0x2c52ba4f
10:52:21.0 (2625963)|SYSTEM_MODE_ENTER|false
10:52:21.0 (2632573)|HEAP_ALLOCATE|[67]|Bytes:5
10:52:21.0 (2639058)|STATEMENT_EXECUTE|[65]
10:52:21.0 (2695689)|STATEMENT_EXECUTE|[67]
10:52:21.0 (2698338)|STATEMENT_EXECUTE|[70]
10:52:21.0 (2702336)|HEAP_ALLOCATE|[70]|Bytes:30
10:52:21.0 (2718649)|HEAP_ALLOCATE|[70]|Bytes:4
10:52:21.0 (2844716)|SOQL_EXECUTE_BEGIN|[70]|Aggregations:0|SELECT Nif__c FROM Pasajero__c
10:52:21.0 (4254153)|SOQL_EXECUTE_END|[70]|Rows:3
10:52:21.0 (4273606)|HEAP_ALLOCATE|[70]|Bytes:16
10:52:21.0 (4288026)|HEAP_ALLOCATE|[70]|Bytes:144
10:52:21.0 (4314418)|HEAP_ALLOCATE|[70]|Bytes:16
10:52:21.0 (4326497)|VARIABLE_SCOPE_BEGIN|[70]|listPasajero|List<Pasajero__c>|true|false
10:52:21.0 (4350220)|VARIABLE_ASSIGNMENT|[70]|listPasajero|[{"Nif__c":"987654765","Id":"a021r00000dd60CAAQ"},{"Nif__c":"111222333","Id":"a021r00000dd5yHAAQ"},{"Nif__c":"111111111","Id":"a021r00000dd5xYAAQ"}]|0x35c07eb1
10:52:21.0 (4359304)|STATEMENT_EXECUTE|[72]
10:52:21.0 (4374358)|HEAP_ALLOCATE|[72]|Bytes:4
10:52:21.0 (4405374)|VARIABLE_SCOPE_BEGIN|[72]|listPasajeroNif|List<String>|true|false
10:52:21.0 (4429201)|HEAP_ALLOCATE|[EXTERNAL]|Bytes:4
10:52:21.0 (4439547)|VARIABLE_ASSIGNMENT|[72]|listPasajeroNif|[]|0x549f132b
10:52:21.0 (4551893)|HEAP_ALLOCATE|[74]|Bytes:5
10:52:21.0 (4568464)|HEAP_ALLOCATE|[74]|Bytes:12
10:52:21.0 (4576097)|VARIABLE_SCOPE_BEGIN|[74]|inPasajero|Pasajero__c|true|false
10:52:21.0 (4591494)|VARIABLE_ASSIGNMENT|[74]|inPasajero|{"Nif__c":"987654765","Id":"a021r00000dd60CAAQ"}|0x176a00cd
10:52:21.0 (4599123)|STATEMENT_EXECUTE|[74]
10:52:21.0 (4601336)|STATEMENT_EXECUTE|[75]
10:52:21.0 (4657414)|HEAP_ALLOCATE|[EXTERNAL]|Bytes:4
10:52:21.0 (4673611)|HEAP_ALLOCATE|[74]|Bytes:5
10:52:21.0 (4683854)|HEAP_ALLOCATE|[74]|Bytes:12
10:52:21.0 (4694477)|VARIABLE_SCOPE_BEGIN|[74]|inPasajero|Pasajero__c|true|false
10:52:21.0 (4707920)|VARIABLE_ASSIGNMENT|[74]|inPasajero|{"Nif__c":"111222333","Id":"a021r00000dd5yHAAQ"}|0x2169c167
10:52:21.0 (4714271)|STATEMENT_EXECUTE|[74]
10:52:21.0 (4716039)|STATEMENT_EXECUTE|[75]
10:52:21.0 (4725642)|HEAP_ALLOCATE|[EXTERNAL]|Bytes:4
10:52:21.0 (4735921)|HEAP_ALLOCATE|[74]|Bytes:5
10:52:21.0 (4744203)|HEAP_ALLOCATE|[74]|Bytes:12
10:52:21.0 (4749228)|VARIABLE_SCOPE_BEGIN|[74]|inPasajero|Pasajero__c|true|false
10:52:21.0 (4760068)|VARIABLE_ASSIGNMENT|[74]|inPasajero|{"Nif__c":"111111111","Id":"a021r00000dd5xYAAQ"}|0xdc3882a
10:52:21.0 (4766287)|STATEMENT_EXECUTE|[74]
10:52:21.0 (4767959)|STATEMENT_EXECUTE|[75]
10:52:21.0 (4774765)|HEAP_ALLOCATE|[EXTERNAL]|Bytes:4
10:52:21.0 (4784760)|HEAP_ALLOCATE|[74]|Bytes:5
10:52:21.0 (4793947)|VARIABLE_ASSIGNMENT|[74]|inPasajero|null|
10:52:21.0 (4815914)|HEAP_ALLOCATE|[79]|Bytes:5
10:52:21.0 (4828313)|HEAP_ALLOCATE|[79]|Bytes:4
10:52:21.0 (4833657)|VARIABLE_SCOPE_BEGIN|[79]|inPasajero|Pasajero__c|true|false
10:52:21.0 (4950072)|VARIABLE_ASSIGNMENT|[79]|inPasajero|{"IsDeleted":false,"Nombre_pasajero__c":"bbbbb","Edad__c":12,"Nif__c":"11b11111B","Reserva__c":"a001r00000oUEbDAAW","Name":"bbbbb"}|0x38c8f0f9
10:52:21.0 (4958960)|STATEMENT_EXECUTE|[79]
10:52:21.0 (4960878)|STATEMENT_EXECUTE|[81]
10:52:21.0 (5007077)|HEAP_ALLOCATE|[81]|Bytes:8
10:52:21.0 (5020774)|VARIABLE_SCOPE_BEGIN|[81]|numerosNif|String|false|false
10:52:21.0 (5031344)|VARIABLE_ASSIGNMENT|[81]|numerosNif|"11b11111"
10:52:21.0 (5036897)|STATEMENT_EXECUTE|[83]
10:52:21.0 (5059323)|VARIABLE_SCOPE_BEGIN|[83]|letraNif|String|false|false
10:52:21.0 (5069249)|VARIABLE_ASSIGNMENT|[83]|letraNif|""
10:52:21.0 (5124929)|STATEMENT_EXECUTE|[87]
10:52:21.0 (5127099)|STATEMENT_EXECUTE|[88]
10:52:21.0 (5131139)|HEAP_ALLOCATE|[88]|Bytes:22
10:52:21.0 (5191104)|HEAP_ALLOCATE|[79]|Bytes:5
10:52:21.0 (5203679)|VARIABLE_ASSIGNMENT|[79]|inPasajero|null|
10:52:21.0 (5211736)|SYSTEM_MODE_EXIT|false
10:52:21.0 (5220219)|METHOD_EXIT|[9]|01p1r000008Zry1|PasajeroMethods.ValidarNif(List<Pasajero__c>)
10:52:21.0 (5226703)|STATEMENT_EXECUTE|[10]
10:52:21.0 (5238076)|METHOD_ENTRY|[10]|01p1r000008Zry1|PasajeroMethods.RellenarContacto(List<Pasajero__c>)
10:52:21.0 (5250581)|VARIABLE_SCOPE_BEGIN|[33]|listPasajeros|List<Pasajero__c>|true|false
10:52:21.0 (5342199)|VARIABLE_ASSIGNMENT|[33]|listPasajeros|[{"IsDeleted":false,"Nombre_pasajero__c":"bbbbb","Edad__c":12,"Nif__c":"11b11111B","Reserva__c":"a001r00000oUEbDAAW","Name":"bbbbb"}]|0x2c52ba4f
10:52:21.0 (5361147)|SYSTEM_MODE_ENTER|false
10:52:21.0 (5367552)|HEAP_ALLOCATE|[35]|Bytes:5
10:52:21.0 (5373131)|STATEMENT_EXECUTE|[33]
10:52:21.0 (5393121)|STATEMENT_EXECUTE|[35]
10:52:21.0 (5395159)|STATEMENT_EXECUTE|[38]
10:52:21.0 (5403838)|HEAP_ALLOCATE|[38]|Bytes:4
10:52:21.0 (5420827)|VARIABLE_SCOPE_BEGIN|[38]|listNifs|List<String>|true|false
10:52:21.0 (5439995)|HEAP_ALLOCATE|[EXTERNAL]|Bytes:4
10:52:21.0 (5448884)|VARIABLE_ASSIGNMENT|[38]|listNifs|[]|0x7e4d5836
10:52:21.0 (5473636)|HEAP_ALLOCATE|[40]|Bytes:5
10:52:21.0 (5485414)|HEAP_ALLOCATE|[40]|Bytes:4
10:52:21.0 (5491782)|VARIABLE_SCOPE_BEGIN|[40]|inPasajero|Pasajero__c|true|false
10:52:21.0 (5575484)|VARIABLE_ASSIGNMENT|[40]|inPasajero|{"IsDeleted":false,"Nombre_pasajero__c":"bbbbb","Edad__c":12,"Nif__c":"11b11111B","Reserva__c":"a001r00000oUEbDAAW","Name":"bbbbb"}|0x38c8f0f9
10:52:21.0 (5583595)|STATEMENT_EXECUTE|[40]
10:52:21.0 (5585357)|STATEMENT_EXECUTE|[41]
10:52:21.0 (5610681)|HEAP_ALLOCATE|[EXTERNAL]|Bytes:4
10:52:21.0 (5621160)|STATEMENT_EXECUTE|[43]
10:52:21.0 (5650525)|USER_DEBUG|[43]|DEBUG|11b11111B
10:52:21.0 (5666631)|HEAP_ALLOCATE|[40]|Bytes:5
10:52:21.0 (5677401)|VARIABLE_ASSIGNMENT|[40]|inPasajero|null|
10:52:21.0 (5689299)|SYSTEM_MODE_EXIT|false
10:52:21.0 (5697202)|METHOD_EXIT|[10]|01p1r000008Zry1|PasajeroMethods.RellenarContacto(List<Pasajero__c>)
10:52:21.5 (5707665)|CUMULATIVE_LIMIT_USAGE
10:52:21.5 (5707665)|LIMIT_USAGE_FOR_NS|(default)|
  Number of SOQL queries: 1 out of 100
  Number of query rows: 3 out of 50000
  Number of SOSL queries: 0 out of 20
  Number of DML statements: 0 out of 150
  Number of DML rows: 0 out of 10000
  Maximum CPU time: 0 out of 10000
  Maximum heap size: 0 out of 6000000
  Number of callouts: 0 out of 100
  Number of Email Invocations: 0 out of 10
  Number of future calls: 0 out of 50
  Number of queueable jobs added to the queue: 0 out of 50
  Number of Mobile Apex push calls: 0 out of 10

10:52:21.5 (5707665)|CUMULATIVE_LIMIT_USAGE_END

10:52:21.0 (6844810)|CODE_UNIT_FINISHED|PasajeroTrigger on Pasajero trigger event BeforeInsert
10:52:21.0 (13910216)|CODE_UNIT_FINISHED|TRIGGERS
10:52:21.0 (13923819)|EXECUTION_FINISHED
