42.0 APEX_CODE,FINEST;APEX_PROFILING,INFO;CALLOUT,INFO;DB,INFO;SYSTEM,DEBUG;VALIDATION,INFO;VISUALFORCE,INFO;WAVE,INFO;WORKFLOW,INFO
Execute Anonymous: EmailMissionSpecialist em = new EmailMissionSpecialist();
Execute Anonymous: em.sendMail('lydia.abril@gmail.com', 'Flight Path Change', 
Execute Anonymous:    'Mission Control 123: Your flight path has been changed to avoid collision '
Execute Anonymous:    + 'with asteroid 2014 QO441.');
14:19:15.1 (1225721)|USER_INFO|[EXTERNAL]|0051r000007Oz5Q|lydia.abril@gmail.com|hora estándar de Europa central|GMT+02:00
14:19:15.1 (1247978)|EXECUTION_STARTED
14:19:15.1 (1251808)|CODE_UNIT_STARTED|[EXTERNAL]|execute_anonymous_apex
14:19:15.1 (20940620)|VARIABLE_SCOPE_BEGIN|[1]|em|EmailMissionSpecialist|true|false
14:19:15.1 (21266371)|HEAP_ALLOCATE|[72]|Bytes:3
14:19:15.1 (21328018)|HEAP_ALLOCATE|[77]|Bytes:152
14:19:15.1 (21344015)|HEAP_ALLOCATE|[342]|Bytes:408
14:19:15.1 (21357498)|HEAP_ALLOCATE|[355]|Bytes:408
14:19:15.1 (21368013)|HEAP_ALLOCATE|[467]|Bytes:48
14:19:15.1 (21394483)|HEAP_ALLOCATE|[139]|Bytes:6
14:19:15.1 (21412678)|HEAP_ALLOCATE|[EXTERNAL]|Bytes:5
14:19:15.1 (21466763)|STATEMENT_EXECUTE|[1]
14:19:15.1 (21469382)|STATEMENT_EXECUTE|[1]
14:19:15.1 (21473927)|HEAP_ALLOCATE|[1]|Bytes:4
14:19:15.1 (21478583)|HEAP_ALLOCATE|[1]|Bytes:5
14:19:15.1 (21524143)|METHOD_ENTRY|[1]|01p1r000007Xzwf|EmailMissionSpecialist.EmailMissionSpecialist()
14:19:15.1 (21548586)|STATEMENT_EXECUTE|[1]
14:19:15.1 (21554284)|STATEMENT_EXECUTE|[1]
14:19:15.1 (21567762)|METHOD_EXIT|[1]|EmailMissionSpecialist
14:19:15.1 (21586349)|HEAP_ALLOCATE|[1]|Bytes:4
14:19:15.1 (21631996)|HEAP_ALLOCATE|[50]|Bytes:5
14:19:15.1 (21667015)|HEAP_ALLOCATE|[56]|Bytes:5
14:19:15.1 (21674823)|HEAP_ALLOCATE|[64]|Bytes:7
14:19:15.1 (21699782)|SYSTEM_MODE_ENTER|false
14:19:15.1 (21719513)|HEAP_ALLOCATE|[1]|Bytes:5
14:19:15.1 (21751436)|CONSTRUCTOR_ENTRY|[1]|01p1r000007Xzwf|<init>()
14:19:15.1 (21782183)|VARIABLE_SCOPE_BEGIN|[1]|this|EmailMissionSpecialist|true|false
14:19:15.1 (21836861)|VARIABLE_ASSIGNMENT|[1]|this|{}|0x768ee1eb
14:19:15.1 (21848766)|HEAP_ALLOCATE|[EXTERNAL]|Bytes:6
14:19:15.1 (21884326)|STATEMENT_EXECUTE|[1]
14:19:15.1 (21906712)|CONSTRUCTOR_EXIT|[1]|01p1r000007Xzwf|<init>()
14:19:15.1 (21923745)|SYSTEM_MODE_EXIT|false
14:19:15.1 (21944461)|VARIABLE_ASSIGNMENT|[1]|em|{}|0x768ee1eb
14:19:15.1 (21951042)|STATEMENT_EXECUTE|[2]
14:19:15.1 (21956846)|HEAP_ALLOCATE|[2]|Bytes:21
14:19:15.1 (21960820)|HEAP_ALLOCATE|[2]|Bytes:18
14:19:15.1 (21964257)|HEAP_ALLOCATE|[3]|Bytes:99
14:19:15.1 (21989027)|SYSTEM_MODE_ENTER|false
14:19:15.1 (22000326)|HEAP_ALLOCATE|[2]|Bytes:5
14:19:15.1 (22045256)|METHOD_ENTRY|[2]|01p1r000007Xzwf|EmailMissionSpecialist.sendMail(String, String, String)
14:19:15.1 (22072885)|VARIABLE_SCOPE_BEGIN|[4]|this|EmailMissionSpecialist|true|false
14:19:15.1 (22087969)|VARIABLE_ASSIGNMENT|[4]|this|{}|0x768ee1eb
14:19:15.1 (22094988)|VARIABLE_SCOPE_BEGIN|[4]|address|String|false|false
14:19:15.1 (22107942)|VARIABLE_ASSIGNMENT|[4]|address|"lydia.abril@gmail.co (1 more) ..."
14:19:15.1 (22112539)|VARIABLE_SCOPE_BEGIN|[4]|subject|String|false|false
14:19:15.1 (22118907)|VARIABLE_ASSIGNMENT|[4]|subject|"Flight Path Change"
14:19:15.1 (22122558)|VARIABLE_SCOPE_BEGIN|[4]|body|String|false|false
14:19:15.1 (22129966)|VARIABLE_ASSIGNMENT|[4]|body|"Mission Control 123: (79 more) ..."
14:19:15.1 (22139367)|STATEMENT_EXECUTE|[4]
14:19:15.1 (22141304)|STATEMENT_EXECUTE|[6]
14:19:15.1 (22198153)|VARIABLE_SCOPE_BEGIN|[6]|mail|Messaging.SingleEmailMessage|true|false
14:19:15.1 (22369513)|VARIABLE_ASSIGNMENT|[6]|mail|"common.api.soap.wsdl.SingleEmailMessage@450cbee8"|0x339d14f4
14:19:15.1 (22379224)|STATEMENT_EXECUTE|[7]
14:19:15.1 (22422309)|HEAP_ALLOCATE|[7]|Bytes:4
14:19:15.1 (22510896)|VARIABLE_SCOPE_BEGIN|[7]|toAddresses|List<String>|true|false
14:19:15.1 (22552998)|HEAP_ALLOCATE|[EXTERNAL]|Bytes:8
14:19:15.1 (22569040)|VARIABLE_ASSIGNMENT|[7]|toAddresses|["lydia.abril@gmail.co (1 more) ..."]|0x543a8a71
14:19:15.1 (22576363)|STATEMENT_EXECUTE|[8]
14:19:15.1 (22615560)|STATEMENT_EXECUTE|[9]
14:19:15.1 (22652285)|STATEMENT_EXECUTE|[10]
14:19:15.1 (22800346)|HEAP_ALLOCATE|[10]|Bytes:5
14:19:15.1 (23966941)|HEAP_ALLOCATE|[EXTERNAL]|Bytes:8
14:19:15.1 (86945882)|HEAP_DUMP|[13]|07n1r000000bmiA|EmailMissionSpecialist|none|13
14:19:15.1 (86968050)|STATEMENT_EXECUTE|[13]
14:19:15.1 (87059270)|HEAP_ALLOCATE|[14]|Bytes:4
14:19:15.1 (87215823)|HEAP_ALLOCATE|[EXTERNAL]|Bytes:8
14:19:15.1 (87452923)|HEAP_ALLOCATE|[EXTERNAL]|Bytes:8
14:19:15.1 (152640950)|EMAIL_QUEUE|[13]|subject: Flight Path Change, bccSender: false, saveAsActivity: true, useSignature: true, toAddresses: [lydia.abril@gmail.com], plainTextBody: Mission Control 123: Your flight path has been changed to avoid collision with asteroid 2014 QO441., 
14:19:15.1 (152735462)|HEAP_ALLOCATE|[EXTERNAL]|Bytes:8
14:19:15.1 (152795754)|HEAP_ALLOCATE|[13]|Bytes:8
14:19:15.1 (152848063)|VARIABLE_SCOPE_BEGIN|[13]|results|List<Messaging.SendEmailResult>|true|false
14:19:15.1 (152954845)|VARIABLE_ASSIGNMENT|[13]|results|"common.apex.runtime.impl.ScalarList@2a197833"|0x12d6a3ed
14:19:15.1 (152971169)|STATEMENT_EXECUTE|[17]
14:19:15.1 (153005699)|METHOD_ENTRY|[17]|01p1r000007Xzwf|EmailMissionSpecialist.inspectResults(List<Messaging.SendEmailResult>)
14:19:15.1 (153041932)|VARIABLE_SCOPE_BEGIN|[20]|results|List<Messaging.SendEmailResult>|true|false
14:19:15.1 (153096426)|VARIABLE_ASSIGNMENT|[20]|results|"common.apex.runtime.impl.ScalarList@2a197833"|0x12d6a3ed
14:19:15.1 (153109614)|STATEMENT_EXECUTE|[20]
14:19:15.1 (153112259)|STATEMENT_EXECUTE|[21]
14:19:15.1 (153121185)|VARIABLE_SCOPE_BEGIN|[21]|sendResult|Boolean|false|false
14:19:15.1 (153143528)|HEAP_ALLOCATE|[21]|Bytes:5
14:19:15.1 (153157007)|VARIABLE_ASSIGNMENT|[21]|sendResult|true
14:19:15.1 (153384635)|HEAP_ALLOCATE|[26]|Bytes:5
14:19:15.1 (153472333)|HEAP_ALLOCATE|[26]|Bytes:4
14:19:15.1 (153512752)|VARIABLE_SCOPE_BEGIN|[26]|res|Messaging.SendEmailResult|true|false
14:19:15.1 (153598396)|VARIABLE_ASSIGNMENT|[26]|res|"common.api.soap.wsdl.SendEmailResult@2a197814"|0x182e2801
14:19:15.1 (153614314)|STATEMENT_EXECUTE|[26]
14:19:15.1 (153675791)|STATEMENT_EXECUTE|[27]
14:19:15.1 (153679542)|STATEMENT_EXECUTE|[28]
14:19:15.1 (153687064)|HEAP_ALLOCATE|[28]|Bytes:23
14:19:15.1 (153742749)|USER_DEBUG|[28]|DEBUG|Email sent successfully
14:19:15.1 (153770483)|HEAP_ALLOCATE|[26]|Bytes:5
14:19:15.1 (153789241)|VARIABLE_ASSIGNMENT|[26]|res|null|
14:19:15.1 (153799712)|STATEMENT_EXECUTE|[35]
14:19:15.1 (153806243)|METHOD_EXIT|[17]|01p1r000007Xzwf|EmailMissionSpecialist.inspectResults(List<Messaging.SendEmailResult>)
14:19:15.1 (153817893)|METHOD_EXIT|[2]|01p1r000007Xzwf|EmailMissionSpecialist.sendMail(String, String, String)
14:19:15.1 (153829249)|SYSTEM_MODE_EXIT|false
14:19:15.177 (177894408)|CUMULATIVE_LIMIT_USAGE
14:19:15.177 (177894408)|LIMIT_USAGE_FOR_NS|(default)|
  Number of SOQL queries: 0 out of 100
  Number of query rows: 0 out of 50000
  Number of SOSL queries: 0 out of 20
  Number of DML statements: 0 out of 150
  Number of DML rows: 0 out of 10000
  Maximum CPU time: 0 out of 10000
  Maximum heap size: 0 out of 6000000
  Number of callouts: 0 out of 100
  Number of Email Invocations: 1 out of 10
  Number of future calls: 0 out of 50
  Number of queueable jobs added to the queue: 0 out of 50
  Number of Mobile Apex push calls: 0 out of 10

14:19:15.177 (177894408)|CUMULATIVE_LIMIT_USAGE_END

14:19:15.1 (177941401)|CODE_UNIT_FINISHED|execute_anonymous_apex
14:19:15.1 (179096677)|EXECUTION_FINISHED
