36.0 APEX_CODE,FINEST;APEX_PROFILING,INFO;CALLOUT,INFO;DB,INFO;SYSTEM,DEBUG;VALIDATION,INFO;VISUALFORCE,INFO;WAVE,INFO;WORKFLOW,INFO
10:52:08.0 (82815)|USER_INFO|[EXTERNAL]|0051r000007Oz5Q|lydia.abril@gmail.com|hora estándar de Europa central|GMT+02:00
10:52:08.0 (136582)|EXECUTION_STARTED
10:52:08.0 (140593)|CODE_UNIT_STARTED|[EXTERNAL]|TRIGGERS
10:52:08.0 (991505)|CODE_UNIT_STARTED|[EXTERNAL]|01q1r000000j3dJ|PasajeroTrigger on Pasajero trigger event BeforeInsert
10:52:08.0 (1026801)|HEAP_ALLOCATE|[EXTERNAL]|Bytes:8
10:52:08.0 (1383218)|HEAP_ALLOCATE|[72]|Bytes:3
10:52:08.0 (1408218)|HEAP_ALLOCATE|[77]|Bytes:152
10:52:08.0 (1419942)|HEAP_ALLOCATE|[342]|Bytes:408
10:52:08.0 (1434330)|HEAP_ALLOCATE|[355]|Bytes:408
10:52:08.0 (1448304)|HEAP_ALLOCATE|[467]|Bytes:48
10:52:08.0 (1470663)|HEAP_ALLOCATE|[139]|Bytes:6
10:52:08.0 (1556591)|HEAP_ALLOCATE|[EXTERNAL]|Bytes:8
10:52:08.0 (1567337)|VARIABLE_SCOPE_BEGIN|[1]|this|PasajeroTrigger|true|false
10:52:08.0 (1632162)|VARIABLE_ASSIGNMENT|[1]|this|{}|0x37cc5d7c
10:52:08.0 (1689935)|HEAP_ALLOCATE|[EXTERNAL]|Bytes:8
10:52:08.0 (1697842)|VARIABLE_SCOPE_BEGIN|[1]|this|PasajeroTrigger|true|false
10:52:08.0 (1712991)|VARIABLE_ASSIGNMENT|[1]|this|{}|0x37cc5d7c
10:52:08.0 (1724448)|STATEMENT_EXECUTE|[1]
10:52:08.0 (1726916)|STATEMENT_EXECUTE|[4]
10:52:08.0 (1755663)|HEAP_ALLOCATE|[50]|Bytes:5
10:52:08.0 (1772347)|HEAP_ALLOCATE|[56]|Bytes:5
10:52:08.0 (1780975)|HEAP_ALLOCATE|[64]|Bytes:7
10:52:08.0 (2076085)|VARIABLE_ASSIGNMENT|[4]|this.listNew|[{"IsDeleted":false,"Nombre_pasajero__c":"bbbbb","Edad__c":12,"Nif__c":"111111112","Reserva__c":"a001r00000oUEbDAAW","Name":"bbbbb"}]|0x37cc5d7c
10:52:08.0 (2098326)|STATEMENT_EXECUTE|[7]
10:52:08.0 (2105493)|STATEMENT_EXECUTE|[8]
10:52:08.0 (2107482)|STATEMENT_EXECUTE|[9]
10:52:08.0 (2203679)|HEAP_ALLOCATE|[9]|Bytes:7
10:52:08.0 (2211277)|HEAP_ALLOCATE|[9]|Bytes:2
10:52:08.0 (2219339)|METHOD_ENTRY|[1]|01p1r000008Zry1|PasajeroMethods.PasajeroMethods()
10:52:08.0 (2225697)|STATEMENT_EXECUTE|[1]
10:52:08.0 (2229641)|STATEMENT_EXECUTE|[1]
10:52:08.0 (2593019)|SYSTEM_MODE_ENTER|false
10:52:08.0 (2607277)|HEAP_ALLOCATE|[9]|Bytes:5
10:52:08.0 (2615104)|SYSTEM_MODE_EXIT|false
10:52:08.0 (2623472)|METHOD_EXIT|[1]|PasajeroMethods
10:52:08.0 (2636575)|METHOD_ENTRY|[9]|01p1r000008Zry1|PasajeroMethods.ValidarNif(List<Pasajero__c>)
10:52:08.0 (2657513)|VARIABLE_SCOPE_BEGIN|[65]|listNew|List<Pasajero__c>|true|false
10:52:08.0 (2805791)|VARIABLE_ASSIGNMENT|[65]|listNew|[{"IsDeleted":false,"Nombre_pasajero__c":"bbbbb","Edad__c":12,"Nif__c":"111111112","Reserva__c":"a001r00000oUEbDAAW","Name":"bbbbb"}]|0xa3a035f
10:52:08.0 (2850512)|SYSTEM_MODE_ENTER|false
10:52:08.0 (2857982)|HEAP_ALLOCATE|[67]|Bytes:5
10:52:08.0 (2864647)|STATEMENT_EXECUTE|[65]
10:52:08.0 (2934462)|STATEMENT_EXECUTE|[67]
10:52:08.0 (2937219)|STATEMENT_EXECUTE|[70]
10:52:08.0 (2940950)|HEAP_ALLOCATE|[70]|Bytes:30
10:52:08.0 (2958916)|HEAP_ALLOCATE|[70]|Bytes:4
10:52:08.0 (3097605)|SOQL_EXECUTE_BEGIN|[70]|Aggregations:0|SELECT Nif__c FROM Pasajero__c
10:52:08.0 (4737112)|SOQL_EXECUTE_END|[70]|Rows:3
10:52:08.0 (4756920)|HEAP_ALLOCATE|[70]|Bytes:16
10:52:08.0 (4773935)|HEAP_ALLOCATE|[70]|Bytes:144
10:52:08.0 (4801241)|HEAP_ALLOCATE|[70]|Bytes:16
10:52:08.0 (4812840)|VARIABLE_SCOPE_BEGIN|[70]|listPasajero|List<Pasajero__c>|true|false
10:52:08.0 (4837725)|VARIABLE_ASSIGNMENT|[70]|listPasajero|[{"Nif__c":"987654765","Id":"a021r00000dd60CAAQ"},{"Nif__c":"111222333","Id":"a021r00000dd5yHAAQ"},{"Nif__c":"111111111","Id":"a021r00000dd5xYAAQ"}]|0x1fa027e6
10:52:08.0 (4847120)|STATEMENT_EXECUTE|[72]
10:52:08.0 (4859744)|HEAP_ALLOCATE|[72]|Bytes:4
10:52:08.0 (4887677)|VARIABLE_SCOPE_BEGIN|[72]|listPasajeroNif|List<String>|true|false
10:52:08.0 (4911662)|HEAP_ALLOCATE|[EXTERNAL]|Bytes:4
10:52:08.0 (4920935)|VARIABLE_ASSIGNMENT|[72]|listPasajeroNif|[]|0x77e0f03f
10:52:08.0 (5071660)|HEAP_ALLOCATE|[74]|Bytes:5
10:52:08.0 (5092035)|HEAP_ALLOCATE|[74]|Bytes:12
10:52:08.0 (5101028)|VARIABLE_SCOPE_BEGIN|[74]|inPasajero|Pasajero__c|true|false
10:52:08.0 (5116073)|VARIABLE_ASSIGNMENT|[74]|inPasajero|{"Nif__c":"987654765","Id":"a021r00000dd60CAAQ"}|0x3f65bc65
10:52:08.0 (5123773)|STATEMENT_EXECUTE|[74]
10:52:08.0 (5125957)|STATEMENT_EXECUTE|[75]
10:52:08.0 (5182131)|HEAP_ALLOCATE|[EXTERNAL]|Bytes:4
10:52:08.0 (5198081)|HEAP_ALLOCATE|[74]|Bytes:5
10:52:08.0 (5207941)|HEAP_ALLOCATE|[74]|Bytes:12
10:52:08.0 (5213758)|VARIABLE_SCOPE_BEGIN|[74]|inPasajero|Pasajero__c|true|false
10:52:08.0 (5227399)|VARIABLE_ASSIGNMENT|[74]|inPasajero|{"Nif__c":"111222333","Id":"a021r00000dd5yHAAQ"}|0x21e42378
10:52:08.0 (5234243)|STATEMENT_EXECUTE|[74]
10:52:08.0 (5236009)|STATEMENT_EXECUTE|[75]
10:52:08.0 (5246219)|HEAP_ALLOCATE|[EXTERNAL]|Bytes:4
10:52:08.0 (5256971)|HEAP_ALLOCATE|[74]|Bytes:5
10:52:08.0 (5265046)|HEAP_ALLOCATE|[74]|Bytes:12
10:52:08.0 (5270929)|VARIABLE_SCOPE_BEGIN|[74]|inPasajero|Pasajero__c|true|false
10:52:08.0 (5285778)|VARIABLE_ASSIGNMENT|[74]|inPasajero|{"Nif__c":"111111111","Id":"a021r00000dd5xYAAQ"}|0x51f55e73
10:52:08.0 (5291891)|STATEMENT_EXECUTE|[74]
10:52:08.0 (5293648)|STATEMENT_EXECUTE|[75]
10:52:08.0 (5301152)|HEAP_ALLOCATE|[EXTERNAL]|Bytes:4
10:52:08.0 (5311577)|HEAP_ALLOCATE|[74]|Bytes:5
10:52:08.0 (5321144)|VARIABLE_ASSIGNMENT|[74]|inPasajero|null|
10:52:08.0 (5344695)|HEAP_ALLOCATE|[79]|Bytes:5
10:52:08.0 (5357788)|HEAP_ALLOCATE|[79]|Bytes:4
10:52:08.0 (5362877)|VARIABLE_SCOPE_BEGIN|[79]|inPasajero|Pasajero__c|true|false
10:52:08.0 (5481160)|VARIABLE_ASSIGNMENT|[79]|inPasajero|{"IsDeleted":false,"Nombre_pasajero__c":"bbbbb","Edad__c":12,"Nif__c":"111111112","Reserva__c":"a001r00000oUEbDAAW","Name":"bbbbb"}|0x607b816e
10:52:08.0 (5490150)|STATEMENT_EXECUTE|[79]
10:52:08.0 (5492204)|STATEMENT_EXECUTE|[81]
10:52:08.0 (5540226)|HEAP_ALLOCATE|[81]|Bytes:8
10:52:08.0 (5553030)|VARIABLE_SCOPE_BEGIN|[81]|numerosNif|String|false|false
10:52:08.0 (5564831)|VARIABLE_ASSIGNMENT|[81]|numerosNif|"11111111"
10:52:08.0 (5570401)|STATEMENT_EXECUTE|[83]
10:52:08.0 (5594821)|VARIABLE_SCOPE_BEGIN|[83]|letraNif|String|false|false
10:52:08.0 (5604120)|VARIABLE_ASSIGNMENT|[83]|letraNif|""
10:52:08.0 (5681705)|STATEMENT_EXECUTE|[89]
10:52:08.0 (5684158)|STATEMENT_EXECUTE|[90]
10:52:08.0 (5688119)|HEAP_ALLOCATE|[90]|Bytes:21
10:52:08.0 (5748489)|HEAP_ALLOCATE|[79]|Bytes:5
10:52:08.0 (5761240)|VARIABLE_ASSIGNMENT|[79]|inPasajero|null|
10:52:08.0 (5769539)|SYSTEM_MODE_EXIT|false
10:52:08.0 (5778177)|METHOD_EXIT|[9]|01p1r000008Zry1|PasajeroMethods.ValidarNif(List<Pasajero__c>)
10:52:08.0 (5784188)|STATEMENT_EXECUTE|[10]
10:52:08.0 (5796884)|METHOD_ENTRY|[10]|01p1r000008Zry1|PasajeroMethods.RellenarContacto(List<Pasajero__c>)
10:52:08.0 (5809058)|VARIABLE_SCOPE_BEGIN|[33]|listPasajeros|List<Pasajero__c>|true|false
10:52:08.0 (5904370)|VARIABLE_ASSIGNMENT|[33]|listPasajeros|[{"IsDeleted":false,"Nombre_pasajero__c":"bbbbb","Edad__c":12,"Nif__c":"111111112","Reserva__c":"a001r00000oUEbDAAW","Name":"bbbbb"}]|0xa3a035f
10:52:08.0 (5923267)|SYSTEM_MODE_ENTER|false
10:52:08.0 (5929420)|HEAP_ALLOCATE|[35]|Bytes:5
10:52:08.0 (5934459)|STATEMENT_EXECUTE|[33]
10:52:08.0 (5956019)|STATEMENT_EXECUTE|[35]
10:52:08.0 (5958262)|STATEMENT_EXECUTE|[38]
10:52:08.0 (5967136)|HEAP_ALLOCATE|[38]|Bytes:4
10:52:08.0 (5983951)|VARIABLE_SCOPE_BEGIN|[38]|listNifs|List<String>|true|false
10:52:08.0 (6004080)|HEAP_ALLOCATE|[EXTERNAL]|Bytes:4
10:52:08.0 (6013895)|VARIABLE_ASSIGNMENT|[38]|listNifs|[]|0x35a1d303
10:52:08.0 (6039800)|HEAP_ALLOCATE|[40]|Bytes:5
10:52:08.0 (6056662)|HEAP_ALLOCATE|[40]|Bytes:4
10:52:08.0 (6063448)|VARIABLE_SCOPE_BEGIN|[40]|inPasajero|Pasajero__c|true|false
10:52:08.0 (6153709)|VARIABLE_ASSIGNMENT|[40]|inPasajero|{"IsDeleted":false,"Nombre_pasajero__c":"bbbbb","Edad__c":12,"Nif__c":"111111112","Reserva__c":"a001r00000oUEbDAAW","Name":"bbbbb"}|0x607b816e
10:52:08.0 (6163649)|STATEMENT_EXECUTE|[40]
10:52:08.0 (6165365)|STATEMENT_EXECUTE|[41]
10:52:08.0 (6192200)|HEAP_ALLOCATE|[EXTERNAL]|Bytes:4
10:52:08.0 (6217361)|STATEMENT_EXECUTE|[43]
10:52:08.0 (6252637)|USER_DEBUG|[43]|DEBUG|111111112
10:52:08.0 (6268929)|HEAP_ALLOCATE|[40]|Bytes:5
10:52:08.0 (6281965)|VARIABLE_ASSIGNMENT|[40]|inPasajero|null|
10:52:08.0 (6289510)|SYSTEM_MODE_EXIT|false
10:52:08.0 (6297739)|METHOD_EXIT|[10]|01p1r000008Zry1|PasajeroMethods.RellenarContacto(List<Pasajero__c>)
10:52:08.6 (6308920)|CUMULATIVE_LIMIT_USAGE
10:52:08.6 (6308920)|LIMIT_USAGE_FOR_NS|(default)|
  Number of SOQL queries: 1 out of 100
  Number of query rows: 3 out of 50000
  Number of SOSL queries: 0 out of 20
  Number of DML statements: 0 out of 150
  Number of DML rows: 0 out of 10000
  Maximum CPU time: 0 out of 10000
  Maximum heap size: 0 out of 6000000
  Number of callouts: 0 out of 100
  Number of Email Invocations: 0 out of 10
  Number of future calls: 0 out of 50
  Number of queueable jobs added to the queue: 0 out of 50
  Number of Mobile Apex push calls: 0 out of 10

10:52:08.6 (6308920)|CUMULATIVE_LIMIT_USAGE_END

10:52:08.0 (7439437)|CODE_UNIT_FINISHED|PasajeroTrigger on Pasajero trigger event BeforeInsert
10:52:08.0 (14381291)|CODE_UNIT_FINISHED|TRIGGERS
10:52:08.0 (14395829)|EXECUTION_FINISHED
