36.0 APEX_CODE,FINEST;APEX_PROFILING,INFO;CALLOUT,INFO;DB,INFO;SYSTEM,DEBUG;VALIDATION,INFO;VISUALFORCE,INFO;WAVE,INFO;WORKFLOW,INFO
09:29:25.0 (849177)|USER_INFO|[EXTERNAL]|0051r000007Oz5Q|lydia.abril@gmail.com|hora estándar de Europa central|GMT+02:00
09:29:25.0 (1013741)|EXECUTION_STARTED
09:29:25.0 (1018850)|CODE_UNIT_STARTED|[EXTERNAL]|01p1r000007YO5S|AnimalLocatorTest.testGetAnimalNameById
09:29:25.0 (1482758)|HEAP_ALLOCATE|[72]|Bytes:3
09:29:25.0 (1538674)|HEAP_ALLOCATE|[77]|Bytes:152
09:29:25.0 (1552151)|HEAP_ALLOCATE|[342]|Bytes:408
09:29:25.0 (1566757)|HEAP_ALLOCATE|[355]|Bytes:408
09:29:25.0 (1580601)|HEAP_ALLOCATE|[467]|Bytes:48
09:29:25.0 (1665881)|HEAP_ALLOCATE|[139]|Bytes:6
09:29:25.0 (1699851)|HEAP_ALLOCATE|[EXTERNAL]|Bytes:11
09:29:25.0 (1749732)|METHOD_ENTRY|[2]|01p1r000007YO5S|AnimalLocatorTest.AnimalLocatorTest()
09:29:25.0 (1758286)|STATEMENT_EXECUTE|[2]
09:29:25.0 (1764312)|STATEMENT_EXECUTE|[2]
09:29:25.0 (1781417)|METHOD_EXIT|[2]|AnimalLocatorTest
09:29:25.0 (1818774)|HEAP_ALLOCATE|[50]|Bytes:5
09:29:25.0 (1843069)|HEAP_ALLOCATE|[56]|Bytes:5
09:29:25.0 (1851334)|HEAP_ALLOCATE|[64]|Bytes:7
09:29:25.0 (1893079)|STATEMENT_EXECUTE|[5]
09:29:25.0 (1895393)|STATEMENT_EXECUTE|[10]
09:29:25.0 (1898668)|HEAP_ALLOCATE|[10]|Bytes:22
09:29:25.0 (1984016)|HEAP_ALLOCATE|[10]|Bytes:27
09:29:25.0 (1992750)|SYSTEM_METHOD_ENTRY|[1]|Type.Type()
09:29:25.0 (1997067)|STATEMENT_EXECUTE|[1]
09:29:25.0 (2003292)|SYSTEM_METHOD_EXIT|[1]|Type
09:29:25.0 (2010006)|HEAP_ALLOCATE|[10]|Bytes:8
09:29:25.0 (2026991)|HEAP_ALLOCATE|[10]|Bytes:8
09:29:25.0 (2033670)|VARIABLE_SCOPE_BEGIN|[4]|this|System.Type|true|false
09:29:25.0 (2177765)|VARIABLE_ASSIGNMENT|[4]|this|{}|0x35694a29
09:29:25.0 (2184894)|VARIABLE_SCOPE_BEGIN|[4]|apextype|java:common.apex.runtime.ApexObjectType|true|false
09:29:25.0 (2283058)|VARIABLE_ASSIGNMENT|[4]|apextype|"System.HttpCalloutMock"|0x1d24820
09:29:25.0 (2373214)|HEAP_ALLOCATE|[10]|Bytes:8
09:29:25.0 (4412366)|HEAP_ALLOCATE|[10]|Bytes:1
09:29:25.0 (4440869)|METHOD_ENTRY|[2]|01p1r000007YO9z|AnimalLocatorMock.AnimalLocatorMock()
09:29:25.0 (4452658)|STATEMENT_EXECUTE|[2]
09:29:25.0 (4461150)|STATEMENT_EXECUTE|[2]
09:29:25.0 (4468771)|METHOD_EXIT|[2]|AnimalLocatorMock
09:29:25.0 (4489283)|HEAP_ALLOCATE|[10]|Bytes:4
09:29:25.0 (4542633)|CONSTRUCTOR_ENTRY|[10]|01p1r000007YO9z|<init>()
09:29:25.0 (4601351)|VARIABLE_SCOPE_BEGIN|[2]|this|AnimalLocatorMock|true|false
09:29:25.0 (4633327)|VARIABLE_ASSIGNMENT|[2]|this|{}|0x620483eb
09:29:25.0 (4663901)|STATEMENT_EXECUTE|[2]
09:29:25.0 (4697125)|CONSTRUCTOR_EXIT|[10]|01p1r000007YO9z|<init>()
09:29:25.0 (4761151)|HEAP_ALLOCATE|[10]|Bytes:63
09:29:25.0 (4774627)|SYSTEM_METHOD_ENTRY|[1]|Test.Test()
09:29:25.0 (4780787)|STATEMENT_EXECUTE|[1]
09:29:25.0 (4789093)|SYSTEM_METHOD_EXIT|[1]|Test
09:29:25.0 (4838928)|METHOD_ENTRY|[10]||System.Test.setMock(System.Type, Object)
09:29:25.0 (5782138)|METHOD_EXIT|[10]||System.Test.setMock(System.Type, Object)
09:29:25.0 (5800228)|STATEMENT_EXECUTE|[15]
09:29:25.0 (7453837)|HEAP_ALLOCATE|[15]|Bytes:1
09:29:25.0 (7473979)|METHOD_ENTRY|[1]|01p1r000007YNwn|AnimalLocator.AnimalLocator()
09:29:25.0 (7481314)|STATEMENT_EXECUTE|[1]
09:29:25.0 (7486820)|STATEMENT_EXECUTE|[1]
09:29:25.0 (7901813)|SYSTEM_MODE_ENTER|false
09:29:25.0 (7917535)|HEAP_ALLOCATE|[15]|Bytes:5
09:29:25.0 (7925883)|SYSTEM_MODE_EXIT|false
09:29:25.0 (7935408)|METHOD_EXIT|[1]|AnimalLocator
09:29:25.0 (7962128)|METHOD_ENTRY|[15]|01p1r000007YNwn|AnimalLocator.getAnimalNameById(Integer)
09:29:25.0 (7997929)|VARIABLE_SCOPE_BEGIN|[3]|id|Integer|false|false
09:29:25.0 (8012301)|VARIABLE_ASSIGNMENT|[3]|id|0
09:29:25.0 (8033179)|SYSTEM_MODE_ENTER|false
09:29:25.0 (8039974)|HEAP_ALLOCATE|[5]|Bytes:5
09:29:25.0 (8045829)|STATEMENT_EXECUTE|[3]
09:29:25.0 (8047776)|STATEMENT_EXECUTE|[5]
09:29:25.0 (8068450)|VARIABLE_SCOPE_BEGIN|[5]|http|System.Http|true|false
09:29:25.0 (8155054)|VARIABLE_ASSIGNMENT|[5]|http|"System.Http[]"|0x178f8cd
09:29:25.0 (8167460)|STATEMENT_EXECUTE|[6]
09:29:25.0 (8199285)|VARIABLE_SCOPE_BEGIN|[6]|request|System.HttpRequest|true|false
09:29:25.0 (8238394)|VARIABLE_ASSIGNMENT|[6]|request|"System.HttpRequest[Endpoint=null, Method=null]"|0x7666e51b
09:29:25.0 (8249059)|STATEMENT_EXECUTE|[7]
09:29:25.0 (8253195)|HEAP_ALLOCATE|[7]|Bytes:51
09:29:25.0 (8328214)|HEAP_ALLOCATE|[7]|Bytes:1
09:29:25.0 (8348769)|HEAP_ALLOCATE|[7]|Bytes:52
09:29:25.0 (8389163)|STATEMENT_EXECUTE|[8]
09:29:25.0 (8392540)|HEAP_ALLOCATE|[8]|Bytes:3
09:29:25.0 (8416666)|STATEMENT_EXECUTE|[9]
09:29:25.0 (8512966)|CALLOUT_REQUEST|[9]|System.HttpRequest[Endpoint=https://th-apex-http-callout.herokuapp.com/animals/0, Method=GET]
09:29:25.0 (8612514)|HEAP_ALLOCATE|[9]|Bytes:4
09:29:25.0 (8626580)|HEAP_ALLOCATE|[9]|Bytes:52
09:29:25.0 (8637307)|VARIABLE_SCOPE_BEGIN|[4]|this|AnimalLocatorMock|true|false
09:29:25.0 (8663821)|VARIABLE_ASSIGNMENT|[4]|this|{}|0x620483eb
09:29:25.0 (8672149)|VARIABLE_SCOPE_BEGIN|[4]|request|System.HttpRequest|true|false
09:29:25.0 (8750978)|VARIABLE_ASSIGNMENT|[4]|request|"System.HttpRequest[Endpoint=https://th-apex-http-callout.herokuapp.com/animals/0, Method=GET]"|0x7666e51b
09:29:25.0 (8791091)|STATEMENT_EXECUTE|[4]
09:29:25.0 (8793916)|STATEMENT_EXECUTE|[6]
09:29:25.0 (8808663)|VARIABLE_SCOPE_BEGIN|[6]|response|System.HttpResponse|true|false
09:29:25.0 (8856059)|VARIABLE_ASSIGNMENT|[6]|response|"System.HttpResponse[Status=null, StatusCode=0]"|0x5922a967
09:29:25.0 (8866310)|STATEMENT_EXECUTE|[7]
09:29:25.0 (8871043)|HEAP_ALLOCATE|[7]|Bytes:12
09:29:25.0 (8877162)|HEAP_ALLOCATE|[7]|Bytes:16
09:29:25.0 (8937694)|STATEMENT_EXECUTE|[8]
09:29:25.0 (8942029)|HEAP_ALLOCATE|[8]|Bytes:79
09:29:25.0 (8970576)|STATEMENT_EXECUTE|[9]
09:29:25.0 (8990510)|STATEMENT_EXECUTE|[10]
09:29:25.0 (9002917)|CALLOUT_RESPONSE|[9]|System.HttpResponse[Status=null, StatusCode=200]
09:29:25.0 (9012876)|HEAP_ALLOCATE|[9]|Bytes:83
09:29:25.0 (9020466)|VARIABLE_SCOPE_BEGIN|[9]|response|System.HttpResponse|true|false
09:29:25.0 (9049817)|VARIABLE_ASSIGNMENT|[9]|response|"System.HttpResponse[Status=null, StatusCode=200]"|0x5922a967
09:29:25.0 (9070053)|STATEMENT_EXECUTE|[11]
09:29:25.0 (9088389)|HEAP_ALLOCATE|[11]|Bytes:4
09:29:25.0 (9121635)|VARIABLE_SCOPE_BEGIN|[11]|animal|Map<String,ANY>|true|false
09:29:25.0 (9139846)|VARIABLE_ASSIGNMENT|[11]|animal|{}|0xab72c9f
09:29:25.0 (9167552)|STATEMENT_EXECUTE|[13]
09:29:25.0 (9169728)|STATEMENT_EXECUTE|[15]
09:29:25.0 (9189000)|HEAP_ALLOCATE|[15]|Bytes:79
09:29:25.0 (9250323)|HEAP_ALLOCATE|[15]|Bytes:24
09:29:25.0 (9260844)|SYSTEM_METHOD_ENTRY|[1]|JSON.JSON()
09:29:25.0 (9265146)|STATEMENT_EXECUTE|[1]
09:29:25.0 (9272278)|SYSTEM_METHOD_EXIT|[1]|JSON
09:29:25.0 (9286737)|METHOD_ENTRY|[15]||System.JSON.deserializeUntyped(String)
09:29:25.0 (9825130)|METHOD_EXIT|[15]||System.JSON.deserializeUntyped(String)
09:29:25.0 (9842423)|VARIABLE_SCOPE_BEGIN|[15]|results|Map<String,ANY>|true|false
09:29:25.0 (9877154)|VARIABLE_ASSIGNMENT|[15]|results|{"animal":{"id":1,"name":"chicken","eats":"chicken food","says":"cluck cluck"}}|0x60805514
09:29:25.0 (9889175)|STATEMENT_EXECUTE|[17]
09:29:25.0 (9894396)|HEAP_ALLOCATE|[17]|Bytes:6
09:29:25.0 (10001603)|VARIABLE_ASSIGNMENT|[17]|animal|{"id":1,"name":"chicken","eats":"chicken food","says":"cluck cluck"}|0x53e04e4f
09:29:25.0 (10034282)|STATEMENT_EXECUTE|[21]
09:29:25.0 (10039929)|HEAP_ALLOCATE|[21]|Bytes:4
09:29:25.0 (10097454)|VARIABLE_SCOPE_BEGIN|[21]|animalito|String|false|false
09:29:25.0 (10115550)|VARIABLE_ASSIGNMENT|[21]|animalito|"chicken"
09:29:25.0 (10124154)|STATEMENT_EXECUTE|[23]
09:29:25.0 (10131593)|SYSTEM_MODE_EXIT|false
09:29:25.0 (10143864)|METHOD_EXIT|[15]|01p1r000007YNwn|AnimalLocator.getAnimalNameById(Integer)
09:29:25.0 (10153798)|VARIABLE_SCOPE_BEGIN|[15]|actualValue|String|false|false
09:29:25.0 (10167905)|VARIABLE_ASSIGNMENT|[15]|actualValue|"chicken"
09:29:25.0 (10176173)|STATEMENT_EXECUTE|[22]
09:29:25.0 (10181332)|HEAP_ALLOCATE|[22]|Bytes:7
09:29:25.0 (10188883)|VARIABLE_SCOPE_BEGIN|[22]|expectedValue|String|false|false
09:29:25.0 (10202470)|VARIABLE_ASSIGNMENT|[22]|expectedValue|"chicken"
09:29:25.0 (10209439)|STATEMENT_EXECUTE|[23]
09:29:25.10 (10260794)|CUMULATIVE_LIMIT_USAGE
09:29:25.10 (10260794)|LIMIT_USAGE_FOR_NS|(default)|
  Number of SOQL queries: 0 out of 100
  Number of query rows: 0 out of 50000
  Number of SOSL queries: 0 out of 20
  Number of DML statements: 0 out of 150
  Number of DML rows: 0 out of 10000
  Maximum CPU time: 0 out of 10000
  Maximum heap size: 0 out of 6000000
  Number of callouts: 1 out of 100
  Number of Email Invocations: 0 out of 10
  Number of future calls: 0 out of 50
  Number of queueable jobs added to the queue: 0 out of 50
  Number of Mobile Apex push calls: 0 out of 10

09:29:25.10 (10260794)|CUMULATIVE_LIMIT_USAGE_END

09:29:25.0 (10311539)|CODE_UNIT_FINISHED|AnimalLocatorTest.testGetAnimalNameById
09:29:25.0 (11689544)|EXECUTION_FINISHED
