36.0 APEX_CODE,FINEST;APEX_PROFILING,INFO;CALLOUT,INFO;DB,INFO;SYSTEM,DEBUG;VALIDATION,INFO;VISUALFORCE,INFO;WAVE,INFO;WORKFLOW,INFO
13:20:16.0 (344417)|USER_INFO|[EXTERNAL]|0051r000007Oz5Q|lydia.abril@gmail.com|hora estándar de Europa central|GMT+02:00
13:20:16.0 (414135)|EXECUTION_STARTED
13:20:16.0 (418412)|CODE_UNIT_STARTED|[EXTERNAL]|01p1r000009p5xn|TaskTest.testCerrarTarea
13:20:16.0 (640502)|HEAP_ALLOCATE|[72]|Bytes:3
13:20:16.0 (684775)|HEAP_ALLOCATE|[77]|Bytes:152
13:20:16.0 (699011)|HEAP_ALLOCATE|[342]|Bytes:408
13:20:16.0 (712940)|HEAP_ALLOCATE|[355]|Bytes:408
13:20:16.0 (725294)|HEAP_ALLOCATE|[467]|Bytes:48
13:20:16.0 (751009)|HEAP_ALLOCATE|[139]|Bytes:6
13:20:16.0 (766687)|HEAP_ALLOCATE|[EXTERNAL]|Bytes:101
13:20:16.0 (806924)|METHOD_ENTRY|[2]|01p1r000009p5xn|TaskTest.TaskTest()
13:20:16.0 (814732)|STATEMENT_EXECUTE|[2]
13:20:16.0 (819525)|STATEMENT_EXECUTE|[2]
13:20:16.0 (822990)|METHOD_EXIT|[2]|TaskTest
13:20:16.0 (1037549)|HEAP_ALLOCATE|[50]|Bytes:5
13:20:16.0 (1061649)|HEAP_ALLOCATE|[56]|Bytes:5
13:20:16.0 (1071713)|HEAP_ALLOCATE|[64]|Bytes:7
13:20:16.0 (1104309)|STATEMENT_EXECUTE|[4]
13:20:16.0 (1106524)|STATEMENT_EXECUTE|[6]
13:20:16.0 (1145006)|HEAP_ALLOCATE|[6]|Bytes:4
13:20:16.0 (1215096)|HEAP_ALLOCATE|[6]|Bytes:12
13:20:16.0 (1266622)|VARIABLE_ASSIGNMENT|[6]|this.Name|"CuentaParent"|0x3a72fb4c
13:20:16.0 (1297232)|VARIABLE_SCOPE_BEGIN|[6]|oAccountParent|Account|true|false
13:20:16.0 (1316012)|VARIABLE_ASSIGNMENT|[6]|oAccountParent|{"Name":"CuentaParent"}|0x3a72fb4c
13:20:16.0 (1322489)|STATEMENT_EXECUTE|[7]
13:20:16.0 (1342589)|HEAP_ALLOCATE|[7]|Bytes:8
13:20:16.0 (1351129)|DML_BEGIN|[7]|Op:Insert|Type:Account|Rows:1
13:20:16.0 (1377913)|HEAP_ALLOCATE|[EXTERNAL]|Bytes:8
13:20:16.0 (10422724)|CODE_UNIT_STARTED|[EXTERNAL]|DuplicateDetector
13:20:16.0 (10445401)|DUPLICATE_DETECTION_BEGIN
13:20:16.0 (11091938)|DUPLICATE_DETECTION_RULE_INVOCATION|DuplicateRuleId:0Bm1r0000018X88|DuplicateRuleName:Standard Account Duplicate Rule|DmlType:INSERT
13:20:16.0 (28909118)|DUPLICATE_DETECTION_MATCH_INVOCATION_DETAILS|EntityType:Account|ActionTaken:Allow_[Alert,Report]|DuplicateRecordIds:
13:20:16.0 (28936423)|DUPLICATE_DETECTION_MATCH_INVOCATION_SUMMARY|EntityType:Account|NumRecordsToBeSaved:1|NumRecordsToBeSavedWithDuplicates:0|NumDuplicateRecordsFound:0
13:20:16.0 (29035236)|DUPLICATE_DETECTION_END
13:20:16.0 (29042879)|CODE_UNIT_FINISHED|DuplicateDetector
13:20:16.0 (60959796)|DML_END|[7]
13:20:16.0 (60992469)|STATEMENT_EXECUTE|[9]
13:20:16.0 (61026120)|HEAP_ALLOCATE|[9]|Bytes:4
13:20:16.0 (61056496)|HEAP_ALLOCATE|[9]|Bytes:6
13:20:16.0 (61103356)|VARIABLE_ASSIGNMENT|[9]|this.Name|"Cuenta"|0x3dbad146
13:20:16.0 (61138779)|VARIABLE_ASSIGNMENT|[9]|this.ParentId|"0011r00001nnbw7AAA"|0x3dbad146
13:20:16.0 (61245623)|HEAP_ALLOCATE|[11]|Bytes:4
13:20:16.0 (61299978)|VARIABLE_ASSIGNMENT|[9]|this.Fecha_ltima_actividad_m_s_reciente__c|"2018-01-11T00:00:00.000Z"|0x3dbad146
13:20:16.0 (61333016)|VARIABLE_SCOPE_BEGIN|[9]|oAccount|Account|true|false
13:20:16.0 (61359650)|VARIABLE_ASSIGNMENT|[9]|oAccount|{"Name":"Cuenta","ParentId":"0011r00001nnbw7AAA","Fecha_ltima_activida (17 more) ...":"2018-01-11T00:00:00.000Z"}|0x3dbad146
13:20:16.0 (61369602)|STATEMENT_EXECUTE|[12]
13:20:16.0 (61388582)|HEAP_ALLOCATE|[12]|Bytes:8
13:20:16.0 (61396510)|DML_BEGIN|[12]|Op:Insert|Type:Account|Rows:1
13:20:16.0 (61431640)|HEAP_ALLOCATE|[EXTERNAL]|Bytes:8
13:20:16.0 (65042238)|CODE_UNIT_STARTED|[EXTERNAL]|DuplicateDetector
13:20:16.0 (65062161)|DUPLICATE_DETECTION_BEGIN
13:20:16.0 (65116387)|DUPLICATE_DETECTION_RULE_INVOCATION|DuplicateRuleId:0Bm1r0000018X88|DuplicateRuleName:Standard Account Duplicate Rule|DmlType:INSERT
13:20:16.0 (74974324)|DUPLICATE_DETECTION_MATCH_INVOCATION_DETAILS|EntityType:Account|ActionTaken:Allow_[Alert,Report]|DuplicateRecordIds:
13:20:16.0 (74999749)|DUPLICATE_DETECTION_MATCH_INVOCATION_SUMMARY|EntityType:Account|NumRecordsToBeSaved:1|NumRecordsToBeSavedWithDuplicates:0|NumDuplicateRecordsFound:0
13:20:16.0 (75085495)|DUPLICATE_DETECTION_END
13:20:16.0 (75094333)|CODE_UNIT_FINISHED|DuplicateDetector
13:20:16.0 (87215062)|DML_END|[12]
13:20:16.0 (87253437)|STATEMENT_EXECUTE|[14]
13:20:16.0 (87304103)|HEAP_ALLOCATE|[14]|Bytes:4
13:20:16.0 (87395173)|HEAP_ALLOCATE|[14]|Bytes:11
13:20:16.0 (87444929)|VARIABLE_ASSIGNMENT|[14]|this.Name|"Oportunidad"|0x6c816768
13:20:16.0 (87533935)|HEAP_ALLOCATE|[15]|Bytes:4
13:20:16.0 (87585318)|VARIABLE_ASSIGNMENT|[14]|this.CloseDate|"2020-01-11T00:00:00.000Z"|0x6c816768
13:20:16.0 (87594266)|HEAP_ALLOCATE|[16]|Bytes:11
13:20:16.0 (87610634)|VARIABLE_ASSIGNMENT|[14]|this.StageName|"Prospecting"|0x6c816768
13:20:16.0 (87643200)|VARIABLE_ASSIGNMENT|[14]|this.AccountId|"0011r00001nnbw8AAA"|0x6c816768
13:20:16.0 (87674741)|VARIABLE_SCOPE_BEGIN|[14]|oOpportunity|Opportunity|true|false
13:20:16.0 (87701121)|VARIABLE_ASSIGNMENT|[14]|oOpportunity|{"Name":"Oportunidad","CloseDate":"2020-01-11T00:00:00.000Z","StageName":"Prospecting","AccountId":"0011r00001nnbw8AAA"}|0x6c816768
13:20:16.0 (87709742)|STATEMENT_EXECUTE|[18]
13:20:16.0 (87726353)|HEAP_ALLOCATE|[18]|Bytes:8
13:20:16.0 (87734786)|DML_BEGIN|[18]|Op:Insert|Type:Opportunity|Rows:1
13:20:16.0 (87771757)|HEAP_ALLOCATE|[EXTERNAL]|Bytes:8
13:20:16.0 (118451749)|CODE_UNIT_STARTED|[EXTERNAL]|01q1r000000Bcgl|ClosedOpportunityTrigger on Opportunity trigger event AfterInsert
13:20:16.0 (118520707)|HEAP_ALLOCATE|[EXTERNAL]|Bytes:8
13:20:16.0 (118788495)|HEAP_ALLOCATE|[EXTERNAL]|Bytes:8
13:20:16.0 (118803842)|VARIABLE_SCOPE_BEGIN|[1]|this|ClosedOpportunityTrigger|true|false
13:20:16.0 (118893093)|VARIABLE_ASSIGNMENT|[1]|this|{}|0x15a53581
13:20:16.0 (118975320)|HEAP_ALLOCATE|[EXTERNAL]|Bytes:8
13:20:16.0 (118986906)|VARIABLE_SCOPE_BEGIN|[1]|this|ClosedOpportunityTrigger|true|false
13:20:16.0 (119002703)|VARIABLE_ASSIGNMENT|[1]|this|{}|0x15a53581
13:20:16.0 (119015012)|STATEMENT_EXECUTE|[1]
13:20:16.0 (119017346)|STATEMENT_EXECUTE|[3]
13:20:16.0 (119076271)|HEAP_ALLOCATE|[3]|Bytes:4
13:20:16.0 (119172108)|HEAP_ALLOCATE|[EXTERNAL]|Bytes:4
13:20:16.0 (119185405)|VARIABLE_ASSIGNMENT|[3]|this.taskList|[]|0x15a53581
13:20:16.0 (119195116)|HEAP_ALLOCATE|[5]|Bytes:89
13:20:16.0 (119215501)|HEAP_ALLOCATE|[5]|Bytes:4
13:20:16.0 (119224809)|HEAP_ALLOCATE|[5]|Bytes:7
13:20:16.0 (119543125)|SOQL_EXECUTE_BEGIN|[5]|Aggregations:0|SELECT Id, StageName FROM Opportunity 
13:20:16.0 (125246098)|SOQL_EXECUTE_END|[5]|Rows:0
13:20:16.0 (125411756)|HEAP_ALLOCATE|[5]|Bytes:54
13:20:16.0 (125423213)|HEAP_ALLOCATE|[5]|Bytes:8
13:20:16.0 (125452768)|SYSTEM_METHOD_ENTRY|[7]|QueryLocatorIterator.QueryLocatorIterator()
13:20:16.0 (125458290)|STATEMENT_EXECUTE|[7]
13:20:16.0 (125466468)|SYSTEM_METHOD_EXIT|[7]|QueryLocatorIterator
13:20:16.0 (125475893)|HEAP_ALLOCATE|[5]|Bytes:28
13:20:16.0 (125491502)|HEAP_ALLOCATE|[5]|Bytes:8
13:20:16.0 (125495624)|HEAP_ALLOCATE|[5]|Bytes:8
13:20:16.0 (125501940)|VARIABLE_SCOPE_BEGIN|[15]|this|Database.QueryLocatorIterator|true|false
13:20:16.0 (125546335)|VARIABLE_ASSIGNMENT|[15]|this|{}|0x17e8ad28
13:20:16.0 (125553416)|VARIABLE_SCOPE_BEGIN|[15]|values|List<SObject>|true|false
13:20:16.0 (125562323)|VARIABLE_ASSIGNMENT|[15]|values|null|
13:20:16.0 (125566379)|VARIABLE_SCOPE_BEGIN|[15]|ql|Database.QueryLocator|true|false
13:20:16.0 (125592477)|VARIABLE_ASSIGNMENT|[15]|ql|{"query":"SELECT Id, StageName (69 more) ..."}|0x623777e
13:20:16.0 (125599589)|VARIABLE_SCOPE_BEGIN|[15]|totalNumRecords|Integer|false|false
13:20:16.0 (125608034)|VARIABLE_ASSIGNMENT|[15]|totalNumRecords|0
13:20:16.0 (125612723)|VARIABLE_SCOPE_BEGIN|[15]|queryMoreSize|Integer|false|false
13:20:16.0 (125620114)|VARIABLE_ASSIGNMENT|[15]|queryMoreSize|50000
13:20:16.0 (125719190)|HEAP_ALLOCATE|[5]|Bytes:28
13:20:16.0 (125740362)|METHOD_ENTRY|[5]||Database.QueryLocatorIterator.hasNext()
13:20:16.0 (125770149)|METHOD_EXIT|[5]||Database.QueryLocatorIterator.hasNext()
13:20:16.0 (125781147)|VARIABLE_ASSIGNMENT|[5]|opp|null|
13:20:16.0 (125788250)|STATEMENT_EXECUTE|[5]
13:20:16.0 (125833958)|STATEMENT_EXECUTE|[12]
13:20:16.125 (125840318)|CUMULATIVE_LIMIT_USAGE
13:20:16.125 (125840318)|LIMIT_USAGE_FOR_NS|(default)|
  Number of SOQL queries: 1 out of 100
  Number of query rows: 0 out of 50000
  Number of SOSL queries: 0 out of 20
  Number of DML statements: 3 out of 150
  Number of DML rows: 3 out of 10000
  Maximum CPU time: 0 out of 10000
  Maximum heap size: 0 out of 6000000
  Number of callouts: 0 out of 100
  Number of Email Invocations: 0 out of 10
  Number of future calls: 0 out of 50
  Number of queueable jobs added to the queue: 0 out of 50
  Number of Mobile Apex push calls: 0 out of 10

13:20:16.125 (125840318)|CUMULATIVE_LIMIT_USAGE_END

13:20:16.0 (126700295)|CODE_UNIT_FINISHED|ClosedOpportunityTrigger on Opportunity trigger event AfterInsert
13:20:16.0 (127896401)|DML_END|[18]
13:20:16.0 (127916861)|STATEMENT_EXECUTE|[20]
13:20:16.0 (127945731)|HEAP_ALLOCATE|[20]|Bytes:4
13:20:16.0 (127979577)|VARIABLE_SCOPE_BEGIN|[20]|listTask|List<Task>|true|false
13:20:16.0 (127992943)|HEAP_ALLOCATE|[EXTERNAL]|Bytes:4
13:20:16.0 (128005462)|VARIABLE_ASSIGNMENT|[20]|listTask|[]|0x76459b06
13:20:16.0 (128013126)|STATEMENT_EXECUTE|[22]
13:20:16.0 (128031992)|HEAP_ALLOCATE|[22]|Bytes:4
13:20:16.0 (128105311)|HEAP_ALLOCATE|[22]|Bytes:4
13:20:16.0 (128160612)|VARIABLE_ASSIGNMENT|[22]|this.Subject|"Task"|0x2496f90b
13:20:16.0 (128168252)|HEAP_ALLOCATE|[23]|Bytes:6
13:20:16.0 (128185639)|VARIABLE_ASSIGNMENT|[22]|this.Priority|"Normal"|0x2496f90b
13:20:16.0 (128192230)|HEAP_ALLOCATE|[24]|Bytes:11
13:20:16.0 (128207695)|VARIABLE_ASSIGNMENT|[22]|this.Status|"Not Started"|0x2496f90b
13:20:16.0 (128257815)|VARIABLE_ASSIGNMENT|[22]|this.WhatId|"0011r00001nnbw8AAA"|0x2496f90b
13:20:16.0 (128332921)|HEAP_ALLOCATE|[26]|Bytes:4
13:20:16.0 (128400393)|VARIABLE_ASSIGNMENT|[22]|this.ActivityDate|"2020-01-11T00:00:00.000Z"|0x2496f90b
13:20:16.0 (128440519)|VARIABLE_SCOPE_BEGIN|[22]|oTask|Task|true|false
13:20:16.0 (128474046)|VARIABLE_ASSIGNMENT|[22]|oTask|{"Subject":"Task","Priority":"Normal","Status":"Not Started","WhatId":"0011r00001nnbw8AAA","ActivityDate":"2020-01-11T00:00:00.000Z"}|0x2496f90b
13:20:16.0 (128486522)|STATEMENT_EXECUTE|[28]
13:20:16.0 (128529364)|HEAP_ALLOCATE|[EXTERNAL]|Bytes:4
13:20:16.0 (128543285)|STATEMENT_EXECUTE|[30]
13:20:16.0 (128570703)|HEAP_ALLOCATE|[30]|Bytes:4
13:20:16.0 (128627750)|VARIABLE_ASSIGNMENT|[30]|this.Subject|"Task"|0x40f43546
13:20:16.0 (128647445)|VARIABLE_ASSIGNMENT|[30]|this.Priority|"Normal"|0x40f43546
13:20:16.0 (128660420)|VARIABLE_ASSIGNMENT|[30]|this.Status|"Not Started"|0x40f43546
13:20:16.0 (128689908)|VARIABLE_ASSIGNMENT|[30]|this.WhatId|"0061r00000vk6k7AAA"|0x40f43546
13:20:16.0 (128732252)|HEAP_ALLOCATE|[34]|Bytes:4
13:20:16.0 (128779099)|VARIABLE_ASSIGNMENT|[30]|this.ActivityDate|"2020-01-11T00:00:00.000Z"|0x40f43546
13:20:16.0 (128809714)|VARIABLE_SCOPE_BEGIN|[30]|oTask2|Task|true|false
13:20:16.0 (128831120)|VARIABLE_ASSIGNMENT|[30]|oTask2|{"Subject":"Task","Priority":"Normal","Status":"Not Started","WhatId":"0061r00000vk6k7AAA","ActivityDate":"2020-01-11T00:00:00.000Z"}|0x40f43546
13:20:16.0 (128839620)|STATEMENT_EXECUTE|[36]
13:20:16.0 (128865391)|HEAP_ALLOCATE|[EXTERNAL]|Bytes:4
13:20:16.0 (128874738)|STATEMENT_EXECUTE|[38]
13:20:16.0 (128915095)|DML_BEGIN|[38]|Op:Insert|Type:Task|Rows:2
13:20:16.0 (128960737)|HEAP_ALLOCATE|[EXTERNAL]|Bytes:12
13:20:16.0 (150764970)|DML_END|[38]
13:20:16.0 (150842392)|HEAP_ALLOCATE|[EXTERNAL]|Bytes:12
13:20:16.0 (150871021)|STATEMENT_EXECUTE|[40]
13:20:16.0 (150999815)|USER_DEBUG|[40]|DEBUG|Task:{Subject=Task, Priority=Normal, Status=Not Started, WhatId=0011r00001nnbw8AAA, ActivityDate=2020-01-11 00:00:00, Id=00T1r00004C4nfgEAB}
13:20:16.0 (151016024)|STATEMENT_EXECUTE|[42]
13:20:16.0 (151053017)|USER_DEBUG|[42]|DEBUG|Task:{Subject=Task, Priority=Normal, Status=Not Started, WhatId=0061r00000vk6k7AAA, ActivityDate=2020-01-11 00:00:00, Id=00T1r00004C4nfhEAB}
13:20:16.0 (151182465)|HEAP_ALLOCATE|[44]|Bytes:5
13:20:16.0 (151220043)|HEAP_ALLOCATE|[44]|Bytes:28
13:20:16.0 (151231018)|VARIABLE_SCOPE_BEGIN|[44]|inTask|Task|true|false
13:20:16.0 (151280893)|VARIABLE_ASSIGNMENT|[44]|inTask|{"Subject":"Task","Priority":"Normal","Status":"Not Started","WhatId":"0011r00001nnbw8AAA","ActivityDate":"2020-01-11T00:00:00.000Z","Id":"00T1r00004C4nfgEAB"}|0x2496f90b
13:20:16.0 (151293793)|STATEMENT_EXECUTE|[44]
13:20:16.0 (151295935)|STATEMENT_EXECUTE|[45]
13:20:16.0 (151301050)|HEAP_ALLOCATE|[45]|Bytes:9
13:20:16.0 (151350855)|VARIABLE_ASSIGNMENT|[45]|this.Status|"Completed"|0x2496f90b
13:20:16.0 (151367138)|HEAP_ALLOCATE|[44]|Bytes:5
13:20:16.0 (151378135)|HEAP_ALLOCATE|[44]|Bytes:28
13:20:16.0 (151385078)|VARIABLE_SCOPE_BEGIN|[44]|inTask|Task|true|false
13:20:16.0 (151403599)|VARIABLE_ASSIGNMENT|[44]|inTask|{"Subject":"Task","Priority":"Normal","Status":"Not Started","WhatId":"0061r00000vk6k7AAA","ActivityDate":"2020-01-11T00:00:00.000Z","Id":"00T1r00004C4nfhEAB"}|0x40f43546
13:20:16.0 (151411658)|STATEMENT_EXECUTE|[44]
13:20:16.0 (151413501)|STATEMENT_EXECUTE|[45]
13:20:16.0 (151438910)|VARIABLE_ASSIGNMENT|[45]|this.Status|"Completed"|0x40f43546
13:20:16.0 (151459013)|HEAP_ALLOCATE|[44]|Bytes:5
13:20:16.0 (151476090)|VARIABLE_ASSIGNMENT|[44]|inTask|null|
13:20:16.0 (151487832)|STATEMENT_EXECUTE|[48]
13:20:16.0 (151534572)|USER_DEBUG|[48]|DEBUG|Task:{Subject=Task, Priority=Normal, Status=Completed, WhatId=0011r00001nnbw8AAA, ActivityDate=2020-01-11 00:00:00, Id=00T1r00004C4nfgEAB}
13:20:16.0 (151546278)|STATEMENT_EXECUTE|[50]
13:20:16.0 (151576637)|USER_DEBUG|[50]|DEBUG|Task:{Subject=Task, Priority=Normal, Status=Completed, WhatId=0061r00000vk6k7AAA, ActivityDate=2020-01-11 00:00:00, Id=00T1r00004C4nfhEAB}
13:20:16.0 (151596042)|STATEMENT_EXECUTE|[52]
13:20:16.0 (151670328)|USER_DEBUG|[52]|DEBUG|(Task:{Subject=Task, Priority=Normal, Status=Completed, WhatId=0011r00001nnbw8AAA, ActivityDate=2020-01-11 00:00:00, Id=00T1r00004C4nfgEAB}, Task:{Subject=Task, Priority=Normal, Status=Completed, WhatId=0061r00000vk6k7AAA, ActivityDate=2020-01-11 00:00:00, Id=00T1r00004C4nfhEAB})
13:20:16.0 (151688855)|STATEMENT_EXECUTE|[54]
13:20:16.0 (151726254)|DML_BEGIN|[54]|Op:Upsert|Type:Task|Rows:2
13:20:16.0 (151758122)|HEAP_ALLOCATE|[EXTERNAL]|Bytes:12
13:20:16.0 (178809987)|CODE_UNIT_STARTED|[EXTERNAL]|01q1r000000j6Yv|TaskTrigger on Task trigger event AfterUpdate
13:20:16.0 (178865530)|HEAP_ALLOCATE|[EXTERNAL]|Bytes:12
13:20:16.0 (178916459)|HEAP_ALLOCATE|[EXTERNAL]|Bytes:12
13:20:16.0 (179056554)|HEAP_ALLOCATE|[EXTERNAL]|Bytes:12
13:20:16.0 (179074443)|VARIABLE_SCOPE_BEGIN|[1]|this|TaskTrigger|true|false
13:20:16.0 (179138280)|VARIABLE_ASSIGNMENT|[1]|this|{}|0x40e19d85
13:20:16.0 (179193703)|HEAP_ALLOCATE|[EXTERNAL]|Bytes:12
13:20:16.0 (179252408)|VARIABLE_SCOPE_BEGIN|[1]|this|TaskTrigger|true|false
13:20:16.0 (179267492)|VARIABLE_ASSIGNMENT|[1]|this|{}|0x40e19d85
13:20:16.0 (179278412)|STATEMENT_EXECUTE|[1]
13:20:16.0 (179280961)|STATEMENT_EXECUTE|[3]
13:20:16.0 (181979651)|VARIABLE_ASSIGNMENT|[3]|this.listNew|[{"Status":"Completed","LastModifiedDate":"2018-04-13T11:20:16.000Z","IsDeleted":false,"AccountId":"0011r00001nnbw8AAA","WhatId":"0011r00001nnbw8AAA","ActivityDate":"2020-01-11T00:00:00.000Z","Priority":"Normal","IsHighPriority":false,"IsClosed":true,"IsRecurrence":false,"Subject":"Task","SystemModstamp":"2018-04-13T11:20:16.000Z","IsArchived":false,"CreatedById":"0051r000007Oz5QAAS","TaskSubtype":"Task","OwnerId":"0051r000007Oz5QAAS","CreatedDate":"2018-04-13T11:20:16.000Z","Id":"00T1r00004C4nfgEAB","DB_Activity_Type__c":"Other","IsReminderSet":false,"LastModifiedById":"0051r000007Oz5QAAS"},{"Status":"Completed","LastModifiedDate":"2018-04-13T11:20:16.000Z","IsDeleted":false,"AccountId":"0011r00001nnbw8AAA","WhatId":"0061r00000vk6k7AAA","ActivityDate":"2020-01-11T00:00:00.000Z","Priority":"Normal","IsHighPriority":false,"IsClosed":true,"IsRecurrence":false,"Subject":"Task","SystemModstamp":"2018-04-13T11:20:16.000Z","IsArchived":false,"CreatedById":"0051r000007Oz5QAAS","TaskSubtype":"Task","OwnerId":"0051r000007Oz5QAAS","CreatedDate":"2018-04-13T11:20:16.000Z","Id":"00T1r00004C4nfhEAB","DB_Activity_Type__c":"Other","IsReminderSet":false,"LastModifiedById":"0051r000007Oz5QAAS"}]|0x40e19d85
13:20:16.0 (182009078)|STATEMENT_EXECUTE|[5]
13:20:16.0 (183968259)|VARIABLE_ASSIGNMENT|[5]|this.mapOld|{"00T1r00004C4nfgEAB":{"Status":"Not Started","LastModifiedDate":"2018-04-13T11:20:16.000Z","IsDeleted":false,"AccountId":"0011r00001nnbw8AAA","WhatId":"0011r00001nnbw8AAA","ActivityDate":"2020-01-11T00:00:00.000Z","Priority":"Normal","IsHighPriority":false,"IsClosed":false,"IsRecurrence":false,"Subject":"Task","SystemModstamp":"2018-04-13T11:20:16.000Z","IsArchived":false,"CreatedById":"0051r000007Oz5QAAS","TaskSubtype":"Task","OwnerId":"0051r000007Oz5QAAS","CreatedDate":"2018-04-13T11:20:16.000Z","Id":"00T1r00004C4nfgEAB","DB_Activity_Type__c":"Other","IsReminderSet":false,"LastModifiedById":"0051r000007Oz5QAAS"},"00T1r00004C4nfhEAB":{"Status":"Not Started","LastModifiedDate":"2018-04-13T11:20:16.000Z","IsDeleted":false,"AccountId":"0011r00001nnbw8AAA","WhatId":"0061r00000vk6k7AAA","ActivityDate":"2020-01-11T00:00:00.000Z","Priority":"Normal","IsHighPriority":false,"IsClosed":false,"IsRecurrence":false,"Subject":"Task","SystemModstamp":"2018-04-13T11:20:16.000Z","IsArchived":false,"CreatedById":"0051r000007Oz5QAAS","TaskSubtype":"Task","OwnerId":"0051r000007Oz5QAAS","CreatedDate":"2018-04-13T11:20:16.000Z","Id":"00T1r00004C4nfhEAB","DB_Activity_Type__c":"Other","IsReminderSet":false,"LastModifiedById":"0051r000007Oz5QAAS"}}|0x40e19d85
13:20:16.0 (184005747)|STATEMENT_EXECUTE|[8]
13:20:16.0 (184012496)|STATEMENT_EXECUTE|[9]
13:20:16.0 (184014535)|STATEMENT_EXECUTE|[10]
13:20:16.0 (185536031)|HEAP_ALLOCATE|[10]|Bytes:1
13:20:16.0 (185560830)|METHOD_ENTRY|[1]|01p1r000009oS6S|TaskMethods.TaskMethods()
13:20:16.0 (185569077)|STATEMENT_EXECUTE|[1]
13:20:16.0 (185574255)|STATEMENT_EXECUTE|[1]
13:20:16.0 (186004415)|SYSTEM_MODE_ENTER|false
13:20:16.0 (186018896)|HEAP_ALLOCATE|[10]|Bytes:5
13:20:16.0 (186027495)|SYSTEM_MODE_EXIT|false
13:20:16.0 (186037590)|METHOD_EXIT|[1]|TaskMethods
13:20:16.0 (186059953)|METHOD_ENTRY|[10]|01p1r000009oS6S|TaskMethods.CerrarTarea(List<Task>)
13:20:16.0 (186091518)|VARIABLE_SCOPE_BEGIN|[3]|listTask|List<Task>|true|false
13:20:16.0 (187017011)|VARIABLE_ASSIGNMENT|[3]|listTask|[{"Status":"Completed","LastModifiedDate":"2018-04-13T11:20:16.000Z","IsDeleted":false,"AccountId":"0011r00001nnbw8AAA","WhatId":"0011r00001nnbw8AAA","ActivityDate":"2020-01-11T00:00:00.000Z","Priority":"Normal","IsHighPriority":false,"IsClosed":true,"IsRecurrence":false,"Subject":"Task","SystemModstamp":"2018-04-13T11:20:16.000Z","IsArchived":false,"CreatedById":"0051r000007Oz5QAAS","TaskSubtype":"Task","OwnerId":"0051r000007Oz5QAAS","CreatedDate":"2018-04-13T11:20:16.000Z","Id":"00T1r00004C4nfgEAB","DB_Activity_Type__c":"Other","IsReminderSet":false,"LastModifiedById":"0051r000007Oz5QAAS"},{"Status":"Completed","LastModifiedDate":"2018-04-13T11:20:16.000Z","IsDeleted":false,"AccountId":"0011r00001nnbw8AAA","WhatId":"0061r00000vk6k7AAA","ActivityDate":"2020-01-11T00:00:00.000Z","Priority":"Normal","IsHighPriority":false,"IsClosed":true,"IsRecurrence":false,"Subject":"Task","SystemModstamp":"2018-04-13T11:20:16.000Z","IsArchived":false,"CreatedById":"0051r000007Oz5QAAS","TaskSubtype":"Task","OwnerId":"0051r000007Oz5QAAS","CreatedDate":"2018-04-13T11:20:16.000Z","Id":"00T1r00004C4nfhEAB","DB_Activity_Type__c":"Other","IsReminderSet":false,"LastModifiedById":"0051r000007Oz5QAAS"}]|0x78275b0a
13:20:16.0 (187061432)|SYSTEM_MODE_ENTER|false
13:20:16.0 (187069445)|HEAP_ALLOCATE|[5]|Bytes:5
13:20:16.0 (187076512)|STATEMENT_EXECUTE|[3]
13:20:16.0 (187127246)|STATEMENT_EXECUTE|[5]
13:20:16.0 (187129590)|STATEMENT_EXECUTE|[8]
13:20:16.0 (187175284)|HEAP_ALLOCATE|[8]|Bytes:4
13:20:16.0 (187184867)|HEAP_ALLOCATE|[8]|Bytes:22
13:20:16.0 (187197709)|HEAP_ALLOCATE|[8]|Bytes:4
13:20:16.0 (187398370)|SOQL_EXECUTE_BEGIN|[8]|Aggregations:0|SELECT Id FROM Account
13:20:16.0 (191442352)|SOQL_EXECUTE_END|[8]|Rows:2
13:20:16.0 (191465556)|HEAP_ALLOCATE|[8]|Bytes:12
13:20:16.0 (191482929)|HEAP_ALLOCATE|[8]|Bytes:58
13:20:16.0 (191530871)|HEAP_ALLOCATE|[8]|Bytes:12
13:20:16.0 (191573637)|HEAP_ALLOCATE|[8]|Bytes:8
13:20:16.0 (191591882)|HEAP_ALLOCATE|[8]|Bytes:18
13:20:16.0 (191598507)|HEAP_ALLOCATE|[8]|Bytes:8
13:20:16.0 (191603470)|HEAP_ALLOCATE|[8]|Bytes:18
13:20:16.0 (191613719)|VARIABLE_SCOPE_BEGIN|[8]|mapAllAccounts|Map<String,Account>|true|false
13:20:16.0 (191641906)|VARIABLE_ASSIGNMENT|[8]|mapAllAccounts|{"0011r00001nnbw7AAA":{"Id":"0011r00001nnbw7AAA"},"0011r00001nnbw8AAA":{"Id":"0011r00001nnbw8AAA"}}|0x3c6e5d47
13:20:16.0 (191650737)|STATEMENT_EXECUTE|[9]
13:20:16.0 (191686135)|HEAP_ALLOCATE|[9]|Bytes:4
13:20:16.0 (191693251)|HEAP_ALLOCATE|[9]|Bytes:26
13:20:16.0 (191701501)|HEAP_ALLOCATE|[9]|Bytes:4
13:20:16.0 (191793455)|SOQL_EXECUTE_BEGIN|[9]|Aggregations:0|SELECT Id FROM Opportunity
13:20:16.0 (194814691)|SOQL_EXECUTE_END|[9]|Rows:1
13:20:16.0 (194845304)|HEAP_ALLOCATE|[9]|Bytes:8
13:20:16.0 (194861319)|HEAP_ALLOCATE|[9]|Bytes:29
13:20:16.0 (194898474)|HEAP_ALLOCATE|[9]|Bytes:8
13:20:16.0 (194932014)|HEAP_ALLOCATE|[9]|Bytes:8
13:20:16.0 (194946401)|HEAP_ALLOCATE|[9]|Bytes:18
13:20:16.0 (194959650)|VARIABLE_SCOPE_BEGIN|[9]|mapAllOportunities|Map<String,Opportunity>|true|false
13:20:16.0 (194988359)|VARIABLE_ASSIGNMENT|[9]|mapAllOportunities|{"0061r00000vk6k7AAA":{"Id":"0061r00000vk6k7AAA"}}|0x4766e959
13:20:16.0 (195000354)|STATEMENT_EXECUTE|[12]
13:20:16.0 (195023484)|HEAP_ALLOCATE|[12]|Bytes:4
13:20:16.0 (195109093)|VARIABLE_SCOPE_BEGIN|[12]|listAccountUpdate|List<Account>|true|false
13:20:16.0 (195127022)|HEAP_ALLOCATE|[EXTERNAL]|Bytes:4
13:20:16.0 (195162731)|VARIABLE_ASSIGNMENT|[12]|listAccountUpdate|[]|0x6cdb63cc
13:20:16.0 (195170489)|STATEMENT_EXECUTE|[13]
13:20:16.0 (195184165)|HEAP_ALLOCATE|[13]|Bytes:4
13:20:16.0 (195232765)|VARIABLE_SCOPE_BEGIN|[13]|listOpportunityUpdate|List<Opportunity>|true|false
13:20:16.0 (195248718)|HEAP_ALLOCATE|[EXTERNAL]|Bytes:4
13:20:16.0 (195258660)|VARIABLE_ASSIGNMENT|[13]|listOpportunityUpdate|[]|0x615a1cb5
13:20:16.0 (195269798)|STATEMENT_EXECUTE|[16]
13:20:16.0 (195288503)|HEAP_ALLOCATE|[16]|Bytes:4
13:20:16.0 (195317857)|VARIABLE_SCOPE_BEGIN|[16]|listAccountIds|Set<String>|true|false
13:20:16.0 (195342875)|VARIABLE_ASSIGNMENT|[16]|listAccountIds|[]|0x473f2d12
13:20:16.0 (195349367)|STATEMENT_EXECUTE|[17]
13:20:16.0 (195355766)|HEAP_ALLOCATE|[17]|Bytes:4
13:20:16.0 (195371201)|VARIABLE_SCOPE_BEGIN|[17]|listOpportunityIds|Set<String>|true|false
13:20:16.0 (195386287)|VARIABLE_ASSIGNMENT|[17]|listOpportunityIds|[]|0x3763288d
13:20:16.0 (195431505)|HEAP_ALLOCATE|[20]|Bytes:5
13:20:16.0 (195453849)|VARIABLE_SCOPE_BEGIN|[20]|inTask|Task|true|false
13:20:16.0 (195735183)|VARIABLE_ASSIGNMENT|[20]|inTask|{"Status":"Completed","LastModifiedDate":"2018-04-13T11:20:16.000Z","IsDeleted":false,"AccountId":"0011r00001nnbw8AAA","WhatId":"0011r00001nnbw8AAA","ActivityDate":"2020-01-11T00:00:00.000Z","Priority":"Normal","IsHighPriority":false,"IsClosed":true,"IsRecurrence":false,"Subject":"Task","SystemModstamp":"2018-04-13T11:20:16.000Z","IsArchived":false,"CreatedById":"0051r000007Oz5QAAS","TaskSubtype":"Task","OwnerId":"0051r000007Oz5QAAS","CreatedDate":"2018-04-13T11:20:16.000Z","Id":"00T1r00004C4nfgEAB","DB_Activity_Type__c":"Other","IsReminderSet":false,"LastModifiedById":"0051r000007Oz5QAAS"}|0x11e8ae
13:20:16.0 (195751264)|STATEMENT_EXECUTE|[20]
13:20:16.0 (195796479)|STATEMENT_EXECUTE|[21]
13:20:16.0 (195870137)|STATEMENT_EXECUTE|[22]
13:20:16.0 (195873745)|STATEMENT_EXECUTE|[24]
13:20:16.0 (195901851)|HEAP_ALLOCATE|[EXTERNAL]|Bytes:4
13:20:16.0 (195921213)|HEAP_ALLOCATE|[20]|Bytes:5
13:20:16.0 (195936853)|VARIABLE_SCOPE_BEGIN|[20]|inTask|Task|true|false
13:20:16.0 (196076853)|VARIABLE_ASSIGNMENT|[20]|inTask|{"Status":"Completed","LastModifiedDate":"2018-04-13T11:20:16.000Z","IsDeleted":false,"AccountId":"0011r00001nnbw8AAA","WhatId":"0061r00000vk6k7AAA","ActivityDate":"2020-01-11T00:00:00.000Z","Priority":"Normal","IsHighPriority":false,"IsClosed":true,"IsRecurrence":false,"Subject":"Task","SystemModstamp":"2018-04-13T11:20:16.000Z","IsArchived":false,"CreatedById":"0051r000007Oz5QAAS","TaskSubtype":"Task","OwnerId":"0051r000007Oz5QAAS","CreatedDate":"2018-04-13T11:20:16.000Z","Id":"00T1r00004C4nfhEAB","DB_Activity_Type__c":"Other","IsReminderSet":false,"LastModifiedById":"0051r000007Oz5QAAS"}|0xf760f31
13:20:16.0 (196091938)|STATEMENT_EXECUTE|[20]
13:20:16.0 (196107448)|STATEMENT_EXECUTE|[21]
13:20:16.0 (196155101)|STATEMENT_EXECUTE|[25]
13:20:16.0 (196169264)|STATEMENT_EXECUTE|[26]
13:20:16.0 (196189186)|HEAP_ALLOCATE|[EXTERNAL]|Bytes:4
13:20:16.0 (196205341)|HEAP_ALLOCATE|[20]|Bytes:5
13:20:16.0 (196220219)|VARIABLE_ASSIGNMENT|[20]|inTask|null|
13:20:16.0 (196226625)|STATEMENT_EXECUTE|[32]
13:20:16.0 (196243411)|HEAP_ALLOCATE|[32]|Bytes:4
13:20:16.0 (196250449)|HEAP_ALLOCATE|[32]|Bytes:57
13:20:16.0 (196262133)|HEAP_ALLOCATE|[32]|Bytes:4
13:20:16.0 (196291061)|HEAP_ALLOCATE|[32]|Bytes:8
13:20:16.0 (196300784)|HEAP_ALLOCATE|[32]|Bytes:8
13:20:16.0 (196454667)|SOQL_EXECUTE_BEGIN|[32]|Aggregations:0|SELECT Id, AccountId FROM Opportunity WHERE id = :tmpVar1
13:20:16.0 (199257238)|SOQL_EXECUTE_END|[32]|Rows:1
13:20:16.0 (199279389)|HEAP_ALLOCATE|[32]|Bytes:8
13:20:16.0 (199292205)|HEAP_ALLOCATE|[32]|Bytes:60
13:20:16.0 (199322597)|HEAP_ALLOCATE|[32]|Bytes:8
13:20:16.0 (199338914)|HEAP_ALLOCATE|[32]|Bytes:12
13:20:16.0 (199348259)|HEAP_ALLOCATE|[32]|Bytes:18
13:20:16.0 (199355914)|VARIABLE_SCOPE_BEGIN|[32]|mapOportunity|Map<String,Opportunity>|true|false
13:20:16.0 (199381321)|VARIABLE_ASSIGNMENT|[32]|mapOportunity|{"0061r00000vk6k7AAA":{"Id":"0061r00000vk6k7AAA","AccountId":"0011r00001nnbw8AAA"}}|0x181d6c40
13:20:16.0 (199399215)|HEAP_ALLOCATE|[35]|Bytes:4
13:20:16.0 (199435203)|HEAP_ALLOCATE|[35]|Bytes:4
13:20:16.0 (199462948)|HEAP_ALLOCATE|[35]|Bytes:5
13:20:16.0 (199478197)|VARIABLE_SCOPE_BEGIN|[35]|idOportunity|String|false|false
13:20:16.0 (199488992)|VARIABLE_ASSIGNMENT|[35]|idOportunity|"0061r00000vk6k7AAA"
13:20:16.0 (199495258)|STATEMENT_EXECUTE|[35]
13:20:16.0 (199497274)|STATEMENT_EXECUTE|[36]
13:20:16.0 (199561587)|HEAP_ALLOCATE|[EXTERNAL]|Bytes:4
13:20:16.0 (199579061)|HEAP_ALLOCATE|[35]|Bytes:5
13:20:16.0 (199596334)|VARIABLE_ASSIGNMENT|[35]|idOportunity|null
13:20:16.0 (199602944)|STATEMENT_EXECUTE|[42]
13:20:16.0 (199619154)|HEAP_ALLOCATE|[42]|Bytes:4
13:20:16.0 (199625927)|HEAP_ALLOCATE|[42]|Bytes:91
13:20:16.0 (199634846)|HEAP_ALLOCATE|[42]|Bytes:4
13:20:16.0 (199660249)|HEAP_ALLOCATE|[42]|Bytes:8
13:20:16.0 (199668837)|HEAP_ALLOCATE|[42]|Bytes:8
13:20:16.0 (199833686)|SOQL_EXECUTE_BEGIN|[42]|Aggregations:0|SELECT Id, Fecha_ltima_actividad_m_s_reciente__c, ParentId FROM Account WHERE id = :tmpVar1
13:20:16.0 (203098657)|SOQL_EXECUTE_END|[42]|Rows:1
13:20:16.0 (203120337)|HEAP_ALLOCATE|[42]|Bytes:8
13:20:16.0 (203135608)|HEAP_ALLOCATE|[42]|Bytes:104
13:20:16.0 (203167124)|HEAP_ALLOCATE|[42]|Bytes:8
13:20:16.0 (203183444)|HEAP_ALLOCATE|[42]|Bytes:16
13:20:16.0 (203192733)|HEAP_ALLOCATE|[42]|Bytes:18
13:20:16.0 (203201301)|VARIABLE_SCOPE_BEGIN|[42]|mapAccount|Map<String,Account>|true|false
13:20:16.0 (203245907)|VARIABLE_ASSIGNMENT|[42]|mapAccount|{"0011r00001nnbw8AAA":{"Id":"0011r00001nnbw8AAA","Fecha_ltima_activida (17 more) ...":"2018-01-11T00:00:00.000Z","ParentId":"0011r00001nnbw7AAA"}}|0x4afa64da
13:20:16.0 (203296002)|HEAP_ALLOCATE|[45]|Bytes:5
13:20:16.0 (203315335)|VARIABLE_SCOPE_BEGIN|[45]|inTask|Task|true|false
13:20:16.0 (203514330)|VARIABLE_ASSIGNMENT|[45]|inTask|{"Status":"Completed","LastModifiedDate":"2018-04-13T11:20:16.000Z","IsDeleted":false,"AccountId":"0011r00001nnbw8AAA","WhatId":"0011r00001nnbw8AAA","ActivityDate":"2020-01-11T00:00:00.000Z","Priority":"Normal","IsHighPriority":false,"IsClosed":true,"IsRecurrence":false,"Subject":"Task","SystemModstamp":"2018-04-13T11:20:16.000Z","IsArchived":false,"CreatedById":"0051r000007Oz5QAAS","TaskSubtype":"Task","OwnerId":"0051r000007Oz5QAAS","CreatedDate":"2018-04-13T11:20:16.000Z","Id":"00T1r00004C4nfgEAB","DB_Activity_Type__c":"Other","IsReminderSet":false,"LastModifiedById":"0051r000007Oz5QAAS"}|0x11e8ae
13:20:16.0 (203531879)|STATEMENT_EXECUTE|[45]
13:20:16.0 (203669728)|STATEMENT_EXECUTE|[47]
13:20:16.0 (203672515)|STATEMENT_EXECUTE|[49]
13:20:16.0 (203749618)|VARIABLE_ASSIGNMENT|[49]|this.Fecha_ltima_actividad_m_s_reciente__c|"2020-01-11T00:00:00.000Z"|0x20dbd9a0
13:20:16.0 (203759111)|STATEMENT_EXECUTE|[50]
13:20:16.0 (203797549)|HEAP_ALLOCATE|[EXTERNAL]|Bytes:4
13:20:16.0 (203814115)|HEAP_ALLOCATE|[45]|Bytes:5
13:20:16.0 (203829316)|VARIABLE_SCOPE_BEGIN|[45]|inTask|Task|true|false
13:20:16.0 (203971281)|VARIABLE_ASSIGNMENT|[45]|inTask|{"Status":"Completed","LastModifiedDate":"2018-04-13T11:20:16.000Z","IsDeleted":false,"AccountId":"0011r00001nnbw8AAA","WhatId":"0061r00000vk6k7AAA","ActivityDate":"2020-01-11T00:00:00.000Z","Priority":"Normal","IsHighPriority":false,"IsClosed":true,"IsRecurrence":false,"Subject":"Task","SystemModstamp":"2018-04-13T11:20:16.000Z","IsArchived":false,"CreatedById":"0051r000007Oz5QAAS","TaskSubtype":"Task","OwnerId":"0051r000007Oz5QAAS","CreatedDate":"2018-04-13T11:20:16.000Z","Id":"00T1r00004C4nfhEAB","DB_Activity_Type__c":"Other","IsReminderSet":false,"LastModifiedById":"0051r000007Oz5QAAS"}|0xf760f31
13:20:16.0 (203985554)|STATEMENT_EXECUTE|[45]
13:20:16.0 (204060757)|EXCEPTION_THROWN|[47]|System.NullPointerException: Attempt to de-reference a null object
13:20:16.0 (204174545)|HEAP_ALLOCATE|[47]|Bytes:41
13:20:16.0 (204189003)|SYSTEM_MODE_EXIT|false
13:20:16.0 (204203968)|METHOD_EXIT|[10]|01p1r000009oS6S|TaskMethods.CerrarTarea(List<Task>)
13:20:16.0 (204289473)|FATAL_ERROR|System.NullPointerException: Attempt to de-reference a null object

Class.TaskMethods.CerrarTarea: line 47, column 1
Trigger.TaskTrigger: line 10, column 1
13:20:16.0 (204302656)|FATAL_ERROR|System.NullPointerException: Attempt to de-reference a null object

Class.TaskMethods.CerrarTarea: line 47, column 1
Trigger.TaskTrigger: line 10, column 1
13:20:16.204 (204350092)|CUMULATIVE_LIMIT_USAGE
13:20:16.204 (204350092)|LIMIT_USAGE_FOR_NS|(default)|
  Number of SOQL queries: 5 out of 100
  Number of query rows: 5 out of 50000
  Number of SOSL queries: 0 out of 20
  Number of DML statements: 5 out of 150
  Number of DML rows: 7 out of 10000
  Maximum CPU time: 0 out of 10000
  Maximum heap size: 0 out of 6000000
  Number of callouts: 0 out of 100
  Number of Email Invocations: 0 out of 10
  Number of future calls: 0 out of 50
  Number of queueable jobs added to the queue: 0 out of 50
  Number of Mobile Apex push calls: 0 out of 10

13:20:16.204 (204350092)|CUMULATIVE_LIMIT_USAGE_END

13:20:16.0 (205563101)|CODE_UNIT_FINISHED|TaskTrigger on Task trigger event AfterUpdate
13:20:16.0 (208172018)|DML_END|[54]
13:20:16.0 (208302051)|EXCEPTION_THROWN|[54]|System.DmlException: Upsert failed. First exception on row 0 with id 00T1r00004C4nfgEAB; first error: CANNOT_INSERT_UPDATE_ACTIVATE_ENTITY, TaskTrigger: execution of AfterUpdate

caused by: System.NullPointerException: Attempt to de-reference a null object

Class.TaskMethods.CerrarTarea: line 47, column 1
Trigger.TaskTrigger: line 10, column 1: []
13:20:16.0 (208633615)|HEAP_ALLOCATE|[54]|Bytes:332
13:20:16.0 (208700555)|FATAL_ERROR|System.DmlException: Upsert failed. First exception on row 0 with id 00T1r00004C4nfgEAB; first error: CANNOT_INSERT_UPDATE_ACTIVATE_ENTITY, TaskTrigger: execution of AfterUpdate

caused by: System.NullPointerException: Attempt to de-reference a null object

Class.TaskMethods.CerrarTarea: line 47, column 1
Trigger.TaskTrigger: line 10, column 1: []

Class.TaskTest.testCerrarTarea: line 54, column 1
13:20:16.0 (208717934)|FATAL_ERROR|System.DmlException: Upsert failed. First exception on row 0 with id 00T1r00004C4nfgEAB; first error: CANNOT_INSERT_UPDATE_ACTIVATE_ENTITY, TaskTrigger: execution of AfterUpdate

caused by: System.NullPointerException: Attempt to de-reference a null object

Class.TaskMethods.CerrarTarea: line 47, column 1
Trigger.TaskTrigger: line 10, column 1: []

Class.TaskTest.testCerrarTarea: line 54, column 1
13:20:16.208 (208727916)|CUMULATIVE_LIMIT_USAGE
13:20:16.208 (208727916)|LIMIT_USAGE_FOR_NS|(default)|
  Number of SOQL queries: 1 out of 100
  Number of query rows: 0 out of 50000
  Number of SOSL queries: 0 out of 20
  Number of DML statements: 5 out of 150
  Number of DML rows: 7 out of 10000
  Maximum CPU time: 0 out of 10000
  Maximum heap size: 0 out of 6000000
  Number of callouts: 0 out of 100
  Number of Email Invocations: 0 out of 10
  Number of future calls: 0 out of 50
  Number of queueable jobs added to the queue: 0 out of 50
  Number of Mobile Apex push calls: 0 out of 10

13:20:16.208 (208727916)|CUMULATIVE_LIMIT_USAGE_END

13:20:16.0 (208750672)|CODE_UNIT_FINISHED|TaskTest.testCerrarTarea
13:20:16.0 (209552902)|EXECUTION_FINISHED
13:20:16.316 (316386763)|USER_INFO|[EXTERNAL]|0051r000007Oz5Q|lydia.abril@gmail.com|hora estándar de Europa central|GMT+02:00
13:20:16.316 (316409769)|EXECUTION_STARTED
13:20:16.316 (316414813)|CODE_UNIT_STARTED|[EXTERNAL]|DuplicateDetector
13:20:16.316 (316430416)|DUPLICATE_DETECTION_BEGIN
13:20:16.316 (316480935)|DUPLICATE_DETECTION_RULE_INVOCATION|DuplicateRuleId:0Bm1r0000018X88|DuplicateRuleName:Standard Account Duplicate Rule|DmlType:INSERT
13:20:16.316 (325182998)|DUPLICATE_DETECTION_END
13:20:16.316 (325192833)|CODE_UNIT_FINISHED|DuplicateDetector
13:20:16.316 (326047207)|EXECUTION_FINISHED
