36.0 APEX_CODE,FINEST;APEX_PROFILING,INFO;CALLOUT,INFO;DB,INFO;SYSTEM,DEBUG;VALIDATION,INFO;VISUALFORCE,INFO;WAVE,INFO;WORKFLOW,INFO
16:41:20.0 (365879)|USER_INFO|[EXTERNAL]|0051r000007Oz5Q|lydia.abril@gmail.com|hora estándar de Europa central|GMT+02:00
16:41:20.0 (398430)|EXECUTION_STARTED
16:41:20.0 (402233)|CODE_UNIT_STARTED|[EXTERNAL]|TRIGGERS
16:41:20.0 (423147)|CODE_UNIT_STARTED|[EXTERNAL]|01q1r000000j7QT|TarjetaTrigger on Tarjeta_de_cr_dito trigger event BeforeUpdate
16:41:20.0 (457821)|HEAP_ALLOCATE|[EXTERNAL]|Bytes:8
16:41:20.0 (499853)|HEAP_ALLOCATE|[EXTERNAL]|Bytes:8
16:41:20.0 (863850)|HEAP_ALLOCATE|[72]|Bytes:3
16:41:20.0 (898059)|HEAP_ALLOCATE|[77]|Bytes:152
16:41:20.0 (911785)|HEAP_ALLOCATE|[342]|Bytes:408
16:41:20.0 (922746)|HEAP_ALLOCATE|[355]|Bytes:408
16:41:20.0 (932766)|HEAP_ALLOCATE|[467]|Bytes:48
16:41:20.0 (957436)|HEAP_ALLOCATE|[139]|Bytes:6
16:41:20.0 (1042795)|HEAP_ALLOCATE|[EXTERNAL]|Bytes:8
16:41:20.0 (1055855)|VARIABLE_SCOPE_BEGIN|[1]|this|TarjetaTrigger|true|false
16:41:20.0 (1115277)|VARIABLE_ASSIGNMENT|[1]|this|{}|0x3763d4a1
16:41:20.0 (1167437)|HEAP_ALLOCATE|[EXTERNAL]|Bytes:8
16:41:20.0 (1210247)|VARIABLE_SCOPE_BEGIN|[1]|this|TarjetaTrigger|true|false
16:41:20.0 (1226004)|VARIABLE_ASSIGNMENT|[1]|this|{}|0x3763d4a1
16:41:20.0 (1237607)|STATEMENT_EXECUTE|[1]
16:41:20.0 (1240010)|STATEMENT_EXECUTE|[3]
16:41:20.0 (1270427)|HEAP_ALLOCATE|[50]|Bytes:5
16:41:20.0 (1291325)|HEAP_ALLOCATE|[56]|Bytes:5
16:41:20.0 (1300168)|HEAP_ALLOCATE|[64]|Bytes:7
16:41:20.0 (1678774)|VARIABLE_ASSIGNMENT|[3]|this.listNew|[{"LastModifiedDate":"2018-04-12T14:14:09.000Z","Tipo_de_tarjeta__c":"MasterCard","A_o_caducidad__c":2020,"IsDeleted":false,"Name":"bbbbbbbbbb","SystemModstamp":"2018-04-12T14:14:09.000Z","Contacto__c":"0031r000024iThRAAU","OwnerId":"0051r00000894UtAAI","CreatedById":"0051r000007Oz5QAAS","CreatedDate":"2018-04-11T13:51:53.000Z","Mes_de_caducidad__c":12,"Id":"a031r00000Rt0ErAAJ","LastModifiedById":"0051r000007Oz5QAAS","Tarjeta__c":"Crédito","N_tarjeta__c":"2222222222222222"}]|0x3763d4a1
16:41:20.0 (1703904)|STATEMENT_EXECUTE|[5]
16:41:20.0 (1714035)|STATEMENT_EXECUTE|[6]
16:41:20.0 (1715751)|STATEMENT_EXECUTE|[7]
16:41:20.0 (5681299)|HEAP_ALLOCATE|[7]|Bytes:1
16:41:20.0 (5692755)|HEAP_ALLOCATE|[7]|Bytes:14
16:41:20.0 (5709386)|METHOD_ENTRY|[1]|01p1r000009oldq|TarjetaMethods.TarjetaMethods()
16:41:20.0 (5716653)|STATEMENT_EXECUTE|[1]
16:41:20.0 (5722041)|STATEMENT_EXECUTE|[1]
16:41:20.0 (6050097)|SYSTEM_MODE_ENTER|false
16:41:20.0 (6066218)|HEAP_ALLOCATE|[7]|Bytes:5
16:41:20.0 (6074940)|SYSTEM_MODE_EXIT|false
16:41:20.0 (6085498)|METHOD_EXIT|[1]|TarjetaMethods
16:41:20.0 (6109886)|METHOD_ENTRY|[7]|01p1r000009oldq|TarjetaMethods.CrearOportunidad(List<Tarjeta_de_cr_dito__c>)
16:41:20.0 (6140308)|VARIABLE_SCOPE_BEGIN|[3]|listTarjetas|List<Tarjeta_de_cr_dito__c>|true|false
16:41:20.0 (6299495)|VARIABLE_ASSIGNMENT|[3]|listTarjetas|[{"LastModifiedDate":"2018-04-12T14:14:09.000Z","Tipo_de_tarjeta__c":"MasterCard","A_o_caducidad__c":2020,"IsDeleted":false,"Name":"bbbbbbbbbb","SystemModstamp":"2018-04-12T14:14:09.000Z","Contacto__c":"0031r000024iThRAAU","OwnerId":"0051r00000894UtAAI","CreatedById":"0051r000007Oz5QAAS","CreatedDate":"2018-04-11T13:51:53.000Z","Mes_de_caducidad__c":12,"Id":"a031r00000Rt0ErAAJ","LastModifiedById":"0051r000007Oz5QAAS","Tarjeta__c":"Crédito","N_tarjeta__c":"2222222222222222"}]|0x5d7664e0
16:41:20.0 (6320495)|SYSTEM_MODE_ENTER|false
16:41:20.0 (6327555)|HEAP_ALLOCATE|[5]|Bytes:5
16:41:20.0 (6333374)|STATEMENT_EXECUTE|[3]
16:41:20.0 (6407984)|STATEMENT_EXECUTE|[5]
16:41:20.0 (6410485)|STATEMENT_EXECUTE|[7]
16:41:20.0 (6451437)|HEAP_ALLOCATE|[7]|Bytes:4
16:41:20.0 (6492585)|VARIABLE_SCOPE_BEGIN|[7]|listOpToInsert|List<Opportunity>|true|false
16:41:20.0 (6503153)|HEAP_ALLOCATE|[EXTERNAL]|Bytes:4
16:41:20.0 (6511387)|VARIABLE_ASSIGNMENT|[7]|listOpToInsert|[]|0x5e6b760a
16:41:20.0 (6517663)|STATEMENT_EXECUTE|[9]
16:41:20.0 (6521242)|HEAP_ALLOCATE|[9]|Bytes:51
16:41:20.0 (6536245)|HEAP_ALLOCATE|[9]|Bytes:4
16:41:20.0 (6692982)|SOQL_EXECUTE_BEGIN|[9]|Aggregations:0|SELECT Alias FROM User WHERE Alias = 'test' LIMIT 1
16:41:20.0 (12782970)|SOQL_EXECUTE_END|[9]|Rows:1
16:41:20.0 (12804229)|HEAP_ALLOCATE|[9]|Bytes:8
16:41:20.0 (12819943)|HEAP_ALLOCATE|[9]|Bytes:42
16:41:20.0 (12867750)|HEAP_ALLOCATE|[9]|Bytes:8
16:41:20.0 (12878550)|HEAP_ALLOCATE|[9]|Bytes:30
16:41:20.0 (12907543)|HEAP_ALLOCATE|[9]|Bytes:12
16:41:20.0 (12914421)|VARIABLE_SCOPE_BEGIN|[9]|userAborda|User|true|false
16:41:20.0 (12934332)|VARIABLE_ASSIGNMENT|[9]|userAborda|{"Alias":"test","Id":"0051r00000894UtAAI"}|0x74114dc1
16:41:20.0 (12942253)|STATEMENT_EXECUTE|[12]
16:41:20.0 (12955520)|HEAP_ALLOCATE|[12]|Bytes:4
16:41:20.0 (12993337)|VARIABLE_SCOPE_BEGIN|[12]|listContactIds|Set<String>|true|false
16:41:20.0 (13018632)|VARIABLE_ASSIGNMENT|[12]|listContactIds|[]|0x55a3fea9
16:41:20.0 (13145043)|HEAP_ALLOCATE|[13]|Bytes:5
16:41:20.0 (13189100)|HEAP_ALLOCATE|[13]|Bytes:4
16:41:20.0 (13197643)|VARIABLE_SCOPE_BEGIN|[13]|inTarjeta|Tarjeta_de_cr_dito__c|true|false
16:41:20.0 (13348748)|VARIABLE_ASSIGNMENT|[13]|inTarjeta|{"LastModifiedDate":"2018-04-12T14:14:09.000Z","Tipo_de_tarjeta__c":"MasterCard","A_o_caducidad__c":2020,"IsDeleted":false,"Name":"bbbbbbbbbb","SystemModstamp":"2018-04-12T14:14:09.000Z","Contacto__c":"0031r000024iThRAAU","OwnerId":"0051r00000894UtAAI","CreatedById":"0051r000007Oz5QAAS","CreatedDate":"2018-04-11T13:51:53.000Z","Mes_de_caducidad__c":12,"Id":"a031r00000Rt0ErAAJ","LastModifiedById":"0051r000007Oz5QAAS","Tarjeta__c":"Crédito","N_tarjeta__c":"2222222222222222"}|0x257cf9bf
16:41:20.0 (13370316)|STATEMENT_EXECUTE|[13]
16:41:20.0 (13372456)|STATEMENT_EXECUTE|[14]
16:41:20.0 (13443264)|HEAP_ALLOCATE|[EXTERNAL]|Bytes:4
16:41:20.0 (13464116)|HEAP_ALLOCATE|[13]|Bytes:5
16:41:20.0 (13477852)|VARIABLE_ASSIGNMENT|[13]|inTarjeta|null|
16:41:20.0 (13484079)|STATEMENT_EXECUTE|[17]
16:41:20.0 (13487675)|HEAP_ALLOCATE|[17]|Bytes:50
16:41:20.0 (13534880)|HEAP_ALLOCATE|[17]|Bytes:20
16:41:20.0 (13552785)|HEAP_ALLOCATE|[17]|Bytes:70
16:41:20.0 (13571996)|USER_DEBUG|[17]|DEBUG|TarjetaMethods.CrearOportunidad :: listContactIds {0031r000024iThRAAU}
16:41:20.0 (13581159)|STATEMENT_EXECUTE|[19]
16:41:20.0 (13626467)|HEAP_ALLOCATE|[19]|Bytes:4
16:41:20.0 (13632698)|HEAP_ALLOCATE|[19]|Bytes:71
16:41:20.0 (13639468)|HEAP_ALLOCATE|[19]|Bytes:4
16:41:20.0 (13645039)|HEAP_ALLOCATE|[19]|Bytes:7
16:41:20.0 (13671454)|HEAP_ALLOCATE|[19]|Bytes:8
16:41:20.0 (13680174)|HEAP_ALLOCATE|[19]|Bytes:8
16:41:20.0 (13878673)|SOQL_EXECUTE_BEGIN|[19]|Aggregations:0|SELECT Id, Premium__c, Name, AccountId FROM Contact WHERE id = :tmpVar1
16:41:20.0 (16209496)|SOQL_EXECUTE_END|[19]|Rows:1
16:41:20.0 (16228718)|HEAP_ALLOCATE|[19]|Bytes:8
16:41:20.0 (16240665)|HEAP_ALLOCATE|[19]|Bytes:61
16:41:20.0 (16276262)|HEAP_ALLOCATE|[19]|Bytes:8
16:41:20.0 (16307850)|HEAP_ALLOCATE|[19]|Bytes:16
16:41:20.0 (16317987)|HEAP_ALLOCATE|[19]|Bytes:18
16:41:20.0 (16327032)|VARIABLE_SCOPE_BEGIN|[19]|mapContact|Map<String,Contact>|true|false
16:41:20.0 (16350873)|VARIABLE_ASSIGNMENT|[19]|mapContact|{"0031r000024iThRAAU":{"Id":"0031r000024iThRAAU","Premium__c":false,"Name":"aaaaaa"}}|0x4812b4b9
16:41:20.0 (16364631)|STATEMENT_EXECUTE|[21]
16:41:20.0 (16368325)|HEAP_ALLOCATE|[21]|Bytes:46
16:41:20.0 (16435132)|HEAP_ALLOCATE|[21]|Bytes:83
16:41:20.0 (16451749)|HEAP_ALLOCATE|[21]|Bytes:129
16:41:20.0 (16462977)|USER_DEBUG|[21]|DEBUG|TarjetaMethods.CrearOportunidad :: mapContact {0031r000024iThRAAU=Contact:{Id=0031r000024iThRAAU, Premium__c=false, Name=aaaaaa}}
16:41:20.0 (16498307)|HEAP_ALLOCATE|[24]|Bytes:5
16:41:20.0 (16512272)|HEAP_ALLOCATE|[24]|Bytes:4
16:41:20.0 (16519821)|VARIABLE_SCOPE_BEGIN|[24]|inTarjeta|Tarjeta_de_cr_dito__c|true|false
16:41:20.0 (16664409)|VARIABLE_ASSIGNMENT|[24]|inTarjeta|{"LastModifiedDate":"2018-04-12T14:14:09.000Z","Tipo_de_tarjeta__c":"MasterCard","A_o_caducidad__c":2020,"IsDeleted":false,"Name":"bbbbbbbbbb","SystemModstamp":"2018-04-12T14:14:09.000Z","Contacto__c":"0031r000024iThRAAU","OwnerId":"0051r00000894UtAAI","CreatedById":"0051r000007Oz5QAAS","CreatedDate":"2018-04-11T13:51:53.000Z","Mes_de_caducidad__c":12,"Id":"a031r00000Rt0ErAAJ","LastModifiedById":"0051r000007Oz5QAAS","Tarjeta__c":"Crédito","N_tarjeta__c":"2222222222222222"}|0x257cf9bf
16:41:20.0 (16679414)|STATEMENT_EXECUTE|[24]
16:41:20.0 (16781709)|STATEMENT_EXECUTE|[25]
16:41:20.0 (16792714)|HEAP_ALLOCATE|[24]|Bytes:5
16:41:20.0 (16806830)|VARIABLE_ASSIGNMENT|[24]|inTarjeta|null|
16:41:20.0 (16812472)|STATEMENT_EXECUTE|[74]
16:41:20.0 (16870758)|HEAP_ALLOCATE|[EXTERNAL]|Bytes:4
16:41:20.0 (16878733)|STATEMENT_EXECUTE|[75]
16:41:20.0 (16882386)|HEAP_ALLOCATE|[75]|Bytes:50
16:41:20.0 (16910669)|HEAP_ALLOCATE|[75]|Bytes:2
16:41:20.0 (16922168)|HEAP_ALLOCATE|[75]|Bytes:52
16:41:20.0 (16931445)|USER_DEBUG|[75]|DEBUG|TarjetaMethods.CrearOportunidad :: listOpToInsert ()
16:41:20.0 (16942036)|SYSTEM_MODE_EXIT|false
16:41:20.0 (16950405)|METHOD_EXIT|[7]|01p1r000009oldq|TarjetaMethods.CrearOportunidad(List<Tarjeta_de_cr_dito__c>)
16:41:20.16 (16959975)|CUMULATIVE_LIMIT_USAGE
16:41:20.16 (16959975)|LIMIT_USAGE_FOR_NS|(default)|
  Number of SOQL queries: 2 out of 100
  Number of query rows: 2 out of 50000
  Number of SOSL queries: 0 out of 20
  Number of DML statements: 0 out of 150
  Number of DML rows: 0 out of 10000
  Maximum CPU time: 0 out of 10000
  Maximum heap size: 0 out of 6000000
  Number of callouts: 0 out of 100
  Number of Email Invocations: 0 out of 10
  Number of future calls: 0 out of 50
  Number of queueable jobs added to the queue: 0 out of 50
  Number of Mobile Apex push calls: 0 out of 10

16:41:20.16 (16959975)|CUMULATIVE_LIMIT_USAGE_END

16:41:20.0 (18042486)|CODE_UNIT_FINISHED|TarjetaTrigger on Tarjeta_de_cr_dito trigger event BeforeUpdate
16:41:20.0 (20067043)|CODE_UNIT_STARTED|[EXTERNAL]|Validation:Tarjeta_de_cr_dito:a031r00000Rt0Er
16:41:20.0 (20077563)|VALIDATION_RULE|03d1r000000i476|ValidarAno
16:41:20.0 (20397738)|VALIDATION_FORMULA|(A_o_caducidad__c<YEAR(TODAY())) &#124;&#124; 
(A_o_caducidad__c>YEAR(TODAY())+5)|A_o_caducidad__c=2020
16:41:20.0 (20408150)|VALIDATION_PASS
16:41:20.0 (20410588)|VALIDATION_RULE|03d1r000000i47B|ValidarFecha
16:41:20.0 (20508258)|VALIDATION_FORMULA|Mes_de_caducidad__c <   MONTH(TODAY()) && 
A_o_caducidad__c <= YEAR(TODAY())|A_o_caducidad__c=2020 , Mes_de_caducidad__c=12
16:41:20.0 (20515031)|VALIDATION_PASS
16:41:20.0 (20517064)|VALIDATION_RULE|03d1r000000i46X|ValidarMes
16:41:20.0 (20584151)|VALIDATION_FORMULA|(Mes_de_caducidad__c  < 1)  &#124;&#124;  (Mes_de_caducidad__c  > 12)|Mes_de_caducidad__c=12
16:41:20.0 (20591141)|VALIDATION_PASS
16:41:20.0 (20624721)|CODE_UNIT_FINISHED|Validation:Tarjeta_de_cr_dito:a031r00000Rt0Er
16:41:20.0 (48409905)|CODE_UNIT_FINISHED|TRIGGERS
16:41:20.0 (48429505)|EXECUTION_FINISHED
