36.0 APEX_CODE,FINEST;APEX_PROFILING,INFO;CALLOUT,INFO;DB,INFO;SYSTEM,DEBUG;VALIDATION,INFO;VISUALFORCE,INFO;WAVE,INFO;WORKFLOW,INFO
08:06:49.0 (324960)|USER_INFO|[EXTERNAL]|0051r000007Oz5Q|lydia.abril@gmail.com|hora estándar de Europa central|GMT+02:00
08:06:49.0 (373954)|EXECUTION_STARTED
08:06:49.0 (377914)|CODE_UNIT_STARTED|[EXTERNAL]|01p1r000009p5xn|TaskTest.testCerrarTarea
08:06:49.0 (637605)|HEAP_ALLOCATE|[72]|Bytes:3
08:06:49.0 (698615)|HEAP_ALLOCATE|[77]|Bytes:152
08:06:49.0 (713350)|HEAP_ALLOCATE|[342]|Bytes:408
08:06:49.0 (727257)|HEAP_ALLOCATE|[355]|Bytes:408
08:06:49.0 (739180)|HEAP_ALLOCATE|[467]|Bytes:48
08:06:49.0 (791304)|HEAP_ALLOCATE|[139]|Bytes:6
08:06:49.0 (806038)|HEAP_ALLOCATE|[EXTERNAL]|Bytes:113
08:06:49.0 (848383)|METHOD_ENTRY|[2]|01p1r000009p5xn|TaskTest.TaskTest()
08:06:49.0 (857828)|STATEMENT_EXECUTE|[2]
08:06:49.0 (863816)|STATEMENT_EXECUTE|[2]
08:06:49.0 (880434)|METHOD_EXIT|[2]|TaskTest
08:06:49.0 (1121435)|HEAP_ALLOCATE|[50]|Bytes:5
08:06:49.0 (1154088)|HEAP_ALLOCATE|[56]|Bytes:5
08:06:49.0 (1163853)|HEAP_ALLOCATE|[64]|Bytes:7
08:06:49.0 (1202756)|STATEMENT_EXECUTE|[4]
08:06:49.0 (1205382)|STATEMENT_EXECUTE|[6]
08:06:49.0 (1249419)|HEAP_ALLOCATE|[6]|Bytes:4
08:06:49.0 (1321031)|HEAP_ALLOCATE|[6]|Bytes:11
08:06:49.0 (1370160)|VARIABLE_ASSIGNMENT|[6]|this.Name|"CuentaPadre"|0x387403e5
08:06:49.0 (1462489)|HEAP_ALLOCATE|[7]|Bytes:4
08:06:49.0 (1534037)|VARIABLE_ASSIGNMENT|[6]|this.Fecha_ultima_actividad_mas_reciente__c|"2018-01-11T00:00:00.000Z"|0x387403e5
08:06:49.0 (1562923)|VARIABLE_SCOPE_BEGIN|[6]|oAccountParent|Account|true|false
08:06:49.0 (1590924)|VARIABLE_ASSIGNMENT|[6]|oAccountParent|{"Name":"CuentaPadre","Fecha_ultima_activid (18 more) ...":"2018-01-11T00:00:00.000Z"}|0x387403e5
08:06:49.0 (1598762)|STATEMENT_EXECUTE|[8]
08:06:49.0 (1618416)|HEAP_ALLOCATE|[8]|Bytes:8
08:06:49.0 (1630258)|DML_BEGIN|[8]|Op:Insert|Type:Account|Rows:1
08:06:49.0 (1659447)|HEAP_ALLOCATE|[EXTERNAL]|Bytes:8
08:06:49.0 (10934440)|CODE_UNIT_STARTED|[EXTERNAL]|DuplicateDetector
08:06:49.0 (10953445)|DUPLICATE_DETECTION_BEGIN
08:06:49.0 (11489777)|DUPLICATE_DETECTION_RULE_INVOCATION|DuplicateRuleId:0Bm1r0000018X88|DuplicateRuleName:Standard Account Duplicate Rule|DmlType:INSERT
08:06:49.0 (36716131)|DUPLICATE_DETECTION_MATCH_INVOCATION_DETAILS|EntityType:Account|ActionTaken:Allow_[Alert,Report]|DuplicateRecordIds:
08:06:49.0 (36746056)|DUPLICATE_DETECTION_MATCH_INVOCATION_SUMMARY|EntityType:Account|NumRecordsToBeSaved:1|NumRecordsToBeSavedWithDuplicates:0|NumDuplicateRecordsFound:0
08:06:49.0 (36930403)|DUPLICATE_DETECTION_END
08:06:49.0 (36939341)|CODE_UNIT_FINISHED|DuplicateDetector
08:06:49.0 (89834503)|DML_END|[8]
08:06:49.0 (89868429)|STATEMENT_EXECUTE|[10]
08:06:49.0 (89900806)|HEAP_ALLOCATE|[10]|Bytes:4
08:06:49.0 (89928558)|HEAP_ALLOCATE|[10]|Bytes:6
08:06:49.0 (89967774)|VARIABLE_ASSIGNMENT|[10]|this.Name|"Cuenta"|0x24c951a9
08:06:49.0 (90003083)|VARIABLE_ASSIGNMENT|[10]|this.ParentId|"0011r00001nogZgAAI"|0x24c951a9
08:06:49.0 (90086822)|HEAP_ALLOCATE|[12]|Bytes:4
08:06:49.0 (90133259)|VARIABLE_ASSIGNMENT|[10]|this.Fecha_ultima_actividad_mas_reciente__c|"2018-01-11T00:00:00.000Z"|0x24c951a9
08:06:49.0 (90169358)|VARIABLE_SCOPE_BEGIN|[10]|oAccount|Account|true|false
08:06:49.0 (90197679)|VARIABLE_ASSIGNMENT|[10]|oAccount|{"Name":"Cuenta","ParentId":"0011r00001nogZgAAI","Fecha_ultima_activid (18 more) ...":"2018-01-11T00:00:00.000Z"}|0x24c951a9
08:06:49.0 (90206123)|STATEMENT_EXECUTE|[13]
08:06:49.0 (90229783)|HEAP_ALLOCATE|[13]|Bytes:8
08:06:49.0 (90240448)|DML_BEGIN|[13]|Op:Insert|Type:Account|Rows:1
08:06:49.0 (90276800)|HEAP_ALLOCATE|[EXTERNAL]|Bytes:8
08:06:49.0 (93639341)|CODE_UNIT_STARTED|[EXTERNAL]|DuplicateDetector
08:06:49.0 (93654571)|DUPLICATE_DETECTION_BEGIN
08:06:49.0 (93706855)|DUPLICATE_DETECTION_RULE_INVOCATION|DuplicateRuleId:0Bm1r0000018X88|DuplicateRuleName:Standard Account Duplicate Rule|DmlType:INSERT
08:06:49.0 (102531720)|DUPLICATE_DETECTION_MATCH_INVOCATION_DETAILS|EntityType:Account|ActionTaken:Allow_[Alert,Report]|DuplicateRecordIds:
08:06:49.0 (102558358)|DUPLICATE_DETECTION_MATCH_INVOCATION_SUMMARY|EntityType:Account|NumRecordsToBeSaved:1|NumRecordsToBeSavedWithDuplicates:0|NumDuplicateRecordsFound:0
08:06:49.0 (102722744)|DUPLICATE_DETECTION_END
08:06:49.0 (102730901)|CODE_UNIT_FINISHED|DuplicateDetector
08:06:49.0 (114405467)|DML_END|[13]
08:06:49.0 (114445977)|STATEMENT_EXECUTE|[15]
08:06:49.0 (114517233)|HEAP_ALLOCATE|[15]|Bytes:4
08:06:49.0 (114645017)|HEAP_ALLOCATE|[15]|Bytes:11
08:06:49.0 (114702659)|VARIABLE_ASSIGNMENT|[15]|this.Name|"Oportunidad"|0x6e722d24
08:06:49.0 (114805718)|HEAP_ALLOCATE|[16]|Bytes:4
08:06:49.0 (114871112)|VARIABLE_ASSIGNMENT|[15]|this.CloseDate|"2020-01-11T00:00:00.000Z"|0x6e722d24
08:06:49.0 (114883868)|HEAP_ALLOCATE|[17]|Bytes:11
08:06:49.0 (114909269)|VARIABLE_ASSIGNMENT|[15]|this.StageName|"Prospecting"|0x6e722d24
08:06:49.0 (114958145)|VARIABLE_ASSIGNMENT|[15]|this.AccountId|"0011r00001nogZhAAI"|0x6e722d24
08:06:49.0 (115000862)|VARIABLE_SCOPE_BEGIN|[15]|oOpportunity|Opportunity|true|false
08:06:49.0 (115042016)|VARIABLE_ASSIGNMENT|[15]|oOpportunity|{"Name":"Oportunidad","CloseDate":"2020-01-11T00:00:00.000Z","StageName":"Prospecting","AccountId":"0011r00001nogZhAAI"}|0x6e722d24
08:06:49.0 (115056300)|STATEMENT_EXECUTE|[19]
08:06:49.0 (115085426)|HEAP_ALLOCATE|[19]|Bytes:8
08:06:49.0 (115100694)|DML_BEGIN|[19]|Op:Insert|Type:Opportunity|Rows:1
08:06:49.0 (115146446)|HEAP_ALLOCATE|[EXTERNAL]|Bytes:8
08:06:49.0 (185604899)|CODE_UNIT_STARTED|[EXTERNAL]|01q1r000000Bcgl|ClosedOpportunityTrigger on Opportunity trigger event AfterInsert
08:06:49.0 (185658567)|HEAP_ALLOCATE|[EXTERNAL]|Bytes:8
08:06:49.0 (185900482)|HEAP_ALLOCATE|[EXTERNAL]|Bytes:8
08:06:49.0 (185917712)|VARIABLE_SCOPE_BEGIN|[1]|this|ClosedOpportunityTrigger|true|false
08:06:49.0 (185992002)|VARIABLE_ASSIGNMENT|[1]|this|{}|0x110712e3
08:06:49.0 (186083380)|HEAP_ALLOCATE|[EXTERNAL]|Bytes:8
08:06:49.0 (186206906)|VARIABLE_SCOPE_BEGIN|[1]|this|ClosedOpportunityTrigger|true|false
08:06:49.0 (186225191)|VARIABLE_ASSIGNMENT|[1]|this|{}|0x110712e3
08:06:49.0 (186235673)|STATEMENT_EXECUTE|[1]
08:06:49.0 (186238936)|STATEMENT_EXECUTE|[3]
08:06:49.0 (186288655)|HEAP_ALLOCATE|[3]|Bytes:4
08:06:49.0 (186435720)|HEAP_ALLOCATE|[EXTERNAL]|Bytes:4
08:06:49.0 (186450717)|VARIABLE_ASSIGNMENT|[3]|this.taskList|[]|0x110712e3
08:06:49.0 (186460187)|HEAP_ALLOCATE|[5]|Bytes:89
08:06:49.0 (186474838)|HEAP_ALLOCATE|[5]|Bytes:4
08:06:49.0 (186490908)|HEAP_ALLOCATE|[5]|Bytes:7
08:06:49.0 (186737589)|SOQL_EXECUTE_BEGIN|[5]|Aggregations:0|SELECT Id, StageName FROM Opportunity 
08:06:49.0 (193005427)|SOQL_EXECUTE_END|[5]|Rows:0
08:06:49.0 (193147639)|HEAP_ALLOCATE|[5]|Bytes:54
08:06:49.0 (193158029)|HEAP_ALLOCATE|[5]|Bytes:8
08:06:49.0 (193185460)|SYSTEM_METHOD_ENTRY|[7]|QueryLocatorIterator.QueryLocatorIterator()
08:06:49.0 (193191666)|STATEMENT_EXECUTE|[7]
08:06:49.0 (193199254)|SYSTEM_METHOD_EXIT|[7]|QueryLocatorIterator
08:06:49.0 (193206092)|HEAP_ALLOCATE|[5]|Bytes:28
08:06:49.0 (193220901)|HEAP_ALLOCATE|[5]|Bytes:8
08:06:49.0 (193224660)|HEAP_ALLOCATE|[5]|Bytes:8
08:06:49.0 (193230081)|VARIABLE_SCOPE_BEGIN|[15]|this|Database.QueryLocatorIterator|true|false
08:06:49.0 (193268738)|VARIABLE_ASSIGNMENT|[15]|this|{}|0x1cf0bf3e
08:06:49.0 (193275773)|VARIABLE_SCOPE_BEGIN|[15]|values|List<SObject>|true|false
08:06:49.0 (193299423)|VARIABLE_ASSIGNMENT|[15]|values|null|
08:06:49.0 (193306993)|VARIABLE_SCOPE_BEGIN|[15]|ql|Database.QueryLocator|true|false
08:06:49.0 (193339006)|VARIABLE_ASSIGNMENT|[15]|ql|{"query":"SELECT Id, StageName (69 more) ..."}|0xdf5c094
08:06:49.0 (193349450)|VARIABLE_SCOPE_BEGIN|[15]|totalNumRecords|Integer|false|false
08:06:49.0 (193361840)|VARIABLE_ASSIGNMENT|[15]|totalNumRecords|0
08:06:49.0 (193367961)|VARIABLE_SCOPE_BEGIN|[15]|queryMoreSize|Integer|false|false
08:06:49.0 (193377263)|VARIABLE_ASSIGNMENT|[15]|queryMoreSize|50000
08:06:49.0 (193497767)|HEAP_ALLOCATE|[5]|Bytes:28
08:06:49.0 (193556307)|METHOD_ENTRY|[5]||Database.QueryLocatorIterator.hasNext()
08:06:49.0 (193589705)|METHOD_EXIT|[5]||Database.QueryLocatorIterator.hasNext()
08:06:49.0 (193601242)|VARIABLE_ASSIGNMENT|[5]|opp|null|
08:06:49.0 (193608096)|STATEMENT_EXECUTE|[5]
08:06:49.0 (193653457)|STATEMENT_EXECUTE|[12]
08:06:49.193 (193659286)|CUMULATIVE_LIMIT_USAGE
08:06:49.193 (193659286)|LIMIT_USAGE_FOR_NS|(default)|
  Number of SOQL queries: 1 out of 100
  Number of query rows: 0 out of 50000
  Number of SOSL queries: 0 out of 20
  Number of DML statements: 3 out of 150
  Number of DML rows: 3 out of 10000
  Maximum CPU time: 0 out of 10000
  Maximum heap size: 0 out of 6000000
  Number of callouts: 0 out of 100
  Number of Email Invocations: 0 out of 10
  Number of future calls: 0 out of 50
  Number of queueable jobs added to the queue: 0 out of 50
  Number of Mobile Apex push calls: 0 out of 10

08:06:49.193 (193659286)|CUMULATIVE_LIMIT_USAGE_END

08:06:49.0 (194419857)|CODE_UNIT_FINISHED|ClosedOpportunityTrigger on Opportunity trigger event AfterInsert
08:06:49.0 (195424332)|DML_END|[19]
08:06:49.0 (195444948)|STATEMENT_EXECUTE|[23]
08:06:49.0 (195466085)|HEAP_ALLOCATE|[23]|Bytes:4
08:06:49.0 (195496638)|VARIABLE_SCOPE_BEGIN|[23]|listTask|List<Task>|true|false
08:06:49.0 (195508094)|HEAP_ALLOCATE|[EXTERNAL]|Bytes:4
08:06:49.0 (195519284)|VARIABLE_ASSIGNMENT|[23]|listTask|[]|0x36d74e6c
08:06:49.0 (195526945)|STATEMENT_EXECUTE|[25]
08:06:49.0 (195543490)|HEAP_ALLOCATE|[25]|Bytes:4
08:06:49.0 (195611962)|HEAP_ALLOCATE|[25]|Bytes:4
08:06:49.0 (195659702)|VARIABLE_ASSIGNMENT|[25]|this.Subject|"Task"|0x2f470ec7
08:06:49.0 (195668070)|HEAP_ALLOCATE|[26]|Bytes:6
08:06:49.0 (195685542)|VARIABLE_ASSIGNMENT|[25]|this.Priority|"Normal"|0x2f470ec7
08:06:49.0 (195692170)|HEAP_ALLOCATE|[27]|Bytes:11
08:06:49.0 (195705667)|VARIABLE_ASSIGNMENT|[25]|this.Status|"Not Started"|0x2f470ec7
08:06:49.0 (195740529)|VARIABLE_ASSIGNMENT|[25]|this.WhatId|"0011r00001nogZhAAI"|0x2f470ec7
08:06:49.0 (195795060)|HEAP_ALLOCATE|[29]|Bytes:4
08:06:49.0 (195840984)|VARIABLE_ASSIGNMENT|[25]|this.ActivityDate|"2020-01-11T00:00:00.000Z"|0x2f470ec7
08:06:49.0 (195866407)|VARIABLE_SCOPE_BEGIN|[25]|oTask|Task|true|false
08:06:49.0 (195888123)|VARIABLE_ASSIGNMENT|[25]|oTask|{"Subject":"Task","Priority":"Normal","Status":"Not Started","WhatId":"0011r00001nogZhAAI","ActivityDate":"2020-01-11T00:00:00.000Z"}|0x2f470ec7
08:06:49.0 (195896350)|STATEMENT_EXECUTE|[31]
08:06:49.0 (195926160)|HEAP_ALLOCATE|[EXTERNAL]|Bytes:4
08:06:49.0 (195935625)|STATEMENT_EXECUTE|[33]
08:06:49.0 (195974218)|DML_BEGIN|[33]|Op:Insert|Type:Task|Rows:1
08:06:49.0 (196002025)|HEAP_ALLOCATE|[EXTERNAL]|Bytes:8
08:06:49.0 (231844395)|DML_END|[33]
08:06:49.0 (231899416)|HEAP_ALLOCATE|[EXTERNAL]|Bytes:8
08:06:49.0 (232129288)|HEAP_ALLOCATE|[35]|Bytes:5
08:06:49.0 (232184348)|HEAP_ALLOCATE|[35]|Bytes:28
08:06:49.0 (232197423)|VARIABLE_SCOPE_BEGIN|[35]|inTask|Task|true|false
08:06:49.0 (232248447)|VARIABLE_ASSIGNMENT|[35]|inTask|{"Subject":"Task","Priority":"Normal","Status":"Not Started","WhatId":"0011r00001nogZhAAI","ActivityDate":"2020-01-11T00:00:00.000Z","Id":"00T1r00004CPMEqEAP"}|0x2f470ec7
08:06:49.0 (232260662)|STATEMENT_EXECUTE|[35]
08:06:49.0 (232263126)|STATEMENT_EXECUTE|[36]
08:06:49.0 (232267510)|HEAP_ALLOCATE|[36]|Bytes:9
08:06:49.0 (232332016)|VARIABLE_ASSIGNMENT|[36]|this.Status|"Completed"|0x2f470ec7
08:06:49.0 (232349041)|HEAP_ALLOCATE|[35]|Bytes:5
08:06:49.0 (232364724)|VARIABLE_ASSIGNMENT|[35]|inTask|null|
08:06:49.0 (232370809)|STATEMENT_EXECUTE|[39]
08:06:49.0 (232416219)|DML_BEGIN|[39]|Op:Update|Type:Task|Rows:1
08:06:49.0 (232444728)|HEAP_ALLOCATE|[EXTERNAL]|Bytes:8
08:06:49.0 (251768135)|CODE_UNIT_STARTED|[EXTERNAL]|01q1r000000j6Yv|TaskTrigger on Task trigger event AfterUpdate
08:06:49.0 (251801700)|HEAP_ALLOCATE|[EXTERNAL]|Bytes:8
08:06:49.0 (251838921)|HEAP_ALLOCATE|[EXTERNAL]|Bytes:8
08:06:49.0 (251940785)|HEAP_ALLOCATE|[EXTERNAL]|Bytes:12
08:06:49.0 (251957078)|VARIABLE_SCOPE_BEGIN|[1]|this|TaskTrigger|true|false
08:06:49.0 (252016136)|VARIABLE_ASSIGNMENT|[1]|this|{}|0x28067596
08:06:49.0 (252066643)|HEAP_ALLOCATE|[EXTERNAL]|Bytes:12
08:06:49.0 (252125483)|VARIABLE_SCOPE_BEGIN|[1]|this|TaskTrigger|true|false
08:06:49.0 (252141209)|VARIABLE_ASSIGNMENT|[1]|this|{}|0x28067596
08:06:49.0 (252151611)|STATEMENT_EXECUTE|[1]
08:06:49.0 (252154948)|STATEMENT_EXECUTE|[3]
08:06:49.0 (253786478)|VARIABLE_ASSIGNMENT|[3]|this.listNew|[{"Status":"Completed","LastModifiedDate":"2018-04-18T06:06:49.000Z","IsDeleted":false,"AccountId":"0011r00001nogZhAAI","WhatId":"0011r00001nogZhAAI","ActivityDate":"2020-01-11T00:00:00.000Z","Priority":"Normal","IsHighPriority":false,"IsClosed":true,"IsRecurrence":false,"Subject":"Task","SystemModstamp":"2018-04-18T06:06:49.000Z","IsArchived":false,"CreatedById":"0051r000007Oz5QAAS","TaskSubtype":"Task","OwnerId":"0051r000007Oz5QAAS","CreatedDate":"2018-04-18T06:06:49.000Z","Id":"00T1r00004CPMEqEAP","DB_Activity_Type__c":"Other","IsReminderSet":false,"LastModifiedById":"0051r000007Oz5QAAS"}]|0x28067596
08:06:49.0 (253806911)|STATEMENT_EXECUTE|[5]
08:06:49.0 (254646747)|VARIABLE_ASSIGNMENT|[5]|this.mapOld|{"00T1r00004CPMEqEAP":{"Status":"Not Started","LastModifiedDate":"2018-04-18T06:06:49.000Z","IsDeleted":false,"AccountId":"0011r00001nogZhAAI","WhatId":"0011r00001nogZhAAI","ActivityDate":"2020-01-11T00:00:00.000Z","Priority":"Normal","IsHighPriority":false,"IsClosed":false,"IsRecurrence":false,"Subject":"Task","SystemModstamp":"2018-04-18T06:06:49.000Z","IsArchived":false,"CreatedById":"0051r000007Oz5QAAS","TaskSubtype":"Task","OwnerId":"0051r000007Oz5QAAS","CreatedDate":"2018-04-18T06:06:49.000Z","Id":"00T1r00004CPMEqEAP","DB_Activity_Type__c":"Other","IsReminderSet":false,"LastModifiedById":"0051r000007Oz5QAAS"}}|0x28067596
08:06:49.0 (254673909)|STATEMENT_EXECUTE|[8]
08:06:49.0 (254679777)|STATEMENT_EXECUTE|[9]
08:06:49.0 (254681518)|STATEMENT_EXECUTE|[10]
08:06:49.0 (256288146)|HEAP_ALLOCATE|[10]|Bytes:4
08:06:49.0 (256300628)|HEAP_ALLOCATE|[10]|Bytes:25
08:06:49.0 (256317390)|METHOD_ENTRY|[1]|01p1r000009oS6S|TaskMethods.TaskMethods()
08:06:49.0 (256324468)|STATEMENT_EXECUTE|[1]
08:06:49.0 (256329489)|STATEMENT_EXECUTE|[1]
08:06:49.0 (256745759)|SYSTEM_MODE_ENTER|false
08:06:49.0 (256756043)|HEAP_ALLOCATE|[10]|Bytes:5
08:06:49.0 (256764115)|SYSTEM_MODE_EXIT|false
08:06:49.0 (256773030)|METHOD_EXIT|[1]|TaskMethods
08:06:49.0 (256796984)|METHOD_ENTRY|[10]|01p1r000009oS6S|TaskMethods.CerrarTarea(List<Task>, Map<Id,Task>)
08:06:49.0 (256825041)|VARIABLE_SCOPE_BEGIN|[3]|listTask|List<Task>|true|false
08:06:49.0 (257306770)|VARIABLE_ASSIGNMENT|[3]|listTask|[{"Status":"Completed","LastModifiedDate":"2018-04-18T06:06:49.000Z","IsDeleted":false,"AccountId":"0011r00001nogZhAAI","WhatId":"0011r00001nogZhAAI","ActivityDate":"2020-01-11T00:00:00.000Z","Priority":"Normal","IsHighPriority":false,"IsClosed":true,"IsRecurrence":false,"Subject":"Task","SystemModstamp":"2018-04-18T06:06:49.000Z","IsArchived":false,"CreatedById":"0051r000007Oz5QAAS","TaskSubtype":"Task","OwnerId":"0051r000007Oz5QAAS","CreatedDate":"2018-04-18T06:06:49.000Z","Id":"00T1r00004CPMEqEAP","DB_Activity_Type__c":"Other","IsReminderSet":false,"LastModifiedById":"0051r000007Oz5QAAS"}]|0x8e9dfaf
08:06:49.0 (257323994)|VARIABLE_SCOPE_BEGIN|[3]|mapTaskOld|Map<Id,Task>|true|false
08:06:49.0 (257789886)|VARIABLE_ASSIGNMENT|[3]|mapTaskOld|{"00T1r00004CPMEqEAP":{"Status":"Not Started","LastModifiedDate":"2018-04-18T06:06:49.000Z","IsDeleted":false,"AccountId":"0011r00001nogZhAAI","WhatId":"0011r00001nogZhAAI","ActivityDate":"2020-01-11T00:00:00.000Z","Priority":"Normal","IsHighPriority":false,"IsClosed":false,"IsRecurrence":false,"Subject":"Task","SystemModstamp":"2018-04-18T06:06:49.000Z","IsArchived":false,"CreatedById":"0051r000007Oz5QAAS","TaskSubtype":"Task","OwnerId":"0051r000007Oz5QAAS","CreatedDate":"2018-04-18T06:06:49.000Z","Id":"00T1r00004CPMEqEAP","DB_Activity_Type__c":"Other","IsReminderSet":false,"LastModifiedById":"0051r000007Oz5QAAS"}}|0x7fa54932
08:06:49.0 (257822007)|SYSTEM_MODE_ENTER|false
08:06:49.0 (257829726)|HEAP_ALLOCATE|[5]|Bytes:5
08:06:49.0 (257836404)|STATEMENT_EXECUTE|[3]
08:06:49.0 (257886342)|STATEMENT_EXECUTE|[5]
08:06:49.0 (257888884)|STATEMENT_EXECUTE|[8]
08:06:49.0 (257917756)|HEAP_ALLOCATE|[8]|Bytes:4
08:06:49.0 (257966939)|VARIABLE_SCOPE_BEGIN|[8]|listAcUpdate|List<Account>|true|false
08:06:49.0 (257977660)|HEAP_ALLOCATE|[EXTERNAL]|Bytes:4
08:06:49.0 (257986660)|VARIABLE_ASSIGNMENT|[8]|listAcUpdate|[]|0x3ddad7b6
08:06:49.0 (257993147)|STATEMENT_EXECUTE|[11]
08:06:49.0 (258003273)|HEAP_ALLOCATE|[11]|Bytes:4
08:06:49.0 (258028901)|VARIABLE_SCOPE_BEGIN|[11]|setTaskIds|Set<String>|true|false
08:06:49.0 (258050401)|VARIABLE_ASSIGNMENT|[11]|setTaskIds|[]|0x141583dc
08:06:49.0 (258084330)|HEAP_ALLOCATE|[13]|Bytes:5
08:06:49.0 (258103384)|VARIABLE_SCOPE_BEGIN|[13]|inTask|Task|true|false
08:06:49.0 (258298240)|VARIABLE_ASSIGNMENT|[13]|inTask|{"Status":"Completed","LastModifiedDate":"2018-04-18T06:06:49.000Z","IsDeleted":false,"AccountId":"0011r00001nogZhAAI","WhatId":"0011r00001nogZhAAI","ActivityDate":"2020-01-11T00:00:00.000Z","Priority":"Normal","IsHighPriority":false,"IsClosed":true,"IsRecurrence":false,"Subject":"Task","SystemModstamp":"2018-04-18T06:06:49.000Z","IsArchived":false,"CreatedById":"0051r000007Oz5QAAS","TaskSubtype":"Task","OwnerId":"0051r000007Oz5QAAS","CreatedDate":"2018-04-18T06:06:49.000Z","Id":"00T1r00004CPMEqEAP","DB_Activity_Type__c":"Other","IsReminderSet":false,"LastModifiedById":"0051r000007Oz5QAAS"}|0x52473256
08:06:49.0 (258314504)|STATEMENT_EXECUTE|[13]
08:06:49.0 (258426417)|STATEMENT_EXECUTE|[14]
08:06:49.0 (258429083)|STATEMENT_EXECUTE|[15]
08:06:49.0 (258462755)|HEAP_ALLOCATE|[EXTERNAL]|Bytes:4
08:06:49.0 (258480785)|HEAP_ALLOCATE|[13]|Bytes:5
08:06:49.0 (258494675)|VARIABLE_ASSIGNMENT|[13]|inTask|null|
08:06:49.0 (258501431)|STATEMENT_EXECUTE|[20]
08:06:49.0 (258516370)|HEAP_ALLOCATE|[20]|Bytes:4
08:06:49.0 (258534607)|HEAP_ALLOCATE|[20]|Bytes:218
08:06:49.0 (258546999)|HEAP_ALLOCATE|[20]|Bytes:4
08:06:49.0 (258573527)|HEAP_ALLOCATE|[20]|Bytes:8
08:06:49.0 (258581100)|HEAP_ALLOCATE|[20]|Bytes:8
08:06:49.0 (259365617)|SOQL_EXECUTE_BEGIN|[20]|Aggregations:0|SELECT WhatId, ActivityDate, TYPEOF What WHEN Account THEN Id, Parent.Fecha_ultima_actividad_mas_reciente__c WHEN Opportunity THEN Account.Parent.Fecha_ultima_actividad_mas_reciente__c END FROM Task WHERE Id = :tmpVar1
08:06:49.0 (270442940)|SOQL_EXECUTE_END|[20]|Rows:1
08:06:49.0 (270470221)|HEAP_ALLOCATE|[20]|Bytes:8
08:06:49.0 (270493833)|HEAP_ALLOCATE|[20]|Bytes:227
08:06:49.0 (270530235)|HEAP_ALLOCATE|[20]|Bytes:8
08:06:49.0 (270563303)|HEAP_ALLOCATE|[20]|Bytes:20
08:06:49.0 (270568814)|HEAP_ALLOCATE|[20]|Bytes:20
08:06:49.0 (270572472)|HEAP_ALLOCATE|[20]|Bytes:4
08:06:49.0 (270582221)|VARIABLE_SCOPE_BEGIN|[20]|listTaskType|List<Task>|true|false
08:06:49.0 (270594559)|HEAP_ALLOCATE|[EXTERNAL]|Bytes:8
08:06:49.0 (270637202)|VARIABLE_ASSIGNMENT|[20]|listTaskType|[{"WhatId":"0011r00001nogZhAAI","ActivityDate":"2020-01-11T00:00:00.000Z","Id":"00T1r00004CPMEqEAP","What":{"Id":"0011r00001nogZhAAI","ParentId":"0011r00001nogZgAAI","Parent":{"Id":"0011r00001nogZgAAI","Fecha_ultima_activid (18 more) ...":"2018-01-11T00:00:00.000Z"}}}]|0x22bb92aa
08:06:49.0 (270649939)|STATEMENT_EXECUTE|[28]
08:06:49.0 (270654326)|HEAP_ALLOCATE|[28]|Bytes:40
08:06:49.0 (270746018)|HEAP_ALLOCATE|[28]|Bytes:91
08:06:49.0 (270767233)|HEAP_ALLOCATE|[28]|Bytes:131
08:06:49.0 (270785387)|USER_DEBUG|[28]|DEBUG|TaskMethods.CerrarTarea.listTaskType :: (Task:{WhatId=0011r00001nogZhAAI, ActivityDate=2020-01-11 00:00:00, Id=00T1r00004CPMEqEAP})
08:06:49.0 (270830766)|HEAP_ALLOCATE|[31]|Bytes:5
08:06:49.0 (270844792)|HEAP_ALLOCATE|[31]|Bytes:20
08:06:49.0 (270853994)|VARIABLE_SCOPE_BEGIN|[31]|inTask|Task|true|false
08:06:49.0 (270880381)|VARIABLE_ASSIGNMENT|[31]|inTask|{"WhatId":"0011r00001nogZhAAI","ActivityDate":"2020-01-11T00:00:00.000Z","Id":"00T1r00004CPMEqEAP","What":{"Id":"0011r00001nogZhAAI","ParentId":"0011r00001nogZgAAI","Parent":{"Id":"0011r00001nogZgAAI","Fecha_ultima_activid (18 more) ...":"2018-01-11T00:00:00.000Z"}}}|0x5dd0bead
08:06:49.0 (270890980)|STATEMENT_EXECUTE|[31]
08:06:49.0 (270927833)|HEAP_ALLOCATE|[32]|Bytes:37
08:06:49.0 (270966384)|HEAP_ALLOCATE|[38]|Bytes:33
08:06:49.0 (270977492)|STATEMENT_EXECUTE|[38]
08:06:49.0 (270979613)|STATEMENT_EXECUTE|[39]
08:06:49.0 (270982076)|HEAP_ALLOCATE|[39]|Bytes:7
08:06:49.0 (271001559)|USER_DEBUG|[39]|DEBUG|Account
08:06:49.0 (271090910)|STATEMENT_EXECUTE|[41]
08:06:49.0 (271093541)|STATEMENT_EXECUTE|[42]
08:06:49.0 (271142799)|VARIABLE_ASSIGNMENT|[42]|this.Fecha_ultima_actividad_mas_reciente__c|"2020-01-11T00:00:00.000Z"|0x7eb0c1de
08:06:49.0 (271150664)|STATEMENT_EXECUTE|[43]
08:06:49.0 (271183635)|HEAP_ALLOCATE|[EXTERNAL]|Bytes:4
08:06:49.0 (271201421)|HEAP_ALLOCATE|[31]|Bytes:5
08:06:49.0 (271214818)|VARIABLE_ASSIGNMENT|[31]|inTask|null|
08:06:49.0 (271221407)|STATEMENT_EXECUTE|[47]
08:06:49.0 (271224580)|HEAP_ALLOCATE|[47]|Bytes:13
08:06:49.0 (271269130)|HEAP_ALLOCATE|[47]|Bytes:93
08:06:49.0 (271284415)|HEAP_ALLOCATE|[47]|Bytes:106
08:06:49.0 (271293895)|USER_DEBUG|[47]|DEBUG|listAcUpdate (Account:{Id=0011r00001nogZgAAI, Fecha_ultima_actividad_mas_reciente__c=2020-01-11 00:00:00})
08:06:49.0 (271302216)|STATEMENT_EXECUTE|[48]
08:06:49.0 (271337575)|DML_BEGIN|[48]|Op:Update|Type:Account|Rows:1
08:06:49.0 (271366693)|HEAP_ALLOCATE|[EXTERNAL]|Bytes:8
08:06:49.0 (276790894)|CODE_UNIT_STARTED|[EXTERNAL]|01q1r000000j8Jg|AccountTrigger on Account trigger event BeforeUpdate
08:06:49.0 (276819152)|HEAP_ALLOCATE|[EXTERNAL]|Bytes:8
08:06:49.0 (276839257)|HEAP_ALLOCATE|[EXTERNAL]|Bytes:8
08:06:49.0 (276927335)|HEAP_ALLOCATE|[EXTERNAL]|Bytes:12
08:06:49.0 (276938062)|VARIABLE_SCOPE_BEGIN|[1]|this|AccountTrigger|true|false
08:06:49.0 (276988527)|VARIABLE_ASSIGNMENT|[1]|this|{}|0x56e6ef58
08:06:49.0 (277037236)|HEAP_ALLOCATE|[EXTERNAL]|Bytes:12
08:06:49.0 (277046434)|VARIABLE_SCOPE_BEGIN|[1]|this|AccountTrigger|true|false
08:06:49.0 (277060070)|VARIABLE_ASSIGNMENT|[1]|this|{}|0x56e6ef58
08:06:49.0 (277067879)|STATEMENT_EXECUTE|[1]
08:06:49.0 (277070113)|STATEMENT_EXECUTE|[3]
08:06:49.0 (277599569)|VARIABLE_ASSIGNMENT|[3]|this.listNew|[{"LastModifiedDate":"2018-04-18T06:06:49.000Z","IsDeleted":false,"CleanStatus":"Pending","Fecha_ultima_activid (18 more) ...":"2020-01-11T00:00:00.000Z","OwnerId":"0051r000007Oz5QAAS","CreatedById":"0051r000007Oz5QAAS","Match_Billing_Addres (4 more) ...":false,"CreatedDate":"2018-04-18T06:06:49.000Z","Id":"0011r00001nogZgAAI","LastModifiedById":"0051r000007Oz5QAAS","SystemModstamp":"2018-04-18T06:06:49.000Z","Name":"CuentaPadre"}]|0x56e6ef58
08:06:49.0 (277615078)|STATEMENT_EXECUTE|[5]
08:06:49.0 (277982984)|VARIABLE_ASSIGNMENT|[5]|this.mapOld|{"0011r00001nogZgAAI":{"LastModifiedDate":"2018-04-18T06:06:49.000Z","IsDeleted":false,"CleanStatus":"Pending","Fecha_ultima_activid (18 more) ...":"2018-01-11T00:00:00.000Z","OwnerId":"0051r000007Oz5QAAS","CreatedById":"0051r000007Oz5QAAS","Match_Billing_Addres (4 more) ...":false,"CreatedDate":"2018-04-18T06:06:49.000Z","Id":"0011r00001nogZgAAI","LastModifiedById":"0051r000007Oz5QAAS","SystemModstamp":"2018-04-18T06:06:49.000Z","Name":"CuentaPadre"}}|0x56e6ef58
08:06:49.0 (278003567)|STATEMENT_EXECUTE|[7]
08:06:49.0 (278008688)|STATEMENT_EXECUTE|[8]
08:06:49.0 (278010578)|STATEMENT_EXECUTE|[9]
08:06:49.0 (279232810)|HEAP_ALLOCATE|[9]|Bytes:1
08:06:49.0 (279254851)|METHOD_ENTRY|[1]|01p1r000009p8Bf|AccountMethods.AccountMethods()
08:06:49.0 (279262068)|STATEMENT_EXECUTE|[1]
08:06:49.0 (279267428)|STATEMENT_EXECUTE|[1]
08:06:49.0 (279278842)|HEAP_ALLOCATE|[9]|Bytes:5
08:06:49.0 (279288453)|METHOD_EXIT|[1]|AccountMethods
08:06:49.0 (279310398)|METHOD_ENTRY|[9]|01p1r000009p8Bf|AccountMethods.ActualizarCuentaHija(List<Account>, Map<Id,Account>)
08:06:49.0 (279337087)|VARIABLE_SCOPE_BEGIN|[3]|listAccount|List<Account>|true|false
08:06:49.0 (279704894)|VARIABLE_ASSIGNMENT|[3]|listAccount|[{"LastModifiedDate":"2018-04-18T06:06:49.000Z","IsDeleted":false,"CleanStatus":"Pending","Fecha_ultima_activid (18 more) ...":"2020-01-11T00:00:00.000Z","OwnerId":"0051r000007Oz5QAAS","CreatedById":"0051r000007Oz5QAAS","Match_Billing_Addres (4 more) ...":false,"CreatedDate":"2018-04-18T06:06:49.000Z","Id":"0011r00001nogZgAAI","LastModifiedById":"0051r000007Oz5QAAS","SystemModstamp":"2018-04-18T06:06:49.000Z","Name":"CuentaPadre"}]|0x1bf11751
08:06:49.0 (279719289)|VARIABLE_SCOPE_BEGIN|[3]|mapOld|Map<Id,Account>|true|false
08:06:49.0 (280033549)|VARIABLE_ASSIGNMENT|[3]|mapOld|{"0011r00001nogZgAAI":{"LastModifiedDate":"2018-04-18T06:06:49.000Z","IsDeleted":false,"CleanStatus":"Pending","Fecha_ultima_activid (18 more) ...":"2018-01-11T00:00:00.000Z","OwnerId":"0051r000007Oz5QAAS","CreatedById":"0051r000007Oz5QAAS","Match_Billing_Addres (4 more) ...":false,"CreatedDate":"2018-04-18T06:06:49.000Z","Id":"0011r00001nogZgAAI","LastModifiedById":"0051r000007Oz5QAAS","SystemModstamp":"2018-04-18T06:06:49.000Z","Name":"CuentaPadre"}}|0xf7992d2
08:06:49.0 (280076649)|HEAP_ALLOCATE|[5]|Bytes:5
08:06:49.0 (280083891)|STATEMENT_EXECUTE|[3]
08:06:49.0 (280128542)|STATEMENT_EXECUTE|[5]
08:06:49.0 (280130824)|STATEMENT_EXECUTE|[8]
08:06:49.0 (280143797)|HEAP_ALLOCATE|[8]|Bytes:4
08:06:49.0 (280167692)|VARIABLE_SCOPE_BEGIN|[8]|listAccountIds|List<String>|true|false
08:06:49.0 (280190715)|HEAP_ALLOCATE|[EXTERNAL]|Bytes:4
08:06:49.0 (280200976)|VARIABLE_ASSIGNMENT|[8]|listAccountIds|[]|0x5cb7c247
08:06:49.0 (280207591)|STATEMENT_EXECUTE|[9]
08:06:49.0 (280236247)|HEAP_ALLOCATE|[9]|Bytes:4
08:06:49.0 (280258991)|VARIABLE_SCOPE_BEGIN|[9]|mapAccountParent|Map<String,Account>|true|false
08:06:49.0 (280273496)|VARIABLE_ASSIGNMENT|[9]|mapAccountParent|{}|0x25c2d5c
08:06:49.0 (280376377)|HEAP_ALLOCATE|[11]|Bytes:5
08:06:49.0 (280393486)|HEAP_ALLOCATE|[11]|Bytes:4
08:06:49.0 (280401187)|VARIABLE_SCOPE_BEGIN|[11]|inAccount|Account|true|false
08:06:49.0 (280742738)|VARIABLE_ASSIGNMENT|[11]|inAccount|{"LastModifiedDate":"2018-04-18T06:06:49.000Z","IsDeleted":false,"CleanStatus":"Pending","Fecha_ultima_activid (18 more) ...":"2020-01-11T00:00:00.000Z","OwnerId":"0051r000007Oz5QAAS","CreatedById":"0051r000007Oz5QAAS","Match_Billing_Addres (4 more) ...":false,"CreatedDate":"2018-04-18T06:06:49.000Z","Id":"0011r00001nogZgAAI","LastModifiedById":"0051r000007Oz5QAAS","SystemModstamp":"2018-04-18T06:06:49.000Z","Name":"CuentaPadre"}|0x52a81629
08:06:49.0 (280757236)|STATEMENT_EXECUTE|[11]
08:06:49.0 (280833607)|STATEMENT_EXECUTE|[12]
08:06:49.0 (280835926)|STATEMENT_EXECUTE|[13]
08:06:49.0 (280869745)|HEAP_ALLOCATE|[EXTERNAL]|Bytes:4
08:06:49.0 (280879304)|STATEMENT_EXECUTE|[14]
08:06:49.0 (280908673)|HEAP_ALLOCATE|[EXTERNAL]|Bytes:-4
08:06:49.0 (280923743)|HEAP_ALLOCATE|[11]|Bytes:5
08:06:49.0 (280937031)|VARIABLE_ASSIGNMENT|[11]|inAccount|null|
08:06:49.0 (280942607)|STATEMENT_EXECUTE|[19]
08:06:49.0 (280946115)|HEAP_ALLOCATE|[19]|Bytes:99
08:06:49.0 (280958342)|HEAP_ALLOCATE|[19]|Bytes:4
08:06:49.0 (281121282)|SOQL_EXECUTE_BEGIN|[19]|Aggregations:0|SELECT Id, Fecha_ultima_actividad_mas_reciente__c, ParentId FROM Account WHERE ParentId IN :tmpVar1
08:06:49.0 (293229968)|SOQL_EXECUTE_END|[19]|Rows:1
08:06:49.0 (293258306)|HEAP_ALLOCATE|[19]|Bytes:8
08:06:49.0 (293276585)|HEAP_ALLOCATE|[19]|Bytes:105
08:06:49.0 (293310377)|HEAP_ALLOCATE|[19]|Bytes:8
08:06:49.0 (293335241)|VARIABLE_SCOPE_BEGIN|[19]|listAccountChild|List<Account>|true|false
08:06:49.0 (293388915)|VARIABLE_ASSIGNMENT|[19]|listAccountChild|[{"Id":"0011r00001nogZhAAI","Fecha_ultima_activid (18 more) ...":"2018-01-11T00:00:00.000Z","ParentId":"0011r00001nogZgAAI"}]|0x31fc5391
08:06:49.0 (293450545)|HEAP_ALLOCATE|[22]|Bytes:5
08:06:49.0 (293469877)|HEAP_ALLOCATE|[22]|Bytes:16
08:06:49.0 (293480854)|VARIABLE_SCOPE_BEGIN|[22]|inAccount|Account|true|false
08:06:49.0 (293508037)|VARIABLE_ASSIGNMENT|[22]|inAccount|{"Id":"0011r00001nogZhAAI","Fecha_ultima_activid (18 more) ...":"2018-01-11T00:00:00.000Z","ParentId":"0011r00001nogZgAAI"}|0x4e9ad695
08:06:49.0 (293520381)|STATEMENT_EXECUTE|[22]
08:06:49.0 (293523523)|STATEMENT_EXECUTE|[23]
08:06:49.0 (293654115)|VARIABLE_ASSIGNMENT|[23]|this.Fecha_ultima_actividad_mas_reciente__c|"2020-01-11T00:00:00.000Z"|0x4e9ad695
08:06:49.0 (293677278)|HEAP_ALLOCATE|[22]|Bytes:5
08:06:49.0 (293695179)|VARIABLE_ASSIGNMENT|[22]|inAccount|null|
08:06:49.0 (293706572)|STATEMENT_EXECUTE|[26]
08:06:49.0 (293774675)|DML_BEGIN|[26]|Op:Update|Type:Account|Rows:1
08:06:49.0 (293808620)|HEAP_ALLOCATE|[EXTERNAL]|Bytes:8
08:06:49.0 (340454303)|CODE_UNIT_STARTED|[EXTERNAL]|01q1r000000j8Jg|AccountTrigger on Account trigger event BeforeUpdate
08:06:49.0 (340484140)|HEAP_ALLOCATE|[EXTERNAL]|Bytes:8
08:06:49.0 (340506177)|HEAP_ALLOCATE|[EXTERNAL]|Bytes:8
08:06:49.0 (340545321)|HEAP_ALLOCATE|[EXTERNAL]|Bytes:12
08:06:49.0 (340553704)|VARIABLE_SCOPE_BEGIN|[1]|this|AccountTrigger|true|false
08:06:49.0 (340579696)|VARIABLE_ASSIGNMENT|[1]|this|{}|0xf123b90
08:06:49.0 (340610486)|HEAP_ALLOCATE|[EXTERNAL]|Bytes:12
08:06:49.0 (340617670)|VARIABLE_SCOPE_BEGIN|[1]|this|AccountTrigger|true|false
08:06:49.0 (340629739)|VARIABLE_ASSIGNMENT|[1]|this|{}|0xf123b90
08:06:49.0 (340638299)|STATEMENT_EXECUTE|[1]
08:06:49.0 (340640573)|STATEMENT_EXECUTE|[3]
08:06:49.0 (341099722)|VARIABLE_ASSIGNMENT|[3]|this.listNew|[{"ParentId":"0011r00001nogZgAAI","LastModifiedDate":"2018-04-18T06:06:49.000Z","IsDeleted":false,"Fecha_ultima_activid (18 more) ...":"2020-01-11T00:00:00.000Z","SystemModstamp":"2018-04-18T06:06:49.000Z","Name":"Cuenta","CleanStatus":"Pending","OwnerId":"0051r000007Oz5QAAS","CreatedById":"0051r000007Oz5QAAS","Match_Billing_Addres (4 more) ...":false,"LastActivityDate":"2020-01-11T00:00:00.000Z","CreatedDate":"2018-04-18T06:06:49.000Z","Id":"0011r00001nogZhAAI","LastModifiedById":"0051r000007Oz5QAAS"}]|0xf123b90
08:06:49.0 (341116342)|STATEMENT_EXECUTE|[5]
08:06:49.0 (341486089)|VARIABLE_ASSIGNMENT|[5]|this.mapOld|{"0011r00001nogZhAAI":{"ParentId":"0011r00001nogZgAAI","LastModifiedDate":"2018-04-18T06:06:49.000Z","IsDeleted":false,"Fecha_ultima_activid (18 more) ...":"2018-01-11T00:00:00.000Z","SystemModstamp":"2018-04-18T06:06:49.000Z","Name":"Cuenta","CleanStatus":"Pending","OwnerId":"0051r000007Oz5QAAS","CreatedById":"0051r000007Oz5QAAS","Match_Billing_Addres (4 more) ...":false,"CreatedDate":"2018-04-18T06:06:49.000Z","Id":"0011r00001nogZhAAI","LastModifiedById":"0051r000007Oz5QAAS"}}|0xf123b90
08:06:49.0 (341503761)|STATEMENT_EXECUTE|[7]
08:06:49.0 (341508240)|STATEMENT_EXECUTE|[8]
08:06:49.0 (341510002)|STATEMENT_EXECUTE|[9]
08:06:49.0 (341523085)|METHOD_ENTRY|[9]|01p1r000009p8Bf|AccountMethods.ActualizarCuentaHija(List<Account>, Map<Id,Account>)
08:06:49.0 (341532779)|VARIABLE_SCOPE_BEGIN|[3]|listAccount|List<Account>|true|false
08:06:49.0 (342270715)|VARIABLE_ASSIGNMENT|[3]|listAccount|[{"ParentId":"0011r00001nogZgAAI","LastModifiedDate":"2018-04-18T06:06:49.000Z","IsDeleted":false,"Fecha_ultima_activid (18 more) ...":"2020-01-11T00:00:00.000Z","SystemModstamp":"2018-04-18T06:06:49.000Z","Name":"Cuenta","CleanStatus":"Pending","OwnerId":"0051r000007Oz5QAAS","CreatedById":"0051r000007Oz5QAAS","Match_Billing_Addres (4 more) ...":false,"LastActivityDate":"2020-01-11T00:00:00.000Z","CreatedDate":"2018-04-18T06:06:49.000Z","Id":"0011r00001nogZhAAI","LastModifiedById":"0051r000007Oz5QAAS"}]|0x7ae52297
08:06:49.0 (342284500)|VARIABLE_SCOPE_BEGIN|[3]|mapOld|Map<Id,Account>|true|false
08:06:49.0 (342997422)|VARIABLE_ASSIGNMENT|[3]|mapOld|{"0011r00001nogZhAAI":{"ParentId":"0011r00001nogZgAAI","LastModifiedDate":"2018-04-18T06:06:49.000Z","IsDeleted":false,"Fecha_ultima_activid (18 more) ...":"2018-01-11T00:00:00.000Z","SystemModstamp":"2018-04-18T06:06:49.000Z","Name":"Cuenta","CleanStatus":"Pending","OwnerId":"0051r000007Oz5QAAS","CreatedById":"0051r000007Oz5QAAS","Match_Billing_Addres (4 more) ...":false,"CreatedDate":"2018-04-18T06:06:49.000Z","Id":"0011r00001nogZhAAI","LastModifiedById":"0051r000007Oz5QAAS"}}|0x2557d984
08:06:49.0 (343032111)|HEAP_ALLOCATE|[5]|Bytes:5
08:06:49.0 (343040143)|STATEMENT_EXECUTE|[3]
08:06:49.0 (343057848)|STATEMENT_EXECUTE|[5]
08:06:49.0 (343059681)|STATEMENT_EXECUTE|[8]
08:06:49.0 (343069562)|HEAP_ALLOCATE|[8]|Bytes:4
08:06:49.0 (343083930)|VARIABLE_SCOPE_BEGIN|[8]|listAccountIds|List<String>|true|false
08:06:49.0 (343108703)|HEAP_ALLOCATE|[EXTERNAL]|Bytes:4
08:06:49.0 (343118272)|VARIABLE_ASSIGNMENT|[8]|listAccountIds|[]|0x690a97ad
08:06:49.0 (343124619)|STATEMENT_EXECUTE|[9]
08:06:49.0 (343140897)|HEAP_ALLOCATE|[9]|Bytes:4
08:06:49.0 (343149663)|VARIABLE_SCOPE_BEGIN|[9]|mapAccountParent|Map<String,Account>|true|false
08:06:49.0 (343162392)|VARIABLE_ASSIGNMENT|[9]|mapAccountParent|{}|0x77daffa7
08:06:49.0 (343185738)|HEAP_ALLOCATE|[11]|Bytes:5
08:06:49.0 (343201706)|HEAP_ALLOCATE|[11]|Bytes:4
08:06:49.0 (343209691)|VARIABLE_SCOPE_BEGIN|[11]|inAccount|Account|true|false
08:06:49.0 (343553561)|VARIABLE_ASSIGNMENT|[11]|inAccount|{"ParentId":"0011r00001nogZgAAI","LastModifiedDate":"2018-04-18T06:06:49.000Z","IsDeleted":false,"Fecha_ultima_activid (18 more) ...":"2020-01-11T00:00:00.000Z","SystemModstamp":"2018-04-18T06:06:49.000Z","Name":"Cuenta","CleanStatus":"Pending","OwnerId":"0051r000007Oz5QAAS","CreatedById":"0051r000007Oz5QAAS","Match_Billing_Addres (4 more) ...":false,"LastActivityDate":"2020-01-11T00:00:00.000Z","CreatedDate":"2018-04-18T06:06:49.000Z","Id":"0011r00001nogZhAAI","LastModifiedById":"0051r000007Oz5QAAS"}|0x24788a51
08:06:49.0 (343567962)|STATEMENT_EXECUTE|[11]
08:06:49.0 (343578018)|STATEMENT_EXECUTE|[12]
08:06:49.0 (343589340)|HEAP_ALLOCATE|[11]|Bytes:5
08:06:49.0 (343602910)|VARIABLE_ASSIGNMENT|[11]|inAccount|null|
08:06:49.0 (343608352)|STATEMENT_EXECUTE|[19]
08:06:49.0 (343619458)|HEAP_ALLOCATE|[19]|Bytes:4
08:06:49.0 (343815846)|SOQL_EXECUTE_BEGIN|[19]|Aggregations:0|SELECT Id, Fecha_ultima_actividad_mas_reciente__c, ParentId FROM Account WHERE ParentId IN :tmpVar1
08:06:49.0 (347759271)|SOQL_EXECUTE_END|[19]|Rows:0
08:06:49.0 (347783765)|HEAP_ALLOCATE|[19]|Bytes:4
08:06:49.0 (347794184)|HEAP_ALLOCATE|[19]|Bytes:0
08:06:49.0 (347821721)|HEAP_ALLOCATE|[19]|Bytes:4
08:06:49.0 (347832230)|VARIABLE_SCOPE_BEGIN|[19]|listAccountChild|List<Account>|true|false
08:06:49.0 (347846628)|VARIABLE_ASSIGNMENT|[19]|listAccountChild|[]|0x61dfe2e6
08:06:49.0 (347872492)|HEAP_ALLOCATE|[22]|Bytes:5
08:06:49.0 (347885404)|VARIABLE_ASSIGNMENT|[22]|inAccount|null|
08:06:49.0 (347892768)|STATEMENT_EXECUTE|[22]
08:06:49.0 (347895380)|STATEMENT_EXECUTE|[26]
08:06:49.0 (347931454)|HEAP_ALLOCATE|[EXTERNAL]|Bytes:4
08:06:49.0 (347945397)|METHOD_EXIT|[9]|01p1r000009p8Bf|AccountMethods.ActualizarCuentaHija(List<Account>, Map<Id,Account>)
08:06:49.347 (347955885)|CUMULATIVE_LIMIT_USAGE
08:06:49.347 (347955885)|LIMIT_USAGE_FOR_NS|(default)|
  Number of SOQL queries: 4 out of 100
  Number of query rows: 2 out of 50000
  Number of SOSL queries: 0 out of 20
  Number of DML statements: 7 out of 150
  Number of DML rows: 7 out of 10000
  Maximum CPU time: 0 out of 10000
  Maximum heap size: 0 out of 6000000
  Number of callouts: 0 out of 100
  Number of Email Invocations: 0 out of 10
  Number of future calls: 0 out of 50
  Number of queueable jobs added to the queue: 0 out of 50
  Number of Mobile Apex push calls: 0 out of 10

08:06:49.347 (347955885)|CUMULATIVE_LIMIT_USAGE_END

08:06:49.0 (348695902)|CODE_UNIT_FINISHED|AccountTrigger on Account trigger event BeforeUpdate
08:06:49.0 (349610332)|CODE_UNIT_STARTED|[EXTERNAL]|DuplicateDetector
08:06:49.0 (349624154)|DUPLICATE_DETECTION_BEGIN
08:06:49.0 (349672117)|DUPLICATE_DETECTION_RULE_INVOCATION|DuplicateRuleId:0Bm1r0000018X88|DuplicateRuleName:Standard Account Duplicate Rule|DmlType:UPDATE
08:06:49.0 (349705873)|DUPLICATE_DETECTION_END
08:06:49.0 (349709873)|CODE_UNIT_FINISHED|DuplicateDetector
08:06:49.0 (364375107)|DML_END|[26]
08:06:49.0 (364424533)|HEAP_ALLOCATE|[EXTERNAL]|Bytes:8
08:06:49.0 (364465207)|METHOD_EXIT|[9]|01p1r000009p8Bf|AccountMethods.ActualizarCuentaHija(List<Account>, Map<Id,Account>)
08:06:49.364 (364483150)|CUMULATIVE_LIMIT_USAGE
08:06:49.364 (364483150)|LIMIT_USAGE_FOR_NS|(default)|
  Number of SOQL queries: 4 out of 100
  Number of query rows: 2 out of 50000
  Number of SOSL queries: 0 out of 20
  Number of DML statements: 7 out of 150
  Number of DML rows: 7 out of 10000
  Maximum CPU time: 0 out of 10000
  Maximum heap size: 0 out of 6000000
  Number of callouts: 0 out of 100
  Number of Email Invocations: 0 out of 10
  Number of future calls: 0 out of 50
  Number of queueable jobs added to the queue: 0 out of 50
  Number of Mobile Apex push calls: 0 out of 10

08:06:49.364 (364483150)|CUMULATIVE_LIMIT_USAGE_END

08:06:49.0 (365270703)|CODE_UNIT_FINISHED|AccountTrigger on Account trigger event BeforeUpdate
08:06:49.0 (366156015)|CODE_UNIT_STARTED|[EXTERNAL]|DuplicateDetector
08:06:49.0 (366170610)|DUPLICATE_DETECTION_BEGIN
08:06:49.0 (366214665)|DUPLICATE_DETECTION_RULE_INVOCATION|DuplicateRuleId:0Bm1r0000018X88|DuplicateRuleName:Standard Account Duplicate Rule|DmlType:UPDATE
08:06:49.0 (366248215)|DUPLICATE_DETECTION_END
08:06:49.0 (366251999)|CODE_UNIT_FINISHED|DuplicateDetector
08:06:49.0 (373264168)|DML_END|[48]
08:06:49.0 (373290363)|HEAP_ALLOCATE|[EXTERNAL]|Bytes:8
08:06:49.0 (373308807)|SYSTEM_MODE_EXIT|false
08:06:49.0 (373322108)|METHOD_EXIT|[10]|01p1r000009oS6S|TaskMethods.CerrarTarea(List<Task>, Map<Id,Task>)
08:06:49.373 (373334196)|CUMULATIVE_LIMIT_USAGE
08:06:49.373 (373334196)|LIMIT_USAGE_FOR_NS|(default)|
  Number of SOQL queries: 4 out of 100
  Number of query rows: 2 out of 50000
  Number of SOSL queries: 0 out of 20
  Number of DML statements: 7 out of 150
  Number of DML rows: 7 out of 10000
  Maximum CPU time: 0 out of 10000
  Maximum heap size: 0 out of 6000000
  Number of callouts: 0 out of 100
  Number of Email Invocations: 0 out of 10
  Number of future calls: 0 out of 50
  Number of queueable jobs added to the queue: 0 out of 50
  Number of Mobile Apex push calls: 0 out of 10

08:06:49.373 (373334196)|CUMULATIVE_LIMIT_USAGE_END

08:06:49.0 (374384299)|CODE_UNIT_FINISHED|TaskTrigger on Task trigger event AfterUpdate
08:06:49.0 (374825405)|DML_END|[39]
08:06:49.0 (374846107)|HEAP_ALLOCATE|[EXTERNAL]|Bytes:8
08:06:49.0 (374860642)|STATEMENT_EXECUTE|[41]
08:06:49.0 (374866866)|HEAP_ALLOCATE|[41]|Bytes:82
08:06:49.0 (374884113)|HEAP_ALLOCATE|[41]|Bytes:4
08:06:49.0 (375040987)|SOQL_EXECUTE_BEGIN|[41]|Aggregations:0|SELECT Id, Fecha_ultima_actividad_mas_reciente__c FROM Account WHERE Id = :tmpVar1
08:06:49.0 (384870649)|SOQL_EXECUTE_END|[41]|Rows:1
08:06:49.0 (384894036)|HEAP_ALLOCATE|[41]|Bytes:8
08:06:49.0 (384909449)|HEAP_ALLOCATE|[41]|Bytes:75
08:06:49.0 (384937588)|HEAP_ALLOCATE|[41]|Bytes:8
08:06:49.0 (384952821)|VARIABLE_SCOPE_BEGIN|[41]|listAccountCheck|List<Account>|true|false
08:06:49.0 (385003183)|VARIABLE_ASSIGNMENT|[41]|listAccountCheck|[{"Id":"0011r00001nogZgAAI","Fecha_ultima_activid (18 more) ...":"2020-01-11T00:00:00.000Z"}]|0x56b262fb
08:06:49.0 (385014818)|STATEMENT_EXECUTE|[43]
08:06:49.0 (385087989)|USER_DEBUG|[43]|DEBUG|(Account:{Id=0011r00001nogZgAAI, Fecha_ultima_actividad_mas_reciente__c=2020-01-11 00:00:00})
08:06:49.0 (385101172)|STATEMENT_EXECUTE|[45]
08:06:49.0 (385141106)|HEAP_ALLOCATE|[45]|Bytes:12
08:06:49.0 (385170476)|HEAP_ALLOCATE|[45]|Bytes:28
08:06:49.0 (385202386)|STATEMENT_EXECUTE|[50]
08:06:49.0 (385221288)|HEAP_ALLOCATE|[50]|Bytes:4
08:06:49.0 (385234674)|HEAP_ALLOCATE|[50]|Bytes:5
08:06:49.0 (385266842)|VARIABLE_ASSIGNMENT|[50]|this.Subject|"Task2"|0x756c9cdc
08:06:49.0 (385284840)|VARIABLE_ASSIGNMENT|[50]|this.Priority|"Normal"|0x756c9cdc
08:06:49.0 (385291750)|HEAP_ALLOCATE|[52]|Bytes:11
08:06:49.0 (385304089)|VARIABLE_ASSIGNMENT|[50]|this.Status|"in Progress"|0x756c9cdc
08:06:49.0 (385333989)|VARIABLE_ASSIGNMENT|[50]|this.WhatId|"0061r00000vkbfWAAQ"|0x756c9cdc
08:06:49.0 (385384694)|HEAP_ALLOCATE|[54]|Bytes:4
08:06:49.0 (385421867)|VARIABLE_ASSIGNMENT|[50]|this.ActivityDate|"2022-01-11T00:00:00.000Z"|0x756c9cdc
08:06:49.0 (385451538)|VARIABLE_SCOPE_BEGIN|[50]|oTask2|Task|true|false
08:06:49.0 (385473696)|VARIABLE_ASSIGNMENT|[50]|oTask2|{"Subject":"Task2","Priority":"Normal","Status":"in Progress","WhatId":"0061r00000vkbfWAAQ","ActivityDate":"2022-01-11T00:00:00.000Z"}|0x756c9cdc
08:06:49.0 (385481233)|STATEMENT_EXECUTE|[56]
08:06:49.0 (385506571)|HEAP_ALLOCATE|[EXTERNAL]|Bytes:4
08:06:49.0 (385514741)|STATEMENT_EXECUTE|[58]
08:06:49.0 (385549265)|DML_BEGIN|[58]|Op:Insert|Type:Task|Rows:2
08:06:49.0 (385575996)|HEAP_ALLOCATE|[EXTERNAL]|Bytes:12
08:06:49.0 (398184208)|DML_END|[58]
08:06:49.0 (398306823)|VF_PAGE_MESSAGE|cannot specify Id in an insert call
08:06:49.0 (398387406)|EXCEPTION_THROWN|[58]|System.DmlException: Insert failed. First exception on row 0 with id 00T1r00004CPMEqEAP; first error: INVALID_FIELD_FOR_INSERT_UPDATE, cannot specify Id in an insert call: [Id]
08:06:49.0 (399376844)|HEAP_ALLOCATE|[58]|Bytes:159
08:06:49.0 (399458953)|FATAL_ERROR|System.DmlException: Insert failed. First exception on row 0 with id 00T1r00004CPMEqEAP; first error: INVALID_FIELD_FOR_INSERT_UPDATE, cannot specify Id in an insert call: [Id]

Class.TaskTest.testCerrarTarea: line 58, column 1
08:06:49.0 (399473410)|FATAL_ERROR|System.DmlException: Insert failed. First exception on row 0 with id 00T1r00004CPMEqEAP; first error: INVALID_FIELD_FOR_INSERT_UPDATE, cannot specify Id in an insert call: [Id]

Class.TaskTest.testCerrarTarea: line 58, column 1
08:06:49.399 (399480446)|CUMULATIVE_LIMIT_USAGE
08:06:49.399 (399480446)|LIMIT_USAGE_FOR_NS|(default)|
  Number of SOQL queries: 5 out of 100
  Number of query rows: 3 out of 50000
  Number of SOSL queries: 0 out of 20
  Number of DML statements: 8 out of 150
  Number of DML rows: 9 out of 10000
  Maximum CPU time: 0 out of 10000
  Maximum heap size: 0 out of 6000000
  Number of callouts: 0 out of 100
  Number of Email Invocations: 0 out of 10
  Number of future calls: 0 out of 50
  Number of queueable jobs added to the queue: 0 out of 50
  Number of Mobile Apex push calls: 0 out of 10

08:06:49.399 (399480446)|CUMULATIVE_LIMIT_USAGE_END

08:06:49.0 (399509822)|CODE_UNIT_FINISHED|TaskTest.testCerrarTarea
08:06:49.0 (400284666)|EXECUTION_FINISHED
08:06:49.517 (517576535)|USER_INFO|[EXTERNAL]|0051r000007Oz5Q|lydia.abril@gmail.com|hora estándar de Europa central|GMT+02:00
08:06:49.517 (517598783)|EXECUTION_STARTED
08:06:49.517 (517602841)|CODE_UNIT_STARTED|[EXTERNAL]|DuplicateDetector
08:06:49.517 (517614562)|DUPLICATE_DETECTION_BEGIN
08:06:49.517 (517660942)|DUPLICATE_DETECTION_RULE_INVOCATION|DuplicateRuleId:0Bm1r0000018X88|DuplicateRuleName:Standard Account Duplicate Rule|DmlType:UPDATE
08:06:49.517 (525735581)|DUPLICATE_DETECTION_END
08:06:49.517 (525742658)|CODE_UNIT_FINISHED|DuplicateDetector
08:06:49.517 (526505382)|EXECUTION_FINISHED
08:06:49.527 (527941538)|USER_INFO|[EXTERNAL]|0051r000007Oz5Q|lydia.abril@gmail.com|hora estándar de Europa central|GMT+02:00
08:06:49.527 (527957289)|EXECUTION_STARTED
08:06:49.527 (527960535)|CODE_UNIT_STARTED|[EXTERNAL]|DuplicateDetector
08:06:49.527 (527970343)|DUPLICATE_DETECTION_BEGIN
08:06:49.527 (528003808)|DUPLICATE_DETECTION_RULE_INVOCATION|DuplicateRuleId:0Bm1r0000018X88|DuplicateRuleName:Standard Account Duplicate Rule|DmlType:INSERT
08:06:49.527 (534695275)|DUPLICATE_DETECTION_END
08:06:49.527 (534701262)|CODE_UNIT_FINISHED|DuplicateDetector
08:06:49.527 (535441575)|EXECUTION_FINISHED
