36.0 APEX_CODE,FINEST;APEX_PROFILING,INFO;CALLOUT,INFO;DB,INFO;SYSTEM,DEBUG;VALIDATION,INFO;VISUALFORCE,INFO;WAVE,INFO;WORKFLOW,INFO
08:29:22.0 (443991)|USER_INFO|[EXTERNAL]|0051r000007Oz5Q|lydia.abril@gmail.com|hora est치ndar de Europa central|GMT+02:00
08:29:22.0 (489343)|EXECUTION_STARTED
08:29:22.0 (493830)|CODE_UNIT_STARTED|[EXTERNAL]|01p1r000007WiaC|TemperatureConverterTest.testBoilingPoint
08:29:22.0 (906258)|HEAP_ALLOCATE|[72]|Bytes:3
08:29:22.0 (955926)|HEAP_ALLOCATE|[77]|Bytes:152
08:29:22.0 (973851)|HEAP_ALLOCATE|[342]|Bytes:408
08:29:22.0 (988734)|HEAP_ALLOCATE|[355]|Bytes:408
08:29:22.0 (1001337)|HEAP_ALLOCATE|[467]|Bytes:48
08:29:22.0 (1031682)|HEAP_ALLOCATE|[139]|Bytes:6
08:29:22.0 (1046429)|HEAP_ALLOCATE|[EXTERNAL]|Bytes:21
08:29:22.0 (1056174)|METHOD_ENTRY|[2]|01p1r000007WiaC|TemperatureConverterTest.TemperatureConverterTest()
08:29:22.0 (1062669)|STATEMENT_EXECUTE|[2]
08:29:22.0 (1067407)|STATEMENT_EXECUTE|[2]
08:29:22.0 (1071346)|METHOD_EXIT|[2]|TemperatureConverterTest
08:29:22.0 (1108512)|HEAP_ALLOCATE|[50]|Bytes:5
08:29:22.0 (1132947)|HEAP_ALLOCATE|[56]|Bytes:5
08:29:22.0 (1141051)|HEAP_ALLOCATE|[64]|Bytes:7
08:29:22.0 (1184649)|STATEMENT_EXECUTE|[13]
08:29:22.0 (1186739)|STATEMENT_EXECUTE|[14]
08:29:22.0 (1218854)|HEAP_ALLOCATE|[14]|Bytes:28
08:29:22.0 (2492333)|HEAP_ALLOCATE|[14]|Bytes:1
08:29:22.0 (2509577)|METHOD_ENTRY|[1]|01p1r000007WiVz|TemperatureConverter.TemperatureConverter()
08:29:22.0 (2515397)|STATEMENT_EXECUTE|[1]
08:29:22.0 (2519296)|STATEMENT_EXECUTE|[1]
08:29:22.0 (2523085)|METHOD_EXIT|[1]|TemperatureConverter
08:29:22.0 (2544474)|METHOD_ENTRY|[14]|01p1r000007WiVz|TemperatureConverter.FahrenheitToCelsius(Decimal)
08:29:22.0 (2570370)|VARIABLE_SCOPE_BEGIN|[3]|fh|Decimal|false|false
08:29:22.0 (2594617)|VARIABLE_ASSIGNMENT|[3]|fh|212
08:29:22.0 (2608015)|STATEMENT_EXECUTE|[3]
08:29:22.0 (2609380)|STATEMENT_EXECUTE|[4]
08:29:22.0 (2617692)|HEAP_ALLOCATE|[4]|Bytes:28
08:29:22.0 (2682662)|HEAP_ALLOCATE|[4]|Bytes:28
08:29:22.0 (2710791)|HEAP_ALLOCATE|[4]|Bytes:28
08:29:22.0 (2715144)|HEAP_ALLOCATE|[4]|Bytes:28
08:29:22.0 (2735455)|HEAP_ALLOCATE|[4]|Bytes:28
08:29:22.0 (2746445)|HEAP_ALLOCATE|[4]|Bytes:28
08:29:22.0 (2749905)|HEAP_ALLOCATE|[4]|Bytes:28
08:29:22.0 (2804316)|HEAP_ALLOCATE|[4]|Bytes:28
08:29:22.0 (2808653)|HEAP_ALLOCATE|[4]|Bytes:28
08:29:22.0 (2818787)|VARIABLE_SCOPE_BEGIN|[4]|cs|Decimal|false|false
08:29:22.0 (2832550)|VARIABLE_ASSIGNMENT|[4]|cs|100
08:29:22.0 (2840600)|STATEMENT_EXECUTE|[5]
08:29:22.0 (2866461)|HEAP_ALLOCATE|[5]|Bytes:28
08:29:22.0 (2880501)|METHOD_EXIT|[14]|01p1r000007WiVz|TemperatureConverter.FahrenheitToCelsius(Decimal)
08:29:22.0 (2886625)|VARIABLE_SCOPE_BEGIN|[14]|celsius|Decimal|false|false
08:29:22.0 (2895634)|VARIABLE_ASSIGNMENT|[14]|celsius|100.00
08:29:22.0 (2899656)|STATEMENT_EXECUTE|[15]
08:29:22.0 (2903512)|HEAP_ALLOCATE|[15]|Bytes:42
08:29:22.2 (2963317)|CUMULATIVE_LIMIT_USAGE
08:29:22.2 (2963317)|LIMIT_USAGE_FOR_NS|(default)|
  Number of SOQL queries: 0 out of 100
  Number of query rows: 0 out of 50000
  Number of SOSL queries: 0 out of 20
  Number of DML statements: 0 out of 150
  Number of DML rows: 0 out of 10000
  Maximum CPU time: 0 out of 10000
  Maximum heap size: 0 out of 6000000
  Number of callouts: 0 out of 100
  Number of Email Invocations: 0 out of 10
  Number of future calls: 0 out of 50
  Number of queueable jobs added to the queue: 0 out of 50
  Number of Mobile Apex push calls: 0 out of 10

08:29:22.2 (2963317)|CUMULATIVE_LIMIT_USAGE_END

08:29:22.0 (2998891)|CODE_UNIT_FINISHED|TemperatureConverterTest.testBoilingPoint
08:29:22.0 (3706246)|EXECUTION_FINISHED
08:29:22.42 (42981883)|USER_INFO|[EXTERNAL]|0051r000007Oz5Q|lydia.abril@gmail.com|hora est치ndar de Europa central|GMT+02:00
08:29:22.42 (43003810)|EXECUTION_STARTED
08:29:22.42 (43008712)|CODE_UNIT_STARTED|[EXTERNAL]|01p1r000007WiaC|TemperatureConverterTest.testFreezingPoint
08:29:22.42 (43147215)|HEAP_ALLOCATE|[72]|Bytes:3
08:29:22.42 (43187715)|HEAP_ALLOCATE|[77]|Bytes:152
08:29:22.42 (43204181)|HEAP_ALLOCATE|[342]|Bytes:408
08:29:22.42 (43218962)|HEAP_ALLOCATE|[355]|Bytes:408
08:29:22.42 (43232005)|HEAP_ALLOCATE|[467]|Bytes:48
08:29:22.42 (43259947)|HEAP_ALLOCATE|[139]|Bytes:6
08:29:22.42 (43274087)|HEAP_ALLOCATE|[EXTERNAL]|Bytes:21
08:29:22.42 (43284183)|METHOD_ENTRY|[2]|01p1r000007WiaC|TemperatureConverterTest.TemperatureConverterTest()
08:29:22.42 (43290782)|STATEMENT_EXECUTE|[2]
08:29:22.42 (43294995)|STATEMENT_EXECUTE|[2]
08:29:22.42 (43298943)|METHOD_EXIT|[2]|TemperatureConverterTest
08:29:22.42 (43321632)|HEAP_ALLOCATE|[50]|Bytes:5
08:29:22.42 (43343010)|HEAP_ALLOCATE|[56]|Bytes:5
08:29:22.42 (43350042)|HEAP_ALLOCATE|[64]|Bytes:7
08:29:22.42 (43386746)|STATEMENT_EXECUTE|[9]
08:29:22.42 (43388474)|STATEMENT_EXECUTE|[10]
08:29:22.42 (43418196)|HEAP_ALLOCATE|[10]|Bytes:28
08:29:22.42 (43427538)|HEAP_ALLOCATE|[10]|Bytes:1
08:29:22.42 (43433665)|METHOD_ENTRY|[1]|01p1r000007WiVz|TemperatureConverter.TemperatureConverter()
08:29:22.42 (43438339)|STATEMENT_EXECUTE|[1]
08:29:22.42 (43440327)|STATEMENT_EXECUTE|[1]
08:29:22.42 (43442661)|METHOD_EXIT|[1]|TemperatureConverter
08:29:22.42 (43454174)|METHOD_ENTRY|[10]|01p1r000007WiVz|TemperatureConverter.FahrenheitToCelsius(Decimal)
08:29:22.42 (43474961)|VARIABLE_SCOPE_BEGIN|[3]|fh|Decimal|false|false
08:29:22.42 (43496991)|VARIABLE_ASSIGNMENT|[3]|fh|32
08:29:22.42 (43507950)|STATEMENT_EXECUTE|[3]
08:29:22.42 (43509390)|STATEMENT_EXECUTE|[4]
08:29:22.42 (43514867)|HEAP_ALLOCATE|[4]|Bytes:28
08:29:22.42 (43560792)|HEAP_ALLOCATE|[4]|Bytes:28
08:29:22.42 (43565206)|HEAP_ALLOCATE|[4]|Bytes:28
08:29:22.42 (43580562)|HEAP_ALLOCATE|[4]|Bytes:28
08:29:22.42 (43584088)|HEAP_ALLOCATE|[4]|Bytes:28
08:29:22.42 (43603463)|HEAP_ALLOCATE|[4]|Bytes:28
08:29:22.42 (43606623)|HEAP_ALLOCATE|[4]|Bytes:28
08:29:22.42 (43616174)|HEAP_ALLOCATE|[4]|Bytes:28
08:29:22.42 (43619515)|HEAP_ALLOCATE|[4]|Bytes:28
08:29:22.42 (43638449)|HEAP_ALLOCATE|[4]|Bytes:28
08:29:22.42 (43642364)|HEAP_ALLOCATE|[4]|Bytes:28
08:29:22.42 (43651435)|VARIABLE_SCOPE_BEGIN|[4]|cs|Decimal|false|false
08:29:22.42 (43662693)|VARIABLE_ASSIGNMENT|[4]|cs|0
08:29:22.42 (43667318)|STATEMENT_EXECUTE|[5]
08:29:22.42 (43688062)|HEAP_ALLOCATE|[5]|Bytes:28
08:29:22.42 (43691888)|HEAP_ALLOCATE|[5]|Bytes:28
08:29:22.42 (43703062)|METHOD_EXIT|[10]|01p1r000007WiVz|TemperatureConverter.FahrenheitToCelsius(Decimal)
08:29:22.42 (43709118)|VARIABLE_SCOPE_BEGIN|[10]|celsius|Decimal|false|false
08:29:22.42 (43717234)|VARIABLE_ASSIGNMENT|[10]|celsius|0.00
08:29:22.42 (43721994)|STATEMENT_EXECUTE|[11]
08:29:22.43 (43768793)|CUMULATIVE_LIMIT_USAGE
08:29:22.43 (43768793)|LIMIT_USAGE_FOR_NS|(default)|
  Number of SOQL queries: 0 out of 100
  Number of query rows: 0 out of 50000
  Number of SOSL queries: 0 out of 20
  Number of DML statements: 0 out of 150
  Number of DML rows: 0 out of 10000
  Maximum CPU time: 0 out of 10000
  Maximum heap size: 0 out of 6000000
  Number of callouts: 0 out of 100
  Number of Email Invocations: 0 out of 10
  Number of future calls: 0 out of 50
  Number of queueable jobs added to the queue: 0 out of 50
  Number of Mobile Apex push calls: 0 out of 10

08:29:22.43 (43768793)|CUMULATIVE_LIMIT_USAGE_END

08:29:22.42 (43803288)|CODE_UNIT_FINISHED|TemperatureConverterTest.testFreezingPoint
08:29:22.42 (44525058)|EXECUTION_FINISHED
08:29:22.52 (52911789)|USER_INFO|[EXTERNAL]|0051r000007Oz5Q|lydia.abril@gmail.com|hora est치ndar de Europa central|GMT+02:00
08:29:22.52 (52925138)|EXECUTION_STARTED
08:29:22.52 (52928044)|CODE_UNIT_STARTED|[EXTERNAL]|01p1r000007WiaC|TemperatureConverterTest.testNegativeTemp
08:29:22.52 (52999456)|HEAP_ALLOCATE|[72]|Bytes:3
08:29:22.52 (53019092)|HEAP_ALLOCATE|[77]|Bytes:152
08:29:22.52 (53030130)|HEAP_ALLOCATE|[342]|Bytes:408
08:29:22.52 (53043731)|HEAP_ALLOCATE|[355]|Bytes:408
08:29:22.52 (53055312)|HEAP_ALLOCATE|[467]|Bytes:48
08:29:22.52 (53074299)|HEAP_ALLOCATE|[139]|Bytes:6
08:29:22.52 (53086060)|HEAP_ALLOCATE|[EXTERNAL]|Bytes:21
08:29:22.52 (53093043)|METHOD_ENTRY|[2]|01p1r000007WiaC|TemperatureConverterTest.TemperatureConverterTest()
08:29:22.52 (53097763)|STATEMENT_EXECUTE|[2]
08:29:22.52 (53100539)|STATEMENT_EXECUTE|[2]
08:29:22.52 (53103241)|METHOD_EXIT|[2]|TemperatureConverterTest
08:29:22.52 (53118723)|HEAP_ALLOCATE|[50]|Bytes:5
08:29:22.52 (53132477)|HEAP_ALLOCATE|[56]|Bytes:5
08:29:22.52 (53138976)|HEAP_ALLOCATE|[64]|Bytes:7
08:29:22.52 (53159515)|STATEMENT_EXECUTE|[18]
08:29:22.52 (53161445)|STATEMENT_EXECUTE|[19]
08:29:22.52 (53174870)|HEAP_ALLOCATE|[19]|Bytes:28
08:29:22.52 (53184337)|HEAP_ALLOCATE|[19]|Bytes:1
08:29:22.52 (53189694)|METHOD_ENTRY|[1]|01p1r000007WiVz|TemperatureConverter.TemperatureConverter()
08:29:22.52 (53194238)|STATEMENT_EXECUTE|[1]
08:29:22.52 (53196304)|STATEMENT_EXECUTE|[1]
08:29:22.52 (53198712)|METHOD_EXIT|[1]|TemperatureConverter
08:29:22.52 (53206582)|METHOD_ENTRY|[19]|01p1r000007WiVz|TemperatureConverter.FahrenheitToCelsius(Decimal)
08:29:22.52 (53221146)|VARIABLE_SCOPE_BEGIN|[3]|fh|Decimal|false|false
08:29:22.52 (53236512)|VARIABLE_ASSIGNMENT|[3]|fh|-10
08:29:22.52 (53245935)|STATEMENT_EXECUTE|[3]
08:29:22.52 (53247320)|STATEMENT_EXECUTE|[4]
08:29:22.52 (53253016)|HEAP_ALLOCATE|[4]|Bytes:28
08:29:22.52 (53280166)|HEAP_ALLOCATE|[4]|Bytes:28
08:29:22.52 (53298347)|HEAP_ALLOCATE|[4]|Bytes:28
08:29:22.52 (53302474)|HEAP_ALLOCATE|[4]|Bytes:28
08:29:22.52 (53316872)|HEAP_ALLOCATE|[4]|Bytes:28
08:29:22.52 (53326886)|HEAP_ALLOCATE|[4]|Bytes:28
08:29:22.52 (53330314)|HEAP_ALLOCATE|[4]|Bytes:28
08:29:22.52 (53363437)|HEAP_ALLOCATE|[4]|Bytes:28
08:29:22.52 (53367423)|HEAP_ALLOCATE|[4]|Bytes:28
08:29:22.52 (53376953)|VARIABLE_SCOPE_BEGIN|[4]|cs|Decimal|false|false
08:29:22.52 (53399573)|VARIABLE_ASSIGNMENT|[4]|cs|-23.3333333333333333333333333333333
08:29:22.52 (53404415)|STATEMENT_EXECUTE|[5]
08:29:22.52 (53422996)|HEAP_ALLOCATE|[5]|Bytes:28
08:29:22.52 (53434918)|METHOD_EXIT|[19]|01p1r000007WiVz|TemperatureConverter.FahrenheitToCelsius(Decimal)
08:29:22.52 (53443743)|VARIABLE_SCOPE_BEGIN|[19]|celsius|Decimal|false|false
08:29:22.52 (53453254)|VARIABLE_ASSIGNMENT|[19]|celsius|-23.33
08:29:22.52 (53457601)|STATEMENT_EXECUTE|[20]
08:29:22.52 (53460779)|HEAP_ALLOCATE|[20]|Bytes:5
08:29:22.52 (53470797)|HEAP_ALLOCATE|[20]|Bytes:28
08:29:22.52 (53500412)|HEAP_ALLOCATE|[20]|Bytes:28
08:29:22.53 (53529038)|CUMULATIVE_LIMIT_USAGE
08:29:22.53 (53529038)|LIMIT_USAGE_FOR_NS|(default)|
  Number of SOQL queries: 0 out of 100
  Number of query rows: 0 out of 50000
  Number of SOSL queries: 0 out of 20
  Number of DML statements: 0 out of 150
  Number of DML rows: 0 out of 10000
  Maximum CPU time: 0 out of 10000
  Maximum heap size: 0 out of 6000000
  Number of callouts: 0 out of 100
  Number of Email Invocations: 0 out of 10
  Number of future calls: 0 out of 50
  Number of queueable jobs added to the queue: 0 out of 50
  Number of Mobile Apex push calls: 0 out of 10

08:29:22.53 (53529038)|CUMULATIVE_LIMIT_USAGE_END

08:29:22.52 (53551239)|CODE_UNIT_FINISHED|TemperatureConverterTest.testNegativeTemp
08:29:22.52 (54239881)|EXECUTION_FINISHED
08:29:22.62 (62979921)|USER_INFO|[EXTERNAL]|0051r000007Oz5Q|lydia.abril@gmail.com|hora est치ndar de Europa central|GMT+02:00
08:29:22.62 (62994069)|EXECUTION_STARTED
08:29:22.62 (62996707)|CODE_UNIT_STARTED|[EXTERNAL]|01p1r000007WiaC|TemperatureConverterTest.testWarmTemp
08:29:22.62 (63059382)|HEAP_ALLOCATE|[72]|Bytes:3
08:29:22.62 (63079424)|HEAP_ALLOCATE|[77]|Bytes:152
08:29:22.62 (63089876)|HEAP_ALLOCATE|[342]|Bytes:408
08:29:22.62 (63102863)|HEAP_ALLOCATE|[355]|Bytes:408
08:29:22.62 (63114949)|HEAP_ALLOCATE|[467]|Bytes:48
08:29:22.62 (63133972)|HEAP_ALLOCATE|[139]|Bytes:6
08:29:22.62 (63146001)|HEAP_ALLOCATE|[EXTERNAL]|Bytes:21
08:29:22.62 (63153077)|METHOD_ENTRY|[2]|01p1r000007WiaC|TemperatureConverterTest.TemperatureConverterTest()
08:29:22.62 (63158138)|STATEMENT_EXECUTE|[2]
08:29:22.62 (63160760)|STATEMENT_EXECUTE|[2]
08:29:22.62 (63163533)|METHOD_EXIT|[2]|TemperatureConverterTest
08:29:22.62 (63177349)|HEAP_ALLOCATE|[50]|Bytes:5
08:29:22.62 (63190779)|HEAP_ALLOCATE|[56]|Bytes:5
08:29:22.62 (63198299)|HEAP_ALLOCATE|[64]|Bytes:7
08:29:22.62 (63217474)|STATEMENT_EXECUTE|[4]
08:29:22.62 (63219169)|STATEMENT_EXECUTE|[5]
08:29:22.62 (63231042)|HEAP_ALLOCATE|[5]|Bytes:28
08:29:22.62 (63239674)|HEAP_ALLOCATE|[5]|Bytes:1
08:29:22.62 (63245761)|METHOD_ENTRY|[1]|01p1r000007WiVz|TemperatureConverter.TemperatureConverter()
08:29:22.62 (63251233)|STATEMENT_EXECUTE|[1]
08:29:22.62 (63253317)|STATEMENT_EXECUTE|[1]
08:29:22.62 (63255746)|METHOD_EXIT|[1]|TemperatureConverter
08:29:22.62 (63263541)|METHOD_ENTRY|[5]|01p1r000007WiVz|TemperatureConverter.FahrenheitToCelsius(Decimal)
08:29:22.62 (63277431)|VARIABLE_SCOPE_BEGIN|[3]|fh|Decimal|false|false
08:29:22.62 (63292074)|VARIABLE_ASSIGNMENT|[3]|fh|70
08:29:22.62 (63300945)|STATEMENT_EXECUTE|[3]
08:29:22.62 (63302314)|STATEMENT_EXECUTE|[4]
08:29:22.62 (63308038)|HEAP_ALLOCATE|[4]|Bytes:28
08:29:22.62 (63334382)|HEAP_ALLOCATE|[4]|Bytes:28
08:29:22.62 (63352007)|HEAP_ALLOCATE|[4]|Bytes:28
08:29:22.62 (63355722)|HEAP_ALLOCATE|[4]|Bytes:28
08:29:22.62 (63369697)|HEAP_ALLOCATE|[4]|Bytes:28
08:29:22.62 (63380076)|HEAP_ALLOCATE|[4]|Bytes:28
08:29:22.62 (63383911)|HEAP_ALLOCATE|[4]|Bytes:28
08:29:22.62 (63406980)|HEAP_ALLOCATE|[4]|Bytes:28
08:29:22.62 (63410806)|HEAP_ALLOCATE|[4]|Bytes:28
08:29:22.62 (63420635)|VARIABLE_SCOPE_BEGIN|[4]|cs|Decimal|false|false
08:29:22.62 (63436140)|VARIABLE_ASSIGNMENT|[4]|cs|21.1111111111111111111111111111111
08:29:22.62 (63440788)|STATEMENT_EXECUTE|[5]
08:29:22.62 (63457304)|HEAP_ALLOCATE|[5]|Bytes:28
08:29:22.62 (63469002)|METHOD_EXIT|[5]|01p1r000007WiVz|TemperatureConverter.FahrenheitToCelsius(Decimal)
08:29:22.62 (63474967)|VARIABLE_SCOPE_BEGIN|[5]|celsius|Decimal|false|false
08:29:22.62 (63482962)|VARIABLE_ASSIGNMENT|[5]|celsius|21.11
08:29:22.62 (63487486)|STATEMENT_EXECUTE|[6]
08:29:22.62 (63490601)|HEAP_ALLOCATE|[6]|Bytes:5
08:29:22.62 (63498327)|HEAP_ALLOCATE|[6]|Bytes:28
08:29:22.63 (63529551)|CUMULATIVE_LIMIT_USAGE
08:29:22.63 (63529551)|LIMIT_USAGE_FOR_NS|(default)|
  Number of SOQL queries: 0 out of 100
  Number of query rows: 0 out of 50000
  Number of SOSL queries: 0 out of 20
  Number of DML statements: 0 out of 150
  Number of DML rows: 0 out of 10000
  Maximum CPU time: 0 out of 10000
  Maximum heap size: 0 out of 6000000
  Number of callouts: 0 out of 100
  Number of Email Invocations: 0 out of 10
  Number of future calls: 0 out of 50
  Number of queueable jobs added to the queue: 0 out of 50
  Number of Mobile Apex push calls: 0 out of 10

08:29:22.63 (63529551)|CUMULATIVE_LIMIT_USAGE_END

08:29:22.62 (63551266)|CODE_UNIT_FINISHED|TemperatureConverterTest.testWarmTemp
08:29:22.62 (64558188)|EXECUTION_FINISHED
