36.0 APEX_CODE,FINEST;APEX_PROFILING,INFO;CALLOUT,INFO;DB,INFO;SYSTEM,DEBUG;VALIDATION,INFO;VISUALFORCE,INFO;WAVE,INFO;WORKFLOW,INFO
14:02:35.0 (441019)|USER_INFO|[EXTERNAL]|0051r000007Oz5Q|lydia.abril@gmail.com|hora estándar de Europa central|GMT+02:00
14:02:35.0 (504833)|EXECUTION_STARTED
14:02:35.0 (510978)|CODE_UNIT_STARTED|[EXTERNAL]|01p1r000009on3X|TarjetaTest.testCrearOportunidad
14:02:35.0 (764509)|HEAP_ALLOCATE|[72]|Bytes:3
14:02:35.0 (838563)|HEAP_ALLOCATE|[77]|Bytes:152
14:02:35.0 (853466)|HEAP_ALLOCATE|[342]|Bytes:408
14:02:35.0 (867057)|HEAP_ALLOCATE|[355]|Bytes:408
14:02:35.0 (879254)|HEAP_ALLOCATE|[467]|Bytes:48
14:02:35.0 (917491)|HEAP_ALLOCATE|[139]|Bytes:6
14:02:35.0 (940880)|HEAP_ALLOCATE|[EXTERNAL]|Bytes:53
14:02:35.0 (999752)|METHOD_ENTRY|[2]|01p1r000009on3X|TarjetaTest.TarjetaTest()
14:02:35.0 (1010606)|STATEMENT_EXECUTE|[2]
14:02:35.0 (1016190)|STATEMENT_EXECUTE|[2]
14:02:35.0 (1030352)|METHOD_EXIT|[2]|TarjetaTest
14:02:35.0 (1306708)|HEAP_ALLOCATE|[50]|Bytes:5
14:02:35.0 (1334891)|HEAP_ALLOCATE|[56]|Bytes:5
14:02:35.0 (1347213)|HEAP_ALLOCATE|[64]|Bytes:7
14:02:35.0 (1392358)|STATEMENT_EXECUTE|[4]
14:02:35.0 (1395604)|STATEMENT_EXECUTE|[6]
14:02:35.0 (1399892)|HEAP_ALLOCATE|[6]|Bytes:51
14:02:35.0 (1420197)|HEAP_ALLOCATE|[6]|Bytes:4
14:02:35.0 (1679943)|SOQL_EXECUTE_BEGIN|[6]|Aggregations:0|SELECT Alias FROM User WHERE Alias = 'test' LIMIT 1
14:02:35.0 (7671306)|SOQL_EXECUTE_END|[6]|Rows:1
14:02:35.0 (7698783)|HEAP_ALLOCATE|[6]|Bytes:8
14:02:35.0 (7716570)|HEAP_ALLOCATE|[6]|Bytes:42
14:02:35.0 (7812321)|HEAP_ALLOCATE|[6]|Bytes:8
14:02:35.0 (7831293)|HEAP_ALLOCATE|[6]|Bytes:30
14:02:35.0 (7878227)|HEAP_ALLOCATE|[6]|Bytes:12
14:02:35.0 (7886642)|VARIABLE_SCOPE_BEGIN|[6]|userAborda|User|true|false
14:02:35.0 (7921924)|VARIABLE_ASSIGNMENT|[6]|userAborda|{"Alias":"test","Id":"0051r00000894UtAAI"}|0x6fc75152
14:02:35.0 (7931579)|STATEMENT_EXECUTE|[8]
14:02:35.0 (7962526)|HEAP_ALLOCATE|[8]|Bytes:4
14:02:35.0 (8027879)|HEAP_ALLOCATE|[8]|Bytes:13
14:02:35.0 (8082573)|VARIABLE_ASSIGNMENT|[8]|this.Name|"CuentaPrueba0"|0x3e98fef5
14:02:35.0 (8109343)|VARIABLE_SCOPE_BEGIN|[8]|oAccount|Account|true|false
14:02:35.0 (8123543)|VARIABLE_ASSIGNMENT|[8]|oAccount|{"Name":"CuentaPrueba0"}|0x3e98fef5
14:02:35.0 (8140816)|STATEMENT_EXECUTE|[9]
14:02:35.0 (8162326)|HEAP_ALLOCATE|[9]|Bytes:8
14:02:35.0 (8171368)|DML_BEGIN|[9]|Op:Insert|Type:Account|Rows:1
14:02:35.0 (8198663)|HEAP_ALLOCATE|[EXTERNAL]|Bytes:8
14:02:35.0 (19050999)|CODE_UNIT_STARTED|[EXTERNAL]|DuplicateDetector
14:02:35.0 (19080559)|DUPLICATE_DETECTION_BEGIN
14:02:35.0 (19760909)|DUPLICATE_DETECTION_RULE_INVOCATION|DuplicateRuleId:0Bm1r0000018X88|DuplicateRuleName:Standard Account Duplicate Rule|DmlType:INSERT
14:02:35.0 (38472035)|DUPLICATE_DETECTION_MATCH_INVOCATION_DETAILS|EntityType:Account|ActionTaken:Allow_[Alert,Report]|DuplicateRecordIds:
14:02:35.0 (38525124)|DUPLICATE_DETECTION_MATCH_INVOCATION_SUMMARY|EntityType:Account|NumRecordsToBeSaved:1|NumRecordsToBeSavedWithDuplicates:0|NumDuplicateRecordsFound:0
14:02:35.0 (38768173)|DUPLICATE_DETECTION_END
14:02:35.0 (38780809)|CODE_UNIT_FINISHED|DuplicateDetector
14:02:35.0 (71498433)|DML_END|[9]
14:02:35.0 (71531464)|STATEMENT_EXECUTE|[11]
14:02:35.0 (71601923)|HEAP_ALLOCATE|[11]|Bytes:4
14:02:35.0 (71715280)|HEAP_ALLOCATE|[11]|Bytes:15
14:02:35.0 (71784609)|VARIABLE_ASSIGNMENT|[11]|this.LastName|"ContactoPrueba0"|0x56cd6989
14:02:35.0 (71798310)|HEAP_ALLOCATE|[11]|Bytes:9
14:02:35.0 (71829836)|VARIABLE_ASSIGNMENT|[11]|this.Nif__c|"47898592B"|0x56cd6989
14:02:35.0 (71884216)|VARIABLE_ASSIGNMENT|[11]|this.AccountId|"0011r00001nnSckAAE"|0x56cd6989
14:02:35.0 (71910643)|VARIABLE_ASSIGNMENT|[11]|this.Premium__c|true|0x56cd6989
14:02:35.0 (71953851)|VARIABLE_SCOPE_BEGIN|[11]|oContact|Contact|true|false
14:02:35.0 (71979439)|VARIABLE_ASSIGNMENT|[11]|oContact|{"LastName":"ContactoPrueba0","Nif__c":"47898592B","AccountId":"0011r00001nnSckAAE","Premium__c":true}|0x56cd6989
14:02:35.0 (71986277)|STATEMENT_EXECUTE|[12]
14:02:35.0 (72011319)|HEAP_ALLOCATE|[12]|Bytes:8
14:02:35.0 (72019809)|DML_BEGIN|[12]|Op:Insert|Type:Contact|Rows:1
14:02:35.0 (72057971)|HEAP_ALLOCATE|[EXTERNAL]|Bytes:8
14:02:35.0 (79512310)|CODE_UNIT_STARTED|[EXTERNAL]|01q1r000000j4Bx|ContactTrigger on Contact trigger event BeforeInsert
14:02:35.0 (79554001)|HEAP_ALLOCATE|[EXTERNAL]|Bytes:8
14:02:35.0 (79654395)|HEAP_ALLOCATE|[EXTERNAL]|Bytes:8
14:02:35.0 (79671199)|VARIABLE_SCOPE_BEGIN|[1]|this|ContactTrigger|true|false
14:02:35.0 (79735909)|VARIABLE_ASSIGNMENT|[1]|this|{}|0x33bb388e
14:02:35.0 (79800845)|HEAP_ALLOCATE|[EXTERNAL]|Bytes:8
14:02:35.0 (79867217)|VARIABLE_SCOPE_BEGIN|[1]|this|ContactTrigger|true|false
14:02:35.0 (79883927)|VARIABLE_ASSIGNMENT|[1]|this|{}|0x33bb388e
14:02:35.0 (79893827)|STATEMENT_EXECUTE|[1]
14:02:35.0 (79896445)|STATEMENT_EXECUTE|[3]
14:02:35.0 (128472294)|VARIABLE_ASSIGNMENT|[3]|this.listNew|[{"IsDeleted":false,"AccountId":"0011r00001nnSckAAE","IsEmailBounced":false,"CleanStatus":"Pending","DoNotCall":false,"OwnerId":"0051r000007Oz5QAAS","Premium__c":true,"HasOptedOutOfEmail":false,"HasOptedOutOfFax":false,"Nif__c":"47898592B","LastName":"ContactoPrueba0"}]|0x33bb388e
14:02:35.0 (128504422)|STATEMENT_EXECUTE|[5]
14:02:35.0 (128513727)|STATEMENT_EXECUTE|[6]
14:02:35.0 (128515680)|STATEMENT_EXECUTE|[7]
14:02:35.0 (129721254)|HEAP_ALLOCATE|[7]|Bytes:1
14:02:35.0 (129775108)|METHOD_ENTRY|[1]|01p1r000008aKc5|ContactMethods.ContactMethods()
14:02:35.0 (129783015)|STATEMENT_EXECUTE|[1]
14:02:35.0 (129789005)|STATEMENT_EXECUTE|[1]
14:02:35.0 (130231836)|SYSTEM_MODE_ENTER|false
14:02:35.0 (130250849)|HEAP_ALLOCATE|[7]|Bytes:5
14:02:35.0 (130261836)|SYSTEM_MODE_EXIT|false
14:02:35.0 (130273590)|METHOD_EXIT|[1]|ContactMethods
14:02:35.0 (130305224)|METHOD_ENTRY|[7]|01p1r000008aKc5|ContactMethods.ValidarNif(List<Contact>)
14:02:35.0 (130343304)|VARIABLE_SCOPE_BEGIN|[3]|listNew|List<Contact>|true|false
14:02:35.0 (130620561)|VARIABLE_ASSIGNMENT|[3]|listNew|[{"IsDeleted":false,"AccountId":"0011r00001nnSckAAE","IsEmailBounced":false,"CleanStatus":"Pending","DoNotCall":false,"OwnerId":"0051r000007Oz5QAAS","Premium__c":true,"HasOptedOutOfEmail":false,"HasOptedOutOfFax":false,"Nif__c":"47898592B","LastName":"ContactoPrueba0"}]|0x221d6007
14:02:35.0 (130659476)|SYSTEM_MODE_ENTER|false
14:02:35.0 (130667837)|HEAP_ALLOCATE|[5]|Bytes:5
14:02:35.0 (130673592)|STATEMENT_EXECUTE|[3]
14:02:35.0 (130778357)|STATEMENT_EXECUTE|[5]
14:02:35.0 (130918372)|HEAP_ALLOCATE|[7]|Bytes:5
14:02:35.0 (130957047)|HEAP_ALLOCATE|[7]|Bytes:4
14:02:35.0 (130967019)|VARIABLE_SCOPE_BEGIN|[7]|inContact|Contact|true|false
14:02:35.0 (131218321)|VARIABLE_ASSIGNMENT|[7]|inContact|{"IsDeleted":false,"AccountId":"0011r00001nnSckAAE","IsEmailBounced":false,"CleanStatus":"Pending","DoNotCall":false,"OwnerId":"0051r000007Oz5QAAS","Premium__c":true,"HasOptedOutOfEmail":false,"HasOptedOutOfFax":false,"Nif__c":"47898592B","LastName":"ContactoPrueba0"}|0x3b5b0c31
14:02:35.0 (131231296)|STATEMENT_EXECUTE|[7]
14:02:35.0 (132225575)|HEAP_ALLOCATE|[8]|Bytes:1
14:02:35.0 (132236849)|HEAP_ALLOCATE|[8]|Bytes:7
14:02:35.0 (132250174)|METHOD_ENTRY|[1]|01p1r000009oduV|Utils.Utils()
14:02:35.0 (132257138)|STATEMENT_EXECUTE|[1]
14:02:35.0 (132262433)|STATEMENT_EXECUTE|[1]
14:02:35.0 (132275158)|HEAP_ALLOCATE|[8]|Bytes:5
14:02:35.0 (132284845)|METHOD_EXIT|[1]|Utils
14:02:35.0 (132302014)|METHOD_ENTRY|[8]|01p1r000009oduV|Utils.isNifNie(String)
14:02:35.0 (132322502)|VARIABLE_SCOPE_BEGIN|[3]|nif|String|false|false
14:02:35.0 (132334825)|VARIABLE_ASSIGNMENT|[3]|nif|"47898592B"
14:02:35.0 (132357096)|HEAP_ALLOCATE|[5]|Bytes:5
14:02:35.0 (132363555)|STATEMENT_EXECUTE|[3]
14:02:35.0 (132365559)|STATEMENT_EXECUTE|[5]
14:02:35.0 (132370001)|HEAP_ALLOCATE|[5]|Bytes:4
14:02:35.0 (132387405)|HEAP_ALLOCATE|[5]|Bytes:13
14:02:35.0 (132434390)|USER_DEBUG|[5]|DEBUG|NIF 47898592B
14:02:35.0 (132474569)|HEAP_ALLOCATE|[7]|Bytes:9
14:02:35.0 (132486850)|HEAP_ALLOCATE|[7]|Bytes:1
14:02:35.0 (132509708)|HEAP_ALLOCATE|[7]|Bytes:9
14:02:35.0 (132517688)|HEAP_ALLOCATE|[7]|Bytes:1
14:02:35.0 (132534211)|HEAP_ALLOCATE|[7]|Bytes:9
14:02:35.0 (132541829)|HEAP_ALLOCATE|[7]|Bytes:1
14:02:35.0 (132554715)|STATEMENT_EXECUTE|[7]
14:02:35.0 (132556689)|STATEMENT_EXECUTE|[11]
14:02:35.0 (132563986)|HEAP_ALLOCATE|[11]|Bytes:59
14:02:35.0 (132595488)|HEAP_ALLOCATE|[11]|Bytes:24
14:02:35.0 (132604756)|SYSTEM_METHOD_ENTRY|[1]|Pattern.Pattern()
14:02:35.0 (132608883)|STATEMENT_EXECUTE|[1]
14:02:35.0 (132614693)|SYSTEM_METHOD_EXIT|[1]|Pattern
14:02:35.0 (132624782)|METHOD_ENTRY|[11]||System.Pattern.compile(String)
14:02:35.0 (132769674)|METHOD_EXIT|[11]||System.Pattern.compile(String)
14:02:35.0 (132777331)|VARIABLE_SCOPE_BEGIN|[11]|nifPattern|System.Pattern|true|false
14:02:35.0 (132822905)|VARIABLE_ASSIGNMENT|[11]|nifPattern|{"delegate":"0x281753d6"}|0x93e255c
14:02:35.0 (132831065)|STATEMENT_EXECUTE|[12]
14:02:35.0 (132841468)|METHOD_ENTRY|[12]||System.Pattern.matcher(String)
14:02:35.0 (132991167)|METHOD_EXIT|[12]||System.Pattern.matcher(String)
14:02:35.0 (132998451)|VARIABLE_SCOPE_BEGIN|[12]|m|System.Matcher|true|false
14:02:35.0 (133017102)|VARIABLE_ASSIGNMENT|[12]|m|{"delegate":"0x2f34c52e"}|0x147e5f10
14:02:35.0 (133032447)|METHOD_ENTRY|[13]||System.Matcher.matches()
14:02:35.0 (133089620)|METHOD_EXIT|[13]||System.Matcher.matches()
14:02:35.0 (133096008)|STATEMENT_EXECUTE|[13]
14:02:35.0 (133098163)|STATEMENT_EXECUTE|[14]
14:02:35.0 (133106177)|METHOD_ENTRY|[14]||System.Matcher.group(Integer)
14:02:35.0 (133155815)|METHOD_EXIT|[14]||System.Matcher.group(Integer)
14:02:35.0 (133162251)|VARIABLE_SCOPE_BEGIN|[14]|letra|String|false|false
14:02:35.0 (133172297)|VARIABLE_ASSIGNMENT|[14]|letra|"B"
14:02:35.0 (133177429)|STATEMENT_EXECUTE|[16]
14:02:35.0 (133180592)|HEAP_ALLOCATE|[16]|Bytes:23
14:02:35.0 (133185310)|VARIABLE_SCOPE_BEGIN|[16]|letras|String|false|false
14:02:35.0 (133195468)|VARIABLE_ASSIGNMENT|[16]|letras|"TRWAGMYFPDXBNJZSQVHL (3 more) ..."
14:02:35.0 (133199942)|STATEMENT_EXECUTE|[17]
14:02:35.0 (133205847)|METHOD_ENTRY|[17]||System.Matcher.group(Integer)
14:02:35.0 (133234894)|METHOD_EXIT|[17]||System.Matcher.group(Integer)
14:02:35.0 (133257907)|VARIABLE_SCOPE_BEGIN|[17]|dni|Integer|false|false
14:02:35.0 (133265273)|HEAP_ALLOCATE|[17]|Bytes:4
14:02:35.0 (133273349)|VARIABLE_ASSIGNMENT|[17]|dni|47898592
14:02:35.0 (133279224)|STATEMENT_EXECUTE|[18]
14:02:35.0 (133307928)|VARIABLE_SCOPE_BEGIN|[2]|Math.E|Double|false|true
14:02:35.0 (133316708)|VARIABLE_SCOPE_BEGIN|[3]|Math.PI|Double|false|true
14:02:35.0 (133329235)|HEAP_ALLOCATE|[18]|Bytes:206
14:02:35.0 (133339065)|SYSTEM_METHOD_ENTRY|[1]|Math.Math()
14:02:35.0 (133343168)|STATEMENT_EXECUTE|[1]
14:02:35.0 (133387004)|SYSTEM_METHOD_EXIT|[1]|Math
14:02:35.0 (133396657)|METHOD_ENTRY|[18]||System.Math.mod(Integer, Integer)
14:02:35.0 (133443471)|METHOD_EXIT|[18]||System.Math.mod(Integer, Integer)
14:02:35.0 (133449157)|HEAP_ALLOCATE|[18]|Bytes:4
14:02:35.0 (133456365)|VARIABLE_ASSIGNMENT|[18]|dni|11
14:02:35.0 (133461758)|STATEMENT_EXECUTE|[20]
14:02:35.0 (133485619)|HEAP_ALLOCATE|[20]|Bytes:1
14:02:35.0 (133496742)|VARIABLE_SCOPE_BEGIN|[20]|reference|String|false|false
14:02:35.0 (133507400)|VARIABLE_ASSIGNMENT|[20]|reference|"B"
14:02:35.0 (133531874)|STATEMENT_EXECUTE|[22]
14:02:35.0 (133533804)|STATEMENT_EXECUTE|[23]
14:02:35.0 (133537006)|HEAP_ALLOCATE|[23]|Bytes:21
14:02:35.0 (133541997)|HEAP_ALLOCATE|[23]|Bytes:1
14:02:35.0 (133550447)|HEAP_ALLOCATE|[23]|Bytes:24
14:02:35.0 (133566388)|USER_DEBUG|[23]|DEBUG|son iguales. Es NIF. B B
14:02:35.0 (133574853)|STATEMENT_EXECUTE|[24]
14:02:35.0 (133579795)|HEAP_ALLOCATE|[24]|Bytes:5
14:02:35.0 (133588780)|METHOD_EXIT|[8]|01p1r000009oduV|Utils.isNifNie(String)
14:02:35.0 (133595408)|STATEMENT_EXECUTE|[8]
14:02:35.0 (133605121)|HEAP_ALLOCATE|[7]|Bytes:5
14:02:35.0 (133618158)|VARIABLE_ASSIGNMENT|[7]|inContact|null|
14:02:35.0 (133625673)|SYSTEM_MODE_EXIT|false
14:02:35.0 (133633742)|METHOD_EXIT|[7]|01p1r000008aKc5|ContactMethods.ValidarNif(List<Contact>)
14:02:35.133 (133644747)|CUMULATIVE_LIMIT_USAGE
14:02:35.133 (133644747)|LIMIT_USAGE_FOR_NS|(default)|
  Number of SOQL queries: 1 out of 100
  Number of query rows: 1 out of 50000
  Number of SOSL queries: 0 out of 20
  Number of DML statements: 2 out of 150
  Number of DML rows: 2 out of 10000
  Maximum CPU time: 0 out of 10000
  Maximum heap size: 0 out of 6000000
  Number of callouts: 0 out of 100
  Number of Email Invocations: 0 out of 10
  Number of future calls: 0 out of 50
  Number of queueable jobs added to the queue: 0 out of 50
  Number of Mobile Apex push calls: 0 out of 10

14:02:35.133 (133644747)|CUMULATIVE_LIMIT_USAGE_END

14:02:35.0 (134805559)|CODE_UNIT_FINISHED|ContactTrigger on Contact trigger event BeforeInsert
14:02:35.0 (139423201)|CODE_UNIT_STARTED|[EXTERNAL]|DuplicateDetector
14:02:35.0 (139456254)|DUPLICATE_DETECTION_BEGIN
14:02:35.0 (139550239)|DUPLICATE_DETECTION_RULE_INVOCATION|DuplicateRuleId:0Bm1r0000018X89|DuplicateRuleName:Standard Contact Duplicate Rule|DmlType:INSERT
14:02:35.0 (165111827)|DUPLICATE_DETECTION_MATCH_INVOCATION_DETAILS|EntityType:Contact|ActionTaken:Allow_[Alert,Report]|DuplicateRecordIds:
14:02:35.0 (165141739)|DUPLICATE_DETECTION_MATCH_INVOCATION_SUMMARY|EntityType:Contact|NumRecordsToBeSaved:1|NumRecordsToBeSavedWithDuplicates:0|NumDuplicateRecordsFound:0
14:02:35.0 (165159621)|DUPLICATE_DETECTION_MATCH_INVOCATION_DETAILS|EntityType:Contact|ActionTaken:Allow_[Alert,Report]|DuplicateRecordIds:
14:02:35.0 (165170779)|DUPLICATE_DETECTION_MATCH_INVOCATION_SUMMARY|EntityType:Contact|NumRecordsToBeSaved:1|NumRecordsToBeSavedWithDuplicates:0|NumDuplicateRecordsFound:0
14:02:35.0 (165380912)|DUPLICATE_DETECTION_END
14:02:35.0 (165389513)|CODE_UNIT_FINISHED|DuplicateDetector
14:02:35.0 (182419902)|DML_END|[12]
14:02:35.0 (182454135)|STATEMENT_EXECUTE|[14]
14:02:35.0 (182511933)|HEAP_ALLOCATE|[14]|Bytes:4
14:02:35.0 (182661526)|HEAP_ALLOCATE|[14]|Bytes:4
14:02:35.0 (182739801)|HEAP_ALLOCATE|[14]|Bytes:28
14:02:35.0 (182827059)|VARIABLE_ASSIGNMENT|[14]|this.A_o_caducidad__c|2019|0x3595f8e0
14:02:35.0 (182898515)|VARIABLE_ASSIGNMENT|[14]|this.Contacto__c|"0031r000024jr4BAAQ"|0x3595f8e0
14:02:35.0 (182932899)|HEAP_ALLOCATE|[16]|Bytes:4
14:02:35.0 (182983210)|HEAP_ALLOCATE|[14]|Bytes:28
14:02:35.0 (182990554)|HEAP_ALLOCATE|[14]|Bytes:28
14:02:35.0 (183022324)|VARIABLE_ASSIGNMENT|[14]|this.Mes_de_caducidad__c|4|0x3595f8e0
14:02:35.0 (183038010)|HEAP_ALLOCATE|[17]|Bytes:16
14:02:35.0 (183066299)|VARIABLE_ASSIGNMENT|[14]|this.N_tarjeta__c|"1234567891234567"|0x3595f8e0
14:02:35.0 (183077041)|HEAP_ALLOCATE|[18]|Bytes:7
14:02:35.0 (183100083)|VARIABLE_ASSIGNMENT|[14]|this.Tarjeta__c|"Crédito"|0x3595f8e0
14:02:35.0 (183110719)|HEAP_ALLOCATE|[19]|Bytes:10
14:02:35.0 (183134637)|VARIABLE_ASSIGNMENT|[14]|this.Tipo_de_tarjeta__c|"MasterCard"|0x3595f8e0
14:02:35.0 (183145109)|HEAP_ALLOCATE|[20]|Bytes:8
14:02:35.0 (183171002)|VARIABLE_ASSIGNMENT|[14]|this.Name|"Tarjeta0"|0x3595f8e0
14:02:35.0 (183215445)|VARIABLE_ASSIGNMENT|[14]|this.OwnerId|"0051r00000894UtAAI"|0x3595f8e0
14:02:35.0 (183251399)|VARIABLE_SCOPE_BEGIN|[14]|oTarjeta|Tarjeta_de_cr_dito__c|true|false
14:02:35.0 (183291813)|VARIABLE_ASSIGNMENT|[14]|oTarjeta|{"A_o_caducidad__c":2019,"Contacto__c":"0031r000024jr4BAAQ","Mes_de_caducidad__c":4,"N_tarjeta__c":"1234567891234567","Tarjeta__c":"Crédito","Tipo_de_tarjeta__c":"MasterCard","Name":"Tarjeta0","OwnerId":"0051r00000894UtAAI"}|0x3595f8e0
14:02:35.0 (183302574)|STATEMENT_EXECUTE|[23]
14:02:35.0 (183323767)|HEAP_ALLOCATE|[23]|Bytes:8
14:02:35.0 (183331585)|DML_BEGIN|[23]|Op:Insert|Type:Tarjeta_de_cr_dito__c|Rows:1
14:02:35.0 (183363526)|HEAP_ALLOCATE|[EXTERNAL]|Bytes:8
14:02:35.0 (189794217)|CODE_UNIT_STARTED|[EXTERNAL]|01q1r000000j7QT|TarjetaTrigger on Tarjeta_de_cr_dito trigger event BeforeInsert
14:02:35.0 (189842355)|HEAP_ALLOCATE|[EXTERNAL]|Bytes:8
14:02:35.0 (189954795)|HEAP_ALLOCATE|[EXTERNAL]|Bytes:8
14:02:35.0 (189968407)|VARIABLE_SCOPE_BEGIN|[1]|this|TarjetaTrigger|true|false
14:02:35.0 (190025943)|VARIABLE_ASSIGNMENT|[1]|this|{}|0x2ec811db
14:02:35.0 (190103856)|HEAP_ALLOCATE|[EXTERNAL]|Bytes:8
14:02:35.0 (190113494)|VARIABLE_SCOPE_BEGIN|[1]|this|TarjetaTrigger|true|false
14:02:35.0 (190127879)|VARIABLE_ASSIGNMENT|[1]|this|{}|0x2ec811db
14:02:35.0 (190141677)|STATEMENT_EXECUTE|[1]
14:02:35.0 (190144273)|STATEMENT_EXECUTE|[3]
14:02:35.0 (190394251)|VARIABLE_ASSIGNMENT|[3]|this.listNew|[{"Tipo_de_tarjeta__c":"MasterCard","A_o_caducidad__c":2019,"Contacto__c":"0031r000024jr4BAAQ","IsDeleted":false,"OwnerId":"0051r00000894UtAAI","Mes_de_caducidad__c":4,"Tarjeta__c":"Crédito","Name":"Tarjeta0","N_tarjeta__c":"1234567891234567"}]|0x2ec811db
14:02:35.0 (190414362)|STATEMENT_EXECUTE|[5]
14:02:35.0 (190420411)|STATEMENT_EXECUTE|[6]
14:02:35.0 (190422265)|STATEMENT_EXECUTE|[7]
14:02:35.0 (191954727)|HEAP_ALLOCATE|[7]|Bytes:1
14:02:35.0 (191967283)|HEAP_ALLOCATE|[7]|Bytes:11
14:02:35.0 (191984643)|METHOD_ENTRY|[1]|01p1r000009oldq|TarjetaMethods.TarjetaMethods()
14:02:35.0 (191991515)|STATEMENT_EXECUTE|[1]
14:02:35.0 (191996543)|STATEMENT_EXECUTE|[1]
14:02:35.0 (192433053)|SYSTEM_MODE_ENTER|false
14:02:35.0 (192448091)|HEAP_ALLOCATE|[7]|Bytes:5
14:02:35.0 (192457643)|SYSTEM_MODE_EXIT|false
14:02:35.0 (192469760)|METHOD_EXIT|[1]|TarjetaMethods
14:02:35.0 (192494633)|METHOD_ENTRY|[7]|01p1r000009oldq|TarjetaMethods.CrearOportunidad(List<Tarjeta_de_cr_dito__c>)
14:02:35.0 (192545302)|VARIABLE_SCOPE_BEGIN|[3]|listTarjetas|List<Tarjeta_de_cr_dito__c>|true|false
14:02:35.0 (192659472)|VARIABLE_ASSIGNMENT|[3]|listTarjetas|[{"Tipo_de_tarjeta__c":"MasterCard","A_o_caducidad__c":2019,"Contacto__c":"0031r000024jr4BAAQ","IsDeleted":false,"OwnerId":"0051r00000894UtAAI","Mes_de_caducidad__c":4,"Tarjeta__c":"Crédito","Name":"Tarjeta0","N_tarjeta__c":"1234567891234567"}]|0x2652ba99
14:02:35.0 (192713594)|SYSTEM_MODE_ENTER|false
14:02:35.0 (192730517)|HEAP_ALLOCATE|[5]|Bytes:5
14:02:35.0 (192739755)|STATEMENT_EXECUTE|[3]
14:02:35.0 (192742810)|STATEMENT_EXECUTE|[5]
14:02:35.0 (192824369)|HEAP_ALLOCATE|[5]|Bytes:4
14:02:35.0 (192949961)|VARIABLE_SCOPE_BEGIN|[5]|listOpToInsert|List<Opportunity>|true|false
14:02:35.0 (192964829)|HEAP_ALLOCATE|[EXTERNAL]|Bytes:4
14:02:35.0 (192976148)|VARIABLE_ASSIGNMENT|[5]|listOpToInsert|[]|0xb3d185b
14:02:35.0 (193026739)|STATEMENT_EXECUTE|[7]
14:02:35.0 (193030172)|STATEMENT_EXECUTE|[9]
14:02:35.0 (193044887)|HEAP_ALLOCATE|[9]|Bytes:4
14:02:35.0 (193240575)|SOQL_EXECUTE_BEGIN|[9]|Aggregations:0|SELECT Alias FROM User WHERE Alias = 'test' LIMIT 1
14:02:35.0 (199696363)|SOQL_EXECUTE_END|[9]|Rows:1
14:02:35.0 (199721807)|HEAP_ALLOCATE|[9]|Bytes:8
14:02:35.0 (199746435)|HEAP_ALLOCATE|[9]|Bytes:42
14:02:35.0 (199778011)|HEAP_ALLOCATE|[9]|Bytes:8
14:02:35.0 (199804767)|HEAP_ALLOCATE|[9]|Bytes:12
14:02:35.0 (199813069)|VARIABLE_SCOPE_BEGIN|[9]|userAborda|User|true|false
14:02:35.0 (199836144)|VARIABLE_ASSIGNMENT|[9]|userAborda|{"Alias":"test","Id":"0051r00000894UtAAI"}|0x2cb528a1
14:02:35.0 (199845048)|STATEMENT_EXECUTE|[11]
14:02:35.0 (199849488)|HEAP_ALLOCATE|[11]|Bytes:46
14:02:35.0 (199921954)|HEAP_ALLOCATE|[11]|Bytes:40
14:02:35.0 (199964963)|HEAP_ALLOCATE|[11]|Bytes:86
14:02:35.0 (199986558)|USER_DEBUG|[11]|DEBUG|TarjetaMethods.CrearOportunidad :: userAborda User:{Alias=test, Id=0051r00000894UtAAI}
14:02:35.0 (200109256)|HEAP_ALLOCATE|[13]|Bytes:5
14:02:35.0 (200130118)|HEAP_ALLOCATE|[13]|Bytes:4
14:02:35.0 (200139056)|VARIABLE_SCOPE_BEGIN|[13]|inTarjeta|Tarjeta_de_cr_dito__c|true|false
14:02:35.0 (200289544)|VARIABLE_ASSIGNMENT|[13]|inTarjeta|{"Tipo_de_tarjeta__c":"MasterCard","A_o_caducidad__c":2019,"Contacto__c":"0031r000024jr4BAAQ","IsDeleted":false,"OwnerId":"0051r00000894UtAAI","Mes_de_caducidad__c":4,"Tarjeta__c":"Crédito","Name":"Tarjeta0","N_tarjeta__c":"1234567891234567"}|0x9fe930c
14:02:35.0 (200302178)|STATEMENT_EXECUTE|[13]
14:02:35.0 (200372390)|STATEMENT_EXECUTE|[16]
14:02:35.0 (200375041)|STATEMENT_EXECUTE|[18]
14:02:35.0 (200379285)|HEAP_ALLOCATE|[18]|Bytes:67
14:02:35.0 (200394856)|HEAP_ALLOCATE|[18]|Bytes:4
14:02:35.0 (200403707)|HEAP_ALLOCATE|[18]|Bytes:7
14:02:35.0 (200629732)|SOQL_EXECUTE_BEGIN|[18]|Aggregations:0|SELECT Name, Premium__c, AccountId FROM Contact WHERE Id = :tmpVar1
14:02:35.0 (204598407)|SOQL_EXECUTE_END|[18]|Rows:1
14:02:35.0 (204620450)|HEAP_ALLOCATE|[18]|Bytes:8
14:02:35.0 (204636107)|HEAP_ALLOCATE|[18]|Bytes:101
14:02:35.0 (204667162)|HEAP_ALLOCATE|[18]|Bytes:8
14:02:35.0 (204679688)|HEAP_ALLOCATE|[18]|Bytes:33
14:02:35.0 (204694822)|HEAP_ALLOCATE|[18]|Bytes:20
14:02:35.0 (204703104)|VARIABLE_SCOPE_BEGIN|[18]|oContacto|Contact|true|false
14:02:35.0 (204724726)|VARIABLE_ASSIGNMENT|[18]|oContacto|{"Name":"ContactoPrueba0","Premium__c":true,"AccountId":"0011r00001nnSckAAE","Id":"0031r000024jr4BAAQ"}|0x40ea9aed
14:02:35.0 (204736906)|STATEMENT_EXECUTE|[20]
14:02:35.0 (204745181)|HEAP_ALLOCATE|[20]|Bytes:45
14:02:35.0 (204836991)|HEAP_ALLOCATE|[20]|Bytes:100
14:02:35.0 (204855549)|HEAP_ALLOCATE|[20]|Bytes:145
14:02:35.0 (204868655)|USER_DEBUG|[20]|DEBUG|TarjetaMethods.CrearOportunidad :: oContacto Contact:{Name=ContactoPrueba0, Premium__c=true, AccountId=0011r00001nnSckAAE, Id=0031r000024jr4BAAQ}
14:02:35.0 (204896342)|STATEMENT_EXECUTE|[23]
14:02:35.0 (204898685)|STATEMENT_EXECUTE|[25]
14:02:35.0 (204921025)|HEAP_ALLOCATE|[25]|Bytes:4
14:02:35.0 (205046486)|VARIABLE_SCOPE_BEGIN|[25]|oOpportunity|Opportunity|true|false
14:02:35.0 (205069179)|VARIABLE_ASSIGNMENT|[25]|oOpportunity|{}|0x7c1356fb
14:02:35.0 (205076802)|STATEMENT_EXECUTE|[27]
14:02:35.0 (205164122)|VARIABLE_ASSIGNMENT|[27]|this.Name|"ContactoPrueba0"|0x7c1356fb
14:02:35.0 (205172194)|STATEMENT_EXECUTE|[28]
14:02:35.0 (205199571)|HEAP_ALLOCATE|[28]|Bytes:28
14:02:35.0 (205212140)|HEAP_ALLOCATE|[28]|Bytes:8
14:02:35.0 (205226617)|HEAP_ALLOCATE|[28]|Bytes:28
14:02:35.0 (205231512)|HEAP_ALLOCATE|[28]|Bytes:8
14:02:35.0 (205279344)|HEAP_ALLOCATE|[28]|Bytes:4
14:02:35.0 (205350297)|VARIABLE_ASSIGNMENT|[28]|this.CloseDate|"2019-01-04T00:00:00.000Z"|0x7c1356fb
14:02:35.0 (205362873)|STATEMENT_EXECUTE|[29]
14:02:35.0 (205368304)|HEAP_ALLOCATE|[29]|Bytes:11
14:02:35.0 (205397645)|VARIABLE_ASSIGNMENT|[29]|this.StageName|"No iniciado"|0x7c1356fb
14:02:35.0 (205404298)|STATEMENT_EXECUTE|[30]
14:02:35.0 (205442659)|VARIABLE_ASSIGNMENT|[30]|this.AccountId|"0011r00001nnSckAAE"|0x7c1356fb
14:02:35.0 (205449723)|STATEMENT_EXECUTE|[32]
14:02:35.0 (205453070)|HEAP_ALLOCATE|[32]|Bytes:48
14:02:35.0 (205529123)|HEAP_ALLOCATE|[32]|Bytes:118
14:02:35.0 (205552109)|HEAP_ALLOCATE|[32]|Bytes:166
14:02:35.0 (205567572)|USER_DEBUG|[32]|DEBUG|TarjetaMethods.CrearOportunidad :: oOpportunity Opportunity:{Name=ContactoPrueba0, CloseDate=2019-01-04 00:00:00, StageName=No iniciado, AccountId=0011r00001nnSckAAE}
14:02:35.0 (205582011)|STATEMENT_EXECUTE|[34]
14:02:35.0 (205615861)|HEAP_ALLOCATE|[EXTERNAL]|Bytes:4
14:02:35.0 (205639706)|HEAP_ALLOCATE|[13]|Bytes:5
14:02:35.0 (205662884)|VARIABLE_ASSIGNMENT|[13]|inTarjeta|null|
14:02:35.0 (205673658)|STATEMENT_EXECUTE|[45]
14:02:35.0 (205728250)|DML_BEGIN|[45]|Op:Insert|Type:Opportunity|Rows:1
14:02:35.0 (205760368)|HEAP_ALLOCATE|[EXTERNAL]|Bytes:8
14:02:35.0 (239968664)|CODE_UNIT_STARTED|[EXTERNAL]|01q1r000000Bcgl|ClosedOpportunityTrigger on Opportunity trigger event AfterInsert
14:02:35.0 (240018760)|HEAP_ALLOCATE|[EXTERNAL]|Bytes:8
14:02:35.0 (240222045)|HEAP_ALLOCATE|[EXTERNAL]|Bytes:8
14:02:35.0 (240236115)|VARIABLE_SCOPE_BEGIN|[1]|this|ClosedOpportunityTrigger|true|false
14:02:35.0 (240309827)|VARIABLE_ASSIGNMENT|[1]|this|{}|0x3a609724
14:02:35.0 (240375447)|HEAP_ALLOCATE|[EXTERNAL]|Bytes:8
14:02:35.0 (240391474)|VARIABLE_SCOPE_BEGIN|[1]|this|ClosedOpportunityTrigger|true|false
14:02:35.0 (240412229)|VARIABLE_ASSIGNMENT|[1]|this|{}|0x3a609724
14:02:35.0 (240424796)|STATEMENT_EXECUTE|[1]
14:02:35.0 (240427571)|STATEMENT_EXECUTE|[3]
14:02:35.0 (240478290)|HEAP_ALLOCATE|[3]|Bytes:4
14:02:35.0 (240591881)|HEAP_ALLOCATE|[EXTERNAL]|Bytes:4
14:02:35.0 (240606760)|VARIABLE_ASSIGNMENT|[3]|this.taskList|[]|0x3a609724
14:02:35.0 (240617316)|HEAP_ALLOCATE|[5]|Bytes:89
14:02:35.0 (240636784)|HEAP_ALLOCATE|[5]|Bytes:4
14:02:35.0 (240988545)|SOQL_EXECUTE_BEGIN|[5]|Aggregations:0|SELECT Id, StageName FROM Opportunity 
14:02:35.0 (246782510)|SOQL_EXECUTE_END|[5]|Rows:0
14:02:35.0 (246955864)|HEAP_ALLOCATE|[5]|Bytes:54
14:02:35.0 (246970634)|HEAP_ALLOCATE|[5]|Bytes:8
14:02:35.0 (247007557)|SYSTEM_METHOD_ENTRY|[7]|QueryLocatorIterator.QueryLocatorIterator()
14:02:35.0 (247017592)|STATEMENT_EXECUTE|[7]
14:02:35.0 (247031229)|SYSTEM_METHOD_EXIT|[7]|QueryLocatorIterator
14:02:35.0 (247043893)|HEAP_ALLOCATE|[5]|Bytes:28
14:02:35.0 (247079574)|HEAP_ALLOCATE|[5]|Bytes:8
14:02:35.0 (247084060)|HEAP_ALLOCATE|[5]|Bytes:8
14:02:35.0 (247090447)|VARIABLE_SCOPE_BEGIN|[15]|this|Database.QueryLocatorIterator|true|false
14:02:35.0 (247119895)|VARIABLE_ASSIGNMENT|[15]|this|{}|0x39617fec
14:02:35.0 (247129234)|VARIABLE_SCOPE_BEGIN|[15]|values|List<SObject>|true|false
14:02:35.0 (247142774)|VARIABLE_ASSIGNMENT|[15]|values|null|
14:02:35.0 (247150580)|VARIABLE_SCOPE_BEGIN|[15]|ql|Database.QueryLocator|true|false
14:02:35.0 (247177052)|VARIABLE_ASSIGNMENT|[15]|ql|{"query":"SELECT Id, StageName (69 more) ..."}|0x7308e1c7
14:02:35.0 (247186543)|VARIABLE_SCOPE_BEGIN|[15]|totalNumRecords|Integer|false|false
14:02:35.0 (247197974)|VARIABLE_ASSIGNMENT|[15]|totalNumRecords|0
14:02:35.0 (247205769)|VARIABLE_SCOPE_BEGIN|[15]|queryMoreSize|Integer|false|false
14:02:35.0 (247216856)|VARIABLE_ASSIGNMENT|[15]|queryMoreSize|49997
14:02:35.0 (247292254)|HEAP_ALLOCATE|[5]|Bytes:28
14:02:35.0 (247318322)|METHOD_ENTRY|[5]||Database.QueryLocatorIterator.hasNext()
14:02:35.0 (247349703)|METHOD_EXIT|[5]||Database.QueryLocatorIterator.hasNext()
14:02:35.0 (247360898)|VARIABLE_ASSIGNMENT|[5]|opp|null|
14:02:35.0 (247367876)|STATEMENT_EXECUTE|[5]
14:02:35.0 (247448360)|STATEMENT_EXECUTE|[12]
14:02:35.247 (247455836)|CUMULATIVE_LIMIT_USAGE
14:02:35.247 (247455836)|LIMIT_USAGE_FOR_NS|(default)|
  Number of SOQL queries: 4 out of 100
  Number of query rows: 3 out of 50000
  Number of SOSL queries: 0 out of 20
  Number of DML statements: 4 out of 150
  Number of DML rows: 4 out of 10000
  Maximum CPU time: 0 out of 10000
  Maximum heap size: 0 out of 6000000
  Number of callouts: 0 out of 100
  Number of Email Invocations: 0 out of 10
  Number of future calls: 0 out of 50
  Number of queueable jobs added to the queue: 0 out of 50
  Number of Mobile Apex push calls: 0 out of 10

14:02:35.247 (247455836)|CUMULATIVE_LIMIT_USAGE_END

14:02:35.0 (248538351)|CODE_UNIT_FINISHED|ClosedOpportunityTrigger on Opportunity trigger event AfterInsert
14:02:35.0 (249541647)|DML_END|[45]
14:02:35.0 (249596508)|HEAP_ALLOCATE|[EXTERNAL]|Bytes:8
14:02:35.0 (249614683)|STATEMENT_EXECUTE|[46]
14:02:35.0 (249621898)|HEAP_ALLOCATE|[46]|Bytes:50
14:02:35.0 (249756449)|HEAP_ALLOCATE|[46]|Bytes:143
14:02:35.0 (249778130)|HEAP_ALLOCATE|[46]|Bytes:193
14:02:35.0 (249809842)|USER_DEBUG|[46]|DEBUG|TarjetaMethods.CrearOportunidad :: listOpToInsert (Opportunity:{Name=ContactoPrueba0, CloseDate=2019-01-04 00:00:00, StageName=No iniciado, AccountId=0011r00001nnSckAAE, Id=0061r00000vk1dVAAQ})
14:02:35.0 (249834183)|SYSTEM_MODE_EXIT|false
14:02:35.0 (249849908)|METHOD_EXIT|[7]|01p1r000009oldq|TarjetaMethods.CrearOportunidad(List<Tarjeta_de_cr_dito__c>)
14:02:35.249 (249864351)|CUMULATIVE_LIMIT_USAGE
14:02:35.249 (249864351)|LIMIT_USAGE_FOR_NS|(default)|
  Number of SOQL queries: 4 out of 100
  Number of query rows: 3 out of 50000
  Number of SOSL queries: 0 out of 20
  Number of DML statements: 4 out of 150
  Number of DML rows: 4 out of 10000
  Maximum CPU time: 0 out of 10000
  Maximum heap size: 0 out of 6000000
  Number of callouts: 0 out of 100
  Number of Email Invocations: 0 out of 10
  Number of future calls: 0 out of 50
  Number of queueable jobs added to the queue: 0 out of 50
  Number of Mobile Apex push calls: 0 out of 10

14:02:35.249 (249864351)|CUMULATIVE_LIMIT_USAGE_END

14:02:35.0 (251181811)|CODE_UNIT_FINISHED|TarjetaTrigger on Tarjeta_de_cr_dito trigger event BeforeInsert
14:02:35.0 (254940165)|CODE_UNIT_STARTED|[EXTERNAL]|Validation:Tarjeta_de_cr_dito:new
14:02:35.0 (254957173)|VALIDATION_RULE|03d1r000000i476|ValidarAno
14:02:35.0 (255219108)|VALIDATION_FORMULA|(A_o_caducidad__c<YEAR(TODAY())) &#124;&#124; 
(A_o_caducidad__c>YEAR(TODAY())+5)|A_o_caducidad__c=2019
14:02:35.0 (255245661)|VALIDATION_PASS
14:02:35.0 (255248884)|VALIDATION_RULE|03d1r000000i47B|ValidarFecha
14:02:35.0 (255417060)|VALIDATION_FORMULA|Mes_de_caducidad__c <   MONTH(TODAY()) && 
A_o_caducidad__c <= YEAR(TODAY())|A_o_caducidad__c=2019 , Mes_de_caducidad__c=4
14:02:35.0 (255425551)|VALIDATION_PASS
14:02:35.0 (255428262)|VALIDATION_RULE|03d1r000000i46X|ValidarMes
14:02:35.0 (255521350)|VALIDATION_FORMULA|(Mes_de_caducidad__c  < 1)  &#124;&#124;  (Mes_de_caducidad__c  > 12)|Mes_de_caducidad__c=4
14:02:35.0 (255528268)|VALIDATION_PASS
14:02:35.0 (255564662)|CODE_UNIT_FINISHED|Validation:Tarjeta_de_cr_dito:new
14:02:35.0 (273850939)|DML_END|[23]
14:02:35.0 (273887183)|STATEMENT_EXECUTE|[27]
14:02:35.0 (273901434)|HEAP_ALLOCATE|[27]|Bytes:83
14:02:35.0 (273947342)|HEAP_ALLOCATE|[27]|Bytes:4
14:02:35.0 (274334988)|SOQL_EXECUTE_BEGIN|[27]|Aggregations:0|SELECT Name, CloseDate, StageName, AccountId FROM Opportunity WHERE Name = :tmpVar1
14:02:35.0 (277153469)|SOQL_EXECUTE_END|[27]|Rows:0
14:02:35.0 (277179790)|HEAP_ALLOCATE|[27]|Bytes:4
14:02:35.0 (277190178)|HEAP_ALLOCATE|[27]|Bytes:0
14:02:35.0 (277233859)|HEAP_ALLOCATE|[27]|Bytes:4
14:02:35.0 (277248629)|VARIABLE_SCOPE_BEGIN|[27]|listOpportunity|List<Opportunity>|true|false
14:02:35.0 (277290209)|VARIABLE_ASSIGNMENT|[27]|listOpportunity|[]|0xf73453e
14:02:35.0 (277303393)|STATEMENT_EXECUTE|[30]
14:02:35.0 (277311512)|HEAP_ALLOCATE|[30]|Bytes:52
14:02:35.0 (277375001)|HEAP_ALLOCATE|[30]|Bytes:2
14:02:35.0 (277392479)|HEAP_ALLOCATE|[30]|Bytes:54
14:02:35.0 (277408656)|USER_DEBUG|[30]|DEBUG|TarjetaTest.testCrearOportunidad.listOpportunity :: ()
14:02:35.0 (277418685)|STATEMENT_EXECUTE|[32]
14:02:35.0 (277516678)|HEAP_ALLOCATE|[32]|Bytes:31
14:02:35.0 (277598680)|FATAL_ERROR|System.ListException: List index out of bounds: 0

Class.TarjetaTest.testCrearOportunidad: line 32, column 1
14:02:35.0 (277608254)|FATAL_ERROR|System.ListException: List index out of bounds: 0

Class.TarjetaTest.testCrearOportunidad: line 32, column 1
14:02:35.277 (277614315)|CUMULATIVE_LIMIT_USAGE
14:02:35.277 (277614315)|LIMIT_USAGE_FOR_NS|(default)|
  Number of SOQL queries: 5 out of 100
  Number of query rows: 3 out of 50000
  Number of SOSL queries: 0 out of 20
  Number of DML statements: 4 out of 150
  Number of DML rows: 4 out of 10000
  Maximum CPU time: 0 out of 10000
  Maximum heap size: 0 out of 6000000
  Number of callouts: 0 out of 100
  Number of Email Invocations: 0 out of 10
  Number of future calls: 0 out of 50
  Number of queueable jobs added to the queue: 0 out of 50
  Number of Mobile Apex push calls: 0 out of 10

14:02:35.277 (277614315)|CUMULATIVE_LIMIT_USAGE_END

14:02:35.0 (277649785)|CODE_UNIT_FINISHED|TarjetaTest.testCrearOportunidad
14:02:35.0 (278565860)|EXECUTION_FINISHED
14:02:35.408 (408393202)|USER_INFO|[EXTERNAL]|0051r000007Oz5Q|lydia.abril@gmail.com|hora estándar de Europa central|GMT+02:00
14:02:35.408 (408420284)|EXECUTION_STARTED
14:02:35.408 (408424510)|CODE_UNIT_STARTED|[EXTERNAL]|DuplicateDetector
14:02:35.408 (408437597)|DUPLICATE_DETECTION_BEGIN
14:02:35.408 (408511706)|DUPLICATE_DETECTION_RULE_INVOCATION|DuplicateRuleId:0Bm1r0000018X89|DuplicateRuleName:Standard Contact Duplicate Rule|DmlType:INSERT
14:02:35.408 (420568981)|DUPLICATE_DETECTION_END
14:02:35.408 (420581640)|CODE_UNIT_FINISHED|DuplicateDetector
14:02:35.408 (421611968)|EXECUTION_FINISHED
14:02:35.423 (423369817)|USER_INFO|[EXTERNAL]|0051r000007Oz5Q|lydia.abril@gmail.com|hora estándar de Europa central|GMT+02:00
14:02:35.423 (423391088)|EXECUTION_STARTED
14:02:35.423 (423394931)|CODE_UNIT_STARTED|[EXTERNAL]|DuplicateDetector
14:02:35.423 (423405112)|DUPLICATE_DETECTION_BEGIN
14:02:35.423 (423452735)|DUPLICATE_DETECTION_RULE_INVOCATION|DuplicateRuleId:0Bm1r0000018X88|DuplicateRuleName:Standard Account Duplicate Rule|DmlType:INSERT
14:02:35.423 (431664697)|DUPLICATE_DETECTION_END
14:02:35.423 (431703578)|CODE_UNIT_FINISHED|DuplicateDetector
14:02:35.423 (432813699)|EXECUTION_FINISHED
