36.0 APEX_CODE,FINEST;APEX_PROFILING,INFO;CALLOUT,INFO;DB,INFO;SYSTEM,DEBUG;VALIDATION,INFO;VISUALFORCE,INFO;WAVE,INFO;WORKFLOW,INFO
10:49:08.0 (108495)|USER_INFO|[EXTERNAL]|0051r000007Oz5Q|lydia.abril@gmail.com|hora estándar de Europa central|GMT+02:00
10:49:08.0 (187856)|EXECUTION_STARTED
10:49:08.0 (195789)|CODE_UNIT_STARTED|[EXTERNAL]|TRIGGERS
10:49:08.0 (1503619)|CODE_UNIT_STARTED|[EXTERNAL]|01q1r000000j3dJ|PasajeroTrigger on Pasajero trigger event BeforeInsert
10:49:08.0 (1568233)|HEAP_ALLOCATE|[EXTERNAL]|Bytes:8
10:49:08.0 (2010824)|HEAP_ALLOCATE|[72]|Bytes:3
10:49:08.0 (2070649)|HEAP_ALLOCATE|[77]|Bytes:152
10:49:08.0 (2093240)|HEAP_ALLOCATE|[342]|Bytes:408
10:49:08.0 (2117709)|HEAP_ALLOCATE|[355]|Bytes:408
10:49:08.0 (2137631)|HEAP_ALLOCATE|[467]|Bytes:48
10:49:08.0 (2209622)|HEAP_ALLOCATE|[139]|Bytes:6
10:49:08.0 (2246278)|HEAP_ALLOCATE|[EXTERNAL]|Bytes:8
10:49:08.0 (2268167)|VARIABLE_SCOPE_BEGIN|[1]|this|PasajeroTrigger|true|false
10:49:08.0 (2322594)|VARIABLE_ASSIGNMENT|[1]|this|{}|0x685d0a8d
10:49:08.0 (2411628)|HEAP_ALLOCATE|[EXTERNAL]|Bytes:8
10:49:08.0 (2433033)|VARIABLE_SCOPE_BEGIN|[1]|this|PasajeroTrigger|true|false
10:49:08.0 (2449954)|VARIABLE_ASSIGNMENT|[1]|this|{}|0x685d0a8d
10:49:08.0 (2463895)|STATEMENT_EXECUTE|[1]
10:49:08.0 (2466265)|STATEMENT_EXECUTE|[4]
10:49:08.0 (2500721)|HEAP_ALLOCATE|[50]|Bytes:5
10:49:08.0 (2528818)|HEAP_ALLOCATE|[56]|Bytes:5
10:49:08.0 (2538439)|HEAP_ALLOCATE|[64]|Bytes:7
10:49:08.0 (3203603)|VARIABLE_ASSIGNMENT|[4]|this.listNew|[{"IsDeleted":false,"Nombre_pasajero__c":"aaaaa","Edad__c":12,"Nif__c":"11111111b","Reserva__c":"a001r00000oUEbDAAW","Name":"aaaaaa"}]|0x685d0a8d
10:49:08.0 (3240309)|STATEMENT_EXECUTE|[7]
10:49:08.0 (3251051)|STATEMENT_EXECUTE|[8]
10:49:08.0 (3253266)|STATEMENT_EXECUTE|[9]
10:49:08.0 (3377788)|HEAP_ALLOCATE|[9]|Bytes:7
10:49:08.0 (3391770)|HEAP_ALLOCATE|[9]|Bytes:2
10:49:08.0 (3440500)|METHOD_ENTRY|[1]|01p1r000008Zry1|PasajeroMethods.PasajeroMethods()
10:49:08.0 (3453197)|STATEMENT_EXECUTE|[1]
10:49:08.0 (3460215)|STATEMENT_EXECUTE|[1]
10:49:08.0 (3857749)|SYSTEM_MODE_ENTER|false
10:49:08.0 (3876694)|HEAP_ALLOCATE|[9]|Bytes:5
10:49:08.0 (3889781)|SYSTEM_MODE_EXIT|false
10:49:08.0 (19209027)|METHOD_EXIT|[1]|PasajeroMethods
10:49:08.0 (19263995)|METHOD_ENTRY|[9]|01p1r000008Zry1|PasajeroMethods.ValidarNif(List<Pasajero__c>)
10:49:08.0 (19321568)|VARIABLE_SCOPE_BEGIN|[65]|listNew|List<Pasajero__c>|true|false
10:49:08.0 (19525989)|VARIABLE_ASSIGNMENT|[65]|listNew|[{"IsDeleted":false,"Nombre_pasajero__c":"aaaaa","Edad__c":12,"Nif__c":"11111111b","Reserva__c":"a001r00000oUEbDAAW","Name":"aaaaaa"}]|0x35476885
10:49:08.0 (19551048)|SYSTEM_MODE_ENTER|false
10:49:08.0 (19559495)|HEAP_ALLOCATE|[67]|Bytes:5
10:49:08.0 (19568028)|STATEMENT_EXECUTE|[65]
10:49:08.0 (19714018)|STATEMENT_EXECUTE|[67]
10:49:08.0 (19718349)|STATEMENT_EXECUTE|[70]
10:49:08.0 (19723339)|HEAP_ALLOCATE|[70]|Bytes:30
10:49:08.0 (19745368)|HEAP_ALLOCATE|[70]|Bytes:4
10:49:08.0 (19948350)|SOQL_EXECUTE_BEGIN|[70]|Aggregations:0|SELECT Nif__c FROM Pasajero__c
10:49:08.0 (23704744)|SOQL_EXECUTE_END|[70]|Rows:3
10:49:08.0 (23736230)|HEAP_ALLOCATE|[70]|Bytes:16
10:49:08.0 (23762449)|HEAP_ALLOCATE|[70]|Bytes:144
10:49:08.0 (23814976)|HEAP_ALLOCATE|[70]|Bytes:16
10:49:08.0 (23836761)|VARIABLE_SCOPE_BEGIN|[70]|listPasajero|List<Pasajero__c>|true|false
10:49:08.0 (23882277)|VARIABLE_ASSIGNMENT|[70]|listPasajero|[{"Nif__c":"987654765","Id":"a021r00000dd60CAAQ"},{"Nif__c":"111222333","Id":"a021r00000dd5yHAAQ"},{"Nif__c":"111111111","Id":"a021r00000dd5xYAAQ"}]|0x224980ff
10:49:08.0 (23897030)|STATEMENT_EXECUTE|[72]
10:49:08.0 (23910241)|HEAP_ALLOCATE|[72]|Bytes:4
10:49:08.0 (41420497)|VARIABLE_SCOPE_BEGIN|[72]|listPasajeroNif|List<String>|true|false
10:49:08.0 (41491309)|HEAP_ALLOCATE|[EXTERNAL]|Bytes:4
10:49:08.0 (41536101)|VARIABLE_ASSIGNMENT|[72]|listPasajeroNif|[]|0x7cfca5da
10:49:08.0 (41837074)|HEAP_ALLOCATE|[74]|Bytes:5
10:49:08.0 (41901795)|HEAP_ALLOCATE|[74]|Bytes:12
10:49:08.0 (41935000)|VARIABLE_SCOPE_BEGIN|[74]|inPasajero|Pasajero__c|true|false
10:49:08.0 (41970623)|VARIABLE_ASSIGNMENT|[74]|inPasajero|{"Nif__c":"987654765","Id":"a021r00000dd60CAAQ"}|0x5662337e
10:49:08.0 (41991840)|STATEMENT_EXECUTE|[74]
10:49:08.0 (41995691)|STATEMENT_EXECUTE|[75]
10:49:08.0 (42089315)|HEAP_ALLOCATE|[EXTERNAL]|Bytes:4
10:49:08.0 (42113207)|HEAP_ALLOCATE|[74]|Bytes:5
10:49:08.0 (42132426)|HEAP_ALLOCATE|[74]|Bytes:12
10:49:08.0 (42142819)|VARIABLE_SCOPE_BEGIN|[74]|inPasajero|Pasajero__c|true|false
10:49:08.0 (42163697)|VARIABLE_ASSIGNMENT|[74]|inPasajero|{"Nif__c":"111222333","Id":"a021r00000dd5yHAAQ"}|0x38c20f35
10:49:08.0 (42174236)|STATEMENT_EXECUTE|[74]
10:49:08.0 (42176913)|STATEMENT_EXECUTE|[75]
10:49:08.0 (42197939)|HEAP_ALLOCATE|[EXTERNAL]|Bytes:4
10:49:08.0 (42219260)|HEAP_ALLOCATE|[74]|Bytes:5
10:49:08.0 (42239168)|HEAP_ALLOCATE|[74]|Bytes:12
10:49:08.0 (42250678)|VARIABLE_SCOPE_BEGIN|[74]|inPasajero|Pasajero__c|true|false
10:49:08.0 (42269869)|VARIABLE_ASSIGNMENT|[74]|inPasajero|{"Nif__c":"111111111","Id":"a021r00000dd5xYAAQ"}|0x2189bf82
10:49:08.0 (42282653)|STATEMENT_EXECUTE|[74]
10:49:08.0 (42285092)|STATEMENT_EXECUTE|[75]
10:49:08.0 (42299511)|HEAP_ALLOCATE|[EXTERNAL]|Bytes:4
10:49:08.0 (42317534)|HEAP_ALLOCATE|[74]|Bytes:5
10:49:08.0 (42333884)|VARIABLE_ASSIGNMENT|[74]|inPasajero|null|
10:49:08.0 (42383478)|HEAP_ALLOCATE|[79]|Bytes:5
10:49:08.0 (42404658)|HEAP_ALLOCATE|[79]|Bytes:4
10:49:08.0 (42414925)|VARIABLE_SCOPE_BEGIN|[79]|inPasajero|Pasajero__c|true|false
10:49:08.0 (42690348)|VARIABLE_ASSIGNMENT|[79]|inPasajero|{"IsDeleted":false,"Nombre_pasajero__c":"aaaaa","Edad__c":12,"Nif__c":"11111111b","Reserva__c":"a001r00000oUEbDAAW","Name":"aaaaaa"}|0x73745f95
10:49:08.0 (42706417)|STATEMENT_EXECUTE|[79]
10:49:08.0 (42820499)|STATEMENT_EXECUTE|[82]
10:49:08.0 (42827648)|STATEMENT_EXECUTE|[87]
10:49:08.0 (42891497)|HEAP_ALLOCATE|[87]|Bytes:8
10:49:08.0 (42914616)|VARIABLE_SCOPE_BEGIN|[87]|numerosNif|String|false|false
10:49:08.0 (42938861)|VARIABLE_ASSIGNMENT|[87]|numerosNif|"11111111"
10:49:08.0 (43029200)|STATEMENT_EXECUTE|[89]
10:49:08.0 (43037195)|STATEMENT_EXECUTE|[94]
10:49:08.0 (43089006)|VARIABLE_SCOPE_BEGIN|[94]|letraNif|String|false|false
10:49:08.0 (43107939)|VARIABLE_ASSIGNMENT|[94]|letraNif|""
10:49:08.0 (43152688)|STATEMENT_EXECUTE|[96]
10:49:08.0 (43157303)|STATEMENT_EXECUTE|[97]
10:49:08.0 (43162265)|HEAP_ALLOCATE|[97]|Bytes:21
10:49:08.0 (43256968)|HEAP_ALLOCATE|[79]|Bytes:5
10:49:08.0 (43278778)|VARIABLE_ASSIGNMENT|[79]|inPasajero|null|
10:49:08.0 (43292689)|SYSTEM_MODE_EXIT|false
10:49:08.0 (43310689)|METHOD_EXIT|[9]|01p1r000008Zry1|PasajeroMethods.ValidarNif(List<Pasajero__c>)
10:49:08.0 (43321841)|STATEMENT_EXECUTE|[10]
10:49:08.0 (43345035)|METHOD_ENTRY|[10]|01p1r000008Zry1|PasajeroMethods.RellenarContacto(List<Pasajero__c>)
10:49:08.0 (43371825)|VARIABLE_SCOPE_BEGIN|[33]|listPasajeros|List<Pasajero__c>|true|false
10:49:08.0 (43502200)|VARIABLE_ASSIGNMENT|[33]|listPasajeros|[{"IsDeleted":false,"Nombre_pasajero__c":"aaaaa","Edad__c":12,"Nif__c":"11111111b","Reserva__c":"a001r00000oUEbDAAW","Name":"aaaaaa"}]|0x35476885
10:49:08.0 (43533693)|SYSTEM_MODE_ENTER|false
10:49:08.0 (43544964)|HEAP_ALLOCATE|[35]|Bytes:5
10:49:08.0 (43554679)|STATEMENT_EXECUTE|[33]
10:49:08.0 (43590173)|STATEMENT_EXECUTE|[35]
10:49:08.0 (43593940)|STATEMENT_EXECUTE|[38]
10:49:08.0 (43607422)|HEAP_ALLOCATE|[38]|Bytes:4
10:49:08.0 (43632017)|VARIABLE_SCOPE_BEGIN|[38]|listNifs|List<String>|true|false
10:49:08.0 (43655752)|HEAP_ALLOCATE|[EXTERNAL]|Bytes:4
10:49:08.0 (43667111)|VARIABLE_ASSIGNMENT|[38]|listNifs|[]|0x70c0a8fb
10:49:08.0 (43700226)|HEAP_ALLOCATE|[40]|Bytes:5
10:49:08.0 (43715101)|HEAP_ALLOCATE|[40]|Bytes:4
10:49:08.0 (43722175)|VARIABLE_SCOPE_BEGIN|[40]|inPasajero|Pasajero__c|true|false
10:49:08.0 (43822173)|VARIABLE_ASSIGNMENT|[40]|inPasajero|{"IsDeleted":false,"Nombre_pasajero__c":"aaaaa","Edad__c":12,"Nif__c":"11111111b","Reserva__c":"a001r00000oUEbDAAW","Name":"aaaaaa"}|0x73745f95
10:49:08.0 (43832774)|STATEMENT_EXECUTE|[40]
10:49:08.0 (43834804)|STATEMENT_EXECUTE|[41]
10:49:08.0 (43867583)|HEAP_ALLOCATE|[EXTERNAL]|Bytes:4
10:49:08.0 (43880600)|STATEMENT_EXECUTE|[43]
10:49:08.0 (43962119)|USER_DEBUG|[43]|DEBUG|11111111b
10:49:08.0 (43990110)|HEAP_ALLOCATE|[40]|Bytes:5
10:49:08.0 (44010666)|VARIABLE_ASSIGNMENT|[40]|inPasajero|null|
10:49:08.0 (44024969)|SYSTEM_MODE_EXIT|false
10:49:08.0 (44039300)|METHOD_EXIT|[10]|01p1r000008Zry1|PasajeroMethods.RellenarContacto(List<Pasajero__c>)
10:49:08.44 (44105431)|CUMULATIVE_LIMIT_USAGE
10:49:08.44 (44105431)|LIMIT_USAGE_FOR_NS|(default)|
  Number of SOQL queries: 1 out of 100
  Number of query rows: 3 out of 50000
  Number of SOSL queries: 0 out of 20
  Number of DML statements: 0 out of 150
  Number of DML rows: 0 out of 10000
  Maximum CPU time: 0 out of 10000
  Maximum heap size: 0 out of 6000000
  Number of callouts: 0 out of 100
  Number of Email Invocations: 0 out of 10
  Number of future calls: 0 out of 50
  Number of queueable jobs added to the queue: 0 out of 50
  Number of Mobile Apex push calls: 0 out of 10

10:49:08.44 (44105431)|CUMULATIVE_LIMIT_USAGE_END

10:49:08.0 (45721939)|CODE_UNIT_FINISHED|PasajeroTrigger on Pasajero trigger event BeforeInsert
10:49:08.0 (86034493)|CODE_UNIT_FINISHED|TRIGGERS
10:49:08.0 (86050994)|EXECUTION_FINISHED
