33.0 APEX_CODE,FINEST;APEX_PROFILING,INFO;CALLOUT,INFO;DB,INFO;SYSTEM,DEBUG;VALIDATION,INFO;VISUALFORCE,INFO;WAVE,INFO;WORKFLOW,INFO
Execute Anonymous: Account a  = new Account(name='a',Type='Prospect',NumberOfEmployees=501);insert a;Id uid = UserInfo.getUserId();Approval.ProcessSubmitRequest submit1 = new Approval.ProcessSubmitRequest();submit1.setComments('Submitting');submit1.setObjectId(a.Id);submit1.setSubmitterId(uid);submit1.setProcessDefinitionNameOrId('Approve_New_Account');Approval.ProcessResult submitResult = Approval.process(submit1);Id stepId = submitResult.getNewWorkItemIds()[0];a = [select Type from Account where Id = : submitResult.getEntityId()];System.assertEquals('Pending', a.Type, 'incorrect type value');Approval.ProcessWorkItemRequest submit2 = new Approval.ProcessWorkItemRequest();submit2.setComments('Rejection');submit2.setAction('Reject');submit2.setWorkItemId(stepId);submitResult = Approval.process(submit2);a = [select Type from Account where Id = : submitResult.getEntityId()];System.assertEquals('Prospect', a.Type, 'incorrect type value');System.assert(false,'rock on with your bad self');
10:37:56.1 (1515664)|USER_INFO|[EXTERNAL]|0051r000007Oz5Q|lydia.abril@gmail.com|hora estándar de Europa central|GMT+02:00
10:37:56.1 (1534049)|EXECUTION_STARTED
10:37:56.1 (1538373)|CODE_UNIT_STARTED|[EXTERNAL]|execute_anonymous_apex
10:37:56.1 (1644659)|VARIABLE_SCOPE_BEGIN|[1]|a|Account|true|false
10:37:56.1 (1664086)|VARIABLE_SCOPE_BEGIN|[1]|stepId|Id|false|false
10:37:56.1 (1699536)|VARIABLE_SCOPE_BEGIN|[1]|submit1|Approval.ProcessSubmitRequest|true|false
10:37:56.1 (1715168)|VARIABLE_SCOPE_BEGIN|[1]|submit2|Approval.ProcessWorkitemRequest|true|false
10:37:56.1 (1730010)|VARIABLE_SCOPE_BEGIN|[1]|submitResult|Approval.ProcessResult|true|false
10:37:56.1 (1738585)|VARIABLE_SCOPE_BEGIN|[1]|uid|Id|false|false
10:37:56.1 (1847248)|HEAP_ALLOCATE|[72]|Bytes:3
10:37:56.1 (1901381)|HEAP_ALLOCATE|[77]|Bytes:152
10:37:56.1 (1916428)|HEAP_ALLOCATE|[342]|Bytes:408
10:37:56.1 (1930069)|HEAP_ALLOCATE|[355]|Bytes:408
10:37:56.1 (1941057)|HEAP_ALLOCATE|[467]|Bytes:48
10:37:56.1 (1990768)|HEAP_ALLOCATE|[139]|Bytes:6
10:37:56.1 (2003940)|HEAP_ALLOCATE|[EXTERNAL]|Bytes:1
10:37:56.1 (2218322)|STATEMENT_EXECUTE|[1]
10:37:56.1 (2221836)|STATEMENT_EXECUTE|[1]
10:37:56.1 (2244454)|HEAP_ALLOCATE|[1]|Bytes:4
10:37:56.1 (2318836)|HEAP_ALLOCATE|[1]|Bytes:1
10:37:56.1 (2371545)|VARIABLE_ASSIGNMENT|[1]|this.Name|"a"|0x3ce9e361
10:37:56.1 (2382843)|HEAP_ALLOCATE|[1]|Bytes:8
10:37:56.1 (2419558)|VARIABLE_ASSIGNMENT|[1]|this.Type|"Prospect"|0x3ce9e361
10:37:56.1 (2446585)|VARIABLE_ASSIGNMENT|[1]|this.NumberOfEmployees|501|0x3ce9e361
10:37:56.1 (2494574)|VARIABLE_ASSIGNMENT|[1]|a|{"Name":"a","Type":"Prospect","NumberOfEmployees":501}|0x3ce9e361
10:37:56.1 (2501945)|STATEMENT_EXECUTE|[1]
10:37:56.1 (2533343)|HEAP_ALLOCATE|[50]|Bytes:5
10:37:56.1 (2552638)|HEAP_ALLOCATE|[56]|Bytes:5
10:37:56.1 (2560651)|HEAP_ALLOCATE|[64]|Bytes:7
10:37:56.1 (2589760)|HEAP_ALLOCATE|[1]|Bytes:8
10:37:56.1 (2600884)|DML_BEGIN|[1]|Op:Insert|Type:Account|Rows:1
10:37:56.1 (2627534)|HEAP_ALLOCATE|[EXTERNAL]|Bytes:8
10:37:56.1 (14143884)|CODE_UNIT_STARTED|[EXTERNAL]|DuplicateDetector
10:37:56.1 (14162323)|DUPLICATE_DETECTION_BEGIN
10:37:56.1 (14686691)|DUPLICATE_DETECTION_RULE_INVOCATION|DuplicateRuleId:0Bm1r0000018X88|DuplicateRuleName:Standard Account Duplicate Rule|DmlType:INSERT
10:37:56.1 (34462094)|DUPLICATE_DETECTION_MATCH_INVOCATION_DETAILS|EntityType:Account|ActionTaken:Allow_[Alert,Report]|DuplicateRecordIds:
10:37:56.1 (34489822)|DUPLICATE_DETECTION_MATCH_INVOCATION_SUMMARY|EntityType:Account|NumRecordsToBeSaved:1|NumRecordsToBeSavedWithDuplicates:0|NumDuplicateRecordsFound:0
10:37:56.1 (34608461)|DUPLICATE_DETECTION_END
10:37:56.1 (34615813)|CODE_UNIT_FINISHED|DuplicateDetector
10:37:56.1 (65045463)|CODE_UNIT_STARTED|[EXTERNAL]|Workflow:Account
10:37:56.1 (69613801)|WF_RULE_EVAL_BEGIN|Workflow
10:37:56.1 (69649748)|WF_CRITERIA_BEGIN|[Account: a 0011r00001noi11]|PruebaProcess3011r000000gjFE|01Q1r000000mVFX|ON_ALL_CHANGES|0
10:37:56.1 (69845165)|WF_FORMULA|Formula:ENCODED:[treatNullAsNull]true|Values:
10:37:56.1 (69852477)|WF_CRITERIA_END|true
10:37:56.1 (70404427)|WF_SPOOL_ACTION_BEGIN|Workflow
10:37:56.1 (70429299)|WF_ACTION| Flow Trigger: 1;
10:37:56.1 (70434484)|WF_RULE_EVAL_END
10:37:56.1 (71197154)|WF_FLOW_ACTION_BEGIN|09L1r000000Xt57
10:37:56.71 (71267992)|FLOW_CREATE_INTERVIEW_BEGIN|00D1r000001H7aI|3001r000000gDp4|3011r000000gjFE
10:37:56.71 (73180291)|FLOW_CREATE_INTERVIEW_END|16790c15e92e45ce31244d42023e162d7d2d5a-39b0|PruebaProcess
10:37:56.73 (73457849)|FLOW_START_INTERVIEWS_BEGIN|1
10:37:56.73 (73477450)|FLOW_START_INTERVIEW_BEGIN|16790c15e92e45ce31244d42023e162d7d2d5a-39b0|PruebaProcess
10:37:56.73 (74753130)|FLOW_START_INTERVIEW_END|16790c15e92e45ce31244d42023e162d7d2d5a-39b0|PruebaProcess
10:37:56.73 (112252013)|FLOW_START_INTERVIEWS_END|1
10:37:56.1 (113081554)|WF_FLOW_ACTION_END|09L1r000000Xt57
10:37:56.1 (113180728)|WF_ACTIONS_END| Flow Trigger: 1;
10:37:56.1 (113189730)|CODE_UNIT_FINISHED|Workflow:Account
10:37:56.1 (116174497)|DML_END|[1]
10:37:56.1 (116200089)|STATEMENT_EXECUTE|[1]
10:37:56.1 (116290234)|SYSTEM_MODE_ENTER|false
10:37:56.1 (116312337)|HEAP_ALLOCATE|[1]|Bytes:5
10:37:56.1 (116394084)|HEAP_ALLOCATE|[1]|Bytes:85
10:37:56.1 (116420585)|SYSTEM_METHOD_ENTRY|[1]|UserInfo.UserInfo()
10:37:56.1 (116426138)|STATEMENT_EXECUTE|[1]
10:37:56.1 (116442612)|SYSTEM_METHOD_EXIT|[1]|UserInfo
10:37:56.1 (116483109)|METHOD_ENTRY|[1]||System.UserInfo.getUserId()
10:37:56.1 (116526241)|METHOD_EXIT|[1]||System.UserInfo.getUserId()
10:37:56.1 (116537281)|SYSTEM_MODE_EXIT|false
10:37:56.1 (116554945)|HEAP_ALLOCATE|[1]|Bytes:4
10:37:56.1 (116662962)|VARIABLE_ASSIGNMENT|[1]|uid|"0051r000007Oz5QAAS"
10:37:56.1 (116671929)|STATEMENT_EXECUTE|[1]
10:37:56.1 (116749151)|VARIABLE_ASSIGNMENT|[1]|submit1|"common.api.soap.wsdl.ProcessSubmitRequest@4d2dc07a"|0x39a98007
10:37:56.1 (116757024)|STATEMENT_EXECUTE|[1]
10:37:56.1 (116762490)|HEAP_ALLOCATE|[1]|Bytes:10
10:37:56.1 (116813652)|STATEMENT_EXECUTE|[1]
10:37:56.1 (116849056)|HEAP_ALLOCATE|[1]|Bytes:18
10:37:56.1 (116869617)|STATEMENT_EXECUTE|[1]
10:37:56.1 (116874222)|HEAP_ALLOCATE|[1]|Bytes:18
10:37:56.1 (116888577)|STATEMENT_EXECUTE|[1]
10:37:56.1 (116892359)|HEAP_ALLOCATE|[1]|Bytes:19
10:37:56.1 (116914852)|STATEMENT_EXECUTE|[1]
10:37:56.1 (116978822)|HEAP_ALLOCATE|[1]|Bytes:8
10:37:56.1 (117003946)|DML_BEGIN|[1]|Op:Process|Type:ProcessRequest|Rows:1
10:37:56.1 (117045613)|HEAP_ALLOCATE|[EXTERNAL]|Bytes:8
10:37:56.1 (122870711)|CODE_UNIT_STARTED|[EXTERNAL]|Workflow:ApprovalProcessActions
10:37:56.1 (126465675)|WF_APPROVAL_SUBMIT|[Account: a 0011r00001noi11]
10:37:56.1 (127055166)|WF_APPROVAL_SUBMITTER|Lydia Abril|0051r000007Oz5QAAS
10:37:56.1 (138001994)|WF_RULE_FILTER|[Account : Type equals Prospect] 
AND [Account : Employees greater than 500]
10:37:56.1 (138044521)|WF_RULE_EVAL_VALUE|Prospect
10:37:56.1 (138064085)|WF_RULE_EVAL_VALUE|501
10:37:56.1 (138093026)|WF_EVAL_ENTRY_CRITERIA|Approve New Account|00X1r000002S2tA|true
10:37:56.1 (539832741)|WF_PROCESS_FOUND|ProcessDefinitionNameOrId:04a1r000000gAbg|Applicable process was found.
10:37:56.1 (594415066)|WF_SPOOL_ACTION_BEGIN|Auto Evaluate
10:37:56.1 (594765798)|WF_FIELD_UPDATE|[Account: a 0011r00001noi11]|Field:Account: Type|Value:Pending|Id=04Y1r000000h1SO
10:37:56.1 (598899740)|CODE_UNIT_STARTED|[EXTERNAL]|01q1r000000j8Jg|AccountTrigger on Account trigger event BeforeUpdate
10:37:56.1 (598954128)|HEAP_ALLOCATE|[EXTERNAL]|Bytes:8
10:37:56.1 (599004753)|HEAP_ALLOCATE|[EXTERNAL]|Bytes:8
10:37:56.1 (599267151)|HEAP_ALLOCATE|[EXTERNAL]|Bytes:12
10:37:56.1 (599287546)|VARIABLE_SCOPE_BEGIN|[1]|this|AccountTrigger|true|false
10:37:56.1 (599395754)|VARIABLE_ASSIGNMENT|[1]|this|{}|0x6437b0e2
10:37:56.1 (599501696)|HEAP_ALLOCATE|[EXTERNAL]|Bytes:12
10:37:56.1 (599513447)|VARIABLE_SCOPE_BEGIN|[1]|this|AccountTrigger|true|false
10:37:56.1 (599537291)|VARIABLE_ASSIGNMENT|[1]|this|{}|0x6437b0e2
10:37:56.1 (599551531)|STATEMENT_EXECUTE|[1]
10:37:56.1 (599555263)|STATEMENT_EXECUTE|[3]
10:37:56.1 (600596560)|VARIABLE_ASSIGNMENT|[3]|this.listNew|[{"LastModifiedDate":"2018-04-18T08:37:56.000Z","IsDeleted":false,"NumberOfEmployees":501,"SystemModstamp":"2018-04-18T08:37:56.000Z","Name":"a","Type":"Pending","CleanStatus":"Pending","OwnerId":"0051r000007Oz5QAAS","CreatedById":"0051r000007Oz5QAAS","Match_Billing_Addres (4 more) ...":false,"CreatedDate":"2018-04-18T08:37:56.000Z","Id":"0011r00001noi11AAA","LastModifiedById":"0051r000007Oz5QAAS"}]|0x6437b0e2
10:37:56.1 (600614543)|STATEMENT_EXECUTE|[5]
10:37:56.1 (601106010)|VARIABLE_ASSIGNMENT|[5]|this.mapOld|{"0011r00001noi11AAA":{"LastModifiedDate":"2018-04-18T08:37:56.000Z","IsDeleted":false,"NumberOfEmployees":501,"SystemModstamp":"2018-04-18T08:37:56.000Z","Name":"a","Type":"Prospect","CleanStatus":"Pending","OwnerId":"0051r000007Oz5QAAS","CreatedById":"0051r000007Oz5QAAS","Match_Billing_Addres (4 more) ...":false,"CreatedDate":"2018-04-18T08:37:56.000Z","Id":"0011r00001noi11AAA","LastModifiedById":"0051r000007Oz5QAAS"}}|0x6437b0e2
10:37:56.1 (601134664)|STATEMENT_EXECUTE|[7]
10:37:56.1 (601143987)|STATEMENT_EXECUTE|[8]
10:37:56.1 (601146699)|STATEMENT_EXECUTE|[9]
10:37:56.1 (603377226)|HEAP_ALLOCATE|[9]|Bytes:1
10:37:56.1 (603443171)|METHOD_ENTRY|[1]|01p1r000009p8Bf|AccountMethods.AccountMethods()
10:37:56.1 (603455198)|STATEMENT_EXECUTE|[1]
10:37:56.1 (603466087)|STATEMENT_EXECUTE|[1]
10:37:56.1 (603892849)|SYSTEM_MODE_ENTER|false
10:37:56.1 (603908466)|HEAP_ALLOCATE|[9]|Bytes:5
10:37:56.1 (603933119)|SYSTEM_MODE_EXIT|false
10:37:56.1 (603952347)|METHOD_EXIT|[1]|AccountMethods
10:37:56.1 (604003209)|METHOD_ENTRY|[9]|01p1r000009p8Bf|AccountMethods.ActualizarCuentaHija(List<Account>, Map<Id,Account>)
10:37:56.1 (604066911)|VARIABLE_SCOPE_BEGIN|[3]|listAccount|List<Account>|true|false
10:37:56.1 (604747437)|VARIABLE_ASSIGNMENT|[3]|listAccount|[{"LastModifiedDate":"2018-04-18T08:37:56.000Z","IsDeleted":false,"NumberOfEmployees":501,"SystemModstamp":"2018-04-18T08:37:56.000Z","Name":"a","Type":"Pending","CleanStatus":"Pending","OwnerId":"0051r000007Oz5QAAS","CreatedById":"0051r000007Oz5QAAS","Match_Billing_Addres (4 more) ...":false,"CreatedDate":"2018-04-18T08:37:56.000Z","Id":"0011r00001noi11AAA","LastModifiedById":"0051r000007Oz5QAAS"}]|0x38108ed1
10:37:56.1 (604773770)|VARIABLE_SCOPE_BEGIN|[3]|mapOld|Map<Id,Account>|true|false
10:37:56.1 (605195777)|VARIABLE_ASSIGNMENT|[3]|mapOld|{"0011r00001noi11AAA":{"LastModifiedDate":"2018-04-18T08:37:56.000Z","IsDeleted":false,"NumberOfEmployees":501,"SystemModstamp":"2018-04-18T08:37:56.000Z","Name":"a","Type":"Prospect","CleanStatus":"Pending","OwnerId":"0051r000007Oz5QAAS","CreatedById":"0051r000007Oz5QAAS","Match_Billing_Addres (4 more) ...":false,"CreatedDate":"2018-04-18T08:37:56.000Z","Id":"0011r00001noi11AAA","LastModifiedById":"0051r000007Oz5QAAS"}}|0x7ba8d5c6
10:37:56.1 (605224670)|SYSTEM_MODE_ENTER|false
10:37:56.1 (605234768)|HEAP_ALLOCATE|[5]|Bytes:5
10:37:56.1 (605242013)|STATEMENT_EXECUTE|[3]
10:37:56.1 (605368245)|STATEMENT_EXECUTE|[5]
10:37:56.1 (605371400)|STATEMENT_EXECUTE|[8]
10:37:56.1 (605391464)|HEAP_ALLOCATE|[8]|Bytes:4
10:37:56.1 (605488478)|VARIABLE_SCOPE_BEGIN|[8]|listAccountIds|List<String>|true|false
10:37:56.1 (605534318)|HEAP_ALLOCATE|[EXTERNAL]|Bytes:4
10:37:56.1 (605546253)|VARIABLE_ASSIGNMENT|[8]|listAccountIds|[]|0x6a692102
10:37:56.1 (605552545)|STATEMENT_EXECUTE|[9]
10:37:56.1 (605614235)|HEAP_ALLOCATE|[9]|Bytes:4
10:37:56.1 (605656734)|VARIABLE_SCOPE_BEGIN|[9]|mapAccountParent|Map<String,Account>|true|false
10:37:56.1 (605679751)|VARIABLE_ASSIGNMENT|[9]|mapAccountParent|{}|0x56334c98
10:37:56.1 (605869668)|HEAP_ALLOCATE|[11]|Bytes:5
10:37:56.1 (605903107)|HEAP_ALLOCATE|[11]|Bytes:4
10:37:56.1 (605912815)|VARIABLE_SCOPE_BEGIN|[11]|inAccount|Account|true|false
10:37:56.1 (606535704)|VARIABLE_ASSIGNMENT|[11]|inAccount|{"LastModifiedDate":"2018-04-18T08:37:56.000Z","IsDeleted":false,"NumberOfEmployees":501,"SystemModstamp":"2018-04-18T08:37:56.000Z","Name":"a","Type":"Pending","CleanStatus":"Pending","OwnerId":"0051r000007Oz5QAAS","CreatedById":"0051r000007Oz5QAAS","Match_Billing_Addres (4 more) ...":false,"CreatedDate":"2018-04-18T08:37:56.000Z","Id":"0011r00001noi11AAA","LastModifiedById":"0051r000007Oz5QAAS"}|0x1951016
10:37:56.1 (606552809)|STATEMENT_EXECUTE|[11]
10:37:56.1 (606654730)|STATEMENT_EXECUTE|[13]
10:37:56.1 (606671173)|HEAP_ALLOCATE|[11]|Bytes:5
10:37:56.1 (606692927)|VARIABLE_ASSIGNMENT|[11]|inAccount|null|
10:37:56.1 (606702307)|STATEMENT_EXECUTE|[20]
10:37:56.1 (606707797)|HEAP_ALLOCATE|[20]|Bytes:99
10:37:56.1 (606731648)|HEAP_ALLOCATE|[20]|Bytes:4
10:37:56.1 (606754102)|HEAP_ALLOCATE|[20]|Bytes:7
10:37:56.1 (607067056)|SOQL_EXECUTE_BEGIN|[20]|Aggregations:0|SELECT Id, Fecha_ultima_actividad_mas_reciente__c, ParentId FROM Account WHERE ParentId IN :tmpVar1
10:37:56.1 (609866778)|SOQL_EXECUTE_END|[20]|Rows:0
10:37:56.1 (609902009)|HEAP_ALLOCATE|[20]|Bytes:4
10:37:56.1 (609918233)|HEAP_ALLOCATE|[20]|Bytes:0
10:37:56.1 (609962870)|HEAP_ALLOCATE|[20]|Bytes:4
10:37:56.1 (609981874)|VARIABLE_SCOPE_BEGIN|[20]|listAccountChild|List<Account>|true|false
10:37:56.1 (610028387)|VARIABLE_ASSIGNMENT|[20]|listAccountChild|[]|0x736320c8
10:37:56.1 (610100766)|HEAP_ALLOCATE|[23]|Bytes:5
10:37:56.1 (610124109)|VARIABLE_ASSIGNMENT|[23]|inAccount|null|
10:37:56.1 (610155153)|STATEMENT_EXECUTE|[23]
10:37:56.1 (610159806)|STATEMENT_EXECUTE|[27]
10:37:56.1 (610274140)|HEAP_ALLOCATE|[EXTERNAL]|Bytes:4
10:37:56.1 (610293172)|SYSTEM_MODE_EXIT|false
10:37:56.1 (610312537)|METHOD_EXIT|[9]|01p1r000009p8Bf|AccountMethods.ActualizarCuentaHija(List<Account>, Map<Id,Account>)
10:37:56.610 (610333151)|CUMULATIVE_LIMIT_USAGE
10:37:56.610 (610333151)|LIMIT_USAGE_FOR_NS|(default)|
  Number of SOQL queries: 2 out of 100
  Number of query rows: 0 out of 50000
  Number of SOSL queries: 0 out of 20
  Number of DML statements: 3 out of 150
  Number of DML rows: 2 out of 10000
  Maximum CPU time: 0 out of 10000
  Maximum heap size: 0 out of 6000000
  Number of callouts: 0 out of 100
  Number of Email Invocations: 0 out of 10
  Number of future calls: 0 out of 50
  Number of queueable jobs added to the queue: 0 out of 50
  Number of Mobile Apex push calls: 0 out of 10

10:37:56.610 (610333151)|CUMULATIVE_LIMIT_USAGE_END

10:37:56.1 (611676397)|CODE_UNIT_FINISHED|AccountTrigger on Account trigger event BeforeUpdate
10:37:56.1 (629944924)|WF_PROCESS_NODE|Step 1(Approval based on first response)
10:37:56.1 (654555809)|WF_NEXT_APPROVER|Lydia Abril|User|
10:37:56.1 (741782147)|CODE_UNIT_FINISHED|Workflow:ApprovalProcessActions
10:37:56.1 (742257093)|DML_END|[1]
10:37:56.1 (742328394)|HEAP_ALLOCATE|[1]|Bytes:4
10:37:56.1 (742497207)|VARIABLE_ASSIGNMENT|[1]|submitResult|"common.api.soap.wsdl.ProcessResult@61f2fa85"|0x6f19360a
10:37:56.1 (742513130)|STATEMENT_EXECUTE|[1]
10:37:56.1 (742723129)|HEAP_ALLOCATE|[EXTERNAL]|Bytes:8
10:37:56.1 (742758019)|HEAP_ALLOCATE|[1]|Bytes:8
10:37:56.1 (742775327)|HEAP_ALLOCATE|[1]|Bytes:18
10:37:56.1 (742844310)|HEAP_ALLOCATE|[1]|Bytes:4
10:37:56.1 (742918457)|VARIABLE_ASSIGNMENT|[1]|stepId|"04i1r00000BumE0AAJ"
10:37:56.1 (742929615)|STATEMENT_EXECUTE|[1]
10:37:56.1 (742935531)|HEAP_ALLOCATE|[1]|Bytes:44
10:37:56.1 (742953219)|HEAP_ALLOCATE|[1]|Bytes:4
10:37:56.1 (742983230)|HEAP_ALLOCATE|[1]|Bytes:18
10:37:56.1 (743335640)|SOQL_EXECUTE_BEGIN|[1]|Aggregations:0|SELECT Type FROM Account WHERE Id = :tmpVar1
10:37:56.1 (746940198)|SOQL_EXECUTE_END|[1]|Rows:1
10:37:56.1 (746960981)|HEAP_ALLOCATE|[1]|Bytes:8
10:37:56.1 (746971798)|HEAP_ALLOCATE|[1]|Bytes:44
10:37:56.1 (747000880)|HEAP_ALLOCATE|[1]|Bytes:8
10:37:56.1 (747012313)|HEAP_ALLOCATE|[1]|Bytes:33
10:37:56.1 (747026142)|HEAP_ALLOCATE|[1]|Bytes:12
10:37:56.1 (747050708)|VARIABLE_ASSIGNMENT|[1]|a|{"Type":"Pending","Id":"0011r00001noi11AAA"}|0x6c7ab90a
10:37:56.1 (747059175)|STATEMENT_EXECUTE|[1]
10:37:56.1 (747062783)|HEAP_ALLOCATE|[1]|Bytes:7
10:37:56.1 (747087907)|HEAP_ALLOCATE|[1]|Bytes:20
10:37:56.1 (747124561)|STATEMENT_EXECUTE|[1]
10:37:56.1 (747219289)|VARIABLE_ASSIGNMENT|[1]|submit2|"common.api.soap.wsdl.ProcessWorkitemRequest@22cad429"|0x6552f90a
10:37:56.1 (747227950)|STATEMENT_EXECUTE|[1]
10:37:56.1 (747233091)|HEAP_ALLOCATE|[1]|Bytes:9
10:37:56.1 (747271262)|STATEMENT_EXECUTE|[1]
10:37:56.1 (747275167)|HEAP_ALLOCATE|[1]|Bytes:6
10:37:56.1 (747290438)|STATEMENT_EXECUTE|[1]
10:37:56.1 (747299249)|HEAP_ALLOCATE|[1]|Bytes:18
10:37:56.1 (747316977)|STATEMENT_EXECUTE|[1]
10:37:56.1 (747358955)|HEAP_ALLOCATE|[1]|Bytes:8
10:37:56.1 (747378330)|DML_BEGIN|[1]|Op:Process|Type:ProcessRequest|Rows:1
10:37:56.1 (747417826)|HEAP_ALLOCATE|[EXTERNAL]|Bytes:8
10:37:56.1 (755041437)|CODE_UNIT_STARTED|[EXTERNAL]|Workflow:ApprovalProcessActions
10:37:56.1 (758797282)|WF_APPROVAL|Reject|[Account: a 0011r00001noi11]|Step 1(Approval based on first response)
10:37:56.1 (758843231)|WF_SPOOL_ACTION_BEGIN|Reject
10:37:56.1 (759665734)|WF_HARD_REJECT
10:37:56.1 (759826520)|WF_SPOOL_ACTION_BEGIN|Reject
10:37:56.1 (810125360)|CODE_UNIT_FINISHED|Workflow:ApprovalProcessActions
10:37:56.1 (810569776)|DML_END|[1]
10:37:56.1 (810591999)|HEAP_ALLOCATE|[1]|Bytes:4
10:37:56.1 (810715402)|VARIABLE_ASSIGNMENT|[1]|submitResult|"common.api.soap.wsdl.ProcessResult@40a067bc"|0x1e129fb3
10:37:56.1 (810727214)|STATEMENT_EXECUTE|[1]
10:37:56.1 (810742011)|HEAP_ALLOCATE|[1]|Bytes:4
10:37:56.1 (810779894)|HEAP_ALLOCATE|[1]|Bytes:18
10:37:56.1 (810924375)|SOQL_EXECUTE_BEGIN|[1]|Aggregations:0|SELECT Type FROM Account WHERE Id = :tmpVar1
10:37:56.1 (814115129)|SOQL_EXECUTE_END|[1]|Rows:1
10:37:56.1 (814139283)|HEAP_ALLOCATE|[1]|Bytes:8
10:37:56.1 (814159996)|HEAP_ALLOCATE|[1]|Bytes:44
10:37:56.1 (814195488)|HEAP_ALLOCATE|[1]|Bytes:8
10:37:56.1 (814219625)|HEAP_ALLOCATE|[1]|Bytes:12
10:37:56.1 (814246552)|VARIABLE_ASSIGNMENT|[1]|a|{"Type":"Pending","Id":"0011r00001noi11AAA"}|0x6bcd0b1c
10:37:56.1 (814256209)|STATEMENT_EXECUTE|[1]
10:37:56.1 (814343067)|EXCEPTION_THROWN|[1]|System.AssertException: Assertion Failed: incorrect type value: Expected: Prospect, Actual: Pending
10:37:56.1 (814594083)|HEAP_ALLOCATE|[1]|Bytes:79
10:37:56.1 (814710336)|FATAL_ERROR|System.AssertException: Assertion Failed: incorrect type value: Expected: Prospect, Actual: Pending

AnonymousBlock: line 1, column 1
10:37:56.814 (814767334)|CUMULATIVE_LIMIT_USAGE
10:37:56.814 (814767334)|LIMIT_USAGE_FOR_NS|(default)|
  Number of SOQL queries: 4 out of 100
  Number of query rows: 2 out of 50000
  Number of SOSL queries: 0 out of 20
  Number of DML statements: 4 out of 150
  Number of DML rows: 3 out of 10000
  Maximum CPU time: 0 out of 10000
  Maximum heap size: 0 out of 6000000
  Number of callouts: 0 out of 100
  Number of Email Invocations: 0 out of 10
  Number of future calls: 0 out of 50
  Number of queueable jobs added to the queue: 0 out of 50
  Number of Mobile Apex push calls: 0 out of 10

10:37:56.814 (814767334)|CUMULATIVE_LIMIT_USAGE_END

10:37:56.1 (814808741)|CODE_UNIT_FINISHED|execute_anonymous_apex
10:37:56.1 (815850549)|EXECUTION_FINISHED
