36.0 APEX_CODE,FINEST;APEX_PROFILING,INFO;CALLOUT,INFO;DB,INFO;SYSTEM,DEBUG;VALIDATION,INFO;VISUALFORCE,INFO;WAVE,INFO;WORKFLOW,INFO
11:00:39.0 (378929)|USER_INFO|[EXTERNAL]|0051r000007Oz5Q|lydia.abril@gmail.com|hora estándar de Europa central|GMT+02:00
11:00:39.0 (468612)|EXECUTION_STARTED
11:00:39.0 (473790)|CODE_UNIT_STARTED|[EXTERNAL]|01p1r000007YiiW|ReservaVueloTest.testRellenarCuenta
11:00:39.0 (693581)|HEAP_ALLOCATE|[72]|Bytes:3
11:00:39.0 (750048)|HEAP_ALLOCATE|[77]|Bytes:152
11:00:39.0 (773301)|HEAP_ALLOCATE|[342]|Bytes:408
11:00:39.0 (794989)|HEAP_ALLOCATE|[355]|Bytes:408
11:00:39.0 (808965)|HEAP_ALLOCATE|[467]|Bytes:48
11:00:39.0 (838518)|HEAP_ALLOCATE|[139]|Bytes:6
11:00:39.0 (854833)|HEAP_ALLOCATE|[EXTERNAL]|Bytes:32
11:00:39.0 (893717)|METHOD_ENTRY|[2]|01p1r000007YiiW|ReservaVueloTest.ReservaVueloTest()
11:00:39.0 (903462)|STATEMENT_EXECUTE|[2]
11:00:39.0 (909378)|STATEMENT_EXECUTE|[2]
11:00:39.0 (913680)|METHOD_EXIT|[2]|ReservaVueloTest
11:00:39.0 (1057386)|HEAP_ALLOCATE|[50]|Bytes:5
11:00:39.0 (1080920)|HEAP_ALLOCATE|[56]|Bytes:5
11:00:39.0 (1095175)|HEAP_ALLOCATE|[64]|Bytes:7
11:00:39.0 (1130846)|STATEMENT_EXECUTE|[4]
11:00:39.0 (1133079)|STATEMENT_EXECUTE|[10]
11:00:39.0 (1170669)|HEAP_ALLOCATE|[10]|Bytes:4
11:00:39.0 (1225032)|HEAP_ALLOCATE|[10]|Bytes:13
11:00:39.0 (1286852)|VARIABLE_ASSIGNMENT|[10]|this.Name|"AccountPrueba"|0x293ea761
11:00:39.0 (1324167)|VARIABLE_SCOPE_BEGIN|[10]|acount1|Account|true|false
11:00:39.0 (1548598)|VARIABLE_ASSIGNMENT|[10]|acount1|{"Name":"AccountPrueba"}|0x293ea761
11:00:39.0 (1555692)|STATEMENT_EXECUTE|[12]
11:00:39.0 (1579350)|HEAP_ALLOCATE|[12]|Bytes:4
11:00:39.0 (1649316)|VARIABLE_ASSIGNMENT|[12]|this.AccountId|null|0x5f027429
11:00:39.0 (1665729)|VARIABLE_SCOPE_BEGIN|[12]|contact1|Contact|true|false
11:00:39.0 (1678777)|VARIABLE_ASSIGNMENT|[12]|contact1|{}|0x5f027429
11:00:39.0 (1685094)|STATEMENT_EXECUTE|[14]
11:00:39.0 (1708530)|HEAP_ALLOCATE|[14]|Bytes:4
11:00:39.0 (1746587)|HEAP_ALLOCATE|[14]|Bytes:18
11:00:39.0 (1772016)|VARIABLE_ASSIGNMENT|[14]|this.Name|"ReservaVueloPrueba"|0x59f8a2d5
11:00:39.0 (1800623)|VARIABLE_ASSIGNMENT|[14]|this.Contacto__c|null|0x59f8a2d5
11:00:39.0 (1814146)|VARIABLE_SCOPE_BEGIN|[14]|rv1|Reserva_Vuelo__c|true|false
11:00:39.0 (1826930)|VARIABLE_ASSIGNMENT|[14]|rv1|{"Name":"ReservaVueloPrueba"}|0x59f8a2d5
11:00:39.0 (1832923)|STATEMENT_EXECUTE|[18]
11:00:39.0 (1843615)|HEAP_ALLOCATE|[18]|Bytes:4
11:00:39.0 (1851591)|HEAP_ALLOCATE|[18]|Bytes:14
11:00:39.0 (1866867)|VARIABLE_ASSIGNMENT|[18]|this.Name|"AccountPrueba2"|0x49ce8c95
11:00:39.0 (1879067)|VARIABLE_SCOPE_BEGIN|[18]|acount2|Account|true|false
11:00:39.0 (1890141)|VARIABLE_ASSIGNMENT|[18]|acount2|{"Name":"AccountPrueba2"}|0x49ce8c95
11:00:39.0 (1895811)|STATEMENT_EXECUTE|[20]
11:00:39.0 (1903623)|HEAP_ALLOCATE|[20]|Bytes:4
11:00:39.0 (1920996)|VARIABLE_ASSIGNMENT|[20]|this.AccountId|null|0x31f0d4f
11:00:39.0 (1933147)|VARIABLE_SCOPE_BEGIN|[20]|contact2|Contact|true|false
11:00:39.0 (1943764)|VARIABLE_ASSIGNMENT|[20]|contact2|{}|0x31f0d4f
11:00:39.0 (1949003)|STATEMENT_EXECUTE|[22]
11:00:39.0 (1958596)|HEAP_ALLOCATE|[22]|Bytes:4
11:00:39.0 (1965265)|HEAP_ALLOCATE|[22]|Bytes:19
11:00:39.0 (1978791)|VARIABLE_ASSIGNMENT|[22]|this.Name|"ReservaVueloPrueba2"|0x12d8e119
11:00:39.0 (1995698)|VARIABLE_ASSIGNMENT|[22]|this.Contacto__c|null|0x12d8e119
11:00:39.0 (2006337)|VARIABLE_SCOPE_BEGIN|[22]|rv2|Reserva_Vuelo__c|true|false
11:00:39.0 (2017946)|VARIABLE_ASSIGNMENT|[22]|rv2|{"Name":"ReservaVueloPrueba2"}|0x12d8e119
11:00:39.0 (2023427)|STATEMENT_EXECUTE|[26]
11:00:39.0 (2074282)|HEAP_ALLOCATE|[26]|Bytes:4
11:00:39.0 (2141941)|VARIABLE_SCOPE_BEGIN|[26]|rvList|List<Reserva_Vuelo__c>|true|false
11:00:39.0 (2153513)|HEAP_ALLOCATE|[EXTERNAL]|Bytes:4
11:00:39.0 (2165283)|VARIABLE_ASSIGNMENT|[26]|rvList|[]|0x2fcf6df3
11:00:39.0 (2170718)|STATEMENT_EXECUTE|[28]
11:00:39.0 (2205976)|HEAP_ALLOCATE|[EXTERNAL]|Bytes:4
11:00:39.0 (2215370)|STATEMENT_EXECUTE|[29]
11:00:39.0 (2228318)|HEAP_ALLOCATE|[EXTERNAL]|Bytes:4
11:00:39.0 (2234109)|STATEMENT_EXECUTE|[33]
11:00:39.0 (3317926)|HEAP_ALLOCATE|[33]|Bytes:4
11:00:39.0 (3338329)|METHOD_ENTRY|[1]|01p1r000007Yidp|ReservaVueloMethods.ReservaVueloMethods()
11:00:39.0 (3345239)|STATEMENT_EXECUTE|[1]
11:00:39.0 (3350465)|STATEMENT_EXECUTE|[1]
11:00:39.0 (3737002)|SYSTEM_MODE_ENTER|false
11:00:39.0 (3751165)|HEAP_ALLOCATE|[33]|Bytes:5
11:00:39.0 (3760202)|SYSTEM_MODE_EXIT|false
11:00:39.0 (3768610)|METHOD_EXIT|[1]|ReservaVueloMethods
11:00:39.0 (3793703)|METHOD_ENTRY|[33]|01p1r000007Yidp|ReservaVueloMethods.RellenarCuenta(List<Reserva_Vuelo__c>)
11:00:39.0 (3814111)|VARIABLE_SCOPE_BEGIN|[4]|reservas|List<Reserva_Vuelo__c>|true|false
11:00:39.0 (3833743)|VARIABLE_ASSIGNMENT|[4]|reservas|[{"Name":"ReservaVueloPrueba"},{"Name":"ReservaVueloPrueba2"}]|0x2fcf6df3
11:00:39.0 (3858961)|SYSTEM_MODE_ENTER|false
11:00:39.0 (3865750)|HEAP_ALLOCATE|[6]|Bytes:5
11:00:39.0 (3871895)|STATEMENT_EXECUTE|[4]
11:00:39.0 (3915731)|STATEMENT_EXECUTE|[6]
11:00:39.0 (3917797)|STATEMENT_EXECUTE|[17]
11:00:39.0 (3929869)|HEAP_ALLOCATE|[17]|Bytes:4
11:00:39.0 (3956289)|VARIABLE_SCOPE_BEGIN|[17]|contactosIds|Set<String>|true|false
11:00:39.0 (3985284)|VARIABLE_ASSIGNMENT|[17]|contactosIds|[]|0x479a8f54
11:00:39.0 (4120947)|HEAP_ALLOCATE|[18]|Bytes:5
11:00:39.0 (4138291)|HEAP_ALLOCATE|[18]|Bytes:12
11:00:39.0 (4146145)|VARIABLE_SCOPE_BEGIN|[18]|rv|Reserva_Vuelo__c|true|false
11:00:39.0 (4161347)|VARIABLE_ASSIGNMENT|[18]|rv|{"Name":"ReservaVueloPrueba"}|0x59f8a2d5
11:00:39.0 (4169494)|STATEMENT_EXECUTE|[18]
11:00:39.0 (4171133)|STATEMENT_EXECUTE|[19]
11:00:39.0 (4199288)|HEAP_ALLOCATE|[EXTERNAL]|Bytes:4
11:00:39.0 (4212445)|HEAP_ALLOCATE|[18]|Bytes:5
11:00:39.0 (4221716)|HEAP_ALLOCATE|[18]|Bytes:12
11:00:39.0 (4227149)|VARIABLE_SCOPE_BEGIN|[18]|rv|Reserva_Vuelo__c|true|false
11:00:39.0 (4239259)|VARIABLE_ASSIGNMENT|[18]|rv|{"Name":"ReservaVueloPrueba2"}|0x12d8e119
11:00:39.0 (4249916)|STATEMENT_EXECUTE|[18]
11:00:39.0 (4251522)|STATEMENT_EXECUTE|[19]
11:00:39.0 (4258257)|HEAP_ALLOCATE|[EXTERNAL]|Bytes:4
11:00:39.0 (4268251)|HEAP_ALLOCATE|[18]|Bytes:5
11:00:39.0 (4281693)|VARIABLE_ASSIGNMENT|[18]|rv|null|
11:00:39.0 (4287749)|STATEMENT_EXECUTE|[23]
11:00:39.0 (4325039)|HEAP_ALLOCATE|[23]|Bytes:4
11:00:39.0 (4348476)|VARIABLE_SCOPE_BEGIN|[23]|contactos|Map<String,Contact>|true|false
11:00:39.0 (4364623)|VARIABLE_ASSIGNMENT|[23]|contactos|{}|0x3141c17d
11:00:39.0 (4378335)|HEAP_ALLOCATE|[24]|Bytes:4
11:00:39.0 (4406216)|HEAP_ALLOCATE|[24]|Bytes:4
11:00:39.0 (4425700)|HEAP_ALLOCATE|[24]|Bytes:5
11:00:39.0 (4434906)|VARIABLE_SCOPE_BEGIN|[24]|c|String|false|false
11:00:39.0 (4444206)|VARIABLE_ASSIGNMENT|[24]|c|null
11:00:39.0 (4449694)|STATEMENT_EXECUTE|[24]
11:00:39.0 (4451242)|STATEMENT_EXECUTE|[25]
11:00:39.0 (4454340)|HEAP_ALLOCATE|[25]|Bytes:49
11:00:39.0 (4465391)|HEAP_ALLOCATE|[25]|Bytes:4
11:00:39.0 (4472491)|HEAP_ALLOCATE|[25]|Bytes:7
11:00:39.0 (4647045)|SOQL_EXECUTE_BEGIN|[25]|Aggregations:0|SELECT AccountId FROM Contact WHERE id = :tmpVar1
11:00:39.0 (10649694)|SOQL_EXECUTE_END|[25]|Rows:0
11:00:39.0 (10674834)|HEAP_ALLOCATE|[25]|Bytes:4
11:00:39.0 (10686190)|HEAP_ALLOCATE|[25]|Bytes:0
11:00:39.0 (10731048)|HEAP_ALLOCATE|[25]|Bytes:4
11:00:39.0 (10810959)|EXCEPTION_THROWN|[0]|System.QueryException: List has no rows for assignment to SObject
11:00:39.0 (10863265)|HEAP_ALLOCATE|[25]|Bytes:46
11:00:39.0 (10880663)|SYSTEM_MODE_EXIT|false
11:00:39.0 (10892326)|METHOD_EXIT|[33]|01p1r000007Yidp|ReservaVueloMethods.RellenarCuenta(List<Reserva_Vuelo__c>)
11:00:39.0 (10962328)|FATAL_ERROR|System.QueryException: List has no rows for assignment to SObject

External entry point
Class.ReservaVueloTest.testRellenarCuenta: line 33, column 1
11:00:39.0 (10974354)|FATAL_ERROR|System.QueryException: List has no rows for assignment to SObject

External entry point
Class.ReservaVueloTest.testRellenarCuenta: line 33, column 1
11:00:39.10 (10980356)|CUMULATIVE_LIMIT_USAGE
11:00:39.10 (10980356)|LIMIT_USAGE_FOR_NS|(default)|
  Number of SOQL queries: 1 out of 100
  Number of query rows: 0 out of 50000
  Number of SOSL queries: 0 out of 20
  Number of DML statements: 0 out of 150
  Number of DML rows: 0 out of 10000
  Maximum CPU time: 0 out of 10000
  Maximum heap size: 0 out of 6000000
  Number of callouts: 0 out of 100
  Number of Email Invocations: 0 out of 10
  Number of future calls: 0 out of 50
  Number of queueable jobs added to the queue: 0 out of 50
  Number of Mobile Apex push calls: 0 out of 10

11:00:39.10 (10980356)|CUMULATIVE_LIMIT_USAGE_END

11:00:39.0 (11013503)|CODE_UNIT_FINISHED|ReservaVueloTest.testRellenarCuenta
11:00:39.0 (12133010)|EXECUTION_FINISHED
