36.0 APEX_CODE,FINEST;APEX_PROFILING,INFO;CALLOUT,INFO;DB,INFO;SYSTEM,DEBUG;VALIDATION,INFO;VISUALFORCE,INFO;WAVE,INFO;WORKFLOW,INFO
12:03:15.0 (523117)|USER_INFO|[EXTERNAL]|0051r000007Oz5Q|lydia.abril@gmail.com|hora estándar de Europa central|GMT+02:00
12:03:15.0 (598102)|EXECUTION_STARTED
12:03:15.0 (604541)|CODE_UNIT_STARTED|[EXTERNAL]|01p1r000009p5xn|TaskTest.testCerrarTarea
12:03:15.0 (938695)|HEAP_ALLOCATE|[72]|Bytes:3
12:03:15.0 (985532)|HEAP_ALLOCATE|[77]|Bytes:152
12:03:15.0 (1022237)|HEAP_ALLOCATE|[342]|Bytes:408
12:03:15.0 (1046624)|HEAP_ALLOCATE|[355]|Bytes:408
12:03:15.0 (1067299)|HEAP_ALLOCATE|[467]|Bytes:48
12:03:15.0 (1104253)|HEAP_ALLOCATE|[139]|Bytes:6
12:03:15.0 (1122832)|HEAP_ALLOCATE|[EXTERNAL]|Bytes:92
12:03:15.0 (1144475)|METHOD_ENTRY|[2]|01p1r000009p5xn|TaskTest.TaskTest()
12:03:15.0 (1153062)|STATEMENT_EXECUTE|[2]
12:03:15.0 (1158947)|STATEMENT_EXECUTE|[2]
12:03:15.0 (1163626)|METHOD_EXIT|[2]|TaskTest
12:03:15.0 (1505212)|HEAP_ALLOCATE|[50]|Bytes:5
12:03:15.0 (1556210)|HEAP_ALLOCATE|[56]|Bytes:5
12:03:15.0 (1573199)|HEAP_ALLOCATE|[64]|Bytes:7
12:03:15.0 (1619275)|STATEMENT_EXECUTE|[4]
12:03:15.0 (1622911)|STATEMENT_EXECUTE|[6]
12:03:15.0 (1687005)|HEAP_ALLOCATE|[6]|Bytes:4
12:03:15.0 (1807980)|HEAP_ALLOCATE|[6]|Bytes:12
12:03:15.0 (1878664)|VARIABLE_ASSIGNMENT|[6]|this.Name|"CuentaParent"|0x4695c328
12:03:15.0 (1924885)|VARIABLE_SCOPE_BEGIN|[6]|oAccountParent|Account|true|false
12:03:15.0 (1958321)|VARIABLE_ASSIGNMENT|[6]|oAccountParent|{"Name":"CuentaParent"}|0x4695c328
12:03:15.0 (1968009)|STATEMENT_EXECUTE|[7]
12:03:15.0 (1992755)|HEAP_ALLOCATE|[7]|Bytes:8
12:03:15.0 (2013763)|DML_BEGIN|[7]|Op:Insert|Type:Account|Rows:1
12:03:15.0 (2051424)|HEAP_ALLOCATE|[EXTERNAL]|Bytes:8
12:03:15.0 (13353706)|CODE_UNIT_STARTED|[EXTERNAL]|DuplicateDetector
12:03:15.0 (13380269)|DUPLICATE_DETECTION_BEGIN
12:03:15.0 (14043089)|DUPLICATE_DETECTION_RULE_INVOCATION|DuplicateRuleId:0Bm1r0000018X88|DuplicateRuleName:Standard Account Duplicate Rule|DmlType:INSERT
12:03:15.0 (35617439)|DUPLICATE_DETECTION_MATCH_INVOCATION_DETAILS|EntityType:Account|ActionTaken:Allow_[Alert,Report]|DuplicateRecordIds:
12:03:15.0 (35650593)|DUPLICATE_DETECTION_MATCH_INVOCATION_SUMMARY|EntityType:Account|NumRecordsToBeSaved:1|NumRecordsToBeSavedWithDuplicates:0|NumDuplicateRecordsFound:0
12:03:15.0 (35759910)|DUPLICATE_DETECTION_END
12:03:15.0 (35768841)|CODE_UNIT_FINISHED|DuplicateDetector
12:03:15.0 (68283851)|DML_END|[7]
12:03:15.0 (68317054)|STATEMENT_EXECUTE|[9]
12:03:15.0 (68345357)|HEAP_ALLOCATE|[9]|Bytes:4
12:03:15.0 (68372470)|HEAP_ALLOCATE|[9]|Bytes:6
12:03:15.0 (68426979)|VARIABLE_ASSIGNMENT|[9]|this.Name|"Cuenta"|0x5f7c15f1
12:03:15.0 (68463361)|VARIABLE_ASSIGNMENT|[9]|this.ParentId|"0011r00001nnbNUAAY"|0x5f7c15f1
12:03:15.0 (68556806)|HEAP_ALLOCATE|[11]|Bytes:4
12:03:15.0 (68609225)|VARIABLE_ASSIGNMENT|[9]|this.Fecha_ltima_actividad_m_s_reciente__c|"2018-01-11T00:00:00.000Z"|0x5f7c15f1
12:03:15.0 (68650116)|VARIABLE_SCOPE_BEGIN|[9]|oAccount|Account|true|false
12:03:15.0 (68680751)|VARIABLE_ASSIGNMENT|[9]|oAccount|{"Name":"Cuenta","ParentId":"0011r00001nnbNUAAY","Fecha_ltima_activida (17 more) ...":"2018-01-11T00:00:00.000Z"}|0x5f7c15f1
12:03:15.0 (68691081)|STATEMENT_EXECUTE|[12]
12:03:15.0 (68712688)|HEAP_ALLOCATE|[12]|Bytes:8
12:03:15.0 (68721751)|DML_BEGIN|[12]|Op:Insert|Type:Account|Rows:1
12:03:15.0 (68763459)|HEAP_ALLOCATE|[EXTERNAL]|Bytes:8
12:03:15.0 (72866475)|CODE_UNIT_STARTED|[EXTERNAL]|DuplicateDetector
12:03:15.0 (72879906)|DUPLICATE_DETECTION_BEGIN
12:03:15.0 (72938570)|DUPLICATE_DETECTION_RULE_INVOCATION|DuplicateRuleId:0Bm1r0000018X88|DuplicateRuleName:Standard Account Duplicate Rule|DmlType:INSERT
12:03:15.0 (82906856)|DUPLICATE_DETECTION_MATCH_INVOCATION_DETAILS|EntityType:Account|ActionTaken:Allow_[Alert,Report]|DuplicateRecordIds:
12:03:15.0 (82939128)|DUPLICATE_DETECTION_MATCH_INVOCATION_SUMMARY|EntityType:Account|NumRecordsToBeSaved:1|NumRecordsToBeSavedWithDuplicates:0|NumDuplicateRecordsFound:0
12:03:15.0 (83024790)|DUPLICATE_DETECTION_END
12:03:15.0 (83031538)|CODE_UNIT_FINISHED|DuplicateDetector
12:03:15.0 (97399093)|DML_END|[12]
12:03:15.0 (97433643)|STATEMENT_EXECUTE|[14]
12:03:15.0 (97481028)|HEAP_ALLOCATE|[14]|Bytes:4
12:03:15.0 (97567385)|HEAP_ALLOCATE|[14]|Bytes:11
12:03:15.0 (97618967)|VARIABLE_ASSIGNMENT|[14]|this.Name|"Oportunidad"|0x1ccbf36b
12:03:15.0 (97706244)|HEAP_ALLOCATE|[15]|Bytes:4
12:03:15.0 (97756770)|VARIABLE_ASSIGNMENT|[14]|this.CloseDate|"2020-01-11T00:00:00.000Z"|0x1ccbf36b
12:03:15.0 (97765678)|HEAP_ALLOCATE|[16]|Bytes:11
12:03:15.0 (97782769)|VARIABLE_ASSIGNMENT|[14]|this.StageName|"Prospecting"|0x1ccbf36b
12:03:15.0 (97817096)|VARIABLE_ASSIGNMENT|[14]|this.AccountId|"0011r00001nnbNVAAY"|0x1ccbf36b
12:03:15.0 (97854210)|VARIABLE_SCOPE_BEGIN|[14]|oOpportunity|Opportunity|true|false
12:03:15.0 (97882455)|VARIABLE_ASSIGNMENT|[14]|oOpportunity|{"Name":"Oportunidad","CloseDate":"2020-01-11T00:00:00.000Z","StageName":"Prospecting","AccountId":"0011r00001nnbNVAAY"}|0x1ccbf36b
12:03:15.0 (97891058)|STATEMENT_EXECUTE|[18]
12:03:15.0 (97909062)|HEAP_ALLOCATE|[18]|Bytes:8
12:03:15.0 (97917108)|DML_BEGIN|[18]|Op:Insert|Type:Opportunity|Rows:1
12:03:15.0 (97955344)|HEAP_ALLOCATE|[EXTERNAL]|Bytes:8
12:03:15.0 (151151205)|CODE_UNIT_STARTED|[EXTERNAL]|01q1r000000Bcgl|ClosedOpportunityTrigger on Opportunity trigger event AfterInsert
12:03:15.0 (151219769)|HEAP_ALLOCATE|[EXTERNAL]|Bytes:8
12:03:15.0 (151505910)|HEAP_ALLOCATE|[EXTERNAL]|Bytes:8
12:03:15.0 (151521570)|VARIABLE_SCOPE_BEGIN|[1]|this|ClosedOpportunityTrigger|true|false
12:03:15.0 (151583780)|VARIABLE_ASSIGNMENT|[1]|this|{}|0x2660e745
12:03:15.0 (151655944)|HEAP_ALLOCATE|[EXTERNAL]|Bytes:8
12:03:15.0 (151665809)|VARIABLE_SCOPE_BEGIN|[1]|this|ClosedOpportunityTrigger|true|false
12:03:15.0 (151680637)|VARIABLE_ASSIGNMENT|[1]|this|{}|0x2660e745
12:03:15.0 (151691445)|STATEMENT_EXECUTE|[1]
12:03:15.0 (151699138)|STATEMENT_EXECUTE|[3]
12:03:15.0 (151751072)|HEAP_ALLOCATE|[3]|Bytes:4
12:03:15.0 (151856393)|HEAP_ALLOCATE|[EXTERNAL]|Bytes:4
12:03:15.0 (151869284)|VARIABLE_ASSIGNMENT|[3]|this.taskList|[]|0x2660e745
12:03:15.0 (151879426)|HEAP_ALLOCATE|[5]|Bytes:89
12:03:15.0 (151898425)|HEAP_ALLOCATE|[5]|Bytes:4
12:03:15.0 (151908414)|HEAP_ALLOCATE|[5]|Bytes:7
12:03:15.0 (152229705)|SOQL_EXECUTE_BEGIN|[5]|Aggregations:0|SELECT Id, StageName FROM Opportunity 
12:03:15.0 (157341005)|SOQL_EXECUTE_END|[5]|Rows:0
12:03:15.0 (157506968)|HEAP_ALLOCATE|[5]|Bytes:54
12:03:15.0 (157517124)|HEAP_ALLOCATE|[5]|Bytes:8
12:03:15.0 (157545032)|SYSTEM_METHOD_ENTRY|[7]|QueryLocatorIterator.QueryLocatorIterator()
12:03:15.0 (157551318)|STATEMENT_EXECUTE|[7]
12:03:15.0 (157559142)|SYSTEM_METHOD_EXIT|[7]|QueryLocatorIterator
12:03:15.0 (157567272)|HEAP_ALLOCATE|[5]|Bytes:28
12:03:15.0 (157583792)|HEAP_ALLOCATE|[5]|Bytes:8
12:03:15.0 (157588029)|HEAP_ALLOCATE|[5]|Bytes:8
12:03:15.0 (157593666)|VARIABLE_SCOPE_BEGIN|[15]|this|Database.QueryLocatorIterator|true|false
12:03:15.0 (157646308)|VARIABLE_ASSIGNMENT|[15]|this|{}|0x786faf68
12:03:15.0 (157654175)|VARIABLE_SCOPE_BEGIN|[15]|values|List<SObject>|true|false
12:03:15.0 (157664100)|VARIABLE_ASSIGNMENT|[15]|values|null|
12:03:15.0 (157668755)|VARIABLE_SCOPE_BEGIN|[15]|ql|Database.QueryLocator|true|false
12:03:15.0 (157697910)|VARIABLE_ASSIGNMENT|[15]|ql|{"query":"SELECT Id, StageName (69 more) ..."}|0x231a8ee8
12:03:15.0 (157704902)|VARIABLE_SCOPE_BEGIN|[15]|totalNumRecords|Integer|false|false
12:03:15.0 (157714328)|VARIABLE_ASSIGNMENT|[15]|totalNumRecords|0
12:03:15.0 (157718574)|VARIABLE_SCOPE_BEGIN|[15]|queryMoreSize|Integer|false|false
12:03:15.0 (157726081)|VARIABLE_ASSIGNMENT|[15]|queryMoreSize|50000
12:03:15.0 (157821410)|HEAP_ALLOCATE|[5]|Bytes:28
12:03:15.0 (157844959)|METHOD_ENTRY|[5]||Database.QueryLocatorIterator.hasNext()
12:03:15.0 (157874632)|METHOD_EXIT|[5]||Database.QueryLocatorIterator.hasNext()
12:03:15.0 (157884632)|VARIABLE_ASSIGNMENT|[5]|opp|null|
12:03:15.0 (157892928)|STATEMENT_EXECUTE|[5]
12:03:15.0 (157938220)|STATEMENT_EXECUTE|[12]
12:03:15.157 (157944624)|CUMULATIVE_LIMIT_USAGE
12:03:15.157 (157944624)|LIMIT_USAGE_FOR_NS|(default)|
  Number of SOQL queries: 1 out of 100
  Number of query rows: 0 out of 50000
  Number of SOSL queries: 0 out of 20
  Number of DML statements: 3 out of 150
  Number of DML rows: 3 out of 10000
  Maximum CPU time: 0 out of 10000
  Maximum heap size: 0 out of 6000000
  Number of callouts: 0 out of 100
  Number of Email Invocations: 0 out of 10
  Number of future calls: 0 out of 50
  Number of queueable jobs added to the queue: 0 out of 50
  Number of Mobile Apex push calls: 0 out of 10

12:03:15.157 (157944624)|CUMULATIVE_LIMIT_USAGE_END

12:03:15.0 (159087989)|CODE_UNIT_FINISHED|ClosedOpportunityTrigger on Opportunity trigger event AfterInsert
12:03:15.0 (160306299)|DML_END|[18]
12:03:15.0 (160327371)|STATEMENT_EXECUTE|[20]
12:03:15.0 (160352672)|HEAP_ALLOCATE|[20]|Bytes:4
12:03:15.0 (160383540)|VARIABLE_SCOPE_BEGIN|[20]|listTask|List<Task>|true|false
12:03:15.0 (160394096)|HEAP_ALLOCATE|[EXTERNAL]|Bytes:4
12:03:15.0 (160406418)|VARIABLE_ASSIGNMENT|[20]|listTask|[]|0x195d2c05
12:03:15.0 (160412802)|STATEMENT_EXECUTE|[22]
12:03:15.0 (160430874)|HEAP_ALLOCATE|[22]|Bytes:4
12:03:15.0 (160503973)|HEAP_ALLOCATE|[22]|Bytes:4
12:03:15.0 (160559480)|VARIABLE_ASSIGNMENT|[22]|this.Subject|"Task"|0x1cccd4a9
12:03:15.0 (160568129)|HEAP_ALLOCATE|[23]|Bytes:6
12:03:15.0 (160585840)|VARIABLE_ASSIGNMENT|[22]|this.Priority|"Normal"|0x1cccd4a9
12:03:15.0 (160592982)|HEAP_ALLOCATE|[24]|Bytes:11
12:03:15.0 (160607767)|VARIABLE_ASSIGNMENT|[22]|this.Status|"Not Started"|0x1cccd4a9
12:03:15.0 (160649114)|VARIABLE_ASSIGNMENT|[22]|this.WhatId|"0011r00001nnbNVAAY"|0x1cccd4a9
12:03:15.0 (160709703)|HEAP_ALLOCATE|[26]|Bytes:4
12:03:15.0 (160758301)|VARIABLE_ASSIGNMENT|[22]|this.ActivityDate|"2020-01-11T00:00:00.000Z"|0x1cccd4a9
12:03:15.0 (160792373)|VARIABLE_SCOPE_BEGIN|[22]|oTask|Task|true|false
12:03:15.0 (160815559)|VARIABLE_ASSIGNMENT|[22]|oTask|{"Subject":"Task","Priority":"Normal","Status":"Not Started","WhatId":"0011r00001nnbNVAAY","ActivityDate":"2020-01-11T00:00:00.000Z"}|0x1cccd4a9
12:03:15.0 (160824417)|STATEMENT_EXECUTE|[28]
12:03:15.0 (160853853)|HEAP_ALLOCATE|[EXTERNAL]|Bytes:4
12:03:15.0 (160863014)|STATEMENT_EXECUTE|[30]
12:03:15.0 (160878646)|HEAP_ALLOCATE|[30]|Bytes:4
12:03:15.0 (160900217)|VARIABLE_ASSIGNMENT|[30]|this.Subject|"Task"|0x7d789ef1
12:03:15.0 (160914846)|VARIABLE_ASSIGNMENT|[30]|this.Priority|"Normal"|0x7d789ef1
12:03:15.0 (160927183)|VARIABLE_ASSIGNMENT|[30]|this.Status|"Not Started"|0x7d789ef1
12:03:15.0 (160955563)|VARIABLE_ASSIGNMENT|[30]|this.WhatId|"0061r00000vk6PaAAI"|0x7d789ef1
12:03:15.0 (160989470)|HEAP_ALLOCATE|[34]|Bytes:4
12:03:15.0 (161015399)|VARIABLE_ASSIGNMENT|[30]|this.ActivityDate|"2020-01-11T00:00:00.000Z"|0x7d789ef1
12:03:15.0 (161033261)|VARIABLE_SCOPE_BEGIN|[30]|oTask2|Task|true|false
12:03:15.0 (161051503)|VARIABLE_ASSIGNMENT|[30]|oTask2|{"Subject":"Task","Priority":"Normal","Status":"Not Started","WhatId":"0061r00000vk6PaAAI","ActivityDate":"2020-01-11T00:00:00.000Z"}|0x7d789ef1
12:03:15.0 (161059254)|STATEMENT_EXECUTE|[36]
12:03:15.0 (161079354)|HEAP_ALLOCATE|[EXTERNAL]|Bytes:4
12:03:15.0 (161205674)|HEAP_ALLOCATE|[38]|Bytes:5
12:03:15.0 (161225325)|HEAP_ALLOCATE|[38]|Bytes:24
12:03:15.0 (161235274)|VARIABLE_SCOPE_BEGIN|[38]|inTask|Task|true|false
12:03:15.0 (161253559)|VARIABLE_ASSIGNMENT|[38]|inTask|{"Subject":"Task","Priority":"Normal","Status":"Not Started","WhatId":"0011r00001nnbNVAAY","ActivityDate":"2020-01-11T00:00:00.000Z"}|0x1cccd4a9
12:03:15.0 (161261836)|STATEMENT_EXECUTE|[38]
12:03:15.0 (161264075)|STATEMENT_EXECUTE|[39]
12:03:15.0 (161267440)|HEAP_ALLOCATE|[39]|Bytes:9
12:03:15.0 (161304613)|VARIABLE_ASSIGNMENT|[39]|this.Status|"Completed"|0x1cccd4a9
12:03:15.0 (161320559)|HEAP_ALLOCATE|[38]|Bytes:5
12:03:15.0 (161330531)|HEAP_ALLOCATE|[38]|Bytes:24
12:03:15.0 (161337668)|VARIABLE_SCOPE_BEGIN|[38]|inTask|Task|true|false
12:03:15.0 (161353841)|VARIABLE_ASSIGNMENT|[38]|inTask|{"Subject":"Task","Priority":"Normal","Status":"Not Started","WhatId":"0061r00000vk6PaAAI","ActivityDate":"2020-01-11T00:00:00.000Z"}|0x7d789ef1
12:03:15.0 (161361574)|STATEMENT_EXECUTE|[38]
12:03:15.0 (161363370)|STATEMENT_EXECUTE|[39]
12:03:15.0 (161379709)|VARIABLE_ASSIGNMENT|[39]|this.Status|"Completed"|0x7d789ef1
12:03:15.0 (161392829)|HEAP_ALLOCATE|[38]|Bytes:5
12:03:15.0 (161403220)|VARIABLE_ASSIGNMENT|[38]|inTask|null|
12:03:15.0 (161408994)|STATEMENT_EXECUTE|[42]
12:03:15.0 (161467720)|USER_DEBUG|[42]|DEBUG|Task:{Subject=Task, Priority=Normal, Status=Completed, WhatId=0011r00001nnbNVAAY, ActivityDate=2020-01-11 00:00:00}
12:03:15.0 (161479523)|STATEMENT_EXECUTE|[44]
12:03:15.0 (161504692)|USER_DEBUG|[44]|DEBUG|Task:{Subject=Task, Priority=Normal, Status=Completed, WhatId=0061r00000vk6PaAAI, ActivityDate=2020-01-11 00:00:00}
12:03:15.0 (161513432)|STATEMENT_EXECUTE|[46]
12:03:15.0 (161561670)|USER_DEBUG|[46]|DEBUG|(Task:{Subject=Task, Priority=Normal, Status=Completed, WhatId=0011r00001nnbNVAAY, ActivityDate=2020-01-11 00:00:00}, Task:{Subject=Task, Priority=Normal, Status=Completed, WhatId=0061r00000vk6PaAAI, ActivityDate=2020-01-11 00:00:00})
12:03:15.0 (161573087)|STATEMENT_EXECUTE|[48]
12:03:15.0 (161604521)|DML_BEGIN|[48]|Op:Update|Type:Task|Rows:2
12:03:15.0 (161633204)|HEAP_ALLOCATE|[EXTERNAL]|Bytes:12
12:03:15.0 (162415628)|DML_END|[48]
12:03:15.0 (162481519)|EXCEPTION_THROWN|[48]|System.DmlException: Update failed. First exception on row 0; first error: MISSING_ARGUMENT, Id not specified in an update call: []
12:03:15.0 (162904524)|HEAP_ALLOCATE|[48]|Bytes:114
12:03:15.0 (163119274)|FATAL_ERROR|System.DmlException: Update failed. First exception on row 0; first error: MISSING_ARGUMENT, Id not specified in an update call: []

Class.TaskTest.testCerrarTarea: line 48, column 1
12:03:15.0 (163132753)|FATAL_ERROR|System.DmlException: Update failed. First exception on row 0; first error: MISSING_ARGUMENT, Id not specified in an update call: []

Class.TaskTest.testCerrarTarea: line 48, column 1
12:03:15.163 (163139987)|CUMULATIVE_LIMIT_USAGE
12:03:15.163 (163139987)|LIMIT_USAGE_FOR_NS|(default)|
  Number of SOQL queries: 1 out of 100
  Number of query rows: 0 out of 50000
  Number of SOSL queries: 0 out of 20
  Number of DML statements: 4 out of 150
  Number of DML rows: 5 out of 10000
  Maximum CPU time: 0 out of 10000
  Maximum heap size: 0 out of 6000000
  Number of callouts: 0 out of 100
  Number of Email Invocations: 0 out of 10
  Number of future calls: 0 out of 50
  Number of queueable jobs added to the queue: 0 out of 50
  Number of Mobile Apex push calls: 0 out of 10

12:03:15.163 (163139987)|CUMULATIVE_LIMIT_USAGE_END

12:03:15.0 (163167651)|CODE_UNIT_FINISHED|TaskTest.testCerrarTarea
12:03:15.0 (164110737)|EXECUTION_FINISHED
12:03:15.270 (270779898)|USER_INFO|[EXTERNAL]|0051r000007Oz5Q|lydia.abril@gmail.com|hora estándar de Europa central|GMT+02:00
12:03:15.270 (270811473)|EXECUTION_STARTED
12:03:15.270 (270815403)|CODE_UNIT_STARTED|[EXTERNAL]|DuplicateDetector
12:03:15.270 (270825915)|DUPLICATE_DETECTION_BEGIN
12:03:15.270 (270880219)|DUPLICATE_DETECTION_RULE_INVOCATION|DuplicateRuleId:0Bm1r0000018X88|DuplicateRuleName:Standard Account Duplicate Rule|DmlType:INSERT
12:03:15.270 (279578005)|DUPLICATE_DETECTION_END
12:03:15.270 (279587457)|CODE_UNIT_FINISHED|DuplicateDetector
12:03:15.270 (280400420)|EXECUTION_FINISHED
