36.0 APEX_CODE,FINEST;APEX_PROFILING,INFO;CALLOUT,INFO;DB,INFO;SYSTEM,DEBUG;VALIDATION,INFO;VISUALFORCE,INFO;WAVE,INFO;WORKFLOW,INFO
12:52:04.0 (353493)|USER_INFO|[EXTERNAL]|0051r000007Oz5Q|lydia.abril@gmail.com|hora estándar de Europa central|GMT+02:00
12:52:04.0 (430000)|EXECUTION_STARTED
12:52:04.0 (434743)|CODE_UNIT_STARTED|[EXTERNAL]|01p1r00000B5oTv|TestTextFormat.testTextFormat
12:52:04.0 (659961)|HEAP_ALLOCATE|[72]|Bytes:3
12:52:04.0 (697566)|HEAP_ALLOCATE|[77]|Bytes:152
12:52:04.0 (713913)|HEAP_ALLOCATE|[342]|Bytes:408
12:52:04.0 (727603)|HEAP_ALLOCATE|[355]|Bytes:408
12:52:04.0 (741459)|HEAP_ALLOCATE|[467]|Bytes:48
12:52:04.0 (767720)|HEAP_ALLOCATE|[139]|Bytes:6
12:52:04.0 (783616)|HEAP_ALLOCATE|[EXTERNAL]|Bytes:48
12:52:04.0 (846658)|METHOD_ENTRY|[2]|01p1r00000B5oTv|TestTextFormat.TestTextFormat()
12:52:04.0 (859453)|STATEMENT_EXECUTE|[2]
12:52:04.0 (867591)|STATEMENT_EXECUTE|[2]
12:52:04.0 (876473)|METHOD_EXIT|[2]|TestTextFormat
12:52:04.0 (972204)|HEAP_ALLOCATE|[50]|Bytes:5
12:52:04.0 (995844)|HEAP_ALLOCATE|[56]|Bytes:5
12:52:04.0 (1005049)|HEAP_ALLOCATE|[64]|Bytes:7
12:52:04.0 (1045115)|STATEMENT_EXECUTE|[4]
12:52:04.0 (1047612)|STATEMENT_EXECUTE|[6]
12:52:04.0 (1050572)|HEAP_ALLOCATE|[6]|Bytes:341
12:52:04.0 (1058806)|VARIABLE_SCOPE_BEGIN|[6]|texto|String|false|false
12:52:04.0 (1092729)|VARIABLE_ASSIGNMENT|[6]|texto|"§Fyrfadslys # [optio (321 more) ..."
12:52:04.0 (1099897)|STATEMENT_EXECUTE|[8]
12:52:04.0 (2132672)|HEAP_ALLOCATE|[8]|Bytes:1
12:52:04.0 (2143176)|HEAP_ALLOCATE|[8]|Bytes:5
12:52:04.0 (2157783)|METHOD_ENTRY|[1]|01p1r00000B5oDJ|TextFormat.TextFormat()
12:52:04.0 (2164907)|STATEMENT_EXECUTE|[1]
12:52:04.0 (2169644)|STATEMENT_EXECUTE|[1]
12:52:04.0 (2514440)|SYSTEM_MODE_ENTER|false
12:52:04.0 (2530985)|HEAP_ALLOCATE|[8]|Bytes:5
12:52:04.0 (2541986)|SYSTEM_MODE_EXIT|false
12:52:04.0 (2552881)|METHOD_EXIT|[1]|TextFormat
12:52:04.0 (2575350)|METHOD_ENTRY|[8]|01p1r00000B5oDJ|TextFormat.textFormat(String)
12:52:04.0 (2598820)|VARIABLE_SCOPE_BEGIN|[3]|texto|String|false|false
12:52:04.0 (2612356)|VARIABLE_ASSIGNMENT|[3]|texto|"§Fyrfadslys # [optio (321 more) ..."
12:52:04.0 (2637161)|SYSTEM_MODE_ENTER|false
12:52:04.0 (2643306)|HEAP_ALLOCATE|[5]|Bytes:5
12:52:04.0 (2649602)|STATEMENT_EXECUTE|[3]
12:52:04.0 (2651549)|STATEMENT_EXECUTE|[5]
12:52:04.0 (2656314)|VARIABLE_SCOPE_BEGIN|[5]|textoFinal|String|false|false
12:52:04.0 (2666738)|VARIABLE_ASSIGNMENT|[5]|textoFinal|""
12:52:04.0 (2672020)|STATEMENT_EXECUTE|[9]
12:52:04.0 (2674346)|HEAP_ALLOCATE|[10]|Bytes:4
12:52:04.0 (2750884)|STATEMENT_EXECUTE|[10]
12:52:04.0 (2754542)|HEAP_ALLOCATE|[11]|Bytes:1
12:52:04.0 (2807951)|STATEMENT_EXECUTE|[11]
12:52:04.0 (2810209)|STATEMENT_EXECUTE|[13]
12:52:04.0 (2828208)|HEAP_ALLOCATE|[13]|Bytes:339
12:52:04.0 (2837792)|VARIABLE_SCOPE_BEGIN|[13]|textoUl|String|false|false
12:52:04.0 (2849674)|VARIABLE_ASSIGNMENT|[13]|textoUl|"Fyrfadslys # [option (319 more) ..."
12:52:04.0 (2854932)|STATEMENT_EXECUTE|[15]
12:52:04.0 (2878188)|USER_DEBUG|[15]|DEBUG|Fyrfadslys # [optional bzw. nur für Handzettel] # Brænder i ca. 8 timer # RAL-kvalitet: gode brændeegenskaber pga. kvalitetskontrollerede materialer og indholdsstoffer # [Nur für RO&#124;GR] # Materiale: 60% plantevoks, 40% paraffin # [alle] # [Lieferantenadresse für Bulgarien? Mueller Fabryka Swiec S.A. &#124; 86-302 Grudziadz, Bialy Bór &#124; Polska
12:52:04.0 (2894210)|STATEMENT_EXECUTE|[17]
12:52:04.0 (2897008)|HEAP_ALLOCATE|[17]|Bytes:1
12:52:04.0 (2978795)|HEAP_ALLOCATE|[17]|Bytes:11
12:52:04.0 (2986591)|HEAP_ALLOCATE|[17]|Bytes:36
12:52:04.0 (2991554)|HEAP_ALLOCATE|[17]|Bytes:23
12:52:04.0 (2995529)|HEAP_ALLOCATE|[17]|Bytes:95
12:52:04.0 (3000209)|HEAP_ALLOCATE|[17]|Bytes:17
12:52:04.0 (3005655)|HEAP_ALLOCATE|[17]|Bytes:41
12:52:04.0 (3010340)|HEAP_ALLOCATE|[17]|Bytes:8
12:52:04.0 (3015449)|HEAP_ALLOCATE|[17]|Bytes:101
12:52:04.0 (3022755)|HEAP_ALLOCATE|[17]|Bytes:36
12:52:04.0 (3040968)|VARIABLE_SCOPE_BEGIN|[17]|partes|List<String>|true|false
12:52:04.0 (3086161)|HEAP_ALLOCATE|[EXTERNAL]|Bytes:36
12:52:04.0 (3102276)|VARIABLE_ASSIGNMENT|[17]|partes|"List of size 8 too large to display"|0x77964524
12:52:04.0 (3168396)|HEAP_ALLOCATE|[19]|Bytes:5
12:52:04.0 (3196400)|HEAP_ALLOCATE|[19]|Bytes:11
12:52:04.0 (3204396)|VARIABLE_SCOPE_BEGIN|[19]|stg|String|false|false
12:52:04.0 (3215909)|VARIABLE_ASSIGNMENT|[19]|stg|"Fyrfadslys "
12:52:04.0 (3222005)|STATEMENT_EXECUTE|[19]
12:52:04.0 (3223901)|STATEMENT_EXECUTE|[20]
12:52:04.0 (3226416)|HEAP_ALLOCATE|[20]|Bytes:4
12:52:04.0 (3230615)|HEAP_ALLOCATE|[20]|Bytes:5
12:52:04.0 (3240107)|HEAP_ALLOCATE|[20]|Bytes:20
12:52:04.0 (3247037)|HEAP_ALLOCATE|[20]|Bytes:20
12:52:04.0 (3254583)|VARIABLE_ASSIGNMENT|[20]|textoFinal|"\u003Cli\u003EFyrfadslys \u003C/li\u003E"
12:52:04.0 (3265608)|HEAP_ALLOCATE|[19]|Bytes:5
12:52:04.0 (3272693)|HEAP_ALLOCATE|[19]|Bytes:36
12:52:04.0 (3278023)|VARIABLE_SCOPE_BEGIN|[19]|stg|String|false|false
12:52:04.0 (3287356)|VARIABLE_ASSIGNMENT|[19]|stg|" [optional bzw. nur  (16 more) ..."
12:52:04.0 (3291963)|STATEMENT_EXECUTE|[19]
12:52:04.0 (3293694)|STATEMENT_EXECUTE|[20]
12:52:04.0 (3297449)|HEAP_ALLOCATE|[20]|Bytes:45
12:52:04.0 (3302275)|HEAP_ALLOCATE|[20]|Bytes:65
12:52:04.0 (3309080)|VARIABLE_ASSIGNMENT|[20]|textoFinal|"\u003Cli\u003EFyrfadslys \u003C/li\u003E (45 more) ..."
12:52:04.0 (3317788)|HEAP_ALLOCATE|[19]|Bytes:5
12:52:04.0 (3324656)|HEAP_ALLOCATE|[19]|Bytes:23
12:52:04.0 (3329352)|VARIABLE_SCOPE_BEGIN|[19]|stg|String|false|false
12:52:04.0 (3337839)|VARIABLE_ASSIGNMENT|[19]|stg|" Brænder i ca. 8 tim (3 more) ..."
12:52:04.0 (3342905)|STATEMENT_EXECUTE|[19]
12:52:04.0 (3344519)|STATEMENT_EXECUTE|[20]
12:52:04.0 (3348232)|HEAP_ALLOCATE|[20]|Bytes:32
12:52:04.0 (3352502)|HEAP_ALLOCATE|[20]|Bytes:97
12:52:04.0 (3363190)|VARIABLE_ASSIGNMENT|[20]|textoFinal|"\u003Cli\u003EFyrfadslys \u003C/li\u003E (77 more) ..."
12:52:04.0 (3372009)|HEAP_ALLOCATE|[19]|Bytes:5
12:52:04.0 (3378385)|HEAP_ALLOCATE|[19]|Bytes:95
12:52:04.0 (3383148)|VARIABLE_SCOPE_BEGIN|[19]|stg|String|false|false
12:52:04.0 (3392113)|VARIABLE_ASSIGNMENT|[19]|stg|" RAL-kvalitet: gode  (75 more) ..."
12:52:04.0 (3396714)|STATEMENT_EXECUTE|[19]
12:52:04.0 (3398713)|STATEMENT_EXECUTE|[20]
12:52:04.0 (3401899)|HEAP_ALLOCATE|[20]|Bytes:104
12:52:04.0 (3406685)|HEAP_ALLOCATE|[20]|Bytes:201
12:52:04.0 (3412863)|VARIABLE_ASSIGNMENT|[20]|textoFinal|"\u003Cli\u003EFyrfadslys \u003C/li\u003E (181 more) ..."
12:52:04.0 (3420403)|HEAP_ALLOCATE|[19]|Bytes:5
12:52:04.0 (3426579)|HEAP_ALLOCATE|[19]|Bytes:17
12:52:04.0 (3431295)|VARIABLE_SCOPE_BEGIN|[19]|stg|String|false|false
12:52:04.0 (3439994)|VARIABLE_ASSIGNMENT|[19]|stg|" [Nur für RO&#124;GR] "
12:52:04.0 (3445231)|STATEMENT_EXECUTE|[19]
12:52:04.0 (3446845)|STATEMENT_EXECUTE|[20]
12:52:04.0 (3450243)|HEAP_ALLOCATE|[20]|Bytes:26
12:52:04.0 (3454218)|HEAP_ALLOCATE|[20]|Bytes:227
12:52:04.0 (3460546)|VARIABLE_ASSIGNMENT|[20]|textoFinal|"\u003Cli\u003EFyrfadslys \u003C/li\u003E (207 more) ..."
12:52:04.0 (3468257)|HEAP_ALLOCATE|[19]|Bytes:5
12:52:04.0 (3474460)|HEAP_ALLOCATE|[19]|Bytes:41
12:52:04.0 (3478749)|VARIABLE_SCOPE_BEGIN|[19]|stg|String|false|false
12:52:04.0 (3487784)|VARIABLE_ASSIGNMENT|[19]|stg|" Materiale: 60% plan (21 more) ..."
12:52:04.0 (3492944)|STATEMENT_EXECUTE|[19]
12:52:04.0 (3494501)|STATEMENT_EXECUTE|[20]
12:52:04.0 (3497432)|HEAP_ALLOCATE|[20]|Bytes:50
12:52:04.0 (3501816)|HEAP_ALLOCATE|[20]|Bytes:277
12:52:04.0 (3507585)|VARIABLE_ASSIGNMENT|[20]|textoFinal|"\u003Cli\u003EFyrfadslys \u003C/li\u003E (257 more) ..."
12:52:04.0 (3515053)|HEAP_ALLOCATE|[19]|Bytes:5
12:52:04.0 (3521349)|HEAP_ALLOCATE|[19]|Bytes:8
12:52:04.0 (3525355)|VARIABLE_SCOPE_BEGIN|[19]|stg|String|false|false
12:52:04.0 (3533052)|VARIABLE_ASSIGNMENT|[19]|stg|" [alle] "
12:52:04.0 (3537390)|STATEMENT_EXECUTE|[19]
12:52:04.0 (3538966)|STATEMENT_EXECUTE|[20]
12:52:04.0 (3541943)|HEAP_ALLOCATE|[20]|Bytes:17
12:52:04.0 (3546720)|HEAP_ALLOCATE|[20]|Bytes:294
12:52:04.0 (3552438)|VARIABLE_ASSIGNMENT|[20]|textoFinal|"\u003Cli\u003EFyrfadslys \u003C/li\u003E (274 more) ..."
12:52:04.0 (3559620)|HEAP_ALLOCATE|[19]|Bytes:5
12:52:04.0 (3565547)|HEAP_ALLOCATE|[19]|Bytes:101
12:52:04.0 (3569858)|VARIABLE_SCOPE_BEGIN|[19]|stg|String|false|false
12:52:04.0 (3582246)|VARIABLE_ASSIGNMENT|[19]|stg|" [Lieferantenadresse (81 more) ..."
12:52:04.0 (3586436)|STATEMENT_EXECUTE|[19]
12:52:04.0 (3588171)|STATEMENT_EXECUTE|[20]
12:52:04.0 (3591039)|HEAP_ALLOCATE|[20]|Bytes:110
12:52:04.0 (3596110)|HEAP_ALLOCATE|[20]|Bytes:404
12:52:04.0 (3601774)|VARIABLE_ASSIGNMENT|[20]|textoFinal|"\u003Cli\u003EFyrfadslys \u003C/li\u003E (384 more) ..."
12:52:04.0 (3608959)|HEAP_ALLOCATE|[19]|Bytes:5
12:52:04.0 (3617673)|VARIABLE_ASSIGNMENT|[19]|stg|null
12:52:04.0 (3621930)|STATEMENT_EXECUTE|[23]
12:52:04.0 (3624374)|HEAP_ALLOCATE|[23]|Bytes:5
12:52:04.0 (3630061)|HEAP_ALLOCATE|[23]|Bytes:413
12:52:04.0 (3636725)|VARIABLE_ASSIGNMENT|[23]|textoFinal|"\u003Cul\u003E\u003Cli\u003EFyrfadslys \u003C (393 more) ..."
12:52:04.0 (3640838)|STATEMENT_EXECUTE|[24]
12:52:04.0 (3655820)|USER_DEBUG|[24]|DEBUG|<ul><li>Fyrfadslys </li><li> [optional bzw. nur für Handzettel] </li><li> Brænder i ca. 8 timer </li><li> RAL-kvalitet: gode brændeegenskaber pga. kvalitetskontrollerede materialer og indholdsstoffer </li><li> [Nur für RO&#124;GR] </li><li> Materiale: 60% plantevoks, 40% paraffin </li><li> [alle] </li><li> [Lieferantenadresse für Bulgarien? Mueller Fabryka Swiec S.A. &#124; 86-302 Grudziadz, Bialy Bór &#124; Polska</li></ul>
12:52:04.0 (3670111)|STATEMENT_EXECUTE|[29]
12:52:04.0 (3674708)|SYSTEM_MODE_EXIT|false
12:52:04.0 (3685289)|METHOD_EXIT|[8]|01p1r00000B5oDJ|TextFormat.textFormat(String)
12:52:04.0 (3693905)|VARIABLE_SCOPE_BEGIN|[8]|textoSalida|String|false|false
12:52:04.0 (3709854)|VARIABLE_ASSIGNMENT|[8]|textoSalida|"\u003Cul\u003E\u003Cli\u003EFyrfadslys \u003C (393 more) ..."
12:52:04.0 (3717578)|STATEMENT_EXECUTE|[10]
12:52:04.0 (3777091)|STATEMENT_EXECUTE|[11]
12:52:04.0 (3803381)|STATEMENT_EXECUTE|[13]
12:52:04.0 (3825581)|STATEMENT_EXECUTE|[14]
12:52:04.0 (3860991)|STATEMENT_EXECUTE|[16]
12:52:04.0 (3885472)|STATEMENT_EXECUTE|[17]
12:52:04.3 (3913780)|CUMULATIVE_LIMIT_USAGE
12:52:04.3 (3913780)|LIMIT_USAGE_FOR_NS|(default)|
  Number of SOQL queries: 0 out of 100
  Number of query rows: 0 out of 50000
  Number of SOSL queries: 0 out of 20
  Number of DML statements: 0 out of 150
  Number of DML rows: 0 out of 10000
  Maximum CPU time: 0 out of 10000
  Maximum heap size: 0 out of 6000000
  Number of callouts: 0 out of 100
  Number of Email Invocations: 0 out of 10
  Number of future calls: 0 out of 50
  Number of queueable jobs added to the queue: 0 out of 50
  Number of Mobile Apex push calls: 0 out of 10

12:52:04.3 (3913780)|CUMULATIVE_LIMIT_USAGE_END

12:52:04.0 (3963418)|CODE_UNIT_FINISHED|TestTextFormat.testTextFormat
12:52:04.0 (5073643)|EXECUTION_FINISHED
12:52:04.40 (40726861)|USER_INFO|[EXTERNAL]|0051r000007Oz5Q|lydia.abril@gmail.com|hora estándar de Europa central|GMT+02:00
12:52:04.40 (40748338)|EXECUTION_STARTED
12:52:04.40 (40752489)|CODE_UNIT_STARTED|[EXTERNAL]|01p1r00000B5oTv|TestTextFormat.testTextFormatGood
12:52:04.40 (40882174)|HEAP_ALLOCATE|[72]|Bytes:3
12:52:04.40 (40913432)|HEAP_ALLOCATE|[77]|Bytes:152
12:52:04.40 (40927623)|HEAP_ALLOCATE|[342]|Bytes:408
12:52:04.40 (40943641)|HEAP_ALLOCATE|[355]|Bytes:408
12:52:04.40 (40956881)|HEAP_ALLOCATE|[467]|Bytes:48
12:52:04.40 (40981066)|HEAP_ALLOCATE|[139]|Bytes:6
12:52:04.40 (40995161)|HEAP_ALLOCATE|[EXTERNAL]|Bytes:48
12:52:04.40 (41008134)|METHOD_ENTRY|[2]|01p1r00000B5oTv|TestTextFormat.TestTextFormat()
12:52:04.40 (41016763)|STATEMENT_EXECUTE|[2]
12:52:04.40 (41022078)|STATEMENT_EXECUTE|[2]
12:52:04.40 (41027980)|METHOD_EXIT|[2]|TestTextFormat
12:52:04.40 (41086279)|HEAP_ALLOCATE|[50]|Bytes:5
12:52:04.40 (41105106)|HEAP_ALLOCATE|[56]|Bytes:5
12:52:04.40 (41112760)|HEAP_ALLOCATE|[64]|Bytes:7
12:52:04.40 (41144273)|STATEMENT_EXECUTE|[38]
12:52:04.40 (41147124)|STATEMENT_EXECUTE|[40]
12:52:04.40 (41150201)|HEAP_ALLOCATE|[40]|Bytes:413
12:52:04.40 (41160490)|VARIABLE_SCOPE_BEGIN|[40]|texto|String|false|false
12:52:04.40 (41189382)|VARIABLE_ASSIGNMENT|[40]|texto|"\u003Cul\u003E\u003Cli\u003EFyrfadslys \u003C (393 more) ..."
12:52:04.40 (41195790)|STATEMENT_EXECUTE|[42]
12:52:04.40 (41205539)|HEAP_ALLOCATE|[42]|Bytes:1
12:52:04.40 (41211409)|HEAP_ALLOCATE|[42]|Bytes:5
12:52:04.40 (41218261)|METHOD_ENTRY|[1]|01p1r00000B5oDJ|TextFormat.TextFormat()
12:52:04.40 (41223160)|STATEMENT_EXECUTE|[1]
12:52:04.40 (41226162)|STATEMENT_EXECUTE|[1]
12:52:04.40 (41616101)|SYSTEM_MODE_ENTER|false
12:52:04.40 (41631953)|HEAP_ALLOCATE|[42]|Bytes:5
12:52:04.40 (41643791)|SYSTEM_MODE_EXIT|false
12:52:04.40 (41653146)|METHOD_EXIT|[1]|TextFormat
12:52:04.40 (41665978)|METHOD_ENTRY|[42]|01p1r00000B5oDJ|TextFormat.textFormat(String)
12:52:04.40 (41683459)|VARIABLE_SCOPE_BEGIN|[3]|texto|String|false|false
12:52:04.40 (41697463)|VARIABLE_ASSIGNMENT|[3]|texto|"\u003Cul\u003E\u003Cli\u003EFyrfadslys \u003C (393 more) ..."
12:52:04.40 (41720613)|SYSTEM_MODE_ENTER|false
12:52:04.40 (41726851)|HEAP_ALLOCATE|[5]|Bytes:5
12:52:04.40 (41733606)|STATEMENT_EXECUTE|[3]
12:52:04.40 (41735631)|STATEMENT_EXECUTE|[5]
12:52:04.40 (41740708)|VARIABLE_SCOPE_BEGIN|[5]|textoFinal|String|false|false
12:52:04.40 (41750627)|VARIABLE_ASSIGNMENT|[5]|textoFinal|""
12:52:04.40 (41756205)|STATEMENT_EXECUTE|[9]
12:52:04.40 (41758779)|HEAP_ALLOCATE|[10]|Bytes:4
12:52:04.40 (41796477)|HEAP_ALLOCATE|[10]|Bytes:2
12:52:04.40 (41811538)|STATEMENT_EXECUTE|[10]
12:52:04.40 (41814583)|STATEMENT_EXECUTE|[29]
12:52:04.40 (41819240)|SYSTEM_MODE_EXIT|false
12:52:04.40 (41830043)|METHOD_EXIT|[42]|01p1r00000B5oDJ|TextFormat.textFormat(String)
12:52:04.40 (41836261)|VARIABLE_SCOPE_BEGIN|[42]|textoSalida|String|false|false
12:52:04.40 (41845760)|VARIABLE_ASSIGNMENT|[42]|textoSalida|""
12:52:04.40 (41850848)|STATEMENT_EXECUTE|[44]
12:52:04.41 (41895254)|CUMULATIVE_LIMIT_USAGE
12:52:04.41 (41895254)|LIMIT_USAGE_FOR_NS|(default)|
  Number of SOQL queries: 0 out of 100
  Number of query rows: 0 out of 50000
  Number of SOSL queries: 0 out of 20
  Number of DML statements: 0 out of 150
  Number of DML rows: 0 out of 10000
  Maximum CPU time: 0 out of 10000
  Maximum heap size: 0 out of 6000000
  Number of callouts: 0 out of 100
  Number of Email Invocations: 0 out of 10
  Number of future calls: 0 out of 50
  Number of queueable jobs added to the queue: 0 out of 50
  Number of Mobile Apex push calls: 0 out of 10

12:52:04.41 (41895254)|CUMULATIVE_LIMIT_USAGE_END

12:52:04.40 (41932944)|CODE_UNIT_FINISHED|TestTextFormat.testTextFormatGood
12:52:04.40 (43105981)|EXECUTION_FINISHED
12:52:04.66 (66835139)|USER_INFO|[EXTERNAL]|0051r000007Oz5Q|lydia.abril@gmail.com|hora estándar de Europa central|GMT+02:00
12:52:04.66 (66855548)|EXECUTION_STARTED
12:52:04.66 (66859827)|CODE_UNIT_STARTED|[EXTERNAL]|01p1r00000B5oTv|TestTextFormat.testTextFormatNotGood
12:52:04.66 (66987682)|HEAP_ALLOCATE|[72]|Bytes:3
12:52:04.66 (67021359)|HEAP_ALLOCATE|[77]|Bytes:152
12:52:04.66 (67037590)|HEAP_ALLOCATE|[342]|Bytes:408
12:52:04.66 (67052682)|HEAP_ALLOCATE|[355]|Bytes:408
12:52:04.66 (67066340)|HEAP_ALLOCATE|[467]|Bytes:48
12:52:04.66 (67095723)|HEAP_ALLOCATE|[139]|Bytes:6
12:52:04.66 (67110900)|HEAP_ALLOCATE|[EXTERNAL]|Bytes:48
12:52:04.66 (67123871)|METHOD_ENTRY|[2]|01p1r00000B5oTv|TestTextFormat.TestTextFormat()
12:52:04.66 (67134221)|STATEMENT_EXECUTE|[2]
12:52:04.66 (67140494)|STATEMENT_EXECUTE|[2]
12:52:04.66 (67146485)|METHOD_EXIT|[2]|TestTextFormat
12:52:04.66 (67207192)|HEAP_ALLOCATE|[50]|Bytes:5
12:52:04.66 (67227030)|HEAP_ALLOCATE|[56]|Bytes:5
12:52:04.66 (67234739)|HEAP_ALLOCATE|[64]|Bytes:7
12:52:04.66 (67267468)|STATEMENT_EXECUTE|[29]
12:52:04.66 (67269932)|STATEMENT_EXECUTE|[31]
12:52:04.66 (67272706)|HEAP_ALLOCATE|[31]|Bytes:340
12:52:04.66 (67280314)|VARIABLE_SCOPE_BEGIN|[31]|texto|String|false|false
12:52:04.66 (67305392)|VARIABLE_ASSIGNMENT|[31]|texto|"Fyrfadslys # [option (320 more) ..."
12:52:04.66 (67311099)|STATEMENT_EXECUTE|[33]
12:52:04.66 (67320141)|HEAP_ALLOCATE|[33]|Bytes:1
12:52:04.66 (67325121)|HEAP_ALLOCATE|[33]|Bytes:5
12:52:04.66 (67331381)|METHOD_ENTRY|[1]|01p1r00000B5oDJ|TextFormat.TextFormat()
12:52:04.66 (67336348)|STATEMENT_EXECUTE|[1]
12:52:04.66 (67339442)|STATEMENT_EXECUTE|[1]
12:52:04.66 (67711997)|SYSTEM_MODE_ENTER|false
12:52:04.66 (67727074)|HEAP_ALLOCATE|[33]|Bytes:5
12:52:04.66 (67739801)|SYSTEM_MODE_EXIT|false
12:52:04.66 (67752908)|METHOD_EXIT|[1]|TextFormat
12:52:04.66 (67769467)|METHOD_ENTRY|[33]|01p1r00000B5oDJ|TextFormat.textFormat(String)
12:52:04.66 (67788747)|VARIABLE_SCOPE_BEGIN|[3]|texto|String|false|false
12:52:04.66 (67802222)|VARIABLE_ASSIGNMENT|[3]|texto|"Fyrfadslys # [option (320 more) ..."
12:52:04.66 (67825051)|SYSTEM_MODE_ENTER|false
12:52:04.66 (67830911)|HEAP_ALLOCATE|[5]|Bytes:5
12:52:04.66 (67837009)|STATEMENT_EXECUTE|[3]
12:52:04.66 (67839057)|STATEMENT_EXECUTE|[5]
12:52:04.66 (67844193)|VARIABLE_SCOPE_BEGIN|[5]|textoFinal|String|false|false
12:52:04.66 (67854025)|VARIABLE_ASSIGNMENT|[5]|textoFinal|""
12:52:04.66 (67859108)|STATEMENT_EXECUTE|[9]
12:52:04.66 (67861938)|HEAP_ALLOCATE|[10]|Bytes:4
12:52:04.66 (67900545)|STATEMENT_EXECUTE|[10]
12:52:04.66 (67903769)|HEAP_ALLOCATE|[11]|Bytes:1
12:52:04.66 (67924425)|STATEMENT_EXECUTE|[11]
12:52:04.66 (67926697)|STATEMENT_EXECUTE|[29]
12:52:04.66 (67930500)|SYSTEM_MODE_EXIT|false
12:52:04.66 (67938010)|METHOD_EXIT|[33]|01p1r00000B5oDJ|TextFormat.textFormat(String)
12:52:04.66 (67945322)|VARIABLE_SCOPE_BEGIN|[33]|textoSalida|String|false|false
12:52:04.66 (67954407)|VARIABLE_ASSIGNMENT|[33]|textoSalida|""
12:52:04.66 (67959518)|STATEMENT_EXECUTE|[35]
12:52:04.68 (68006638)|CUMULATIVE_LIMIT_USAGE
12:52:04.68 (68006638)|LIMIT_USAGE_FOR_NS|(default)|
  Number of SOQL queries: 0 out of 100
  Number of query rows: 0 out of 50000
  Number of SOSL queries: 0 out of 20
  Number of DML statements: 0 out of 150
  Number of DML rows: 0 out of 10000
  Maximum CPU time: 0 out of 10000
  Maximum heap size: 0 out of 6000000
  Number of callouts: 0 out of 100
  Number of Email Invocations: 0 out of 10
  Number of future calls: 0 out of 50
  Number of queueable jobs added to the queue: 0 out of 50
  Number of Mobile Apex push calls: 0 out of 10

12:52:04.68 (68006638)|CUMULATIVE_LIMIT_USAGE_END

12:52:04.66 (68042037)|CODE_UNIT_FINISHED|TestTextFormat.testTextFormatNotGood
12:52:04.66 (69170978)|EXECUTION_FINISHED
12:52:04.89 (89821354)|USER_INFO|[EXTERNAL]|0051r000007Oz5Q|lydia.abril@gmail.com|hora estándar de Europa central|GMT+02:00
12:52:04.89 (89844217)|EXECUTION_STARTED
12:52:04.89 (89848093)|CODE_UNIT_STARTED|[EXTERNAL]|01p1r00000B5oTv|TestTextFormat.testTextFormatNull
12:52:04.89 (89949047)|HEAP_ALLOCATE|[72]|Bytes:3
12:52:04.89 (89971550)|HEAP_ALLOCATE|[77]|Bytes:152
12:52:04.89 (89984181)|HEAP_ALLOCATE|[342]|Bytes:408
12:52:04.89 (89998207)|HEAP_ALLOCATE|[355]|Bytes:408
12:52:04.89 (90010828)|HEAP_ALLOCATE|[467]|Bytes:48
12:52:04.89 (90034647)|HEAP_ALLOCATE|[139]|Bytes:6
12:52:04.89 (90049187)|HEAP_ALLOCATE|[EXTERNAL]|Bytes:48
12:52:04.89 (90062696)|METHOD_ENTRY|[2]|01p1r00000B5oTv|TestTextFormat.TestTextFormat()
12:52:04.89 (90070811)|STATEMENT_EXECUTE|[2]
12:52:04.89 (90076083)|STATEMENT_EXECUTE|[2]
12:52:04.89 (90087071)|METHOD_EXIT|[2]|TestTextFormat
12:52:04.89 (90143670)|HEAP_ALLOCATE|[50]|Bytes:5
12:52:04.89 (90160317)|HEAP_ALLOCATE|[56]|Bytes:5
12:52:04.89 (90168608)|HEAP_ALLOCATE|[64]|Bytes:7
12:52:04.89 (90195856)|STATEMENT_EXECUTE|[20]
12:52:04.89 (90198876)|STATEMENT_EXECUTE|[22]
12:52:04.89 (90204744)|VARIABLE_SCOPE_BEGIN|[22]|texto|String|false|false
12:52:04.89 (90224018)|VARIABLE_ASSIGNMENT|[22]|texto|null
12:52:04.89 (90229749)|STATEMENT_EXECUTE|[24]
12:52:04.89 (90238810)|HEAP_ALLOCATE|[24]|Bytes:1
12:52:04.89 (90244330)|HEAP_ALLOCATE|[24]|Bytes:5
12:52:04.89 (90251211)|METHOD_ENTRY|[1]|01p1r00000B5oDJ|TextFormat.TextFormat()
12:52:04.89 (90256370)|STATEMENT_EXECUTE|[1]
12:52:04.89 (90259454)|STATEMENT_EXECUTE|[1]
12:52:04.89 (90597813)|SYSTEM_MODE_ENTER|false
12:52:04.89 (90611329)|HEAP_ALLOCATE|[24]|Bytes:5
12:52:04.89 (90622491)|SYSTEM_MODE_EXIT|false
12:52:04.89 (90631185)|METHOD_EXIT|[1]|TextFormat
12:52:04.89 (90643670)|METHOD_ENTRY|[24]|01p1r00000B5oDJ|TextFormat.textFormat(String)
12:52:04.89 (90663491)|VARIABLE_SCOPE_BEGIN|[3]|texto|String|false|false
12:52:04.89 (90673589)|VARIABLE_ASSIGNMENT|[3]|texto|null
12:52:04.89 (90695564)|SYSTEM_MODE_ENTER|false
12:52:04.89 (90701572)|HEAP_ALLOCATE|[5]|Bytes:5
12:52:04.89 (90708314)|STATEMENT_EXECUTE|[3]
12:52:04.89 (90710220)|STATEMENT_EXECUTE|[5]
12:52:04.89 (90715343)|VARIABLE_SCOPE_BEGIN|[5]|textoFinal|String|false|false
12:52:04.89 (90729048)|VARIABLE_ASSIGNMENT|[5]|textoFinal|""
12:52:04.89 (90734303)|STATEMENT_EXECUTE|[9]
12:52:04.89 (90735950)|STATEMENT_EXECUTE|[29]
12:52:04.89 (90739266)|SYSTEM_MODE_EXIT|false
12:52:04.89 (90747261)|METHOD_EXIT|[24]|01p1r00000B5oDJ|TextFormat.textFormat(String)
12:52:04.89 (90753199)|VARIABLE_SCOPE_BEGIN|[24]|textoSalida|String|false|false
12:52:04.89 (90762580)|VARIABLE_ASSIGNMENT|[24]|textoSalida|""
12:52:04.89 (90767103)|STATEMENT_EXECUTE|[26]
12:52:04.90 (90808616)|CUMULATIVE_LIMIT_USAGE
12:52:04.90 (90808616)|LIMIT_USAGE_FOR_NS|(default)|
  Number of SOQL queries: 0 out of 100
  Number of query rows: 0 out of 50000
  Number of SOSL queries: 0 out of 20
  Number of DML statements: 0 out of 150
  Number of DML rows: 0 out of 10000
  Maximum CPU time: 0 out of 10000
  Maximum heap size: 0 out of 6000000
  Number of callouts: 0 out of 100
  Number of Email Invocations: 0 out of 10
  Number of future calls: 0 out of 50
  Number of queueable jobs added to the queue: 0 out of 50
  Number of Mobile Apex push calls: 0 out of 10

12:52:04.90 (90808616)|CUMULATIVE_LIMIT_USAGE_END

12:52:04.89 (90840934)|CODE_UNIT_FINISHED|TestTextFormat.testTextFormatNull
12:52:04.89 (91909166)|EXECUTION_FINISHED
