42.0 APEX_CODE,FINEST;APEX_PROFILING,INFO;CALLOUT,INFO;DB,INFO;SYSTEM,DEBUG;VALIDATION,INFO;VISUALFORCE,INFO;WAVE,INFO;WORKFLOW,INFO
10:33:54.0 (268473)|USER_INFO|[EXTERNAL]|0051r000007Oz5Q|lydia.abril@gmail.com|hora estándar de Europa central|GMT+02:00
10:33:54.0 (304350)|EXECUTION_STARTED
10:33:54.0 (309061)|CODE_UNIT_STARTED|[EXTERNAL]|VisualForce View State
10:33:54.0 (5719416)|CODE_UNIT_FINISHED|VisualForce View State
10:33:54.0 (6604998)|EXECUTION_FINISHED
10:33:54.8 (8327039)|USER_INFO|[EXTERNAL]|0051r000007Oz5Q|lydia.abril@gmail.com|hora estándar de Europa central|GMT+02:00
10:33:54.8 (8341810)|EXECUTION_STARTED
10:33:54.8 (8345436)|CODE_UNIT_STARTED|[EXTERNAL]|VF: /apex/editStaticResource.apexp
10:33:54.8 (9827044)|HEAP_ALLOCATE|[EXTERNAL]|Bytes:-4
10:33:54.9 (9964223)|HEAP_ALLOCATE|[EXTERNAL]|Bytes:-4
10:33:54.11 (11134482)|HEAP_ALLOCATE|[EXTERNAL]|Bytes:-4
10:33:54.11 (11220352)|HEAP_ALLOCATE|[EXTERNAL]|Bytes:-4
10:33:54.11 (11499819)|SYSTEM_MODE_ENTER|false
10:33:54.11 (134660520)|HEAP_ALLOCATE|[EXTERNAL]|Bytes:-4
10:33:54.136 (136862868)|CUMULATIVE_LIMIT_USAGE
10:33:54.136 (136862868)|LIMIT_USAGE_FOR_NS|(default)|
  Number of SOQL queries: 0 out of 100
  Number of query rows: 0 out of 50000
  Number of SOSL queries: 0 out of 20
  Number of DML statements: 0 out of 150
  Number of DML rows: 0 out of 10000
  Maximum CPU time: 0 out of 10000
  Maximum heap size: 0 out of 6000000
  Number of callouts: 0 out of 100
  Number of Email Invocations: 0 out of 10
  Number of future calls: 0 out of 50
  Number of queueable jobs added to the queue: 0 out of 50
  Number of Mobile Apex push calls: 0 out of 10

10:33:54.136 (136862868)|CUMULATIVE_LIMIT_USAGE_END

10:33:54.8 (136921996)|CODE_UNIT_FINISHED|VF: /apex/editStaticResource.apexp
10:33:54.8 (137773163)|EXECUTION_FINISHED
