36.0 APEX_CODE,FINEST;APEX_PROFILING,INFO;CALLOUT,INFO;DB,INFO;SYSTEM,DEBUG;VALIDATION,INFO;VISUALFORCE,INFO;WAVE,INFO;WORKFLOW,INFO
09:28:16.0 (489547)|USER_INFO|[EXTERNAL]|0051r000007Oz5Q|lydia.abril@gmail.com|hora estándar de Europa central|GMT+02:00
09:28:16.0 (532902)|EXECUTION_STARTED
09:28:16.0 (537369)|CODE_UNIT_STARTED|[EXTERNAL]|01p1r000009p7mK|EventTest.testCrearEvento
09:28:16.0 (953916)|HEAP_ALLOCATE|[72]|Bytes:3
09:28:16.0 (984303)|HEAP_ALLOCATE|[77]|Bytes:152
09:28:16.0 (997642)|HEAP_ALLOCATE|[342]|Bytes:408
09:28:16.0 (1012750)|HEAP_ALLOCATE|[355]|Bytes:408
09:28:16.0 (1026655)|HEAP_ALLOCATE|[467]|Bytes:48
09:28:16.0 (1053646)|HEAP_ALLOCATE|[139]|Bytes:6
09:28:16.0 (1067851)|HEAP_ALLOCATE|[EXTERNAL]|Bytes:89
09:28:16.0 (1079360)|METHOD_ENTRY|[2]|01p1r000009p7mK|EventTest.EventTest()
09:28:16.0 (1087845)|STATEMENT_EXECUTE|[2]
09:28:16.0 (1093022)|STATEMENT_EXECUTE|[2]
09:28:16.0 (1096917)|METHOD_EXIT|[2]|EventTest
09:28:16.0 (1129515)|HEAP_ALLOCATE|[50]|Bytes:5
09:28:16.0 (1148518)|HEAP_ALLOCATE|[56]|Bytes:5
09:28:16.0 (1156678)|HEAP_ALLOCATE|[64]|Bytes:7
09:28:16.0 (1187523)|STATEMENT_EXECUTE|[4]
09:28:16.0 (1189755)|STATEMENT_EXECUTE|[6]
09:28:16.0 (1234877)|HEAP_ALLOCATE|[6]|Bytes:4
09:28:16.0 (1304164)|HEAP_ALLOCATE|[6]|Bytes:11
09:28:16.0 (1814302)|VARIABLE_ASSIGNMENT|[6]|this.Name|"CuentaPadre"|0x557e85a1
09:28:16.0 (1887194)|HEAP_ALLOCATE|[7]|Bytes:4
09:28:16.0 (1940130)|VARIABLE_ASSIGNMENT|[6]|this.Fecha_ultima_actividad_mas_reciente__c|"2018-01-11T00:00:00.000Z"|0x557e85a1
09:28:16.0 (1971240)|VARIABLE_SCOPE_BEGIN|[6]|oAccountParent|Account|true|false
09:28:16.0 (1997769)|VARIABLE_ASSIGNMENT|[6]|oAccountParent|{"Name":"CuentaPadre","Fecha_ultima_activid (18 more) ...":"2018-01-11T00:00:00.000Z"}|0x557e85a1
09:28:16.0 (2005507)|STATEMENT_EXECUTE|[8]
09:28:16.0 (2025589)|HEAP_ALLOCATE|[8]|Bytes:8
09:28:16.0 (2036373)|DML_BEGIN|[8]|Op:Insert|Type:Account|Rows:1
09:28:16.0 (2062168)|HEAP_ALLOCATE|[EXTERNAL]|Bytes:8
09:28:16.0 (11625644)|CODE_UNIT_STARTED|[EXTERNAL]|DuplicateDetector
09:28:16.0 (11643042)|DUPLICATE_DETECTION_BEGIN
09:28:16.0 (11929843)|DUPLICATE_DETECTION_RULE_INVOCATION|DuplicateRuleId:0Bm1r0000018X88|DuplicateRuleName:Standard Account Duplicate Rule|DmlType:INSERT
09:28:16.0 (29580240)|DUPLICATE_DETECTION_MATCH_INVOCATION_DETAILS|EntityType:Account|ActionTaken:Allow_[Alert,Report]|DuplicateRecordIds:
09:28:16.0 (29595029)|DUPLICATE_DETECTION_MATCH_INVOCATION_SUMMARY|EntityType:Account|NumRecordsToBeSaved:1|NumRecordsToBeSavedWithDuplicates:0|NumDuplicateRecordsFound:0
09:28:16.0 (29710269)|DUPLICATE_DETECTION_END
09:28:16.0 (29716576)|CODE_UNIT_FINISHED|DuplicateDetector
09:28:16.0 (65193499)|DML_END|[8]
09:28:16.0 (65221749)|STATEMENT_EXECUTE|[10]
09:28:16.0 (65248627)|HEAP_ALLOCATE|[10]|Bytes:4
09:28:16.0 (65272600)|HEAP_ALLOCATE|[10]|Bytes:6
09:28:16.0 (65315984)|VARIABLE_ASSIGNMENT|[10]|this.Name|"Cuenta"|0x2a4d1b5f
09:28:16.0 (65353816)|VARIABLE_ASSIGNMENT|[10]|this.ParentId|"0011r00001noh2UAAQ"|0x2a4d1b5f
09:28:16.0 (65428490)|HEAP_ALLOCATE|[12]|Bytes:4
09:28:16.0 (65474686)|VARIABLE_ASSIGNMENT|[10]|this.Fecha_ultima_actividad_mas_reciente__c|"2018-01-11T00:00:00.000Z"|0x2a4d1b5f
09:28:16.0 (65507506)|VARIABLE_SCOPE_BEGIN|[10]|oAccount|Account|true|false
09:28:16.0 (65534277)|VARIABLE_ASSIGNMENT|[10]|oAccount|{"Name":"Cuenta","ParentId":"0011r00001noh2UAAQ","Fecha_ultima_activid (18 more) ...":"2018-01-11T00:00:00.000Z"}|0x2a4d1b5f
09:28:16.0 (65541776)|STATEMENT_EXECUTE|[13]
09:28:16.0 (65558842)|HEAP_ALLOCATE|[13]|Bytes:8
09:28:16.0 (65570224)|DML_BEGIN|[13]|Op:Insert|Type:Account|Rows:1
09:28:16.0 (65602002)|HEAP_ALLOCATE|[EXTERNAL]|Bytes:8
09:28:16.0 (68605979)|CODE_UNIT_STARTED|[EXTERNAL]|DuplicateDetector
09:28:16.0 (68623670)|DUPLICATE_DETECTION_BEGIN
09:28:16.0 (68669823)|DUPLICATE_DETECTION_RULE_INVOCATION|DuplicateRuleId:0Bm1r0000018X88|DuplicateRuleName:Standard Account Duplicate Rule|DmlType:INSERT
09:28:16.0 (80605448)|DUPLICATE_DETECTION_MATCH_INVOCATION_DETAILS|EntityType:Account|ActionTaken:Allow_[Alert,Report]|DuplicateRecordIds:
09:28:16.0 (80621220)|DUPLICATE_DETECTION_MATCH_INVOCATION_SUMMARY|EntityType:Account|NumRecordsToBeSaved:1|NumRecordsToBeSavedWithDuplicates:0|NumDuplicateRecordsFound:0
09:28:16.0 (80740400)|DUPLICATE_DETECTION_END
09:28:16.0 (80751740)|CODE_UNIT_FINISHED|DuplicateDetector
09:28:16.0 (93529582)|DML_END|[13]
09:28:16.0 (93570470)|STATEMENT_EXECUTE|[15]
09:28:16.0 (93670285)|HEAP_ALLOCATE|[15]|Bytes:4
09:28:16.0 (93773439)|HEAP_ALLOCATE|[15]|Bytes:11
09:28:16.0 (95319006)|VARIABLE_ASSIGNMENT|[15]|this.Name|"Oportunidad"|0x7f2c57ad
09:28:16.0 (95417971)|HEAP_ALLOCATE|[16]|Bytes:4
09:28:16.0 (95473829)|VARIABLE_ASSIGNMENT|[15]|this.CloseDate|"2020-01-11T00:00:00.000Z"|0x7f2c57ad
09:28:16.0 (95482965)|HEAP_ALLOCATE|[17]|Bytes:11
09:28:16.0 (95500599)|VARIABLE_ASSIGNMENT|[15]|this.StageName|"Prospecting"|0x7f2c57ad
09:28:16.0 (95537649)|VARIABLE_ASSIGNMENT|[15]|this.AccountId|"0011r00001noh2VAAQ"|0x7f2c57ad
09:28:16.0 (95571289)|VARIABLE_SCOPE_BEGIN|[15]|oOpportunity|Opportunity|true|false
09:28:16.0 (95597338)|VARIABLE_ASSIGNMENT|[15]|oOpportunity|{"Name":"Oportunidad","CloseDate":"2020-01-11T00:00:00.000Z","StageName":"Prospecting","AccountId":"0011r00001noh2VAAQ"}|0x7f2c57ad
09:28:16.0 (95607257)|STATEMENT_EXECUTE|[19]
09:28:16.0 (95627012)|HEAP_ALLOCATE|[19]|Bytes:8
09:28:16.0 (95637294)|DML_BEGIN|[19]|Op:Insert|Type:Opportunity|Rows:1
09:28:16.0 (95674072)|HEAP_ALLOCATE|[EXTERNAL]|Bytes:8
09:28:16.0 (133101210)|CODE_UNIT_STARTED|[EXTERNAL]|01q1r000000Bcgl|ClosedOpportunityTrigger on Opportunity trigger event AfterInsert
09:28:16.0 (133136251)|HEAP_ALLOCATE|[EXTERNAL]|Bytes:8
09:28:16.0 (133279894)|HEAP_ALLOCATE|[EXTERNAL]|Bytes:8
09:28:16.0 (133293152)|VARIABLE_SCOPE_BEGIN|[1]|this|ClosedOpportunityTrigger|true|false
09:28:16.0 (133340896)|VARIABLE_ASSIGNMENT|[1]|this|{}|0x7be99da0
09:28:16.0 (133386498)|HEAP_ALLOCATE|[EXTERNAL]|Bytes:8
09:28:16.0 (133394974)|VARIABLE_SCOPE_BEGIN|[1]|this|ClosedOpportunityTrigger|true|false
09:28:16.0 (133408440)|VARIABLE_ASSIGNMENT|[1]|this|{}|0x7be99da0
09:28:16.0 (133418273)|STATEMENT_EXECUTE|[1]
09:28:16.0 (133420813)|STATEMENT_EXECUTE|[3]
09:28:16.0 (133457952)|HEAP_ALLOCATE|[3]|Bytes:4
09:28:16.0 (133523692)|HEAP_ALLOCATE|[EXTERNAL]|Bytes:4
09:28:16.0 (133536834)|VARIABLE_ASSIGNMENT|[3]|this.taskList|[]|0x7be99da0
09:28:16.0 (133545639)|HEAP_ALLOCATE|[5]|Bytes:89
09:28:16.0 (133558477)|HEAP_ALLOCATE|[5]|Bytes:4
09:28:16.0 (133567602)|HEAP_ALLOCATE|[5]|Bytes:7
09:28:16.0 (133796383)|SOQL_EXECUTE_BEGIN|[5]|Aggregations:0|SELECT Id, StageName FROM Opportunity 
09:28:16.0 (138676019)|SOQL_EXECUTE_END|[5]|Rows:0
09:28:16.0 (138821703)|HEAP_ALLOCATE|[5]|Bytes:54
09:28:16.0 (138831787)|HEAP_ALLOCATE|[5]|Bytes:8
09:28:16.0 (138857306)|SYSTEM_METHOD_ENTRY|[7]|QueryLocatorIterator.QueryLocatorIterator()
09:28:16.0 (138863514)|STATEMENT_EXECUTE|[7]
09:28:16.0 (138871027)|SYSTEM_METHOD_EXIT|[7]|QueryLocatorIterator
09:28:16.0 (138878450)|HEAP_ALLOCATE|[5]|Bytes:28
09:28:16.0 (138898882)|HEAP_ALLOCATE|[5]|Bytes:8
09:28:16.0 (138903470)|HEAP_ALLOCATE|[5]|Bytes:8
09:28:16.0 (138908762)|VARIABLE_SCOPE_BEGIN|[15]|this|Database.QueryLocatorIterator|true|false
09:28:16.0 (138935209)|VARIABLE_ASSIGNMENT|[15]|this|{}|0x2d9e659
09:28:16.0 (138941749)|VARIABLE_SCOPE_BEGIN|[15]|values|List<SObject>|true|false
09:28:16.0 (138950923)|VARIABLE_ASSIGNMENT|[15]|values|null|
09:28:16.0 (138955304)|VARIABLE_SCOPE_BEGIN|[15]|ql|Database.QueryLocator|true|false
09:28:16.0 (138973588)|VARIABLE_ASSIGNMENT|[15]|ql|{"query":"SELECT Id, StageName (69 more) ..."}|0x3b99fe1f
09:28:16.0 (138979736)|VARIABLE_SCOPE_BEGIN|[15]|totalNumRecords|Integer|false|false
09:28:16.0 (138988351)|VARIABLE_ASSIGNMENT|[15]|totalNumRecords|0
09:28:16.0 (138992436)|VARIABLE_SCOPE_BEGIN|[15]|queryMoreSize|Integer|false|false
09:28:16.0 (138999340)|VARIABLE_ASSIGNMENT|[15]|queryMoreSize|50000
09:28:16.0 (139083807)|HEAP_ALLOCATE|[5]|Bytes:28
09:28:16.0 (139105884)|METHOD_ENTRY|[5]||Database.QueryLocatorIterator.hasNext()
09:28:16.0 (139130800)|METHOD_EXIT|[5]||Database.QueryLocatorIterator.hasNext()
09:28:16.0 (139140489)|VARIABLE_ASSIGNMENT|[5]|opp|null|
09:28:16.0 (139147313)|STATEMENT_EXECUTE|[5]
09:28:16.0 (139188453)|STATEMENT_EXECUTE|[12]
09:28:16.139 (139193893)|CUMULATIVE_LIMIT_USAGE
09:28:16.139 (139193893)|LIMIT_USAGE_FOR_NS|(default)|
  Number of SOQL queries: 1 out of 100
  Number of query rows: 0 out of 50000
  Number of SOSL queries: 0 out of 20
  Number of DML statements: 3 out of 150
  Number of DML rows: 3 out of 10000
  Maximum CPU time: 0 out of 10000
  Maximum heap size: 0 out of 6000000
  Number of callouts: 0 out of 100
  Number of Email Invocations: 0 out of 10
  Number of future calls: 0 out of 50
  Number of queueable jobs added to the queue: 0 out of 50
  Number of Mobile Apex push calls: 0 out of 10

09:28:16.139 (139193893)|CUMULATIVE_LIMIT_USAGE_END

09:28:16.0 (140077686)|CODE_UNIT_FINISHED|ClosedOpportunityTrigger on Opportunity trigger event AfterInsert
09:28:16.0 (141341176)|DML_END|[19]
09:28:16.0 (141362889)|STATEMENT_EXECUTE|[23]
09:28:16.0 (141424734)|HEAP_ALLOCATE|[23]|Bytes:4
09:28:16.0 (141473406)|VARIABLE_SCOPE_BEGIN|[23]|listEvent|List<Event>|true|false
09:28:16.0 (141491950)|HEAP_ALLOCATE|[EXTERNAL]|Bytes:4
09:28:16.0 (141505767)|VARIABLE_ASSIGNMENT|[23]|listEvent|[]|0x16c9690c
09:28:16.0 (141516326)|STATEMENT_EXECUTE|[25]
09:28:16.0 (141536826)|HEAP_ALLOCATE|[25]|Bytes:4
09:28:16.0 (141599337)|HEAP_ALLOCATE|[25]|Bytes:5
09:28:16.0 (142878680)|VARIABLE_ASSIGNMENT|[25]|this.Subject|"Event"|0x2b112284
09:28:16.0 (142909197)|VARIABLE_ASSIGNMENT|[25]|this.IsAllDayEvent|true|0x2b112284
09:28:16.0 (143133186)|VARIABLE_ASSIGNMENT|[25]|this.WhatId|"0011r00001noh2VAAQ"|0x2b112284
09:28:16.0 (143188068)|HEAP_ALLOCATE|[28]|Bytes:4
09:28:16.0 (143236566)|VARIABLE_ASSIGNMENT|[25]|this.ActivityDate|"2020-01-11T00:00:00.000Z"|0x2b112284
09:28:16.0 (143262252)|VARIABLE_SCOPE_BEGIN|[25]|oEvent|Event|true|false
09:28:16.0 (143284214)|VARIABLE_ASSIGNMENT|[25]|oEvent|{"Subject":"Event","IsAllDayEvent":true,"WhatId":"0011r00001noh2VAAQ","ActivityDate":"2020-01-11T00:00:00.000Z"}|0x2b112284
09:28:16.0 (143291383)|STATEMENT_EXECUTE|[30]
09:28:16.0 (143322402)|HEAP_ALLOCATE|[EXTERNAL]|Bytes:4
09:28:16.0 (143332311)|STATEMENT_EXECUTE|[32]
09:28:16.0 (143367351)|DML_BEGIN|[32]|Op:Insert|Type:Event|Rows:1
09:28:16.0 (143393505)|HEAP_ALLOCATE|[EXTERNAL]|Bytes:8
09:28:16.0 (177274391)|CODE_UNIT_STARTED|[EXTERNAL]|01q1r000000j8Jb|EventTrigger on Event trigger event AfterInsert
09:28:16.0 (177307319)|HEAP_ALLOCATE|[EXTERNAL]|Bytes:8
09:28:16.0 (177392644)|HEAP_ALLOCATE|[EXTERNAL]|Bytes:8
09:28:16.0 (177405796)|VARIABLE_SCOPE_BEGIN|[1]|this|EventTrigger|true|false
09:28:16.0 (177451341)|VARIABLE_ASSIGNMENT|[1]|this|{}|0x2ab57194
09:28:16.0 (177493982)|HEAP_ALLOCATE|[EXTERNAL]|Bytes:8
09:28:16.0 (177502262)|VARIABLE_SCOPE_BEGIN|[1]|this|EventTrigger|true|false
09:28:16.0 (177515444)|VARIABLE_ASSIGNMENT|[1]|this|{}|0x2ab57194
09:28:16.0 (177525144)|STATEMENT_EXECUTE|[1]
09:28:16.0 (177527574)|STATEMENT_EXECUTE|[3]
09:28:16.0 (178231635)|VARIABLE_ASSIGNMENT|[3]|this.listNew|[{"LastModifiedDate":"2018-04-18T07:28:16.000Z","AccountId":"0011r00001noh2VAAQ","WhatId":"0011r00001noh2VAAQ","GroupEventType":"0","CreatedById":"0051r000007Oz5QAAS","DurationInMinutes":1440,"OwnerId":"0051r000007Oz5QAAS","IsAllDayEvent":true,"EndDateTime":"2020-01-11T00:00:00.000Z","IsReminderSet":false,"IsDeleted":false,"ActivityDate":"2020-01-11T00:00:00.000Z","IsRecurrence":false,"Subject":"Event","SystemModstamp":"2018-04-18T07:28:16.000Z","IsArchived":false,"StartDateTime":"2020-01-11T00:00:00.000Z","IsChild":false,"CreatedDate":"2018-04-18T07:28:16.000Z","Id":"00U1r00000nfVN8EAM","DB_Activity_Type__c":"Other","EventSubtype":"Event","IsPrivate":false,"LastModifiedById":"0051r000007Oz5QAAS","ShowAs":"Busy","IsGroupEvent":false}]|0x2ab57194
09:28:16.0 (178263886)|STATEMENT_EXECUTE|[5]
09:28:16.0 (178269546)|STATEMENT_EXECUTE|[6]
09:28:16.0 (178271340)|STATEMENT_EXECUTE|[7]
09:28:16.0 (180070133)|HEAP_ALLOCATE|[7]|Bytes:1
09:28:16.0 (180082071)|HEAP_ALLOCATE|[7]|Bytes:14
09:28:16.0 (180098036)|METHOD_ENTRY|[1]|01p1r000009p7V5|EventMethods.EventMethods()
09:28:16.0 (180105404)|STATEMENT_EXECUTE|[1]
09:28:16.0 (180110612)|STATEMENT_EXECUTE|[1]
09:28:16.0 (180455706)|SYSTEM_MODE_ENTER|false
09:28:16.0 (180469545)|HEAP_ALLOCATE|[7]|Bytes:5
09:28:16.0 (180478025)|SYSTEM_MODE_EXIT|false
09:28:16.0 (180487945)|METHOD_EXIT|[1]|EventMethods
09:28:16.0 (180509236)|METHOD_ENTRY|[7]|01p1r000009p7V5|EventMethods.CrearEvento(List<Event>)
09:28:16.0 (180538685)|VARIABLE_SCOPE_BEGIN|[3]|listEvent|List<Event>|true|false
09:28:16.0 (180699835)|VARIABLE_ASSIGNMENT|[3]|listEvent|[{"LastModifiedDate":"2018-04-18T07:28:16.000Z","AccountId":"0011r00001noh2VAAQ","WhatId":"0011r00001noh2VAAQ","GroupEventType":"0","CreatedById":"0051r000007Oz5QAAS","DurationInMinutes":1440,"OwnerId":"0051r000007Oz5QAAS","IsAllDayEvent":true,"EndDateTime":"2020-01-11T00:00:00.000Z","IsReminderSet":false,"IsDeleted":false,"ActivityDate":"2020-01-11T00:00:00.000Z","IsRecurrence":false,"Subject":"Event","SystemModstamp":"2018-04-18T07:28:16.000Z","IsArchived":false,"StartDateTime":"2020-01-11T00:00:00.000Z","IsChild":false,"CreatedDate":"2018-04-18T07:28:16.000Z","Id":"00U1r00000nfVN8EAM","DB_Activity_Type__c":"Other","EventSubtype":"Event","IsPrivate":false,"LastModifiedById":"0051r000007Oz5QAAS","ShowAs":"Busy","IsGroupEvent":false}]|0x4ad307e5
09:28:16.0 (180731397)|SYSTEM_MODE_ENTER|false
09:28:16.0 (180738684)|HEAP_ALLOCATE|[5]|Bytes:5
09:28:16.0 (180744880)|STATEMENT_EXECUTE|[3]
09:28:16.0 (180784490)|STATEMENT_EXECUTE|[5]
09:28:16.0 (180786630)|STATEMENT_EXECUTE|[7]
09:28:16.0 (180824206)|HEAP_ALLOCATE|[7]|Bytes:4
09:28:16.0 (180870479)|VARIABLE_SCOPE_BEGIN|[7]|listAcInsert|List<Account>|true|false
09:28:16.0 (180885373)|HEAP_ALLOCATE|[EXTERNAL]|Bytes:4
09:28:16.0 (180893636)|VARIABLE_ASSIGNMENT|[7]|listAcInsert|[]|0x54d241a4
09:28:16.0 (180899559)|STATEMENT_EXECUTE|[9]
09:28:16.0 (180910048)|HEAP_ALLOCATE|[9]|Bytes:4
09:28:16.0 (180934014)|VARIABLE_SCOPE_BEGIN|[9]|setEventIds|Set<String>|true|false
09:28:16.0 (180954334)|VARIABLE_ASSIGNMENT|[9]|setEventIds|[]|0x4f4025b9
09:28:16.0 (181053025)|HEAP_ALLOCATE|[11]|Bytes:5
09:28:16.0 (181071792)|VARIABLE_SCOPE_BEGIN|[11]|inEvent|Event|true|false
09:28:16.0 (181261138)|VARIABLE_ASSIGNMENT|[11]|inEvent|{"LastModifiedDate":"2018-04-18T07:28:16.000Z","AccountId":"0011r00001noh2VAAQ","WhatId":"0011r00001noh2VAAQ","GroupEventType":"0","CreatedById":"0051r000007Oz5QAAS","DurationInMinutes":1440,"OwnerId":"0051r000007Oz5QAAS","IsAllDayEvent":true,"EndDateTime":"2020-01-11T00:00:00.000Z","IsReminderSet":false,"IsDeleted":false,"ActivityDate":"2020-01-11T00:00:00.000Z","IsRecurrence":false,"Subject":"Event","SystemModstamp":"2018-04-18T07:28:16.000Z","IsArchived":false,"StartDateTime":"2020-01-11T00:00:00.000Z","IsChild":false,"CreatedDate":"2018-04-18T07:28:16.000Z","Id":"00U1r00000nfVN8EAM","DB_Activity_Type__c":"Other","EventSubtype":"Event","IsPrivate":false,"LastModifiedById":"0051r000007Oz5QAAS","ShowAs":"Busy","IsGroupEvent":false}|0x3fb217cd
09:28:16.0 (181277358)|STATEMENT_EXECUTE|[11]
09:28:16.0 (181279346)|STATEMENT_EXECUTE|[12]
09:28:16.0 (181283220)|HEAP_ALLOCATE|[12]|Bytes:36
09:28:16.0 (181536260)|HEAP_ALLOCATE|[12]|Bytes:1031
09:28:16.0 (181562298)|HEAP_ALLOCATE|[12]|Bytes:1067
09:28:16.0 (181578984)|USER_DEBUG|[12]|DEBUG|EventMethods.CrearEvento.inEvent :: Event:{Id=00U1r00000nfVN8EAM, WhoId=null, WhatId=0011r00001noh2VAAQ, Subject=Event, Location=null, IsAllDayEvent=true, ActivityDateTime=null, ActivityDate=2020-01-11 00:00:00, DurationInMinutes=1440, StartDateTime=2020-01-11 00:00:00, EndDateTime=2020-01-11 00:00:00, Description=null, AccountId=0011r00001noh2VAAQ, OwnerId=0051r000007Oz5QAAS, Type=null, IsPrivate=false, ShowAs=Busy, IsDeleted=false, IsChild=false, IsGroupEvent=false, GroupEventType=0, CreatedDate=2018-04-18 07:28:16, CreatedById=0051r000007Oz5QAAS, LastModifiedDate=2018-04-18 07:28:16, LastModifiedById=0051r000007Oz5QAAS, SystemModstamp=2018-04-18 07:28:16, IsArchived=false, RecurrenceActivityId=null, IsRecurrence=false, RecurrenceStartDateTime=null, RecurrenceEndDateOnly=null, RecurrenceTimeZoneSidKey=null, RecurrenceType=null, RecurrenceInterval=null, RecurrenceDayOfWeekMask=null, RecurrenceDayOfMonth=null, RecurrenceInstance=null, RecurrenceMonthOfYear=null, ReminderDateTime=null, IsReminderSet=false, EventSubtype=Event, DB_Activity_Type__c=Other}
09:28:16.0 (181598611)|STATEMENT_EXECUTE|[13]
09:28:16.0 (181647435)|HEAP_ALLOCATE|[EXTERNAL]|Bytes:4
09:28:16.0 (181666027)|HEAP_ALLOCATE|[11]|Bytes:5
09:28:16.0 (181679101)|VARIABLE_ASSIGNMENT|[11]|inEvent|null|
09:28:16.0 (181684516)|STATEMENT_EXECUTE|[16]
09:28:16.0 (181688080)|HEAP_ALLOCATE|[16]|Bytes:40
09:28:16.0 (181716482)|HEAP_ALLOCATE|[16]|Bytes:20
09:28:16.0 (181728168)|HEAP_ALLOCATE|[16]|Bytes:60
09:28:16.0 (181736613)|USER_DEBUG|[16]|DEBUG|EventMethods.CrearEvento.setEventIds :: {00U1r00000nfVN8EAM}
09:28:16.0 (181743864)|STATEMENT_EXECUTE|[19]
09:28:16.0 (181758634)|HEAP_ALLOCATE|[19]|Bytes:4
09:28:16.0 (181776173)|HEAP_ALLOCATE|[19]|Bytes:215
09:28:16.0 (181788261)|HEAP_ALLOCATE|[19]|Bytes:4
09:28:16.0 (181820490)|HEAP_ALLOCATE|[19]|Bytes:8
09:28:16.0 (181828990)|HEAP_ALLOCATE|[19]|Bytes:8
09:28:16.0 (182836662)|SOQL_EXECUTE_BEGIN|[19]|Aggregations:0|SELECT WhatId, ActivityDate, TYPEOF What WHEN Account THEN Parent.Fecha_ultima_actividad_mas_reciente__c WHEN Opportunity THEN Account.Parent.Fecha_ultima_actividad_mas_reciente__c END FROM Event WHERE Id = :tmpVar1
09:28:16.0 (192850516)|SOQL_EXECUTE_END|[19]|Rows:1
09:28:16.0 (192877588)|HEAP_ALLOCATE|[19]|Bytes:8
09:28:16.0 (192907468)|HEAP_ALLOCATE|[19]|Bytes:227
09:28:16.0 (192937441)|HEAP_ALLOCATE|[19]|Bytes:8
09:28:16.0 (192966915)|HEAP_ALLOCATE|[19]|Bytes:20
09:28:16.0 (192972514)|HEAP_ALLOCATE|[19]|Bytes:20
09:28:16.0 (192975718)|HEAP_ALLOCATE|[19]|Bytes:4
09:28:16.0 (192984485)|VARIABLE_SCOPE_BEGIN|[19]|listEventType|List<Event>|true|false
09:28:16.0 (192995887)|HEAP_ALLOCATE|[EXTERNAL]|Bytes:8
09:28:16.0 (193040096)|VARIABLE_ASSIGNMENT|[19]|listEventType|[{"WhatId":"0011r00001noh2VAAQ","ActivityDate":"2020-01-11T00:00:00.000Z","Id":"00U1r00000nfVN8EAM","What":{"Id":"0011r00001noh2VAAQ","ParentId":"0011r00001noh2UAAQ","Parent":{"Id":"0011r00001noh2UAAQ","Fecha_ultima_activid (18 more) ...":"2018-01-11T00:00:00.000Z"}}}]|0x274ff695
09:28:16.0 (193053506)|STATEMENT_EXECUTE|[27]
09:28:16.0 (193058551)|HEAP_ALLOCATE|[27]|Bytes:42
09:28:16.0 (193142427)|HEAP_ALLOCATE|[27]|Bytes:92
09:28:16.0 (193160376)|HEAP_ALLOCATE|[27]|Bytes:134
09:28:16.0 (193174129)|USER_DEBUG|[27]|DEBUG|EventMethods.CrearEvento.listEventType :: (Event:{WhatId=0011r00001noh2VAAQ, ActivityDate=2020-01-11 00:00:00, Id=00U1r00000nfVN8EAM})
09:28:16.0 (193211853)|HEAP_ALLOCATE|[30]|Bytes:5
09:28:16.0 (193224840)|HEAP_ALLOCATE|[30]|Bytes:20
09:28:16.0 (193233549)|VARIABLE_SCOPE_BEGIN|[30]|inEvent|Event|true|false
09:28:16.0 (193258571)|VARIABLE_ASSIGNMENT|[30]|inEvent|{"WhatId":"0011r00001noh2VAAQ","ActivityDate":"2020-01-11T00:00:00.000Z","Id":"00U1r00000nfVN8EAM","What":{"Id":"0011r00001noh2VAAQ","ParentId":"0011r00001noh2UAAQ","Parent":{"Id":"0011r00001noh2UAAQ","Fecha_ultima_activid (18 more) ...":"2018-01-11T00:00:00.000Z"}}}|0x429b1066
09:28:16.0 (193267774)|STATEMENT_EXECUTE|[30]
09:28:16.0 (193300676)|HEAP_ALLOCATE|[31]|Bytes:37
09:28:16.0 (193336277)|HEAP_ALLOCATE|[37]|Bytes:33
09:28:16.0 (193348117)|STATEMENT_EXECUTE|[37]
09:28:16.0 (193350392)|STATEMENT_EXECUTE|[38]
09:28:16.0 (193353165)|HEAP_ALLOCATE|[38]|Bytes:7
09:28:16.0 (193371918)|USER_DEBUG|[38]|DEBUG|Account
09:28:16.0 (193453077)|STATEMENT_EXECUTE|[40]
09:28:16.0 (193455527)|STATEMENT_EXECUTE|[41]
09:28:16.0 (193509744)|VARIABLE_ASSIGNMENT|[41]|this.Fecha_ultima_actividad_mas_reciente__c|"2020-01-11T00:00:00.000Z"|0x7ae4b897
09:28:16.0 (193517881)|STATEMENT_EXECUTE|[42]
09:28:16.0 (193549488)|HEAP_ALLOCATE|[EXTERNAL]|Bytes:4
09:28:16.0 (193565719)|HEAP_ALLOCATE|[30]|Bytes:5
09:28:16.0 (193578308)|VARIABLE_ASSIGNMENT|[30]|inEvent|null|
09:28:16.0 (193584050)|STATEMENT_EXECUTE|[46]
09:28:16.0 (193625762)|DML_BEGIN|[46]|Op:Update|Type:Account|Rows:1
09:28:16.0 (193652656)|HEAP_ALLOCATE|[EXTERNAL]|Bytes:8
09:28:16.0 (199570123)|CODE_UNIT_STARTED|[EXTERNAL]|01q1r000000j8Jg|AccountTrigger on Account trigger event BeforeUpdate
09:28:16.0 (199602587)|HEAP_ALLOCATE|[EXTERNAL]|Bytes:8
09:28:16.0 (199625277)|HEAP_ALLOCATE|[EXTERNAL]|Bytes:8
09:28:16.0 (199730579)|HEAP_ALLOCATE|[EXTERNAL]|Bytes:12
09:28:16.0 (199742839)|VARIABLE_SCOPE_BEGIN|[1]|this|AccountTrigger|true|false
09:28:16.0 (199786847)|VARIABLE_ASSIGNMENT|[1]|this|{}|0x302daaec
09:28:16.0 (199834741)|HEAP_ALLOCATE|[EXTERNAL]|Bytes:12
09:28:16.0 (199843155)|VARIABLE_SCOPE_BEGIN|[1]|this|AccountTrigger|true|false
09:28:16.0 (199856049)|VARIABLE_ASSIGNMENT|[1]|this|{}|0x302daaec
09:28:16.0 (199863589)|STATEMENT_EXECUTE|[1]
09:28:16.0 (199865864)|STATEMENT_EXECUTE|[3]
09:28:16.0 (200401297)|VARIABLE_ASSIGNMENT|[3]|this.listNew|[{"LastModifiedDate":"2018-04-18T07:28:16.000Z","IsDeleted":false,"CleanStatus":"Pending","Fecha_ultima_activid (18 more) ...":"2020-01-11T00:00:00.000Z","OwnerId":"0051r000007Oz5QAAS","CreatedById":"0051r000007Oz5QAAS","Match_Billing_Addres (4 more) ...":false,"CreatedDate":"2018-04-18T07:28:16.000Z","Id":"0011r00001noh2UAAQ","LastModifiedById":"0051r000007Oz5QAAS","SystemModstamp":"2018-04-18T07:28:16.000Z","Name":"CuentaPadre"}]|0x302daaec
09:28:16.0 (200416321)|STATEMENT_EXECUTE|[5]
09:28:16.0 (200785345)|VARIABLE_ASSIGNMENT|[5]|this.mapOld|{"0011r00001noh2UAAQ":{"LastModifiedDate":"2018-04-18T07:28:16.000Z","IsDeleted":false,"CleanStatus":"Pending","Fecha_ultima_activid (18 more) ...":"2018-01-11T00:00:00.000Z","OwnerId":"0051r000007Oz5QAAS","CreatedById":"0051r000007Oz5QAAS","Match_Billing_Addres (4 more) ...":false,"CreatedDate":"2018-04-18T07:28:16.000Z","Id":"0011r00001noh2UAAQ","LastModifiedById":"0051r000007Oz5QAAS","SystemModstamp":"2018-04-18T07:28:16.000Z","Name":"CuentaPadre"}}|0x302daaec
09:28:16.0 (200804750)|STATEMENT_EXECUTE|[7]
09:28:16.0 (200811550)|STATEMENT_EXECUTE|[8]
09:28:16.0 (200813969)|STATEMENT_EXECUTE|[9]
09:28:16.0 (202095027)|HEAP_ALLOCATE|[9]|Bytes:1
09:28:16.0 (202117428)|METHOD_ENTRY|[1]|01p1r000009p8Bf|AccountMethods.AccountMethods()
09:28:16.0 (202127140)|STATEMENT_EXECUTE|[1]
09:28:16.0 (202132507)|STATEMENT_EXECUTE|[1]
09:28:16.0 (202143504)|HEAP_ALLOCATE|[9]|Bytes:5
09:28:16.0 (202155829)|METHOD_EXIT|[1]|AccountMethods
09:28:16.0 (202179284)|METHOD_ENTRY|[9]|01p1r000009p8Bf|AccountMethods.ActualizarCuentaHija(List<Account>, Map<Id,Account>)
09:28:16.0 (202208340)|VARIABLE_SCOPE_BEGIN|[3]|listAccount|List<Account>|true|false
09:28:16.0 (202554715)|VARIABLE_ASSIGNMENT|[3]|listAccount|[{"LastModifiedDate":"2018-04-18T07:28:16.000Z","IsDeleted":false,"CleanStatus":"Pending","Fecha_ultima_activid (18 more) ...":"2020-01-11T00:00:00.000Z","OwnerId":"0051r000007Oz5QAAS","CreatedById":"0051r000007Oz5QAAS","Match_Billing_Addres (4 more) ...":false,"CreatedDate":"2018-04-18T07:28:16.000Z","Id":"0011r00001noh2UAAQ","LastModifiedById":"0051r000007Oz5QAAS","SystemModstamp":"2018-04-18T07:28:16.000Z","Name":"CuentaPadre"}]|0xa9b0bdc
09:28:16.0 (202570231)|VARIABLE_SCOPE_BEGIN|[3]|mapOld|Map<Id,Account>|true|false
09:28:16.0 (202873809)|VARIABLE_ASSIGNMENT|[3]|mapOld|{"0011r00001noh2UAAQ":{"LastModifiedDate":"2018-04-18T07:28:16.000Z","IsDeleted":false,"CleanStatus":"Pending","Fecha_ultima_activid (18 more) ...":"2018-01-11T00:00:00.000Z","OwnerId":"0051r000007Oz5QAAS","CreatedById":"0051r000007Oz5QAAS","Match_Billing_Addres (4 more) ...":false,"CreatedDate":"2018-04-18T07:28:16.000Z","Id":"0011r00001noh2UAAQ","LastModifiedById":"0051r000007Oz5QAAS","SystemModstamp":"2018-04-18T07:28:16.000Z","Name":"CuentaPadre"}}|0x1147fb31
09:28:16.0 (202904445)|HEAP_ALLOCATE|[5]|Bytes:5
09:28:16.0 (202911218)|STATEMENT_EXECUTE|[3]
09:28:16.0 (202953671)|STATEMENT_EXECUTE|[5]
09:28:16.0 (202955930)|STATEMENT_EXECUTE|[8]
09:28:16.0 (202970292)|HEAP_ALLOCATE|[8]|Bytes:4
09:28:16.0 (202994415)|VARIABLE_SCOPE_BEGIN|[8]|listAccountIds|List<String>|true|false
09:28:16.0 (203017205)|HEAP_ALLOCATE|[EXTERNAL]|Bytes:4
09:28:16.0 (203027208)|VARIABLE_ASSIGNMENT|[8]|listAccountIds|[]|0xf7113be
09:28:16.0 (203033239)|STATEMENT_EXECUTE|[9]
09:28:16.0 (203065783)|HEAP_ALLOCATE|[9]|Bytes:4
09:28:16.0 (203091670)|VARIABLE_SCOPE_BEGIN|[9]|mapAccountParent|Map<String,Account>|true|false
09:28:16.0 (203105721)|VARIABLE_ASSIGNMENT|[9]|mapAccountParent|{}|0x191b6ece
09:28:16.0 (203208036)|HEAP_ALLOCATE|[11]|Bytes:5
09:28:16.0 (203224468)|HEAP_ALLOCATE|[11]|Bytes:4
09:28:16.0 (203235076)|VARIABLE_SCOPE_BEGIN|[11]|inAccount|Account|true|false
09:28:16.0 (203573737)|VARIABLE_ASSIGNMENT|[11]|inAccount|{"LastModifiedDate":"2018-04-18T07:28:16.000Z","IsDeleted":false,"CleanStatus":"Pending","Fecha_ultima_activid (18 more) ...":"2020-01-11T00:00:00.000Z","OwnerId":"0051r000007Oz5QAAS","CreatedById":"0051r000007Oz5QAAS","Match_Billing_Addres (4 more) ...":false,"CreatedDate":"2018-04-18T07:28:16.000Z","Id":"0011r00001noh2UAAQ","LastModifiedById":"0051r000007Oz5QAAS","SystemModstamp":"2018-04-18T07:28:16.000Z","Name":"CuentaPadre"}|0x653ca7e9
09:28:16.0 (203587045)|STATEMENT_EXECUTE|[11]
09:28:16.0 (203668183)|STATEMENT_EXECUTE|[13]
09:28:16.0 (203670799)|STATEMENT_EXECUTE|[14]
09:28:16.0 (203705877)|HEAP_ALLOCATE|[EXTERNAL]|Bytes:4
09:28:16.0 (203715599)|STATEMENT_EXECUTE|[15]
09:28:16.0 (203744351)|HEAP_ALLOCATE|[EXTERNAL]|Bytes:-4
09:28:16.0 (203760900)|HEAP_ALLOCATE|[11]|Bytes:5
09:28:16.0 (203774750)|VARIABLE_ASSIGNMENT|[11]|inAccount|null|
09:28:16.0 (203781412)|STATEMENT_EXECUTE|[20]
09:28:16.0 (203785172)|HEAP_ALLOCATE|[20]|Bytes:99
09:28:16.0 (203797035)|HEAP_ALLOCATE|[20]|Bytes:4
09:28:16.0 (203972688)|SOQL_EXECUTE_BEGIN|[20]|Aggregations:0|SELECT Id, Fecha_ultima_actividad_mas_reciente__c, ParentId FROM Account WHERE ParentId IN :tmpVar1
09:28:16.0 (228322024)|SOQL_EXECUTE_END|[20]|Rows:1
09:28:16.0 (228355388)|HEAP_ALLOCATE|[20]|Bytes:8
09:28:16.0 (228376366)|HEAP_ALLOCATE|[20]|Bytes:105
09:28:16.0 (228431829)|HEAP_ALLOCATE|[20]|Bytes:8
09:28:16.0 (228452812)|VARIABLE_SCOPE_BEGIN|[20]|listAccountChild|List<Account>|true|false
09:28:16.0 (228501733)|VARIABLE_ASSIGNMENT|[20]|listAccountChild|[{"Id":"0011r00001noh2VAAQ","Fecha_ultima_activid (18 more) ...":"2018-01-11T00:00:00.000Z","ParentId":"0011r00001noh2UAAQ"}]|0x51d4db6b
09:28:16.0 (228577618)|HEAP_ALLOCATE|[23]|Bytes:5
09:28:16.0 (228598058)|HEAP_ALLOCATE|[23]|Bytes:16
09:28:16.0 (228611198)|VARIABLE_SCOPE_BEGIN|[23]|inAccount|Account|true|false
09:28:16.0 (228630642)|VARIABLE_ASSIGNMENT|[23]|inAccount|{"Id":"0011r00001noh2VAAQ","Fecha_ultima_activid (18 more) ...":"2018-01-11T00:00:00.000Z","ParentId":"0011r00001noh2UAAQ"}|0x370ee0eb
09:28:16.0 (228642477)|STATEMENT_EXECUTE|[23]
09:28:16.0 (228644991)|STATEMENT_EXECUTE|[24]
09:28:16.0 (228787638)|VARIABLE_ASSIGNMENT|[24]|this.Fecha_ultima_actividad_mas_reciente__c|"2020-01-11T00:00:00.000Z"|0x370ee0eb
09:28:16.0 (228812036)|HEAP_ALLOCATE|[23]|Bytes:5
09:28:16.0 (228826299)|VARIABLE_ASSIGNMENT|[23]|inAccount|null|
09:28:16.0 (228833043)|STATEMENT_EXECUTE|[27]
09:28:16.0 (228876952)|DML_BEGIN|[27]|Op:Update|Type:Account|Rows:1
09:28:16.0 (228903395)|HEAP_ALLOCATE|[EXTERNAL]|Bytes:8
09:28:16.0 (233803682)|CODE_UNIT_STARTED|[EXTERNAL]|01q1r000000j8Jg|AccountTrigger on Account trigger event BeforeUpdate
09:28:16.0 (233861629)|HEAP_ALLOCATE|[EXTERNAL]|Bytes:8
09:28:16.0 (233909944)|HEAP_ALLOCATE|[EXTERNAL]|Bytes:8
09:28:16.0 (233979663)|HEAP_ALLOCATE|[EXTERNAL]|Bytes:12
09:28:16.0 (233995792)|VARIABLE_SCOPE_BEGIN|[1]|this|AccountTrigger|true|false
09:28:16.0 (234032425)|VARIABLE_ASSIGNMENT|[1]|this|{}|0x2bcf887f
09:28:16.0 (234075430)|HEAP_ALLOCATE|[EXTERNAL]|Bytes:12
09:28:16.0 (234082759)|VARIABLE_SCOPE_BEGIN|[1]|this|AccountTrigger|true|false
09:28:16.0 (234097964)|VARIABLE_ASSIGNMENT|[1]|this|{}|0x2bcf887f
09:28:16.0 (234107086)|STATEMENT_EXECUTE|[1]
09:28:16.0 (234110168)|STATEMENT_EXECUTE|[3]
09:28:16.0 (234609440)|VARIABLE_ASSIGNMENT|[3]|this.listNew|[{"ParentId":"0011r00001noh2UAAQ","LastModifiedDate":"2018-04-18T07:28:16.000Z","IsDeleted":false,"Fecha_ultima_activid (18 more) ...":"2020-01-11T00:00:00.000Z","SystemModstamp":"2018-04-18T07:28:16.000Z","Name":"Cuenta","CleanStatus":"Pending","OwnerId":"0051r000007Oz5QAAS","CreatedById":"0051r000007Oz5QAAS","Match_Billing_Addres (4 more) ...":false,"LastActivityDate":"2020-01-11T00:00:00.000Z","CreatedDate":"2018-04-18T07:28:16.000Z","Id":"0011r00001noh2VAAQ","LastModifiedById":"0051r000007Oz5QAAS"}]|0x2bcf887f
09:28:16.0 (234625558)|STATEMENT_EXECUTE|[5]
09:28:16.0 (235014585)|VARIABLE_ASSIGNMENT|[5]|this.mapOld|{"0011r00001noh2VAAQ":{"ParentId":"0011r00001noh2UAAQ","LastModifiedDate":"2018-04-18T07:28:16.000Z","IsDeleted":false,"Fecha_ultima_activid (18 more) ...":"2018-01-11T00:00:00.000Z","SystemModstamp":"2018-04-18T07:28:16.000Z","Name":"Cuenta","CleanStatus":"Pending","OwnerId":"0051r000007Oz5QAAS","CreatedById":"0051r000007Oz5QAAS","Match_Billing_Addres (4 more) ...":false,"CreatedDate":"2018-04-18T07:28:16.000Z","Id":"0011r00001noh2VAAQ","LastModifiedById":"0051r000007Oz5QAAS"}}|0x2bcf887f
09:28:16.0 (235034016)|STATEMENT_EXECUTE|[7]
09:28:16.0 (235039359)|STATEMENT_EXECUTE|[8]
09:28:16.0 (235041059)|STATEMENT_EXECUTE|[9]
09:28:16.0 (235054648)|METHOD_ENTRY|[9]|01p1r000009p8Bf|AccountMethods.ActualizarCuentaHija(List<Account>, Map<Id,Account>)
09:28:16.0 (235063722)|VARIABLE_SCOPE_BEGIN|[3]|listAccount|List<Account>|true|false
09:28:16.0 (235668872)|VARIABLE_ASSIGNMENT|[3]|listAccount|[{"ParentId":"0011r00001noh2UAAQ","LastModifiedDate":"2018-04-18T07:28:16.000Z","IsDeleted":false,"Fecha_ultima_activid (18 more) ...":"2020-01-11T00:00:00.000Z","SystemModstamp":"2018-04-18T07:28:16.000Z","Name":"Cuenta","CleanStatus":"Pending","OwnerId":"0051r000007Oz5QAAS","CreatedById":"0051r000007Oz5QAAS","Match_Billing_Addres (4 more) ...":false,"LastActivityDate":"2020-01-11T00:00:00.000Z","CreatedDate":"2018-04-18T07:28:16.000Z","Id":"0011r00001noh2VAAQ","LastModifiedById":"0051r000007Oz5QAAS"}]|0x21fc8042
09:28:16.0 (235682832)|VARIABLE_SCOPE_BEGIN|[3]|mapOld|Map<Id,Account>|true|false
09:28:16.0 (236309508)|VARIABLE_ASSIGNMENT|[3]|mapOld|{"0011r00001noh2VAAQ":{"ParentId":"0011r00001noh2UAAQ","LastModifiedDate":"2018-04-18T07:28:16.000Z","IsDeleted":false,"Fecha_ultima_activid (18 more) ...":"2018-01-11T00:00:00.000Z","SystemModstamp":"2018-04-18T07:28:16.000Z","Name":"Cuenta","CleanStatus":"Pending","OwnerId":"0051r000007Oz5QAAS","CreatedById":"0051r000007Oz5QAAS","Match_Billing_Addres (4 more) ...":false,"CreatedDate":"2018-04-18T07:28:16.000Z","Id":"0011r00001noh2VAAQ","LastModifiedById":"0051r000007Oz5QAAS"}}|0x267a9f37
09:28:16.0 (236339997)|HEAP_ALLOCATE|[5]|Bytes:5
09:28:16.0 (236347098)|STATEMENT_EXECUTE|[3]
09:28:16.0 (236363593)|STATEMENT_EXECUTE|[5]
09:28:16.0 (236365473)|STATEMENT_EXECUTE|[8]
09:28:16.0 (236377906)|HEAP_ALLOCATE|[8]|Bytes:4
09:28:16.0 (236392304)|VARIABLE_SCOPE_BEGIN|[8]|listAccountIds|List<String>|true|false
09:28:16.0 (236415470)|HEAP_ALLOCATE|[EXTERNAL]|Bytes:4
09:28:16.0 (236424772)|VARIABLE_ASSIGNMENT|[8]|listAccountIds|[]|0x5518ebb0
09:28:16.0 (236430961)|STATEMENT_EXECUTE|[9]
09:28:16.0 (236446310)|HEAP_ALLOCATE|[9]|Bytes:4
09:28:16.0 (236453610)|VARIABLE_SCOPE_BEGIN|[9]|mapAccountParent|Map<String,Account>|true|false
09:28:16.0 (236465979)|VARIABLE_ASSIGNMENT|[9]|mapAccountParent|{}|0x2c31d1c
09:28:16.0 (236490689)|HEAP_ALLOCATE|[11]|Bytes:5
09:28:16.0 (236506305)|HEAP_ALLOCATE|[11]|Bytes:4
09:28:16.0 (236514129)|VARIABLE_SCOPE_BEGIN|[11]|inAccount|Account|true|false
09:28:16.0 (236860206)|VARIABLE_ASSIGNMENT|[11]|inAccount|{"ParentId":"0011r00001noh2UAAQ","LastModifiedDate":"2018-04-18T07:28:16.000Z","IsDeleted":false,"Fecha_ultima_activid (18 more) ...":"2020-01-11T00:00:00.000Z","SystemModstamp":"2018-04-18T07:28:16.000Z","Name":"Cuenta","CleanStatus":"Pending","OwnerId":"0051r000007Oz5QAAS","CreatedById":"0051r000007Oz5QAAS","Match_Billing_Addres (4 more) ...":false,"LastActivityDate":"2020-01-11T00:00:00.000Z","CreatedDate":"2018-04-18T07:28:16.000Z","Id":"0011r00001noh2VAAQ","LastModifiedById":"0051r000007Oz5QAAS"}|0x47787396
09:28:16.0 (236876342)|STATEMENT_EXECUTE|[11]
09:28:16.0 (236894872)|STATEMENT_EXECUTE|[13]
09:28:16.0 (236910934)|HEAP_ALLOCATE|[11]|Bytes:5
09:28:16.0 (236933177)|VARIABLE_ASSIGNMENT|[11]|inAccount|null|
09:28:16.0 (236942161)|STATEMENT_EXECUTE|[20]
09:28:16.0 (236954666)|HEAP_ALLOCATE|[20]|Bytes:4
09:28:16.0 (237136971)|SOQL_EXECUTE_BEGIN|[20]|Aggregations:0|SELECT Id, Fecha_ultima_actividad_mas_reciente__c, ParentId FROM Account WHERE ParentId IN :tmpVar1
09:28:16.0 (239864558)|SOQL_EXECUTE_END|[20]|Rows:0
09:28:16.0 (239887499)|HEAP_ALLOCATE|[20]|Bytes:4
09:28:16.0 (239896649)|HEAP_ALLOCATE|[20]|Bytes:0
09:28:16.0 (239922490)|HEAP_ALLOCATE|[20]|Bytes:4
09:28:16.0 (239933111)|VARIABLE_SCOPE_BEGIN|[20]|listAccountChild|List<Account>|true|false
09:28:16.0 (239947279)|VARIABLE_ASSIGNMENT|[20]|listAccountChild|[]|0x612fd90f
09:28:16.0 (239973168)|HEAP_ALLOCATE|[23]|Bytes:5
09:28:16.0 (239985715)|VARIABLE_ASSIGNMENT|[23]|inAccount|null|
09:28:16.0 (239992341)|STATEMENT_EXECUTE|[23]
09:28:16.0 (239994567)|STATEMENT_EXECUTE|[27]
09:28:16.0 (240050640)|HEAP_ALLOCATE|[EXTERNAL]|Bytes:4
09:28:16.0 (240071841)|METHOD_EXIT|[9]|01p1r000009p8Bf|AccountMethods.ActualizarCuentaHija(List<Account>, Map<Id,Account>)
09:28:16.240 (240086974)|CUMULATIVE_LIMIT_USAGE
09:28:16.240 (240086974)|LIMIT_USAGE_FOR_NS|(default)|
  Number of SOQL queries: 4 out of 100
  Number of query rows: 2 out of 50000
  Number of SOSL queries: 0 out of 20
  Number of DML statements: 6 out of 150
  Number of DML rows: 6 out of 10000
  Maximum CPU time: 0 out of 10000
  Maximum heap size: 0 out of 6000000
  Number of callouts: 0 out of 100
  Number of Email Invocations: 0 out of 10
  Number of future calls: 0 out of 50
  Number of queueable jobs added to the queue: 0 out of 50
  Number of Mobile Apex push calls: 0 out of 10

09:28:16.240 (240086974)|CUMULATIVE_LIMIT_USAGE_END

09:28:16.0 (240917173)|CODE_UNIT_FINISHED|AccountTrigger on Account trigger event BeforeUpdate
09:28:16.0 (241242173)|CODE_UNIT_STARTED|[EXTERNAL]|DuplicateDetector
09:28:16.0 (241257249)|DUPLICATE_DETECTION_BEGIN
09:28:16.0 (241298633)|DUPLICATE_DETECTION_RULE_INVOCATION|DuplicateRuleId:0Bm1r0000018X88|DuplicateRuleName:Standard Account Duplicate Rule|DmlType:UPDATE
09:28:16.0 (241334632)|DUPLICATE_DETECTION_END
09:28:16.0 (241340261)|CODE_UNIT_FINISHED|DuplicateDetector
09:28:16.0 (253610820)|DML_END|[27]
09:28:16.0 (253654944)|HEAP_ALLOCATE|[EXTERNAL]|Bytes:8
09:28:16.0 (253691244)|METHOD_EXIT|[9]|01p1r000009p8Bf|AccountMethods.ActualizarCuentaHija(List<Account>, Map<Id,Account>)
09:28:16.253 (253711315)|CUMULATIVE_LIMIT_USAGE
09:28:16.253 (253711315)|LIMIT_USAGE_FOR_NS|(default)|
  Number of SOQL queries: 4 out of 100
  Number of query rows: 2 out of 50000
  Number of SOSL queries: 0 out of 20
  Number of DML statements: 6 out of 150
  Number of DML rows: 6 out of 10000
  Maximum CPU time: 0 out of 10000
  Maximum heap size: 0 out of 6000000
  Number of callouts: 0 out of 100
  Number of Email Invocations: 0 out of 10
  Number of future calls: 0 out of 50
  Number of queueable jobs added to the queue: 0 out of 50
  Number of Mobile Apex push calls: 0 out of 10

09:28:16.253 (253711315)|CUMULATIVE_LIMIT_USAGE_END

09:28:16.0 (254615633)|CODE_UNIT_FINISHED|AccountTrigger on Account trigger event BeforeUpdate
09:28:16.0 (254841372)|CODE_UNIT_STARTED|[EXTERNAL]|DuplicateDetector
09:28:16.0 (254855209)|DUPLICATE_DETECTION_BEGIN
09:28:16.0 (254900969)|DUPLICATE_DETECTION_RULE_INVOCATION|DuplicateRuleId:0Bm1r0000018X88|DuplicateRuleName:Standard Account Duplicate Rule|DmlType:UPDATE
09:28:16.0 (254933052)|DUPLICATE_DETECTION_END
09:28:16.0 (254937549)|CODE_UNIT_FINISHED|DuplicateDetector
09:28:16.0 (262842620)|DML_END|[46]
09:28:16.0 (262888309)|HEAP_ALLOCATE|[EXTERNAL]|Bytes:8
09:28:16.0 (262913366)|SYSTEM_MODE_EXIT|false
09:28:16.0 (262929689)|METHOD_EXIT|[7]|01p1r000009p7V5|EventMethods.CrearEvento(List<Event>)
09:28:16.262 (262944802)|CUMULATIVE_LIMIT_USAGE
09:28:16.262 (262944802)|LIMIT_USAGE_FOR_NS|(default)|
  Number of SOQL queries: 4 out of 100
  Number of query rows: 2 out of 50000
  Number of SOSL queries: 0 out of 20
  Number of DML statements: 6 out of 150
  Number of DML rows: 6 out of 10000
  Maximum CPU time: 0 out of 10000
  Maximum heap size: 0 out of 6000000
  Number of callouts: 0 out of 100
  Number of Email Invocations: 0 out of 10
  Number of future calls: 0 out of 50
  Number of queueable jobs added to the queue: 0 out of 50
  Number of Mobile Apex push calls: 0 out of 10

09:28:16.262 (262944802)|CUMULATIVE_LIMIT_USAGE_END

09:28:16.0 (264071200)|CODE_UNIT_FINISHED|EventTrigger on Event trigger event AfterInsert
09:28:16.0 (264582169)|DML_END|[32]
09:28:16.0 (264604540)|HEAP_ALLOCATE|[EXTERNAL]|Bytes:8
09:28:16.0 (264619965)|STATEMENT_EXECUTE|[34]
09:28:16.0 (264628665)|HEAP_ALLOCATE|[34]|Bytes:82
09:28:16.0 (264656928)|HEAP_ALLOCATE|[34]|Bytes:4
09:28:16.0 (264894580)|SOQL_EXECUTE_BEGIN|[34]|Aggregations:0|SELECT Id, Fecha_ultima_actividad_mas_reciente__c FROM Account WHERE Id = :tmpVar1
09:28:16.0 (268664879)|SOQL_EXECUTE_END|[34]|Rows:1
09:28:16.0 (268689374)|HEAP_ALLOCATE|[34]|Bytes:8
09:28:16.0 (268706913)|HEAP_ALLOCATE|[34]|Bytes:75
09:28:16.0 (268742944)|HEAP_ALLOCATE|[34]|Bytes:8
09:28:16.0 (268757327)|VARIABLE_SCOPE_BEGIN|[34]|listAccountCheck|List<Account>|true|false
09:28:16.0 (268813344)|VARIABLE_ASSIGNMENT|[34]|listAccountCheck|[{"Id":"0011r00001noh2UAAQ","Fecha_ultima_activid (18 more) ...":"2020-01-11T00:00:00.000Z"}]|0x4315ae4b
09:28:16.0 (268822310)|STATEMENT_EXECUTE|[36]
09:28:16.0 (268894256)|USER_DEBUG|[36]|DEBUG|(Account:{Id=0011r00001noh2UAAQ, Fecha_ultima_actividad_mas_reciente__c=2020-01-11 00:00:00})
09:28:16.0 (268907158)|STATEMENT_EXECUTE|[38]
09:28:16.0 (268958158)|HEAP_ALLOCATE|[38]|Bytes:12
09:28:16.0 (268990873)|HEAP_ALLOCATE|[38]|Bytes:24
09:28:16.0 (269021616)|STATEMENT_EXECUTE|[43]
09:28:16.0 (269040813)|HEAP_ALLOCATE|[43]|Bytes:4
09:28:16.0 (269055605)|HEAP_ALLOCATE|[43]|Bytes:6
09:28:16.0 (269088001)|VARIABLE_ASSIGNMENT|[43]|this.Subject|"Event2"|0x6c57d0e4
09:28:16.0 (269107023)|VARIABLE_ASSIGNMENT|[43]|this.IsAllDayEvent|true|0x6c57d0e4
09:28:16.0 (269136706)|VARIABLE_ASSIGNMENT|[43]|this.WhatId|"0061r00000vkbxuAAA"|0x6c57d0e4
09:28:16.0 (269188760)|HEAP_ALLOCATE|[46]|Bytes:4
09:28:16.0 (269221434)|VARIABLE_ASSIGNMENT|[43]|this.ActivityDate|"2020-01-11T00:00:00.000Z"|0x6c57d0e4
09:28:16.0 (269253958)|VARIABLE_SCOPE_BEGIN|[43]|oEvent2|Event|true|false
09:28:16.0 (269286792)|VARIABLE_ASSIGNMENT|[43]|oEvent2|{"Subject":"Event2","IsAllDayEvent":true,"WhatId":"0061r00000vkbxuAAA","ActivityDate":"2020-01-11T00:00:00.000Z"}|0x6c57d0e4
09:28:16.0 (269296507)|STATEMENT_EXECUTE|[48]
09:28:16.0 (269325745)|HEAP_ALLOCATE|[EXTERNAL]|Bytes:4
09:28:16.0 (269334679)|STATEMENT_EXECUTE|[50]
09:28:16.0 (269376070)|DML_BEGIN|[50]|Op:Upsert|Type:Event|Rows:2
09:28:16.0 (269403941)|HEAP_ALLOCATE|[EXTERNAL]|Bytes:12
09:28:16.0 (292625131)|CODE_UNIT_STARTED|[EXTERNAL]|01q1r000000j8Jb|EventTrigger on Event trigger event AfterInsert
09:28:16.0 (292677884)|HEAP_ALLOCATE|[EXTERNAL]|Bytes:8
09:28:16.0 (292751960)|HEAP_ALLOCATE|[EXTERNAL]|Bytes:8
09:28:16.0 (292766600)|VARIABLE_SCOPE_BEGIN|[1]|this|EventTrigger|true|false
09:28:16.0 (292808710)|VARIABLE_ASSIGNMENT|[1]|this|{}|0x4d1fd57e
09:28:16.0 (292855831)|HEAP_ALLOCATE|[EXTERNAL]|Bytes:8
09:28:16.0 (292865921)|VARIABLE_SCOPE_BEGIN|[1]|this|EventTrigger|true|false
09:28:16.0 (292892047)|VARIABLE_ASSIGNMENT|[1]|this|{}|0x4d1fd57e
09:28:16.0 (292907275)|STATEMENT_EXECUTE|[1]
09:28:16.0 (292911234)|STATEMENT_EXECUTE|[3]
09:28:16.0 (293456855)|VARIABLE_ASSIGNMENT|[3]|this.listNew|[{"LastModifiedDate":"2018-04-18T07:28:16.000Z","AccountId":"0011r00001noh2VAAQ","WhatId":"0061r00000vkbxuAAA","GroupEventType":"0","CreatedById":"0051r000007Oz5QAAS","DurationInMinutes":1440,"OwnerId":"0051r000007Oz5QAAS","IsAllDayEvent":true,"EndDateTime":"2020-01-11T00:00:00.000Z","IsReminderSet":false,"IsDeleted":false,"ActivityDate":"2020-01-11T00:00:00.000Z","IsRecurrence":false,"Subject":"Event2","SystemModstamp":"2018-04-18T07:28:16.000Z","IsArchived":false,"StartDateTime":"2020-01-11T00:00:00.000Z","IsChild":false,"CreatedDate":"2018-04-18T07:28:16.000Z","Id":"00U1r00000nfVN9EAM","DB_Activity_Type__c":"Other","EventSubtype":"Event","IsPrivate":false,"LastModifiedById":"0051r000007Oz5QAAS","ShowAs":"Busy","IsGroupEvent":false}]|0x4d1fd57e
09:28:16.0 (293493136)|STATEMENT_EXECUTE|[5]
09:28:16.0 (293500576)|STATEMENT_EXECUTE|[6]
09:28:16.0 (293503011)|STATEMENT_EXECUTE|[7]
09:28:16.0 (293522371)|METHOD_ENTRY|[7]|01p1r000009p7V5|EventMethods.CrearEvento(List<Event>)
09:28:16.0 (293537017)|VARIABLE_SCOPE_BEGIN|[3]|listEvent|List<Event>|true|false
09:28:16.0 (293863454)|VARIABLE_ASSIGNMENT|[3]|listEvent|[{"LastModifiedDate":"2018-04-18T07:28:16.000Z","AccountId":"0011r00001noh2VAAQ","WhatId":"0061r00000vkbxuAAA","GroupEventType":"0","CreatedById":"0051r000007Oz5QAAS","DurationInMinutes":1440,"OwnerId":"0051r000007Oz5QAAS","IsAllDayEvent":true,"EndDateTime":"2020-01-11T00:00:00.000Z","IsReminderSet":false,"IsDeleted":false,"ActivityDate":"2020-01-11T00:00:00.000Z","IsRecurrence":false,"Subject":"Event2","SystemModstamp":"2018-04-18T07:28:16.000Z","IsArchived":false,"StartDateTime":"2020-01-11T00:00:00.000Z","IsChild":false,"CreatedDate":"2018-04-18T07:28:16.000Z","Id":"00U1r00000nfVN9EAM","DB_Activity_Type__c":"Other","EventSubtype":"Event","IsPrivate":false,"LastModifiedById":"0051r000007Oz5QAAS","ShowAs":"Busy","IsGroupEvent":false}]|0x19b4e255
09:28:16.0 (294291475)|SYSTEM_MODE_ENTER|false
09:28:16.0 (294310558)|HEAP_ALLOCATE|[5]|Bytes:5
09:28:16.0 (294321207)|STATEMENT_EXECUTE|[3]
09:28:16.0 (294349997)|STATEMENT_EXECUTE|[5]
09:28:16.0 (294353035)|STATEMENT_EXECUTE|[7]
09:28:16.0 (294377727)|HEAP_ALLOCATE|[7]|Bytes:4
09:28:16.0 (294401198)|VARIABLE_SCOPE_BEGIN|[7]|listAcInsert|List<Account>|true|false
09:28:16.0 (294415292)|HEAP_ALLOCATE|[EXTERNAL]|Bytes:4
09:28:16.0 (294427202)|VARIABLE_ASSIGNMENT|[7]|listAcInsert|[]|0x5e118a8c
09:28:16.0 (294435935)|STATEMENT_EXECUTE|[9]
09:28:16.0 (294450962)|HEAP_ALLOCATE|[9]|Bytes:4
09:28:16.0 (294473098)|VARIABLE_SCOPE_BEGIN|[9]|setEventIds|Set<String>|true|false
09:28:16.0 (294509266)|VARIABLE_ASSIGNMENT|[9]|setEventIds|[]|0x6555d67c
09:28:16.0 (294548322)|HEAP_ALLOCATE|[11]|Bytes:5
09:28:16.0 (294578391)|VARIABLE_SCOPE_BEGIN|[11]|inEvent|Event|true|false
09:28:16.0 (294811584)|VARIABLE_ASSIGNMENT|[11]|inEvent|{"LastModifiedDate":"2018-04-18T07:28:16.000Z","AccountId":"0011r00001noh2VAAQ","WhatId":"0061r00000vkbxuAAA","GroupEventType":"0","CreatedById":"0051r000007Oz5QAAS","DurationInMinutes":1440,"OwnerId":"0051r000007Oz5QAAS","IsAllDayEvent":true,"EndDateTime":"2020-01-11T00:00:00.000Z","IsReminderSet":false,"IsDeleted":false,"ActivityDate":"2020-01-11T00:00:00.000Z","IsRecurrence":false,"Subject":"Event2","SystemModstamp":"2018-04-18T07:28:16.000Z","IsArchived":false,"StartDateTime":"2020-01-11T00:00:00.000Z","IsChild":false,"CreatedDate":"2018-04-18T07:28:16.000Z","Id":"00U1r00000nfVN9EAM","DB_Activity_Type__c":"Other","EventSubtype":"Event","IsPrivate":false,"LastModifiedById":"0051r000007Oz5QAAS","ShowAs":"Busy","IsGroupEvent":false}|0x56d25b8d
09:28:16.0 (294838464)|STATEMENT_EXECUTE|[11]
09:28:16.0 (294841933)|STATEMENT_EXECUTE|[12]
09:28:16.0 (295197611)|HEAP_ALLOCATE|[12]|Bytes:1032
09:28:16.0 (295227148)|HEAP_ALLOCATE|[12]|Bytes:1068
09:28:16.0 (295243210)|USER_DEBUG|[12]|DEBUG|EventMethods.CrearEvento.inEvent :: Event:{Id=00U1r00000nfVN9EAM, WhoId=null, WhatId=0061r00000vkbxuAAA, Subject=Event2, Location=null, IsAllDayEvent=true, ActivityDateTime=null, ActivityDate=2020-01-11 00:00:00, DurationInMinutes=1440, StartDateTime=2020-01-11 00:00:00, EndDateTime=2020-01-11 00:00:00, Description=null, AccountId=0011r00001noh2VAAQ, OwnerId=0051r000007Oz5QAAS, Type=null, IsPrivate=false, ShowAs=Busy, IsDeleted=false, IsChild=false, IsGroupEvent=false, GroupEventType=0, CreatedDate=2018-04-18 07:28:16, CreatedById=0051r000007Oz5QAAS, LastModifiedDate=2018-04-18 07:28:16, LastModifiedById=0051r000007Oz5QAAS, SystemModstamp=2018-04-18 07:28:16, IsArchived=false, RecurrenceActivityId=null, IsRecurrence=false, RecurrenceStartDateTime=null, RecurrenceEndDateOnly=null, RecurrenceTimeZoneSidKey=null, RecurrenceType=null, RecurrenceInterval=null, RecurrenceDayOfWeekMask=null, RecurrenceDayOfMonth=null, RecurrenceInstance=null, RecurrenceMonthOfYear=null, ReminderDateTime=null, IsReminderSet=false, EventSubtype=Event, DB_Activity_Type__c=Other}
09:28:16.0 (295274402)|STATEMENT_EXECUTE|[13]
09:28:16.0 (295312402)|HEAP_ALLOCATE|[EXTERNAL]|Bytes:4
09:28:16.0 (295336273)|HEAP_ALLOCATE|[11]|Bytes:5
09:28:16.0 (295355227)|VARIABLE_ASSIGNMENT|[11]|inEvent|null|
09:28:16.0 (295365068)|STATEMENT_EXECUTE|[16]
09:28:16.0 (295390592)|HEAP_ALLOCATE|[16]|Bytes:20
09:28:16.0 (295406572)|HEAP_ALLOCATE|[16]|Bytes:60
09:28:16.0 (295416612)|USER_DEBUG|[16]|DEBUG|EventMethods.CrearEvento.setEventIds :: {00U1r00000nfVN9EAM}
09:28:16.0 (295426360)|STATEMENT_EXECUTE|[19]
09:28:16.0 (295444924)|HEAP_ALLOCATE|[19]|Bytes:4
09:28:16.0 (295474949)|HEAP_ALLOCATE|[19]|Bytes:4
09:28:16.0 (295511521)|HEAP_ALLOCATE|[19]|Bytes:8
09:28:16.0 (295524016)|HEAP_ALLOCATE|[19]|Bytes:8
09:28:16.0 (296001093)|SOQL_EXECUTE_BEGIN|[19]|Aggregations:0|SELECT WhatId, ActivityDate, TYPEOF What WHEN Account THEN Parent.Fecha_ultima_actividad_mas_reciente__c WHEN Opportunity THEN Account.Parent.Fecha_ultima_actividad_mas_reciente__c END FROM Event WHERE Id = :tmpVar1
09:28:16.0 (306224922)|SOQL_EXECUTE_END|[19]|Rows:1
09:28:16.0 (306260196)|HEAP_ALLOCATE|[19]|Bytes:8
09:28:16.0 (306295661)|HEAP_ALLOCATE|[19]|Bytes:297
09:28:16.0 (306333120)|HEAP_ALLOCATE|[19]|Bytes:8
09:28:16.0 (306366508)|HEAP_ALLOCATE|[19]|Bytes:20
09:28:16.0 (306376055)|HEAP_ALLOCATE|[19]|Bytes:20
09:28:16.0 (306381614)|HEAP_ALLOCATE|[19]|Bytes:4
09:28:16.0 (306394339)|VARIABLE_SCOPE_BEGIN|[19]|listEventType|List<Event>|true|false
09:28:16.0 (306411326)|HEAP_ALLOCATE|[EXTERNAL]|Bytes:8
09:28:16.0 (306467378)|VARIABLE_ASSIGNMENT|[19]|listEventType|[{"WhatId":"0061r00000vkbxuAAA","ActivityDate":"2020-01-11T00:00:00.000Z","Id":"00U1r00000nfVN9EAM","What":{"Id":"0061r00000vkbxuAAA","AccountId":"0011r00001noh2VAAQ","Account":{"Id":"0011r00001noh2VAAQ","ParentId":"0011r00001noh2UAAQ","Parent":{"Id":"0011r00001noh2UAAQ","Fecha_ultima_activid (18 more) ...":"2020-01-11T00:00:00.000Z"}}}}]|0x64c86fc5
09:28:16.0 (306485881)|STATEMENT_EXECUTE|[27]
09:28:16.0 (306559653)|HEAP_ALLOCATE|[27]|Bytes:92
09:28:16.0 (306584964)|HEAP_ALLOCATE|[27]|Bytes:134
09:28:16.0 (306599482)|USER_DEBUG|[27]|DEBUG|EventMethods.CrearEvento.listEventType :: (Event:{WhatId=0061r00000vkbxuAAA, ActivityDate=2020-01-11 00:00:00, Id=00U1r00000nfVN9EAM})
09:28:16.0 (306633980)|HEAP_ALLOCATE|[30]|Bytes:5
09:28:16.0 (306651427)|HEAP_ALLOCATE|[30]|Bytes:20
09:28:16.0 (306663103)|VARIABLE_SCOPE_BEGIN|[30]|inEvent|Event|true|false
09:28:16.0 (306704042)|VARIABLE_ASSIGNMENT|[30]|inEvent|{"WhatId":"0061r00000vkbxuAAA","ActivityDate":"2020-01-11T00:00:00.000Z","Id":"00U1r00000nfVN9EAM","What":{"Id":"0061r00000vkbxuAAA","AccountId":"0011r00001noh2VAAQ","Account":{"Id":"0011r00001noh2VAAQ","ParentId":"0011r00001noh2UAAQ","Parent":{"Id":"0011r00001noh2UAAQ","Fecha_ultima_activid (18 more) ...":"2020-01-11T00:00:00.000Z"}}}}|0x8bd7118
09:28:16.0 (306722188)|STATEMENT_EXECUTE|[30]
09:28:16.0 (306766514)|STATEMENT_EXECUTE|[31]
09:28:16.0 (306769987)|STATEMENT_EXECUTE|[32]
09:28:16.0 (306774599)|HEAP_ALLOCATE|[32]|Bytes:11
09:28:16.0 (306820824)|USER_DEBUG|[32]|DEBUG|Opportunity
09:28:16.0 (306950284)|STATEMENT_EXECUTE|[33]
09:28:16.0 (306966802)|HEAP_ALLOCATE|[30]|Bytes:5
09:28:16.0 (306987651)|VARIABLE_ASSIGNMENT|[30]|inEvent|null|
09:28:16.0 (306995976)|STATEMENT_EXECUTE|[46]
09:28:16.0 (307046858)|HEAP_ALLOCATE|[EXTERNAL]|Bytes:4
09:28:16.0 (307061773)|SYSTEM_MODE_EXIT|false
09:28:16.0 (307077314)|METHOD_EXIT|[7]|01p1r000009p7V5|EventMethods.CrearEvento(List<Event>)
09:28:16.307 (307091058)|CUMULATIVE_LIMIT_USAGE
09:28:16.307 (307091058)|LIMIT_USAGE_FOR_NS|(default)|
  Number of SOQL queries: 6 out of 100
  Number of query rows: 4 out of 50000
  Number of SOSL queries: 0 out of 20
  Number of DML statements: 7 out of 150
  Number of DML rows: 8 out of 10000
  Maximum CPU time: 0 out of 10000
  Maximum heap size: 0 out of 6000000
  Number of callouts: 0 out of 100
  Number of Email Invocations: 0 out of 10
  Number of future calls: 0 out of 50
  Number of queueable jobs added to the queue: 0 out of 50
  Number of Mobile Apex push calls: 0 out of 10

09:28:16.307 (307091058)|CUMULATIVE_LIMIT_USAGE_END

09:28:16.0 (308325092)|CODE_UNIT_FINISHED|EventTrigger on Event trigger event AfterInsert
09:28:16.0 (331713760)|DML_END|[50]
09:28:16.0 (331766738)|HEAP_ALLOCATE|[EXTERNAL]|Bytes:12
09:28:16.0 (331787397)|STATEMENT_EXECUTE|[52]
09:28:16.0 (331806690)|HEAP_ALLOCATE|[52]|Bytes:4
09:28:16.0 (332003647)|SOQL_EXECUTE_BEGIN|[52]|Aggregations:0|SELECT Id, Fecha_ultima_actividad_mas_reciente__c FROM Account WHERE Id = :tmpVar1
09:28:16.0 (336011254)|SOQL_EXECUTE_END|[52]|Rows:1
09:28:16.0 (336036160)|HEAP_ALLOCATE|[52]|Bytes:8
09:28:16.0 (336050741)|HEAP_ALLOCATE|[52]|Bytes:75
09:28:16.0 (336084682)|HEAP_ALLOCATE|[52]|Bytes:8
09:28:16.0 (336100998)|VARIABLE_SCOPE_BEGIN|[52]|listAccountCheckDos|List<Account>|true|false
09:28:16.0 (336146766)|VARIABLE_ASSIGNMENT|[52]|listAccountCheckDos|[{"Id":"0011r00001noh2UAAQ","Fecha_ultima_activid (18 more) ...":"2020-01-11T00:00:00.000Z"}]|0x164f2a8
09:28:16.0 (336157006)|STATEMENT_EXECUTE|[54]
09:28:16.0 (336234113)|USER_DEBUG|[54]|DEBUG|(Account:{Id=0011r00001noh2UAAQ, Fecha_ultima_actividad_mas_reciente__c=2020-01-11 00:00:00})
09:28:16.0 (336247013)|STATEMENT_EXECUTE|[56]
09:28:16.0 (336293709)|HEAP_ALLOCATE|[56]|Bytes:12
09:28:16.0 (336325757)|HEAP_ALLOCATE|[56]|Bytes:24
09:28:16.336 (336363478)|CUMULATIVE_LIMIT_USAGE
09:28:16.336 (336363478)|LIMIT_USAGE_FOR_NS|(default)|
  Number of SOQL queries: 7 out of 100
  Number of query rows: 5 out of 50000
  Number of SOSL queries: 0 out of 20
  Number of DML statements: 7 out of 150
  Number of DML rows: 8 out of 10000
  Maximum CPU time: 0 out of 10000
  Maximum heap size: 0 out of 6000000
  Number of callouts: 0 out of 100
  Number of Email Invocations: 0 out of 10
  Number of future calls: 0 out of 50
  Number of queueable jobs added to the queue: 0 out of 50
  Number of Mobile Apex push calls: 0 out of 10

09:28:16.336 (336363478)|CUMULATIVE_LIMIT_USAGE_END

09:28:16.0 (336393633)|CODE_UNIT_FINISHED|EventTest.testCrearEvento
09:28:16.0 (337514183)|EXECUTION_FINISHED
09:28:16.475 (475480392)|USER_INFO|[EXTERNAL]|0051r000007Oz5Q|lydia.abril@gmail.com|hora estándar de Europa central|GMT+02:00
09:28:16.475 (475500798)|EXECUTION_STARTED
09:28:16.475 (475504441)|CODE_UNIT_STARTED|[EXTERNAL]|DuplicateDetector
09:28:16.475 (475515998)|DUPLICATE_DETECTION_BEGIN
09:28:16.475 (475561794)|DUPLICATE_DETECTION_RULE_INVOCATION|DuplicateRuleId:0Bm1r0000018X88|DuplicateRuleName:Standard Account Duplicate Rule|DmlType:INSERT
09:28:16.475 (485001127)|DUPLICATE_DETECTION_END
09:28:16.475 (485008918)|CODE_UNIT_FINISHED|DuplicateDetector
09:28:16.475 (485785542)|EXECUTION_FINISHED
09:28:16.486 (486593623)|USER_INFO|[EXTERNAL]|0051r000007Oz5Q|lydia.abril@gmail.com|hora estándar de Europa central|GMT+02:00
09:28:16.486 (486610488)|EXECUTION_STARTED
09:28:16.486 (486613752)|CODE_UNIT_STARTED|[EXTERNAL]|DuplicateDetector
09:28:16.486 (486622736)|DUPLICATE_DETECTION_BEGIN
09:28:16.486 (486657822)|DUPLICATE_DETECTION_RULE_INVOCATION|DuplicateRuleId:0Bm1r0000018X88|DuplicateRuleName:Standard Account Duplicate Rule|DmlType:UPDATE
09:28:16.486 (494748776)|DUPLICATE_DETECTION_END
09:28:16.486 (494755710)|CODE_UNIT_FINISHED|DuplicateDetector
09:28:16.486 (495844554)|EXECUTION_FINISHED
