36.0 APEX_CODE,FINEST;APEX_PROFILING,INFO;CALLOUT,INFO;DB,INFO;SYSTEM,DEBUG;VALIDATION,INFO;VISUALFORCE,INFO;WAVE,INFO;WORKFLOW,INFO
15:25:05.0 (873965)|USER_INFO|[EXTERNAL]|0051r000007Oz5Q|lydia.abril@gmail.com|hora estándar de Europa central|GMT+02:00
15:25:05.0 (928516)|EXECUTION_STARTED
15:25:05.0 (932601)|CODE_UNIT_STARTED|[EXTERNAL]|01p1r000007XnGq|TestRestrictContactByName.metodoTest
15:25:05.0 (1847060)|HEAP_ALLOCATE|[72]|Bytes:3
15:25:05.0 (1898387)|HEAP_ALLOCATE|[77]|Bytes:152
15:25:05.0 (1913590)|HEAP_ALLOCATE|[342]|Bytes:408
15:25:05.0 (1928205)|HEAP_ALLOCATE|[355]|Bytes:408
15:25:05.0 (1941593)|HEAP_ALLOCATE|[467]|Bytes:48
15:25:05.0 (1992566)|HEAP_ALLOCATE|[139]|Bytes:6
15:25:05.0 (2008262)|HEAP_ALLOCATE|[EXTERNAL]|Bytes:25
15:25:05.0 (2042350)|METHOD_ENTRY|[2]|01p1r000007XnGq|TestRestrictContactByName.TestRestrictContactByName()
15:25:05.0 (2049925)|STATEMENT_EXECUTE|[2]
15:25:05.0 (2055049)|STATEMENT_EXECUTE|[2]
15:25:05.0 (2071457)|METHOD_EXIT|[2]|TestRestrictContactByName
15:25:05.0 (2103917)|HEAP_ALLOCATE|[50]|Bytes:5
15:25:05.0 (2124282)|HEAP_ALLOCATE|[56]|Bytes:5
15:25:05.0 (2131961)|HEAP_ALLOCATE|[64]|Bytes:7
15:25:05.0 (2165652)|STATEMENT_EXECUTE|[4]
15:25:05.0 (2167972)|STATEMENT_EXECUTE|[6]
15:25:05.0 (2242268)|HEAP_ALLOCATE|[6]|Bytes:4
15:25:05.0 (2345082)|VARIABLE_SCOPE_BEGIN|[6]|listContact|List<Contact>|true|false
15:25:05.0 (2497454)|HEAP_ALLOCATE|[EXTERNAL]|Bytes:4
15:25:05.0 (2519391)|VARIABLE_ASSIGNMENT|[6]|listContact|[]|0x7570ff83
15:25:05.0 (2526333)|STATEMENT_EXECUTE|[7]
15:25:05.0 (2542737)|HEAP_ALLOCATE|[7]|Bytes:4
15:25:05.0 (2617893)|HEAP_ALLOCATE|[7]|Bytes:9
15:25:05.0 (4199686)|VARIABLE_ASSIGNMENT|[7]|this.FirstName|"Francesco"|0x5b883095
15:25:05.0 (4212178)|HEAP_ALLOCATE|[7]|Bytes:6
15:25:05.0 (4230391)|VARIABLE_ASSIGNMENT|[7]|this.LastName|"Riggio"|0x5b883095
15:25:05.0 (4236818)|HEAP_ALLOCATE|[7]|Bytes:13
15:25:05.0 (4251071)|VARIABLE_ASSIGNMENT|[7]|this.Email|"Test@test.com"|0x5b883095
15:25:05.0 (4279255)|VARIABLE_SCOPE_BEGIN|[7]|c1|Contact|true|false
15:25:05.0 (4297774)|VARIABLE_ASSIGNMENT|[7]|c1|{"FirstName":"Francesco","LastName":"Riggio","Email":"Test@test.com"}|0x5b883095
15:25:05.0 (4305485)|STATEMENT_EXECUTE|[8]
15:25:05.0 (4318811)|HEAP_ALLOCATE|[8]|Bytes:4
15:25:05.0 (4327560)|HEAP_ALLOCATE|[8]|Bytes:10
15:25:05.0 (4341703)|VARIABLE_ASSIGNMENT|[8]|this.FirstName|"Francesco1"|0x113c138f
15:25:05.0 (4347908)|HEAP_ALLOCATE|[8]|Bytes:11
15:25:05.0 (4357639)|VARIABLE_ASSIGNMENT|[8]|this.LastName|"INVALIDNAME"|0x113c138f
15:25:05.0 (4369785)|VARIABLE_ASSIGNMENT|[8]|this.Email|"Test@test.com"|0x113c138f
15:25:05.0 (4382946)|VARIABLE_SCOPE_BEGIN|[8]|c2|Contact|true|false
15:25:05.0 (4395070)|VARIABLE_ASSIGNMENT|[8]|c2|{"FirstName":"Francesco1","LastName":"INVALIDNAME","Email":"Test@test.com"}|0x113c138f
15:25:05.0 (4400629)|STATEMENT_EXECUTE|[9]
15:25:05.0 (4466177)|HEAP_ALLOCATE|[EXTERNAL]|Bytes:4
15:25:05.0 (4492816)|STATEMENT_EXECUTE|[10]
15:25:05.0 (4509319)|HEAP_ALLOCATE|[EXTERNAL]|Bytes:4
15:25:05.0 (4516143)|STATEMENT_EXECUTE|[12]
15:25:05.0 (4550123)|HEAP_ALLOCATE|[12]|Bytes:63
15:25:05.0 (4560281)|SYSTEM_METHOD_ENTRY|[1]|Test.Test()
15:25:05.0 (4564560)|STATEMENT_EXECUTE|[1]
15:25:05.0 (4570552)|SYSTEM_METHOD_EXIT|[1]|Test
15:25:05.0 (4581204)|METHOD_ENTRY|[12]||System.Test.startTest()
15:25:05.0 (5833052)|METHOD_EXIT|[12]||System.Test.startTest()
15:25:05.0 (5847865)|STATEMENT_EXECUTE|[13]
15:25:05.0 (5851226)|STATEMENT_EXECUTE|[14]
15:25:05.0 (5853702)|STATEMENT_EXECUTE|[15]
15:25:05.0 (5923035)|DML_BEGIN|[15]|Op:Insert|Type:Contact|Rows:2
15:25:05.0 (5961717)|HEAP_ALLOCATE|[EXTERNAL]|Bytes:12
15:25:05.0 (18394595)|CODE_UNIT_STARTED|[EXTERNAL]|01q1r000000j4Bx|ContactTrigger on Contact trigger event BeforeInsert
15:25:05.0 (18431467)|HEAP_ALLOCATE|[EXTERNAL]|Bytes:12
15:25:05.0 (18525131)|HEAP_ALLOCATE|[EXTERNAL]|Bytes:8
15:25:05.0 (18538071)|VARIABLE_SCOPE_BEGIN|[1]|this|ContactTrigger|true|false
15:25:05.0 (18584762)|VARIABLE_ASSIGNMENT|[1]|this|{}|0x171520db
15:25:05.0 (18669835)|HEAP_ALLOCATE|[EXTERNAL]|Bytes:8
15:25:05.0 (18678667)|VARIABLE_SCOPE_BEGIN|[1]|this|ContactTrigger|true|false
15:25:05.0 (18697711)|VARIABLE_ASSIGNMENT|[1]|this|{}|0x171520db
15:25:05.0 (18709347)|STATEMENT_EXECUTE|[1]
15:25:05.0 (18712152)|STATEMENT_EXECUTE|[3]
15:25:05.0 (19294548)|VARIABLE_ASSIGNMENT|[3]|this.listNew|[{"IsDeleted":false,"Email":"test@test.com","IsEmailBounced":false,"CleanStatus":"Pending","DoNotCall":false,"OwnerId":"0051r000007Oz5QAAS","FirstName":"Francesco","Premium__c":false,"HasOptedOutOfEmail":false,"HasOptedOutOfFax":false,"LastName":"Riggio"},{"IsDeleted":false,"Email":"test@test.com","IsEmailBounced":false,"CleanStatus":"Pending","DoNotCall":false,"OwnerId":"0051r000007Oz5QAAS","FirstName":"Francesco1","Premium__c":false,"HasOptedOutOfEmail":false,"HasOptedOutOfFax":false,"LastName":"INVALIDNAME"}]|0x171520db
15:25:05.0 (19319644)|STATEMENT_EXECUTE|[5]
15:25:05.0 (19327485)|STATEMENT_EXECUTE|[6]
15:25:05.0 (19329335)|STATEMENT_EXECUTE|[7]
15:25:05.0 (20919862)|HEAP_ALLOCATE|[7]|Bytes:1
15:25:05.0 (20955431)|METHOD_ENTRY|[1]|01p1r000008aKc5|ContactMethods.ContactMethods()
15:25:05.0 (20963763)|STATEMENT_EXECUTE|[1]
15:25:05.0 (20968704)|STATEMENT_EXECUTE|[1]
15:25:05.0 (21314586)|SYSTEM_MODE_ENTER|false
15:25:05.0 (21329174)|HEAP_ALLOCATE|[7]|Bytes:5
15:25:05.0 (21337897)|SYSTEM_MODE_EXIT|false
15:25:05.0 (21349076)|METHOD_EXIT|[1]|ContactMethods
15:25:05.0 (21371699)|METHOD_ENTRY|[7]|01p1r000008aKc5|ContactMethods.ValidarNif(List<Contact>)
15:25:05.0 (21400985)|VARIABLE_SCOPE_BEGIN|[3]|listNew|List<Contact>|true|false
15:25:05.0 (21796460)|VARIABLE_ASSIGNMENT|[3]|listNew|[{"IsDeleted":false,"Email":"test@test.com","IsEmailBounced":false,"CleanStatus":"Pending","DoNotCall":false,"OwnerId":"0051r000007Oz5QAAS","FirstName":"Francesco","Premium__c":false,"HasOptedOutOfEmail":false,"HasOptedOutOfFax":false,"LastName":"Riggio"},{"IsDeleted":false,"Email":"test@test.com","IsEmailBounced":false,"CleanStatus":"Pending","DoNotCall":false,"OwnerId":"0051r000007Oz5QAAS","FirstName":"Francesco1","Premium__c":false,"HasOptedOutOfEmail":false,"HasOptedOutOfFax":false,"LastName":"INVALIDNAME"}]|0x6db27214
15:25:05.0 (21826759)|SYSTEM_MODE_ENTER|false
15:25:05.0 (21833694)|HEAP_ALLOCATE|[5]|Bytes:5
15:25:05.0 (21839291)|STATEMENT_EXECUTE|[3]
15:25:05.0 (21883367)|STATEMENT_EXECUTE|[5]
15:25:05.0 (22025293)|HEAP_ALLOCATE|[7]|Bytes:5
15:25:05.0 (22061214)|HEAP_ALLOCATE|[7]|Bytes:4
15:25:05.0 (22070029)|VARIABLE_SCOPE_BEGIN|[7]|inContact|Contact|true|false
15:25:05.0 (22317979)|VARIABLE_ASSIGNMENT|[7]|inContact|{"IsDeleted":false,"Email":"test@test.com","IsEmailBounced":false,"CleanStatus":"Pending","DoNotCall":false,"OwnerId":"0051r000007Oz5QAAS","FirstName":"Francesco","Premium__c":false,"HasOptedOutOfEmail":false,"HasOptedOutOfFax":false,"LastName":"Riggio"}|0x358daa2f
15:25:05.0 (22329357)|STATEMENT_EXECUTE|[7]
15:25:05.0 (23749314)|HEAP_ALLOCATE|[8]|Bytes:1
15:25:05.0 (23759346)|HEAP_ALLOCATE|[8]|Bytes:7
15:25:05.0 (23770229)|METHOD_ENTRY|[1]|01p1r000009oduV|Utils.Utils()
15:25:05.0 (23776331)|STATEMENT_EXECUTE|[1]
15:25:05.0 (23780963)|STATEMENT_EXECUTE|[1]
15:25:05.0 (23786891)|HEAP_ALLOCATE|[8]|Bytes:5
15:25:05.0 (23795456)|METHOD_EXIT|[1]|Utils
15:25:05.0 (23813025)|METHOD_ENTRY|[8]|01p1r000009oduV|Utils.isNifNie(String)
15:25:05.0 (23831205)|VARIABLE_SCOPE_BEGIN|[3]|nif|String|false|false
15:25:05.0 (23840969)|VARIABLE_ASSIGNMENT|[3]|nif|null
15:25:05.0 (23855224)|HEAP_ALLOCATE|[5]|Bytes:5
15:25:05.0 (23860569)|STATEMENT_EXECUTE|[3]
15:25:05.0 (23862439)|STATEMENT_EXECUTE|[5]
15:25:05.0 (23865723)|HEAP_ALLOCATE|[5]|Bytes:4
15:25:05.0 (23882662)|HEAP_ALLOCATE|[5]|Bytes:8
15:25:05.0 (23921232)|USER_DEBUG|[5]|DEBUG|NIF null
15:25:05.0 (23988447)|HEAP_ALLOCATE|[7]|Bytes:41
15:25:05.0 (24008936)|METHOD_EXIT|[8]|01p1r000009oduV|Utils.isNifNie(String)
15:25:05.0 (24015788)|SYSTEM_MODE_EXIT|false
15:25:05.0 (24022234)|METHOD_EXIT|[7]|01p1r000008aKc5|ContactMethods.ValidarNif(List<Contact>)
15:25:05.0 (24110820)|FATAL_ERROR|System.NullPointerException: Attempt to de-reference a null object

Class.Utils.isNifNie: line 7, column 1
Class.ContactMethods.ValidarNif: line 8, column 1
Trigger.ContactTrigger: line 7, column 1
15:25:05.0 (24124337)|FATAL_ERROR|System.NullPointerException: Attempt to de-reference a null object

Class.Utils.isNifNie: line 7, column 1
Class.ContactMethods.ValidarNif: line 8, column 1
Trigger.ContactTrigger: line 7, column 1
15:25:05.24 (24143569)|CUMULATIVE_LIMIT_USAGE
15:25:05.24 (24143569)|LIMIT_USAGE_FOR_NS|(default)|
  Number of SOQL queries: 0 out of 100
  Number of query rows: 0 out of 50000
  Number of SOSL queries: 0 out of 20
  Number of DML statements: 0 out of 150
  Number of DML rows: 0 out of 10000
  Maximum CPU time: 0 out of 10000
  Maximum heap size: 0 out of 6000000
  Number of callouts: 0 out of 100
  Number of Email Invocations: 0 out of 10
  Number of future calls: 0 out of 50
  Number of queueable jobs added to the queue: 0 out of 50
  Number of Mobile Apex push calls: 0 out of 10

15:25:05.24 (24143569)|TESTING_LIMITS
15:25:05.24 (24143569)|LIMIT_USAGE_FOR_NS|(default)|
  Number of SOQL queries: 0 out of 100
  Number of query rows: 0 out of 50000
  Number of SOSL queries: 0 out of 20
  Number of DML statements: 1 out of 150
  Number of DML rows: 2 out of 10000
  Maximum CPU time: 0 out of 10000
  Maximum heap size: 0 out of 6000000
  Number of callouts: 0 out of 100
  Number of Email Invocations: 0 out of 10
  Number of future calls: 0 out of 50
  Number of queueable jobs added to the queue: 0 out of 50
  Number of Mobile Apex push calls: 0 out of 10

15:25:05.24 (24143569)|CUMULATIVE_LIMIT_USAGE_END

15:25:05.0 (25210014)|CODE_UNIT_FINISHED|ContactTrigger on Contact trigger event BeforeInsert
15:25:05.0 (26004776)|DML_END|[15]
15:25:05.0 (26062191)|EXCEPTION_THROWN|[15]|System.DmlException: Insert failed. First exception on row 0; first error: CANNOT_INSERT_UPDATE_ACTIVATE_ENTITY, ContactTrigger: execution of BeforeInsert

caused by: System.NullPointerException: Attempt to de-reference a null object

Class.Utils.isNifNie: line 7, column 1
Class.ContactMethods.ValidarNif: line 8, column 1
Trigger.ContactTrigger: line 7, column 1: []
15:25:05.0 (26270910)|HEAP_ALLOCATE|[15]|Bytes:351
15:25:05.0 (26305701)|VARIABLE_SCOPE_BEGIN|[18]|ee|Exception|true|false
15:25:05.0 (26380121)|VARIABLE_ASSIGNMENT|[18]|ee|"common.apex.runtime.impl.DmlExecutionException: Insert failed. First exception on row 0; first error: CANNOT_INSERT_UPDATE_ACTIVATE_ENTITY, ContactTrigger: execution of BeforeInsert\n\ncaused by: System.NullPointerException: Attempt to de-reference a null object\n\nClass.Utils.isNifNie: line 7, column 1\nClass.ContactMethods.ValidarNif: line 8, column 1\nTrigger.ContactTrigger: line 7, column 1: []"|0x4179327d
15:25:05.0 (26393274)|STATEMENT_EXECUTE|[18]
15:25:05.0 (26396252)|STATEMENT_EXECUTE|[21]
15:25:05.0 (26408847)|METHOD_ENTRY|[21]||System.Test.stopTest()
15:25:05.0 (27213067)|METHOD_EXIT|[21]||System.Test.stopTest()
15:25:05.27 (27227666)|CUMULATIVE_LIMIT_USAGE
15:25:05.27 (27227666)|LIMIT_USAGE_FOR_NS|(default)|
  Number of SOQL queries: 0 out of 100
  Number of query rows: 0 out of 50000
  Number of SOSL queries: 0 out of 20
  Number of DML statements: 0 out of 150
  Number of DML rows: 0 out of 10000
  Maximum CPU time: 0 out of 10000
  Maximum heap size: 0 out of 6000000
  Number of callouts: 0 out of 100
  Number of Email Invocations: 0 out of 10
  Number of future calls: 0 out of 50
  Number of queueable jobs added to the queue: 0 out of 50
  Number of Mobile Apex push calls: 0 out of 10

15:25:05.27 (27227666)|TESTING_LIMITS
15:25:05.27 (27227666)|LIMIT_USAGE_FOR_NS|(default)|
  Number of SOQL queries: 0 out of 100
  Number of query rows: 0 out of 50000
  Number of SOSL queries: 0 out of 20
  Number of DML statements: 1 out of 150
  Number of DML rows: 2 out of 10000
  Maximum CPU time: 0 out of 10000
  Maximum heap size: 0 out of 6000000
  Number of callouts: 0 out of 100
  Number of Email Invocations: 0 out of 10
  Number of future calls: 0 out of 50
  Number of queueable jobs added to the queue: 0 out of 50
  Number of Mobile Apex push calls: 0 out of 10

15:25:05.27 (27227666)|CUMULATIVE_LIMIT_USAGE_END

15:25:05.0 (27255882)|CODE_UNIT_FINISHED|TestRestrictContactByName.metodoTest
15:25:05.0 (28264001)|EXECUTION_FINISHED
