42.0 APEX_CODE,FINEST;APEX_PROFILING,INFO;CALLOUT,INFO;DB,INFO;SYSTEM,DEBUG;VALIDATION,INFO;VISUALFORCE,INFO;WAVE,INFO;WORKFLOW,INFO
12:47:31.0 (76617)|EXECUTION_STARTED
12:47:31.0 (107424)|CODE_UNIT_STARTED|[EXTERNAL]|VisualForce View State
12:47:31.0 (7365993)|CODE_UNIT_FINISHED|VisualForce View State
12:47:31.0 (8245664)|EXECUTION_FINISHED
12:47:31.117 (117073616)|VF_PAGE_MESSAGE|Compile Error: Invalid type: parksServices.byCountry at line 26 column 47
12:47:31.117 (127619641)|VF_SERIALIZE_VIEWSTATE_BEGIN|
12:47:31.117 (131392861)|VF_SERIALIZE_VIEWSTATE_END
12:47:31.137 (137379124)|CUMULATIVE_LIMIT_USAGE
12:47:31.137 (137379124)|LIMIT_USAGE_FOR_NS|(default)|
  Number of SOQL queries: 0 out of 100
  Number of query rows: 0 out of 50000
  Number of SOSL queries: 0 out of 20
  Number of DML statements: 0 out of 150
  Number of DML rows: 0 out of 10000
  Maximum CPU time: 0 out of 10000
  Maximum heap size: 0 out of 6000000
  Number of callouts: 0 out of 100
  Number of Email Invocations: 0 out of 10
  Number of future calls: 0 out of 50
  Number of queueable jobs added to the queue: 0 out of 50
  Number of Mobile Apex push calls: 0 out of 10

12:47:31.137 (137379124)|CUMULATIVE_LIMIT_USAGE_END

