36.0 APEX_CODE,FINEST;APEX_PROFILING,INFO;CALLOUT,INFO;DB,INFO;SYSTEM,DEBUG;VALIDATION,INFO;VISUALFORCE,INFO;WAVE,INFO;WORKFLOW,INFO
12:47:53.0 (425454)|USER_INFO|[EXTERNAL]|0051r000007Oz5Q|lydia.abril@gmail.com|hora estándar de Europa central|GMT+02:00
12:47:53.0 (483134)|EXECUTION_STARTED
12:47:53.0 (489351)|CODE_UNIT_STARTED|[EXTERNAL]|01q1r000000j6Yv|TaskTrigger on Task trigger event AfterUpdate
12:47:53.0 (539148)|HEAP_ALLOCATE|[EXTERNAL]|Bytes:8
12:47:53.0 (655437)|HEAP_ALLOCATE|[EXTERNAL]|Bytes:8
12:47:53.0 (1246477)|HEAP_ALLOCATE|[72]|Bytes:3
12:47:53.0 (1292762)|HEAP_ALLOCATE|[77]|Bytes:152
12:47:53.0 (1317679)|HEAP_ALLOCATE|[342]|Bytes:408
12:47:53.0 (1340011)|HEAP_ALLOCATE|[355]|Bytes:408
12:47:53.0 (1364287)|HEAP_ALLOCATE|[467]|Bytes:48
12:47:53.0 (1403456)|HEAP_ALLOCATE|[139]|Bytes:6
12:47:53.0 (1590273)|HEAP_ALLOCATE|[EXTERNAL]|Bytes:12
12:47:53.0 (1605820)|VARIABLE_SCOPE_BEGIN|[1]|this|TaskTrigger|true|false
12:47:53.0 (1695584)|VARIABLE_ASSIGNMENT|[1]|this|{}|0x1f64ce70
12:47:53.0 (1777594)|HEAP_ALLOCATE|[EXTERNAL]|Bytes:12
12:47:53.0 (1788878)|VARIABLE_SCOPE_BEGIN|[1]|this|TaskTrigger|true|false
12:47:53.0 (1812965)|VARIABLE_ASSIGNMENT|[1]|this|{}|0x1f64ce70
12:47:53.0 (1831599)|STATEMENT_EXECUTE|[1]
12:47:53.0 (1835623)|STATEMENT_EXECUTE|[3]
12:47:53.0 (1875326)|HEAP_ALLOCATE|[50]|Bytes:5
12:47:53.0 (1905598)|HEAP_ALLOCATE|[56]|Bytes:5
12:47:53.0 (1920415)|HEAP_ALLOCATE|[64]|Bytes:7
12:47:53.0 (2881092)|VARIABLE_ASSIGNMENT|[3]|this.listNew|[{"Status":"Completed","LastModifiedDate":"2018-04-17T10:47:52.000Z","IsDeleted":false,"AccountId":"0011r00001nnRDqAAM","WhatId":"0061r00000vkPBBAA2","Priority":"Normal","IsHighPriority":false,"IsClosed":true,"IsRecurrence":false,"Subject":"aaaaa","SystemModstamp":"2018-04-17T10:47:52.000Z","IsArchived":false,"CreatedById":"0051r000007Oz5QAAS","TaskSubtype":"Task","OwnerId":"0051r000007Oz5QAAS","CreatedDate":"2018-04-17T10:47:47.000Z","Id":"00T1r00004COgR5EAL","DB_Activity_Type__c":"Other","IsReminderSet":false,"LastModifiedById":"0051r000007Oz5QAAS"}]|0x1f64ce70
12:47:53.0 (2904157)|STATEMENT_EXECUTE|[5]
12:47:53.0 (3187351)|VARIABLE_ASSIGNMENT|[5]|this.mapOld|{"00T1r00004COgR5EAL":{"Status":"Not Started","LastModifiedDate":"2018-04-17T10:47:47.000Z","IsDeleted":false,"AccountId":"0011r00001nnRDqAAM","WhatId":"0061r00000vkPBBAA2","Priority":"Normal","IsHighPriority":false,"IsClosed":false,"IsRecurrence":false,"Subject":"aaaaa","SystemModstamp":"2018-04-17T10:47:47.000Z","IsArchived":false,"CreatedById":"0051r000007Oz5QAAS","TaskSubtype":"Task","OwnerId":"0051r000007Oz5QAAS","CreatedDate":"2018-04-17T10:47:47.000Z","Id":"00T1r00004COgR5EAL","DB_Activity_Type__c":"Other","IsReminderSet":false,"LastModifiedById":"0051r000007Oz5QAAS"}}|0x1f64ce70
12:47:53.0 (3213047)|STATEMENT_EXECUTE|[8]
12:47:53.0 (3219281)|STATEMENT_EXECUTE|[9]
12:47:53.0 (3221180)|STATEMENT_EXECUTE|[10]
12:47:53.0 (5280769)|HEAP_ALLOCATE|[10]|Bytes:4
12:47:53.0 (5292873)|HEAP_ALLOCATE|[10]|Bytes:26
12:47:53.0 (5311146)|METHOD_ENTRY|[1]|01p1r000009oS6S|TaskMethods.TaskMethods()
12:47:53.0 (5318880)|STATEMENT_EXECUTE|[1]
12:47:53.0 (5325897)|STATEMENT_EXECUTE|[1]
12:47:53.0 (5697653)|SYSTEM_MODE_ENTER|false
12:47:53.0 (5714129)|HEAP_ALLOCATE|[10]|Bytes:5
12:47:53.0 (5722518)|SYSTEM_MODE_EXIT|false
12:47:53.0 (5733953)|METHOD_EXIT|[1]|TaskMethods
12:47:53.0 (5768164)|METHOD_ENTRY|[10]|01p1r000009oS6S|TaskMethods.CerrarTarea(List<Task>, Map<Id,Task>)
12:47:53.0 (5804254)|VARIABLE_SCOPE_BEGIN|[3]|listTask|List<Task>|true|false
12:47:53.0 (6081850)|VARIABLE_ASSIGNMENT|[3]|listTask|[{"Status":"Completed","LastModifiedDate":"2018-04-17T10:47:52.000Z","IsDeleted":false,"AccountId":"0011r00001nnRDqAAM","WhatId":"0061r00000vkPBBAA2","Priority":"Normal","IsHighPriority":false,"IsClosed":true,"IsRecurrence":false,"Subject":"aaaaa","SystemModstamp":"2018-04-17T10:47:52.000Z","IsArchived":false,"CreatedById":"0051r000007Oz5QAAS","TaskSubtype":"Task","OwnerId":"0051r000007Oz5QAAS","CreatedDate":"2018-04-17T10:47:47.000Z","Id":"00T1r00004COgR5EAL","DB_Activity_Type__c":"Other","IsReminderSet":false,"LastModifiedById":"0051r000007Oz5QAAS"}]|0x46163541
12:47:53.0 (6096890)|VARIABLE_SCOPE_BEGIN|[3]|mapTaskOld|Map<Id,Task>|true|false
12:47:53.0 (6320405)|VARIABLE_ASSIGNMENT|[3]|mapTaskOld|{"00T1r00004COgR5EAL":{"Status":"Not Started","LastModifiedDate":"2018-04-17T10:47:47.000Z","IsDeleted":false,"AccountId":"0011r00001nnRDqAAM","WhatId":"0061r00000vkPBBAA2","Priority":"Normal","IsHighPriority":false,"IsClosed":false,"IsRecurrence":false,"Subject":"aaaaa","SystemModstamp":"2018-04-17T10:47:47.000Z","IsArchived":false,"CreatedById":"0051r000007Oz5QAAS","TaskSubtype":"Task","OwnerId":"0051r000007Oz5QAAS","CreatedDate":"2018-04-17T10:47:47.000Z","Id":"00T1r00004COgR5EAL","DB_Activity_Type__c":"Other","IsReminderSet":false,"LastModifiedById":"0051r000007Oz5QAAS"}}|0x347b1d99
12:47:53.0 (6343963)|SYSTEM_MODE_ENTER|false
12:47:53.0 (6351062)|HEAP_ALLOCATE|[5]|Bytes:5
12:47:53.0 (6357565)|STATEMENT_EXECUTE|[3]
12:47:53.0 (6438565)|STATEMENT_EXECUTE|[5]
12:47:53.0 (6441135)|STATEMENT_EXECUTE|[9]
12:47:53.0 (6456472)|HEAP_ALLOCATE|[9]|Bytes:4
12:47:53.0 (6493253)|VARIABLE_SCOPE_BEGIN|[9]|setTaskIds|Set<String>|true|false
12:47:53.0 (6520477)|VARIABLE_ASSIGNMENT|[9]|setTaskIds|[]|0x100cbf84
12:47:53.0 (6669986)|HEAP_ALLOCATE|[11]|Bytes:5
12:47:53.0 (6735653)|VARIABLE_SCOPE_BEGIN|[11]|inTask|Task|true|false
12:47:53.0 (6933051)|VARIABLE_ASSIGNMENT|[11]|inTask|{"Status":"Completed","LastModifiedDate":"2018-04-17T10:47:52.000Z","IsDeleted":false,"AccountId":"0011r00001nnRDqAAM","WhatId":"0061r00000vkPBBAA2","Priority":"Normal","IsHighPriority":false,"IsClosed":true,"IsRecurrence":false,"Subject":"aaaaa","SystemModstamp":"2018-04-17T10:47:52.000Z","IsArchived":false,"CreatedById":"0051r000007Oz5QAAS","TaskSubtype":"Task","OwnerId":"0051r000007Oz5QAAS","CreatedDate":"2018-04-17T10:47:47.000Z","Id":"00T1r00004COgR5EAL","DB_Activity_Type__c":"Other","IsReminderSet":false,"LastModifiedById":"0051r000007Oz5QAAS"}|0xbbc625d
12:47:53.0 (6948862)|STATEMENT_EXECUTE|[11]
12:47:53.0 (7037266)|HEAP_ALLOCATE|[12]|Bytes:9
12:47:53.0 (7077804)|STATEMENT_EXECUTE|[12]
12:47:53.0 (7080083)|STATEMENT_EXECUTE|[13]
12:47:53.0 (7116242)|HEAP_ALLOCATE|[EXTERNAL]|Bytes:4
12:47:53.0 (7134913)|HEAP_ALLOCATE|[11]|Bytes:5
12:47:53.0 (7147810)|VARIABLE_ASSIGNMENT|[11]|inTask|null|
12:47:53.0 (7153935)|STATEMENT_EXECUTE|[19]
12:47:53.0 (7172321)|HEAP_ALLOCATE|[19]|Bytes:4
12:47:53.0 (7193056)|HEAP_ALLOCATE|[19]|Bytes:140
12:47:53.0 (7208097)|HEAP_ALLOCATE|[19]|Bytes:4
12:47:53.0 (7216495)|HEAP_ALLOCATE|[19]|Bytes:7
12:47:53.0 (7247370)|HEAP_ALLOCATE|[19]|Bytes:8
12:47:53.0 (7255520)|HEAP_ALLOCATE|[19]|Bytes:8
12:47:53.0 (8681188)|SOQL_EXECUTE_BEGIN|[19]|Aggregations:0|SELECT WhatId, ActivityDate, TYPEOF What WHEN Account THEN ParentId WHEN Opportunity THEN Account.ParentId END FROM Task WHERE Id = :tmpVar1
12:47:53.0 (21120488)|SOQL_EXECUTE_END|[19]|Rows:1
12:47:53.0 (21151285)|HEAP_ALLOCATE|[19]|Bytes:8
12:47:53.0 (21174685)|HEAP_ALLOCATE|[19]|Bytes:193
12:47:53.0 (21216296)|HEAP_ALLOCATE|[19]|Bytes:8
12:47:53.0 (21251832)|HEAP_ALLOCATE|[19]|Bytes:16
12:47:53.0 (21257217)|HEAP_ALLOCATE|[19]|Bytes:16
12:47:53.0 (21260565)|HEAP_ALLOCATE|[19]|Bytes:4
12:47:53.0 (21270559)|VARIABLE_SCOPE_BEGIN|[19]|listTaskType|List<Task>|true|false
12:47:53.0 (21283076)|HEAP_ALLOCATE|[EXTERNAL]|Bytes:8
12:47:53.0 (21309542)|VARIABLE_ASSIGNMENT|[19]|listTaskType|[{"WhatId":"0061r00000vkPBBAA2","Id":"00T1r00004COgR5EAL","What":{"Id":"0061r00000vkPBBAA2","AccountId":"0011r00001nnRDqAAM","Account":{"Id":"0011r00001nnRDqAAM","ParentId":"0011r00001mvH7mAAE"}}}]|0x1c9ac0cd
12:47:53.0 (21323630)|STATEMENT_EXECUTE|[27]
12:47:53.0 (21328961)|HEAP_ALLOCATE|[27]|Bytes:40
12:47:53.0 (21424957)|HEAP_ALLOCATE|[27]|Bytes:57
12:47:53.0 (21444850)|HEAP_ALLOCATE|[27]|Bytes:97
12:47:53.0 (21465853)|USER_DEBUG|[27]|DEBUG|TaskMethods.CerrarTarea.listTaskType :: (Task:{WhatId=0061r00000vkPBBAA2, Id=00T1r00004COgR5EAL})
12:47:53.0 (21480951)|STATEMENT_EXECUTE|[33]
12:47:53.0 (21547391)|HEAP_ALLOCATE|[33]|Bytes:4
12:47:53.0 (21613796)|HEAP_ALLOCATE|[33]|Bytes:133
12:47:53.0 (21629820)|HEAP_ALLOCATE|[33]|Bytes:4
12:47:53.0 (22719892)|SOQL_EXECUTE_BEGIN|[33]|Aggregations:0|SELECT TYPEOF What WHEN Account THEN Phone, NumberOfEmployees WHEN Opportunity THEN Amount, CloseDate ELSE Name, Email END FROM Event
12:47:53.0 (26711572)|SOQL_EXECUTE_END|[33]|Rows:4
12:47:53.0 (26737076)|HEAP_ALLOCATE|[33]|Bytes:20
12:47:53.0 (26760844)|HEAP_ALLOCATE|[33]|Bytes:288
12:47:53.0 (26794564)|HEAP_ALLOCATE|[33]|Bytes:20
12:47:53.0 (26824984)|HEAP_ALLOCATE|[33]|Bytes:16
12:47:53.0 (26831660)|HEAP_ALLOCATE|[33]|Bytes:16
12:47:53.0 (26835298)|HEAP_ALLOCATE|[33]|Bytes:16
12:47:53.0 (26838285)|HEAP_ALLOCATE|[33]|Bytes:16
12:47:53.0 (26841480)|HEAP_ALLOCATE|[33]|Bytes:16
12:47:53.0 (26844200)|HEAP_ALLOCATE|[33]|Bytes:16
12:47:53.0 (26853128)|VARIABLE_SCOPE_BEGIN|[33]|pruebaEvent|List<Event>|true|false
12:47:53.0 (26864179)|HEAP_ALLOCATE|[EXTERNAL]|Bytes:20
12:47:53.0 (26891308)|VARIABLE_ASSIGNMENT|[33]|pruebaEvent|[{"WhatId":"0011r00001nnRDqAAM","Id":"00U1r00000nfGsxEAE","What":{"Id":"0011r00001nnRDqAAM"}},{"WhatId":"0011r00001nnRDqAAM","Id":"00U1r00000nfGt7EAE","What":{"Id":"0011r00001nnRDqAAM"}},{"WhatId":"0011r00001nnRDqAAM","Id":"00U1r00000nfGtbEAE","What":{"Id":"0011r00001nnRDqAAM"}},{"WhatId":"0011r00001nnRDqAAM","Id":"00U1r00000nfT9GEAU","What":{"Id":"0011r00001nnRDqAAM"}}]|0x15c71f8c
12:47:53.0 (26905719)|STATEMENT_EXECUTE|[42]
12:47:53.0 (26910492)|HEAP_ALLOCATE|[42]|Bytes:39
12:47:53.0 (26993617)|HEAP_ALLOCATE|[42]|Bytes:232
12:47:53.0 (27010938)|HEAP_ALLOCATE|[42]|Bytes:271
12:47:53.0 (27025494)|USER_DEBUG|[42]|DEBUG|TaskMethods.CerrarTarea.pruebaEvent :: (Event:{WhatId=0011r00001nnRDqAAM, Id=00U1r00000nfGsxEAE}, Event:{WhatId=0011r00001nnRDqAAM, Id=00U1r00000nfGt7EAE}, Event:{WhatId=0011r00001nnRDqAAM, Id=00U1r00000nfGtbEAE}, Event:{WhatId=0011r00001nnRDqAAM, Id=00U1r00000nfT9GEAU})
12:47:53.0 (27073640)|HEAP_ALLOCATE|[44]|Bytes:5
12:47:53.0 (27088159)|HEAP_ALLOCATE|[44]|Bytes:16
12:47:53.0 (27098320)|VARIABLE_SCOPE_BEGIN|[44]|inTask|Task|true|false
12:47:53.0 (27118283)|VARIABLE_ASSIGNMENT|[44]|inTask|{"WhatId":"0061r00000vkPBBAA2","Id":"00T1r00004COgR5EAL","What":{"Id":"0061r00000vkPBBAA2","AccountId":"0011r00001nnRDqAAM","Account":{"Id":"0011r00001nnRDqAAM","ParentId":"0011r00001mvH7mAAE"}}}|0x3dee7e74
12:47:53.0 (27127547)|STATEMENT_EXECUTE|[44]
12:47:53.0 (27182299)|HEAP_ALLOCATE|[45]|Bytes:37
12:47:53.0 (27209228)|STATEMENT_EXECUTE|[45]
12:47:53.0 (27211353)|STATEMENT_EXECUTE|[46]
12:47:53.0 (27214189)|HEAP_ALLOCATE|[46]|Bytes:11
12:47:53.0 (27233181)|USER_DEBUG|[46]|DEBUG|Opportunity
12:47:53.0 (27247646)|HEAP_ALLOCATE|[44]|Bytes:5
12:47:53.0 (27260790)|VARIABLE_ASSIGNMENT|[44]|inTask|null|
12:47:53.0 (27269770)|SYSTEM_MODE_EXIT|false
12:47:53.0 (27282509)|METHOD_EXIT|[10]|01p1r000009oS6S|TaskMethods.CerrarTarea(List<Task>, Map<Id,Task>)
12:47:53.27 (27295450)|CUMULATIVE_LIMIT_USAGE
12:47:53.27 (27295450)|LIMIT_USAGE_FOR_NS|(default)|
  Number of SOQL queries: 2 out of 100
  Number of query rows: 5 out of 50000
  Number of SOSL queries: 0 out of 20
  Number of DML statements: 0 out of 150
  Number of DML rows: 0 out of 10000
  Maximum CPU time: 0 out of 10000
  Maximum heap size: 0 out of 6000000
  Number of callouts: 0 out of 100
  Number of Email Invocations: 0 out of 10
  Number of future calls: 0 out of 50
  Number of queueable jobs added to the queue: 0 out of 50
  Number of Mobile Apex push calls: 0 out of 10

12:47:53.27 (27295450)|CUMULATIVE_LIMIT_USAGE_END

12:47:53.0 (28886798)|CODE_UNIT_FINISHED|TaskTrigger on Task trigger event AfterUpdate
12:47:53.0 (30034459)|EXECUTION_FINISHED
