36.0 APEX_CODE,FINEST;APEX_PROFILING,INFO;CALLOUT,INFO;DB,INFO;SYSTEM,DEBUG;VALIDATION,INFO;VISUALFORCE,INFO;WAVE,INFO;WORKFLOW,INFO
16:53:19.0 (93056)|USER_INFO|[EXTERNAL]|0051r000007Oz5Q|lydia.abril@gmail.com|hora estándar de Europa central|GMT+02:00
16:53:19.0 (127539)|EXECUTION_STARTED
16:53:19.0 (134305)|CODE_UNIT_STARTED|[EXTERNAL]|TRIGGERS
16:53:19.0 (162465)|CODE_UNIT_STARTED|[EXTERNAL]|01q1r000000j7QT|TarjetaTrigger on Tarjeta_de_cr_dito trigger event BeforeUpdate
16:53:19.0 (217458)|HEAP_ALLOCATE|[EXTERNAL]|Bytes:8
16:53:19.0 (302882)|HEAP_ALLOCATE|[EXTERNAL]|Bytes:8
16:53:19.0 (685265)|HEAP_ALLOCATE|[72]|Bytes:3
16:53:19.0 (748285)|HEAP_ALLOCATE|[77]|Bytes:152
16:53:19.0 (763573)|HEAP_ALLOCATE|[342]|Bytes:408
16:53:19.0 (797570)|HEAP_ALLOCATE|[355]|Bytes:408
16:53:19.0 (817459)|HEAP_ALLOCATE|[467]|Bytes:48
16:53:19.0 (906250)|HEAP_ALLOCATE|[139]|Bytes:6
16:53:19.0 (1028069)|HEAP_ALLOCATE|[EXTERNAL]|Bytes:8
16:53:19.0 (1052301)|VARIABLE_SCOPE_BEGIN|[1]|this|TarjetaTrigger|true|false
16:53:19.0 (1264631)|VARIABLE_ASSIGNMENT|[1]|this|{}|0x9fdf920
16:53:19.0 (1347114)|HEAP_ALLOCATE|[EXTERNAL]|Bytes:8
16:53:19.0 (1363254)|VARIABLE_SCOPE_BEGIN|[1]|this|TarjetaTrigger|true|false
16:53:19.0 (1378850)|VARIABLE_ASSIGNMENT|[1]|this|{}|0x9fdf920
16:53:19.0 (1388968)|STATEMENT_EXECUTE|[1]
16:53:19.0 (1391471)|STATEMENT_EXECUTE|[3]
16:53:19.0 (1423166)|HEAP_ALLOCATE|[50]|Bytes:5
16:53:19.0 (1447023)|HEAP_ALLOCATE|[56]|Bytes:5
16:53:19.0 (1455839)|HEAP_ALLOCATE|[64]|Bytes:7
16:53:19.0 (1895911)|VARIABLE_ASSIGNMENT|[3]|this.listNew|[{"LastModifiedDate":"2018-04-12T14:46:19.000Z","Tipo_de_tarjeta__c":"Visa Oro","A_o_caducidad__c":2020,"IsDeleted":false,"Name":"bbbbbbbbbb","SystemModstamp":"2018-04-12T14:46:19.000Z","Contacto__c":"0031r000024iThRAAU","OwnerId":"0051r00000894UtAAI","CreatedById":"0051r000007Oz5QAAS","CreatedDate":"2018-04-11T13:51:53.000Z","Mes_de_caducidad__c":12,"Id":"a031r00000Rt0ErAAJ","LastModifiedById":"0051r000007Oz5QAAS","Tarjeta__c":"Crédito","N_tarjeta__c":"2222222222222222"}]|0x9fdf920
16:53:19.0 (1922779)|STATEMENT_EXECUTE|[5]
16:53:19.0 (1933910)|STATEMENT_EXECUTE|[6]
16:53:19.0 (1935913)|STATEMENT_EXECUTE|[7]
16:53:19.0 (3691523)|HEAP_ALLOCATE|[7]|Bytes:1
16:53:19.0 (3702519)|HEAP_ALLOCATE|[7]|Bytes:14
16:53:19.0 (3735649)|METHOD_ENTRY|[1]|01p1r000009oldq|TarjetaMethods.TarjetaMethods()
16:53:19.0 (3744581)|STATEMENT_EXECUTE|[1]
16:53:19.0 (3749855)|STATEMENT_EXECUTE|[1]
16:53:19.0 (4100132)|SYSTEM_MODE_ENTER|false
16:53:19.0 (4116978)|HEAP_ALLOCATE|[7]|Bytes:5
16:53:19.0 (4130693)|SYSTEM_MODE_EXIT|false
16:53:19.0 (4155189)|METHOD_EXIT|[1]|TarjetaMethods
16:53:19.0 (4195408)|METHOD_ENTRY|[7]|01p1r000009oldq|TarjetaMethods.CrearOportunidad(List<Tarjeta_de_cr_dito__c>)
16:53:19.0 (4238316)|VARIABLE_SCOPE_BEGIN|[3]|listTarjetas|List<Tarjeta_de_cr_dito__c>|true|false
16:53:19.0 (4405873)|VARIABLE_ASSIGNMENT|[3]|listTarjetas|[{"LastModifiedDate":"2018-04-12T14:46:19.000Z","Tipo_de_tarjeta__c":"Visa Oro","A_o_caducidad__c":2020,"IsDeleted":false,"Name":"bbbbbbbbbb","SystemModstamp":"2018-04-12T14:46:19.000Z","Contacto__c":"0031r000024iThRAAU","OwnerId":"0051r00000894UtAAI","CreatedById":"0051r000007Oz5QAAS","CreatedDate":"2018-04-11T13:51:53.000Z","Mes_de_caducidad__c":12,"Id":"a031r00000Rt0ErAAJ","LastModifiedById":"0051r000007Oz5QAAS","Tarjeta__c":"Crédito","N_tarjeta__c":"2222222222222222"}]|0x70633d53
16:53:19.0 (4427586)|SYSTEM_MODE_ENTER|false
16:53:19.0 (4434555)|HEAP_ALLOCATE|[5]|Bytes:5
16:53:19.0 (4440944)|STATEMENT_EXECUTE|[3]
16:53:19.0 (4546486)|STATEMENT_EXECUTE|[5]
16:53:19.0 (4549006)|STATEMENT_EXECUTE|[7]
16:53:19.0 (4603123)|HEAP_ALLOCATE|[7]|Bytes:4
16:53:19.0 (4686518)|VARIABLE_SCOPE_BEGIN|[7]|listOpToInsert|List<Opportunity>|true|false
16:53:19.0 (4699004)|HEAP_ALLOCATE|[EXTERNAL]|Bytes:4
16:53:19.0 (4707881)|VARIABLE_ASSIGNMENT|[7]|listOpToInsert|[]|0x73dcbc2f
16:53:19.0 (4714078)|STATEMENT_EXECUTE|[9]
16:53:19.0 (4718039)|HEAP_ALLOCATE|[9]|Bytes:51
16:53:19.0 (4735309)|HEAP_ALLOCATE|[9]|Bytes:4
16:53:19.0 (5817924)|SOQL_EXECUTE_BEGIN|[9]|Aggregations:0|SELECT Alias FROM User WHERE Alias = 'test' LIMIT 1
16:53:19.0 (10805225)|SOQL_EXECUTE_END|[9]|Rows:1
16:53:19.0 (10831077)|HEAP_ALLOCATE|[9]|Bytes:8
16:53:19.0 (10850140)|HEAP_ALLOCATE|[9]|Bytes:42
16:53:19.0 (10914669)|HEAP_ALLOCATE|[9]|Bytes:8
16:53:19.0 (10929636)|HEAP_ALLOCATE|[9]|Bytes:30
16:53:19.0 (10963308)|HEAP_ALLOCATE|[9]|Bytes:12
16:53:19.0 (10971501)|VARIABLE_SCOPE_BEGIN|[9]|userAborda|User|true|false
16:53:19.0 (10996526)|VARIABLE_ASSIGNMENT|[9]|userAborda|{"Alias":"test","Id":"0051r00000894UtAAI"}|0x733ff130
16:53:19.0 (11005387)|STATEMENT_EXECUTE|[12]
16:53:19.0 (11020853)|HEAP_ALLOCATE|[12]|Bytes:4
16:53:19.0 (11056402)|VARIABLE_SCOPE_BEGIN|[12]|listContactIds|Set<String>|true|false
16:53:19.0 (11089052)|VARIABLE_ASSIGNMENT|[12]|listContactIds|[]|0x200d62cd
16:53:19.0 (11253964)|HEAP_ALLOCATE|[13]|Bytes:5
16:53:19.0 (11288681)|HEAP_ALLOCATE|[13]|Bytes:4
16:53:19.0 (11297994)|VARIABLE_SCOPE_BEGIN|[13]|inTarjeta|Tarjeta_de_cr_dito__c|true|false
16:53:19.0 (11485474)|VARIABLE_ASSIGNMENT|[13]|inTarjeta|{"LastModifiedDate":"2018-04-12T14:46:19.000Z","Tipo_de_tarjeta__c":"Visa Oro","A_o_caducidad__c":2020,"IsDeleted":false,"Name":"bbbbbbbbbb","SystemModstamp":"2018-04-12T14:46:19.000Z","Contacto__c":"0031r000024iThRAAU","OwnerId":"0051r00000894UtAAI","CreatedById":"0051r000007Oz5QAAS","CreatedDate":"2018-04-11T13:51:53.000Z","Mes_de_caducidad__c":12,"Id":"a031r00000Rt0ErAAJ","LastModifiedById":"0051r000007Oz5QAAS","Tarjeta__c":"Crédito","N_tarjeta__c":"2222222222222222"}|0x68ec8369
16:53:19.0 (11500010)|STATEMENT_EXECUTE|[13]
16:53:19.0 (11502282)|STATEMENT_EXECUTE|[14]
16:53:19.0 (11586426)|HEAP_ALLOCATE|[EXTERNAL]|Bytes:4
16:53:19.0 (11607450)|HEAP_ALLOCATE|[13]|Bytes:5
16:53:19.0 (11621963)|VARIABLE_ASSIGNMENT|[13]|inTarjeta|null|
16:53:19.0 (11628688)|STATEMENT_EXECUTE|[17]
16:53:19.0 (11632731)|HEAP_ALLOCATE|[17]|Bytes:50
16:53:19.0 (11684378)|HEAP_ALLOCATE|[17]|Bytes:20
16:53:19.0 (11701677)|HEAP_ALLOCATE|[17]|Bytes:70
16:53:19.0 (11723053)|USER_DEBUG|[17]|DEBUG|TarjetaMethods.CrearOportunidad :: listContactIds {0031r000024iThRAAU}
16:53:19.0 (11731796)|STATEMENT_EXECUTE|[19]
16:53:19.0 (11784405)|HEAP_ALLOCATE|[19]|Bytes:4
16:53:19.0 (11792056)|HEAP_ALLOCATE|[19]|Bytes:71
16:53:19.0 (11800053)|HEAP_ALLOCATE|[19]|Bytes:4
16:53:19.0 (11806993)|HEAP_ALLOCATE|[19]|Bytes:7
16:53:19.0 (11833952)|HEAP_ALLOCATE|[19]|Bytes:8
16:53:19.0 (11841905)|HEAP_ALLOCATE|[19]|Bytes:8
16:53:19.0 (12230157)|SOQL_EXECUTE_BEGIN|[19]|Aggregations:0|SELECT Id, Premium__c, Name, AccountId FROM Contact WHERE id = :tmpVar1
16:53:19.0 (14372184)|SOQL_EXECUTE_END|[19]|Rows:1
16:53:19.0 (14392635)|HEAP_ALLOCATE|[19]|Bytes:8
16:53:19.0 (14406565)|HEAP_ALLOCATE|[19]|Bytes:61
16:53:19.0 (14445461)|HEAP_ALLOCATE|[19]|Bytes:8
16:53:19.0 (14479848)|HEAP_ALLOCATE|[19]|Bytes:16
16:53:19.0 (14491186)|HEAP_ALLOCATE|[19]|Bytes:18
16:53:19.0 (14501750)|VARIABLE_SCOPE_BEGIN|[19]|mapContact|Map<String,Contact>|true|false
16:53:19.0 (14527303)|VARIABLE_ASSIGNMENT|[19]|mapContact|{"0031r000024iThRAAU":{"Id":"0031r000024iThRAAU","Premium__c":false,"Name":"aaaaaa"}}|0x203af566
16:53:19.0 (14535726)|STATEMENT_EXECUTE|[21]
16:53:19.0 (14539239)|HEAP_ALLOCATE|[21]|Bytes:46
16:53:19.0 (14611203)|HEAP_ALLOCATE|[21]|Bytes:83
16:53:19.0 (14627620)|HEAP_ALLOCATE|[21]|Bytes:129
16:53:19.0 (14639379)|USER_DEBUG|[21]|DEBUG|TarjetaMethods.CrearOportunidad :: mapContact {0031r000024iThRAAU=Contact:{Id=0031r000024iThRAAU, Premium__c=false, Name=aaaaaa}}
16:53:19.0 (14674892)|HEAP_ALLOCATE|[24]|Bytes:5
16:53:19.0 (14689695)|HEAP_ALLOCATE|[24]|Bytes:4
16:53:19.0 (14697724)|VARIABLE_SCOPE_BEGIN|[24]|inTarjeta|Tarjeta_de_cr_dito__c|true|false
16:53:19.0 (14856415)|VARIABLE_ASSIGNMENT|[24]|inTarjeta|{"LastModifiedDate":"2018-04-12T14:46:19.000Z","Tipo_de_tarjeta__c":"Visa Oro","A_o_caducidad__c":2020,"IsDeleted":false,"Name":"bbbbbbbbbb","SystemModstamp":"2018-04-12T14:46:19.000Z","Contacto__c":"0031r000024iThRAAU","OwnerId":"0051r00000894UtAAI","CreatedById":"0051r000007Oz5QAAS","CreatedDate":"2018-04-11T13:51:53.000Z","Mes_de_caducidad__c":12,"Id":"a031r00000Rt0ErAAJ","LastModifiedById":"0051r000007Oz5QAAS","Tarjeta__c":"Crédito","N_tarjeta__c":"2222222222222222"}|0x68ec8369
16:53:19.0 (14870880)|STATEMENT_EXECUTE|[24]
16:53:19.0 (14986030)|STATEMENT_EXECUTE|[25]
16:53:19.0 (14997219)|HEAP_ALLOCATE|[24]|Bytes:5
16:53:19.0 (15012431)|VARIABLE_ASSIGNMENT|[24]|inTarjeta|null|
16:53:19.0 (15018867)|STATEMENT_EXECUTE|[74]
16:53:19.0 (15087476)|HEAP_ALLOCATE|[EXTERNAL]|Bytes:4
16:53:19.0 (15095678)|STATEMENT_EXECUTE|[75]
16:53:19.0 (15099925)|HEAP_ALLOCATE|[75]|Bytes:50
16:53:19.0 (15129488)|HEAP_ALLOCATE|[75]|Bytes:2
16:53:19.0 (15141169)|HEAP_ALLOCATE|[75]|Bytes:52
16:53:19.0 (15150491)|USER_DEBUG|[75]|DEBUG|TarjetaMethods.CrearOportunidad :: listOpToInsert ()
16:53:19.0 (15162406)|SYSTEM_MODE_EXIT|false
16:53:19.0 (15174372)|METHOD_EXIT|[7]|01p1r000009oldq|TarjetaMethods.CrearOportunidad(List<Tarjeta_de_cr_dito__c>)
16:53:19.15 (15213531)|CUMULATIVE_LIMIT_USAGE
16:53:19.15 (15213531)|LIMIT_USAGE_FOR_NS|(default)|
  Number of SOQL queries: 2 out of 100
  Number of query rows: 2 out of 50000
  Number of SOSL queries: 0 out of 20
  Number of DML statements: 0 out of 150
  Number of DML rows: 0 out of 10000
  Maximum CPU time: 0 out of 10000
  Maximum heap size: 0 out of 6000000
  Number of callouts: 0 out of 100
  Number of Email Invocations: 0 out of 10
  Number of future calls: 0 out of 50
  Number of queueable jobs added to the queue: 0 out of 50
  Number of Mobile Apex push calls: 0 out of 10

16:53:19.15 (15213531)|CUMULATIVE_LIMIT_USAGE_END

16:53:19.0 (16333284)|CODE_UNIT_FINISHED|TarjetaTrigger on Tarjeta_de_cr_dito trigger event BeforeUpdate
16:53:19.0 (19344159)|CODE_UNIT_STARTED|[EXTERNAL]|Validation:Tarjeta_de_cr_dito:a031r00000Rt0Er
16:53:19.0 (19356048)|VALIDATION_RULE|03d1r000000i476|ValidarAno
16:53:19.0 (19535583)|VALIDATION_FORMULA|(A_o_caducidad__c<YEAR(TODAY())) &#124;&#124; 
(A_o_caducidad__c>YEAR(TODAY())+5)|A_o_caducidad__c=2020
16:53:19.0 (19546135)|VALIDATION_PASS
16:53:19.0 (19548514)|VALIDATION_RULE|03d1r000000i47B|ValidarFecha
16:53:19.0 (19639815)|VALIDATION_FORMULA|Mes_de_caducidad__c <   MONTH(TODAY()) && 
A_o_caducidad__c <= YEAR(TODAY())|A_o_caducidad__c=2020 , Mes_de_caducidad__c=12
16:53:19.0 (19646257)|VALIDATION_PASS
16:53:19.0 (19647992)|VALIDATION_RULE|03d1r000000i46X|ValidarMes
16:53:19.0 (19715333)|VALIDATION_FORMULA|(Mes_de_caducidad__c  < 1)  &#124;&#124;  (Mes_de_caducidad__c  > 12)|Mes_de_caducidad__c=12
16:53:19.0 (19721354)|VALIDATION_PASS
16:53:19.0 (19761785)|CODE_UNIT_FINISHED|Validation:Tarjeta_de_cr_dito:a031r00000Rt0Er
16:53:19.0 (37986736)|CODE_UNIT_FINISHED|TRIGGERS
16:53:19.0 (37997852)|EXECUTION_FINISHED
