36.0 APEX_CODE,FINEST;APEX_PROFILING,INFO;CALLOUT,INFO;DB,INFO;SYSTEM,DEBUG;VALIDATION,INFO;VISUALFORCE,INFO;WAVE,INFO;WORKFLOW,INFO
10:13:38.0 (353689)|USER_INFO|[EXTERNAL]|0051r000007Oz5Q|lydia.abril@gmail.com|hora estándar de Europa central|GMT+02:00
10:13:38.0 (424264)|EXECUTION_STARTED
10:13:38.0 (431111)|CODE_UNIT_STARTED|[EXTERNAL]|01p1r000009p7mK|EventTest.testCrearEvento
10:13:38.0 (803208)|HEAP_ALLOCATE|[72]|Bytes:3
10:13:38.0 (854247)|HEAP_ALLOCATE|[77]|Bytes:152
10:13:38.0 (881657)|HEAP_ALLOCATE|[342]|Bytes:408
10:13:38.0 (912172)|HEAP_ALLOCATE|[355]|Bytes:408
10:13:38.0 (936685)|HEAP_ALLOCATE|[467]|Bytes:48
10:13:38.0 (978242)|HEAP_ALLOCATE|[139]|Bytes:6
10:13:38.0 (1004206)|HEAP_ALLOCATE|[EXTERNAL]|Bytes:89
10:13:38.0 (1033355)|METHOD_ENTRY|[2]|01p1r000009p7mK|EventTest.EventTest()
10:13:38.0 (1046727)|STATEMENT_EXECUTE|[2]
10:13:38.0 (1055021)|STATEMENT_EXECUTE|[2]
10:13:38.0 (1061491)|METHOD_EXIT|[2]|EventTest
10:13:38.0 (1460357)|HEAP_ALLOCATE|[50]|Bytes:5
10:13:38.0 (1499394)|HEAP_ALLOCATE|[56]|Bytes:5
10:13:38.0 (1515277)|HEAP_ALLOCATE|[64]|Bytes:7
10:13:38.0 (1568528)|STATEMENT_EXECUTE|[4]
10:13:38.0 (1572508)|STATEMENT_EXECUTE|[6]
10:13:38.0 (1645461)|HEAP_ALLOCATE|[6]|Bytes:4
10:13:38.0 (1750662)|HEAP_ALLOCATE|[6]|Bytes:11
10:13:38.0 (1818888)|VARIABLE_ASSIGNMENT|[6]|this.Name|"CuentaPadre"|0x3c79d17a
10:13:38.0 (1915184)|HEAP_ALLOCATE|[7]|Bytes:4
10:13:38.0 (1987016)|VARIABLE_ASSIGNMENT|[6]|this.Fecha_ultima_actividad_mas_reciente__c|"2018-01-11T00:00:00.000Z"|0x3c79d17a
10:13:38.0 (2030781)|VARIABLE_SCOPE_BEGIN|[6]|oAccountParent|Account|true|false
10:13:38.0 (2071021)|VARIABLE_ASSIGNMENT|[6]|oAccountParent|{"Name":"CuentaPadre","Fecha_ultima_activid (18 more) ...":"2018-01-11T00:00:00.000Z"}|0x3c79d17a
10:13:38.0 (2083223)|STATEMENT_EXECUTE|[8]
10:13:38.0 (2111050)|HEAP_ALLOCATE|[8]|Bytes:8
10:13:38.0 (2127851)|DML_BEGIN|[8]|Op:Insert|Type:Account|Rows:1
10:13:38.0 (2170918)|HEAP_ALLOCATE|[EXTERNAL]|Bytes:8
10:13:38.0 (17697844)|CODE_UNIT_STARTED|[EXTERNAL]|DuplicateDetector
10:13:38.0 (17728847)|DUPLICATE_DETECTION_BEGIN
10:13:38.0 (18511822)|DUPLICATE_DETECTION_RULE_INVOCATION|DuplicateRuleId:0Bm1r0000018X88|DuplicateRuleName:Standard Account Duplicate Rule|DmlType:INSERT
10:13:38.0 (39986778)|DUPLICATE_DETECTION_MATCH_INVOCATION_DETAILS|EntityType:Account|ActionTaken:Allow_[Alert,Report]|DuplicateRecordIds:
10:13:38.0 (40024674)|DUPLICATE_DETECTION_MATCH_INVOCATION_SUMMARY|EntityType:Account|NumRecordsToBeSaved:1|NumRecordsToBeSavedWithDuplicates:0|NumDuplicateRecordsFound:0
10:13:38.0 (40213518)|DUPLICATE_DETECTION_END
10:13:38.0 (40223037)|CODE_UNIT_FINISHED|DuplicateDetector
10:13:38.0 (65491751)|CODE_UNIT_STARTED|[EXTERNAL]|Workflow:Account
10:13:38.0 (70294498)|WF_RULE_EVAL_BEGIN|Workflow
10:13:38.0 (70330829)|WF_CRITERIA_BEGIN|[Account: CuentaPadre 0011r00001noho9]|PruebaProcess3011r000000gjFE|01Q1r000000mVFX|ON_ALL_CHANGES|0
10:13:38.0 (70549146)|WF_FORMULA|Formula:ENCODED:[treatNullAsNull]true|Values:
10:13:38.0 (70558728)|WF_CRITERIA_END|true
10:13:38.0 (81282131)|WF_SPOOL_ACTION_BEGIN|Workflow
10:13:38.0 (81313029)|WF_ACTION| Flow Trigger: 1;
10:13:38.0 (81319078)|WF_RULE_EVAL_END
10:13:38.0 (82322080)|WF_FLOW_ACTION_BEGIN|09L1r000000Xt57
10:13:38.83 (83193486)|FLOW_CREATE_INTERVIEW_BEGIN|00D1r000001H7aI|3001r000000gDp4|3011r000000gjFE
10:13:38.83 (85124587)|FLOW_CREATE_INTERVIEW_END|393600097ffbfbd5585f7910cf10162d7b7c0aa-51b1|PruebaProcess
10:13:38.86 (86126027)|FLOW_START_INTERVIEWS_BEGIN|1
10:13:38.86 (86150668)|FLOW_START_INTERVIEW_BEGIN|393600097ffbfbd5585f7910cf10162d7b7c0aa-51b1|PruebaProcess
10:13:38.86 (87823324)|FLOW_START_INTERVIEW_END|393600097ffbfbd5585f7910cf10162d7b7c0aa-51b1|PruebaProcess
10:13:38.86 (116597904)|FLOW_START_INTERVIEWS_END|1
10:13:38.0 (117990029)|WF_FLOW_ACTION_END|09L1r000000Xt57
10:13:38.0 (118098990)|WF_ACTIONS_END| Flow Trigger: 1;
10:13:38.0 (118108367)|CODE_UNIT_FINISHED|Workflow:Account
10:13:38.0 (120992620)|DML_END|[8]
10:13:38.0 (121023619)|STATEMENT_EXECUTE|[10]
10:13:38.0 (121052327)|HEAP_ALLOCATE|[10]|Bytes:4
10:13:38.0 (121077564)|HEAP_ALLOCATE|[10]|Bytes:6
10:13:38.0 (121125801)|VARIABLE_ASSIGNMENT|[10]|this.Name|"Cuenta"|0x707105e5
10:13:38.0 (121180054)|VARIABLE_ASSIGNMENT|[10]|this.ParentId|"0011r00001noho9AAA"|0x707105e5
10:13:38.0 (121271656)|HEAP_ALLOCATE|[12]|Bytes:4
10:13:38.0 (121335102)|VARIABLE_ASSIGNMENT|[10]|this.Fecha_ultima_actividad_mas_reciente__c|"2018-01-11T00:00:00.000Z"|0x707105e5
10:13:38.0 (121375896)|VARIABLE_SCOPE_BEGIN|[10]|oAccount|Account|true|false
10:13:38.0 (121414867)|VARIABLE_ASSIGNMENT|[10]|oAccount|{"Name":"Cuenta","ParentId":"0011r00001noho9AAA","Fecha_ultima_activid (18 more) ...":"2018-01-11T00:00:00.000Z"}|0x707105e5
10:13:38.0 (121428435)|STATEMENT_EXECUTE|[13]
10:13:38.0 (121448953)|HEAP_ALLOCATE|[13]|Bytes:8
10:13:38.0 (121462212)|DML_BEGIN|[13]|Op:Insert|Type:Account|Rows:1
10:13:38.0 (121495767)|HEAP_ALLOCATE|[EXTERNAL]|Bytes:8
10:13:38.0 (126054813)|CODE_UNIT_STARTED|[EXTERNAL]|DuplicateDetector
10:13:38.0 (126070101)|DUPLICATE_DETECTION_BEGIN
10:13:38.0 (126124127)|DUPLICATE_DETECTION_RULE_INVOCATION|DuplicateRuleId:0Bm1r0000018X88|DuplicateRuleName:Standard Account Duplicate Rule|DmlType:INSERT
10:13:38.0 (266285551)|DUPLICATE_DETECTION_MATCH_INVOCATION_DETAILS|EntityType:Account|ActionTaken:Allow_[Alert,Report]|DuplicateRecordIds:
10:13:38.0 (266317760)|DUPLICATE_DETECTION_MATCH_INVOCATION_SUMMARY|EntityType:Account|NumRecordsToBeSaved:1|NumRecordsToBeSavedWithDuplicates:0|NumDuplicateRecordsFound:0
10:13:38.0 (266488514)|DUPLICATE_DETECTION_END
10:13:38.0 (266496456)|CODE_UNIT_FINISHED|DuplicateDetector
10:13:38.0 (280231233)|CODE_UNIT_STARTED|[EXTERNAL]|Workflow:Account
10:13:38.0 (283763134)|WF_RULE_EVAL_BEGIN|Workflow
10:13:38.0 (283812197)|WF_CRITERIA_BEGIN|[Account: Cuenta 0011r00001nohoA]|PruebaProcess3011r000000gjFE|01Q1r000000mVFX|ON_ALL_CHANGES|0
10:13:38.0 (283863697)|WF_FORMULA|Formula:ENCODED:[treatNullAsNull]true|Values:
10:13:38.0 (283875645)|WF_CRITERIA_END|true
10:13:38.0 (283903582)|WF_SPOOL_ACTION_BEGIN|Workflow
10:13:38.0 (283932851)|WF_ACTION| Flow Trigger: 1;
10:13:38.0 (283940885)|WF_RULE_EVAL_END
10:13:38.0 (283977549)|WF_FLOW_ACTION_BEGIN|09L1r000000Xt57
10:13:38.284 (284799938)|FLOW_CREATE_INTERVIEW_BEGIN|00D1r000001H7aI|3001r000000gDp4|3011r000000gjFE
10:13:38.284 (284868691)|FLOW_CREATE_INTERVIEW_END|403700097ffbfbd5585f7910cf10162d7b7c0aa-5216|PruebaProcess
10:13:38.285 (285953911)|FLOW_START_INTERVIEWS_BEGIN|1
10:13:38.285 (285979882)|FLOW_START_INTERVIEW_BEGIN|403700097ffbfbd5585f7910cf10162d7b7c0aa-5216|PruebaProcess
10:13:38.285 (286969220)|FLOW_START_INTERVIEW_END|403700097ffbfbd5585f7910cf10162d7b7c0aa-5216|PruebaProcess
10:13:38.285 (313554098)|FLOW_START_INTERVIEWS_END|1
10:13:38.0 (314271707)|WF_FLOW_ACTION_END|09L1r000000Xt57
10:13:38.0 (314385808)|WF_ACTIONS_END| Flow Trigger: 1;
10:13:38.0 (314395490)|CODE_UNIT_FINISHED|Workflow:Account
10:13:38.0 (314718054)|DML_END|[13]
10:13:38.0 (314743267)|STATEMENT_EXECUTE|[15]
10:13:38.0 (314788958)|HEAP_ALLOCATE|[15]|Bytes:4
10:13:38.0 (314870158)|HEAP_ALLOCATE|[15]|Bytes:11
10:13:38.0 (314916319)|VARIABLE_ASSIGNMENT|[15]|this.Name|"Oportunidad"|0x646ad6ef
10:13:38.0 (314995130)|HEAP_ALLOCATE|[16]|Bytes:4
10:13:38.0 (315044427)|VARIABLE_ASSIGNMENT|[15]|this.CloseDate|"2020-01-11T00:00:00.000Z"|0x646ad6ef
10:13:38.0 (315054298)|HEAP_ALLOCATE|[17]|Bytes:11
10:13:38.0 (315070623)|VARIABLE_ASSIGNMENT|[15]|this.StageName|"Prospecting"|0x646ad6ef
10:13:38.0 (315101399)|VARIABLE_ASSIGNMENT|[15]|this.AccountId|"0011r00001nohoAAAQ"|0x646ad6ef
10:13:38.0 (315133584)|VARIABLE_SCOPE_BEGIN|[15]|oOpportunity|Opportunity|true|false
10:13:38.0 (315161634)|VARIABLE_ASSIGNMENT|[15]|oOpportunity|{"Name":"Oportunidad","CloseDate":"2020-01-11T00:00:00.000Z","StageName":"Prospecting","AccountId":"0011r00001nohoAAAQ"}|0x646ad6ef
10:13:38.0 (315172724)|STATEMENT_EXECUTE|[19]
10:13:38.0 (315196068)|HEAP_ALLOCATE|[19]|Bytes:8
10:13:38.0 (315207198)|DML_BEGIN|[19]|Op:Insert|Type:Opportunity|Rows:1
10:13:38.0 (315232400)|HEAP_ALLOCATE|[EXTERNAL]|Bytes:8
10:13:38.0 (359651584)|CODE_UNIT_STARTED|[EXTERNAL]|01q1r000000Bcgl|ClosedOpportunityTrigger on Opportunity trigger event AfterInsert
10:13:38.0 (359702024)|HEAP_ALLOCATE|[EXTERNAL]|Bytes:8
10:13:38.0 (359961947)|HEAP_ALLOCATE|[EXTERNAL]|Bytes:8
10:13:38.0 (359980569)|VARIABLE_SCOPE_BEGIN|[1]|this|ClosedOpportunityTrigger|true|false
10:13:38.0 (360110395)|VARIABLE_ASSIGNMENT|[1]|this|{}|0x3198664a
10:13:38.0 (360245045)|HEAP_ALLOCATE|[EXTERNAL]|Bytes:8
10:13:38.0 (360266306)|VARIABLE_SCOPE_BEGIN|[1]|this|ClosedOpportunityTrigger|true|false
10:13:38.0 (360297363)|VARIABLE_ASSIGNMENT|[1]|this|{}|0x3198664a
10:13:38.0 (360313324)|STATEMENT_EXECUTE|[1]
10:13:38.0 (360317081)|STATEMENT_EXECUTE|[3]
10:13:38.0 (360385437)|HEAP_ALLOCATE|[3]|Bytes:4
10:13:38.0 (360482463)|HEAP_ALLOCATE|[EXTERNAL]|Bytes:4
10:13:38.0 (360502495)|VARIABLE_ASSIGNMENT|[3]|this.taskList|[]|0x3198664a
10:13:38.0 (360515544)|HEAP_ALLOCATE|[5]|Bytes:89
10:13:38.0 (360535384)|HEAP_ALLOCATE|[5]|Bytes:4
10:13:38.0 (360548254)|HEAP_ALLOCATE|[5]|Bytes:7
10:13:38.0 (360899383)|SOQL_EXECUTE_BEGIN|[5]|Aggregations:0|SELECT Id, StageName FROM Opportunity 
10:13:38.0 (368829221)|SOQL_EXECUTE_END|[5]|Rows:0
10:13:38.0 (369044754)|HEAP_ALLOCATE|[5]|Bytes:54
10:13:38.0 (369061485)|HEAP_ALLOCATE|[5]|Bytes:8
10:13:38.0 (369101589)|SYSTEM_METHOD_ENTRY|[7]|QueryLocatorIterator.QueryLocatorIterator()
10:13:38.0 (369112284)|STATEMENT_EXECUTE|[7]
10:13:38.0 (369126126)|SYSTEM_METHOD_EXIT|[7]|QueryLocatorIterator
10:13:38.0 (369137032)|HEAP_ALLOCATE|[5]|Bytes:28
10:13:38.0 (369161321)|HEAP_ALLOCATE|[5]|Bytes:8
10:13:38.0 (369168410)|HEAP_ALLOCATE|[5]|Bytes:8
10:13:38.0 (369178299)|VARIABLE_SCOPE_BEGIN|[15]|this|Database.QueryLocatorIterator|true|false
10:13:38.0 (369297527)|VARIABLE_ASSIGNMENT|[15]|this|{}|0x4da57172
10:13:38.0 (369309413)|VARIABLE_SCOPE_BEGIN|[15]|values|List<SObject>|true|false
10:13:38.0 (369322670)|VARIABLE_ASSIGNMENT|[15]|values|null|
10:13:38.0 (369332770)|VARIABLE_SCOPE_BEGIN|[15]|ql|Database.QueryLocator|true|false
10:13:38.0 (369357876)|VARIABLE_ASSIGNMENT|[15]|ql|{"query":"SELECT Id, StageName (69 more) ..."}|0x537f6e19
10:13:38.0 (369377520)|VARIABLE_SCOPE_BEGIN|[15]|totalNumRecords|Integer|false|false
10:13:38.0 (369391533)|VARIABLE_ASSIGNMENT|[15]|totalNumRecords|0
10:13:38.0 (369398345)|VARIABLE_SCOPE_BEGIN|[15]|queryMoreSize|Integer|false|false
10:13:38.0 (369408768)|VARIABLE_ASSIGNMENT|[15]|queryMoreSize|50000
10:13:38.0 (369512628)|HEAP_ALLOCATE|[5]|Bytes:28
10:13:38.0 (369562359)|METHOD_ENTRY|[5]||Database.QueryLocatorIterator.hasNext()
10:13:38.0 (369608724)|METHOD_EXIT|[5]||Database.QueryLocatorIterator.hasNext()
10:13:38.0 (369624248)|VARIABLE_ASSIGNMENT|[5]|opp|null|
10:13:38.0 (369634484)|STATEMENT_EXECUTE|[5]
10:13:38.0 (369699151)|STATEMENT_EXECUTE|[12]
10:13:38.369 (369709239)|CUMULATIVE_LIMIT_USAGE
10:13:38.369 (369709239)|LIMIT_USAGE_FOR_NS|(default)|
  Number of SOQL queries: 3 out of 100
  Number of query rows: 0 out of 50000
  Number of SOSL queries: 0 out of 20
  Number of DML statements: 5 out of 150
  Number of DML rows: 3 out of 10000
  Maximum CPU time: 0 out of 10000
  Maximum heap size: 0 out of 6000000
  Number of callouts: 0 out of 100
  Number of Email Invocations: 0 out of 10
  Number of future calls: 0 out of 50
  Number of queueable jobs added to the queue: 0 out of 50
  Number of Mobile Apex push calls: 0 out of 10

10:13:38.369 (369709239)|CUMULATIVE_LIMIT_USAGE_END

10:13:38.0 (370914871)|CODE_UNIT_FINISHED|ClosedOpportunityTrigger on Opportunity trigger event AfterInsert
10:13:38.0 (372032481)|DML_END|[19]
10:13:38.0 (372056368)|STATEMENT_EXECUTE|[23]
10:13:38.0 (372110470)|HEAP_ALLOCATE|[23]|Bytes:4
10:13:38.0 (372162249)|VARIABLE_SCOPE_BEGIN|[23]|listEvent|List<Event>|true|false
10:13:38.0 (372174466)|HEAP_ALLOCATE|[EXTERNAL]|Bytes:4
10:13:38.0 (372187828)|VARIABLE_ASSIGNMENT|[23]|listEvent|[]|0x30e40747
10:13:38.0 (372195257)|STATEMENT_EXECUTE|[25]
10:13:38.0 (372218044)|HEAP_ALLOCATE|[25]|Bytes:4
10:13:38.0 (372270571)|HEAP_ALLOCATE|[25]|Bytes:5
10:13:38.0 (372312236)|VARIABLE_ASSIGNMENT|[25]|this.Subject|"Event"|0x56accec8
10:13:38.0 (372335154)|VARIABLE_ASSIGNMENT|[25]|this.IsAllDayEvent|true|0x56accec8
10:13:38.0 (372368653)|VARIABLE_ASSIGNMENT|[25]|this.WhatId|"0011r00001nohoAAAQ"|0x56accec8
10:13:38.0 (372424699)|HEAP_ALLOCATE|[28]|Bytes:4
10:13:38.0 (372473439)|VARIABLE_ASSIGNMENT|[25]|this.ActivityDate|"2020-01-11T00:00:00.000Z"|0x56accec8
10:13:38.0 (372503170)|VARIABLE_SCOPE_BEGIN|[25]|oEvent|Event|true|false
10:13:38.0 (372525081)|VARIABLE_ASSIGNMENT|[25]|oEvent|{"Subject":"Event","IsAllDayEvent":true,"WhatId":"0011r00001nohoAAAQ","ActivityDate":"2020-01-11T00:00:00.000Z"}|0x56accec8
10:13:38.0 (372532946)|STATEMENT_EXECUTE|[30]
10:13:38.0 (372564099)|HEAP_ALLOCATE|[EXTERNAL]|Bytes:4
10:13:38.0 (372573286)|STATEMENT_EXECUTE|[32]
10:13:38.0 (372611382)|DML_BEGIN|[32]|Op:Insert|Type:Event|Rows:1
10:13:38.0 (372644901)|HEAP_ALLOCATE|[EXTERNAL]|Bytes:8
10:13:38.0 (406538340)|CODE_UNIT_STARTED|[EXTERNAL]|01q1r000000j8Jb|EventTrigger on Event trigger event AfterInsert
10:13:38.0 (406599308)|HEAP_ALLOCATE|[EXTERNAL]|Bytes:8
10:13:38.0 (406782815)|HEAP_ALLOCATE|[EXTERNAL]|Bytes:8
10:13:38.0 (406798485)|VARIABLE_SCOPE_BEGIN|[1]|this|EventTrigger|true|false
10:13:38.0 (406888879)|VARIABLE_ASSIGNMENT|[1]|this|{}|0x4227087d
10:13:38.0 (406978675)|HEAP_ALLOCATE|[EXTERNAL]|Bytes:8
10:13:38.0 (406988869)|VARIABLE_SCOPE_BEGIN|[1]|this|EventTrigger|true|false
10:13:38.0 (407010040)|VARIABLE_ASSIGNMENT|[1]|this|{}|0x4227087d
10:13:38.0 (407021950)|STATEMENT_EXECUTE|[1]
10:13:38.0 (407025009)|STATEMENT_EXECUTE|[3]
10:13:38.0 (408308603)|VARIABLE_ASSIGNMENT|[3]|this.listNew|[{"LastModifiedDate":"2018-04-18T08:13:38.000Z","AccountId":"0011r00001nohoAAAQ","WhatId":"0011r00001nohoAAAQ","GroupEventType":"0","CreatedById":"0051r000007Oz5QAAS","DurationInMinutes":1440,"OwnerId":"0051r000007Oz5QAAS","IsAllDayEvent":true,"EndDateTime":"2020-01-11T00:00:00.000Z","IsReminderSet":false,"IsDeleted":false,"ActivityDate":"2020-01-11T00:00:00.000Z","IsRecurrence":false,"Subject":"Event","SystemModstamp":"2018-04-18T08:13:38.000Z","IsArchived":false,"StartDateTime":"2020-01-11T00:00:00.000Z","IsChild":false,"CreatedDate":"2018-04-18T08:13:38.000Z","Id":"00U1r00000nfVWKEA2","DB_Activity_Type__c":"Other","EventSubtype":"Event","IsPrivate":false,"LastModifiedById":"0051r000007Oz5QAAS","ShowAs":"Busy","IsGroupEvent":false}]|0x4227087d
10:13:38.0 (408342857)|STATEMENT_EXECUTE|[5]
10:13:38.0 (408352738)|STATEMENT_EXECUTE|[6]
10:13:38.0 (408354749)|STATEMENT_EXECUTE|[7]
10:13:38.0 (410092702)|HEAP_ALLOCATE|[7]|Bytes:1
10:13:38.0 (410105192)|HEAP_ALLOCATE|[7]|Bytes:14
10:13:38.0 (410124219)|METHOD_ENTRY|[1]|01p1r000009p7V5|EventMethods.EventMethods()
10:13:38.0 (410130794)|STATEMENT_EXECUTE|[1]
10:13:38.0 (410136330)|STATEMENT_EXECUTE|[1]
10:13:38.0 (410566189)|SYSTEM_MODE_ENTER|false
10:13:38.0 (410581405)|HEAP_ALLOCATE|[7]|Bytes:5
10:13:38.0 (410589704)|SYSTEM_MODE_EXIT|false
10:13:38.0 (410601352)|METHOD_EXIT|[1]|EventMethods
10:13:38.0 (410629609)|METHOD_ENTRY|[7]|01p1r000009p7V5|EventMethods.CrearEvento(List<Event>)
10:13:38.0 (410662101)|VARIABLE_SCOPE_BEGIN|[3]|listEvent|List<Event>|true|false
10:13:38.0 (410845162)|VARIABLE_ASSIGNMENT|[3]|listEvent|[{"LastModifiedDate":"2018-04-18T08:13:38.000Z","AccountId":"0011r00001nohoAAAQ","WhatId":"0011r00001nohoAAAQ","GroupEventType":"0","CreatedById":"0051r000007Oz5QAAS","DurationInMinutes":1440,"OwnerId":"0051r000007Oz5QAAS","IsAllDayEvent":true,"EndDateTime":"2020-01-11T00:00:00.000Z","IsReminderSet":false,"IsDeleted":false,"ActivityDate":"2020-01-11T00:00:00.000Z","IsRecurrence":false,"Subject":"Event","SystemModstamp":"2018-04-18T08:13:38.000Z","IsArchived":false,"StartDateTime":"2020-01-11T00:00:00.000Z","IsChild":false,"CreatedDate":"2018-04-18T08:13:38.000Z","Id":"00U1r00000nfVWKEA2","DB_Activity_Type__c":"Other","EventSubtype":"Event","IsPrivate":false,"LastModifiedById":"0051r000007Oz5QAAS","ShowAs":"Busy","IsGroupEvent":false}]|0x2f630f21
10:13:38.0 (410890461)|SYSTEM_MODE_ENTER|false
10:13:38.0 (410897904)|HEAP_ALLOCATE|[5]|Bytes:5
10:13:38.0 (410903645)|STATEMENT_EXECUTE|[3]
10:13:38.0 (410959539)|STATEMENT_EXECUTE|[5]
10:13:38.0 (410961916)|STATEMENT_EXECUTE|[7]
10:13:38.0 (411000243)|HEAP_ALLOCATE|[7]|Bytes:4
10:13:38.0 (411056459)|VARIABLE_SCOPE_BEGIN|[7]|listAcInsert|List<Account>|true|false
10:13:38.0 (411066658)|HEAP_ALLOCATE|[EXTERNAL]|Bytes:4
10:13:38.0 (411075611)|VARIABLE_ASSIGNMENT|[7]|listAcInsert|[]|0xe282a6b
10:13:38.0 (411081499)|STATEMENT_EXECUTE|[9]
10:13:38.0 (411093267)|HEAP_ALLOCATE|[9]|Bytes:4
10:13:38.0 (411120210)|VARIABLE_SCOPE_BEGIN|[9]|setEventIds|Set<String>|true|false
10:13:38.0 (411143647)|VARIABLE_ASSIGNMENT|[9]|setEventIds|[]|0x6633c574
10:13:38.0 (411276042)|HEAP_ALLOCATE|[11]|Bytes:5
10:13:38.0 (411323612)|VARIABLE_SCOPE_BEGIN|[11]|inEvent|Event|true|false
10:13:38.0 (411535696)|VARIABLE_ASSIGNMENT|[11]|inEvent|{"LastModifiedDate":"2018-04-18T08:13:38.000Z","AccountId":"0011r00001nohoAAAQ","WhatId":"0011r00001nohoAAAQ","GroupEventType":"0","CreatedById":"0051r000007Oz5QAAS","DurationInMinutes":1440,"OwnerId":"0051r000007Oz5QAAS","IsAllDayEvent":true,"EndDateTime":"2020-01-11T00:00:00.000Z","IsReminderSet":false,"IsDeleted":false,"ActivityDate":"2020-01-11T00:00:00.000Z","IsRecurrence":false,"Subject":"Event","SystemModstamp":"2018-04-18T08:13:38.000Z","IsArchived":false,"StartDateTime":"2020-01-11T00:00:00.000Z","IsChild":false,"CreatedDate":"2018-04-18T08:13:38.000Z","Id":"00U1r00000nfVWKEA2","DB_Activity_Type__c":"Other","EventSubtype":"Event","IsPrivate":false,"LastModifiedById":"0051r000007Oz5QAAS","ShowAs":"Busy","IsGroupEvent":false}|0x3e0cfe93
10:13:38.0 (411557855)|STATEMENT_EXECUTE|[11]
10:13:38.0 (411559918)|STATEMENT_EXECUTE|[12]
10:13:38.0 (411564341)|HEAP_ALLOCATE|[12]|Bytes:36
10:13:38.0 (411851067)|HEAP_ALLOCATE|[12]|Bytes:1031
10:13:38.0 (411877565)|HEAP_ALLOCATE|[12]|Bytes:1067
10:13:38.0 (411900178)|USER_DEBUG|[12]|DEBUG|EventMethods.CrearEvento.inEvent :: Event:{Id=00U1r00000nfVWKEA2, WhoId=null, WhatId=0011r00001nohoAAAQ, Subject=Event, Location=null, IsAllDayEvent=true, ActivityDateTime=null, ActivityDate=2020-01-11 00:00:00, DurationInMinutes=1440, StartDateTime=2020-01-11 00:00:00, EndDateTime=2020-01-11 00:00:00, Description=null, AccountId=0011r00001nohoAAAQ, OwnerId=0051r000007Oz5QAAS, Type=null, IsPrivate=false, ShowAs=Busy, IsDeleted=false, IsChild=false, IsGroupEvent=false, GroupEventType=0, CreatedDate=2018-04-18 08:13:38, CreatedById=0051r000007Oz5QAAS, LastModifiedDate=2018-04-18 08:13:38, LastModifiedById=0051r000007Oz5QAAS, SystemModstamp=2018-04-18 08:13:38, IsArchived=false, RecurrenceActivityId=null, IsRecurrence=false, RecurrenceStartDateTime=null, RecurrenceEndDateOnly=null, RecurrenceTimeZoneSidKey=null, RecurrenceType=null, RecurrenceInterval=null, RecurrenceDayOfWeekMask=null, RecurrenceDayOfMonth=null, RecurrenceInstance=null, RecurrenceMonthOfYear=null, ReminderDateTime=null, IsReminderSet=false, EventSubtype=Event, DB_Activity_Type__c=Other}
10:13:38.0 (411920911)|STATEMENT_EXECUTE|[13]
10:13:38.0 (411980039)|HEAP_ALLOCATE|[EXTERNAL]|Bytes:4
10:13:38.0 (412000984)|HEAP_ALLOCATE|[11]|Bytes:5
10:13:38.0 (412015347)|VARIABLE_ASSIGNMENT|[11]|inEvent|null|
10:13:38.0 (412020909)|STATEMENT_EXECUTE|[16]
10:13:38.0 (412024412)|HEAP_ALLOCATE|[16]|Bytes:40
10:13:38.0 (412057239)|HEAP_ALLOCATE|[16]|Bytes:20
10:13:38.0 (412069982)|HEAP_ALLOCATE|[16]|Bytes:60
10:13:38.0 (412078595)|USER_DEBUG|[16]|DEBUG|EventMethods.CrearEvento.setEventIds :: {00U1r00000nfVWKEA2}
10:13:38.0 (412086163)|STATEMENT_EXECUTE|[19]
10:13:38.0 (412103331)|HEAP_ALLOCATE|[19]|Bytes:4
10:13:38.0 (412122330)|HEAP_ALLOCATE|[19]|Bytes:215
10:13:38.0 (412134884)|HEAP_ALLOCATE|[19]|Bytes:4
10:13:38.0 (412171093)|HEAP_ALLOCATE|[19]|Bytes:8
10:13:38.0 (412179200)|HEAP_ALLOCATE|[19]|Bytes:8
10:13:38.0 (413649933)|SOQL_EXECUTE_BEGIN|[19]|Aggregations:0|SELECT WhatId, ActivityDate, TYPEOF What WHEN Account THEN Parent.Fecha_ultima_actividad_mas_reciente__c WHEN Opportunity THEN Account.Parent.Fecha_ultima_actividad_mas_reciente__c END FROM Event WHERE Id = :tmpVar1
10:13:38.0 (424248719)|SOQL_EXECUTE_END|[19]|Rows:1
10:13:38.0 (424280853)|HEAP_ALLOCATE|[19]|Bytes:8
10:13:38.0 (424306206)|HEAP_ALLOCATE|[19]|Bytes:227
10:13:38.0 (424338549)|HEAP_ALLOCATE|[19]|Bytes:8
10:13:38.0 (424371195)|HEAP_ALLOCATE|[19]|Bytes:20
10:13:38.0 (424377705)|HEAP_ALLOCATE|[19]|Bytes:20
10:13:38.0 (424381228)|HEAP_ALLOCATE|[19]|Bytes:4
10:13:38.0 (424390547)|VARIABLE_SCOPE_BEGIN|[19]|listEventType|List<Event>|true|false
10:13:38.0 (424403750)|HEAP_ALLOCATE|[EXTERNAL]|Bytes:8
10:13:38.0 (424454693)|VARIABLE_ASSIGNMENT|[19]|listEventType|[{"WhatId":"0011r00001nohoAAAQ","ActivityDate":"2020-01-11T00:00:00.000Z","Id":"00U1r00000nfVWKEA2","What":{"Id":"0011r00001nohoAAAQ","ParentId":"0011r00001noho9AAA","Parent":{"Id":"0011r00001noho9AAA","Fecha_ultima_activid (18 more) ...":"2018-01-11T00:00:00.000Z"}}}]|0x417b825d
10:13:38.0 (424471624)|STATEMENT_EXECUTE|[27]
10:13:38.0 (424476339)|HEAP_ALLOCATE|[27]|Bytes:42
10:13:38.0 (424571831)|HEAP_ALLOCATE|[27]|Bytes:92
10:13:38.0 (424589251)|HEAP_ALLOCATE|[27]|Bytes:134
10:13:38.0 (424604501)|USER_DEBUG|[27]|DEBUG|EventMethods.CrearEvento.listEventType :: (Event:{WhatId=0011r00001nohoAAAQ, ActivityDate=2020-01-11 00:00:00, Id=00U1r00000nfVWKEA2})
10:13:38.0 (424646780)|HEAP_ALLOCATE|[30]|Bytes:5
10:13:38.0 (424660432)|HEAP_ALLOCATE|[30]|Bytes:20
10:13:38.0 (424669527)|VARIABLE_SCOPE_BEGIN|[30]|inEvent|Event|true|false
10:13:38.0 (424702291)|VARIABLE_ASSIGNMENT|[30]|inEvent|{"WhatId":"0011r00001nohoAAAQ","ActivityDate":"2020-01-11T00:00:00.000Z","Id":"00U1r00000nfVWKEA2","What":{"Id":"0011r00001nohoAAAQ","ParentId":"0011r00001noho9AAA","Parent":{"Id":"0011r00001noho9AAA","Fecha_ultima_activid (18 more) ...":"2018-01-11T00:00:00.000Z"}}}|0x24825555
10:13:38.0 (424712540)|STATEMENT_EXECUTE|[30]
10:13:38.0 (424750311)|HEAP_ALLOCATE|[31]|Bytes:37
10:13:38.0 (424789666)|HEAP_ALLOCATE|[37]|Bytes:33
10:13:38.0 (424803960)|STATEMENT_EXECUTE|[37]
10:13:38.0 (424806240)|STATEMENT_EXECUTE|[38]
10:13:38.0 (424808707)|HEAP_ALLOCATE|[38]|Bytes:7
10:13:38.0 (424828698)|USER_DEBUG|[38]|DEBUG|Account
10:13:38.0 (424916622)|STATEMENT_EXECUTE|[40]
10:13:38.0 (424919177)|STATEMENT_EXECUTE|[41]
10:13:38.0 (424981415)|VARIABLE_ASSIGNMENT|[41]|this.Fecha_ultima_actividad_mas_reciente__c|"2020-01-11T00:00:00.000Z"|0x2eea183a
10:13:38.0 (424995152)|STATEMENT_EXECUTE|[42]
10:13:38.0 (425034207)|HEAP_ALLOCATE|[EXTERNAL]|Bytes:4
10:13:38.0 (425052618)|HEAP_ALLOCATE|[30]|Bytes:5
10:13:38.0 (425066428)|VARIABLE_ASSIGNMENT|[30]|inEvent|null|
10:13:38.0 (425072103)|STATEMENT_EXECUTE|[46]
10:13:38.0 (425116306)|DML_BEGIN|[46]|Op:Update|Type:Account|Rows:1
10:13:38.0 (425141792)|HEAP_ALLOCATE|[EXTERNAL]|Bytes:8
10:13:38.0 (431276464)|CODE_UNIT_STARTED|[EXTERNAL]|01q1r000000j8Jg|AccountTrigger on Account trigger event BeforeUpdate
10:13:38.0 (431319665)|HEAP_ALLOCATE|[EXTERNAL]|Bytes:8
10:13:38.0 (431343441)|HEAP_ALLOCATE|[EXTERNAL]|Bytes:8
10:13:38.0 (431469066)|HEAP_ALLOCATE|[EXTERNAL]|Bytes:12
10:13:38.0 (431483499)|VARIABLE_SCOPE_BEGIN|[1]|this|AccountTrigger|true|false
10:13:38.0 (431582109)|VARIABLE_ASSIGNMENT|[1]|this|{}|0x297c4764
10:13:38.0 (431653293)|HEAP_ALLOCATE|[EXTERNAL]|Bytes:12
10:13:38.0 (431661851)|VARIABLE_SCOPE_BEGIN|[1]|this|AccountTrigger|true|false
10:13:38.0 (431681858)|VARIABLE_ASSIGNMENT|[1]|this|{}|0x297c4764
10:13:38.0 (431694398)|STATEMENT_EXECUTE|[1]
10:13:38.0 (431696813)|STATEMENT_EXECUTE|[3]
10:13:38.0 (432327214)|VARIABLE_ASSIGNMENT|[3]|this.listNew|[{"LastModifiedDate":"2018-04-18T08:13:38.000Z","IsDeleted":false,"CleanStatus":"Pending","Fecha_ultima_activid (18 more) ...":"2020-01-11T00:00:00.000Z","OwnerId":"0051r000007Oz5QAAS","CreatedById":"0051r000007Oz5QAAS","Match_Billing_Addres (4 more) ...":false,"CreatedDate":"2018-04-18T08:13:38.000Z","Id":"0011r00001noho9AAA","LastModifiedById":"0051r000007Oz5QAAS","SystemModstamp":"2018-04-18T08:13:38.000Z","Name":"CuentaPadre"}]|0x297c4764
10:13:38.0 (432344389)|STATEMENT_EXECUTE|[5]
10:13:38.0 (432733070)|VARIABLE_ASSIGNMENT|[5]|this.mapOld|{"0011r00001noho9AAA":{"LastModifiedDate":"2018-04-18T08:13:38.000Z","IsDeleted":false,"CleanStatus":"Pending","Fecha_ultima_activid (18 more) ...":"2018-01-11T00:00:00.000Z","OwnerId":"0051r000007Oz5QAAS","CreatedById":"0051r000007Oz5QAAS","Match_Billing_Addres (4 more) ...":false,"CreatedDate":"2018-04-18T08:13:38.000Z","Id":"0011r00001noho9AAA","LastModifiedById":"0051r000007Oz5QAAS","SystemModstamp":"2018-04-18T08:13:38.000Z","Name":"CuentaPadre"}}|0x297c4764
10:13:38.0 (432781366)|STATEMENT_EXECUTE|[7]
10:13:38.0 (432789177)|STATEMENT_EXECUTE|[8]
10:13:38.0 (432791036)|STATEMENT_EXECUTE|[9]
10:13:38.0 (434108955)|HEAP_ALLOCATE|[9]|Bytes:1
10:13:38.0 (434141757)|METHOD_ENTRY|[1]|01p1r000009p8Bf|AccountMethods.AccountMethods()
10:13:38.0 (434152900)|STATEMENT_EXECUTE|[1]
10:13:38.0 (434160493)|STATEMENT_EXECUTE|[1]
10:13:38.0 (434178907)|HEAP_ALLOCATE|[9]|Bytes:5
10:13:38.0 (434196903)|METHOD_EXIT|[1]|AccountMethods
10:13:38.0 (434232577)|METHOD_ENTRY|[9]|01p1r000009p8Bf|AccountMethods.ActualizarCuentaHija(List<Account>, Map<Id,Account>)
10:13:38.0 (434280438)|VARIABLE_SCOPE_BEGIN|[3]|listAccount|List<Account>|true|false
10:13:38.0 (434948591)|VARIABLE_ASSIGNMENT|[3]|listAccount|[{"LastModifiedDate":"2018-04-18T08:13:38.000Z","IsDeleted":false,"CleanStatus":"Pending","Fecha_ultima_activid (18 more) ...":"2020-01-11T00:00:00.000Z","OwnerId":"0051r000007Oz5QAAS","CreatedById":"0051r000007Oz5QAAS","Match_Billing_Addres (4 more) ...":false,"CreatedDate":"2018-04-18T08:13:38.000Z","Id":"0011r00001noho9AAA","LastModifiedById":"0051r000007Oz5QAAS","SystemModstamp":"2018-04-18T08:13:38.000Z","Name":"CuentaPadre"}]|0x3541fd16
10:13:38.0 (434976772)|VARIABLE_SCOPE_BEGIN|[3]|mapOld|Map<Id,Account>|true|false
10:13:38.0 (435604594)|VARIABLE_ASSIGNMENT|[3]|mapOld|{"0011r00001noho9AAA":{"LastModifiedDate":"2018-04-18T08:13:38.000Z","IsDeleted":false,"CleanStatus":"Pending","Fecha_ultima_activid (18 more) ...":"2018-01-11T00:00:00.000Z","OwnerId":"0051r000007Oz5QAAS","CreatedById":"0051r000007Oz5QAAS","Match_Billing_Addres (4 more) ...":false,"CreatedDate":"2018-04-18T08:13:38.000Z","Id":"0011r00001noho9AAA","LastModifiedById":"0051r000007Oz5QAAS","SystemModstamp":"2018-04-18T08:13:38.000Z","Name":"CuentaPadre"}}|0x133a99f2
10:13:38.0 (435656393)|HEAP_ALLOCATE|[5]|Bytes:5
10:13:38.0 (435668488)|STATEMENT_EXECUTE|[3]
10:13:38.0 (435741754)|STATEMENT_EXECUTE|[5]
10:13:38.0 (435745986)|STATEMENT_EXECUTE|[8]
10:13:38.0 (435766551)|HEAP_ALLOCATE|[8]|Bytes:4
10:13:38.0 (435804087)|VARIABLE_SCOPE_BEGIN|[8]|listAccountIds|List<String>|true|false
10:13:38.0 (435841849)|HEAP_ALLOCATE|[EXTERNAL]|Bytes:4
10:13:38.0 (435856596)|VARIABLE_ASSIGNMENT|[8]|listAccountIds|[]|0x3b12fb9f
10:13:38.0 (435868159)|STATEMENT_EXECUTE|[9]
10:13:38.0 (435916331)|HEAP_ALLOCATE|[9]|Bytes:4
10:13:38.0 (435967900)|VARIABLE_SCOPE_BEGIN|[9]|mapAccountParent|Map<String,Account>|true|false
10:13:38.0 (435995809)|VARIABLE_ASSIGNMENT|[9]|mapAccountParent|{}|0x3f73e55
10:13:38.0 (436145029)|HEAP_ALLOCATE|[11]|Bytes:5
10:13:38.0 (436172599)|HEAP_ALLOCATE|[11]|Bytes:4
10:13:38.0 (436186048)|VARIABLE_SCOPE_BEGIN|[11]|inAccount|Account|true|false
10:13:38.0 (436794444)|VARIABLE_ASSIGNMENT|[11]|inAccount|{"LastModifiedDate":"2018-04-18T08:13:38.000Z","IsDeleted":false,"CleanStatus":"Pending","Fecha_ultima_activid (18 more) ...":"2020-01-11T00:00:00.000Z","OwnerId":"0051r000007Oz5QAAS","CreatedById":"0051r000007Oz5QAAS","Match_Billing_Addres (4 more) ...":false,"CreatedDate":"2018-04-18T08:13:38.000Z","Id":"0011r00001noho9AAA","LastModifiedById":"0051r000007Oz5QAAS","SystemModstamp":"2018-04-18T08:13:38.000Z","Name":"CuentaPadre"}|0x7ed621a7
10:13:38.0 (436816415)|STATEMENT_EXECUTE|[11]
10:13:38.0 (436928892)|STATEMENT_EXECUTE|[13]
10:13:38.0 (436932731)|STATEMENT_EXECUTE|[14]
10:13:38.0 (436990969)|HEAP_ALLOCATE|[EXTERNAL]|Bytes:4
10:13:38.0 (437005645)|STATEMENT_EXECUTE|[15]
10:13:38.0 (437050642)|HEAP_ALLOCATE|[EXTERNAL]|Bytes:-4
10:13:38.0 (437071401)|HEAP_ALLOCATE|[11]|Bytes:5
10:13:38.0 (437094125)|VARIABLE_ASSIGNMENT|[11]|inAccount|null|
10:13:38.0 (437102824)|STATEMENT_EXECUTE|[20]
10:13:38.0 (437108119)|HEAP_ALLOCATE|[20]|Bytes:99
10:13:38.0 (437125111)|HEAP_ALLOCATE|[20]|Bytes:4
10:13:38.0 (437414990)|SOQL_EXECUTE_BEGIN|[20]|Aggregations:0|SELECT Id, Fecha_ultima_actividad_mas_reciente__c, ParentId FROM Account WHERE ParentId IN :tmpVar1
10:13:38.0 (442700613)|SOQL_EXECUTE_END|[20]|Rows:1
10:13:38.0 (442744639)|HEAP_ALLOCATE|[20]|Bytes:8
10:13:38.0 (442769401)|HEAP_ALLOCATE|[20]|Bytes:105
10:13:38.0 (442828878)|HEAP_ALLOCATE|[20]|Bytes:8
10:13:38.0 (442870770)|VARIABLE_SCOPE_BEGIN|[20]|listAccountChild|List<Account>|true|false
10:13:38.0 (442954202)|VARIABLE_ASSIGNMENT|[20]|listAccountChild|[{"Id":"0011r00001nohoAAAQ","Fecha_ultima_activid (18 more) ...":"2018-01-11T00:00:00.000Z","ParentId":"0011r00001noho9AAA"}]|0x2c3e487f
10:13:38.0 (443043490)|HEAP_ALLOCATE|[23]|Bytes:5
10:13:38.0 (443069529)|HEAP_ALLOCATE|[23]|Bytes:16
10:13:38.0 (443084084)|VARIABLE_SCOPE_BEGIN|[23]|inAccount|Account|true|false
10:13:38.0 (443112423)|VARIABLE_ASSIGNMENT|[23]|inAccount|{"Id":"0011r00001nohoAAAQ","Fecha_ultima_activid (18 more) ...":"2018-01-11T00:00:00.000Z","ParentId":"0011r00001noho9AAA"}|0x6fdea034
10:13:38.0 (443127321)|STATEMENT_EXECUTE|[23]
10:13:38.0 (443130739)|STATEMENT_EXECUTE|[24]
10:13:38.0 (443321864)|VARIABLE_ASSIGNMENT|[24]|this.Fecha_ultima_actividad_mas_reciente__c|"2020-01-11T00:00:00.000Z"|0x6fdea034
10:13:38.0 (443348769)|HEAP_ALLOCATE|[23]|Bytes:5
10:13:38.0 (443368456)|VARIABLE_ASSIGNMENT|[23]|inAccount|null|
10:13:38.0 (443378479)|STATEMENT_EXECUTE|[27]
10:13:38.0 (443438243)|DML_BEGIN|[27]|Op:Update|Type:Account|Rows:1
10:13:38.0 (443479042)|HEAP_ALLOCATE|[EXTERNAL]|Bytes:8
10:13:38.0 (450208504)|CODE_UNIT_STARTED|[EXTERNAL]|01q1r000000j8Jg|AccountTrigger on Account trigger event BeforeUpdate
10:13:38.0 (450254493)|HEAP_ALLOCATE|[EXTERNAL]|Bytes:8
10:13:38.0 (450280322)|HEAP_ALLOCATE|[EXTERNAL]|Bytes:8
10:13:38.0 (450329172)|HEAP_ALLOCATE|[EXTERNAL]|Bytes:12
10:13:38.0 (450340489)|VARIABLE_SCOPE_BEGIN|[1]|this|AccountTrigger|true|false
10:13:38.0 (450387875)|VARIABLE_ASSIGNMENT|[1]|this|{}|0x20adb591
10:13:38.0 (450421467)|HEAP_ALLOCATE|[EXTERNAL]|Bytes:12
10:13:38.0 (450428596)|VARIABLE_SCOPE_BEGIN|[1]|this|AccountTrigger|true|false
10:13:38.0 (450625908)|VARIABLE_ASSIGNMENT|[1]|this|{}|0x20adb591
10:13:38.0 (450639208)|STATEMENT_EXECUTE|[1]
10:13:38.0 (450641824)|STATEMENT_EXECUTE|[3]
10:13:38.0 (451189288)|VARIABLE_ASSIGNMENT|[3]|this.listNew|[{"ParentId":"0011r00001noho9AAA","LastModifiedDate":"2018-04-18T08:13:38.000Z","IsDeleted":false,"Fecha_ultima_activid (18 more) ...":"2020-01-11T00:00:00.000Z","SystemModstamp":"2018-04-18T08:13:38.000Z","Name":"Cuenta","CleanStatus":"Pending","OwnerId":"0051r000007Oz5QAAS","CreatedById":"0051r000007Oz5QAAS","Match_Billing_Addres (4 more) ...":false,"LastActivityDate":"2020-01-11T00:00:00.000Z","CreatedDate":"2018-04-18T08:13:38.000Z","Id":"0011r00001nohoAAAQ","LastModifiedById":"0051r000007Oz5QAAS"}]|0x20adb591
10:13:38.0 (451211719)|STATEMENT_EXECUTE|[5]
10:13:38.0 (451597966)|VARIABLE_ASSIGNMENT|[5]|this.mapOld|{"0011r00001nohoAAAQ":{"ParentId":"0011r00001noho9AAA","LastModifiedDate":"2018-04-18T08:13:38.000Z","IsDeleted":false,"Fecha_ultima_activid (18 more) ...":"2018-01-11T00:00:00.000Z","SystemModstamp":"2018-04-18T08:13:38.000Z","Name":"Cuenta","CleanStatus":"Pending","OwnerId":"0051r000007Oz5QAAS","CreatedById":"0051r000007Oz5QAAS","Match_Billing_Addres (4 more) ...":false,"CreatedDate":"2018-04-18T08:13:38.000Z","Id":"0011r00001nohoAAAQ","LastModifiedById":"0051r000007Oz5QAAS"}}|0x20adb591
10:13:38.0 (451617017)|STATEMENT_EXECUTE|[7]
10:13:38.0 (451622398)|STATEMENT_EXECUTE|[8]
10:13:38.0 (451624225)|STATEMENT_EXECUTE|[9]
10:13:38.0 (451638895)|METHOD_ENTRY|[9]|01p1r000009p8Bf|AccountMethods.ActualizarCuentaHija(List<Account>, Map<Id,Account>)
10:13:38.0 (451647512)|VARIABLE_SCOPE_BEGIN|[3]|listAccount|List<Account>|true|false
10:13:38.0 (452518107)|VARIABLE_ASSIGNMENT|[3]|listAccount|[{"ParentId":"0011r00001noho9AAA","LastModifiedDate":"2018-04-18T08:13:38.000Z","IsDeleted":false,"Fecha_ultima_activid (18 more) ...":"2020-01-11T00:00:00.000Z","SystemModstamp":"2018-04-18T08:13:38.000Z","Name":"Cuenta","CleanStatus":"Pending","OwnerId":"0051r000007Oz5QAAS","CreatedById":"0051r000007Oz5QAAS","Match_Billing_Addres (4 more) ...":false,"LastActivityDate":"2020-01-11T00:00:00.000Z","CreatedDate":"2018-04-18T08:13:38.000Z","Id":"0011r00001nohoAAAQ","LastModifiedById":"0051r000007Oz5QAAS"}]|0x55544291
10:13:38.0 (452534474)|VARIABLE_SCOPE_BEGIN|[3]|mapOld|Map<Id,Account>|true|false
10:13:38.0 (453289249)|VARIABLE_ASSIGNMENT|[3]|mapOld|{"0011r00001nohoAAAQ":{"ParentId":"0011r00001noho9AAA","LastModifiedDate":"2018-04-18T08:13:38.000Z","IsDeleted":false,"Fecha_ultima_activid (18 more) ...":"2018-01-11T00:00:00.000Z","SystemModstamp":"2018-04-18T08:13:38.000Z","Name":"Cuenta","CleanStatus":"Pending","OwnerId":"0051r000007Oz5QAAS","CreatedById":"0051r000007Oz5QAAS","Match_Billing_Addres (4 more) ...":false,"CreatedDate":"2018-04-18T08:13:38.000Z","Id":"0011r00001nohoAAAQ","LastModifiedById":"0051r000007Oz5QAAS"}}|0x146dd902
10:13:38.0 (453331846)|HEAP_ALLOCATE|[5]|Bytes:5
10:13:38.0 (453340215)|STATEMENT_EXECUTE|[3]
10:13:38.0 (453359177)|STATEMENT_EXECUTE|[5]
10:13:38.0 (453361206)|STATEMENT_EXECUTE|[8]
10:13:38.0 (453371117)|HEAP_ALLOCATE|[8]|Bytes:4
10:13:38.0 (453383667)|VARIABLE_SCOPE_BEGIN|[8]|listAccountIds|List<String>|true|false
10:13:38.0 (453405714)|HEAP_ALLOCATE|[EXTERNAL]|Bytes:4
10:13:38.0 (453414493)|VARIABLE_ASSIGNMENT|[8]|listAccountIds|[]|0x7e0ac6c0
10:13:38.0 (453421226)|STATEMENT_EXECUTE|[9]
10:13:38.0 (453436724)|HEAP_ALLOCATE|[9]|Bytes:4
10:13:38.0 (453444623)|VARIABLE_SCOPE_BEGIN|[9]|mapAccountParent|Map<String,Account>|true|false
10:13:38.0 (453457592)|VARIABLE_ASSIGNMENT|[9]|mapAccountParent|{}|0x33c6f5ad
10:13:38.0 (453480226)|HEAP_ALLOCATE|[11]|Bytes:5
10:13:38.0 (453494518)|HEAP_ALLOCATE|[11]|Bytes:4
10:13:38.0 (453502914)|VARIABLE_SCOPE_BEGIN|[11]|inAccount|Account|true|false
10:13:38.0 (453837404)|VARIABLE_ASSIGNMENT|[11]|inAccount|{"ParentId":"0011r00001noho9AAA","LastModifiedDate":"2018-04-18T08:13:38.000Z","IsDeleted":false,"Fecha_ultima_activid (18 more) ...":"2020-01-11T00:00:00.000Z","SystemModstamp":"2018-04-18T08:13:38.000Z","Name":"Cuenta","CleanStatus":"Pending","OwnerId":"0051r000007Oz5QAAS","CreatedById":"0051r000007Oz5QAAS","Match_Billing_Addres (4 more) ...":false,"LastActivityDate":"2020-01-11T00:00:00.000Z","CreatedDate":"2018-04-18T08:13:38.000Z","Id":"0011r00001nohoAAAQ","LastModifiedById":"0051r000007Oz5QAAS"}|0x44f1698e
10:13:38.0 (453853020)|STATEMENT_EXECUTE|[11]
10:13:38.0 (453863432)|STATEMENT_EXECUTE|[13]
10:13:38.0 (453873577)|HEAP_ALLOCATE|[11]|Bytes:5
10:13:38.0 (453885642)|VARIABLE_ASSIGNMENT|[11]|inAccount|null|
10:13:38.0 (453891535)|STATEMENT_EXECUTE|[20]
10:13:38.0 (453903255)|HEAP_ALLOCATE|[20]|Bytes:4
10:13:38.0 (454127205)|SOQL_EXECUTE_BEGIN|[20]|Aggregations:0|SELECT Id, Fecha_ultima_actividad_mas_reciente__c, ParentId FROM Account WHERE ParentId IN :tmpVar1
10:13:38.0 (456916551)|SOQL_EXECUTE_END|[20]|Rows:0
10:13:38.0 (456949491)|HEAP_ALLOCATE|[20]|Bytes:4
10:13:38.0 (456960534)|HEAP_ALLOCATE|[20]|Bytes:0
10:13:38.0 (456989774)|HEAP_ALLOCATE|[20]|Bytes:4
10:13:38.0 (457002935)|VARIABLE_SCOPE_BEGIN|[20]|listAccountChild|List<Account>|true|false
10:13:38.0 (457021703)|VARIABLE_ASSIGNMENT|[20]|listAccountChild|[]|0x3bc9963a
10:13:38.0 (457049343)|HEAP_ALLOCATE|[23]|Bytes:5
10:13:38.0 (457064091)|VARIABLE_ASSIGNMENT|[23]|inAccount|null|
10:13:38.0 (457071462)|STATEMENT_EXECUTE|[23]
10:13:38.0 (457073835)|STATEMENT_EXECUTE|[27]
10:13:38.0 (457152317)|HEAP_ALLOCATE|[EXTERNAL]|Bytes:4
10:13:38.0 (457177847)|METHOD_EXIT|[9]|01p1r000009p8Bf|AccountMethods.ActualizarCuentaHija(List<Account>, Map<Id,Account>)
10:13:38.457 (457198177)|CUMULATIVE_LIMIT_USAGE
10:13:38.457 (457198177)|LIMIT_USAGE_FOR_NS|(default)|
  Number of SOQL queries: 6 out of 100
  Number of query rows: 2 out of 50000
  Number of SOSL queries: 0 out of 20
  Number of DML statements: 8 out of 150
  Number of DML rows: 6 out of 10000
  Maximum CPU time: 0 out of 10000
  Maximum heap size: 0 out of 6000000
  Number of callouts: 0 out of 100
  Number of Email Invocations: 0 out of 10
  Number of future calls: 0 out of 50
  Number of queueable jobs added to the queue: 0 out of 50
  Number of Mobile Apex push calls: 0 out of 10

10:13:38.457 (457198177)|CUMULATIVE_LIMIT_USAGE_END

10:13:38.0 (458127105)|CODE_UNIT_FINISHED|AccountTrigger on Account trigger event BeforeUpdate
10:13:38.0 (459532106)|CODE_UNIT_STARTED|[EXTERNAL]|DuplicateDetector
10:13:38.0 (459552179)|DUPLICATE_DETECTION_BEGIN
10:13:38.0 (459613344)|DUPLICATE_DETECTION_RULE_INVOCATION|DuplicateRuleId:0Bm1r0000018X88|DuplicateRuleName:Standard Account Duplicate Rule|DmlType:UPDATE
10:13:38.0 (459662767)|DUPLICATE_DETECTION_END
10:13:38.0 (459668797)|CODE_UNIT_FINISHED|DuplicateDetector
10:13:38.0 (475780196)|CODE_UNIT_STARTED|[EXTERNAL]|Workflow:Account
10:13:38.0 (480839590)|WF_RULE_EVAL_BEGIN|Workflow
10:13:38.0 (480876499)|WF_CRITERIA_BEGIN|[Account: Cuenta 0011r00001nohoA]|PruebaProcess3011r000000gjFE|01Q1r000000mVFX|ON_ALL_CHANGES|0
10:13:38.0 (480932008)|WF_FORMULA|Formula:ENCODED:[treatNullAsNull]true|Values:
10:13:38.0 (480942827)|WF_CRITERIA_END|true
10:13:38.0 (480970282)|WF_SPOOL_ACTION_BEGIN|Workflow
10:13:38.0 (480999370)|WF_ACTION| Flow Trigger: 1;
10:13:38.0 (481007453)|WF_RULE_EVAL_END
10:13:38.0 (481045180)|WF_FLOW_ACTION_BEGIN|09L1r000000Xt57
10:13:38.482 (482217024)|FLOW_CREATE_INTERVIEW_BEGIN|00D1r000001H7aI|3001r000000gDp4|3011r000000gjFE
10:13:38.482 (482291413)|FLOW_CREATE_INTERVIEW_END|413800097ffbfbd5585f7910cf10162d7b7c0aa-527b|PruebaProcess
10:13:38.483 (483583504)|FLOW_START_INTERVIEWS_BEGIN|1
10:13:38.483 (483610417)|FLOW_START_INTERVIEW_BEGIN|413800097ffbfbd5585f7910cf10162d7b7c0aa-527b|PruebaProcess
10:13:38.483 (484841299)|FLOW_START_INTERVIEW_END|413800097ffbfbd5585f7910cf10162d7b7c0aa-527b|PruebaProcess
10:13:38.483 (498216458)|FLOW_START_INTERVIEWS_END|1
10:13:38.0 (498933244)|WF_FLOW_ACTION_END|09L1r000000Xt57
10:13:38.0 (499049373)|WF_ACTIONS_END| Flow Trigger: 1;
10:13:38.0 (499062228)|CODE_UNIT_FINISHED|Workflow:Account
10:13:38.0 (499738326)|DML_END|[27]
10:13:38.0 (499777680)|HEAP_ALLOCATE|[EXTERNAL]|Bytes:8
10:13:38.0 (499818297)|METHOD_EXIT|[9]|01p1r000009p8Bf|AccountMethods.ActualizarCuentaHija(List<Account>, Map<Id,Account>)
10:13:38.499 (499838378)|CUMULATIVE_LIMIT_USAGE
10:13:38.499 (499838378)|LIMIT_USAGE_FOR_NS|(default)|
  Number of SOQL queries: 7 out of 100
  Number of query rows: 2 out of 50000
  Number of SOSL queries: 0 out of 20
  Number of DML statements: 9 out of 150
  Number of DML rows: 6 out of 10000
  Maximum CPU time: 0 out of 10000
  Maximum heap size: 0 out of 6000000
  Number of callouts: 0 out of 100
  Number of Email Invocations: 0 out of 10
  Number of future calls: 0 out of 50
  Number of queueable jobs added to the queue: 0 out of 50
  Number of Mobile Apex push calls: 0 out of 10

10:13:38.499 (499838378)|CUMULATIVE_LIMIT_USAGE_END

10:13:38.0 (500743463)|CODE_UNIT_FINISHED|AccountTrigger on Account trigger event BeforeUpdate
10:13:38.0 (501849833)|CODE_UNIT_STARTED|[EXTERNAL]|DuplicateDetector
10:13:38.0 (501868195)|DUPLICATE_DETECTION_BEGIN
10:13:38.0 (501929853)|DUPLICATE_DETECTION_RULE_INVOCATION|DuplicateRuleId:0Bm1r0000018X88|DuplicateRuleName:Standard Account Duplicate Rule|DmlType:UPDATE
10:13:38.0 (501978002)|DUPLICATE_DETECTION_END
10:13:38.0 (501983974)|CODE_UNIT_FINISHED|DuplicateDetector
10:13:38.0 (513502333)|CODE_UNIT_STARTED|[EXTERNAL]|Workflow:Account
10:13:38.0 (517017989)|WF_RULE_EVAL_BEGIN|Workflow
10:13:38.0 (517054367)|WF_CRITERIA_BEGIN|[Account: CuentaPadre 0011r00001noho9]|PruebaProcess3011r000000gjFE|01Q1r000000mVFX|ON_ALL_CHANGES|0
10:13:38.0 (517106140)|WF_FORMULA|Formula:ENCODED:[treatNullAsNull]true|Values:
10:13:38.0 (517117251)|WF_CRITERIA_END|true
10:13:38.0 (517145506)|WF_SPOOL_ACTION_BEGIN|Workflow
10:13:38.0 (517173256)|WF_ACTION| Flow Trigger: 1;
10:13:38.0 (517186654)|WF_RULE_EVAL_END
10:13:38.0 (517222603)|WF_FLOW_ACTION_BEGIN|09L1r000000Xt57
10:13:38.518 (518367085)|FLOW_CREATE_INTERVIEW_BEGIN|00D1r000001H7aI|3001r000000gDp4|3011r000000gjFE
10:13:38.518 (518462571)|FLOW_CREATE_INTERVIEW_END|413900097ffbfbd5585f7910cf10162d7b7c0aa-527c|PruebaProcess
10:13:38.519 (519570427)|FLOW_START_INTERVIEWS_BEGIN|1
10:13:38.519 (519608018)|FLOW_START_INTERVIEW_BEGIN|413900097ffbfbd5585f7910cf10162d7b7c0aa-527c|PruebaProcess
10:13:38.519 (520354999)|FLOW_START_INTERVIEW_END|413900097ffbfbd5585f7910cf10162d7b7c0aa-527c|PruebaProcess
10:13:38.519 (532436044)|FLOW_START_INTERVIEWS_END|1
10:13:38.0 (532968196)|WF_FLOW_ACTION_END|09L1r000000Xt57
10:13:38.0 (533057203)|WF_ACTIONS_END| Flow Trigger: 1;
10:13:38.0 (533065710)|CODE_UNIT_FINISHED|Workflow:Account
10:13:38.0 (533648138)|DML_END|[46]
10:13:38.0 (533676930)|HEAP_ALLOCATE|[EXTERNAL]|Bytes:8
10:13:38.0 (533696303)|SYSTEM_MODE_EXIT|false
10:13:38.0 (533715357)|METHOD_EXIT|[7]|01p1r000009p7V5|EventMethods.CrearEvento(List<Event>)
10:13:38.533 (533735980)|CUMULATIVE_LIMIT_USAGE
10:13:38.533 (533735980)|LIMIT_USAGE_FOR_NS|(default)|
  Number of SOQL queries: 8 out of 100
  Number of query rows: 2 out of 50000
  Number of SOSL queries: 0 out of 20
  Number of DML statements: 10 out of 150
  Number of DML rows: 6 out of 10000
  Maximum CPU time: 0 out of 10000
  Maximum heap size: 0 out of 6000000
  Number of callouts: 0 out of 100
  Number of Email Invocations: 0 out of 10
  Number of future calls: 0 out of 50
  Number of queueable jobs added to the queue: 0 out of 50
  Number of Mobile Apex push calls: 0 out of 10

10:13:38.533 (533735980)|CUMULATIVE_LIMIT_USAGE_END

10:13:38.0 (535187681)|CODE_UNIT_FINISHED|EventTrigger on Event trigger event AfterInsert
10:13:38.0 (535732994)|DML_END|[32]
10:13:38.0 (535756546)|HEAP_ALLOCATE|[EXTERNAL]|Bytes:8
10:13:38.0 (535771899)|STATEMENT_EXECUTE|[34]
10:13:38.0 (535778526)|HEAP_ALLOCATE|[34]|Bytes:82
10:13:38.0 (535797413)|HEAP_ALLOCATE|[34]|Bytes:4
10:13:38.0 (536025817)|SOQL_EXECUTE_BEGIN|[34]|Aggregations:0|SELECT Id, Fecha_ultima_actividad_mas_reciente__c FROM Account WHERE Id = :tmpVar1
10:13:38.0 (539362374)|SOQL_EXECUTE_END|[34]|Rows:1
10:13:38.0 (539387218)|HEAP_ALLOCATE|[34]|Bytes:8
10:13:38.0 (539405155)|HEAP_ALLOCATE|[34]|Bytes:75
10:13:38.0 (539441533)|HEAP_ALLOCATE|[34]|Bytes:8
10:13:38.0 (539458291)|VARIABLE_SCOPE_BEGIN|[34]|listAccountCheck|List<Account>|true|false
10:13:38.0 (539528188)|VARIABLE_ASSIGNMENT|[34]|listAccountCheck|[{"Id":"0011r00001noho9AAA","Fecha_ultima_activid (18 more) ...":"2020-01-11T00:00:00.000Z"}]|0x70d125f0
10:13:38.0 (539542961)|STATEMENT_EXECUTE|[36]
10:13:38.0 (539632126)|USER_DEBUG|[36]|DEBUG|(Account:{Id=0011r00001noho9AAA, Fecha_ultima_actividad_mas_reciente__c=2020-01-11 00:00:00})
10:13:38.0 (539650300)|STATEMENT_EXECUTE|[38]
10:13:38.0 (539700147)|HEAP_ALLOCATE|[38]|Bytes:12
10:13:38.0 (539735953)|HEAP_ALLOCATE|[38]|Bytes:24
10:13:38.0 (539773960)|STATEMENT_EXECUTE|[43]
10:13:38.0 (539796560)|HEAP_ALLOCATE|[43]|Bytes:4
10:13:38.0 (539813850)|HEAP_ALLOCATE|[43]|Bytes:6
10:13:38.0 (539853988)|VARIABLE_ASSIGNMENT|[43]|this.Subject|"Event2"|0x4cde78ea
10:13:38.0 (539889160)|VARIABLE_ASSIGNMENT|[43]|this.IsAllDayEvent|true|0x4cde78ea
10:13:38.0 (539935236)|VARIABLE_ASSIGNMENT|[43]|this.WhatId|"0061r00000vkd93AAA"|0x4cde78ea
10:13:38.0 (540001784)|HEAP_ALLOCATE|[46]|Bytes:4
10:13:38.0 (540048759)|VARIABLE_ASSIGNMENT|[43]|this.ActivityDate|"2020-01-11T00:00:00.000Z"|0x4cde78ea
10:13:38.0 (540089671)|VARIABLE_SCOPE_BEGIN|[43]|oEvent2|Event|true|false
10:13:38.0 (540122765)|VARIABLE_ASSIGNMENT|[43]|oEvent2|{"Subject":"Event2","IsAllDayEvent":true,"WhatId":"0061r00000vkd93AAA","ActivityDate":"2020-01-11T00:00:00.000Z"}|0x4cde78ea
10:13:38.0 (540136325)|STATEMENT_EXECUTE|[48]
10:13:38.0 (540174459)|HEAP_ALLOCATE|[EXTERNAL]|Bytes:4
10:13:38.0 (540189748)|STATEMENT_EXECUTE|[50]
10:13:38.0 (540247260)|DML_BEGIN|[50]|Op:Upsert|Type:Event|Rows:2
10:13:38.0 (540292051)|HEAP_ALLOCATE|[EXTERNAL]|Bytes:12
10:13:38.0 (571605625)|CODE_UNIT_STARTED|[EXTERNAL]|01q1r000000j8Jb|EventTrigger on Event trigger event AfterInsert
10:13:38.0 (571645684)|HEAP_ALLOCATE|[EXTERNAL]|Bytes:8
10:13:38.0 (571709869)|HEAP_ALLOCATE|[EXTERNAL]|Bytes:8
10:13:38.0 (571720559)|VARIABLE_SCOPE_BEGIN|[1]|this|EventTrigger|true|false
10:13:38.0 (571768425)|VARIABLE_ASSIGNMENT|[1]|this|{}|0x37254283
10:13:38.0 (571805315)|HEAP_ALLOCATE|[EXTERNAL]|Bytes:8
10:13:38.0 (571812419)|VARIABLE_SCOPE_BEGIN|[1]|this|EventTrigger|true|false
10:13:38.0 (571838711)|VARIABLE_ASSIGNMENT|[1]|this|{}|0x37254283
10:13:38.0 (571848762)|STATEMENT_EXECUTE|[1]
10:13:38.0 (571852963)|STATEMENT_EXECUTE|[3]
10:13:38.0 (572314966)|VARIABLE_ASSIGNMENT|[3]|this.listNew|[{"LastModifiedDate":"2018-04-18T08:13:38.000Z","AccountId":"0011r00001nohoAAAQ","WhatId":"0061r00000vkd93AAA","GroupEventType":"0","CreatedById":"0051r000007Oz5QAAS","DurationInMinutes":1440,"OwnerId":"0051r000007Oz5QAAS","IsAllDayEvent":true,"EndDateTime":"2020-01-11T00:00:00.000Z","IsReminderSet":false,"IsDeleted":false,"ActivityDate":"2020-01-11T00:00:00.000Z","IsRecurrence":false,"Subject":"Event2","SystemModstamp":"2018-04-18T08:13:38.000Z","IsArchived":false,"StartDateTime":"2020-01-11T00:00:00.000Z","IsChild":false,"CreatedDate":"2018-04-18T08:13:38.000Z","Id":"00U1r00000nfVWLEA2","DB_Activity_Type__c":"Other","EventSubtype":"Event","IsPrivate":false,"LastModifiedById":"0051r000007Oz5QAAS","ShowAs":"Busy","IsGroupEvent":false}]|0x37254283
10:13:38.0 (572340142)|STATEMENT_EXECUTE|[5]
10:13:38.0 (572344970)|STATEMENT_EXECUTE|[6]
10:13:38.0 (572346821)|STATEMENT_EXECUTE|[7]
10:13:38.0 (572362056)|METHOD_ENTRY|[7]|01p1r000009p7V5|EventMethods.CrearEvento(List<Event>)
10:13:38.0 (572371634)|VARIABLE_SCOPE_BEGIN|[3]|listEvent|List<Event>|true|false
10:13:38.0 (572651122)|VARIABLE_ASSIGNMENT|[3]|listEvent|[{"LastModifiedDate":"2018-04-18T08:13:38.000Z","AccountId":"0011r00001nohoAAAQ","WhatId":"0061r00000vkd93AAA","GroupEventType":"0","CreatedById":"0051r000007Oz5QAAS","DurationInMinutes":1440,"OwnerId":"0051r000007Oz5QAAS","IsAllDayEvent":true,"EndDateTime":"2020-01-11T00:00:00.000Z","IsReminderSet":false,"IsDeleted":false,"ActivityDate":"2020-01-11T00:00:00.000Z","IsRecurrence":false,"Subject":"Event2","SystemModstamp":"2018-04-18T08:13:38.000Z","IsArchived":false,"StartDateTime":"2020-01-11T00:00:00.000Z","IsChild":false,"CreatedDate":"2018-04-18T08:13:38.000Z","Id":"00U1r00000nfVWLEA2","DB_Activity_Type__c":"Other","EventSubtype":"Event","IsPrivate":false,"LastModifiedById":"0051r000007Oz5QAAS","ShowAs":"Busy","IsGroupEvent":false}]|0x38b99494
10:13:38.0 (573079001)|SYSTEM_MODE_ENTER|false
10:13:38.0 (573092965)|HEAP_ALLOCATE|[5]|Bytes:5
10:13:38.0 (573101768)|STATEMENT_EXECUTE|[3]
10:13:38.0 (573121451)|STATEMENT_EXECUTE|[5]
10:13:38.0 (573123486)|STATEMENT_EXECUTE|[7]
10:13:38.0 (573144980)|HEAP_ALLOCATE|[7]|Bytes:4
10:13:38.0 (573166211)|VARIABLE_SCOPE_BEGIN|[7]|listAcInsert|List<Account>|true|false
10:13:38.0 (573180489)|HEAP_ALLOCATE|[EXTERNAL]|Bytes:4
10:13:38.0 (573192374)|VARIABLE_ASSIGNMENT|[7]|listAcInsert|[]|0x79c41725
10:13:38.0 (573201764)|STATEMENT_EXECUTE|[9]
10:13:38.0 (573210365)|HEAP_ALLOCATE|[9]|Bytes:4
10:13:38.0 (573226703)|VARIABLE_SCOPE_BEGIN|[9]|setEventIds|Set<String>|true|false
10:13:38.0 (573246879)|VARIABLE_ASSIGNMENT|[9]|setEventIds|[]|0x256868d5
10:13:38.0 (573291476)|HEAP_ALLOCATE|[11]|Bytes:5
10:13:38.0 (573310299)|VARIABLE_SCOPE_BEGIN|[11]|inEvent|Event|true|false
10:13:38.0 (573514689)|VARIABLE_ASSIGNMENT|[11]|inEvent|{"LastModifiedDate":"2018-04-18T08:13:38.000Z","AccountId":"0011r00001nohoAAAQ","WhatId":"0061r00000vkd93AAA","GroupEventType":"0","CreatedById":"0051r000007Oz5QAAS","DurationInMinutes":1440,"OwnerId":"0051r000007Oz5QAAS","IsAllDayEvent":true,"EndDateTime":"2020-01-11T00:00:00.000Z","IsReminderSet":false,"IsDeleted":false,"ActivityDate":"2020-01-11T00:00:00.000Z","IsRecurrence":false,"Subject":"Event2","SystemModstamp":"2018-04-18T08:13:38.000Z","IsArchived":false,"StartDateTime":"2020-01-11T00:00:00.000Z","IsChild":false,"CreatedDate":"2018-04-18T08:13:38.000Z","Id":"00U1r00000nfVWLEA2","DB_Activity_Type__c":"Other","EventSubtype":"Event","IsPrivate":false,"LastModifiedById":"0051r000007Oz5QAAS","ShowAs":"Busy","IsGroupEvent":false}|0x38c417a1
10:13:38.0 (573533573)|STATEMENT_EXECUTE|[11]
10:13:38.0 (573535917)|STATEMENT_EXECUTE|[12]
10:13:38.0 (573771010)|HEAP_ALLOCATE|[12]|Bytes:1032
10:13:38.0 (573793385)|HEAP_ALLOCATE|[12]|Bytes:1068
10:13:38.0 (573805699)|USER_DEBUG|[12]|DEBUG|EventMethods.CrearEvento.inEvent :: Event:{Id=00U1r00000nfVWLEA2, WhoId=null, WhatId=0061r00000vkd93AAA, Subject=Event2, Location=null, IsAllDayEvent=true, ActivityDateTime=null, ActivityDate=2020-01-11 00:00:00, DurationInMinutes=1440, StartDateTime=2020-01-11 00:00:00, EndDateTime=2020-01-11 00:00:00, Description=null, AccountId=0011r00001nohoAAAQ, OwnerId=0051r000007Oz5QAAS, Type=null, IsPrivate=false, ShowAs=Busy, IsDeleted=false, IsChild=false, IsGroupEvent=false, GroupEventType=0, CreatedDate=2018-04-18 08:13:38, CreatedById=0051r000007Oz5QAAS, LastModifiedDate=2018-04-18 08:13:38, LastModifiedById=0051r000007Oz5QAAS, SystemModstamp=2018-04-18 08:13:38, IsArchived=false, RecurrenceActivityId=null, IsRecurrence=false, RecurrenceStartDateTime=null, RecurrenceEndDateOnly=null, RecurrenceTimeZoneSidKey=null, RecurrenceType=null, RecurrenceInterval=null, RecurrenceDayOfWeekMask=null, RecurrenceDayOfMonth=null, RecurrenceInstance=null, RecurrenceMonthOfYear=null, ReminderDateTime=null, IsReminderSet=false, EventSubtype=Event, DB_Activity_Type__c=Other}
10:13:38.0 (573827168)|STATEMENT_EXECUTE|[13]
10:13:38.0 (573850608)|HEAP_ALLOCATE|[EXTERNAL]|Bytes:4
10:13:38.0 (573866557)|HEAP_ALLOCATE|[11]|Bytes:5
10:13:38.0 (573883449)|VARIABLE_ASSIGNMENT|[11]|inEvent|null|
10:13:38.0 (573889191)|STATEMENT_EXECUTE|[16]
10:13:38.0 (573905537)|HEAP_ALLOCATE|[16]|Bytes:20
10:13:38.0 (573915789)|HEAP_ALLOCATE|[16]|Bytes:60
10:13:38.0 (573922933)|USER_DEBUG|[16]|DEBUG|EventMethods.CrearEvento.setEventIds :: {00U1r00000nfVWLEA2}
10:13:38.0 (573930027)|STATEMENT_EXECUTE|[19]
10:13:38.0 (573943515)|HEAP_ALLOCATE|[19]|Bytes:4
10:13:38.0 (573961613)|HEAP_ALLOCATE|[19]|Bytes:4
10:13:38.0 (573984618)|HEAP_ALLOCATE|[19]|Bytes:8
10:13:38.0 (573992194)|HEAP_ALLOCATE|[19]|Bytes:8
10:13:38.0 (574520146)|SOQL_EXECUTE_BEGIN|[19]|Aggregations:0|SELECT WhatId, ActivityDate, TYPEOF What WHEN Account THEN Parent.Fecha_ultima_actividad_mas_reciente__c WHEN Opportunity THEN Account.Parent.Fecha_ultima_actividad_mas_reciente__c END FROM Event WHERE Id = :tmpVar1
10:13:38.0 (582747467)|SOQL_EXECUTE_END|[19]|Rows:1
10:13:38.0 (582782272)|HEAP_ALLOCATE|[19]|Bytes:8
10:13:38.0 (582810815)|HEAP_ALLOCATE|[19]|Bytes:297
10:13:38.0 (582848908)|HEAP_ALLOCATE|[19]|Bytes:8
10:13:38.0 (582882141)|HEAP_ALLOCATE|[19]|Bytes:20
10:13:38.0 (582895659)|HEAP_ALLOCATE|[19]|Bytes:20
10:13:38.0 (582900880)|HEAP_ALLOCATE|[19]|Bytes:4
10:13:38.0 (582914638)|VARIABLE_SCOPE_BEGIN|[19]|listEventType|List<Event>|true|false
10:13:38.0 (582931911)|HEAP_ALLOCATE|[EXTERNAL]|Bytes:8
10:13:38.0 (582999328)|VARIABLE_ASSIGNMENT|[19]|listEventType|[{"WhatId":"0061r00000vkd93AAA","ActivityDate":"2020-01-11T00:00:00.000Z","Id":"00U1r00000nfVWLEA2","What":{"Id":"0061r00000vkd93AAA","AccountId":"0011r00001nohoAAAQ","Account":{"Id":"0011r00001nohoAAAQ","ParentId":"0011r00001noho9AAA","Parent":{"Id":"0011r00001noho9AAA","Fecha_ultima_activid (18 more) ...":"2020-01-11T00:00:00.000Z"}}}}]|0x58449e30
10:13:38.0 (583020720)|STATEMENT_EXECUTE|[27]
10:13:38.0 (583101656)|HEAP_ALLOCATE|[27]|Bytes:92
10:13:38.0 (583131099)|HEAP_ALLOCATE|[27]|Bytes:134
10:13:38.0 (583148123)|USER_DEBUG|[27]|DEBUG|EventMethods.CrearEvento.listEventType :: (Event:{WhatId=0061r00000vkd93AAA, ActivityDate=2020-01-11 00:00:00, Id=00U1r00000nfVWLEA2})
10:13:38.0 (583184241)|HEAP_ALLOCATE|[30]|Bytes:5
10:13:38.0 (583202854)|HEAP_ALLOCATE|[30]|Bytes:20
10:13:38.0 (583214636)|VARIABLE_SCOPE_BEGIN|[30]|inEvent|Event|true|false
10:13:38.0 (583261503)|VARIABLE_ASSIGNMENT|[30]|inEvent|{"WhatId":"0061r00000vkd93AAA","ActivityDate":"2020-01-11T00:00:00.000Z","Id":"00U1r00000nfVWLEA2","What":{"Id":"0061r00000vkd93AAA","AccountId":"0011r00001nohoAAAQ","Account":{"Id":"0011r00001nohoAAAQ","ParentId":"0011r00001noho9AAA","Parent":{"Id":"0011r00001noho9AAA","Fecha_ultima_activid (18 more) ...":"2020-01-11T00:00:00.000Z"}}}}|0x251568ae
10:13:38.0 (583277650)|STATEMENT_EXECUTE|[30]
10:13:38.0 (583325451)|STATEMENT_EXECUTE|[31]
10:13:38.0 (583328622)|STATEMENT_EXECUTE|[32]
10:13:38.0 (583333139)|HEAP_ALLOCATE|[32]|Bytes:11
10:13:38.0 (583376273)|USER_DEBUG|[32]|DEBUG|Opportunity
10:13:38.0 (583510113)|STATEMENT_EXECUTE|[33]
10:13:38.0 (583522506)|HEAP_ALLOCATE|[30]|Bytes:5
10:13:38.0 (583538223)|VARIABLE_ASSIGNMENT|[30]|inEvent|null|
10:13:38.0 (583544990)|STATEMENT_EXECUTE|[46]
10:13:38.0 (583586614)|HEAP_ALLOCATE|[EXTERNAL]|Bytes:4
10:13:38.0 (583596174)|SYSTEM_MODE_EXIT|false
10:13:38.0 (583608248)|METHOD_EXIT|[7]|01p1r000009p7V5|EventMethods.CrearEvento(List<Event>)
10:13:38.583 (583620886)|CUMULATIVE_LIMIT_USAGE
10:13:38.583 (583620886)|LIMIT_USAGE_FOR_NS|(default)|
  Number of SOQL queries: 10 out of 100
  Number of query rows: 4 out of 50000
  Number of SOSL queries: 0 out of 20
  Number of DML statements: 11 out of 150
  Number of DML rows: 8 out of 10000
  Maximum CPU time: 0 out of 10000
  Maximum heap size: 0 out of 6000000
  Number of callouts: 0 out of 100
  Number of Email Invocations: 0 out of 10
  Number of future calls: 0 out of 50
  Number of queueable jobs added to the queue: 0 out of 50
  Number of Mobile Apex push calls: 0 out of 10

10:13:38.583 (583620886)|CUMULATIVE_LIMIT_USAGE_END

10:13:38.0 (584855790)|CODE_UNIT_FINISHED|EventTrigger on Event trigger event AfterInsert
10:13:38.0 (609958183)|DML_END|[50]
10:13:38.0 (610011735)|HEAP_ALLOCATE|[EXTERNAL]|Bytes:12
10:13:38.0 (610033947)|STATEMENT_EXECUTE|[52]
10:13:38.0 (610050638)|HEAP_ALLOCATE|[52]|Bytes:4
10:13:38.0 (610242109)|SOQL_EXECUTE_BEGIN|[52]|Aggregations:0|SELECT Id, Fecha_ultima_actividad_mas_reciente__c FROM Account WHERE Id = :tmpVar1
10:13:38.0 (613712722)|SOQL_EXECUTE_END|[52]|Rows:1
10:13:38.0 (613735804)|HEAP_ALLOCATE|[52]|Bytes:8
10:13:38.0 (613755622)|HEAP_ALLOCATE|[52]|Bytes:75
10:13:38.0 (613788846)|HEAP_ALLOCATE|[52]|Bytes:8
10:13:38.0 (613801502)|VARIABLE_SCOPE_BEGIN|[52]|listAccountCheckDos|List<Account>|true|false
10:13:38.0 (613856048)|VARIABLE_ASSIGNMENT|[52]|listAccountCheckDos|[{"Id":"0011r00001noho9AAA","Fecha_ultima_activid (18 more) ...":"2020-01-11T00:00:00.000Z"}]|0x515ae338
10:13:38.0 (613865558)|STATEMENT_EXECUTE|[54]
10:13:38.0 (613935387)|USER_DEBUG|[54]|DEBUG|(Account:{Id=0011r00001noho9AAA, Fecha_ultima_actividad_mas_reciente__c=2020-01-11 00:00:00})
10:13:38.0 (613948277)|STATEMENT_EXECUTE|[56]
10:13:38.0 (613988440)|HEAP_ALLOCATE|[56]|Bytes:12
10:13:38.0 (614016882)|HEAP_ALLOCATE|[56]|Bytes:24
10:13:38.614 (614056248)|CUMULATIVE_LIMIT_USAGE
10:13:38.614 (614056248)|LIMIT_USAGE_FOR_NS|(default)|
  Number of SOQL queries: 11 out of 100
  Number of query rows: 5 out of 50000
  Number of SOSL queries: 0 out of 20
  Number of DML statements: 11 out of 150
  Number of DML rows: 8 out of 10000
  Maximum CPU time: 0 out of 10000
  Maximum heap size: 0 out of 6000000
  Number of callouts: 0 out of 100
  Number of Email Invocations: 0 out of 10
  Number of future calls: 0 out of 50
  Number of queueable jobs added to the queue: 0 out of 50
  Number of Mobile Apex push calls: 0 out of 10

10:13:38.614 (614056248)|CUMULATIVE_LIMIT_USAGE_END

10:13:38.0 (614095112)|CODE_UNIT_FINISHED|EventTest.testCrearEvento
10:13:38.0 (614969245)|EXECUTION_FINISHED
10:13:38.722 (722668983)|USER_INFO|[EXTERNAL]|0051r000007Oz5Q|lydia.abril@gmail.com|hora estándar de Europa central|GMT+02:00
10:13:38.722 (722692824)|EXECUTION_STARTED
10:13:38.722 (722698312)|CODE_UNIT_STARTED|[EXTERNAL]|DuplicateDetector
10:13:38.722 (722712322)|DUPLICATE_DETECTION_BEGIN
10:13:38.722 (722766315)|DUPLICATE_DETECTION_RULE_INVOCATION|DuplicateRuleId:0Bm1r0000018X88|DuplicateRuleName:Standard Account Duplicate Rule|DmlType:UPDATE
10:13:38.722 (731902162)|DUPLICATE_DETECTION_END
10:13:38.722 (731914582)|CODE_UNIT_FINISHED|DuplicateDetector
10:13:38.722 (733004555)|EXECUTION_FINISHED
10:13:38.734 (734767637)|USER_INFO|[EXTERNAL]|0051r000007Oz5Q|lydia.abril@gmail.com|hora estándar de Europa central|GMT+02:00
10:13:38.734 (734788219)|EXECUTION_STARTED
10:13:38.734 (734791822)|CODE_UNIT_STARTED|[EXTERNAL]|DuplicateDetector
10:13:38.734 (734801333)|DUPLICATE_DETECTION_BEGIN
10:13:38.734 (734844039)|DUPLICATE_DETECTION_RULE_INVOCATION|DuplicateRuleId:0Bm1r0000018X88|DuplicateRuleName:Standard Account Duplicate Rule|DmlType:INSERT
10:13:38.734 (743170950)|DUPLICATE_DETECTION_END
10:13:38.734 (743179645)|CODE_UNIT_FINISHED|DuplicateDetector
10:13:38.734 (744043542)|EXECUTION_FINISHED
