36.0 APEX_CODE,FINEST;APEX_PROFILING,INFO;CALLOUT,INFO;DB,INFO;SYSTEM,DEBUG;VALIDATION,INFO;VISUALFORCE,INFO;WAVE,INFO;WORKFLOW,INFO
09:29:25.0 (850296)|USER_INFO|[EXTERNAL]|0051r000007Oz5Q|lydia.abril@gmail.com|hora estándar de Europa central|GMT+02:00
09:29:25.0 (901298)|EXECUTION_STARTED
09:29:25.0 (905805)|CODE_UNIT_STARTED|[EXTERNAL]|01p1r000009rRUH|AccountManagerTest.getAccountTest1
09:29:25.0 (1727377)|HEAP_ALLOCATE|[72]|Bytes:3
09:29:25.0 (1774911)|HEAP_ALLOCATE|[77]|Bytes:152
09:29:25.0 (1796310)|HEAP_ALLOCATE|[342]|Bytes:408
09:29:25.0 (1817608)|HEAP_ALLOCATE|[355]|Bytes:408
09:29:25.0 (1836677)|HEAP_ALLOCATE|[467]|Bytes:48
09:29:25.0 (1874332)|HEAP_ALLOCATE|[139]|Bytes:6
09:29:25.0 (1896907)|HEAP_ALLOCATE|[EXTERNAL]|Bytes:2
09:29:25.0 (1904462)|HEAP_ALLOCATE|[EXTERNAL]|Bytes:19
09:29:25.0 (1917869)|METHOD_ENTRY|[2]|01p1r000009rRUH|AccountManagerTest.AccountManagerTest()
09:29:25.0 (1930046)|STATEMENT_EXECUTE|[2]
09:29:25.0 (1937655)|STATEMENT_EXECUTE|[2]
09:29:25.0 (1944146)|METHOD_EXIT|[2]|AccountManagerTest
09:29:25.0 (1986718)|HEAP_ALLOCATE|[50]|Bytes:5
09:29:25.0 (2008816)|HEAP_ALLOCATE|[56]|Bytes:5
09:29:25.0 (2017430)|HEAP_ALLOCATE|[64]|Bytes:7
09:29:25.0 (2054032)|STATEMENT_EXECUTE|[4]
09:29:25.0 (2056138)|STATEMENT_EXECUTE|[5]
09:29:25.0 (2070965)|METHOD_ENTRY|[5]|01p1r000009rRUH|AccountManagerTest.createTestRecord()
09:29:25.0 (2100452)|STATEMENT_EXECUTE|[20]
09:29:25.0 (2102597)|STATEMENT_EXECUTE|[22]
09:29:25.0 (2148617)|HEAP_ALLOCATE|[22]|Bytes:4
09:29:25.0 (2226684)|HEAP_ALLOCATE|[23]|Bytes:11
09:29:25.0 (3811294)|VARIABLE_ASSIGNMENT|[22]|this.Name|"Test record"|0x4ef9c9ff
09:29:25.0 (3850376)|VARIABLE_SCOPE_BEGIN|[22]|TestAcc|Account|true|false
09:29:25.0 (3870561)|VARIABLE_ASSIGNMENT|[22]|TestAcc|{"Name":"Test record"}|0x4ef9c9ff
09:29:25.0 (3877888)|STATEMENT_EXECUTE|[24]
09:29:25.0 (3900098)|HEAP_ALLOCATE|[24]|Bytes:8
09:29:25.0 (3911758)|DML_BEGIN|[24]|Op:Insert|Type:Account|Rows:1
09:29:25.0 (3939435)|HEAP_ALLOCATE|[EXTERNAL]|Bytes:8
09:29:25.0 (19877050)|CODE_UNIT_STARTED|[EXTERNAL]|DuplicateDetector
09:29:25.0 (19904671)|DUPLICATE_DETECTION_BEGIN
09:29:25.0 (20574938)|DUPLICATE_DETECTION_RULE_INVOCATION|DuplicateRuleId:0Bm1r0000018X88|DuplicateRuleName:Standard Account Duplicate Rule|DmlType:INSERT
09:29:25.0 (40952915)|DUPLICATE_DETECTION_MATCH_INVOCATION_DETAILS|EntityType:Account|ActionTaken:Allow_[Alert,Report]|DuplicateRecordIds:
09:29:25.0 (40977581)|DUPLICATE_DETECTION_MATCH_INVOCATION_SUMMARY|EntityType:Account|NumRecordsToBeSaved:1|NumRecordsToBeSavedWithDuplicates:0|NumDuplicateRecordsFound:0
09:29:25.0 (41093832)|DUPLICATE_DETECTION_END
09:29:25.0 (41101581)|CODE_UNIT_FINISHED|DuplicateDetector
09:29:25.0 (68187776)|DML_END|[24]
09:29:25.0 (68219930)|STATEMENT_EXECUTE|[25]
09:29:25.0 (68272121)|HEAP_ALLOCATE|[25]|Bytes:4
09:29:25.0 (68368865)|HEAP_ALLOCATE|[26]|Bytes:4
09:29:25.0 (69931528)|VARIABLE_ASSIGNMENT|[25]|this.LastName|"Test"|0x4675054c
09:29:25.0 (69988376)|VARIABLE_ASSIGNMENT|[25]|this.AccountId|"0011r00001noh38AAA"|0x4675054c
09:29:25.0 (70023781)|VARIABLE_SCOPE_BEGIN|[25]|TestCon|Contact|true|false
09:29:25.0 (70046332)|VARIABLE_ASSIGNMENT|[25]|TestCon|{"LastName":"Test","AccountId":"0011r00001noh38AAA"}|0x4675054c
09:29:25.0 (70053759)|STATEMENT_EXECUTE|[28]
09:29:25.0 (70072760)|METHOD_EXIT|[5]|01p1r000009rRUH|AccountManagerTest.createTestRecord()
09:29:25.0 (70082193)|VARIABLE_SCOPE_BEGIN|[5]|recordId|Id|false|false
09:29:25.0 (70152750)|VARIABLE_ASSIGNMENT|[5]|recordId|"0011r00001noh38AAA"
09:29:25.0 (70159971)|STATEMENT_EXECUTE|[7]
09:29:25.0 (70220985)|HEAP_ALLOCATE|[7]|Bytes:252
09:29:25.0 (70230597)|HEAP_ALLOCATE|[7]|Bytes:25
09:29:25.0 (70241436)|SYSTEM_METHOD_ENTRY|[1]|RestRequest.RestRequest()
09:29:25.0 (70245823)|STATEMENT_EXECUTE|[1]
09:29:25.0 (70254028)|SYSTEM_METHOD_EXIT|[1]|RestRequest
09:29:25.0 (70262596)|HEAP_ALLOCATE|[7]|Bytes:32
09:29:25.0 (70276431)|CONSTRUCTOR_ENTRY|[7]||<init>()
09:29:25.0 (70457170)|VARIABLE_SCOPE_BEGIN|[7]|request|System.RestRequest|true|false
09:29:25.0 (70499043)|VARIABLE_ASSIGNMENT|[7]|request|{"headers":"0x79de9c01","params":"0x22a9bd1c"}|0x384eaf15
09:29:25.0 (70507026)|STATEMENT_EXECUTE|[8]
09:29:25.0 (70510630)|HEAP_ALLOCATE|[8]|Bytes:54
09:29:25.0 (70570122)|HEAP_ALLOCATE|[8]|Bytes:18
09:29:25.0 (70581354)|HEAP_ALLOCATE|[8]|Bytes:9
09:29:25.0 (70591947)|HEAP_ALLOCATE|[8]|Bytes:81
09:29:25.0 (70615217)|STATEMENT_EXECUTE|[9]
09:29:25.0 (70617955)|HEAP_ALLOCATE|[9]|Bytes:3
09:29:25.0 (70640712)|STATEMENT_EXECUTE|[10]
09:29:25.0 (70668178)|VARIABLE_SCOPE_BEGIN|[4]|RestContext.request|System.RestRequest|true|true
09:29:25.0 (70676445)|VARIABLE_SCOPE_BEGIN|[5]|RestContext.response|System.RestResponse|true|true
09:29:25.0 (70686096)|HEAP_ALLOCATE|[10]|Bytes:112
09:29:25.0 (70691601)|HEAP_ALLOCATE|[10]|Bytes:5
09:29:25.0 (70712394)|SYSTEM_METHOD_ENTRY|[2]|RestContext.RestContext()
09:29:25.0 (70717092)|STATEMENT_EXECUTE|[2]
09:29:25.0 (70721788)|SYSTEM_METHOD_EXIT|[2]|RestContext
09:29:25.0 (70752393)|STATEMENT_EXECUTE|[12]
09:29:25.0 (72376247)|HEAP_ALLOCATE|[12]|Bytes:1
09:29:25.0 (72394459)|METHOD_ENTRY|[2]|01p1r000008ZgZh|AccountManager.AccountManager()
09:29:25.0 (72402308)|STATEMENT_EXECUTE|[2]
09:29:25.0 (72407159)|STATEMENT_EXECUTE|[2]
09:29:25.0 (72411205)|METHOD_EXIT|[2]|AccountManager
09:29:25.0 (72429967)|METHOD_ENTRY|[12]|01p1r000008ZgZh|AccountManager.getAccount()
09:29:25.0 (72459999)|STATEMENT_EXECUTE|[4]
09:29:25.0 (72462291)|STATEMENT_EXECUTE|[5]
09:29:25.0 (72493593)|VARIABLE_SCOPE_BEGIN|[5]|req|System.RestRequest|true|false
09:29:25.0 (72527385)|VARIABLE_ASSIGNMENT|[5]|req|{"headers":"0x79de9c01","httpMethod":"GET","params":"0x22a9bd1c","requestURI":"https://na1.salesfor (61 more) ..."}|0x384eaf15
09:29:25.0 (72535228)|STATEMENT_EXECUTE|[6]
09:29:25.0 (72560062)|HEAP_ALLOCATE|[6]|Bytes:9
09:29:25.0 (72583929)|HEAP_ALLOCATE|[6]|Bytes:18
09:29:25.0 (72593813)|VARIABLE_SCOPE_BEGIN|[6]|accId|String|false|false
09:29:25.0 (72603915)|VARIABLE_ASSIGNMENT|[6]|accId|"0011r00001noh38AAA"
09:29:25.0 (72609311)|STATEMENT_EXECUTE|[7]
09:29:25.0 (72611556)|HEAP_ALLOCATE|[7]|Bytes:81
09:29:25.0 (72625053)|HEAP_ALLOCATE|[7]|Bytes:4
09:29:25.0 (72633895)|HEAP_ALLOCATE|[7]|Bytes:7
09:29:25.0 (72889202)|SOQL_EXECUTE_BEGIN|[7]|Aggregations:1|SELECT Id, Name, (SELECT Id, Name FROM Contacts) FROM Account WHERE Id = :tmpVar1
09:29:25.0 (77565655)|SOQL_EXECUTE_END|[7]|Rows:1
09:29:25.0 (77597953)|HEAP_ALLOCATE|[7]|Bytes:8
09:29:25.0 (77616950)|HEAP_ALLOCATE|[7]|Bytes:48
09:29:25.0 (77695205)|HEAP_ALLOCATE|[7]|Bytes:8
09:29:25.0 (77708328)|HEAP_ALLOCATE|[7]|Bytes:33
09:29:25.0 (77756717)|HEAP_ALLOCATE|[7]|Bytes:12
09:29:25.0 (77764271)|VARIABLE_SCOPE_BEGIN|[7]|acc|Account|true|false
09:29:25.0 (77788829)|VARIABLE_ASSIGNMENT|[7]|acc|{"Id":"0011r00001noh38AAA","Name":"Test record"}|0x59b442e7
09:29:25.0 (77799606)|STATEMENT_EXECUTE|[9]
09:29:25.0 (77806430)|METHOD_EXIT|[12]|01p1r000008ZgZh|AccountManager.getAccount()
09:29:25.0 (77813678)|VARIABLE_SCOPE_BEGIN|[12]|thisAccount|Account|true|false
09:29:25.0 (77825973)|VARIABLE_ASSIGNMENT|[12]|thisAccount|{"Id":"0011r00001noh38AAA","Name":"Test record"}|0x59b442e7
09:29:25.0 (77832632)|STATEMENT_EXECUTE|[14]
09:29:25.0 (77868855)|STATEMENT_EXECUTE|[15]
09:29:25.77 (77922647)|CUMULATIVE_LIMIT_USAGE
09:29:25.77 (77922647)|LIMIT_USAGE_FOR_NS|(default)|
  Number of SOQL queries: 1 out of 100
  Number of query rows: 1 out of 50000
  Number of SOSL queries: 0 out of 20
  Number of DML statements: 1 out of 150
  Number of DML rows: 1 out of 10000
  Maximum CPU time: 0 out of 10000
  Maximum heap size: 0 out of 6000000
  Number of callouts: 0 out of 100
  Number of Email Invocations: 0 out of 10
  Number of future calls: 0 out of 50
  Number of queueable jobs added to the queue: 0 out of 50
  Number of Mobile Apex push calls: 0 out of 10

09:29:25.77 (77922647)|CUMULATIVE_LIMIT_USAGE_END

09:29:25.0 (77959032)|CODE_UNIT_FINISHED|AccountManagerTest.getAccountTest1
09:29:25.0 (78945002)|EXECUTION_FINISHED
09:29:25.440 (440557222)|USER_INFO|[EXTERNAL]|0051r000007Oz5Q|lydia.abril@gmail.com|hora estándar de Europa central|GMT+02:00
09:29:25.440 (440591451)|EXECUTION_STARTED
09:29:25.440 (440596213)|CODE_UNIT_STARTED|[EXTERNAL]|DuplicateDetector
09:29:25.440 (440609240)|DUPLICATE_DETECTION_BEGIN
09:29:25.440 (440659993)|DUPLICATE_DETECTION_RULE_INVOCATION|DuplicateRuleId:0Bm1r0000018X88|DuplicateRuleName:Standard Account Duplicate Rule|DmlType:INSERT
09:29:25.440 (449690811)|DUPLICATE_DETECTION_END
09:29:25.440 (449698548)|CODE_UNIT_FINISHED|DuplicateDetector
09:29:25.440 (450649319)|EXECUTION_FINISHED
