33.0 APEX_CODE,FINEST;APEX_PROFILING,INFO;CALLOUT,INFO;DB,INFO;SYSTEM,DEBUG;VALIDATION,INFO;VISUALFORCE,INFO;WAVE,INFO;WORKFLOW,INFO
Execute Anonymous: Boolean fail1 = false;Boolean fail2 = false;Account a1 = new Account(name='a',Type='Prospect',NumberOfEmployees=500);insert a1;Account a2 = new Account(name='a',Type='SomethingElse',NumberOfEmployees=501);insert a2;Id uid = UserInfo.getUserId();Approval.ProcessSubmitRequest submit = new Approval.ProcessSubmitRequest();submit.setComments('Submitting');submit.setObjectId(a1.Id);submit.setSubmitterId(uid);submit.setProcessDefinitionNameOrId('Approve_New_Account');Approval.ProcessResult submitResult;try{submitResult = Approval.process(submit);}catch(Exception e){fail1 = true;}submit.setObjectId(a2.Id);try{submitResult=Approval.process(submit);}catch(Exception e){fail2 = true;}System.assert(fail1 && fail2, 'BOTH_DID_NOT_FAIL_ERROR');System.assert(false,'rock on with your bad self');
10:41:33.1 (1188259)|USER_INFO|[EXTERNAL]|0051r000007Oz5Q|lydia.abril@gmail.com|hora estándar de Europa central|GMT+02:00
10:41:33.1 (1213508)|EXECUTION_STARTED
10:41:33.1 (1217652)|CODE_UNIT_STARTED|[EXTERNAL]|execute_anonymous_apex
10:41:33.1 (1365710)|VARIABLE_SCOPE_BEGIN|[1]|a1|Account|true|false
10:41:33.1 (1383316)|VARIABLE_SCOPE_BEGIN|[1]|a2|Account|true|false
10:41:33.1 (1398924)|VARIABLE_SCOPE_BEGIN|[1]|fail1|Boolean|false|false
10:41:33.1 (1406569)|VARIABLE_SCOPE_BEGIN|[1]|fail2|Boolean|false|false
10:41:33.1 (1449751)|VARIABLE_SCOPE_BEGIN|[1]|submit|Approval.ProcessSubmitRequest|true|false
10:41:33.1 (1467548)|VARIABLE_SCOPE_BEGIN|[1]|submitResult|Approval.ProcessResult|true|false
10:41:33.1 (1485920)|VARIABLE_SCOPE_BEGIN|[1]|uid|Id|false|false
10:41:33.1 (1609186)|HEAP_ALLOCATE|[72]|Bytes:3
10:41:33.1 (1650298)|HEAP_ALLOCATE|[77]|Bytes:152
10:41:33.1 (1670173)|HEAP_ALLOCATE|[342]|Bytes:408
10:41:33.1 (1684019)|HEAP_ALLOCATE|[355]|Bytes:408
10:41:33.1 (1695482)|HEAP_ALLOCATE|[467]|Bytes:48
10:41:33.1 (1727698)|HEAP_ALLOCATE|[139]|Bytes:6
10:41:33.1 (1745712)|HEAP_ALLOCATE|[EXTERNAL]|Bytes:1
10:41:33.1 (1959493)|STATEMENT_EXECUTE|[1]
10:41:33.1 (1963335)|STATEMENT_EXECUTE|[1]
10:41:33.1 (1999035)|HEAP_ALLOCATE|[50]|Bytes:5
10:41:33.1 (2027116)|HEAP_ALLOCATE|[56]|Bytes:5
10:41:33.1 (2038432)|HEAP_ALLOCATE|[64]|Bytes:7
10:41:33.1 (2064889)|HEAP_ALLOCATE|[1]|Bytes:5
10:41:33.1 (2087241)|VARIABLE_ASSIGNMENT|[1]|fail1|false
10:41:33.1 (2093255)|STATEMENT_EXECUTE|[1]
10:41:33.1 (2100089)|HEAP_ALLOCATE|[1]|Bytes:5
10:41:33.1 (2111585)|VARIABLE_ASSIGNMENT|[1]|fail2|false
10:41:33.1 (2116806)|STATEMENT_EXECUTE|[1]
10:41:33.1 (2148002)|HEAP_ALLOCATE|[1]|Bytes:4
10:41:33.1 (2239612)|HEAP_ALLOCATE|[1]|Bytes:1
10:41:33.1 (2293943)|VARIABLE_ASSIGNMENT|[1]|this.Name|"a"|0x55098350
10:41:33.1 (2302875)|HEAP_ALLOCATE|[1]|Bytes:8
10:41:33.1 (2326242)|VARIABLE_ASSIGNMENT|[1]|this.Type|"Prospect"|0x55098350
10:41:33.1 (2354123)|VARIABLE_ASSIGNMENT|[1]|this.NumberOfEmployees|500|0x55098350
10:41:33.1 (2396724)|VARIABLE_ASSIGNMENT|[1]|a1|{"Name":"a","Type":"Prospect","NumberOfEmployees":500}|0x55098350
10:41:33.1 (2404945)|STATEMENT_EXECUTE|[1]
10:41:33.1 (2435181)|HEAP_ALLOCATE|[1]|Bytes:8
10:41:33.1 (2451094)|DML_BEGIN|[1]|Op:Insert|Type:Account|Rows:1
10:41:33.1 (2493887)|HEAP_ALLOCATE|[EXTERNAL]|Bytes:8
10:41:33.1 (15504205)|CODE_UNIT_STARTED|[EXTERNAL]|DuplicateDetector
10:41:33.1 (15525062)|DUPLICATE_DETECTION_BEGIN
10:41:33.1 (16059981)|DUPLICATE_DETECTION_RULE_INVOCATION|DuplicateRuleId:0Bm1r0000018X88|DuplicateRuleName:Standard Account Duplicate Rule|DmlType:INSERT
10:41:33.1 (41214100)|DUPLICATE_DETECTION_MATCH_INVOCATION_DETAILS|EntityType:Account|ActionTaken:Allow_[Alert,Report]|DuplicateRecordIds:
10:41:33.1 (41235630)|DUPLICATE_DETECTION_MATCH_INVOCATION_SUMMARY|EntityType:Account|NumRecordsToBeSaved:1|NumRecordsToBeSavedWithDuplicates:0|NumDuplicateRecordsFound:0
10:41:33.1 (41354778)|DUPLICATE_DETECTION_END
10:41:33.1 (41362600)|CODE_UNIT_FINISHED|DuplicateDetector
10:41:33.1 (80334046)|CODE_UNIT_STARTED|[EXTERNAL]|Workflow:Account
10:41:33.1 (85925447)|WF_RULE_EVAL_BEGIN|Workflow
10:41:33.1 (85952332)|WF_CRITERIA_BEGIN|[Account: a 0011r00001noi32]|PruebaProcess3011r000000gjFE|01Q1r000000mVFX|ON_ALL_CHANGES|0
10:41:33.1 (86050861)|WF_FORMULA|Formula:ENCODED:[treatNullAsNull]true|Values:
10:41:33.1 (86058566)|WF_CRITERIA_END|true
10:41:33.1 (94808835)|WF_SPOOL_ACTION_BEGIN|Workflow
10:41:33.1 (94841260)|WF_ACTION| Flow Trigger: 1;
10:41:33.1 (94847157)|WF_RULE_EVAL_END
10:41:33.1 (95649448)|WF_FLOW_ACTION_BEGIN|09L1r000000Xt57
10:41:33.95 (95731547)|FLOW_CREATE_INTERVIEW_BEGIN|00D1r000001H7aI|3001r000000gDp4|3011r000000gjFE
10:41:33.95 (97639462)|FLOW_CREATE_INTERVIEW_END|536916653d6be51c1bec751081aa162d7b5ed55-7992|PruebaProcess
10:41:33.97 (97974301)|FLOW_START_INTERVIEWS_BEGIN|1
10:41:33.97 (97993181)|FLOW_START_INTERVIEW_BEGIN|536916653d6be51c1bec751081aa162d7b5ed55-7992|PruebaProcess
10:41:33.97 (99329417)|FLOW_START_INTERVIEW_END|536916653d6be51c1bec751081aa162d7b5ed55-7992|PruebaProcess
10:41:33.97 (134387852)|FLOW_START_INTERVIEWS_END|1
10:41:33.1 (135234143)|WF_FLOW_ACTION_END|09L1r000000Xt57
10:41:33.1 (135335872)|WF_ACTIONS_END| Flow Trigger: 1;
10:41:33.1 (135344679)|CODE_UNIT_FINISHED|Workflow:Account
10:41:33.1 (138089398)|DML_END|[1]
10:41:33.1 (138118415)|STATEMENT_EXECUTE|[1]
10:41:33.1 (138158073)|HEAP_ALLOCATE|[1]|Bytes:4
10:41:33.1 (138230794)|VARIABLE_ASSIGNMENT|[1]|this.Name|"a"|0x6626035e
10:41:33.1 (138246531)|HEAP_ALLOCATE|[1]|Bytes:13
10:41:33.1 (138269852)|VARIABLE_ASSIGNMENT|[1]|this.Type|"SomethingElse"|0x6626035e
10:41:33.1 (138296657)|VARIABLE_ASSIGNMENT|[1]|this.NumberOfEmployees|501|0x6626035e
10:41:33.1 (138366324)|VARIABLE_ASSIGNMENT|[1]|a2|{"Name":"a","Type":"SomethingElse","NumberOfEmployees":501}|0x6626035e
10:41:33.1 (138379480)|STATEMENT_EXECUTE|[1]
10:41:33.1 (138408417)|HEAP_ALLOCATE|[1]|Bytes:8
10:41:33.1 (138421974)|DML_BEGIN|[1]|Op:Insert|Type:Account|Rows:1
10:41:33.1 (138451637)|HEAP_ALLOCATE|[EXTERNAL]|Bytes:8
10:41:33.1 (142014427)|CODE_UNIT_STARTED|[EXTERNAL]|DuplicateDetector
10:41:33.1 (142030697)|DUPLICATE_DETECTION_BEGIN
10:41:33.1 (142072697)|DUPLICATE_DETECTION_RULE_INVOCATION|DuplicateRuleId:0Bm1r0000018X88|DuplicateRuleName:Standard Account Duplicate Rule|DmlType:INSERT
10:41:33.1 (153659644)|DUPLICATE_DETECTION_MATCH_INVOCATION_DETAILS|EntityType:Account|ActionTaken:Allow_[Alert,Report]|DuplicateRecordIds:
10:41:33.1 (153679823)|DUPLICATE_DETECTION_MATCH_INVOCATION_SUMMARY|EntityType:Account|NumRecordsToBeSaved:1|NumRecordsToBeSavedWithDuplicates:0|NumDuplicateRecordsFound:0
10:41:33.1 (153836186)|DUPLICATE_DETECTION_END
10:41:33.1 (153844703)|CODE_UNIT_FINISHED|DuplicateDetector
10:41:33.1 (168261334)|CODE_UNIT_STARTED|[EXTERNAL]|Workflow:Account
10:41:33.1 (171704596)|WF_RULE_EVAL_BEGIN|Workflow
10:41:33.1 (171732874)|WF_CRITERIA_BEGIN|[Account: a 0011r00001noi33]|PruebaProcess3011r000000gjFE|01Q1r000000mVFX|ON_ALL_CHANGES|0
10:41:33.1 (171773923)|WF_FORMULA|Formula:ENCODED:[treatNullAsNull]true|Values:
10:41:33.1 (171781456)|WF_CRITERIA_END|true
10:41:33.1 (171799687)|WF_SPOOL_ACTION_BEGIN|Workflow
10:41:33.1 (171820406)|WF_ACTION| Flow Trigger: 1;
10:41:33.1 (171825639)|WF_RULE_EVAL_END
10:41:33.1 (171851951)|WF_FLOW_ACTION_BEGIN|09L1r000000Xt57
10:41:33.171 (171902939)|FLOW_CREATE_INTERVIEW_BEGIN|00D1r000001H7aI|3001r000000gDp4|3011r000000gjFE
10:41:33.171 (171947736)|FLOW_CREATE_INTERVIEW_END|537016653d6be51c1bec751081aa162d7b5ed55-7993|PruebaProcess
10:41:33.172 (172377037)|FLOW_START_INTERVIEWS_BEGIN|1
10:41:33.172 (172398617)|FLOW_START_INTERVIEW_BEGIN|537016653d6be51c1bec751081aa162d7b5ed55-7993|PruebaProcess
10:41:33.172 (173026657)|FLOW_START_INTERVIEW_END|537016653d6be51c1bec751081aa162d7b5ed55-7993|PruebaProcess
10:41:33.172 (184387178)|FLOW_START_INTERVIEWS_END|1
10:41:33.1 (184857194)|WF_FLOW_ACTION_END|09L1r000000Xt57
10:41:33.1 (184938148)|WF_ACTIONS_END| Flow Trigger: 1;
10:41:33.1 (184946004)|CODE_UNIT_FINISHED|Workflow:Account
10:41:33.1 (185556724)|DML_END|[1]
10:41:33.1 (185582138)|STATEMENT_EXECUTE|[1]
10:41:33.1 (185649620)|SYSTEM_MODE_ENTER|false
10:41:33.1 (185674062)|HEAP_ALLOCATE|[1]|Bytes:5
10:41:33.1 (185766353)|HEAP_ALLOCATE|[1]|Bytes:85
10:41:33.1 (185783494)|SYSTEM_METHOD_ENTRY|[1]|UserInfo.UserInfo()
10:41:33.1 (185789123)|STATEMENT_EXECUTE|[1]
10:41:33.1 (185799777)|SYSTEM_METHOD_EXIT|[1]|UserInfo
10:41:33.1 (185815948)|METHOD_ENTRY|[1]||System.UserInfo.getUserId()
10:41:33.1 (185845264)|METHOD_EXIT|[1]||System.UserInfo.getUserId()
10:41:33.1 (185853297)|SYSTEM_MODE_EXIT|false
10:41:33.1 (185873344)|HEAP_ALLOCATE|[1]|Bytes:4
10:41:33.1 (185999862)|VARIABLE_ASSIGNMENT|[1]|uid|"0051r000007Oz5QAAS"
10:41:33.1 (186012349)|STATEMENT_EXECUTE|[1]
10:41:33.1 (186131791)|VARIABLE_ASSIGNMENT|[1]|submit|"common.api.soap.wsdl.ProcessSubmitRequest@5f4c7788"|0x27740e96
10:41:33.1 (186145559)|STATEMENT_EXECUTE|[1]
10:41:33.1 (186155431)|HEAP_ALLOCATE|[1]|Bytes:10
10:41:33.1 (186219139)|STATEMENT_EXECUTE|[1]
10:41:33.1 (186260382)|HEAP_ALLOCATE|[1]|Bytes:18
10:41:33.1 (186284720)|STATEMENT_EXECUTE|[1]
10:41:33.1 (186289907)|HEAP_ALLOCATE|[1]|Bytes:18
10:41:33.1 (186308004)|STATEMENT_EXECUTE|[1]
10:41:33.1 (186311988)|HEAP_ALLOCATE|[1]|Bytes:19
10:41:33.1 (186324535)|STATEMENT_EXECUTE|[1]
10:41:33.1 (186334540)|VARIABLE_ASSIGNMENT|[1]|submitResult|null|
10:41:33.1 (186339702)|STATEMENT_EXECUTE|[1]
10:41:33.1 (186341304)|STATEMENT_EXECUTE|[1]
10:41:33.1 (186342809)|STATEMENT_EXECUTE|[1]
10:41:33.1 (186398053)|HEAP_ALLOCATE|[1]|Bytes:8
10:41:33.1 (186415461)|DML_BEGIN|[1]|Op:Process|Type:ProcessRequest|Rows:1
10:41:33.1 (186445599)|HEAP_ALLOCATE|[EXTERNAL]|Bytes:8
10:41:33.1 (191940451)|CODE_UNIT_STARTED|[EXTERNAL]|Workflow:ApprovalProcessActions
10:41:33.1 (236385469)|WF_APPROVAL_SUBMIT|[Account: a 0011r00001noi32]
10:41:33.1 (237138576)|WF_APPROVAL_SUBMITTER|Lydia Abril|0051r000007Oz5QAAS
10:41:33.1 (252083001)|WF_RULE_FILTER|[Account : Type equals Prospect] 
AND [Account : Employees greater than 500]
10:41:33.1 (252120742)|WF_RULE_EVAL_VALUE|Prospect
10:41:33.1 (252138336)|WF_RULE_EVAL_VALUE|500
10:41:33.1 (252208857)|WF_EVAL_ENTRY_CRITERIA|Approve New Account|00X1r000002S2tA|false
10:41:33.1 (252410078)|WF_PROCESS_FOUND|ProcessDefinitionNameOrId:Approve_New_Account|The process was invalid or didn't meet the required criteria.
10:41:33.1 (253087723)|CODE_UNIT_FINISHED|Workflow:ApprovalProcessActions
10:41:33.1 (253586986)|DML_END|[1]
10:41:33.1 (253689345)|EXCEPTION_THROWN|[1]|System.DmlException: Process failed. First exception on row 0; first error: NO_APPLICABLE_PROCESS, No applicable approval process was found.: []
10:41:33.1 (254078269)|HEAP_ALLOCATE|[1]|Bytes:127
10:41:33.1 (254139072)|VARIABLE_SCOPE_BEGIN|[1]|e|Exception|true|false
10:41:33.1 (254248418)|VARIABLE_ASSIGNMENT|[1]|e|"common.apex.runtime.impl.DmlExecutionException: Process failed. First exception on row 0; first error: NO_APPLICABLE_PROCESS, No applicable approval process was found.: []"|0x2eebc4c8
10:41:33.1 (254267554)|STATEMENT_EXECUTE|[1]
10:41:33.1 (254271330)|STATEMENT_EXECUTE|[1]
10:41:33.1 (254290008)|HEAP_ALLOCATE|[1]|Bytes:5
10:41:33.1 (254305345)|VARIABLE_ASSIGNMENT|[1]|fail1|true
10:41:33.1 (254311712)|STATEMENT_EXECUTE|[1]
10:41:33.1 (254341143)|HEAP_ALLOCATE|[1]|Bytes:18
10:41:33.1 (254395944)|STATEMENT_EXECUTE|[1]
10:41:33.1 (254398089)|STATEMENT_EXECUTE|[1]
10:41:33.1 (254399601)|STATEMENT_EXECUTE|[1]
10:41:33.1 (254446828)|HEAP_ALLOCATE|[1]|Bytes:8
10:41:33.1 (254463045)|DML_BEGIN|[1]|Op:Process|Type:ProcessRequest|Rows:1
10:41:33.1 (254502968)|HEAP_ALLOCATE|[EXTERNAL]|Bytes:8
10:41:33.1 (259897804)|CODE_UNIT_STARTED|[EXTERNAL]|Workflow:ApprovalProcessActions
10:41:33.1 (263043497)|WF_APPROVAL_SUBMIT|[Account: a 0011r00001noi33]
10:41:33.1 (263372060)|WF_APPROVAL_SUBMITTER|Lydia Abril|0051r000007Oz5QAAS
10:41:33.1 (266786233)|WF_RULE_FILTER|[Account : Type equals Prospect] 
AND [Account : Employees greater than 500]
10:41:33.1 (266808440)|WF_RULE_EVAL_VALUE|SomethingElse
10:41:33.1 (266820858)|WF_EVAL_ENTRY_CRITERIA|Approve New Account|00X1r000002S2tA|false
10:41:33.1 (266836058)|WF_PROCESS_FOUND|ProcessDefinitionNameOrId:Approve_New_Account|The process was invalid or didn't meet the required criteria.
10:41:33.1 (267329808)|CODE_UNIT_FINISHED|Workflow:ApprovalProcessActions
10:41:33.1 (267751204)|DML_END|[1]
10:41:33.1 (267834092)|EXCEPTION_THROWN|[1]|System.DmlException: Process failed. First exception on row 0; first error: NO_APPLICABLE_PROCESS, No applicable approval process was found.: []
10:41:33.1 (268086327)|HEAP_ALLOCATE|[1]|Bytes:127
10:41:33.1 (268136381)|VARIABLE_SCOPE_BEGIN|[1]|e|Exception|true|false
10:41:33.1 (268208241)|VARIABLE_ASSIGNMENT|[1]|e|"common.apex.runtime.impl.DmlExecutionException: Process failed. First exception on row 0; first error: NO_APPLICABLE_PROCESS, No applicable approval process was found.: []"|0x5593f3b7
10:41:33.1 (268219719)|STATEMENT_EXECUTE|[1]
10:41:33.1 (268221855)|STATEMENT_EXECUTE|[1]
10:41:33.1 (268232485)|HEAP_ALLOCATE|[1]|Bytes:5
10:41:33.1 (268245489)|VARIABLE_ASSIGNMENT|[1]|fail2|true
10:41:33.1 (268251400)|STATEMENT_EXECUTE|[1]
10:41:33.1 (268261901)|HEAP_ALLOCATE|[1]|Bytes:23
10:41:33.1 (268313714)|STATEMENT_EXECUTE|[1]
10:41:33.1 (268319664)|HEAP_ALLOCATE|[1]|Bytes:26
10:41:33.1 (268377262)|EXCEPTION_THROWN|[1]|System.AssertException: Assertion Failed: rock on with your bad self
10:41:33.1 (268437400)|HEAP_ALLOCATE|[1]|Bytes:48
10:41:33.1 (268527626)|FATAL_ERROR|System.AssertException: Assertion Failed: rock on with your bad self

AnonymousBlock: line 1, column 1
10:41:33.268 (268565748)|CUMULATIVE_LIMIT_USAGE
10:41:33.268 (268565748)|LIMIT_USAGE_FOR_NS|(default)|
  Number of SOQL queries: 2 out of 100
  Number of query rows: 0 out of 50000
  Number of SOSL queries: 0 out of 20
  Number of DML statements: 6 out of 150
  Number of DML rows: 4 out of 10000
  Maximum CPU time: 0 out of 10000
  Maximum heap size: 0 out of 6000000
  Number of callouts: 0 out of 100
  Number of Email Invocations: 0 out of 10
  Number of future calls: 0 out of 50
  Number of queueable jobs added to the queue: 0 out of 50
  Number of Mobile Apex push calls: 0 out of 10

10:41:33.268 (268565748)|CUMULATIVE_LIMIT_USAGE_END

10:41:33.1 (268598452)|CODE_UNIT_FINISHED|execute_anonymous_apex
10:41:33.1 (269391411)|EXECUTION_FINISHED
