30.0 APEX_CODE,FINEST;APEX_PROFILING,INFO;CALLOUT,INFO;DB,INFO;SYSTEM,DEBUG;VALIDATION,INFO;VISUALFORCE,INFO;WAVE,INFO;WORKFLOW,INFO
Execute Anonymous: List<Contact> contacts = [SELECT ID from Contact WHERE LastName = 'Smith']; List<Lead> leads = [SELECT ID from Lead where LastName='Smith']; System.assertNotEquals(contacts.size(),0); System.assertNotEquals(leads.size(),0);
09:30:30.1 (1091436)|USER_INFO|[EXTERNAL]|0051r000007Oz5Q|lydia.abril@gmail.com|hora estándar de Europa central|GMT+02:00
09:30:30.1 (1109328)|EXECUTION_STARTED
09:30:30.1 (1113047)|CODE_UNIT_STARTED|[EXTERNAL]|execute_anonymous_apex
09:30:30.1 (1273963)|VARIABLE_SCOPE_BEGIN|[1]|contacts|List<Contact>|true|false
09:30:30.1 (1303671)|VARIABLE_SCOPE_BEGIN|[1]|leads|List<Lead>|true|false
09:30:30.1 (1413929)|HEAP_ALLOCATE|[72]|Bytes:3
09:30:30.1 (1447909)|HEAP_ALLOCATE|[77]|Bytes:152
09:30:30.1 (1462218)|HEAP_ALLOCATE|[342]|Bytes:408
09:30:30.1 (1475468)|HEAP_ALLOCATE|[355]|Bytes:408
09:30:30.1 (1485476)|HEAP_ALLOCATE|[467]|Bytes:48
09:30:30.1 (1507516)|HEAP_ALLOCATE|[139]|Bytes:6
09:30:30.1 (1523834)|HEAP_ALLOCATE|[EXTERNAL]|Bytes:1
09:30:30.1 (1625417)|STATEMENT_EXECUTE|[1]
09:30:30.1 (1627943)|STATEMENT_EXECUTE|[1]
09:30:30.1 (1630812)|HEAP_ALLOCATE|[1]|Bytes:47
09:30:30.1 (1648426)|HEAP_ALLOCATE|[1]|Bytes:4
09:30:30.1 (1687280)|HEAP_ALLOCATE|[50]|Bytes:5
09:30:30.1 (1707769)|HEAP_ALLOCATE|[56]|Bytes:5
09:30:30.1 (1715075)|HEAP_ALLOCATE|[64]|Bytes:7
09:30:30.1 (1907502)|SOQL_EXECUTE_BEGIN|[1]|Aggregations:0|SELECT ID FROM Contact WHERE LastName = 'Smith'
09:30:30.1 (6456449)|SOQL_EXECUTE_END|[1]|Rows:2
09:30:30.1 (6486098)|HEAP_ALLOCATE|[1]|Bytes:12
09:30:30.1 (6503777)|HEAP_ALLOCATE|[1]|Bytes:58
09:30:30.1 (6555600)|HEAP_ALLOCATE|[1]|Bytes:12
09:30:30.1 (6607981)|VARIABLE_ASSIGNMENT|[1]|contacts|[{"Id":"0031r000024VCHqAAO"},{"Id":"0031r000024gjgbAAA"}]|0x2359fa42
09:30:30.1 (6615555)|STATEMENT_EXECUTE|[1]
09:30:30.1 (6620334)|HEAP_ALLOCATE|[1]|Bytes:44
09:30:30.1 (6634980)|HEAP_ALLOCATE|[1]|Bytes:4
09:30:30.1 (6790821)|SOQL_EXECUTE_BEGIN|[1]|Aggregations:0|SELECT ID FROM Lead WHERE LastName = 'Smith'
09:30:30.1 (10969584)|SOQL_EXECUTE_END|[1]|Rows:1
09:30:30.1 (10993355)|HEAP_ALLOCATE|[1]|Bytes:8
09:30:30.1 (11005803)|HEAP_ALLOCATE|[1]|Bytes:29
09:30:30.1 (11044067)|HEAP_ALLOCATE|[1]|Bytes:8
09:30:30.1 (11074009)|VARIABLE_ASSIGNMENT|[1]|leads|[{"Id":"00Q1r00001CWcMoEAL"}]|0x31cb6f6c
09:30:30.1 (11080755)|STATEMENT_EXECUTE|[1]
09:30:30.1 (11166308)|STATEMENT_EXECUTE|[1]
09:30:30.11 (11215323)|CUMULATIVE_LIMIT_USAGE
09:30:30.11 (11215323)|LIMIT_USAGE_FOR_NS|(default)|
  Number of SOQL queries: 2 out of 100
  Number of query rows: 3 out of 50000
  Number of SOSL queries: 0 out of 20
  Number of DML statements: 0 out of 150
  Number of DML rows: 0 out of 10000
  Maximum CPU time: 0 out of 10000
  Maximum heap size: 0 out of 6000000
  Number of callouts: 0 out of 100
  Number of Email Invocations: 0 out of 10
  Number of future calls: 0 out of 50
  Number of queueable jobs added to the queue: 0 out of 50
  Number of Mobile Apex push calls: 0 out of 10

09:30:30.11 (11215323)|CUMULATIVE_LIMIT_USAGE_END

09:30:30.1 (11249349)|CODE_UNIT_FINISHED|execute_anonymous_apex
09:30:30.1 (12008949)|EXECUTION_FINISHED
