36.0 APEX_CODE,FINEST;APEX_PROFILING,INFO;CALLOUT,INFO;DB,INFO;SYSTEM,DEBUG;VALIDATION,INFO;VISUALFORCE,INFO;WAVE,INFO;WORKFLOW,INFO
14:04:27.0 (68228)|USER_INFO|[EXTERNAL]|0051r000007Oz5Q|lydia.abril@gmail.com|hora estándar de Europa central|GMT+02:00
14:04:27.0 (112273)|EXECUTION_STARTED
14:04:27.0 (116606)|CODE_UNIT_STARTED|[EXTERNAL]|TRIGGERS
14:04:27.0 (872579)|CODE_UNIT_STARTED|[EXTERNAL]|01q1r000000j8Jg|AccountTrigger on Account trigger event BeforeUpdate
14:04:27.0 (916476)|HEAP_ALLOCATE|[EXTERNAL]|Bytes:8
14:04:27.0 (948743)|HEAP_ALLOCATE|[EXTERNAL]|Bytes:8
14:04:27.0 (1270753)|HEAP_ALLOCATE|[72]|Bytes:3
14:04:27.0 (1307792)|HEAP_ALLOCATE|[77]|Bytes:152
14:04:27.0 (1323032)|HEAP_ALLOCATE|[342]|Bytes:408
14:04:27.0 (1334978)|HEAP_ALLOCATE|[355]|Bytes:408
14:04:27.0 (1346076)|HEAP_ALLOCATE|[467]|Bytes:48
14:04:27.0 (1370386)|HEAP_ALLOCATE|[139]|Bytes:6
14:04:27.0 (1393420)|HEAP_ALLOCATE|[EXTERNAL]|Bytes:12
14:04:27.0 (1401225)|VARIABLE_SCOPE_BEGIN|[1]|this|AccountTrigger|true|false
14:04:27.0 (1444102)|VARIABLE_ASSIGNMENT|[1]|this|{}|0x1f8c6f88
14:04:27.0 (1480047)|HEAP_ALLOCATE|[EXTERNAL]|Bytes:12
14:04:27.0 (1486039)|VARIABLE_SCOPE_BEGIN|[1]|this|AccountTrigger|true|false
14:04:27.0 (1498336)|VARIABLE_ASSIGNMENT|[1]|this|{}|0x1f8c6f88
14:04:27.0 (1508251)|STATEMENT_EXECUTE|[1]
14:04:27.0 (1510691)|STATEMENT_EXECUTE|[3]
14:04:27.0 (1541466)|HEAP_ALLOCATE|[50]|Bytes:5
14:04:27.0 (1563399)|HEAP_ALLOCATE|[56]|Bytes:5
14:04:27.0 (1571918)|HEAP_ALLOCATE|[64]|Bytes:7
14:04:27.0 (2277961)|VARIABLE_ASSIGNMENT|[3]|this.listNew|[{"ParentId":"0011r00001mvH7mAAE","LastModifiedDate":"2018-04-17T12:04:14.000Z","IsDeleted":false,"Fecha_ultima_activid (18 more) ...":"2018-04-17T00:00:00.000Z","SystemModstamp":"2018-04-17T12:04:14.000Z","Name":"prueba","CleanStatus":"Pending","OwnerId":"0051r000007Oz5QAAS","CreatedById":"0051r000007Oz5QAAS","Match_Billing_Addres (4 more) ...":false,"LastActivityDate":"2048-04-01T00:00:00.000Z","CreatedDate":"2018-04-12T09:07:46.000Z","Id":"0011r00001nnRDqAAM","LastModifiedById":"0051r000007Oz5QAAS"}]|0x1f8c6f88
14:04:27.0 (2299128)|STATEMENT_EXECUTE|[5]
14:04:27.0 (2687427)|VARIABLE_ASSIGNMENT|[5]|this.mapOld|{"0011r00001nnRDqAAM":{"ParentId":"0011r00001mvH7mAAE","LastModifiedDate":"2018-04-17T12:04:14.000Z","IsDeleted":false,"Fecha_ultima_activid (18 more) ...":"2018-04-17T00:00:00.000Z","SystemModstamp":"2018-04-17T12:04:14.000Z","Name":"prueba","CleanStatus":"Pending","OwnerId":"0051r000007Oz5QAAS","CreatedById":"0051r000007Oz5QAAS","Match_Billing_Addres (4 more) ...":false,"LastActivityDate":"2048-04-01T00:00:00.000Z","CreatedDate":"2018-04-12T09:07:46.000Z","Id":"0011r00001nnRDqAAM","LastModifiedById":"0051r000007Oz5QAAS"}}|0x1f8c6f88
14:04:27.0 (2715396)|STATEMENT_EXECUTE|[7]
14:04:27.0 (2721916)|STATEMENT_EXECUTE|[8]
14:04:27.0 (2723701)|STATEMENT_EXECUTE|[9]
14:04:27.0 (2831730)|HEAP_ALLOCATE|[9]|Bytes:1
14:04:27.0 (2845502)|METHOD_ENTRY|[1]|01p1r000009p8Bf|AccountMethods.AccountMethods()
14:04:27.0 (2852601)|STATEMENT_EXECUTE|[1]
14:04:27.0 (2856781)|STATEMENT_EXECUTE|[1]
14:04:27.0 (3197310)|SYSTEM_MODE_ENTER|false
14:04:27.0 (3213754)|HEAP_ALLOCATE|[9]|Bytes:5
14:04:27.0 (3222082)|SYSTEM_MODE_EXIT|false
14:04:27.0 (3231863)|METHOD_EXIT|[1]|AccountMethods
14:04:27.0 (3246232)|METHOD_ENTRY|[9]|01p1r000009p8Bf|AccountMethods.ActualizarCuentaHija(List<Account>, Map<Id,Account>)
14:04:27.0 (3265182)|VARIABLE_SCOPE_BEGIN|[3]|listAccount|List<Account>|true|false
14:04:27.0 (3591263)|VARIABLE_ASSIGNMENT|[3]|listAccount|[{"ParentId":"0011r00001mvH7mAAE","LastModifiedDate":"2018-04-17T12:04:14.000Z","IsDeleted":false,"Fecha_ultima_activid (18 more) ...":"2018-04-17T00:00:00.000Z","SystemModstamp":"2018-04-17T12:04:14.000Z","Name":"prueba","CleanStatus":"Pending","OwnerId":"0051r000007Oz5QAAS","CreatedById":"0051r000007Oz5QAAS","Match_Billing_Addres (4 more) ...":false,"LastActivityDate":"2048-04-01T00:00:00.000Z","CreatedDate":"2018-04-12T09:07:46.000Z","Id":"0011r00001nnRDqAAM","LastModifiedById":"0051r000007Oz5QAAS"}]|0x452769bd
14:04:27.0 (3607599)|VARIABLE_SCOPE_BEGIN|[3]|mapOld|Map<Id,Account>|true|false
14:04:27.0 (3906450)|VARIABLE_ASSIGNMENT|[3]|mapOld|{"0011r00001nnRDqAAM":{"ParentId":"0011r00001mvH7mAAE","LastModifiedDate":"2018-04-17T12:04:14.000Z","IsDeleted":false,"Fecha_ultima_activid (18 more) ...":"2018-04-17T00:00:00.000Z","SystemModstamp":"2018-04-17T12:04:14.000Z","Name":"prueba","CleanStatus":"Pending","OwnerId":"0051r000007Oz5QAAS","CreatedById":"0051r000007Oz5QAAS","Match_Billing_Addres (4 more) ...":false,"LastActivityDate":"2048-04-01T00:00:00.000Z","CreatedDate":"2018-04-12T09:07:46.000Z","Id":"0011r00001nnRDqAAM","LastModifiedById":"0051r000007Oz5QAAS"}}|0x546ff845
14:04:27.0 (3935301)|SYSTEM_MODE_ENTER|false
14:04:27.0 (3943106)|HEAP_ALLOCATE|[5]|Bytes:5
14:04:27.0 (3949400)|STATEMENT_EXECUTE|[3]
14:04:27.0 (4015904)|STATEMENT_EXECUTE|[5]
14:04:27.0 (4018961)|STATEMENT_EXECUTE|[8]
14:04:27.0 (4034320)|HEAP_ALLOCATE|[8]|Bytes:4
14:04:27.0 (4060736)|VARIABLE_SCOPE_BEGIN|[8]|listAccountIds|List<String>|true|false
14:04:27.0 (4086947)|HEAP_ALLOCATE|[EXTERNAL]|Bytes:4
14:04:27.0 (4096571)|VARIABLE_ASSIGNMENT|[8]|listAccountIds|[]|0x1952307f
14:04:27.0 (4103015)|STATEMENT_EXECUTE|[9]
14:04:27.0 (4136182)|HEAP_ALLOCATE|[9]|Bytes:4
14:04:27.0 (4162033)|VARIABLE_SCOPE_BEGIN|[9]|mapAccountParent|Map<String,Account>|true|false
14:04:27.0 (4176515)|VARIABLE_ASSIGNMENT|[9]|mapAccountParent|{}|0x67c6c869
14:04:27.0 (4304167)|HEAP_ALLOCATE|[11]|Bytes:5
14:04:27.0 (4323208)|HEAP_ALLOCATE|[11]|Bytes:4
14:04:27.0 (4333165)|VARIABLE_SCOPE_BEGIN|[11]|inAccount|Account|true|false
14:04:27.0 (4697978)|VARIABLE_ASSIGNMENT|[11]|inAccount|{"ParentId":"0011r00001mvH7mAAE","LastModifiedDate":"2018-04-17T12:04:14.000Z","IsDeleted":false,"Fecha_ultima_activid (18 more) ...":"2018-04-17T00:00:00.000Z","SystemModstamp":"2018-04-17T12:04:14.000Z","Name":"prueba","CleanStatus":"Pending","OwnerId":"0051r000007Oz5QAAS","CreatedById":"0051r000007Oz5QAAS","Match_Billing_Addres (4 more) ...":false,"LastActivityDate":"2048-04-01T00:00:00.000Z","CreatedDate":"2018-04-12T09:07:46.000Z","Id":"0011r00001nnRDqAAM","LastModifiedById":"0051r000007Oz5QAAS"}|0x5e179e94
14:04:27.0 (4718977)|STATEMENT_EXECUTE|[11]
14:04:27.0 (4743252)|STATEMENT_EXECUTE|[12]
14:04:27.0 (4756705)|HEAP_ALLOCATE|[11]|Bytes:5
14:04:27.0 (4771445)|VARIABLE_ASSIGNMENT|[11]|inAccount|null|
14:04:27.0 (4782058)|STATEMENT_EXECUTE|[19]
14:04:27.0 (4785180)|HEAP_ALLOCATE|[19]|Bytes:99
14:04:27.0 (4800074)|HEAP_ALLOCATE|[19]|Bytes:4
14:04:27.0 (4808651)|HEAP_ALLOCATE|[19]|Bytes:7
14:04:27.0 (5018013)|SOQL_EXECUTE_BEGIN|[19]|Aggregations:0|SELECT Id, Fecha_ultima_actividad_mas_reciente__c, ParentId FROM Account WHERE ParentId IN :tmpVar1
14:04:27.0 (6116066)|SOQL_EXECUTE_END|[19]|Rows:0
14:04:27.0 (6138398)|HEAP_ALLOCATE|[19]|Bytes:4
14:04:27.0 (6148350)|HEAP_ALLOCATE|[19]|Bytes:0
14:04:27.0 (6173374)|HEAP_ALLOCATE|[19]|Bytes:4
14:04:27.0 (6184683)|VARIABLE_SCOPE_BEGIN|[19]|listAccountChild|List<Account>|true|false
14:04:27.0 (6199390)|VARIABLE_ASSIGNMENT|[19]|listAccountChild|[]|0x1f11dc08
14:04:27.0 (6237676)|HEAP_ALLOCATE|[22]|Bytes:5
14:04:27.0 (6251410)|VARIABLE_ASSIGNMENT|[22]|inAccount|null|
14:04:27.0 (6257801)|STATEMENT_EXECUTE|[22]
14:04:27.0 (6259930)|STATEMENT_EXECUTE|[26]
14:04:27.0 (6312442)|HEAP_ALLOCATE|[EXTERNAL]|Bytes:4
14:04:27.0 (6321663)|SYSTEM_MODE_EXIT|false
14:04:27.0 (6331185)|METHOD_EXIT|[9]|01p1r000009p8Bf|AccountMethods.ActualizarCuentaHija(List<Account>, Map<Id,Account>)
14:04:27.6 (6341881)|CUMULATIVE_LIMIT_USAGE
14:04:27.6 (6341881)|LIMIT_USAGE_FOR_NS|(default)|
  Number of SOQL queries: 1 out of 100
  Number of query rows: 0 out of 50000
  Number of SOSL queries: 0 out of 20
  Number of DML statements: 0 out of 150
  Number of DML rows: 0 out of 10000
  Maximum CPU time: 0 out of 10000
  Maximum heap size: 0 out of 6000000
  Number of callouts: 0 out of 100
  Number of Email Invocations: 0 out of 10
  Number of future calls: 0 out of 50
  Number of queueable jobs added to the queue: 0 out of 50
  Number of Mobile Apex push calls: 0 out of 10

14:04:27.6 (6341881)|CUMULATIVE_LIMIT_USAGE_END

14:04:27.0 (7883499)|CODE_UNIT_FINISHED|AccountTrigger on Account trigger event BeforeUpdate
14:04:27.0 (10634557)|CODE_UNIT_STARTED|[EXTERNAL]|DuplicateDetector
14:04:27.0 (10648629)|DUPLICATE_DETECTION_BEGIN
14:04:27.0 (10704464)|DUPLICATE_DETECTION_RULE_INVOCATION|DuplicateRuleId:0Bm1r0000018X88|DuplicateRuleName:Standard Account Duplicate Rule|DmlType:UPDATE
14:04:27.0 (10742620)|DUPLICATE_DETECTION_END
14:04:27.0 (10746943)|CODE_UNIT_FINISHED|DuplicateDetector
14:04:27.0 (27968957)|CODE_UNIT_STARTED|[EXTERNAL]|DuplicateDetector
14:04:27.0 (27987383)|DUPLICATE_DETECTION_BEGIN
14:04:27.0 (28030506)|DUPLICATE_DETECTION_RULE_INVOCATION|DuplicateRuleId:0Bm1r0000018X88|DuplicateRuleName:Standard Account Duplicate Rule|DmlType:UPDATE
14:04:27.0 (37677424)|DUPLICATE_DETECTION_END
14:04:27.0 (37685464)|CODE_UNIT_FINISHED|DuplicateDetector
14:04:27.0 (85949050)|CODE_UNIT_FINISHED|TRIGGERS
14:04:27.0 (85964465)|EXECUTION_FINISHED
