36.0 APEX_CODE,FINEST;APEX_PROFILING,INFO;CALLOUT,INFO;DB,INFO;SYSTEM,DEBUG;VALIDATION,INFO;VISUALFORCE,INFO;WAVE,INFO;WORKFLOW,INFO
08:35:08.0 (840845)|USER_INFO|[EXTERNAL]|0051r000007Oz5Q|lydia.abril@gmail.com|hora estándar de Europa central|GMT+02:00
08:35:08.0 (898092)|EXECUTION_STARTED
08:35:08.0 (903696)|CODE_UNIT_STARTED|[EXTERNAL]|01p1r000007Wj26|TestVerifyDate.testDateWithin30Days
08:35:08.0 (1685508)|HEAP_ALLOCATE|[72]|Bytes:3
08:35:08.0 (1740866)|HEAP_ALLOCATE|[77]|Bytes:152
08:35:08.0 (1755571)|HEAP_ALLOCATE|[342]|Bytes:408
08:35:08.0 (1770609)|HEAP_ALLOCATE|[355]|Bytes:408
08:35:08.0 (1784444)|HEAP_ALLOCATE|[467]|Bytes:48
08:35:08.0 (1812186)|HEAP_ALLOCATE|[139]|Bytes:6
08:35:08.0 (1826647)|HEAP_ALLOCATE|[EXTERNAL]|Bytes:19
08:35:08.0 (1872510)|METHOD_ENTRY|[2]|01p1r000007Wj26|TestVerifyDate.TestVerifyDate()
08:35:08.0 (1882194)|STATEMENT_EXECUTE|[2]
08:35:08.0 (1887735)|STATEMENT_EXECUTE|[2]
08:35:08.0 (1901777)|METHOD_EXIT|[2]|TestVerifyDate
08:35:08.0 (1978657)|HEAP_ALLOCATE|[50]|Bytes:5
08:35:08.0 (1997364)|HEAP_ALLOCATE|[56]|Bytes:5
08:35:08.0 (2006802)|HEAP_ALLOCATE|[64]|Bytes:7
08:35:08.0 (2048431)|STATEMENT_EXECUTE|[4]
08:35:08.0 (2050792)|STATEMENT_EXECUTE|[5]
08:35:08.0 (2115851)|HEAP_ALLOCATE|[5]|Bytes:4
08:35:08.0 (2135289)|VARIABLE_SCOPE_BEGIN|[5]|d1|Date|false|false
08:35:08.0 (2175766)|VARIABLE_ASSIGNMENT|[5]|d1|"2018-01-21T00:00:00.000Z"
08:35:08.0 (2182544)|STATEMENT_EXECUTE|[6]
08:35:08.0 (2206849)|HEAP_ALLOCATE|[6]|Bytes:4
08:35:08.0 (2217784)|VARIABLE_SCOPE_BEGIN|[6]|d2|Date|false|false
08:35:08.0 (2232580)|VARIABLE_ASSIGNMENT|[6]|d2|"2018-01-22T00:00:00.000Z"
08:35:08.0 (2238089)|STATEMENT_EXECUTE|[7]
08:35:08.0 (5365076)|HEAP_ALLOCATE|[7]|Bytes:7
08:35:08.0 (5385535)|METHOD_ENTRY|[1]|01p1r000007Wixt|VerifyDate.VerifyDate()
08:35:08.0 (5392669)|STATEMENT_EXECUTE|[1]
08:35:08.0 (5397860)|STATEMENT_EXECUTE|[1]
08:35:08.0 (5403654)|METHOD_EXIT|[1]|VerifyDate
08:35:08.0 (5436956)|METHOD_ENTRY|[7]|01p1r000007Wixt|VerifyDate.CheckDates(Date, Date)
08:35:08.0 (5461627)|VARIABLE_SCOPE_BEGIN|[4]|date1|Date|false|false
08:35:08.0 (5480793)|VARIABLE_ASSIGNMENT|[4]|date1|"2018-01-21T00:00:00.000Z"
08:35:08.0 (5489363)|VARIABLE_SCOPE_BEGIN|[4]|date2|Date|false|false
08:35:08.0 (5498762)|VARIABLE_ASSIGNMENT|[4]|date2|"2018-01-22T00:00:00.000Z"
08:35:08.0 (5511220)|STATEMENT_EXECUTE|[4]
08:35:08.0 (5526961)|METHOD_ENTRY|[6]|01p1r000007Wixt|VerifyDate.DateWithin30Days(Date, Date)
08:35:08.0 (5555885)|VARIABLE_SCOPE_BEGIN|[14]|date1|Date|false|false
08:35:08.0 (5567302)|VARIABLE_ASSIGNMENT|[14]|date1|"2018-01-21T00:00:00.000Z"
08:35:08.0 (5574390)|VARIABLE_SCOPE_BEGIN|[14]|date2|Date|false|false
08:35:08.0 (5583698)|VARIABLE_ASSIGNMENT|[14]|date2|"2018-01-22T00:00:00.000Z"
08:35:08.0 (5591600)|STATEMENT_EXECUTE|[14]
08:35:08.0 (5626255)|STATEMENT_EXECUTE|[16]
08:35:08.0 (5628536)|STATEMENT_EXECUTE|[19]
08:35:08.0 (5650586)|HEAP_ALLOCATE|[19]|Bytes:4
08:35:08.0 (5662430)|VARIABLE_SCOPE_BEGIN|[19]|date30Days|Date|false|false
08:35:08.0 (5676685)|VARIABLE_ASSIGNMENT|[19]|date30Days|"2018-02-20T00:00:00.000Z"
08:35:08.0 (5699936)|STATEMENT_EXECUTE|[21]
08:35:08.0 (5702007)|STATEMENT_EXECUTE|[21]
08:35:08.0 (5706700)|METHOD_EXIT|[6]|01p1r000007Wixt|VerifyDate.DateWithin30Days(Date, Date)
08:35:08.0 (5713310)|STATEMENT_EXECUTE|[6]
08:35:08.0 (5715033)|STATEMENT_EXECUTE|[7]
08:35:08.0 (5718157)|METHOD_EXIT|[7]|01p1r000007Wixt|VerifyDate.CheckDates(Date, Date)
08:35:08.0 (5725426)|VARIABLE_SCOPE_BEGIN|[7]|fecha|Date|false|false
08:35:08.0 (5737878)|VARIABLE_ASSIGNMENT|[7]|fecha|"2018-01-22T00:00:00.000Z"
08:35:08.0 (5742595)|STATEMENT_EXECUTE|[8]
08:35:08.5 (5800142)|CUMULATIVE_LIMIT_USAGE
08:35:08.5 (5800142)|LIMIT_USAGE_FOR_NS|(default)|
  Number of SOQL queries: 0 out of 100
  Number of query rows: 0 out of 50000
  Number of SOSL queries: 0 out of 20
  Number of DML statements: 0 out of 150
  Number of DML rows: 0 out of 10000
  Maximum CPU time: 0 out of 10000
  Maximum heap size: 0 out of 6000000
  Number of callouts: 0 out of 100
  Number of Email Invocations: 0 out of 10
  Number of future calls: 0 out of 50
  Number of queueable jobs added to the queue: 0 out of 50
  Number of Mobile Apex push calls: 0 out of 10

08:35:08.5 (5800142)|CUMULATIVE_LIMIT_USAGE_END

08:35:08.0 (5836739)|CODE_UNIT_FINISHED|TestVerifyDate.testDateWithin30Days
08:35:08.0 (6600915)|EXECUTION_FINISHED
08:35:08.40 (40862555)|USER_INFO|[EXTERNAL]|0051r000007Oz5Q|lydia.abril@gmail.com|hora estándar de Europa central|GMT+02:00
08:35:08.40 (40880661)|EXECUTION_STARTED
08:35:08.40 (40884799)|CODE_UNIT_STARTED|[EXTERNAL]|01p1r000007Wj26|TestVerifyDate.testSetEndOfMonthDate
08:35:08.40 (40993868)|HEAP_ALLOCATE|[72]|Bytes:3
08:35:08.40 (41020972)|HEAP_ALLOCATE|[77]|Bytes:152
08:35:08.40 (41035037)|HEAP_ALLOCATE|[342]|Bytes:408
08:35:08.40 (41049991)|HEAP_ALLOCATE|[355]|Bytes:408
08:35:08.40 (41062972)|HEAP_ALLOCATE|[467]|Bytes:48
08:35:08.40 (41092270)|HEAP_ALLOCATE|[139]|Bytes:6
08:35:08.40 (41105656)|HEAP_ALLOCATE|[EXTERNAL]|Bytes:19
08:35:08.40 (41118716)|METHOD_ENTRY|[2]|01p1r000007Wj26|TestVerifyDate.TestVerifyDate()
08:35:08.40 (41127719)|STATEMENT_EXECUTE|[2]
08:35:08.40 (41134576)|STATEMENT_EXECUTE|[2]
08:35:08.40 (41139647)|METHOD_EXIT|[2]|TestVerifyDate
08:35:08.40 (41202411)|HEAP_ALLOCATE|[50]|Bytes:5
08:35:08.40 (41218631)|HEAP_ALLOCATE|[56]|Bytes:5
08:35:08.40 (41225803)|HEAP_ALLOCATE|[64]|Bytes:7
08:35:08.40 (41255155)|STATEMENT_EXECUTE|[11]
08:35:08.40 (41257424)|STATEMENT_EXECUTE|[12]
08:35:08.40 (41312669)|HEAP_ALLOCATE|[12]|Bytes:4
08:35:08.40 (41329269)|VARIABLE_SCOPE_BEGIN|[12]|d1|Date|false|false
08:35:08.40 (41366841)|VARIABLE_ASSIGNMENT|[12]|d1|"2018-01-21T00:00:00.000Z"
08:35:08.40 (41373655)|STATEMENT_EXECUTE|[13]
08:35:08.40 (41397555)|HEAP_ALLOCATE|[13]|Bytes:4
08:35:08.40 (41408222)|VARIABLE_SCOPE_BEGIN|[13]|d2|Date|false|false
08:35:08.40 (41422008)|VARIABLE_ASSIGNMENT|[13]|d2|"2018-01-20T00:00:00.000Z"
08:35:08.40 (41427366)|STATEMENT_EXECUTE|[14]
08:35:08.40 (41435738)|HEAP_ALLOCATE|[14]|Bytes:7
08:35:08.40 (41443917)|METHOD_ENTRY|[1]|01p1r000007Wixt|VerifyDate.VerifyDate()
08:35:08.40 (41450463)|STATEMENT_EXECUTE|[1]
08:35:08.40 (41455464)|STATEMENT_EXECUTE|[1]
08:35:08.40 (41460556)|METHOD_EXIT|[1]|VerifyDate
08:35:08.40 (41471545)|METHOD_ENTRY|[14]|01p1r000007Wixt|VerifyDate.CheckDates(Date, Date)
08:35:08.40 (41490595)|VARIABLE_SCOPE_BEGIN|[4]|date1|Date|false|false
08:35:08.40 (41511017)|VARIABLE_ASSIGNMENT|[4]|date1|"2018-01-21T00:00:00.000Z"
08:35:08.40 (41516344)|VARIABLE_SCOPE_BEGIN|[4]|date2|Date|false|false
08:35:08.40 (41525334)|VARIABLE_ASSIGNMENT|[4]|date2|"2018-01-20T00:00:00.000Z"
08:35:08.40 (41536249)|STATEMENT_EXECUTE|[4]
08:35:08.40 (41544703)|METHOD_ENTRY|[6]|01p1r000007Wixt|VerifyDate.DateWithin30Days(Date, Date)
08:35:08.40 (41551392)|VARIABLE_SCOPE_BEGIN|[14]|date1|Date|false|false
08:35:08.40 (41581926)|VARIABLE_ASSIGNMENT|[14]|date1|"2018-01-21T00:00:00.000Z"
08:35:08.40 (41589431)|VARIABLE_SCOPE_BEGIN|[14]|date2|Date|false|false
08:35:08.40 (41603283)|VARIABLE_ASSIGNMENT|[14]|date2|"2018-01-20T00:00:00.000Z"
08:35:08.40 (41613048)|STATEMENT_EXECUTE|[14]
08:35:08.40 (41632696)|STATEMENT_EXECUTE|[16]
08:35:08.40 (41635456)|STATEMENT_EXECUTE|[16]
08:35:08.40 (41640021)|METHOD_EXIT|[6]|01p1r000007Wixt|VerifyDate.DateWithin30Days(Date, Date)
08:35:08.40 (41645705)|STATEMENT_EXECUTE|[8]
08:35:08.40 (41647485)|STATEMENT_EXECUTE|[9]
08:35:08.40 (41661163)|METHOD_ENTRY|[9]|01p1r000007Wixt|VerifyDate.SetEndOfMonthDate(Date)
08:35:08.40 (41682133)|VARIABLE_SCOPE_BEGIN|[25]|date1|Date|false|false
08:35:08.40 (41693392)|VARIABLE_ASSIGNMENT|[25]|date1|"2018-01-21T00:00:00.000Z"
08:35:08.40 (41702170)|STATEMENT_EXECUTE|[25]
08:35:08.40 (41704142)|STATEMENT_EXECUTE|[26]
08:35:08.40 (41761228)|VARIABLE_SCOPE_BEGIN|[26]|totalDays|Integer|false|false
08:35:08.40 (41771145)|HEAP_ALLOCATE|[26]|Bytes:4
08:35:08.40 (41779391)|VARIABLE_ASSIGNMENT|[26]|totalDays|31
08:35:08.40 (41784593)|STATEMENT_EXECUTE|[27]
08:35:08.40 (41812404)|HEAP_ALLOCATE|[27]|Bytes:4
08:35:08.40 (41823246)|VARIABLE_SCOPE_BEGIN|[27]|lastDay|Date|false|false
08:35:08.40 (41836259)|VARIABLE_ASSIGNMENT|[27]|lastDay|"2018-01-31T00:00:00.000Z"
08:35:08.40 (41841251)|STATEMENT_EXECUTE|[28]
08:35:08.40 (41846044)|METHOD_EXIT|[9]|01p1r000007Wixt|VerifyDate.SetEndOfMonthDate(Date)
08:35:08.40 (41852585)|METHOD_EXIT|[14]|01p1r000007Wixt|VerifyDate.CheckDates(Date, Date)
08:35:08.40 (41859717)|VARIABLE_SCOPE_BEGIN|[14]|fecha|Date|false|false
08:35:08.40 (41871091)|VARIABLE_ASSIGNMENT|[14]|fecha|"2018-01-31T00:00:00.000Z"
08:35:08.40 (41875783)|STATEMENT_EXECUTE|[15]
08:35:08.40 (41896974)|HEAP_ALLOCATE|[15]|Bytes:4
08:35:08.41 (41929582)|CUMULATIVE_LIMIT_USAGE
08:35:08.41 (41929582)|LIMIT_USAGE_FOR_NS|(default)|
  Number of SOQL queries: 0 out of 100
  Number of query rows: 0 out of 50000
  Number of SOSL queries: 0 out of 20
  Number of DML statements: 0 out of 150
  Number of DML rows: 0 out of 10000
  Maximum CPU time: 0 out of 10000
  Maximum heap size: 0 out of 6000000
  Number of callouts: 0 out of 100
  Number of Email Invocations: 0 out of 10
  Number of future calls: 0 out of 50
  Number of queueable jobs added to the queue: 0 out of 50
  Number of Mobile Apex push calls: 0 out of 10

08:35:08.41 (41929582)|CUMULATIVE_LIMIT_USAGE_END

08:35:08.40 (41961642)|CODE_UNIT_FINISHED|TestVerifyDate.testSetEndOfMonthDate
08:35:08.40 (42716841)|EXECUTION_FINISHED
