42.0 APEX_CODE,FINEST;APEX_PROFILING,INFO;CALLOUT,INFO;DB,INFO;SYSTEM,DEBUG;VALIDATION,INFO;VISUALFORCE,INFO;WAVE,INFO;WORKFLOW,INFO
16:27:54.0 (384410)|USER_INFO|[EXTERNAL]|0051r000007Oz5Q|lydia.abril@gmail.com|hora estándar de Europa central|GMT+02:00
16:27:54.0 (416616)|EXECUTION_STARTED
16:27:54.0 (419158)|CODE_UNIT_STARTED|[EXTERNAL]|Validation:Tarjeta_de_cr_dito:a031r00000Rt0Er
16:27:54.0 (426654)|VALIDATION_RULE|03d1r000000i476|ValidarAno
16:27:54.0 (645120)|VALIDATION_FORMULA|(A_o_caducidad__c<YEAR(TODAY())) &#124;&#124; 
(A_o_caducidad__c>YEAR(TODAY())+5)|A_o_caducidad__c=2020
16:27:54.0 (653650)|VALIDATION_PASS
16:27:54.0 (655044)|VALIDATION_RULE|03d1r000000i47B|ValidarFecha
16:27:54.0 (748619)|VALIDATION_FORMULA|Mes_de_caducidad__c <   MONTH(TODAY()) && 
A_o_caducidad__c <= YEAR(TODAY())|A_o_caducidad__c=2020 , Mes_de_caducidad__c=12
16:27:54.0 (753490)|VALIDATION_PASS
16:27:54.0 (754466)|VALIDATION_RULE|03d1r000000i46X|ValidarMes
16:27:54.0 (823102)|VALIDATION_FORMULA|(Mes_de_caducidad__c  < 1)  &#124;&#124;  (Mes_de_caducidad__c  > 12)|Mes_de_caducidad__c=12
16:27:54.0 (828928)|VALIDATION_PASS
16:27:54.0 (866803)|CODE_UNIT_FINISHED|Validation:Tarjeta_de_cr_dito:a031r00000Rt0Er
16:27:54.0 (872407)|EXECUTION_FINISHED
16:27:54.66 (66928014)|USER_INFO|[EXTERNAL]|0051r000007Oz5Q|lydia.abril@gmail.com|hora estándar de Europa central|GMT+02:00
16:27:54.66 (66950448)|EXECUTION_STARTED
16:27:54.66 (66954043)|CODE_UNIT_STARTED|[EXTERNAL]|01q1r000000j7QT|TarjetaTrigger on Tarjeta_de_cr_dito trigger event AfterUpdate
16:27:54.66 (66986677)|HEAP_ALLOCATE|[EXTERNAL]|Bytes:8
16:27:54.66 (67013783)|HEAP_ALLOCATE|[EXTERNAL]|Bytes:8
16:27:54.66 (67400318)|HEAP_ALLOCATE|[72]|Bytes:3
16:27:54.66 (67455620)|HEAP_ALLOCATE|[77]|Bytes:152
16:27:54.66 (67472591)|HEAP_ALLOCATE|[342]|Bytes:408
16:27:54.66 (67485342)|HEAP_ALLOCATE|[355]|Bytes:408
16:27:54.66 (67496657)|HEAP_ALLOCATE|[467]|Bytes:48
16:27:54.66 (67553471)|HEAP_ALLOCATE|[139]|Bytes:6
16:27:54.66 (67656386)|HEAP_ALLOCATE|[EXTERNAL]|Bytes:8
16:27:54.66 (67679003)|VARIABLE_SCOPE_BEGIN|[1]|this|TarjetaTrigger|true|false
16:27:54.66 (67872947)|VARIABLE_ASSIGNMENT|[1]|this|{}|0x3532e0d6
16:27:54.66 (67936363)|HEAP_ALLOCATE|[EXTERNAL]|Bytes:8
16:27:54.66 (67977438)|VARIABLE_SCOPE_BEGIN|[1]|this|TarjetaTrigger|true|false
16:27:54.66 (67993749)|VARIABLE_ASSIGNMENT|[1]|this|{}|0x3532e0d6
16:27:54.66 (68003843)|STATEMENT_EXECUTE|[1]
16:27:54.66 (68006923)|STATEMENT_EXECUTE|[3]
16:27:54.66 (68039218)|HEAP_ALLOCATE|[50]|Bytes:5
16:27:54.66 (68061287)|HEAP_ALLOCATE|[56]|Bytes:5
16:27:54.66 (68070178)|HEAP_ALLOCATE|[64]|Bytes:7
16:27:54.66 (68366783)|VARIABLE_ASSIGNMENT|[3]|this.listNew|[{"LastModifiedDate":"2018-04-11T14:27:54.000Z","Tipo_de_tarjeta__c":"Visa","A_o_caducidad__c":2020,"IsDeleted":false,"Name":"bbbbb","SystemModstamp":"2018-04-11T14:27:54.000Z","Contacto__c":"0031r000024PVVcAAO","OwnerId":"0051r00000894UtAAI","CreatedById":"0051r000007Oz5QAAS","CreatedDate":"2018-04-11T13:51:53.000Z","Mes_de_caducidad__c":12,"Id":"a031r00000Rt0ErAAJ","LastModifiedById":"0051r000007Oz5QAAS","Tarjeta__c":"Debito","N_tarjeta__c":"2222222222222222"}]|0x3532e0d6
16:27:54.66 (68391090)|STATEMENT_EXECUTE|[5]
16:27:54.66 (68398867)|STATEMENT_EXECUTE|[6]
16:27:54.66 (68400630)|STATEMENT_EXECUTE|[7]
16:27:54.66 (72686801)|HEAP_ALLOCATE|[7]|Bytes:1
16:27:54.66 (72697806)|HEAP_ALLOCATE|[7]|Bytes:11
16:27:54.66 (72731327)|METHOD_ENTRY|[1]|01p1r000009oldq|TarjetaMethods.TarjetaMethods()
16:27:54.66 (72739238)|STATEMENT_EXECUTE|[1]
16:27:54.66 (72745019)|STATEMENT_EXECUTE|[1]
16:27:54.66 (73179225)|SYSTEM_MODE_ENTER|false
16:27:54.66 (73195859)|HEAP_ALLOCATE|[7]|Bytes:5
16:27:54.66 (73206314)|SYSTEM_MODE_EXIT|false
16:27:54.66 (73229596)|METHOD_EXIT|[1]|TarjetaMethods
16:27:54.66 (73255343)|METHOD_ENTRY|[7]|01p1r000009oldq|TarjetaMethods.CrearOportunidad(List<Tarjeta_de_cr_dito__c>)
16:27:54.66 (73288161)|VARIABLE_SCOPE_BEGIN|[3]|listTarjetas|List<Tarjeta_de_cr_dito__c>|true|false
16:27:54.66 (73390639)|VARIABLE_ASSIGNMENT|[3]|listTarjetas|[{"LastModifiedDate":"2018-04-11T14:27:54.000Z","Tipo_de_tarjeta__c":"Visa","A_o_caducidad__c":2020,"IsDeleted":false,"Name":"bbbbb","SystemModstamp":"2018-04-11T14:27:54.000Z","Contacto__c":"0031r000024PVVcAAO","OwnerId":"0051r00000894UtAAI","CreatedById":"0051r000007Oz5QAAS","CreatedDate":"2018-04-11T13:51:53.000Z","Mes_de_caducidad__c":12,"Id":"a031r00000Rt0ErAAJ","LastModifiedById":"0051r000007Oz5QAAS","Tarjeta__c":"Debito","N_tarjeta__c":"2222222222222222"}]|0x6deb7280
16:27:54.66 (73414822)|SYSTEM_MODE_ENTER|false
16:27:54.66 (73422225)|HEAP_ALLOCATE|[5]|Bytes:5
16:27:54.66 (73428285)|STATEMENT_EXECUTE|[3]
16:27:54.66 (73503264)|STATEMENT_EXECUTE|[5]
16:27:54.66 (73633195)|HEAP_ALLOCATE|[7]|Bytes:5
16:27:54.66 (73666723)|VARIABLE_SCOPE_BEGIN|[7]|inTarjeta|Tarjeta_de_cr_dito__c|true|false
16:27:54.66 (73776786)|VARIABLE_ASSIGNMENT|[7]|inTarjeta|{"LastModifiedDate":"2018-04-11T14:27:54.000Z","Tipo_de_tarjeta__c":"Visa","A_o_caducidad__c":2020,"IsDeleted":false,"Name":"bbbbb","SystemModstamp":"2018-04-11T14:27:54.000Z","Contacto__c":"0031r000024PVVcAAO","OwnerId":"0051r00000894UtAAI","CreatedById":"0051r000007Oz5QAAS","CreatedDate":"2018-04-11T13:51:53.000Z","Mes_de_caducidad__c":12,"Id":"a031r00000Rt0ErAAJ","LastModifiedById":"0051r000007Oz5QAAS","Tarjeta__c":"Debito","N_tarjeta__c":"2222222222222222"}|0x2dd1ec4d
16:27:54.66 (73790594)|STATEMENT_EXECUTE|[7]
16:27:54.66 (73792583)|STATEMENT_EXECUTE|[9]
16:27:54.66 (73796343)|HEAP_ALLOCATE|[9]|Bytes:51
16:27:54.66 (73815135)|HEAP_ALLOCATE|[9]|Bytes:4
16:27:54.66 (73993985)|SOQL_EXECUTE_BEGIN|[9]|Aggregations:0|SELECT Alias FROM User WHERE Alias = 'test' LIMIT 1
16:27:54.66 (78015903)|SOQL_EXECUTE_END|[9]|Rows:1
16:27:54.66 (78036906)|HEAP_ALLOCATE|[9]|Bytes:8
16:27:54.66 (78049561)|HEAP_ALLOCATE|[9]|Bytes:42
16:27:54.66 (78098855)|HEAP_ALLOCATE|[9]|Bytes:8
16:27:54.66 (78109553)|HEAP_ALLOCATE|[9]|Bytes:30
16:27:54.66 (78135284)|HEAP_ALLOCATE|[9]|Bytes:12
16:27:54.66 (78141882)|VARIABLE_SCOPE_BEGIN|[9]|userAborda|User|true|false
16:27:54.66 (78160994)|VARIABLE_ASSIGNMENT|[9]|userAborda|{"Alias":"test","Id":"0051r00000894UtAAI"}|0x23745437
16:27:54.66 (78168290)|STATEMENT_EXECUTE|[11]
16:27:54.66 (78171713)|HEAP_ALLOCATE|[11]|Bytes:46
16:27:54.66 (78240849)|HEAP_ALLOCATE|[11]|Bytes:40
16:27:54.66 (78261517)|HEAP_ALLOCATE|[11]|Bytes:86
16:27:54.66 (78285102)|USER_DEBUG|[11]|DEBUG|TarjetaMethods.CrearOportunidad :: userAborda User:{Alias=test, Id=0051r00000894UtAAI}
16:27:54.66 (78348603)|STATEMENT_EXECUTE|[14]
16:27:54.66 (78351204)|STATEMENT_EXECUTE|[16]
16:27:54.66 (78354337)|HEAP_ALLOCATE|[16]|Bytes:67
16:27:54.66 (78366979)|HEAP_ALLOCATE|[16]|Bytes:4
16:27:54.66 (78373806)|HEAP_ALLOCATE|[16]|Bytes:7
16:27:54.66 (78561953)|SOQL_EXECUTE_BEGIN|[16]|Aggregations:0|SELECT Name, Premium__c, AccountId FROM Contact WHERE Id = :tmpVar1
16:27:54.66 (80506490)|SOQL_EXECUTE_END|[16]|Rows:1
16:27:54.66 (80526754)|HEAP_ALLOCATE|[16]|Bytes:8
16:27:54.66 (80540143)|HEAP_ALLOCATE|[16]|Bytes:94
16:27:54.66 (80588153)|HEAP_ALLOCATE|[16]|Bytes:8
16:27:54.66 (80601570)|HEAP_ALLOCATE|[16]|Bytes:33
16:27:54.66 (80625364)|HEAP_ALLOCATE|[16]|Bytes:20
16:27:54.66 (80632006)|VARIABLE_SCOPE_BEGIN|[16]|oContacto|Contact|true|false
16:27:54.66 (80650863)|VARIABLE_ASSIGNMENT|[16]|oContacto|{"Name":"Tim Barr","Premium__c":true,"AccountId":"0011r00001mvH7mAAE","Id":"0031r000024PVVcAAO"}|0x37d004b2
16:27:54.66 (80658756)|STATEMENT_EXECUTE|[18]
16:27:54.66 (80661994)|HEAP_ALLOCATE|[18]|Bytes:45
16:27:54.66 (80723949)|HEAP_ALLOCATE|[18]|Bytes:93
16:27:54.66 (80740128)|HEAP_ALLOCATE|[18]|Bytes:138
16:27:54.66 (80751041)|USER_DEBUG|[18]|DEBUG|TarjetaMethods.CrearOportunidad :: oContacto Contact:{Name=Tim Barr, Premium__c=true, AccountId=0011r00001mvH7mAAE, Id=0031r000024PVVcAAO}
16:27:54.66 (80774709)|STATEMENT_EXECUTE|[21]
16:27:54.66 (80776890)|STATEMENT_EXECUTE|[23]
16:27:54.66 (80803891)|HEAP_ALLOCATE|[23]|Bytes:4
16:27:54.66 (80902160)|VARIABLE_ASSIGNMENT|[23]|this.Name|"Tim Barr"|0x556eb698
16:27:54.66 (80933799)|HEAP_ALLOCATE|[24]|Bytes:8
16:27:54.66 (80948506)|HEAP_ALLOCATE|[24]|Bytes:8
16:27:54.66 (80990580)|HEAP_ALLOCATE|[24]|Bytes:4
16:27:54.66 (81024691)|VARIABLE_ASSIGNMENT|[23]|this.CloseDate|"2020-01-12T00:00:00.000Z"|0x556eb698
16:27:54.66 (81033614)|HEAP_ALLOCATE|[25]|Bytes:11
16:27:54.66 (81050906)|VARIABLE_ASSIGNMENT|[23]|this.StageName|"No iniciado"|0x556eb698
16:27:54.66 (81081846)|VARIABLE_ASSIGNMENT|[23]|this.AccountId|"0011r00001mvH7mAAE"|0x556eb698
16:27:54.66 (81110565)|VARIABLE_SCOPE_BEGIN|[23]|oOpportunity|Opportunity|true|false
16:27:54.66 (81131085)|VARIABLE_ASSIGNMENT|[23]|oOpportunity|{"Name":"Tim Barr","CloseDate":"2020-01-12T00:00:00.000Z","StageName":"No iniciado","AccountId":"0011r00001mvH7mAAE"}|0x556eb698
16:27:54.66 (81138743)|STATEMENT_EXECUTE|[29]
16:27:54.66 (81142228)|HEAP_ALLOCATE|[29]|Bytes:48
16:27:54.66 (81193528)|HEAP_ALLOCATE|[29]|Bytes:111
16:27:54.66 (81207943)|HEAP_ALLOCATE|[29]|Bytes:159
16:27:54.66 (81218020)|USER_DEBUG|[29]|DEBUG|TarjetaMethods.CrearOportunidad :: oOpportunity Opportunity:{Name=Tim Barr, CloseDate=2020-01-12 00:00:00, StageName=No iniciado, AccountId=0011r00001mvH7mAAE}
16:27:54.66 (81227095)|STATEMENT_EXECUTE|[31]
16:27:54.66 (81239699)|HEAP_ALLOCATE|[31]|Bytes:8
16:27:54.66 (81252838)|DML_BEGIN|[31]|Op:Insert|Type:Opportunity|Rows:1
16:27:54.66 (81280374)|HEAP_ALLOCATE|[EXTERNAL]|Bytes:8
16:27:54.66 (130477449)|CODE_UNIT_STARTED|[EXTERNAL]|01q1r000000Bcgl|ClosedOpportunityTrigger on Opportunity trigger event AfterInsert
16:27:54.66 (130523114)|HEAP_ALLOCATE|[EXTERNAL]|Bytes:8
16:27:54.66 (130688974)|HEAP_ALLOCATE|[EXTERNAL]|Bytes:8
16:27:54.66 (130703090)|VARIABLE_SCOPE_BEGIN|[1]|this|ClosedOpportunityTrigger|true|false
16:27:54.66 (130759632)|VARIABLE_ASSIGNMENT|[1]|this|{}|0x311458ca
16:27:54.66 (130819157)|HEAP_ALLOCATE|[EXTERNAL]|Bytes:8
16:27:54.66 (130827852)|VARIABLE_SCOPE_BEGIN|[1]|this|ClosedOpportunityTrigger|true|false
16:27:54.66 (130841763)|VARIABLE_ASSIGNMENT|[1]|this|{}|0x311458ca
16:27:54.66 (130851885)|STATEMENT_EXECUTE|[1]
16:27:54.66 (130854319)|STATEMENT_EXECUTE|[3]
16:27:54.66 (130885349)|HEAP_ALLOCATE|[3]|Bytes:4
16:27:54.66 (130968761)|HEAP_ALLOCATE|[EXTERNAL]|Bytes:4
16:27:54.66 (130982274)|VARIABLE_ASSIGNMENT|[3]|this.taskList|[]|0x311458ca
16:27:54.66 (130992056)|HEAP_ALLOCATE|[5]|Bytes:89
16:27:54.66 (131004297)|HEAP_ALLOCATE|[5]|Bytes:4
16:27:54.66 (131326504)|SOQL_EXECUTE_BEGIN|[5]|Aggregations:0|SELECT Id, StageName FROM Opportunity 
16:27:54.66 (135043081)|SOQL_EXECUTE_END|[5]|Rows:0
16:27:54.66 (135206325)|HEAP_ALLOCATE|[5]|Bytes:54
16:27:54.66 (135217068)|HEAP_ALLOCATE|[5]|Bytes:8
16:27:54.66 (135245985)|SYSTEM_METHOD_ENTRY|[7]|QueryLocatorIterator.QueryLocatorIterator()
16:27:54.66 (135252216)|STATEMENT_EXECUTE|[7]
16:27:54.66 (135261762)|SYSTEM_METHOD_EXIT|[7]|QueryLocatorIterator
16:27:54.66 (135274225)|HEAP_ALLOCATE|[5]|Bytes:28
16:27:54.66 (135289499)|HEAP_ALLOCATE|[5]|Bytes:8
16:27:54.66 (135293684)|HEAP_ALLOCATE|[5]|Bytes:8
16:27:54.66 (135298363)|VARIABLE_SCOPE_BEGIN|[15]|this|Database.QueryLocatorIterator|true|false
16:27:54.66 (135322150)|VARIABLE_ASSIGNMENT|[15]|this|{}|0xa808b7a
16:27:54.66 (135329454)|VARIABLE_SCOPE_BEGIN|[15]|values|List<SObject>|true|false
16:27:54.66 (135338501)|VARIABLE_ASSIGNMENT|[15]|values|null|
16:27:54.66 (135342922)|VARIABLE_SCOPE_BEGIN|[15]|ql|Database.QueryLocator|true|false
16:27:54.66 (135364600)|VARIABLE_ASSIGNMENT|[15]|ql|{"query":"SELECT Id, StageName (69 more) ..."}|0x2e527fc
16:27:54.66 (135370150)|VARIABLE_SCOPE_BEGIN|[15]|totalNumRecords|Integer|false|false
16:27:54.66 (135377642)|VARIABLE_ASSIGNMENT|[15]|totalNumRecords|0
16:27:54.66 (135381813)|VARIABLE_SCOPE_BEGIN|[15]|queryMoreSize|Integer|false|false
16:27:54.66 (135388746)|VARIABLE_ASSIGNMENT|[15]|queryMoreSize|49998
16:27:54.66 (135475930)|HEAP_ALLOCATE|[5]|Bytes:28
16:27:54.66 (135496235)|METHOD_ENTRY|[5]||Database.QueryLocatorIterator.hasNext()
16:27:54.66 (135515076)|METHOD_EXIT|[5]||Database.QueryLocatorIterator.hasNext()
16:27:54.66 (135524593)|VARIABLE_ASSIGNMENT|[5]|opp|null|
16:27:54.66 (135531238)|STATEMENT_EXECUTE|[5]
16:27:54.66 (135571851)|STATEMENT_EXECUTE|[12]
16:27:54.135 (135577593)|CUMULATIVE_LIMIT_USAGE
16:27:54.135 (135577593)|LIMIT_USAGE_FOR_NS|(default)|
  Number of SOQL queries: 3 out of 100
  Number of query rows: 2 out of 50000
  Number of SOSL queries: 0 out of 20
  Number of DML statements: 1 out of 150
  Number of DML rows: 1 out of 10000
  Maximum CPU time: 0 out of 10000
  Maximum heap size: 0 out of 6000000
  Number of callouts: 0 out of 100
  Number of Email Invocations: 0 out of 10
  Number of future calls: 0 out of 50
  Number of queueable jobs added to the queue: 0 out of 50
  Number of Mobile Apex push calls: 0 out of 10

16:27:54.135 (135577593)|CUMULATIVE_LIMIT_USAGE_END

16:27:54.66 (136622601)|CODE_UNIT_FINISHED|ClosedOpportunityTrigger on Opportunity trigger event AfterInsert
16:27:54.66 (139068743)|DML_END|[31]
16:27:54.66 (139085761)|STATEMENT_EXECUTE|[33]
16:27:54.66 (139095004)|HEAP_ALLOCATE|[33]|Bytes:81
16:27:54.66 (139119286)|HEAP_ALLOCATE|[33]|Bytes:4
16:27:54.66 (139350885)|SOQL_EXECUTE_BEGIN|[33]|Aggregations:0|SELECT Name, CloseDate, StageName, AccountId FROM Opportunity WHERE Id = :tmpVar1
16:27:54.66 (147184317)|SOQL_EXECUTE_END|[33]|Rows:1
16:27:54.66 (147210490)|HEAP_ALLOCATE|[33]|Bytes:8
16:27:54.66 (147233294)|HEAP_ALLOCATE|[33]|Bytes:117
16:27:54.66 (147271025)|HEAP_ALLOCATE|[33]|Bytes:8
16:27:54.66 (147284030)|HEAP_ALLOCATE|[33]|Bytes:37
16:27:54.66 (147331006)|HEAP_ALLOCATE|[33]|Bytes:24
16:27:54.66 (147339861)|VARIABLE_SCOPE_BEGIN|[33]|oOpportunity2|Opportunity|true|false
16:27:54.66 (147390783)|VARIABLE_ASSIGNMENT|[33]|oOpportunity2|{"Name":"Tim Barr","CloseDate":"2020-01-12T00:00:00.000Z","StageName":"No iniciado","AccountId":"0011r00001mvH7mAAE","Id":"0061r00000vjlr0AAA"}|0x5e51fae1
16:27:54.66 (147401384)|STATEMENT_EXECUTE|[35]
16:27:54.66 (147405555)|HEAP_ALLOCATE|[35]|Bytes:49
16:27:54.66 (147496967)|HEAP_ALLOCATE|[35]|Bytes:134
16:27:54.66 (147516565)|HEAP_ALLOCATE|[35]|Bytes:183
16:27:54.66 (147532586)|USER_DEBUG|[35]|DEBUG|TarjetaMethods.CrearOportunidad :: oOpportunity2 Opportunity:{Name=Tim Barr, CloseDate=2020-01-12 00:00:00, StageName=No iniciado, AccountId=0011r00001mvH7mAAE, Id=0061r00000vjlr0AAA}
16:27:54.66 (147554362)|HEAP_ALLOCATE|[7]|Bytes:5
16:27:54.66 (147569149)|VARIABLE_ASSIGNMENT|[7]|inTarjeta|null|
16:27:54.66 (147578251)|SYSTEM_MODE_EXIT|false
16:27:54.66 (147589599)|METHOD_EXIT|[7]|01p1r000009oldq|TarjetaMethods.CrearOportunidad(List<Tarjeta_de_cr_dito__c>)
16:27:54.147 (147599684)|CUMULATIVE_LIMIT_USAGE
16:27:54.147 (147599684)|LIMIT_USAGE_FOR_NS|(default)|
  Number of SOQL queries: 4 out of 100
  Number of query rows: 3 out of 50000
  Number of SOSL queries: 0 out of 20
  Number of DML statements: 1 out of 150
  Number of DML rows: 1 out of 10000
  Maximum CPU time: 0 out of 10000
  Maximum heap size: 0 out of 6000000
  Number of callouts: 0 out of 100
  Number of Email Invocations: 0 out of 10
  Number of future calls: 0 out of 50
  Number of queueable jobs added to the queue: 0 out of 50
  Number of Mobile Apex push calls: 0 out of 10

16:27:54.147 (147599684)|CUMULATIVE_LIMIT_USAGE_END

16:27:54.66 (148761314)|CODE_UNIT_FINISHED|TarjetaTrigger on Tarjeta_de_cr_dito trigger event AfterUpdate
16:27:54.66 (149658972)|EXECUTION_FINISHED
