36.0 APEX_CODE,FINEST;APEX_PROFILING,INFO;CALLOUT,INFO;DB,INFO;SYSTEM,DEBUG;VALIDATION,INFO;VISUALFORCE,INFO;WAVE,INFO;WORKFLOW,INFO
16:46:19.0 (720275)|USER_INFO|[EXTERNAL]|0051r000007Oz5Q|lydia.abril@gmail.com|hora estándar de Europa central|GMT+02:00
16:46:19.0 (762085)|EXECUTION_STARTED
16:46:19.0 (768475)|CODE_UNIT_STARTED|[EXTERNAL]|TRIGGERS
16:46:19.0 (808865)|CODE_UNIT_STARTED|[EXTERNAL]|01q1r000000j7QT|TarjetaTrigger on Tarjeta_de_cr_dito trigger event BeforeUpdate
16:46:19.0 (855134)|HEAP_ALLOCATE|[EXTERNAL]|Bytes:8
16:46:19.0 (905254)|HEAP_ALLOCATE|[EXTERNAL]|Bytes:8
16:46:19.0 (1407469)|HEAP_ALLOCATE|[72]|Bytes:3
16:46:19.0 (1480085)|HEAP_ALLOCATE|[77]|Bytes:152
16:46:19.0 (1498156)|HEAP_ALLOCATE|[342]|Bytes:408
16:46:19.0 (1514067)|HEAP_ALLOCATE|[355]|Bytes:408
16:46:19.0 (1528010)|HEAP_ALLOCATE|[467]|Bytes:48
16:46:19.0 (1557690)|HEAP_ALLOCATE|[139]|Bytes:6
16:46:19.0 (1703015)|HEAP_ALLOCATE|[EXTERNAL]|Bytes:8
16:46:19.0 (1739742)|VARIABLE_SCOPE_BEGIN|[1]|this|TarjetaTrigger|true|false
16:46:19.0 (1968223)|VARIABLE_ASSIGNMENT|[1]|this|{}|0x3ae3cd43
16:46:19.0 (2029819)|HEAP_ALLOCATE|[EXTERNAL]|Bytes:8
16:46:19.0 (2101690)|VARIABLE_SCOPE_BEGIN|[1]|this|TarjetaTrigger|true|false
16:46:19.0 (2117679)|VARIABLE_ASSIGNMENT|[1]|this|{}|0x3ae3cd43
16:46:19.0 (2128104)|STATEMENT_EXECUTE|[1]
16:46:19.0 (2130352)|STATEMENT_EXECUTE|[3]
16:46:19.0 (2160216)|HEAP_ALLOCATE|[50]|Bytes:5
16:46:19.0 (2186464)|HEAP_ALLOCATE|[56]|Bytes:5
16:46:19.0 (2196517)|HEAP_ALLOCATE|[64]|Bytes:7
16:46:19.0 (2612441)|VARIABLE_ASSIGNMENT|[3]|this.listNew|[{"LastModifiedDate":"2018-04-12T14:41:20.000Z","Tipo_de_tarjeta__c":"Visa Oro","A_o_caducidad__c":2020,"IsDeleted":false,"Name":"bbbbbbbbbb","SystemModstamp":"2018-04-12T14:41:20.000Z","Contacto__c":"0031r000024VT2vAAG","OwnerId":"0051r00000894UtAAI","CreatedById":"0051r000007Oz5QAAS","CreatedDate":"2018-04-11T13:51:53.000Z","Mes_de_caducidad__c":12,"Id":"a031r00000Rt0ErAAJ","LastModifiedById":"0051r000007Oz5QAAS","Tarjeta__c":"Crédito","N_tarjeta__c":"2222222222222222"}]|0x3ae3cd43
16:46:19.0 (2637227)|STATEMENT_EXECUTE|[5]
16:46:19.0 (2646753)|STATEMENT_EXECUTE|[6]
16:46:19.0 (2648723)|STATEMENT_EXECUTE|[7]
16:46:19.0 (7810965)|HEAP_ALLOCATE|[7]|Bytes:1
16:46:19.0 (7825038)|HEAP_ALLOCATE|[7]|Bytes:14
16:46:19.0 (7864161)|METHOD_ENTRY|[1]|01p1r000009oldq|TarjetaMethods.TarjetaMethods()
16:46:19.0 (7873765)|STATEMENT_EXECUTE|[1]
16:46:19.0 (7880671)|STATEMENT_EXECUTE|[1]
16:46:19.0 (8298083)|SYSTEM_MODE_ENTER|false
16:46:19.0 (8315871)|HEAP_ALLOCATE|[7]|Bytes:5
16:46:19.0 (8324296)|SYSTEM_MODE_EXIT|false
16:46:19.0 (8361125)|METHOD_EXIT|[1]|TarjetaMethods
16:46:19.0 (8411826)|METHOD_ENTRY|[7]|01p1r000009oldq|TarjetaMethods.CrearOportunidad(List<Tarjeta_de_cr_dito__c>)
16:46:19.0 (8462437)|VARIABLE_SCOPE_BEGIN|[3]|listTarjetas|List<Tarjeta_de_cr_dito__c>|true|false
16:46:19.0 (8679476)|VARIABLE_ASSIGNMENT|[3]|listTarjetas|[{"LastModifiedDate":"2018-04-12T14:41:20.000Z","Tipo_de_tarjeta__c":"Visa Oro","A_o_caducidad__c":2020,"IsDeleted":false,"Name":"bbbbbbbbbb","SystemModstamp":"2018-04-12T14:41:20.000Z","Contacto__c":"0031r000024VT2vAAG","OwnerId":"0051r00000894UtAAI","CreatedById":"0051r000007Oz5QAAS","CreatedDate":"2018-04-11T13:51:53.000Z","Mes_de_caducidad__c":12,"Id":"a031r00000Rt0ErAAJ","LastModifiedById":"0051r000007Oz5QAAS","Tarjeta__c":"Crédito","N_tarjeta__c":"2222222222222222"}]|0x7aa2d6a7
16:46:19.0 (8700163)|SYSTEM_MODE_ENTER|false
16:46:19.0 (8707654)|HEAP_ALLOCATE|[5]|Bytes:5
16:46:19.0 (8713363)|STATEMENT_EXECUTE|[3]
16:46:19.0 (8827287)|STATEMENT_EXECUTE|[5]
16:46:19.0 (8829964)|STATEMENT_EXECUTE|[7]
16:46:19.0 (8882630)|HEAP_ALLOCATE|[7]|Bytes:4
16:46:19.0 (8974617)|VARIABLE_SCOPE_BEGIN|[7]|listOpToInsert|List<Opportunity>|true|false
16:46:19.0 (8991805)|HEAP_ALLOCATE|[EXTERNAL]|Bytes:4
16:46:19.0 (9001730)|VARIABLE_ASSIGNMENT|[7]|listOpToInsert|[]|0x1596ab40
16:46:19.0 (9009001)|STATEMENT_EXECUTE|[9]
16:46:19.0 (9012804)|HEAP_ALLOCATE|[9]|Bytes:51
16:46:19.0 (9031300)|HEAP_ALLOCATE|[9]|Bytes:4
16:46:19.0 (9198305)|SOQL_EXECUTE_BEGIN|[9]|Aggregations:0|SELECT Alias FROM User WHERE Alias = 'test' LIMIT 1
16:46:19.0 (13772170)|SOQL_EXECUTE_END|[9]|Rows:1
16:46:19.0 (13796533)|HEAP_ALLOCATE|[9]|Bytes:8
16:46:19.0 (13812185)|HEAP_ALLOCATE|[9]|Bytes:42
16:46:19.0 (13866680)|HEAP_ALLOCATE|[9]|Bytes:8
16:46:19.0 (13879608)|HEAP_ALLOCATE|[9]|Bytes:30
16:46:19.0 (13917461)|HEAP_ALLOCATE|[9]|Bytes:12
16:46:19.0 (13926381)|VARIABLE_SCOPE_BEGIN|[9]|userAborda|User|true|false
16:46:19.0 (13951390)|VARIABLE_ASSIGNMENT|[9]|userAborda|{"Alias":"test","Id":"0051r00000894UtAAI"}|0x18ed7da8
16:46:19.0 (13960023)|STATEMENT_EXECUTE|[12]
16:46:19.0 (13970976)|HEAP_ALLOCATE|[12]|Bytes:4
16:46:19.0 (14009310)|VARIABLE_SCOPE_BEGIN|[12]|listContactIds|Set<String>|true|false
16:46:19.0 (14032324)|VARIABLE_ASSIGNMENT|[12]|listContactIds|[]|0x429aacd6
16:46:19.0 (14169964)|HEAP_ALLOCATE|[13]|Bytes:5
16:46:19.0 (14204498)|HEAP_ALLOCATE|[13]|Bytes:4
16:46:19.0 (14212985)|VARIABLE_SCOPE_BEGIN|[13]|inTarjeta|Tarjeta_de_cr_dito__c|true|false
16:46:19.0 (14407470)|VARIABLE_ASSIGNMENT|[13]|inTarjeta|{"LastModifiedDate":"2018-04-12T14:41:20.000Z","Tipo_de_tarjeta__c":"Visa Oro","A_o_caducidad__c":2020,"IsDeleted":false,"Name":"bbbbbbbbbb","SystemModstamp":"2018-04-12T14:41:20.000Z","Contacto__c":"0031r000024VT2vAAG","OwnerId":"0051r00000894UtAAI","CreatedById":"0051r000007Oz5QAAS","CreatedDate":"2018-04-11T13:51:53.000Z","Mes_de_caducidad__c":12,"Id":"a031r00000Rt0ErAAJ","LastModifiedById":"0051r000007Oz5QAAS","Tarjeta__c":"Crédito","N_tarjeta__c":"2222222222222222"}|0x103fdaf7
16:46:19.0 (14422206)|STATEMENT_EXECUTE|[13]
16:46:19.0 (14424337)|STATEMENT_EXECUTE|[14]
16:46:19.0 (14495018)|HEAP_ALLOCATE|[EXTERNAL]|Bytes:4
16:46:19.0 (14516169)|HEAP_ALLOCATE|[13]|Bytes:5
16:46:19.0 (14529774)|VARIABLE_ASSIGNMENT|[13]|inTarjeta|null|
16:46:19.0 (14535453)|STATEMENT_EXECUTE|[17]
16:46:19.0 (14539086)|HEAP_ALLOCATE|[17]|Bytes:50
16:46:19.0 (14588230)|HEAP_ALLOCATE|[17]|Bytes:20
16:46:19.0 (14604124)|HEAP_ALLOCATE|[17]|Bytes:70
16:46:19.0 (14625470)|USER_DEBUG|[17]|DEBUG|TarjetaMethods.CrearOportunidad :: listContactIds {0031r000024VT2vAAG}
16:46:19.0 (14634907)|STATEMENT_EXECUTE|[19]
16:46:19.0 (14693350)|HEAP_ALLOCATE|[19]|Bytes:4
16:46:19.0 (14702108)|HEAP_ALLOCATE|[19]|Bytes:71
16:46:19.0 (14709964)|HEAP_ALLOCATE|[19]|Bytes:4
16:46:19.0 (14716965)|HEAP_ALLOCATE|[19]|Bytes:7
16:46:19.0 (14745677)|HEAP_ALLOCATE|[19]|Bytes:8
16:46:19.0 (14754345)|HEAP_ALLOCATE|[19]|Bytes:8
16:46:19.0 (14940733)|SOQL_EXECUTE_BEGIN|[19]|Aggregations:0|SELECT Id, Premium__c, Name, AccountId FROM Contact WHERE id = :tmpVar1
16:46:19.0 (18080271)|SOQL_EXECUTE_END|[19]|Rows:1
16:46:19.0 (18101324)|HEAP_ALLOCATE|[19]|Bytes:8
16:46:19.0 (18114856)|HEAP_ALLOCATE|[19]|Bytes:65
16:46:19.0 (18154464)|HEAP_ALLOCATE|[19]|Bytes:8
16:46:19.0 (18186931)|HEAP_ALLOCATE|[19]|Bytes:16
16:46:19.0 (18199056)|HEAP_ALLOCATE|[19]|Bytes:18
16:46:19.0 (18209156)|VARIABLE_SCOPE_BEGIN|[19]|mapContact|Map<String,Contact>|true|false
16:46:19.0 (18235001)|VARIABLE_ASSIGNMENT|[19]|mapContact|{"0031r000024VT2vAAG":{"Id":"0031r000024VT2vAAG","Premium__c":false,"Name":"frrrr dfff"}}|0x54b69834
16:46:19.0 (18243574)|STATEMENT_EXECUTE|[21]
16:46:19.0 (18247683)|HEAP_ALLOCATE|[21]|Bytes:46
16:46:19.0 (18318845)|HEAP_ALLOCATE|[21]|Bytes:87
16:46:19.0 (18336895)|HEAP_ALLOCATE|[21]|Bytes:133
16:46:19.0 (18348567)|USER_DEBUG|[21]|DEBUG|TarjetaMethods.CrearOportunidad :: mapContact {0031r000024VT2vAAG=Contact:{Id=0031r000024VT2vAAG, Premium__c=false, Name=frrrr dfff}}
16:46:19.0 (18386366)|HEAP_ALLOCATE|[24]|Bytes:5
16:46:19.0 (18401846)|HEAP_ALLOCATE|[24]|Bytes:4
16:46:19.0 (18410680)|VARIABLE_SCOPE_BEGIN|[24]|inTarjeta|Tarjeta_de_cr_dito__c|true|false
16:46:19.0 (18673714)|VARIABLE_ASSIGNMENT|[24]|inTarjeta|{"LastModifiedDate":"2018-04-12T14:41:20.000Z","Tipo_de_tarjeta__c":"Visa Oro","A_o_caducidad__c":2020,"IsDeleted":false,"Name":"bbbbbbbbbb","SystemModstamp":"2018-04-12T14:41:20.000Z","Contacto__c":"0031r000024VT2vAAG","OwnerId":"0051r00000894UtAAI","CreatedById":"0051r000007Oz5QAAS","CreatedDate":"2018-04-11T13:51:53.000Z","Mes_de_caducidad__c":12,"Id":"a031r00000Rt0ErAAJ","LastModifiedById":"0051r000007Oz5QAAS","Tarjeta__c":"Crédito","N_tarjeta__c":"2222222222222222"}|0x103fdaf7
16:46:19.0 (18699553)|STATEMENT_EXECUTE|[24]
16:46:19.0 (18855002)|STATEMENT_EXECUTE|[25]
16:46:19.0 (18871213)|HEAP_ALLOCATE|[24]|Bytes:5
16:46:19.0 (18891182)|VARIABLE_ASSIGNMENT|[24]|inTarjeta|null|
16:46:19.0 (18897817)|STATEMENT_EXECUTE|[74]
16:46:19.0 (18976461)|HEAP_ALLOCATE|[EXTERNAL]|Bytes:4
16:46:19.0 (18985739)|STATEMENT_EXECUTE|[75]
16:46:19.0 (18990745)|HEAP_ALLOCATE|[75]|Bytes:50
16:46:19.0 (19022824)|HEAP_ALLOCATE|[75]|Bytes:2
16:46:19.0 (19037602)|HEAP_ALLOCATE|[75]|Bytes:52
16:46:19.0 (19047756)|USER_DEBUG|[75]|DEBUG|TarjetaMethods.CrearOportunidad :: listOpToInsert ()
16:46:19.0 (19057965)|SYSTEM_MODE_EXIT|false
16:46:19.0 (19069276)|METHOD_EXIT|[7]|01p1r000009oldq|TarjetaMethods.CrearOportunidad(List<Tarjeta_de_cr_dito__c>)
16:46:19.19 (19080991)|CUMULATIVE_LIMIT_USAGE
16:46:19.19 (19080991)|LIMIT_USAGE_FOR_NS|(default)|
  Number of SOQL queries: 2 out of 100
  Number of query rows: 2 out of 50000
  Number of SOSL queries: 0 out of 20
  Number of DML statements: 0 out of 150
  Number of DML rows: 0 out of 10000
  Maximum CPU time: 0 out of 10000
  Maximum heap size: 0 out of 6000000
  Number of callouts: 0 out of 100
  Number of Email Invocations: 0 out of 10
  Number of future calls: 0 out of 50
  Number of queueable jobs added to the queue: 0 out of 50
  Number of Mobile Apex push calls: 0 out of 10

16:46:19.19 (19080991)|CUMULATIVE_LIMIT_USAGE_END

16:46:19.0 (20640032)|CODE_UNIT_FINISHED|TarjetaTrigger on Tarjeta_de_cr_dito trigger event BeforeUpdate
16:46:19.0 (25035675)|CODE_UNIT_STARTED|[EXTERNAL]|Validation:Tarjeta_de_cr_dito:a031r00000Rt0Er
16:46:19.0 (25049703)|VALIDATION_RULE|03d1r000000i476|ValidarAno
16:46:19.0 (25235528)|VALIDATION_FORMULA|(A_o_caducidad__c<YEAR(TODAY())) &#124;&#124; 
(A_o_caducidad__c>YEAR(TODAY())+5)|A_o_caducidad__c=2020
16:46:19.0 (25245070)|VALIDATION_PASS
16:46:19.0 (25247705)|VALIDATION_RULE|03d1r000000i47B|ValidarFecha
16:46:19.0 (25342666)|VALIDATION_FORMULA|Mes_de_caducidad__c <   MONTH(TODAY()) && 
A_o_caducidad__c <= YEAR(TODAY())|A_o_caducidad__c=2020 , Mes_de_caducidad__c=12
16:46:19.0 (25348754)|VALIDATION_PASS
16:46:19.0 (25350614)|VALIDATION_RULE|03d1r000000i46X|ValidarMes
16:46:19.0 (25427481)|VALIDATION_FORMULA|(Mes_de_caducidad__c  < 1)  &#124;&#124;  (Mes_de_caducidad__c  > 12)|Mes_de_caducidad__c=12
16:46:19.0 (25438222)|VALIDATION_PASS
16:46:19.0 (25493435)|CODE_UNIT_FINISHED|Validation:Tarjeta_de_cr_dito:a031r00000Rt0Er
16:46:19.0 (59075634)|CODE_UNIT_FINISHED|TRIGGERS
16:46:19.0 (59094719)|EXECUTION_FINISHED
