42.0 APEX_CODE,FINEST;APEX_PROFILING,INFO;CALLOUT,INFO;DB,INFO;SYSTEM,DEBUG;VALIDATION,INFO;VISUALFORCE,INFO;WAVE,INFO;WORKFLOW,INFO
10:22:29.0 (359859)|USER_INFO|[EXTERNAL]|0051r000007Oz5Q|lydia.abril@gmail.com|hora estándar de Europa central|GMT+02:00
10:22:29.0 (393754)|EXECUTION_STARTED
10:22:29.0 (397098)|CODE_UNIT_STARTED|[EXTERNAL]|0661r000002CUg7|VF: /apex/AccountList
10:22:29.0 (889015)|VF_DESERIALIZE_VIEWSTATE_BEGIN|0661r000002CUg7
10:22:29.0 (11878071)|VF_DESERIALIZE_VIEWSTATE_END
10:22:29.0 (70831622)|VF_SERIALIZE_VIEWSTATE_BEGIN|0661r000002CUg7
10:22:29.0 (76364225)|VF_SERIALIZE_VIEWSTATE_END
10:22:29.0 (77056289)|CODE_UNIT_STARTED|[EXTERNAL]|Generate Metadata
10:22:29.0 (77501401)|CODE_UNIT_FINISHED|Generate Metadata
10:22:29.79 (79415590)|CUMULATIVE_LIMIT_USAGE
10:22:29.79 (79415590)|LIMIT_USAGE_FOR_NS|(default)|
  Number of SOQL queries: 0 out of 100
  Number of query rows: 16 out of 50000
  Number of SOSL queries: 0 out of 20
  Number of DML statements: 0 out of 150
  Number of DML rows: 0 out of 10000
  Maximum CPU time: 0 out of 10000
  Maximum heap size: 0 out of 6000000
  Number of callouts: 0 out of 100
  Number of Email Invocations: 0 out of 10
  Number of future calls: 0 out of 50
  Number of queueable jobs added to the queue: 0 out of 50
  Number of Mobile Apex push calls: 0 out of 10

10:22:29.79 (79415590)|CUMULATIVE_LIMIT_USAGE_END

10:22:29.0 (79453873)|CODE_UNIT_FINISHED|VF: /apex/AccountList
10:22:29.0 (80232527)|EXECUTION_FINISHED
