36.0 APEX_CODE,FINEST;APEX_PROFILING,INFO;CALLOUT,INFO;DB,INFO;SYSTEM,DEBUG;VALIDATION,INFO;VISUALFORCE,INFO;WAVE,INFO;WORKFLOW,INFO
12:41:20.0 (346589)|USER_INFO|[EXTERNAL]|0051r000007Oz5Q|lydia.abril@gmail.com|hora estándar de Europa central|GMT+02:00
12:41:20.0 (395655)|EXECUTION_STARTED
12:41:20.0 (422866)|CODE_UNIT_STARTED|[EXTERNAL]|01p1r00000B5oTv|TestTextFormat.testTextFormat
12:41:20.0 (661902)|HEAP_ALLOCATE|[72]|Bytes:3
12:41:20.0 (703587)|HEAP_ALLOCATE|[77]|Bytes:152
12:41:20.0 (719893)|HEAP_ALLOCATE|[342]|Bytes:408
12:41:20.0 (733193)|HEAP_ALLOCATE|[355]|Bytes:408
12:41:20.0 (745031)|HEAP_ALLOCATE|[467]|Bytes:48
12:41:20.0 (772413)|HEAP_ALLOCATE|[139]|Bytes:6
12:41:20.0 (787049)|HEAP_ALLOCATE|[EXTERNAL]|Bytes:45
12:41:20.0 (807204)|METHOD_ENTRY|[2]|01p1r00000B5oTv|TestTextFormat.TestTextFormat()
12:41:20.0 (816164)|STATEMENT_EXECUTE|[2]
12:41:20.0 (1070902)|STATEMENT_EXECUTE|[2]
12:41:20.0 (1080091)|METHOD_EXIT|[2]|TestTextFormat
12:41:20.0 (1180897)|HEAP_ALLOCATE|[50]|Bytes:5
12:41:20.0 (1207092)|HEAP_ALLOCATE|[56]|Bytes:5
12:41:20.0 (1215947)|HEAP_ALLOCATE|[64]|Bytes:7
12:41:20.0 (1259281)|STATEMENT_EXECUTE|[4]
12:41:20.0 (1261684)|STATEMENT_EXECUTE|[6]
12:41:20.0 (1264841)|HEAP_ALLOCATE|[6]|Bytes:341
12:41:20.0 (1431475)|VARIABLE_SCOPE_BEGIN|[6]|texto|String|false|false
12:41:20.0 (1459682)|VARIABLE_ASSIGNMENT|[6]|texto|"§Fyrfadslys # [optio (321 more) ..."
12:41:20.0 (1465266)|STATEMENT_EXECUTE|[8]
12:41:20.0 (2447867)|HEAP_ALLOCATE|[8]|Bytes:1
12:41:20.0 (2460162)|HEAP_ALLOCATE|[8]|Bytes:5
12:41:20.0 (2473373)|METHOD_ENTRY|[1]|01p1r00000B5oDJ|TextFormat.TextFormat()
12:41:20.0 (2480389)|STATEMENT_EXECUTE|[1]
12:41:20.0 (2485866)|STATEMENT_EXECUTE|[1]
12:41:20.0 (2818279)|SYSTEM_MODE_ENTER|false
12:41:20.0 (2836158)|HEAP_ALLOCATE|[8]|Bytes:5
12:41:20.0 (2844036)|SYSTEM_MODE_EXIT|false
12:41:20.0 (2852934)|METHOD_EXIT|[1]|TextFormat
12:41:20.0 (2876838)|METHOD_ENTRY|[8]|01p1r00000B5oDJ|TextFormat.textFormat(String)
12:41:20.0 (2901480)|VARIABLE_SCOPE_BEGIN|[3]|texto|String|false|false
12:41:20.0 (2915988)|VARIABLE_ASSIGNMENT|[3]|texto|"§Fyrfadslys # [optio (321 more) ..."
12:41:20.0 (2940131)|SYSTEM_MODE_ENTER|false
12:41:20.0 (2946250)|HEAP_ALLOCATE|[5]|Bytes:5
12:41:20.0 (2951675)|STATEMENT_EXECUTE|[3]
12:41:20.0 (2953673)|STATEMENT_EXECUTE|[5]
12:41:20.0 (2958465)|VARIABLE_SCOPE_BEGIN|[5]|tF|String|false|false
12:41:20.0 (2968214)|VARIABLE_ASSIGNMENT|[5]|tF|""
12:41:20.0 (2973000)|STATEMENT_EXECUTE|[9]
12:41:20.0 (2975152)|HEAP_ALLOCATE|[10]|Bytes:4
12:41:20.0 (3054555)|STATEMENT_EXECUTE|[10]
12:41:20.0 (3058650)|HEAP_ALLOCATE|[11]|Bytes:1
12:41:20.0 (3115286)|STATEMENT_EXECUTE|[11]
12:41:20.0 (3117650)|STATEMENT_EXECUTE|[13]
12:41:20.0 (3185767)|HEAP_ALLOCATE|[13]|Bytes:339
12:41:20.0 (3194412)|HEAP_ALLOCATE|[13]|Bytes:12
12:41:20.0 (3215292)|VARIABLE_SCOPE_BEGIN|[13]|textoUl|String|false|false
12:41:20.0 (3227603)|VARIABLE_ASSIGNMENT|[13]|textoUl|"Fyrfadslys # [option (319 more) ..."
12:41:20.0 (3232771)|STATEMENT_EXECUTE|[14]
12:41:20.0 (3258999)|USER_DEBUG|[14]|DEBUG|Fyrfadslys # [optional bzw. nur für Handzettel] # Brænder i ca. 8 timer # RAL-kvalitet: gode brændeegenskaber pga. kvalitetskontrollerede materialer og indholdsstoffer # [Nur für RO&#124;GR] # Materiale: 60% plantevoks, 40% paraffin # [alle] # [Lieferantenadresse für Bulgarien? Mueller Fabryka Swiec S.A. &#124; 86-302 Grudziadz, Bialy Bór &#124; Polska
12:41:20.0 (3273799)|STATEMENT_EXECUTE|[16]
12:41:20.0 (3276652)|HEAP_ALLOCATE|[16]|Bytes:1
12:41:20.0 (3306661)|HEAP_ALLOCATE|[16]|Bytes:11
12:41:20.0 (3310569)|HEAP_ALLOCATE|[16]|Bytes:36
12:41:20.0 (3313052)|HEAP_ALLOCATE|[16]|Bytes:23
12:41:20.0 (3315878)|HEAP_ALLOCATE|[16]|Bytes:95
12:41:20.0 (3318551)|HEAP_ALLOCATE|[16]|Bytes:17
12:41:20.0 (3321010)|HEAP_ALLOCATE|[16]|Bytes:41
12:41:20.0 (3323537)|HEAP_ALLOCATE|[16]|Bytes:8
12:41:20.0 (3326028)|HEAP_ALLOCATE|[16]|Bytes:101
12:41:20.0 (3329336)|HEAP_ALLOCATE|[16]|Bytes:36
12:41:20.0 (3338676)|VARIABLE_SCOPE_BEGIN|[16]|partes|List<String>|true|false
12:41:20.0 (3368461)|HEAP_ALLOCATE|[EXTERNAL]|Bytes:36
12:41:20.0 (3381478)|VARIABLE_ASSIGNMENT|[16]|partes|"List of size 8 too large to display"|0x679cc297
12:41:20.0 (3388066)|STATEMENT_EXECUTE|[18]
12:41:20.0 (3391168)|VARIABLE_SCOPE_BEGIN|[18]|textoFinal|String|false|false
12:41:20.0 (3399099)|VARIABLE_ASSIGNMENT|[18]|textoFinal|""
12:41:20.0 (3459305)|HEAP_ALLOCATE|[19]|Bytes:5
12:41:20.0 (3485282)|HEAP_ALLOCATE|[19]|Bytes:11
12:41:20.0 (3492684)|VARIABLE_SCOPE_BEGIN|[19]|stg|String|false|false
12:41:20.0 (3502060)|VARIABLE_ASSIGNMENT|[19]|stg|"Fyrfadslys "
12:41:20.0 (3507029)|STATEMENT_EXECUTE|[19]
12:41:20.0 (3508724)|STATEMENT_EXECUTE|[20]
12:41:20.0 (3511143)|HEAP_ALLOCATE|[20]|Bytes:4
12:41:20.0 (3515078)|HEAP_ALLOCATE|[20]|Bytes:5
12:41:20.0 (3523288)|HEAP_ALLOCATE|[20]|Bytes:20
12:41:20.0 (3530350)|HEAP_ALLOCATE|[20]|Bytes:20
12:41:20.0 (3537726)|VARIABLE_ASSIGNMENT|[20]|textoFinal|"\u003Cli\u003EFyrfadslys \u003C/li\u003E"
12:41:20.0 (3547910)|HEAP_ALLOCATE|[19]|Bytes:5
12:41:20.0 (3554627)|HEAP_ALLOCATE|[19]|Bytes:36
12:41:20.0 (3559067)|VARIABLE_SCOPE_BEGIN|[19]|stg|String|false|false
12:41:20.0 (3568115)|VARIABLE_ASSIGNMENT|[19]|stg|" [optional bzw. nur  (16 more) ..."
12:41:20.0 (3572416)|STATEMENT_EXECUTE|[19]
12:41:20.0 (3574079)|STATEMENT_EXECUTE|[20]
12:41:20.0 (3577934)|HEAP_ALLOCATE|[20]|Bytes:45
12:41:20.0 (3582170)|HEAP_ALLOCATE|[20]|Bytes:65
12:41:20.0 (3588484)|VARIABLE_ASSIGNMENT|[20]|textoFinal|"\u003Cli\u003EFyrfadslys \u003C/li\u003E (45 more) ..."
12:41:20.0 (3596488)|HEAP_ALLOCATE|[19]|Bytes:5
12:41:20.0 (3602519)|HEAP_ALLOCATE|[19]|Bytes:23
12:41:20.0 (3606655)|VARIABLE_SCOPE_BEGIN|[19]|stg|String|false|false
12:41:20.0 (3614861)|VARIABLE_ASSIGNMENT|[19]|stg|" Brænder i ca. 8 tim (3 more) ..."
12:41:20.0 (3619075)|STATEMENT_EXECUTE|[19]
12:41:20.0 (3620719)|STATEMENT_EXECUTE|[20]
12:41:20.0 (3623948)|HEAP_ALLOCATE|[20]|Bytes:32
12:41:20.0 (3627909)|HEAP_ALLOCATE|[20]|Bytes:97
12:41:20.0 (3634389)|VARIABLE_ASSIGNMENT|[20]|textoFinal|"\u003Cli\u003EFyrfadslys \u003C/li\u003E (77 more) ..."
12:41:20.0 (3642094)|HEAP_ALLOCATE|[19]|Bytes:5
12:41:20.0 (3648065)|HEAP_ALLOCATE|[19]|Bytes:95
12:41:20.0 (3652670)|VARIABLE_SCOPE_BEGIN|[19]|stg|String|false|false
12:41:20.0 (3661408)|VARIABLE_ASSIGNMENT|[19]|stg|" RAL-kvalitet: gode  (75 more) ..."
12:41:20.0 (3665579)|STATEMENT_EXECUTE|[19]
12:41:20.0 (3667171)|STATEMENT_EXECUTE|[20]
12:41:20.0 (3670495)|HEAP_ALLOCATE|[20]|Bytes:104
12:41:20.0 (3674647)|HEAP_ALLOCATE|[20]|Bytes:201
12:41:20.0 (3681197)|VARIABLE_ASSIGNMENT|[20]|textoFinal|"\u003Cli\u003EFyrfadslys \u003C/li\u003E (181 more) ..."
12:41:20.0 (3689146)|HEAP_ALLOCATE|[19]|Bytes:5
12:41:20.0 (3695272)|HEAP_ALLOCATE|[19]|Bytes:17
12:41:20.0 (3699391)|VARIABLE_SCOPE_BEGIN|[19]|stg|String|false|false
12:41:20.0 (3707398)|VARIABLE_ASSIGNMENT|[19]|stg|" [Nur für RO&#124;GR] "
12:41:20.0 (3712298)|STATEMENT_EXECUTE|[19]
12:41:20.0 (3713882)|STATEMENT_EXECUTE|[20]
12:41:20.0 (3716858)|HEAP_ALLOCATE|[20]|Bytes:26
12:41:20.0 (3720825)|HEAP_ALLOCATE|[20]|Bytes:227
12:41:20.0 (3726479)|VARIABLE_ASSIGNMENT|[20]|textoFinal|"\u003Cli\u003EFyrfadslys \u003C/li\u003E (207 more) ..."
12:41:20.0 (3734154)|HEAP_ALLOCATE|[19]|Bytes:5
12:41:20.0 (3740160)|HEAP_ALLOCATE|[19]|Bytes:41
12:41:20.0 (3744242)|VARIABLE_SCOPE_BEGIN|[19]|stg|String|false|false
12:41:20.0 (3752557)|VARIABLE_ASSIGNMENT|[19]|stg|" Materiale: 60% plan (21 more) ..."
12:41:20.0 (3756892)|STATEMENT_EXECUTE|[19]
12:41:20.0 (3758534)|STATEMENT_EXECUTE|[20]
12:41:20.0 (3761546)|HEAP_ALLOCATE|[20]|Bytes:50
12:41:20.0 (3766473)|HEAP_ALLOCATE|[20]|Bytes:277
12:41:20.0 (3772178)|VARIABLE_ASSIGNMENT|[20]|textoFinal|"\u003Cli\u003EFyrfadslys \u003C/li\u003E (257 more) ..."
12:41:20.0 (3779598)|HEAP_ALLOCATE|[19]|Bytes:5
12:41:20.0 (3785264)|HEAP_ALLOCATE|[19]|Bytes:8
12:41:20.0 (3789545)|VARIABLE_SCOPE_BEGIN|[19]|stg|String|false|false
12:41:20.0 (3796682)|VARIABLE_ASSIGNMENT|[19]|stg|" [alle] "
12:41:20.0 (3803770)|STATEMENT_EXECUTE|[19]
12:41:20.0 (3805397)|STATEMENT_EXECUTE|[20]
12:41:20.0 (3808576)|HEAP_ALLOCATE|[20]|Bytes:17
12:41:20.0 (3812976)|HEAP_ALLOCATE|[20]|Bytes:294
12:41:20.0 (3818814)|VARIABLE_ASSIGNMENT|[20]|textoFinal|"\u003Cli\u003EFyrfadslys \u003C/li\u003E (274 more) ..."
12:41:20.0 (3830042)|HEAP_ALLOCATE|[19]|Bytes:5
12:41:20.0 (3836056)|HEAP_ALLOCATE|[19]|Bytes:101
12:41:20.0 (3840359)|VARIABLE_SCOPE_BEGIN|[19]|stg|String|false|false
12:41:20.0 (3848420)|VARIABLE_ASSIGNMENT|[19]|stg|" [Lieferantenadresse (81 more) ..."
12:41:20.0 (3852776)|STATEMENT_EXECUTE|[19]
12:41:20.0 (3854382)|STATEMENT_EXECUTE|[20]
12:41:20.0 (3857642)|HEAP_ALLOCATE|[20]|Bytes:110
12:41:20.0 (3861555)|HEAP_ALLOCATE|[20]|Bytes:404
12:41:20.0 (3867427)|VARIABLE_ASSIGNMENT|[20]|textoFinal|"\u003Cli\u003EFyrfadslys \u003C/li\u003E (384 more) ..."
12:41:20.0 (3875050)|HEAP_ALLOCATE|[19]|Bytes:5
12:41:20.0 (3884809)|VARIABLE_ASSIGNMENT|[19]|stg|null
12:41:20.0 (3889527)|STATEMENT_EXECUTE|[23]
12:41:20.0 (3891940)|HEAP_ALLOCATE|[23]|Bytes:5
12:41:20.0 (3896402)|HEAP_ALLOCATE|[23]|Bytes:413
12:41:20.0 (3902729)|VARIABLE_ASSIGNMENT|[23]|textoFinal|"\u003Cul\u003E\u003Cli\u003EFyrfadslys \u003C (393 more) ..."
12:41:20.0 (3906860)|STATEMENT_EXECUTE|[24]
12:41:20.0 (3922772)|USER_DEBUG|[24]|DEBUG|<ul><li>Fyrfadslys </li><li> [optional bzw. nur für Handzettel] </li><li> Brænder i ca. 8 timer </li><li> RAL-kvalitet: gode brændeegenskaber pga. kvalitetskontrollerede materialer og indholdsstoffer </li><li> [Nur für RO&#124;GR] </li><li> Materiale: 60% plantevoks, 40% paraffin </li><li> [alle] </li><li> [Lieferantenadresse für Bulgarien? Mueller Fabryka Swiec S.A. &#124; 86-302 Grudziadz, Bialy Bór &#124; Polska</li></ul>
12:41:20.0 (3935707)|STATEMENT_EXECUTE|[26]
12:41:20.0 (3941540)|VARIABLE_ASSIGNMENT|[26]|tF|"\u003Cul\u003E\u003Cli\u003EFyrfadslys \u003C (393 more) ..."
12:41:20.0 (3946421)|STATEMENT_EXECUTE|[31]
12:41:20.0 (3950957)|SYSTEM_MODE_EXIT|false
12:41:20.0 (3959127)|METHOD_EXIT|[8]|01p1r00000B5oDJ|TextFormat.textFormat(String)
12:41:20.0 (3964351)|VARIABLE_SCOPE_BEGIN|[8]|textoSalida|String|false|false
12:41:20.0 (3973905)|VARIABLE_ASSIGNMENT|[8]|textoSalida|"\u003Cul\u003E\u003Cli\u003EFyrfadslys \u003C (393 more) ..."
12:41:20.0 (3978443)|STATEMENT_EXECUTE|[10]
12:41:20.0 (4031711)|STATEMENT_EXECUTE|[11]
12:41:20.0 (4057577)|STATEMENT_EXECUTE|[13]
12:41:20.0 (4078428)|STATEMENT_EXECUTE|[14]
12:41:20.0 (4098551)|STATEMENT_EXECUTE|[16]
12:41:20.0 (4118876)|STATEMENT_EXECUTE|[17]
12:41:20.4 (4145609)|CUMULATIVE_LIMIT_USAGE
12:41:20.4 (4145609)|LIMIT_USAGE_FOR_NS|(default)|
  Number of SOQL queries: 0 out of 100
  Number of query rows: 0 out of 50000
  Number of SOSL queries: 0 out of 20
  Number of DML statements: 0 out of 150
  Number of DML rows: 0 out of 10000
  Maximum CPU time: 0 out of 10000
  Maximum heap size: 0 out of 6000000
  Number of callouts: 0 out of 100
  Number of Email Invocations: 0 out of 10
  Number of future calls: 0 out of 50
  Number of queueable jobs added to the queue: 0 out of 50
  Number of Mobile Apex push calls: 0 out of 10

12:41:20.4 (4145609)|CUMULATIVE_LIMIT_USAGE_END

12:41:20.0 (4184483)|CODE_UNIT_FINISHED|TestTextFormat.testTextFormat
12:41:20.0 (5247958)|EXECUTION_FINISHED
12:41:20.40 (40260118)|USER_INFO|[EXTERNAL]|0051r000007Oz5Q|lydia.abril@gmail.com|hora estándar de Europa central|GMT+02:00
12:41:20.40 (40277219)|EXECUTION_STARTED
12:41:20.40 (40281990)|CODE_UNIT_STARTED|[EXTERNAL]|01p1r00000B5oTv|TestTextFormat.testTextFormatNotGood
12:41:20.40 (40401025)|HEAP_ALLOCATE|[72]|Bytes:3
12:41:20.40 (40433656)|HEAP_ALLOCATE|[77]|Bytes:152
12:41:20.40 (40447980)|HEAP_ALLOCATE|[342]|Bytes:408
12:41:20.40 (40462268)|HEAP_ALLOCATE|[355]|Bytes:408
12:41:20.40 (40473765)|HEAP_ALLOCATE|[467]|Bytes:48
12:41:20.40 (40498191)|HEAP_ALLOCATE|[139]|Bytes:6
12:41:20.40 (40511947)|HEAP_ALLOCATE|[EXTERNAL]|Bytes:45
12:41:20.40 (40522138)|METHOD_ENTRY|[2]|01p1r00000B5oTv|TestTextFormat.TestTextFormat()
12:41:20.40 (40529241)|STATEMENT_EXECUTE|[2]
12:41:20.40 (40533479)|STATEMENT_EXECUTE|[2]
12:41:20.40 (40538252)|METHOD_EXIT|[2]|TestTextFormat
12:41:20.40 (40590019)|HEAP_ALLOCATE|[50]|Bytes:5
12:41:20.40 (40610130)|HEAP_ALLOCATE|[56]|Bytes:5
12:41:20.40 (40616653)|HEAP_ALLOCATE|[64]|Bytes:7
12:41:20.40 (40643719)|STATEMENT_EXECUTE|[33]
12:41:20.40 (40646817)|STATEMENT_EXECUTE|[35]
12:41:20.40 (40649874)|HEAP_ALLOCATE|[35]|Bytes:340
12:41:20.40 (40656150)|VARIABLE_SCOPE_BEGIN|[35]|texto|String|false|false
12:41:20.40 (40677462)|VARIABLE_ASSIGNMENT|[35]|texto|"Fyrfadslys # [option (320 more) ..."
12:41:20.40 (40682241)|STATEMENT_EXECUTE|[37]
12:41:20.40 (40689800)|HEAP_ALLOCATE|[37]|Bytes:1
12:41:20.40 (40694542)|HEAP_ALLOCATE|[37]|Bytes:5
12:41:20.40 (40700082)|METHOD_ENTRY|[1]|01p1r00000B5oDJ|TextFormat.TextFormat()
12:41:20.40 (40704559)|STATEMENT_EXECUTE|[1]
12:41:20.40 (40706921)|STATEMENT_EXECUTE|[1]
12:41:20.40 (41017256)|SYSTEM_MODE_ENTER|false
12:41:20.40 (41032286)|HEAP_ALLOCATE|[37]|Bytes:5
12:41:20.40 (41039564)|SYSTEM_MODE_EXIT|false
12:41:20.40 (41047244)|METHOD_EXIT|[1]|TextFormat
12:41:20.40 (41056495)|METHOD_ENTRY|[37]|01p1r00000B5oDJ|TextFormat.textFormat(String)
12:41:20.40 (41075166)|VARIABLE_SCOPE_BEGIN|[3]|texto|String|false|false
12:41:20.40 (41087324)|VARIABLE_ASSIGNMENT|[3]|texto|"Fyrfadslys # [option (320 more) ..."
12:41:20.40 (41108948)|SYSTEM_MODE_ENTER|false
12:41:20.40 (41115401)|HEAP_ALLOCATE|[5]|Bytes:5
12:41:20.40 (41120849)|STATEMENT_EXECUTE|[3]
12:41:20.40 (41122758)|STATEMENT_EXECUTE|[5]
12:41:20.40 (41127394)|VARIABLE_SCOPE_BEGIN|[5]|tF|String|false|false
12:41:20.40 (41136767)|VARIABLE_ASSIGNMENT|[5]|tF|""
12:41:20.40 (41142564)|STATEMENT_EXECUTE|[9]
12:41:20.40 (41144656)|HEAP_ALLOCATE|[10]|Bytes:4
12:41:20.40 (41178183)|STATEMENT_EXECUTE|[10]
12:41:20.40 (41181046)|HEAP_ALLOCATE|[11]|Bytes:1
12:41:20.40 (41199492)|STATEMENT_EXECUTE|[11]
12:41:20.40 (41201957)|STATEMENT_EXECUTE|[31]
12:41:20.40 (41205246)|SYSTEM_MODE_EXIT|false
12:41:20.40 (41212343)|METHOD_EXIT|[37]|01p1r00000B5oDJ|TextFormat.textFormat(String)
12:41:20.40 (41218315)|VARIABLE_SCOPE_BEGIN|[37]|textoSalida|String|false|false
12:41:20.40 (41226298)|VARIABLE_ASSIGNMENT|[37]|textoSalida|""
12:41:20.40 (41230433)|STATEMENT_EXECUTE|[39]
12:41:20.41 (41267754)|CUMULATIVE_LIMIT_USAGE
12:41:20.41 (41267754)|LIMIT_USAGE_FOR_NS|(default)|
  Number of SOQL queries: 0 out of 100
  Number of query rows: 0 out of 50000
  Number of SOSL queries: 0 out of 20
  Number of DML statements: 0 out of 150
  Number of DML rows: 0 out of 10000
  Maximum CPU time: 0 out of 10000
  Maximum heap size: 0 out of 6000000
  Number of callouts: 0 out of 100
  Number of Email Invocations: 0 out of 10
  Number of future calls: 0 out of 50
  Number of queueable jobs added to the queue: 0 out of 50
  Number of Mobile Apex push calls: 0 out of 10

12:41:20.41 (41267754)|CUMULATIVE_LIMIT_USAGE_END

12:41:20.40 (41298345)|CODE_UNIT_FINISHED|TestTextFormat.testTextFormatNotGood
12:41:20.40 (42369711)|EXECUTION_FINISHED
12:41:20.63 (63043162)|USER_INFO|[EXTERNAL]|0051r000007Oz5Q|lydia.abril@gmail.com|hora estándar de Europa central|GMT+02:00
12:41:20.63 (63057144)|EXECUTION_STARTED
12:41:20.63 (63061428)|CODE_UNIT_STARTED|[EXTERNAL]|01p1r00000B5oTv|TestTextFormat.testTextFormatNull
12:41:20.63 (63144669)|HEAP_ALLOCATE|[72]|Bytes:3
12:41:20.63 (63166797)|HEAP_ALLOCATE|[77]|Bytes:152
12:41:20.63 (63179071)|HEAP_ALLOCATE|[342]|Bytes:408
12:41:20.63 (63191377)|HEAP_ALLOCATE|[355]|Bytes:408
12:41:20.63 (63202134)|HEAP_ALLOCATE|[467]|Bytes:48
12:41:20.63 (63222568)|HEAP_ALLOCATE|[139]|Bytes:6
12:41:20.63 (63234396)|HEAP_ALLOCATE|[EXTERNAL]|Bytes:45
12:41:20.63 (63243667)|METHOD_ENTRY|[2]|01p1r00000B5oTv|TestTextFormat.TestTextFormat()
12:41:20.63 (63250562)|STATEMENT_EXECUTE|[2]
12:41:20.63 (63254485)|STATEMENT_EXECUTE|[2]
12:41:20.63 (63258281)|METHOD_EXIT|[2]|TestTextFormat
12:41:20.63 (63309840)|HEAP_ALLOCATE|[50]|Bytes:5
12:41:20.63 (63326189)|HEAP_ALLOCATE|[56]|Bytes:5
12:41:20.63 (63333057)|HEAP_ALLOCATE|[64]|Bytes:7
12:41:20.63 (63354692)|STATEMENT_EXECUTE|[20]
12:41:20.63 (63357156)|STATEMENT_EXECUTE|[22]
12:41:20.63 (63361371)|VARIABLE_SCOPE_BEGIN|[22]|texto|String|false|false
12:41:20.63 (63377969)|VARIABLE_ASSIGNMENT|[22]|texto|null
12:41:20.63 (63382496)|STATEMENT_EXECUTE|[24]
12:41:20.63 (63385543)|HEAP_ALLOCATE|[24]|Bytes:5
12:41:20.63 (63398765)|HEAP_ALLOCATE|[24]|Bytes:9
12:41:20.63 (63423830)|USER_DEBUG|[24]|DEBUG|test null
12:41:20.63 (63433373)|STATEMENT_EXECUTE|[26]
12:41:20.63 (63440431)|HEAP_ALLOCATE|[26]|Bytes:1
12:41:20.63 (63444707)|HEAP_ALLOCATE|[26]|Bytes:5
12:41:20.63 (63450775)|METHOD_ENTRY|[1]|01p1r00000B5oDJ|TextFormat.TextFormat()
12:41:20.63 (63455548)|STATEMENT_EXECUTE|[1]
12:41:20.63 (63457949)|STATEMENT_EXECUTE|[1]
12:41:20.63 (63825702)|SYSTEM_MODE_ENTER|false
12:41:20.63 (63838351)|HEAP_ALLOCATE|[26]|Bytes:5
12:41:20.63 (63845140)|SYSTEM_MODE_EXIT|false
12:41:20.63 (63854393)|METHOD_EXIT|[1]|TextFormat
12:41:20.63 (63862490)|METHOD_ENTRY|[26]|01p1r00000B5oDJ|TextFormat.textFormat(String)
12:41:20.63 (63876899)|VARIABLE_SCOPE_BEGIN|[3]|texto|String|false|false
12:41:20.63 (63887122)|VARIABLE_ASSIGNMENT|[3]|texto|null
12:41:20.63 (63907881)|SYSTEM_MODE_ENTER|false
12:41:20.63 (63914960)|HEAP_ALLOCATE|[5]|Bytes:5
12:41:20.63 (63921239)|STATEMENT_EXECUTE|[3]
12:41:20.63 (63923177)|STATEMENT_EXECUTE|[5]
12:41:20.63 (63928360)|VARIABLE_SCOPE_BEGIN|[5]|tF|String|false|false
12:41:20.63 (63939271)|VARIABLE_ASSIGNMENT|[5]|tF|""
12:41:20.63 (63944821)|STATEMENT_EXECUTE|[9]
12:41:20.63 (63946493)|STATEMENT_EXECUTE|[31]
12:41:20.63 (63949846)|SYSTEM_MODE_EXIT|false
12:41:20.63 (63957634)|METHOD_EXIT|[26]|01p1r00000B5oDJ|TextFormat.textFormat(String)
12:41:20.63 (63963841)|VARIABLE_SCOPE_BEGIN|[26]|textoSalida|String|false|false
12:41:20.63 (63971122)|VARIABLE_ASSIGNMENT|[26]|textoSalida|""
12:41:20.63 (63975091)|STATEMENT_EXECUTE|[28]
12:41:20.63 (63981244)|HEAP_ALLOCATE|[28]|Bytes:5
12:41:20.63 (64003840)|USER_DEBUG|[28]|DEBUG|test 
12:41:20.63 (64013085)|STATEMENT_EXECUTE|[30]
12:41:20.64 (64037906)|CUMULATIVE_LIMIT_USAGE
12:41:20.64 (64037906)|LIMIT_USAGE_FOR_NS|(default)|
  Number of SOQL queries: 0 out of 100
  Number of query rows: 0 out of 50000
  Number of SOSL queries: 0 out of 20
  Number of DML statements: 0 out of 150
  Number of DML rows: 0 out of 10000
  Maximum CPU time: 0 out of 10000
  Maximum heap size: 0 out of 6000000
  Number of callouts: 0 out of 100
  Number of Email Invocations: 0 out of 10
  Number of future calls: 0 out of 50
  Number of queueable jobs added to the queue: 0 out of 50
  Number of Mobile Apex push calls: 0 out of 10

12:41:20.64 (64037906)|CUMULATIVE_LIMIT_USAGE_END

12:41:20.63 (64065429)|CODE_UNIT_FINISHED|TestTextFormat.testTextFormatNull
12:41:20.63 (65112352)|EXECUTION_FINISHED
