36.0 APEX_CODE,FINEST;APEX_PROFILING,INFO;CALLOUT,INFO;DB,INFO;SYSTEM,DEBUG;VALIDATION,INFO;VISUALFORCE,INFO;WAVE,INFO;WORKFLOW,INFO
13:17:32.0 (358710)|USER_INFO|[EXTERNAL]|0051r000007Oz5Q|lydia.abril@gmail.com|hora estándar de Europa central|GMT+02:00
13:17:32.0 (409123)|EXECUTION_STARTED
13:17:32.0 (413265)|CODE_UNIT_STARTED|[EXTERNAL]|01p1r000009p5xn|TaskTest.testCerrarTarea
13:17:32.0 (654645)|HEAP_ALLOCATE|[72]|Bytes:3
13:17:32.0 (695000)|HEAP_ALLOCATE|[77]|Bytes:152
13:17:32.0 (711611)|HEAP_ALLOCATE|[342]|Bytes:408
13:17:32.0 (726300)|HEAP_ALLOCATE|[355]|Bytes:408
13:17:32.0 (742517)|HEAP_ALLOCATE|[467]|Bytes:48
13:17:32.0 (769988)|HEAP_ALLOCATE|[139]|Bytes:6
13:17:32.0 (787200)|HEAP_ALLOCATE|[EXTERNAL]|Bytes:98
13:17:32.0 (803560)|METHOD_ENTRY|[2]|01p1r000009p5xn|TaskTest.TaskTest()
13:17:32.0 (814270)|STATEMENT_EXECUTE|[2]
13:17:32.0 (819856)|STATEMENT_EXECUTE|[2]
13:17:32.0 (824025)|METHOD_EXIT|[2]|TaskTest
13:17:32.0 (1057931)|HEAP_ALLOCATE|[50]|Bytes:5
13:17:32.0 (1092795)|HEAP_ALLOCATE|[56]|Bytes:5
13:17:32.0 (1102056)|HEAP_ALLOCATE|[64]|Bytes:7
13:17:32.0 (1143547)|STATEMENT_EXECUTE|[4]
13:17:32.0 (1149422)|STATEMENT_EXECUTE|[6]
13:17:32.0 (1198712)|HEAP_ALLOCATE|[6]|Bytes:4
13:17:32.0 (1275821)|HEAP_ALLOCATE|[6]|Bytes:12
13:17:32.0 (1329886)|VARIABLE_ASSIGNMENT|[6]|this.Name|"CuentaParent"|0xd3986b7
13:17:32.0 (1359605)|VARIABLE_SCOPE_BEGIN|[6]|oAccountParent|Account|true|false
13:17:32.0 (1377691)|VARIABLE_ASSIGNMENT|[6]|oAccountParent|{"Name":"CuentaParent"}|0xd3986b7
13:17:32.0 (1383804)|STATEMENT_EXECUTE|[7]
13:17:32.0 (1407121)|HEAP_ALLOCATE|[7]|Bytes:8
13:17:32.0 (1414957)|DML_BEGIN|[7]|Op:Insert|Type:Account|Rows:1
13:17:32.0 (1443998)|HEAP_ALLOCATE|[EXTERNAL]|Bytes:8
13:17:32.0 (10857855)|CODE_UNIT_STARTED|[EXTERNAL]|DuplicateDetector
13:17:32.0 (10875275)|DUPLICATE_DETECTION_BEGIN
13:17:32.0 (11467738)|DUPLICATE_DETECTION_RULE_INVOCATION|DuplicateRuleId:0Bm1r0000018X88|DuplicateRuleName:Standard Account Duplicate Rule|DmlType:INSERT
13:17:32.0 (30525284)|DUPLICATE_DETECTION_MATCH_INVOCATION_DETAILS|EntityType:Account|ActionTaken:Allow_[Alert,Report]|DuplicateRecordIds:
13:17:32.0 (30550942)|DUPLICATE_DETECTION_MATCH_INVOCATION_SUMMARY|EntityType:Account|NumRecordsToBeSaved:1|NumRecordsToBeSavedWithDuplicates:0|NumDuplicateRecordsFound:0
13:17:32.0 (30663652)|DUPLICATE_DETECTION_END
13:17:32.0 (30670562)|CODE_UNIT_FINISHED|DuplicateDetector
13:17:32.0 (55983155)|DML_END|[7]
13:17:32.0 (56019616)|STATEMENT_EXECUTE|[9]
13:17:32.0 (56065636)|HEAP_ALLOCATE|[9]|Bytes:4
13:17:32.0 (56097620)|HEAP_ALLOCATE|[9]|Bytes:6
13:17:32.0 (56147340)|VARIABLE_ASSIGNMENT|[9]|this.Name|"Cuenta"|0x610bdc06
13:17:32.0 (56188307)|VARIABLE_ASSIGNMENT|[9]|this.ParentId|"0011r00001nnbuBAAQ"|0x610bdc06
13:17:32.0 (56298059)|HEAP_ALLOCATE|[11]|Bytes:4
13:17:32.0 (56354779)|VARIABLE_ASSIGNMENT|[9]|this.Fecha_ltima_actividad_m_s_reciente__c|"2018-01-11T00:00:00.000Z"|0x610bdc06
13:17:32.0 (56396183)|VARIABLE_SCOPE_BEGIN|[9]|oAccount|Account|true|false
13:17:32.0 (56426526)|VARIABLE_ASSIGNMENT|[9]|oAccount|{"Name":"Cuenta","ParentId":"0011r00001nnbuBAAQ","Fecha_ltima_activida (17 more) ...":"2018-01-11T00:00:00.000Z"}|0x610bdc06
13:17:32.0 (56436075)|STATEMENT_EXECUTE|[12]
13:17:32.0 (56457849)|HEAP_ALLOCATE|[12]|Bytes:8
13:17:32.0 (56465770)|DML_BEGIN|[12]|Op:Insert|Type:Account|Rows:1
13:17:32.0 (56510782)|HEAP_ALLOCATE|[EXTERNAL]|Bytes:8
13:17:32.0 (60612396)|CODE_UNIT_STARTED|[EXTERNAL]|DuplicateDetector
13:17:32.0 (60629944)|DUPLICATE_DETECTION_BEGIN
13:17:32.0 (60682321)|DUPLICATE_DETECTION_RULE_INVOCATION|DuplicateRuleId:0Bm1r0000018X88|DuplicateRuleName:Standard Account Duplicate Rule|DmlType:INSERT
13:17:32.0 (69842583)|DUPLICATE_DETECTION_MATCH_INVOCATION_DETAILS|EntityType:Account|ActionTaken:Allow_[Alert,Report]|DuplicateRecordIds:
13:17:32.0 (69862056)|DUPLICATE_DETECTION_MATCH_INVOCATION_SUMMARY|EntityType:Account|NumRecordsToBeSaved:1|NumRecordsToBeSavedWithDuplicates:0|NumDuplicateRecordsFound:0
13:17:32.0 (69956868)|DUPLICATE_DETECTION_END
13:17:32.0 (69963063)|CODE_UNIT_FINISHED|DuplicateDetector
13:17:32.0 (81323206)|DML_END|[12]
13:17:32.0 (81342276)|STATEMENT_EXECUTE|[14]
13:17:32.0 (81386233)|HEAP_ALLOCATE|[14]|Bytes:4
13:17:32.0 (81457971)|HEAP_ALLOCATE|[14]|Bytes:11
13:17:32.0 (81496536)|VARIABLE_ASSIGNMENT|[14]|this.Name|"Oportunidad"|0x2c94ddd5
13:17:32.0 (81567345)|HEAP_ALLOCATE|[15]|Bytes:4
13:17:32.0 (81616303)|VARIABLE_ASSIGNMENT|[14]|this.CloseDate|"2020-01-11T00:00:00.000Z"|0x2c94ddd5
13:17:32.0 (81628338)|HEAP_ALLOCATE|[16]|Bytes:11
13:17:32.0 (81654402)|VARIABLE_ASSIGNMENT|[14]|this.StageName|"Prospecting"|0x2c94ddd5
13:17:32.0 (81691726)|VARIABLE_ASSIGNMENT|[14]|this.AccountId|"0011r00001nnbuCAAQ"|0x2c94ddd5
13:17:32.0 (81723476)|VARIABLE_SCOPE_BEGIN|[14]|oOpportunity|Opportunity|true|false
13:17:32.0 (81750220)|VARIABLE_ASSIGNMENT|[14]|oOpportunity|{"Name":"Oportunidad","CloseDate":"2020-01-11T00:00:00.000Z","StageName":"Prospecting","AccountId":"0011r00001nnbuCAAQ"}|0x2c94ddd5
13:17:32.0 (81757497)|STATEMENT_EXECUTE|[18]
13:17:32.0 (81772717)|HEAP_ALLOCATE|[18]|Bytes:8
13:17:32.0 (81779789)|DML_BEGIN|[18]|Op:Insert|Type:Opportunity|Rows:1
13:17:32.0 (81809597)|HEAP_ALLOCATE|[EXTERNAL]|Bytes:8
13:17:32.0 (114550022)|CODE_UNIT_STARTED|[EXTERNAL]|01q1r000000Bcgl|ClosedOpportunityTrigger on Opportunity trigger event AfterInsert
13:17:32.0 (114595669)|HEAP_ALLOCATE|[EXTERNAL]|Bytes:8
13:17:32.0 (114855927)|HEAP_ALLOCATE|[EXTERNAL]|Bytes:8
13:17:32.0 (114871643)|VARIABLE_SCOPE_BEGIN|[1]|this|ClosedOpportunityTrigger|true|false
13:17:32.0 (114935082)|VARIABLE_ASSIGNMENT|[1]|this|{}|0x392cc1a
13:17:32.0 (115003154)|HEAP_ALLOCATE|[EXTERNAL]|Bytes:8
13:17:32.0 (115012067)|VARIABLE_SCOPE_BEGIN|[1]|this|ClosedOpportunityTrigger|true|false
13:17:32.0 (115025510)|VARIABLE_ASSIGNMENT|[1]|this|{}|0x392cc1a
13:17:32.0 (115035489)|STATEMENT_EXECUTE|[1]
13:17:32.0 (115038137)|STATEMENT_EXECUTE|[3]
13:17:32.0 (115094669)|HEAP_ALLOCATE|[3]|Bytes:4
13:17:32.0 (115190167)|HEAP_ALLOCATE|[EXTERNAL]|Bytes:4
13:17:32.0 (115204135)|VARIABLE_ASSIGNMENT|[3]|this.taskList|[]|0x392cc1a
13:17:32.0 (115213909)|HEAP_ALLOCATE|[5]|Bytes:89
13:17:32.0 (115232662)|HEAP_ALLOCATE|[5]|Bytes:4
13:17:32.0 (115243178)|HEAP_ALLOCATE|[5]|Bytes:7
13:17:32.0 (115563707)|SOQL_EXECUTE_BEGIN|[5]|Aggregations:0|SELECT Id, StageName FROM Opportunity 
13:17:32.0 (122217687)|SOQL_EXECUTE_END|[5]|Rows:0
13:17:32.0 (122385674)|HEAP_ALLOCATE|[5]|Bytes:54
13:17:32.0 (122395418)|HEAP_ALLOCATE|[5]|Bytes:8
13:17:32.0 (122422916)|SYSTEM_METHOD_ENTRY|[7]|QueryLocatorIterator.QueryLocatorIterator()
13:17:32.0 (122428788)|STATEMENT_EXECUTE|[7]
13:17:32.0 (122438391)|SYSTEM_METHOD_EXIT|[7]|QueryLocatorIterator
13:17:32.0 (122446113)|HEAP_ALLOCATE|[5]|Bytes:28
13:17:32.0 (122461063)|HEAP_ALLOCATE|[5]|Bytes:8
13:17:32.0 (122464366)|HEAP_ALLOCATE|[5]|Bytes:8
13:17:32.0 (122470194)|VARIABLE_SCOPE_BEGIN|[15]|this|Database.QueryLocatorIterator|true|false
13:17:32.0 (122494951)|VARIABLE_ASSIGNMENT|[15]|this|{}|0x7ce6b96f
13:17:32.0 (122501668)|VARIABLE_SCOPE_BEGIN|[15]|values|List<SObject>|true|false
13:17:32.0 (122511217)|VARIABLE_ASSIGNMENT|[15]|values|null|
13:17:32.0 (122515522)|VARIABLE_SCOPE_BEGIN|[15]|ql|Database.QueryLocator|true|false
13:17:32.0 (122538309)|VARIABLE_ASSIGNMENT|[15]|ql|{"query":"SELECT Id, StageName (69 more) ..."}|0x1101b3c6
13:17:32.0 (122544128)|VARIABLE_SCOPE_BEGIN|[15]|totalNumRecords|Integer|false|false
13:17:32.0 (122552337)|VARIABLE_ASSIGNMENT|[15]|totalNumRecords|0
13:17:32.0 (122556286)|VARIABLE_SCOPE_BEGIN|[15]|queryMoreSize|Integer|false|false
13:17:32.0 (122562756)|VARIABLE_ASSIGNMENT|[15]|queryMoreSize|50000
13:17:32.0 (122659997)|HEAP_ALLOCATE|[5]|Bytes:28
13:17:32.0 (122680650)|METHOD_ENTRY|[5]||Database.QueryLocatorIterator.hasNext()
13:17:32.0 (122714301)|METHOD_EXIT|[5]||Database.QueryLocatorIterator.hasNext()
13:17:32.0 (122724470)|VARIABLE_ASSIGNMENT|[5]|opp|null|
13:17:32.0 (122731000)|STATEMENT_EXECUTE|[5]
13:17:32.0 (122776873)|STATEMENT_EXECUTE|[12]
13:17:32.122 (122782999)|CUMULATIVE_LIMIT_USAGE
13:17:32.122 (122782999)|LIMIT_USAGE_FOR_NS|(default)|
  Number of SOQL queries: 1 out of 100
  Number of query rows: 0 out of 50000
  Number of SOSL queries: 0 out of 20
  Number of DML statements: 3 out of 150
  Number of DML rows: 3 out of 10000
  Maximum CPU time: 0 out of 10000
  Maximum heap size: 0 out of 6000000
  Number of callouts: 0 out of 100
  Number of Email Invocations: 0 out of 10
  Number of future calls: 0 out of 50
  Number of queueable jobs added to the queue: 0 out of 50
  Number of Mobile Apex push calls: 0 out of 10

13:17:32.122 (122782999)|CUMULATIVE_LIMIT_USAGE_END

13:17:32.0 (123647430)|CODE_UNIT_FINISHED|ClosedOpportunityTrigger on Opportunity trigger event AfterInsert
13:17:32.0 (124824385)|DML_END|[18]
13:17:32.0 (124843096)|STATEMENT_EXECUTE|[20]
13:17:32.0 (124861633)|HEAP_ALLOCATE|[20]|Bytes:4
13:17:32.0 (124888256)|VARIABLE_SCOPE_BEGIN|[20]|listTask|List<Task>|true|false
13:17:32.0 (124898101)|HEAP_ALLOCATE|[EXTERNAL]|Bytes:4
13:17:32.0 (124908696)|VARIABLE_ASSIGNMENT|[20]|listTask|[]|0x7bf22202
13:17:32.0 (124914834)|STATEMENT_EXECUTE|[22]
13:17:32.0 (124932157)|HEAP_ALLOCATE|[22]|Bytes:4
13:17:32.0 (124996822)|HEAP_ALLOCATE|[22]|Bytes:4
13:17:32.0 (125045595)|VARIABLE_ASSIGNMENT|[22]|this.Subject|"Task"|0x3216d1d2
13:17:32.0 (125053762)|HEAP_ALLOCATE|[23]|Bytes:6
13:17:32.0 (125076398)|VARIABLE_ASSIGNMENT|[22]|this.Priority|"Normal"|0x3216d1d2
13:17:32.0 (125082711)|HEAP_ALLOCATE|[24]|Bytes:11
13:17:32.0 (125096268)|VARIABLE_ASSIGNMENT|[22]|this.Status|"Not Started"|0x3216d1d2
13:17:32.0 (125130985)|VARIABLE_ASSIGNMENT|[22]|this.WhatId|"0011r00001nnbuCAAQ"|0x3216d1d2
13:17:32.0 (125187601)|HEAP_ALLOCATE|[26]|Bytes:4
13:17:32.0 (125235026)|VARIABLE_ASSIGNMENT|[22]|this.ActivityDate|"2020-01-11T00:00:00.000Z"|0x3216d1d2
13:17:32.0 (125266050)|VARIABLE_SCOPE_BEGIN|[22]|oTask|Task|true|false
13:17:32.0 (125287704)|VARIABLE_ASSIGNMENT|[22]|oTask|{"Subject":"Task","Priority":"Normal","Status":"Not Started","WhatId":"0011r00001nnbuCAAQ","ActivityDate":"2020-01-11T00:00:00.000Z"}|0x3216d1d2
13:17:32.0 (125294875)|STATEMENT_EXECUTE|[28]
13:17:32.0 (125324038)|HEAP_ALLOCATE|[EXTERNAL]|Bytes:4
13:17:32.0 (125332959)|STATEMENT_EXECUTE|[30]
13:17:32.0 (125348215)|HEAP_ALLOCATE|[30]|Bytes:4
13:17:32.0 (125368859)|VARIABLE_ASSIGNMENT|[30]|this.Subject|"Task"|0x65f8c857
13:17:32.0 (125381894)|VARIABLE_ASSIGNMENT|[30]|this.Priority|"Normal"|0x65f8c857
13:17:32.0 (125393390)|VARIABLE_ASSIGNMENT|[30]|this.Status|"Not Started"|0x65f8c857
13:17:32.0 (125418096)|VARIABLE_ASSIGNMENT|[30]|this.WhatId|"0061r00000vk6jOAAQ"|0x65f8c857
13:17:32.0 (125451041)|HEAP_ALLOCATE|[34]|Bytes:4
13:17:32.0 (125476065)|VARIABLE_ASSIGNMENT|[30]|this.ActivityDate|"2020-01-11T00:00:00.000Z"|0x65f8c857
13:17:32.0 (125492778)|VARIABLE_SCOPE_BEGIN|[30]|oTask2|Task|true|false
13:17:32.0 (125509003)|VARIABLE_ASSIGNMENT|[30]|oTask2|{"Subject":"Task","Priority":"Normal","Status":"Not Started","WhatId":"0061r00000vk6jOAAQ","ActivityDate":"2020-01-11T00:00:00.000Z"}|0x65f8c857
13:17:32.0 (125515903)|STATEMENT_EXECUTE|[36]
13:17:32.0 (125535249)|HEAP_ALLOCATE|[EXTERNAL]|Bytes:4
13:17:32.0 (125542788)|STATEMENT_EXECUTE|[38]
13:17:32.0 (125598943)|USER_DEBUG|[38]|DEBUG|Task:{Subject=Task, Priority=Normal, Status=Not Started, WhatId=0011r00001nnbuCAAQ, ActivityDate=2020-01-11 00:00:00}
13:17:32.0 (125610450)|STATEMENT_EXECUTE|[40]
13:17:32.0 (125638991)|USER_DEBUG|[40]|DEBUG|Task:{Subject=Task, Priority=Normal, Status=Not Started, WhatId=0061r00000vk6jOAAQ, ActivityDate=2020-01-11 00:00:00}
13:17:32.0 (125751921)|HEAP_ALLOCATE|[42]|Bytes:5
13:17:32.0 (125767905)|HEAP_ALLOCATE|[42]|Bytes:24
13:17:32.0 (125776189)|VARIABLE_SCOPE_BEGIN|[42]|inTask|Task|true|false
13:17:32.0 (125794937)|VARIABLE_ASSIGNMENT|[42]|inTask|{"Subject":"Task","Priority":"Normal","Status":"Not Started","WhatId":"0011r00001nnbuCAAQ","ActivityDate":"2020-01-11T00:00:00.000Z"}|0x3216d1d2
13:17:32.0 (125802456)|STATEMENT_EXECUTE|[42]
13:17:32.0 (125804439)|STATEMENT_EXECUTE|[43]
13:17:32.0 (125807493)|HEAP_ALLOCATE|[43]|Bytes:9
13:17:32.0 (125842497)|VARIABLE_ASSIGNMENT|[43]|this.Status|"Completed"|0x3216d1d2
13:17:32.0 (125856451)|HEAP_ALLOCATE|[42]|Bytes:5
13:17:32.0 (125866487)|HEAP_ALLOCATE|[42]|Bytes:24
13:17:32.0 (125872337)|VARIABLE_SCOPE_BEGIN|[42]|inTask|Task|true|false
13:17:32.0 (125887309)|VARIABLE_ASSIGNMENT|[42]|inTask|{"Subject":"Task","Priority":"Normal","Status":"Not Started","WhatId":"0061r00000vk6jOAAQ","ActivityDate":"2020-01-11T00:00:00.000Z"}|0x65f8c857
13:17:32.0 (125893865)|STATEMENT_EXECUTE|[42]
13:17:32.0 (125895813)|STATEMENT_EXECUTE|[43]
13:17:32.0 (125912191)|VARIABLE_ASSIGNMENT|[43]|this.Status|"Completed"|0x65f8c857
13:17:32.0 (125923327)|HEAP_ALLOCATE|[42]|Bytes:5
13:17:32.0 (125933356)|VARIABLE_ASSIGNMENT|[42]|inTask|null|
13:17:32.0 (125938356)|STATEMENT_EXECUTE|[46]
13:17:32.0 (125971300)|USER_DEBUG|[46]|DEBUG|Task:{Subject=Task, Priority=Normal, Status=Completed, WhatId=0011r00001nnbuCAAQ, ActivityDate=2020-01-11 00:00:00}
13:17:32.0 (125980857)|STATEMENT_EXECUTE|[48]
13:17:32.0 (126006732)|USER_DEBUG|[48]|DEBUG|Task:{Subject=Task, Priority=Normal, Status=Completed, WhatId=0061r00000vk6jOAAQ, ActivityDate=2020-01-11 00:00:00}
13:17:32.0 (126016378)|STATEMENT_EXECUTE|[50]
13:17:32.0 (126068955)|USER_DEBUG|[50]|DEBUG|(Task:{Subject=Task, Priority=Normal, Status=Completed, WhatId=0011r00001nnbuCAAQ, ActivityDate=2020-01-11 00:00:00}, Task:{Subject=Task, Priority=Normal, Status=Completed, WhatId=0061r00000vk6jOAAQ, ActivityDate=2020-01-11 00:00:00})
13:17:32.0 (126080019)|STATEMENT_EXECUTE|[52]
13:17:32.0 (126109933)|DML_BEGIN|[52]|Op:Update|Type:Task|Rows:2
13:17:32.0 (126141657)|HEAP_ALLOCATE|[EXTERNAL]|Bytes:12
13:17:32.0 (126826872)|DML_END|[52]
13:17:32.0 (126894742)|EXCEPTION_THROWN|[52]|System.DmlException: Update failed. First exception on row 0; first error: MISSING_ARGUMENT, Id not specified in an update call: []
13:17:32.0 (127293870)|HEAP_ALLOCATE|[52]|Bytes:114
13:17:32.0 (127383345)|FATAL_ERROR|System.DmlException: Update failed. First exception on row 0; first error: MISSING_ARGUMENT, Id not specified in an update call: []

Class.TaskTest.testCerrarTarea: line 52, column 1
13:17:32.0 (127397101)|FATAL_ERROR|System.DmlException: Update failed. First exception on row 0; first error: MISSING_ARGUMENT, Id not specified in an update call: []

Class.TaskTest.testCerrarTarea: line 52, column 1
13:17:32.127 (127404467)|CUMULATIVE_LIMIT_USAGE
13:17:32.127 (127404467)|LIMIT_USAGE_FOR_NS|(default)|
  Number of SOQL queries: 1 out of 100
  Number of query rows: 0 out of 50000
  Number of SOSL queries: 0 out of 20
  Number of DML statements: 4 out of 150
  Number of DML rows: 5 out of 10000
  Maximum CPU time: 0 out of 10000
  Maximum heap size: 0 out of 6000000
  Number of callouts: 0 out of 100
  Number of Email Invocations: 0 out of 10
  Number of future calls: 0 out of 50
  Number of queueable jobs added to the queue: 0 out of 50
  Number of Mobile Apex push calls: 0 out of 10

13:17:32.127 (127404467)|CUMULATIVE_LIMIT_USAGE_END

13:17:32.0 (127430229)|CODE_UNIT_FINISHED|TaskTest.testCerrarTarea
13:17:32.0 (128193331)|EXECUTION_FINISHED
13:17:32.287 (287426557)|USER_INFO|[EXTERNAL]|0051r000007Oz5Q|lydia.abril@gmail.com|hora estándar de Europa central|GMT+02:00
13:17:32.287 (287471229)|EXECUTION_STARTED
13:17:32.287 (287478325)|CODE_UNIT_STARTED|[EXTERNAL]|DuplicateDetector
13:17:32.287 (287492884)|DUPLICATE_DETECTION_BEGIN
13:17:32.287 (287546172)|DUPLICATE_DETECTION_RULE_INVOCATION|DuplicateRuleId:0Bm1r0000018X88|DuplicateRuleName:Standard Account Duplicate Rule|DmlType:INSERT
13:17:32.287 (297358251)|DUPLICATE_DETECTION_END
13:17:32.287 (297370696)|CODE_UNIT_FINISHED|DuplicateDetector
13:17:32.287 (298253457)|EXECUTION_FINISHED
