36.0 APEX_CODE,FINEST;APEX_PROFILING,INFO;CALLOUT,INFO;DB,INFO;SYSTEM,DEBUG;VALIDATION,INFO;VISUALFORCE,INFO;WAVE,INFO;WORKFLOW,INFO
14:05:28.0 (58930)|USER_INFO|[EXTERNAL]|0051r000007Oz5Q|lydia.abril@gmail.com|hora estándar de Europa central|GMT+02:00
14:05:28.0 (109563)|EXECUTION_STARTED
14:05:28.0 (114878)|CODE_UNIT_STARTED|[EXTERNAL]|01q1r000000j6Yv|TaskTrigger on Task trigger event AfterUpdate
14:05:28.0 (151632)|HEAP_ALLOCATE|[EXTERNAL]|Bytes:8
14:05:28.0 (260935)|HEAP_ALLOCATE|[EXTERNAL]|Bytes:8
14:05:28.0 (596830)|HEAP_ALLOCATE|[72]|Bytes:3
14:05:28.0 (634309)|HEAP_ALLOCATE|[77]|Bytes:152
14:05:28.0 (649896)|HEAP_ALLOCATE|[342]|Bytes:408
14:05:28.0 (663461)|HEAP_ALLOCATE|[355]|Bytes:408
14:05:28.0 (676085)|HEAP_ALLOCATE|[467]|Bytes:48
14:05:28.0 (702249)|HEAP_ALLOCATE|[139]|Bytes:6
14:05:28.0 (727648)|HEAP_ALLOCATE|[EXTERNAL]|Bytes:12
14:05:28.0 (736881)|VARIABLE_SCOPE_BEGIN|[1]|this|TaskTrigger|true|false
14:05:28.0 (778954)|VARIABLE_ASSIGNMENT|[1]|this|{}|0x230ffe48
14:05:28.0 (813839)|HEAP_ALLOCATE|[EXTERNAL]|Bytes:12
14:05:28.0 (821512)|VARIABLE_SCOPE_BEGIN|[1]|this|TaskTrigger|true|false
14:05:28.0 (835424)|VARIABLE_ASSIGNMENT|[1]|this|{}|0x230ffe48
14:05:28.0 (850981)|STATEMENT_EXECUTE|[1]
14:05:28.0 (854235)|STATEMENT_EXECUTE|[3]
14:05:28.0 (899333)|HEAP_ALLOCATE|[50]|Bytes:5
14:05:28.0 (920713)|HEAP_ALLOCATE|[56]|Bytes:5
14:05:28.0 (933848)|HEAP_ALLOCATE|[64]|Bytes:7
14:05:28.0 (1966718)|VARIABLE_ASSIGNMENT|[3]|this.listNew|[{"Status":"Completed","LastModifiedDate":"2018-04-17T12:05:28.000Z","IsDeleted":false,"AccountId":"0011r00001nnRDqAAM","WhatId":"0061r00000vkPBBAA2","ActivityDate":"2020-04-30T00:00:00.000Z","Priority":"Normal","IsHighPriority":false,"IsClosed":true,"IsRecurrence":false,"Subject":"bbbbb","SystemModstamp":"2018-04-17T12:05:28.000Z","IsArchived":false,"CreatedById":"0051r000007Oz5QAAS","TaskSubtype":"Task","OwnerId":"0051r000007Oz5QAAS","CreatedDate":"2018-04-17T12:04:48.000Z","Id":"00T1r00004COjZSEA1","DB_Activity_Type__c":"Other","IsReminderSet":false,"LastModifiedById":"0051r000007Oz5QAAS"}]|0x230ffe48
14:05:28.0 (1996228)|STATEMENT_EXECUTE|[5]
14:05:28.0 (2331793)|VARIABLE_ASSIGNMENT|[5]|this.mapOld|{"00T1r00004COjZSEA1":{"Status":"Not Started","LastModifiedDate":"2018-04-17T12:05:08.000Z","IsDeleted":false,"AccountId":"0011r00001nnRDqAAM","WhatId":"0061r00000vkPBBAA2","ActivityDate":"2020-04-30T00:00:00.000Z","Priority":"Normal","IsHighPriority":false,"IsClosed":false,"IsRecurrence":false,"Subject":"bbbbb","SystemModstamp":"2018-04-17T12:05:08.000Z","IsArchived":false,"CreatedById":"0051r000007Oz5QAAS","TaskSubtype":"Task","OwnerId":"0051r000007Oz5QAAS","CreatedDate":"2018-04-17T12:04:48.000Z","Id":"00T1r00004COjZSEA1","DB_Activity_Type__c":"Other","IsReminderSet":false,"LastModifiedById":"0051r000007Oz5QAAS"}}|0x230ffe48
14:05:28.0 (2367378)|STATEMENT_EXECUTE|[8]
14:05:28.0 (2375583)|STATEMENT_EXECUTE|[9]
14:05:28.0 (2378445)|STATEMENT_EXECUTE|[10]
14:05:28.0 (2495249)|HEAP_ALLOCATE|[10]|Bytes:4
14:05:28.0 (2506719)|HEAP_ALLOCATE|[10]|Bytes:45
14:05:28.0 (2521925)|METHOD_ENTRY|[1]|01p1r000009oS6S|TaskMethods.TaskMethods()
14:05:28.0 (2530399)|STATEMENT_EXECUTE|[1]
14:05:28.0 (2535799)|STATEMENT_EXECUTE|[1]
14:05:28.0 (2940524)|SYSTEM_MODE_ENTER|false
14:05:28.0 (2957433)|HEAP_ALLOCATE|[10]|Bytes:5
14:05:28.0 (2970648)|SYSTEM_MODE_EXIT|false
14:05:28.0 (2983348)|METHOD_EXIT|[1]|TaskMethods
14:05:28.0 (3001007)|METHOD_ENTRY|[10]|01p1r000009oS6S|TaskMethods.CerrarTarea(List<Task>, Map<Id,Task>)
14:05:28.0 (3021963)|VARIABLE_SCOPE_BEGIN|[3]|listTask|List<Task>|true|false
14:05:28.0 (3301832)|VARIABLE_ASSIGNMENT|[3]|listTask|[{"Status":"Completed","LastModifiedDate":"2018-04-17T12:05:28.000Z","IsDeleted":false,"AccountId":"0011r00001nnRDqAAM","WhatId":"0061r00000vkPBBAA2","ActivityDate":"2020-04-30T00:00:00.000Z","Priority":"Normal","IsHighPriority":false,"IsClosed":true,"IsRecurrence":false,"Subject":"bbbbb","SystemModstamp":"2018-04-17T12:05:28.000Z","IsArchived":false,"CreatedById":"0051r000007Oz5QAAS","TaskSubtype":"Task","OwnerId":"0051r000007Oz5QAAS","CreatedDate":"2018-04-17T12:04:48.000Z","Id":"00T1r00004COjZSEA1","DB_Activity_Type__c":"Other","IsReminderSet":false,"LastModifiedById":"0051r000007Oz5QAAS"}]|0x3c6e4ba6
14:05:28.0 (3326455)|VARIABLE_SCOPE_BEGIN|[3]|mapTaskOld|Map<Id,Task>|true|false
14:05:28.0 (3576227)|VARIABLE_ASSIGNMENT|[3]|mapTaskOld|{"00T1r00004COjZSEA1":{"Status":"Not Started","LastModifiedDate":"2018-04-17T12:05:08.000Z","IsDeleted":false,"AccountId":"0011r00001nnRDqAAM","WhatId":"0061r00000vkPBBAA2","ActivityDate":"2020-04-30T00:00:00.000Z","Priority":"Normal","IsHighPriority":false,"IsClosed":false,"IsRecurrence":false,"Subject":"bbbbb","SystemModstamp":"2018-04-17T12:05:08.000Z","IsArchived":false,"CreatedById":"0051r000007Oz5QAAS","TaskSubtype":"Task","OwnerId":"0051r000007Oz5QAAS","CreatedDate":"2018-04-17T12:04:48.000Z","Id":"00T1r00004COjZSEA1","DB_Activity_Type__c":"Other","IsReminderSet":false,"LastModifiedById":"0051r000007Oz5QAAS"}}|0x2c482a01
14:05:28.0 (3608618)|SYSTEM_MODE_ENTER|false
14:05:28.0 (3617260)|HEAP_ALLOCATE|[5]|Bytes:5
14:05:28.0 (3626361)|STATEMENT_EXECUTE|[3]
14:05:28.0 (3688676)|STATEMENT_EXECUTE|[5]
14:05:28.0 (3692891)|STATEMENT_EXECUTE|[8]
14:05:28.0 (3746440)|HEAP_ALLOCATE|[8]|Bytes:4
14:05:28.0 (3756526)|HEAP_ALLOCATE|[8]|Bytes:72
14:05:28.0 (3767457)|HEAP_ALLOCATE|[8]|Bytes:4
14:05:28.0 (4195448)|SOQL_EXECUTE_BEGIN|[8]|Aggregations:0|SELECT Id, Fecha_ultima_actividad_mas_reciente__c, ParentId FROM Account
14:05:28.0 (6420990)|SOQL_EXECUTE_END|[8]|Rows:19
14:05:28.0 (6475425)|HEAP_ALLOCATE|[8]|Bytes:80
14:05:28.0 (6527359)|HEAP_ALLOCATE|[8]|Bytes:673
14:05:28.0 (6632434)|HEAP_ALLOCATE|[8]|Bytes:80
14:05:28.0 (6706669)|HEAP_ALLOCATE|[8]|Bytes:16
14:05:28.0 (6729381)|HEAP_ALLOCATE|[8]|Bytes:4
14:05:28.0 (6743687)|HEAP_ALLOCATE|[8]|Bytes:8
14:05:28.0 (6755240)|HEAP_ALLOCATE|[8]|Bytes:4
14:05:28.0 (6762149)|HEAP_ALLOCATE|[8]|Bytes:8
14:05:28.0 (6770253)|HEAP_ALLOCATE|[8]|Bytes:4
14:05:28.0 (6778959)|HEAP_ALLOCATE|[8]|Bytes:8
14:05:28.0 (6789327)|HEAP_ALLOCATE|[8]|Bytes:4
14:05:28.0 (6796760)|HEAP_ALLOCATE|[8]|Bytes:8
14:05:28.0 (6805527)|HEAP_ALLOCATE|[8]|Bytes:4
14:05:28.0 (6813393)|HEAP_ALLOCATE|[8]|Bytes:8
14:05:28.0 (6822846)|HEAP_ALLOCATE|[8]|Bytes:4
14:05:28.0 (6830465)|HEAP_ALLOCATE|[8]|Bytes:8
14:05:28.0 (6840743)|HEAP_ALLOCATE|[8]|Bytes:4
14:05:28.0 (6847406)|HEAP_ALLOCATE|[8]|Bytes:8
14:05:28.0 (6857195)|HEAP_ALLOCATE|[8]|Bytes:4
14:05:28.0 (6865299)|HEAP_ALLOCATE|[8]|Bytes:12
14:05:28.0 (6875152)|HEAP_ALLOCATE|[8]|Bytes:4
14:05:28.0 (6884481)|HEAP_ALLOCATE|[8]|Bytes:8
14:05:28.0 (6894567)|HEAP_ALLOCATE|[8]|Bytes:4
14:05:28.0 (6903373)|HEAP_ALLOCATE|[8]|Bytes:8
14:05:28.0 (6912788)|HEAP_ALLOCATE|[8]|Bytes:4
14:05:28.0 (6920322)|HEAP_ALLOCATE|[8]|Bytes:8
14:05:28.0 (6966008)|HEAP_ALLOCATE|[8]|Bytes:4
14:05:28.0 (6977605)|HEAP_ALLOCATE|[8]|Bytes:8
14:05:28.0 (6989414)|HEAP_ALLOCATE|[8]|Bytes:4
14:05:28.0 (6999225)|HEAP_ALLOCATE|[8]|Bytes:8
14:05:28.0 (7019156)|HEAP_ALLOCATE|[8]|Bytes:4
14:05:28.0 (7029973)|HEAP_ALLOCATE|[8]|Bytes:8
14:05:28.0 (7042615)|HEAP_ALLOCATE|[8]|Bytes:4
14:05:28.0 (7052592)|HEAP_ALLOCATE|[8]|Bytes:8
14:05:28.0 (7063835)|HEAP_ALLOCATE|[8]|Bytes:4
14:05:28.0 (7072978)|HEAP_ALLOCATE|[8]|Bytes:8
14:05:28.0 (7082413)|HEAP_ALLOCATE|[8]|Bytes:4
14:05:28.0 (7092279)|HEAP_ALLOCATE|[8]|Bytes:8
14:05:28.0 (7103025)|HEAP_ALLOCATE|[8]|Bytes:4
14:05:28.0 (7112017)|HEAP_ALLOCATE|[8]|Bytes:8
14:05:28.0 (7123039)|HEAP_ALLOCATE|[8]|Bytes:4
14:05:28.0 (7144496)|VARIABLE_SCOPE_BEGIN|[8]|mapAccounts|Map<Id,Account>|true|false
14:05:28.0 (7196583)|VARIABLE_ASSIGNMENT|[8]|mapAccounts|"Map of size 19 too large to display"|0x14c198d7
14:05:28.0 (7215742)|STATEMENT_EXECUTE|[10]
14:05:28.0 (7244469)|HEAP_ALLOCATE|[10]|Bytes:4
14:05:28.0 (7353836)|VARIABLE_SCOPE_BEGIN|[10]|listAcUpdate|List<Account>|true|false
14:05:28.0 (7380680)|HEAP_ALLOCATE|[EXTERNAL]|Bytes:4
14:05:28.0 (7399889)|VARIABLE_ASSIGNMENT|[10]|listAcUpdate|[]|0xf47c9ce
14:05:28.0 (7413199)|STATEMENT_EXECUTE|[13]
14:05:28.0 (7440485)|HEAP_ALLOCATE|[13]|Bytes:4
14:05:28.0 (7485681)|VARIABLE_SCOPE_BEGIN|[13]|setTaskIds|Set<String>|true|false
14:05:28.0 (7533459)|VARIABLE_ASSIGNMENT|[13]|setTaskIds|[]|0xcf37040
14:05:28.0 (7824936)|HEAP_ALLOCATE|[15]|Bytes:5
14:05:28.0 (7866952)|VARIABLE_SCOPE_BEGIN|[15]|inTask|Task|true|false
14:05:28.0 (8370880)|VARIABLE_ASSIGNMENT|[15]|inTask|{"Status":"Completed","LastModifiedDate":"2018-04-17T12:05:28.000Z","IsDeleted":false,"AccountId":"0011r00001nnRDqAAM","WhatId":"0061r00000vkPBBAA2","ActivityDate":"2020-04-30T00:00:00.000Z","Priority":"Normal","IsHighPriority":false,"IsClosed":true,"IsRecurrence":false,"Subject":"bbbbb","SystemModstamp":"2018-04-17T12:05:28.000Z","IsArchived":false,"CreatedById":"0051r000007Oz5QAAS","TaskSubtype":"Task","OwnerId":"0051r000007Oz5QAAS","CreatedDate":"2018-04-17T12:04:48.000Z","Id":"00T1r00004COjZSEA1","DB_Activity_Type__c":"Other","IsReminderSet":false,"LastModifiedById":"0051r000007Oz5QAAS"}|0x50baa865
14:05:28.0 (8409869)|STATEMENT_EXECUTE|[15]
14:05:28.0 (8558423)|HEAP_ALLOCATE|[16]|Bytes:9
14:05:28.0 (8635112)|STATEMENT_EXECUTE|[16]
14:05:28.0 (8642020)|STATEMENT_EXECUTE|[17]
14:05:28.0 (8707073)|HEAP_ALLOCATE|[EXTERNAL]|Bytes:4
14:05:28.0 (8751997)|HEAP_ALLOCATE|[15]|Bytes:5
14:05:28.0 (8778605)|VARIABLE_ASSIGNMENT|[15]|inTask|null|
14:05:28.0 (8792366)|STATEMENT_EXECUTE|[22]
14:05:28.0 (8823680)|HEAP_ALLOCATE|[22]|Bytes:4
14:05:28.0 (8863079)|HEAP_ALLOCATE|[22]|Bytes:148
14:05:28.0 (8891194)|HEAP_ALLOCATE|[22]|Bytes:4
14:05:28.0 (8904660)|HEAP_ALLOCATE|[22]|Bytes:7
14:05:28.0 (8951672)|HEAP_ALLOCATE|[22]|Bytes:8
14:05:28.0 (8971252)|HEAP_ALLOCATE|[22]|Bytes:8
14:05:28.0 (10095569)|SOQL_EXECUTE_BEGIN|[22]|Aggregations:0|SELECT WhatId, ActivityDate, AccountId, TYPEOF What WHEN Account THEN Id, ParentId WHEN Opportunity THEN AccountId END FROM Task WHERE Id = :tmpVar1
14:05:28.0 (17995949)|SOQL_EXECUTE_END|[22]|Rows:1
14:05:28.0 (18094564)|HEAP_ALLOCATE|[22]|Bytes:8
14:05:28.0 (18241480)|HEAP_ALLOCATE|[22]|Bytes:175
14:05:28.0 (18292543)|HEAP_ALLOCATE|[22]|Bytes:8
14:05:28.0 (18339783)|HEAP_ALLOCATE|[22]|Bytes:24
14:05:28.0 (18346552)|HEAP_ALLOCATE|[22]|Bytes:24
14:05:28.0 (18350841)|HEAP_ALLOCATE|[22]|Bytes:4
14:05:28.0 (18363137)|VARIABLE_SCOPE_BEGIN|[22]|listTaskType|List<Task>|true|false
14:05:28.0 (18379287)|HEAP_ALLOCATE|[EXTERNAL]|Bytes:8
14:05:28.0 (18428966)|VARIABLE_ASSIGNMENT|[22]|listTaskType|[{"WhatId":"0061r00000vkPBBAA2","ActivityDate":"2020-04-30T00:00:00.000Z","AccountId":"0011r00001nnRDqAAM","Id":"00T1r00004COjZSEA1","What":{"Id":"0061r00000vkPBBAA2","AccountId":"0011r00001nnRDqAAM"}}]|0x5493805b
14:05:28.0 (18443469)|STATEMENT_EXECUTE|[30]
14:05:28.0 (18449660)|HEAP_ALLOCATE|[30]|Bytes:40
14:05:28.0 (18575122)|HEAP_ALLOCATE|[30]|Bytes:121
14:05:28.0 (18598289)|HEAP_ALLOCATE|[30]|Bytes:161
14:05:28.0 (18624209)|USER_DEBUG|[30]|DEBUG|TaskMethods.CerrarTarea.listTaskType :: (Task:{WhatId=0061r00000vkPBBAA2, ActivityDate=2020-04-30 00:00:00, AccountId=0011r00001nnRDqAAM, Id=00T1r00004COjZSEA1})
14:05:28.0 (18678001)|HEAP_ALLOCATE|[33]|Bytes:5
14:05:28.0 (18693901)|HEAP_ALLOCATE|[33]|Bytes:24
14:05:28.0 (18704998)|VARIABLE_SCOPE_BEGIN|[33]|inTask|Task|true|false
14:05:28.0 (18729717)|VARIABLE_ASSIGNMENT|[33]|inTask|{"WhatId":"0061r00000vkPBBAA2","ActivityDate":"2020-04-30T00:00:00.000Z","AccountId":"0011r00001nnRDqAAM","Id":"00T1r00004COjZSEA1","What":{"Id":"0061r00000vkPBBAA2","AccountId":"0011r00001nnRDqAAM"}}|0x4a264c48
14:05:28.0 (18743063)|STATEMENT_EXECUTE|[33]
14:05:28.0 (18803809)|HEAP_ALLOCATE|[34]|Bytes:37
14:05:28.0 (18849541)|STATEMENT_EXECUTE|[34]
14:05:28.0 (18852851)|STATEMENT_EXECUTE|[35]
14:05:28.0 (18856102)|HEAP_ALLOCATE|[35]|Bytes:11
14:05:28.0 (18878916)|USER_DEBUG|[35]|DEBUG|Opportunity
14:05:28.0 (18888952)|STATEMENT_EXECUTE|[36]
14:05:28.0 (18941287)|VARIABLE_SCOPE_BEGIN|[36]|accAux|Account|true|false
14:05:28.0 (18966111)|VARIABLE_ASSIGNMENT|[36]|accAux|{"Id":"0011r00001nnRDqAAM","Fecha_ultima_activid (18 more) ...":"2018-04-17T00:00:00.000Z","ParentId":"0011r00001mvH7mAAE"}|0x1c81a851
14:05:28.0 (18975130)|STATEMENT_EXECUTE|[38]
14:05:28.0 (18979026)|HEAP_ALLOCATE|[38]|Bytes:34
14:05:28.0 (19042382)|HEAP_ALLOCATE|[38]|Bytes:120
14:05:28.0 (19059385)|HEAP_ALLOCATE|[38]|Bytes:154
14:05:28.0 (19071519)|USER_DEBUG|[38]|DEBUG|TaskMethods.CerrarTarea.accAux :: Account:{Id=0011r00001nnRDqAAM, Fecha_ultima_actividad_mas_reciente__c=2018-04-17 00:00:00, ParentId=0011r00001mvH7mAAE}
14:05:28.0 (19082239)|STATEMENT_EXECUTE|[40]
14:05:28.0 (19085402)|HEAP_ALLOCATE|[40]|Bytes:40
14:05:28.0 (19122273)|HEAP_ALLOCATE|[40]|Bytes:19
14:05:28.0 (19134932)|HEAP_ALLOCATE|[40]|Bytes:59
14:05:28.0 (19143976)|USER_DEBUG|[40]|DEBUG|TaskMethods.CerrarTarea.ActivityDate :: 2020-04-30 00:00:00
14:05:28.0 (19152007)|STATEMENT_EXECUTE|[42]
14:05:28.0 (19155509)|HEAP_ALLOCATE|[42]|Bytes:60
14:05:28.0 (19215611)|HEAP_ALLOCATE|[42]|Bytes:91
14:05:28.0 (19229238)|HEAP_ALLOCATE|[42]|Bytes:151
14:05:28.0 (19239445)|USER_DEBUG|[42]|DEBUG|TaskMethods.CerrarTarea.mapAccounts.get(accAux.ParentId) :: Account:{Id=0011r00001mvH7mAAE, Fecha_ultima_actividad_mas_reciente__c=2018-04-17 00:00:00}
14:05:28.0 (19248907)|STATEMENT_EXECUTE|[44]
14:05:28.0 (19252460)|HEAP_ALLOCATE|[44]|Bytes:33
14:05:28.0 (19299587)|HEAP_ALLOCATE|[44]|Bytes:19
14:05:28.0 (19311856)|HEAP_ALLOCATE|[44]|Bytes:52
14:05:28.0 (19320883)|USER_DEBUG|[44]|DEBUG|TaskMethods.CerrarTarea.Fecha :: 2018-04-17 00:00:00
14:05:28.0 (19374795)|STATEMENT_EXECUTE|[46]
14:05:28.0 (19377855)|STATEMENT_EXECUTE|[48]
14:05:28.0 (19408533)|HEAP_ALLOCATE|[EXTERNAL]|Bytes:4
14:05:28.0 (19417292)|STATEMENT_EXECUTE|[50]
14:05:28.0 (19438192)|HEAP_ALLOCATE|[50]|Bytes:12
14:05:28.0 (19499027)|VARIABLE_ASSIGNMENT|[50]|this.Fecha_ultima_actividad_mas_reciente__c|"2020-04-30T00:00:00.000Z"|0x3cf87d60
14:05:28.0 (19507346)|STATEMENT_EXECUTE|[52]
14:05:28.0 (19511430)|HEAP_ALLOCATE|[52]|Bytes:5
14:05:28.0 (19528933)|USER_DEBUG|[52]|DEBUG|ENTRA
14:05:28.0 (19547510)|HEAP_ALLOCATE|[33]|Bytes:5
14:05:28.0 (19562672)|VARIABLE_ASSIGNMENT|[33]|inTask|null|
14:05:28.0 (19575320)|STATEMENT_EXECUTE|[64]
14:05:28.0 (19623043)|DML_BEGIN|[64]|Op:Update|Type:Account|Rows:1
14:05:28.0 (19663067)|HEAP_ALLOCATE|[EXTERNAL]|Bytes:8
14:05:28.0 (33687362)|CODE_UNIT_STARTED|[EXTERNAL]|01q1r000000j8Jg|AccountTrigger on Account trigger event BeforeUpdate
14:05:28.0 (33746000)|HEAP_ALLOCATE|[EXTERNAL]|Bytes:8
14:05:28.0 (33783849)|HEAP_ALLOCATE|[EXTERNAL]|Bytes:8
14:05:28.0 (33898613)|HEAP_ALLOCATE|[EXTERNAL]|Bytes:12
14:05:28.0 (33913936)|VARIABLE_SCOPE_BEGIN|[1]|this|AccountTrigger|true|false
14:05:28.0 (33977760)|VARIABLE_ASSIGNMENT|[1]|this|{}|0x18fbdd10
14:05:28.0 (34041116)|HEAP_ALLOCATE|[EXTERNAL]|Bytes:12
14:05:28.0 (34050338)|VARIABLE_SCOPE_BEGIN|[1]|this|AccountTrigger|true|false
14:05:28.0 (34064523)|VARIABLE_ASSIGNMENT|[1]|this|{}|0x18fbdd10
14:05:28.0 (34075147)|STATEMENT_EXECUTE|[1]
14:05:28.0 (34077811)|STATEMENT_EXECUTE|[3]
14:05:28.0 (37112704)|VARIABLE_ASSIGNMENT|[3]|this.listNew|[{"LastModifiedDate":"2018-04-17T12:04:14.000Z","Ownership":"Public","Description":"Chain of hotels and  (62 more) ...","BillingCity":"Chicago","Rating":"Warm","Website":"www.grandhotels.com","NumberOfEmployees":5600,"SLA__c":"Gold","Name":"Grand Hotels & Resor (6 more) ...","Industry":"Hospitality","OwnerId":"0051r000007Oz5QAAS","CreatedById":"0051r000007Oz5QAAS","SLASerialNumber__c":"5572","TickerSymbol":"GHTL","Phone":"(312) 596-1000","Match_Billing_Addres (4 more) ...":false,"UpsellOpportunity__c":"Yes","NumberofLocations__c":57,"IsDeleted":false,"Fecha_ultima_activid (18 more) ...":"2020-04-30T00:00:00.000Z","Sic":"2268","SystemModstamp":"2018-04-17T12:04:14.000Z","ShippingStreet":"2334 N. Michigan Ave (39 more) ...","AccountNumber":"CD439877","Type":"Customer - Direct","CleanStatus":"Pending","SLAExpirationDate__c":"2018-10-16T00:00:00.000Z","BillingStreet":"2334 N. Michigan Ave (39 more) ...","LastActivityDate":"2047-04-20T00:00:00.000Z","CreatedDate":"2018-03-21T12:29:14.000Z","CustomerPriority__c":"High","Id":"0011r00001mvH7mAAE","Fax":"(312) 596-1500","LastModifiedById":"0051r000007Oz5QAAS","AnnualRevenue":500000000,"BillingState":"IL","Active__c":"Yes"}]|0x18fbdd10
14:05:28.0 (37151534)|STATEMENT_EXECUTE|[5]
14:05:28.0 (37619529)|VARIABLE_ASSIGNMENT|[5]|this.mapOld|{"0011r00001mvH7mAAE":{"LastModifiedDate":"2018-04-17T12:04:14.000Z","Ownership":"Public","Description":"Chain of hotels and  (62 more) ...","BillingCity":"Chicago","Rating":"Warm","Website":"www.grandhotels.com","NumberOfEmployees":5600,"SLA__c":"Gold","Name":"Grand Hotels & Resor (6 more) ...","Industry":"Hospitality","OwnerId":"0051r000007Oz5QAAS","CreatedById":"0051r000007Oz5QAAS","SLASerialNumber__c":"5572","TickerSymbol":"GHTL","Phone":"(312) 596-1000","Match_Billing_Addres (4 more) ...":false,"UpsellOpportunity__c":"Yes","NumberofLocations__c":57,"IsDeleted":false,"Fecha_ultima_activid (18 more) ...":"2018-04-17T00:00:00.000Z","Sic":"2268","SystemModstamp":"2018-04-17T12:04:14.000Z","ShippingStreet":"2334 N. Michigan Ave (39 more) ...","AccountNumber":"CD439877","Type":"Customer - Direct","CleanStatus":"Pending","SLAExpirationDate__c":"2018-10-16T00:00:00.000Z","BillingStreet":"2334 N. Michigan Ave (39 more) ...","LastActivityDate":"2047-04-20T00:00:00.000Z","CreatedDate":"2018-03-21T12:29:14.000Z","CustomerPriority__c":"High","Id":"0011r00001mvH7mAAE","Fax":"(312) 596-1500","LastModifiedById":"0051r000007Oz5QAAS","AnnualRevenue":500000000,"BillingState":"IL","Active__c":"Yes"}}|0x18fbdd10
14:05:28.0 (37664117)|STATEMENT_EXECUTE|[7]
14:05:28.0 (37669768)|STATEMENT_EXECUTE|[8]
14:05:28.0 (37671908)|STATEMENT_EXECUTE|[9]
14:05:28.0 (39502496)|HEAP_ALLOCATE|[9]|Bytes:1
14:05:28.0 (39571262)|METHOD_ENTRY|[1]|01p1r000009p8Bf|AccountMethods.AccountMethods()
14:05:28.0 (39588950)|STATEMENT_EXECUTE|[1]
14:05:28.0 (39601005)|STATEMENT_EXECUTE|[1]
14:05:28.0 (39626116)|HEAP_ALLOCATE|[9]|Bytes:5
14:05:28.0 (39648437)|METHOD_EXIT|[1]|AccountMethods
14:05:28.0 (39689720)|METHOD_ENTRY|[9]|01p1r000009p8Bf|AccountMethods.ActualizarCuentaHija(List<Account>, Map<Id,Account>)
14:05:28.0 (39737972)|VARIABLE_SCOPE_BEGIN|[3]|listAccount|List<Account>|true|false
14:05:28.0 (40101140)|VARIABLE_ASSIGNMENT|[3]|listAccount|[{"LastModifiedDate":"2018-04-17T12:04:14.000Z","Ownership":"Public","Description":"Chain of hotels and  (62 more) ...","BillingCity":"Chicago","Rating":"Warm","Website":"www.grandhotels.com","NumberOfEmployees":5600,"SLA__c":"Gold","Name":"Grand Hotels & Resor (6 more) ...","Industry":"Hospitality","OwnerId":"0051r000007Oz5QAAS","CreatedById":"0051r000007Oz5QAAS","SLASerialNumber__c":"5572","TickerSymbol":"GHTL","Phone":"(312) 596-1000","Match_Billing_Addres (4 more) ...":false,"UpsellOpportunity__c":"Yes","NumberofLocations__c":57,"IsDeleted":false,"Fecha_ultima_activid (18 more) ...":"2020-04-30T00:00:00.000Z","Sic":"2268","SystemModstamp":"2018-04-17T12:04:14.000Z","ShippingStreet":"2334 N. Michigan Ave (39 more) ...","AccountNumber":"CD439877","Type":"Customer - Direct","CleanStatus":"Pending","SLAExpirationDate__c":"2018-10-16T00:00:00.000Z","BillingStreet":"2334 N. Michigan Ave (39 more) ...","LastActivityDate":"2047-04-20T00:00:00.000Z","CreatedDate":"2018-03-21T12:29:14.000Z","CustomerPriority__c":"High","Id":"0011r00001mvH7mAAE","Fax":"(312) 596-1500","LastModifiedById":"0051r000007Oz5QAAS","AnnualRevenue":500000000,"BillingState":"IL","Active__c":"Yes"}]|0x30a6f9a5
14:05:28.0 (40132958)|VARIABLE_SCOPE_BEGIN|[3]|mapOld|Map<Id,Account>|true|false
14:05:28.0 (40413393)|VARIABLE_ASSIGNMENT|[3]|mapOld|{"0011r00001mvH7mAAE":{"LastModifiedDate":"2018-04-17T12:04:14.000Z","Ownership":"Public","Description":"Chain of hotels and  (62 more) ...","BillingCity":"Chicago","Rating":"Warm","Website":"www.grandhotels.com","NumberOfEmployees":5600,"SLA__c":"Gold","Name":"Grand Hotels & Resor (6 more) ...","Industry":"Hospitality","OwnerId":"0051r000007Oz5QAAS","CreatedById":"0051r000007Oz5QAAS","SLASerialNumber__c":"5572","TickerSymbol":"GHTL","Phone":"(312) 596-1000","Match_Billing_Addres (4 more) ...":false,"UpsellOpportunity__c":"Yes","NumberofLocations__c":57,"IsDeleted":false,"Fecha_ultima_activid (18 more) ...":"2018-04-17T00:00:00.000Z","Sic":"2268","SystemModstamp":"2018-04-17T12:04:14.000Z","ShippingStreet":"2334 N. Michigan Ave (39 more) ...","AccountNumber":"CD439877","Type":"Customer - Direct","CleanStatus":"Pending","SLAExpirationDate__c":"2018-10-16T00:00:00.000Z","BillingStreet":"2334 N. Michigan Ave (39 more) ...","LastActivityDate":"2047-04-20T00:00:00.000Z","CreatedDate":"2018-03-21T12:29:14.000Z","CustomerPriority__c":"High","Id":"0011r00001mvH7mAAE","Fax":"(312) 596-1500","LastModifiedById":"0051r000007Oz5QAAS","AnnualRevenue":500000000,"BillingState":"IL","Active__c":"Yes"}}|0xc06556d
14:05:28.0 (40456089)|HEAP_ALLOCATE|[5]|Bytes:5
14:05:28.0 (40464233)|STATEMENT_EXECUTE|[3]
14:05:28.0 (40521139)|STATEMENT_EXECUTE|[5]
14:05:28.0 (40524016)|STATEMENT_EXECUTE|[8]
14:05:28.0 (40540195)|HEAP_ALLOCATE|[8]|Bytes:4
14:05:28.0 (40573219)|VARIABLE_SCOPE_BEGIN|[8]|listAccountIds|List<String>|true|false
14:05:28.0 (40607474)|HEAP_ALLOCATE|[EXTERNAL]|Bytes:4
14:05:28.0 (40618238)|VARIABLE_ASSIGNMENT|[8]|listAccountIds|[]|0x74bcd544
14:05:28.0 (40624963)|STATEMENT_EXECUTE|[9]
14:05:28.0 (40665827)|HEAP_ALLOCATE|[9]|Bytes:4
14:05:28.0 (40694842)|VARIABLE_SCOPE_BEGIN|[9]|mapAccountParent|Map<String,Account>|true|false
14:05:28.0 (40708928)|VARIABLE_ASSIGNMENT|[9]|mapAccountParent|{}|0x60598540
14:05:28.0 (40820353)|HEAP_ALLOCATE|[11]|Bytes:5
14:05:28.0 (40846719)|HEAP_ALLOCATE|[11]|Bytes:4
14:05:28.0 (40860725)|VARIABLE_SCOPE_BEGIN|[11]|inAccount|Account|true|false
14:05:28.0 (41216581)|VARIABLE_ASSIGNMENT|[11]|inAccount|{"LastModifiedDate":"2018-04-17T12:04:14.000Z","Ownership":"Public","Description":"Chain of hotels and  (62 more) ...","BillingCity":"Chicago","Rating":"Warm","Website":"www.grandhotels.com","NumberOfEmployees":5600,"SLA__c":"Gold","Name":"Grand Hotels & Resor (6 more) ...","Industry":"Hospitality","OwnerId":"0051r000007Oz5QAAS","CreatedById":"0051r000007Oz5QAAS","SLASerialNumber__c":"5572","TickerSymbol":"GHTL","Phone":"(312) 596-1000","Match_Billing_Addres (4 more) ...":false,"UpsellOpportunity__c":"Yes","NumberofLocations__c":57,"IsDeleted":false,"Fecha_ultima_activid (18 more) ...":"2020-04-30T00:00:00.000Z","Sic":"2268","SystemModstamp":"2018-04-17T12:04:14.000Z","ShippingStreet":"2334 N. Michigan Ave (39 more) ...","AccountNumber":"CD439877","Type":"Customer - Direct","CleanStatus":"Pending","SLAExpirationDate__c":"2018-10-16T00:00:00.000Z","BillingStreet":"2334 N. Michigan Ave (39 more) ...","LastActivityDate":"2047-04-20T00:00:00.000Z","CreatedDate":"2018-03-21T12:29:14.000Z","CustomerPriority__c":"High","Id":"0011r00001mvH7mAAE","Fax":"(312) 596-1500","LastModifiedById":"0051r000007Oz5QAAS","AnnualRevenue":500000000,"BillingState":"IL","Active__c":"Yes"}|0x59a6bf99
14:05:28.0 (41251634)|STATEMENT_EXECUTE|[11]
14:05:28.0 (41351753)|STATEMENT_EXECUTE|[12]
14:05:28.0 (41355540)|STATEMENT_EXECUTE|[13]
14:05:28.0 (41417721)|HEAP_ALLOCATE|[EXTERNAL]|Bytes:4
14:05:28.0 (41437534)|STATEMENT_EXECUTE|[14]
14:05:28.0 (41481586)|HEAP_ALLOCATE|[EXTERNAL]|Bytes:-4
14:05:28.0 (41501657)|HEAP_ALLOCATE|[11]|Bytes:5
14:05:28.0 (41517329)|VARIABLE_ASSIGNMENT|[11]|inAccount|null|
14:05:28.0 (41525121)|STATEMENT_EXECUTE|[19]
14:05:28.0 (41529981)|HEAP_ALLOCATE|[19]|Bytes:99
14:05:28.0 (41546562)|HEAP_ALLOCATE|[19]|Bytes:4
14:05:28.0 (41739915)|SOQL_EXECUTE_BEGIN|[19]|Aggregations:0|SELECT Id, Fecha_ultima_actividad_mas_reciente__c, ParentId FROM Account WHERE ParentId IN :tmpVar1
14:05:28.0 (44684396)|SOQL_EXECUTE_END|[19]|Rows:1
14:05:28.0 (44710016)|HEAP_ALLOCATE|[19]|Bytes:8
14:05:28.0 (44728053)|HEAP_ALLOCATE|[19]|Bytes:105
14:05:28.0 (44765499)|HEAP_ALLOCATE|[19]|Bytes:8
14:05:28.0 (44779007)|VARIABLE_SCOPE_BEGIN|[19]|listAccountChild|List<Account>|true|false
14:05:28.0 (44816986)|VARIABLE_ASSIGNMENT|[19]|listAccountChild|[{"Id":"0011r00001nnRDqAAM","Fecha_ultima_activid (18 more) ...":"2018-04-17T00:00:00.000Z","ParentId":"0011r00001mvH7mAAE"}]|0x75cd9a6a
14:05:28.0 (44871660)|HEAP_ALLOCATE|[22]|Bytes:5
14:05:28.0 (44889024)|HEAP_ALLOCATE|[22]|Bytes:16
14:05:28.0 (44899455)|VARIABLE_SCOPE_BEGIN|[22]|inAccount|Account|true|false
14:05:28.0 (44922396)|VARIABLE_ASSIGNMENT|[22]|inAccount|{"Id":"0011r00001nnRDqAAM","Fecha_ultima_activid (18 more) ...":"2018-04-17T00:00:00.000Z","ParentId":"0011r00001mvH7mAAE"}|0x5bfe8977
14:05:28.0 (44932605)|STATEMENT_EXECUTE|[22]
14:05:28.0 (44935139)|STATEMENT_EXECUTE|[23]
14:05:28.0 (45038647)|VARIABLE_ASSIGNMENT|[23]|this.Fecha_ultima_actividad_mas_reciente__c|"2020-04-30T00:00:00.000Z"|0x5bfe8977
14:05:28.0 (45059125)|HEAP_ALLOCATE|[22]|Bytes:5
14:05:28.0 (45072859)|VARIABLE_ASSIGNMENT|[22]|inAccount|null|
14:05:28.0 (45079590)|STATEMENT_EXECUTE|[26]
14:05:28.0 (45124282)|DML_BEGIN|[26]|Op:Update|Type:Account|Rows:1
14:05:28.0 (45153843)|HEAP_ALLOCATE|[EXTERNAL]|Bytes:8
14:05:28.0 (52317013)|CODE_UNIT_STARTED|[EXTERNAL]|01q1r000000j8Jg|AccountTrigger on Account trigger event BeforeUpdate
14:05:28.0 (52374552)|HEAP_ALLOCATE|[EXTERNAL]|Bytes:8
14:05:28.0 (52408247)|HEAP_ALLOCATE|[EXTERNAL]|Bytes:8
14:05:28.0 (52471114)|HEAP_ALLOCATE|[EXTERNAL]|Bytes:12
14:05:28.0 (52486857)|VARIABLE_SCOPE_BEGIN|[1]|this|AccountTrigger|true|false
14:05:28.0 (52520989)|VARIABLE_ASSIGNMENT|[1]|this|{}|0x15f1b488
14:05:28.0 (52559894)|HEAP_ALLOCATE|[EXTERNAL]|Bytes:12
14:05:28.0 (52568120)|VARIABLE_SCOPE_BEGIN|[1]|this|AccountTrigger|true|false
14:05:28.0 (52580093)|VARIABLE_ASSIGNMENT|[1]|this|{}|0x15f1b488
14:05:28.0 (52588898)|STATEMENT_EXECUTE|[1]
14:05:28.0 (52591411)|STATEMENT_EXECUTE|[3]
14:05:28.0 (53138232)|VARIABLE_ASSIGNMENT|[3]|this.listNew|[{"ParentId":"0011r00001mvH7mAAE","LastModifiedDate":"2018-04-17T12:04:27.000Z","IsDeleted":false,"Fecha_ultima_activid (18 more) ...":"2020-04-30T00:00:00.000Z","SystemModstamp":"2018-04-17T12:04:27.000Z","Name":"prueba","CleanStatus":"Pending","OwnerId":"0051r000007Oz5QAAS","CreatedById":"0051r000007Oz5QAAS","Match_Billing_Addres (4 more) ...":false,"LastActivityDate":"2048-04-01T00:00:00.000Z","CreatedDate":"2018-04-12T09:07:46.000Z","Id":"0011r00001nnRDqAAM","LastModifiedById":"0051r000007Oz5QAAS"}]|0x15f1b488
14:05:28.0 (53160321)|STATEMENT_EXECUTE|[5]
14:05:28.0 (53693290)|VARIABLE_ASSIGNMENT|[5]|this.mapOld|{"0011r00001nnRDqAAM":{"ParentId":"0011r00001mvH7mAAE","LastModifiedDate":"2018-04-17T12:04:27.000Z","IsDeleted":false,"Fecha_ultima_activid (18 more) ...":"2018-04-17T00:00:00.000Z","SystemModstamp":"2018-04-17T12:04:27.000Z","Name":"prueba","CleanStatus":"Pending","OwnerId":"0051r000007Oz5QAAS","CreatedById":"0051r000007Oz5QAAS","Match_Billing_Addres (4 more) ...":false,"LastActivityDate":"2048-04-01T00:00:00.000Z","CreatedDate":"2018-04-12T09:07:46.000Z","Id":"0011r00001nnRDqAAM","LastModifiedById":"0051r000007Oz5QAAS"}}|0x15f1b488
14:05:28.0 (53719046)|STATEMENT_EXECUTE|[7]
14:05:28.0 (53723848)|STATEMENT_EXECUTE|[8]
14:05:28.0 (53726088)|STATEMENT_EXECUTE|[9]
14:05:28.0 (53742587)|METHOD_ENTRY|[9]|01p1r000009p8Bf|AccountMethods.ActualizarCuentaHija(List<Account>, Map<Id,Account>)
14:05:28.0 (53754183)|VARIABLE_SCOPE_BEGIN|[3]|listAccount|List<Account>|true|false
14:05:28.0 (54291398)|VARIABLE_ASSIGNMENT|[3]|listAccount|[{"ParentId":"0011r00001mvH7mAAE","LastModifiedDate":"2018-04-17T12:04:27.000Z","IsDeleted":false,"Fecha_ultima_activid (18 more) ...":"2020-04-30T00:00:00.000Z","SystemModstamp":"2018-04-17T12:04:27.000Z","Name":"prueba","CleanStatus":"Pending","OwnerId":"0051r000007Oz5QAAS","CreatedById":"0051r000007Oz5QAAS","Match_Billing_Addres (4 more) ...":false,"LastActivityDate":"2048-04-01T00:00:00.000Z","CreatedDate":"2018-04-12T09:07:46.000Z","Id":"0011r00001nnRDqAAM","LastModifiedById":"0051r000007Oz5QAAS"}]|0x1f844c13
14:05:28.0 (54312095)|VARIABLE_SCOPE_BEGIN|[3]|mapOld|Map<Id,Account>|true|false
14:05:28.0 (54779466)|VARIABLE_ASSIGNMENT|[3]|mapOld|{"0011r00001nnRDqAAM":{"ParentId":"0011r00001mvH7mAAE","LastModifiedDate":"2018-04-17T12:04:27.000Z","IsDeleted":false,"Fecha_ultima_activid (18 more) ...":"2018-04-17T00:00:00.000Z","SystemModstamp":"2018-04-17T12:04:27.000Z","Name":"prueba","CleanStatus":"Pending","OwnerId":"0051r000007Oz5QAAS","CreatedById":"0051r000007Oz5QAAS","Match_Billing_Addres (4 more) ...":false,"LastActivityDate":"2048-04-01T00:00:00.000Z","CreatedDate":"2018-04-12T09:07:46.000Z","Id":"0011r00001nnRDqAAM","LastModifiedById":"0051r000007Oz5QAAS"}}|0xff9bf7f
14:05:28.0 (54813531)|HEAP_ALLOCATE|[5]|Bytes:5
14:05:28.0 (54821579)|STATEMENT_EXECUTE|[3]
14:05:28.0 (54848076)|STATEMENT_EXECUTE|[5]
14:05:28.0 (54852572)|STATEMENT_EXECUTE|[8]
14:05:28.0 (54869995)|HEAP_ALLOCATE|[8]|Bytes:4
14:05:28.0 (54893530)|VARIABLE_SCOPE_BEGIN|[8]|listAccountIds|List<String>|true|false
14:05:28.0 (54934561)|HEAP_ALLOCATE|[EXTERNAL]|Bytes:4
14:05:28.0 (54948403)|VARIABLE_ASSIGNMENT|[8]|listAccountIds|[]|0x757be4c6
14:05:28.0 (54955940)|STATEMENT_EXECUTE|[9]
14:05:28.0 (54974086)|HEAP_ALLOCATE|[9]|Bytes:4
14:05:28.0 (54984030)|VARIABLE_SCOPE_BEGIN|[9]|mapAccountParent|Map<String,Account>|true|false
14:05:28.0 (54998888)|VARIABLE_ASSIGNMENT|[9]|mapAccountParent|{}|0x6db64b15
14:05:28.0 (55030123)|HEAP_ALLOCATE|[11]|Bytes:5
14:05:28.0 (55054856)|HEAP_ALLOCATE|[11]|Bytes:4
14:05:28.0 (55064808)|VARIABLE_SCOPE_BEGIN|[11]|inAccount|Account|true|false
14:05:28.0 (55382000)|VARIABLE_ASSIGNMENT|[11]|inAccount|{"ParentId":"0011r00001mvH7mAAE","LastModifiedDate":"2018-04-17T12:04:27.000Z","IsDeleted":false,"Fecha_ultima_activid (18 more) ...":"2020-04-30T00:00:00.000Z","SystemModstamp":"2018-04-17T12:04:27.000Z","Name":"prueba","CleanStatus":"Pending","OwnerId":"0051r000007Oz5QAAS","CreatedById":"0051r000007Oz5QAAS","Match_Billing_Addres (4 more) ...":false,"LastActivityDate":"2048-04-01T00:00:00.000Z","CreatedDate":"2018-04-12T09:07:46.000Z","Id":"0011r00001nnRDqAAM","LastModifiedById":"0051r000007Oz5QAAS"}|0x506f6664
14:05:28.0 (55401249)|STATEMENT_EXECUTE|[11]
14:05:28.0 (55414288)|STATEMENT_EXECUTE|[12]
14:05:28.0 (55427093)|HEAP_ALLOCATE|[11]|Bytes:5
14:05:28.0 (55440626)|VARIABLE_ASSIGNMENT|[11]|inAccount|null|
14:05:28.0 (55447199)|STATEMENT_EXECUTE|[19]
14:05:28.0 (55459724)|HEAP_ALLOCATE|[19]|Bytes:4
14:05:28.0 (55672274)|SOQL_EXECUTE_BEGIN|[19]|Aggregations:0|SELECT Id, Fecha_ultima_actividad_mas_reciente__c, ParentId FROM Account WHERE ParentId IN :tmpVar1
14:05:28.0 (57090466)|SOQL_EXECUTE_END|[19]|Rows:0
14:05:28.0 (57114638)|HEAP_ALLOCATE|[19]|Bytes:4
14:05:28.0 (57125792)|HEAP_ALLOCATE|[19]|Bytes:0
14:05:28.0 (57152500)|HEAP_ALLOCATE|[19]|Bytes:4
14:05:28.0 (57162795)|VARIABLE_SCOPE_BEGIN|[19]|listAccountChild|List<Account>|true|false
14:05:28.0 (57177730)|VARIABLE_ASSIGNMENT|[19]|listAccountChild|[]|0x10dd55e0
14:05:28.0 (57204889)|HEAP_ALLOCATE|[22]|Bytes:5
14:05:28.0 (57219240)|VARIABLE_ASSIGNMENT|[22]|inAccount|null|
14:05:28.0 (57225779)|STATEMENT_EXECUTE|[22]
14:05:28.0 (57228830)|STATEMENT_EXECUTE|[26]
14:05:28.0 (57283636)|HEAP_ALLOCATE|[EXTERNAL]|Bytes:4
14:05:28.0 (57302243)|METHOD_EXIT|[9]|01p1r000009p8Bf|AccountMethods.ActualizarCuentaHija(List<Account>, Map<Id,Account>)
14:05:28.57 (57314885)|CUMULATIVE_LIMIT_USAGE
14:05:28.57 (57314885)|LIMIT_USAGE_FOR_NS|(default)|
  Number of SOQL queries: 4 out of 100
  Number of query rows: 21 out of 50000
  Number of SOSL queries: 0 out of 20
  Number of DML statements: 2 out of 150
  Number of DML rows: 2 out of 10000
  Maximum CPU time: 0 out of 10000
  Maximum heap size: 0 out of 6000000
  Number of callouts: 0 out of 100
  Number of Email Invocations: 0 out of 10
  Number of future calls: 0 out of 50
  Number of queueable jobs added to the queue: 0 out of 50
  Number of Mobile Apex push calls: 0 out of 10

14:05:28.57 (57314885)|CUMULATIVE_LIMIT_USAGE_END

14:05:28.0 (58139723)|CODE_UNIT_FINISHED|AccountTrigger on Account trigger event BeforeUpdate
14:05:28.0 (60053463)|CODE_UNIT_STARTED|[EXTERNAL]|DuplicateDetector
14:05:28.0 (60070195)|DUPLICATE_DETECTION_BEGIN
14:05:28.0 (60641983)|DUPLICATE_DETECTION_RULE_INVOCATION|DuplicateRuleId:0Bm1r0000018X88|DuplicateRuleName:Standard Account Duplicate Rule|DmlType:UPDATE
14:05:28.0 (60940553)|DUPLICATE_DETECTION_END
14:05:28.0 (60949587)|CODE_UNIT_FINISHED|DuplicateDetector
14:05:28.0 (78945235)|DML_END|[26]
14:05:28.0 (78981474)|HEAP_ALLOCATE|[EXTERNAL]|Bytes:8
14:05:28.0 (79014727)|METHOD_EXIT|[9]|01p1r000009p8Bf|AccountMethods.ActualizarCuentaHija(List<Account>, Map<Id,Account>)
14:05:28.79 (79034031)|CUMULATIVE_LIMIT_USAGE
14:05:28.79 (79034031)|LIMIT_USAGE_FOR_NS|(default)|
  Number of SOQL queries: 4 out of 100
  Number of query rows: 21 out of 50000
  Number of SOSL queries: 0 out of 20
  Number of DML statements: 2 out of 150
  Number of DML rows: 2 out of 10000
  Maximum CPU time: 0 out of 10000
  Maximum heap size: 0 out of 6000000
  Number of callouts: 0 out of 100
  Number of Email Invocations: 0 out of 10
  Number of future calls: 0 out of 50
  Number of queueable jobs added to the queue: 0 out of 50
  Number of Mobile Apex push calls: 0 out of 10

14:05:28.79 (79034031)|CUMULATIVE_LIMIT_USAGE_END

14:05:28.0 (79943531)|CODE_UNIT_FINISHED|AccountTrigger on Account trigger event BeforeUpdate
14:05:28.0 (80866924)|CODE_UNIT_STARTED|[EXTERNAL]|DuplicateDetector
14:05:28.0 (80882328)|DUPLICATE_DETECTION_BEGIN
14:05:28.0 (80927657)|DUPLICATE_DETECTION_RULE_INVOCATION|DuplicateRuleId:0Bm1r0000018X88|DuplicateRuleName:Standard Account Duplicate Rule|DmlType:UPDATE
14:05:28.0 (80963737)|DUPLICATE_DETECTION_END
14:05:28.0 (80968261)|CODE_UNIT_FINISHED|DuplicateDetector
14:05:28.0 (92376076)|DML_END|[64]
14:05:28.0 (92429048)|HEAP_ALLOCATE|[EXTERNAL]|Bytes:8
14:05:28.0 (92457712)|SYSTEM_MODE_EXIT|false
14:05:28.0 (92478705)|METHOD_EXIT|[10]|01p1r000009oS6S|TaskMethods.CerrarTarea(List<Task>, Map<Id,Task>)
14:05:28.92 (92498287)|CUMULATIVE_LIMIT_USAGE
14:05:28.92 (92498287)|LIMIT_USAGE_FOR_NS|(default)|
  Number of SOQL queries: 4 out of 100
  Number of query rows: 21 out of 50000
  Number of SOSL queries: 0 out of 20
  Number of DML statements: 2 out of 150
  Number of DML rows: 2 out of 10000
  Maximum CPU time: 0 out of 10000
  Maximum heap size: 0 out of 6000000
  Number of callouts: 0 out of 100
  Number of Email Invocations: 0 out of 10
  Number of future calls: 0 out of 50
  Number of queueable jobs added to the queue: 0 out of 50
  Number of Mobile Apex push calls: 0 out of 10

14:05:28.92 (92498287)|CUMULATIVE_LIMIT_USAGE_END

14:05:28.0 (93733811)|CODE_UNIT_FINISHED|TaskTrigger on Task trigger event AfterUpdate
14:05:28.0 (94558299)|EXECUTION_FINISHED
14:05:28.100 (100411659)|USER_INFO|[EXTERNAL]|0051r000007Oz5Q|lydia.abril@gmail.com|hora estándar de Europa central|GMT+02:00
14:05:28.100 (100436715)|EXECUTION_STARTED
14:05:28.100 (100440741)|CODE_UNIT_STARTED|[EXTERNAL]|DuplicateDetector
14:05:28.100 (100453306)|DUPLICATE_DETECTION_BEGIN
14:05:28.100 (100524616)|DUPLICATE_DETECTION_RULE_INVOCATION|DuplicateRuleId:0Bm1r0000018X88|DuplicateRuleName:Standard Account Duplicate Rule|DmlType:UPDATE
14:05:28.100 (113007066)|DUPLICATE_DETECTION_END
14:05:28.100 (113031465)|CODE_UNIT_FINISHED|DuplicateDetector
14:05:28.100 (113990056)|EXECUTION_FINISHED
