36.0 APEX_CODE,FINEST;APEX_PROFILING,INFO;CALLOUT,INFO;DB,INFO;SYSTEM,DEBUG;VALIDATION,INFO;VISUALFORCE,INFO;WAVE,INFO;WORKFLOW,INFO
09:15:38.0 (374018)|USER_INFO|[EXTERNAL]|0051r000007Oz5Q|lydia.abril@gmail.com|hora estándar de Europa central|GMT+02:00
09:15:38.0 (422952)|EXECUTION_STARTED
09:15:38.0 (427943)|CODE_UNIT_STARTED|[EXTERNAL]|01p1r000009on3X|TarjetaTest.testCrearOportunidad
09:15:38.0 (714570)|HEAP_ALLOCATE|[72]|Bytes:3
09:15:38.0 (790909)|HEAP_ALLOCATE|[77]|Bytes:152
09:15:38.0 (814216)|HEAP_ALLOCATE|[342]|Bytes:408
09:15:38.0 (839497)|HEAP_ALLOCATE|[355]|Bytes:408
09:15:38.0 (881908)|HEAP_ALLOCATE|[467]|Bytes:48
09:15:38.0 (921037)|HEAP_ALLOCATE|[139]|Bytes:6
09:15:38.0 (940934)|HEAP_ALLOCATE|[EXTERNAL]|Bytes:50
09:15:38.0 (1000050)|METHOD_ENTRY|[2]|01p1r000009on3X|TarjetaTest.TarjetaTest()
09:15:38.0 (1012426)|STATEMENT_EXECUTE|[2]
09:15:38.0 (1019545)|STATEMENT_EXECUTE|[2]
09:15:38.0 (1035787)|METHOD_EXIT|[2]|TarjetaTest
09:15:38.0 (1284169)|HEAP_ALLOCATE|[50]|Bytes:5
09:15:38.0 (1313657)|HEAP_ALLOCATE|[56]|Bytes:5
09:15:38.0 (1325174)|HEAP_ALLOCATE|[64]|Bytes:7
09:15:38.0 (1371976)|STATEMENT_EXECUTE|[4]
09:15:38.0 (1375182)|STATEMENT_EXECUTE|[6]
09:15:38.0 (1379357)|HEAP_ALLOCATE|[6]|Bytes:51
09:15:38.0 (1403752)|HEAP_ALLOCATE|[6]|Bytes:4
09:15:38.0 (1615677)|SOQL_EXECUTE_BEGIN|[6]|Aggregations:0|SELECT Alias FROM User WHERE Alias = 'test' LIMIT 1
09:15:38.0 (6678922)|SOQL_EXECUTE_END|[6]|Rows:1
09:15:38.0 (6702093)|HEAP_ALLOCATE|[6]|Bytes:8
09:15:38.0 (6717659)|HEAP_ALLOCATE|[6]|Bytes:42
09:15:38.0 (6807762)|HEAP_ALLOCATE|[6]|Bytes:8
09:15:38.0 (6819607)|HEAP_ALLOCATE|[6]|Bytes:30
09:15:38.0 (6867302)|HEAP_ALLOCATE|[6]|Bytes:12
09:15:38.0 (6876617)|VARIABLE_SCOPE_BEGIN|[6]|userAborda|User|true|false
09:15:38.0 (7045015)|VARIABLE_ASSIGNMENT|[6]|userAborda|{"Alias":"test","Id":"0051r00000894UtAAI"}|0x1fce0bd4
09:15:38.0 (7053753)|STATEMENT_EXECUTE|[8]
09:15:38.0 (7084012)|HEAP_ALLOCATE|[8]|Bytes:4
09:15:38.0 (7153661)|HEAP_ALLOCATE|[8]|Bytes:13
09:15:38.0 (7191096)|VARIABLE_ASSIGNMENT|[8]|this.Name|"CuentaPrueba0"|0x1f02b363
09:15:38.0 (7218586)|VARIABLE_SCOPE_BEGIN|[8]|oAccount|Account|true|false
09:15:38.0 (7233085)|VARIABLE_ASSIGNMENT|[8]|oAccount|{"Name":"CuentaPrueba0"}|0x1f02b363
09:15:38.0 (7239114)|STATEMENT_EXECUTE|[9]
09:15:38.0 (7255450)|HEAP_ALLOCATE|[9]|Bytes:8
09:15:38.0 (7266208)|DML_BEGIN|[9]|Op:Insert|Type:Account|Rows:1
09:15:38.0 (7289754)|HEAP_ALLOCATE|[EXTERNAL]|Bytes:8
09:15:38.0 (15374816)|CODE_UNIT_STARTED|[EXTERNAL]|DuplicateDetector
09:15:38.0 (15412536)|DUPLICATE_DETECTION_BEGIN
09:15:38.0 (15929902)|DUPLICATE_DETECTION_RULE_INVOCATION|DuplicateRuleId:0Bm1r0000018X88|DuplicateRuleName:Standard Account Duplicate Rule|DmlType:INSERT
09:15:38.0 (34398653)|DUPLICATE_DETECTION_MATCH_INVOCATION_DETAILS|EntityType:Account|ActionTaken:Allow_[Alert,Report]|DuplicateRecordIds:
09:15:38.0 (34433056)|DUPLICATE_DETECTION_MATCH_INVOCATION_SUMMARY|EntityType:Account|NumRecordsToBeSaved:1|NumRecordsToBeSavedWithDuplicates:0|NumDuplicateRecordsFound:0
09:15:38.0 (34614287)|DUPLICATE_DETECTION_END
09:15:38.0 (34622093)|CODE_UNIT_FINISHED|DuplicateDetector
09:15:38.0 (62446538)|DML_END|[9]
09:15:38.0 (62481385)|STATEMENT_EXECUTE|[11]
09:15:38.0 (62542026)|HEAP_ALLOCATE|[11]|Bytes:4
09:15:38.0 (62641391)|HEAP_ALLOCATE|[11]|Bytes:15
09:15:38.0 (62689862)|VARIABLE_ASSIGNMENT|[11]|this.LastName|"ContactoPrueba0"|0x23602493
09:15:38.0 (62697969)|HEAP_ALLOCATE|[11]|Bytes:9
09:15:38.0 (62716754)|VARIABLE_ASSIGNMENT|[11]|this.Nif__c|"47898592B"|0x23602493
09:15:38.0 (62762522)|VARIABLE_ASSIGNMENT|[11]|this.AccountId|"0011r00001nnQA7AAM"|0x23602493
09:15:38.0 (62782211)|VARIABLE_ASSIGNMENT|[11]|this.Premium__c|true|0x23602493
09:15:38.0 (62817283)|VARIABLE_SCOPE_BEGIN|[11]|oContact|Contact|true|false
09:15:38.0 (62841540)|VARIABLE_ASSIGNMENT|[11]|oContact|{"LastName":"ContactoPrueba0","Nif__c":"47898592B","AccountId":"0011r00001nnQA7AAM","Premium__c":true}|0x23602493
09:15:38.0 (62848149)|STATEMENT_EXECUTE|[12]
09:15:38.0 (62876983)|HEAP_ALLOCATE|[12]|Bytes:8
09:15:38.0 (62888083)|DML_BEGIN|[12]|Op:Insert|Type:Contact|Rows:1
09:15:38.0 (62928042)|HEAP_ALLOCATE|[EXTERNAL]|Bytes:8
09:15:38.0 (69521868)|CODE_UNIT_STARTED|[EXTERNAL]|01q1r000000j4Bx|ContactTrigger on Contact trigger event BeforeInsert
09:15:38.0 (69559632)|HEAP_ALLOCATE|[EXTERNAL]|Bytes:8
09:15:38.0 (69677338)|HEAP_ALLOCATE|[EXTERNAL]|Bytes:8
09:15:38.0 (69694955)|VARIABLE_SCOPE_BEGIN|[1]|this|ContactTrigger|true|false
09:15:38.0 (69771202)|VARIABLE_ASSIGNMENT|[1]|this|{}|0x29626814
09:15:38.0 (69849424)|HEAP_ALLOCATE|[EXTERNAL]|Bytes:8
09:15:38.0 (69929844)|VARIABLE_SCOPE_BEGIN|[1]|this|ContactTrigger|true|false
09:15:38.0 (69949829)|VARIABLE_ASSIGNMENT|[1]|this|{}|0x29626814
09:15:38.0 (69958497)|STATEMENT_EXECUTE|[1]
09:15:38.0 (69961047)|STATEMENT_EXECUTE|[3]
09:15:38.0 (70389066)|VARIABLE_ASSIGNMENT|[3]|this.listNew|[{"IsDeleted":false,"AccountId":"0011r00001nnQA7AAM","IsEmailBounced":false,"CleanStatus":"Pending","DoNotCall":false,"OwnerId":"0051r000007Oz5QAAS","Premium__c":true,"HasOptedOutOfEmail":false,"HasOptedOutOfFax":false,"Nif__c":"47898592B","LastName":"ContactoPrueba0"}]|0x29626814
09:15:38.0 (70413568)|STATEMENT_EXECUTE|[5]
09:15:38.0 (70421123)|STATEMENT_EXECUTE|[6]
09:15:38.0 (70423012)|STATEMENT_EXECUTE|[7]
09:15:38.0 (71564264)|HEAP_ALLOCATE|[7]|Bytes:1
09:15:38.0 (71602723)|METHOD_ENTRY|[1]|01p1r000008aKc5|ContactMethods.ContactMethods()
09:15:38.0 (71609702)|STATEMENT_EXECUTE|[1]
09:15:38.0 (71614862)|STATEMENT_EXECUTE|[1]
09:15:38.0 (71968046)|SYSTEM_MODE_ENTER|false
09:15:38.0 (71984219)|HEAP_ALLOCATE|[7]|Bytes:5
09:15:38.0 (71995128)|SYSTEM_MODE_EXIT|false
09:15:38.0 (72005937)|METHOD_EXIT|[1]|ContactMethods
09:15:38.0 (72028676)|METHOD_ENTRY|[7]|01p1r000008aKc5|ContactMethods.ValidarNif(List<Contact>)
09:15:38.0 (72055257)|VARIABLE_SCOPE_BEGIN|[3]|listNew|List<Contact>|true|false
09:15:38.0 (72272677)|VARIABLE_ASSIGNMENT|[3]|listNew|[{"IsDeleted":false,"AccountId":"0011r00001nnQA7AAM","IsEmailBounced":false,"CleanStatus":"Pending","DoNotCall":false,"OwnerId":"0051r000007Oz5QAAS","Premium__c":true,"HasOptedOutOfEmail":false,"HasOptedOutOfFax":false,"Nif__c":"47898592B","LastName":"ContactoPrueba0"}]|0x56ac3f9a
09:15:38.0 (72307446)|SYSTEM_MODE_ENTER|false
09:15:38.0 (72315253)|HEAP_ALLOCATE|[5]|Bytes:5
09:15:38.0 (72320932)|STATEMENT_EXECUTE|[3]
09:15:38.0 (72417168)|STATEMENT_EXECUTE|[5]
09:15:38.0 (72557642)|HEAP_ALLOCATE|[7]|Bytes:5
09:15:38.0 (72586824)|HEAP_ALLOCATE|[7]|Bytes:4
09:15:38.0 (72595937)|VARIABLE_SCOPE_BEGIN|[7]|inContact|Contact|true|false
09:15:38.0 (72826062)|VARIABLE_ASSIGNMENT|[7]|inContact|{"IsDeleted":false,"AccountId":"0011r00001nnQA7AAM","IsEmailBounced":false,"CleanStatus":"Pending","DoNotCall":false,"OwnerId":"0051r000007Oz5QAAS","Premium__c":true,"HasOptedOutOfEmail":false,"HasOptedOutOfFax":false,"Nif__c":"47898592B","LastName":"ContactoPrueba0"}|0x6e1f686c
09:15:38.0 (72838530)|STATEMENT_EXECUTE|[7]
09:15:38.0 (73678342)|HEAP_ALLOCATE|[8]|Bytes:1
09:15:38.0 (73688955)|HEAP_ALLOCATE|[8]|Bytes:7
09:15:38.0 (73700244)|METHOD_ENTRY|[1]|01p1r000009oduV|Utils.Utils()
09:15:38.0 (73706335)|STATEMENT_EXECUTE|[1]
09:15:38.0 (73711499)|STATEMENT_EXECUTE|[1]
09:15:38.0 (73723185)|HEAP_ALLOCATE|[8]|Bytes:5
09:15:38.0 (73731812)|METHOD_EXIT|[1]|Utils
09:15:38.0 (73748518)|METHOD_ENTRY|[8]|01p1r000009oduV|Utils.isNifNie(String)
09:15:38.0 (73767122)|VARIABLE_SCOPE_BEGIN|[3]|nif|String|false|false
09:15:38.0 (73778757)|VARIABLE_ASSIGNMENT|[3]|nif|"47898592B"
09:15:38.0 (73798047)|HEAP_ALLOCATE|[5]|Bytes:5
09:15:38.0 (73803126)|STATEMENT_EXECUTE|[3]
09:15:38.0 (73804966)|STATEMENT_EXECUTE|[5]
09:15:38.0 (73808275)|HEAP_ALLOCATE|[5]|Bytes:4
09:15:38.0 (73827266)|HEAP_ALLOCATE|[5]|Bytes:13
09:15:38.0 (73877174)|USER_DEBUG|[5]|DEBUG|NIF 47898592B
09:15:38.0 (73916877)|HEAP_ALLOCATE|[7]|Bytes:9
09:15:38.0 (73928456)|HEAP_ALLOCATE|[7]|Bytes:1
09:15:38.0 (73952003)|HEAP_ALLOCATE|[7]|Bytes:9
09:15:38.0 (73960121)|HEAP_ALLOCATE|[7]|Bytes:1
09:15:38.0 (73975787)|HEAP_ALLOCATE|[7]|Bytes:9
09:15:38.0 (73983183)|HEAP_ALLOCATE|[7]|Bytes:1
09:15:38.0 (73995999)|STATEMENT_EXECUTE|[7]
09:15:38.0 (73997943)|STATEMENT_EXECUTE|[11]
09:15:38.0 (74000373)|HEAP_ALLOCATE|[11]|Bytes:59
09:15:38.0 (74033165)|HEAP_ALLOCATE|[11]|Bytes:24
09:15:38.0 (74042140)|SYSTEM_METHOD_ENTRY|[1]|Pattern.Pattern()
09:15:38.0 (74046864)|STATEMENT_EXECUTE|[1]
09:15:38.0 (74052143)|SYSTEM_METHOD_EXIT|[1]|Pattern
09:15:38.0 (74061584)|METHOD_ENTRY|[11]||System.Pattern.compile(String)
09:15:38.0 (74242086)|METHOD_EXIT|[11]||System.Pattern.compile(String)
09:15:38.0 (74254044)|VARIABLE_SCOPE_BEGIN|[11]|nifPattern|System.Pattern|true|false
09:15:38.0 (74284928)|VARIABLE_ASSIGNMENT|[11]|nifPattern|{"delegate":"0xb2c6aa0"}|0x63f952df
09:15:38.0 (74292772)|STATEMENT_EXECUTE|[12]
09:15:38.0 (74302640)|METHOD_ENTRY|[12]||System.Pattern.matcher(String)
09:15:38.0 (74450581)|METHOD_EXIT|[12]||System.Pattern.matcher(String)
09:15:38.0 (74457461)|VARIABLE_SCOPE_BEGIN|[12]|m|System.Matcher|true|false
09:15:38.0 (74479955)|VARIABLE_ASSIGNMENT|[12]|m|{"delegate":"0x37ff0c73"}|0x648609f9
09:15:38.0 (74494370)|METHOD_ENTRY|[13]||System.Matcher.matches()
09:15:38.0 (74548422)|METHOD_EXIT|[13]||System.Matcher.matches()
09:15:38.0 (74555521)|STATEMENT_EXECUTE|[13]
09:15:38.0 (74557542)|STATEMENT_EXECUTE|[14]
09:15:38.0 (74565749)|METHOD_ENTRY|[14]||System.Matcher.group(Integer)
09:15:38.0 (74614303)|METHOD_EXIT|[14]||System.Matcher.group(Integer)
09:15:38.0 (74620290)|VARIABLE_SCOPE_BEGIN|[14]|letra|String|false|false
09:15:38.0 (74630317)|VARIABLE_ASSIGNMENT|[14]|letra|"B"
09:15:38.0 (74635709)|STATEMENT_EXECUTE|[16]
09:15:38.0 (74638796)|HEAP_ALLOCATE|[16]|Bytes:23
09:15:38.0 (74643869)|VARIABLE_SCOPE_BEGIN|[16]|letras|String|false|false
09:15:38.0 (74653977)|VARIABLE_ASSIGNMENT|[16]|letras|"TRWAGMYFPDXBNJZSQVHL (3 more) ..."
09:15:38.0 (74658397)|STATEMENT_EXECUTE|[17]
09:15:38.0 (74663931)|METHOD_ENTRY|[17]||System.Matcher.group(Integer)
09:15:38.0 (74691940)|METHOD_EXIT|[17]||System.Matcher.group(Integer)
09:15:38.0 (74713297)|VARIABLE_SCOPE_BEGIN|[17]|dni|Integer|false|false
09:15:38.0 (74720062)|HEAP_ALLOCATE|[17]|Bytes:4
09:15:38.0 (74727194)|VARIABLE_ASSIGNMENT|[17]|dni|47898592
09:15:38.0 (74731927)|STATEMENT_EXECUTE|[18]
09:15:38.0 (74758716)|VARIABLE_SCOPE_BEGIN|[2]|Math.E|Double|false|true
09:15:38.0 (74766485)|VARIABLE_SCOPE_BEGIN|[3]|Math.PI|Double|false|true
09:15:38.0 (74777087)|HEAP_ALLOCATE|[18]|Bytes:206
09:15:38.0 (74786030)|SYSTEM_METHOD_ENTRY|[1]|Math.Math()
09:15:38.0 (74790121)|STATEMENT_EXECUTE|[1]
09:15:38.0 (74842804)|SYSTEM_METHOD_EXIT|[1]|Math
09:15:38.0 (74852549)|METHOD_ENTRY|[18]||System.Math.mod(Integer, Integer)
09:15:38.0 (74906985)|METHOD_EXIT|[18]||System.Math.mod(Integer, Integer)
09:15:38.0 (74912499)|HEAP_ALLOCATE|[18]|Bytes:4
09:15:38.0 (74918735)|VARIABLE_ASSIGNMENT|[18]|dni|11
09:15:38.0 (74923632)|STATEMENT_EXECUTE|[20]
09:15:38.0 (74948949)|HEAP_ALLOCATE|[20]|Bytes:1
09:15:38.0 (74959824)|VARIABLE_SCOPE_BEGIN|[20]|reference|String|false|false
09:15:38.0 (74968930)|VARIABLE_ASSIGNMENT|[20]|reference|"B"
09:15:38.0 (74991993)|STATEMENT_EXECUTE|[22]
09:15:38.0 (74994021)|STATEMENT_EXECUTE|[23]
09:15:38.0 (74997044)|HEAP_ALLOCATE|[23]|Bytes:21
09:15:38.0 (75001279)|HEAP_ALLOCATE|[23]|Bytes:1
09:15:38.0 (75010228)|HEAP_ALLOCATE|[23]|Bytes:24
09:15:38.0 (75026141)|USER_DEBUG|[23]|DEBUG|son iguales. Es NIF. B B
09:15:38.0 (75034830)|STATEMENT_EXECUTE|[24]
09:15:38.0 (75039315)|HEAP_ALLOCATE|[24]|Bytes:5
09:15:38.0 (75048407)|METHOD_EXIT|[8]|01p1r000009oduV|Utils.isNifNie(String)
09:15:38.0 (75059258)|STATEMENT_EXECUTE|[8]
09:15:38.0 (75067856)|HEAP_ALLOCATE|[7]|Bytes:5
09:15:38.0 (75080014)|VARIABLE_ASSIGNMENT|[7]|inContact|null|
09:15:38.0 (75087034)|SYSTEM_MODE_EXIT|false
09:15:38.0 (75093869)|METHOD_EXIT|[7]|01p1r000008aKc5|ContactMethods.ValidarNif(List<Contact>)
09:15:38.75 (75101571)|CUMULATIVE_LIMIT_USAGE
09:15:38.75 (75101571)|LIMIT_USAGE_FOR_NS|(default)|
  Number of SOQL queries: 1 out of 100
  Number of query rows: 1 out of 50000
  Number of SOSL queries: 0 out of 20
  Number of DML statements: 2 out of 150
  Number of DML rows: 2 out of 10000
  Maximum CPU time: 0 out of 10000
  Maximum heap size: 0 out of 6000000
  Number of callouts: 0 out of 100
  Number of Email Invocations: 0 out of 10
  Number of future calls: 0 out of 50
  Number of queueable jobs added to the queue: 0 out of 50
  Number of Mobile Apex push calls: 0 out of 10

09:15:38.75 (75101571)|CUMULATIVE_LIMIT_USAGE_END

09:15:38.0 (76186880)|CODE_UNIT_FINISHED|ContactTrigger on Contact trigger event BeforeInsert
09:15:38.0 (80027588)|CODE_UNIT_STARTED|[EXTERNAL]|DuplicateDetector
09:15:38.0 (80042735)|DUPLICATE_DETECTION_BEGIN
09:15:38.0 (80098402)|DUPLICATE_DETECTION_RULE_INVOCATION|DuplicateRuleId:0Bm1r0000018X89|DuplicateRuleName:Standard Contact Duplicate Rule|DmlType:INSERT
09:15:38.0 (143197203)|DUPLICATE_DETECTION_MATCH_INVOCATION_DETAILS|EntityType:Contact|ActionTaken:Allow_[Alert,Report]|DuplicateRecordIds:
09:15:38.0 (143222022)|DUPLICATE_DETECTION_MATCH_INVOCATION_SUMMARY|EntityType:Contact|NumRecordsToBeSaved:1|NumRecordsToBeSavedWithDuplicates:0|NumDuplicateRecordsFound:0
09:15:38.0 (143232785)|DUPLICATE_DETECTION_MATCH_INVOCATION_DETAILS|EntityType:Contact|ActionTaken:Allow_[Alert,Report]|DuplicateRecordIds:
09:15:38.0 (143240483)|DUPLICATE_DETECTION_MATCH_INVOCATION_SUMMARY|EntityType:Contact|NumRecordsToBeSaved:1|NumRecordsToBeSavedWithDuplicates:0|NumDuplicateRecordsFound:0
09:15:38.0 (143357565)|DUPLICATE_DETECTION_END
09:15:38.0 (143364000)|CODE_UNIT_FINISHED|DuplicateDetector
09:15:38.0 (159311882)|DML_END|[12]
09:15:38.0 (159342394)|STATEMENT_EXECUTE|[14]
09:15:38.0 (159407995)|HEAP_ALLOCATE|[14]|Bytes:4
09:15:38.0 (159556590)|HEAP_ALLOCATE|[14]|Bytes:4
09:15:38.0 (159620434)|HEAP_ALLOCATE|[14]|Bytes:28
09:15:38.0 (159669380)|VARIABLE_ASSIGNMENT|[14]|this.A_o_caducidad__c|2019|0x1b647d37
09:15:38.0 (159723548)|VARIABLE_ASSIGNMENT|[14]|this.Contacto__c|"0031r000024jmXgAAI"|0x1b647d37
09:15:38.0 (159747575)|HEAP_ALLOCATE|[16]|Bytes:4
09:15:38.0 (159782302)|HEAP_ALLOCATE|[14]|Bytes:28
09:15:38.0 (159786977)|HEAP_ALLOCATE|[14]|Bytes:28
09:15:38.0 (159807826)|VARIABLE_ASSIGNMENT|[14]|this.Mes_de_caducidad__c|4|0x1b647d37
09:15:38.0 (159817224)|HEAP_ALLOCATE|[17]|Bytes:16
09:15:38.0 (159833875)|VARIABLE_ASSIGNMENT|[14]|this.N_tarjeta__c|"1234567891234567"|0x1b647d37
09:15:38.0 (159841785)|HEAP_ALLOCATE|[18]|Bytes:7
09:15:38.0 (159854873)|VARIABLE_ASSIGNMENT|[14]|this.Tarjeta__c|"Crédito"|0x1b647d37
09:15:38.0 (159868915)|HEAP_ALLOCATE|[19]|Bytes:10
09:15:38.0 (159883935)|VARIABLE_ASSIGNMENT|[14]|this.Tipo_de_tarjeta__c|"MasterCard"|0x1b647d37
09:15:38.0 (159890349)|HEAP_ALLOCATE|[20]|Bytes:8
09:15:38.0 (159907264)|VARIABLE_ASSIGNMENT|[14]|this.Name|"Tarjeta0"|0x1b647d37
09:15:38.0 (159935982)|VARIABLE_ASSIGNMENT|[14]|this.OwnerId|"0051r00000894UtAAI"|0x1b647d37
09:15:38.0 (159968248)|VARIABLE_SCOPE_BEGIN|[14]|oTarjeta|Tarjeta_de_cr_dito__c|true|false
09:15:38.0 (159995514)|VARIABLE_ASSIGNMENT|[14]|oTarjeta|{"A_o_caducidad__c":2019,"Contacto__c":"0031r000024jmXgAAI","Mes_de_caducidad__c":4,"N_tarjeta__c":"1234567891234567","Tarjeta__c":"Crédito","Tipo_de_tarjeta__c":"MasterCard","Name":"Tarjeta0","OwnerId":"0051r00000894UtAAI"}|0x1b647d37
09:15:38.0 (160004679)|STATEMENT_EXECUTE|[23]
09:15:38.0 (160024453)|HEAP_ALLOCATE|[23]|Bytes:8
09:15:38.0 (160035508)|DML_BEGIN|[23]|Op:Insert|Type:Tarjeta_de_cr_dito__c|Rows:1
09:15:38.0 (160071332)|HEAP_ALLOCATE|[EXTERNAL]|Bytes:8
09:15:38.0 (165009965)|CODE_UNIT_STARTED|[EXTERNAL]|01q1r000000j7QT|TarjetaTrigger on Tarjeta_de_cr_dito trigger event BeforeInsert
09:15:38.0 (165042031)|HEAP_ALLOCATE|[EXTERNAL]|Bytes:8
09:15:38.0 (165140293)|HEAP_ALLOCATE|[EXTERNAL]|Bytes:8
09:15:38.0 (165156099)|VARIABLE_SCOPE_BEGIN|[1]|this|TarjetaTrigger|true|false
09:15:38.0 (165202870)|VARIABLE_ASSIGNMENT|[1]|this|{}|0x114345c9
09:15:38.0 (165255665)|HEAP_ALLOCATE|[EXTERNAL]|Bytes:8
09:15:38.0 (165315783)|VARIABLE_SCOPE_BEGIN|[1]|this|TarjetaTrigger|true|false
09:15:38.0 (165331230)|VARIABLE_ASSIGNMENT|[1]|this|{}|0x114345c9
09:15:38.0 (165339227)|STATEMENT_EXECUTE|[1]
09:15:38.0 (165341586)|STATEMENT_EXECUTE|[3]
09:15:38.0 (165572043)|VARIABLE_ASSIGNMENT|[3]|this.listNew|[{"Tipo_de_tarjeta__c":"MasterCard","A_o_caducidad__c":2019,"Contacto__c":"0031r000024jmXgAAI","IsDeleted":false,"OwnerId":"0051r00000894UtAAI","Mes_de_caducidad__c":4,"Tarjeta__c":"Crédito","Name":"Tarjeta0","N_tarjeta__c":"1234567891234567"}]|0x114345c9
09:15:38.0 (165594946)|STATEMENT_EXECUTE|[5]
09:15:38.0 (165600933)|STATEMENT_EXECUTE|[6]
09:15:38.0 (165602659)|STATEMENT_EXECUTE|[7]
09:15:38.0 (166830825)|HEAP_ALLOCATE|[7]|Bytes:1
09:15:38.0 (166842327)|HEAP_ALLOCATE|[7]|Bytes:7
09:15:38.0 (166857778)|METHOD_ENTRY|[1]|01p1r000009oldq|TarjetaMethods.TarjetaMethods()
09:15:38.0 (166868962)|STATEMENT_EXECUTE|[1]
09:15:38.0 (166874158)|STATEMENT_EXECUTE|[1]
09:15:38.0 (167221698)|SYSTEM_MODE_ENTER|false
09:15:38.0 (167233832)|HEAP_ALLOCATE|[7]|Bytes:5
09:15:38.0 (167242289)|SYSTEM_MODE_EXIT|false
09:15:38.0 (167253098)|METHOD_EXIT|[1]|TarjetaMethods
09:15:38.0 (167275200)|METHOD_ENTRY|[7]|01p1r000009oldq|TarjetaMethods.CrearOportunidad(List<Tarjeta_de_cr_dito__c>)
09:15:38.0 (167301439)|VARIABLE_SCOPE_BEGIN|[3]|listTarjetas|List<Tarjeta_de_cr_dito__c>|true|false
09:15:38.0 (167399934)|VARIABLE_ASSIGNMENT|[3]|listTarjetas|[{"Tipo_de_tarjeta__c":"MasterCard","A_o_caducidad__c":2019,"Contacto__c":"0031r000024jmXgAAI","IsDeleted":false,"OwnerId":"0051r00000894UtAAI","Mes_de_caducidad__c":4,"Tarjeta__c":"Crédito","Name":"Tarjeta0","N_tarjeta__c":"1234567891234567"}]|0x5eebb97f
09:15:38.0 (167431422)|SYSTEM_MODE_ENTER|false
09:15:38.0 (167439229)|HEAP_ALLOCATE|[5]|Bytes:5
09:15:38.0 (167445232)|STATEMENT_EXECUTE|[3]
09:15:38.0 (167516092)|STATEMENT_EXECUTE|[5]
09:15:38.0 (167518332)|STATEMENT_EXECUTE|[7]
09:15:38.0 (167532485)|HEAP_ALLOCATE|[7]|Bytes:4
09:15:38.0 (167729946)|SOQL_EXECUTE_BEGIN|[7]|Aggregations:0|SELECT Alias FROM User WHERE Alias = 'test' LIMIT 1
09:15:38.0 (176816348)|SOQL_EXECUTE_END|[7]|Rows:1
09:15:38.0 (176838111)|HEAP_ALLOCATE|[7]|Bytes:8
09:15:38.0 (176854171)|HEAP_ALLOCATE|[7]|Bytes:42
09:15:38.0 (176890990)|HEAP_ALLOCATE|[7]|Bytes:8
09:15:38.0 (176915273)|HEAP_ALLOCATE|[7]|Bytes:12
09:15:38.0 (176921986)|VARIABLE_SCOPE_BEGIN|[7]|userAborda|User|true|false
09:15:38.0 (176942055)|VARIABLE_ASSIGNMENT|[7]|userAborda|{"Alias":"test","Id":"0051r00000894UtAAI"}|0x77b5500b
09:15:38.0 (176949947)|STATEMENT_EXECUTE|[9]
09:15:38.0 (176953626)|HEAP_ALLOCATE|[9]|Bytes:46
09:15:38.0 (177036146)|HEAP_ALLOCATE|[9]|Bytes:40
09:15:38.0 (177065546)|HEAP_ALLOCATE|[9]|Bytes:86
09:15:38.0 (177081382)|USER_DEBUG|[9]|DEBUG|TarjetaMethods.CrearOportunidad :: userAborda User:{Alias=test, Id=0051r00000894UtAAI}
09:15:38.0 (177193942)|HEAP_ALLOCATE|[11]|Bytes:5
09:15:38.0 (177212660)|HEAP_ALLOCATE|[11]|Bytes:4
09:15:38.0 (177220385)|VARIABLE_SCOPE_BEGIN|[11]|inTarjeta|Tarjeta_de_cr_dito__c|true|false
09:15:38.0 (177340842)|VARIABLE_ASSIGNMENT|[11]|inTarjeta|{"Tipo_de_tarjeta__c":"MasterCard","A_o_caducidad__c":2019,"Contacto__c":"0031r000024jmXgAAI","IsDeleted":false,"OwnerId":"0051r00000894UtAAI","Mes_de_caducidad__c":4,"Tarjeta__c":"Crédito","Name":"Tarjeta0","N_tarjeta__c":"1234567891234567"}|0x77f8d385
09:15:38.0 (177352672)|STATEMENT_EXECUTE|[11]
09:15:38.0 (177415997)|STATEMENT_EXECUTE|[14]
09:15:38.0 (177418479)|STATEMENT_EXECUTE|[16]
09:15:38.0 (177422937)|HEAP_ALLOCATE|[16]|Bytes:67
09:15:38.0 (177436723)|HEAP_ALLOCATE|[16]|Bytes:4
09:15:38.0 (177443556)|HEAP_ALLOCATE|[16]|Bytes:7
09:15:38.0 (177641142)|SOQL_EXECUTE_BEGIN|[16]|Aggregations:0|SELECT Name, Premium__c, AccountId FROM Contact WHERE Id = :tmpVar1
09:15:38.0 (181264074)|SOQL_EXECUTE_END|[16]|Rows:1
09:15:38.0 (181284583)|HEAP_ALLOCATE|[16]|Bytes:8
09:15:38.0 (181298175)|HEAP_ALLOCATE|[16]|Bytes:101
09:15:38.0 (181325055)|HEAP_ALLOCATE|[16]|Bytes:8
09:15:38.0 (181335956)|HEAP_ALLOCATE|[16]|Bytes:33
09:15:38.0 (181347917)|HEAP_ALLOCATE|[16]|Bytes:20
09:15:38.0 (181354221)|VARIABLE_SCOPE_BEGIN|[16]|oContacto|Contact|true|false
09:15:38.0 (181372840)|VARIABLE_ASSIGNMENT|[16]|oContacto|{"Name":"ContactoPrueba0","Premium__c":true,"AccountId":"0011r00001nnQA7AAM","Id":"0031r000024jmXgAAI"}|0x27928a89
09:15:38.0 (181380236)|STATEMENT_EXECUTE|[18]
09:15:38.0 (181383709)|HEAP_ALLOCATE|[18]|Bytes:45
09:15:38.0 (181444882)|HEAP_ALLOCATE|[18]|Bytes:100
09:15:38.0 (181460638)|HEAP_ALLOCATE|[18]|Bytes:145
09:15:38.0 (181472081)|USER_DEBUG|[18]|DEBUG|TarjetaMethods.CrearOportunidad :: oContacto Contact:{Name=ContactoPrueba0, Premium__c=true, AccountId=0011r00001nnQA7AAM, Id=0031r000024jmXgAAI}
09:15:38.0 (181496709)|STATEMENT_EXECUTE|[21]
09:15:38.0 (181499150)|STATEMENT_EXECUTE|[23]
09:15:38.0 (181532356)|HEAP_ALLOCATE|[23]|Bytes:4
09:15:38.0 (181625272)|VARIABLE_ASSIGNMENT|[23]|this.Name|"ContactoPrueba0"|0x1e437ef6
09:15:38.0 (181651728)|HEAP_ALLOCATE|[24]|Bytes:28
09:15:38.0 (181661006)|HEAP_ALLOCATE|[24]|Bytes:8
09:15:38.0 (181672673)|HEAP_ALLOCATE|[24]|Bytes:28
09:15:38.0 (181677122)|HEAP_ALLOCATE|[24]|Bytes:8
09:15:38.0 (181719989)|HEAP_ALLOCATE|[24]|Bytes:4
09:15:38.0 (181765333)|VARIABLE_ASSIGNMENT|[23]|this.CloseDate|"2019-01-04T00:00:00.000Z"|0x1e437ef6
09:15:38.0 (181773264)|HEAP_ALLOCATE|[25]|Bytes:11
09:15:38.0 (181788342)|VARIABLE_ASSIGNMENT|[23]|this.StageName|"No iniciado"|0x1e437ef6
09:15:38.0 (181818072)|VARIABLE_ASSIGNMENT|[23]|this.AccountId|"0011r00001nnQA7AAM"|0x1e437ef6
09:15:38.0 (181845730)|VARIABLE_SCOPE_BEGIN|[23]|oOpportunity|Opportunity|true|false
09:15:38.0 (181871016)|VARIABLE_ASSIGNMENT|[23]|oOpportunity|{"Name":"ContactoPrueba0","CloseDate":"2019-01-04T00:00:00.000Z","StageName":"No iniciado","AccountId":"0011r00001nnQA7AAM"}|0x1e437ef6
09:15:38.0 (181879112)|STATEMENT_EXECUTE|[29]
09:15:38.0 (181882800)|HEAP_ALLOCATE|[29]|Bytes:48
09:15:38.0 (181935309)|HEAP_ALLOCATE|[29]|Bytes:118
09:15:38.0 (181951467)|HEAP_ALLOCATE|[29]|Bytes:166
09:15:38.0 (181961734)|USER_DEBUG|[29]|DEBUG|TarjetaMethods.CrearOportunidad :: oOpportunity Opportunity:{Name=ContactoPrueba0, CloseDate=2019-01-04 00:00:00, StageName=No iniciado, AccountId=0011r00001nnQA7AAM}
09:15:38.0 (181970734)|STATEMENT_EXECUTE|[31]
09:15:38.0 (181983126)|HEAP_ALLOCATE|[31]|Bytes:8
09:15:38.0 (181995521)|DML_BEGIN|[31]|Op:Insert|Type:Opportunity|Rows:1
09:15:38.0 (182019408)|HEAP_ALLOCATE|[EXTERNAL]|Bytes:8
09:15:38.0 (215234556)|CODE_UNIT_STARTED|[EXTERNAL]|01q1r000000Bcgl|ClosedOpportunityTrigger on Opportunity trigger event AfterInsert
09:15:38.0 (215285298)|HEAP_ALLOCATE|[EXTERNAL]|Bytes:8
09:15:38.0 (215476034)|HEAP_ALLOCATE|[EXTERNAL]|Bytes:8
09:15:38.0 (215490395)|VARIABLE_SCOPE_BEGIN|[1]|this|ClosedOpportunityTrigger|true|false
09:15:38.0 (215552890)|VARIABLE_ASSIGNMENT|[1]|this|{}|0x677a7544
09:15:38.0 (215630120)|HEAP_ALLOCATE|[EXTERNAL]|Bytes:8
09:15:38.0 (215639087)|VARIABLE_SCOPE_BEGIN|[1]|this|ClosedOpportunityTrigger|true|false
09:15:38.0 (215652395)|VARIABLE_ASSIGNMENT|[1]|this|{}|0x677a7544
09:15:38.0 (215662312)|STATEMENT_EXECUTE|[1]
09:15:38.0 (215665273)|STATEMENT_EXECUTE|[3]
09:15:38.0 (215711374)|HEAP_ALLOCATE|[3]|Bytes:4
09:15:38.0 (215798316)|HEAP_ALLOCATE|[EXTERNAL]|Bytes:4
09:15:38.0 (215811284)|VARIABLE_ASSIGNMENT|[3]|this.taskList|[]|0x677a7544
09:15:38.0 (215822653)|HEAP_ALLOCATE|[5]|Bytes:89
09:15:38.0 (215839803)|HEAP_ALLOCATE|[5]|Bytes:4
09:15:38.0 (216166815)|SOQL_EXECUTE_BEGIN|[5]|Aggregations:0|SELECT Id, StageName FROM Opportunity 
09:15:38.0 (223729438)|SOQL_EXECUTE_END|[5]|Rows:0
09:15:38.0 (223909326)|HEAP_ALLOCATE|[5]|Bytes:54
09:15:38.0 (223918961)|HEAP_ALLOCATE|[5]|Bytes:8
09:15:38.0 (223945277)|SYSTEM_METHOD_ENTRY|[7]|QueryLocatorIterator.QueryLocatorIterator()
09:15:38.0 (223950531)|STATEMENT_EXECUTE|[7]
09:15:38.0 (223960209)|SYSTEM_METHOD_EXIT|[7]|QueryLocatorIterator
09:15:38.0 (223969312)|HEAP_ALLOCATE|[5]|Bytes:28
09:15:38.0 (223986082)|HEAP_ALLOCATE|[5]|Bytes:8
09:15:38.0 (223990107)|HEAP_ALLOCATE|[5]|Bytes:8
09:15:38.0 (223995448)|VARIABLE_SCOPE_BEGIN|[15]|this|Database.QueryLocatorIterator|true|false
09:15:38.0 (224048883)|VARIABLE_ASSIGNMENT|[15]|this|{}|0x642ef896
09:15:38.0 (224056494)|VARIABLE_SCOPE_BEGIN|[15]|values|List<SObject>|true|false
09:15:38.0 (224065900)|VARIABLE_ASSIGNMENT|[15]|values|null|
09:15:38.0 (224070353)|VARIABLE_SCOPE_BEGIN|[15]|ql|Database.QueryLocator|true|false
09:15:38.0 (224091382)|VARIABLE_ASSIGNMENT|[15]|ql|{"query":"SELECT Id, StageName (69 more) ..."}|0x671e185f
09:15:38.0 (224097051)|VARIABLE_SCOPE_BEGIN|[15]|totalNumRecords|Integer|false|false
09:15:38.0 (224105370)|VARIABLE_ASSIGNMENT|[15]|totalNumRecords|0
09:15:38.0 (224109476)|VARIABLE_SCOPE_BEGIN|[15]|queryMoreSize|Integer|false|false
09:15:38.0 (224116190)|VARIABLE_ASSIGNMENT|[15]|queryMoreSize|49997
09:15:38.0 (224170524)|HEAP_ALLOCATE|[5]|Bytes:28
09:15:38.0 (224190448)|METHOD_ENTRY|[5]||Database.QueryLocatorIterator.hasNext()
09:15:38.0 (224221408)|METHOD_EXIT|[5]||Database.QueryLocatorIterator.hasNext()
09:15:38.0 (224232097)|VARIABLE_ASSIGNMENT|[5]|opp|null|
09:15:38.0 (224239783)|STATEMENT_EXECUTE|[5]
09:15:38.0 (224284296)|STATEMENT_EXECUTE|[12]
09:15:38.224 (224289513)|CUMULATIVE_LIMIT_USAGE
09:15:38.224 (224289513)|LIMIT_USAGE_FOR_NS|(default)|
  Number of SOQL queries: 4 out of 100
  Number of query rows: 3 out of 50000
  Number of SOSL queries: 0 out of 20
  Number of DML statements: 4 out of 150
  Number of DML rows: 4 out of 10000
  Maximum CPU time: 0 out of 10000
  Maximum heap size: 0 out of 6000000
  Number of callouts: 0 out of 100
  Number of Email Invocations: 0 out of 10
  Number of future calls: 0 out of 50
  Number of queueable jobs added to the queue: 0 out of 50
  Number of Mobile Apex push calls: 0 out of 10

09:15:38.224 (224289513)|CUMULATIVE_LIMIT_USAGE_END

09:15:38.0 (225073879)|CODE_UNIT_FINISHED|ClosedOpportunityTrigger on Opportunity trigger event AfterInsert
09:15:38.0 (226019426)|DML_END|[31]
09:15:38.0 (226054080)|HEAP_ALLOCATE|[11]|Bytes:5
09:15:38.0 (226074785)|VARIABLE_ASSIGNMENT|[11]|inTarjeta|null|
09:15:38.0 (226084532)|SYSTEM_MODE_EXIT|false
09:15:38.0 (226096336)|METHOD_EXIT|[7]|01p1r000009oldq|TarjetaMethods.CrearOportunidad(List<Tarjeta_de_cr_dito__c>)
09:15:38.226 (226106522)|CUMULATIVE_LIMIT_USAGE
09:15:38.226 (226106522)|LIMIT_USAGE_FOR_NS|(default)|
  Number of SOQL queries: 4 out of 100
  Number of query rows: 3 out of 50000
  Number of SOSL queries: 0 out of 20
  Number of DML statements: 4 out of 150
  Number of DML rows: 4 out of 10000
  Maximum CPU time: 0 out of 10000
  Maximum heap size: 0 out of 6000000
  Number of callouts: 0 out of 100
  Number of Email Invocations: 0 out of 10
  Number of future calls: 0 out of 50
  Number of queueable jobs added to the queue: 0 out of 50
  Number of Mobile Apex push calls: 0 out of 10

09:15:38.226 (226106522)|CUMULATIVE_LIMIT_USAGE_END

09:15:38.0 (227219716)|CODE_UNIT_FINISHED|TarjetaTrigger on Tarjeta_de_cr_dito trigger event BeforeInsert
09:15:38.0 (230898352)|CODE_UNIT_STARTED|[EXTERNAL]|Validation:Tarjeta_de_cr_dito:new
09:15:38.0 (230911259)|VALIDATION_RULE|03d1r000000i476|ValidarAno
09:15:38.0 (231115528)|VALIDATION_FORMULA|(A_o_caducidad__c<YEAR(TODAY())) &#124;&#124; 
(A_o_caducidad__c>YEAR(TODAY())+5)|A_o_caducidad__c=2019
09:15:38.0 (231125682)|VALIDATION_PASS
09:15:38.0 (231127908)|VALIDATION_RULE|03d1r000000i47B|ValidarFecha
09:15:38.0 (231229816)|VALIDATION_FORMULA|Mes_de_caducidad__c <   MONTH(TODAY()) && 
A_o_caducidad__c <= YEAR(TODAY())|A_o_caducidad__c=2019 , Mes_de_caducidad__c=4
09:15:38.0 (231236489)|VALIDATION_PASS
09:15:38.0 (231238157)|VALIDATION_RULE|03d1r000000i46X|ValidarMes
09:15:38.0 (231321189)|VALIDATION_FORMULA|(Mes_de_caducidad__c  < 1)  &#124;&#124;  (Mes_de_caducidad__c  > 12)|Mes_de_caducidad__c=4
09:15:38.0 (231327933)|VALIDATION_PASS
09:15:38.0 (231365330)|CODE_UNIT_FINISHED|Validation:Tarjeta_de_cr_dito:new
09:15:38.0 (249892392)|DML_END|[23]
09:15:38.0 (249922797)|STATEMENT_EXECUTE|[27]
09:15:38.0 (249931826)|HEAP_ALLOCATE|[27]|Bytes:83
09:15:38.0 (249957775)|HEAP_ALLOCATE|[27]|Bytes:4
09:15:38.0 (250237456)|SOQL_EXECUTE_BEGIN|[27]|Aggregations:0|SELECT Name, CloseDate, StageName, AccountId FROM Opportunity WHERE Name = :tmpVar1
09:15:38.0 (252761287)|SOQL_EXECUTE_END|[27]|Rows:0
09:15:38.0 (252790423)|HEAP_ALLOCATE|[27]|Bytes:4
09:15:38.0 (252803661)|HEAP_ALLOCATE|[27]|Bytes:0
09:15:38.0 (252864430)|HEAP_ALLOCATE|[27]|Bytes:4
09:15:38.0 (252878782)|HEAP_ALLOCATE|[27]|Bytes:37
09:15:38.0 (252959028)|HEAP_ALLOCATE|[27]|Bytes:46
09:15:38.0 (253039827)|FATAL_ERROR|System.QueryException: List has no rows for assignment to SObject

Class.TarjetaTest.testCrearOportunidad: line 27, column 1
09:15:38.0 (253052958)|FATAL_ERROR|System.QueryException: List has no rows for assignment to SObject

Class.TarjetaTest.testCrearOportunidad: line 27, column 1
09:15:38.253 (253057853)|CUMULATIVE_LIMIT_USAGE
09:15:38.253 (253057853)|LIMIT_USAGE_FOR_NS|(default)|
  Number of SOQL queries: 5 out of 100
  Number of query rows: 3 out of 50000
  Number of SOSL queries: 0 out of 20
  Number of DML statements: 4 out of 150
  Number of DML rows: 4 out of 10000
  Maximum CPU time: 0 out of 10000
  Maximum heap size: 0 out of 6000000
  Number of callouts: 0 out of 100
  Number of Email Invocations: 0 out of 10
  Number of future calls: 0 out of 50
  Number of queueable jobs added to the queue: 0 out of 50
  Number of Mobile Apex push calls: 0 out of 10

09:15:38.253 (253057853)|CUMULATIVE_LIMIT_USAGE_END

09:15:38.0 (253088725)|CODE_UNIT_FINISHED|TarjetaTest.testCrearOportunidad
09:15:38.0 (253896898)|EXECUTION_FINISHED
09:15:38.374 (374023666)|USER_INFO|[EXTERNAL]|0051r000007Oz5Q|lydia.abril@gmail.com|hora estándar de Europa central|GMT+02:00
09:15:38.374 (374050927)|EXECUTION_STARTED
09:15:38.374 (374055032)|CODE_UNIT_STARTED|[EXTERNAL]|DuplicateDetector
09:15:38.374 (374070380)|DUPLICATE_DETECTION_BEGIN
09:15:38.374 (374175055)|DUPLICATE_DETECTION_RULE_INVOCATION|DuplicateRuleId:0Bm1r0000018X89|DuplicateRuleName:Standard Contact Duplicate Rule|DmlType:INSERT
09:15:38.374 (384290633)|DUPLICATE_DETECTION_END
09:15:38.374 (384299089)|CODE_UNIT_FINISHED|DuplicateDetector
09:15:38.374 (385095083)|EXECUTION_FINISHED
09:15:38.386 (386606640)|USER_INFO|[EXTERNAL]|0051r000007Oz5Q|lydia.abril@gmail.com|hora estándar de Europa central|GMT+02:00
09:15:38.386 (386625596)|EXECUTION_STARTED
09:15:38.386 (386628655)|CODE_UNIT_STARTED|[EXTERNAL]|DuplicateDetector
09:15:38.386 (386639295)|DUPLICATE_DETECTION_BEGIN
09:15:38.386 (386682555)|DUPLICATE_DETECTION_RULE_INVOCATION|DuplicateRuleId:0Bm1r0000018X88|DuplicateRuleName:Standard Account Duplicate Rule|DmlType:INSERT
09:15:38.386 (393548731)|DUPLICATE_DETECTION_END
09:15:38.386 (393557193)|CODE_UNIT_FINISHED|DuplicateDetector
09:15:38.386 (394319360)|EXECUTION_FINISHED
