36.0 APEX_CODE,FINEST;APEX_PROFILING,INFO;CALLOUT,INFO;DB,INFO;SYSTEM,DEBUG;VALIDATION,INFO;VISUALFORCE,INFO;WAVE,INFO;WORKFLOW,INFO
09:16:44.0 (75064)|USER_INFO|[EXTERNAL]|0051r000007Oz5Q|lydia.abril@gmail.com|hora estándar de Europa central|GMT+02:00
09:16:44.0 (112222)|EXECUTION_STARTED
09:16:44.0 (116471)|CODE_UNIT_STARTED|[EXTERNAL]|TRIGGERS
09:16:44.0 (852315)|CODE_UNIT_STARTED|[EXTERNAL]|01q1r000000Bdd3|RellenarCuenta on Reserva_Vuelo trigger event BeforeInsert
09:16:44.0 (907344)|HEAP_ALLOCATE|[EXTERNAL]|Bytes:8
09:16:44.0 (1296442)|HEAP_ALLOCATE|[72]|Bytes:3
09:16:44.0 (1341288)|HEAP_ALLOCATE|[77]|Bytes:152
09:16:44.0 (1357199)|HEAP_ALLOCATE|[342]|Bytes:408
09:16:44.0 (1371048)|HEAP_ALLOCATE|[355]|Bytes:408
09:16:44.0 (1381661)|HEAP_ALLOCATE|[467]|Bytes:48
09:16:44.0 (1409200)|HEAP_ALLOCATE|[139]|Bytes:6
09:16:44.0 (1532091)|HEAP_ALLOCATE|[EXTERNAL]|Bytes:8
09:16:44.0 (1546765)|VARIABLE_SCOPE_BEGIN|[1]|this|RellenarCuenta|true|false
09:16:44.0 (1606844)|VARIABLE_ASSIGNMENT|[1]|this|{}|0x69ce8e4f
09:16:44.0 (1652057)|HEAP_ALLOCATE|[EXTERNAL]|Bytes:8
09:16:44.0 (1767988)|VARIABLE_SCOPE_BEGIN|[1]|this|RellenarCuenta|true|false
09:16:44.0 (1783719)|VARIABLE_ASSIGNMENT|[1]|this|{}|0x69ce8e4f
09:16:44.0 (1793645)|STATEMENT_EXECUTE|[1]
09:16:44.0 (1796415)|STATEMENT_EXECUTE|[4]
09:16:44.0 (1830156)|HEAP_ALLOCATE|[50]|Bytes:5
09:16:44.0 (1854325)|HEAP_ALLOCATE|[56]|Bytes:5
09:16:44.0 (1863120)|HEAP_ALLOCATE|[64]|Bytes:7
09:16:44.0 (2233530)|VARIABLE_ASSIGNMENT|[4]|this.reservas|[{"Contacto__c":"0031r000024gjgbAAA","Origen__c":"Madrid","Destino__c":"Los Angeles","IsDeleted":false,"Fecha_Salida__c":"2018-03-30T07:16:00.000Z","OwnerId":"0051r000007Oz5QAAS","Cuenta__c":"0011r00001mvjgNAAQ","Observaciones__c":"ninguna","Case__c":"Turista","Modificado__c":false,"Name":"Reserva4"}]|0x69ce8e4f
09:16:44.0 (2257860)|STATEMENT_EXECUTE|[7]
09:16:44.0 (2263333)|STATEMENT_EXECUTE|[8]
09:16:44.0 (2264907)|STATEMENT_EXECUTE|[19]
09:16:44.0 (2280394)|HEAP_ALLOCATE|[19]|Bytes:4
09:16:44.0 (2325146)|VARIABLE_SCOPE_BEGIN|[19]|contactosIds|Set<String>|true|false
09:16:44.0 (2353894)|VARIABLE_ASSIGNMENT|[19]|contactosIds|[]|0x153e4353
09:16:44.0 (2548306)|HEAP_ALLOCATE|[20]|Bytes:5
09:16:44.0 (2569686)|HEAP_ALLOCATE|[20]|Bytes:4
09:16:44.0 (2578913)|VARIABLE_SCOPE_BEGIN|[20]|rv|Reserva_Vuelo__c|true|false
09:16:44.0 (2672922)|VARIABLE_ASSIGNMENT|[20]|rv|{"Contacto__c":"0031r000024gjgbAAA","Origen__c":"Madrid","Destino__c":"Los Angeles","IsDeleted":false,"Fecha_Salida__c":"2018-03-30T07:16:00.000Z","OwnerId":"0051r000007Oz5QAAS","Cuenta__c":"0011r00001mvjgNAAQ","Observaciones__c":"ninguna","Case__c":"Turista","Modificado__c":false,"Name":"Reserva4"}|0x4521195
09:16:44.0 (2684310)|STATEMENT_EXECUTE|[20]
09:16:44.0 (2686138)|STATEMENT_EXECUTE|[21]
09:16:44.0 (2751575)|HEAP_ALLOCATE|[EXTERNAL]|Bytes:4
09:16:44.0 (2768463)|HEAP_ALLOCATE|[20]|Bytes:5
09:16:44.0 (2780793)|VARIABLE_ASSIGNMENT|[20]|rv|null|
09:16:44.0 (2786678)|STATEMENT_EXECUTE|[25]
09:16:44.0 (2839899)|HEAP_ALLOCATE|[25]|Bytes:4
09:16:44.0 (2868739)|VARIABLE_SCOPE_BEGIN|[25]|contactos|Map<String,Contact>|true|false
09:16:44.0 (2886329)|VARIABLE_ASSIGNMENT|[25]|contactos|{}|0x6391fe97
09:16:44.0 (2901999)|HEAP_ALLOCATE|[26]|Bytes:4
09:16:44.0 (2929789)|HEAP_ALLOCATE|[26]|Bytes:4
09:16:44.0 (2955961)|HEAP_ALLOCATE|[26]|Bytes:5
09:16:44.0 (2969761)|VARIABLE_SCOPE_BEGIN|[26]|c|String|false|false
09:16:44.0 (2980043)|VARIABLE_ASSIGNMENT|[26]|c|"0031r000024gjgbAAA"
09:16:44.0 (2985388)|STATEMENT_EXECUTE|[26]
09:16:44.0 (2986983)|STATEMENT_EXECUTE|[27]
09:16:44.0 (2990171)|HEAP_ALLOCATE|[27]|Bytes:49
09:16:44.0 (3001692)|HEAP_ALLOCATE|[27]|Bytes:4
09:16:44.0 (3009216)|HEAP_ALLOCATE|[27]|Bytes:7
09:16:44.0 (3203271)|SOQL_EXECUTE_BEGIN|[27]|Aggregations:0|SELECT AccountId FROM Contact WHERE id = :tmpVar1
09:16:44.0 (7906907)|SOQL_EXECUTE_END|[27]|Rows:1
09:16:44.0 (7931520)|HEAP_ALLOCATE|[27]|Bytes:8
09:16:44.0 (7947505)|HEAP_ALLOCATE|[27]|Bytes:60
09:16:44.0 (7989807)|HEAP_ALLOCATE|[27]|Bytes:8
09:16:44.0 (8049637)|HEAP_ALLOCATE|[EXTERNAL]|Bytes:-4
09:16:44.0 (8069585)|HEAP_ALLOCATE|[26]|Bytes:5
09:16:44.0 (8084624)|VARIABLE_ASSIGNMENT|[26]|c|null
09:16:44.0 (8124084)|HEAP_ALLOCATE|[31]|Bytes:5
09:16:44.0 (8137576)|HEAP_ALLOCATE|[31]|Bytes:4
09:16:44.0 (8145102)|VARIABLE_SCOPE_BEGIN|[31]|rv|Reserva_Vuelo__c|true|false
09:16:44.0 (8256401)|VARIABLE_ASSIGNMENT|[31]|rv|{"Contacto__c":"0031r000024gjgbAAA","Origen__c":"Madrid","Destino__c":"Los Angeles","IsDeleted":false,"Fecha_Salida__c":"2018-03-30T07:16:00.000Z","OwnerId":"0051r000007Oz5QAAS","Cuenta__c":"0011r00001mvjgNAAQ","Observaciones__c":"ninguna","Case__c":"Turista","Modificado__c":false,"Name":"Reserva4"}|0x4521195
09:16:44.0 (8267603)|STATEMENT_EXECUTE|[31]
09:16:44.0 (8269965)|STATEMENT_EXECUTE|[34]
09:16:44.0 (8441753)|VARIABLE_ASSIGNMENT|[34]|this.Cuenta__c|"0011r00001mvjj2AAA"|0x4521195
09:16:44.0 (8459269)|HEAP_ALLOCATE|[31]|Bytes:5
09:16:44.0 (8472673)|VARIABLE_ASSIGNMENT|[31]|rv|null|
09:16:44.8 (8482475)|CUMULATIVE_LIMIT_USAGE
09:16:44.8 (8482475)|LIMIT_USAGE_FOR_NS|(default)|
  Number of SOQL queries: 1 out of 100
  Number of query rows: 1 out of 50000
  Number of SOSL queries: 0 out of 20
  Number of DML statements: 0 out of 150
  Number of DML rows: 0 out of 10000
  Maximum CPU time: 0 out of 10000
  Maximum heap size: 0 out of 6000000
  Number of callouts: 0 out of 100
  Number of Email Invocations: 0 out of 10
  Number of future calls: 0 out of 50
  Number of queueable jobs added to the queue: 0 out of 50
  Number of Mobile Apex push calls: 0 out of 10

09:16:44.8 (8482475)|CUMULATIVE_LIMIT_USAGE_END

09:16:44.0 (9361538)|CODE_UNIT_FINISHED|RellenarCuenta on Reserva_Vuelo trigger event BeforeInsert
09:16:44.0 (13961447)|CODE_UNIT_STARTED|[EXTERNAL]|Validation:Reserva_Vuelo:new
09:16:44.0 (13973113)|VALIDATION_RULE|03d1r0000006A1e|DiferentesCampos
09:16:44.0 (14183160)|VALIDATION_FORMULA|TEXT(Origen__c)  =  TEXT(Destino__c)|Destino__c=Los Angeles , Origen__c=Madrid
09:16:44.0 (14192039)|VALIDATION_PASS
09:16:44.0 (14194440)|VALIDATION_RULE|03d1r0000006A1Z|Fecha_de_salida
09:16:44.0 (14535486)|VALIDATION_FORMULA|Fecha_Salida__c  <   NOW()|Fecha_Salida__c=2018-03-30 07:16:00
09:16:44.0 (14543999)|VALIDATION_PASS
09:16:44.0 (14586004)|CODE_UNIT_FINISHED|Validation:Reserva_Vuelo:new
09:16:44.0 (125162775)|CODE_UNIT_FINISHED|TRIGGERS
09:16:44.0 (125180797)|EXECUTION_FINISHED
