36.0 APEX_CODE,FINEST;APEX_PROFILING,INFO;CALLOUT,INFO;DB,INFO;SYSTEM,DEBUG;VALIDATION,INFO;VISUALFORCE,INFO;WAVE,INFO;WORKFLOW,INFO
13:07:34.0 (396858)|USER_INFO|[EXTERNAL]|0051r000007Oz5Q|lydia.abril@gmail.com|hora estándar de Europa central|GMT+02:00
13:07:34.0 (456118)|EXECUTION_STARTED
13:07:34.0 (460981)|CODE_UNIT_STARTED|[EXTERNAL]|01p1r000008aN28|PasajeroTest.RellenarContactoTest
13:07:34.0 (697660)|HEAP_ALLOCATE|[72]|Bytes:3
13:07:34.0 (736331)|HEAP_ALLOCATE|[77]|Bytes:152
13:07:34.0 (751122)|HEAP_ALLOCATE|[342]|Bytes:408
13:07:34.0 (765030)|HEAP_ALLOCATE|[355]|Bytes:408
13:07:34.0 (778462)|HEAP_ALLOCATE|[467]|Bytes:48
13:07:34.0 (805384)|HEAP_ALLOCATE|[139]|Bytes:6
13:07:34.0 (824563)|HEAP_ALLOCATE|[EXTERNAL]|Bytes:134
13:07:34.0 (841571)|METHOD_ENTRY|[2]|01p1r000008aN28|PasajeroTest.PasajeroTest()
13:07:34.0 (854595)|STATEMENT_EXECUTE|[2]
13:07:34.0 (863472)|STATEMENT_EXECUTE|[2]
13:07:34.0 (868333)|METHOD_EXIT|[2]|PasajeroTest
13:07:34.0 (1036670)|HEAP_ALLOCATE|[50]|Bytes:5
13:07:34.0 (1060259)|HEAP_ALLOCATE|[56]|Bytes:5
13:07:34.0 (1070083)|HEAP_ALLOCATE|[64]|Bytes:7
13:07:34.0 (1108566)|STATEMENT_EXECUTE|[4]
13:07:34.0 (1111002)|STATEMENT_EXECUTE|[6]
13:07:34.0 (1178876)|HEAP_ALLOCATE|[6]|Bytes:4
13:07:34.0 (1285423)|HEAP_ALLOCATE|[6]|Bytes:13
13:07:34.0 (1356846)|VARIABLE_ASSIGNMENT|[6]|this.Name|"CuentaPrueba0"|0xdf9635f
13:07:34.0 (1397126)|VARIABLE_SCOPE_BEGIN|[6]|oAccount|Account|true|false
13:07:34.0 (1423924)|VARIABLE_ASSIGNMENT|[6]|oAccount|{"Name":"CuentaPrueba0"}|0xdf9635f
13:07:34.0 (1432289)|STATEMENT_EXECUTE|[7]
13:07:34.0 (1457972)|HEAP_ALLOCATE|[7]|Bytes:8
13:07:34.0 (1470009)|DML_BEGIN|[7]|Op:Insert|Type:Account|Rows:1
13:07:34.0 (1499624)|HEAP_ALLOCATE|[EXTERNAL]|Bytes:8
13:07:34.0 (12150775)|CODE_UNIT_STARTED|[EXTERNAL]|DuplicateDetector
13:07:34.0 (12176292)|DUPLICATE_DETECTION_BEGIN
13:07:34.0 (12762590)|DUPLICATE_DETECTION_RULE_INVOCATION|DuplicateRuleId:0Bm1r0000018X88|DuplicateRuleName:Standard Account Duplicate Rule|DmlType:INSERT
13:07:34.0 (29081803)|DUPLICATE_DETECTION_MATCH_INVOCATION_DETAILS|EntityType:Account|ActionTaken:Allow_[Alert,Report]|DuplicateRecordIds:
13:07:34.0 (29105387)|DUPLICATE_DETECTION_MATCH_INVOCATION_SUMMARY|EntityType:Account|NumRecordsToBeSaved:1|NumRecordsToBeSavedWithDuplicates:0|NumDuplicateRecordsFound:0
13:07:34.0 (29237051)|DUPLICATE_DETECTION_END
13:07:34.0 (29246711)|CODE_UNIT_FINISHED|DuplicateDetector
13:07:34.0 (54524130)|DML_END|[7]
13:07:34.0 (54553770)|STATEMENT_EXECUTE|[9]
13:07:34.0 (54600852)|HEAP_ALLOCATE|[9]|Bytes:4
13:07:34.0 (54686079)|HEAP_ALLOCATE|[9]|Bytes:15
13:07:34.0 (54730101)|VARIABLE_ASSIGNMENT|[9]|this.LastName|"ContactoPrueba0"|0xe660758
13:07:34.0 (54739458)|HEAP_ALLOCATE|[9]|Bytes:9
13:07:34.0 (54757550)|VARIABLE_ASSIGNMENT|[9]|this.Nif__c|"12345678B"|0xe660758
13:07:34.0 (54797246)|VARIABLE_ASSIGNMENT|[9]|this.AccountId|"0011r00001mxdTyAAI"|0xe660758
13:07:34.0 (54827193)|VARIABLE_SCOPE_BEGIN|[9]|oContact|Contact|true|false
13:07:34.0 (54848949)|VARIABLE_ASSIGNMENT|[9]|oContact|{"LastName":"ContactoPrueba0","Nif__c":"12345678B","AccountId":"0011r00001mxdTyAAI"}|0xe660758
13:07:34.0 (54858348)|STATEMENT_EXECUTE|[10]
13:07:34.0 (54878701)|HEAP_ALLOCATE|[10]|Bytes:8
13:07:34.0 (54889623)|DML_BEGIN|[10]|Op:Insert|Type:Contact|Rows:1
13:07:34.0 (54921213)|HEAP_ALLOCATE|[EXTERNAL]|Bytes:8
13:07:34.0 (62769599)|CODE_UNIT_STARTED|[EXTERNAL]|01q1r000000j4Bx|ContactTrigger on Contact trigger event BeforeInsert
13:07:34.0 (62802953)|HEAP_ALLOCATE|[EXTERNAL]|Bytes:8
13:07:34.0 (62933810)|HEAP_ALLOCATE|[EXTERNAL]|Bytes:8
13:07:34.0 (62944875)|VARIABLE_SCOPE_BEGIN|[1]|this|ContactTrigger|true|false
13:07:34.0 (63010771)|VARIABLE_ASSIGNMENT|[1]|this|{}|0x5b0790ed
13:07:34.0 (63085398)|HEAP_ALLOCATE|[EXTERNAL]|Bytes:8
13:07:34.0 (63095780)|VARIABLE_SCOPE_BEGIN|[1]|this|ContactTrigger|true|false
13:07:34.0 (63110765)|VARIABLE_ASSIGNMENT|[1]|this|{}|0x5b0790ed
13:07:34.0 (63120443)|STATEMENT_EXECUTE|[1]
13:07:34.0 (63122966)|STATEMENT_EXECUTE|[3]
13:07:34.0 (63625389)|VARIABLE_ASSIGNMENT|[3]|this.listNew|[{"IsDeleted":false,"AccountId":"0011r00001mxdTyAAI","IsEmailBounced":false,"CleanStatus":"Pending","DoNotCall":false,"OwnerId":"0051r000007Oz5QAAS","HasOptedOutOfEmail":false,"HasOptedOutOfFax":false,"Nif__c":"12345678B","LastName":"ContactoPrueba0"}]|0x5b0790ed
13:07:34.0 (63650812)|STATEMENT_EXECUTE|[5]
13:07:34.0 (63658706)|STATEMENT_EXECUTE|[6]
13:07:34.0 (63660931)|STATEMENT_EXECUTE|[7]
13:07:34.0 (65248933)|HEAP_ALLOCATE|[7]|Bytes:1
13:07:34.0 (65299830)|METHOD_ENTRY|[1]|01p1r000008aKc5|ContactMethods.ContactMethods()
13:07:34.0 (65311239)|STATEMENT_EXECUTE|[1]
13:07:34.0 (65318487)|STATEMENT_EXECUTE|[1]
13:07:34.0 (65706371)|SYSTEM_MODE_ENTER|false
13:07:34.0 (65726007)|HEAP_ALLOCATE|[7]|Bytes:5
13:07:34.0 (65736831)|SYSTEM_MODE_EXIT|false
13:07:34.0 (65750940)|METHOD_EXIT|[1]|ContactMethods
13:07:34.0 (65781399)|METHOD_ENTRY|[7]|01p1r000008aKc5|ContactMethods.ValidarNif(List<Contact>)
13:07:34.0 (65817067)|VARIABLE_SCOPE_BEGIN|[3]|listNew|List<Contact>|true|false
13:07:34.0 (66167211)|VARIABLE_ASSIGNMENT|[3]|listNew|[{"IsDeleted":false,"AccountId":"0011r00001mxdTyAAI","IsEmailBounced":false,"CleanStatus":"Pending","DoNotCall":false,"OwnerId":"0051r000007Oz5QAAS","HasOptedOutOfEmail":false,"HasOptedOutOfFax":false,"Nif__c":"12345678B","LastName":"ContactoPrueba0"}]|0x66378e9f
13:07:34.0 (66212823)|SYSTEM_MODE_ENTER|false
13:07:34.0 (66224001)|HEAP_ALLOCATE|[5]|Bytes:5
13:07:34.0 (66233142)|STATEMENT_EXECUTE|[3]
13:07:34.0 (66336321)|STATEMENT_EXECUTE|[5]
13:07:34.0 (66340238)|STATEMENT_EXECUTE|[8]
13:07:34.0 (66345989)|HEAP_ALLOCATE|[8]|Bytes:26
13:07:34.0 (66369847)|HEAP_ALLOCATE|[8]|Bytes:4
13:07:34.0 (66519423)|SOQL_EXECUTE_BEGIN|[8]|Aggregations:0|SELECT Nif__c FROM Contact
13:07:34.0 (69755917)|SOQL_EXECUTE_END|[8]|Rows:0
13:07:34.0 (69778989)|HEAP_ALLOCATE|[8]|Bytes:4
13:07:34.0 (69792638)|HEAP_ALLOCATE|[8]|Bytes:0
13:07:34.0 (69827605)|HEAP_ALLOCATE|[8]|Bytes:4
13:07:34.0 (69839232)|VARIABLE_SCOPE_BEGIN|[8]|listContact|List<Contact>|true|false
13:07:34.0 (69853660)|VARIABLE_ASSIGNMENT|[8]|listContact|[]|0x5a2afc0b
13:07:34.0 (69862186)|STATEMENT_EXECUTE|[10]
13:07:34.0 (69876935)|HEAP_ALLOCATE|[10]|Bytes:4
13:07:34.0 (69905055)|VARIABLE_SCOPE_BEGIN|[10]|listContactNif|List<String>|true|false
13:07:34.0 (69929162)|HEAP_ALLOCATE|[EXTERNAL]|Bytes:4
13:07:34.0 (69938948)|VARIABLE_ASSIGNMENT|[10]|listContactNif|[]|0x4add5bca
13:07:34.0 (70078672)|HEAP_ALLOCATE|[12]|Bytes:5
13:07:34.0 (70096850)|VARIABLE_ASSIGNMENT|[12]|inContact|null|
13:07:34.0 (70104436)|STATEMENT_EXECUTE|[12]
13:07:34.0 (70127241)|HEAP_ALLOCATE|[17]|Bytes:5
13:07:34.0 (70143025)|HEAP_ALLOCATE|[17]|Bytes:4
13:07:34.0 (70150734)|VARIABLE_SCOPE_BEGIN|[17]|inContact|Contact|true|false
13:07:34.0 (70405701)|VARIABLE_ASSIGNMENT|[17]|inContact|{"IsDeleted":false,"AccountId":"0011r00001mxdTyAAI","IsEmailBounced":false,"CleanStatus":"Pending","DoNotCall":false,"OwnerId":"0051r000007Oz5QAAS","HasOptedOutOfEmail":false,"HasOptedOutOfFax":false,"Nif__c":"12345678B","LastName":"ContactoPrueba0"}|0x23cfd3c5
13:07:34.0 (70417650)|STATEMENT_EXECUTE|[17]
13:07:34.0 (70419858)|STATEMENT_EXECUTE|[19]
13:07:34.0 (70477121)|HEAP_ALLOCATE|[19]|Bytes:8
13:07:34.0 (70490659)|VARIABLE_SCOPE_BEGIN|[19]|numerosNif|String|false|false
13:07:34.0 (70501132)|VARIABLE_ASSIGNMENT|[19]|numerosNif|"12345678"
13:07:34.0 (70506748)|STATEMENT_EXECUTE|[21]
13:07:34.0 (70525836)|HEAP_ALLOCATE|[21]|Bytes:1
13:07:34.0 (70535578)|VARIABLE_SCOPE_BEGIN|[21]|letraNif|String|false|false
13:07:34.0 (70545077)|VARIABLE_ASSIGNMENT|[21]|letraNif|"B"
13:07:34.0 (70617513)|STATEMENT_EXECUTE|[23]
13:07:34.0 (70628123)|HEAP_ALLOCATE|[17]|Bytes:5
13:07:34.0 (70641228)|VARIABLE_ASSIGNMENT|[17]|inContact|null|
13:07:34.0 (70649148)|SYSTEM_MODE_EXIT|false
13:07:34.0 (70658135)|METHOD_EXIT|[7]|01p1r000008aKc5|ContactMethods.ValidarNif(List<Contact>)
13:07:34.70 (70669182)|CUMULATIVE_LIMIT_USAGE
13:07:34.70 (70669182)|LIMIT_USAGE_FOR_NS|(default)|
  Number of SOQL queries: 1 out of 100
  Number of query rows: 0 out of 50000
  Number of SOSL queries: 0 out of 20
  Number of DML statements: 2 out of 150
  Number of DML rows: 2 out of 10000
  Maximum CPU time: 0 out of 10000
  Maximum heap size: 0 out of 6000000
  Number of callouts: 0 out of 100
  Number of Email Invocations: 0 out of 10
  Number of future calls: 0 out of 50
  Number of queueable jobs added to the queue: 0 out of 50
  Number of Mobile Apex push calls: 0 out of 10

13:07:34.70 (70669182)|CUMULATIVE_LIMIT_USAGE_END

13:07:34.0 (71801439)|CODE_UNIT_FINISHED|ContactTrigger on Contact trigger event BeforeInsert
13:07:34.0 (76122897)|CODE_UNIT_STARTED|[EXTERNAL]|DuplicateDetector
13:07:34.0 (76140880)|DUPLICATE_DETECTION_BEGIN
13:07:34.0 (76236279)|DUPLICATE_DETECTION_RULE_INVOCATION|DuplicateRuleId:0Bm1r0000018X89|DuplicateRuleName:Standard Contact Duplicate Rule|DmlType:INSERT
13:07:34.0 (138514897)|DUPLICATE_DETECTION_MATCH_INVOCATION_DETAILS|EntityType:Contact|ActionTaken:Allow_[Alert,Report]|DuplicateRecordIds:
13:07:34.0 (138538820)|DUPLICATE_DETECTION_MATCH_INVOCATION_SUMMARY|EntityType:Contact|NumRecordsToBeSaved:1|NumRecordsToBeSavedWithDuplicates:0|NumDuplicateRecordsFound:0
13:07:34.0 (138553188)|DUPLICATE_DETECTION_MATCH_INVOCATION_DETAILS|EntityType:Contact|ActionTaken:Allow_[Alert,Report]|DuplicateRecordIds:
13:07:34.0 (138560256)|DUPLICATE_DETECTION_MATCH_INVOCATION_SUMMARY|EntityType:Contact|NumRecordsToBeSaved:1|NumRecordsToBeSavedWithDuplicates:0|NumDuplicateRecordsFound:0
13:07:34.0 (138710116)|DUPLICATE_DETECTION_END
13:07:34.0 (138717174)|CODE_UNIT_FINISHED|DuplicateDetector
13:07:34.0 (157512295)|DML_END|[10]
13:07:34.0 (157560079)|STATEMENT_EXECUTE|[12]
13:07:34.0 (157643292)|HEAP_ALLOCATE|[12]|Bytes:4
13:07:34.0 (157773614)|HEAP_ALLOCATE|[12]|Bytes:14
13:07:34.0 (157841541)|VARIABLE_ASSIGNMENT|[12]|this.Name|"ReservaPrueba0"|0x534cbe0f
13:07:34.0 (157855398)|HEAP_ALLOCATE|[13]|Bytes:6
13:07:34.0 (157888285)|VARIABLE_ASSIGNMENT|[12]|this.Origen__c|"Madrid"|0x534cbe0f
13:07:34.0 (157899263)|HEAP_ALLOCATE|[14]|Bytes:4
13:07:34.0 (157924813)|VARIABLE_ASSIGNMENT|[12]|this.Destino__c|"Roma"|0x534cbe0f
13:07:34.0 (157936396)|HEAP_ALLOCATE|[15]|Bytes:7
13:07:34.0 (157958350)|VARIABLE_ASSIGNMENT|[12]|this.Case__c|"Turista"|0x534cbe0f
13:07:34.0 (158032632)|VARIABLE_ASSIGNMENT|[12]|this.Contacto__c|"0031r000024iTyDAAU"|0x534cbe0f
13:07:34.0 (158109236)|HEAP_ALLOCATE|[17]|Bytes:4
13:07:34.0 (158183033)|HEAP_ALLOCATE|[17]|Bytes:56
13:07:34.0 (158241444)|VARIABLE_ASSIGNMENT|[12]|this.Fecha_Salida__c|"2019-01-10T23:00:00.000Z"|0x534cbe0f
13:07:34.0 (158254319)|HEAP_ALLOCATE|[18]|Bytes:4
13:07:34.0 (158278853)|VARIABLE_ASSIGNMENT|[12]|this.Observaciones__c|"Nada"|0x534cbe0f
13:07:34.0 (158327761)|VARIABLE_SCOPE_BEGIN|[12]|oReserva|Reserva_Vuelo__c|true|false
13:07:34.0 (158365950)|VARIABLE_ASSIGNMENT|[12]|oReserva|{"Name":"ReservaPrueba0","Origen__c":"Madrid","Destino__c":"Roma","Case__c":"Turista","Contacto__c":"0031r000024iTyDAAU","Fecha_Salida__c":"2019-01-10T23:00:00.000Z","Observaciones__c":"Nada"}|0x534cbe0f
13:07:34.0 (158380745)|STATEMENT_EXECUTE|[20]
13:07:34.0 (158404066)|HEAP_ALLOCATE|[20]|Bytes:8
13:07:34.0 (158419405)|DML_BEGIN|[20]|Op:Insert|Type:Reserva_Vuelo__c|Rows:1
13:07:34.0 (158467944)|HEAP_ALLOCATE|[EXTERNAL]|Bytes:8
13:07:34.0 (164168562)|CODE_UNIT_STARTED|[EXTERNAL]|01q1r000000isRT|ReservaVueloTrigger on Reserva_Vuelo trigger event BeforeInsert
13:07:34.0 (164229986)|HEAP_ALLOCATE|[EXTERNAL]|Bytes:8
13:07:34.0 (164431900)|HEAP_ALLOCATE|[EXTERNAL]|Bytes:12
13:07:34.0 (164451116)|VARIABLE_SCOPE_BEGIN|[1]|this|ReservaVueloTrigger|true|false
13:07:34.0 (164530305)|VARIABLE_ASSIGNMENT|[1]|this|{}|0x302f419c
13:07:34.0 (164609246)|HEAP_ALLOCATE|[EXTERNAL]|Bytes:12
13:07:34.0 (164621459)|VARIABLE_SCOPE_BEGIN|[1]|this|ReservaVueloTrigger|true|false
13:07:34.0 (164642740)|VARIABLE_ASSIGNMENT|[1]|this|{}|0x302f419c
13:07:34.0 (164660071)|STATEMENT_EXECUTE|[1]
13:07:34.0 (164663647)|STATEMENT_EXECUTE|[4]
13:07:34.0 (165074350)|VARIABLE_ASSIGNMENT|[4]|this.listNew|[{"Contacto__c":"0031r000024iTyDAAU","Origen__c":"Madrid","Destino__c":"Roma","IsDeleted":false,"Fecha_Salida__c":"2019-01-10T23:00:00.000Z","OwnerId":"0051r000007Oz5QAAS","Observaciones__c":"Nada","Case__c":"Turista","Modificado__c":false,"Name":"ReservaPrueba0"}]|0x302f419c
13:07:34.0 (165095704)|STATEMENT_EXECUTE|[7]
13:07:34.0 (165121633)|VARIABLE_ASSIGNMENT|[7]|this.mapOld|null|0x302f419c
13:07:34.0 (165138840)|STATEMENT_EXECUTE|[10]
13:07:34.0 (165146245)|STATEMENT_EXECUTE|[11]
13:07:34.0 (165149022)|STATEMENT_EXECUTE|[12]
13:07:34.0 (166774064)|HEAP_ALLOCATE|[12]|Bytes:4
13:07:34.0 (166807294)|METHOD_ENTRY|[1]|01p1r000007Yidp|ReservaVueloMethods.ReservaVueloMethods()
13:07:34.0 (166821112)|STATEMENT_EXECUTE|[1]
13:07:34.0 (166830132)|STATEMENT_EXECUTE|[1]
13:07:34.0 (167249697)|SYSTEM_MODE_ENTER|false
13:07:34.0 (167265563)|HEAP_ALLOCATE|[12]|Bytes:5
13:07:34.0 (167275439)|SYSTEM_MODE_EXIT|false
13:07:34.0 (167286825)|METHOD_EXIT|[1]|ReservaVueloMethods
13:07:34.0 (167314087)|METHOD_ENTRY|[12]|01p1r000007Yidp|ReservaVueloMethods.RellenarCuenta(List<Reserva_Vuelo__c>)
13:07:34.0 (167344337)|VARIABLE_SCOPE_BEGIN|[4]|listReservas|List<Reserva_Vuelo__c>|true|false
13:07:34.0 (167459864)|VARIABLE_ASSIGNMENT|[4]|listReservas|[{"Contacto__c":"0031r000024iTyDAAU","Origen__c":"Madrid","Destino__c":"Roma","IsDeleted":false,"Fecha_Salida__c":"2019-01-10T23:00:00.000Z","OwnerId":"0051r000007Oz5QAAS","Observaciones__c":"Nada","Case__c":"Turista","Modificado__c":false,"Name":"ReservaPrueba0"}]|0x4ca2c71f
13:07:34.0 (167493855)|SYSTEM_MODE_ENTER|false
13:07:34.0 (167501384)|HEAP_ALLOCATE|[6]|Bytes:5
13:07:34.0 (167508671)|STATEMENT_EXECUTE|[4]
13:07:34.0 (167591326)|STATEMENT_EXECUTE|[6]
13:07:34.0 (167593853)|STATEMENT_EXECUTE|[9]
13:07:34.0 (167612950)|HEAP_ALLOCATE|[9]|Bytes:4
13:07:34.0 (167651687)|VARIABLE_SCOPE_BEGIN|[9]|listContactosIds|Set<String>|true|false
13:07:34.0 (167681680)|VARIABLE_ASSIGNMENT|[9]|listContactosIds|[]|0x6045098b
13:07:34.0 (167798878)|HEAP_ALLOCATE|[10]|Bytes:5
13:07:34.0 (167820524)|HEAP_ALLOCATE|[10]|Bytes:4
13:07:34.0 (167829849)|VARIABLE_SCOPE_BEGIN|[10]|inReserva|Reserva_Vuelo__c|true|false
13:07:34.0 (167953392)|VARIABLE_ASSIGNMENT|[10]|inReserva|{"Contacto__c":"0031r000024iTyDAAU","Origen__c":"Madrid","Destino__c":"Roma","IsDeleted":false,"Fecha_Salida__c":"2019-01-10T23:00:00.000Z","OwnerId":"0051r000007Oz5QAAS","Observaciones__c":"Nada","Case__c":"Turista","Modificado__c":false,"Name":"ReservaPrueba0"}|0x6b84b09a
13:07:34.0 (167966453)|STATEMENT_EXECUTE|[10]
13:07:34.0 (167968616)|STATEMENT_EXECUTE|[11]
13:07:34.0 (168038022)|HEAP_ALLOCATE|[EXTERNAL]|Bytes:4
13:07:34.0 (168058111)|HEAP_ALLOCATE|[10]|Bytes:5
13:07:34.0 (168071494)|VARIABLE_ASSIGNMENT|[10]|inReserva|null|
13:07:34.0 (168078382)|STATEMENT_EXECUTE|[23]
13:07:34.0 (168115662)|HEAP_ALLOCATE|[23]|Bytes:4
13:07:34.0 (168122963)|HEAP_ALLOCATE|[23]|Bytes:49
13:07:34.0 (168132161)|HEAP_ALLOCATE|[23]|Bytes:4
13:07:34.0 (168139710)|HEAP_ALLOCATE|[23]|Bytes:7
13:07:34.0 (168170751)|HEAP_ALLOCATE|[23]|Bytes:8
13:07:34.0 (168179818)|HEAP_ALLOCATE|[23]|Bytes:8
13:07:34.0 (168381911)|SOQL_EXECUTE_BEGIN|[23]|Aggregations:0|SELECT AccountId FROM Contact WHERE id = :tmpVar1
13:07:34.0 (171941067)|SOQL_EXECUTE_END|[23]|Rows:1
13:07:34.0 (171969891)|HEAP_ALLOCATE|[23]|Bytes:8
13:07:34.0 (171993294)|HEAP_ALLOCATE|[23]|Bytes:60
13:07:34.0 (172029211)|HEAP_ALLOCATE|[23]|Bytes:8
13:07:34.0 (172062335)|HEAP_ALLOCATE|[23]|Bytes:12
13:07:34.0 (172072025)|HEAP_ALLOCATE|[23]|Bytes:18
13:07:34.0 (172082289)|VARIABLE_SCOPE_BEGIN|[23]|contactos|Map<String,Contact>|true|false
13:07:34.0 (172106679)|VARIABLE_ASSIGNMENT|[23]|contactos|{"0031r000024iTyDAAU":{"AccountId":"0011r00001mxdTyAAI","Id":"0031r000024iTyDAAU"}}|0x7a4659f0
13:07:34.0 (172148837)|HEAP_ALLOCATE|[26]|Bytes:5
13:07:34.0 (172163424)|HEAP_ALLOCATE|[26]|Bytes:4
13:07:34.0 (172171103)|VARIABLE_SCOPE_BEGIN|[26]|inReserva|Reserva_Vuelo__c|true|false
13:07:34.0 (172289113)|VARIABLE_ASSIGNMENT|[26]|inReserva|{"Contacto__c":"0031r000024iTyDAAU","Origen__c":"Madrid","Destino__c":"Roma","IsDeleted":false,"Fecha_Salida__c":"2019-01-10T23:00:00.000Z","OwnerId":"0051r000007Oz5QAAS","Observaciones__c":"Nada","Case__c":"Turista","Modificado__c":false,"Name":"ReservaPrueba0"}|0x6b84b09a
13:07:34.0 (172303577)|STATEMENT_EXECUTE|[26]
13:07:34.0 (172306792)|STATEMENT_EXECUTE|[27]
13:07:34.0 (172558966)|VARIABLE_ASSIGNMENT|[27]|this.Cuenta__c|"0011r00001mxdTyAAI"|0x6b84b09a
13:07:34.0 (172587982)|HEAP_ALLOCATE|[26]|Bytes:5
13:07:34.0 (172608086)|VARIABLE_ASSIGNMENT|[26]|inReserva|null|
13:07:34.0 (172617971)|SYSTEM_MODE_EXIT|false
13:07:34.0 (172632273)|METHOD_EXIT|[12]|01p1r000007Yidp|ReservaVueloMethods.RellenarCuenta(List<Reserva_Vuelo__c>)
13:07:34.0 (172655248)|STATEMENT_EXECUTE|[14]
13:07:34.172 (172666958)|CUMULATIVE_LIMIT_USAGE
13:07:34.172 (172666958)|LIMIT_USAGE_FOR_NS|(default)|
  Number of SOQL queries: 2 out of 100
  Number of query rows: 1 out of 50000
  Number of SOSL queries: 0 out of 20
  Number of DML statements: 3 out of 150
  Number of DML rows: 3 out of 10000
  Maximum CPU time: 0 out of 10000
  Maximum heap size: 0 out of 6000000
  Number of callouts: 0 out of 100
  Number of Email Invocations: 0 out of 10
  Number of future calls: 0 out of 50
  Number of queueable jobs added to the queue: 0 out of 50
  Number of Mobile Apex push calls: 0 out of 10

13:07:34.172 (172666958)|CUMULATIVE_LIMIT_USAGE_END

13:07:34.0 (173893103)|CODE_UNIT_FINISHED|ReservaVueloTrigger on Reserva_Vuelo trigger event BeforeInsert
13:07:34.0 (177187825)|CODE_UNIT_STARTED|[EXTERNAL]|Validation:Reserva_Vuelo:new
13:07:34.0 (177230794)|VALIDATION_RULE|03d1r0000006A1e|DiferentesCampos
13:07:34.0 (177660104)|VALIDATION_FORMULA|TEXT(Origen__c)  =  TEXT(Destino__c)|Destino__c=Roma , Origen__c=Madrid
13:07:34.0 (177685224)|VALIDATION_PASS
13:07:34.0 (177688795)|VALIDATION_RULE|03d1r0000006A1Z|Fecha_de_salida
13:07:34.0 (177847870)|VALIDATION_FORMULA|Fecha_Salida__c  <   NOW()|Fecha_Salida__c=2019-01-10 23:00:00
13:07:34.0 (177859112)|VALIDATION_PASS
13:07:34.0 (177904764)|CODE_UNIT_FINISHED|Validation:Reserva_Vuelo:new
13:07:34.0 (197083808)|DML_END|[20]
13:07:34.0 (197114120)|STATEMENT_EXECUTE|[22]
13:07:34.0 (197155770)|HEAP_ALLOCATE|[22]|Bytes:4
13:07:34.0 (197234087)|HEAP_ALLOCATE|[22]|Bytes:9
13:07:34.0 (197280600)|VARIABLE_ASSIGNMENT|[22]|this.Name|"Pasajero0"|0x4146035c
13:07:34.0 (197335402)|VARIABLE_ASSIGNMENT|[22]|this.Reserva__c|"a001r00000oUIkJAAW"|0x4146035c
13:07:34.0 (197353678)|VARIABLE_ASSIGNMENT|[22]|this.Nif__c|"12345678B"|0x4146035c
13:07:34.0 (197376388)|HEAP_ALLOCATE|[22]|Bytes:28
13:07:34.0 (197398131)|VARIABLE_ASSIGNMENT|[22]|this.Edad__c|59|0x4146035c
13:07:34.0 (197423455)|VARIABLE_SCOPE_BEGIN|[22]|oPasajero|Pasajero__c|true|false
13:07:34.0 (197444389)|VARIABLE_ASSIGNMENT|[22]|oPasajero|{"Name":"Pasajero0","Reserva__c":"a001r00000oUIkJAAW","Nif__c":"12345678B","Edad__c":59}|0x4146035c
13:07:34.0 (197452199)|STATEMENT_EXECUTE|[26]
13:07:34.0 (197472493)|HEAP_ALLOCATE|[26]|Bytes:8
13:07:34.0 (197483346)|DML_BEGIN|[26]|Op:Insert|Type:Pasajero__c|Rows:1
13:07:34.0 (197511819)|HEAP_ALLOCATE|[EXTERNAL]|Bytes:8
13:07:34.0 (200053506)|CODE_UNIT_STARTED|[EXTERNAL]|01q1r000000j3dJ|PasajeroTrigger on Pasajero trigger event BeforeInsert
13:07:34.0 (200100973)|HEAP_ALLOCATE|[EXTERNAL]|Bytes:8
13:07:34.0 (200212196)|HEAP_ALLOCATE|[EXTERNAL]|Bytes:8
13:07:34.0 (200227741)|VARIABLE_SCOPE_BEGIN|[1]|this|PasajeroTrigger|true|false
13:07:34.0 (200275645)|VARIABLE_ASSIGNMENT|[1]|this|{}|0x15e792ab
13:07:34.0 (200333297)|HEAP_ALLOCATE|[EXTERNAL]|Bytes:8
13:07:34.0 (200393268)|VARIABLE_SCOPE_BEGIN|[1]|this|PasajeroTrigger|true|false
13:07:34.0 (200409252)|VARIABLE_ASSIGNMENT|[1]|this|{}|0x15e792ab
13:07:34.0 (200418493)|STATEMENT_EXECUTE|[1]
13:07:34.0 (200420766)|STATEMENT_EXECUTE|[4]
13:07:34.0 (200626659)|VARIABLE_ASSIGNMENT|[4]|this.listNew|[{"IsDeleted":false,"Edad__c":59,"Nif__c":"12345678B","Reserva__c":"a001r00000oUIkJAAW","Name":"Pasajero0"}]|0x15e792ab
13:07:34.0 (200641297)|STATEMENT_EXECUTE|[7]
13:07:34.0 (200661358)|STATEMENT_EXECUTE|[8]
13:07:34.0 (200663815)|STATEMENT_EXECUTE|[9]
13:07:34.0 (201849878)|HEAP_ALLOCATE|[9]|Bytes:4
13:07:34.0 (201871976)|METHOD_ENTRY|[1]|01p1r000008Zry1|PasajeroMethods.PasajeroMethods()
13:07:34.0 (201879557)|STATEMENT_EXECUTE|[1]
13:07:34.0 (201885117)|STATEMENT_EXECUTE|[1]
13:07:34.0 (202215262)|SYSTEM_MODE_ENTER|false
13:07:34.0 (202227911)|HEAP_ALLOCATE|[9]|Bytes:5
13:07:34.0 (202237056)|SYSTEM_MODE_EXIT|false
13:07:34.0 (202248675)|METHOD_EXIT|[1]|PasajeroMethods
13:07:34.0 (202272754)|METHOD_ENTRY|[9]|01p1r000008Zry1|PasajeroMethods.ValidarNif(List<Pasajero__c>)
13:07:34.0 (202301650)|VARIABLE_SCOPE_BEGIN|[32]|listNew|List<Pasajero__c>|true|false
13:07:34.0 (202409296)|VARIABLE_ASSIGNMENT|[32]|listNew|[{"IsDeleted":false,"Edad__c":59,"Nif__c":"12345678B","Reserva__c":"a001r00000oUIkJAAW","Name":"Pasajero0"}]|0x2e8991ed
13:07:34.0 (202435964)|SYSTEM_MODE_ENTER|false
13:07:34.0 (202443303)|HEAP_ALLOCATE|[34]|Bytes:5
13:07:34.0 (202450395)|STATEMENT_EXECUTE|[32]
13:07:34.0 (202518001)|STATEMENT_EXECUTE|[34]
13:07:34.0 (202520490)|STATEMENT_EXECUTE|[37]
13:07:34.0 (202524013)|HEAP_ALLOCATE|[37]|Bytes:30
13:07:34.0 (202541810)|HEAP_ALLOCATE|[37]|Bytes:4
13:07:34.0 (202676328)|SOQL_EXECUTE_BEGIN|[37]|Aggregations:0|SELECT Nif__c FROM Pasajero__c
13:07:34.0 (204355433)|SOQL_EXECUTE_END|[37]|Rows:0
13:07:34.0 (204377478)|HEAP_ALLOCATE|[37]|Bytes:4
13:07:34.0 (204388989)|HEAP_ALLOCATE|[37]|Bytes:0
13:07:34.0 (204416159)|HEAP_ALLOCATE|[37]|Bytes:4
13:07:34.0 (204426605)|VARIABLE_SCOPE_BEGIN|[37]|listPasajero|List<Pasajero__c>|true|false
13:07:34.0 (204441298)|VARIABLE_ASSIGNMENT|[37]|listPasajero|[]|0x72216075
13:07:34.0 (204449751)|STATEMENT_EXECUTE|[39]
13:07:34.0 (204461389)|HEAP_ALLOCATE|[39]|Bytes:4
13:07:34.0 (204487561)|VARIABLE_SCOPE_BEGIN|[39]|listPasajeroNif|List<String>|true|false
13:07:34.0 (204508897)|HEAP_ALLOCATE|[EXTERNAL]|Bytes:4
13:07:34.0 (204518589)|VARIABLE_ASSIGNMENT|[39]|listPasajeroNif|[]|0x1deeabd3
13:07:34.0 (204636047)|HEAP_ALLOCATE|[41]|Bytes:5
13:07:34.0 (204651544)|VARIABLE_ASSIGNMENT|[41]|inPasajero|null|
13:07:34.0 (204659428)|STATEMENT_EXECUTE|[41]
13:07:34.0 (204681825)|HEAP_ALLOCATE|[46]|Bytes:5
13:07:34.0 (204696972)|HEAP_ALLOCATE|[46]|Bytes:4
13:07:34.0 (204704693)|VARIABLE_SCOPE_BEGIN|[46]|inPasajero|Pasajero__c|true|false
13:07:34.0 (204836144)|VARIABLE_ASSIGNMENT|[46]|inPasajero|{"IsDeleted":false,"Edad__c":59,"Nif__c":"12345678B","Reserva__c":"a001r00000oUIkJAAW","Name":"Pasajero0"}|0x5655d164
13:07:34.0 (204847230)|STATEMENT_EXECUTE|[46]
13:07:34.0 (204849334)|STATEMENT_EXECUTE|[48]
13:07:34.0 (204895499)|HEAP_ALLOCATE|[48]|Bytes:8
13:07:34.0 (204909254)|VARIABLE_SCOPE_BEGIN|[48]|numerosNif|String|false|false
13:07:34.0 (204931347)|VARIABLE_ASSIGNMENT|[48]|numerosNif|"12345678"
13:07:34.0 (204938168)|STATEMENT_EXECUTE|[50]
13:07:34.0 (204958892)|HEAP_ALLOCATE|[50]|Bytes:1
13:07:34.0 (204968597)|VARIABLE_SCOPE_BEGIN|[50]|letraNif|String|false|false
13:07:34.0 (204977098)|VARIABLE_ASSIGNMENT|[50]|letraNif|"B"
13:07:34.0 (205012761)|STATEMENT_EXECUTE|[52]
13:07:34.0 (205023467)|HEAP_ALLOCATE|[46]|Bytes:5
13:07:34.0 (205035539)|VARIABLE_ASSIGNMENT|[46]|inPasajero|null|
13:07:34.0 (205043146)|SYSTEM_MODE_EXIT|false
13:07:34.0 (205052006)|METHOD_EXIT|[9]|01p1r000008Zry1|PasajeroMethods.ValidarNif(List<Pasajero__c>)
13:07:34.0 (205069739)|STATEMENT_EXECUTE|[10]
13:07:34.0 (205086215)|METHOD_ENTRY|[10]|01p1r000008Zry1|PasajeroMethods.RellenarContacto(List<Pasajero__c>)
13:07:34.0 (205108309)|VARIABLE_SCOPE_BEGIN|[3]|listPasajeros|List<Pasajero__c>|true|false
13:07:34.0 (205196835)|VARIABLE_ASSIGNMENT|[3]|listPasajeros|[{"IsDeleted":false,"Edad__c":59,"Nif__c":"12345678B","Reserva__c":"a001r00000oUIkJAAW","Name":"Pasajero0"}]|0x2e8991ed
13:07:34.0 (205224257)|SYSTEM_MODE_ENTER|false
13:07:34.0 (205231252)|HEAP_ALLOCATE|[5]|Bytes:5
13:07:34.0 (205237096)|STATEMENT_EXECUTE|[3]
13:07:34.0 (205258720)|STATEMENT_EXECUTE|[5]
13:07:34.0 (205260842)|STATEMENT_EXECUTE|[8]
13:07:34.0 (205269939)|HEAP_ALLOCATE|[8]|Bytes:4
13:07:34.0 (205286392)|VARIABLE_SCOPE_BEGIN|[8]|listNifs|List<String>|true|false
13:07:34.0 (205305432)|HEAP_ALLOCATE|[EXTERNAL]|Bytes:4
13:07:34.0 (205318885)|VARIABLE_ASSIGNMENT|[8]|listNifs|[]|0x47d6b712
13:07:34.0 (205347047)|HEAP_ALLOCATE|[10]|Bytes:5
13:07:34.0 (205359256)|HEAP_ALLOCATE|[10]|Bytes:4
13:07:34.0 (205365939)|VARIABLE_SCOPE_BEGIN|[10]|inPasajero|Pasajero__c|true|false
13:07:34.0 (205460184)|VARIABLE_ASSIGNMENT|[10]|inPasajero|{"IsDeleted":false,"Edad__c":59,"Nif__c":"12345678B","Reserva__c":"a001r00000oUIkJAAW","Name":"Pasajero0"}|0x5655d164
13:07:34.0 (205468981)|STATEMENT_EXECUTE|[10]
13:07:34.0 (205470976)|STATEMENT_EXECUTE|[11]
13:07:34.0 (205500640)|HEAP_ALLOCATE|[EXTERNAL]|Bytes:4
13:07:34.0 (205515529)|HEAP_ALLOCATE|[10]|Bytes:5
13:07:34.0 (205527002)|VARIABLE_ASSIGNMENT|[10]|inPasajero|null|
13:07:34.0 (205533612)|STATEMENT_EXECUTE|[15]
13:07:34.0 (205536664)|HEAP_ALLOCATE|[15]|Bytes:61
13:07:34.0 (205548742)|HEAP_ALLOCATE|[15]|Bytes:4
13:07:34.0 (205710355)|SOQL_EXECUTE_BEGIN|[15]|Aggregations:0|SELECT Id, Name, Nif__c FROM Contact WHERE Nif__c IN :tmpVar1
13:07:34.0 (209162794)|SOQL_EXECUTE_END|[15]|Rows:1
13:07:34.0 (209188067)|HEAP_ALLOCATE|[15]|Bytes:8
13:07:34.0 (209206047)|HEAP_ALLOCATE|[15]|Bytes:71
13:07:34.0 (209249741)|HEAP_ALLOCATE|[15]|Bytes:8
13:07:34.0 (209263565)|VARIABLE_SCOPE_BEGIN|[15]|listContactos|List<Contact>|true|false
13:07:34.0 (209291083)|VARIABLE_ASSIGNMENT|[15]|listContactos|[{"Id":"0031r000024iTyDAAU","Name":"ContactoPrueba0","Nif__c":"12345678B"}]|0x1d796786
13:07:34.0 (209305349)|STATEMENT_EXECUTE|[17]
13:07:34.0 (209330322)|HEAP_ALLOCATE|[17]|Bytes:4
13:07:34.0 (209347211)|VARIABLE_SCOPE_BEGIN|[17]|mapContactos|Map<String,Contact>|true|false
13:07:34.0 (209371368)|VARIABLE_ASSIGNMENT|[17]|mapContactos|{}|0x1736efdf
13:07:34.0 (209425333)|HEAP_ALLOCATE|[19]|Bytes:5
13:07:34.0 (209445475)|HEAP_ALLOCATE|[19]|Bytes:16
13:07:34.0 (209457750)|VARIABLE_SCOPE_BEGIN|[19]|inContact|Contact|true|false
13:07:34.0 (209477978)|VARIABLE_ASSIGNMENT|[19]|inContact|{"Id":"0031r000024iTyDAAU","Name":"ContactoPrueba0","Nif__c":"12345678B"}|0x39f6380e
13:07:34.0 (209490018)|STATEMENT_EXECUTE|[19]
13:07:34.0 (209492990)|STATEMENT_EXECUTE|[20]
13:07:34.0 (209540818)|HEAP_ALLOCATE|[EXTERNAL]|Bytes:-4
13:07:34.0 (209563509)|HEAP_ALLOCATE|[19]|Bytes:5
13:07:34.0 (209584603)|VARIABLE_ASSIGNMENT|[19]|inContact|null|
13:07:34.0 (209620063)|HEAP_ALLOCATE|[24]|Bytes:5
13:07:34.0 (209638967)|HEAP_ALLOCATE|[24]|Bytes:4
13:07:34.0 (209650167)|VARIABLE_SCOPE_BEGIN|[24]|inPasajero|Pasajero__c|true|false
13:07:34.0 (209831672)|VARIABLE_ASSIGNMENT|[24]|inPasajero|{"IsDeleted":false,"Edad__c":59,"Nif__c":"12345678B","Reserva__c":"a001r00000oUIkJAAW","Name":"Pasajero0"}|0x5655d164
13:07:34.0 (209849357)|STATEMENT_EXECUTE|[24]
13:07:34.0 (209902161)|STATEMENT_EXECUTE|[25]
13:07:34.0 (209929474)|STATEMENT_EXECUTE|[26]
13:07:34.0 (210168611)|VARIABLE_ASSIGNMENT|[26]|this.Contacto__c|"0031r000024iTyDAAU"|0x5655d164
13:07:34.0 (210198603)|HEAP_ALLOCATE|[24]|Bytes:5
13:07:34.0 (210219917)|VARIABLE_ASSIGNMENT|[24]|inPasajero|null|
13:07:34.0 (210230945)|SYSTEM_MODE_EXIT|false
13:07:34.0 (210251163)|METHOD_EXIT|[10]|01p1r000008Zry1|PasajeroMethods.RellenarContacto(List<Pasajero__c>)
13:07:34.210 (210269192)|CUMULATIVE_LIMIT_USAGE
13:07:34.210 (210269192)|LIMIT_USAGE_FOR_NS|(default)|
  Number of SOQL queries: 4 out of 100
  Number of query rows: 2 out of 50000
  Number of SOSL queries: 0 out of 20
  Number of DML statements: 4 out of 150
  Number of DML rows: 4 out of 10000
  Maximum CPU time: 0 out of 10000
  Maximum heap size: 0 out of 6000000
  Number of callouts: 0 out of 100
  Number of Email Invocations: 0 out of 10
  Number of future calls: 0 out of 50
  Number of queueable jobs added to the queue: 0 out of 50
  Number of Mobile Apex push calls: 0 out of 10

13:07:34.210 (210269192)|CUMULATIVE_LIMIT_USAGE_END

13:07:34.0 (211945431)|CODE_UNIT_FINISHED|PasajeroTrigger on Pasajero trigger event BeforeInsert
13:07:34.0 (229963070)|DML_END|[26]
13:07:34.0 (229984063)|STATEMENT_EXECUTE|[28]
13:07:34.0 (229990742)|HEAP_ALLOCATE|[26]|Bytes:11
13:07:34.0 (229999969)|HEAP_ALLOCATE|[26]|Bytes:6
13:07:34.0 (230065025)|HEAP_ALLOCATE|[26]|Bytes:7
13:07:34.0 (230093886)|HEAP_ALLOCATE|[28]|Bytes:14
13:07:34.0 (230160070)|HEAP_ALLOCATE|[28]|Bytes:6
13:07:34.0 (230191842)|HEAP_ALLOCATE|[28]|Bytes:14
13:07:34.0 (230242948)|HEAP_ALLOCATE|[28]|Bytes:6
13:07:34.0 (230269193)|HEAP_ALLOCATE|[28]|Bytes:40
13:07:34.0 (230414343)|EXCEPTION_THROWN|[28]|System.AssertException: Assertion Failed: Pasajero nif: Nif__c Contacto nif:Nif__c: Expected: Nif__c, Actual: Nif__c
13:07:34.0 (230682206)|HEAP_ALLOCATE|[28]|Bytes:96
13:07:34.0 (230754578)|FATAL_ERROR|System.AssertException: Assertion Failed: Pasajero nif: Nif__c Contacto nif:Nif__c: Expected: Nif__c, Actual: Nif__c

Class.PasajeroTest.RellenarContactoTest: line 28, column 1
13:07:34.0 (230765453)|FATAL_ERROR|System.AssertException: Assertion Failed: Pasajero nif: Nif__c Contacto nif:Nif__c: Expected: Nif__c, Actual: Nif__c

Class.PasajeroTest.RellenarContactoTest: line 28, column 1
13:07:34.230 (230772541)|CUMULATIVE_LIMIT_USAGE
13:07:34.230 (230772541)|LIMIT_USAGE_FOR_NS|(default)|
  Number of SOQL queries: 4 out of 100
  Number of query rows: 2 out of 50000
  Number of SOSL queries: 0 out of 20
  Number of DML statements: 4 out of 150
  Number of DML rows: 4 out of 10000
  Maximum CPU time: 0 out of 10000
  Maximum heap size: 0 out of 6000000
  Number of callouts: 0 out of 100
  Number of Email Invocations: 0 out of 10
  Number of future calls: 0 out of 50
  Number of queueable jobs added to the queue: 0 out of 50
  Number of Mobile Apex push calls: 0 out of 10

13:07:34.230 (230772541)|CUMULATIVE_LIMIT_USAGE_END

13:07:34.0 (230806641)|CODE_UNIT_FINISHED|PasajeroTest.RellenarContactoTest
13:07:34.0 (231606180)|EXECUTION_FINISHED
13:07:34.264 (264598383)|USER_INFO|[EXTERNAL]|0051r000007Oz5Q|lydia.abril@gmail.com|hora estándar de Europa central|GMT+02:00
13:07:34.264 (264621527)|EXECUTION_STARTED
13:07:34.264 (264625296)|CODE_UNIT_STARTED|[EXTERNAL]|01p1r000008aN28|PasajeroTest.ValidarNifTest
13:07:34.264 (264749241)|HEAP_ALLOCATE|[72]|Bytes:3
13:07:34.264 (264782139)|HEAP_ALLOCATE|[77]|Bytes:152
13:07:34.264 (264795879)|HEAP_ALLOCATE|[342]|Bytes:408
13:07:34.264 (264810931)|HEAP_ALLOCATE|[355]|Bytes:408
13:07:34.264 (264823942)|HEAP_ALLOCATE|[467]|Bytes:48
13:07:34.264 (264847411)|HEAP_ALLOCATE|[139]|Bytes:6
13:07:34.264 (264861065)|HEAP_ALLOCATE|[EXTERNAL]|Bytes:134
13:07:34.264 (264872270)|METHOD_ENTRY|[2]|01p1r000008aN28|PasajeroTest.PasajeroTest()
13:07:34.264 (264881396)|STATEMENT_EXECUTE|[2]
13:07:34.264 (264888514)|STATEMENT_EXECUTE|[2]
13:07:34.264 (264893302)|METHOD_EXIT|[2]|PasajeroTest
13:07:34.264 (265066528)|HEAP_ALLOCATE|[50]|Bytes:5
13:07:34.264 (265087694)|HEAP_ALLOCATE|[56]|Bytes:5
13:07:34.264 (265095926)|HEAP_ALLOCATE|[64]|Bytes:7
13:07:34.264 (265129819)|STATEMENT_EXECUTE|[33]
13:07:34.264 (265132286)|STATEMENT_EXECUTE|[35]
13:07:34.264 (265161617)|HEAP_ALLOCATE|[35]|Bytes:4
13:07:34.264 (265175246)|HEAP_ALLOCATE|[35]|Bytes:13
13:07:34.264 (265222098)|VARIABLE_ASSIGNMENT|[35]|this.Name|"CuentaPrueba0"|0x5b070a56
13:07:34.264 (265252584)|VARIABLE_SCOPE_BEGIN|[35]|oAccount|Account|true|false
13:07:34.264 (265271688)|VARIABLE_ASSIGNMENT|[35]|oAccount|{"Name":"CuentaPrueba0"}|0x5b070a56
13:07:34.264 (265279034)|STATEMENT_EXECUTE|[36]
13:07:34.264 (265301318)|HEAP_ALLOCATE|[36]|Bytes:8
13:07:34.264 (265318002)|DML_BEGIN|[36]|Op:Insert|Type:Account|Rows:1
13:07:34.264 (265347363)|HEAP_ALLOCATE|[EXTERNAL]|Bytes:8
13:07:34.264 (267340839)|CODE_UNIT_STARTED|[EXTERNAL]|DuplicateDetector
13:07:34.264 (267356947)|DUPLICATE_DETECTION_BEGIN
13:07:34.264 (267414330)|DUPLICATE_DETECTION_RULE_INVOCATION|DuplicateRuleId:0Bm1r0000018X88|DuplicateRuleName:Standard Account Duplicate Rule|DmlType:INSERT
13:07:34.264 (278126307)|DUPLICATE_DETECTION_MATCH_INVOCATION_DETAILS|EntityType:Account|ActionTaken:Allow_[Alert,Report]|DuplicateRecordIds:
13:07:34.264 (278147377)|DUPLICATE_DETECTION_MATCH_INVOCATION_SUMMARY|EntityType:Account|NumRecordsToBeSaved:1|NumRecordsToBeSavedWithDuplicates:0|NumDuplicateRecordsFound:0
13:07:34.264 (278281171)|DUPLICATE_DETECTION_END
13:07:34.264 (278288130)|CODE_UNIT_FINISHED|DuplicateDetector
13:07:34.264 (292758348)|DML_END|[36]
13:07:34.264 (292793802)|STATEMENT_EXECUTE|[38]
13:07:34.264 (292833033)|HEAP_ALLOCATE|[38]|Bytes:4
13:07:34.264 (292863049)|HEAP_ALLOCATE|[38]|Bytes:15
13:07:34.264 (292907655)|VARIABLE_ASSIGNMENT|[38]|this.LastName|"ContactoPrueba0"|0x500afeac
13:07:34.264 (292918206)|HEAP_ALLOCATE|[38]|Bytes:9
13:07:34.264 (292936712)|VARIABLE_ASSIGNMENT|[38]|this.Nif__c|"12345678B"|0x500afeac
13:07:34.264 (292967870)|VARIABLE_ASSIGNMENT|[38]|this.AccountId|"0011r00001mxdTzAAI"|0x500afeac
13:07:34.264 (293001631)|VARIABLE_SCOPE_BEGIN|[38]|oContact|Contact|true|false
13:07:34.264 (293025656)|VARIABLE_ASSIGNMENT|[38]|oContact|{"LastName":"ContactoPrueba0","Nif__c":"12345678B","AccountId":"0011r00001mxdTzAAI"}|0x500afeac
13:07:34.264 (293033430)|STATEMENT_EXECUTE|[39]
13:07:34.264 (293057695)|HEAP_ALLOCATE|[39]|Bytes:8
13:07:34.264 (293070063)|DML_BEGIN|[39]|Op:Insert|Type:Contact|Rows:1
13:07:34.264 (293108285)|HEAP_ALLOCATE|[EXTERNAL]|Bytes:8
13:07:34.264 (296305836)|CODE_UNIT_STARTED|[EXTERNAL]|01q1r000000j4Bx|ContactTrigger on Contact trigger event BeforeInsert
13:07:34.264 (296348270)|HEAP_ALLOCATE|[EXTERNAL]|Bytes:8
13:07:34.264 (296406273)|HEAP_ALLOCATE|[EXTERNAL]|Bytes:8
13:07:34.264 (296416139)|VARIABLE_SCOPE_BEGIN|[1]|this|ContactTrigger|true|false
13:07:34.264 (296444146)|VARIABLE_ASSIGNMENT|[1]|this|{}|0x3a147928
13:07:34.264 (296480349)|HEAP_ALLOCATE|[EXTERNAL]|Bytes:8
13:07:34.264 (296488176)|VARIABLE_SCOPE_BEGIN|[1]|this|ContactTrigger|true|false
13:07:34.264 (296499956)|VARIABLE_ASSIGNMENT|[1]|this|{}|0x3a147928
13:07:34.264 (296509531)|STATEMENT_EXECUTE|[1]
13:07:34.264 (296512057)|STATEMENT_EXECUTE|[3]
13:07:34.264 (296975024)|VARIABLE_ASSIGNMENT|[3]|this.listNew|[{"IsDeleted":false,"AccountId":"0011r00001mxdTzAAI","IsEmailBounced":false,"CleanStatus":"Pending","DoNotCall":false,"OwnerId":"0051r000007Oz5QAAS","HasOptedOutOfEmail":false,"HasOptedOutOfFax":false,"Nif__c":"12345678B","LastName":"ContactoPrueba0"}]|0x3a147928
13:07:34.264 (297000806)|STATEMENT_EXECUTE|[5]
13:07:34.264 (297009934)|STATEMENT_EXECUTE|[6]
13:07:34.264 (297012194)|STATEMENT_EXECUTE|[7]
13:07:34.264 (297034936)|HEAP_ALLOCATE|[7]|Bytes:1
13:07:34.264 (297057149)|METHOD_ENTRY|[1]|01p1r000008aKc5|ContactMethods.ContactMethods()
13:07:34.264 (297068136)|STATEMENT_EXECUTE|[1]
13:07:34.264 (297074980)|STATEMENT_EXECUTE|[1]
13:07:34.264 (297459691)|SYSTEM_MODE_ENTER|false
13:07:34.264 (297481559)|HEAP_ALLOCATE|[7]|Bytes:5
13:07:34.264 (297496534)|SYSTEM_MODE_EXIT|false
13:07:34.264 (297511493)|METHOD_EXIT|[1]|ContactMethods
13:07:34.264 (297527915)|METHOD_ENTRY|[7]|01p1r000008aKc5|ContactMethods.ValidarNif(List<Contact>)
13:07:34.264 (297538583)|VARIABLE_SCOPE_BEGIN|[3]|listNew|List<Contact>|true|false
13:07:34.264 (297884300)|VARIABLE_ASSIGNMENT|[3]|listNew|[{"IsDeleted":false,"AccountId":"0011r00001mxdTzAAI","IsEmailBounced":false,"CleanStatus":"Pending","DoNotCall":false,"OwnerId":"0051r000007Oz5QAAS","HasOptedOutOfEmail":false,"HasOptedOutOfFax":false,"Nif__c":"12345678B","LastName":"ContactoPrueba0"}]|0x2487617a
13:07:34.264 (297933378)|SYSTEM_MODE_ENTER|false
13:07:34.264 (297944391)|HEAP_ALLOCATE|[5]|Bytes:5
13:07:34.264 (297954409)|STATEMENT_EXECUTE|[3]
13:07:34.264 (297993206)|STATEMENT_EXECUTE|[5]
13:07:34.264 (297996791)|STATEMENT_EXECUTE|[8]
13:07:34.264 (298001715)|HEAP_ALLOCATE|[8]|Bytes:26
13:07:34.264 (298028512)|HEAP_ALLOCATE|[8]|Bytes:4
13:07:34.264 (298191199)|SOQL_EXECUTE_BEGIN|[8]|Aggregations:0|SELECT Nif__c FROM Contact
13:07:34.264 (300882104)|SOQL_EXECUTE_END|[8]|Rows:0
13:07:34.264 (300911214)|HEAP_ALLOCATE|[8]|Bytes:4
13:07:34.264 (300924918)|HEAP_ALLOCATE|[8]|Bytes:0
13:07:34.264 (300961265)|HEAP_ALLOCATE|[8]|Bytes:4
13:07:34.264 (300974073)|VARIABLE_SCOPE_BEGIN|[8]|listContact|List<Contact>|true|false
13:07:34.264 (300992069)|VARIABLE_ASSIGNMENT|[8]|listContact|[]|0x6af0d394
13:07:34.264 (301003665)|STATEMENT_EXECUTE|[10]
13:07:34.264 (301021230)|HEAP_ALLOCATE|[10]|Bytes:4
13:07:34.264 (301046635)|VARIABLE_SCOPE_BEGIN|[10]|listContactNif|List<String>|true|false
13:07:34.264 (301083355)|HEAP_ALLOCATE|[EXTERNAL]|Bytes:4
13:07:34.264 (301095830)|VARIABLE_ASSIGNMENT|[10]|listContactNif|[]|0x4b009eda
13:07:34.264 (301143828)|HEAP_ALLOCATE|[12]|Bytes:5
13:07:34.264 (301164151)|VARIABLE_ASSIGNMENT|[12]|inContact|null|
13:07:34.264 (301174593)|STATEMENT_EXECUTE|[12]
13:07:34.264 (301196967)|HEAP_ALLOCATE|[17]|Bytes:5
13:07:34.264 (301218455)|HEAP_ALLOCATE|[17]|Bytes:4
13:07:34.264 (301230850)|VARIABLE_SCOPE_BEGIN|[17]|inContact|Contact|true|false
13:07:34.264 (301611991)|VARIABLE_ASSIGNMENT|[17]|inContact|{"IsDeleted":false,"AccountId":"0011r00001mxdTzAAI","IsEmailBounced":false,"CleanStatus":"Pending","DoNotCall":false,"OwnerId":"0051r000007Oz5QAAS","HasOptedOutOfEmail":false,"HasOptedOutOfFax":false,"Nif__c":"12345678B","LastName":"ContactoPrueba0"}|0x184ec8fa
13:07:34.264 (301631431)|STATEMENT_EXECUTE|[17]
13:07:34.264 (301634664)|STATEMENT_EXECUTE|[19]
13:07:34.264 (301688881)|HEAP_ALLOCATE|[19]|Bytes:8
13:07:34.264 (301710074)|VARIABLE_SCOPE_BEGIN|[19]|numerosNif|String|false|false
13:07:34.264 (301727804)|VARIABLE_ASSIGNMENT|[19]|numerosNif|"12345678"
13:07:34.264 (301736780)|STATEMENT_EXECUTE|[21]
13:07:34.264 (301759926)|HEAP_ALLOCATE|[21]|Bytes:1
13:07:34.264 (301775569)|VARIABLE_SCOPE_BEGIN|[21]|letraNif|String|false|false
13:07:34.264 (301790919)|VARIABLE_ASSIGNMENT|[21]|letraNif|"B"
13:07:34.264 (301874440)|STATEMENT_EXECUTE|[23]
13:07:34.264 (301888925)|HEAP_ALLOCATE|[17]|Bytes:5
13:07:34.264 (301908010)|VARIABLE_ASSIGNMENT|[17]|inContact|null|
13:07:34.264 (301920040)|SYSTEM_MODE_EXIT|false
13:07:34.264 (301933048)|METHOD_EXIT|[7]|01p1r000008aKc5|ContactMethods.ValidarNif(List<Contact>)
13:07:34.301 (301949217)|CUMULATIVE_LIMIT_USAGE
13:07:34.301 (301949217)|LIMIT_USAGE_FOR_NS|(default)|
  Number of SOQL queries: 1 out of 100
  Number of query rows: 0 out of 50000
  Number of SOSL queries: 0 out of 20
  Number of DML statements: 2 out of 150
  Number of DML rows: 2 out of 10000
  Maximum CPU time: 0 out of 10000
  Maximum heap size: 0 out of 6000000
  Number of callouts: 0 out of 100
  Number of Email Invocations: 0 out of 10
  Number of future calls: 0 out of 50
  Number of queueable jobs added to the queue: 0 out of 50
  Number of Mobile Apex push calls: 0 out of 10

13:07:34.301 (301949217)|CUMULATIVE_LIMIT_USAGE_END

13:07:34.264 (303522446)|CODE_UNIT_FINISHED|ContactTrigger on Contact trigger event BeforeInsert
13:07:34.264 (306478956)|CODE_UNIT_STARTED|[EXTERNAL]|DuplicateDetector
13:07:34.264 (306493806)|DUPLICATE_DETECTION_BEGIN
13:07:34.264 (306561996)|DUPLICATE_DETECTION_RULE_INVOCATION|DuplicateRuleId:0Bm1r0000018X89|DuplicateRuleName:Standard Contact Duplicate Rule|DmlType:INSERT
13:07:34.264 (325846656)|DUPLICATE_DETECTION_MATCH_INVOCATION_DETAILS|EntityType:Contact|ActionTaken:Allow_[Alert,Report]|DuplicateRecordIds:
13:07:34.264 (325869024)|DUPLICATE_DETECTION_MATCH_INVOCATION_SUMMARY|EntityType:Contact|NumRecordsToBeSaved:1|NumRecordsToBeSavedWithDuplicates:0|NumDuplicateRecordsFound:0
13:07:34.264 (325881799)|DUPLICATE_DETECTION_MATCH_INVOCATION_DETAILS|EntityType:Contact|ActionTaken:Allow_[Alert,Report]|DuplicateRecordIds:
13:07:34.264 (325889287)|DUPLICATE_DETECTION_MATCH_INVOCATION_SUMMARY|EntityType:Contact|NumRecordsToBeSaved:1|NumRecordsToBeSavedWithDuplicates:0|NumDuplicateRecordsFound:0
13:07:34.264 (326086173)|DUPLICATE_DETECTION_END
13:07:34.264 (326095502)|CODE_UNIT_FINISHED|DuplicateDetector
13:07:34.264 (340258258)|DML_END|[39]
13:07:34.264 (340307753)|STATEMENT_EXECUTE|[41]
13:07:34.264 (340361364)|HEAP_ALLOCATE|[41]|Bytes:4
13:07:34.264 (340392990)|HEAP_ALLOCATE|[41]|Bytes:14
13:07:34.264 (340444350)|VARIABLE_ASSIGNMENT|[41]|this.Name|"ReservaPrueba0"|0x29491f69
13:07:34.264 (340454622)|HEAP_ALLOCATE|[42]|Bytes:6
13:07:34.264 (340474001)|VARIABLE_ASSIGNMENT|[41]|this.Origen__c|"Madrid"|0x29491f69
13:07:34.264 (340480586)|HEAP_ALLOCATE|[43]|Bytes:4
13:07:34.264 (340493998)|VARIABLE_ASSIGNMENT|[41]|this.Destino__c|"Roma"|0x29491f69
13:07:34.264 (340511165)|HEAP_ALLOCATE|[44]|Bytes:7
13:07:34.264 (340526163)|VARIABLE_ASSIGNMENT|[41]|this.Case__c|"Turista"|0x29491f69
13:07:34.264 (340557122)|VARIABLE_ASSIGNMENT|[41]|this.Contacto__c|"0031r000024iTyEAAU"|0x29491f69
13:07:34.264 (340607944)|HEAP_ALLOCATE|[46]|Bytes:4
13:07:34.264 (340662873)|HEAP_ALLOCATE|[46]|Bytes:56
13:07:34.264 (340705469)|VARIABLE_ASSIGNMENT|[41]|this.Fecha_Salida__c|"2019-01-10T23:00:00.000Z"|0x29491f69
13:07:34.264 (340714720)|HEAP_ALLOCATE|[47]|Bytes:4
13:07:34.264 (340728758)|VARIABLE_ASSIGNMENT|[41]|this.Observaciones__c|"Nada"|0x29491f69
13:07:34.264 (340757791)|VARIABLE_SCOPE_BEGIN|[41]|oReserva|Reserva_Vuelo__c|true|false
13:07:34.264 (340785515)|VARIABLE_ASSIGNMENT|[41]|oReserva|{"Name":"ReservaPrueba0","Origen__c":"Madrid","Destino__c":"Roma","Case__c":"Turista","Contacto__c":"0031r000024iTyEAAU","Fecha_Salida__c":"2019-01-10T23:00:00.000Z","Observaciones__c":"Nada"}|0x29491f69
13:07:34.264 (340795968)|STATEMENT_EXECUTE|[49]
13:07:34.264 (340814142)|HEAP_ALLOCATE|[49]|Bytes:8
13:07:34.264 (340824061)|DML_BEGIN|[49]|Op:Insert|Type:Reserva_Vuelo__c|Rows:1
13:07:34.264 (340861071)|HEAP_ALLOCATE|[EXTERNAL]|Bytes:8
13:07:34.264 (343740902)|CODE_UNIT_STARTED|[EXTERNAL]|01q1r000000isRT|ReservaVueloTrigger on Reserva_Vuelo trigger event BeforeInsert
13:07:34.264 (343781461)|HEAP_ALLOCATE|[EXTERNAL]|Bytes:8
13:07:34.264 (343845785)|HEAP_ALLOCATE|[EXTERNAL]|Bytes:12
13:07:34.264 (343861222)|VARIABLE_SCOPE_BEGIN|[1]|this|ReservaVueloTrigger|true|false
13:07:34.264 (343903792)|VARIABLE_ASSIGNMENT|[1]|this|{}|0x34c48305
13:07:34.264 (343952508)|HEAP_ALLOCATE|[EXTERNAL]|Bytes:12
13:07:34.264 (343963007)|VARIABLE_SCOPE_BEGIN|[1]|this|ReservaVueloTrigger|true|false
13:07:34.264 (343981706)|VARIABLE_ASSIGNMENT|[1]|this|{}|0x34c48305
13:07:34.264 (343994168)|STATEMENT_EXECUTE|[1]
13:07:34.264 (343997415)|STATEMENT_EXECUTE|[4]
13:07:34.264 (344299518)|VARIABLE_ASSIGNMENT|[4]|this.listNew|[{"Contacto__c":"0031r000024iTyEAAU","Origen__c":"Madrid","Destino__c":"Roma","IsDeleted":false,"Fecha_Salida__c":"2019-01-10T23:00:00.000Z","OwnerId":"0051r000007Oz5QAAS","Observaciones__c":"Nada","Case__c":"Turista","Modificado__c":false,"Name":"ReservaPrueba0"}]|0x34c48305
13:07:34.264 (344340373)|STATEMENT_EXECUTE|[7]
13:07:34.264 (344368536)|VARIABLE_ASSIGNMENT|[7]|this.mapOld|null|0x34c48305
13:07:34.264 (344389386)|STATEMENT_EXECUTE|[10]
13:07:34.264 (344397619)|STATEMENT_EXECUTE|[11]
13:07:34.264 (344401144)|STATEMENT_EXECUTE|[12]
13:07:34.264 (344425769)|HEAP_ALLOCATE|[12]|Bytes:4
13:07:34.264 (344445490)|METHOD_ENTRY|[1]|01p1r000007Yidp|ReservaVueloMethods.ReservaVueloMethods()
13:07:34.264 (344455741)|STATEMENT_EXECUTE|[1]
13:07:34.264 (344460584)|STATEMENT_EXECUTE|[1]
13:07:34.264 (344862502)|SYSTEM_MODE_ENTER|false
13:07:34.264 (344880401)|HEAP_ALLOCATE|[12]|Bytes:5
13:07:34.264 (344893173)|SYSTEM_MODE_EXIT|false
13:07:34.264 (344908555)|METHOD_EXIT|[1]|ReservaVueloMethods
13:07:34.264 (344925770)|METHOD_ENTRY|[12]|01p1r000007Yidp|ReservaVueloMethods.RellenarCuenta(List<Reserva_Vuelo__c>)
13:07:34.264 (344939763)|VARIABLE_SCOPE_BEGIN|[4]|listReservas|List<Reserva_Vuelo__c>|true|false
13:07:34.264 (345102371)|VARIABLE_ASSIGNMENT|[4]|listReservas|[{"Contacto__c":"0031r000024iTyEAAU","Origen__c":"Madrid","Destino__c":"Roma","IsDeleted":false,"Fecha_Salida__c":"2019-01-10T23:00:00.000Z","OwnerId":"0051r000007Oz5QAAS","Observaciones__c":"Nada","Case__c":"Turista","Modificado__c":false,"Name":"ReservaPrueba0"}]|0x448e09a8
13:07:34.264 (345148192)|SYSTEM_MODE_ENTER|false
13:07:34.264 (345159322)|HEAP_ALLOCATE|[6]|Bytes:5
13:07:34.264 (345168894)|STATEMENT_EXECUTE|[4]
13:07:34.264 (345198816)|STATEMENT_EXECUTE|[6]
13:07:34.264 (345202146)|STATEMENT_EXECUTE|[9]
13:07:34.264 (345225451)|HEAP_ALLOCATE|[9]|Bytes:4
13:07:34.264 (345254717)|VARIABLE_SCOPE_BEGIN|[9]|listContactosIds|Set<String>|true|false
13:07:34.264 (345291058)|VARIABLE_ASSIGNMENT|[9]|listContactosIds|[]|0x2956be2d
13:07:34.264 (345342668)|HEAP_ALLOCATE|[10]|Bytes:5
13:07:34.264 (345368642)|HEAP_ALLOCATE|[10]|Bytes:4
13:07:34.264 (345382626)|VARIABLE_SCOPE_BEGIN|[10]|inReserva|Reserva_Vuelo__c|true|false
13:07:34.264 (345531238)|VARIABLE_ASSIGNMENT|[10]|inReserva|{"Contacto__c":"0031r000024iTyEAAU","Origen__c":"Madrid","Destino__c":"Roma","IsDeleted":false,"Fecha_Salida__c":"2019-01-10T23:00:00.000Z","OwnerId":"0051r000007Oz5QAAS","Observaciones__c":"Nada","Case__c":"Turista","Modificado__c":false,"Name":"ReservaPrueba0"}|0x385f88fc
13:07:34.264 (345549125)|STATEMENT_EXECUTE|[10]
13:07:34.264 (345552208)|STATEMENT_EXECUTE|[11]
13:07:34.264 (345594589)|HEAP_ALLOCATE|[EXTERNAL]|Bytes:4
13:07:34.264 (345618960)|HEAP_ALLOCATE|[10]|Bytes:5
13:07:34.264 (345636847)|VARIABLE_ASSIGNMENT|[10]|inReserva|null|
13:07:34.264 (345646436)|STATEMENT_EXECUTE|[23]
13:07:34.264 (345674879)|HEAP_ALLOCATE|[23]|Bytes:4
13:07:34.264 (345683952)|HEAP_ALLOCATE|[23]|Bytes:49
13:07:34.264 (345697844)|HEAP_ALLOCATE|[23]|Bytes:4
13:07:34.264 (345708602)|HEAP_ALLOCATE|[23]|Bytes:7
13:07:34.264 (345747910)|HEAP_ALLOCATE|[23]|Bytes:8
13:07:34.264 (345761958)|HEAP_ALLOCATE|[23]|Bytes:8
13:07:34.264 (345939523)|SOQL_EXECUTE_BEGIN|[23]|Aggregations:0|SELECT AccountId FROM Contact WHERE id = :tmpVar1
13:07:34.264 (349173941)|SOQL_EXECUTE_END|[23]|Rows:1
13:07:34.264 (349201461)|HEAP_ALLOCATE|[23]|Bytes:8
13:07:34.264 (349221659)|HEAP_ALLOCATE|[23]|Bytes:60
13:07:34.264 (349263339)|HEAP_ALLOCATE|[23]|Bytes:8
13:07:34.264 (349283130)|HEAP_ALLOCATE|[23]|Bytes:12
13:07:34.264 (349293952)|HEAP_ALLOCATE|[23]|Bytes:18
13:07:34.264 (349301597)|VARIABLE_SCOPE_BEGIN|[23]|contactos|Map<String,Contact>|true|false
13:07:34.264 (349326073)|VARIABLE_ASSIGNMENT|[23]|contactos|{"0031r000024iTyEAAU":{"AccountId":"0011r00001mxdTzAAI","Id":"0031r000024iTyEAAU"}}|0xba260f4
13:07:34.264 (349356001)|HEAP_ALLOCATE|[26]|Bytes:5
13:07:34.264 (349370095)|HEAP_ALLOCATE|[26]|Bytes:4
13:07:34.264 (349378079)|VARIABLE_SCOPE_BEGIN|[26]|inReserva|Reserva_Vuelo__c|true|false
13:07:34.264 (349487537)|VARIABLE_ASSIGNMENT|[26]|inReserva|{"Contacto__c":"0031r000024iTyEAAU","Origen__c":"Madrid","Destino__c":"Roma","IsDeleted":false,"Fecha_Salida__c":"2019-01-10T23:00:00.000Z","OwnerId":"0051r000007Oz5QAAS","Observaciones__c":"Nada","Case__c":"Turista","Modificado__c":false,"Name":"ReservaPrueba0"}|0x385f88fc
13:07:34.264 (349505702)|STATEMENT_EXECUTE|[26]
13:07:34.264 (349509054)|STATEMENT_EXECUTE|[27]
13:07:34.264 (349659795)|VARIABLE_ASSIGNMENT|[27]|this.Cuenta__c|"0011r00001mxdTzAAI"|0x385f88fc
13:07:34.264 (349678556)|HEAP_ALLOCATE|[26]|Bytes:5
13:07:34.264 (349695316)|VARIABLE_ASSIGNMENT|[26]|inReserva|null|
13:07:34.264 (349706474)|SYSTEM_MODE_EXIT|false
13:07:34.264 (349720754)|METHOD_EXIT|[12]|01p1r000007Yidp|ReservaVueloMethods.RellenarCuenta(List<Reserva_Vuelo__c>)
13:07:34.264 (349742737)|STATEMENT_EXECUTE|[14]
13:07:34.349 (349752681)|CUMULATIVE_LIMIT_USAGE
13:07:34.349 (349752681)|LIMIT_USAGE_FOR_NS|(default)|
  Number of SOQL queries: 2 out of 100
  Number of query rows: 1 out of 50000
  Number of SOSL queries: 0 out of 20
  Number of DML statements: 3 out of 150
  Number of DML rows: 3 out of 10000
  Maximum CPU time: 0 out of 10000
  Maximum heap size: 0 out of 6000000
  Number of callouts: 0 out of 100
  Number of Email Invocations: 0 out of 10
  Number of future calls: 0 out of 50
  Number of queueable jobs added to the queue: 0 out of 50
  Number of Mobile Apex push calls: 0 out of 10

13:07:34.349 (349752681)|CUMULATIVE_LIMIT_USAGE_END

13:07:34.264 (350940087)|CODE_UNIT_FINISHED|ReservaVueloTrigger on Reserva_Vuelo trigger event BeforeInsert
13:07:34.264 (353564729)|CODE_UNIT_STARTED|[EXTERNAL]|Validation:Reserva_Vuelo:new
13:07:34.264 (353580928)|VALIDATION_RULE|03d1r0000006A1e|DiferentesCampos
13:07:34.264 (353803725)|VALIDATION_FORMULA|TEXT(Origen__c)  =  TEXT(Destino__c)|Destino__c=Roma , Origen__c=Madrid
13:07:34.264 (353813255)|VALIDATION_PASS
13:07:34.264 (353815708)|VALIDATION_RULE|03d1r0000006A1Z|Fecha_de_salida
13:07:34.264 (353901583)|VALIDATION_FORMULA|Fecha_Salida__c  <   NOW()|Fecha_Salida__c=2019-01-10 23:00:00
13:07:34.264 (353908396)|VALIDATION_PASS
13:07:34.264 (353943392)|CODE_UNIT_FINISHED|Validation:Reserva_Vuelo:new
13:07:34.264 (366631437)|DML_END|[49]
13:07:34.264 (366663880)|STATEMENT_EXECUTE|[51]
13:07:34.264 (366667085)|STATEMENT_EXECUTE|[51]
13:07:34.264 (366669245)|STATEMENT_EXECUTE|[53]
13:07:34.264 (366738666)|HEAP_ALLOCATE|[53]|Bytes:4
13:07:34.264 (366771082)|HEAP_ALLOCATE|[53]|Bytes:9
13:07:34.264 (366825986)|VARIABLE_ASSIGNMENT|[53]|this.Name|"Pasajero0"|0x3e34c38a
13:07:34.264 (366865988)|VARIABLE_ASSIGNMENT|[53]|this.Reserva__c|"a001r00000oUIkKAAW"|0x3e34c38a
13:07:34.264 (366874405)|HEAP_ALLOCATE|[55]|Bytes:9
13:07:34.264 (366889192)|VARIABLE_ASSIGNMENT|[53]|this.Nif__c|"123456781"|0x3e34c38a
13:07:34.264 (366919765)|HEAP_ALLOCATE|[53]|Bytes:28
13:07:34.264 (366942227)|VARIABLE_ASSIGNMENT|[53]|this.Edad__c|59|0x3e34c38a
13:07:34.264 (366970836)|VARIABLE_SCOPE_BEGIN|[53]|oPasajero|Pasajero__c|true|false
13:07:34.264 (366993079)|VARIABLE_ASSIGNMENT|[53]|oPasajero|{"Name":"Pasajero0","Reserva__c":"a001r00000oUIkKAAW","Nif__c":"123456781","Edad__c":59}|0x3e34c38a
13:07:34.264 (367001645)|STATEMENT_EXECUTE|[57]
13:07:34.264 (367025800)|HEAP_ALLOCATE|[57]|Bytes:8
13:07:34.264 (367037142)|DML_BEGIN|[57]|Op:Insert|Type:Pasajero__c|Rows:1
13:07:34.264 (367067107)|HEAP_ALLOCATE|[EXTERNAL]|Bytes:8
13:07:34.264 (369840643)|CODE_UNIT_STARTED|[EXTERNAL]|01q1r000000j3dJ|PasajeroTrigger on Pasajero trigger event BeforeInsert
13:07:34.264 (369882056)|HEAP_ALLOCATE|[EXTERNAL]|Bytes:8
13:07:34.264 (369942195)|HEAP_ALLOCATE|[EXTERNAL]|Bytes:8
13:07:34.264 (369964369)|VARIABLE_SCOPE_BEGIN|[1]|this|PasajeroTrigger|true|false
13:07:34.264 (370015771)|VARIABLE_ASSIGNMENT|[1]|this|{}|0x72fe69ba
13:07:34.264 (370061937)|HEAP_ALLOCATE|[EXTERNAL]|Bytes:8
13:07:34.264 (370072034)|VARIABLE_SCOPE_BEGIN|[1]|this|PasajeroTrigger|true|false
13:07:34.264 (370093435)|VARIABLE_ASSIGNMENT|[1]|this|{}|0x72fe69ba
13:07:34.264 (370105665)|STATEMENT_EXECUTE|[1]
13:07:34.264 (370108850)|STATEMENT_EXECUTE|[4]
13:07:34.264 (370370640)|VARIABLE_ASSIGNMENT|[4]|this.listNew|[{"IsDeleted":false,"Edad__c":59,"Nif__c":"123456781","Reserva__c":"a001r00000oUIkKAAW","Name":"Pasajero0"}]|0x72fe69ba
13:07:34.264 (370392660)|STATEMENT_EXECUTE|[7]
13:07:34.264 (370401583)|STATEMENT_EXECUTE|[8]
13:07:34.264 (370404357)|STATEMENT_EXECUTE|[9]
13:07:34.264 (370423929)|HEAP_ALLOCATE|[9]|Bytes:4
13:07:34.264 (370441559)|METHOD_ENTRY|[1]|01p1r000008Zry1|PasajeroMethods.PasajeroMethods()
13:07:34.264 (370450492)|STATEMENT_EXECUTE|[1]
13:07:34.264 (370456966)|STATEMENT_EXECUTE|[1]
13:07:34.264 (370861598)|SYSTEM_MODE_ENTER|false
13:07:34.264 (370877255)|HEAP_ALLOCATE|[9]|Bytes:5
13:07:34.264 (370888768)|SYSTEM_MODE_EXIT|false
13:07:34.264 (370902985)|METHOD_EXIT|[1]|PasajeroMethods
13:07:34.264 (370921811)|METHOD_ENTRY|[9]|01p1r000008Zry1|PasajeroMethods.ValidarNif(List<Pasajero__c>)
13:07:34.264 (370934953)|VARIABLE_SCOPE_BEGIN|[32]|listNew|List<Pasajero__c>|true|false
13:07:34.264 (371104486)|VARIABLE_ASSIGNMENT|[32]|listNew|[{"IsDeleted":false,"Edad__c":59,"Nif__c":"123456781","Reserva__c":"a001r00000oUIkKAAW","Name":"Pasajero0"}]|0x6a7dfa67
13:07:34.264 (371145296)|SYSTEM_MODE_ENTER|false
13:07:34.264 (371155299)|HEAP_ALLOCATE|[34]|Bytes:5
13:07:34.264 (371163361)|STATEMENT_EXECUTE|[32]
13:07:34.264 (371186211)|STATEMENT_EXECUTE|[34]
13:07:34.264 (371188349)|STATEMENT_EXECUTE|[37]
13:07:34.264 (371191913)|HEAP_ALLOCATE|[37]|Bytes:30
13:07:34.264 (371207679)|HEAP_ALLOCATE|[37]|Bytes:4
13:07:34.264 (371341317)|SOQL_EXECUTE_BEGIN|[37]|Aggregations:0|SELECT Nif__c FROM Pasajero__c
13:07:34.264 (373747689)|SOQL_EXECUTE_END|[37]|Rows:0
13:07:34.264 (373771884)|HEAP_ALLOCATE|[37]|Bytes:4
13:07:34.264 (373783398)|HEAP_ALLOCATE|[37]|Bytes:0
13:07:34.264 (373814305)|HEAP_ALLOCATE|[37]|Bytes:4
13:07:34.264 (373824690)|VARIABLE_SCOPE_BEGIN|[37]|listPasajero|List<Pasajero__c>|true|false
13:07:34.264 (373855228)|VARIABLE_ASSIGNMENT|[37]|listPasajero|[]|0x785944b1
13:07:34.264 (373869368)|STATEMENT_EXECUTE|[39]
13:07:34.264 (373884054)|HEAP_ALLOCATE|[39]|Bytes:4
13:07:34.264 (373907762)|VARIABLE_SCOPE_BEGIN|[39]|listPasajeroNif|List<String>|true|false
13:07:34.264 (373937669)|HEAP_ALLOCATE|[EXTERNAL]|Bytes:4
13:07:34.264 (373947907)|VARIABLE_ASSIGNMENT|[39]|listPasajeroNif|[]|0x1816b74f
13:07:34.264 (373984202)|HEAP_ALLOCATE|[41]|Bytes:5
13:07:34.264 (373999511)|VARIABLE_ASSIGNMENT|[41]|inPasajero|null|
13:07:34.264 (374007077)|STATEMENT_EXECUTE|[41]
13:07:34.264 (374025017)|HEAP_ALLOCATE|[46]|Bytes:5
13:07:34.264 (374046551)|HEAP_ALLOCATE|[46]|Bytes:4
13:07:34.264 (374059898)|VARIABLE_SCOPE_BEGIN|[46]|inPasajero|Pasajero__c|true|false
13:07:34.264 (374217727)|VARIABLE_ASSIGNMENT|[46]|inPasajero|{"IsDeleted":false,"Edad__c":59,"Nif__c":"123456781","Reserva__c":"a001r00000oUIkKAAW","Name":"Pasajero0"}|0x17c2780c
13:07:34.264 (374242756)|STATEMENT_EXECUTE|[46]
13:07:34.264 (374246506)|STATEMENT_EXECUTE|[48]
13:07:34.264 (374291881)|HEAP_ALLOCATE|[48]|Bytes:8
13:07:34.264 (374322880)|VARIABLE_SCOPE_BEGIN|[48]|numerosNif|String|false|false
13:07:34.264 (374339696)|VARIABLE_ASSIGNMENT|[48]|numerosNif|"12345678"
13:07:34.264 (374349507)|STATEMENT_EXECUTE|[50]
13:07:34.264 (374373006)|HEAP_ALLOCATE|[50]|Bytes:1
13:07:34.264 (374388142)|VARIABLE_SCOPE_BEGIN|[50]|letraNif|String|false|false
13:07:34.264 (374406263)|VARIABLE_ASSIGNMENT|[50]|letraNif|"1"
13:07:34.264 (374454956)|STATEMENT_EXECUTE|[54]
13:07:34.264 (374458565)|STATEMENT_EXECUTE|[55]
13:07:34.264 (374464152)|HEAP_ALLOCATE|[55]|Bytes:21
13:07:34.264 (374589406)|VF_PAGE_MESSAGE|Error en la letra Nif
13:07:34.264 (374624718)|HEAP_ALLOCATE|[46]|Bytes:5
13:07:34.264 (374649195)|VARIABLE_ASSIGNMENT|[46]|inPasajero|null|
13:07:34.264 (374662239)|SYSTEM_MODE_EXIT|false
13:07:34.264 (374676557)|METHOD_EXIT|[9]|01p1r000008Zry1|PasajeroMethods.ValidarNif(List<Pasajero__c>)
13:07:34.264 (374686787)|STATEMENT_EXECUTE|[10]
13:07:34.264 (374707545)|METHOD_ENTRY|[10]|01p1r000008Zry1|PasajeroMethods.RellenarContacto(List<Pasajero__c>)
13:07:34.264 (374719637)|VARIABLE_SCOPE_BEGIN|[3]|listPasajeros|List<Pasajero__c>|true|false
13:07:34.264 (374870737)|VARIABLE_ASSIGNMENT|[3]|listPasajeros|[{"IsDeleted":false,"Edad__c":59,"Nif__c":"123456781","Reserva__c":"a001r00000oUIkKAAW","Name":"Pasajero0"}]|0x6a7dfa67
13:07:34.264 (374901884)|SYSTEM_MODE_ENTER|false
13:07:34.264 (374909972)|HEAP_ALLOCATE|[5]|Bytes:5
13:07:34.264 (374916930)|STATEMENT_EXECUTE|[3]
13:07:34.264 (374933952)|STATEMENT_EXECUTE|[5]
13:07:34.264 (374935930)|STATEMENT_EXECUTE|[8]
13:07:34.264 (374945746)|HEAP_ALLOCATE|[8]|Bytes:4
13:07:34.264 (374959649)|VARIABLE_SCOPE_BEGIN|[8]|listNifs|List<String>|true|false
13:07:34.264 (375000142)|HEAP_ALLOCATE|[EXTERNAL]|Bytes:4
13:07:34.264 (375013733)|VARIABLE_ASSIGNMENT|[8]|listNifs|[]|0x67316c5a
13:07:34.264 (375046103)|HEAP_ALLOCATE|[10]|Bytes:5
13:07:34.264 (375063467)|HEAP_ALLOCATE|[10]|Bytes:4
13:07:34.264 (375074107)|VARIABLE_SCOPE_BEGIN|[10]|inPasajero|Pasajero__c|true|false
13:07:34.264 (375192594)|VARIABLE_ASSIGNMENT|[10]|inPasajero|{"IsDeleted":false,"Edad__c":59,"Nif__c":"123456781","Reserva__c":"a001r00000oUIkKAAW","Name":"Pasajero0"}|0x17c2780c
13:07:34.264 (375203080)|STATEMENT_EXECUTE|[10]
13:07:34.264 (375205157)|STATEMENT_EXECUTE|[11]
13:07:34.264 (375222987)|HEAP_ALLOCATE|[EXTERNAL]|Bytes:4
13:07:34.264 (375237960)|HEAP_ALLOCATE|[10]|Bytes:5
13:07:34.264 (375252064)|VARIABLE_ASSIGNMENT|[10]|inPasajero|null|
13:07:34.264 (375258807)|STATEMENT_EXECUTE|[15]
13:07:34.264 (375262344)|HEAP_ALLOCATE|[15]|Bytes:61
13:07:34.264 (375291528)|HEAP_ALLOCATE|[15]|Bytes:4
13:07:34.264 (375534989)|SOQL_EXECUTE_BEGIN|[15]|Aggregations:0|SELECT Id, Name, Nif__c FROM Contact WHERE Nif__c IN :tmpVar1
13:07:34.264 (378718652)|SOQL_EXECUTE_END|[15]|Rows:0
13:07:34.264 (378741286)|HEAP_ALLOCATE|[15]|Bytes:4
13:07:34.264 (378751320)|HEAP_ALLOCATE|[15]|Bytes:0
13:07:34.264 (378782022)|HEAP_ALLOCATE|[15]|Bytes:4
13:07:34.264 (378792252)|VARIABLE_SCOPE_BEGIN|[15]|listContactos|List<Contact>|true|false
13:07:34.264 (378806513)|VARIABLE_ASSIGNMENT|[15]|listContactos|[]|0x447304ea
13:07:34.264 (378815365)|STATEMENT_EXECUTE|[17]
13:07:34.264 (378831014)|HEAP_ALLOCATE|[17]|Bytes:4
13:07:34.264 (378844491)|VARIABLE_SCOPE_BEGIN|[17]|mapContactos|Map<String,Contact>|true|false
13:07:34.264 (378861262)|VARIABLE_ASSIGNMENT|[17]|mapContactos|{}|0x122c886b
13:07:34.264 (378899931)|HEAP_ALLOCATE|[19]|Bytes:5
13:07:34.264 (378918780)|VARIABLE_ASSIGNMENT|[19]|inContact|null|
13:07:34.264 (378928230)|STATEMENT_EXECUTE|[19]
13:07:34.264 (378951246)|HEAP_ALLOCATE|[24]|Bytes:5
13:07:34.264 (378967669)|HEAP_ALLOCATE|[24]|Bytes:4
13:07:34.264 (378977937)|VARIABLE_SCOPE_BEGIN|[24]|inPasajero|Pasajero__c|true|false
13:07:34.264 (379128475)|VARIABLE_ASSIGNMENT|[24]|inPasajero|{"IsDeleted":false,"Edad__c":59,"Nif__c":"123456781","Reserva__c":"a001r00000oUIkKAAW","Name":"Pasajero0"}|0x17c2780c
13:07:34.264 (379143641)|STATEMENT_EXECUTE|[24]
13:07:34.264 (379170353)|STATEMENT_EXECUTE|[25]
13:07:34.264 (379181302)|HEAP_ALLOCATE|[24]|Bytes:5
13:07:34.264 (379194368)|VARIABLE_ASSIGNMENT|[24]|inPasajero|null|
13:07:34.264 (379202652)|SYSTEM_MODE_EXIT|false
13:07:34.264 (379212163)|METHOD_EXIT|[10]|01p1r000008Zry1|PasajeroMethods.RellenarContacto(List<Pasajero__c>)
13:07:34.379 (379225937)|CUMULATIVE_LIMIT_USAGE
13:07:34.379 (379225937)|LIMIT_USAGE_FOR_NS|(default)|
  Number of SOQL queries: 4 out of 100
  Number of query rows: 1 out of 50000
  Number of SOSL queries: 0 out of 20
  Number of DML statements: 4 out of 150
  Number of DML rows: 4 out of 10000
  Maximum CPU time: 0 out of 10000
  Maximum heap size: 0 out of 6000000
  Number of callouts: 0 out of 100
  Number of Email Invocations: 0 out of 10
  Number of future calls: 0 out of 50
  Number of queueable jobs added to the queue: 0 out of 50
  Number of Mobile Apex push calls: 0 out of 10

13:07:34.379 (379225937)|CUMULATIVE_LIMIT_USAGE_END

13:07:34.264 (380391054)|CODE_UNIT_FINISHED|PasajeroTrigger on Pasajero trigger event BeforeInsert
13:07:34.264 (381267596)|DML_END|[57]
13:07:34.264 (381366279)|EXCEPTION_THROWN|[57]|System.DmlException: Insert failed. First exception on row 0; first error: FIELD_CUSTOM_VALIDATION_EXCEPTION, Error en la letra Nif: []
13:07:34.264 (381656706)|HEAP_ALLOCATE|[57]|Bytes:118
13:07:34.264 (381691485)|VARIABLE_SCOPE_BEGIN|[59]|e|Exception|true|false
13:07:34.264 (381792665)|VARIABLE_ASSIGNMENT|[59]|e|"common.apex.runtime.impl.DmlExecutionException: Insert failed. First exception on row 0; first error: FIELD_CUSTOM_VALIDATION_EXCEPTION, Error en la letra Nif: []"|0x2fb47cf8
13:07:34.264 (381804622)|STATEMENT_EXECUTE|[59]
13:07:34.264 (381807263)|STATEMENT_EXECUTE|[60]
13:07:34.264 (381849819)|HEAP_ALLOCATE|[60]|Bytes:114
13:07:34.264 (381912995)|STATEMENT_EXECUTE|[63]
13:07:34.264 (381915341)|STATEMENT_EXECUTE|[63]
13:07:34.264 (381917183)|STATEMENT_EXECUTE|[65]
13:07:34.264 (381938513)|HEAP_ALLOCATE|[65]|Bytes:4
13:07:34.264 (381979223)|VARIABLE_ASSIGNMENT|[65]|this.Name|"Pasajero0"|0x733c79b0
13:07:34.264 (382011493)|VARIABLE_ASSIGNMENT|[65]|this.Reserva__c|"a001r00000oUIkKAAW"|0x733c79b0
13:07:34.264 (382020849)|HEAP_ALLOCATE|[67]|Bytes:9
13:07:34.264 (382035466)|VARIABLE_ASSIGNMENT|[65]|this.Nif__c|"1234567BB"|0x733c79b0
13:07:34.264 (382052629)|HEAP_ALLOCATE|[65]|Bytes:28
13:07:34.264 (382070013)|VARIABLE_ASSIGNMENT|[65]|this.Edad__c|59|0x733c79b0
13:07:34.264 (382093858)|VARIABLE_SCOPE_BEGIN|[65]|oPasajero|Pasajero__c|true|false
13:07:34.264 (382110172)|VARIABLE_ASSIGNMENT|[65]|oPasajero|{"Name":"Pasajero0","Reserva__c":"a001r00000oUIkKAAW","Nif__c":"1234567BB","Edad__c":59}|0x733c79b0
13:07:34.264 (382117974)|STATEMENT_EXECUTE|[69]
13:07:34.264 (382133693)|HEAP_ALLOCATE|[69]|Bytes:8
13:07:34.264 (382144432)|DML_BEGIN|[69]|Op:Insert|Type:Pasajero__c|Rows:1
13:07:34.264 (382171668)|HEAP_ALLOCATE|[EXTERNAL]|Bytes:8
13:07:34.264 (384724971)|CODE_UNIT_STARTED|[EXTERNAL]|01q1r000000j3dJ|PasajeroTrigger on Pasajero trigger event BeforeInsert
13:07:34.264 (384771634)|HEAP_ALLOCATE|[EXTERNAL]|Bytes:8
13:07:34.264 (384818722)|HEAP_ALLOCATE|[EXTERNAL]|Bytes:8
13:07:34.264 (384830308)|VARIABLE_SCOPE_BEGIN|[1]|this|PasajeroTrigger|true|false
13:07:34.264 (384863569)|VARIABLE_ASSIGNMENT|[1]|this|{}|0xdeecab4
13:07:34.264 (384906005)|HEAP_ALLOCATE|[EXTERNAL]|Bytes:8
13:07:34.264 (384915012)|VARIABLE_SCOPE_BEGIN|[1]|this|PasajeroTrigger|true|false
13:07:34.264 (384931525)|VARIABLE_ASSIGNMENT|[1]|this|{}|0xdeecab4
13:07:34.264 (384943482)|STATEMENT_EXECUTE|[1]
13:07:34.264 (384947064)|STATEMENT_EXECUTE|[4]
13:07:34.264 (385142018)|VARIABLE_ASSIGNMENT|[4]|this.listNew|[{"IsDeleted":false,"Edad__c":59,"Nif__c":"1234567BB","Reserva__c":"a001r00000oUIkKAAW","Name":"Pasajero0"}]|0xdeecab4
13:07:34.264 (385159038)|STATEMENT_EXECUTE|[7]
13:07:34.264 (385166340)|STATEMENT_EXECUTE|[8]
13:07:34.264 (385168195)|STATEMENT_EXECUTE|[9]
13:07:34.264 (385179969)|METHOD_ENTRY|[9]|01p1r000008Zry1|PasajeroMethods.ValidarNif(List<Pasajero__c>)
13:07:34.264 (385190320)|VARIABLE_SCOPE_BEGIN|[32]|listNew|List<Pasajero__c>|true|false
13:07:34.264 (385369586)|VARIABLE_ASSIGNMENT|[32]|listNew|[{"IsDeleted":false,"Edad__c":59,"Nif__c":"1234567BB","Reserva__c":"a001r00000oUIkKAAW","Name":"Pasajero0"}]|0x399a0c09
13:07:34.264 (385713658)|SYSTEM_MODE_ENTER|false
13:07:34.264 (385725694)|HEAP_ALLOCATE|[34]|Bytes:5
13:07:34.264 (385733796)|STATEMENT_EXECUTE|[32]
13:07:34.264 (385752642)|STATEMENT_EXECUTE|[34]
13:07:34.264 (385754821)|STATEMENT_EXECUTE|[37]
13:07:34.264 (385769993)|HEAP_ALLOCATE|[37]|Bytes:4
13:07:34.264 (385866362)|SOQL_EXECUTE_BEGIN|[37]|Aggregations:0|SELECT Nif__c FROM Pasajero__c
13:07:34.264 (386909059)|SOQL_EXECUTE_END|[37]|Rows:0
13:07:34.264 (386930531)|HEAP_ALLOCATE|[37]|Bytes:4
13:07:34.264 (386940748)|HEAP_ALLOCATE|[37]|Bytes:0
13:07:34.264 (386968837)|HEAP_ALLOCATE|[37]|Bytes:4
13:07:34.264 (386978612)|VARIABLE_SCOPE_BEGIN|[37]|listPasajero|List<Pasajero__c>|true|false
13:07:34.264 (386993055)|VARIABLE_ASSIGNMENT|[37]|listPasajero|[]|0x7b93c5f2
13:07:34.264 (387001632)|STATEMENT_EXECUTE|[39]
13:07:34.264 (387013544)|HEAP_ALLOCATE|[39]|Bytes:4
13:07:34.264 (387028994)|VARIABLE_SCOPE_BEGIN|[39]|listPasajeroNif|List<String>|true|false
13:07:34.264 (387051972)|HEAP_ALLOCATE|[EXTERNAL]|Bytes:4
13:07:34.264 (387060629)|VARIABLE_ASSIGNMENT|[39]|listPasajeroNif|[]|0x2572777a
13:07:34.264 (387088497)|HEAP_ALLOCATE|[41]|Bytes:5
13:07:34.264 (387102571)|VARIABLE_ASSIGNMENT|[41]|inPasajero|null|
13:07:34.264 (387109803)|STATEMENT_EXECUTE|[41]
13:07:34.264 (387121968)|HEAP_ALLOCATE|[46]|Bytes:5
13:07:34.264 (387135379)|HEAP_ALLOCATE|[46]|Bytes:4
13:07:34.264 (387142452)|VARIABLE_SCOPE_BEGIN|[46]|inPasajero|Pasajero__c|true|false
13:07:34.264 (387245561)|VARIABLE_ASSIGNMENT|[46]|inPasajero|{"IsDeleted":false,"Edad__c":59,"Nif__c":"1234567BB","Reserva__c":"a001r00000oUIkKAAW","Name":"Pasajero0"}|0x633554f2
13:07:34.264 (387257327)|STATEMENT_EXECUTE|[46]
13:07:34.264 (387259361)|STATEMENT_EXECUTE|[48]
13:07:34.264 (387287898)|HEAP_ALLOCATE|[48]|Bytes:8
13:07:34.264 (387298666)|VARIABLE_SCOPE_BEGIN|[48]|numerosNif|String|false|false
13:07:34.264 (387309349)|VARIABLE_ASSIGNMENT|[48]|numerosNif|"1234567B"
13:07:34.264 (387320593)|STATEMENT_EXECUTE|[50]
13:07:34.264 (387332031)|HEAP_ALLOCATE|[50]|Bytes:1
13:07:34.264 (387340381)|VARIABLE_SCOPE_BEGIN|[50]|letraNif|String|false|false
13:07:34.264 (387348929)|VARIABLE_ASSIGNMENT|[50]|letraNif|"B"
13:07:34.264 (387366355)|STATEMENT_EXECUTE|[52]
13:07:34.264 (387368234)|STATEMENT_EXECUTE|[53]
13:07:34.264 (387372182)|HEAP_ALLOCATE|[53]|Bytes:22
13:07:34.264 (387448467)|VF_PAGE_MESSAGE|Error en el número Nif
13:07:34.264 (387470758)|HEAP_ALLOCATE|[46]|Bytes:5
13:07:34.264 (387483230)|VARIABLE_ASSIGNMENT|[46]|inPasajero|null|
13:07:34.264 (387492703)|SYSTEM_MODE_EXIT|false
13:07:34.264 (387502052)|METHOD_EXIT|[9]|01p1r000008Zry1|PasajeroMethods.ValidarNif(List<Pasajero__c>)
13:07:34.264 (387510152)|STATEMENT_EXECUTE|[10]
13:07:34.264 (387521014)|METHOD_ENTRY|[10]|01p1r000008Zry1|PasajeroMethods.RellenarContacto(List<Pasajero__c>)
13:07:34.264 (387528469)|VARIABLE_SCOPE_BEGIN|[3]|listPasajeros|List<Pasajero__c>|true|false
13:07:34.264 (387617345)|VARIABLE_ASSIGNMENT|[3]|listPasajeros|[{"IsDeleted":false,"Edad__c":59,"Nif__c":"1234567BB","Reserva__c":"a001r00000oUIkKAAW","Name":"Pasajero0"}]|0x399a0c09
13:07:34.264 (387668866)|SYSTEM_MODE_ENTER|false
13:07:34.264 (387676751)|HEAP_ALLOCATE|[5]|Bytes:5
13:07:34.264 (387682836)|STATEMENT_EXECUTE|[3]
13:07:34.264 (387696202)|STATEMENT_EXECUTE|[5]
13:07:34.264 (387698050)|STATEMENT_EXECUTE|[8]
13:07:34.264 (387707474)|HEAP_ALLOCATE|[8]|Bytes:4
13:07:34.264 (387719563)|VARIABLE_SCOPE_BEGIN|[8]|listNifs|List<String>|true|false
13:07:34.264 (387738976)|HEAP_ALLOCATE|[EXTERNAL]|Bytes:4
13:07:34.264 (387747570)|VARIABLE_ASSIGNMENT|[8]|listNifs|[]|0x4670eb9b
13:07:34.264 (387767821)|HEAP_ALLOCATE|[10]|Bytes:5
13:07:34.264 (387780066)|HEAP_ALLOCATE|[10]|Bytes:4
13:07:34.264 (387791078)|VARIABLE_SCOPE_BEGIN|[10]|inPasajero|Pasajero__c|true|false
13:07:34.264 (387874145)|VARIABLE_ASSIGNMENT|[10]|inPasajero|{"IsDeleted":false,"Edad__c":59,"Nif__c":"1234567BB","Reserva__c":"a001r00000oUIkKAAW","Name":"Pasajero0"}|0x633554f2
13:07:34.264 (387883276)|STATEMENT_EXECUTE|[10]
13:07:34.264 (387885293)|STATEMENT_EXECUTE|[11]
13:07:34.264 (387899526)|HEAP_ALLOCATE|[EXTERNAL]|Bytes:4
13:07:34.264 (387912575)|HEAP_ALLOCATE|[10]|Bytes:5
13:07:34.264 (387922959)|VARIABLE_ASSIGNMENT|[10]|inPasajero|null|
13:07:34.264 (387929322)|STATEMENT_EXECUTE|[15]
13:07:34.264 (387941417)|HEAP_ALLOCATE|[15]|Bytes:4
13:07:34.264 (388122119)|SOQL_EXECUTE_BEGIN|[15]|Aggregations:0|SELECT Id, Name, Nif__c FROM Contact WHERE Nif__c IN :tmpVar1
13:07:34.264 (391420516)|SOQL_EXECUTE_END|[15]|Rows:0
13:07:34.264 (391449463)|HEAP_ALLOCATE|[15]|Bytes:4
13:07:34.264 (391462546)|HEAP_ALLOCATE|[15]|Bytes:0
13:07:34.264 (391502261)|HEAP_ALLOCATE|[15]|Bytes:4
13:07:34.264 (391515375)|VARIABLE_SCOPE_BEGIN|[15]|listContactos|List<Contact>|true|false
13:07:34.264 (391530871)|VARIABLE_ASSIGNMENT|[15]|listContactos|[]|0x2483bbb7
13:07:34.264 (391540125)|STATEMENT_EXECUTE|[17]
13:07:34.264 (391555883)|HEAP_ALLOCATE|[17]|Bytes:4
13:07:34.264 (391563917)|VARIABLE_SCOPE_BEGIN|[17]|mapContactos|Map<String,Contact>|true|false
13:07:34.264 (391579035)|VARIABLE_ASSIGNMENT|[17]|mapContactos|{}|0x664b0a79
13:07:34.264 (391606888)|HEAP_ALLOCATE|[19]|Bytes:5
13:07:34.264 (391620012)|VARIABLE_ASSIGNMENT|[19]|inContact|null|
13:07:34.264 (391626648)|STATEMENT_EXECUTE|[19]
13:07:34.264 (391640324)|HEAP_ALLOCATE|[24]|Bytes:5
13:07:34.264 (391652222)|HEAP_ALLOCATE|[24]|Bytes:4
13:07:34.264 (391658960)|VARIABLE_SCOPE_BEGIN|[24]|inPasajero|Pasajero__c|true|false
13:07:34.264 (391767872)|VARIABLE_ASSIGNMENT|[24]|inPasajero|{"IsDeleted":false,"Edad__c":59,"Nif__c":"1234567BB","Reserva__c":"a001r00000oUIkKAAW","Name":"Pasajero0"}|0x633554f2
13:07:34.264 (391778412)|STATEMENT_EXECUTE|[24]
13:07:34.264 (391797219)|STATEMENT_EXECUTE|[25]
13:07:34.264 (391806949)|HEAP_ALLOCATE|[24]|Bytes:5
13:07:34.264 (391819653)|VARIABLE_ASSIGNMENT|[24]|inPasajero|null|
13:07:34.264 (391830982)|SYSTEM_MODE_EXIT|false
13:07:34.264 (391846169)|METHOD_EXIT|[10]|01p1r000008Zry1|PasajeroMethods.RellenarContacto(List<Pasajero__c>)
13:07:34.391 (391865081)|CUMULATIVE_LIMIT_USAGE
13:07:34.391 (391865081)|LIMIT_USAGE_FOR_NS|(default)|
  Number of SOQL queries: 4 out of 100
  Number of query rows: 1 out of 50000
  Number of SOSL queries: 0 out of 20
  Number of DML statements: 5 out of 150
  Number of DML rows: 5 out of 10000
  Maximum CPU time: 0 out of 10000
  Maximum heap size: 0 out of 6000000
  Number of callouts: 0 out of 100
  Number of Email Invocations: 0 out of 10
  Number of future calls: 0 out of 50
  Number of queueable jobs added to the queue: 0 out of 50
  Number of Mobile Apex push calls: 0 out of 10

13:07:34.391 (391865081)|CUMULATIVE_LIMIT_USAGE_END

13:07:34.264 (393074677)|CODE_UNIT_FINISHED|PasajeroTrigger on Pasajero trigger event BeforeInsert
13:07:34.264 (393976026)|DML_END|[69]
13:07:34.264 (394048984)|EXCEPTION_THROWN|[69]|System.DmlException: Insert failed. First exception on row 0; first error: FIELD_CUSTOM_VALIDATION_EXCEPTION, Error en el número Nif: []
13:07:34.264 (394309041)|HEAP_ALLOCATE|[69]|Bytes:119
13:07:34.264 (394353423)|VARIABLE_SCOPE_BEGIN|[71]|e|Exception|true|false
13:07:34.264 (394426935)|VARIABLE_ASSIGNMENT|[71]|e|"common.apex.runtime.impl.DmlExecutionException: Insert failed. First exception on row 0; first error: FIELD_CUSTOM_VALIDATION_EXCEPTION, Error en el número Nif: []"|0x10819a64
13:07:34.264 (394438458)|STATEMENT_EXECUTE|[71]
13:07:34.264 (394440787)|STATEMENT_EXECUTE|[72]
13:07:34.264 (394477989)|HEAP_ALLOCATE|[72]|Bytes:115
13:07:34.394 (394521797)|CUMULATIVE_LIMIT_USAGE
13:07:34.394 (394521797)|LIMIT_USAGE_FOR_NS|(default)|
  Number of SOQL queries: 2 out of 100
  Number of query rows: 1 out of 50000
  Number of SOSL queries: 0 out of 20
  Number of DML statements: 5 out of 150
  Number of DML rows: 5 out of 10000
  Maximum CPU time: 0 out of 10000
  Maximum heap size: 0 out of 6000000
  Number of callouts: 0 out of 100
  Number of Email Invocations: 0 out of 10
  Number of future calls: 0 out of 50
  Number of queueable jobs added to the queue: 0 out of 50
  Number of Mobile Apex push calls: 0 out of 10

13:07:34.394 (394521797)|CUMULATIVE_LIMIT_USAGE_END

13:07:34.264 (394560027)|CODE_UNIT_FINISHED|PasajeroTest.ValidarNifTest
13:07:34.264 (395370273)|EXECUTION_FINISHED
13:07:34.475 (475305626)|USER_INFO|[EXTERNAL]|0051r000007Oz5Q|lydia.abril@gmail.com|hora estándar de Europa central|GMT+02:00
13:07:34.475 (475338106)|EXECUTION_STARTED
13:07:34.475 (475342690)|CODE_UNIT_STARTED|[EXTERNAL]|DuplicateDetector
13:07:34.475 (475355170)|DUPLICATE_DETECTION_BEGIN
13:07:34.475 (475425144)|DUPLICATE_DETECTION_RULE_INVOCATION|DuplicateRuleId:0Bm1r0000018X89|DuplicateRuleName:Standard Contact Duplicate Rule|DmlType:INSERT
13:07:34.475 (485681275)|DUPLICATE_DETECTION_END
13:07:34.475 (485691815)|CODE_UNIT_FINISHED|DuplicateDetector
13:07:34.475 (486467766)|EXECUTION_FINISHED
13:07:34.488 (488011241)|USER_INFO|[EXTERNAL]|0051r000007Oz5Q|lydia.abril@gmail.com|hora estándar de Europa central|GMT+02:00
13:07:34.488 (488031647)|EXECUTION_STARTED
13:07:34.488 (488035180)|CODE_UNIT_STARTED|[EXTERNAL]|DuplicateDetector
13:07:34.488 (488045373)|DUPLICATE_DETECTION_BEGIN
13:07:34.488 (488099228)|DUPLICATE_DETECTION_RULE_INVOCATION|DuplicateRuleId:0Bm1r0000018X88|DuplicateRuleName:Standard Account Duplicate Rule|DmlType:INSERT
13:07:34.488 (495497953)|DUPLICATE_DETECTION_END
13:07:34.488 (495506749)|CODE_UNIT_FINISHED|DuplicateDetector
13:07:34.488 (496303144)|EXECUTION_FINISHED
