33.0 APEX_CODE,FINEST;APEX_PROFILING,INFO;CALLOUT,INFO;DB,INFO;SYSTEM,DEBUG;VALIDATION,INFO;VISUALFORCE,INFO;WAVE,INFO;WORKFLOW,INFO
Execute Anonymous: Account a  = new Account(name='a',Type='Prospect',NumberOfEmployees=501);insert a;Id uid = UserInfo.getUserId();Approval.ProcessSubmitRequest submit1 = new Approval.ProcessSubmitRequest();submit1.setComments('Submitting');submit1.setObjectId(a.Id);submit1.setSubmitterId(uid);submit1.setProcessDefinitionNameOrId('Approve_New_Account');Approval.ProcessResult submitResult = Approval.process(submit1);a = [select Type from Account where Id = : submitResult.getEntityId()];System.assertEquals('Pending', a.Type, 'incorrect type value');System.assert(false,'rock on with your bad self');
10:24:04.1 (1331672)|USER_INFO|[EXTERNAL]|0051r000007Oz5Q|lydia.abril@gmail.com|hora estándar de Europa central|GMT+02:00
10:24:04.1 (1479394)|EXECUTION_STARTED
10:24:04.1 (1484071)|CODE_UNIT_STARTED|[EXTERNAL]|execute_anonymous_apex
10:24:04.1 (1604273)|VARIABLE_SCOPE_BEGIN|[1]|a|Account|true|false
10:24:04.1 (1718511)|VARIABLE_SCOPE_BEGIN|[1]|submit1|Approval.ProcessSubmitRequest|true|false
10:24:04.1 (1732871)|VARIABLE_SCOPE_BEGIN|[1]|submitResult|Approval.ProcessResult|true|false
10:24:04.1 (1750246)|VARIABLE_SCOPE_BEGIN|[1]|uid|Id|false|false
10:24:04.1 (1867690)|HEAP_ALLOCATE|[72]|Bytes:3
10:24:04.1 (1928484)|HEAP_ALLOCATE|[77]|Bytes:152
10:24:04.1 (1954408)|HEAP_ALLOCATE|[342]|Bytes:408
10:24:04.1 (1971078)|HEAP_ALLOCATE|[355]|Bytes:408
10:24:04.1 (1982401)|HEAP_ALLOCATE|[467]|Bytes:48
10:24:04.1 (2040676)|HEAP_ALLOCATE|[139]|Bytes:6
10:24:04.1 (2055965)|HEAP_ALLOCATE|[EXTERNAL]|Bytes:1
10:24:04.1 (2226176)|STATEMENT_EXECUTE|[1]
10:24:04.1 (2229273)|STATEMENT_EXECUTE|[1]
10:24:04.1 (2259463)|HEAP_ALLOCATE|[1]|Bytes:4
10:24:04.1 (2347889)|HEAP_ALLOCATE|[1]|Bytes:1
10:24:04.1 (2397755)|VARIABLE_ASSIGNMENT|[1]|this.Name|"a"|0x1509df9f
10:24:04.1 (2406075)|HEAP_ALLOCATE|[1]|Bytes:8
10:24:04.1 (2423765)|VARIABLE_ASSIGNMENT|[1]|this.Type|"Prospect"|0x1509df9f
10:24:04.1 (2443295)|VARIABLE_ASSIGNMENT|[1]|this.NumberOfEmployees|501|0x1509df9f
10:24:04.1 (2483396)|VARIABLE_ASSIGNMENT|[1]|a|{"Name":"a","Type":"Prospect","NumberOfEmployees":501}|0x1509df9f
10:24:04.1 (2491117)|STATEMENT_EXECUTE|[1]
10:24:04.1 (2525750)|HEAP_ALLOCATE|[50]|Bytes:5
10:24:04.1 (2545923)|HEAP_ALLOCATE|[56]|Bytes:5
10:24:04.1 (2553591)|HEAP_ALLOCATE|[64]|Bytes:7
10:24:04.1 (2585972)|HEAP_ALLOCATE|[1]|Bytes:8
10:24:04.1 (2598476)|DML_BEGIN|[1]|Op:Insert|Type:Account|Rows:1
10:24:04.1 (2633228)|HEAP_ALLOCATE|[EXTERNAL]|Bytes:8
10:24:04.1 (15897966)|CODE_UNIT_STARTED|[EXTERNAL]|DuplicateDetector
10:24:04.1 (15918374)|DUPLICATE_DETECTION_BEGIN
10:24:04.1 (16457369)|DUPLICATE_DETECTION_RULE_INVOCATION|DuplicateRuleId:0Bm1r0000018X88|DuplicateRuleName:Standard Account Duplicate Rule|DmlType:INSERT
10:24:04.1 (36957469)|DUPLICATE_DETECTION_MATCH_INVOCATION_DETAILS|EntityType:Account|ActionTaken:Allow_[Alert,Report]|DuplicateRecordIds:
10:24:04.1 (36992245)|DUPLICATE_DETECTION_MATCH_INVOCATION_SUMMARY|EntityType:Account|NumRecordsToBeSaved:1|NumRecordsToBeSavedWithDuplicates:0|NumDuplicateRecordsFound:0
10:24:04.1 (37119803)|DUPLICATE_DETECTION_END
10:24:04.1 (37127253)|CODE_UNIT_FINISHED|DuplicateDetector
10:24:04.1 (67333213)|CODE_UNIT_STARTED|[EXTERNAL]|Workflow:Account
10:24:04.1 (71908268)|WF_RULE_EVAL_BEGIN|Workflow
10:24:04.1 (71937283)|WF_CRITERIA_BEGIN|[Account: a 0011r00001nohsD]|PruebaProcess3011r000000gjFE|01Q1r000000mVFX|ON_ALL_CHANGES|0
10:24:04.1 (72052378)|WF_FORMULA|Formula:ENCODED:[treatNullAsNull]true|Values:
10:24:04.1 (72061628)|WF_CRITERIA_END|true
10:24:04.1 (72652020)|WF_SPOOL_ACTION_BEGIN|Workflow
10:24:04.1 (72674330)|WF_ACTION| Flow Trigger: 1;
10:24:04.1 (72679947)|WF_RULE_EVAL_END
10:24:04.1 (73420688)|WF_FLOW_ACTION_BEGIN|09L1r000000Xt57
10:24:04.73 (73496786)|FLOW_CREATE_INTERVIEW_BEGIN|00D1r000001H7aI|3001r000000gDp4|3011r000000gjFE
10:24:04.73 (75349094)|FLOW_CREATE_INTERVIEW_END|7644a7a3cf47bb14d3ca727663a5162d7d38206-25a9|PruebaProcess
10:24:04.75 (75639186)|FLOW_START_INTERVIEWS_BEGIN|1
10:24:04.75 (75658066)|FLOW_START_INTERVIEW_BEGIN|7644a7a3cf47bb14d3ca727663a5162d7d38206-25a9|PruebaProcess
10:24:04.75 (77011905)|FLOW_START_INTERVIEW_END|7644a7a3cf47bb14d3ca727663a5162d7d38206-25a9|PruebaProcess
10:24:04.75 (102148799)|FLOW_START_INTERVIEWS_END|1
10:24:04.1 (102995164)|WF_FLOW_ACTION_END|09L1r000000Xt57
10:24:04.1 (103083751)|WF_ACTIONS_END| Flow Trigger: 1;
10:24:04.1 (103097142)|CODE_UNIT_FINISHED|Workflow:Account
10:24:04.1 (104324907)|DML_END|[1]
10:24:04.1 (104347425)|STATEMENT_EXECUTE|[1]
10:24:04.1 (104402650)|SYSTEM_MODE_ENTER|false
10:24:04.1 (104422129)|HEAP_ALLOCATE|[1]|Bytes:5
10:24:04.1 (104489832)|HEAP_ALLOCATE|[1]|Bytes:85
10:24:04.1 (104525360)|SYSTEM_METHOD_ENTRY|[1]|UserInfo.UserInfo()
10:24:04.1 (104533549)|STATEMENT_EXECUTE|[1]
10:24:04.1 (104557822)|SYSTEM_METHOD_EXIT|[1]|UserInfo
10:24:04.1 (104586080)|METHOD_ENTRY|[1]||System.UserInfo.getUserId()
10:24:04.1 (104630294)|METHOD_EXIT|[1]||System.UserInfo.getUserId()
10:24:04.1 (104646962)|SYSTEM_MODE_EXIT|false
10:24:04.1 (104665903)|HEAP_ALLOCATE|[1]|Bytes:4
10:24:04.1 (104779719)|VARIABLE_ASSIGNMENT|[1]|uid|"0051r000007Oz5QAAS"
10:24:04.1 (104789312)|STATEMENT_EXECUTE|[1]
10:24:04.1 (104857968)|VARIABLE_ASSIGNMENT|[1]|submit1|"common.api.soap.wsdl.ProcessSubmitRequest@bea855c"|0x2ec12f9d
10:24:04.1 (104866115)|STATEMENT_EXECUTE|[1]
10:24:04.1 (104871359)|HEAP_ALLOCATE|[1]|Bytes:10
10:24:04.1 (104917068)|STATEMENT_EXECUTE|[1]
10:24:04.1 (104950289)|HEAP_ALLOCATE|[1]|Bytes:18
10:24:04.1 (104970742)|STATEMENT_EXECUTE|[1]
10:24:04.1 (104977272)|HEAP_ALLOCATE|[1]|Bytes:18
10:24:04.1 (104996724)|STATEMENT_EXECUTE|[1]
10:24:04.1 (105000669)|HEAP_ALLOCATE|[1]|Bytes:19
10:24:04.1 (105015835)|STATEMENT_EXECUTE|[1]
10:24:04.1 (105058448)|HEAP_ALLOCATE|[1]|Bytes:8
10:24:04.1 (105075736)|DML_BEGIN|[1]|Op:Process|Type:ProcessRequest|Rows:1
10:24:04.1 (105107794)|HEAP_ALLOCATE|[EXTERNAL]|Bytes:8
10:24:04.1 (111031325)|CODE_UNIT_STARTED|[EXTERNAL]|Workflow:ApprovalProcessActions
10:24:04.1 (115139537)|WF_APPROVAL_SUBMIT|[Account: a 0011r00001nohsD]
10:24:04.1 (115861469)|WF_APPROVAL_SUBMITTER|Lydia Abril|0051r000007Oz5QAAS
10:24:04.1 (125630448)|WF_RULE_FILTER|[Account : Type equals Prospect] 
AND [Account : Employees greater than 500]
10:24:04.1 (125669155)|WF_RULE_EVAL_VALUE|Prospect
10:24:04.1 (125685814)|WF_RULE_EVAL_VALUE|501
10:24:04.1 (125714762)|WF_EVAL_ENTRY_CRITERIA|Approve New Account|00X1r000002S2tA|true
10:24:04.1 (125857738)|WF_PROCESS_FOUND|ProcessDefinitionNameOrId:04a1r000000gAbg|Applicable process was found.
10:24:04.1 (129745088)|WF_SPOOL_ACTION_BEGIN|Auto Evaluate
10:24:04.1 (129917348)|WF_FIELD_UPDATE|[Account: a 0011r00001nohsD]|Field:Account: Type|Value:Pending|Id=04Y1r000000h1SO
10:24:04.1 (133178514)|CODE_UNIT_STARTED|[EXTERNAL]|01q1r000000j8Jg|AccountTrigger on Account trigger event BeforeUpdate
10:24:04.1 (133223734)|HEAP_ALLOCATE|[EXTERNAL]|Bytes:8
10:24:04.1 (133257556)|HEAP_ALLOCATE|[EXTERNAL]|Bytes:8
10:24:04.1 (133456327)|HEAP_ALLOCATE|[EXTERNAL]|Bytes:12
10:24:04.1 (133471170)|VARIABLE_SCOPE_BEGIN|[1]|this|AccountTrigger|true|false
10:24:04.1 (133563013)|VARIABLE_ASSIGNMENT|[1]|this|{}|0x480e8c03
10:24:04.1 (133657564)|HEAP_ALLOCATE|[EXTERNAL]|Bytes:12
10:24:04.1 (133669884)|VARIABLE_SCOPE_BEGIN|[1]|this|AccountTrigger|true|false
10:24:04.1 (133692483)|VARIABLE_ASSIGNMENT|[1]|this|{}|0x480e8c03
10:24:04.1 (133709081)|STATEMENT_EXECUTE|[1]
10:24:04.1 (133712682)|STATEMENT_EXECUTE|[3]
10:24:04.1 (134557243)|VARIABLE_ASSIGNMENT|[3]|this.listNew|[{"LastModifiedDate":"2018-04-18T08:24:04.000Z","IsDeleted":false,"NumberOfEmployees":501,"SystemModstamp":"2018-04-18T08:24:04.000Z","Name":"a","Type":"Pending","CleanStatus":"Pending","OwnerId":"0051r000007Oz5QAAS","CreatedById":"0051r000007Oz5QAAS","Match_Billing_Addres (4 more) ...":false,"CreatedDate":"2018-04-18T08:24:04.000Z","Id":"0011r00001nohsDAAQ","LastModifiedById":"0051r000007Oz5QAAS"}]|0x480e8c03
10:24:04.1 (134575646)|STATEMENT_EXECUTE|[5]
10:24:04.1 (135035686)|VARIABLE_ASSIGNMENT|[5]|this.mapOld|{"0011r00001nohsDAAQ":{"LastModifiedDate":"2018-04-18T08:24:04.000Z","IsDeleted":false,"NumberOfEmployees":501,"SystemModstamp":"2018-04-18T08:24:04.000Z","Name":"a","Type":"Prospect","CleanStatus":"Pending","OwnerId":"0051r000007Oz5QAAS","CreatedById":"0051r000007Oz5QAAS","Match_Billing_Addres (4 more) ...":false,"CreatedDate":"2018-04-18T08:24:04.000Z","Id":"0011r00001nohsDAAQ","LastModifiedById":"0051r000007Oz5QAAS"}}|0x480e8c03
10:24:04.1 (135064153)|STATEMENT_EXECUTE|[7]
10:24:04.1 (135073368)|STATEMENT_EXECUTE|[8]
10:24:04.1 (135076054)|STATEMENT_EXECUTE|[9]
10:24:04.1 (136553068)|HEAP_ALLOCATE|[9]|Bytes:1
10:24:04.1 (136591533)|METHOD_ENTRY|[1]|01p1r000009p8Bf|AccountMethods.AccountMethods()
10:24:04.1 (136599490)|STATEMENT_EXECUTE|[1]
10:24:04.1 (136604758)|STATEMENT_EXECUTE|[1]
10:24:04.1 (136956856)|SYSTEM_MODE_ENTER|false
10:24:04.1 (136973963)|HEAP_ALLOCATE|[9]|Bytes:5
10:24:04.1 (136986772)|SYSTEM_MODE_EXIT|false
10:24:04.1 (137001587)|METHOD_EXIT|[1]|AccountMethods
10:24:04.1 (137056261)|METHOD_ENTRY|[9]|01p1r000009p8Bf|AccountMethods.ActualizarCuentaHija(List<Account>, Map<Id,Account>)
10:24:04.1 (137101062)|VARIABLE_SCOPE_BEGIN|[3]|listAccount|List<Account>|true|false
10:24:04.1 (137734161)|VARIABLE_ASSIGNMENT|[3]|listAccount|[{"LastModifiedDate":"2018-04-18T08:24:04.000Z","IsDeleted":false,"NumberOfEmployees":501,"SystemModstamp":"2018-04-18T08:24:04.000Z","Name":"a","Type":"Pending","CleanStatus":"Pending","OwnerId":"0051r000007Oz5QAAS","CreatedById":"0051r000007Oz5QAAS","Match_Billing_Addres (4 more) ...":false,"CreatedDate":"2018-04-18T08:24:04.000Z","Id":"0011r00001nohsDAAQ","LastModifiedById":"0051r000007Oz5QAAS"}]|0x4b46b379
10:24:04.1 (137756416)|VARIABLE_SCOPE_BEGIN|[3]|mapOld|Map<Id,Account>|true|false
10:24:04.1 (138394360)|VARIABLE_ASSIGNMENT|[3]|mapOld|{"0011r00001nohsDAAQ":{"LastModifiedDate":"2018-04-18T08:24:04.000Z","IsDeleted":false,"NumberOfEmployees":501,"SystemModstamp":"2018-04-18T08:24:04.000Z","Name":"a","Type":"Prospect","CleanStatus":"Pending","OwnerId":"0051r000007Oz5QAAS","CreatedById":"0051r000007Oz5QAAS","Match_Billing_Addres (4 more) ...":false,"CreatedDate":"2018-04-18T08:24:04.000Z","Id":"0011r00001nohsDAAQ","LastModifiedById":"0051r000007Oz5QAAS"}}|0x464f7c38
10:24:04.1 (138433483)|SYSTEM_MODE_ENTER|false
10:24:04.1 (138444450)|HEAP_ALLOCATE|[5]|Bytes:5
10:24:04.1 (138453841)|STATEMENT_EXECUTE|[3]
10:24:04.1 (138568847)|STATEMENT_EXECUTE|[5]
10:24:04.1 (138573013)|STATEMENT_EXECUTE|[8]
10:24:04.1 (138590900)|HEAP_ALLOCATE|[8]|Bytes:4
10:24:04.1 (138691273)|VARIABLE_SCOPE_BEGIN|[8]|listAccountIds|List<String>|true|false
10:24:04.1 (138728870)|HEAP_ALLOCATE|[EXTERNAL]|Bytes:4
10:24:04.1 (138742684)|VARIABLE_ASSIGNMENT|[8]|listAccountIds|[]|0x6d871b40
10:24:04.1 (138752862)|STATEMENT_EXECUTE|[9]
10:24:04.1 (138795525)|HEAP_ALLOCATE|[9]|Bytes:4
10:24:04.1 (138830627)|VARIABLE_SCOPE_BEGIN|[9]|mapAccountParent|Map<String,Account>|true|false
10:24:04.1 (138852022)|VARIABLE_ASSIGNMENT|[9]|mapAccountParent|{}|0x1324a0f2
10:24:04.1 (139044538)|HEAP_ALLOCATE|[11]|Bytes:5
10:24:04.1 (139072898)|HEAP_ALLOCATE|[11]|Bytes:4
10:24:04.1 (139086207)|VARIABLE_SCOPE_BEGIN|[11]|inAccount|Account|true|false
10:24:04.1 (139650484)|VARIABLE_ASSIGNMENT|[11]|inAccount|{"LastModifiedDate":"2018-04-18T08:24:04.000Z","IsDeleted":false,"NumberOfEmployees":501,"SystemModstamp":"2018-04-18T08:24:04.000Z","Name":"a","Type":"Pending","CleanStatus":"Pending","OwnerId":"0051r000007Oz5QAAS","CreatedById":"0051r000007Oz5QAAS","Match_Billing_Addres (4 more) ...":false,"CreatedDate":"2018-04-18T08:24:04.000Z","Id":"0011r00001nohsDAAQ","LastModifiedById":"0051r000007Oz5QAAS"}|0x39105316
10:24:04.1 (139667008)|STATEMENT_EXECUTE|[11]
10:24:04.1 (139759741)|STATEMENT_EXECUTE|[13]
10:24:04.1 (139773636)|HEAP_ALLOCATE|[11]|Bytes:5
10:24:04.1 (139794127)|VARIABLE_ASSIGNMENT|[11]|inAccount|null|
10:24:04.1 (139804390)|STATEMENT_EXECUTE|[20]
10:24:04.1 (139810104)|HEAP_ALLOCATE|[20]|Bytes:99
10:24:04.1 (139830006)|HEAP_ALLOCATE|[20]|Bytes:4
10:24:04.1 (139843586)|HEAP_ALLOCATE|[20]|Bytes:7
10:24:04.1 (140114013)|SOQL_EXECUTE_BEGIN|[20]|Aggregations:0|SELECT Id, Fecha_ultima_actividad_mas_reciente__c, ParentId FROM Account WHERE ParentId IN :tmpVar1
10:24:04.1 (142561829)|SOQL_EXECUTE_END|[20]|Rows:0
10:24:04.1 (142586419)|HEAP_ALLOCATE|[20]|Bytes:4
10:24:04.1 (142598399)|HEAP_ALLOCATE|[20]|Bytes:0
10:24:04.1 (142627011)|HEAP_ALLOCATE|[20]|Bytes:4
10:24:04.1 (142637524)|VARIABLE_SCOPE_BEGIN|[20]|listAccountChild|List<Account>|true|false
10:24:04.1 (142651741)|VARIABLE_ASSIGNMENT|[20]|listAccountChild|[]|0x469ae963
10:24:04.1 (142690275)|HEAP_ALLOCATE|[23]|Bytes:5
10:24:04.1 (142703877)|VARIABLE_ASSIGNMENT|[23]|inAccount|null|
10:24:04.1 (142710734)|STATEMENT_EXECUTE|[23]
10:24:04.1 (142712915)|STATEMENT_EXECUTE|[27]
10:24:04.1 (142769834)|HEAP_ALLOCATE|[EXTERNAL]|Bytes:4
10:24:04.1 (142779148)|SYSTEM_MODE_EXIT|false
10:24:04.1 (142788886)|METHOD_EXIT|[9]|01p1r000009p8Bf|AccountMethods.ActualizarCuentaHija(List<Account>, Map<Id,Account>)
10:24:04.142 (142800066)|CUMULATIVE_LIMIT_USAGE
10:24:04.142 (142800066)|LIMIT_USAGE_FOR_NS|(default)|
  Number of SOQL queries: 2 out of 100
  Number of query rows: 0 out of 50000
  Number of SOSL queries: 0 out of 20
  Number of DML statements: 3 out of 150
  Number of DML rows: 2 out of 10000
  Maximum CPU time: 0 out of 10000
  Maximum heap size: 0 out of 6000000
  Number of callouts: 0 out of 100
  Number of Email Invocations: 0 out of 10
  Number of future calls: 0 out of 50
  Number of queueable jobs added to the queue: 0 out of 50
  Number of Mobile Apex push calls: 0 out of 10

10:24:04.142 (142800066)|CUMULATIVE_LIMIT_USAGE_END

10:24:04.1 (144191577)|CODE_UNIT_FINISHED|AccountTrigger on Account trigger event BeforeUpdate
10:24:04.1 (159596456)|WF_PROCESS_NODE|Step 1(Approval based on first response)
10:24:04.1 (182218080)|WF_NEXT_APPROVER|Lydia Abril|User|
10:24:04.1 (262295828)|CODE_UNIT_FINISHED|Workflow:ApprovalProcessActions
10:24:04.1 (262770361)|DML_END|[1]
10:24:04.1 (262848516)|HEAP_ALLOCATE|[1]|Bytes:4
10:24:04.1 (262967798)|VARIABLE_ASSIGNMENT|[1]|submitResult|"common.api.soap.wsdl.ProcessResult@545a947"|0x4d11ce02
10:24:04.1 (262982661)|STATEMENT_EXECUTE|[1]
10:24:04.1 (262987641)|HEAP_ALLOCATE|[1]|Bytes:44
10:24:04.1 (263002711)|HEAP_ALLOCATE|[1]|Bytes:4
10:24:04.1 (263044501)|HEAP_ALLOCATE|[1]|Bytes:18
10:24:04.1 (263386230)|SOQL_EXECUTE_BEGIN|[1]|Aggregations:0|SELECT Type FROM Account WHERE Id = :tmpVar1
10:24:04.1 (266854998)|SOQL_EXECUTE_END|[1]|Rows:1
10:24:04.1 (266878284)|HEAP_ALLOCATE|[1]|Bytes:8
10:24:04.1 (266892205)|HEAP_ALLOCATE|[1]|Bytes:44
10:24:04.1 (266922881)|HEAP_ALLOCATE|[1]|Bytes:8
10:24:04.1 (266933185)|HEAP_ALLOCATE|[1]|Bytes:33
10:24:04.1 (266949358)|HEAP_ALLOCATE|[1]|Bytes:12
10:24:04.1 (266971349)|VARIABLE_ASSIGNMENT|[1]|a|{"Type":"Pending","Id":"0011r00001nohsDAAQ"}|0x194139d4
10:24:04.1 (266980382)|STATEMENT_EXECUTE|[1]
10:24:04.1 (266984462)|HEAP_ALLOCATE|[1]|Bytes:7
10:24:04.1 (267013189)|HEAP_ALLOCATE|[1]|Bytes:20
10:24:04.1 (267045865)|STATEMENT_EXECUTE|[1]
10:24:04.1 (267049961)|HEAP_ALLOCATE|[1]|Bytes:26
10:24:04.1 (267111587)|EXCEPTION_THROWN|[1]|System.AssertException: Assertion Failed: rock on with your bad self
10:24:04.1 (267193053)|HEAP_ALLOCATE|[1]|Bytes:48
10:24:04.1 (267283278)|FATAL_ERROR|System.AssertException: Assertion Failed: rock on with your bad self

AnonymousBlock: line 1, column 1
10:24:04.267 (267325535)|CUMULATIVE_LIMIT_USAGE
10:24:04.267 (267325535)|LIMIT_USAGE_FOR_NS|(default)|
  Number of SOQL queries: 3 out of 100
  Number of query rows: 1 out of 50000
  Number of SOSL queries: 0 out of 20
  Number of DML statements: 3 out of 150
  Number of DML rows: 2 out of 10000
  Maximum CPU time: 0 out of 10000
  Maximum heap size: 0 out of 6000000
  Number of callouts: 0 out of 100
  Number of Email Invocations: 0 out of 10
  Number of future calls: 0 out of 50
  Number of queueable jobs added to the queue: 0 out of 50
  Number of Mobile Apex push calls: 0 out of 10

10:24:04.267 (267325535)|CUMULATIVE_LIMIT_USAGE_END

10:24:04.1 (267364461)|CODE_UNIT_FINISHED|execute_anonymous_apex
10:24:04.1 (268333763)|EXECUTION_FINISHED
