36.0 APEX_CODE,FINEST;APEX_PROFILING,INFO;CALLOUT,INFO;DB,INFO;SYSTEM,DEBUG;VALIDATION,INFO;VISUALFORCE,INFO;WAVE,INFO;WORKFLOW,INFO
09:39:33.0 (647575)|USER_INFO|[EXTERNAL]|0051r000007Oz5Q|lydia.abril@gmail.com|hora estándar de Europa central|GMT+02:00
09:39:33.0 (719164)|EXECUTION_STARTED
09:39:33.0 (723922)|CODE_UNIT_STARTED|[EXTERNAL]|01p1r000009p5xn|TaskTest.testCerrarTarea
09:39:33.0 (1285256)|HEAP_ALLOCATE|[72]|Bytes:3
09:39:33.0 (1347191)|HEAP_ALLOCATE|[77]|Bytes:152
09:39:33.0 (1370858)|HEAP_ALLOCATE|[342]|Bytes:408
09:39:33.0 (1387158)|HEAP_ALLOCATE|[355]|Bytes:408
09:39:33.0 (1401590)|HEAP_ALLOCATE|[467]|Bytes:48
09:39:33.0 (1437906)|HEAP_ALLOCATE|[139]|Bytes:6
09:39:33.0 (1465042)|HEAP_ALLOCATE|[EXTERNAL]|Bytes:113
09:39:33.0 (1486611)|METHOD_ENTRY|[2]|01p1r000009p5xn|TaskTest.TaskTest()
09:39:33.0 (1501757)|STATEMENT_EXECUTE|[2]
09:39:33.0 (1512851)|STATEMENT_EXECUTE|[2]
09:39:33.0 (1519829)|METHOD_EXIT|[2]|TaskTest
09:39:33.0 (1584131)|HEAP_ALLOCATE|[50]|Bytes:5
09:39:33.0 (1621543)|HEAP_ALLOCATE|[56]|Bytes:5
09:39:33.0 (1635917)|HEAP_ALLOCATE|[64]|Bytes:7
09:39:33.0 (1702483)|STATEMENT_EXECUTE|[4]
09:39:33.0 (1713799)|STATEMENT_EXECUTE|[6]
09:39:33.0 (1808149)|HEAP_ALLOCATE|[6]|Bytes:4
09:39:33.0 (1957481)|HEAP_ALLOCATE|[6]|Bytes:11
09:39:33.0 (2800132)|VARIABLE_ASSIGNMENT|[6]|this.Name|"CuentaPadre"|0x290f9cc4
09:39:33.0 (2933795)|HEAP_ALLOCATE|[7]|Bytes:4
09:39:33.0 (3017611)|VARIABLE_ASSIGNMENT|[6]|this.Fecha_ultima_actividad_mas_reciente__c|"2018-01-11T00:00:00.000Z"|0x290f9cc4
09:39:33.0 (3080619)|VARIABLE_SCOPE_BEGIN|[6]|oAccountParent|Account|true|false
09:39:33.0 (3128591)|VARIABLE_ASSIGNMENT|[6]|oAccountParent|{"Name":"CuentaPadre","Fecha_ultima_activid (18 more) ...":"2018-01-11T00:00:00.000Z"}|0x290f9cc4
09:39:33.0 (3144891)|STATEMENT_EXECUTE|[8]
09:39:33.0 (3184400)|HEAP_ALLOCATE|[8]|Bytes:8
09:39:33.0 (3208730)|DML_BEGIN|[8]|Op:Insert|Type:Account|Rows:1
09:39:33.0 (3275721)|HEAP_ALLOCATE|[EXTERNAL]|Bytes:8
09:39:33.0 (18738892)|CODE_UNIT_STARTED|[EXTERNAL]|DuplicateDetector
09:39:33.0 (18793580)|DUPLICATE_DETECTION_BEGIN
09:39:33.0 (19122054)|DUPLICATE_DETECTION_RULE_INVOCATION|DuplicateRuleId:0Bm1r0000018X88|DuplicateRuleName:Standard Account Duplicate Rule|DmlType:INSERT
09:39:33.0 (50916796)|DUPLICATE_DETECTION_MATCH_INVOCATION_DETAILS|EntityType:Account|ActionTaken:Allow_[Alert,Report]|DuplicateRecordIds:
09:39:33.0 (50943068)|DUPLICATE_DETECTION_MATCH_INVOCATION_SUMMARY|EntityType:Account|NumRecordsToBeSaved:1|NumRecordsToBeSavedWithDuplicates:0|NumDuplicateRecordsFound:0
09:39:33.0 (51075120)|DUPLICATE_DETECTION_END
09:39:33.0 (51082812)|CODE_UNIT_FINISHED|DuplicateDetector
09:39:33.0 (80711439)|DML_END|[8]
09:39:33.0 (80741946)|STATEMENT_EXECUTE|[10]
09:39:33.0 (80764934)|HEAP_ALLOCATE|[10]|Bytes:4
09:39:33.0 (80801134)|HEAP_ALLOCATE|[10]|Bytes:6
09:39:33.0 (80849913)|VARIABLE_ASSIGNMENT|[10]|this.Name|"Cuenta"|0x19dcfe56
09:39:33.0 (80884090)|VARIABLE_ASSIGNMENT|[10]|this.ParentId|"0011r00001nohYLAAY"|0x19dcfe56
09:39:33.0 (80963212)|HEAP_ALLOCATE|[12]|Bytes:4
09:39:33.0 (81013236)|VARIABLE_ASSIGNMENT|[10]|this.Fecha_ultima_actividad_mas_reciente__c|"2018-01-11T00:00:00.000Z"|0x19dcfe56
09:39:33.0 (81047630)|VARIABLE_SCOPE_BEGIN|[10]|oAccount|Account|true|false
09:39:33.0 (81075536)|VARIABLE_ASSIGNMENT|[10]|oAccount|{"Name":"Cuenta","ParentId":"0011r00001nohYLAAY","Fecha_ultima_activid (18 more) ...":"2018-01-11T00:00:00.000Z"}|0x19dcfe56
09:39:33.0 (81083231)|STATEMENT_EXECUTE|[13]
09:39:33.0 (81101473)|HEAP_ALLOCATE|[13]|Bytes:8
09:39:33.0 (81117602)|DML_BEGIN|[13]|Op:Insert|Type:Account|Rows:1
09:39:33.0 (81153336)|HEAP_ALLOCATE|[EXTERNAL]|Bytes:8
09:39:33.0 (84530994)|CODE_UNIT_STARTED|[EXTERNAL]|DuplicateDetector
09:39:33.0 (84546356)|DUPLICATE_DETECTION_BEGIN
09:39:33.0 (84592652)|DUPLICATE_DETECTION_RULE_INVOCATION|DuplicateRuleId:0Bm1r0000018X88|DuplicateRuleName:Standard Account Duplicate Rule|DmlType:INSERT
09:39:33.0 (132017283)|DUPLICATE_DETECTION_MATCH_INVOCATION_DETAILS|EntityType:Account|ActionTaken:Allow_[Alert,Report]|DuplicateRecordIds:
09:39:33.0 (132042068)|DUPLICATE_DETECTION_MATCH_INVOCATION_SUMMARY|EntityType:Account|NumRecordsToBeSaved:1|NumRecordsToBeSavedWithDuplicates:0|NumDuplicateRecordsFound:0
09:39:33.0 (132167960)|DUPLICATE_DETECTION_END
09:39:33.0 (132174999)|CODE_UNIT_FINISHED|DuplicateDetector
09:39:33.0 (144604118)|DML_END|[13]
09:39:33.0 (144629338)|STATEMENT_EXECUTE|[15]
09:39:33.0 (144679862)|HEAP_ALLOCATE|[15]|Bytes:4
09:39:33.0 (144769043)|HEAP_ALLOCATE|[15]|Bytes:11
09:39:33.0 (145250646)|VARIABLE_ASSIGNMENT|[15]|this.Name|"Oportunidad"|0x5b4dc0d8
09:39:33.0 (145316847)|HEAP_ALLOCATE|[16]|Bytes:4
09:39:33.0 (145365885)|VARIABLE_ASSIGNMENT|[15]|this.CloseDate|"2020-01-11T00:00:00.000Z"|0x5b4dc0d8
09:39:33.0 (145375287)|HEAP_ALLOCATE|[17]|Bytes:11
09:39:33.0 (145392851)|VARIABLE_ASSIGNMENT|[15]|this.StageName|"Prospecting"|0x5b4dc0d8
09:39:33.0 (145424425)|VARIABLE_ASSIGNMENT|[15]|this.AccountId|"0011r00001nohYMAAY"|0x5b4dc0d8
09:39:33.0 (145452401)|VARIABLE_SCOPE_BEGIN|[15]|oOpportunity|Opportunity|true|false
09:39:33.0 (145473137)|VARIABLE_ASSIGNMENT|[15]|oOpportunity|{"Name":"Oportunidad","CloseDate":"2020-01-11T00:00:00.000Z","StageName":"Prospecting","AccountId":"0011r00001nohYMAAY"}|0x5b4dc0d8
09:39:33.0 (145481646)|STATEMENT_EXECUTE|[19]
09:39:33.0 (145496576)|HEAP_ALLOCATE|[19]|Bytes:8
09:39:33.0 (145507374)|DML_BEGIN|[19]|Op:Insert|Type:Opportunity|Rows:1
09:39:33.0 (145532047)|HEAP_ALLOCATE|[EXTERNAL]|Bytes:8
09:39:33.0 (183546225)|CODE_UNIT_STARTED|[EXTERNAL]|01q1r000000Bcgl|ClosedOpportunityTrigger on Opportunity trigger event AfterInsert
09:39:33.0 (183598272)|HEAP_ALLOCATE|[EXTERNAL]|Bytes:8
09:39:33.0 (183691433)|HEAP_ALLOCATE|[EXTERNAL]|Bytes:8
09:39:33.0 (183705301)|VARIABLE_SCOPE_BEGIN|[1]|this|ClosedOpportunityTrigger|true|false
09:39:33.0 (183755225)|VARIABLE_ASSIGNMENT|[1]|this|{}|0x2a891a69
09:39:33.0 (183795689)|HEAP_ALLOCATE|[EXTERNAL]|Bytes:8
09:39:33.0 (183802832)|VARIABLE_SCOPE_BEGIN|[1]|this|ClosedOpportunityTrigger|true|false
09:39:33.0 (183816224)|VARIABLE_ASSIGNMENT|[1]|this|{}|0x2a891a69
09:39:33.0 (183825707)|STATEMENT_EXECUTE|[1]
09:39:33.0 (183829664)|STATEMENT_EXECUTE|[3]
09:39:33.0 (183947483)|HEAP_ALLOCATE|[3]|Bytes:4
09:39:33.0 (184037304)|HEAP_ALLOCATE|[EXTERNAL]|Bytes:4
09:39:33.0 (184052945)|VARIABLE_ASSIGNMENT|[3]|this.taskList|[]|0x2a891a69
09:39:33.0 (184062191)|HEAP_ALLOCATE|[5]|Bytes:89
09:39:33.0 (184076067)|HEAP_ALLOCATE|[5]|Bytes:4
09:39:33.0 (184084818)|HEAP_ALLOCATE|[5]|Bytes:7
09:39:33.0 (184340421)|SOQL_EXECUTE_BEGIN|[5]|Aggregations:0|SELECT Id, StageName FROM Opportunity 
09:39:33.0 (188991108)|SOQL_EXECUTE_END|[5]|Rows:0
09:39:33.0 (189220951)|HEAP_ALLOCATE|[5]|Bytes:54
09:39:33.0 (189238009)|HEAP_ALLOCATE|[5]|Bytes:8
09:39:33.0 (189276053)|SYSTEM_METHOD_ENTRY|[7]|QueryLocatorIterator.QueryLocatorIterator()
09:39:33.0 (189284913)|STATEMENT_EXECUTE|[7]
09:39:33.0 (189297980)|SYSTEM_METHOD_EXIT|[7]|QueryLocatorIterator
09:39:33.0 (189308341)|HEAP_ALLOCATE|[5]|Bytes:28
09:39:33.0 (189332214)|HEAP_ALLOCATE|[5]|Bytes:8
09:39:33.0 (189337956)|HEAP_ALLOCATE|[5]|Bytes:8
09:39:33.0 (189345991)|VARIABLE_SCOPE_BEGIN|[15]|this|Database.QueryLocatorIterator|true|false
09:39:33.0 (189385083)|VARIABLE_ASSIGNMENT|[15]|this|{}|0xec3bc06
09:39:33.0 (189394928)|VARIABLE_SCOPE_BEGIN|[15]|values|List<SObject>|true|false
09:39:33.0 (189407016)|VARIABLE_ASSIGNMENT|[15]|values|null|
09:39:33.0 (189413329)|VARIABLE_SCOPE_BEGIN|[15]|ql|Database.QueryLocator|true|false
09:39:33.0 (189439706)|VARIABLE_ASSIGNMENT|[15]|ql|{"query":"SELECT Id, StageName (69 more) ..."}|0x5e02453
09:39:33.0 (189448950)|VARIABLE_SCOPE_BEGIN|[15]|totalNumRecords|Integer|false|false
09:39:33.0 (189461834)|VARIABLE_ASSIGNMENT|[15]|totalNumRecords|0
09:39:33.0 (189466506)|VARIABLE_SCOPE_BEGIN|[15]|queryMoreSize|Integer|false|false
09:39:33.0 (189473430)|VARIABLE_ASSIGNMENT|[15]|queryMoreSize|50000
09:39:33.0 (189573477)|HEAP_ALLOCATE|[5]|Bytes:28
09:39:33.0 (189598479)|METHOD_ENTRY|[5]||Database.QueryLocatorIterator.hasNext()
09:39:33.0 (189643020)|METHOD_EXIT|[5]||Database.QueryLocatorIterator.hasNext()
09:39:33.0 (189659284)|VARIABLE_ASSIGNMENT|[5]|opp|null|
09:39:33.0 (189675258)|STATEMENT_EXECUTE|[5]
09:39:33.0 (189746553)|STATEMENT_EXECUTE|[12]
09:39:33.189 (189754034)|CUMULATIVE_LIMIT_USAGE
09:39:33.189 (189754034)|LIMIT_USAGE_FOR_NS|(default)|
  Number of SOQL queries: 1 out of 100
  Number of query rows: 0 out of 50000
  Number of SOSL queries: 0 out of 20
  Number of DML statements: 3 out of 150
  Number of DML rows: 3 out of 10000
  Maximum CPU time: 0 out of 10000
  Maximum heap size: 0 out of 6000000
  Number of callouts: 0 out of 100
  Number of Email Invocations: 0 out of 10
  Number of future calls: 0 out of 50
  Number of queueable jobs added to the queue: 0 out of 50
  Number of Mobile Apex push calls: 0 out of 10

09:39:33.189 (189754034)|CUMULATIVE_LIMIT_USAGE_END

09:39:33.0 (190959397)|CODE_UNIT_FINISHED|ClosedOpportunityTrigger on Opportunity trigger event AfterInsert
09:39:33.0 (191806264)|DML_END|[19]
09:39:33.0 (191829751)|STATEMENT_EXECUTE|[23]
09:39:33.0 (191861475)|HEAP_ALLOCATE|[23]|Bytes:4
09:39:33.0 (191902967)|VARIABLE_SCOPE_BEGIN|[23]|listTask|List<Task>|true|false
09:39:33.0 (191922730)|HEAP_ALLOCATE|[EXTERNAL]|Bytes:4
09:39:33.0 (191937765)|VARIABLE_ASSIGNMENT|[23]|listTask|[]|0x5de226c0
09:39:33.0 (191949633)|STATEMENT_EXECUTE|[25]
09:39:33.0 (191975289)|HEAP_ALLOCATE|[25]|Bytes:4
09:39:33.0 (192086497)|HEAP_ALLOCATE|[25]|Bytes:4
09:39:33.0 (193988154)|VARIABLE_ASSIGNMENT|[25]|this.Subject|"Task"|0x76cab8cf
09:39:33.0 (194005588)|HEAP_ALLOCATE|[26]|Bytes:6
09:39:33.0 (194040797)|VARIABLE_ASSIGNMENT|[25]|this.Priority|"Normal"|0x76cab8cf
09:39:33.0 (194049564)|HEAP_ALLOCATE|[27]|Bytes:11
09:39:33.0 (194070102)|VARIABLE_ASSIGNMENT|[25]|this.Status|"Not Started"|0x76cab8cf
09:39:33.0 (194388800)|VARIABLE_ASSIGNMENT|[25]|this.WhatId|"0011r00001nohYMAAY"|0x76cab8cf
09:39:33.0 (194455708)|HEAP_ALLOCATE|[29]|Bytes:4
09:39:33.0 (194534430)|VARIABLE_ASSIGNMENT|[25]|this.ActivityDate|"2020-01-11T00:00:00.000Z"|0x76cab8cf
09:39:33.0 (194570849)|VARIABLE_SCOPE_BEGIN|[25]|oTask|Task|true|false
09:39:33.0 (194597433)|VARIABLE_ASSIGNMENT|[25]|oTask|{"Subject":"Task","Priority":"Normal","Status":"Not Started","WhatId":"0011r00001nohYMAAY","ActivityDate":"2020-01-11T00:00:00.000Z"}|0x76cab8cf
09:39:33.0 (194608125)|STATEMENT_EXECUTE|[31]
09:39:33.0 (194647481)|HEAP_ALLOCATE|[EXTERNAL]|Bytes:4
09:39:33.0 (194658574)|STATEMENT_EXECUTE|[33]
09:39:33.0 (194704397)|DML_BEGIN|[33]|Op:Insert|Type:Task|Rows:1
09:39:33.0 (194742461)|HEAP_ALLOCATE|[EXTERNAL]|Bytes:8
09:39:33.0 (221998822)|DML_END|[33]
09:39:33.0 (222068646)|HEAP_ALLOCATE|[EXTERNAL]|Bytes:8
09:39:33.0 (222272760)|HEAP_ALLOCATE|[35]|Bytes:5
09:39:33.0 (222294569)|HEAP_ALLOCATE|[35]|Bytes:28
09:39:33.0 (222307868)|VARIABLE_SCOPE_BEGIN|[35]|inTask|Task|true|false
09:39:33.0 (222364704)|VARIABLE_ASSIGNMENT|[35]|inTask|{"Subject":"Task","Priority":"Normal","Status":"Not Started","WhatId":"0011r00001nohYMAAY","ActivityDate":"2020-01-11T00:00:00.000Z","Id":"00T1r00004CPPQCEA5"}|0x76cab8cf
09:39:33.0 (222377903)|STATEMENT_EXECUTE|[35]
09:39:33.0 (222380949)|STATEMENT_EXECUTE|[36]
09:39:33.0 (222385831)|HEAP_ALLOCATE|[36]|Bytes:9
09:39:33.0 (222450382)|VARIABLE_ASSIGNMENT|[36]|this.Status|"Completed"|0x76cab8cf
09:39:33.0 (222467305)|HEAP_ALLOCATE|[35]|Bytes:5
09:39:33.0 (222481551)|VARIABLE_ASSIGNMENT|[35]|inTask|null|
09:39:33.0 (222488458)|STATEMENT_EXECUTE|[39]
09:39:33.0 (222540471)|DML_BEGIN|[39]|Op:Update|Type:Task|Rows:1
09:39:33.0 (222577340)|HEAP_ALLOCATE|[EXTERNAL]|Bytes:8
09:39:33.0 (244631538)|CODE_UNIT_STARTED|[EXTERNAL]|01q1r000000j6Yv|TaskTrigger on Task trigger event AfterUpdate
09:39:33.0 (244674760)|HEAP_ALLOCATE|[EXTERNAL]|Bytes:8
09:39:33.0 (244719838)|HEAP_ALLOCATE|[EXTERNAL]|Bytes:8
09:39:33.0 (244839024)|HEAP_ALLOCATE|[EXTERNAL]|Bytes:12
09:39:33.0 (244852468)|VARIABLE_SCOPE_BEGIN|[1]|this|TaskTrigger|true|false
09:39:33.0 (244906910)|VARIABLE_ASSIGNMENT|[1]|this|{}|0x4d313889
09:39:33.0 (244957521)|HEAP_ALLOCATE|[EXTERNAL]|Bytes:12
09:39:33.0 (244965544)|VARIABLE_SCOPE_BEGIN|[1]|this|TaskTrigger|true|false
09:39:33.0 (244979433)|VARIABLE_ASSIGNMENT|[1]|this|{}|0x4d313889
09:39:33.0 (244990807)|STATEMENT_EXECUTE|[1]
09:39:33.0 (244995176)|STATEMENT_EXECUTE|[3]
09:39:33.0 (246222490)|VARIABLE_ASSIGNMENT|[3]|this.listNew|[{"Status":"Completed","LastModifiedDate":"2018-04-18T07:39:33.000Z","IsDeleted":false,"AccountId":"0011r00001nohYMAAY","WhatId":"0011r00001nohYMAAY","ActivityDate":"2020-01-11T00:00:00.000Z","Priority":"Normal","IsHighPriority":false,"IsClosed":true,"IsRecurrence":false,"Subject":"Task","SystemModstamp":"2018-04-18T07:39:33.000Z","IsArchived":false,"CreatedById":"0051r000007Oz5QAAS","TaskSubtype":"Task","OwnerId":"0051r000007Oz5QAAS","CreatedDate":"2018-04-18T07:39:33.000Z","Id":"00T1r00004CPPQCEA5","DB_Activity_Type__c":"Other","IsReminderSet":false,"LastModifiedById":"0051r000007Oz5QAAS"}]|0x4d313889
09:39:33.0 (246242880)|STATEMENT_EXECUTE|[5]
09:39:33.0 (246917322)|VARIABLE_ASSIGNMENT|[5]|this.mapOld|{"00T1r00004CPPQCEA5":{"Status":"Not Started","LastModifiedDate":"2018-04-18T07:39:33.000Z","IsDeleted":false,"AccountId":"0011r00001nohYMAAY","WhatId":"0011r00001nohYMAAY","ActivityDate":"2020-01-11T00:00:00.000Z","Priority":"Normal","IsHighPriority":false,"IsClosed":false,"IsRecurrence":false,"Subject":"Task","SystemModstamp":"2018-04-18T07:39:33.000Z","IsArchived":false,"CreatedById":"0051r000007Oz5QAAS","TaskSubtype":"Task","OwnerId":"0051r000007Oz5QAAS","CreatedDate":"2018-04-18T07:39:33.000Z","Id":"00T1r00004CPPQCEA5","DB_Activity_Type__c":"Other","IsReminderSet":false,"LastModifiedById":"0051r000007Oz5QAAS"}}|0x4d313889
09:39:33.0 (246944965)|STATEMENT_EXECUTE|[7]
09:39:33.0 (246951081)|STATEMENT_EXECUTE|[8]
09:39:33.0 (246952989)|STATEMENT_EXECUTE|[9]
09:39:33.0 (249215451)|HEAP_ALLOCATE|[9]|Bytes:1
09:39:33.0 (249233897)|HEAP_ALLOCATE|[9]|Bytes:11
09:39:33.0 (249258407)|METHOD_ENTRY|[1]|01p1r000009oS6S|TaskMethods.TaskMethods()
09:39:33.0 (249267390)|STATEMENT_EXECUTE|[1]
09:39:33.0 (249275971)|STATEMENT_EXECUTE|[1]
09:39:33.0 (249655078)|SYSTEM_MODE_ENTER|false
09:39:33.0 (249667437)|HEAP_ALLOCATE|[9]|Bytes:5
09:39:33.0 (249676515)|SYSTEM_MODE_EXIT|false
09:39:33.0 (249688886)|METHOD_EXIT|[1]|TaskMethods
09:39:33.0 (249737528)|METHOD_ENTRY|[9]|01p1r000009oS6S|TaskMethods.CerrarTarea(List<Task>, Map<Id,Task>)
09:39:33.0 (249782646)|VARIABLE_SCOPE_BEGIN|[3]|listTask|List<Task>|true|false
09:39:33.0 (250233924)|VARIABLE_ASSIGNMENT|[3]|listTask|[{"Status":"Completed","LastModifiedDate":"2018-04-18T07:39:33.000Z","IsDeleted":false,"AccountId":"0011r00001nohYMAAY","WhatId":"0011r00001nohYMAAY","ActivityDate":"2020-01-11T00:00:00.000Z","Priority":"Normal","IsHighPriority":false,"IsClosed":true,"IsRecurrence":false,"Subject":"Task","SystemModstamp":"2018-04-18T07:39:33.000Z","IsArchived":false,"CreatedById":"0051r000007Oz5QAAS","TaskSubtype":"Task","OwnerId":"0051r000007Oz5QAAS","CreatedDate":"2018-04-18T07:39:33.000Z","Id":"00T1r00004CPPQCEA5","DB_Activity_Type__c":"Other","IsReminderSet":false,"LastModifiedById":"0051r000007Oz5QAAS"}]|0x48dd73e1
09:39:33.0 (250252989)|VARIABLE_SCOPE_BEGIN|[3]|mapTaskOld|Map<Id,Task>|true|false
09:39:33.0 (250599669)|VARIABLE_ASSIGNMENT|[3]|mapTaskOld|{"00T1r00004CPPQCEA5":{"Status":"Not Started","LastModifiedDate":"2018-04-18T07:39:33.000Z","IsDeleted":false,"AccountId":"0011r00001nohYMAAY","WhatId":"0011r00001nohYMAAY","ActivityDate":"2020-01-11T00:00:00.000Z","Priority":"Normal","IsHighPriority":false,"IsClosed":false,"IsRecurrence":false,"Subject":"Task","SystemModstamp":"2018-04-18T07:39:33.000Z","IsArchived":false,"CreatedById":"0051r000007Oz5QAAS","TaskSubtype":"Task","OwnerId":"0051r000007Oz5QAAS","CreatedDate":"2018-04-18T07:39:33.000Z","Id":"00T1r00004CPPQCEA5","DB_Activity_Type__c":"Other","IsReminderSet":false,"LastModifiedById":"0051r000007Oz5QAAS"}}|0x7c7c1395
09:39:33.0 (250633697)|SYSTEM_MODE_ENTER|false
09:39:33.0 (250642931)|HEAP_ALLOCATE|[5]|Bytes:5
09:39:33.0 (250651108)|STATEMENT_EXECUTE|[3]
09:39:33.0 (250703020)|STATEMENT_EXECUTE|[5]
09:39:33.0 (250705359)|STATEMENT_EXECUTE|[8]
09:39:33.0 (250751883)|HEAP_ALLOCATE|[8]|Bytes:4
09:39:33.0 (250807885)|VARIABLE_SCOPE_BEGIN|[8]|listAcUpdate|List<Account>|true|false
09:39:33.0 (250821646)|HEAP_ALLOCATE|[EXTERNAL]|Bytes:4
09:39:33.0 (250834620)|VARIABLE_ASSIGNMENT|[8]|listAcUpdate|[]|0x509c29d0
09:39:33.0 (250845115)|STATEMENT_EXECUTE|[11]
09:39:33.0 (250862722)|HEAP_ALLOCATE|[11]|Bytes:4
09:39:33.0 (250898447)|VARIABLE_SCOPE_BEGIN|[11]|setTaskIds|Set<String>|true|false
09:39:33.0 (250925817)|VARIABLE_ASSIGNMENT|[11]|setTaskIds|[]|0x2e3899dc
09:39:33.0 (250963088)|HEAP_ALLOCATE|[13]|Bytes:5
09:39:33.0 (250982174)|VARIABLE_SCOPE_BEGIN|[13]|inTask|Task|true|false
09:39:33.0 (251241905)|VARIABLE_ASSIGNMENT|[13]|inTask|{"Status":"Completed","LastModifiedDate":"2018-04-18T07:39:33.000Z","IsDeleted":false,"AccountId":"0011r00001nohYMAAY","WhatId":"0011r00001nohYMAAY","ActivityDate":"2020-01-11T00:00:00.000Z","Priority":"Normal","IsHighPriority":false,"IsClosed":true,"IsRecurrence":false,"Subject":"Task","SystemModstamp":"2018-04-18T07:39:33.000Z","IsArchived":false,"CreatedById":"0051r000007Oz5QAAS","TaskSubtype":"Task","OwnerId":"0051r000007Oz5QAAS","CreatedDate":"2018-04-18T07:39:33.000Z","Id":"00T1r00004CPPQCEA5","DB_Activity_Type__c":"Other","IsReminderSet":false,"LastModifiedById":"0051r000007Oz5QAAS"}|0xd59a581
09:39:33.0 (251260168)|STATEMENT_EXECUTE|[13]
09:39:33.0 (251397829)|STATEMENT_EXECUTE|[14]
09:39:33.0 (251400741)|STATEMENT_EXECUTE|[15]
09:39:33.0 (251443564)|HEAP_ALLOCATE|[EXTERNAL]|Bytes:4
09:39:33.0 (251465016)|HEAP_ALLOCATE|[13]|Bytes:5
09:39:33.0 (251479693)|VARIABLE_ASSIGNMENT|[13]|inTask|null|
09:39:33.0 (251486628)|STATEMENT_EXECUTE|[20]
09:39:33.0 (251503409)|HEAP_ALLOCATE|[20]|Bytes:4
09:39:33.0 (251522993)|HEAP_ALLOCATE|[20]|Bytes:218
09:39:33.0 (251536754)|HEAP_ALLOCATE|[20]|Bytes:4
09:39:33.0 (251572816)|HEAP_ALLOCATE|[20]|Bytes:8
09:39:33.0 (251585800)|HEAP_ALLOCATE|[20]|Bytes:8
09:39:33.0 (252678498)|SOQL_EXECUTE_BEGIN|[20]|Aggregations:0|SELECT WhatId, ActivityDate, TYPEOF What WHEN Account THEN Id, Parent.Fecha_ultima_actividad_mas_reciente__c WHEN Opportunity THEN Account.Parent.Fecha_ultima_actividad_mas_reciente__c END FROM Task WHERE Id = :tmpVar1
09:39:33.0 (264329897)|SOQL_EXECUTE_END|[20]|Rows:1
09:39:33.0 (264364350)|HEAP_ALLOCATE|[20]|Bytes:8
09:39:33.0 (264396902)|HEAP_ALLOCATE|[20]|Bytes:227
09:39:33.0 (264446726)|HEAP_ALLOCATE|[20]|Bytes:8
09:39:33.0 (264489088)|HEAP_ALLOCATE|[20]|Bytes:20
09:39:33.0 (264493979)|HEAP_ALLOCATE|[20]|Bytes:20
09:39:33.0 (264499128)|HEAP_ALLOCATE|[20]|Bytes:4
09:39:33.0 (264510275)|VARIABLE_SCOPE_BEGIN|[20]|listTaskType|List<Task>|true|false
09:39:33.0 (264524754)|HEAP_ALLOCATE|[EXTERNAL]|Bytes:8
09:39:33.0 (264579892)|VARIABLE_ASSIGNMENT|[20]|listTaskType|[{"WhatId":"0011r00001nohYMAAY","ActivityDate":"2020-01-11T00:00:00.000Z","Id":"00T1r00004CPPQCEA5","What":{"Id":"0011r00001nohYMAAY","ParentId":"0011r00001nohYLAAY","Parent":{"Id":"0011r00001nohYLAAY","Fecha_ultima_activid (18 more) ...":"2018-01-11T00:00:00.000Z"}}}]|0x10f97f87
09:39:33.0 (264598894)|STATEMENT_EXECUTE|[28]
09:39:33.0 (264606625)|HEAP_ALLOCATE|[28]|Bytes:40
09:39:33.0 (264766024)|HEAP_ALLOCATE|[28]|Bytes:91
09:39:33.0 (264795956)|HEAP_ALLOCATE|[28]|Bytes:131
09:39:33.0 (264822907)|USER_DEBUG|[28]|DEBUG|TaskMethods.CerrarTarea.listTaskType :: (Task:{WhatId=0011r00001nohYMAAY, ActivityDate=2020-01-11 00:00:00, Id=00T1r00004CPPQCEA5})
09:39:33.0 (264875446)|HEAP_ALLOCATE|[31]|Bytes:5
09:39:33.0 (264890621)|HEAP_ALLOCATE|[31]|Bytes:20
09:39:33.0 (264904734)|VARIABLE_SCOPE_BEGIN|[31]|inTask|Task|true|false
09:39:33.0 (264933303)|VARIABLE_ASSIGNMENT|[31]|inTask|{"WhatId":"0011r00001nohYMAAY","ActivityDate":"2020-01-11T00:00:00.000Z","Id":"00T1r00004CPPQCEA5","What":{"Id":"0011r00001nohYMAAY","ParentId":"0011r00001nohYLAAY","Parent":{"Id":"0011r00001nohYLAAY","Fecha_ultima_activid (18 more) ...":"2018-01-11T00:00:00.000Z"}}}|0x4d14036d
09:39:33.0 (264945399)|STATEMENT_EXECUTE|[31]
09:39:33.0 (264987709)|HEAP_ALLOCATE|[32]|Bytes:37
09:39:33.0 (265048758)|HEAP_ALLOCATE|[38]|Bytes:33
09:39:33.0 (265070101)|STATEMENT_EXECUTE|[38]
09:39:33.0 (265073656)|STATEMENT_EXECUTE|[39]
09:39:33.0 (265077446)|HEAP_ALLOCATE|[39]|Bytes:7
09:39:33.0 (265123389)|USER_DEBUG|[39]|DEBUG|Account
09:39:33.0 (265249675)|STATEMENT_EXECUTE|[41]
09:39:33.0 (265252798)|STATEMENT_EXECUTE|[42]
09:39:33.0 (265326573)|VARIABLE_ASSIGNMENT|[42]|this.Fecha_ultima_actividad_mas_reciente__c|"2020-01-11T00:00:00.000Z"|0x4ad95d44
09:39:33.0 (265340256)|STATEMENT_EXECUTE|[43]
09:39:33.0 (265407827)|HEAP_ALLOCATE|[EXTERNAL]|Bytes:4
09:39:33.0 (265433067)|HEAP_ALLOCATE|[31]|Bytes:5
09:39:33.0 (265450418)|VARIABLE_ASSIGNMENT|[31]|inTask|null|
09:39:33.0 (265459835)|STATEMENT_EXECUTE|[47]
09:39:33.0 (265464338)|HEAP_ALLOCATE|[47]|Bytes:13
09:39:33.0 (265527546)|HEAP_ALLOCATE|[47]|Bytes:93
09:39:33.0 (265544723)|HEAP_ALLOCATE|[47]|Bytes:106
09:39:33.0 (265576094)|USER_DEBUG|[47]|DEBUG|listAcUpdate (Account:{Id=0011r00001nohYLAAY, Fecha_ultima_actividad_mas_reciente__c=2020-01-11 00:00:00})
09:39:33.0 (265593043)|STATEMENT_EXECUTE|[48]
09:39:33.0 (265662666)|DML_BEGIN|[48]|Op:Update|Type:Account|Rows:1
09:39:33.0 (265700191)|HEAP_ALLOCATE|[EXTERNAL]|Bytes:8
09:39:33.0 (271231412)|CODE_UNIT_STARTED|[EXTERNAL]|01q1r000000j8Jg|AccountTrigger on Account trigger event BeforeUpdate
09:39:33.0 (271273863)|HEAP_ALLOCATE|[EXTERNAL]|Bytes:8
09:39:33.0 (271297514)|HEAP_ALLOCATE|[EXTERNAL]|Bytes:8
09:39:33.0 (271356288)|HEAP_ALLOCATE|[EXTERNAL]|Bytes:12
09:39:33.0 (271367304)|VARIABLE_SCOPE_BEGIN|[1]|this|AccountTrigger|true|false
09:39:33.0 (271406999)|VARIABLE_ASSIGNMENT|[1]|this|{}|0x48be3415
09:39:33.0 (271445669)|HEAP_ALLOCATE|[EXTERNAL]|Bytes:12
09:39:33.0 (271453148)|VARIABLE_SCOPE_BEGIN|[1]|this|AccountTrigger|true|false
09:39:33.0 (271465080)|VARIABLE_ASSIGNMENT|[1]|this|{}|0x48be3415
09:39:33.0 (271475789)|STATEMENT_EXECUTE|[1]
09:39:33.0 (271478630)|STATEMENT_EXECUTE|[3]
09:39:33.0 (272207747)|VARIABLE_ASSIGNMENT|[3]|this.listNew|[{"LastModifiedDate":"2018-04-18T07:39:33.000Z","IsDeleted":false,"CleanStatus":"Pending","Fecha_ultima_activid (18 more) ...":"2020-01-11T00:00:00.000Z","OwnerId":"0051r000007Oz5QAAS","CreatedById":"0051r000007Oz5QAAS","Match_Billing_Addres (4 more) ...":false,"CreatedDate":"2018-04-18T07:39:33.000Z","Id":"0011r00001nohYLAAY","LastModifiedById":"0051r000007Oz5QAAS","SystemModstamp":"2018-04-18T07:39:33.000Z","Name":"CuentaPadre"}]|0x48be3415
09:39:33.0 (272225274)|STATEMENT_EXECUTE|[5]
09:39:33.0 (272748751)|VARIABLE_ASSIGNMENT|[5]|this.mapOld|{"0011r00001nohYLAAY":{"LastModifiedDate":"2018-04-18T07:39:33.000Z","IsDeleted":false,"CleanStatus":"Pending","Fecha_ultima_activid (18 more) ...":"2018-01-11T00:00:00.000Z","OwnerId":"0051r000007Oz5QAAS","CreatedById":"0051r000007Oz5QAAS","Match_Billing_Addres (4 more) ...":false,"CreatedDate":"2018-04-18T07:39:33.000Z","Id":"0011r00001nohYLAAY","LastModifiedById":"0051r000007Oz5QAAS","SystemModstamp":"2018-04-18T07:39:33.000Z","Name":"CuentaPadre"}}|0x48be3415
09:39:33.0 (272785397)|STATEMENT_EXECUTE|[7]
09:39:33.0 (272790940)|STATEMENT_EXECUTE|[8]
09:39:33.0 (272793016)|STATEMENT_EXECUTE|[9]
09:39:33.0 (273129291)|HEAP_ALLOCATE|[9]|Bytes:1
09:39:33.0 (273150038)|METHOD_ENTRY|[1]|01p1r000009p8Bf|AccountMethods.AccountMethods()
09:39:33.0 (273156751)|STATEMENT_EXECUTE|[1]
09:39:33.0 (273162588)|STATEMENT_EXECUTE|[1]
09:39:33.0 (273172304)|HEAP_ALLOCATE|[9]|Bytes:5
09:39:33.0 (273185155)|METHOD_EXIT|[1]|AccountMethods
09:39:33.0 (273199899)|METHOD_ENTRY|[9]|01p1r000009p8Bf|AccountMethods.ActualizarCuentaHija(List<Account>, Map<Id,Account>)
09:39:33.0 (273219679)|VARIABLE_SCOPE_BEGIN|[3]|listAccount|List<Account>|true|false
09:39:33.0 (273573386)|VARIABLE_ASSIGNMENT|[3]|listAccount|[{"LastModifiedDate":"2018-04-18T07:39:33.000Z","IsDeleted":false,"CleanStatus":"Pending","Fecha_ultima_activid (18 more) ...":"2020-01-11T00:00:00.000Z","OwnerId":"0051r000007Oz5QAAS","CreatedById":"0051r000007Oz5QAAS","Match_Billing_Addres (4 more) ...":false,"CreatedDate":"2018-04-18T07:39:33.000Z","Id":"0011r00001nohYLAAY","LastModifiedById":"0051r000007Oz5QAAS","SystemModstamp":"2018-04-18T07:39:33.000Z","Name":"CuentaPadre"}]|0x181124bc
09:39:33.0 (273587589)|VARIABLE_SCOPE_BEGIN|[3]|mapOld|Map<Id,Account>|true|false
09:39:33.0 (273917935)|VARIABLE_ASSIGNMENT|[3]|mapOld|{"0011r00001nohYLAAY":{"LastModifiedDate":"2018-04-18T07:39:33.000Z","IsDeleted":false,"CleanStatus":"Pending","Fecha_ultima_activid (18 more) ...":"2018-01-11T00:00:00.000Z","OwnerId":"0051r000007Oz5QAAS","CreatedById":"0051r000007Oz5QAAS","Match_Billing_Addres (4 more) ...":false,"CreatedDate":"2018-04-18T07:39:33.000Z","Id":"0011r00001nohYLAAY","LastModifiedById":"0051r000007Oz5QAAS","SystemModstamp":"2018-04-18T07:39:33.000Z","Name":"CuentaPadre"}}|0x474e2718
09:39:33.0 (273963071)|HEAP_ALLOCATE|[5]|Bytes:5
09:39:33.0 (273970159)|STATEMENT_EXECUTE|[3]
09:39:33.0 (274009023)|STATEMENT_EXECUTE|[5]
09:39:33.0 (274011674)|STATEMENT_EXECUTE|[8]
09:39:33.0 (274029453)|HEAP_ALLOCATE|[8]|Bytes:4
09:39:33.0 (274055481)|VARIABLE_SCOPE_BEGIN|[8]|listAccountIds|List<String>|true|false
09:39:33.0 (274081862)|HEAP_ALLOCATE|[EXTERNAL]|Bytes:4
09:39:33.0 (274092596)|VARIABLE_ASSIGNMENT|[8]|listAccountIds|[]|0x490b7a04
09:39:33.0 (274099214)|STATEMENT_EXECUTE|[9]
09:39:33.0 (274132541)|HEAP_ALLOCATE|[9]|Bytes:4
09:39:33.0 (274173826)|VARIABLE_SCOPE_BEGIN|[9]|mapAccountParent|Map<String,Account>|true|false
09:39:33.0 (274188552)|VARIABLE_ASSIGNMENT|[9]|mapAccountParent|{}|0x702cf1ac
09:39:33.0 (274316873)|HEAP_ALLOCATE|[11]|Bytes:5
09:39:33.0 (274334252)|HEAP_ALLOCATE|[11]|Bytes:4
09:39:33.0 (274343441)|VARIABLE_SCOPE_BEGIN|[11]|inAccount|Account|true|false
09:39:33.0 (274718731)|VARIABLE_ASSIGNMENT|[11]|inAccount|{"LastModifiedDate":"2018-04-18T07:39:33.000Z","IsDeleted":false,"CleanStatus":"Pending","Fecha_ultima_activid (18 more) ...":"2020-01-11T00:00:00.000Z","OwnerId":"0051r000007Oz5QAAS","CreatedById":"0051r000007Oz5QAAS","Match_Billing_Addres (4 more) ...":false,"CreatedDate":"2018-04-18T07:39:33.000Z","Id":"0011r00001nohYLAAY","LastModifiedById":"0051r000007Oz5QAAS","SystemModstamp":"2018-04-18T07:39:33.000Z","Name":"CuentaPadre"}|0x5749821f
09:39:33.0 (274734922)|STATEMENT_EXECUTE|[11]
09:39:33.0 (274837288)|STATEMENT_EXECUTE|[13]
09:39:33.0 (274839997)|STATEMENT_EXECUTE|[14]
09:39:33.0 (274881628)|HEAP_ALLOCATE|[EXTERNAL]|Bytes:4
09:39:33.0 (274891983)|STATEMENT_EXECUTE|[15]
09:39:33.0 (274923750)|HEAP_ALLOCATE|[EXTERNAL]|Bytes:-4
09:39:33.0 (274939935)|HEAP_ALLOCATE|[11]|Bytes:5
09:39:33.0 (274954295)|VARIABLE_ASSIGNMENT|[11]|inAccount|null|
09:39:33.0 (274961215)|STATEMENT_EXECUTE|[20]
09:39:33.0 (274965378)|HEAP_ALLOCATE|[20]|Bytes:99
09:39:33.0 (274979982)|HEAP_ALLOCATE|[20]|Bytes:4
09:39:33.0 (275220280)|SOQL_EXECUTE_BEGIN|[20]|Aggregations:0|SELECT Id, Fecha_ultima_actividad_mas_reciente__c, ParentId FROM Account WHERE ParentId IN :tmpVar1
09:39:33.0 (279784752)|SOQL_EXECUTE_END|[20]|Rows:1
09:39:33.0 (279812513)|HEAP_ALLOCATE|[20]|Bytes:8
09:39:33.0 (279826250)|HEAP_ALLOCATE|[20]|Bytes:105
09:39:33.0 (279856304)|HEAP_ALLOCATE|[20]|Bytes:8
09:39:33.0 (279872382)|VARIABLE_SCOPE_BEGIN|[20]|listAccountChild|List<Account>|true|false
09:39:33.0 (279922103)|VARIABLE_ASSIGNMENT|[20]|listAccountChild|[{"Id":"0011r00001nohYMAAY","Fecha_ultima_activid (18 more) ...":"2018-01-11T00:00:00.000Z","ParentId":"0011r00001nohYLAAY"}]|0x2bb983ae
09:39:33.0 (279981480)|HEAP_ALLOCATE|[23]|Bytes:5
09:39:33.0 (279995672)|HEAP_ALLOCATE|[23]|Bytes:16
09:39:33.0 (280004957)|VARIABLE_SCOPE_BEGIN|[23]|inAccount|Account|true|false
09:39:33.0 (280025117)|VARIABLE_ASSIGNMENT|[23]|inAccount|{"Id":"0011r00001nohYMAAY","Fecha_ultima_activid (18 more) ...":"2018-01-11T00:00:00.000Z","ParentId":"0011r00001nohYLAAY"}|0x2cedee08
09:39:33.0 (280034703)|STATEMENT_EXECUTE|[23]
09:39:33.0 (280037449)|STATEMENT_EXECUTE|[24]
09:39:33.0 (280156467)|VARIABLE_ASSIGNMENT|[24]|this.Fecha_ultima_actividad_mas_reciente__c|"2020-01-11T00:00:00.000Z"|0x2cedee08
09:39:33.0 (280173330)|HEAP_ALLOCATE|[23]|Bytes:5
09:39:33.0 (280186655)|VARIABLE_ASSIGNMENT|[23]|inAccount|null|
09:39:33.0 (280192920)|STATEMENT_EXECUTE|[27]
09:39:33.0 (280234696)|DML_BEGIN|[27]|Op:Update|Type:Account|Rows:1
09:39:33.0 (280264820)|HEAP_ALLOCATE|[EXTERNAL]|Bytes:8
09:39:33.0 (284609338)|CODE_UNIT_STARTED|[EXTERNAL]|01q1r000000j8Jg|AccountTrigger on Account trigger event BeforeUpdate
09:39:33.0 (284642042)|HEAP_ALLOCATE|[EXTERNAL]|Bytes:8
09:39:33.0 (284665801)|HEAP_ALLOCATE|[EXTERNAL]|Bytes:8
09:39:33.0 (284714008)|HEAP_ALLOCATE|[EXTERNAL]|Bytes:12
09:39:33.0 (284723531)|VARIABLE_SCOPE_BEGIN|[1]|this|AccountTrigger|true|false
09:39:33.0 (284752037)|VARIABLE_ASSIGNMENT|[1]|this|{}|0x606e402b
09:39:33.0 (284782121)|HEAP_ALLOCATE|[EXTERNAL]|Bytes:12
09:39:33.0 (284789237)|VARIABLE_SCOPE_BEGIN|[1]|this|AccountTrigger|true|false
09:39:33.0 (284801260)|VARIABLE_ASSIGNMENT|[1]|this|{}|0x606e402b
09:39:33.0 (284810010)|STATEMENT_EXECUTE|[1]
09:39:33.0 (284812468)|STATEMENT_EXECUTE|[3]
09:39:33.0 (285358204)|VARIABLE_ASSIGNMENT|[3]|this.listNew|[{"ParentId":"0011r00001nohYLAAY","LastModifiedDate":"2018-04-18T07:39:33.000Z","IsDeleted":false,"Fecha_ultima_activid (18 more) ...":"2020-01-11T00:00:00.000Z","SystemModstamp":"2018-04-18T07:39:33.000Z","Name":"Cuenta","CleanStatus":"Pending","OwnerId":"0051r000007Oz5QAAS","CreatedById":"0051r000007Oz5QAAS","Match_Billing_Addres (4 more) ...":false,"LastActivityDate":"2020-01-11T00:00:00.000Z","CreatedDate":"2018-04-18T07:39:33.000Z","Id":"0011r00001nohYMAAY","LastModifiedById":"0051r000007Oz5QAAS"}]|0x606e402b
09:39:33.0 (285375675)|STATEMENT_EXECUTE|[5]
09:39:33.0 (285790738)|VARIABLE_ASSIGNMENT|[5]|this.mapOld|{"0011r00001nohYMAAY":{"ParentId":"0011r00001nohYLAAY","LastModifiedDate":"2018-04-18T07:39:33.000Z","IsDeleted":false,"Fecha_ultima_activid (18 more) ...":"2018-01-11T00:00:00.000Z","SystemModstamp":"2018-04-18T07:39:33.000Z","Name":"Cuenta","CleanStatus":"Pending","OwnerId":"0051r000007Oz5QAAS","CreatedById":"0051r000007Oz5QAAS","Match_Billing_Addres (4 more) ...":false,"CreatedDate":"2018-04-18T07:39:33.000Z","Id":"0011r00001nohYMAAY","LastModifiedById":"0051r000007Oz5QAAS"}}|0x606e402b
09:39:33.0 (285811060)|STATEMENT_EXECUTE|[7]
09:39:33.0 (285815571)|STATEMENT_EXECUTE|[8]
09:39:33.0 (285817578)|STATEMENT_EXECUTE|[9]
09:39:33.0 (285832300)|METHOD_ENTRY|[9]|01p1r000009p8Bf|AccountMethods.ActualizarCuentaHija(List<Account>, Map<Id,Account>)
09:39:33.0 (285843238)|VARIABLE_SCOPE_BEGIN|[3]|listAccount|List<Account>|true|false
09:39:33.0 (286170030)|VARIABLE_ASSIGNMENT|[3]|listAccount|[{"ParentId":"0011r00001nohYLAAY","LastModifiedDate":"2018-04-18T07:39:33.000Z","IsDeleted":false,"Fecha_ultima_activid (18 more) ...":"2020-01-11T00:00:00.000Z","SystemModstamp":"2018-04-18T07:39:33.000Z","Name":"Cuenta","CleanStatus":"Pending","OwnerId":"0051r000007Oz5QAAS","CreatedById":"0051r000007Oz5QAAS","Match_Billing_Addres (4 more) ...":false,"LastActivityDate":"2020-01-11T00:00:00.000Z","CreatedDate":"2018-04-18T07:39:33.000Z","Id":"0011r00001nohYMAAY","LastModifiedById":"0051r000007Oz5QAAS"}]|0x4bdcfb5e
09:39:33.0 (286184088)|VARIABLE_SCOPE_BEGIN|[3]|mapOld|Map<Id,Account>|true|false
09:39:33.0 (286501472)|VARIABLE_ASSIGNMENT|[3]|mapOld|{"0011r00001nohYMAAY":{"ParentId":"0011r00001nohYLAAY","LastModifiedDate":"2018-04-18T07:39:33.000Z","IsDeleted":false,"Fecha_ultima_activid (18 more) ...":"2018-01-11T00:00:00.000Z","SystemModstamp":"2018-04-18T07:39:33.000Z","Name":"Cuenta","CleanStatus":"Pending","OwnerId":"0051r000007Oz5QAAS","CreatedById":"0051r000007Oz5QAAS","Match_Billing_Addres (4 more) ...":false,"CreatedDate":"2018-04-18T07:39:33.000Z","Id":"0011r00001nohYMAAY","LastModifiedById":"0051r000007Oz5QAAS"}}|0x52e81473
09:39:33.0 (286530580)|HEAP_ALLOCATE|[5]|Bytes:5
09:39:33.0 (286538553)|STATEMENT_EXECUTE|[3]
09:39:33.0 (286556193)|STATEMENT_EXECUTE|[5]
09:39:33.0 (286558028)|STATEMENT_EXECUTE|[8]
09:39:33.0 (286568038)|HEAP_ALLOCATE|[8]|Bytes:4
09:39:33.0 (286581298)|VARIABLE_SCOPE_BEGIN|[8]|listAccountIds|List<String>|true|false
09:39:33.0 (286605689)|HEAP_ALLOCATE|[EXTERNAL]|Bytes:4
09:39:33.0 (286615333)|VARIABLE_ASSIGNMENT|[8]|listAccountIds|[]|0x203c9dcc
09:39:33.0 (286621729)|STATEMENT_EXECUTE|[9]
09:39:33.0 (286637540)|HEAP_ALLOCATE|[9]|Bytes:4
09:39:33.0 (286646376)|VARIABLE_SCOPE_BEGIN|[9]|mapAccountParent|Map<String,Account>|true|false
09:39:33.0 (286659405)|VARIABLE_ASSIGNMENT|[9]|mapAccountParent|{}|0x3241fef8
09:39:33.0 (286682351)|HEAP_ALLOCATE|[11]|Bytes:5
09:39:33.0 (286697388)|HEAP_ALLOCATE|[11]|Bytes:4
09:39:33.0 (286710438)|VARIABLE_SCOPE_BEGIN|[11]|inAccount|Account|true|false
09:39:33.0 (287038310)|VARIABLE_ASSIGNMENT|[11]|inAccount|{"ParentId":"0011r00001nohYLAAY","LastModifiedDate":"2018-04-18T07:39:33.000Z","IsDeleted":false,"Fecha_ultima_activid (18 more) ...":"2020-01-11T00:00:00.000Z","SystemModstamp":"2018-04-18T07:39:33.000Z","Name":"Cuenta","CleanStatus":"Pending","OwnerId":"0051r000007Oz5QAAS","CreatedById":"0051r000007Oz5QAAS","Match_Billing_Addres (4 more) ...":false,"LastActivityDate":"2020-01-11T00:00:00.000Z","CreatedDate":"2018-04-18T07:39:33.000Z","Id":"0011r00001nohYMAAY","LastModifiedById":"0051r000007Oz5QAAS"}|0x1eebe5e5
09:39:33.0 (287053260)|STATEMENT_EXECUTE|[11]
09:39:33.0 (287063644)|STATEMENT_EXECUTE|[13]
09:39:33.0 (287074409)|HEAP_ALLOCATE|[11]|Bytes:5
09:39:33.0 (287087390)|VARIABLE_ASSIGNMENT|[11]|inAccount|null|
09:39:33.0 (287093213)|STATEMENT_EXECUTE|[20]
09:39:33.0 (287106081)|HEAP_ALLOCATE|[20]|Bytes:4
09:39:33.0 (287308157)|SOQL_EXECUTE_BEGIN|[20]|Aggregations:0|SELECT Id, Fecha_ultima_actividad_mas_reciente__c, ParentId FROM Account WHERE ParentId IN :tmpVar1
09:39:33.0 (289767785)|SOQL_EXECUTE_END|[20]|Rows:0
09:39:33.0 (289792075)|HEAP_ALLOCATE|[20]|Bytes:4
09:39:33.0 (289801975)|HEAP_ALLOCATE|[20]|Bytes:0
09:39:33.0 (289829007)|HEAP_ALLOCATE|[20]|Bytes:4
09:39:33.0 (289841991)|VARIABLE_SCOPE_BEGIN|[20]|listAccountChild|List<Account>|true|false
09:39:33.0 (289858576)|VARIABLE_ASSIGNMENT|[20]|listAccountChild|[]|0x43b6b1a4
09:39:33.0 (289885683)|HEAP_ALLOCATE|[23]|Bytes:5
09:39:33.0 (289898716)|VARIABLE_ASSIGNMENT|[23]|inAccount|null|
09:39:33.0 (289905783)|STATEMENT_EXECUTE|[23]
09:39:33.0 (289908017)|STATEMENT_EXECUTE|[27]
09:39:33.0 (289948650)|HEAP_ALLOCATE|[EXTERNAL]|Bytes:4
09:39:33.0 (289964582)|METHOD_EXIT|[9]|01p1r000009p8Bf|AccountMethods.ActualizarCuentaHija(List<Account>, Map<Id,Account>)
09:39:33.289 (289975410)|CUMULATIVE_LIMIT_USAGE
09:39:33.289 (289975410)|LIMIT_USAGE_FOR_NS|(default)|
  Number of SOQL queries: 4 out of 100
  Number of query rows: 2 out of 50000
  Number of SOSL queries: 0 out of 20
  Number of DML statements: 7 out of 150
  Number of DML rows: 7 out of 10000
  Maximum CPU time: 0 out of 10000
  Maximum heap size: 0 out of 6000000
  Number of callouts: 0 out of 100
  Number of Email Invocations: 0 out of 10
  Number of future calls: 0 out of 50
  Number of queueable jobs added to the queue: 0 out of 50
  Number of Mobile Apex push calls: 0 out of 10

09:39:33.289 (289975410)|CUMULATIVE_LIMIT_USAGE_END

09:39:33.0 (290816029)|CODE_UNIT_FINISHED|AccountTrigger on Account trigger event BeforeUpdate
09:39:33.0 (291104080)|CODE_UNIT_STARTED|[EXTERNAL]|DuplicateDetector
09:39:33.0 (291118128)|DUPLICATE_DETECTION_BEGIN
09:39:33.0 (291185175)|DUPLICATE_DETECTION_RULE_INVOCATION|DuplicateRuleId:0Bm1r0000018X88|DuplicateRuleName:Standard Account Duplicate Rule|DmlType:UPDATE
09:39:33.0 (291232629)|DUPLICATE_DETECTION_END
09:39:33.0 (291238763)|CODE_UNIT_FINISHED|DuplicateDetector
09:39:33.0 (304128453)|DML_END|[27]
09:39:33.0 (304169935)|HEAP_ALLOCATE|[EXTERNAL]|Bytes:8
09:39:33.0 (304203406)|METHOD_EXIT|[9]|01p1r000009p8Bf|AccountMethods.ActualizarCuentaHija(List<Account>, Map<Id,Account>)
09:39:33.304 (304217714)|CUMULATIVE_LIMIT_USAGE
09:39:33.304 (304217714)|LIMIT_USAGE_FOR_NS|(default)|
  Number of SOQL queries: 4 out of 100
  Number of query rows: 2 out of 50000
  Number of SOSL queries: 0 out of 20
  Number of DML statements: 7 out of 150
  Number of DML rows: 7 out of 10000
  Maximum CPU time: 0 out of 10000
  Maximum heap size: 0 out of 6000000
  Number of callouts: 0 out of 100
  Number of Email Invocations: 0 out of 10
  Number of future calls: 0 out of 50
  Number of queueable jobs added to the queue: 0 out of 50
  Number of Mobile Apex push calls: 0 out of 10

09:39:33.304 (304217714)|CUMULATIVE_LIMIT_USAGE_END

09:39:33.0 (305317640)|CODE_UNIT_FINISHED|AccountTrigger on Account trigger event BeforeUpdate
09:39:33.0 (305594443)|CODE_UNIT_STARTED|[EXTERNAL]|DuplicateDetector
09:39:33.0 (305608031)|DUPLICATE_DETECTION_BEGIN
09:39:33.0 (305652391)|DUPLICATE_DETECTION_RULE_INVOCATION|DuplicateRuleId:0Bm1r0000018X88|DuplicateRuleName:Standard Account Duplicate Rule|DmlType:UPDATE
09:39:33.0 (305690682)|DUPLICATE_DETECTION_END
09:39:33.0 (305694667)|CODE_UNIT_FINISHED|DuplicateDetector
09:39:33.0 (315363439)|DML_END|[48]
09:39:33.0 (315405207)|HEAP_ALLOCATE|[EXTERNAL]|Bytes:8
09:39:33.0 (315439156)|SYSTEM_MODE_EXIT|false
09:39:33.0 (315467276)|METHOD_EXIT|[9]|01p1r000009oS6S|TaskMethods.CerrarTarea(List<Task>, Map<Id,Task>)
09:39:33.315 (315485453)|CUMULATIVE_LIMIT_USAGE
09:39:33.315 (315485453)|LIMIT_USAGE_FOR_NS|(default)|
  Number of SOQL queries: 4 out of 100
  Number of query rows: 2 out of 50000
  Number of SOSL queries: 0 out of 20
  Number of DML statements: 7 out of 150
  Number of DML rows: 7 out of 10000
  Maximum CPU time: 0 out of 10000
  Maximum heap size: 0 out of 6000000
  Number of callouts: 0 out of 100
  Number of Email Invocations: 0 out of 10
  Number of future calls: 0 out of 50
  Number of queueable jobs added to the queue: 0 out of 50
  Number of Mobile Apex push calls: 0 out of 10

09:39:33.315 (315485453)|CUMULATIVE_LIMIT_USAGE_END

09:39:33.0 (316703139)|CODE_UNIT_FINISHED|TaskTrigger on Task trigger event AfterUpdate
09:39:33.0 (317168081)|DML_END|[39]
09:39:33.0 (317189410)|HEAP_ALLOCATE|[EXTERNAL]|Bytes:8
09:39:33.0 (317205421)|STATEMENT_EXECUTE|[41]
09:39:33.0 (317212652)|HEAP_ALLOCATE|[41]|Bytes:82
09:39:33.0 (317233463)|HEAP_ALLOCATE|[41]|Bytes:4
09:39:33.0 (317435169)|SOQL_EXECUTE_BEGIN|[41]|Aggregations:0|SELECT Id, Fecha_ultima_actividad_mas_reciente__c FROM Account WHERE Id = :tmpVar1
09:39:33.0 (320749842)|SOQL_EXECUTE_END|[41]|Rows:1
09:39:33.0 (320772176)|HEAP_ALLOCATE|[41]|Bytes:8
09:39:33.0 (320786204)|HEAP_ALLOCATE|[41]|Bytes:75
09:39:33.0 (320816749)|HEAP_ALLOCATE|[41]|Bytes:8
09:39:33.0 (320830894)|VARIABLE_SCOPE_BEGIN|[41]|listAccountCheck|List<Account>|true|false
09:39:33.0 (320888557)|VARIABLE_ASSIGNMENT|[41]|listAccountCheck|[{"Id":"0011r00001nohYLAAY","Fecha_ultima_activid (18 more) ...":"2020-01-11T00:00:00.000Z"}]|0x343b79b6
09:39:33.0 (320899208)|STATEMENT_EXECUTE|[43]
09:39:33.0 (320975135)|USER_DEBUG|[43]|DEBUG|(Account:{Id=0011r00001nohYLAAY, Fecha_ultima_actividad_mas_reciente__c=2020-01-11 00:00:00})
09:39:33.0 (320988039)|STATEMENT_EXECUTE|[45]
09:39:33.0 (321027122)|HEAP_ALLOCATE|[45]|Bytes:12
09:39:33.0 (321059117)|HEAP_ALLOCATE|[45]|Bytes:28
09:39:33.0 (321094015)|STATEMENT_EXECUTE|[50]
09:39:33.0 (321114041)|HEAP_ALLOCATE|[50]|Bytes:4
09:39:33.0 (321127962)|HEAP_ALLOCATE|[50]|Bytes:5
09:39:33.0 (321173844)|VARIABLE_ASSIGNMENT|[50]|this.Subject|"Task2"|0x54201b54
09:39:33.0 (321199863)|VARIABLE_ASSIGNMENT|[50]|this.Priority|"Normal"|0x54201b54
09:39:33.0 (321207364)|HEAP_ALLOCATE|[52]|Bytes:11
09:39:33.0 (321227143)|VARIABLE_ASSIGNMENT|[50]|this.Status|"in Progress"|0x54201b54
09:39:33.0 (321268855)|VARIABLE_ASSIGNMENT|[50]|this.WhatId|"0061r00000vkcEWAAY"|0x54201b54
09:39:33.0 (321324089)|HEAP_ALLOCATE|[54]|Bytes:4
09:39:33.0 (321362064)|VARIABLE_ASSIGNMENT|[50]|this.ActivityDate|"2022-01-11T00:00:00.000Z"|0x54201b54
09:39:33.0 (321397208)|VARIABLE_SCOPE_BEGIN|[50]|oTask2|Task|true|false
09:39:33.0 (321419486)|VARIABLE_ASSIGNMENT|[50]|oTask2|{"Subject":"Task2","Priority":"Normal","Status":"in Progress","WhatId":"0061r00000vkcEWAAY","ActivityDate":"2022-01-11T00:00:00.000Z"}|0x54201b54
09:39:33.0 (321427492)|STATEMENT_EXECUTE|[56]
09:39:33.0 (321453511)|HEAP_ALLOCATE|[EXTERNAL]|Bytes:4
09:39:33.0 (321462466)|STATEMENT_EXECUTE|[58]
09:39:33.0 (321506557)|DML_BEGIN|[58]|Op:Upsert|Type:Task|Rows:2
09:39:33.0 (321532664)|HEAP_ALLOCATE|[EXTERNAL]|Bytes:12
09:39:33.0 (347124175)|CODE_UNIT_STARTED|[EXTERNAL]|01q1r000000j6Yv|TaskTrigger on Task trigger event AfterUpdate
09:39:33.0 (347175362)|HEAP_ALLOCATE|[EXTERNAL]|Bytes:8
09:39:33.0 (347229580)|HEAP_ALLOCATE|[EXTERNAL]|Bytes:8
09:39:33.0 (347290721)|HEAP_ALLOCATE|[EXTERNAL]|Bytes:12
09:39:33.0 (347302803)|VARIABLE_SCOPE_BEGIN|[1]|this|TaskTrigger|true|false
09:39:33.0 (347343084)|VARIABLE_ASSIGNMENT|[1]|this|{}|0x4e9cf818
09:39:33.0 (347387123)|HEAP_ALLOCATE|[EXTERNAL]|Bytes:12
09:39:33.0 (347396071)|VARIABLE_SCOPE_BEGIN|[1]|this|TaskTrigger|true|false
09:39:33.0 (347408308)|VARIABLE_ASSIGNMENT|[1]|this|{}|0x4e9cf818
09:39:33.0 (347418520)|STATEMENT_EXECUTE|[1]
09:39:33.0 (347421429)|STATEMENT_EXECUTE|[3]
09:39:33.0 (348199888)|VARIABLE_ASSIGNMENT|[3]|this.listNew|[{"Status":"Completed","LastModifiedDate":"2018-04-18T07:39:33.000Z","IsDeleted":false,"AccountId":"0011r00001nohYMAAY","WhatId":"0011r00001nohYMAAY","ActivityDate":"2020-01-11T00:00:00.000Z","Priority":"Normal","IsHighPriority":false,"IsClosed":true,"IsRecurrence":false,"Subject":"Task","SystemModstamp":"2018-04-18T07:39:33.000Z","IsArchived":false,"CreatedById":"0051r000007Oz5QAAS","TaskSubtype":"Task","OwnerId":"0051r000007Oz5QAAS","CreatedDate":"2018-04-18T07:39:33.000Z","Id":"00T1r00004CPPQCEA5","DB_Activity_Type__c":"Other","IsReminderSet":false,"LastModifiedById":"0051r000007Oz5QAAS"}]|0x4e9cf818
09:39:33.0 (348217448)|STATEMENT_EXECUTE|[5]
09:39:33.0 (348832914)|VARIABLE_ASSIGNMENT|[5]|this.mapOld|{"00T1r00004CPPQCEA5":{"Status":"Completed","LastModifiedDate":"2018-04-18T07:39:33.000Z","IsDeleted":false,"AccountId":"0011r00001nohYMAAY","WhatId":"0011r00001nohYMAAY","ActivityDate":"2020-01-11T00:00:00.000Z","Priority":"Normal","IsHighPriority":false,"IsClosed":true,"IsRecurrence":false,"Subject":"Task","SystemModstamp":"2018-04-18T07:39:33.000Z","IsArchived":false,"CreatedById":"0051r000007Oz5QAAS","TaskSubtype":"Task","OwnerId":"0051r000007Oz5QAAS","CreatedDate":"2018-04-18T07:39:33.000Z","Id":"00T1r00004CPPQCEA5","DB_Activity_Type__c":"Other","IsReminderSet":false,"LastModifiedById":"0051r000007Oz5QAAS"}}|0x4e9cf818
09:39:33.0 (348857034)|STATEMENT_EXECUTE|[7]
09:39:33.0 (348861733)|STATEMENT_EXECUTE|[8]
09:39:33.0 (348863768)|STATEMENT_EXECUTE|[9]
09:39:33.0 (348881019)|METHOD_ENTRY|[9]|01p1r000009oS6S|TaskMethods.CerrarTarea(List<Task>, Map<Id,Task>)
09:39:33.0 (348893690)|VARIABLE_SCOPE_BEGIN|[3]|listTask|List<Task>|true|false
09:39:33.0 (349233913)|VARIABLE_ASSIGNMENT|[3]|listTask|[{"Status":"Completed","LastModifiedDate":"2018-04-18T07:39:33.000Z","IsDeleted":false,"AccountId":"0011r00001nohYMAAY","WhatId":"0011r00001nohYMAAY","ActivityDate":"2020-01-11T00:00:00.000Z","Priority":"Normal","IsHighPriority":false,"IsClosed":true,"IsRecurrence":false,"Subject":"Task","SystemModstamp":"2018-04-18T07:39:33.000Z","IsArchived":false,"CreatedById":"0051r000007Oz5QAAS","TaskSubtype":"Task","OwnerId":"0051r000007Oz5QAAS","CreatedDate":"2018-04-18T07:39:33.000Z","Id":"00T1r00004CPPQCEA5","DB_Activity_Type__c":"Other","IsReminderSet":false,"LastModifiedById":"0051r000007Oz5QAAS"}]|0x602db56
09:39:33.0 (349249519)|VARIABLE_SCOPE_BEGIN|[3]|mapTaskOld|Map<Id,Task>|true|false
09:39:33.0 (349610101)|VARIABLE_ASSIGNMENT|[3]|mapTaskOld|{"00T1r00004CPPQCEA5":{"Status":"Completed","LastModifiedDate":"2018-04-18T07:39:33.000Z","IsDeleted":false,"AccountId":"0011r00001nohYMAAY","WhatId":"0011r00001nohYMAAY","ActivityDate":"2020-01-11T00:00:00.000Z","Priority":"Normal","IsHighPriority":false,"IsClosed":true,"IsRecurrence":false,"Subject":"Task","SystemModstamp":"2018-04-18T07:39:33.000Z","IsArchived":false,"CreatedById":"0051r000007Oz5QAAS","TaskSubtype":"Task","OwnerId":"0051r000007Oz5QAAS","CreatedDate":"2018-04-18T07:39:33.000Z","Id":"00T1r00004CPPQCEA5","DB_Activity_Type__c":"Other","IsReminderSet":false,"LastModifiedById":"0051r000007Oz5QAAS"}}|0x498a97ce
09:39:33.0 (350060703)|SYSTEM_MODE_ENTER|false
09:39:33.0 (350074162)|HEAP_ALLOCATE|[5]|Bytes:5
09:39:33.0 (350084822)|STATEMENT_EXECUTE|[3]
09:39:33.0 (350110604)|STATEMENT_EXECUTE|[5]
09:39:33.0 (350113650)|STATEMENT_EXECUTE|[8]
09:39:33.0 (350140253)|HEAP_ALLOCATE|[8]|Bytes:4
09:39:33.0 (350157303)|VARIABLE_SCOPE_BEGIN|[8]|listAcUpdate|List<Account>|true|false
09:39:33.0 (350166804)|HEAP_ALLOCATE|[EXTERNAL]|Bytes:4
09:39:33.0 (350175641)|VARIABLE_ASSIGNMENT|[8]|listAcUpdate|[]|0x491d3ed9
09:39:33.0 (350182850)|STATEMENT_EXECUTE|[11]
09:39:33.0 (350197493)|HEAP_ALLOCATE|[11]|Bytes:4
09:39:33.0 (350212403)|VARIABLE_SCOPE_BEGIN|[11]|setTaskIds|Set<String>|true|false
09:39:33.0 (350238253)|VARIABLE_ASSIGNMENT|[11]|setTaskIds|[]|0x60e843da
09:39:33.0 (350263043)|HEAP_ALLOCATE|[13]|Bytes:5
09:39:33.0 (350283505)|VARIABLE_SCOPE_BEGIN|[13]|inTask|Task|true|false
09:39:33.0 (350472084)|VARIABLE_ASSIGNMENT|[13]|inTask|{"Status":"Completed","LastModifiedDate":"2018-04-18T07:39:33.000Z","IsDeleted":false,"AccountId":"0011r00001nohYMAAY","WhatId":"0011r00001nohYMAAY","ActivityDate":"2020-01-11T00:00:00.000Z","Priority":"Normal","IsHighPriority":false,"IsClosed":true,"IsRecurrence":false,"Subject":"Task","SystemModstamp":"2018-04-18T07:39:33.000Z","IsArchived":false,"CreatedById":"0051r000007Oz5QAAS","TaskSubtype":"Task","OwnerId":"0051r000007Oz5QAAS","CreatedDate":"2018-04-18T07:39:33.000Z","Id":"00T1r00004CPPQCEA5","DB_Activity_Type__c":"Other","IsReminderSet":false,"LastModifiedById":"0051r000007Oz5QAAS"}|0x7020fcfa
09:39:33.0 (350488953)|STATEMENT_EXECUTE|[13]
09:39:33.0 (350534982)|STATEMENT_EXECUTE|[14]
09:39:33.0 (350545091)|HEAP_ALLOCATE|[13]|Bytes:5
09:39:33.0 (350559316)|VARIABLE_ASSIGNMENT|[13]|inTask|null|
09:39:33.0 (350565192)|STATEMENT_EXECUTE|[20]
09:39:33.0 (350579600)|HEAP_ALLOCATE|[20]|Bytes:4
09:39:33.0 (350600255)|HEAP_ALLOCATE|[20]|Bytes:4
09:39:33.0 (350627912)|HEAP_ALLOCATE|[20]|Bytes:4
09:39:33.0 (350637000)|HEAP_ALLOCATE|[20]|Bytes:4
09:39:33.0 (351151125)|SOQL_EXECUTE_BEGIN|[20]|Aggregations:0|SELECT WhatId, ActivityDate, TYPEOF What WHEN Account THEN Id, Parent.Fecha_ultima_actividad_mas_reciente__c WHEN Opportunity THEN Account.Parent.Fecha_ultima_actividad_mas_reciente__c END FROM Task WHERE Id = :tmpVar1
09:39:33.0 (353968319)|SOQL_EXECUTE_END|[20]|Rows:0
09:39:33.0 (353992016)|HEAP_ALLOCATE|[20]|Bytes:4
09:39:33.0 (354008019)|HEAP_ALLOCATE|[20]|Bytes:0
09:39:33.0 (354038519)|HEAP_ALLOCATE|[20]|Bytes:4
09:39:33.0 (354060509)|HEAP_ALLOCATE|[20]|Bytes:0
09:39:33.0 (354069312)|VARIABLE_SCOPE_BEGIN|[20]|listTaskType|List<Task>|true|false
09:39:33.0 (354079343)|HEAP_ALLOCATE|[EXTERNAL]|Bytes:4
09:39:33.0 (354089125)|VARIABLE_ASSIGNMENT|[20]|listTaskType|[]|0x2629748f
09:39:33.0 (354097672)|STATEMENT_EXECUTE|[28]
09:39:33.0 (354122633)|HEAP_ALLOCATE|[28]|Bytes:2
09:39:33.0 (354136174)|HEAP_ALLOCATE|[28]|Bytes:42
09:39:33.0 (354150378)|USER_DEBUG|[28]|DEBUG|TaskMethods.CerrarTarea.listTaskType :: ()
09:39:33.0 (354176759)|HEAP_ALLOCATE|[31]|Bytes:5
09:39:33.0 (354190184)|VARIABLE_ASSIGNMENT|[31]|inTask|null|
09:39:33.0 (354196542)|STATEMENT_EXECUTE|[31]
09:39:33.0 (354198708)|STATEMENT_EXECUTE|[47]
09:39:33.0 (354210760)|HEAP_ALLOCATE|[47]|Bytes:2
09:39:33.0 (354221291)|HEAP_ALLOCATE|[47]|Bytes:15
09:39:33.0 (354228577)|USER_DEBUG|[47]|DEBUG|listAcUpdate ()
09:39:33.0 (354235014)|STATEMENT_EXECUTE|[48]
09:39:33.0 (354279699)|HEAP_ALLOCATE|[EXTERNAL]|Bytes:4
09:39:33.0 (354289788)|SYSTEM_MODE_EXIT|false
09:39:33.0 (354304111)|METHOD_EXIT|[9]|01p1r000009oS6S|TaskMethods.CerrarTarea(List<Task>, Map<Id,Task>)
09:39:33.354 (354317343)|CUMULATIVE_LIMIT_USAGE
09:39:33.354 (354317343)|LIMIT_USAGE_FOR_NS|(default)|
  Number of SOQL queries: 6 out of 100
  Number of query rows: 3 out of 50000
  Number of SOSL queries: 0 out of 20
  Number of DML statements: 8 out of 150
  Number of DML rows: 9 out of 10000
  Maximum CPU time: 0 out of 10000
  Maximum heap size: 0 out of 6000000
  Number of callouts: 0 out of 100
  Number of Email Invocations: 0 out of 10
  Number of future calls: 0 out of 50
  Number of queueable jobs added to the queue: 0 out of 50
  Number of Mobile Apex push calls: 0 out of 10

09:39:33.354 (354317343)|CUMULATIVE_LIMIT_USAGE_END

09:39:33.0 (355796495)|CODE_UNIT_FINISHED|TaskTrigger on Task trigger event AfterUpdate
09:39:33.0 (356312437)|DML_END|[58]
09:39:33.0 (356369734)|HEAP_ALLOCATE|[EXTERNAL]|Bytes:12
09:39:33.0 (356431995)|HEAP_ALLOCATE|[60]|Bytes:5
09:39:33.0 (356448240)|HEAP_ALLOCATE|[60]|Bytes:28
09:39:33.0 (356458909)|VARIABLE_SCOPE_BEGIN|[60]|inTask|Task|true|false
09:39:33.0 (356497658)|VARIABLE_ASSIGNMENT|[60]|inTask|{"Subject":"Task","Priority":"Normal","Status":"Completed","WhatId":"0011r00001nohYMAAY","ActivityDate":"2020-01-11T00:00:00.000Z","Id":"00T1r00004CPPQCEA5"}|0x76cab8cf
09:39:33.0 (356507708)|STATEMENT_EXECUTE|[60]
09:39:33.0 (356510042)|STATEMENT_EXECUTE|[61]
09:39:33.0 (356573192)|VARIABLE_ASSIGNMENT|[61]|this.Status|"Completed"|0x76cab8cf
09:39:33.0 (356588874)|HEAP_ALLOCATE|[60]|Bytes:5
09:39:33.0 (356601001)|HEAP_ALLOCATE|[60]|Bytes:28
09:39:33.0 (356624063)|VARIABLE_SCOPE_BEGIN|[60]|inTask|Task|true|false
09:39:33.0 (356647696)|VARIABLE_ASSIGNMENT|[60]|inTask|{"Subject":"Task2","Priority":"Normal","Status":"in Progress","WhatId":"0061r00000vkcEWAAY","ActivityDate":"2022-01-11T00:00:00.000Z","Id":"00T1r00004CPPQDEA5"}|0x54201b54
09:39:33.0 (356656109)|STATEMENT_EXECUTE|[60]
09:39:33.0 (356658013)|STATEMENT_EXECUTE|[61]
09:39:33.0 (356688764)|VARIABLE_ASSIGNMENT|[61]|this.Status|"Completed"|0x54201b54
09:39:33.0 (356702536)|HEAP_ALLOCATE|[60]|Bytes:5
09:39:33.0 (356719340)|VARIABLE_ASSIGNMENT|[60]|inTask|null|
09:39:33.0 (356725394)|STATEMENT_EXECUTE|[64]
09:39:33.0 (356765200)|DML_BEGIN|[64]|Op:Update|Type:Task|Rows:2
09:39:33.0 (356807040)|HEAP_ALLOCATE|[EXTERNAL]|Bytes:12
09:39:33.0 (380903729)|CODE_UNIT_STARTED|[EXTERNAL]|01q1r000000j6Yv|TaskTrigger on Task trigger event AfterUpdate
09:39:33.0 (380955307)|HEAP_ALLOCATE|[EXTERNAL]|Bytes:12
09:39:33.0 (380994442)|HEAP_ALLOCATE|[EXTERNAL]|Bytes:12
09:39:33.0 (381056563)|HEAP_ALLOCATE|[EXTERNAL]|Bytes:12
09:39:33.0 (381069035)|VARIABLE_SCOPE_BEGIN|[1]|this|TaskTrigger|true|false
09:39:33.0 (381109719)|VARIABLE_ASSIGNMENT|[1]|this|{}|0x316f2837
09:39:33.0 (381152215)|HEAP_ALLOCATE|[EXTERNAL]|Bytes:12
09:39:33.0 (381159727)|VARIABLE_SCOPE_BEGIN|[1]|this|TaskTrigger|true|false
09:39:33.0 (381172431)|VARIABLE_ASSIGNMENT|[1]|this|{}|0x316f2837
09:39:33.0 (381183100)|STATEMENT_EXECUTE|[1]
09:39:33.0 (381186103)|STATEMENT_EXECUTE|[3]
09:39:33.0 (382377886)|VARIABLE_ASSIGNMENT|[3]|this.listNew|[{"Status":"Completed","LastModifiedDate":"2018-04-18T07:39:33.000Z","IsDeleted":false,"AccountId":"0011r00001nohYMAAY","WhatId":"0011r00001nohYMAAY","ActivityDate":"2020-01-11T00:00:00.000Z","Priority":"Normal","IsHighPriority":false,"IsClosed":true,"IsRecurrence":false,"Subject":"Task","SystemModstamp":"2018-04-18T07:39:33.000Z","IsArchived":false,"CreatedById":"0051r000007Oz5QAAS","TaskSubtype":"Task","OwnerId":"0051r000007Oz5QAAS","CreatedDate":"2018-04-18T07:39:33.000Z","Id":"00T1r00004CPPQCEA5","DB_Activity_Type__c":"Other","IsReminderSet":false,"LastModifiedById":"0051r000007Oz5QAAS"},{"Status":"Completed","LastModifiedDate":"2018-04-18T07:39:33.000Z","IsDeleted":false,"AccountId":"0011r00001nohYMAAY","WhatId":"0061r00000vkcEWAAY","ActivityDate":"2022-01-11T00:00:00.000Z","Priority":"Normal","IsHighPriority":false,"IsClosed":true,"IsRecurrence":false,"Subject":"Task2","SystemModstamp":"2018-04-18T07:39:33.000Z","IsArchived":false,"CreatedById":"0051r000007Oz5QAAS","TaskSubtype":"Task","OwnerId":"0051r000007Oz5QAAS","CreatedDate":"2018-04-18T07:39:33.000Z","Id":"00T1r00004CPPQDEA5","DB_Activity_Type__c":"Other","IsReminderSet":false,"LastModifiedById":"0051r000007Oz5QAAS"}]|0x316f2837
09:39:33.0 (382404449)|STATEMENT_EXECUTE|[5]
09:39:33.0 (383430639)|VARIABLE_ASSIGNMENT|[5]|this.mapOld|{"00T1r00004CPPQCEA5":{"Status":"Completed","LastModifiedDate":"2018-04-18T07:39:33.000Z","IsDeleted":false,"AccountId":"0011r00001nohYMAAY","WhatId":"0011r00001nohYMAAY","ActivityDate":"2020-01-11T00:00:00.000Z","Priority":"Normal","IsHighPriority":false,"IsClosed":true,"IsRecurrence":false,"Subject":"Task","SystemModstamp":"2018-04-18T07:39:33.000Z","IsArchived":false,"CreatedById":"0051r000007Oz5QAAS","TaskSubtype":"Task","OwnerId":"0051r000007Oz5QAAS","CreatedDate":"2018-04-18T07:39:33.000Z","Id":"00T1r00004CPPQCEA5","DB_Activity_Type__c":"Other","IsReminderSet":false,"LastModifiedById":"0051r000007Oz5QAAS"},"00T1r00004CPPQDEA5":{"Status":"In Progress","LastModifiedDate":"2018-04-18T07:39:33.000Z","IsDeleted":false,"AccountId":"0011r00001nohYMAAY","WhatId":"0061r00000vkcEWAAY","ActivityDate":"2022-01-11T00:00:00.000Z","Priority":"Normal","IsHighPriority":false,"IsClosed":false,"IsRecurrence":false,"Subject":"Task2","SystemModstamp":"2018-04-18T07:39:33.000Z","IsArchived":false,"CreatedById":"0051r000007Oz5QAAS","TaskSubtype":"Task","OwnerId":"0051r000007Oz5QAAS","CreatedDate":"2018-04-18T07:39:33.000Z","Id":"00T1r00004CPPQDEA5","DB_Activity_Type__c":"Other","IsReminderSet":false,"LastModifiedById":"0051r000007Oz5QAAS"}}|0x316f2837
09:39:33.0 (383460628)|STATEMENT_EXECUTE|[7]
09:39:33.0 (383465729)|STATEMENT_EXECUTE|[8]
09:39:33.0 (383467716)|STATEMENT_EXECUTE|[9]
09:39:33.0 (383484502)|METHOD_ENTRY|[9]|01p1r000009oS6S|TaskMethods.CerrarTarea(List<Task>, Map<Id,Task>)
09:39:33.0 (383496595)|VARIABLE_SCOPE_BEGIN|[3]|listTask|List<Task>|true|false
09:39:33.0 (384153412)|VARIABLE_ASSIGNMENT|[3]|listTask|[{"Status":"Completed","LastModifiedDate":"2018-04-18T07:39:33.000Z","IsDeleted":false,"AccountId":"0011r00001nohYMAAY","WhatId":"0011r00001nohYMAAY","ActivityDate":"2020-01-11T00:00:00.000Z","Priority":"Normal","IsHighPriority":false,"IsClosed":true,"IsRecurrence":false,"Subject":"Task","SystemModstamp":"2018-04-18T07:39:33.000Z","IsArchived":false,"CreatedById":"0051r000007Oz5QAAS","TaskSubtype":"Task","OwnerId":"0051r000007Oz5QAAS","CreatedDate":"2018-04-18T07:39:33.000Z","Id":"00T1r00004CPPQCEA5","DB_Activity_Type__c":"Other","IsReminderSet":false,"LastModifiedById":"0051r000007Oz5QAAS"},{"Status":"Completed","LastModifiedDate":"2018-04-18T07:39:33.000Z","IsDeleted":false,"AccountId":"0011r00001nohYMAAY","WhatId":"0061r00000vkcEWAAY","ActivityDate":"2022-01-11T00:00:00.000Z","Priority":"Normal","IsHighPriority":false,"IsClosed":true,"IsRecurrence":false,"Subject":"Task2","SystemModstamp":"2018-04-18T07:39:33.000Z","IsArchived":false,"CreatedById":"0051r000007Oz5QAAS","TaskSubtype":"Task","OwnerId":"0051r000007Oz5QAAS","CreatedDate":"2018-04-18T07:39:33.000Z","Id":"00T1r00004CPPQDEA5","DB_Activity_Type__c":"Other","IsReminderSet":false,"LastModifiedById":"0051r000007Oz5QAAS"}]|0x22cfe55f
09:39:33.0 (384175961)|VARIABLE_SCOPE_BEGIN|[3]|mapTaskOld|Map<Id,Task>|true|false
09:39:33.0 (384806638)|VARIABLE_ASSIGNMENT|[3]|mapTaskOld|{"00T1r00004CPPQCEA5":{"Status":"Completed","LastModifiedDate":"2018-04-18T07:39:33.000Z","IsDeleted":false,"AccountId":"0011r00001nohYMAAY","WhatId":"0011r00001nohYMAAY","ActivityDate":"2020-01-11T00:00:00.000Z","Priority":"Normal","IsHighPriority":false,"IsClosed":true,"IsRecurrence":false,"Subject":"Task","SystemModstamp":"2018-04-18T07:39:33.000Z","IsArchived":false,"CreatedById":"0051r000007Oz5QAAS","TaskSubtype":"Task","OwnerId":"0051r000007Oz5QAAS","CreatedDate":"2018-04-18T07:39:33.000Z","Id":"00T1r00004CPPQCEA5","DB_Activity_Type__c":"Other","IsReminderSet":false,"LastModifiedById":"0051r000007Oz5QAAS"},"00T1r00004CPPQDEA5":{"Status":"In Progress","LastModifiedDate":"2018-04-18T07:39:33.000Z","IsDeleted":false,"AccountId":"0011r00001nohYMAAY","WhatId":"0061r00000vkcEWAAY","ActivityDate":"2022-01-11T00:00:00.000Z","Priority":"Normal","IsHighPriority":false,"IsClosed":false,"IsRecurrence":false,"Subject":"Task2","SystemModstamp":"2018-04-18T07:39:33.000Z","IsArchived":false,"CreatedById":"0051r000007Oz5QAAS","TaskSubtype":"Task","OwnerId":"0051r000007Oz5QAAS","CreatedDate":"2018-04-18T07:39:33.000Z","Id":"00T1r00004CPPQDEA5","DB_Activity_Type__c":"Other","IsReminderSet":false,"LastModifiedById":"0051r000007Oz5QAAS"}}|0x5cc79785
09:39:33.0 (385208510)|SYSTEM_MODE_ENTER|false
09:39:33.0 (385221063)|HEAP_ALLOCATE|[5]|Bytes:5
09:39:33.0 (385229321)|STATEMENT_EXECUTE|[3]
09:39:33.0 (385249613)|STATEMENT_EXECUTE|[5]
09:39:33.0 (385251690)|STATEMENT_EXECUTE|[8]
09:39:33.0 (385273602)|HEAP_ALLOCATE|[8]|Bytes:4
09:39:33.0 (385288604)|VARIABLE_SCOPE_BEGIN|[8]|listAcUpdate|List<Account>|true|false
09:39:33.0 (385298039)|HEAP_ALLOCATE|[EXTERNAL]|Bytes:4
09:39:33.0 (385307003)|VARIABLE_ASSIGNMENT|[8]|listAcUpdate|[]|0x4b00fcfb
09:39:33.0 (385313387)|STATEMENT_EXECUTE|[11]
09:39:33.0 (385325468)|HEAP_ALLOCATE|[11]|Bytes:4
09:39:33.0 (385339522)|VARIABLE_SCOPE_BEGIN|[11]|setTaskIds|Set<String>|true|false
09:39:33.0 (385363906)|VARIABLE_ASSIGNMENT|[11]|setTaskIds|[]|0x3664b3c
09:39:33.0 (385388958)|HEAP_ALLOCATE|[13]|Bytes:5
09:39:33.0 (385409344)|VARIABLE_SCOPE_BEGIN|[13]|inTask|Task|true|false
09:39:33.0 (385558313)|VARIABLE_ASSIGNMENT|[13]|inTask|{"Status":"Completed","LastModifiedDate":"2018-04-18T07:39:33.000Z","IsDeleted":false,"AccountId":"0011r00001nohYMAAY","WhatId":"0011r00001nohYMAAY","ActivityDate":"2020-01-11T00:00:00.000Z","Priority":"Normal","IsHighPriority":false,"IsClosed":true,"IsRecurrence":false,"Subject":"Task","SystemModstamp":"2018-04-18T07:39:33.000Z","IsArchived":false,"CreatedById":"0051r000007Oz5QAAS","TaskSubtype":"Task","OwnerId":"0051r000007Oz5QAAS","CreatedDate":"2018-04-18T07:39:33.000Z","Id":"00T1r00004CPPQCEA5","DB_Activity_Type__c":"Other","IsReminderSet":false,"LastModifiedById":"0051r000007Oz5QAAS"}|0x5edeb312
09:39:33.0 (385573018)|STATEMENT_EXECUTE|[13]
09:39:33.0 (385614545)|STATEMENT_EXECUTE|[14]
09:39:33.0 (385624393)|HEAP_ALLOCATE|[13]|Bytes:5
09:39:33.0 (385639624)|VARIABLE_SCOPE_BEGIN|[13]|inTask|Task|true|false
09:39:33.0 (385770787)|VARIABLE_ASSIGNMENT|[13]|inTask|{"Status":"Completed","LastModifiedDate":"2018-04-18T07:39:33.000Z","IsDeleted":false,"AccountId":"0011r00001nohYMAAY","WhatId":"0061r00000vkcEWAAY","ActivityDate":"2022-01-11T00:00:00.000Z","Priority":"Normal","IsHighPriority":false,"IsClosed":true,"IsRecurrence":false,"Subject":"Task2","SystemModstamp":"2018-04-18T07:39:33.000Z","IsArchived":false,"CreatedById":"0051r000007Oz5QAAS","TaskSubtype":"Task","OwnerId":"0051r000007Oz5QAAS","CreatedDate":"2018-04-18T07:39:33.000Z","Id":"00T1r00004CPPQDEA5","DB_Activity_Type__c":"Other","IsReminderSet":false,"LastModifiedById":"0051r000007Oz5QAAS"}|0x3e457cf3
09:39:33.0 (385785630)|STATEMENT_EXECUTE|[13]
09:39:33.0 (385813756)|STATEMENT_EXECUTE|[14]
09:39:33.0 (385815839)|STATEMENT_EXECUTE|[15]
09:39:33.0 (385838020)|HEAP_ALLOCATE|[EXTERNAL]|Bytes:4
09:39:33.0 (385851913)|HEAP_ALLOCATE|[13]|Bytes:5
09:39:33.0 (385863974)|VARIABLE_ASSIGNMENT|[13]|inTask|null|
09:39:33.0 (385870238)|STATEMENT_EXECUTE|[20]
09:39:33.0 (385883667)|HEAP_ALLOCATE|[20]|Bytes:4
09:39:33.0 (385902467)|HEAP_ALLOCATE|[20]|Bytes:4
09:39:33.0 (385928625)|HEAP_ALLOCATE|[20]|Bytes:8
09:39:33.0 (385937166)|HEAP_ALLOCATE|[20]|Bytes:8
09:39:33.0 (386424314)|SOQL_EXECUTE_BEGIN|[20]|Aggregations:0|SELECT WhatId, ActivityDate, TYPEOF What WHEN Account THEN Id, Parent.Fecha_ultima_actividad_mas_reciente__c WHEN Opportunity THEN Account.Parent.Fecha_ultima_actividad_mas_reciente__c END FROM Task WHERE Id = :tmpVar1
09:39:33.0 (396619627)|SOQL_EXECUTE_END|[20]|Rows:1
09:39:33.0 (396651918)|HEAP_ALLOCATE|[20]|Bytes:8
09:39:33.0 (396684461)|HEAP_ALLOCATE|[20]|Bytes:297
09:39:33.0 (396729020)|HEAP_ALLOCATE|[20]|Bytes:8
09:39:33.0 (396760986)|HEAP_ALLOCATE|[20]|Bytes:20
09:39:33.0 (396765941)|HEAP_ALLOCATE|[20]|Bytes:20
09:39:33.0 (396771501)|HEAP_ALLOCATE|[20]|Bytes:4
09:39:33.0 (396781250)|VARIABLE_SCOPE_BEGIN|[20]|listTaskType|List<Task>|true|false
09:39:33.0 (396794705)|HEAP_ALLOCATE|[EXTERNAL]|Bytes:8
09:39:33.0 (396849178)|VARIABLE_ASSIGNMENT|[20]|listTaskType|[{"WhatId":"0061r00000vkcEWAAY","ActivityDate":"2022-01-11T00:00:00.000Z","Id":"00T1r00004CPPQDEA5","What":{"Id":"0061r00000vkcEWAAY","AccountId":"0011r00001nohYMAAY","Account":{"Id":"0011r00001nohYMAAY","ParentId":"0011r00001nohYLAAY","Parent":{"Id":"0011r00001nohYLAAY","Fecha_ultima_activid (18 more) ...":"2020-01-11T00:00:00.000Z"}}}}]|0x12612daf
09:39:33.0 (396864402)|STATEMENT_EXECUTE|[28]
09:39:33.0 (396929948)|HEAP_ALLOCATE|[28]|Bytes:91
09:39:33.0 (396946860)|HEAP_ALLOCATE|[28]|Bytes:131
09:39:33.0 (396961910)|USER_DEBUG|[28]|DEBUG|TaskMethods.CerrarTarea.listTaskType :: (Task:{WhatId=0061r00000vkcEWAAY, ActivityDate=2022-01-11 00:00:00, Id=00T1r00004CPPQDEA5})
09:39:33.0 (396991476)|HEAP_ALLOCATE|[31]|Bytes:5
09:39:33.0 (397004158)|HEAP_ALLOCATE|[31]|Bytes:20
09:39:33.0 (397014094)|VARIABLE_SCOPE_BEGIN|[31]|inTask|Task|true|false
09:39:33.0 (397039759)|VARIABLE_ASSIGNMENT|[31]|inTask|{"WhatId":"0061r00000vkcEWAAY","ActivityDate":"2022-01-11T00:00:00.000Z","Id":"00T1r00004CPPQDEA5","What":{"Id":"0061r00000vkcEWAAY","AccountId":"0011r00001nohYMAAY","Account":{"Id":"0011r00001nohYMAAY","ParentId":"0011r00001nohYLAAY","Parent":{"Id":"0011r00001nohYLAAY","Fecha_ultima_activid (18 more) ...":"2020-01-11T00:00:00.000Z"}}}}|0x1b08248e
09:39:33.0 (397052253)|STATEMENT_EXECUTE|[31]
09:39:33.0 (397088634)|STATEMENT_EXECUTE|[32]
09:39:33.0 (397091874)|STATEMENT_EXECUTE|[33]
09:39:33.0 (397096488)|HEAP_ALLOCATE|[33]|Bytes:11
09:39:33.0 (397134878)|USER_DEBUG|[33]|DEBUG|Opportunity
09:39:33.0 (397230530)|STATEMENT_EXECUTE|[34]
09:39:33.0 (397233270)|STATEMENT_EXECUTE|[35]
09:39:33.0 (397279179)|VARIABLE_ASSIGNMENT|[35]|this.Fecha_ultima_actividad_mas_reciente__c|"2022-01-11T00:00:00.000Z"|0x25500e11
09:39:33.0 (397287803)|STATEMENT_EXECUTE|[36]
09:39:33.0 (397328845)|HEAP_ALLOCATE|[EXTERNAL]|Bytes:4
09:39:33.0 (397346126)|HEAP_ALLOCATE|[31]|Bytes:5
09:39:33.0 (397359768)|VARIABLE_ASSIGNMENT|[31]|inTask|null|
09:39:33.0 (397367202)|STATEMENT_EXECUTE|[47]
09:39:33.0 (397399532)|HEAP_ALLOCATE|[47]|Bytes:93
09:39:33.0 (397413474)|HEAP_ALLOCATE|[47]|Bytes:106
09:39:33.0 (397423308)|USER_DEBUG|[47]|DEBUG|listAcUpdate (Account:{Id=0011r00001nohYLAAY, Fecha_ultima_actividad_mas_reciente__c=2022-01-11 00:00:00})
09:39:33.0 (397431866)|STATEMENT_EXECUTE|[48]
09:39:33.0 (397469129)|DML_BEGIN|[48]|Op:Update|Type:Account|Rows:1
09:39:33.0 (397499603)|HEAP_ALLOCATE|[EXTERNAL]|Bytes:8
09:39:33.0 (402110537)|CODE_UNIT_STARTED|[EXTERNAL]|01q1r000000j8Jg|AccountTrigger on Account trigger event BeforeUpdate
09:39:33.0 (402144329)|HEAP_ALLOCATE|[EXTERNAL]|Bytes:8
09:39:33.0 (402167762)|HEAP_ALLOCATE|[EXTERNAL]|Bytes:8
09:39:33.0 (402210932)|HEAP_ALLOCATE|[EXTERNAL]|Bytes:12
09:39:33.0 (402218854)|VARIABLE_SCOPE_BEGIN|[1]|this|AccountTrigger|true|false
09:39:33.0 (402246309)|VARIABLE_ASSIGNMENT|[1]|this|{}|0x1cd36088
09:39:33.0 (402282042)|HEAP_ALLOCATE|[EXTERNAL]|Bytes:12
09:39:33.0 (402289189)|VARIABLE_SCOPE_BEGIN|[1]|this|AccountTrigger|true|false
09:39:33.0 (402300969)|VARIABLE_ASSIGNMENT|[1]|this|{}|0x1cd36088
09:39:33.0 (402308742)|STATEMENT_EXECUTE|[1]
09:39:33.0 (402311046)|STATEMENT_EXECUTE|[3]
09:39:33.0 (402843734)|VARIABLE_ASSIGNMENT|[3]|this.listNew|[{"LastModifiedDate":"2018-04-18T07:39:33.000Z","IsDeleted":false,"CleanStatus":"Pending","Fecha_ultima_activid (18 more) ...":"2022-01-11T00:00:00.000Z","OwnerId":"0051r000007Oz5QAAS","CreatedById":"0051r000007Oz5QAAS","Match_Billing_Addres (4 more) ...":false,"CreatedDate":"2018-04-18T07:39:33.000Z","Id":"0011r00001nohYLAAY","LastModifiedById":"0051r000007Oz5QAAS","SystemModstamp":"2018-04-18T07:39:33.000Z","Name":"CuentaPadre"}]|0x1cd36088
09:39:33.0 (402858463)|STATEMENT_EXECUTE|[5]
09:39:33.0 (403259764)|VARIABLE_ASSIGNMENT|[5]|this.mapOld|{"0011r00001nohYLAAY":{"LastModifiedDate":"2018-04-18T07:39:33.000Z","IsDeleted":false,"CleanStatus":"Pending","Fecha_ultima_activid (18 more) ...":"2020-01-11T00:00:00.000Z","OwnerId":"0051r000007Oz5QAAS","CreatedById":"0051r000007Oz5QAAS","Match_Billing_Addres (4 more) ...":false,"CreatedDate":"2018-04-18T07:39:33.000Z","Id":"0011r00001nohYLAAY","LastModifiedById":"0051r000007Oz5QAAS","SystemModstamp":"2018-04-18T07:39:33.000Z","Name":"CuentaPadre"}}|0x1cd36088
09:39:33.0 (403279435)|STATEMENT_EXECUTE|[7]
09:39:33.0 (403284574)|STATEMENT_EXECUTE|[8]
09:39:33.0 (403286559)|STATEMENT_EXECUTE|[9]
09:39:33.0 (403301620)|METHOD_ENTRY|[9]|01p1r000009p8Bf|AccountMethods.ActualizarCuentaHija(List<Account>, Map<Id,Account>)
09:39:33.0 (403312831)|VARIABLE_SCOPE_BEGIN|[3]|listAccount|List<Account>|true|false
09:39:33.0 (403654741)|VARIABLE_ASSIGNMENT|[3]|listAccount|[{"LastModifiedDate":"2018-04-18T07:39:33.000Z","IsDeleted":false,"CleanStatus":"Pending","Fecha_ultima_activid (18 more) ...":"2022-01-11T00:00:00.000Z","OwnerId":"0051r000007Oz5QAAS","CreatedById":"0051r000007Oz5QAAS","Match_Billing_Addres (4 more) ...":false,"CreatedDate":"2018-04-18T07:39:33.000Z","Id":"0011r00001nohYLAAY","LastModifiedById":"0051r000007Oz5QAAS","SystemModstamp":"2018-04-18T07:39:33.000Z","Name":"CuentaPadre"}]|0x57c9db94
09:39:33.0 (403667701)|VARIABLE_SCOPE_BEGIN|[3]|mapOld|Map<Id,Account>|true|false
09:39:33.0 (404008571)|VARIABLE_ASSIGNMENT|[3]|mapOld|{"0011r00001nohYLAAY":{"LastModifiedDate":"2018-04-18T07:39:33.000Z","IsDeleted":false,"CleanStatus":"Pending","Fecha_ultima_activid (18 more) ...":"2020-01-11T00:00:00.000Z","OwnerId":"0051r000007Oz5QAAS","CreatedById":"0051r000007Oz5QAAS","Match_Billing_Addres (4 more) ...":false,"CreatedDate":"2018-04-18T07:39:33.000Z","Id":"0011r00001nohYLAAY","LastModifiedById":"0051r000007Oz5QAAS","SystemModstamp":"2018-04-18T07:39:33.000Z","Name":"CuentaPadre"}}|0xa88064f
09:39:33.0 (404039038)|HEAP_ALLOCATE|[5]|Bytes:5
09:39:33.0 (404046727)|STATEMENT_EXECUTE|[3]
09:39:33.0 (404064057)|STATEMENT_EXECUTE|[5]
09:39:33.0 (404065970)|STATEMENT_EXECUTE|[8]
09:39:33.0 (404075568)|HEAP_ALLOCATE|[8]|Bytes:4
09:39:33.0 (404088476)|VARIABLE_SCOPE_BEGIN|[8]|listAccountIds|List<String>|true|false
09:39:33.0 (404110738)|HEAP_ALLOCATE|[EXTERNAL]|Bytes:4
09:39:33.0 (404121227)|VARIABLE_ASSIGNMENT|[8]|listAccountIds|[]|0x2caf8876
09:39:33.0 (404127746)|STATEMENT_EXECUTE|[9]
09:39:33.0 (404142178)|HEAP_ALLOCATE|[9]|Bytes:4
09:39:33.0 (404151014)|VARIABLE_SCOPE_BEGIN|[9]|mapAccountParent|Map<String,Account>|true|false
09:39:33.0 (404164310)|VARIABLE_ASSIGNMENT|[9]|mapAccountParent|{}|0x2b7f6a4b
09:39:33.0 (404186412)|HEAP_ALLOCATE|[11]|Bytes:5
09:39:33.0 (404200980)|HEAP_ALLOCATE|[11]|Bytes:4
09:39:33.0 (404209588)|VARIABLE_SCOPE_BEGIN|[11]|inAccount|Account|true|false
09:39:33.0 (404540360)|VARIABLE_ASSIGNMENT|[11]|inAccount|{"LastModifiedDate":"2018-04-18T07:39:33.000Z","IsDeleted":false,"CleanStatus":"Pending","Fecha_ultima_activid (18 more) ...":"2022-01-11T00:00:00.000Z","OwnerId":"0051r000007Oz5QAAS","CreatedById":"0051r000007Oz5QAAS","Match_Billing_Addres (4 more) ...":false,"CreatedDate":"2018-04-18T07:39:33.000Z","Id":"0011r00001nohYLAAY","LastModifiedById":"0051r000007Oz5QAAS","SystemModstamp":"2018-04-18T07:39:33.000Z","Name":"CuentaPadre"}|0x32f311cb
09:39:33.0 (404554021)|STATEMENT_EXECUTE|[11]
09:39:33.0 (404602772)|STATEMENT_EXECUTE|[13]
09:39:33.0 (404605006)|STATEMENT_EXECUTE|[14]
09:39:33.0 (404631845)|HEAP_ALLOCATE|[EXTERNAL]|Bytes:4
09:39:33.0 (404646939)|STATEMENT_EXECUTE|[15]
09:39:33.0 (404675168)|HEAP_ALLOCATE|[EXTERNAL]|Bytes:-4
09:39:33.0 (404702159)|HEAP_ALLOCATE|[11]|Bytes:5
09:39:33.0 (404723104)|VARIABLE_ASSIGNMENT|[11]|inAccount|null|
09:39:33.0 (404729819)|STATEMENT_EXECUTE|[20]
09:39:33.0 (404741331)|HEAP_ALLOCATE|[20]|Bytes:4
09:39:33.0 (404942189)|SOQL_EXECUTE_BEGIN|[20]|Aggregations:0|SELECT Id, Fecha_ultima_actividad_mas_reciente__c, ParentId FROM Account WHERE ParentId IN :tmpVar1
09:39:33.0 (417780902)|SOQL_EXECUTE_END|[20]|Rows:1
09:39:33.0 (417818184)|HEAP_ALLOCATE|[20]|Bytes:8
09:39:33.0 (417835516)|HEAP_ALLOCATE|[20]|Bytes:105
09:39:33.0 (417873284)|HEAP_ALLOCATE|[20]|Bytes:8
09:39:33.0 (417895151)|VARIABLE_SCOPE_BEGIN|[20]|listAccountChild|List<Account>|true|false
09:39:33.0 (417958728)|VARIABLE_ASSIGNMENT|[20]|listAccountChild|[{"Id":"0011r00001nohYMAAY","Fecha_ultima_activid (18 more) ...":"2020-01-11T00:00:00.000Z","ParentId":"0011r00001nohYLAAY"}]|0x5d6cce02
09:39:33.0 (417997904)|HEAP_ALLOCATE|[23]|Bytes:5
09:39:33.0 (418011547)|HEAP_ALLOCATE|[23]|Bytes:16
09:39:33.0 (418021285)|VARIABLE_SCOPE_BEGIN|[23]|inAccount|Account|true|false
09:39:33.0 (418040710)|VARIABLE_ASSIGNMENT|[23]|inAccount|{"Id":"0011r00001nohYMAAY","Fecha_ultima_activid (18 more) ...":"2020-01-11T00:00:00.000Z","ParentId":"0011r00001nohYLAAY"}|0x7d929575
09:39:33.0 (418051428)|STATEMENT_EXECUTE|[23]
09:39:33.0 (418054242)|STATEMENT_EXECUTE|[24]
09:39:33.0 (418141612)|VARIABLE_ASSIGNMENT|[24]|this.Fecha_ultima_actividad_mas_reciente__c|"2022-01-11T00:00:00.000Z"|0x7d929575
09:39:33.0 (418157992)|HEAP_ALLOCATE|[23]|Bytes:5
09:39:33.0 (418170985)|VARIABLE_ASSIGNMENT|[23]|inAccount|null|
09:39:33.0 (418177782)|STATEMENT_EXECUTE|[27]
09:39:33.0 (418217124)|DML_BEGIN|[27]|Op:Update|Type:Account|Rows:1
09:39:33.0 (418248665)|HEAP_ALLOCATE|[EXTERNAL]|Bytes:8
09:39:33.0 (423154946)|CODE_UNIT_STARTED|[EXTERNAL]|01q1r000000j8Jg|AccountTrigger on Account trigger event BeforeUpdate
09:39:33.0 (423205589)|HEAP_ALLOCATE|[EXTERNAL]|Bytes:8
09:39:33.0 (423231423)|HEAP_ALLOCATE|[EXTERNAL]|Bytes:8
09:39:33.0 (423288134)|HEAP_ALLOCATE|[EXTERNAL]|Bytes:12
09:39:33.0 (423298427)|VARIABLE_SCOPE_BEGIN|[1]|this|AccountTrigger|true|false
09:39:33.0 (423329754)|VARIABLE_ASSIGNMENT|[1]|this|{}|0x4aeaf5ee
09:39:33.0 (423366816)|HEAP_ALLOCATE|[EXTERNAL]|Bytes:12
09:39:33.0 (423373752)|VARIABLE_SCOPE_BEGIN|[1]|this|AccountTrigger|true|false
09:39:33.0 (423385937)|VARIABLE_ASSIGNMENT|[1]|this|{}|0x4aeaf5ee
09:39:33.0 (423394696)|STATEMENT_EXECUTE|[1]
09:39:33.0 (423397064)|STATEMENT_EXECUTE|[3]
09:39:33.0 (423931285)|VARIABLE_ASSIGNMENT|[3]|this.listNew|[{"ParentId":"0011r00001nohYLAAY","LastModifiedDate":"2018-04-18T07:39:33.000Z","IsDeleted":false,"Fecha_ultima_activid (18 more) ...":"2022-01-11T00:00:00.000Z","SystemModstamp":"2018-04-18T07:39:33.000Z","Name":"Cuenta","CleanStatus":"Pending","OwnerId":"0051r000007Oz5QAAS","CreatedById":"0051r000007Oz5QAAS","Match_Billing_Addres (4 more) ...":false,"LastActivityDate":"2022-01-11T00:00:00.000Z","CreatedDate":"2018-04-18T07:39:33.000Z","Id":"0011r00001nohYMAAY","LastModifiedById":"0051r000007Oz5QAAS"}]|0x4aeaf5ee
09:39:33.0 (423946515)|STATEMENT_EXECUTE|[5]
09:39:33.0 (424324416)|VARIABLE_ASSIGNMENT|[5]|this.mapOld|{"0011r00001nohYMAAY":{"ParentId":"0011r00001nohYLAAY","LastModifiedDate":"2018-04-18T07:39:33.000Z","IsDeleted":false,"Fecha_ultima_activid (18 more) ...":"2020-01-11T00:00:00.000Z","SystemModstamp":"2018-04-18T07:39:33.000Z","Name":"Cuenta","CleanStatus":"Pending","OwnerId":"0051r000007Oz5QAAS","CreatedById":"0051r000007Oz5QAAS","Match_Billing_Addres (4 more) ...":false,"LastActivityDate":"2020-01-11T00:00:00.000Z","CreatedDate":"2018-04-18T07:39:33.000Z","Id":"0011r00001nohYMAAY","LastModifiedById":"0051r000007Oz5QAAS"}}|0x4aeaf5ee
09:39:33.0 (424345560)|STATEMENT_EXECUTE|[7]
09:39:33.0 (424350475)|STATEMENT_EXECUTE|[8]
09:39:33.0 (424352911)|STATEMENT_EXECUTE|[9]
09:39:33.0 (424368106)|METHOD_ENTRY|[9]|01p1r000009p8Bf|AccountMethods.ActualizarCuentaHija(List<Account>, Map<Id,Account>)
09:39:33.0 (424378028)|VARIABLE_SCOPE_BEGIN|[3]|listAccount|List<Account>|true|false
09:39:33.0 (424731510)|VARIABLE_ASSIGNMENT|[3]|listAccount|[{"ParentId":"0011r00001nohYLAAY","LastModifiedDate":"2018-04-18T07:39:33.000Z","IsDeleted":false,"Fecha_ultima_activid (18 more) ...":"2022-01-11T00:00:00.000Z","SystemModstamp":"2018-04-18T07:39:33.000Z","Name":"Cuenta","CleanStatus":"Pending","OwnerId":"0051r000007Oz5QAAS","CreatedById":"0051r000007Oz5QAAS","Match_Billing_Addres (4 more) ...":false,"LastActivityDate":"2022-01-11T00:00:00.000Z","CreatedDate":"2018-04-18T07:39:33.000Z","Id":"0011r00001nohYMAAY","LastModifiedById":"0051r000007Oz5QAAS"}]|0x20acbc28
09:39:33.0 (424746471)|VARIABLE_SCOPE_BEGIN|[3]|mapOld|Map<Id,Account>|true|false
09:39:33.0 (425053895)|VARIABLE_ASSIGNMENT|[3]|mapOld|{"0011r00001nohYMAAY":{"ParentId":"0011r00001nohYLAAY","LastModifiedDate":"2018-04-18T07:39:33.000Z","IsDeleted":false,"Fecha_ultima_activid (18 more) ...":"2020-01-11T00:00:00.000Z","SystemModstamp":"2018-04-18T07:39:33.000Z","Name":"Cuenta","CleanStatus":"Pending","OwnerId":"0051r000007Oz5QAAS","CreatedById":"0051r000007Oz5QAAS","Match_Billing_Addres (4 more) ...":false,"LastActivityDate":"2020-01-11T00:00:00.000Z","CreatedDate":"2018-04-18T07:39:33.000Z","Id":"0011r00001nohYMAAY","LastModifiedById":"0051r000007Oz5QAAS"}}|0x2345f4b5
09:39:33.0 (425087514)|HEAP_ALLOCATE|[5]|Bytes:5
09:39:33.0 (425094764)|STATEMENT_EXECUTE|[3]
09:39:33.0 (425113005)|STATEMENT_EXECUTE|[5]
09:39:33.0 (425114959)|STATEMENT_EXECUTE|[8]
09:39:33.0 (425127985)|HEAP_ALLOCATE|[8]|Bytes:4
09:39:33.0 (425143209)|VARIABLE_SCOPE_BEGIN|[8]|listAccountIds|List<String>|true|false
09:39:33.0 (425170705)|HEAP_ALLOCATE|[EXTERNAL]|Bytes:4
09:39:33.0 (425180520)|VARIABLE_ASSIGNMENT|[8]|listAccountIds|[]|0x3a6cec04
09:39:33.0 (425186645)|STATEMENT_EXECUTE|[9]
09:39:33.0 (425202192)|HEAP_ALLOCATE|[9]|Bytes:4
09:39:33.0 (425210812)|VARIABLE_SCOPE_BEGIN|[9]|mapAccountParent|Map<String,Account>|true|false
09:39:33.0 (425223833)|VARIABLE_ASSIGNMENT|[9]|mapAccountParent|{}|0x27342b22
09:39:33.0 (425247580)|HEAP_ALLOCATE|[11]|Bytes:5
09:39:33.0 (425261849)|HEAP_ALLOCATE|[11]|Bytes:4
09:39:33.0 (425269746)|VARIABLE_SCOPE_BEGIN|[11]|inAccount|Account|true|false
09:39:33.0 (425612126)|VARIABLE_ASSIGNMENT|[11]|inAccount|{"ParentId":"0011r00001nohYLAAY","LastModifiedDate":"2018-04-18T07:39:33.000Z","IsDeleted":false,"Fecha_ultima_activid (18 more) ...":"2022-01-11T00:00:00.000Z","SystemModstamp":"2018-04-18T07:39:33.000Z","Name":"Cuenta","CleanStatus":"Pending","OwnerId":"0051r000007Oz5QAAS","CreatedById":"0051r000007Oz5QAAS","Match_Billing_Addres (4 more) ...":false,"LastActivityDate":"2022-01-11T00:00:00.000Z","CreatedDate":"2018-04-18T07:39:33.000Z","Id":"0011r00001nohYMAAY","LastModifiedById":"0051r000007Oz5QAAS"}|0x623c9e10
09:39:33.0 (425626124)|STATEMENT_EXECUTE|[11]
09:39:33.0 (425636866)|STATEMENT_EXECUTE|[13]
09:39:33.0 (425648330)|HEAP_ALLOCATE|[11]|Bytes:5
09:39:33.0 (425661545)|VARIABLE_ASSIGNMENT|[11]|inAccount|null|
09:39:33.0 (425667754)|STATEMENT_EXECUTE|[20]
09:39:33.0 (425680493)|HEAP_ALLOCATE|[20]|Bytes:4
09:39:33.0 (425855337)|SOQL_EXECUTE_BEGIN|[20]|Aggregations:0|SELECT Id, Fecha_ultima_actividad_mas_reciente__c, ParentId FROM Account WHERE ParentId IN :tmpVar1
09:39:33.0 (428242142)|SOQL_EXECUTE_END|[20]|Rows:0
09:39:33.0 (428265735)|HEAP_ALLOCATE|[20]|Bytes:4
09:39:33.0 (428276091)|HEAP_ALLOCATE|[20]|Bytes:0
09:39:33.0 (428303815)|HEAP_ALLOCATE|[20]|Bytes:4
09:39:33.0 (428315127)|VARIABLE_SCOPE_BEGIN|[20]|listAccountChild|List<Account>|true|false
09:39:33.0 (428330923)|VARIABLE_ASSIGNMENT|[20]|listAccountChild|[]|0x1dbe1de4
09:39:33.0 (428355749)|HEAP_ALLOCATE|[23]|Bytes:5
09:39:33.0 (428368185)|VARIABLE_ASSIGNMENT|[23]|inAccount|null|
09:39:33.0 (428374738)|STATEMENT_EXECUTE|[23]
09:39:33.0 (428377321)|STATEMENT_EXECUTE|[27]
09:39:33.0 (428416272)|HEAP_ALLOCATE|[EXTERNAL]|Bytes:4
09:39:33.0 (428433489)|METHOD_EXIT|[9]|01p1r000009p8Bf|AccountMethods.ActualizarCuentaHija(List<Account>, Map<Id,Account>)
09:39:33.428 (428444772)|CUMULATIVE_LIMIT_USAGE
09:39:33.428 (428444772)|LIMIT_USAGE_FOR_NS|(default)|
  Number of SOQL queries: 9 out of 100
  Number of query rows: 5 out of 50000
  Number of SOSL queries: 0 out of 20
  Number of DML statements: 11 out of 150
  Number of DML rows: 13 out of 10000
  Maximum CPU time: 0 out of 10000
  Maximum heap size: 0 out of 6000000
  Number of callouts: 0 out of 100
  Number of Email Invocations: 0 out of 10
  Number of future calls: 0 out of 50
  Number of queueable jobs added to the queue: 0 out of 50
  Number of Mobile Apex push calls: 0 out of 10

09:39:33.428 (428444772)|CUMULATIVE_LIMIT_USAGE_END

09:39:33.0 (429538556)|CODE_UNIT_FINISHED|AccountTrigger on Account trigger event BeforeUpdate
09:39:33.0 (429849931)|CODE_UNIT_STARTED|[EXTERNAL]|DuplicateDetector
09:39:33.0 (429866484)|DUPLICATE_DETECTION_BEGIN
09:39:33.0 (429922834)|DUPLICATE_DETECTION_RULE_INVOCATION|DuplicateRuleId:0Bm1r0000018X88|DuplicateRuleName:Standard Account Duplicate Rule|DmlType:UPDATE
09:39:33.0 (429963721)|DUPLICATE_DETECTION_END
09:39:33.0 (429969000)|CODE_UNIT_FINISHED|DuplicateDetector
09:39:33.0 (441448240)|DML_END|[27]
09:39:33.0 (441490217)|HEAP_ALLOCATE|[EXTERNAL]|Bytes:8
09:39:33.0 (441524832)|METHOD_EXIT|[9]|01p1r000009p8Bf|AccountMethods.ActualizarCuentaHija(List<Account>, Map<Id,Account>)
09:39:33.441 (441542251)|CUMULATIVE_LIMIT_USAGE
09:39:33.441 (441542251)|LIMIT_USAGE_FOR_NS|(default)|
  Number of SOQL queries: 9 out of 100
  Number of query rows: 5 out of 50000
  Number of SOSL queries: 0 out of 20
  Number of DML statements: 11 out of 150
  Number of DML rows: 13 out of 10000
  Maximum CPU time: 0 out of 10000
  Maximum heap size: 0 out of 6000000
  Number of callouts: 0 out of 100
  Number of Email Invocations: 0 out of 10
  Number of future calls: 0 out of 50
  Number of queueable jobs added to the queue: 0 out of 50
  Number of Mobile Apex push calls: 0 out of 10

09:39:33.441 (441542251)|CUMULATIVE_LIMIT_USAGE_END

09:39:33.0 (442355366)|CODE_UNIT_FINISHED|AccountTrigger on Account trigger event BeforeUpdate
09:39:33.0 (442595440)|CODE_UNIT_STARTED|[EXTERNAL]|DuplicateDetector
09:39:33.0 (442608459)|DUPLICATE_DETECTION_BEGIN
09:39:33.0 (442645711)|DUPLICATE_DETECTION_RULE_INVOCATION|DuplicateRuleId:0Bm1r0000018X88|DuplicateRuleName:Standard Account Duplicate Rule|DmlType:UPDATE
09:39:33.0 (442679266)|DUPLICATE_DETECTION_END
09:39:33.0 (442683270)|CODE_UNIT_FINISHED|DuplicateDetector
09:39:33.0 (452231903)|DML_END|[48]
09:39:33.0 (452265743)|HEAP_ALLOCATE|[EXTERNAL]|Bytes:8
09:39:33.0 (452288316)|SYSTEM_MODE_EXIT|false
09:39:33.0 (452304424)|METHOD_EXIT|[9]|01p1r000009oS6S|TaskMethods.CerrarTarea(List<Task>, Map<Id,Task>)
09:39:33.452 (452317505)|CUMULATIVE_LIMIT_USAGE
09:39:33.452 (452317505)|LIMIT_USAGE_FOR_NS|(default)|
  Number of SOQL queries: 9 out of 100
  Number of query rows: 5 out of 50000
  Number of SOSL queries: 0 out of 20
  Number of DML statements: 11 out of 150
  Number of DML rows: 13 out of 10000
  Maximum CPU time: 0 out of 10000
  Maximum heap size: 0 out of 6000000
  Number of callouts: 0 out of 100
  Number of Email Invocations: 0 out of 10
  Number of future calls: 0 out of 50
  Number of queueable jobs added to the queue: 0 out of 50
  Number of Mobile Apex push calls: 0 out of 10

09:39:33.452 (452317505)|CUMULATIVE_LIMIT_USAGE_END

09:39:33.0 (453467928)|CODE_UNIT_FINISHED|TaskTrigger on Task trigger event AfterUpdate
09:39:33.0 (454035036)|DML_END|[64]
09:39:33.0 (454060631)|HEAP_ALLOCATE|[EXTERNAL]|Bytes:12
09:39:33.0 (454081910)|STATEMENT_EXECUTE|[66]
09:39:33.0 (454108743)|HEAP_ALLOCATE|[66]|Bytes:4
09:39:33.0 (454350654)|SOQL_EXECUTE_BEGIN|[66]|Aggregations:0|SELECT Id, Fecha_ultima_actividad_mas_reciente__c FROM Account WHERE Id = :tmpVar1
09:39:33.0 (457718865)|SOQL_EXECUTE_END|[66]|Rows:1
09:39:33.0 (457745093)|HEAP_ALLOCATE|[66]|Bytes:8
09:39:33.0 (457762675)|HEAP_ALLOCATE|[66]|Bytes:75
09:39:33.0 (457798155)|HEAP_ALLOCATE|[66]|Bytes:8
09:39:33.0 (457810606)|VARIABLE_SCOPE_BEGIN|[66]|listAccountCheckDos|List<Account>|true|false
09:39:33.0 (457869340)|VARIABLE_ASSIGNMENT|[66]|listAccountCheckDos|[{"Id":"0011r00001nohYLAAY","Fecha_ultima_activid (18 more) ...":"2022-01-11T00:00:00.000Z"}]|0x684fb382
09:39:33.0 (457879597)|STATEMENT_EXECUTE|[68]
09:39:33.0 (457954843)|USER_DEBUG|[68]|DEBUG|(Account:{Id=0011r00001nohYLAAY, Fecha_ultima_actividad_mas_reciente__c=2020-01-11 00:00:00})
09:39:33.0 (457968381)|STATEMENT_EXECUTE|[70]
09:39:33.0 (458006108)|HEAP_ALLOCATE|[70]|Bytes:12
09:39:33.0 (458038340)|HEAP_ALLOCATE|[70]|Bytes:28
09:39:33.458 (458073444)|CUMULATIVE_LIMIT_USAGE
09:39:33.458 (458073444)|LIMIT_USAGE_FOR_NS|(default)|
  Number of SOQL queries: 10 out of 100
  Number of query rows: 6 out of 50000
  Number of SOSL queries: 0 out of 20
  Number of DML statements: 11 out of 150
  Number of DML rows: 13 out of 10000
  Maximum CPU time: 0 out of 10000
  Maximum heap size: 0 out of 6000000
  Number of callouts: 0 out of 100
  Number of Email Invocations: 0 out of 10
  Number of future calls: 0 out of 50
  Number of queueable jobs added to the queue: 0 out of 50
  Number of Mobile Apex push calls: 0 out of 10

09:39:33.458 (458073444)|CUMULATIVE_LIMIT_USAGE_END

09:39:33.0 (458096955)|CODE_UNIT_FINISHED|TaskTest.testCerrarTarea
09:39:33.0 (458867457)|EXECUTION_FINISHED
09:39:34.249 (1249120452)|USER_INFO|[EXTERNAL]|0051r000007Oz5Q|lydia.abril@gmail.com|hora estándar de Europa central|GMT+02:00
09:39:34.249 (1249143349)|EXECUTION_STARTED
09:39:34.249 (1249147696)|CODE_UNIT_STARTED|[EXTERNAL]|DuplicateDetector
09:39:34.249 (1249162767)|DUPLICATE_DETECTION_BEGIN
09:39:34.249 (1249212300)|DUPLICATE_DETECTION_RULE_INVOCATION|DuplicateRuleId:0Bm1r0000018X88|DuplicateRuleName:Standard Account Duplicate Rule|DmlType:UPDATE
09:39:34.249 (1260487597)|DUPLICATE_DETECTION_END
09:39:34.249 (1260501324)|CODE_UNIT_FINISHED|DuplicateDetector
09:39:34.249 (1261351110)|EXECUTION_FINISHED
09:39:34.262 (1262222158)|USER_INFO|[EXTERNAL]|0051r000007Oz5Q|lydia.abril@gmail.com|hora estándar de Europa central|GMT+02:00
09:39:34.262 (1262244003)|EXECUTION_STARTED
09:39:34.262 (1262247577)|CODE_UNIT_STARTED|[EXTERNAL]|DuplicateDetector
09:39:34.262 (1262259143)|DUPLICATE_DETECTION_BEGIN
09:39:34.262 (1262305936)|DUPLICATE_DETECTION_RULE_INVOCATION|DuplicateRuleId:0Bm1r0000018X88|DuplicateRuleName:Standard Account Duplicate Rule|DmlType:INSERT
09:39:34.262 (1270750480)|DUPLICATE_DETECTION_END
09:39:34.262 (1270759356)|CODE_UNIT_FINISHED|DuplicateDetector
09:39:34.262 (1271531506)|EXECUTION_FINISHED
