42.0 APEX_CODE,FINEST;APEX_PROFILING,INFO;CALLOUT,INFO;DB,INFO;SYSTEM,DEBUG;VALIDATION,INFO;VISUALFORCE,INFO;WAVE,INFO;WORKFLOW,INFO
10:48:50.0 (355447)|USER_INFO|[EXTERNAL]|0051r000007Oz5Q|lydia.abril@gmail.com|hora estándar de Europa central|GMT+02:00
10:48:50.0 (391909)|EXECUTION_STARTED
10:48:50.0 (396118)|CODE_UNIT_STARTED|[EXTERNAL]|0661r000002CUkP|VF: /apex/ShowImage
10:48:50.5 (5862550)|CUMULATIVE_LIMIT_USAGE
10:48:50.5 (5862550)|LIMIT_USAGE_FOR_NS|(default)|
  Number of SOQL queries: 0 out of 100
  Number of query rows: 0 out of 50000
  Number of SOSL queries: 0 out of 20
  Number of DML statements: 0 out of 150
  Number of DML rows: 0 out of 10000
  Maximum CPU time: 0 out of 10000
  Maximum heap size: 0 out of 6000000
  Number of callouts: 0 out of 100
  Number of Email Invocations: 0 out of 10
  Number of future calls: 0 out of 50
  Number of queueable jobs added to the queue: 0 out of 50
  Number of Mobile Apex push calls: 0 out of 10

10:48:50.5 (5862550)|CUMULATIVE_LIMIT_USAGE_END

10:48:50.0 (5901142)|CODE_UNIT_FINISHED|VF: /apex/ShowImage
10:48:50.0 (6670850)|EXECUTION_FINISHED
