42.0 APEX_CODE,FINEST;APEX_PROFILING,INFO;CALLOUT,INFO;DB,INFO;SYSTEM,DEBUG;VALIDATION,INFO;VISUALFORCE,INFO;WAVE,INFO;WORKFLOW,INFO
13:53:08.0 (78927)|EXECUTION_STARTED
13:53:08.0 (103641)|CODE_UNIT_STARTED|[EXTERNAL]|VisualForce View State
13:53:08.0 (6500430)|CODE_UNIT_FINISHED|VisualForce View State
13:53:08.0 (7517894)|EXECUTION_FINISHED
13:53:08.10 (10859303)|SYSTEM_MODE_ENTER|true
13:53:08.10 (11020807)|HEAP_ALLOCATE|[72]|Bytes:3
13:53:08.10 (11061730)|HEAP_ALLOCATE|[77]|Bytes:152
13:53:08.10 (11077879)|HEAP_ALLOCATE|[342]|Bytes:408
13:53:08.10 (11089888)|HEAP_ALLOCATE|[355]|Bytes:408
13:53:08.10 (11100910)|HEAP_ALLOCATE|[467]|Bytes:48
13:53:08.34 (34112822)|CUMULATIVE_LIMIT_USAGE
13:53:08.34 (34112822)|LIMIT_USAGE_FOR_NS|(default)|
  Number of SOQL queries: 0 out of 100
  Number of query rows: 0 out of 50000
  Number of SOSL queries: 0 out of 20
  Number of DML statements: 0 out of 150
  Number of DML rows: 0 out of 10000
  Maximum CPU time: 0 out of 10000
  Maximum heap size: 0 out of 6000000
  Number of callouts: 0 out of 100
  Number of Email Invocations: 0 out of 10
  Number of future calls: 0 out of 50
  Number of queueable jobs added to the queue: 0 out of 50
  Number of Mobile Apex push calls: 0 out of 10

13:53:08.34 (34112822)|CUMULATIVE_LIMIT_USAGE_END

