30.0 APEX_CODE,FINEST;APEX_PROFILING,INFO;CALLOUT,INFO;DB,INFO;SYSTEM,DEBUG;VALIDATION,INFO;VISUALFORCE,INFO;WAVE,INFO;WORKFLOW,INFO
Execute Anonymous: System.assertEquals(AnimalLocator.getAnimalNameById(99), 'trailhead');
12:25:25.1 (1128869)|USER_INFO|[EXTERNAL]|0051r000007Oz5Q|lydia.abril@gmail.com|hora estándar de Europa central|GMT+02:00
12:25:25.1 (1150996)|EXECUTION_STARTED
12:25:25.1 (1155110)|CODE_UNIT_STARTED|[EXTERNAL]|execute_anonymous_apex
12:25:25.1 (1435707)|HEAP_ALLOCATE|[72]|Bytes:3
12:25:25.1 (1503598)|HEAP_ALLOCATE|[77]|Bytes:152
12:25:25.1 (1519618)|HEAP_ALLOCATE|[342]|Bytes:408
12:25:25.1 (1534340)|HEAP_ALLOCATE|[355]|Bytes:408
12:25:25.1 (1547828)|HEAP_ALLOCATE|[467]|Bytes:48
12:25:25.1 (1608595)|HEAP_ALLOCATE|[139]|Bytes:6
12:25:25.1 (1636377)|HEAP_ALLOCATE|[EXTERNAL]|Bytes:1
12:25:25.1 (1785612)|STATEMENT_EXECUTE|[1]
12:25:25.1 (1790525)|STATEMENT_EXECUTE|[1]
12:25:25.1 (1862397)|HEAP_ALLOCATE|[50]|Bytes:5
12:25:25.1 (1895066)|HEAP_ALLOCATE|[56]|Bytes:5
12:25:25.1 (1908030)|HEAP_ALLOCATE|[64]|Bytes:7
12:25:25.1 (1940735)|SYSTEM_MODE_ENTER|false
12:25:25.1 (2133864)|HEAP_ALLOCATE|[1]|Bytes:5
12:25:25.1 (23809217)|HEAP_ALLOCATE|[1]|Bytes:1
12:25:25.1 (23892316)|METHOD_ENTRY|[1]|01p1r000007YNwn|AnimalLocator.AnimalLocator()
12:25:25.1 (23907028)|STATEMENT_EXECUTE|[1]
12:25:25.1 (23918278)|STATEMENT_EXECUTE|[1]
12:25:25.1 (23935528)|HEAP_ALLOCATE|[1]|Bytes:5
12:25:25.1 (23967257)|METHOD_EXIT|[1]|AnimalLocator
12:25:25.1 (24048604)|METHOD_ENTRY|[1]|01p1r000007YNwn|AnimalLocator.getAnimalNameById(Integer)
12:25:25.1 (24101465)|VARIABLE_SCOPE_BEGIN|[3]|id|Integer|false|false
12:25:25.1 (24308417)|VARIABLE_ASSIGNMENT|[3]|id|99
12:25:25.1 (24336075)|HEAP_ALLOCATE|[5]|Bytes:5
12:25:25.1 (24345188)|STATEMENT_EXECUTE|[3]
12:25:25.1 (24347653)|STATEMENT_EXECUTE|[5]
12:25:25.1 (24378819)|VARIABLE_SCOPE_BEGIN|[5]|http|System.Http|true|false
12:25:25.1 (24564725)|VARIABLE_ASSIGNMENT|[5]|http|"System.Http[]"|0x7bc77649
12:25:25.1 (24576920)|STATEMENT_EXECUTE|[6]
12:25:25.1 (24592434)|VARIABLE_SCOPE_BEGIN|[6]|request|System.HttpRequest|true|false
12:25:25.1 (24669028)|VARIABLE_ASSIGNMENT|[6]|request|"System.HttpRequest[Endpoint=null, Method=null]"|0x72d64167
12:25:25.1 (24679234)|STATEMENT_EXECUTE|[7]
12:25:25.1 (24684246)|HEAP_ALLOCATE|[7]|Bytes:51
12:25:25.1 (24794365)|HEAP_ALLOCATE|[7]|Bytes:2
12:25:25.1 (24870294)|HEAP_ALLOCATE|[7]|Bytes:53
12:25:25.1 (24931096)|STATEMENT_EXECUTE|[8]
12:25:25.1 (24935293)|HEAP_ALLOCATE|[8]|Bytes:3
12:25:25.1 (24986085)|STATEMENT_EXECUTE|[9]
12:25:25.1 (25047101)|CALLOUT_REQUEST|[9]|System.HttpRequest[Endpoint=https://th-apex-http-callout.herokuapp.com/animals/99, Method=GET]
12:25:25.1 (434739743)|HEAP_ALLOCATE|[EXTERNAL]|Bytes:288
12:25:25.1 (434811371)|CALLOUT_RESPONSE|[9]|System.HttpResponse[Status=OK, StatusCode=200]
12:25:25.1 (434827023)|HEAP_ALLOCATE|[9]|Bytes:85
12:25:25.1 (434855382)|VARIABLE_SCOPE_BEGIN|[9]|response|System.HttpResponse|true|false
12:25:25.1 (434962370)|VARIABLE_ASSIGNMENT|[9]|response|"System.HttpResponse[Status=OK, StatusCode=200]"|0x322658dc
12:25:25.1 (434975043)|STATEMENT_EXECUTE|[11]
12:25:25.1 (434990713)|HEAP_ALLOCATE|[11]|Bytes:4
12:25:25.1 (435027873)|VARIABLE_SCOPE_BEGIN|[11]|animal|Map<String,ANY>|true|false
12:25:25.1 (435047676)|VARIABLE_ASSIGNMENT|[11]|animal|{}|0x45bd63a5
12:25:25.1 (435106235)|STATEMENT_EXECUTE|[13]
12:25:25.1 (435108201)|STATEMENT_EXECUTE|[15]
12:25:25.1 (435133508)|HEAP_ALLOCATE|[15]|Bytes:79
12:25:25.1 (435201144)|HEAP_ALLOCATE|[15]|Bytes:24
12:25:25.1 (435216226)|SYSTEM_METHOD_ENTRY|[1]|JSON.JSON()
12:25:25.1 (435220689)|STATEMENT_EXECUTE|[1]
12:25:25.1 (435229548)|SYSTEM_METHOD_EXIT|[1]|JSON
12:25:25.1 (435259799)|METHOD_ENTRY|[15]||System.JSON.deserializeUntyped(String)
12:25:25.1 (435697449)|METHOD_EXIT|[15]||System.JSON.deserializeUntyped(String)
12:25:25.1 (435708604)|VARIABLE_SCOPE_BEGIN|[15]|results|Map<String,ANY>|true|false
12:25:25.1 (435736849)|VARIABLE_ASSIGNMENT|[15]|results|{"animal":{"id":99,"name":"trailhead","eats":"burritos","says":"more badgers"}}|0x6098a12c
12:25:25.1 (435744917)|STATEMENT_EXECUTE|[17]
12:25:25.1 (435748773)|HEAP_ALLOCATE|[17]|Bytes:6
12:25:25.1 (435814097)|VARIABLE_ASSIGNMENT|[17]|animal|{"id":99,"name":"trailhead","eats":"burritos","says":"more badgers"}|0x4027f7f7
12:25:25.1 (435822092)|STATEMENT_EXECUTE|[21]
12:25:25.1 (435825185)|HEAP_ALLOCATE|[21]|Bytes:4
12:25:25.1 (435848786)|VARIABLE_SCOPE_BEGIN|[21]|animalito|String|false|false
12:25:25.1 (435859320)|VARIABLE_ASSIGNMENT|[21]|animalito|"trailhead"
12:25:25.1 (435864285)|STATEMENT_EXECUTE|[23]
12:25:25.1 (435873032)|METHOD_EXIT|[1]|01p1r000007YNwn|AnimalLocator.getAnimalNameById(Integer)
12:25:25.1 (435880504)|SYSTEM_MODE_EXIT|false
12:25:25.1 (435888176)|HEAP_ALLOCATE|[1]|Bytes:9
12:25:25.437 (437509432)|CUMULATIVE_LIMIT_USAGE
12:25:25.437 (437509432)|LIMIT_USAGE_FOR_NS|(default)|
  Number of SOQL queries: 0 out of 100
  Number of query rows: 0 out of 50000
  Number of SOSL queries: 0 out of 20
  Number of DML statements: 0 out of 150
  Number of DML rows: 0 out of 10000
  Maximum CPU time: 0 out of 10000
  Maximum heap size: 0 out of 6000000
  Number of callouts: 1 out of 100
  Number of Email Invocations: 0 out of 10
  Number of future calls: 0 out of 50
  Number of queueable jobs added to the queue: 0 out of 50
  Number of Mobile Apex push calls: 0 out of 10

12:25:25.437 (437509432)|CUMULATIVE_LIMIT_USAGE_END

12:25:25.1 (437562560)|CODE_UNIT_FINISHED|execute_anonymous_apex
12:25:25.1 (438442555)|EXECUTION_FINISHED
