33.0 APEX_CODE,FINEST;APEX_PROFILING,INFO;CALLOUT,INFO;DB,INFO;SYSTEM,DEBUG;VALIDATION,INFO;VISUALFORCE,INFO;WAVE,INFO;WORKFLOW,INFO
Execute Anonymous: Account a  = new Account(name='a',Type='Prospect',NumberOfEmployees=501);insert a;Id uid = UserInfo.getUserId();Approval.ProcessSubmitRequest submit1 = new Approval.ProcessSubmitRequest();submit1.setComments('Submitting');submit1.setObjectId(a.Id);submit1.setSubmitterId(uid);submit1.setProcessDefinitionNameOrId('Approve_New_Account');Approval.ProcessResult submitResult = Approval.process(submit1);Id stepId = submitResult.getNewWorkItemIds()[0];a = [select Type from Account where Id = : submitResult.getEntityId()];System.assertEquals('Pending', a.Type, 'incorrect type value');Approval.ProcessWorkItemRequest submit2 = new Approval.ProcessWorkItemRequest();submit2.setComments('Rejection');submit2.setAction('Reject');submit2.setWorkItemId(stepId);submitResult = Approval.process(submit2);a = [select Type from Account where Id = : submitResult.getEntityId()];System.assertEquals('Prospect', a.Type, 'incorrect type value');System.assert(false,'rock on with your bad self');
10:41:34.1 (1262353)|USER_INFO|[EXTERNAL]|0051r000007Oz5Q|lydia.abril@gmail.com|hora estándar de Europa central|GMT+02:00
10:41:34.1 (1284077)|EXECUTION_STARTED
10:41:34.1 (1289046)|CODE_UNIT_STARTED|[EXTERNAL]|execute_anonymous_apex
10:41:34.1 (1434887)|VARIABLE_SCOPE_BEGIN|[1]|a|Account|true|false
10:41:34.1 (1459332)|VARIABLE_SCOPE_BEGIN|[1]|stepId|Id|false|false
10:41:34.1 (1499757)|VARIABLE_SCOPE_BEGIN|[1]|submit1|Approval.ProcessSubmitRequest|true|false
10:41:34.1 (1517939)|VARIABLE_SCOPE_BEGIN|[1]|submit2|Approval.ProcessWorkitemRequest|true|false
10:41:34.1 (1530284)|VARIABLE_SCOPE_BEGIN|[1]|submitResult|Approval.ProcessResult|true|false
10:41:34.1 (1538041)|VARIABLE_SCOPE_BEGIN|[1]|uid|Id|false|false
10:41:34.1 (1650859)|HEAP_ALLOCATE|[72]|Bytes:3
10:41:34.1 (1690912)|HEAP_ALLOCATE|[77]|Bytes:152
10:41:34.1 (1706380)|HEAP_ALLOCATE|[342]|Bytes:408
10:41:34.1 (1719357)|HEAP_ALLOCATE|[355]|Bytes:408
10:41:34.1 (1729888)|HEAP_ALLOCATE|[467]|Bytes:48
10:41:34.1 (1758183)|HEAP_ALLOCATE|[139]|Bytes:6
10:41:34.1 (1770708)|HEAP_ALLOCATE|[EXTERNAL]|Bytes:1
10:41:34.1 (1993597)|STATEMENT_EXECUTE|[1]
10:41:34.1 (1996849)|STATEMENT_EXECUTE|[1]
10:41:34.1 (2025876)|HEAP_ALLOCATE|[1]|Bytes:4
10:41:34.1 (2114842)|HEAP_ALLOCATE|[1]|Bytes:1
10:41:34.1 (2178573)|VARIABLE_ASSIGNMENT|[1]|this.Name|"a"|0x5439acba
10:41:34.1 (2186700)|HEAP_ALLOCATE|[1]|Bytes:8
10:41:34.1 (2205042)|VARIABLE_ASSIGNMENT|[1]|this.Type|"Prospect"|0x5439acba
10:41:34.1 (2225923)|VARIABLE_ASSIGNMENT|[1]|this.NumberOfEmployees|501|0x5439acba
10:41:34.1 (2270656)|VARIABLE_ASSIGNMENT|[1]|a|{"Name":"a","Type":"Prospect","NumberOfEmployees":501}|0x5439acba
10:41:34.1 (2277558)|STATEMENT_EXECUTE|[1]
10:41:34.1 (2314841)|HEAP_ALLOCATE|[50]|Bytes:5
10:41:34.1 (2334768)|HEAP_ALLOCATE|[56]|Bytes:5
10:41:34.1 (2342640)|HEAP_ALLOCATE|[64]|Bytes:7
10:41:34.1 (2375486)|HEAP_ALLOCATE|[1]|Bytes:8
10:41:34.1 (2388919)|DML_BEGIN|[1]|Op:Insert|Type:Account|Rows:1
10:41:34.1 (2425935)|HEAP_ALLOCATE|[EXTERNAL]|Bytes:8
10:41:34.1 (14692828)|CODE_UNIT_STARTED|[EXTERNAL]|DuplicateDetector
10:41:34.1 (14720941)|DUPLICATE_DETECTION_BEGIN
10:41:34.1 (15367030)|DUPLICATE_DETECTION_RULE_INVOCATION|DuplicateRuleId:0Bm1r0000018X88|DuplicateRuleName:Standard Account Duplicate Rule|DmlType:INSERT
10:41:34.1 (39485391)|DUPLICATE_DETECTION_MATCH_INVOCATION_DETAILS|EntityType:Account|ActionTaken:Allow_[Alert,Report]|DuplicateRecordIds:
10:41:34.1 (39521477)|DUPLICATE_DETECTION_MATCH_INVOCATION_SUMMARY|EntityType:Account|NumRecordsToBeSaved:1|NumRecordsToBeSavedWithDuplicates:0|NumDuplicateRecordsFound:0
10:41:34.1 (39696179)|DUPLICATE_DETECTION_END
10:41:34.1 (39708666)|CODE_UNIT_FINISHED|DuplicateDetector
10:41:34.1 (76042299)|CODE_UNIT_STARTED|[EXTERNAL]|Workflow:Account
10:41:34.1 (81740315)|WF_RULE_EVAL_BEGIN|Workflow
10:41:34.1 (81785862)|WF_CRITERIA_BEGIN|[Account: a 0011r00001noi3C]|PruebaProcess3011r000000gjFE|01Q1r000000mVFX|ON_ALL_CHANGES|0
10:41:34.1 (81929447)|WF_FORMULA|Formula:ENCODED:[treatNullAsNull]true|Values:
10:41:34.1 (81941460)|WF_CRITERIA_END|true
10:41:34.1 (82557516)|WF_SPOOL_ACTION_BEGIN|Workflow
10:41:34.1 (82583458)|WF_ACTION| Flow Trigger: 1;
10:41:34.1 (82588065)|WF_RULE_EVAL_END
10:41:34.1 (83346672)|WF_FLOW_ACTION_BEGIN|09L1r000000Xt57
10:41:34.83 (83432883)|FLOW_CREATE_INTERVIEW_BEGIN|00D1r000001H7aI|3001r000000gDp4|3011r000000gjFE
10:41:34.83 (85219303)|FLOW_CREATE_INTERVIEW_END|2436fd54ce700217003654e3f50d162d7d12fe-2430|PruebaProcess
10:41:34.85 (85512490)|FLOW_START_INTERVIEWS_BEGIN|1
10:41:34.85 (85531335)|FLOW_START_INTERVIEW_BEGIN|2436fd54ce700217003654e3f50d162d7d12fe-2430|PruebaProcess
10:41:34.85 (87070072)|FLOW_START_INTERVIEW_END|2436fd54ce700217003654e3f50d162d7d12fe-2430|PruebaProcess
10:41:34.85 (124559153)|FLOW_START_INTERVIEWS_END|1
10:41:34.1 (125486597)|WF_FLOW_ACTION_END|09L1r000000Xt57
10:41:34.1 (125589735)|WF_ACTIONS_END| Flow Trigger: 1;
10:41:34.1 (125601906)|CODE_UNIT_FINISHED|Workflow:Account
10:41:34.1 (128667070)|DML_END|[1]
10:41:34.1 (128692459)|STATEMENT_EXECUTE|[1]
10:41:34.1 (128749906)|SYSTEM_MODE_ENTER|false
10:41:34.1 (128776646)|HEAP_ALLOCATE|[1]|Bytes:5
10:41:34.1 (128864811)|HEAP_ALLOCATE|[1]|Bytes:85
10:41:34.1 (128881057)|SYSTEM_METHOD_ENTRY|[1]|UserInfo.UserInfo()
10:41:34.1 (128885814)|STATEMENT_EXECUTE|[1]
10:41:34.1 (128900905)|SYSTEM_METHOD_EXIT|[1]|UserInfo
10:41:34.1 (128917972)|METHOD_ENTRY|[1]||System.UserInfo.getUserId()
10:41:34.1 (128953372)|METHOD_EXIT|[1]||System.UserInfo.getUserId()
10:41:34.1 (128965546)|SYSTEM_MODE_EXIT|false
10:41:34.1 (128985985)|HEAP_ALLOCATE|[1]|Bytes:4
10:41:34.1 (129124223)|VARIABLE_ASSIGNMENT|[1]|uid|"0051r000007Oz5QAAS"
10:41:34.1 (129133463)|STATEMENT_EXECUTE|[1]
10:41:34.1 (129230048)|VARIABLE_ASSIGNMENT|[1]|submit1|"common.api.soap.wsdl.ProcessSubmitRequest@fbfc040"|0x444552db
10:41:34.1 (129241888)|STATEMENT_EXECUTE|[1]
10:41:34.1 (129250398)|HEAP_ALLOCATE|[1]|Bytes:10
10:41:34.1 (129300243)|STATEMENT_EXECUTE|[1]
10:41:34.1 (129339422)|HEAP_ALLOCATE|[1]|Bytes:18
10:41:34.1 (129358598)|STATEMENT_EXECUTE|[1]
10:41:34.1 (129363792)|HEAP_ALLOCATE|[1]|Bytes:18
10:41:34.1 (129381908)|STATEMENT_EXECUTE|[1]
10:41:34.1 (129386024)|HEAP_ALLOCATE|[1]|Bytes:19
10:41:34.1 (129399761)|STATEMENT_EXECUTE|[1]
10:41:34.1 (129448693)|HEAP_ALLOCATE|[1]|Bytes:8
10:41:34.1 (129486141)|DML_BEGIN|[1]|Op:Process|Type:ProcessRequest|Rows:1
10:41:34.1 (129532297)|HEAP_ALLOCATE|[EXTERNAL]|Bytes:8
10:41:34.1 (134927540)|CODE_UNIT_STARTED|[EXTERNAL]|Workflow:ApprovalProcessActions
10:41:34.1 (138491367)|WF_APPROVAL_SUBMIT|[Account: a 0011r00001noi3C]
10:41:34.1 (139130622)|WF_APPROVAL_SUBMITTER|Lydia Abril|0051r000007Oz5QAAS
10:41:34.1 (150190667)|WF_RULE_FILTER|[Account : Type equals Prospect] 
AND [Account : Employees greater than 500]
10:41:34.1 (150226926)|WF_RULE_EVAL_VALUE|Prospect
10:41:34.1 (150258691)|WF_RULE_EVAL_VALUE|501
10:41:34.1 (150287524)|WF_EVAL_ENTRY_CRITERIA|Approve New Account|00X1r000002S2tA|true
10:41:34.1 (150401347)|WF_PROCESS_FOUND|ProcessDefinitionNameOrId:04a1r000000gAbg|Applicable process was found.
10:41:34.1 (154650189)|WF_SPOOL_ACTION_BEGIN|Auto Evaluate
10:41:34.1 (154816369)|WF_FIELD_UPDATE|[Account: a 0011r00001noi3C]|Field:Account: Type|Value:Pending|Id=04Y1r000000h1SO
10:41:34.1 (157903576)|CODE_UNIT_STARTED|[EXTERNAL]|01q1r000000j8Jg|AccountTrigger on Account trigger event BeforeUpdate
10:41:34.1 (157951921)|HEAP_ALLOCATE|[EXTERNAL]|Bytes:8
10:41:34.1 (157989730)|HEAP_ALLOCATE|[EXTERNAL]|Bytes:8
10:41:34.1 (158196007)|HEAP_ALLOCATE|[EXTERNAL]|Bytes:12
10:41:34.1 (158214161)|VARIABLE_SCOPE_BEGIN|[1]|this|AccountTrigger|true|false
10:41:34.1 (158288484)|VARIABLE_ASSIGNMENT|[1]|this|{}|0x49ebe8fa
10:41:34.1 (158376454)|HEAP_ALLOCATE|[EXTERNAL]|Bytes:12
10:41:34.1 (158387269)|VARIABLE_SCOPE_BEGIN|[1]|this|AccountTrigger|true|false
10:41:34.1 (158408780)|VARIABLE_ASSIGNMENT|[1]|this|{}|0x49ebe8fa
10:41:34.1 (158423190)|STATEMENT_EXECUTE|[1]
10:41:34.1 (158427113)|STATEMENT_EXECUTE|[3]
10:41:34.1 (159382664)|VARIABLE_ASSIGNMENT|[3]|this.listNew|[{"LastModifiedDate":"2018-04-18T08:41:34.000Z","IsDeleted":false,"NumberOfEmployees":501,"SystemModstamp":"2018-04-18T08:41:34.000Z","Name":"a","Type":"Pending","CleanStatus":"Pending","OwnerId":"0051r000007Oz5QAAS","CreatedById":"0051r000007Oz5QAAS","Match_Billing_Addres (4 more) ...":false,"CreatedDate":"2018-04-18T08:41:34.000Z","Id":"0011r00001noi3CAAQ","LastModifiedById":"0051r000007Oz5QAAS"}]|0x49ebe8fa
10:41:34.1 (159404997)|STATEMENT_EXECUTE|[5]
10:41:34.1 (160076203)|VARIABLE_ASSIGNMENT|[5]|this.mapOld|{"0011r00001noi3CAAQ":{"LastModifiedDate":"2018-04-18T08:41:34.000Z","IsDeleted":false,"NumberOfEmployees":501,"SystemModstamp":"2018-04-18T08:41:34.000Z","Name":"a","Type":"Prospect","CleanStatus":"Pending","OwnerId":"0051r000007Oz5QAAS","CreatedById":"0051r000007Oz5QAAS","Match_Billing_Addres (4 more) ...":false,"CreatedDate":"2018-04-18T08:41:34.000Z","Id":"0011r00001noi3CAAQ","LastModifiedById":"0051r000007Oz5QAAS"}}|0x49ebe8fa
10:41:34.1 (160106594)|STATEMENT_EXECUTE|[7]
10:41:34.1 (160112901)|STATEMENT_EXECUTE|[8]
10:41:34.1 (160114758)|STATEMENT_EXECUTE|[9]
10:41:34.1 (161569578)|HEAP_ALLOCATE|[9]|Bytes:1
10:41:34.1 (161611485)|METHOD_ENTRY|[1]|01p1r000009p8Bf|AccountMethods.AccountMethods()
10:41:34.1 (161619481)|STATEMENT_EXECUTE|[1]
10:41:34.1 (161624727)|STATEMENT_EXECUTE|[1]
10:41:34.1 (161981817)|SYSTEM_MODE_ENTER|false
10:41:34.1 (161996011)|HEAP_ALLOCATE|[9]|Bytes:5
10:41:34.1 (162007806)|SYSTEM_MODE_EXIT|false
10:41:34.1 (162023162)|METHOD_EXIT|[1]|AccountMethods
10:41:34.1 (162063478)|METHOD_ENTRY|[9]|01p1r000009p8Bf|AccountMethods.ActualizarCuentaHija(List<Account>, Map<Id,Account>)
10:41:34.1 (162108263)|VARIABLE_SCOPE_BEGIN|[3]|listAccount|List<Account>|true|false
10:41:34.1 (162719560)|VARIABLE_ASSIGNMENT|[3]|listAccount|[{"LastModifiedDate":"2018-04-18T08:41:34.000Z","IsDeleted":false,"NumberOfEmployees":501,"SystemModstamp":"2018-04-18T08:41:34.000Z","Name":"a","Type":"Pending","CleanStatus":"Pending","OwnerId":"0051r000007Oz5QAAS","CreatedById":"0051r000007Oz5QAAS","Match_Billing_Addres (4 more) ...":false,"CreatedDate":"2018-04-18T08:41:34.000Z","Id":"0011r00001noi3CAAQ","LastModifiedById":"0051r000007Oz5QAAS"}]|0x580555ee
10:41:34.1 (162741395)|VARIABLE_SCOPE_BEGIN|[3]|mapOld|Map<Id,Account>|true|false
10:41:34.1 (163319517)|VARIABLE_ASSIGNMENT|[3]|mapOld|{"0011r00001noi3CAAQ":{"LastModifiedDate":"2018-04-18T08:41:34.000Z","IsDeleted":false,"NumberOfEmployees":501,"SystemModstamp":"2018-04-18T08:41:34.000Z","Name":"a","Type":"Prospect","CleanStatus":"Pending","OwnerId":"0051r000007Oz5QAAS","CreatedById":"0051r000007Oz5QAAS","Match_Billing_Addres (4 more) ...":false,"CreatedDate":"2018-04-18T08:41:34.000Z","Id":"0011r00001noi3CAAQ","LastModifiedById":"0051r000007Oz5QAAS"}}|0x1a02fb24
10:41:34.1 (163356709)|SYSTEM_MODE_ENTER|false
10:41:34.1 (163366536)|HEAP_ALLOCATE|[5]|Bytes:5
10:41:34.1 (163375389)|STATEMENT_EXECUTE|[3]
10:41:34.1 (163482258)|STATEMENT_EXECUTE|[5]
10:41:34.1 (163486122)|STATEMENT_EXECUTE|[8]
10:41:34.1 (163501851)|HEAP_ALLOCATE|[8]|Bytes:4
10:41:34.1 (163543011)|VARIABLE_SCOPE_BEGIN|[8]|listAccountIds|List<String>|true|false
10:41:34.1 (163577048)|HEAP_ALLOCATE|[EXTERNAL]|Bytes:4
10:41:34.1 (163590625)|VARIABLE_ASSIGNMENT|[8]|listAccountIds|[]|0x58af5468
10:41:34.1 (163600696)|STATEMENT_EXECUTE|[9]
10:41:34.1 (163647761)|HEAP_ALLOCATE|[9]|Bytes:4
10:41:34.1 (163688130)|VARIABLE_SCOPE_BEGIN|[9]|mapAccountParent|Map<String,Account>|true|false
10:41:34.1 (163708359)|VARIABLE_ASSIGNMENT|[9]|mapAccountParent|{}|0x2af7c0b6
10:41:34.1 (163895703)|HEAP_ALLOCATE|[11]|Bytes:5
10:41:34.1 (163921059)|HEAP_ALLOCATE|[11]|Bytes:4
10:41:34.1 (163932681)|VARIABLE_SCOPE_BEGIN|[11]|inAccount|Account|true|false
10:41:34.1 (164675032)|VARIABLE_ASSIGNMENT|[11]|inAccount|{"LastModifiedDate":"2018-04-18T08:41:34.000Z","IsDeleted":false,"NumberOfEmployees":501,"SystemModstamp":"2018-04-18T08:41:34.000Z","Name":"a","Type":"Pending","CleanStatus":"Pending","OwnerId":"0051r000007Oz5QAAS","CreatedById":"0051r000007Oz5QAAS","Match_Billing_Addres (4 more) ...":false,"CreatedDate":"2018-04-18T08:41:34.000Z","Id":"0011r00001noi3CAAQ","LastModifiedById":"0051r000007Oz5QAAS"}|0x789468b8
10:41:34.1 (164696616)|STATEMENT_EXECUTE|[11]
10:41:34.1 (164817393)|STATEMENT_EXECUTE|[13]
10:41:34.1 (164833223)|HEAP_ALLOCATE|[11]|Bytes:5
10:41:34.1 (164854037)|VARIABLE_ASSIGNMENT|[11]|inAccount|null|
10:41:34.1 (164863028)|STATEMENT_EXECUTE|[20]
10:41:34.1 (164873447)|HEAP_ALLOCATE|[20]|Bytes:99
10:41:34.1 (164894748)|HEAP_ALLOCATE|[20]|Bytes:4
10:41:34.1 (164907884)|HEAP_ALLOCATE|[20]|Bytes:7
10:41:34.1 (165185074)|SOQL_EXECUTE_BEGIN|[20]|Aggregations:0|SELECT Id, Fecha_ultima_actividad_mas_reciente__c, ParentId FROM Account WHERE ParentId IN :tmpVar1
10:41:34.1 (168075206)|SOQL_EXECUTE_END|[20]|Rows:0
10:41:34.1 (168099398)|HEAP_ALLOCATE|[20]|Bytes:4
10:41:34.1 (168110910)|HEAP_ALLOCATE|[20]|Bytes:0
10:41:34.1 (168140980)|HEAP_ALLOCATE|[20]|Bytes:4
10:41:34.1 (168151113)|VARIABLE_SCOPE_BEGIN|[20]|listAccountChild|List<Account>|true|false
10:41:34.1 (168166325)|VARIABLE_ASSIGNMENT|[20]|listAccountChild|[]|0x6ab7be93
10:41:34.1 (168206266)|HEAP_ALLOCATE|[23]|Bytes:5
10:41:34.1 (168219910)|VARIABLE_ASSIGNMENT|[23]|inAccount|null|
10:41:34.1 (168226590)|STATEMENT_EXECUTE|[23]
10:41:34.1 (168228825)|STATEMENT_EXECUTE|[27]
10:41:34.1 (168293302)|HEAP_ALLOCATE|[EXTERNAL]|Bytes:4
10:41:34.1 (168303873)|SYSTEM_MODE_EXIT|false
10:41:34.1 (168315305)|METHOD_EXIT|[9]|01p1r000009p8Bf|AccountMethods.ActualizarCuentaHija(List<Account>, Map<Id,Account>)
10:41:34.168 (168325582)|CUMULATIVE_LIMIT_USAGE
10:41:34.168 (168325582)|LIMIT_USAGE_FOR_NS|(default)|
  Number of SOQL queries: 2 out of 100
  Number of query rows: 0 out of 50000
  Number of SOSL queries: 0 out of 20
  Number of DML statements: 3 out of 150
  Number of DML rows: 2 out of 10000
  Maximum CPU time: 0 out of 10000
  Maximum heap size: 0 out of 6000000
  Number of callouts: 0 out of 100
  Number of Email Invocations: 0 out of 10
  Number of future calls: 0 out of 50
  Number of queueable jobs added to the queue: 0 out of 50
  Number of Mobile Apex push calls: 0 out of 10

10:41:34.168 (168325582)|CUMULATIVE_LIMIT_USAGE_END

10:41:34.1 (169472880)|CODE_UNIT_FINISHED|AccountTrigger on Account trigger event BeforeUpdate
10:41:34.1 (183697024)|WF_PROCESS_NODE|Step 1(Approval based on first response)
10:41:34.1 (206083703)|WF_NEXT_APPROVER|Lydia Abril|User|
10:41:34.1 (288985195)|CODE_UNIT_FINISHED|Workflow:ApprovalProcessActions
10:41:34.1 (289394215)|DML_END|[1]
10:41:34.1 (289468203)|HEAP_ALLOCATE|[1]|Bytes:4
10:41:34.1 (289620992)|VARIABLE_ASSIGNMENT|[1]|submitResult|"common.api.soap.wsdl.ProcessResult@6c3c5df8"|0x4bb990c1
10:41:34.1 (289636413)|STATEMENT_EXECUTE|[1]
10:41:34.1 (289679508)|HEAP_ALLOCATE|[EXTERNAL]|Bytes:8
10:41:34.1 (289715280)|HEAP_ALLOCATE|[1]|Bytes:8
10:41:34.1 (289735481)|HEAP_ALLOCATE|[1]|Bytes:18
10:41:34.1 (289762311)|HEAP_ALLOCATE|[1]|Bytes:4
10:41:34.1 (289830924)|VARIABLE_ASSIGNMENT|[1]|stepId|"04i1r00000BumFSAAZ"
10:41:34.1 (289840880)|STATEMENT_EXECUTE|[1]
10:41:34.1 (289845908)|HEAP_ALLOCATE|[1]|Bytes:44
10:41:34.1 (289863626)|HEAP_ALLOCATE|[1]|Bytes:4
10:41:34.1 (289904225)|HEAP_ALLOCATE|[1]|Bytes:18
10:41:34.1 (290309353)|SOQL_EXECUTE_BEGIN|[1]|Aggregations:0|SELECT Type FROM Account WHERE Id = :tmpVar1
10:41:34.1 (294048227)|SOQL_EXECUTE_END|[1]|Rows:1
10:41:34.1 (294074733)|HEAP_ALLOCATE|[1]|Bytes:8
10:41:34.1 (294088737)|HEAP_ALLOCATE|[1]|Bytes:44
10:41:34.1 (294119312)|HEAP_ALLOCATE|[1]|Bytes:8
10:41:34.1 (294129576)|HEAP_ALLOCATE|[1]|Bytes:33
10:41:34.1 (294145908)|HEAP_ALLOCATE|[1]|Bytes:12
10:41:34.1 (294168622)|VARIABLE_ASSIGNMENT|[1]|a|{"Type":"Pending","Id":"0011r00001noi3CAAQ"}|0x24d9bff4
10:41:34.1 (294175778)|STATEMENT_EXECUTE|[1]
10:41:34.1 (294178828)|HEAP_ALLOCATE|[1]|Bytes:7
10:41:34.1 (294205261)|HEAP_ALLOCATE|[1]|Bytes:20
10:41:34.1 (294238025)|STATEMENT_EXECUTE|[1]
10:41:34.1 (294307851)|VARIABLE_ASSIGNMENT|[1]|submit2|"common.api.soap.wsdl.ProcessWorkitemRequest@1a3c1d1"|0x68707c45
10:41:34.1 (294318328)|STATEMENT_EXECUTE|[1]
10:41:34.1 (294323312)|HEAP_ALLOCATE|[1]|Bytes:9
10:41:34.1 (294355219)|STATEMENT_EXECUTE|[1]
10:41:34.1 (294359591)|HEAP_ALLOCATE|[1]|Bytes:6
10:41:34.1 (294373421)|STATEMENT_EXECUTE|[1]
10:41:34.1 (294382429)|HEAP_ALLOCATE|[1]|Bytes:18
10:41:34.1 (294394161)|STATEMENT_EXECUTE|[1]
10:41:34.1 (294427107)|HEAP_ALLOCATE|[1]|Bytes:8
10:41:34.1 (294440760)|DML_BEGIN|[1]|Op:Process|Type:ProcessRequest|Rows:1
10:41:34.1 (294473114)|HEAP_ALLOCATE|[EXTERNAL]|Bytes:8
10:41:34.1 (301613303)|CODE_UNIT_STARTED|[EXTERNAL]|Workflow:ApprovalProcessActions
10:41:34.1 (305104478)|WF_APPROVAL|Reject|[Account: a 0011r00001noi3C]|Step 1(Approval based on first response)
10:41:34.1 (305145218)|WF_SPOOL_ACTION_BEGIN|Reject
10:41:34.1 (305972914)|WF_HARD_REJECT
10:41:34.1 (306282642)|WF_SPOOL_ACTION_BEGIN|Reject
10:41:34.1 (328996109)|WF_FIELD_UPDATE|[Account: a 0011r00001noi3C]|Field:Account: Type|Value:Prospect|Id=04Y1r000000h1Sx
10:41:34.1 (330554247)|CODE_UNIT_STARTED|[EXTERNAL]|01q1r000000j8Jg|AccountTrigger on Account trigger event BeforeUpdate
10:41:34.1 (330601039)|HEAP_ALLOCATE|[EXTERNAL]|Bytes:8
10:41:34.1 (330630054)|HEAP_ALLOCATE|[EXTERNAL]|Bytes:8
10:41:34.1 (330677788)|HEAP_ALLOCATE|[EXTERNAL]|Bytes:12
10:41:34.1 (330688476)|VARIABLE_SCOPE_BEGIN|[1]|this|AccountTrigger|true|false
10:41:34.1 (330725457)|VARIABLE_ASSIGNMENT|[1]|this|{}|0x743098f7
10:41:34.1 (330766740)|HEAP_ALLOCATE|[EXTERNAL]|Bytes:12
10:41:34.1 (330775176)|VARIABLE_SCOPE_BEGIN|[1]|this|AccountTrigger|true|false
10:41:34.1 (330793719)|VARIABLE_ASSIGNMENT|[1]|this|{}|0x743098f7
10:41:34.1 (330807333)|STATEMENT_EXECUTE|[1]
10:41:34.1 (330810813)|STATEMENT_EXECUTE|[3]
10:41:34.1 (331667360)|VARIABLE_ASSIGNMENT|[3]|this.listNew|[{"LastModifiedDate":"2018-04-18T08:41:34.000Z","IsDeleted":false,"NumberOfEmployees":501,"SystemModstamp":"2018-04-18T08:41:34.000Z","Name":"a","Type":"Prospect","CleanStatus":"Pending","OwnerId":"0051r000007Oz5QAAS","CreatedById":"0051r000007Oz5QAAS","Match_Billing_Addres (4 more) ...":false,"CreatedDate":"2018-04-18T08:41:34.000Z","Id":"0011r00001noi3CAAQ","LastModifiedById":"0051r000007Oz5QAAS"}]|0x743098f7
10:41:34.1 (331683705)|STATEMENT_EXECUTE|[5]
10:41:34.1 (332073183)|VARIABLE_ASSIGNMENT|[5]|this.mapOld|{"0011r00001noi3CAAQ":{"LastModifiedDate":"2018-04-18T08:41:34.000Z","IsDeleted":false,"NumberOfEmployees":501,"SystemModstamp":"2018-04-18T08:41:34.000Z","Name":"a","Type":"Pending","CleanStatus":"Pending","OwnerId":"0051r000007Oz5QAAS","CreatedById":"0051r000007Oz5QAAS","Match_Billing_Addres (4 more) ...":false,"CreatedDate":"2018-04-18T08:41:34.000Z","Id":"0011r00001noi3CAAQ","LastModifiedById":"0051r000007Oz5QAAS"}}|0x743098f7
10:41:34.1 (332091170)|STATEMENT_EXECUTE|[7]
10:41:34.1 (332095536)|STATEMENT_EXECUTE|[8]
10:41:34.1 (332097315)|STATEMENT_EXECUTE|[9]
10:41:34.1 (332111824)|METHOD_ENTRY|[9]|01p1r000009p8Bf|AccountMethods.ActualizarCuentaHija(List<Account>, Map<Id,Account>)
10:41:34.1 (332129645)|VARIABLE_SCOPE_BEGIN|[3]|listAccount|List<Account>|true|false
10:41:34.1 (332842362)|VARIABLE_ASSIGNMENT|[3]|listAccount|[{"LastModifiedDate":"2018-04-18T08:41:34.000Z","IsDeleted":false,"NumberOfEmployees":501,"SystemModstamp":"2018-04-18T08:41:34.000Z","Name":"a","Type":"Prospect","CleanStatus":"Pending","OwnerId":"0051r000007Oz5QAAS","CreatedById":"0051r000007Oz5QAAS","Match_Billing_Addres (4 more) ...":false,"CreatedDate":"2018-04-18T08:41:34.000Z","Id":"0011r00001noi3CAAQ","LastModifiedById":"0051r000007Oz5QAAS"}]|0x2b3c3304
10:41:34.1 (332855749)|VARIABLE_SCOPE_BEGIN|[3]|mapOld|Map<Id,Account>|true|false
10:41:34.1 (333473183)|VARIABLE_ASSIGNMENT|[3]|mapOld|{"0011r00001noi3CAAQ":{"LastModifiedDate":"2018-04-18T08:41:34.000Z","IsDeleted":false,"NumberOfEmployees":501,"SystemModstamp":"2018-04-18T08:41:34.000Z","Name":"a","Type":"Pending","CleanStatus":"Pending","OwnerId":"0051r000007Oz5QAAS","CreatedById":"0051r000007Oz5QAAS","Match_Billing_Addres (4 more) ...":false,"CreatedDate":"2018-04-18T08:41:34.000Z","Id":"0011r00001noi3CAAQ","LastModifiedById":"0051r000007Oz5QAAS"}}|0x2a4812dd
10:41:34.1 (333856156)|SYSTEM_MODE_ENTER|false
10:41:34.1 (333871135)|HEAP_ALLOCATE|[5]|Bytes:5
10:41:34.1 (333878421)|STATEMENT_EXECUTE|[3]
10:41:34.1 (333898227)|STATEMENT_EXECUTE|[5]
10:41:34.1 (333899960)|STATEMENT_EXECUTE|[8]
10:41:34.1 (333909581)|HEAP_ALLOCATE|[8]|Bytes:4
10:41:34.1 (333924566)|VARIABLE_SCOPE_BEGIN|[8]|listAccountIds|List<String>|true|false
10:41:34.1 (333949310)|HEAP_ALLOCATE|[EXTERNAL]|Bytes:4
10:41:34.1 (333959239)|VARIABLE_ASSIGNMENT|[8]|listAccountIds|[]|0xa03c41c
10:41:34.1 (333965195)|STATEMENT_EXECUTE|[9]
10:41:34.1 (333980809)|HEAP_ALLOCATE|[9]|Bytes:4
10:41:34.1 (333988632)|VARIABLE_SCOPE_BEGIN|[9]|mapAccountParent|Map<String,Account>|true|false
10:41:34.1 (334001058)|VARIABLE_ASSIGNMENT|[9]|mapAccountParent|{}|0x7a04028b
10:41:34.1 (334042778)|HEAP_ALLOCATE|[11]|Bytes:5
10:41:34.1 (334064019)|HEAP_ALLOCATE|[11]|Bytes:4
10:41:34.1 (334076274)|VARIABLE_SCOPE_BEGIN|[11]|inAccount|Account|true|false
10:41:34.1 (334471099)|VARIABLE_ASSIGNMENT|[11]|inAccount|{"LastModifiedDate":"2018-04-18T08:41:34.000Z","IsDeleted":false,"NumberOfEmployees":501,"SystemModstamp":"2018-04-18T08:41:34.000Z","Name":"a","Type":"Prospect","CleanStatus":"Pending","OwnerId":"0051r000007Oz5QAAS","CreatedById":"0051r000007Oz5QAAS","Match_Billing_Addres (4 more) ...":false,"CreatedDate":"2018-04-18T08:41:34.000Z","Id":"0011r00001noi3CAAQ","LastModifiedById":"0051r000007Oz5QAAS"}|0x306abadc
10:41:34.1 (334485031)|STATEMENT_EXECUTE|[11]
10:41:34.1 (334527329)|STATEMENT_EXECUTE|[13]
10:41:34.1 (334537939)|HEAP_ALLOCATE|[11]|Bytes:5
10:41:34.1 (334551062)|VARIABLE_ASSIGNMENT|[11]|inAccount|null|
10:41:34.1 (334556470)|STATEMENT_EXECUTE|[20]
10:41:34.1 (334567285)|HEAP_ALLOCATE|[20]|Bytes:4
10:41:34.1 (334836122)|SOQL_EXECUTE_BEGIN|[20]|Aggregations:0|SELECT Id, Fecha_ultima_actividad_mas_reciente__c, ParentId FROM Account WHERE ParentId IN :tmpVar1
10:41:34.1 (337599486)|SOQL_EXECUTE_END|[20]|Rows:0
10:41:34.1 (337628222)|HEAP_ALLOCATE|[20]|Bytes:4
10:41:34.1 (337641442)|HEAP_ALLOCATE|[20]|Bytes:0
10:41:34.1 (337675255)|HEAP_ALLOCATE|[20]|Bytes:4
10:41:34.1 (337688022)|VARIABLE_SCOPE_BEGIN|[20]|listAccountChild|List<Account>|true|false
10:41:34.1 (337706634)|VARIABLE_ASSIGNMENT|[20]|listAccountChild|[]|0x21d55e9b
10:41:34.1 (337738700)|HEAP_ALLOCATE|[23]|Bytes:5
10:41:34.1 (337755411)|VARIABLE_ASSIGNMENT|[23]|inAccount|null|
10:41:34.1 (337763430)|STATEMENT_EXECUTE|[23]
10:41:34.1 (337766372)|STATEMENT_EXECUTE|[27]
10:41:34.1 (337813610)|HEAP_ALLOCATE|[EXTERNAL]|Bytes:4
10:41:34.1 (337826481)|SYSTEM_MODE_EXIT|false
10:41:34.1 (337839670)|METHOD_EXIT|[9]|01p1r000009p8Bf|AccountMethods.ActualizarCuentaHija(List<Account>, Map<Id,Account>)
10:41:34.337 (337851321)|CUMULATIVE_LIMIT_USAGE
10:41:34.337 (337851321)|LIMIT_USAGE_FOR_NS|(default)|
  Number of SOQL queries: 4 out of 100
  Number of query rows: 1 out of 50000
  Number of SOSL queries: 0 out of 20
  Number of DML statements: 4 out of 150
  Number of DML rows: 3 out of 10000
  Maximum CPU time: 0 out of 10000
  Maximum heap size: 0 out of 6000000
  Number of callouts: 0 out of 100
  Number of Email Invocations: 0 out of 10
  Number of future calls: 0 out of 50
  Number of queueable jobs added to the queue: 0 out of 50
  Number of Mobile Apex push calls: 0 out of 10

10:41:34.337 (337851321)|CUMULATIVE_LIMIT_USAGE_END

10:41:34.1 (339059726)|CODE_UNIT_FINISHED|AccountTrigger on Account trigger event BeforeUpdate
10:41:34.1 (379389567)|CODE_UNIT_FINISHED|Workflow:ApprovalProcessActions
10:41:34.1 (379782032)|DML_END|[1]
10:41:34.1 (379805927)|HEAP_ALLOCATE|[1]|Bytes:4
10:41:34.1 (379978819)|VARIABLE_ASSIGNMENT|[1]|submitResult|"common.api.soap.wsdl.ProcessResult@4f7f4530"|0x2b576a74
10:41:34.1 (380004495)|STATEMENT_EXECUTE|[1]
10:41:34.1 (380026022)|HEAP_ALLOCATE|[1]|Bytes:4
10:41:34.1 (380072227)|HEAP_ALLOCATE|[1]|Bytes:18
10:41:34.1 (380272153)|SOQL_EXECUTE_BEGIN|[1]|Aggregations:0|SELECT Type FROM Account WHERE Id = :tmpVar1
10:41:34.1 (383592956)|SOQL_EXECUTE_END|[1]|Rows:1
10:41:34.1 (383620920)|HEAP_ALLOCATE|[1]|Bytes:8
10:41:34.1 (383635998)|HEAP_ALLOCATE|[1]|Bytes:45
10:41:34.1 (383674219)|HEAP_ALLOCATE|[1]|Bytes:8
10:41:34.1 (383700301)|HEAP_ALLOCATE|[1]|Bytes:12
10:41:34.1 (383728672)|VARIABLE_ASSIGNMENT|[1]|a|{"Type":"Prospect","Id":"0011r00001noi3CAAQ"}|0xe0be1b0
10:41:34.1 (383736611)|STATEMENT_EXECUTE|[1]
10:41:34.1 (383777408)|STATEMENT_EXECUTE|[1]
10:41:34.1 (383781721)|HEAP_ALLOCATE|[1]|Bytes:26
10:41:34.1 (383853081)|EXCEPTION_THROWN|[1]|System.AssertException: Assertion Failed: rock on with your bad self
10:41:34.1 (383936834)|HEAP_ALLOCATE|[1]|Bytes:48
10:41:34.1 (384005916)|FATAL_ERROR|System.AssertException: Assertion Failed: rock on with your bad self

AnonymousBlock: line 1, column 1
10:41:34.384 (384042306)|CUMULATIVE_LIMIT_USAGE
10:41:34.384 (384042306)|LIMIT_USAGE_FOR_NS|(default)|
  Number of SOQL queries: 5 out of 100
  Number of query rows: 2 out of 50000
  Number of SOSL queries: 0 out of 20
  Number of DML statements: 4 out of 150
  Number of DML rows: 3 out of 10000
  Maximum CPU time: 0 out of 10000
  Maximum heap size: 0 out of 6000000
  Number of callouts: 0 out of 100
  Number of Email Invocations: 0 out of 10
  Number of future calls: 0 out of 50
  Number of queueable jobs added to the queue: 0 out of 50
  Number of Mobile Apex push calls: 0 out of 10

10:41:34.384 (384042306)|CUMULATIVE_LIMIT_USAGE_END

10:41:34.1 (384080802)|CODE_UNIT_FINISHED|execute_anonymous_apex
10:41:34.1 (384880690)|EXECUTION_FINISHED
