36.0 APEX_CODE,FINEST;APEX_PROFILING,INFO;CALLOUT,INFO;DB,INFO;SYSTEM,DEBUG;VALIDATION,INFO;VISUALFORCE,INFO;WAVE,INFO;WORKFLOW,INFO
08:50:08.0 (328777)|USER_INFO|[EXTERNAL]|0051r000007Oz5Q|lydia.abril@gmail.com|hora estándar de Europa central|GMT+02:00
08:50:08.0 (418970)|EXECUTION_STARTED
08:50:08.0 (424128)|CODE_UNIT_STARTED|[EXTERNAL]|01p1r000009p7mK|EventTest.testCrearEvento
08:50:08.0 (671183)|HEAP_ALLOCATE|[72]|Bytes:3
08:50:08.0 (727728)|HEAP_ALLOCATE|[77]|Bytes:152
08:50:08.0 (744691)|HEAP_ALLOCATE|[342]|Bytes:408
08:50:08.0 (760068)|HEAP_ALLOCATE|[355]|Bytes:408
08:50:08.0 (773191)|HEAP_ALLOCATE|[467]|Bytes:48
08:50:08.0 (800577)|HEAP_ALLOCATE|[139]|Bytes:6
08:50:08.0 (815579)|HEAP_ALLOCATE|[EXTERNAL]|Bytes:89
08:50:08.0 (860150)|METHOD_ENTRY|[2]|01p1r000009p7mK|EventTest.EventTest()
08:50:08.0 (869436)|STATEMENT_EXECUTE|[2]
08:50:08.0 (875657)|STATEMENT_EXECUTE|[2]
08:50:08.0 (888824)|METHOD_EXIT|[2]|EventTest
08:50:08.0 (1116541)|HEAP_ALLOCATE|[50]|Bytes:5
08:50:08.0 (1143002)|HEAP_ALLOCATE|[56]|Bytes:5
08:50:08.0 (1151361)|HEAP_ALLOCATE|[64]|Bytes:7
08:50:08.0 (1188868)|STATEMENT_EXECUTE|[4]
08:50:08.0 (1191635)|STATEMENT_EXECUTE|[6]
08:50:08.0 (1237862)|HEAP_ALLOCATE|[6]|Bytes:4
08:50:08.0 (1319218)|HEAP_ALLOCATE|[6]|Bytes:11
08:50:08.0 (1368943)|VARIABLE_ASSIGNMENT|[6]|this.Name|"CuentaPadre"|0x229610e2
08:50:08.0 (1470457)|HEAP_ALLOCATE|[7]|Bytes:4
08:50:08.0 (1538778)|VARIABLE_ASSIGNMENT|[6]|this.Fecha_ultima_actividad_mas_reciente__c|"2018-01-11T00:00:00.000Z"|0x229610e2
08:50:08.0 (1573169)|VARIABLE_SCOPE_BEGIN|[6]|oAccountParent|Account|true|false
08:50:08.0 (1597251)|VARIABLE_ASSIGNMENT|[6]|oAccountParent|{"Name":"CuentaPadre","Fecha_ultima_activid (18 more) ...":"2018-01-11T00:00:00.000Z"}|0x229610e2
08:50:08.0 (1603832)|STATEMENT_EXECUTE|[8]
08:50:08.0 (1623130)|HEAP_ALLOCATE|[8]|Bytes:8
08:50:08.0 (1635563)|DML_BEGIN|[8]|Op:Insert|Type:Account|Rows:1
08:50:08.0 (1665205)|HEAP_ALLOCATE|[EXTERNAL]|Bytes:8
08:50:08.0 (10140372)|CODE_UNIT_STARTED|[EXTERNAL]|DuplicateDetector
08:50:08.0 (10157026)|DUPLICATE_DETECTION_BEGIN
08:50:08.0 (10691289)|DUPLICATE_DETECTION_RULE_INVOCATION|DuplicateRuleId:0Bm1r0000018X88|DuplicateRuleName:Standard Account Duplicate Rule|DmlType:INSERT
08:50:08.0 (27941355)|DUPLICATE_DETECTION_MATCH_INVOCATION_DETAILS|EntityType:Account|ActionTaken:Allow_[Alert,Report]|DuplicateRecordIds:
08:50:08.0 (27972068)|DUPLICATE_DETECTION_MATCH_INVOCATION_SUMMARY|EntityType:Account|NumRecordsToBeSaved:1|NumRecordsToBeSavedWithDuplicates:0|NumDuplicateRecordsFound:0
08:50:08.0 (28103803)|DUPLICATE_DETECTION_END
08:50:08.0 (28113255)|CODE_UNIT_FINISHED|DuplicateDetector
08:50:08.0 (50906443)|DML_END|[8]
08:50:08.0 (50939895)|STATEMENT_EXECUTE|[10]
08:50:08.0 (50973358)|HEAP_ALLOCATE|[10]|Bytes:4
08:50:08.0 (51004558)|HEAP_ALLOCATE|[10]|Bytes:6
08:50:08.0 (51048407)|VARIABLE_ASSIGNMENT|[10]|this.Name|"Cuenta"|0x20d389c
08:50:08.0 (51086589)|VARIABLE_ASSIGNMENT|[10]|this.ParentId|"0011r00001nogfUAAQ"|0x20d389c
08:50:08.0 (51185257)|HEAP_ALLOCATE|[12]|Bytes:4
08:50:08.0 (51236090)|VARIABLE_ASSIGNMENT|[10]|this.Fecha_ultima_actividad_mas_reciente__c|"2018-01-11T00:00:00.000Z"|0x20d389c
08:50:08.0 (51283984)|VARIABLE_SCOPE_BEGIN|[10]|oAccount|Account|true|false
08:50:08.0 (51329292)|VARIABLE_ASSIGNMENT|[10]|oAccount|{"Name":"Cuenta","ParentId":"0011r00001nogfUAAQ","Fecha_ultima_activid (18 more) ...":"2018-01-11T00:00:00.000Z"}|0x20d389c
08:50:08.0 (51338471)|STATEMENT_EXECUTE|[13]
08:50:08.0 (51360951)|HEAP_ALLOCATE|[13]|Bytes:8
08:50:08.0 (51372582)|DML_BEGIN|[13]|Op:Insert|Type:Account|Rows:1
08:50:08.0 (51408194)|HEAP_ALLOCATE|[EXTERNAL]|Bytes:8
08:50:08.0 (54729858)|CODE_UNIT_STARTED|[EXTERNAL]|DuplicateDetector
08:50:08.0 (54747308)|DUPLICATE_DETECTION_BEGIN
08:50:08.0 (54792835)|DUPLICATE_DETECTION_RULE_INVOCATION|DuplicateRuleId:0Bm1r0000018X88|DuplicateRuleName:Standard Account Duplicate Rule|DmlType:INSERT
08:50:08.0 (63560747)|DUPLICATE_DETECTION_MATCH_INVOCATION_DETAILS|EntityType:Account|ActionTaken:Allow_[Alert,Report]|DuplicateRecordIds:
08:50:08.0 (63579830)|DUPLICATE_DETECTION_MATCH_INVOCATION_SUMMARY|EntityType:Account|NumRecordsToBeSaved:1|NumRecordsToBeSavedWithDuplicates:0|NumDuplicateRecordsFound:0
08:50:08.0 (63675049)|DUPLICATE_DETECTION_END
08:50:08.0 (63681626)|CODE_UNIT_FINISHED|DuplicateDetector
08:50:08.0 (73855152)|DML_END|[13]
08:50:08.0 (73881377)|STATEMENT_EXECUTE|[15]
08:50:08.0 (73926348)|HEAP_ALLOCATE|[15]|Bytes:4
08:50:08.0 (74011690)|HEAP_ALLOCATE|[15]|Bytes:11
08:50:08.0 (74056416)|VARIABLE_ASSIGNMENT|[15]|this.Name|"Oportunidad"|0x23e5afa4
08:50:08.0 (74134992)|HEAP_ALLOCATE|[16]|Bytes:4
08:50:08.0 (74184466)|VARIABLE_ASSIGNMENT|[15]|this.CloseDate|"2020-01-11T00:00:00.000Z"|0x23e5afa4
08:50:08.0 (74192716)|HEAP_ALLOCATE|[17]|Bytes:11
08:50:08.0 (74208777)|VARIABLE_ASSIGNMENT|[15]|this.StageName|"Prospecting"|0x23e5afa4
08:50:08.0 (74240654)|VARIABLE_ASSIGNMENT|[15]|this.AccountId|"0011r00001nogfVAAQ"|0x23e5afa4
08:50:08.0 (74271665)|VARIABLE_SCOPE_BEGIN|[15]|oOpportunity|Opportunity|true|false
08:50:08.0 (74297855)|VARIABLE_ASSIGNMENT|[15]|oOpportunity|{"Name":"Oportunidad","CloseDate":"2020-01-11T00:00:00.000Z","StageName":"Prospecting","AccountId":"0011r00001nogfVAAQ"}|0x23e5afa4
08:50:08.0 (74305889)|STATEMENT_EXECUTE|[19]
08:50:08.0 (74322612)|HEAP_ALLOCATE|[19]|Bytes:8
08:50:08.0 (74332956)|DML_BEGIN|[19]|Op:Insert|Type:Opportunity|Rows:1
08:50:08.0 (74362199)|HEAP_ALLOCATE|[EXTERNAL]|Bytes:8
08:50:08.0 (104804533)|CODE_UNIT_STARTED|[EXTERNAL]|01q1r000000Bcgl|ClosedOpportunityTrigger on Opportunity trigger event AfterInsert
08:50:08.0 (104847441)|HEAP_ALLOCATE|[EXTERNAL]|Bytes:8
08:50:08.0 (105066184)|HEAP_ALLOCATE|[EXTERNAL]|Bytes:8
08:50:08.0 (105082661)|VARIABLE_SCOPE_BEGIN|[1]|this|ClosedOpportunityTrigger|true|false
08:50:08.0 (105166748)|VARIABLE_ASSIGNMENT|[1]|this|{}|0x46d49e25
08:50:08.0 (105225438)|HEAP_ALLOCATE|[EXTERNAL]|Bytes:8
08:50:08.0 (105355373)|VARIABLE_SCOPE_BEGIN|[1]|this|ClosedOpportunityTrigger|true|false
08:50:08.0 (105371640)|VARIABLE_ASSIGNMENT|[1]|this|{}|0x46d49e25
08:50:08.0 (105381687)|STATEMENT_EXECUTE|[1]
08:50:08.0 (105384224)|STATEMENT_EXECUTE|[3]
08:50:08.0 (105435021)|HEAP_ALLOCATE|[3]|Bytes:4
08:50:08.0 (105582382)|HEAP_ALLOCATE|[EXTERNAL]|Bytes:4
08:50:08.0 (105596016)|VARIABLE_ASSIGNMENT|[3]|this.taskList|[]|0x46d49e25
08:50:08.0 (105605084)|HEAP_ALLOCATE|[5]|Bytes:89
08:50:08.0 (105618543)|HEAP_ALLOCATE|[5]|Bytes:4
08:50:08.0 (105633676)|HEAP_ALLOCATE|[5]|Bytes:7
08:50:08.0 (105871393)|SOQL_EXECUTE_BEGIN|[5]|Aggregations:0|SELECT Id, StageName FROM Opportunity 
08:50:08.0 (110561071)|SOQL_EXECUTE_END|[5]|Rows:0
08:50:08.0 (110715806)|HEAP_ALLOCATE|[5]|Bytes:54
08:50:08.0 (110726073)|HEAP_ALLOCATE|[5]|Bytes:8
08:50:08.0 (110751709)|SYSTEM_METHOD_ENTRY|[7]|QueryLocatorIterator.QueryLocatorIterator()
08:50:08.0 (110757364)|STATEMENT_EXECUTE|[7]
08:50:08.0 (110765891)|SYSTEM_METHOD_EXIT|[7]|QueryLocatorIterator
08:50:08.0 (110772420)|HEAP_ALLOCATE|[5]|Bytes:28
08:50:08.0 (110786946)|HEAP_ALLOCATE|[5]|Bytes:8
08:50:08.0 (110790753)|HEAP_ALLOCATE|[5]|Bytes:8
08:50:08.0 (110795751)|VARIABLE_SCOPE_BEGIN|[15]|this|Database.QueryLocatorIterator|true|false
08:50:08.0 (110833260)|VARIABLE_ASSIGNMENT|[15]|this|{}|0x7a863dbd
08:50:08.0 (110857218)|VARIABLE_SCOPE_BEGIN|[15]|values|List<SObject>|true|false
08:50:08.0 (110870156)|VARIABLE_ASSIGNMENT|[15]|values|null|
08:50:08.0 (110877141)|VARIABLE_SCOPE_BEGIN|[15]|ql|Database.QueryLocator|true|false
08:50:08.0 (110898578)|VARIABLE_ASSIGNMENT|[15]|ql|{"query":"SELECT Id, StageName (69 more) ..."}|0x35796e3d
08:50:08.0 (110904675)|VARIABLE_SCOPE_BEGIN|[15]|totalNumRecords|Integer|false|false
08:50:08.0 (110912782)|VARIABLE_ASSIGNMENT|[15]|totalNumRecords|0
08:50:08.0 (110917292)|VARIABLE_SCOPE_BEGIN|[15]|queryMoreSize|Integer|false|false
08:50:08.0 (110923833)|VARIABLE_ASSIGNMENT|[15]|queryMoreSize|50000
08:50:08.0 (111010641)|HEAP_ALLOCATE|[5]|Bytes:28
08:50:08.0 (111043756)|METHOD_ENTRY|[5]||Database.QueryLocatorIterator.hasNext()
08:50:08.0 (111075968)|METHOD_EXIT|[5]||Database.QueryLocatorIterator.hasNext()
08:50:08.0 (111086802)|VARIABLE_ASSIGNMENT|[5]|opp|null|
08:50:08.0 (111094113)|STATEMENT_EXECUTE|[5]
08:50:08.0 (111145363)|STATEMENT_EXECUTE|[12]
08:50:08.111 (111150541)|CUMULATIVE_LIMIT_USAGE
08:50:08.111 (111150541)|LIMIT_USAGE_FOR_NS|(default)|
  Number of SOQL queries: 1 out of 100
  Number of query rows: 0 out of 50000
  Number of SOSL queries: 0 out of 20
  Number of DML statements: 3 out of 150
  Number of DML rows: 3 out of 10000
  Maximum CPU time: 0 out of 10000
  Maximum heap size: 0 out of 6000000
  Number of callouts: 0 out of 100
  Number of Email Invocations: 0 out of 10
  Number of future calls: 0 out of 50
  Number of queueable jobs added to the queue: 0 out of 50
  Number of Mobile Apex push calls: 0 out of 10

08:50:08.111 (111150541)|CUMULATIVE_LIMIT_USAGE_END

08:50:08.0 (111929302)|CODE_UNIT_FINISHED|ClosedOpportunityTrigger on Opportunity trigger event AfterInsert
08:50:08.0 (112983124)|DML_END|[19]
08:50:08.0 (113003430)|STATEMENT_EXECUTE|[23]
08:50:08.0 (113058531)|HEAP_ALLOCATE|[23]|Bytes:4
08:50:08.0 (113102385)|VARIABLE_SCOPE_BEGIN|[23]|listEvent|List<Event>|true|false
08:50:08.0 (113112918)|HEAP_ALLOCATE|[EXTERNAL]|Bytes:4
08:50:08.0 (113122968)|VARIABLE_ASSIGNMENT|[23]|listEvent|[]|0x43c0b92a
08:50:08.0 (113129968)|STATEMENT_EXECUTE|[25]
08:50:08.0 (113144687)|HEAP_ALLOCATE|[25]|Bytes:4
08:50:08.0 (113209976)|HEAP_ALLOCATE|[25]|Bytes:5
08:50:08.0 (113248663)|VARIABLE_ASSIGNMENT|[25]|this.Subject|"Event"|0x8601f3a
08:50:08.0 (113268333)|VARIABLE_ASSIGNMENT|[25]|this.IsAllDayEvent|true|0x8601f3a
08:50:08.0 (113323507)|VARIABLE_ASSIGNMENT|[25]|this.WhatId|"0011r00001nogfVAAQ"|0x8601f3a
08:50:08.0 (113432536)|HEAP_ALLOCATE|[28]|Bytes:4
08:50:08.0 (113483142)|VARIABLE_ASSIGNMENT|[25]|this.ActivityDate|"2020-01-11T00:00:00.000Z"|0x8601f3a
08:50:08.0 (113506525)|VARIABLE_SCOPE_BEGIN|[25]|oEvent|Event|true|false
08:50:08.0 (113527526)|VARIABLE_ASSIGNMENT|[25]|oEvent|{"Subject":"Event","IsAllDayEvent":true,"WhatId":"0011r00001nogfVAAQ","ActivityDate":"2020-01-11T00:00:00.000Z"}|0x8601f3a
08:50:08.0 (113535347)|STATEMENT_EXECUTE|[30]
08:50:08.0 (113566953)|HEAP_ALLOCATE|[EXTERNAL]|Bytes:4
08:50:08.0 (113576850)|STATEMENT_EXECUTE|[32]
08:50:08.0 (113612287)|DML_BEGIN|[32]|Op:Insert|Type:Event|Rows:1
08:50:08.0 (113637241)|HEAP_ALLOCATE|[EXTERNAL]|Bytes:8
08:50:08.0 (139471106)|CODE_UNIT_STARTED|[EXTERNAL]|01q1r000000j8Jb|EventTrigger on Event trigger event AfterInsert
08:50:08.0 (139526433)|HEAP_ALLOCATE|[EXTERNAL]|Bytes:8
08:50:08.0 (139641728)|HEAP_ALLOCATE|[EXTERNAL]|Bytes:8
08:50:08.0 (139653670)|VARIABLE_SCOPE_BEGIN|[1]|this|EventTrigger|true|false
08:50:08.0 (139706107)|VARIABLE_ASSIGNMENT|[1]|this|{}|0x2b05993f
08:50:08.0 (139753273)|HEAP_ALLOCATE|[EXTERNAL]|Bytes:8
08:50:08.0 (139761328)|VARIABLE_SCOPE_BEGIN|[1]|this|EventTrigger|true|false
08:50:08.0 (139774117)|VARIABLE_ASSIGNMENT|[1]|this|{}|0x2b05993f
08:50:08.0 (139785156)|STATEMENT_EXECUTE|[1]
08:50:08.0 (139788016)|STATEMENT_EXECUTE|[3]
08:50:08.0 (140823451)|VARIABLE_ASSIGNMENT|[3]|this.listNew|[{"LastModifiedDate":"2018-04-18T06:50:08.000Z","AccountId":"0011r00001nogfVAAQ","WhatId":"0011r00001nogfVAAQ","GroupEventType":"0","CreatedById":"0051r000007Oz5QAAS","DurationInMinutes":1440,"OwnerId":"0051r000007Oz5QAAS","IsAllDayEvent":true,"EndDateTime":"2020-01-11T00:00:00.000Z","IsReminderSet":false,"IsDeleted":false,"ActivityDate":"2020-01-11T00:00:00.000Z","IsRecurrence":false,"Subject":"Event","SystemModstamp":"2018-04-18T06:50:08.000Z","IsArchived":false,"StartDateTime":"2020-01-11T00:00:00.000Z","IsChild":false,"CreatedDate":"2018-04-18T06:50:08.000Z","Id":"00U1r00000nfVHpEAM","DB_Activity_Type__c":"Other","EventSubtype":"Event","IsPrivate":false,"LastModifiedById":"0051r000007Oz5QAAS","ShowAs":"Busy","IsGroupEvent":false}]|0x2b05993f
08:50:08.0 (140855711)|STATEMENT_EXECUTE|[5]
08:50:08.0 (140862811)|STATEMENT_EXECUTE|[6]
08:50:08.0 (140864898)|STATEMENT_EXECUTE|[7]
08:50:08.0 (142258873)|HEAP_ALLOCATE|[7]|Bytes:1
08:50:08.0 (142271430)|HEAP_ALLOCATE|[7]|Bytes:14
08:50:08.0 (142286902)|METHOD_ENTRY|[1]|01p1r000009p7V5|EventMethods.EventMethods()
08:50:08.0 (142293805)|STATEMENT_EXECUTE|[1]
08:50:08.0 (142299069)|STATEMENT_EXECUTE|[1]
08:50:08.0 (142710554)|SYSTEM_MODE_ENTER|false
08:50:08.0 (142724064)|HEAP_ALLOCATE|[7]|Bytes:5
08:50:08.0 (142731289)|SYSTEM_MODE_EXIT|false
08:50:08.0 (142740852)|METHOD_EXIT|[1]|EventMethods
08:50:08.0 (142761192)|METHOD_ENTRY|[7]|01p1r000009p7V5|EventMethods.CrearEvento(List<Event>)
08:50:08.0 (142790532)|VARIABLE_SCOPE_BEGIN|[3]|listEvent|List<Event>|true|false
08:50:08.0 (142948921)|VARIABLE_ASSIGNMENT|[3]|listEvent|[{"LastModifiedDate":"2018-04-18T06:50:08.000Z","AccountId":"0011r00001nogfVAAQ","WhatId":"0011r00001nogfVAAQ","GroupEventType":"0","CreatedById":"0051r000007Oz5QAAS","DurationInMinutes":1440,"OwnerId":"0051r000007Oz5QAAS","IsAllDayEvent":true,"EndDateTime":"2020-01-11T00:00:00.000Z","IsReminderSet":false,"IsDeleted":false,"ActivityDate":"2020-01-11T00:00:00.000Z","IsRecurrence":false,"Subject":"Event","SystemModstamp":"2018-04-18T06:50:08.000Z","IsArchived":false,"StartDateTime":"2020-01-11T00:00:00.000Z","IsChild":false,"CreatedDate":"2018-04-18T06:50:08.000Z","Id":"00U1r00000nfVHpEAM","DB_Activity_Type__c":"Other","EventSubtype":"Event","IsPrivate":false,"LastModifiedById":"0051r000007Oz5QAAS","ShowAs":"Busy","IsGroupEvent":false}]|0x140f96d2
08:50:08.0 (142985942)|SYSTEM_MODE_ENTER|false
08:50:08.0 (142993122)|HEAP_ALLOCATE|[5]|Bytes:5
08:50:08.0 (142999116)|STATEMENT_EXECUTE|[3]
08:50:08.0 (143045118)|STATEMENT_EXECUTE|[5]
08:50:08.0 (143047868)|STATEMENT_EXECUTE|[7]
08:50:08.0 (143080508)|HEAP_ALLOCATE|[7]|Bytes:4
08:50:08.0 (143119945)|VARIABLE_SCOPE_BEGIN|[7]|listAcInsert|List<Account>|true|false
08:50:08.0 (143129588)|HEAP_ALLOCATE|[EXTERNAL]|Bytes:4
08:50:08.0 (143137493)|VARIABLE_ASSIGNMENT|[7]|listAcInsert|[]|0x28c4fd26
08:50:08.0 (143143332)|STATEMENT_EXECUTE|[9]
08:50:08.0 (143155668)|HEAP_ALLOCATE|[9]|Bytes:4
08:50:08.0 (143179474)|VARIABLE_SCOPE_BEGIN|[9]|setEventIds|Set<String>|true|false
08:50:08.0 (143204853)|VARIABLE_ASSIGNMENT|[9]|setEventIds|[]|0x2d584386
08:50:08.0 (143321384)|HEAP_ALLOCATE|[11]|Bytes:5
08:50:08.0 (143368891)|VARIABLE_SCOPE_BEGIN|[11]|inEvent|Event|true|false
08:50:08.0 (143576857)|VARIABLE_ASSIGNMENT|[11]|inEvent|{"LastModifiedDate":"2018-04-18T06:50:08.000Z","AccountId":"0011r00001nogfVAAQ","WhatId":"0011r00001nogfVAAQ","GroupEventType":"0","CreatedById":"0051r000007Oz5QAAS","DurationInMinutes":1440,"OwnerId":"0051r000007Oz5QAAS","IsAllDayEvent":true,"EndDateTime":"2020-01-11T00:00:00.000Z","IsReminderSet":false,"IsDeleted":false,"ActivityDate":"2020-01-11T00:00:00.000Z","IsRecurrence":false,"Subject":"Event","SystemModstamp":"2018-04-18T06:50:08.000Z","IsArchived":false,"StartDateTime":"2020-01-11T00:00:00.000Z","IsChild":false,"CreatedDate":"2018-04-18T06:50:08.000Z","Id":"00U1r00000nfVHpEAM","DB_Activity_Type__c":"Other","EventSubtype":"Event","IsPrivate":false,"LastModifiedById":"0051r000007Oz5QAAS","ShowAs":"Busy","IsGroupEvent":false}|0x28c2e155
08:50:08.0 (143593801)|STATEMENT_EXECUTE|[11]
08:50:08.0 (143595944)|STATEMENT_EXECUTE|[12]
08:50:08.0 (143599605)|HEAP_ALLOCATE|[12]|Bytes:36
08:50:08.0 (143869537)|HEAP_ALLOCATE|[12]|Bytes:1031
08:50:08.0 (143894567)|HEAP_ALLOCATE|[12]|Bytes:1067
08:50:08.0 (143913879)|USER_DEBUG|[12]|DEBUG|EventMethods.CrearEvento.inEvent :: Event:{Id=00U1r00000nfVHpEAM, WhoId=null, WhatId=0011r00001nogfVAAQ, Subject=Event, Location=null, IsAllDayEvent=true, ActivityDateTime=null, ActivityDate=2020-01-11 00:00:00, DurationInMinutes=1440, StartDateTime=2020-01-11 00:00:00, EndDateTime=2020-01-11 00:00:00, Description=null, AccountId=0011r00001nogfVAAQ, OwnerId=0051r000007Oz5QAAS, Type=null, IsPrivate=false, ShowAs=Busy, IsDeleted=false, IsChild=false, IsGroupEvent=false, GroupEventType=0, CreatedDate=2018-04-18 06:50:08, CreatedById=0051r000007Oz5QAAS, LastModifiedDate=2018-04-18 06:50:08, LastModifiedById=0051r000007Oz5QAAS, SystemModstamp=2018-04-18 06:50:08, IsArchived=false, RecurrenceActivityId=null, IsRecurrence=false, RecurrenceStartDateTime=null, RecurrenceEndDateOnly=null, RecurrenceTimeZoneSidKey=null, RecurrenceType=null, RecurrenceInterval=null, RecurrenceDayOfWeekMask=null, RecurrenceDayOfMonth=null, RecurrenceInstance=null, RecurrenceMonthOfYear=null, ReminderDateTime=null, IsReminderSet=false, EventSubtype=Event, DB_Activity_Type__c=Other}
08:50:08.0 (143935419)|STATEMENT_EXECUTE|[13]
08:50:08.0 (143982723)|HEAP_ALLOCATE|[EXTERNAL]|Bytes:4
08:50:08.0 (143999824)|HEAP_ALLOCATE|[11]|Bytes:5
08:50:08.0 (144013251)|VARIABLE_ASSIGNMENT|[11]|inEvent|null|
08:50:08.0 (144019710)|STATEMENT_EXECUTE|[16]
08:50:08.0 (144023073)|HEAP_ALLOCATE|[16]|Bytes:40
08:50:08.0 (144064056)|HEAP_ALLOCATE|[16]|Bytes:20
08:50:08.0 (144076587)|HEAP_ALLOCATE|[16]|Bytes:60
08:50:08.0 (144085399)|USER_DEBUG|[16]|DEBUG|EventMethods.CrearEvento.setEventIds :: {00U1r00000nfVHpEAM}
08:50:08.0 (144093320)|STATEMENT_EXECUTE|[19]
08:50:08.0 (144108744)|HEAP_ALLOCATE|[19]|Bytes:4
08:50:08.0 (144126558)|HEAP_ALLOCATE|[19]|Bytes:215
08:50:08.0 (144139654)|HEAP_ALLOCATE|[19]|Bytes:4
08:50:08.0 (144173514)|HEAP_ALLOCATE|[19]|Bytes:8
08:50:08.0 (144192482)|HEAP_ALLOCATE|[19]|Bytes:8
08:50:08.0 (145195848)|SOQL_EXECUTE_BEGIN|[19]|Aggregations:0|SELECT WhatId, ActivityDate, TYPEOF What WHEN Account THEN Parent.Fecha_ultima_actividad_mas_reciente__c WHEN Opportunity THEN Account.Parent.Fecha_ultima_actividad_mas_reciente__c END FROM Event WHERE Id = :tmpVar1
08:50:08.0 (153455118)|SOQL_EXECUTE_END|[19]|Rows:1
08:50:08.0 (153482807)|HEAP_ALLOCATE|[19]|Bytes:8
08:50:08.0 (153506761)|HEAP_ALLOCATE|[19]|Bytes:227
08:50:08.0 (153549280)|HEAP_ALLOCATE|[19]|Bytes:8
08:50:08.0 (153606783)|HEAP_ALLOCATE|[19]|Bytes:20
08:50:08.0 (153617635)|HEAP_ALLOCATE|[19]|Bytes:20
08:50:08.0 (153624117)|HEAP_ALLOCATE|[19]|Bytes:4
08:50:08.0 (153637633)|VARIABLE_SCOPE_BEGIN|[19]|listEventType|List<Event>|true|false
08:50:08.0 (153653464)|HEAP_ALLOCATE|[EXTERNAL]|Bytes:8
08:50:08.0 (153710944)|VARIABLE_ASSIGNMENT|[19]|listEventType|[{"WhatId":"0011r00001nogfVAAQ","ActivityDate":"2020-01-11T00:00:00.000Z","Id":"00U1r00000nfVHpEAM","What":{"Id":"0011r00001nogfVAAQ","ParentId":"0011r00001nogfUAAQ","Parent":{"Id":"0011r00001nogfUAAQ","Fecha_ultima_activid (18 more) ...":"2018-01-11T00:00:00.000Z"}}}]|0x7e6e7bf4
08:50:08.0 (153730295)|STATEMENT_EXECUTE|[27]
08:50:08.0 (153738032)|HEAP_ALLOCATE|[27]|Bytes:42
08:50:08.0 (153836948)|HEAP_ALLOCATE|[27]|Bytes:92
08:50:08.0 (153854351)|HEAP_ALLOCATE|[27]|Bytes:134
08:50:08.0 (153870774)|USER_DEBUG|[27]|DEBUG|EventMethods.CrearEvento.listEventType :: (Event:{WhatId=0011r00001nogfVAAQ, ActivityDate=2020-01-11 00:00:00, Id=00U1r00000nfVHpEAM})
08:50:08.0 (153917143)|HEAP_ALLOCATE|[30]|Bytes:5
08:50:08.0 (153931634)|HEAP_ALLOCATE|[30]|Bytes:20
08:50:08.0 (153941792)|VARIABLE_SCOPE_BEGIN|[30]|inEvent|Event|true|false
08:50:08.0 (153966448)|VARIABLE_ASSIGNMENT|[30]|inEvent|{"WhatId":"0011r00001nogfVAAQ","ActivityDate":"2020-01-11T00:00:00.000Z","Id":"00U1r00000nfVHpEAM","What":{"Id":"0011r00001nogfVAAQ","ParentId":"0011r00001nogfUAAQ","Parent":{"Id":"0011r00001nogfUAAQ","Fecha_ultima_activid (18 more) ...":"2018-01-11T00:00:00.000Z"}}}|0x5aacceac
08:50:08.0 (153976886)|STATEMENT_EXECUTE|[30]
08:50:08.0 (154014512)|HEAP_ALLOCATE|[31]|Bytes:37
08:50:08.0 (154055426)|HEAP_ALLOCATE|[37]|Bytes:33
08:50:08.0 (154068849)|STATEMENT_EXECUTE|[37]
08:50:08.0 (154071171)|STATEMENT_EXECUTE|[38]
08:50:08.0 (154073426)|HEAP_ALLOCATE|[38]|Bytes:7
08:50:08.0 (154094508)|USER_DEBUG|[38]|DEBUG|Account
08:50:08.0 (154175762)|STATEMENT_EXECUTE|[40]
08:50:08.0 (154178146)|STATEMENT_EXECUTE|[41]
08:50:08.0 (154227951)|VARIABLE_ASSIGNMENT|[41]|this.Fecha_ultima_actividad_mas_reciente__c|"2020-01-11T00:00:00.000Z"|0x3d9e8903
08:50:08.0 (154235976)|STATEMENT_EXECUTE|[42]
08:50:08.0 (154290558)|HEAP_ALLOCATE|[EXTERNAL]|Bytes:4
08:50:08.0 (154314946)|HEAP_ALLOCATE|[30]|Bytes:5
08:50:08.0 (154333718)|VARIABLE_ASSIGNMENT|[30]|inEvent|null|
08:50:08.0 (154342760)|STATEMENT_EXECUTE|[46]
08:50:08.0 (154398947)|DML_BEGIN|[46]|Op:Update|Type:Account|Rows:1
08:50:08.0 (154425544)|HEAP_ALLOCATE|[EXTERNAL]|Bytes:8
08:50:08.0 (159613079)|CODE_UNIT_STARTED|[EXTERNAL]|01q1r000000j8Jg|AccountTrigger on Account trigger event BeforeUpdate
08:50:08.0 (159642467)|HEAP_ALLOCATE|[EXTERNAL]|Bytes:8
08:50:08.0 (159664504)|HEAP_ALLOCATE|[EXTERNAL]|Bytes:8
08:50:08.0 (159748230)|HEAP_ALLOCATE|[EXTERNAL]|Bytes:12
08:50:08.0 (159758231)|VARIABLE_SCOPE_BEGIN|[1]|this|AccountTrigger|true|false
08:50:08.0 (159814978)|VARIABLE_ASSIGNMENT|[1]|this|{}|0x3c40c3cf
08:50:08.0 (159861953)|HEAP_ALLOCATE|[EXTERNAL]|Bytes:12
08:50:08.0 (159870002)|VARIABLE_SCOPE_BEGIN|[1]|this|AccountTrigger|true|false
08:50:08.0 (159883055)|VARIABLE_ASSIGNMENT|[1]|this|{}|0x3c40c3cf
08:50:08.0 (159890893)|STATEMENT_EXECUTE|[1]
08:50:08.0 (159893191)|STATEMENT_EXECUTE|[3]
08:50:08.0 (160583865)|VARIABLE_ASSIGNMENT|[3]|this.listNew|[{"LastModifiedDate":"2018-04-18T06:50:08.000Z","IsDeleted":false,"CleanStatus":"Pending","Fecha_ultima_activid (18 more) ...":"2020-01-11T00:00:00.000Z","OwnerId":"0051r000007Oz5QAAS","CreatedById":"0051r000007Oz5QAAS","Match_Billing_Addres (4 more) ...":false,"CreatedDate":"2018-04-18T06:50:08.000Z","Id":"0011r00001nogfUAAQ","LastModifiedById":"0051r000007Oz5QAAS","SystemModstamp":"2018-04-18T06:50:08.000Z","Name":"CuentaPadre"}]|0x3c40c3cf
08:50:08.0 (160606996)|STATEMENT_EXECUTE|[5]
08:50:08.0 (161173985)|VARIABLE_ASSIGNMENT|[5]|this.mapOld|{"0011r00001nogfUAAQ":{"LastModifiedDate":"2018-04-18T06:50:08.000Z","IsDeleted":false,"CleanStatus":"Pending","Fecha_ultima_activid (18 more) ...":"2018-01-11T00:00:00.000Z","OwnerId":"0051r000007Oz5QAAS","CreatedById":"0051r000007Oz5QAAS","Match_Billing_Addres (4 more) ...":false,"CreatedDate":"2018-04-18T06:50:08.000Z","Id":"0011r00001nogfUAAQ","LastModifiedById":"0051r000007Oz5QAAS","SystemModstamp":"2018-04-18T06:50:08.000Z","Name":"CuentaPadre"}}|0x3c40c3cf
08:50:08.0 (161197752)|STATEMENT_EXECUTE|[7]
08:50:08.0 (161203611)|STATEMENT_EXECUTE|[8]
08:50:08.0 (161205516)|STATEMENT_EXECUTE|[9]
08:50:08.0 (162849153)|HEAP_ALLOCATE|[9]|Bytes:1
08:50:08.0 (162883247)|METHOD_ENTRY|[1]|01p1r000009p8Bf|AccountMethods.AccountMethods()
08:50:08.0 (162894033)|STATEMENT_EXECUTE|[1]
08:50:08.0 (162901181)|STATEMENT_EXECUTE|[1]
08:50:08.0 (162921961)|HEAP_ALLOCATE|[9]|Bytes:5
08:50:08.0 (162940760)|METHOD_EXIT|[1]|AccountMethods
08:50:08.0 (162976088)|METHOD_ENTRY|[9]|01p1r000009p8Bf|AccountMethods.ActualizarCuentaHija(List<Account>, Map<Id,Account>)
08:50:08.0 (163017994)|VARIABLE_SCOPE_BEGIN|[3]|listAccount|List<Account>|true|false
08:50:08.0 (163580343)|VARIABLE_ASSIGNMENT|[3]|listAccount|[{"LastModifiedDate":"2018-04-18T06:50:08.000Z","IsDeleted":false,"CleanStatus":"Pending","Fecha_ultima_activid (18 more) ...":"2020-01-11T00:00:00.000Z","OwnerId":"0051r000007Oz5QAAS","CreatedById":"0051r000007Oz5QAAS","Match_Billing_Addres (4 more) ...":false,"CreatedDate":"2018-04-18T06:50:08.000Z","Id":"0011r00001nogfUAAQ","LastModifiedById":"0051r000007Oz5QAAS","SystemModstamp":"2018-04-18T06:50:08.000Z","Name":"CuentaPadre"}]|0x5e9845aa
08:50:08.0 (163598937)|VARIABLE_SCOPE_BEGIN|[3]|mapOld|Map<Id,Account>|true|false
08:50:08.0 (163899940)|VARIABLE_ASSIGNMENT|[3]|mapOld|{"0011r00001nogfUAAQ":{"LastModifiedDate":"2018-04-18T06:50:08.000Z","IsDeleted":false,"CleanStatus":"Pending","Fecha_ultima_activid (18 more) ...":"2018-01-11T00:00:00.000Z","OwnerId":"0051r000007Oz5QAAS","CreatedById":"0051r000007Oz5QAAS","Match_Billing_Addres (4 more) ...":false,"CreatedDate":"2018-04-18T06:50:08.000Z","Id":"0011r00001nogfUAAQ","LastModifiedById":"0051r000007Oz5QAAS","SystemModstamp":"2018-04-18T06:50:08.000Z","Name":"CuentaPadre"}}|0x52cb77b8
08:50:08.0 (163942050)|HEAP_ALLOCATE|[5]|Bytes:5
08:50:08.0 (163950143)|STATEMENT_EXECUTE|[3]
08:50:08.0 (164005018)|STATEMENT_EXECUTE|[5]
08:50:08.0 (164007944)|STATEMENT_EXECUTE|[8]
08:50:08.0 (164023212)|HEAP_ALLOCATE|[8]|Bytes:4
08:50:08.0 (164050699)|VARIABLE_SCOPE_BEGIN|[8]|listAccountIds|List<String>|true|false
08:50:08.0 (164077936)|HEAP_ALLOCATE|[EXTERNAL]|Bytes:4
08:50:08.0 (164088771)|VARIABLE_ASSIGNMENT|[8]|listAccountIds|[]|0xea84dce
08:50:08.0 (164095129)|STATEMENT_EXECUTE|[9]
08:50:08.0 (164129494)|HEAP_ALLOCATE|[9]|Bytes:4
08:50:08.0 (164162330)|VARIABLE_SCOPE_BEGIN|[9]|mapAccountParent|Map<String,Account>|true|false
08:50:08.0 (164177976)|VARIABLE_ASSIGNMENT|[9]|mapAccountParent|{}|0x2f0b41fc
08:50:08.0 (164339859)|HEAP_ALLOCATE|[11]|Bytes:5
08:50:08.0 (164362537)|HEAP_ALLOCATE|[11]|Bytes:4
08:50:08.0 (164375114)|VARIABLE_SCOPE_BEGIN|[11]|inAccount|Account|true|false
08:50:08.0 (164699888)|VARIABLE_ASSIGNMENT|[11]|inAccount|{"LastModifiedDate":"2018-04-18T06:50:08.000Z","IsDeleted":false,"CleanStatus":"Pending","Fecha_ultima_activid (18 more) ...":"2020-01-11T00:00:00.000Z","OwnerId":"0051r000007Oz5QAAS","CreatedById":"0051r000007Oz5QAAS","Match_Billing_Addres (4 more) ...":false,"CreatedDate":"2018-04-18T06:50:08.000Z","Id":"0011r00001nogfUAAQ","LastModifiedById":"0051r000007Oz5QAAS","SystemModstamp":"2018-04-18T06:50:08.000Z","Name":"CuentaPadre"}|0x3a5d33c9
08:50:08.0 (164714019)|STATEMENT_EXECUTE|[11]
08:50:08.0 (164803325)|STATEMENT_EXECUTE|[12]
08:50:08.0 (164806038)|STATEMENT_EXECUTE|[13]
08:50:08.0 (164846897)|HEAP_ALLOCATE|[EXTERNAL]|Bytes:4
08:50:08.0 (164856608)|STATEMENT_EXECUTE|[14]
08:50:08.0 (164886797)|HEAP_ALLOCATE|[EXTERNAL]|Bytes:-4
08:50:08.0 (164902051)|HEAP_ALLOCATE|[11]|Bytes:5
08:50:08.0 (164915741)|VARIABLE_ASSIGNMENT|[11]|inAccount|null|
08:50:08.0 (164921720)|STATEMENT_EXECUTE|[19]
08:50:08.0 (164925506)|HEAP_ALLOCATE|[19]|Bytes:99
08:50:08.0 (164938784)|HEAP_ALLOCATE|[19]|Bytes:4
08:50:08.0 (165181012)|SOQL_EXECUTE_BEGIN|[19]|Aggregations:0|SELECT Id, Fecha_ultima_actividad_mas_reciente__c, ParentId FROM Account WHERE ParentId IN :tmpVar1
08:50:08.0 (169709421)|SOQL_EXECUTE_END|[19]|Rows:1
08:50:08.0 (169735215)|HEAP_ALLOCATE|[19]|Bytes:8
08:50:08.0 (169752749)|HEAP_ALLOCATE|[19]|Bytes:105
08:50:08.0 (169781931)|HEAP_ALLOCATE|[19]|Bytes:8
08:50:08.0 (169793527)|VARIABLE_SCOPE_BEGIN|[19]|listAccountChild|List<Account>|true|false
08:50:08.0 (169821191)|VARIABLE_ASSIGNMENT|[19]|listAccountChild|[{"Id":"0011r00001nogfVAAQ","Fecha_ultima_activid (18 more) ...":"2018-01-11T00:00:00.000Z","ParentId":"0011r00001nogfUAAQ"}]|0x2e67b03a
08:50:08.0 (169867815)|HEAP_ALLOCATE|[22]|Bytes:5
08:50:08.0 (169882578)|HEAP_ALLOCATE|[22]|Bytes:16
08:50:08.0 (169891319)|VARIABLE_SCOPE_BEGIN|[22]|inAccount|Account|true|false
08:50:08.0 (169910096)|VARIABLE_ASSIGNMENT|[22]|inAccount|{"Id":"0011r00001nogfVAAQ","Fecha_ultima_activid (18 more) ...":"2018-01-11T00:00:00.000Z","ParentId":"0011r00001nogfUAAQ"}|0x7b38cddb
08:50:08.0 (169919126)|STATEMENT_EXECUTE|[22]
08:50:08.0 (169921416)|STATEMENT_EXECUTE|[23]
08:50:08.0 (170032962)|VARIABLE_ASSIGNMENT|[23]|this.Fecha_ultima_actividad_mas_reciente__c|"2020-01-11T00:00:00.000Z"|0x7b38cddb
08:50:08.0 (170050718)|HEAP_ALLOCATE|[22]|Bytes:5
08:50:08.0 (170062961)|VARIABLE_ASSIGNMENT|[22]|inAccount|null|
08:50:08.0 (170068869)|STATEMENT_EXECUTE|[26]
08:50:08.0 (170107303)|DML_BEGIN|[26]|Op:Update|Type:Account|Rows:1
08:50:08.0 (170135269)|HEAP_ALLOCATE|[EXTERNAL]|Bytes:8
08:50:08.0 (174656983)|CODE_UNIT_STARTED|[EXTERNAL]|01q1r000000j8Jg|AccountTrigger on Account trigger event BeforeUpdate
08:50:08.0 (174692528)|HEAP_ALLOCATE|[EXTERNAL]|Bytes:8
08:50:08.0 (174714572)|HEAP_ALLOCATE|[EXTERNAL]|Bytes:8
08:50:08.0 (174755622)|HEAP_ALLOCATE|[EXTERNAL]|Bytes:12
08:50:08.0 (174763987)|VARIABLE_SCOPE_BEGIN|[1]|this|AccountTrigger|true|false
08:50:08.0 (174793505)|VARIABLE_ASSIGNMENT|[1]|this|{}|0x4faf7fca
08:50:08.0 (174825398)|HEAP_ALLOCATE|[EXTERNAL]|Bytes:12
08:50:08.0 (174831788)|VARIABLE_SCOPE_BEGIN|[1]|this|AccountTrigger|true|false
08:50:08.0 (174843724)|VARIABLE_ASSIGNMENT|[1]|this|{}|0x4faf7fca
08:50:08.0 (174851584)|STATEMENT_EXECUTE|[1]
08:50:08.0 (174854072)|STATEMENT_EXECUTE|[3]
08:50:08.0 (175268067)|VARIABLE_ASSIGNMENT|[3]|this.listNew|[{"ParentId":"0011r00001nogfUAAQ","LastModifiedDate":"2018-04-18T06:50:08.000Z","IsDeleted":false,"Fecha_ultima_activid (18 more) ...":"2020-01-11T00:00:00.000Z","SystemModstamp":"2018-04-18T06:50:08.000Z","Name":"Cuenta","CleanStatus":"Pending","OwnerId":"0051r000007Oz5QAAS","CreatedById":"0051r000007Oz5QAAS","Match_Billing_Addres (4 more) ...":false,"LastActivityDate":"2020-01-11T00:00:00.000Z","CreatedDate":"2018-04-18T06:50:08.000Z","Id":"0011r00001nogfVAAQ","LastModifiedById":"0051r000007Oz5QAAS"}]|0x4faf7fca
08:50:08.0 (175283190)|STATEMENT_EXECUTE|[5]
08:50:08.0 (175638357)|VARIABLE_ASSIGNMENT|[5]|this.mapOld|{"0011r00001nogfVAAQ":{"ParentId":"0011r00001nogfUAAQ","LastModifiedDate":"2018-04-18T06:50:08.000Z","IsDeleted":false,"Fecha_ultima_activid (18 more) ...":"2018-01-11T00:00:00.000Z","SystemModstamp":"2018-04-18T06:50:08.000Z","Name":"Cuenta","CleanStatus":"Pending","OwnerId":"0051r000007Oz5QAAS","CreatedById":"0051r000007Oz5QAAS","Match_Billing_Addres (4 more) ...":false,"CreatedDate":"2018-04-18T06:50:08.000Z","Id":"0011r00001nogfVAAQ","LastModifiedById":"0051r000007Oz5QAAS"}}|0x4faf7fca
08:50:08.0 (175656471)|STATEMENT_EXECUTE|[7]
08:50:08.0 (175660986)|STATEMENT_EXECUTE|[8]
08:50:08.0 (175662825)|STATEMENT_EXECUTE|[9]
08:50:08.0 (175676313)|METHOD_ENTRY|[9]|01p1r000009p8Bf|AccountMethods.ActualizarCuentaHija(List<Account>, Map<Id,Account>)
08:50:08.0 (175685596)|VARIABLE_SCOPE_BEGIN|[3]|listAccount|List<Account>|true|false
08:50:08.0 (176389610)|VARIABLE_ASSIGNMENT|[3]|listAccount|[{"ParentId":"0011r00001nogfUAAQ","LastModifiedDate":"2018-04-18T06:50:08.000Z","IsDeleted":false,"Fecha_ultima_activid (18 more) ...":"2020-01-11T00:00:00.000Z","SystemModstamp":"2018-04-18T06:50:08.000Z","Name":"Cuenta","CleanStatus":"Pending","OwnerId":"0051r000007Oz5QAAS","CreatedById":"0051r000007Oz5QAAS","Match_Billing_Addres (4 more) ...":false,"LastActivityDate":"2020-01-11T00:00:00.000Z","CreatedDate":"2018-04-18T06:50:08.000Z","Id":"0011r00001nogfVAAQ","LastModifiedById":"0051r000007Oz5QAAS"}]|0x72e81f65
08:50:08.0 (176407594)|VARIABLE_SCOPE_BEGIN|[3]|mapOld|Map<Id,Account>|true|false
08:50:08.0 (177122874)|VARIABLE_ASSIGNMENT|[3]|mapOld|{"0011r00001nogfVAAQ":{"ParentId":"0011r00001nogfUAAQ","LastModifiedDate":"2018-04-18T06:50:08.000Z","IsDeleted":false,"Fecha_ultima_activid (18 more) ...":"2018-01-11T00:00:00.000Z","SystemModstamp":"2018-04-18T06:50:08.000Z","Name":"Cuenta","CleanStatus":"Pending","OwnerId":"0051r000007Oz5QAAS","CreatedById":"0051r000007Oz5QAAS","Match_Billing_Addres (4 more) ...":false,"CreatedDate":"2018-04-18T06:50:08.000Z","Id":"0011r00001nogfVAAQ","LastModifiedById":"0051r000007Oz5QAAS"}}|0x2886a2dc
08:50:08.0 (177163838)|HEAP_ALLOCATE|[5]|Bytes:5
08:50:08.0 (177171670)|STATEMENT_EXECUTE|[3]
08:50:08.0 (177191832)|STATEMENT_EXECUTE|[5]
08:50:08.0 (177193752)|STATEMENT_EXECUTE|[8]
08:50:08.0 (177206762)|HEAP_ALLOCATE|[8]|Bytes:4
08:50:08.0 (177220811)|VARIABLE_SCOPE_BEGIN|[8]|listAccountIds|List<String>|true|false
08:50:08.0 (177248214)|HEAP_ALLOCATE|[EXTERNAL]|Bytes:4
08:50:08.0 (177257893)|VARIABLE_ASSIGNMENT|[8]|listAccountIds|[]|0x22afc7fb
08:50:08.0 (177264141)|STATEMENT_EXECUTE|[9]
08:50:08.0 (177281040)|HEAP_ALLOCATE|[9]|Bytes:4
08:50:08.0 (177289281)|VARIABLE_SCOPE_BEGIN|[9]|mapAccountParent|Map<String,Account>|true|false
08:50:08.0 (177302184)|VARIABLE_ASSIGNMENT|[9]|mapAccountParent|{}|0x164abd4b
08:50:08.0 (177326344)|HEAP_ALLOCATE|[11]|Bytes:5
08:50:08.0 (177341573)|HEAP_ALLOCATE|[11]|Bytes:4
08:50:08.0 (177350389)|VARIABLE_SCOPE_BEGIN|[11]|inAccount|Account|true|false
08:50:08.0 (177662822)|VARIABLE_ASSIGNMENT|[11]|inAccount|{"ParentId":"0011r00001nogfUAAQ","LastModifiedDate":"2018-04-18T06:50:08.000Z","IsDeleted":false,"Fecha_ultima_activid (18 more) ...":"2020-01-11T00:00:00.000Z","SystemModstamp":"2018-04-18T06:50:08.000Z","Name":"Cuenta","CleanStatus":"Pending","OwnerId":"0051r000007Oz5QAAS","CreatedById":"0051r000007Oz5QAAS","Match_Billing_Addres (4 more) ...":false,"LastActivityDate":"2020-01-11T00:00:00.000Z","CreatedDate":"2018-04-18T06:50:08.000Z","Id":"0011r00001nogfVAAQ","LastModifiedById":"0051r000007Oz5QAAS"}|0x24eb8bd0
08:50:08.0 (177677195)|STATEMENT_EXECUTE|[11]
08:50:08.0 (177688544)|STATEMENT_EXECUTE|[12]
08:50:08.0 (177698863)|HEAP_ALLOCATE|[11]|Bytes:5
08:50:08.0 (177711225)|VARIABLE_ASSIGNMENT|[11]|inAccount|null|
08:50:08.0 (177717462)|STATEMENT_EXECUTE|[19]
08:50:08.0 (177729746)|HEAP_ALLOCATE|[19]|Bytes:4
08:50:08.0 (177959676)|SOQL_EXECUTE_BEGIN|[19]|Aggregations:0|SELECT Id, Fecha_ultima_actividad_mas_reciente__c, ParentId FROM Account WHERE ParentId IN :tmpVar1
08:50:08.0 (180261432)|SOQL_EXECUTE_END|[19]|Rows:0
08:50:08.0 (180284066)|HEAP_ALLOCATE|[19]|Bytes:4
08:50:08.0 (180294276)|HEAP_ALLOCATE|[19]|Bytes:0
08:50:08.0 (180321339)|HEAP_ALLOCATE|[19]|Bytes:4
08:50:08.0 (180332158)|VARIABLE_SCOPE_BEGIN|[19]|listAccountChild|List<Account>|true|false
08:50:08.0 (180346381)|VARIABLE_ASSIGNMENT|[19]|listAccountChild|[]|0x58eaf094
08:50:08.0 (180370900)|HEAP_ALLOCATE|[22]|Bytes:5
08:50:08.0 (180383345)|VARIABLE_ASSIGNMENT|[22]|inAccount|null|
08:50:08.0 (180390271)|STATEMENT_EXECUTE|[22]
08:50:08.0 (180397367)|STATEMENT_EXECUTE|[26]
08:50:08.0 (180469676)|HEAP_ALLOCATE|[EXTERNAL]|Bytes:4
08:50:08.0 (180489097)|METHOD_EXIT|[9]|01p1r000009p8Bf|AccountMethods.ActualizarCuentaHija(List<Account>, Map<Id,Account>)
08:50:08.180 (180499994)|CUMULATIVE_LIMIT_USAGE
08:50:08.180 (180499994)|LIMIT_USAGE_FOR_NS|(default)|
  Number of SOQL queries: 4 out of 100
  Number of query rows: 2 out of 50000
  Number of SOSL queries: 0 out of 20
  Number of DML statements: 6 out of 150
  Number of DML rows: 6 out of 10000
  Maximum CPU time: 0 out of 10000
  Maximum heap size: 0 out of 6000000
  Number of callouts: 0 out of 100
  Number of Email Invocations: 0 out of 10
  Number of future calls: 0 out of 50
  Number of queueable jobs added to the queue: 0 out of 50
  Number of Mobile Apex push calls: 0 out of 10

08:50:08.180 (180499994)|CUMULATIVE_LIMIT_USAGE_END

08:50:08.0 (181279210)|CODE_UNIT_FINISHED|AccountTrigger on Account trigger event BeforeUpdate
08:50:08.0 (182222332)|CODE_UNIT_STARTED|[EXTERNAL]|DuplicateDetector
08:50:08.0 (182236992)|DUPLICATE_DETECTION_BEGIN
08:50:08.0 (182281199)|DUPLICATE_DETECTION_RULE_INVOCATION|DuplicateRuleId:0Bm1r0000018X88|DuplicateRuleName:Standard Account Duplicate Rule|DmlType:UPDATE
08:50:08.0 (182317970)|DUPLICATE_DETECTION_END
08:50:08.0 (182322460)|CODE_UNIT_FINISHED|DuplicateDetector
08:50:08.0 (194397366)|DML_END|[26]
08:50:08.0 (194440022)|HEAP_ALLOCATE|[EXTERNAL]|Bytes:8
08:50:08.0 (194475529)|METHOD_EXIT|[9]|01p1r000009p8Bf|AccountMethods.ActualizarCuentaHija(List<Account>, Map<Id,Account>)
08:50:08.194 (194492737)|CUMULATIVE_LIMIT_USAGE
08:50:08.194 (194492737)|LIMIT_USAGE_FOR_NS|(default)|
  Number of SOQL queries: 4 out of 100
  Number of query rows: 2 out of 50000
  Number of SOSL queries: 0 out of 20
  Number of DML statements: 6 out of 150
  Number of DML rows: 6 out of 10000
  Maximum CPU time: 0 out of 10000
  Maximum heap size: 0 out of 6000000
  Number of callouts: 0 out of 100
  Number of Email Invocations: 0 out of 10
  Number of future calls: 0 out of 50
  Number of queueable jobs added to the queue: 0 out of 50
  Number of Mobile Apex push calls: 0 out of 10

08:50:08.194 (194492737)|CUMULATIVE_LIMIT_USAGE_END

08:50:08.0 (195300510)|CODE_UNIT_FINISHED|AccountTrigger on Account trigger event BeforeUpdate
08:50:08.0 (196228141)|CODE_UNIT_STARTED|[EXTERNAL]|DuplicateDetector
08:50:08.0 (196243924)|DUPLICATE_DETECTION_BEGIN
08:50:08.0 (196289465)|DUPLICATE_DETECTION_RULE_INVOCATION|DuplicateRuleId:0Bm1r0000018X88|DuplicateRuleName:Standard Account Duplicate Rule|DmlType:UPDATE
08:50:08.0 (196324622)|DUPLICATE_DETECTION_END
08:50:08.0 (196329111)|CODE_UNIT_FINISHED|DuplicateDetector
08:50:08.0 (203483511)|DML_END|[46]
08:50:08.0 (203521989)|HEAP_ALLOCATE|[EXTERNAL]|Bytes:8
08:50:08.0 (203543664)|SYSTEM_MODE_EXIT|false
08:50:08.0 (203559099)|METHOD_EXIT|[7]|01p1r000009p7V5|EventMethods.CrearEvento(List<Event>)
08:50:08.203 (203572302)|CUMULATIVE_LIMIT_USAGE
08:50:08.203 (203572302)|LIMIT_USAGE_FOR_NS|(default)|
  Number of SOQL queries: 4 out of 100
  Number of query rows: 2 out of 50000
  Number of SOSL queries: 0 out of 20
  Number of DML statements: 6 out of 150
  Number of DML rows: 6 out of 10000
  Maximum CPU time: 0 out of 10000
  Maximum heap size: 0 out of 6000000
  Number of callouts: 0 out of 100
  Number of Email Invocations: 0 out of 10
  Number of future calls: 0 out of 50
  Number of queueable jobs added to the queue: 0 out of 50
  Number of Mobile Apex push calls: 0 out of 10

08:50:08.203 (203572302)|CUMULATIVE_LIMIT_USAGE_END

08:50:08.0 (204660311)|CODE_UNIT_FINISHED|EventTrigger on Event trigger event AfterInsert
08:50:08.0 (205198960)|DML_END|[32]
08:50:08.0 (205223572)|HEAP_ALLOCATE|[EXTERNAL]|Bytes:8
08:50:08.0 (205239738)|STATEMENT_EXECUTE|[34]
08:50:08.0 (205248437)|HEAP_ALLOCATE|[34]|Bytes:82
08:50:08.0 (205272742)|HEAP_ALLOCATE|[34]|Bytes:4
08:50:08.0 (205476043)|SOQL_EXECUTE_BEGIN|[34]|Aggregations:0|SELECT Id, Fecha_ultima_actividad_mas_reciente__c FROM Account WHERE Id = :tmpVar1
08:50:08.0 (215513961)|SOQL_EXECUTE_END|[34]|Rows:1
08:50:08.0 (215543580)|HEAP_ALLOCATE|[34]|Bytes:8
08:50:08.0 (215561881)|HEAP_ALLOCATE|[34]|Bytes:75
08:50:08.0 (215599085)|HEAP_ALLOCATE|[34]|Bytes:8
08:50:08.0 (215617266)|VARIABLE_SCOPE_BEGIN|[34]|listAccountCheck|List<Account>|true|false
08:50:08.0 (215692976)|VARIABLE_ASSIGNMENT|[34]|listAccountCheck|[{"Id":"0011r00001nogfUAAQ","Fecha_ultima_activid (18 more) ...":"2020-01-11T00:00:00.000Z"}]|0xfb3494e
08:50:08.0 (215709276)|STATEMENT_EXECUTE|[36]
08:50:08.0 (215819395)|USER_DEBUG|[36]|DEBUG|(Account:{Id=0011r00001nogfUAAQ, Fecha_ultima_actividad_mas_reciente__c=2020-01-11 00:00:00})
08:50:08.0 (215839261)|STATEMENT_EXECUTE|[38]
08:50:08.0 (215900782)|HEAP_ALLOCATE|[38]|Bytes:12
08:50:08.0 (215942915)|HEAP_ALLOCATE|[38]|Bytes:24
08:50:08.0 (215989110)|STATEMENT_EXECUTE|[43]
08:50:08.0 (216014362)|HEAP_ALLOCATE|[43]|Bytes:4
08:50:08.0 (216034901)|HEAP_ALLOCATE|[43]|Bytes:6
08:50:08.0 (216077974)|VARIABLE_ASSIGNMENT|[43]|this.Subject|"Event2"|0x3113756e
08:50:08.0 (216106953)|VARIABLE_ASSIGNMENT|[43]|this.IsAllDayEvent|true|0x3113756e
08:50:08.0 (216147400)|VARIABLE_ASSIGNMENT|[43]|this.WhatId|"0061r00000vkbkCAAQ"|0x3113756e
08:50:08.0 (216231210)|HEAP_ALLOCATE|[46]|Bytes:4
08:50:08.0 (216274167)|VARIABLE_ASSIGNMENT|[43]|this.ActivityDate|"2020-01-11T00:00:00.000Z"|0x3113756e
08:50:08.0 (216319196)|VARIABLE_SCOPE_BEGIN|[43]|oEvent2|Event|true|false
08:50:08.0 (216349146)|VARIABLE_ASSIGNMENT|[43]|oEvent2|{"Subject":"Event2","IsAllDayEvent":true,"WhatId":"0061r00000vkbkCAAQ","ActivityDate":"2020-01-11T00:00:00.000Z"}|0x3113756e
08:50:08.0 (216360284)|STATEMENT_EXECUTE|[48]
08:50:08.0 (216402582)|HEAP_ALLOCATE|[EXTERNAL]|Bytes:4
08:50:08.0 (216430246)|STATEMENT_EXECUTE|[50]
08:50:08.0 (216490272)|DML_BEGIN|[50]|Op:Upsert|Type:Event|Rows:2
08:50:08.0 (216529425)|HEAP_ALLOCATE|[EXTERNAL]|Bytes:12
08:50:08.0 (239761260)|CODE_UNIT_STARTED|[EXTERNAL]|01q1r000000j8Jb|EventTrigger on Event trigger event AfterInsert
08:50:08.0 (239816335)|HEAP_ALLOCATE|[EXTERNAL]|Bytes:8
08:50:08.0 (239891050)|HEAP_ALLOCATE|[EXTERNAL]|Bytes:8
08:50:08.0 (239902013)|VARIABLE_SCOPE_BEGIN|[1]|this|EventTrigger|true|false
08:50:08.0 (239940991)|VARIABLE_ASSIGNMENT|[1]|this|{}|0x589244df
08:50:08.0 (239977962)|HEAP_ALLOCATE|[EXTERNAL]|Bytes:8
08:50:08.0 (239986248)|VARIABLE_SCOPE_BEGIN|[1]|this|EventTrigger|true|false
08:50:08.0 (239997461)|VARIABLE_ASSIGNMENT|[1]|this|{}|0x589244df
08:50:08.0 (240008287)|STATEMENT_EXECUTE|[1]
08:50:08.0 (240011993)|STATEMENT_EXECUTE|[3]
08:50:08.0 (240485346)|VARIABLE_ASSIGNMENT|[3]|this.listNew|[{"LastModifiedDate":"2018-04-18T06:50:08.000Z","AccountId":"0011r00001nogfVAAQ","WhatId":"0061r00000vkbkCAAQ","GroupEventType":"0","CreatedById":"0051r000007Oz5QAAS","DurationInMinutes":1440,"OwnerId":"0051r000007Oz5QAAS","IsAllDayEvent":true,"EndDateTime":"2020-01-11T00:00:00.000Z","IsReminderSet":false,"IsDeleted":false,"ActivityDate":"2020-01-11T00:00:00.000Z","IsRecurrence":false,"Subject":"Event2","SystemModstamp":"2018-04-18T06:50:08.000Z","IsArchived":false,"StartDateTime":"2020-01-11T00:00:00.000Z","IsChild":false,"CreatedDate":"2018-04-18T06:50:08.000Z","Id":"00U1r00000nfVHqEAM","DB_Activity_Type__c":"Other","EventSubtype":"Event","IsPrivate":false,"LastModifiedById":"0051r000007Oz5QAAS","ShowAs":"Busy","IsGroupEvent":false}]|0x589244df
08:50:08.0 (240509853)|STATEMENT_EXECUTE|[5]
08:50:08.0 (240514678)|STATEMENT_EXECUTE|[6]
08:50:08.0 (240516765)|STATEMENT_EXECUTE|[7]
08:50:08.0 (240531670)|METHOD_ENTRY|[7]|01p1r000009p7V5|EventMethods.CrearEvento(List<Event>)
08:50:08.0 (240542439)|VARIABLE_SCOPE_BEGIN|[3]|listEvent|List<Event>|true|false
08:50:08.0 (240797810)|VARIABLE_ASSIGNMENT|[3]|listEvent|[{"LastModifiedDate":"2018-04-18T06:50:08.000Z","AccountId":"0011r00001nogfVAAQ","WhatId":"0061r00000vkbkCAAQ","GroupEventType":"0","CreatedById":"0051r000007Oz5QAAS","DurationInMinutes":1440,"OwnerId":"0051r000007Oz5QAAS","IsAllDayEvent":true,"EndDateTime":"2020-01-11T00:00:00.000Z","IsReminderSet":false,"IsDeleted":false,"ActivityDate":"2020-01-11T00:00:00.000Z","IsRecurrence":false,"Subject":"Event2","SystemModstamp":"2018-04-18T06:50:08.000Z","IsArchived":false,"StartDateTime":"2020-01-11T00:00:00.000Z","IsChild":false,"CreatedDate":"2018-04-18T06:50:08.000Z","Id":"00U1r00000nfVHqEAM","DB_Activity_Type__c":"Other","EventSubtype":"Event","IsPrivate":false,"LastModifiedById":"0051r000007Oz5QAAS","ShowAs":"Busy","IsGroupEvent":false}]|0x6d1fb707
08:50:08.0 (241171203)|SYSTEM_MODE_ENTER|false
08:50:08.0 (241185564)|HEAP_ALLOCATE|[5]|Bytes:5
08:50:08.0 (241193252)|STATEMENT_EXECUTE|[3]
08:50:08.0 (241219108)|STATEMENT_EXECUTE|[5]
08:50:08.0 (241221421)|STATEMENT_EXECUTE|[7]
08:50:08.0 (241244497)|HEAP_ALLOCATE|[7]|Bytes:4
08:50:08.0 (241259622)|VARIABLE_SCOPE_BEGIN|[7]|listAcInsert|List<Account>|true|false
08:50:08.0 (241269157)|HEAP_ALLOCATE|[EXTERNAL]|Bytes:4
08:50:08.0 (241277429)|VARIABLE_ASSIGNMENT|[7]|listAcInsert|[]|0x2c1a5add
08:50:08.0 (241284900)|STATEMENT_EXECUTE|[9]
08:50:08.0 (241297813)|HEAP_ALLOCATE|[9]|Bytes:4
08:50:08.0 (241312111)|VARIABLE_SCOPE_BEGIN|[9]|setEventIds|Set<String>|true|false
08:50:08.0 (241341308)|VARIABLE_ASSIGNMENT|[9]|setEventIds|[]|0x16d16c4e
08:50:08.0 (241369489)|HEAP_ALLOCATE|[11]|Bytes:5
08:50:08.0 (241417982)|VARIABLE_SCOPE_BEGIN|[11]|inEvent|Event|true|false
08:50:08.0 (241573074)|VARIABLE_ASSIGNMENT|[11]|inEvent|{"LastModifiedDate":"2018-04-18T06:50:08.000Z","AccountId":"0011r00001nogfVAAQ","WhatId":"0061r00000vkbkCAAQ","GroupEventType":"0","CreatedById":"0051r000007Oz5QAAS","DurationInMinutes":1440,"OwnerId":"0051r000007Oz5QAAS","IsAllDayEvent":true,"EndDateTime":"2020-01-11T00:00:00.000Z","IsReminderSet":false,"IsDeleted":false,"ActivityDate":"2020-01-11T00:00:00.000Z","IsRecurrence":false,"Subject":"Event2","SystemModstamp":"2018-04-18T06:50:08.000Z","IsArchived":false,"StartDateTime":"2020-01-11T00:00:00.000Z","IsChild":false,"CreatedDate":"2018-04-18T06:50:08.000Z","Id":"00U1r00000nfVHqEAM","DB_Activity_Type__c":"Other","EventSubtype":"Event","IsPrivate":false,"LastModifiedById":"0051r000007Oz5QAAS","ShowAs":"Busy","IsGroupEvent":false}|0x5c2f76f7
08:50:08.0 (241590466)|STATEMENT_EXECUTE|[11]
08:50:08.0 (241593263)|STATEMENT_EXECUTE|[12]
08:50:08.0 (241814165)|HEAP_ALLOCATE|[12]|Bytes:1032
08:50:08.0 (241833494)|HEAP_ALLOCATE|[12]|Bytes:1068
08:50:08.0 (241848409)|USER_DEBUG|[12]|DEBUG|EventMethods.CrearEvento.inEvent :: Event:{Id=00U1r00000nfVHqEAM, WhoId=null, WhatId=0061r00000vkbkCAAQ, Subject=Event2, Location=null, IsAllDayEvent=true, ActivityDateTime=null, ActivityDate=2020-01-11 00:00:00, DurationInMinutes=1440, StartDateTime=2020-01-11 00:00:00, EndDateTime=2020-01-11 00:00:00, Description=null, AccountId=0011r00001nogfVAAQ, OwnerId=0051r000007Oz5QAAS, Type=null, IsPrivate=false, ShowAs=Busy, IsDeleted=false, IsChild=false, IsGroupEvent=false, GroupEventType=0, CreatedDate=2018-04-18 06:50:08, CreatedById=0051r000007Oz5QAAS, LastModifiedDate=2018-04-18 06:50:08, LastModifiedById=0051r000007Oz5QAAS, SystemModstamp=2018-04-18 06:50:08, IsArchived=false, RecurrenceActivityId=null, IsRecurrence=false, RecurrenceStartDateTime=null, RecurrenceEndDateOnly=null, RecurrenceTimeZoneSidKey=null, RecurrenceType=null, RecurrenceInterval=null, RecurrenceDayOfWeekMask=null, RecurrenceDayOfMonth=null, RecurrenceInstance=null, RecurrenceMonthOfYear=null, ReminderDateTime=null, IsReminderSet=false, EventSubtype=Event, DB_Activity_Type__c=Other}
08:50:08.0 (241870575)|STATEMENT_EXECUTE|[13]
08:50:08.0 (241901606)|HEAP_ALLOCATE|[EXTERNAL]|Bytes:4
08:50:08.0 (241918252)|HEAP_ALLOCATE|[11]|Bytes:5
08:50:08.0 (241931059)|VARIABLE_ASSIGNMENT|[11]|inEvent|null|
08:50:08.0 (241938041)|STATEMENT_EXECUTE|[16]
08:50:08.0 (241954728)|HEAP_ALLOCATE|[16]|Bytes:20
08:50:08.0 (241965295)|HEAP_ALLOCATE|[16]|Bytes:60
08:50:08.0 (241972815)|USER_DEBUG|[16]|DEBUG|EventMethods.CrearEvento.setEventIds :: {00U1r00000nfVHqEAM}
08:50:08.0 (241980382)|STATEMENT_EXECUTE|[19]
08:50:08.0 (241993715)|HEAP_ALLOCATE|[19]|Bytes:4
08:50:08.0 (242015719)|HEAP_ALLOCATE|[19]|Bytes:4
08:50:08.0 (242047575)|HEAP_ALLOCATE|[19]|Bytes:8
08:50:08.0 (242055365)|HEAP_ALLOCATE|[19]|Bytes:8
08:50:08.0 (242544117)|SOQL_EXECUTE_BEGIN|[19]|Aggregations:0|SELECT WhatId, ActivityDate, TYPEOF What WHEN Account THEN Parent.Fecha_ultima_actividad_mas_reciente__c WHEN Opportunity THEN Account.Parent.Fecha_ultima_actividad_mas_reciente__c END FROM Event WHERE Id = :tmpVar1
08:50:08.0 (249732659)|SOQL_EXECUTE_END|[19]|Rows:1
08:50:08.0 (249757343)|HEAP_ALLOCATE|[19]|Bytes:8
08:50:08.0 (249785512)|HEAP_ALLOCATE|[19]|Bytes:297
08:50:08.0 (249819176)|HEAP_ALLOCATE|[19]|Bytes:8
08:50:08.0 (249846207)|HEAP_ALLOCATE|[19]|Bytes:20
08:50:08.0 (249851816)|HEAP_ALLOCATE|[19]|Bytes:20
08:50:08.0 (249857212)|HEAP_ALLOCATE|[19]|Bytes:4
08:50:08.0 (249867148)|VARIABLE_SCOPE_BEGIN|[19]|listEventType|List<Event>|true|false
08:50:08.0 (249879688)|HEAP_ALLOCATE|[EXTERNAL]|Bytes:8
08:50:08.0 (249923604)|VARIABLE_ASSIGNMENT|[19]|listEventType|[{"WhatId":"0061r00000vkbkCAAQ","ActivityDate":"2020-01-11T00:00:00.000Z","Id":"00U1r00000nfVHqEAM","What":{"Id":"0061r00000vkbkCAAQ","AccountId":"0011r00001nogfVAAQ","Account":{"Id":"0011r00001nogfVAAQ","ParentId":"0011r00001nogfUAAQ","Parent":{"Id":"0011r00001nogfUAAQ","Fecha_ultima_activid (18 more) ...":"2020-01-11T00:00:00.000Z"}}}}]|0x5e820562
08:50:08.0 (249937733)|STATEMENT_EXECUTE|[27]
08:50:08.0 (250000974)|HEAP_ALLOCATE|[27]|Bytes:92
08:50:08.0 (250017646)|HEAP_ALLOCATE|[27]|Bytes:134
08:50:08.0 (250031784)|USER_DEBUG|[27]|DEBUG|EventMethods.CrearEvento.listEventType :: (Event:{WhatId=0061r00000vkbkCAAQ, ActivityDate=2020-01-11 00:00:00, Id=00U1r00000nfVHqEAM})
08:50:08.0 (250064014)|HEAP_ALLOCATE|[30]|Bytes:5
08:50:08.0 (250077814)|HEAP_ALLOCATE|[30]|Bytes:20
08:50:08.0 (250086962)|VARIABLE_SCOPE_BEGIN|[30]|inEvent|Event|true|false
08:50:08.0 (250115984)|VARIABLE_ASSIGNMENT|[30]|inEvent|{"WhatId":"0061r00000vkbkCAAQ","ActivityDate":"2020-01-11T00:00:00.000Z","Id":"00U1r00000nfVHqEAM","What":{"Id":"0061r00000vkbkCAAQ","AccountId":"0011r00001nogfVAAQ","Account":{"Id":"0011r00001nogfVAAQ","ParentId":"0011r00001nogfUAAQ","Parent":{"Id":"0011r00001nogfUAAQ","Fecha_ultima_activid (18 more) ...":"2020-01-11T00:00:00.000Z"}}}}|0x5eb21538
08:50:08.0 (250127979)|STATEMENT_EXECUTE|[30]
08:50:08.0 (250161700)|STATEMENT_EXECUTE|[31]
08:50:08.0 (250164015)|STATEMENT_EXECUTE|[32]
08:50:08.0 (250167654)|HEAP_ALLOCATE|[32]|Bytes:11
08:50:08.0 (250199861)|USER_DEBUG|[32]|DEBUG|Opportunity
08:50:08.0 (250289193)|STATEMENT_EXECUTE|[33]
08:50:08.0 (250299843)|HEAP_ALLOCATE|[30]|Bytes:5
08:50:08.0 (250313800)|VARIABLE_ASSIGNMENT|[30]|inEvent|null|
08:50:08.0 (250321260)|STATEMENT_EXECUTE|[46]
08:50:08.0 (250367134)|HEAP_ALLOCATE|[EXTERNAL]|Bytes:4
08:50:08.0 (250378806)|SYSTEM_MODE_EXIT|false
08:50:08.0 (250396828)|METHOD_EXIT|[7]|01p1r000009p7V5|EventMethods.CrearEvento(List<Event>)
08:50:08.250 (250409577)|CUMULATIVE_LIMIT_USAGE
08:50:08.250 (250409577)|LIMIT_USAGE_FOR_NS|(default)|
  Number of SOQL queries: 6 out of 100
  Number of query rows: 4 out of 50000
  Number of SOSL queries: 0 out of 20
  Number of DML statements: 7 out of 150
  Number of DML rows: 8 out of 10000
  Maximum CPU time: 0 out of 10000
  Maximum heap size: 0 out of 6000000
  Number of callouts: 0 out of 100
  Number of Email Invocations: 0 out of 10
  Number of future calls: 0 out of 50
  Number of queueable jobs added to the queue: 0 out of 50
  Number of Mobile Apex push calls: 0 out of 10

08:50:08.250 (250409577)|CUMULATIVE_LIMIT_USAGE_END

08:50:08.0 (251486018)|CODE_UNIT_FINISHED|EventTrigger on Event trigger event AfterInsert
08:50:08.0 (270854027)|DML_END|[50]
08:50:08.0 (270909007)|HEAP_ALLOCATE|[EXTERNAL]|Bytes:12
08:50:08.0 (270931043)|STATEMENT_EXECUTE|[52]
08:50:08.0 (270950496)|HEAP_ALLOCATE|[52]|Bytes:4
08:50:08.0 (271129880)|SOQL_EXECUTE_BEGIN|[52]|Aggregations:0|SELECT Id, Fecha_ultima_actividad_mas_reciente__c FROM Account WHERE Id = :tmpVar1
08:50:08.0 (280758988)|SOQL_EXECUTE_END|[52]|Rows:1
08:50:08.0 (280783160)|HEAP_ALLOCATE|[52]|Bytes:8
08:50:08.0 (280798255)|HEAP_ALLOCATE|[52]|Bytes:75
08:50:08.0 (280828313)|HEAP_ALLOCATE|[52]|Bytes:8
08:50:08.0 (280843392)|VARIABLE_SCOPE_BEGIN|[52]|listAccountCheckDos|List<Account>|true|false
08:50:08.0 (280899600)|VARIABLE_ASSIGNMENT|[52]|listAccountCheckDos|[{"Id":"0011r00001nogfUAAQ","Fecha_ultima_activid (18 more) ...":"2020-01-11T00:00:00.000Z"}]|0x6b527e6c
08:50:08.0 (280910048)|STATEMENT_EXECUTE|[54]
08:50:08.0 (280987728)|USER_DEBUG|[54]|DEBUG|(Account:{Id=0011r00001nogfUAAQ, Fecha_ultima_actividad_mas_reciente__c=2020-01-11 00:00:00})
08:50:08.0 (281000612)|STATEMENT_EXECUTE|[56]
08:50:08.0 (281039052)|HEAP_ALLOCATE|[56]|Bytes:12
08:50:08.0 (281069240)|HEAP_ALLOCATE|[56]|Bytes:24
08:50:08.281 (281104212)|CUMULATIVE_LIMIT_USAGE
08:50:08.281 (281104212)|LIMIT_USAGE_FOR_NS|(default)|
  Number of SOQL queries: 7 out of 100
  Number of query rows: 5 out of 50000
  Number of SOSL queries: 0 out of 20
  Number of DML statements: 7 out of 150
  Number of DML rows: 8 out of 10000
  Maximum CPU time: 0 out of 10000
  Maximum heap size: 0 out of 6000000
  Number of callouts: 0 out of 100
  Number of Email Invocations: 0 out of 10
  Number of future calls: 0 out of 50
  Number of queueable jobs added to the queue: 0 out of 50
  Number of Mobile Apex push calls: 0 out of 10

08:50:08.281 (281104212)|CUMULATIVE_LIMIT_USAGE_END

08:50:08.0 (281137176)|CODE_UNIT_FINISHED|EventTest.testCrearEvento
08:50:08.0 (281920370)|EXECUTION_FINISHED
08:50:08.380 (380354987)|USER_INFO|[EXTERNAL]|0051r000007Oz5Q|lydia.abril@gmail.com|hora estándar de Europa central|GMT+02:00
08:50:08.380 (380379562)|EXECUTION_STARTED
08:50:08.380 (380383821)|CODE_UNIT_STARTED|[EXTERNAL]|DuplicateDetector
08:50:08.380 (380402360)|DUPLICATE_DETECTION_BEGIN
08:50:08.380 (380448212)|DUPLICATE_DETECTION_RULE_INVOCATION|DuplicateRuleId:0Bm1r0000018X88|DuplicateRuleName:Standard Account Duplicate Rule|DmlType:UPDATE
08:50:08.380 (389873471)|DUPLICATE_DETECTION_END
08:50:08.380 (389882207)|CODE_UNIT_FINISHED|DuplicateDetector
08:50:08.380 (390702063)|EXECUTION_FINISHED
08:50:08.392 (392198541)|USER_INFO|[EXTERNAL]|0051r000007Oz5Q|lydia.abril@gmail.com|hora estándar de Europa central|GMT+02:00
08:50:08.392 (392216608)|EXECUTION_STARTED
08:50:08.392 (392219833)|CODE_UNIT_STARTED|[EXTERNAL]|DuplicateDetector
08:50:08.392 (392228242)|DUPLICATE_DETECTION_BEGIN
08:50:08.392 (392270231)|DUPLICATE_DETECTION_RULE_INVOCATION|DuplicateRuleId:0Bm1r0000018X88|DuplicateRuleName:Standard Account Duplicate Rule|DmlType:INSERT
08:50:08.392 (399099070)|DUPLICATE_DETECTION_END
08:50:08.392 (399105795)|CODE_UNIT_FINISHED|DuplicateDetector
08:50:08.392 (399862645)|EXECUTION_FINISHED
