42.0 APEX_CODE,FINEST;APEX_PROFILING,INFO;CALLOUT,INFO;DB,INFO;SYSTEM,DEBUG;VALIDATION,INFO;VISUALFORCE,INFO;WAVE,INFO;WORKFLOW,INFO
Execute Anonymous: public class AccountHandler {
Execute Anonymous: 
Execute Anonymous: 	public Account insertNewAccount (String nameAccount) {
Execute Anonymous: 		Account acct = new Account(Name=nameAccount);
Execute Anonymous: 		try {
Execute Anonymous: 
Execute Anonymous: 		    insert acct;
Execute Anonymous: 
Execute Anonymous: 		} catch (DMLException e) {
Execute Anonymous: 			return null;
Execute Anonymous: 		    //System.debug('A DML exception has occurred: ' + e.getMessage());
Execute Anonymous: 		}
Execute Anonymous: 		return acct;
Execute Anonymous: 	}
Execute Anonymous: }
14:01:55.1 (1149844)|USER_INFO|[EXTERNAL]|0051r000007Oz5Q|lydia.abril@gmail.com|hora estándar de Europa central|GMT+02:00
14:01:55.1 (1173331)|EXECUTION_STARTED
14:01:55.1 (1176811)|CODE_UNIT_STARTED|[EXTERNAL]|execute_anonymous_apex
14:01:55.1 (1323814)|HEAP_ALLOCATE|[72]|Bytes:3
14:01:55.1 (1352420)|HEAP_ALLOCATE|[77]|Bytes:152
14:01:55.1 (1364342)|HEAP_ALLOCATE|[342]|Bytes:408
14:01:55.1 (1375967)|HEAP_ALLOCATE|[355]|Bytes:408
14:01:55.1 (1386064)|HEAP_ALLOCATE|[467]|Bytes:48
14:01:55.1 (1410760)|HEAP_ALLOCATE|[139]|Bytes:6
14:01:55.1 (1488198)|STATEMENT_EXECUTE|[1]
14:01:55.1 (1518675)|CUMULATIVE_LIMIT_USAGE
14:01:55.1 (1518675)|LIMIT_USAGE_FOR_NS|(default)|
  Number of SOQL queries: 0 out of 100
  Number of query rows: 0 out of 50000
  Number of SOSL queries: 0 out of 20
  Number of DML statements: 0 out of 150
  Number of DML rows: 0 out of 10000
  Maximum CPU time: 0 out of 10000
  Maximum heap size: 0 out of 6000000
  Number of callouts: 0 out of 100
  Number of Email Invocations: 0 out of 10
  Number of future calls: 0 out of 50
  Number of queueable jobs added to the queue: 0 out of 50
  Number of Mobile Apex push calls: 0 out of 10

14:01:55.1 (1518675)|CUMULATIVE_LIMIT_USAGE_END

14:01:55.1 (1556370)|CODE_UNIT_FINISHED|execute_anonymous_apex
14:01:55.1 (2391664)|EXECUTION_FINISHED
