36.0 APEX_CODE,FINEST;APEX_PROFILING,INFO;CALLOUT,INFO;DB,INFO;SYSTEM,DEBUG;VALIDATION,INFO;VISUALFORCE,INFO;WAVE,INFO;WORKFLOW,INFO
13:39:46.0 (342007)|USER_INFO|[EXTERNAL]|0051r000007Oz5Q|lydia.abril@gmail.com|hora estándar de Europa central|GMT+02:00
13:39:46.0 (390253)|EXECUTION_STARTED
13:39:46.0 (394514)|CODE_UNIT_STARTED|[EXTERNAL]|01p1r000009p5xn|TaskTest.testCerrarTarea
13:39:46.0 (671154)|HEAP_ALLOCATE|[72]|Bytes:3
13:39:46.0 (716244)|HEAP_ALLOCATE|[77]|Bytes:152
13:39:46.0 (733916)|HEAP_ALLOCATE|[342]|Bytes:408
13:39:46.0 (749279)|HEAP_ALLOCATE|[355]|Bytes:408
13:39:46.0 (762108)|HEAP_ALLOCATE|[467]|Bytes:48
13:39:46.0 (788821)|HEAP_ALLOCATE|[139]|Bytes:6
13:39:46.0 (804458)|HEAP_ALLOCATE|[EXTERNAL]|Bytes:104
13:39:46.0 (823390)|METHOD_ENTRY|[2]|01p1r000009p5xn|TaskTest.TaskTest()
13:39:46.0 (832171)|STATEMENT_EXECUTE|[2]
13:39:46.0 (838441)|STATEMENT_EXECUTE|[2]
13:39:46.0 (843298)|METHOD_EXIT|[2]|TaskTest
13:39:46.0 (1082835)|HEAP_ALLOCATE|[50]|Bytes:5
13:39:46.0 (1108158)|HEAP_ALLOCATE|[56]|Bytes:5
13:39:46.0 (1116604)|HEAP_ALLOCATE|[64]|Bytes:7
13:39:46.0 (1158483)|STATEMENT_EXECUTE|[4]
13:39:46.0 (1160717)|STATEMENT_EXECUTE|[6]
13:39:46.0 (1212899)|HEAP_ALLOCATE|[6]|Bytes:4
13:39:46.0 (1297676)|HEAP_ALLOCATE|[6]|Bytes:12
13:39:46.0 (1349670)|VARIABLE_ASSIGNMENT|[6]|this.Name|"CuentaParent"|0x189a0943
13:39:46.0 (1380339)|VARIABLE_SCOPE_BEGIN|[6]|oAccountParent|Account|true|false
13:39:46.0 (1400669)|VARIABLE_ASSIGNMENT|[6]|oAccountParent|{"Name":"CuentaParent"}|0x189a0943
13:39:46.0 (1407262)|STATEMENT_EXECUTE|[7]
13:39:46.0 (1431184)|HEAP_ALLOCATE|[7]|Bytes:8
13:39:46.0 (1440662)|DML_BEGIN|[7]|Op:Insert|Type:Account|Rows:1
13:39:46.0 (1472472)|HEAP_ALLOCATE|[EXTERNAL]|Bytes:8
13:39:46.0 (9572923)|CODE_UNIT_STARTED|[EXTERNAL]|DuplicateDetector
13:39:46.0 (9588568)|DUPLICATE_DETECTION_BEGIN
13:39:46.0 (10130810)|DUPLICATE_DETECTION_RULE_INVOCATION|DuplicateRuleId:0Bm1r0000018X88|DuplicateRuleName:Standard Account Duplicate Rule|DmlType:INSERT
13:39:46.0 (30964920)|DUPLICATE_DETECTION_MATCH_INVOCATION_DETAILS|EntityType:Account|ActionTaken:Allow_[Alert,Report]|DuplicateRecordIds:
13:39:46.0 (30989148)|DUPLICATE_DETECTION_MATCH_INVOCATION_SUMMARY|EntityType:Account|NumRecordsToBeSaved:1|NumRecordsToBeSavedWithDuplicates:0|NumDuplicateRecordsFound:0
13:39:46.0 (31070268)|DUPLICATE_DETECTION_END
13:39:46.0 (31076487)|CODE_UNIT_FINISHED|DuplicateDetector
13:39:46.0 (64651759)|DML_END|[7]
13:39:46.0 (64687011)|STATEMENT_EXECUTE|[9]
13:39:46.0 (64723338)|HEAP_ALLOCATE|[9]|Bytes:4
13:39:46.0 (64755098)|HEAP_ALLOCATE|[9]|Bytes:6
13:39:46.0 (64806814)|VARIABLE_ASSIGNMENT|[9]|this.Name|"Cuenta"|0x816233e
13:39:46.0 (64847806)|VARIABLE_ASSIGNMENT|[9]|this.ParentId|"0011r00001nnc3WAAQ"|0x816233e
13:39:46.0 (64947336)|HEAP_ALLOCATE|[11]|Bytes:4
13:39:46.0 (65002731)|VARIABLE_ASSIGNMENT|[9]|this.Fecha_ltima_actividad_m_s_reciente__c|"2018-01-11T00:00:00.000Z"|0x816233e
13:39:46.0 (65041972)|VARIABLE_SCOPE_BEGIN|[9]|oAccount|Account|true|false
13:39:46.0 (65071124)|VARIABLE_ASSIGNMENT|[9]|oAccount|{"Name":"Cuenta","ParentId":"0011r00001nnc3WAAQ","Fecha_ltima_activida (17 more) ...":"2018-01-11T00:00:00.000Z"}|0x816233e
13:39:46.0 (65079611)|STATEMENT_EXECUTE|[12]
13:39:46.0 (65100962)|HEAP_ALLOCATE|[12]|Bytes:8
13:39:46.0 (65109761)|DML_BEGIN|[12]|Op:Insert|Type:Account|Rows:1
13:39:46.0 (65146337)|HEAP_ALLOCATE|[EXTERNAL]|Bytes:8
13:39:46.0 (68487368)|CODE_UNIT_STARTED|[EXTERNAL]|DuplicateDetector
13:39:46.0 (68508508)|DUPLICATE_DETECTION_BEGIN
13:39:46.0 (68561964)|DUPLICATE_DETECTION_RULE_INVOCATION|DuplicateRuleId:0Bm1r0000018X88|DuplicateRuleName:Standard Account Duplicate Rule|DmlType:INSERT
13:39:46.0 (78765946)|DUPLICATE_DETECTION_MATCH_INVOCATION_DETAILS|EntityType:Account|ActionTaken:Allow_[Alert,Report]|DuplicateRecordIds:
13:39:46.0 (78805379)|DUPLICATE_DETECTION_MATCH_INVOCATION_SUMMARY|EntityType:Account|NumRecordsToBeSaved:1|NumRecordsToBeSavedWithDuplicates:0|NumDuplicateRecordsFound:0
13:39:46.0 (78945079)|DUPLICATE_DETECTION_END
13:39:46.0 (78955826)|CODE_UNIT_FINISHED|DuplicateDetector
13:39:46.0 (90824909)|DML_END|[12]
13:39:46.0 (90862075)|STATEMENT_EXECUTE|[14]
13:39:46.0 (90933789)|HEAP_ALLOCATE|[14]|Bytes:4
13:39:46.0 (91057032)|HEAP_ALLOCATE|[14]|Bytes:11
13:39:46.0 (91114970)|VARIABLE_ASSIGNMENT|[14]|this.Name|"Oportunidad"|0x5d8c1787
13:39:46.0 (91203383)|HEAP_ALLOCATE|[15]|Bytes:4
13:39:46.0 (91257171)|VARIABLE_ASSIGNMENT|[14]|this.CloseDate|"2020-01-11T00:00:00.000Z"|0x5d8c1787
13:39:46.0 (91266777)|HEAP_ALLOCATE|[16]|Bytes:11
13:39:46.0 (91284233)|VARIABLE_ASSIGNMENT|[14]|this.StageName|"Prospecting"|0x5d8c1787
13:39:46.0 (91322547)|VARIABLE_ASSIGNMENT|[14]|this.AccountId|"0011r00001nnc3XAAQ"|0x5d8c1787
13:39:46.0 (91358660)|VARIABLE_SCOPE_BEGIN|[14]|oOpportunity|Opportunity|true|false
13:39:46.0 (91389294)|VARIABLE_ASSIGNMENT|[14]|oOpportunity|{"Name":"Oportunidad","CloseDate":"2020-01-11T00:00:00.000Z","StageName":"Prospecting","AccountId":"0011r00001nnc3XAAQ"}|0x5d8c1787
13:39:46.0 (91397573)|STATEMENT_EXECUTE|[18]
13:39:46.0 (91423887)|HEAP_ALLOCATE|[18]|Bytes:8
13:39:46.0 (91436854)|DML_BEGIN|[18]|Op:Insert|Type:Opportunity|Rows:1
13:39:46.0 (91488645)|HEAP_ALLOCATE|[EXTERNAL]|Bytes:8
13:39:46.0 (123559242)|CODE_UNIT_STARTED|[EXTERNAL]|01q1r000000Bcgl|ClosedOpportunityTrigger on Opportunity trigger event AfterInsert
13:39:46.0 (123626360)|HEAP_ALLOCATE|[EXTERNAL]|Bytes:8
13:39:46.0 (123899365)|HEAP_ALLOCATE|[EXTERNAL]|Bytes:8
13:39:46.0 (123915396)|VARIABLE_SCOPE_BEGIN|[1]|this|ClosedOpportunityTrigger|true|false
13:39:46.0 (123977534)|VARIABLE_ASSIGNMENT|[1]|this|{}|0x486f5ef0
13:39:46.0 (124047098)|HEAP_ALLOCATE|[EXTERNAL]|Bytes:8
13:39:46.0 (124057965)|VARIABLE_SCOPE_BEGIN|[1]|this|ClosedOpportunityTrigger|true|false
13:39:46.0 (124072125)|VARIABLE_ASSIGNMENT|[1]|this|{}|0x486f5ef0
13:39:46.0 (124084305)|STATEMENT_EXECUTE|[1]
13:39:46.0 (124087011)|STATEMENT_EXECUTE|[3]
13:39:46.0 (124141450)|HEAP_ALLOCATE|[3]|Bytes:4
13:39:46.0 (124274114)|HEAP_ALLOCATE|[EXTERNAL]|Bytes:4
13:39:46.0 (124288223)|VARIABLE_ASSIGNMENT|[3]|this.taskList|[]|0x486f5ef0
13:39:46.0 (124300959)|HEAP_ALLOCATE|[5]|Bytes:89
13:39:46.0 (124322285)|HEAP_ALLOCATE|[5]|Bytes:4
13:39:46.0 (124332550)|HEAP_ALLOCATE|[5]|Bytes:7
13:39:46.0 (124697404)|SOQL_EXECUTE_BEGIN|[5]|Aggregations:0|SELECT Id, StageName FROM Opportunity 
13:39:46.0 (130149661)|SOQL_EXECUTE_END|[5]|Rows:0
13:39:46.0 (130386914)|HEAP_ALLOCATE|[5]|Bytes:54
13:39:46.0 (130399710)|HEAP_ALLOCATE|[5]|Bytes:8
13:39:46.0 (130434294)|SYSTEM_METHOD_ENTRY|[7]|QueryLocatorIterator.QueryLocatorIterator()
13:39:46.0 (130440842)|STATEMENT_EXECUTE|[7]
13:39:46.0 (130452587)|SYSTEM_METHOD_EXIT|[7]|QueryLocatorIterator
13:39:46.0 (130463814)|HEAP_ALLOCATE|[5]|Bytes:28
13:39:46.0 (130481961)|HEAP_ALLOCATE|[5]|Bytes:8
13:39:46.0 (130486086)|HEAP_ALLOCATE|[5]|Bytes:8
13:39:46.0 (130493307)|VARIABLE_SCOPE_BEGIN|[15]|this|Database.QueryLocatorIterator|true|false
13:39:46.0 (130546710)|VARIABLE_ASSIGNMENT|[15]|this|{}|0x695a3830
13:39:46.0 (130554615)|VARIABLE_SCOPE_BEGIN|[15]|values|List<SObject>|true|false
13:39:46.0 (130564365)|VARIABLE_ASSIGNMENT|[15]|values|null|
13:39:46.0 (130569586)|VARIABLE_SCOPE_BEGIN|[15]|ql|Database.QueryLocator|true|false
13:39:46.0 (130591366)|VARIABLE_ASSIGNMENT|[15]|ql|{"query":"SELECT Id, StageName (69 more) ..."}|0xf547a7c
13:39:46.0 (130597331)|VARIABLE_SCOPE_BEGIN|[15]|totalNumRecords|Integer|false|false
13:39:46.0 (130606395)|VARIABLE_ASSIGNMENT|[15]|totalNumRecords|0
13:39:46.0 (130610412)|VARIABLE_SCOPE_BEGIN|[15]|queryMoreSize|Integer|false|false
13:39:46.0 (130617660)|VARIABLE_ASSIGNMENT|[15]|queryMoreSize|50000
13:39:46.0 (130727628)|HEAP_ALLOCATE|[5]|Bytes:28
13:39:46.0 (130787147)|METHOD_ENTRY|[5]||Database.QueryLocatorIterator.hasNext()
13:39:46.0 (130828691)|METHOD_EXIT|[5]||Database.QueryLocatorIterator.hasNext()
13:39:46.0 (130841850)|VARIABLE_ASSIGNMENT|[5]|opp|null|
13:39:46.0 (130850712)|STATEMENT_EXECUTE|[5]
13:39:46.0 (130912105)|STATEMENT_EXECUTE|[12]
13:39:46.130 (130918811)|CUMULATIVE_LIMIT_USAGE
13:39:46.130 (130918811)|LIMIT_USAGE_FOR_NS|(default)|
  Number of SOQL queries: 1 out of 100
  Number of query rows: 0 out of 50000
  Number of SOSL queries: 0 out of 20
  Number of DML statements: 3 out of 150
  Number of DML rows: 3 out of 10000
  Maximum CPU time: 0 out of 10000
  Maximum heap size: 0 out of 6000000
  Number of callouts: 0 out of 100
  Number of Email Invocations: 0 out of 10
  Number of future calls: 0 out of 50
  Number of queueable jobs added to the queue: 0 out of 50
  Number of Mobile Apex push calls: 0 out of 10

13:39:46.130 (130918811)|CUMULATIVE_LIMIT_USAGE_END

13:39:46.0 (131762154)|CODE_UNIT_FINISHED|ClosedOpportunityTrigger on Opportunity trigger event AfterInsert
13:39:46.0 (133091876)|DML_END|[18]
13:39:46.0 (133119735)|STATEMENT_EXECUTE|[20]
13:39:46.0 (133160353)|HEAP_ALLOCATE|[20]|Bytes:4
13:39:46.0 (133203234)|VARIABLE_SCOPE_BEGIN|[20]|listTask|List<Task>|true|false
13:39:46.0 (133223482)|HEAP_ALLOCATE|[EXTERNAL]|Bytes:4
13:39:46.0 (133239998)|VARIABLE_ASSIGNMENT|[20]|listTask|[]|0x52f4f9f9
13:39:46.0 (133249939)|STATEMENT_EXECUTE|[22]
13:39:46.0 (133275586)|HEAP_ALLOCATE|[22]|Bytes:4
13:39:46.0 (133378789)|HEAP_ALLOCATE|[22]|Bytes:4
13:39:46.0 (133444377)|VARIABLE_ASSIGNMENT|[22]|this.Subject|"Task"|0x6a57c02f
13:39:46.0 (133456298)|HEAP_ALLOCATE|[23]|Bytes:6
13:39:46.0 (133519559)|VARIABLE_ASSIGNMENT|[22]|this.Priority|"Normal"|0x6a57c02f
13:39:46.0 (133534544)|HEAP_ALLOCATE|[24]|Bytes:11
13:39:46.0 (133561448)|VARIABLE_ASSIGNMENT|[22]|this.Status|"Not Started"|0x6a57c02f
13:39:46.0 (133604320)|VARIABLE_ASSIGNMENT|[22]|this.WhatId|"0011r00001nnc3XAAQ"|0x6a57c02f
13:39:46.0 (133675544)|HEAP_ALLOCATE|[26]|Bytes:4
13:39:46.0 (133732969)|VARIABLE_ASSIGNMENT|[22]|this.ActivityDate|"2020-01-11T00:00:00.000Z"|0x6a57c02f
13:39:46.0 (133769352)|VARIABLE_SCOPE_BEGIN|[22]|oTask|Task|true|false
13:39:46.0 (133798570)|VARIABLE_ASSIGNMENT|[22]|oTask|{"Subject":"Task","Priority":"Normal","Status":"Not Started","WhatId":"0011r00001nnc3XAAQ","ActivityDate":"2020-01-11T00:00:00.000Z"}|0x6a57c02f
13:39:46.0 (133807063)|STATEMENT_EXECUTE|[28]
13:39:46.0 (133847355)|HEAP_ALLOCATE|[EXTERNAL]|Bytes:4
13:39:46.0 (133857747)|STATEMENT_EXECUTE|[30]
13:39:46.0 (133877424)|HEAP_ALLOCATE|[30]|Bytes:4
13:39:46.0 (133889779)|HEAP_ALLOCATE|[30]|Bytes:5
13:39:46.0 (133911519)|VARIABLE_ASSIGNMENT|[30]|this.Subject|"Task2"|0x54179e42
13:39:46.0 (133926403)|VARIABLE_ASSIGNMENT|[30]|this.Priority|"Normal"|0x54179e42
13:39:46.0 (133933574)|HEAP_ALLOCATE|[32]|Bytes:11
13:39:46.0 (133944935)|VARIABLE_ASSIGNMENT|[30]|this.Status|"in Progress"|0x54179e42
13:39:46.0 (133978497)|VARIABLE_ASSIGNMENT|[30]|this.WhatId|"0061r00000vk6srAAA"|0x54179e42
13:39:46.0 (134017751)|HEAP_ALLOCATE|[34]|Bytes:4
13:39:46.0 (134046874)|VARIABLE_ASSIGNMENT|[30]|this.ActivityDate|"2022-01-11T00:00:00.000Z"|0x54179e42
13:39:46.0 (134068852)|VARIABLE_SCOPE_BEGIN|[30]|oTask2|Task|true|false
13:39:46.0 (134088109)|VARIABLE_ASSIGNMENT|[30]|oTask2|{"Subject":"Task2","Priority":"Normal","Status":"in Progress","WhatId":"0061r00000vk6srAAA","ActivityDate":"2022-01-11T00:00:00.000Z"}|0x54179e42
13:39:46.0 (134095172)|STATEMENT_EXECUTE|[36]
13:39:46.0 (134121091)|HEAP_ALLOCATE|[EXTERNAL]|Bytes:4
13:39:46.0 (134130053)|STATEMENT_EXECUTE|[38]
13:39:46.0 (134176760)|DML_BEGIN|[38]|Op:Insert|Type:Task|Rows:2
13:39:46.0 (134218190)|HEAP_ALLOCATE|[EXTERNAL]|Bytes:12
13:39:46.0 (156487810)|DML_END|[38]
13:39:46.0 (156577772)|HEAP_ALLOCATE|[EXTERNAL]|Bytes:12
13:39:46.0 (156605332)|STATEMENT_EXECUTE|[40]
13:39:46.0 (156722717)|USER_DEBUG|[40]|DEBUG|Task:{Subject=Task, Priority=Normal, Status=Not Started, WhatId=0011r00001nnc3XAAQ, ActivityDate=2020-01-11 00:00:00, Id=00T1r00004C4oHkEAJ}
13:39:46.0 (156737143)|STATEMENT_EXECUTE|[42]
13:39:46.0 (156770306)|USER_DEBUG|[42]|DEBUG|Task:{Subject=Task2, Priority=Normal, Status=in Progress, WhatId=0061r00000vk6srAAA, ActivityDate=2022-01-11 00:00:00, Id=00T1r00004C4oHlEAJ}
13:39:46.0 (156941295)|HEAP_ALLOCATE|[44]|Bytes:5
13:39:46.0 (156991135)|HEAP_ALLOCATE|[44]|Bytes:28
13:39:46.0 (157004952)|VARIABLE_SCOPE_BEGIN|[44]|inTask|Task|true|false
13:39:46.0 (157042436)|VARIABLE_ASSIGNMENT|[44]|inTask|{"Subject":"Task","Priority":"Normal","Status":"Not Started","WhatId":"0011r00001nnc3XAAQ","ActivityDate":"2020-01-11T00:00:00.000Z","Id":"00T1r00004C4oHkEAJ"}|0x6a57c02f
13:39:46.0 (157053315)|STATEMENT_EXECUTE|[44]
13:39:46.0 (157055249)|STATEMENT_EXECUTE|[45]
13:39:46.0 (157097726)|USER_DEBUG|[45]|DEBUG|00T1r00004C4oHkEAJ
13:39:46.0 (157107260)|STATEMENT_EXECUTE|[46]
13:39:46.0 (157112669)|HEAP_ALLOCATE|[46]|Bytes:9
13:39:46.0 (157159626)|VARIABLE_ASSIGNMENT|[46]|this.Status|"Completed"|0x6a57c02f
13:39:46.0 (157176421)|HEAP_ALLOCATE|[44]|Bytes:5
13:39:46.0 (157187750)|HEAP_ALLOCATE|[44]|Bytes:28
13:39:46.0 (157193919)|VARIABLE_SCOPE_BEGIN|[44]|inTask|Task|true|false
13:39:46.0 (157213151)|VARIABLE_ASSIGNMENT|[44]|inTask|{"Subject":"Task2","Priority":"Normal","Status":"in Progress","WhatId":"0061r00000vk6srAAA","ActivityDate":"2022-01-11T00:00:00.000Z","Id":"00T1r00004C4oHlEAJ"}|0x54179e42
13:39:46.0 (157221950)|STATEMENT_EXECUTE|[44]
13:39:46.0 (157223664)|STATEMENT_EXECUTE|[45]
13:39:46.0 (157233492)|USER_DEBUG|[45]|DEBUG|00T1r00004C4oHlEAJ
13:39:46.0 (157239998)|STATEMENT_EXECUTE|[46]
13:39:46.0 (157260545)|VARIABLE_ASSIGNMENT|[46]|this.Status|"Completed"|0x54179e42
13:39:46.0 (157274146)|HEAP_ALLOCATE|[44]|Bytes:5
13:39:46.0 (157285069)|VARIABLE_ASSIGNMENT|[44]|inTask|null|
13:39:46.0 (157291768)|STATEMENT_EXECUTE|[49]
13:39:46.0 (157333854)|USER_DEBUG|[49]|DEBUG|Task:{Subject=Task, Priority=Normal, Status=Completed, WhatId=0011r00001nnc3XAAQ, ActivityDate=2020-01-11 00:00:00, Id=00T1r00004C4oHkEAJ}
13:39:46.0 (157343344)|STATEMENT_EXECUTE|[51]
13:39:46.0 (157370136)|USER_DEBUG|[51]|DEBUG|Task:{Subject=Task2, Priority=Normal, Status=Completed, WhatId=0061r00000vk6srAAA, ActivityDate=2022-01-11 00:00:00, Id=00T1r00004C4oHlEAJ}
13:39:46.0 (157378963)|STATEMENT_EXECUTE|[53]
13:39:46.0 (157436928)|USER_DEBUG|[53]|DEBUG|(Task:{Subject=Task, Priority=Normal, Status=Completed, WhatId=0011r00001nnc3XAAQ, ActivityDate=2020-01-11 00:00:00, Id=00T1r00004C4oHkEAJ}, Task:{Subject=Task2, Priority=Normal, Status=Completed, WhatId=0061r00000vk6srAAA, ActivityDate=2022-01-11 00:00:00, Id=00T1r00004C4oHlEAJ})
13:39:46.0 (157451911)|STATEMENT_EXECUTE|[55]
13:39:46.0 (157484943)|DML_BEGIN|[55]|Op:Update|Type:Task|Rows:2
13:39:46.0 (157530837)|HEAP_ALLOCATE|[EXTERNAL]|Bytes:12
13:39:46.0 (185103244)|CODE_UNIT_STARTED|[EXTERNAL]|01q1r000000j6Yv|TaskTrigger on Task trigger event AfterUpdate
13:39:46.0 (185173165)|HEAP_ALLOCATE|[EXTERNAL]|Bytes:12
13:39:46.0 (185219558)|HEAP_ALLOCATE|[EXTERNAL]|Bytes:12
13:39:46.0 (185392603)|HEAP_ALLOCATE|[EXTERNAL]|Bytes:12
13:39:46.0 (185412309)|VARIABLE_SCOPE_BEGIN|[1]|this|TaskTrigger|true|false
13:39:46.0 (185480425)|VARIABLE_ASSIGNMENT|[1]|this|{}|0x319df738
13:39:46.0 (185552257)|HEAP_ALLOCATE|[EXTERNAL]|Bytes:12
13:39:46.0 (185626007)|VARIABLE_SCOPE_BEGIN|[1]|this|TaskTrigger|true|false
13:39:46.0 (185645257)|VARIABLE_ASSIGNMENT|[1]|this|{}|0x319df738
13:39:46.0 (185656771)|STATEMENT_EXECUTE|[1]
13:39:46.0 (185659441)|STATEMENT_EXECUTE|[3]
13:39:46.0 (188149104)|VARIABLE_ASSIGNMENT|[3]|this.listNew|[{"Status":"Completed","LastModifiedDate":"2018-04-13T11:39:46.000Z","IsDeleted":false,"AccountId":"0011r00001nnc3XAAQ","WhatId":"0011r00001nnc3XAAQ","ActivityDate":"2020-01-11T00:00:00.000Z","Priority":"Normal","IsHighPriority":false,"IsClosed":true,"IsRecurrence":false,"Subject":"Task","SystemModstamp":"2018-04-13T11:39:46.000Z","IsArchived":false,"CreatedById":"0051r000007Oz5QAAS","TaskSubtype":"Task","OwnerId":"0051r000007Oz5QAAS","CreatedDate":"2018-04-13T11:39:46.000Z","Id":"00T1r00004C4oHkEAJ","DB_Activity_Type__c":"Other","IsReminderSet":false,"LastModifiedById":"0051r000007Oz5QAAS"},{"Status":"Completed","LastModifiedDate":"2018-04-13T11:39:46.000Z","IsDeleted":false,"AccountId":"0011r00001nnc3XAAQ","WhatId":"0061r00000vk6srAAA","ActivityDate":"2022-01-11T00:00:00.000Z","Priority":"Normal","IsHighPriority":false,"IsClosed":true,"IsRecurrence":false,"Subject":"Task2","SystemModstamp":"2018-04-13T11:39:46.000Z","IsArchived":false,"CreatedById":"0051r000007Oz5QAAS","TaskSubtype":"Task","OwnerId":"0051r000007Oz5QAAS","CreatedDate":"2018-04-13T11:39:46.000Z","Id":"00T1r00004C4oHlEAJ","DB_Activity_Type__c":"Other","IsReminderSet":false,"LastModifiedById":"0051r000007Oz5QAAS"}]|0x319df738
13:39:46.0 (188179663)|STATEMENT_EXECUTE|[5]
13:39:46.0 (189741022)|VARIABLE_ASSIGNMENT|[5]|this.mapOld|{"00T1r00004C4oHkEAJ":{"Status":"Not Started","LastModifiedDate":"2018-04-13T11:39:46.000Z","IsDeleted":false,"AccountId":"0011r00001nnc3XAAQ","WhatId":"0011r00001nnc3XAAQ","ActivityDate":"2020-01-11T00:00:00.000Z","Priority":"Normal","IsHighPriority":false,"IsClosed":false,"IsRecurrence":false,"Subject":"Task","SystemModstamp":"2018-04-13T11:39:46.000Z","IsArchived":false,"CreatedById":"0051r000007Oz5QAAS","TaskSubtype":"Task","OwnerId":"0051r000007Oz5QAAS","CreatedDate":"2018-04-13T11:39:46.000Z","Id":"00T1r00004C4oHkEAJ","DB_Activity_Type__c":"Other","IsReminderSet":false,"LastModifiedById":"0051r000007Oz5QAAS"},"00T1r00004C4oHlEAJ":{"Status":"In Progress","LastModifiedDate":"2018-04-13T11:39:46.000Z","IsDeleted":false,"AccountId":"0011r00001nnc3XAAQ","WhatId":"0061r00000vk6srAAA","ActivityDate":"2022-01-11T00:00:00.000Z","Priority":"Normal","IsHighPriority":false,"IsClosed":false,"IsRecurrence":false,"Subject":"Task2","SystemModstamp":"2018-04-13T11:39:46.000Z","IsArchived":false,"CreatedById":"0051r000007Oz5QAAS","TaskSubtype":"Task","OwnerId":"0051r000007Oz5QAAS","CreatedDate":"2018-04-13T11:39:46.000Z","Id":"00T1r00004C4oHlEAJ","DB_Activity_Type__c":"Other","IsReminderSet":false,"LastModifiedById":"0051r000007Oz5QAAS"}}|0x319df738
13:39:46.0 (189776512)|STATEMENT_EXECUTE|[8]
13:39:46.0 (189782788)|STATEMENT_EXECUTE|[9]
13:39:46.0 (189784596)|STATEMENT_EXECUTE|[10]
13:39:46.0 (191144083)|HEAP_ALLOCATE|[10]|Bytes:1
13:39:46.0 (191170408)|METHOD_ENTRY|[1]|01p1r000009oS6S|TaskMethods.TaskMethods()
13:39:46.0 (191178266)|STATEMENT_EXECUTE|[1]
13:39:46.0 (191184040)|STATEMENT_EXECUTE|[1]
13:39:46.0 (191556766)|SYSTEM_MODE_ENTER|false
13:39:46.0 (191572591)|HEAP_ALLOCATE|[10]|Bytes:5
13:39:46.0 (191584563)|SYSTEM_MODE_EXIT|false
13:39:46.0 (191596100)|METHOD_EXIT|[1]|TaskMethods
13:39:46.0 (191621995)|METHOD_ENTRY|[10]|01p1r000009oS6S|TaskMethods.CerrarTarea(List<Task>)
13:39:46.0 (191656407)|VARIABLE_SCOPE_BEGIN|[3]|listTask|List<Task>|true|false
13:39:46.0 (192567286)|VARIABLE_ASSIGNMENT|[3]|listTask|[{"Status":"Completed","LastModifiedDate":"2018-04-13T11:39:46.000Z","IsDeleted":false,"AccountId":"0011r00001nnc3XAAQ","WhatId":"0011r00001nnc3XAAQ","ActivityDate":"2020-01-11T00:00:00.000Z","Priority":"Normal","IsHighPriority":false,"IsClosed":true,"IsRecurrence":false,"Subject":"Task","SystemModstamp":"2018-04-13T11:39:46.000Z","IsArchived":false,"CreatedById":"0051r000007Oz5QAAS","TaskSubtype":"Task","OwnerId":"0051r000007Oz5QAAS","CreatedDate":"2018-04-13T11:39:46.000Z","Id":"00T1r00004C4oHkEAJ","DB_Activity_Type__c":"Other","IsReminderSet":false,"LastModifiedById":"0051r000007Oz5QAAS"},{"Status":"Completed","LastModifiedDate":"2018-04-13T11:39:46.000Z","IsDeleted":false,"AccountId":"0011r00001nnc3XAAQ","WhatId":"0061r00000vk6srAAA","ActivityDate":"2022-01-11T00:00:00.000Z","Priority":"Normal","IsHighPriority":false,"IsClosed":true,"IsRecurrence":false,"Subject":"Task2","SystemModstamp":"2018-04-13T11:39:46.000Z","IsArchived":false,"CreatedById":"0051r000007Oz5QAAS","TaskSubtype":"Task","OwnerId":"0051r000007Oz5QAAS","CreatedDate":"2018-04-13T11:39:46.000Z","Id":"00T1r00004C4oHlEAJ","DB_Activity_Type__c":"Other","IsReminderSet":false,"LastModifiedById":"0051r000007Oz5QAAS"}]|0xee84028
13:39:46.0 (192618077)|SYSTEM_MODE_ENTER|false
13:39:46.0 (192626424)|HEAP_ALLOCATE|[5]|Bytes:5
13:39:46.0 (192633043)|STATEMENT_EXECUTE|[3]
13:39:46.0 (192688101)|STATEMENT_EXECUTE|[5]
13:39:46.0 (192690601)|STATEMENT_EXECUTE|[8]
13:39:46.0 (192739749)|HEAP_ALLOCATE|[8]|Bytes:4
13:39:46.0 (192750258)|HEAP_ALLOCATE|[8]|Bytes:22
13:39:46.0 (192765280)|HEAP_ALLOCATE|[8]|Bytes:4
13:39:46.0 (192944202)|SOQL_EXECUTE_BEGIN|[8]|Aggregations:0|SELECT Id FROM Account
13:39:46.0 (197394923)|SOQL_EXECUTE_END|[8]|Rows:2
13:39:46.0 (197419513)|HEAP_ALLOCATE|[8]|Bytes:12
13:39:46.0 (197438109)|HEAP_ALLOCATE|[8]|Bytes:58
13:39:46.0 (197497335)|HEAP_ALLOCATE|[8]|Bytes:12
13:39:46.0 (197548206)|HEAP_ALLOCATE|[8]|Bytes:8
13:39:46.0 (197560347)|HEAP_ALLOCATE|[8]|Bytes:18
13:39:46.0 (197566152)|HEAP_ALLOCATE|[8]|Bytes:8
13:39:46.0 (197571064)|HEAP_ALLOCATE|[8]|Bytes:18
13:39:46.0 (197580740)|VARIABLE_SCOPE_BEGIN|[8]|mapAllAccounts|Map<String,Account>|true|false
13:39:46.0 (197608621)|VARIABLE_ASSIGNMENT|[8]|mapAllAccounts|{"0011r00001nnc3WAAQ":{"Id":"0011r00001nnc3WAAQ"},"0011r00001nnc3XAAQ":{"Id":"0011r00001nnc3XAAQ"}}|0x18823732
13:39:46.0 (197617035)|STATEMENT_EXECUTE|[9]
13:39:46.0 (197651488)|HEAP_ALLOCATE|[9]|Bytes:4
13:39:46.0 (197658189)|HEAP_ALLOCATE|[9]|Bytes:26
13:39:46.0 (197666549)|HEAP_ALLOCATE|[9]|Bytes:4
13:39:46.0 (197762701)|SOQL_EXECUTE_BEGIN|[9]|Aggregations:0|SELECT Id FROM Opportunity
13:39:46.0 (200199493)|SOQL_EXECUTE_END|[9]|Rows:1
13:39:46.0 (200220936)|HEAP_ALLOCATE|[9]|Bytes:8
13:39:46.0 (200232940)|HEAP_ALLOCATE|[9]|Bytes:29
13:39:46.0 (200260896)|HEAP_ALLOCATE|[9]|Bytes:8
13:39:46.0 (200288581)|HEAP_ALLOCATE|[9]|Bytes:8
13:39:46.0 (200302425)|HEAP_ALLOCATE|[9]|Bytes:18
13:39:46.0 (200311948)|VARIABLE_SCOPE_BEGIN|[9]|mapAllOportunities|Map<String,Opportunity>|true|false
13:39:46.0 (200334545)|VARIABLE_ASSIGNMENT|[9]|mapAllOportunities|{"0061r00000vk6srAAA":{"Id":"0061r00000vk6srAAA"}}|0x4c9847af
13:39:46.0 (200342645)|STATEMENT_EXECUTE|[12]
13:39:46.0 (200357240)|HEAP_ALLOCATE|[12]|Bytes:4
13:39:46.0 (200418588)|VARIABLE_SCOPE_BEGIN|[12]|listAccountUpdate|List<Account>|true|false
13:39:46.0 (200430214)|HEAP_ALLOCATE|[EXTERNAL]|Bytes:4
13:39:46.0 (200440395)|VARIABLE_ASSIGNMENT|[12]|listAccountUpdate|[]|0x53c3626e
13:39:46.0 (200447647)|STATEMENT_EXECUTE|[13]
13:39:46.0 (200461120)|HEAP_ALLOCATE|[13]|Bytes:4
13:39:46.0 (200488614)|VARIABLE_SCOPE_BEGIN|[13]|listOpportunityUpdate|List<Opportunity>|true|false
13:39:46.0 (200497115)|HEAP_ALLOCATE|[EXTERNAL]|Bytes:4
13:39:46.0 (200503417)|VARIABLE_ASSIGNMENT|[13]|listOpportunityUpdate|[]|0x215f3cf5
13:39:46.0 (200509029)|STATEMENT_EXECUTE|[16]
13:39:46.0 (200528101)|HEAP_ALLOCATE|[16]|Bytes:4
13:39:46.0 (200554877)|VARIABLE_SCOPE_BEGIN|[16]|listAccountIds|Set<String>|true|false
13:39:46.0 (200580095)|VARIABLE_ASSIGNMENT|[16]|listAccountIds|[]|0x1b316460
13:39:46.0 (200586600)|STATEMENT_EXECUTE|[17]
13:39:46.0 (200593007)|HEAP_ALLOCATE|[17]|Bytes:4
13:39:46.0 (200608031)|VARIABLE_SCOPE_BEGIN|[17]|listOpportunityIds|Set<String>|true|false
13:39:46.0 (200622450)|VARIABLE_ASSIGNMENT|[17]|listOpportunityIds|[]|0x159afd96
13:39:46.0 (200675291)|HEAP_ALLOCATE|[20]|Bytes:5
13:39:46.0 (200698450)|VARIABLE_SCOPE_BEGIN|[20]|inTask|Task|true|false
13:39:46.0 (200959982)|VARIABLE_ASSIGNMENT|[20]|inTask|{"Status":"Completed","LastModifiedDate":"2018-04-13T11:39:46.000Z","IsDeleted":false,"AccountId":"0011r00001nnc3XAAQ","WhatId":"0011r00001nnc3XAAQ","ActivityDate":"2020-01-11T00:00:00.000Z","Priority":"Normal","IsHighPriority":false,"IsClosed":true,"IsRecurrence":false,"Subject":"Task","SystemModstamp":"2018-04-13T11:39:46.000Z","IsArchived":false,"CreatedById":"0051r000007Oz5QAAS","TaskSubtype":"Task","OwnerId":"0051r000007Oz5QAAS","CreatedDate":"2018-04-13T11:39:46.000Z","Id":"00T1r00004C4oHkEAJ","DB_Activity_Type__c":"Other","IsReminderSet":false,"LastModifiedById":"0051r000007Oz5QAAS"}|0x5d023d59
13:39:46.0 (200976896)|STATEMENT_EXECUTE|[20]
13:39:46.0 (201021997)|STATEMENT_EXECUTE|[21]
13:39:46.0 (201098145)|STATEMENT_EXECUTE|[22]
13:39:46.0 (201100741)|STATEMENT_EXECUTE|[24]
13:39:46.0 (201129026)|HEAP_ALLOCATE|[EXTERNAL]|Bytes:4
13:39:46.0 (201148889)|HEAP_ALLOCATE|[20]|Bytes:5
13:39:46.0 (201163893)|VARIABLE_SCOPE_BEGIN|[20]|inTask|Task|true|false
13:39:46.0 (201310823)|VARIABLE_ASSIGNMENT|[20]|inTask|{"Status":"Completed","LastModifiedDate":"2018-04-13T11:39:46.000Z","IsDeleted":false,"AccountId":"0011r00001nnc3XAAQ","WhatId":"0061r00000vk6srAAA","ActivityDate":"2022-01-11T00:00:00.000Z","Priority":"Normal","IsHighPriority":false,"IsClosed":true,"IsRecurrence":false,"Subject":"Task2","SystemModstamp":"2018-04-13T11:39:46.000Z","IsArchived":false,"CreatedById":"0051r000007Oz5QAAS","TaskSubtype":"Task","OwnerId":"0051r000007Oz5QAAS","CreatedDate":"2018-04-13T11:39:46.000Z","Id":"00T1r00004C4oHlEAJ","DB_Activity_Type__c":"Other","IsReminderSet":false,"LastModifiedById":"0051r000007Oz5QAAS"}|0x15e07c30
13:39:46.0 (201336673)|STATEMENT_EXECUTE|[20]
13:39:46.0 (201351828)|STATEMENT_EXECUTE|[21]
13:39:46.0 (201400292)|STATEMENT_EXECUTE|[25]
13:39:46.0 (201402661)|STATEMENT_EXECUTE|[26]
13:39:46.0 (201422240)|HEAP_ALLOCATE|[EXTERNAL]|Bytes:4
13:39:46.0 (201438832)|HEAP_ALLOCATE|[20]|Bytes:5
13:39:46.0 (201453841)|VARIABLE_ASSIGNMENT|[20]|inTask|null|
13:39:46.0 (201460163)|STATEMENT_EXECUTE|[32]
13:39:46.0 (201477278)|HEAP_ALLOCATE|[32]|Bytes:4
13:39:46.0 (201483874)|HEAP_ALLOCATE|[32]|Bytes:57
13:39:46.0 (201492588)|HEAP_ALLOCATE|[32]|Bytes:4
13:39:46.0 (201526274)|HEAP_ALLOCATE|[32]|Bytes:8
13:39:46.0 (201535604)|HEAP_ALLOCATE|[32]|Bytes:8
13:39:46.0 (201670145)|SOQL_EXECUTE_BEGIN|[32]|Aggregations:0|SELECT Id, AccountId FROM Opportunity WHERE id = :tmpVar1
13:39:46.0 (204355622)|SOQL_EXECUTE_END|[32]|Rows:1
13:39:46.0 (204377414)|HEAP_ALLOCATE|[32]|Bytes:8
13:39:46.0 (204390636)|HEAP_ALLOCATE|[32]|Bytes:60
13:39:46.0 (204418707)|HEAP_ALLOCATE|[32]|Bytes:8
13:39:46.0 (204434763)|HEAP_ALLOCATE|[32]|Bytes:12
13:39:46.0 (204444790)|HEAP_ALLOCATE|[32]|Bytes:18
13:39:46.0 (204453339)|VARIABLE_SCOPE_BEGIN|[32]|mapOportunity|Map<String,Opportunity>|true|false
13:39:46.0 (204477686)|VARIABLE_ASSIGNMENT|[32]|mapOportunity|{"0061r00000vk6srAAA":{"Id":"0061r00000vk6srAAA","AccountId":"0011r00001nnc3XAAQ"}}|0x69c1ffd2
13:39:46.0 (204494574)|HEAP_ALLOCATE|[35]|Bytes:4
13:39:46.0 (204535265)|HEAP_ALLOCATE|[35]|Bytes:4
13:39:46.0 (204561979)|HEAP_ALLOCATE|[35]|Bytes:5
13:39:46.0 (204575346)|VARIABLE_SCOPE_BEGIN|[35]|idOportunity|String|false|false
13:39:46.0 (204586201)|VARIABLE_ASSIGNMENT|[35]|idOportunity|"0061r00000vk6srAAA"
13:39:46.0 (204592767)|STATEMENT_EXECUTE|[35]
13:39:46.0 (204594891)|STATEMENT_EXECUTE|[36]
13:39:46.0 (204658182)|HEAP_ALLOCATE|[EXTERNAL]|Bytes:4
13:39:46.0 (204674279)|HEAP_ALLOCATE|[35]|Bytes:5
13:39:46.0 (204686247)|VARIABLE_ASSIGNMENT|[35]|idOportunity|null
13:39:46.0 (204693023)|STATEMENT_EXECUTE|[42]
13:39:46.0 (204708701)|HEAP_ALLOCATE|[42]|Bytes:4
13:39:46.0 (204715734)|HEAP_ALLOCATE|[42]|Bytes:91
13:39:46.0 (204723546)|HEAP_ALLOCATE|[42]|Bytes:4
13:39:46.0 (204748664)|HEAP_ALLOCATE|[42]|Bytes:8
13:39:46.0 (204756758)|HEAP_ALLOCATE|[42]|Bytes:8
13:39:46.0 (204904901)|SOQL_EXECUTE_BEGIN|[42]|Aggregations:0|SELECT Id, Fecha_ltima_actividad_m_s_reciente__c, ParentId FROM Account WHERE id = :tmpVar1
13:39:46.0 (207635805)|SOQL_EXECUTE_END|[42]|Rows:1
13:39:46.0 (207657793)|HEAP_ALLOCATE|[42]|Bytes:8
13:39:46.0 (207673603)|HEAP_ALLOCATE|[42]|Bytes:104
13:39:46.0 (207703407)|HEAP_ALLOCATE|[42]|Bytes:8
13:39:46.0 (207720860)|HEAP_ALLOCATE|[42]|Bytes:16
13:39:46.0 (207730960)|HEAP_ALLOCATE|[42]|Bytes:18
13:39:46.0 (207739442)|VARIABLE_SCOPE_BEGIN|[42]|mapAccount|Map<String,Account>|true|false
13:39:46.0 (207783707)|VARIABLE_ASSIGNMENT|[42]|mapAccount|{"0011r00001nnc3XAAQ":{"Id":"0011r00001nnc3XAAQ","Fecha_ltima_activida (17 more) ...":"2018-01-11T00:00:00.000Z","ParentId":"0011r00001nnc3WAAQ"}}|0x616e2ee2
13:39:46.0 (207834292)|HEAP_ALLOCATE|[45]|Bytes:5
13:39:46.0 (207852915)|VARIABLE_SCOPE_BEGIN|[45]|inTask|Task|true|false
13:39:46.0 (208070549)|VARIABLE_ASSIGNMENT|[45]|inTask|{"Status":"Completed","LastModifiedDate":"2018-04-13T11:39:46.000Z","IsDeleted":false,"AccountId":"0011r00001nnc3XAAQ","WhatId":"0011r00001nnc3XAAQ","ActivityDate":"2020-01-11T00:00:00.000Z","Priority":"Normal","IsHighPriority":false,"IsClosed":true,"IsRecurrence":false,"Subject":"Task","SystemModstamp":"2018-04-13T11:39:46.000Z","IsArchived":false,"CreatedById":"0051r000007Oz5QAAS","TaskSubtype":"Task","OwnerId":"0051r000007Oz5QAAS","CreatedDate":"2018-04-13T11:39:46.000Z","Id":"00T1r00004C4oHkEAJ","DB_Activity_Type__c":"Other","IsReminderSet":false,"LastModifiedById":"0051r000007Oz5QAAS"}|0x5d023d59
13:39:46.0 (208088140)|STATEMENT_EXECUTE|[45]
13:39:46.0 (208221751)|STATEMENT_EXECUTE|[47]
13:39:46.0 (208224585)|STATEMENT_EXECUTE|[49]
13:39:46.0 (208306438)|VARIABLE_ASSIGNMENT|[49]|this.Fecha_ltima_actividad_m_s_reciente__c|"2020-01-11T00:00:00.000Z"|0x366ed3d0
13:39:46.0 (208315756)|STATEMENT_EXECUTE|[50]
13:39:46.0 (208356248)|HEAP_ALLOCATE|[EXTERNAL]|Bytes:4
13:39:46.0 (208374277)|HEAP_ALLOCATE|[45]|Bytes:5
13:39:46.0 (208388653)|VARIABLE_SCOPE_BEGIN|[45]|inTask|Task|true|false
13:39:46.0 (208536693)|VARIABLE_ASSIGNMENT|[45]|inTask|{"Status":"Completed","LastModifiedDate":"2018-04-13T11:39:46.000Z","IsDeleted":false,"AccountId":"0011r00001nnc3XAAQ","WhatId":"0061r00000vk6srAAA","ActivityDate":"2022-01-11T00:00:00.000Z","Priority":"Normal","IsHighPriority":false,"IsClosed":true,"IsRecurrence":false,"Subject":"Task2","SystemModstamp":"2018-04-13T11:39:46.000Z","IsArchived":false,"CreatedById":"0051r000007Oz5QAAS","TaskSubtype":"Task","OwnerId":"0051r000007Oz5QAAS","CreatedDate":"2018-04-13T11:39:46.000Z","Id":"00T1r00004C4oHlEAJ","DB_Activity_Type__c":"Other","IsReminderSet":false,"LastModifiedById":"0051r000007Oz5QAAS"}|0x15e07c30
13:39:46.0 (208552292)|STATEMENT_EXECUTE|[45]
13:39:46.0 (208594093)|EXCEPTION_THROWN|[47]|System.NullPointerException: Attempt to de-reference a null object
13:39:46.0 (208691504)|HEAP_ALLOCATE|[47]|Bytes:41
13:39:46.0 (208706850)|SYSTEM_MODE_EXIT|false
13:39:46.0 (208720412)|METHOD_EXIT|[10]|01p1r000009oS6S|TaskMethods.CerrarTarea(List<Task>)
13:39:46.0 (208800546)|FATAL_ERROR|System.NullPointerException: Attempt to de-reference a null object

Class.TaskMethods.CerrarTarea: line 47, column 1
Trigger.TaskTrigger: line 10, column 1
13:39:46.0 (208815807)|FATAL_ERROR|System.NullPointerException: Attempt to de-reference a null object

Class.TaskMethods.CerrarTarea: line 47, column 1
Trigger.TaskTrigger: line 10, column 1
13:39:46.208 (208854507)|CUMULATIVE_LIMIT_USAGE
13:39:46.208 (208854507)|LIMIT_USAGE_FOR_NS|(default)|
  Number of SOQL queries: 5 out of 100
  Number of query rows: 5 out of 50000
  Number of SOSL queries: 0 out of 20
  Number of DML statements: 5 out of 150
  Number of DML rows: 7 out of 10000
  Maximum CPU time: 0 out of 10000
  Maximum heap size: 0 out of 6000000
  Number of callouts: 0 out of 100
  Number of Email Invocations: 0 out of 10
  Number of future calls: 0 out of 50
  Number of queueable jobs added to the queue: 0 out of 50
  Number of Mobile Apex push calls: 0 out of 10

13:39:46.208 (208854507)|CUMULATIVE_LIMIT_USAGE_END

13:39:46.0 (209997199)|CODE_UNIT_FINISHED|TaskTrigger on Task trigger event AfterUpdate
13:39:46.0 (212609995)|DML_END|[55]
13:39:46.0 (212688434)|EXCEPTION_THROWN|[55]|System.DmlException: Update failed. First exception on row 0 with id 00T1r00004C4oHkEAJ; first error: CANNOT_INSERT_UPDATE_ACTIVATE_ENTITY, TaskTrigger: execution of AfterUpdate

caused by: System.NullPointerException: Attempt to de-reference a null object

Class.TaskMethods.CerrarTarea: line 47, column 1
Trigger.TaskTrigger: line 10, column 1: []
13:39:46.0 (212997575)|HEAP_ALLOCATE|[55]|Bytes:332
13:39:46.0 (213069205)|FATAL_ERROR|System.DmlException: Update failed. First exception on row 0 with id 00T1r00004C4oHkEAJ; first error: CANNOT_INSERT_UPDATE_ACTIVATE_ENTITY, TaskTrigger: execution of AfterUpdate

caused by: System.NullPointerException: Attempt to de-reference a null object

Class.TaskMethods.CerrarTarea: line 47, column 1
Trigger.TaskTrigger: line 10, column 1: []

Class.TaskTest.testCerrarTarea: line 55, column 1
13:39:46.0 (213086371)|FATAL_ERROR|System.DmlException: Update failed. First exception on row 0 with id 00T1r00004C4oHkEAJ; first error: CANNOT_INSERT_UPDATE_ACTIVATE_ENTITY, TaskTrigger: execution of AfterUpdate

caused by: System.NullPointerException: Attempt to de-reference a null object

Class.TaskMethods.CerrarTarea: line 47, column 1
Trigger.TaskTrigger: line 10, column 1: []

Class.TaskTest.testCerrarTarea: line 55, column 1
13:39:46.213 (213097485)|CUMULATIVE_LIMIT_USAGE
13:39:46.213 (213097485)|LIMIT_USAGE_FOR_NS|(default)|
  Number of SOQL queries: 1 out of 100
  Number of query rows: 0 out of 50000
  Number of SOSL queries: 0 out of 20
  Number of DML statements: 5 out of 150
  Number of DML rows: 7 out of 10000
  Maximum CPU time: 0 out of 10000
  Maximum heap size: 0 out of 6000000
  Number of callouts: 0 out of 100
  Number of Email Invocations: 0 out of 10
  Number of future calls: 0 out of 50
  Number of queueable jobs added to the queue: 0 out of 50
  Number of Mobile Apex push calls: 0 out of 10

13:39:46.213 (213097485)|CUMULATIVE_LIMIT_USAGE_END

13:39:46.0 (213125638)|CODE_UNIT_FINISHED|TaskTest.testCerrarTarea
13:39:46.0 (213897600)|EXECUTION_FINISHED
13:39:46.310 (310488769)|USER_INFO|[EXTERNAL]|0051r000007Oz5Q|lydia.abril@gmail.com|hora estándar de Europa central|GMT+02:00
13:39:46.310 (310510442)|EXECUTION_STARTED
13:39:46.310 (310514214)|CODE_UNIT_STARTED|[EXTERNAL]|DuplicateDetector
13:39:46.310 (310533363)|DUPLICATE_DETECTION_BEGIN
13:39:46.310 (310585418)|DUPLICATE_DETECTION_RULE_INVOCATION|DuplicateRuleId:0Bm1r0000018X88|DuplicateRuleName:Standard Account Duplicate Rule|DmlType:INSERT
13:39:46.310 (318881607)|DUPLICATE_DETECTION_END
13:39:46.310 (318890645)|CODE_UNIT_FINISHED|DuplicateDetector
13:39:46.310 (319722976)|EXECUTION_FINISHED
