36.0 APEX_CODE,FINEST;APEX_PROFILING,INFO;CALLOUT,INFO;DB,INFO;SYSTEM,DEBUG;VALIDATION,INFO;VISUALFORCE,INFO;WAVE,INFO;WORKFLOW,INFO
13:22:54.0 (338486)|USER_INFO|[EXTERNAL]|0051r000007Oz5Q|lydia.abril@gmail.com|hora estándar de Europa central|GMT+02:00
13:22:54.0 (397349)|EXECUTION_STARTED
13:22:54.0 (401583)|CODE_UNIT_STARTED|[EXTERNAL]|TRIGGERS
13:22:54.0 (1112913)|CODE_UNIT_STARTED|[EXTERNAL]|01q1r000000isRT|ReservaVueloTrigger on Reserva_Vuelo trigger event BeforeInsert
13:22:54.0 (1150091)|HEAP_ALLOCATE|[EXTERNAL]|Bytes:8
13:22:54.0 (1488872)|HEAP_ALLOCATE|[72]|Bytes:3
13:22:54.0 (1520997)|HEAP_ALLOCATE|[77]|Bytes:152
13:22:54.0 (1535299)|HEAP_ALLOCATE|[342]|Bytes:408
13:22:54.0 (1548597)|HEAP_ALLOCATE|[355]|Bytes:408
13:22:54.0 (1558669)|HEAP_ALLOCATE|[467]|Bytes:48
13:22:54.0 (1584220)|HEAP_ALLOCATE|[139]|Bytes:6
13:22:54.0 (1711339)|HEAP_ALLOCATE|[EXTERNAL]|Bytes:12
13:22:54.0 (1722340)|VARIABLE_SCOPE_BEGIN|[1]|this|ReservaVueloTrigger|true|false
13:22:54.0 (1791919)|VARIABLE_ASSIGNMENT|[1]|this|{}|0x7b381de0
13:22:54.0 (1872373)|HEAP_ALLOCATE|[EXTERNAL]|Bytes:12
13:22:54.0 (1879583)|VARIABLE_SCOPE_BEGIN|[1]|this|ReservaVueloTrigger|true|false
13:22:54.0 (1896006)|VARIABLE_ASSIGNMENT|[1]|this|{}|0x7b381de0
13:22:54.0 (1911860)|STATEMENT_EXECUTE|[1]
13:22:54.0 (1914361)|STATEMENT_EXECUTE|[4]
13:22:54.0 (1944514)|HEAP_ALLOCATE|[50]|Bytes:5
13:22:54.0 (1964684)|HEAP_ALLOCATE|[56]|Bytes:5
13:22:54.0 (1973457)|HEAP_ALLOCATE|[64]|Bytes:7
13:22:54.0 (2302568)|VARIABLE_ASSIGNMENT|[4]|this.listNew|[{"Contacto__c":"0031r000024gjgbAAA","Origen__c":"Madrid","Destino__c":"Berlín","IsDeleted":false,"Fecha_Salida__c":"2018-04-27T11:22:00.000Z","OwnerId":"0051r000007Oz5QAAS","Observaciones__c":"aaaaaaa","Case__c":"Turista","Modificado__c":false,"Name":"qqqqq"}]|0x7b381de0
13:22:54.0 (2320431)|STATEMENT_EXECUTE|[7]
13:22:54.0 (2337981)|VARIABLE_ASSIGNMENT|[7]|this.mapOld|null|0x7b381de0
13:22:54.0 (2349088)|STATEMENT_EXECUTE|[10]
13:22:54.0 (2353512)|STATEMENT_EXECUTE|[11]
13:22:54.0 (2355192)|STATEMENT_EXECUTE|[12]
13:22:54.0 (3908924)|HEAP_ALLOCATE|[12]|Bytes:4
13:22:54.0 (3931769)|METHOD_ENTRY|[1]|01p1r000007Yidp|ReservaVueloMethods.ReservaVueloMethods()
13:22:54.0 (3940135)|STATEMENT_EXECUTE|[1]
13:22:54.0 (3945133)|STATEMENT_EXECUTE|[1]
13:22:54.0 (4284374)|SYSTEM_MODE_ENTER|false
13:22:54.0 (4298683)|HEAP_ALLOCATE|[12]|Bytes:5
13:22:54.0 (4306564)|SYSTEM_MODE_EXIT|false
13:22:54.0 (4317172)|METHOD_EXIT|[1]|ReservaVueloMethods
13:22:54.0 (4341575)|METHOD_ENTRY|[12]|01p1r000007Yidp|ReservaVueloMethods.RellenarCuenta(List<Reserva_Vuelo__c>)
13:22:54.0 (4369734)|VARIABLE_SCOPE_BEGIN|[4]|listReservas|List<Reserva_Vuelo__c>|true|false
13:22:54.0 (4495530)|VARIABLE_ASSIGNMENT|[4]|listReservas|[{"Contacto__c":"0031r000024gjgbAAA","Origen__c":"Madrid","Destino__c":"Berlín","IsDeleted":false,"Fecha_Salida__c":"2018-04-27T11:22:00.000Z","OwnerId":"0051r000007Oz5QAAS","Observaciones__c":"aaaaaaa","Case__c":"Turista","Modificado__c":false,"Name":"qqqqq"}]|0x7dfc8c49
13:22:54.0 (4516989)|SYSTEM_MODE_ENTER|false
13:22:54.0 (4523704)|HEAP_ALLOCATE|[6]|Bytes:5
13:22:54.0 (4530194)|STATEMENT_EXECUTE|[4]
13:22:54.0 (4623461)|STATEMENT_EXECUTE|[6]
13:22:54.0 (4625829)|STATEMENT_EXECUTE|[9]
13:22:54.0 (4639776)|HEAP_ALLOCATE|[9]|Bytes:4
13:22:54.0 (4679921)|VARIABLE_SCOPE_BEGIN|[9]|listContactosIds|Set<String>|true|false
13:22:54.0 (4706638)|VARIABLE_ASSIGNMENT|[9]|listContactosIds|[]|0x1cf622a7
13:22:54.0 (4831155)|HEAP_ALLOCATE|[10]|Bytes:5
13:22:54.0 (4849440)|HEAP_ALLOCATE|[10]|Bytes:4
13:22:54.0 (4857926)|VARIABLE_SCOPE_BEGIN|[10]|inReserva|Reserva_Vuelo__c|true|false
13:22:54.0 (5006165)|VARIABLE_ASSIGNMENT|[10]|inReserva|{"Contacto__c":"0031r000024gjgbAAA","Origen__c":"Madrid","Destino__c":"Berlín","IsDeleted":false,"Fecha_Salida__c":"2018-04-27T11:22:00.000Z","OwnerId":"0051r000007Oz5QAAS","Observaciones__c":"aaaaaaa","Case__c":"Turista","Modificado__c":false,"Name":"qqqqq"}|0x17139d79
13:22:54.0 (5018992)|STATEMENT_EXECUTE|[10]
13:22:54.0 (5021112)|STATEMENT_EXECUTE|[11]
13:22:54.0 (5079167)|HEAP_ALLOCATE|[EXTERNAL]|Bytes:4
13:22:54.0 (5097787)|HEAP_ALLOCATE|[10]|Bytes:5
13:22:54.0 (5111137)|VARIABLE_ASSIGNMENT|[10]|inReserva|null|
13:22:54.0 (5116800)|STATEMENT_EXECUTE|[23]
13:22:54.0 (5164399)|HEAP_ALLOCATE|[23]|Bytes:4
13:22:54.0 (5171379)|HEAP_ALLOCATE|[23]|Bytes:49
13:22:54.0 (5179626)|HEAP_ALLOCATE|[23]|Bytes:4
13:22:54.0 (5189042)|HEAP_ALLOCATE|[23]|Bytes:7
13:22:54.0 (5220282)|HEAP_ALLOCATE|[23]|Bytes:8
13:22:54.0 (5229040)|HEAP_ALLOCATE|[23]|Bytes:8
13:22:54.0 (5559458)|SOQL_EXECUTE_BEGIN|[23]|Aggregations:0|SELECT AccountId FROM Contact WHERE id = :tmpVar1
13:22:54.0 (7148968)|SOQL_EXECUTE_END|[23]|Rows:1
13:22:54.0 (7168606)|HEAP_ALLOCATE|[23]|Bytes:8
13:22:54.0 (7181037)|HEAP_ALLOCATE|[23]|Bytes:60
13:22:54.0 (7223156)|HEAP_ALLOCATE|[23]|Bytes:8
13:22:54.0 (7255837)|HEAP_ALLOCATE|[23]|Bytes:12
13:22:54.0 (7265767)|HEAP_ALLOCATE|[23]|Bytes:18
13:22:54.0 (7274390)|VARIABLE_SCOPE_BEGIN|[23]|contactos|Map<String,Contact>|true|false
13:22:54.0 (7299579)|VARIABLE_ASSIGNMENT|[23]|contactos|{"0031r000024gjgbAAA":{"AccountId":"0011r00001mvjj2AAA","Id":"0031r000024gjgbAAA"}}|0x4e564e8e
13:22:54.0 (7337975)|HEAP_ALLOCATE|[26]|Bytes:5
13:22:54.0 (7352081)|HEAP_ALLOCATE|[26]|Bytes:4
13:22:54.0 (7359197)|VARIABLE_SCOPE_BEGIN|[26]|inReserva|Reserva_Vuelo__c|true|false
13:22:54.0 (7470233)|VARIABLE_ASSIGNMENT|[26]|inReserva|{"Contacto__c":"0031r000024gjgbAAA","Origen__c":"Madrid","Destino__c":"Berlín","IsDeleted":false,"Fecha_Salida__c":"2018-04-27T11:22:00.000Z","OwnerId":"0051r000007Oz5QAAS","Observaciones__c":"aaaaaaa","Case__c":"Turista","Modificado__c":false,"Name":"qqqqq"}|0x17139d79
13:22:54.0 (7483161)|STATEMENT_EXECUTE|[26]
13:22:54.0 (7485388)|STATEMENT_EXECUTE|[27]
13:22:54.0 (7676854)|VARIABLE_ASSIGNMENT|[27]|this.Cuenta__c|"0011r00001mvjj2AAA"|0x17139d79
13:22:54.0 (7695430)|HEAP_ALLOCATE|[26]|Bytes:5
13:22:54.0 (7710090)|VARIABLE_ASSIGNMENT|[26]|inReserva|null|
13:22:54.0 (7717786)|SYSTEM_MODE_EXIT|false
13:22:54.0 (7726222)|METHOD_EXIT|[12]|01p1r000007Yidp|ReservaVueloMethods.RellenarCuenta(List<Reserva_Vuelo__c>)
13:22:54.0 (7739128)|STATEMENT_EXECUTE|[14]
13:22:54.7 (7748327)|CUMULATIVE_LIMIT_USAGE
13:22:54.7 (7748327)|LIMIT_USAGE_FOR_NS|(default)|
  Number of SOQL queries: 1 out of 100
  Number of query rows: 1 out of 50000
  Number of SOSL queries: 0 out of 20
  Number of DML statements: 0 out of 150
  Number of DML rows: 0 out of 10000
  Maximum CPU time: 0 out of 10000
  Maximum heap size: 0 out of 6000000
  Number of callouts: 0 out of 100
  Number of Email Invocations: 0 out of 10
  Number of future calls: 0 out of 50
  Number of queueable jobs added to the queue: 0 out of 50
  Number of Mobile Apex push calls: 0 out of 10

13:22:54.7 (7748327)|CUMULATIVE_LIMIT_USAGE_END

13:22:54.0 (8868898)|CODE_UNIT_FINISHED|ReservaVueloTrigger on Reserva_Vuelo trigger event BeforeInsert
13:22:54.0 (12360799)|CODE_UNIT_STARTED|[EXTERNAL]|Validation:Reserva_Vuelo:new
13:22:54.0 (12372742)|VALIDATION_RULE|03d1r0000006A1e|DiferentesCampos
13:22:54.0 (12589432)|VALIDATION_FORMULA|TEXT(Origen__c)  =  TEXT(Destino__c)|Destino__c=Berlín , Origen__c=Madrid
13:22:54.0 (12598055)|VALIDATION_PASS
13:22:54.0 (12600457)|VALIDATION_RULE|03d1r0000006A1Z|Fecha_de_salida
13:22:54.0 (12676800)|VALIDATION_FORMULA|Fecha_Salida__c  <   NOW()|Fecha_Salida__c=2018-04-27 11:22:00
13:22:54.0 (12683824)|VALIDATION_PASS
13:22:54.0 (12720783)|CODE_UNIT_FINISHED|Validation:Reserva_Vuelo:new
13:22:54.0 (106780552)|CODE_UNIT_FINISHED|TRIGGERS
13:22:54.0 (106795503)|EXECUTION_FINISHED
