36.0 APEX_CODE,FINEST;APEX_PROFILING,INFO;CALLOUT,INFO;DB,INFO;SYSTEM,DEBUG;VALIDATION,INFO;VISUALFORCE,INFO;WAVE,INFO;WORKFLOW,INFO
15:26:34.0 (537058)|USER_INFO|[EXTERNAL]|0051r000007Oz5Q|lydia.abril@gmail.com|hora estándar de Europa central|GMT+02:00
15:26:34.0 (583350)|EXECUTION_STARTED
15:26:34.0 (588368)|CODE_UNIT_STARTED|[EXTERNAL]|01p1r000007YiiW|ReservaVueloTest.testModificado
15:26:34.0 (807565)|HEAP_ALLOCATE|[72]|Bytes:3
15:26:34.0 (848011)|HEAP_ALLOCATE|[77]|Bytes:152
15:26:34.0 (868319)|HEAP_ALLOCATE|[342]|Bytes:408
15:26:34.0 (884813)|HEAP_ALLOCATE|[355]|Bytes:408
15:26:34.0 (898410)|HEAP_ALLOCATE|[467]|Bytes:48
15:26:34.0 (924775)|HEAP_ALLOCATE|[139]|Bytes:6
15:26:34.0 (944641)|HEAP_ALLOCATE|[EXTERNAL]|Bytes:110
15:26:34.0 (964212)|METHOD_ENTRY|[2]|01p1r000007YiiW|ReservaVueloTest.ReservaVueloTest()
15:26:34.0 (972718)|STATEMENT_EXECUTE|[2]
15:26:34.0 (978162)|STATEMENT_EXECUTE|[2]
15:26:34.0 (981932)|METHOD_EXIT|[2]|ReservaVueloTest
15:26:34.0 (1166238)|HEAP_ALLOCATE|[50]|Bytes:5
15:26:34.0 (1192274)|HEAP_ALLOCATE|[56]|Bytes:5
15:26:34.0 (1205506)|HEAP_ALLOCATE|[64]|Bytes:7
15:26:34.0 (1248875)|STATEMENT_EXECUTE|[47]
15:26:34.0 (1251177)|STATEMENT_EXECUTE|[49]
15:26:34.0 (1323586)|HEAP_ALLOCATE|[49]|Bytes:4
15:26:34.0 (1438431)|HEAP_ALLOCATE|[49]|Bytes:14
15:26:34.0 (1489933)|VARIABLE_ASSIGNMENT|[49]|this.LastName|"ContactoPrueba"|0x56bee330
15:26:34.0 (1497438)|HEAP_ALLOCATE|[49]|Bytes:9
15:26:34.0 (1526545)|VARIABLE_ASSIGNMENT|[49]|this.Nif__c|"47898592B"|0x56bee330
15:26:34.0 (1559845)|VARIABLE_SCOPE_BEGIN|[49]|oContact|Contact|true|false
15:26:34.0 (1580465)|VARIABLE_ASSIGNMENT|[49]|oContact|{"LastName":"ContactoPrueba","Nif__c":"47898592B"}|0x56bee330
15:26:34.0 (1587145)|STATEMENT_EXECUTE|[50]
15:26:34.0 (1611892)|HEAP_ALLOCATE|[50]|Bytes:8
15:26:34.0 (1625305)|DML_BEGIN|[50]|Op:Insert|Type:Contact|Rows:1
15:26:34.0 (1660215)|HEAP_ALLOCATE|[EXTERNAL]|Bytes:8
15:26:34.0 (21207287)|CODE_UNIT_STARTED|[EXTERNAL]|01q1r000000j4Bx|ContactTrigger on Contact trigger event BeforeInsert
15:26:34.0 (21255272)|HEAP_ALLOCATE|[EXTERNAL]|Bytes:8
15:26:34.0 (21400021)|HEAP_ALLOCATE|[EXTERNAL]|Bytes:8
15:26:34.0 (21413015)|VARIABLE_SCOPE_BEGIN|[1]|this|ContactTrigger|true|false
15:26:34.0 (21459664)|VARIABLE_ASSIGNMENT|[1]|this|{}|0x589fa369
15:26:34.0 (21506793)|HEAP_ALLOCATE|[EXTERNAL]|Bytes:8
15:26:34.0 (21514396)|VARIABLE_SCOPE_BEGIN|[1]|this|ContactTrigger|true|false
15:26:34.0 (21527408)|VARIABLE_ASSIGNMENT|[1]|this|{}|0x589fa369
15:26:34.0 (21537174)|STATEMENT_EXECUTE|[1]
15:26:34.0 (21539731)|STATEMENT_EXECUTE|[3]
15:26:34.0 (21961049)|VARIABLE_ASSIGNMENT|[3]|this.listNew|[{"IsDeleted":false,"IsEmailBounced":false,"CleanStatus":"Pending","DoNotCall":false,"OwnerId":"0051r000007Oz5QAAS","Premium__c":false,"HasOptedOutOfEmail":false,"HasOptedOutOfFax":false,"Nif__c":"47898592B","LastName":"ContactoPrueba"}]|0x589fa369
15:26:34.0 (21984377)|STATEMENT_EXECUTE|[5]
15:26:34.0 (21991817)|STATEMENT_EXECUTE|[6]
15:26:34.0 (21993553)|STATEMENT_EXECUTE|[7]
15:26:34.0 (25895189)|HEAP_ALLOCATE|[7]|Bytes:1
15:26:34.0 (25955805)|METHOD_ENTRY|[1]|01p1r000008aKc5|ContactMethods.ContactMethods()
15:26:34.0 (25968402)|STATEMENT_EXECUTE|[1]
15:26:34.0 (25978083)|STATEMENT_EXECUTE|[1]
15:26:34.0 (26373313)|SYSTEM_MODE_ENTER|false
15:26:34.0 (26393268)|HEAP_ALLOCATE|[7]|Bytes:5
15:26:34.0 (26405340)|SYSTEM_MODE_EXIT|false
15:26:34.0 (26419080)|METHOD_EXIT|[1]|ContactMethods
15:26:34.0 (26451700)|METHOD_ENTRY|[7]|01p1r000008aKc5|ContactMethods.ValidarNif(List<Contact>)
15:26:34.0 (26487793)|VARIABLE_SCOPE_BEGIN|[3]|listNew|List<Contact>|true|false
15:26:34.0 (26781470)|VARIABLE_ASSIGNMENT|[3]|listNew|[{"IsDeleted":false,"IsEmailBounced":false,"CleanStatus":"Pending","DoNotCall":false,"OwnerId":"0051r000007Oz5QAAS","Premium__c":false,"HasOptedOutOfEmail":false,"HasOptedOutOfFax":false,"Nif__c":"47898592B","LastName":"ContactoPrueba"}]|0x24b6ba97
15:26:34.0 (26810527)|SYSTEM_MODE_ENTER|false
15:26:34.0 (26817449)|HEAP_ALLOCATE|[5]|Bytes:5
15:26:34.0 (26823717)|STATEMENT_EXECUTE|[3]
15:26:34.0 (26946361)|STATEMENT_EXECUTE|[5]
15:26:34.0 (27160970)|HEAP_ALLOCATE|[7]|Bytes:5
15:26:34.0 (27184297)|HEAP_ALLOCATE|[7]|Bytes:4
15:26:34.0 (27197071)|VARIABLE_SCOPE_BEGIN|[7]|inContact|Contact|true|false
15:26:34.0 (27572546)|VARIABLE_ASSIGNMENT|[7]|inContact|{"IsDeleted":false,"IsEmailBounced":false,"CleanStatus":"Pending","DoNotCall":false,"OwnerId":"0051r000007Oz5QAAS","Premium__c":false,"HasOptedOutOfEmail":false,"HasOptedOutOfFax":false,"Nif__c":"47898592B","LastName":"ContactoPrueba"}|0x3ccc16ea
15:26:34.0 (27589221)|STATEMENT_EXECUTE|[7]
15:26:34.0 (31087873)|HEAP_ALLOCATE|[8]|Bytes:1
15:26:34.0 (31102275)|HEAP_ALLOCATE|[8]|Bytes:7
15:26:34.0 (31119434)|METHOD_ENTRY|[1]|01p1r000009oduV|Utils.Utils()
15:26:34.0 (31128665)|STATEMENT_EXECUTE|[1]
15:26:34.0 (31136041)|STATEMENT_EXECUTE|[1]
15:26:34.0 (31144946)|HEAP_ALLOCATE|[8]|Bytes:5
15:26:34.0 (31156596)|METHOD_EXIT|[1]|Utils
15:26:34.0 (31178611)|METHOD_ENTRY|[8]|01p1r000009oduV|Utils.isNifNie(String)
15:26:34.0 (31204502)|VARIABLE_SCOPE_BEGIN|[3]|nif|String|false|false
15:26:34.0 (31222081)|VARIABLE_ASSIGNMENT|[3]|nif|"47898592B"
15:26:34.0 (31242335)|HEAP_ALLOCATE|[5]|Bytes:5
15:26:34.0 (31250701)|STATEMENT_EXECUTE|[3]
15:26:34.0 (31253364)|STATEMENT_EXECUTE|[5]
15:26:34.0 (31257446)|HEAP_ALLOCATE|[5]|Bytes:4
15:26:34.0 (31278398)|HEAP_ALLOCATE|[5]|Bytes:13
15:26:34.0 (31325038)|USER_DEBUG|[5]|DEBUG|NIF 47898592B
15:26:34.0 (31380801)|HEAP_ALLOCATE|[7]|Bytes:9
15:26:34.0 (31394432)|HEAP_ALLOCATE|[7]|Bytes:1
15:26:34.0 (31416159)|HEAP_ALLOCATE|[7]|Bytes:9
15:26:34.0 (31423787)|HEAP_ALLOCATE|[7]|Bytes:1
15:26:34.0 (31439246)|HEAP_ALLOCATE|[7]|Bytes:9
15:26:34.0 (31446136)|HEAP_ALLOCATE|[7]|Bytes:1
15:26:34.0 (31458596)|STATEMENT_EXECUTE|[7]
15:26:34.0 (31460588)|STATEMENT_EXECUTE|[11]
15:26:34.0 (31463227)|HEAP_ALLOCATE|[11]|Bytes:59
15:26:34.0 (31495426)|HEAP_ALLOCATE|[11]|Bytes:24
15:26:34.0 (31505411)|SYSTEM_METHOD_ENTRY|[1]|Pattern.Pattern()
15:26:34.0 (31509588)|STATEMENT_EXECUTE|[1]
15:26:34.0 (31515220)|SYSTEM_METHOD_EXIT|[1]|Pattern
15:26:34.0 (31524542)|METHOD_ENTRY|[11]||System.Pattern.compile(String)
15:26:34.0 (31679104)|METHOD_EXIT|[11]||System.Pattern.compile(String)
15:26:34.0 (31686206)|VARIABLE_SCOPE_BEGIN|[11]|nifPattern|System.Pattern|true|false
15:26:34.0 (31725746)|VARIABLE_ASSIGNMENT|[11]|nifPattern|{"delegate":"0x25236581"}|0x595d2216
15:26:34.0 (31733565)|STATEMENT_EXECUTE|[12]
15:26:34.0 (31743379)|METHOD_ENTRY|[12]||System.Pattern.matcher(String)
15:26:34.0 (31882818)|METHOD_EXIT|[12]||System.Pattern.matcher(String)
15:26:34.0 (31889357)|VARIABLE_SCOPE_BEGIN|[12]|m|System.Matcher|true|false
15:26:34.0 (31906685)|VARIABLE_ASSIGNMENT|[12]|m|{"delegate":"0x47dc2690"}|0x4e390489
15:26:34.0 (31940827)|METHOD_ENTRY|[13]||System.Matcher.matches()
15:26:34.0 (32062185)|METHOD_EXIT|[13]||System.Matcher.matches()
15:26:34.0 (32080956)|STATEMENT_EXECUTE|[13]
15:26:34.0 (32086879)|STATEMENT_EXECUTE|[14]
15:26:34.0 (32106225)|METHOD_ENTRY|[14]||System.Matcher.group(Integer)
15:26:34.0 (32266405)|METHOD_EXIT|[14]||System.Matcher.group(Integer)
15:26:34.0 (32275768)|VARIABLE_SCOPE_BEGIN|[14]|letra|String|false|false
15:26:34.0 (32304294)|VARIABLE_ASSIGNMENT|[14]|letra|"B"
15:26:34.0 (32313749)|STATEMENT_EXECUTE|[16]
15:26:34.0 (32319043)|HEAP_ALLOCATE|[16]|Bytes:23
15:26:34.0 (32326828)|VARIABLE_SCOPE_BEGIN|[16]|letras|String|false|false
15:26:34.0 (32341089)|VARIABLE_ASSIGNMENT|[16]|letras|"TRWAGMYFPDXBNJZSQVHL (3 more) ..."
15:26:34.0 (32348478)|STATEMENT_EXECUTE|[17]
15:26:34.0 (32357874)|METHOD_ENTRY|[17]||System.Matcher.group(Integer)
15:26:34.0 (32405260)|METHOD_EXIT|[17]||System.Matcher.group(Integer)
15:26:34.0 (32441135)|VARIABLE_SCOPE_BEGIN|[17]|dni|Integer|false|false
15:26:34.0 (32451363)|HEAP_ALLOCATE|[17]|Bytes:4
15:26:34.0 (32460309)|VARIABLE_ASSIGNMENT|[17]|dni|47898592
15:26:34.0 (32466669)|STATEMENT_EXECUTE|[18]
15:26:34.0 (32501644)|VARIABLE_SCOPE_BEGIN|[2]|Math.E|Double|false|true
15:26:34.0 (32512553)|VARIABLE_SCOPE_BEGIN|[3]|Math.PI|Double|false|true
15:26:34.0 (32530607)|HEAP_ALLOCATE|[18]|Bytes:206
15:26:34.0 (32543402)|SYSTEM_METHOD_ENTRY|[1]|Math.Math()
15:26:34.0 (32549422)|STATEMENT_EXECUTE|[1]
15:26:34.0 (32608123)|SYSTEM_METHOD_EXIT|[1]|Math
15:26:34.0 (32623154)|METHOD_ENTRY|[18]||System.Math.mod(Integer, Integer)
15:26:34.0 (32692592)|METHOD_EXIT|[18]||System.Math.mod(Integer, Integer)
15:26:34.0 (32700979)|HEAP_ALLOCATE|[18]|Bytes:4
15:26:34.0 (32711806)|VARIABLE_ASSIGNMENT|[18]|dni|11
15:26:34.0 (32719244)|STATEMENT_EXECUTE|[20]
15:26:34.0 (32755505)|HEAP_ALLOCATE|[20]|Bytes:1
15:26:34.0 (32770192)|VARIABLE_SCOPE_BEGIN|[20]|reference|String|false|false
15:26:34.0 (32784058)|VARIABLE_ASSIGNMENT|[20]|reference|"B"
15:26:34.0 (32821128)|STATEMENT_EXECUTE|[22]
15:26:34.0 (32824385)|STATEMENT_EXECUTE|[23]
15:26:34.0 (32828969)|HEAP_ALLOCATE|[23]|Bytes:21
15:26:34.0 (32836629)|HEAP_ALLOCATE|[23]|Bytes:1
15:26:34.0 (32848219)|HEAP_ALLOCATE|[23]|Bytes:24
15:26:34.0 (32892799)|USER_DEBUG|[23]|DEBUG|son iguales. Es NIF. B B
15:26:34.0 (32906506)|STATEMENT_EXECUTE|[24]
15:26:34.0 (32913342)|HEAP_ALLOCATE|[24]|Bytes:5
15:26:34.0 (32927160)|METHOD_EXIT|[8]|01p1r000009oduV|Utils.isNifNie(String)
15:26:34.0 (32943328)|STATEMENT_EXECUTE|[8]
15:26:34.0 (32957429)|HEAP_ALLOCATE|[7]|Bytes:5
15:26:34.0 (32976442)|VARIABLE_ASSIGNMENT|[7]|inContact|null|
15:26:34.0 (32986805)|SYSTEM_MODE_EXIT|false
15:26:34.0 (32999405)|METHOD_EXIT|[7]|01p1r000008aKc5|ContactMethods.ValidarNif(List<Contact>)
15:26:34.33 (33012097)|CUMULATIVE_LIMIT_USAGE
15:26:34.33 (33012097)|LIMIT_USAGE_FOR_NS|(default)|
  Number of SOQL queries: 0 out of 100
  Number of query rows: 0 out of 50000
  Number of SOSL queries: 0 out of 20
  Number of DML statements: 1 out of 150
  Number of DML rows: 1 out of 10000
  Maximum CPU time: 0 out of 10000
  Maximum heap size: 0 out of 6000000
  Number of callouts: 0 out of 100
  Number of Email Invocations: 0 out of 10
  Number of future calls: 0 out of 50
  Number of queueable jobs added to the queue: 0 out of 50
  Number of Mobile Apex push calls: 0 out of 10

15:26:34.33 (33012097)|CUMULATIVE_LIMIT_USAGE_END

15:26:34.0 (34148082)|CODE_UNIT_FINISHED|ContactTrigger on Contact trigger event BeforeInsert
15:26:34.0 (36764945)|CODE_UNIT_STARTED|[EXTERNAL]|DuplicateDetector
15:26:34.0 (36780350)|DUPLICATE_DETECTION_BEGIN
15:26:34.0 (37037382)|DUPLICATE_DETECTION_RULE_INVOCATION|DuplicateRuleId:0Bm1r0000018X89|DuplicateRuleName:Standard Contact Duplicate Rule|DmlType:INSERT
15:26:34.0 (64133435)|DUPLICATE_DETECTION_MATCH_INVOCATION_DETAILS|EntityType:Contact|ActionTaken:Allow_[Alert,Report]|DuplicateRecordIds:
15:26:34.0 (64164845)|DUPLICATE_DETECTION_MATCH_INVOCATION_SUMMARY|EntityType:Contact|NumRecordsToBeSaved:1|NumRecordsToBeSavedWithDuplicates:0|NumDuplicateRecordsFound:0
15:26:34.0 (64183518)|DUPLICATE_DETECTION_MATCH_INVOCATION_DETAILS|EntityType:Contact|ActionTaken:Allow_[Alert,Report]|DuplicateRecordIds:
15:26:34.0 (64194704)|DUPLICATE_DETECTION_MATCH_INVOCATION_SUMMARY|EntityType:Contact|NumRecordsToBeSaved:1|NumRecordsToBeSavedWithDuplicates:0|NumDuplicateRecordsFound:0
15:26:34.0 (64373540)|DUPLICATE_DETECTION_END
15:26:34.0 (64382028)|CODE_UNIT_FINISHED|DuplicateDetector
15:26:34.0 (110001404)|DML_END|[50]
15:26:34.0 (110038958)|STATEMENT_EXECUTE|[52]
15:26:34.0 (110112640)|HEAP_ALLOCATE|[52]|Bytes:4
15:26:34.0 (110246764)|HEAP_ALLOCATE|[52]|Bytes:13
15:26:34.0 (110302702)|VARIABLE_ASSIGNMENT|[52]|this.Name|"ReservaPrueba"|0x7a9ebda6
15:26:34.0 (110311711)|HEAP_ALLOCATE|[53]|Bytes:6
15:26:34.0 (110330662)|VARIABLE_ASSIGNMENT|[52]|this.Origen__c|"Madrid"|0x7a9ebda6
15:26:34.0 (110337730)|HEAP_ALLOCATE|[54]|Bytes:4
15:26:34.0 (110350771)|VARIABLE_ASSIGNMENT|[52]|this.Destino__c|"Roma"|0x7a9ebda6
15:26:34.0 (110356677)|HEAP_ALLOCATE|[55]|Bytes:7
15:26:34.0 (110369406)|VARIABLE_ASSIGNMENT|[52]|this.Case__c|"Turista"|0x7a9ebda6
15:26:34.0 (110421024)|VARIABLE_ASSIGNMENT|[52]|this.Contacto__c|"0031r000024jSc4AAE"|0x7a9ebda6
15:26:34.0 (110525286)|HEAP_ALLOCATE|[57]|Bytes:4
15:26:34.0 (110601320)|HEAP_ALLOCATE|[57]|Bytes:56
15:26:34.0 (110667443)|VARIABLE_ASSIGNMENT|[52]|this.Fecha_Salida__c|"2019-01-10T23:00:00.000Z"|0x7a9ebda6
15:26:34.0 (110680009)|HEAP_ALLOCATE|[58]|Bytes:4
15:26:34.0 (110707692)|VARIABLE_ASSIGNMENT|[52]|this.Observaciones__c|"Nada"|0x7a9ebda6
15:26:34.0 (110752820)|VARIABLE_SCOPE_BEGIN|[52]|oReserva|Reserva_Vuelo__c|true|false
15:26:34.0 (110793315)|VARIABLE_ASSIGNMENT|[52]|oReserva|{"Name":"ReservaPrueba","Origen__c":"Madrid","Destino__c":"Roma","Case__c":"Turista","Contacto__c":"0031r000024jSc4AAE","Fecha_Salida__c":"2019-01-10T23:00:00.000Z","Observaciones__c":"Nada"}|0x7a9ebda6
15:26:34.0 (110802856)|STATEMENT_EXECUTE|[59]
15:26:34.0 (110822853)|HEAP_ALLOCATE|[59]|Bytes:8
15:26:34.0 (110835744)|DML_BEGIN|[59]|Op:Insert|Type:Reserva_Vuelo__c|Rows:1
15:26:34.0 (110881584)|HEAP_ALLOCATE|[EXTERNAL]|Bytes:8
15:26:34.0 (123467475)|CODE_UNIT_STARTED|[EXTERNAL]|01q1r000000isRT|ReservaVueloTrigger on Reserva_Vuelo trigger event BeforeInsert
15:26:34.0 (123523128)|HEAP_ALLOCATE|[EXTERNAL]|Bytes:8
15:26:34.0 (123674255)|HEAP_ALLOCATE|[EXTERNAL]|Bytes:12
15:26:34.0 (123694365)|VARIABLE_SCOPE_BEGIN|[1]|this|ReservaVueloTrigger|true|false
15:26:34.0 (123764914)|VARIABLE_ASSIGNMENT|[1]|this|{}|0xeb9bc3c
15:26:34.0 (123833196)|HEAP_ALLOCATE|[EXTERNAL]|Bytes:12
15:26:34.0 (123844707)|VARIABLE_SCOPE_BEGIN|[1]|this|ReservaVueloTrigger|true|false
15:26:34.0 (123865877)|VARIABLE_ASSIGNMENT|[1]|this|{}|0xeb9bc3c
15:26:34.0 (123879887)|STATEMENT_EXECUTE|[1]
15:26:34.0 (123883443)|STATEMENT_EXECUTE|[4]
15:26:34.0 (124305020)|VARIABLE_ASSIGNMENT|[4]|this.listNew|[{"Contacto__c":"0031r000024jSc4AAE","Origen__c":"Madrid","Destino__c":"Roma","IsDeleted":false,"Fecha_Salida__c":"2019-01-10T23:00:00.000Z","OwnerId":"0051r000007Oz5QAAS","Observaciones__c":"Nada","Case__c":"Turista","Modificado__c":false,"Name":"ReservaPrueba"}]|0xeb9bc3c
15:26:34.0 (124323730)|STATEMENT_EXECUTE|[7]
15:26:34.0 (124351251)|VARIABLE_ASSIGNMENT|[7]|this.mapOld|null|0xeb9bc3c
15:26:34.0 (124365489)|STATEMENT_EXECUTE|[10]
15:26:34.0 (124372190)|STATEMENT_EXECUTE|[11]
15:26:34.0 (124374598)|STATEMENT_EXECUTE|[12]
15:26:34.0 (126547340)|HEAP_ALLOCATE|[12]|Bytes:4
15:26:34.0 (126581914)|METHOD_ENTRY|[1]|01p1r000007Yidp|ReservaVueloMethods.ReservaVueloMethods()
15:26:34.0 (126593693)|STATEMENT_EXECUTE|[1]
15:26:34.0 (126602143)|STATEMENT_EXECUTE|[1]
15:26:34.0 (127081060)|SYSTEM_MODE_ENTER|false
15:26:34.0 (127097069)|HEAP_ALLOCATE|[12]|Bytes:5
15:26:34.0 (127112148)|SYSTEM_MODE_EXIT|false
15:26:34.0 (127128077)|METHOD_EXIT|[1]|ReservaVueloMethods
15:26:34.0 (127163028)|METHOD_ENTRY|[12]|01p1r000007Yidp|ReservaVueloMethods.RellenarCuenta(List<Reserva_Vuelo__c>)
15:26:34.0 (127211257)|VARIABLE_SCOPE_BEGIN|[4]|listReservas|List<Reserva_Vuelo__c>|true|false
15:26:34.0 (127407234)|VARIABLE_ASSIGNMENT|[4]|listReservas|[{"Contacto__c":"0031r000024jSc4AAE","Origen__c":"Madrid","Destino__c":"Roma","IsDeleted":false,"Fecha_Salida__c":"2019-01-10T23:00:00.000Z","OwnerId":"0051r000007Oz5QAAS","Observaciones__c":"Nada","Case__c":"Turista","Modificado__c":false,"Name":"ReservaPrueba"}]|0xa23028f
15:26:34.0 (127448982)|SYSTEM_MODE_ENTER|false
15:26:34.0 (127458696)|HEAP_ALLOCATE|[6]|Bytes:5
15:26:34.0 (127467134)|STATEMENT_EXECUTE|[4]
15:26:34.0 (127574036)|STATEMENT_EXECUTE|[6]
15:26:34.0 (127578389)|STATEMENT_EXECUTE|[9]
15:26:34.0 (127598716)|HEAP_ALLOCATE|[9]|Bytes:4
15:26:34.0 (127645561)|VARIABLE_SCOPE_BEGIN|[9]|listContactosIds|Set<String>|true|false
15:26:34.0 (127683416)|VARIABLE_ASSIGNMENT|[9]|listContactosIds|[]|0x68c1c55
15:26:34.0 (127841386)|HEAP_ALLOCATE|[10]|Bytes:5
15:26:34.0 (127864854)|HEAP_ALLOCATE|[10]|Bytes:4
15:26:34.0 (127877562)|VARIABLE_SCOPE_BEGIN|[10]|inReserva|Reserva_Vuelo__c|true|false
15:26:34.0 (128069383)|VARIABLE_ASSIGNMENT|[10]|inReserva|{"Contacto__c":"0031r000024jSc4AAE","Origen__c":"Madrid","Destino__c":"Roma","IsDeleted":false,"Fecha_Salida__c":"2019-01-10T23:00:00.000Z","OwnerId":"0051r000007Oz5QAAS","Observaciones__c":"Nada","Case__c":"Turista","Modificado__c":false,"Name":"ReservaPrueba"}|0x3413e2a2
15:26:34.0 (128086907)|STATEMENT_EXECUTE|[10]
15:26:34.0 (128089853)|STATEMENT_EXECUTE|[11]
15:26:34.0 (128198291)|HEAP_ALLOCATE|[EXTERNAL]|Bytes:4
15:26:34.0 (128226786)|HEAP_ALLOCATE|[10]|Bytes:5
15:26:34.0 (128245608)|VARIABLE_ASSIGNMENT|[10]|inReserva|null|
15:26:34.0 (128254540)|STATEMENT_EXECUTE|[23]
15:26:34.0 (128313042)|HEAP_ALLOCATE|[23]|Bytes:4
15:26:34.0 (128324348)|HEAP_ALLOCATE|[23]|Bytes:49
15:26:34.0 (128338911)|HEAP_ALLOCATE|[23]|Bytes:4
15:26:34.0 (128353876)|HEAP_ALLOCATE|[23]|Bytes:7
15:26:34.0 (128405943)|HEAP_ALLOCATE|[23]|Bytes:8
15:26:34.0 (128419800)|HEAP_ALLOCATE|[23]|Bytes:8
15:26:34.0 (128651965)|SOQL_EXECUTE_BEGIN|[23]|Aggregations:0|SELECT AccountId FROM Contact WHERE id = :tmpVar1
15:26:34.0 (133295561)|SOQL_EXECUTE_END|[23]|Rows:1
15:26:34.0 (133324902)|HEAP_ALLOCATE|[23]|Bytes:8
15:26:34.0 (133341252)|HEAP_ALLOCATE|[23]|Bytes:29
15:26:34.0 (133384613)|HEAP_ALLOCATE|[23]|Bytes:8
15:26:34.0 (133426989)|HEAP_ALLOCATE|[23]|Bytes:8
15:26:34.0 (133438148)|HEAP_ALLOCATE|[23]|Bytes:18
15:26:34.0 (133451011)|VARIABLE_SCOPE_BEGIN|[23]|contactos|Map<String,Contact>|true|false
15:26:34.0 (133481539)|VARIABLE_ASSIGNMENT|[23]|contactos|{"0031r000024jSc4AAE":{"Id":"0031r000024jSc4AAE"}}|0x56273c96
15:26:34.0 (133532253)|HEAP_ALLOCATE|[26]|Bytes:5
15:26:34.0 (133546392)|HEAP_ALLOCATE|[26]|Bytes:4
15:26:34.0 (133554526)|VARIABLE_SCOPE_BEGIN|[26]|inReserva|Reserva_Vuelo__c|true|false
15:26:34.0 (133675727)|VARIABLE_ASSIGNMENT|[26]|inReserva|{"Contacto__c":"0031r000024jSc4AAE","Origen__c":"Madrid","Destino__c":"Roma","IsDeleted":false,"Fecha_Salida__c":"2019-01-10T23:00:00.000Z","OwnerId":"0051r000007Oz5QAAS","Observaciones__c":"Nada","Case__c":"Turista","Modificado__c":false,"Name":"ReservaPrueba"}|0x3413e2a2
15:26:34.0 (133687865)|STATEMENT_EXECUTE|[26]
15:26:34.0 (133690171)|STATEMENT_EXECUTE|[27]
15:26:34.0 (133868160)|VARIABLE_ASSIGNMENT|[27]|this.Cuenta__c|null|0x3413e2a2
15:26:34.0 (133890140)|HEAP_ALLOCATE|[26]|Bytes:5
15:26:34.0 (133906336)|VARIABLE_ASSIGNMENT|[26]|inReserva|null|
15:26:34.0 (133917630)|SYSTEM_MODE_EXIT|false
15:26:34.0 (133938383)|METHOD_EXIT|[12]|01p1r000007Yidp|ReservaVueloMethods.RellenarCuenta(List<Reserva_Vuelo__c>)
15:26:34.0 (133962640)|STATEMENT_EXECUTE|[14]
15:26:34.133 (133969933)|CUMULATIVE_LIMIT_USAGE
15:26:34.133 (133969933)|LIMIT_USAGE_FOR_NS|(default)|
  Number of SOQL queries: 1 out of 100
  Number of query rows: 1 out of 50000
  Number of SOSL queries: 0 out of 20
  Number of DML statements: 2 out of 150
  Number of DML rows: 2 out of 10000
  Maximum CPU time: 0 out of 10000
  Maximum heap size: 0 out of 6000000
  Number of callouts: 0 out of 100
  Number of Email Invocations: 0 out of 10
  Number of future calls: 0 out of 50
  Number of queueable jobs added to the queue: 0 out of 50
  Number of Mobile Apex push calls: 0 out of 10

15:26:34.133 (133969933)|CUMULATIVE_LIMIT_USAGE_END

15:26:34.0 (135666418)|CODE_UNIT_FINISHED|ReservaVueloTrigger on Reserva_Vuelo trigger event BeforeInsert
15:26:34.0 (139556622)|CODE_UNIT_STARTED|[EXTERNAL]|Validation:Reserva_Vuelo:new
15:26:34.0 (139568685)|VALIDATION_RULE|03d1r0000006A1e|DiferentesCampos
15:26:34.0 (140035931)|VALIDATION_FORMULA|TEXT(Origen__c)  =  TEXT(Destino__c)|Destino__c=Roma , Origen__c=Madrid
15:26:34.0 (140045443)|VALIDATION_PASS
15:26:34.0 (140048743)|VALIDATION_RULE|03d1r0000006A1Z|Fecha_de_salida
15:26:34.0 (140114927)|VALIDATION_FORMULA|Fecha_Salida__c  <   NOW()|Fecha_Salida__c=2019-01-10 23:00:00
15:26:34.0 (140121655)|VALIDATION_PASS
15:26:34.0 (140152408)|CODE_UNIT_FINISHED|Validation:Reserva_Vuelo:new
15:26:34.0 (156848768)|DML_END|[59]
15:26:34.0 (156878813)|STATEMENT_EXECUTE|[61]
15:26:34.0 (156885162)|HEAP_ALLOCATE|[61]|Bytes:6
15:26:34.0 (156957996)|VARIABLE_ASSIGNMENT|[61]|this.Destino__c|"Berlín"|0x7a9ebda6
15:26:34.0 (156966765)|STATEMENT_EXECUTE|[63]
15:26:34.0 (157000315)|HEAP_ALLOCATE|[63]|Bytes:8
15:26:34.0 (157013560)|DML_BEGIN|[63]|Op:Update|Type:Reserva_Vuelo__c|Rows:1
15:26:34.0 (157050050)|HEAP_ALLOCATE|[EXTERNAL]|Bytes:8
15:26:34.0 (163935681)|CODE_UNIT_STARTED|[EXTERNAL]|01q1r000000isRT|ReservaVueloTrigger on Reserva_Vuelo trigger event BeforeUpdate
15:26:34.0 (163981789)|HEAP_ALLOCATE|[EXTERNAL]|Bytes:8
15:26:34.0 (164011953)|HEAP_ALLOCATE|[EXTERNAL]|Bytes:8
15:26:34.0 (164072596)|HEAP_ALLOCATE|[EXTERNAL]|Bytes:12
15:26:34.0 (164088992)|VARIABLE_SCOPE_BEGIN|[1]|this|ReservaVueloTrigger|true|false
15:26:34.0 (164136007)|VARIABLE_ASSIGNMENT|[1]|this|{}|0x28bd38f
15:26:34.0 (164178023)|HEAP_ALLOCATE|[EXTERNAL]|Bytes:12
15:26:34.0 (164186782)|VARIABLE_SCOPE_BEGIN|[1]|this|ReservaVueloTrigger|true|false
15:26:34.0 (164204872)|VARIABLE_ASSIGNMENT|[1]|this|{}|0x28bd38f
15:26:34.0 (164217847)|STATEMENT_EXECUTE|[1]
15:26:34.0 (164221243)|STATEMENT_EXECUTE|[4]
15:26:34.0 (164526200)|VARIABLE_ASSIGNMENT|[4]|this.listNew|[{"LastModifiedDate":"2018-04-11T13:26:34.000Z","Origen__c":"Madrid","IsDeleted":false,"Fecha_Salida__c":"2019-01-10T23:00:00.000Z","N_Reserva__c":"RV-100010","Name":"ReservaPrueba","SystemModstamp":"2018-04-11T13:26:34.000Z","Contacto__c":"0031r000024jSc4AAE","Destino__c":"Berlín","OwnerId":"0051r000007Oz5QAAS","CreatedById":"0051r000007Oz5QAAS","Observaciones__c":"Nada","CreatedDate":"2018-04-11T13:26:34.000Z","Case__c":"Turista","Modificado__c":false,"Id":"a001r00000oULYQAA4","LastModifiedById":"0051r000007Oz5QAAS"}]|0x28bd38f
15:26:34.0 (164552189)|STATEMENT_EXECUTE|[7]
15:26:34.0 (164781340)|VARIABLE_ASSIGNMENT|[7]|this.mapOld|{"a001r00000oULYQAA4":{"LastModifiedDate":"2018-04-11T13:26:34.000Z","Origen__c":"Madrid","IsDeleted":false,"Fecha_Salida__c":"2019-01-10T23:00:00.000Z","N_Reserva__c":"RV-100010","Name":"ReservaPrueba","SystemModstamp":"2018-04-11T13:26:34.000Z","Contacto__c":"0031r000024jSc4AAE","Destino__c":"Roma","OwnerId":"0051r000007Oz5QAAS","CreatedById":"0051r000007Oz5QAAS","Observaciones__c":"Nada","CreatedDate":"2018-04-11T13:26:34.000Z","Case__c":"Turista","Modificado__c":false,"Id":"a001r00000oULYQAA4","LastModifiedById":"0051r000007Oz5QAAS"}}|0x28bd38f
15:26:34.0 (164809952)|STATEMENT_EXECUTE|[10]
15:26:34.0 (164817722)|STATEMENT_EXECUTE|[11]
15:26:34.0 (164823673)|STATEMENT_EXECUTE|[14]
15:26:34.0 (164826153)|STATEMENT_EXECUTE|[15]
15:26:34.0 (164870594)|METHOD_ENTRY|[15]|01p1r000007Yidp|ReservaVueloMethods.Modificado(List<Reserva_Vuelo__c>, Map<Id,Reserva_Vuelo__c>)
15:26:34.0 (164919107)|VARIABLE_SCOPE_BEGIN|[33]|listNew|List<Reserva_Vuelo__c>|true|false
15:26:34.0 (165057027)|VARIABLE_ASSIGNMENT|[33]|listNew|[{"LastModifiedDate":"2018-04-11T13:26:34.000Z","Origen__c":"Madrid","IsDeleted":false,"Fecha_Salida__c":"2019-01-10T23:00:00.000Z","N_Reserva__c":"RV-100010","Name":"ReservaPrueba","SystemModstamp":"2018-04-11T13:26:34.000Z","Contacto__c":"0031r000024jSc4AAE","Destino__c":"Berlín","OwnerId":"0051r000007Oz5QAAS","CreatedById":"0051r000007Oz5QAAS","Observaciones__c":"Nada","CreatedDate":"2018-04-11T13:26:34.000Z","Case__c":"Turista","Modificado__c":false,"Id":"a001r00000oULYQAA4","LastModifiedById":"0051r000007Oz5QAAS"}]|0x63c699b3
15:26:34.0 (165080989)|VARIABLE_SCOPE_BEGIN|[33]|mapOld|Map<Id,Reserva_Vuelo__c>|true|false
15:26:34.0 (165196936)|VARIABLE_ASSIGNMENT|[33]|mapOld|{"a001r00000oULYQAA4":{"LastModifiedDate":"2018-04-11T13:26:34.000Z","Origen__c":"Madrid","IsDeleted":false,"Fecha_Salida__c":"2019-01-10T23:00:00.000Z","N_Reserva__c":"RV-100010","Name":"ReservaPrueba","SystemModstamp":"2018-04-11T13:26:34.000Z","Contacto__c":"0031r000024jSc4AAE","Destino__c":"Roma","OwnerId":"0051r000007Oz5QAAS","CreatedById":"0051r000007Oz5QAAS","Observaciones__c":"Nada","CreatedDate":"2018-04-11T13:26:34.000Z","Case__c":"Turista","Modificado__c":false,"Id":"a001r00000oULYQAA4","LastModifiedById":"0051r000007Oz5QAAS"}}|0x3792486a
15:26:34.0 (165648537)|SYSTEM_MODE_ENTER|false
15:26:34.0 (165663820)|HEAP_ALLOCATE|[35]|Bytes:5
15:26:34.0 (165673683)|STATEMENT_EXECUTE|[33]
15:26:34.0 (165725091)|HEAP_ALLOCATE|[35]|Bytes:5
15:26:34.0 (165746911)|HEAP_ALLOCATE|[35]|Bytes:4
15:26:34.0 (165760317)|VARIABLE_SCOPE_BEGIN|[35]|inReservaVueloNew|Reserva_Vuelo__c|true|false
15:26:34.0 (165915380)|VARIABLE_ASSIGNMENT|[35]|inReservaVueloNew|{"LastModifiedDate":"2018-04-11T13:26:34.000Z","Origen__c":"Madrid","IsDeleted":false,"Fecha_Salida__c":"2019-01-10T23:00:00.000Z","N_Reserva__c":"RV-100010","Name":"ReservaPrueba","SystemModstamp":"2018-04-11T13:26:34.000Z","Contacto__c":"0031r000024jSc4AAE","Destino__c":"Berlín","OwnerId":"0051r000007Oz5QAAS","CreatedById":"0051r000007Oz5QAAS","Observaciones__c":"Nada","CreatedDate":"2018-04-11T13:26:34.000Z","Case__c":"Turista","Modificado__c":false,"Id":"a001r00000oULYQAA4","LastModifiedById":"0051r000007Oz5QAAS"}|0x6bd9f2bc
15:26:34.0 (165938466)|STATEMENT_EXECUTE|[35]
15:26:34.0 (165941607)|STATEMENT_EXECUTE|[39]
15:26:34.0 (166024565)|VARIABLE_SCOPE_BEGIN|[39]|inReservaVueloOld|Reserva_Vuelo__c|true|false
15:26:34.0 (166156958)|VARIABLE_ASSIGNMENT|[39]|inReservaVueloOld|{"LastModifiedDate":"2018-04-11T13:26:34.000Z","Origen__c":"Madrid","IsDeleted":false,"Fecha_Salida__c":"2019-01-10T23:00:00.000Z","N_Reserva__c":"RV-100010","Name":"ReservaPrueba","SystemModstamp":"2018-04-11T13:26:34.000Z","Contacto__c":"0031r000024jSc4AAE","Destino__c":"Roma","OwnerId":"0051r000007Oz5QAAS","CreatedById":"0051r000007Oz5QAAS","Observaciones__c":"Nada","CreatedDate":"2018-04-11T13:26:34.000Z","Case__c":"Turista","Modificado__c":false,"Id":"a001r00000oULYQAA4","LastModifiedById":"0051r000007Oz5QAAS"}|0x76214620
15:26:34.0 (166238224)|STATEMENT_EXECUTE|[41]
15:26:34.0 (166241896)|STATEMENT_EXECUTE|[42]
15:26:34.0 (166369436)|VARIABLE_ASSIGNMENT|[42]|this.Modificado__c|true|0x6bd9f2bc
15:26:34.0 (166394471)|HEAP_ALLOCATE|[35]|Bytes:5
15:26:34.0 (166411660)|VARIABLE_ASSIGNMENT|[35]|inReservaVueloNew|null|
15:26:34.0 (166421292)|SYSTEM_MODE_EXIT|false
15:26:34.0 (166434908)|METHOD_EXIT|[15]|01p1r000007Yidp|ReservaVueloMethods.Modificado(List<Reserva_Vuelo__c>, Map<Id,Reserva_Vuelo__c>)
15:26:34.166 (166448362)|CUMULATIVE_LIMIT_USAGE
15:26:34.166 (166448362)|LIMIT_USAGE_FOR_NS|(default)|
  Number of SOQL queries: 1 out of 100
  Number of query rows: 1 out of 50000
  Number of SOSL queries: 0 out of 20
  Number of DML statements: 3 out of 150
  Number of DML rows: 3 out of 10000
  Maximum CPU time: 0 out of 10000
  Maximum heap size: 0 out of 6000000
  Number of callouts: 0 out of 100
  Number of Email Invocations: 0 out of 10
  Number of future calls: 0 out of 50
  Number of queueable jobs added to the queue: 0 out of 50
  Number of Mobile Apex push calls: 0 out of 10

15:26:34.166 (166448362)|CUMULATIVE_LIMIT_USAGE_END

15:26:34.0 (167948755)|CODE_UNIT_FINISHED|ReservaVueloTrigger on Reserva_Vuelo trigger event BeforeUpdate
15:26:34.0 (168798374)|CODE_UNIT_STARTED|[EXTERNAL]|Validation:Reserva_Vuelo:a001r00000oULYQ
15:26:34.0 (168813302)|VALIDATION_RULE|03d1r0000006A1e|DiferentesCampos
15:26:34.0 (169319041)|VALIDATION_FORMULA|TEXT(Origen__c)  =  TEXT(Destino__c)|Destino__c=Berlín , Origen__c=Madrid
15:26:34.0 (169332030)|VALIDATION_PASS
15:26:34.0 (169335131)|VALIDATION_RULE|03d1r0000006A1Z|Fecha_de_salida
15:26:34.0 (169431688)|VALIDATION_FORMULA|Fecha_Salida__c  <   NOW()|Fecha_Salida__c=2019-01-10 23:00:00
15:26:34.0 (169441301)|VALIDATION_PASS
15:26:34.0 (169474099)|CODE_UNIT_FINISHED|Validation:Reserva_Vuelo:a001r00000oULYQ
15:26:34.0 (178680021)|DML_END|[63]
15:26:34.0 (178705263)|STATEMENT_EXECUTE|[65]
15:26:34.0 (178713102)|HEAP_ALLOCATE|[65]|Bytes:95
15:26:34.0 (178744126)|HEAP_ALLOCATE|[65]|Bytes:4
15:26:34.0 (179121314)|SOQL_EXECUTE_BEGIN|[65]|Aggregations:0|SELECT Id, Name, Origen__c, Destino__c, Modificado__c FROM Reserva_Vuelo__c WHERE Id = :tmpVar1
15:26:34.0 (191715341)|SOQL_EXECUTE_END|[65]|Rows:1
15:26:34.0 (191753882)|HEAP_ALLOCATE|[65]|Bytes:8
15:26:34.0 (191777130)|HEAP_ALLOCATE|[65]|Bytes:110
15:26:34.0 (191836912)|HEAP_ALLOCATE|[65]|Bytes:8
15:26:34.0 (191860600)|HEAP_ALLOCATE|[65]|Bytes:42
15:26:34.0 (191885937)|HEAP_ALLOCATE|[65]|Bytes:24
15:26:34.0 (191899228)|VARIABLE_SCOPE_BEGIN|[65]|oReservaCheck|Reserva_Vuelo__c|true|false
15:26:34.0 (191939333)|VARIABLE_ASSIGNMENT|[65]|oReservaCheck|{"Id":"a001r00000oULYQAA4","Name":"ReservaPrueba","Origen__c":"Madrid","Destino__c":"Berlín","Modificado__c":true}|0x4f6d9665
15:26:34.0 (191950611)|STATEMENT_EXECUTE|[67]
15:26:34.192 (192046294)|CUMULATIVE_LIMIT_USAGE
15:26:34.192 (192046294)|LIMIT_USAGE_FOR_NS|(default)|
  Number of SOQL queries: 2 out of 100
  Number of query rows: 2 out of 50000
  Number of SOSL queries: 0 out of 20
  Number of DML statements: 3 out of 150
  Number of DML rows: 3 out of 10000
  Maximum CPU time: 0 out of 10000
  Maximum heap size: 0 out of 6000000
  Number of callouts: 0 out of 100
  Number of Email Invocations: 0 out of 10
  Number of future calls: 0 out of 50
  Number of queueable jobs added to the queue: 0 out of 50
  Number of Mobile Apex push calls: 0 out of 10

15:26:34.192 (192046294)|CUMULATIVE_LIMIT_USAGE_END

15:26:34.0 (192082965)|CODE_UNIT_FINISHED|ReservaVueloTest.testModificado
15:26:34.0 (193004155)|EXECUTION_FINISHED
15:26:34.227 (227875451)|USER_INFO|[EXTERNAL]|0051r000007Oz5Q|lydia.abril@gmail.com|hora estándar de Europa central|GMT+02:00
15:26:34.227 (227897563)|EXECUTION_STARTED
15:26:34.227 (227901811)|CODE_UNIT_STARTED|[EXTERNAL]|01p1r000007YiiW|ReservaVueloTest.testRellenarCuenta
15:26:34.227 (228042500)|HEAP_ALLOCATE|[72]|Bytes:3
15:26:34.227 (228079434)|HEAP_ALLOCATE|[77]|Bytes:152
15:26:34.227 (228094705)|HEAP_ALLOCATE|[342]|Bytes:408
15:26:34.227 (228110776)|HEAP_ALLOCATE|[355]|Bytes:408
15:26:34.227 (228125406)|HEAP_ALLOCATE|[467]|Bytes:48
15:26:34.227 (228152687)|HEAP_ALLOCATE|[139]|Bytes:6
15:26:34.227 (228168158)|HEAP_ALLOCATE|[EXTERNAL]|Bytes:110
15:26:34.227 (228178820)|METHOD_ENTRY|[2]|01p1r000007YiiW|ReservaVueloTest.ReservaVueloTest()
15:26:34.227 (228185899)|STATEMENT_EXECUTE|[2]
15:26:34.227 (228191444)|STATEMENT_EXECUTE|[2]
15:26:34.227 (228195429)|METHOD_EXIT|[2]|ReservaVueloTest
15:26:34.227 (228430075)|HEAP_ALLOCATE|[50]|Bytes:5
15:26:34.227 (228455816)|HEAP_ALLOCATE|[56]|Bytes:5
15:26:34.227 (228464577)|HEAP_ALLOCATE|[64]|Bytes:7
15:26:34.227 (228510910)|STATEMENT_EXECUTE|[4]
15:26:34.227 (228513390)|STATEMENT_EXECUTE|[6]
15:26:34.227 (228558209)|HEAP_ALLOCATE|[6]|Bytes:4
15:26:34.227 (228622744)|HEAP_ALLOCATE|[6]|Bytes:13
15:26:34.227 (228687469)|VARIABLE_ASSIGNMENT|[6]|this.Name|"CuentaPrueba0"|0x6dd6b161
15:26:34.227 (228719902)|VARIABLE_SCOPE_BEGIN|[6]|oAccount|Account|true|false
15:26:34.227 (228741333)|VARIABLE_ASSIGNMENT|[6]|oAccount|{"Name":"CuentaPrueba0"}|0x6dd6b161
15:26:34.227 (228747881)|STATEMENT_EXECUTE|[7]
15:26:34.227 (228771140)|HEAP_ALLOCATE|[7]|Bytes:8
15:26:34.227 (228784787)|DML_BEGIN|[7]|Op:Insert|Type:Account|Rows:1
15:26:34.227 (228819412)|HEAP_ALLOCATE|[EXTERNAL]|Bytes:8
15:26:34.227 (238577276)|CODE_UNIT_STARTED|[EXTERNAL]|DuplicateDetector
15:26:34.227 (238607998)|DUPLICATE_DETECTION_BEGIN
15:26:34.227 (238673134)|DUPLICATE_DETECTION_RULE_INVOCATION|DuplicateRuleId:0Bm1r0000018X88|DuplicateRuleName:Standard Account Duplicate Rule|DmlType:INSERT
15:26:34.227 (253332328)|DUPLICATE_DETECTION_MATCH_INVOCATION_DETAILS|EntityType:Account|ActionTaken:Allow_[Alert,Report]|DuplicateRecordIds:
15:26:34.227 (253365326)|DUPLICATE_DETECTION_MATCH_INVOCATION_SUMMARY|EntityType:Account|NumRecordsToBeSaved:1|NumRecordsToBeSavedWithDuplicates:0|NumDuplicateRecordsFound:0
15:26:34.227 (253492135)|DUPLICATE_DETECTION_END
15:26:34.227 (253500888)|CODE_UNIT_FINISHED|DuplicateDetector
15:26:34.227 (272253069)|DML_END|[7]
15:26:34.227 (272287717)|STATEMENT_EXECUTE|[9]
15:26:34.227 (272330974)|HEAP_ALLOCATE|[9]|Bytes:4
15:26:34.227 (272365423)|HEAP_ALLOCATE|[9]|Bytes:15
15:26:34.227 (272416049)|VARIABLE_ASSIGNMENT|[9]|this.LastName|"ContactoPrueba0"|0x7ec37678
15:26:34.227 (272430249)|HEAP_ALLOCATE|[9]|Bytes:9
15:26:34.227 (272458109)|VARIABLE_ASSIGNMENT|[9]|this.Nif__c|"47898592B"|0x7ec37678
15:26:34.227 (272504452)|VARIABLE_ASSIGNMENT|[9]|this.AccountId|"0011r00001myf6rAAA"|0x7ec37678
15:26:34.227 (272599007)|VARIABLE_SCOPE_BEGIN|[9]|oContact|Contact|true|false
15:26:34.227 (272634376)|VARIABLE_ASSIGNMENT|[9]|oContact|{"LastName":"ContactoPrueba0","Nif__c":"47898592B","AccountId":"0011r00001myf6rAAA"}|0x7ec37678
15:26:34.227 (272647410)|STATEMENT_EXECUTE|[10]
15:26:34.227 (272681461)|HEAP_ALLOCATE|[10]|Bytes:8
15:26:34.227 (272700682)|DML_BEGIN|[10]|Op:Insert|Type:Contact|Rows:1
15:26:34.227 (272761792)|HEAP_ALLOCATE|[EXTERNAL]|Bytes:8
15:26:34.227 (275938825)|CODE_UNIT_STARTED|[EXTERNAL]|01q1r000000j4Bx|ContactTrigger on Contact trigger event BeforeInsert
15:26:34.227 (275983053)|HEAP_ALLOCATE|[EXTERNAL]|Bytes:8
15:26:34.227 (276056999)|HEAP_ALLOCATE|[EXTERNAL]|Bytes:8
15:26:34.227 (276070476)|VARIABLE_SCOPE_BEGIN|[1]|this|ContactTrigger|true|false
15:26:34.227 (276137759)|VARIABLE_ASSIGNMENT|[1]|this|{}|0x481da4e2
15:26:34.227 (276183840)|HEAP_ALLOCATE|[EXTERNAL]|Bytes:8
15:26:34.227 (276192769)|VARIABLE_SCOPE_BEGIN|[1]|this|ContactTrigger|true|false
15:26:34.227 (276212375)|VARIABLE_ASSIGNMENT|[1]|this|{}|0x481da4e2
15:26:34.227 (276223982)|STATEMENT_EXECUTE|[1]
15:26:34.227 (276227350)|STATEMENT_EXECUTE|[3]
15:26:34.227 (276782789)|VARIABLE_ASSIGNMENT|[3]|this.listNew|[{"IsDeleted":false,"AccountId":"0011r00001myf6rAAA","IsEmailBounced":false,"CleanStatus":"Pending","DoNotCall":false,"OwnerId":"0051r000007Oz5QAAS","Premium__c":false,"HasOptedOutOfEmail":false,"HasOptedOutOfFax":false,"Nif__c":"47898592B","LastName":"ContactoPrueba0"}]|0x481da4e2
15:26:34.227 (276811892)|STATEMENT_EXECUTE|[5]
15:26:34.227 (276822544)|STATEMENT_EXECUTE|[6]
15:26:34.227 (276824979)|STATEMENT_EXECUTE|[7]
15:26:34.227 (276852850)|HEAP_ALLOCATE|[7]|Bytes:1
15:26:34.227 (276872723)|METHOD_ENTRY|[1]|01p1r000008aKc5|ContactMethods.ContactMethods()
15:26:34.227 (276882106)|STATEMENT_EXECUTE|[1]
15:26:34.227 (276887945)|STATEMENT_EXECUTE|[1]
15:26:34.227 (277291355)|SYSTEM_MODE_ENTER|false
15:26:34.227 (277310901)|HEAP_ALLOCATE|[7]|Bytes:5
15:26:34.227 (277322044)|SYSTEM_MODE_EXIT|false
15:26:34.227 (277336699)|METHOD_EXIT|[1]|ContactMethods
15:26:34.227 (277360963)|METHOD_ENTRY|[7]|01p1r000008aKc5|ContactMethods.ValidarNif(List<Contact>)
15:26:34.227 (277376115)|VARIABLE_SCOPE_BEGIN|[3]|listNew|List<Contact>|true|false
15:26:34.227 (277709950)|VARIABLE_ASSIGNMENT|[3]|listNew|[{"IsDeleted":false,"AccountId":"0011r00001myf6rAAA","IsEmailBounced":false,"CleanStatus":"Pending","DoNotCall":false,"OwnerId":"0051r000007Oz5QAAS","Premium__c":false,"HasOptedOutOfEmail":false,"HasOptedOutOfFax":false,"Nif__c":"47898592B","LastName":"ContactoPrueba0"}]|0x1642a95
15:26:34.227 (277741895)|SYSTEM_MODE_ENTER|false
15:26:34.227 (277750746)|HEAP_ALLOCATE|[5]|Bytes:5
15:26:34.227 (277756950)|STATEMENT_EXECUTE|[3]
15:26:34.227 (277780752)|STATEMENT_EXECUTE|[5]
15:26:34.227 (277807592)|HEAP_ALLOCATE|[7]|Bytes:5
15:26:34.227 (277825720)|HEAP_ALLOCATE|[7]|Bytes:4
15:26:34.227 (277837918)|VARIABLE_SCOPE_BEGIN|[7]|inContact|Contact|true|false
15:26:34.227 (278221514)|VARIABLE_ASSIGNMENT|[7]|inContact|{"IsDeleted":false,"AccountId":"0011r00001myf6rAAA","IsEmailBounced":false,"CleanStatus":"Pending","DoNotCall":false,"OwnerId":"0051r000007Oz5QAAS","Premium__c":false,"HasOptedOutOfEmail":false,"HasOptedOutOfFax":false,"Nif__c":"47898592B","LastName":"ContactoPrueba0"}|0x556a0de
15:26:34.227 (278241035)|STATEMENT_EXECUTE|[7]
15:26:34.227 (278263020)|HEAP_ALLOCATE|[8]|Bytes:1
15:26:34.227 (278272664)|HEAP_ALLOCATE|[8]|Bytes:7
15:26:34.227 (278283476)|METHOD_ENTRY|[1]|01p1r000009oduV|Utils.Utils()
15:26:34.227 (278291522)|STATEMENT_EXECUTE|[1]
15:26:34.227 (278296160)|STATEMENT_EXECUTE|[1]
15:26:34.227 (278303780)|HEAP_ALLOCATE|[8]|Bytes:5
15:26:34.227 (278316394)|METHOD_EXIT|[1]|Utils
15:26:34.227 (278328596)|METHOD_ENTRY|[8]|01p1r000009oduV|Utils.isNifNie(String)
15:26:34.227 (278339024)|VARIABLE_SCOPE_BEGIN|[3]|nif|String|false|false
15:26:34.227 (278355417)|VARIABLE_ASSIGNMENT|[3]|nif|"47898592B"
15:26:34.227 (278379139)|HEAP_ALLOCATE|[5]|Bytes:5
15:26:34.227 (278387086)|STATEMENT_EXECUTE|[3]
15:26:34.227 (278389504)|STATEMENT_EXECUTE|[5]
15:26:34.227 (278395687)|HEAP_ALLOCATE|[5]|Bytes:4
15:26:34.227 (278418154)|HEAP_ALLOCATE|[5]|Bytes:13
15:26:34.227 (278442176)|USER_DEBUG|[5]|DEBUG|NIF 47898592B
15:26:34.227 (278488568)|HEAP_ALLOCATE|[7]|Bytes:9
15:26:34.227 (278504545)|HEAP_ALLOCATE|[7]|Bytes:1
15:26:34.227 (278534724)|HEAP_ALLOCATE|[7]|Bytes:9
15:26:34.227 (278543203)|HEAP_ALLOCATE|[7]|Bytes:1
15:26:34.227 (278562768)|HEAP_ALLOCATE|[7]|Bytes:9
15:26:34.227 (278570843)|HEAP_ALLOCATE|[7]|Bytes:1
15:26:34.227 (278584462)|STATEMENT_EXECUTE|[7]
15:26:34.227 (278586612)|STATEMENT_EXECUTE|[11]
15:26:34.227 (278589054)|HEAP_ALLOCATE|[11]|Bytes:59
15:26:34.227 (278605384)|HEAP_ALLOCATE|[11]|Bytes:24
15:26:34.227 (278617378)|SYSTEM_METHOD_ENTRY|[1]|Pattern.Pattern()
15:26:34.227 (278623603)|STATEMENT_EXECUTE|[1]
15:26:34.227 (278633491)|SYSTEM_METHOD_EXIT|[1]|Pattern
15:26:34.227 (278649127)|METHOD_ENTRY|[11]||System.Pattern.compile(String)
15:26:34.227 (278782215)|METHOD_EXIT|[11]||System.Pattern.compile(String)
15:26:34.227 (278792161)|VARIABLE_SCOPE_BEGIN|[11]|nifPattern|System.Pattern|true|false
15:26:34.227 (278823751)|VARIABLE_ASSIGNMENT|[11]|nifPattern|{"delegate":"0x25236581"}|0x2f4ee472
15:26:34.227 (278835762)|STATEMENT_EXECUTE|[12]
15:26:34.227 (278847886)|METHOD_ENTRY|[12]||System.Pattern.matcher(String)
15:26:34.227 (278967740)|METHOD_EXIT|[12]||System.Pattern.matcher(String)
15:26:34.227 (278974284)|VARIABLE_SCOPE_BEGIN|[12]|m|System.Matcher|true|false
15:26:34.227 (278993105)|VARIABLE_ASSIGNMENT|[12]|m|{"delegate":"0xad17fcd"}|0x2a41cc80
15:26:34.227 (279006802)|METHOD_ENTRY|[13]||System.Matcher.matches()
15:26:34.227 (279043293)|METHOD_EXIT|[13]||System.Matcher.matches()
15:26:34.227 (279049221)|STATEMENT_EXECUTE|[13]
15:26:34.227 (279051276)|STATEMENT_EXECUTE|[14]
15:26:34.227 (279059007)|METHOD_ENTRY|[14]||System.Matcher.group(Integer)
15:26:34.227 (279103517)|METHOD_EXIT|[14]||System.Matcher.group(Integer)
15:26:34.227 (279109350)|VARIABLE_SCOPE_BEGIN|[14]|letra|String|false|false
15:26:34.227 (279119148)|VARIABLE_ASSIGNMENT|[14]|letra|"B"
15:26:34.227 (279124453)|STATEMENT_EXECUTE|[16]
15:26:34.227 (279127091)|HEAP_ALLOCATE|[16]|Bytes:23
15:26:34.227 (279131916)|VARIABLE_SCOPE_BEGIN|[16]|letras|String|false|false
15:26:34.227 (279142676)|VARIABLE_ASSIGNMENT|[16]|letras|"TRWAGMYFPDXBNJZSQVHL (3 more) ..."
15:26:34.227 (279147240)|STATEMENT_EXECUTE|[17]
15:26:34.227 (279153327)|METHOD_ENTRY|[17]||System.Matcher.group(Integer)
15:26:34.227 (279196147)|METHOD_EXIT|[17]||System.Matcher.group(Integer)
15:26:34.227 (279223339)|VARIABLE_SCOPE_BEGIN|[17]|dni|Integer|false|false
15:26:34.227 (279232613)|HEAP_ALLOCATE|[17]|Bytes:4
15:26:34.227 (279240978)|VARIABLE_ASSIGNMENT|[17]|dni|47898592
15:26:34.227 (279246637)|STATEMENT_EXECUTE|[18]
15:26:34.227 (279256475)|VARIABLE_SCOPE_BEGIN|[2]|Math.E|Double|false|true
15:26:34.227 (279264060)|VARIABLE_SCOPE_BEGIN|[3]|Math.PI|Double|false|true
15:26:34.227 (279276469)|HEAP_ALLOCATE|[18]|Bytes:206
15:26:34.227 (279285414)|SYSTEM_METHOD_ENTRY|[1]|Math.Math()
15:26:34.227 (279289107)|STATEMENT_EXECUTE|[1]
15:26:34.227 (279330447)|SYSTEM_METHOD_EXIT|[1]|Math
15:26:34.227 (279339775)|METHOD_ENTRY|[18]||System.Math.mod(Integer, Integer)
15:26:34.227 (279378512)|METHOD_EXIT|[18]||System.Math.mod(Integer, Integer)
15:26:34.227 (279383777)|HEAP_ALLOCATE|[18]|Bytes:4
15:26:34.227 (279390571)|VARIABLE_ASSIGNMENT|[18]|dni|11
15:26:34.227 (279395394)|STATEMENT_EXECUTE|[20]
15:26:34.227 (279411234)|HEAP_ALLOCATE|[20]|Bytes:1
15:26:34.227 (279420475)|VARIABLE_SCOPE_BEGIN|[20]|reference|String|false|false
15:26:34.227 (279435105)|VARIABLE_ASSIGNMENT|[20]|reference|"B"
15:26:34.227 (279453709)|STATEMENT_EXECUTE|[22]
15:26:34.227 (279456242)|STATEMENT_EXECUTE|[23]
15:26:34.227 (279458758)|HEAP_ALLOCATE|[23]|Bytes:21
15:26:34.227 (279463437)|HEAP_ALLOCATE|[23]|Bytes:1
15:26:34.227 (279471343)|HEAP_ALLOCATE|[23]|Bytes:24
15:26:34.227 (279482482)|USER_DEBUG|[23]|DEBUG|son iguales. Es NIF. B B
15:26:34.227 (279490857)|STATEMENT_EXECUTE|[24]
15:26:34.227 (279495245)|HEAP_ALLOCATE|[24]|Bytes:5
15:26:34.227 (279503851)|METHOD_EXIT|[8]|01p1r000009oduV|Utils.isNifNie(String)
15:26:34.227 (279510128)|STATEMENT_EXECUTE|[8]
15:26:34.227 (279519149)|HEAP_ALLOCATE|[7]|Bytes:5
15:26:34.227 (279531401)|VARIABLE_ASSIGNMENT|[7]|inContact|null|
15:26:34.227 (279555365)|SYSTEM_MODE_EXIT|false
15:26:34.227 (279564626)|METHOD_EXIT|[7]|01p1r000008aKc5|ContactMethods.ValidarNif(List<Contact>)
15:26:34.279 (279574400)|CUMULATIVE_LIMIT_USAGE
15:26:34.279 (279574400)|LIMIT_USAGE_FOR_NS|(default)|
  Number of SOQL queries: 0 out of 100
  Number of query rows: 0 out of 50000
  Number of SOSL queries: 0 out of 20
  Number of DML statements: 2 out of 150
  Number of DML rows: 2 out of 10000
  Maximum CPU time: 0 out of 10000
  Maximum heap size: 0 out of 6000000
  Number of callouts: 0 out of 100
  Number of Email Invocations: 0 out of 10
  Number of future calls: 0 out of 50
  Number of queueable jobs added to the queue: 0 out of 50
  Number of Mobile Apex push calls: 0 out of 10

15:26:34.279 (279574400)|CUMULATIVE_LIMIT_USAGE_END

15:26:34.227 (280657567)|CODE_UNIT_FINISHED|ContactTrigger on Contact trigger event BeforeInsert
15:26:34.227 (282091698)|CODE_UNIT_STARTED|[EXTERNAL]|DuplicateDetector
15:26:34.227 (282107786)|DUPLICATE_DETECTION_BEGIN
15:26:34.227 (282164922)|DUPLICATE_DETECTION_RULE_INVOCATION|DuplicateRuleId:0Bm1r0000018X89|DuplicateRuleName:Standard Contact Duplicate Rule|DmlType:INSERT
15:26:34.227 (308702069)|DUPLICATE_DETECTION_MATCH_INVOCATION_DETAILS|EntityType:Contact|ActionTaken:Allow_[Alert,Report]|DuplicateRecordIds:
15:26:34.227 (308724984)|DUPLICATE_DETECTION_MATCH_INVOCATION_SUMMARY|EntityType:Contact|NumRecordsToBeSaved:1|NumRecordsToBeSavedWithDuplicates:0|NumDuplicateRecordsFound:0
15:26:34.227 (308737987)|DUPLICATE_DETECTION_MATCH_INVOCATION_DETAILS|EntityType:Contact|ActionTaken:Allow_[Alert,Report]|DuplicateRecordIds:
15:26:34.227 (308745034)|DUPLICATE_DETECTION_MATCH_INVOCATION_SUMMARY|EntityType:Contact|NumRecordsToBeSaved:1|NumRecordsToBeSavedWithDuplicates:0|NumDuplicateRecordsFound:0
15:26:34.227 (308853319)|DUPLICATE_DETECTION_END
15:26:34.227 (308858719)|CODE_UNIT_FINISHED|DuplicateDetector
15:26:34.227 (323352022)|DML_END|[10]
15:26:34.227 (323383458)|STATEMENT_EXECUTE|[12]
15:26:34.227 (323417610)|HEAP_ALLOCATE|[12]|Bytes:4
15:26:34.227 (323444982)|HEAP_ALLOCATE|[12]|Bytes:14
15:26:34.227 (323484638)|VARIABLE_ASSIGNMENT|[12]|this.Name|"ReservaPrueba0"|0x75587493
15:26:34.227 (323494234)|HEAP_ALLOCATE|[13]|Bytes:6
15:26:34.227 (323512196)|VARIABLE_ASSIGNMENT|[12]|this.Origen__c|"Madrid"|0x75587493
15:26:34.227 (323519020)|HEAP_ALLOCATE|[14]|Bytes:4
15:26:34.227 (323534861)|VARIABLE_ASSIGNMENT|[12]|this.Destino__c|"Roma"|0x75587493
15:26:34.227 (323543069)|HEAP_ALLOCATE|[15]|Bytes:7
15:26:34.227 (323556315)|VARIABLE_ASSIGNMENT|[12]|this.Case__c|"Turista"|0x75587493
15:26:34.227 (323580804)|VARIABLE_ASSIGNMENT|[12]|this.Contacto__c|"0031r000024jSc5AAE"|0x75587493
15:26:34.227 (323649594)|HEAP_ALLOCATE|[17]|Bytes:4
15:26:34.227 (323704293)|HEAP_ALLOCATE|[17]|Bytes:56
15:26:34.227 (323749639)|VARIABLE_ASSIGNMENT|[12]|this.Fecha_Salida__c|"2019-01-10T23:00:00.000Z"|0x75587493
15:26:34.227 (323758425)|HEAP_ALLOCATE|[18]|Bytes:4
15:26:34.227 (323773503)|VARIABLE_ASSIGNMENT|[12]|this.Observaciones__c|"Nada"|0x75587493
15:26:34.227 (323807678)|VARIABLE_SCOPE_BEGIN|[12]|oReserva|Reserva_Vuelo__c|true|false
15:26:34.227 (323839998)|VARIABLE_ASSIGNMENT|[12]|oReserva|{"Name":"ReservaPrueba0","Origen__c":"Madrid","Destino__c":"Roma","Case__c":"Turista","Contacto__c":"0031r000024jSc5AAE","Fecha_Salida__c":"2019-01-10T23:00:00.000Z","Observaciones__c":"Nada"}|0x75587493
15:26:34.227 (323849692)|STATEMENT_EXECUTE|[22]
15:26:34.227 (323864963)|HEAP_ALLOCATE|[22]|Bytes:4
15:26:34.227 (323874672)|HEAP_ALLOCATE|[22]|Bytes:14
15:26:34.227 (323891491)|VARIABLE_ASSIGNMENT|[22]|this.Name|"ReservaPrueba2"|0x107a1e09
15:26:34.227 (323906576)|VARIABLE_ASSIGNMENT|[22]|this.Origen__c|"Madrid"|0x107a1e09
15:26:34.227 (323919713)|VARIABLE_ASSIGNMENT|[22]|this.Destino__c|"Roma"|0x107a1e09
15:26:34.227 (323932287)|VARIABLE_ASSIGNMENT|[22]|this.Case__c|"Turista"|0x107a1e09
15:26:34.227 (323952265)|VARIABLE_ASSIGNMENT|[22]|this.Contacto__c|"0031r000024jSc5AAE"|0x107a1e09
15:26:34.227 (323975084)|HEAP_ALLOCATE|[27]|Bytes:4
15:26:34.227 (324005013)|HEAP_ALLOCATE|[27]|Bytes:56
15:26:34.227 (324027995)|VARIABLE_ASSIGNMENT|[22]|this.Fecha_Salida__c|"2019-01-10T23:00:00.000Z"|0x107a1e09
15:26:34.227 (324043795)|VARIABLE_ASSIGNMENT|[22]|this.Observaciones__c|"Nada"|0x107a1e09
15:26:34.227 (324057741)|VARIABLE_SCOPE_BEGIN|[22]|oReserva2|Reserva_Vuelo__c|true|false
15:26:34.227 (324076441)|VARIABLE_ASSIGNMENT|[22]|oReserva2|{"Name":"ReservaPrueba2","Origen__c":"Madrid","Destino__c":"Roma","Case__c":"Turista","Contacto__c":"0031r000024jSc5AAE","Fecha_Salida__c":"2019-01-10T23:00:00.000Z","Observaciones__c":"Nada"}|0x107a1e09
15:26:34.227 (324084441)|STATEMENT_EXECUTE|[32]
15:26:34.227 (324111472)|HEAP_ALLOCATE|[32]|Bytes:4
15:26:34.227 (324143655)|VARIABLE_SCOPE_BEGIN|[32]|listReservas|List<Reserva_Vuelo__c>|true|false
15:26:34.227 (324155479)|HEAP_ALLOCATE|[EXTERNAL]|Bytes:4
15:26:34.227 (324166696)|VARIABLE_ASSIGNMENT|[32]|listReservas|[]|0x52b88b79
15:26:34.227 (324172678)|STATEMENT_EXECUTE|[34]
15:26:34.227 (324209624)|HEAP_ALLOCATE|[EXTERNAL]|Bytes:4
15:26:34.227 (324218193)|STATEMENT_EXECUTE|[35]
15:26:34.227 (324230541)|HEAP_ALLOCATE|[EXTERNAL]|Bytes:4
15:26:34.227 (324236585)|STATEMENT_EXECUTE|[37]
15:26:34.227 (324280809)|DML_BEGIN|[37]|Op:Insert|Type:Reserva_Vuelo__c|Rows:2
15:26:34.227 (324325046)|HEAP_ALLOCATE|[EXTERNAL]|Bytes:12
15:26:34.227 (326346357)|CODE_UNIT_STARTED|[EXTERNAL]|01q1r000000isRT|ReservaVueloTrigger on Reserva_Vuelo trigger event BeforeInsert
15:26:34.227 (326377954)|HEAP_ALLOCATE|[EXTERNAL]|Bytes:12
15:26:34.227 (326422995)|HEAP_ALLOCATE|[EXTERNAL]|Bytes:12
15:26:34.227 (326432926)|VARIABLE_SCOPE_BEGIN|[1]|this|ReservaVueloTrigger|true|false
15:26:34.227 (326463738)|VARIABLE_ASSIGNMENT|[1]|this|{}|0x36ba1be9
15:26:34.227 (326495668)|HEAP_ALLOCATE|[EXTERNAL]|Bytes:12
15:26:34.227 (326502040)|VARIABLE_SCOPE_BEGIN|[1]|this|ReservaVueloTrigger|true|false
15:26:34.227 (326514844)|VARIABLE_ASSIGNMENT|[1]|this|{}|0x36ba1be9
15:26:34.227 (326523093)|STATEMENT_EXECUTE|[1]
15:26:34.227 (326525378)|STATEMENT_EXECUTE|[4]
15:26:34.227 (326804207)|VARIABLE_ASSIGNMENT|[4]|this.listNew|[{"Contacto__c":"0031r000024jSc5AAE","Origen__c":"Madrid","Destino__c":"Roma","IsDeleted":false,"Fecha_Salida__c":"2019-01-10T23:00:00.000Z","OwnerId":"0051r000007Oz5QAAS","Observaciones__c":"Nada","Case__c":"Turista","Modificado__c":false,"Name":"ReservaPrueba0"},{"Contacto__c":"0031r000024jSc5AAE","Origen__c":"Madrid","Destino__c":"Roma","IsDeleted":false,"Fecha_Salida__c":"2019-01-10T23:00:00.000Z","OwnerId":"0051r000007Oz5QAAS","Observaciones__c":"Nada","Case__c":"Turista","Modificado__c":false,"Name":"ReservaPrueba2"}]|0x36ba1be9
15:26:34.227 (326821572)|STATEMENT_EXECUTE|[7]
15:26:34.227 (326847091)|VARIABLE_ASSIGNMENT|[7]|this.mapOld|null|0x36ba1be9
15:26:34.227 (326858308)|STATEMENT_EXECUTE|[10]
15:26:34.227 (326864215)|STATEMENT_EXECUTE|[11]
15:26:34.227 (326865932)|STATEMENT_EXECUTE|[12]
15:26:34.227 (326884343)|HEAP_ALLOCATE|[12]|Bytes:4
15:26:34.227 (326898120)|METHOD_ENTRY|[1]|01p1r000007Yidp|ReservaVueloMethods.ReservaVueloMethods()
15:26:34.227 (326905324)|STATEMENT_EXECUTE|[1]
15:26:34.227 (326909152)|STATEMENT_EXECUTE|[1]
15:26:34.227 (327255227)|SYSTEM_MODE_ENTER|false
15:26:34.227 (327267006)|HEAP_ALLOCATE|[12]|Bytes:5
15:26:34.227 (327275130)|SYSTEM_MODE_EXIT|false
15:26:34.227 (327285990)|METHOD_EXIT|[1]|ReservaVueloMethods
15:26:34.227 (327298778)|METHOD_ENTRY|[12]|01p1r000007Yidp|ReservaVueloMethods.RellenarCuenta(List<Reserva_Vuelo__c>)
15:26:34.227 (327308894)|VARIABLE_SCOPE_BEGIN|[4]|listReservas|List<Reserva_Vuelo__c>|true|false
15:26:34.227 (327467753)|VARIABLE_ASSIGNMENT|[4]|listReservas|[{"Contacto__c":"0031r000024jSc5AAE","Origen__c":"Madrid","Destino__c":"Roma","IsDeleted":false,"Fecha_Salida__c":"2019-01-10T23:00:00.000Z","OwnerId":"0051r000007Oz5QAAS","Observaciones__c":"Nada","Case__c":"Turista","Modificado__c":false,"Name":"ReservaPrueba0"},{"Contacto__c":"0031r000024jSc5AAE","Origen__c":"Madrid","Destino__c":"Roma","IsDeleted":false,"Fecha_Salida__c":"2019-01-10T23:00:00.000Z","OwnerId":"0051r000007Oz5QAAS","Observaciones__c":"Nada","Case__c":"Turista","Modificado__c":false,"Name":"ReservaPrueba2"}]|0x716aa280
15:26:34.227 (327499460)|SYSTEM_MODE_ENTER|false
15:26:34.227 (327505910)|HEAP_ALLOCATE|[6]|Bytes:5
15:26:34.227 (327511140)|STATEMENT_EXECUTE|[4]
15:26:34.227 (327531394)|STATEMENT_EXECUTE|[6]
15:26:34.227 (327533283)|STATEMENT_EXECUTE|[9]
15:26:34.227 (327551322)|HEAP_ALLOCATE|[9]|Bytes:4
15:26:34.227 (327572691)|VARIABLE_SCOPE_BEGIN|[9]|listContactosIds|Set<String>|true|false
15:26:34.227 (327598591)|VARIABLE_ASSIGNMENT|[9]|listContactosIds|[]|0x7f75df
15:26:34.227 (327628498)|HEAP_ALLOCATE|[10]|Bytes:5
15:26:34.227 (327644803)|HEAP_ALLOCATE|[10]|Bytes:4
15:26:34.227 (327653206)|VARIABLE_SCOPE_BEGIN|[10]|inReserva|Reserva_Vuelo__c|true|false
15:26:34.227 (327769900)|VARIABLE_ASSIGNMENT|[10]|inReserva|{"Contacto__c":"0031r000024jSc5AAE","Origen__c":"Madrid","Destino__c":"Roma","IsDeleted":false,"Fecha_Salida__c":"2019-01-10T23:00:00.000Z","OwnerId":"0051r000007Oz5QAAS","Observaciones__c":"Nada","Case__c":"Turista","Modificado__c":false,"Name":"ReservaPrueba0"}|0xeb80072
15:26:34.227 (327780976)|STATEMENT_EXECUTE|[10]
15:26:34.227 (327782950)|STATEMENT_EXECUTE|[11]
15:26:34.227 (327816577)|HEAP_ALLOCATE|[EXTERNAL]|Bytes:4
15:26:34.227 (327838324)|HEAP_ALLOCATE|[10]|Bytes:5
15:26:34.227 (327849968)|HEAP_ALLOCATE|[10]|Bytes:4
15:26:34.227 (327856923)|VARIABLE_SCOPE_BEGIN|[10]|inReserva|Reserva_Vuelo__c|true|false
15:26:34.227 (327937507)|VARIABLE_ASSIGNMENT|[10]|inReserva|{"Contacto__c":"0031r000024jSc5AAE","Origen__c":"Madrid","Destino__c":"Roma","IsDeleted":false,"Fecha_Salida__c":"2019-01-10T23:00:00.000Z","OwnerId":"0051r000007Oz5QAAS","Observaciones__c":"Nada","Case__c":"Turista","Modificado__c":false,"Name":"ReservaPrueba2"}|0x683b371f
15:26:34.227 (327949169)|STATEMENT_EXECUTE|[10]
15:26:34.227 (327951187)|STATEMENT_EXECUTE|[11]
15:26:34.227 (327964521)|HEAP_ALLOCATE|[EXTERNAL]|Bytes:4
15:26:34.227 (327977401)|HEAP_ALLOCATE|[10]|Bytes:5
15:26:34.227 (327988118)|VARIABLE_ASSIGNMENT|[10]|inReserva|null|
15:26:34.227 (327994729)|STATEMENT_EXECUTE|[23]
15:26:34.227 (328016804)|HEAP_ALLOCATE|[23]|Bytes:4
15:26:34.227 (328024252)|HEAP_ALLOCATE|[23]|Bytes:49
15:26:34.227 (328034508)|HEAP_ALLOCATE|[23]|Bytes:4
15:26:34.227 (328044994)|HEAP_ALLOCATE|[23]|Bytes:7
15:26:34.227 (328082029)|HEAP_ALLOCATE|[23]|Bytes:8
15:26:34.227 (328090994)|HEAP_ALLOCATE|[23]|Bytes:8
15:26:34.227 (328280874)|SOQL_EXECUTE_BEGIN|[23]|Aggregations:0|SELECT AccountId FROM Contact WHERE id = :tmpVar1
15:26:34.227 (331792150)|SOQL_EXECUTE_END|[23]|Rows:1
15:26:34.227 (331825158)|HEAP_ALLOCATE|[23]|Bytes:8
15:26:34.227 (331846855)|HEAP_ALLOCATE|[23]|Bytes:60
15:26:34.227 (331882562)|HEAP_ALLOCATE|[23]|Bytes:8
15:26:34.227 (331907778)|HEAP_ALLOCATE|[23]|Bytes:12
15:26:34.227 (331917730)|HEAP_ALLOCATE|[23]|Bytes:18
15:26:34.227 (331926914)|VARIABLE_SCOPE_BEGIN|[23]|contactos|Map<String,Contact>|true|false
15:26:34.227 (331961006)|VARIABLE_ASSIGNMENT|[23]|contactos|{"0031r000024jSc5AAE":{"AccountId":"0011r00001myf6rAAA","Id":"0031r000024jSc5AAE"}}|0x62f33b46
15:26:34.227 (331997522)|HEAP_ALLOCATE|[26]|Bytes:5
15:26:34.227 (332012447)|HEAP_ALLOCATE|[26]|Bytes:4
15:26:34.227 (332021179)|VARIABLE_SCOPE_BEGIN|[26]|inReserva|Reserva_Vuelo__c|true|false
15:26:34.227 (332151685)|VARIABLE_ASSIGNMENT|[26]|inReserva|{"Contacto__c":"0031r000024jSc5AAE","Origen__c":"Madrid","Destino__c":"Roma","IsDeleted":false,"Fecha_Salida__c":"2019-01-10T23:00:00.000Z","OwnerId":"0051r000007Oz5QAAS","Observaciones__c":"Nada","Case__c":"Turista","Modificado__c":false,"Name":"ReservaPrueba0"}|0xeb80072
15:26:34.227 (332164602)|STATEMENT_EXECUTE|[26]
15:26:34.227 (332166996)|STATEMENT_EXECUTE|[27]
15:26:34.227 (332314805)|VARIABLE_ASSIGNMENT|[27]|this.Cuenta__c|"0011r00001myf6rAAA"|0xeb80072
15:26:34.227 (332332739)|HEAP_ALLOCATE|[26]|Bytes:5
15:26:34.227 (332345366)|HEAP_ALLOCATE|[26]|Bytes:4
15:26:34.227 (332352100)|VARIABLE_SCOPE_BEGIN|[26]|inReserva|Reserva_Vuelo__c|true|false
15:26:34.227 (332433593)|VARIABLE_ASSIGNMENT|[26]|inReserva|{"Contacto__c":"0031r000024jSc5AAE","Origen__c":"Madrid","Destino__c":"Roma","IsDeleted":false,"Fecha_Salida__c":"2019-01-10T23:00:00.000Z","OwnerId":"0051r000007Oz5QAAS","Observaciones__c":"Nada","Case__c":"Turista","Modificado__c":false,"Name":"ReservaPrueba2"}|0x683b371f
15:26:34.227 (332443797)|STATEMENT_EXECUTE|[26]
15:26:34.227 (332446080)|STATEMENT_EXECUTE|[27]
15:26:34.227 (332548148)|VARIABLE_ASSIGNMENT|[27]|this.Cuenta__c|"0011r00001myf6rAAA"|0x683b371f
15:26:34.227 (332563507)|HEAP_ALLOCATE|[26]|Bytes:5
15:26:34.227 (332575422)|VARIABLE_ASSIGNMENT|[26]|inReserva|null|
15:26:34.227 (332584904)|SYSTEM_MODE_EXIT|false
15:26:34.227 (332598140)|METHOD_EXIT|[12]|01p1r000007Yidp|ReservaVueloMethods.RellenarCuenta(List<Reserva_Vuelo__c>)
15:26:34.227 (332616981)|STATEMENT_EXECUTE|[14]
15:26:34.332 (332624630)|CUMULATIVE_LIMIT_USAGE
15:26:34.332 (332624630)|LIMIT_USAGE_FOR_NS|(default)|
  Number of SOQL queries: 1 out of 100
  Number of query rows: 1 out of 50000
  Number of SOSL queries: 0 out of 20
  Number of DML statements: 3 out of 150
  Number of DML rows: 4 out of 10000
  Maximum CPU time: 0 out of 10000
  Maximum heap size: 0 out of 6000000
  Number of callouts: 0 out of 100
  Number of Email Invocations: 0 out of 10
  Number of future calls: 0 out of 50
  Number of queueable jobs added to the queue: 0 out of 50
  Number of Mobile Apex push calls: 0 out of 10

15:26:34.332 (332624630)|CUMULATIVE_LIMIT_USAGE_END

15:26:34.227 (333825992)|CODE_UNIT_FINISHED|ReservaVueloTrigger on Reserva_Vuelo trigger event BeforeInsert
15:26:34.227 (335608561)|CODE_UNIT_STARTED|[EXTERNAL]|Validation:Reserva_Vuelo:new
15:26:34.227 (335619809)|VALIDATION_RULE|03d1r0000006A1e|DiferentesCampos
15:26:34.227 (335727350)|VALIDATION_FORMULA|TEXT(Origen__c)  =  TEXT(Destino__c)|Destino__c=Roma , Origen__c=Madrid
15:26:34.227 (335734527)|VALIDATION_PASS
15:26:34.227 (335736949)|VALIDATION_RULE|03d1r0000006A1Z|Fecha_de_salida
15:26:34.227 (335799342)|VALIDATION_FORMULA|Fecha_Salida__c  <   NOW()|Fecha_Salida__c=2019-01-10 23:00:00
15:26:34.227 (335806465)|VALIDATION_PASS
15:26:34.227 (335839348)|CODE_UNIT_FINISHED|Validation:Reserva_Vuelo:new
15:26:34.227 (335859381)|CODE_UNIT_STARTED|[EXTERNAL]|Validation:Reserva_Vuelo:new
15:26:34.227 (335864791)|VALIDATION_RULE|03d1r0000006A1e|DiferentesCampos
15:26:34.227 (335967958)|VALIDATION_FORMULA|TEXT(Origen__c)  =  TEXT(Destino__c)|Destino__c=Roma , Origen__c=Madrid
15:26:34.227 (335974977)|VALIDATION_PASS
15:26:34.227 (335976838)|VALIDATION_RULE|03d1r0000006A1Z|Fecha_de_salida
15:26:34.227 (336038758)|VALIDATION_FORMULA|Fecha_Salida__c  <   NOW()|Fecha_Salida__c=2019-01-10 23:00:00
15:26:34.227 (336045522)|VALIDATION_PASS
15:26:34.227 (336064524)|CODE_UNIT_FINISHED|Validation:Reserva_Vuelo:new
15:26:34.227 (350354113)|DML_END|[37]
15:26:34.227 (350416459)|HEAP_ALLOCATE|[EXTERNAL]|Bytes:12
15:26:34.227 (350438893)|STATEMENT_EXECUTE|[41]
15:26:34.227 (350446326)|HEAP_ALLOCATE|[41]|Bytes:58
15:26:34.227 (350466109)|HEAP_ALLOCATE|[41]|Bytes:4
15:26:34.227 (350533073)|HEAP_ALLOCATE|[41]|Bytes:36
15:26:34.227 (350713689)|SOQL_EXECUTE_BEGIN|[41]|Aggregations:0|SELECT Cuenta__c FROM Reserva_Vuelo__c WHERE Id = :tmpVar1
15:26:34.227 (353840426)|SOQL_EXECUTE_END|[41]|Rows:1
15:26:34.227 (353864397)|HEAP_ALLOCATE|[41]|Bytes:8
15:26:34.227 (353878354)|HEAP_ALLOCATE|[41]|Bytes:60
15:26:34.227 (353907279)|HEAP_ALLOCATE|[41]|Bytes:8
15:26:34.227 (353920526)|HEAP_ALLOCATE|[41]|Bytes:42
15:26:34.227 (353938893)|HEAP_ALLOCATE|[41]|Bytes:12
15:26:34.227 (353948475)|VARIABLE_SCOPE_BEGIN|[41]|oReservaCheck|Reserva_Vuelo__c|true|false
15:26:34.227 (353979213)|VARIABLE_ASSIGNMENT|[41]|oReservaCheck|{"Cuenta__c":"0011r00001myf6rAAA","Id":"a001r00000oULYRAA4"}|0x60e5cb25
15:26:34.227 (353988435)|STATEMENT_EXECUTE|[43]
15:26:34.354 (354067177)|CUMULATIVE_LIMIT_USAGE
15:26:34.354 (354067177)|LIMIT_USAGE_FOR_NS|(default)|
  Number of SOQL queries: 2 out of 100
  Number of query rows: 2 out of 50000
  Number of SOSL queries: 0 out of 20
  Number of DML statements: 3 out of 150
  Number of DML rows: 4 out of 10000
  Maximum CPU time: 0 out of 10000
  Maximum heap size: 0 out of 6000000
  Number of callouts: 0 out of 100
  Number of Email Invocations: 0 out of 10
  Number of future calls: 0 out of 50
  Number of queueable jobs added to the queue: 0 out of 50
  Number of Mobile Apex push calls: 0 out of 10

15:26:34.354 (354067177)|CUMULATIVE_LIMIT_USAGE_END

15:26:34.227 (354105018)|CODE_UNIT_FINISHED|ReservaVueloTest.testRellenarCuenta
15:26:34.227 (354905940)|EXECUTION_FINISHED
15:26:34.648 (648400373)|USER_INFO|[EXTERNAL]|0051r000007Oz5Q|lydia.abril@gmail.com|hora estándar de Europa central|GMT+02:00
15:26:34.648 (648421565)|EXECUTION_STARTED
15:26:34.648 (648426269)|CODE_UNIT_STARTED|[EXTERNAL]|DuplicateDetector
15:26:34.648 (648437197)|DUPLICATE_DETECTION_BEGIN
15:26:34.648 (648499392)|DUPLICATE_DETECTION_RULE_INVOCATION|DuplicateRuleId:0Bm1r0000018X89|DuplicateRuleName:Standard Contact Duplicate Rule|DmlType:INSERT
15:26:34.648 (659837719)|DUPLICATE_DETECTION_END
15:26:34.648 (659846449)|CODE_UNIT_FINISHED|DuplicateDetector
15:26:34.648 (660686792)|EXECUTION_FINISHED
15:26:34.661 (661589480)|USER_INFO|[EXTERNAL]|0051r000007Oz5Q|lydia.abril@gmail.com|hora estándar de Europa central|GMT+02:00
15:26:34.661 (661610462)|EXECUTION_STARTED
15:26:34.661 (661614546)|CODE_UNIT_STARTED|[EXTERNAL]|DuplicateDetector
15:26:34.661 (661625372)|DUPLICATE_DETECTION_BEGIN
15:26:34.661 (661669438)|DUPLICATE_DETECTION_RULE_INVOCATION|DuplicateRuleId:0Bm1r0000018X88|DuplicateRuleName:Standard Account Duplicate Rule|DmlType:INSERT
15:26:34.661 (669810444)|DUPLICATE_DETECTION_END
15:26:34.661 (669819084)|CODE_UNIT_FINISHED|DuplicateDetector
15:26:34.661 (670608089)|EXECUTION_FINISHED
