42.0 APEX_CODE,FINEST;APEX_PROFILING,INFO;CALLOUT,INFO;DB,INFO;SYSTEM,DEBUG;VALIDATION,INFO;VISUALFORCE,INFO;WAVE,INFO;WORKFLOW,INFO
12:47:42.0 (325279)|EXECUTION_STARTED
12:47:42.0 (350143)|CODE_UNIT_STARTED|[EXTERNAL]|VisualForce View State
12:47:42.0 (7514267)|CODE_UNIT_FINISHED|VisualForce View State
12:47:42.0 (8409022)|EXECUTION_FINISHED
12:47:42.152 (152612862)|VF_PAGE_MESSAGE|Compile Error: Invalid type: parksServices.byCountryResponse at line 29 column 13
12:47:42.152 (164892208)|VF_SERIALIZE_VIEWSTATE_BEGIN|
12:47:42.152 (168585752)|VF_SERIALIZE_VIEWSTATE_END
12:47:42.174 (174997282)|CUMULATIVE_LIMIT_USAGE
12:47:42.174 (174997282)|LIMIT_USAGE_FOR_NS|(default)|
  Number of SOQL queries: 0 out of 100
  Number of query rows: 0 out of 50000
  Number of SOSL queries: 0 out of 20
  Number of DML statements: 0 out of 150
  Number of DML rows: 0 out of 10000
  Maximum CPU time: 0 out of 10000
  Maximum heap size: 0 out of 6000000
  Number of callouts: 0 out of 100
  Number of Email Invocations: 0 out of 10
  Number of future calls: 0 out of 50
  Number of queueable jobs added to the queue: 0 out of 50
  Number of Mobile Apex push calls: 0 out of 10

12:47:42.174 (174997282)|CUMULATIVE_LIMIT_USAGE_END

