36.0 APEX_CODE,FINEST;APEX_PROFILING,INFO;CALLOUT,INFO;DB,INFO;SYSTEM,DEBUG;VALIDATION,INFO;VISUALFORCE,INFO;WAVE,INFO;WORKFLOW,INFO
08:37:40.0 (807993)|USER_INFO|[EXTERNAL]|0051r000007Oz5Q|lydia.abril@gmail.com|hora est치ndar de Europa central|GMT+02:00
08:37:40.0 (984253)|EXECUTION_STARTED
08:37:40.0 (988329)|CODE_UNIT_STARTED|[EXTERNAL]|01p1r000007WiaC|TemperatureConverterTest.testBoilingPoint
08:37:40.0 (1797573)|HEAP_ALLOCATE|[72]|Bytes:3
08:37:40.0 (1855990)|HEAP_ALLOCATE|[77]|Bytes:152
08:37:40.0 (1871703)|HEAP_ALLOCATE|[342]|Bytes:408
08:37:40.0 (1887512)|HEAP_ALLOCATE|[355]|Bytes:408
08:37:40.0 (1901051)|HEAP_ALLOCATE|[467]|Bytes:48
08:37:40.0 (1929164)|HEAP_ALLOCATE|[139]|Bytes:6
08:37:40.0 (1942705)|HEAP_ALLOCATE|[EXTERNAL]|Bytes:21
08:37:40.0 (1982713)|METHOD_ENTRY|[2]|01p1r000007WiaC|TemperatureConverterTest.TemperatureConverterTest()
08:37:40.0 (1988942)|STATEMENT_EXECUTE|[2]
08:37:40.0 (1993486)|STATEMENT_EXECUTE|[2]
08:37:40.0 (2005135)|METHOD_EXIT|[2]|TemperatureConverterTest
08:37:40.0 (2038307)|HEAP_ALLOCATE|[50]|Bytes:5
08:37:40.0 (2059483)|HEAP_ALLOCATE|[56]|Bytes:5
08:37:40.0 (2067211)|HEAP_ALLOCATE|[64]|Bytes:7
08:37:40.0 (2107121)|STATEMENT_EXECUTE|[13]
08:37:40.0 (2109154)|STATEMENT_EXECUTE|[14]
08:37:40.0 (2130534)|HEAP_ALLOCATE|[14]|Bytes:28
08:37:40.0 (3462165)|HEAP_ALLOCATE|[14]|Bytes:1
08:37:40.0 (3480892)|METHOD_ENTRY|[1]|01p1r000007WiVz|TemperatureConverter.TemperatureConverter()
08:37:40.0 (3486044)|STATEMENT_EXECUTE|[1]
08:37:40.0 (3490547)|STATEMENT_EXECUTE|[1]
08:37:40.0 (3494275)|METHOD_EXIT|[1]|TemperatureConverter
08:37:40.0 (3536692)|METHOD_ENTRY|[14]|01p1r000007WiVz|TemperatureConverter.FahrenheitToCelsius(Decimal)
08:37:40.0 (3567097)|VARIABLE_SCOPE_BEGIN|[3]|fh|Decimal|false|false
08:37:40.0 (3668515)|VARIABLE_ASSIGNMENT|[3]|fh|212
08:37:40.0 (3681238)|STATEMENT_EXECUTE|[3]
08:37:40.0 (3682728)|STATEMENT_EXECUTE|[4]
08:37:40.0 (3692195)|HEAP_ALLOCATE|[4]|Bytes:28
08:37:40.0 (3761379)|HEAP_ALLOCATE|[4]|Bytes:28
08:37:40.0 (3806982)|HEAP_ALLOCATE|[4]|Bytes:28
08:37:40.0 (3811153)|HEAP_ALLOCATE|[4]|Bytes:28
08:37:40.0 (3836154)|HEAP_ALLOCATE|[4]|Bytes:28
08:37:40.0 (3847885)|HEAP_ALLOCATE|[4]|Bytes:28
08:37:40.0 (3850933)|HEAP_ALLOCATE|[4]|Bytes:28
08:37:40.0 (3903937)|HEAP_ALLOCATE|[4]|Bytes:28
08:37:40.0 (3907978)|HEAP_ALLOCATE|[4]|Bytes:28
08:37:40.0 (3918914)|VARIABLE_SCOPE_BEGIN|[4]|cs|Decimal|false|false
08:37:40.0 (3931225)|VARIABLE_ASSIGNMENT|[4]|cs|100
08:37:40.0 (3935496)|STATEMENT_EXECUTE|[5]
08:37:40.0 (3960320)|HEAP_ALLOCATE|[5]|Bytes:28
08:37:40.0 (3972558)|METHOD_EXIT|[14]|01p1r000007WiVz|TemperatureConverter.FahrenheitToCelsius(Decimal)
08:37:40.0 (3977792)|VARIABLE_SCOPE_BEGIN|[14]|celsius|Decimal|false|false
08:37:40.0 (3987199)|VARIABLE_ASSIGNMENT|[14]|celsius|100.00
08:37:40.0 (3991127)|STATEMENT_EXECUTE|[15]
08:37:40.0 (3995251)|HEAP_ALLOCATE|[15]|Bytes:42
08:37:40.4 (4044857)|CUMULATIVE_LIMIT_USAGE
08:37:40.4 (4044857)|LIMIT_USAGE_FOR_NS|(default)|
  Number of SOQL queries: 0 out of 100
  Number of query rows: 0 out of 50000
  Number of SOSL queries: 0 out of 20
  Number of DML statements: 0 out of 150
  Number of DML rows: 0 out of 10000
  Maximum CPU time: 0 out of 10000
  Maximum heap size: 0 out of 6000000
  Number of callouts: 0 out of 100
  Number of Email Invocations: 0 out of 10
  Number of future calls: 0 out of 50
  Number of queueable jobs added to the queue: 0 out of 50
  Number of Mobile Apex push calls: 0 out of 10

08:37:40.4 (4044857)|CUMULATIVE_LIMIT_USAGE_END

08:37:40.0 (4076701)|CODE_UNIT_FINISHED|TemperatureConverterTest.testBoilingPoint
08:37:40.0 (4888292)|EXECUTION_FINISHED
08:37:40.32 (32437239)|USER_INFO|[EXTERNAL]|0051r000007Oz5Q|lydia.abril@gmail.com|hora est치ndar de Europa central|GMT+02:00
08:37:40.32 (32456365)|EXECUTION_STARTED
08:37:40.32 (32459983)|CODE_UNIT_STARTED|[EXTERNAL]|01p1r000007WiaC|TemperatureConverterTest.testFreezingPoint
08:37:40.32 (32587323)|HEAP_ALLOCATE|[72]|Bytes:3
08:37:40.32 (32626326)|HEAP_ALLOCATE|[77]|Bytes:152
08:37:40.32 (32640681)|HEAP_ALLOCATE|[342]|Bytes:408
08:37:40.32 (32656264)|HEAP_ALLOCATE|[355]|Bytes:408
08:37:40.32 (32675199)|HEAP_ALLOCATE|[467]|Bytes:48
08:37:40.32 (32706067)|HEAP_ALLOCATE|[139]|Bytes:6
08:37:40.32 (32720119)|HEAP_ALLOCATE|[EXTERNAL]|Bytes:21
08:37:40.32 (32730916)|METHOD_ENTRY|[2]|01p1r000007WiaC|TemperatureConverterTest.TemperatureConverterTest()
08:37:40.32 (32736778)|STATEMENT_EXECUTE|[2]
08:37:40.32 (32741535)|STATEMENT_EXECUTE|[2]
08:37:40.32 (32744795)|METHOD_EXIT|[2]|TemperatureConverterTest
08:37:40.32 (32763935)|HEAP_ALLOCATE|[50]|Bytes:5
08:37:40.32 (32783716)|HEAP_ALLOCATE|[56]|Bytes:5
08:37:40.32 (32790770)|HEAP_ALLOCATE|[64]|Bytes:7
08:37:40.32 (32835832)|STATEMENT_EXECUTE|[9]
08:37:40.32 (32837984)|STATEMENT_EXECUTE|[10]
08:37:40.32 (32862574)|HEAP_ALLOCATE|[10]|Bytes:28
08:37:40.32 (32872116)|HEAP_ALLOCATE|[10]|Bytes:1
08:37:40.32 (32878257)|METHOD_ENTRY|[1]|01p1r000007WiVz|TemperatureConverter.TemperatureConverter()
08:37:40.32 (32882382)|STATEMENT_EXECUTE|[1]
08:37:40.32 (32884543)|STATEMENT_EXECUTE|[1]
08:37:40.32 (32887130)|METHOD_EXIT|[1]|TemperatureConverter
08:37:40.32 (32898413)|METHOD_ENTRY|[10]|01p1r000007WiVz|TemperatureConverter.FahrenheitToCelsius(Decimal)
08:37:40.32 (32916519)|VARIABLE_SCOPE_BEGIN|[3]|fh|Decimal|false|false
08:37:40.32 (32939248)|VARIABLE_ASSIGNMENT|[3]|fh|32
08:37:40.32 (32949077)|STATEMENT_EXECUTE|[3]
08:37:40.32 (32950602)|STATEMENT_EXECUTE|[4]
08:37:40.32 (32956368)|HEAP_ALLOCATE|[4]|Bytes:28
08:37:40.32 (33002872)|HEAP_ALLOCATE|[4]|Bytes:28
08:37:40.32 (33007826)|HEAP_ALLOCATE|[4]|Bytes:28
08:37:40.32 (33022852)|HEAP_ALLOCATE|[4]|Bytes:28
08:37:40.32 (33026044)|HEAP_ALLOCATE|[4]|Bytes:28
08:37:40.32 (33043390)|HEAP_ALLOCATE|[4]|Bytes:28
08:37:40.32 (33046827)|HEAP_ALLOCATE|[4]|Bytes:28
08:37:40.32 (33056387)|HEAP_ALLOCATE|[4]|Bytes:28
08:37:40.32 (33059300)|HEAP_ALLOCATE|[4]|Bytes:28
08:37:40.32 (33078265)|HEAP_ALLOCATE|[4]|Bytes:28
08:37:40.32 (33081439)|HEAP_ALLOCATE|[4]|Bytes:28
08:37:40.32 (33089925)|VARIABLE_SCOPE_BEGIN|[4]|cs|Decimal|false|false
08:37:40.32 (33102083)|VARIABLE_ASSIGNMENT|[4]|cs|0
08:37:40.32 (33106355)|STATEMENT_EXECUTE|[5]
08:37:40.32 (33125858)|HEAP_ALLOCATE|[5]|Bytes:28
08:37:40.32 (33129495)|HEAP_ALLOCATE|[5]|Bytes:28
08:37:40.32 (33140220)|METHOD_EXIT|[10]|01p1r000007WiVz|TemperatureConverter.FahrenheitToCelsius(Decimal)
08:37:40.32 (33145159)|VARIABLE_SCOPE_BEGIN|[10]|celsius|Decimal|false|false
08:37:40.32 (33153389)|VARIABLE_ASSIGNMENT|[10]|celsius|0.00
08:37:40.32 (33157639)|STATEMENT_EXECUTE|[11]
08:37:40.33 (33201475)|CUMULATIVE_LIMIT_USAGE
08:37:40.33 (33201475)|LIMIT_USAGE_FOR_NS|(default)|
  Number of SOQL queries: 0 out of 100
  Number of query rows: 0 out of 50000
  Number of SOSL queries: 0 out of 20
  Number of DML statements: 0 out of 150
  Number of DML rows: 0 out of 10000
  Maximum CPU time: 0 out of 10000
  Maximum heap size: 0 out of 6000000
  Number of callouts: 0 out of 100
  Number of Email Invocations: 0 out of 10
  Number of future calls: 0 out of 50
  Number of queueable jobs added to the queue: 0 out of 50
  Number of Mobile Apex push calls: 0 out of 10

08:37:40.33 (33201475)|CUMULATIVE_LIMIT_USAGE_END

08:37:40.32 (33231475)|CODE_UNIT_FINISHED|TemperatureConverterTest.testFreezingPoint
08:37:40.32 (33964747)|EXECUTION_FINISHED
08:37:40.44 (44097792)|USER_INFO|[EXTERNAL]|0051r000007Oz5Q|lydia.abril@gmail.com|hora est치ndar de Europa central|GMT+02:00
08:37:40.44 (44122801)|EXECUTION_STARTED
08:37:40.44 (44128157)|CODE_UNIT_STARTED|[EXTERNAL]|01p1r000007WiaC|TemperatureConverterTest.testNegativeTemp
08:37:40.44 (44298235)|HEAP_ALLOCATE|[72]|Bytes:3
08:37:40.44 (44344362)|HEAP_ALLOCATE|[77]|Bytes:152
08:37:40.44 (44367726)|HEAP_ALLOCATE|[342]|Bytes:408
08:37:40.44 (44394732)|HEAP_ALLOCATE|[355]|Bytes:408
08:37:40.44 (44420852)|HEAP_ALLOCATE|[467]|Bytes:48
08:37:40.44 (44460986)|HEAP_ALLOCATE|[139]|Bytes:6
08:37:40.44 (44485204)|HEAP_ALLOCATE|[EXTERNAL]|Bytes:21
08:37:40.44 (44500319)|METHOD_ENTRY|[2]|01p1r000007WiaC|TemperatureConverterTest.TemperatureConverterTest()
08:37:40.44 (44508561)|STATEMENT_EXECUTE|[2]
08:37:40.44 (44514736)|STATEMENT_EXECUTE|[2]
08:37:40.44 (44519911)|METHOD_EXIT|[2]|TemperatureConverterTest
08:37:40.44 (44552926)|HEAP_ALLOCATE|[50]|Bytes:5
08:37:40.44 (44582011)|HEAP_ALLOCATE|[56]|Bytes:5
08:37:40.44 (44595383)|HEAP_ALLOCATE|[64]|Bytes:7
08:37:40.44 (44645318)|STATEMENT_EXECUTE|[18]
08:37:40.44 (44648544)|STATEMENT_EXECUTE|[19]
08:37:40.44 (44678364)|HEAP_ALLOCATE|[19]|Bytes:28
08:37:40.44 (44695444)|HEAP_ALLOCATE|[19]|Bytes:1
08:37:40.44 (44704727)|METHOD_ENTRY|[1]|01p1r000007WiVz|TemperatureConverter.TemperatureConverter()
08:37:40.44 (44711140)|STATEMENT_EXECUTE|[1]
08:37:40.44 (44714545)|STATEMENT_EXECUTE|[1]
08:37:40.44 (44718570)|METHOD_EXIT|[1]|TemperatureConverter
08:37:40.44 (44733700)|METHOD_ENTRY|[19]|01p1r000007WiVz|TemperatureConverter.FahrenheitToCelsius(Decimal)
08:37:40.44 (44760182)|VARIABLE_SCOPE_BEGIN|[3]|fh|Decimal|false|false
08:37:40.44 (44791342)|VARIABLE_ASSIGNMENT|[3]|fh|-10
08:37:40.44 (44807481)|STATEMENT_EXECUTE|[3]
08:37:40.44 (44809844)|STATEMENT_EXECUTE|[4]
08:37:40.44 (44819578)|HEAP_ALLOCATE|[4]|Bytes:28
08:37:40.44 (44878287)|HEAP_ALLOCATE|[4]|Bytes:28
08:37:40.44 (44905268)|HEAP_ALLOCATE|[4]|Bytes:28
08:37:40.44 (44909192)|HEAP_ALLOCATE|[4]|Bytes:28
08:37:40.44 (44928253)|HEAP_ALLOCATE|[4]|Bytes:28
08:37:40.44 (44939659)|HEAP_ALLOCATE|[4]|Bytes:28
08:37:40.44 (44942608)|HEAP_ALLOCATE|[4]|Bytes:28
08:37:40.44 (44981526)|HEAP_ALLOCATE|[4]|Bytes:28
08:37:40.44 (44985219)|HEAP_ALLOCATE|[4]|Bytes:28
08:37:40.44 (44995305)|VARIABLE_SCOPE_BEGIN|[4]|cs|Decimal|false|false
08:37:40.44 (45022352)|VARIABLE_ASSIGNMENT|[4]|cs|-23.3333333333333333333333333333333
08:37:40.44 (45028354)|STATEMENT_EXECUTE|[5]
08:37:40.44 (45050790)|HEAP_ALLOCATE|[5]|Bytes:28
08:37:40.44 (45062509)|METHOD_EXIT|[19]|01p1r000007WiVz|TemperatureConverter.FahrenheitToCelsius(Decimal)
08:37:40.44 (45068489)|VARIABLE_SCOPE_BEGIN|[19]|celsius|Decimal|false|false
08:37:40.44 (45078086)|VARIABLE_ASSIGNMENT|[19]|celsius|-23.33
08:37:40.44 (45082442)|STATEMENT_EXECUTE|[20]
08:37:40.44 (45085781)|HEAP_ALLOCATE|[20]|Bytes:5
08:37:40.44 (45094879)|HEAP_ALLOCATE|[20]|Bytes:28
08:37:40.44 (45124519)|HEAP_ALLOCATE|[20]|Bytes:28
08:37:40.45 (45163209)|CUMULATIVE_LIMIT_USAGE
08:37:40.45 (45163209)|LIMIT_USAGE_FOR_NS|(default)|
  Number of SOQL queries: 0 out of 100
  Number of query rows: 0 out of 50000
  Number of SOSL queries: 0 out of 20
  Number of DML statements: 0 out of 150
  Number of DML rows: 0 out of 10000
  Maximum CPU time: 0 out of 10000
  Maximum heap size: 0 out of 6000000
  Number of callouts: 0 out of 100
  Number of Email Invocations: 0 out of 10
  Number of future calls: 0 out of 50
  Number of queueable jobs added to the queue: 0 out of 50
  Number of Mobile Apex push calls: 0 out of 10

08:37:40.45 (45163209)|CUMULATIVE_LIMIT_USAGE_END

08:37:40.44 (45192266)|CODE_UNIT_FINISHED|TemperatureConverterTest.testNegativeTemp
08:37:40.44 (45984568)|EXECUTION_FINISHED
08:37:40.56 (56267081)|USER_INFO|[EXTERNAL]|0051r000007Oz5Q|lydia.abril@gmail.com|hora est치ndar de Europa central|GMT+02:00
08:37:40.56 (56292287)|EXECUTION_STARTED
08:37:40.56 (56297370)|CODE_UNIT_STARTED|[EXTERNAL]|01p1r000007WiaC|TemperatureConverterTest.testWarmTemp
08:37:40.56 (56460933)|HEAP_ALLOCATE|[72]|Bytes:3
08:37:40.56 (56508301)|HEAP_ALLOCATE|[77]|Bytes:152
08:37:40.56 (56532001)|HEAP_ALLOCATE|[342]|Bytes:408
08:37:40.56 (56559514)|HEAP_ALLOCATE|[355]|Bytes:408
08:37:40.56 (56584721)|HEAP_ALLOCATE|[467]|Bytes:48
08:37:40.56 (56623056)|HEAP_ALLOCATE|[139]|Bytes:6
08:37:40.56 (56645513)|HEAP_ALLOCATE|[EXTERNAL]|Bytes:21
08:37:40.56 (56660549)|METHOD_ENTRY|[2]|01p1r000007WiaC|TemperatureConverterTest.TemperatureConverterTest()
08:37:40.56 (56669484)|STATEMENT_EXECUTE|[2]
08:37:40.56 (56675048)|STATEMENT_EXECUTE|[2]
08:37:40.56 (56680048)|METHOD_EXIT|[2]|TemperatureConverterTest
08:37:40.56 (56708360)|HEAP_ALLOCATE|[50]|Bytes:5
08:37:40.56 (56736008)|HEAP_ALLOCATE|[56]|Bytes:5
08:37:40.56 (56748671)|HEAP_ALLOCATE|[64]|Bytes:7
08:37:40.56 (56791858)|STATEMENT_EXECUTE|[4]
08:37:40.56 (56794676)|STATEMENT_EXECUTE|[5]
08:37:40.56 (56822755)|HEAP_ALLOCATE|[5]|Bytes:28
08:37:40.56 (56844707)|HEAP_ALLOCATE|[5]|Bytes:1
08:37:40.56 (56855297)|METHOD_ENTRY|[1]|01p1r000007WiVz|TemperatureConverter.TemperatureConverter()
08:37:40.56 (56862142)|STATEMENT_EXECUTE|[1]
08:37:40.56 (56865706)|STATEMENT_EXECUTE|[1]
08:37:40.56 (56869578)|METHOD_EXIT|[1]|TemperatureConverter
08:37:40.56 (56884569)|METHOD_ENTRY|[5]|01p1r000007WiVz|TemperatureConverter.FahrenheitToCelsius(Decimal)
08:37:40.56 (56911193)|VARIABLE_SCOPE_BEGIN|[3]|fh|Decimal|false|false
08:37:40.56 (56941084)|VARIABLE_ASSIGNMENT|[3]|fh|70
08:37:40.56 (56957162)|STATEMENT_EXECUTE|[3]
08:37:40.56 (56959533)|STATEMENT_EXECUTE|[4]
08:37:40.56 (56969038)|HEAP_ALLOCATE|[4]|Bytes:28
08:37:40.56 (57020174)|HEAP_ALLOCATE|[4]|Bytes:28
08:37:40.56 (57054218)|HEAP_ALLOCATE|[4]|Bytes:28
08:37:40.56 (57060122)|HEAP_ALLOCATE|[4]|Bytes:28
08:37:40.56 (57089186)|HEAP_ALLOCATE|[4]|Bytes:28
08:37:40.56 (57108905)|HEAP_ALLOCATE|[4]|Bytes:28
08:37:40.56 (57114034)|HEAP_ALLOCATE|[4]|Bytes:28
08:37:40.56 (57173682)|HEAP_ALLOCATE|[4]|Bytes:28
08:37:40.56 (57180085)|HEAP_ALLOCATE|[4]|Bytes:28
08:37:40.56 (57197642)|VARIABLE_SCOPE_BEGIN|[4]|cs|Decimal|false|false
08:37:40.56 (57235983)|VARIABLE_ASSIGNMENT|[4]|cs|21.1111111111111111111111111111111
08:37:40.56 (57244086)|STATEMENT_EXECUTE|[5]
08:37:40.56 (57278458)|HEAP_ALLOCATE|[5]|Bytes:28
08:37:40.56 (57299249)|METHOD_EXIT|[5]|01p1r000007WiVz|TemperatureConverter.FahrenheitToCelsius(Decimal)
08:37:40.56 (57308529)|VARIABLE_SCOPE_BEGIN|[5]|celsius|Decimal|false|false
08:37:40.56 (57323584)|VARIABLE_ASSIGNMENT|[5]|celsius|21.11
08:37:40.56 (57330236)|STATEMENT_EXECUTE|[6]
08:37:40.56 (57334832)|HEAP_ALLOCATE|[6]|Bytes:5
08:37:40.56 (57348608)|HEAP_ALLOCATE|[6]|Bytes:28
08:37:40.57 (57408216)|CUMULATIVE_LIMIT_USAGE
08:37:40.57 (57408216)|LIMIT_USAGE_FOR_NS|(default)|
  Number of SOQL queries: 0 out of 100
  Number of query rows: 0 out of 50000
  Number of SOSL queries: 0 out of 20
  Number of DML statements: 0 out of 150
  Number of DML rows: 0 out of 10000
  Maximum CPU time: 0 out of 10000
  Maximum heap size: 0 out of 6000000
  Number of callouts: 0 out of 100
  Number of Email Invocations: 0 out of 10
  Number of future calls: 0 out of 50
  Number of queueable jobs added to the queue: 0 out of 50
  Number of Mobile Apex push calls: 0 out of 10

08:37:40.57 (57408216)|CUMULATIVE_LIMIT_USAGE_END

08:37:40.56 (57446678)|CODE_UNIT_FINISHED|TemperatureConverterTest.testWarmTemp
08:37:40.56 (58261424)|EXECUTION_FINISHED
