36.0 APEX_CODE,FINEST;APEX_PROFILING,INFO;CALLOUT,INFO;DB,INFO;SYSTEM,DEBUG;VALIDATION,INFO;VISUALFORCE,INFO;WAVE,INFO;WORKFLOW,INFO
13:22:17.0 (336628)|USER_INFO|[EXTERNAL]|0051r000007Oz5Q|lydia.abril@gmail.com|hora estándar de Europa central|GMT+02:00
13:22:17.0 (375833)|EXECUTION_STARTED
13:22:17.0 (379289)|CODE_UNIT_STARTED|[EXTERNAL]|01p1r000009on3X|TarjetaTest.testCrearOportunidad
13:22:17.0 (589553)|HEAP_ALLOCATE|[72]|Bytes:3
13:22:17.0 (624136)|HEAP_ALLOCATE|[77]|Bytes:152
13:22:17.0 (637321)|HEAP_ALLOCATE|[342]|Bytes:408
13:22:17.0 (651707)|HEAP_ALLOCATE|[355]|Bytes:408
13:22:17.0 (664555)|HEAP_ALLOCATE|[467]|Bytes:48
13:22:17.0 (689186)|HEAP_ALLOCATE|[139]|Bytes:6
13:22:17.0 (703932)|HEAP_ALLOCATE|[EXTERNAL]|Bytes:50
13:22:17.0 (719203)|METHOD_ENTRY|[2]|01p1r000009on3X|TarjetaTest.TarjetaTest()
13:22:17.0 (726714)|STATEMENT_EXECUTE|[2]
13:22:17.0 (736077)|STATEMENT_EXECUTE|[2]
13:22:17.0 (739880)|METHOD_EXIT|[2]|TarjetaTest
13:22:17.0 (923155)|HEAP_ALLOCATE|[50]|Bytes:5
13:22:17.0 (946925)|HEAP_ALLOCATE|[56]|Bytes:5
13:22:17.0 (958092)|HEAP_ALLOCATE|[64]|Bytes:7
13:22:17.0 (991666)|STATEMENT_EXECUTE|[4]
13:22:17.0 (993914)|STATEMENT_EXECUTE|[6]
13:22:17.0 (997069)|HEAP_ALLOCATE|[6]|Bytes:51
13:22:17.0 (1014766)|HEAP_ALLOCATE|[6]|Bytes:4
13:22:17.0 (1213040)|SOQL_EXECUTE_BEGIN|[6]|Aggregations:0|SELECT Alias FROM User WHERE Alias = 'test' LIMIT 1
13:22:17.0 (8241706)|SOQL_EXECUTE_END|[6]|Rows:1
13:22:17.0 (8265571)|HEAP_ALLOCATE|[6]|Bytes:8
13:22:17.0 (8282919)|HEAP_ALLOCATE|[6]|Bytes:42
13:22:17.0 (8382507)|HEAP_ALLOCATE|[6]|Bytes:8
13:22:17.0 (8395055)|HEAP_ALLOCATE|[6]|Bytes:30
13:22:17.0 (8435699)|HEAP_ALLOCATE|[6]|Bytes:12
13:22:17.0 (8444224)|VARIABLE_SCOPE_BEGIN|[6]|userAborda|User|true|false
13:22:17.0 (8478446)|VARIABLE_ASSIGNMENT|[6]|userAborda|{"Alias":"test","Id":"0051r00000894UtAAI"}|0x5676bb35
13:22:17.0 (8485777)|STATEMENT_EXECUTE|[8]
13:22:17.0 (8514917)|HEAP_ALLOCATE|[8]|Bytes:4
13:22:17.0 (8579997)|HEAP_ALLOCATE|[8]|Bytes:13
13:22:17.0 (8616876)|VARIABLE_ASSIGNMENT|[8]|this.Name|"CuentaPrueba0"|0xba428ca
13:22:17.0 (8646466)|VARIABLE_SCOPE_BEGIN|[8]|oAccount|Account|true|false
13:22:17.0 (8663759)|VARIABLE_ASSIGNMENT|[8]|oAccount|{"Name":"CuentaPrueba0"}|0xba428ca
13:22:17.0 (8670142)|STATEMENT_EXECUTE|[9]
13:22:17.0 (8687505)|HEAP_ALLOCATE|[9]|Bytes:8
13:22:17.0 (8698262)|DML_BEGIN|[9]|Op:Insert|Type:Account|Rows:1
13:22:17.0 (8722029)|HEAP_ALLOCATE|[EXTERNAL]|Bytes:8
13:22:17.0 (17325584)|CODE_UNIT_STARTED|[EXTERNAL]|DuplicateDetector
13:22:17.0 (17345114)|DUPLICATE_DETECTION_BEGIN
13:22:17.0 (17897352)|DUPLICATE_DETECTION_RULE_INVOCATION|DuplicateRuleId:0Bm1r0000018X88|DuplicateRuleName:Standard Account Duplicate Rule|DmlType:INSERT
13:22:17.0 (37101354)|DUPLICATE_DETECTION_MATCH_INVOCATION_DETAILS|EntityType:Account|ActionTaken:Allow_[Alert,Report]|DuplicateRecordIds:
13:22:17.0 (37124484)|DUPLICATE_DETECTION_MATCH_INVOCATION_SUMMARY|EntityType:Account|NumRecordsToBeSaved:1|NumRecordsToBeSavedWithDuplicates:0|NumDuplicateRecordsFound:0
13:22:17.0 (37234773)|DUPLICATE_DETECTION_END
13:22:17.0 (37242475)|CODE_UNIT_FINISHED|DuplicateDetector
13:22:17.0 (65423487)|DML_END|[9]
13:22:17.0 (65457411)|STATEMENT_EXECUTE|[11]
13:22:17.0 (65508236)|HEAP_ALLOCATE|[11]|Bytes:4
13:22:17.0 (65616604)|HEAP_ALLOCATE|[11]|Bytes:15
13:22:17.0 (65675835)|VARIABLE_ASSIGNMENT|[11]|this.LastName|"ContactoPrueba0"|0x1cc9df9e
13:22:17.0 (65689921)|HEAP_ALLOCATE|[11]|Bytes:9
13:22:17.0 (65720401)|VARIABLE_ASSIGNMENT|[11]|this.Nif__c|"47898592B"|0x1cc9df9e
13:22:17.0 (65791687)|VARIABLE_ASSIGNMENT|[11]|this.AccountId|"0011r00001nnSGtAAM"|0x1cc9df9e
13:22:17.0 (65823428)|VARIABLE_ASSIGNMENT|[11]|this.Premium__c|true|0x1cc9df9e
13:22:17.0 (65865993)|VARIABLE_SCOPE_BEGIN|[11]|oContact|Contact|true|false
13:22:17.0 (65902742)|VARIABLE_ASSIGNMENT|[11]|oContact|{"LastName":"ContactoPrueba0","Nif__c":"47898592B","AccountId":"0011r00001nnSGtAAM","Premium__c":true}|0x1cc9df9e
13:22:17.0 (65915563)|STATEMENT_EXECUTE|[12]
13:22:17.0 (65942064)|HEAP_ALLOCATE|[12]|Bytes:8
13:22:17.0 (65957566)|DML_BEGIN|[12]|Op:Insert|Type:Contact|Rows:1
13:22:17.0 (66003052)|HEAP_ALLOCATE|[EXTERNAL]|Bytes:8
13:22:17.0 (73333267)|CODE_UNIT_STARTED|[EXTERNAL]|01q1r000000j4Bx|ContactTrigger on Contact trigger event BeforeInsert
13:22:17.0 (73372010)|HEAP_ALLOCATE|[EXTERNAL]|Bytes:8
13:22:17.0 (73477237)|HEAP_ALLOCATE|[EXTERNAL]|Bytes:8
13:22:17.0 (73491807)|VARIABLE_SCOPE_BEGIN|[1]|this|ContactTrigger|true|false
13:22:17.0 (73545612)|VARIABLE_ASSIGNMENT|[1]|this|{}|0x6945d36e
13:22:17.0 (73601902)|HEAP_ALLOCATE|[EXTERNAL]|Bytes:8
13:22:17.0 (73663383)|VARIABLE_SCOPE_BEGIN|[1]|this|ContactTrigger|true|false
13:22:17.0 (73678903)|VARIABLE_ASSIGNMENT|[1]|this|{}|0x6945d36e
13:22:17.0 (73688221)|STATEMENT_EXECUTE|[1]
13:22:17.0 (73690545)|STATEMENT_EXECUTE|[3]
13:22:17.0 (74159809)|VARIABLE_ASSIGNMENT|[3]|this.listNew|[{"IsDeleted":false,"AccountId":"0011r00001nnSGtAAM","IsEmailBounced":false,"CleanStatus":"Pending","DoNotCall":false,"OwnerId":"0051r000007Oz5QAAS","Premium__c":true,"HasOptedOutOfEmail":false,"HasOptedOutOfFax":false,"Nif__c":"47898592B","LastName":"ContactoPrueba0"}]|0x6945d36e
13:22:17.0 (74182537)|STATEMENT_EXECUTE|[5]
13:22:17.0 (74190078)|STATEMENT_EXECUTE|[6]
13:22:17.0 (74192126)|STATEMENT_EXECUTE|[7]
13:22:17.0 (75090837)|HEAP_ALLOCATE|[7]|Bytes:1
13:22:17.0 (75127165)|METHOD_ENTRY|[1]|01p1r000008aKc5|ContactMethods.ContactMethods()
13:22:17.0 (75134589)|STATEMENT_EXECUTE|[1]
13:22:17.0 (75140242)|STATEMENT_EXECUTE|[1]
13:22:17.0 (75480652)|SYSTEM_MODE_ENTER|false
13:22:17.0 (75493331)|HEAP_ALLOCATE|[7]|Bytes:5
13:22:17.0 (75502217)|SYSTEM_MODE_EXIT|false
13:22:17.0 (75511416)|METHOD_EXIT|[1]|ContactMethods
13:22:17.0 (75535255)|METHOD_ENTRY|[7]|01p1r000008aKc5|ContactMethods.ValidarNif(List<Contact>)
13:22:17.0 (75562949)|VARIABLE_SCOPE_BEGIN|[3]|listNew|List<Contact>|true|false
13:22:17.0 (75805633)|VARIABLE_ASSIGNMENT|[3]|listNew|[{"IsDeleted":false,"AccountId":"0011r00001nnSGtAAM","IsEmailBounced":false,"CleanStatus":"Pending","DoNotCall":false,"OwnerId":"0051r000007Oz5QAAS","Premium__c":true,"HasOptedOutOfEmail":false,"HasOptedOutOfFax":false,"Nif__c":"47898592B","LastName":"ContactoPrueba0"}]|0x3df0c005
13:22:17.0 (75840097)|SYSTEM_MODE_ENTER|false
13:22:17.0 (75849024)|HEAP_ALLOCATE|[5]|Bytes:5
13:22:17.0 (75854897)|STATEMENT_EXECUTE|[3]
13:22:17.0 (75922375)|STATEMENT_EXECUTE|[5]
13:22:17.0 (76021900)|HEAP_ALLOCATE|[7]|Bytes:5
13:22:17.0 (76039735)|HEAP_ALLOCATE|[7]|Bytes:4
13:22:17.0 (76048510)|VARIABLE_SCOPE_BEGIN|[7]|inContact|Contact|true|false
13:22:17.0 (76286859)|VARIABLE_ASSIGNMENT|[7]|inContact|{"IsDeleted":false,"AccountId":"0011r00001nnSGtAAM","IsEmailBounced":false,"CleanStatus":"Pending","DoNotCall":false,"OwnerId":"0051r000007Oz5QAAS","Premium__c":true,"HasOptedOutOfEmail":false,"HasOptedOutOfFax":false,"Nif__c":"47898592B","LastName":"ContactoPrueba0"}|0x59053521
13:22:17.0 (76297916)|STATEMENT_EXECUTE|[7]
13:22:17.0 (77151606)|HEAP_ALLOCATE|[8]|Bytes:1
13:22:17.0 (77162075)|HEAP_ALLOCATE|[8]|Bytes:7
13:22:17.0 (77173469)|METHOD_ENTRY|[1]|01p1r000009oduV|Utils.Utils()
13:22:17.0 (77179434)|STATEMENT_EXECUTE|[1]
13:22:17.0 (77184453)|STATEMENT_EXECUTE|[1]
13:22:17.0 (77195615)|HEAP_ALLOCATE|[8]|Bytes:5
13:22:17.0 (77204469)|METHOD_EXIT|[1]|Utils
13:22:17.0 (77222455)|METHOD_ENTRY|[8]|01p1r000009oduV|Utils.isNifNie(String)
13:22:17.0 (77240048)|VARIABLE_SCOPE_BEGIN|[3]|nif|String|false|false
13:22:17.0 (77251665)|VARIABLE_ASSIGNMENT|[3]|nif|"47898592B"
13:22:17.0 (77271869)|HEAP_ALLOCATE|[5]|Bytes:5
13:22:17.0 (77276710)|STATEMENT_EXECUTE|[3]
13:22:17.0 (77278490)|STATEMENT_EXECUTE|[5]
13:22:17.0 (77281297)|HEAP_ALLOCATE|[5]|Bytes:4
13:22:17.0 (77293906)|HEAP_ALLOCATE|[5]|Bytes:13
13:22:17.0 (77335687)|USER_DEBUG|[5]|DEBUG|NIF 47898592B
13:22:17.0 (77372341)|HEAP_ALLOCATE|[7]|Bytes:9
13:22:17.0 (77383624)|HEAP_ALLOCATE|[7]|Bytes:1
13:22:17.0 (77404804)|HEAP_ALLOCATE|[7]|Bytes:9
13:22:17.0 (77412588)|HEAP_ALLOCATE|[7]|Bytes:1
13:22:17.0 (77428421)|HEAP_ALLOCATE|[7]|Bytes:9
13:22:17.0 (77435707)|HEAP_ALLOCATE|[7]|Bytes:1
13:22:17.0 (77448081)|STATEMENT_EXECUTE|[7]
13:22:17.0 (77450000)|STATEMENT_EXECUTE|[11]
13:22:17.0 (77452226)|HEAP_ALLOCATE|[11]|Bytes:59
13:22:17.0 (77487081)|HEAP_ALLOCATE|[11]|Bytes:24
13:22:17.0 (77495624)|SYSTEM_METHOD_ENTRY|[1]|Pattern.Pattern()
13:22:17.0 (77499711)|STATEMENT_EXECUTE|[1]
13:22:17.0 (77505749)|SYSTEM_METHOD_EXIT|[1]|Pattern
13:22:17.0 (77516198)|METHOD_ENTRY|[11]||System.Pattern.compile(String)
13:22:17.0 (77635984)|METHOD_EXIT|[11]||System.Pattern.compile(String)
13:22:17.0 (77642227)|VARIABLE_SCOPE_BEGIN|[11]|nifPattern|System.Pattern|true|false
13:22:17.0 (77664364)|VARIABLE_ASSIGNMENT|[11]|nifPattern|{"delegate":"0x7cf3714c"}|0x5e4bb38
13:22:17.0 (77671635)|STATEMENT_EXECUTE|[12]
13:22:17.0 (77679285)|METHOD_ENTRY|[12]||System.Pattern.matcher(String)
13:22:17.0 (77811471)|METHOD_EXIT|[12]||System.Pattern.matcher(String)
13:22:17.0 (77818164)|VARIABLE_SCOPE_BEGIN|[12]|m|System.Matcher|true|false
13:22:17.0 (77834714)|VARIABLE_ASSIGNMENT|[12]|m|{"delegate":"0x2c2ae1d9"}|0x1b14034c
13:22:17.0 (77850175)|METHOD_ENTRY|[13]||System.Matcher.matches()
13:22:17.0 (77903833)|METHOD_EXIT|[13]||System.Matcher.matches()
13:22:17.0 (77910517)|STATEMENT_EXECUTE|[13]
13:22:17.0 (77912527)|STATEMENT_EXECUTE|[14]
13:22:17.0 (77919682)|METHOD_ENTRY|[14]||System.Matcher.group(Integer)
13:22:17.0 (77967099)|METHOD_EXIT|[14]||System.Matcher.group(Integer)
13:22:17.0 (77972923)|VARIABLE_SCOPE_BEGIN|[14]|letra|String|false|false
13:22:17.0 (77982836)|VARIABLE_ASSIGNMENT|[14]|letra|"B"
13:22:17.0 (77987633)|STATEMENT_EXECUTE|[16]
13:22:17.0 (77990388)|HEAP_ALLOCATE|[16]|Bytes:23
13:22:17.0 (77994893)|VARIABLE_SCOPE_BEGIN|[16]|letras|String|false|false
13:22:17.0 (78004582)|VARIABLE_ASSIGNMENT|[16]|letras|"TRWAGMYFPDXBNJZSQVHL (3 more) ..."
13:22:17.0 (78009351)|STATEMENT_EXECUTE|[17]
13:22:17.0 (78014883)|METHOD_ENTRY|[17]||System.Matcher.group(Integer)
13:22:17.0 (78042671)|METHOD_EXIT|[17]||System.Matcher.group(Integer)
13:22:17.0 (78064618)|VARIABLE_SCOPE_BEGIN|[17]|dni|Integer|false|false
13:22:17.0 (78071738)|HEAP_ALLOCATE|[17]|Bytes:4
13:22:17.0 (78079123)|VARIABLE_ASSIGNMENT|[17]|dni|47898592
13:22:17.0 (78083719)|STATEMENT_EXECUTE|[18]
13:22:17.0 (78108992)|VARIABLE_SCOPE_BEGIN|[2]|Math.E|Double|false|true
13:22:17.0 (78116711)|VARIABLE_SCOPE_BEGIN|[3]|Math.PI|Double|false|true
13:22:17.0 (78127871)|HEAP_ALLOCATE|[18]|Bytes:206
13:22:17.0 (78136059)|SYSTEM_METHOD_ENTRY|[1]|Math.Math()
13:22:17.0 (78139722)|STATEMENT_EXECUTE|[1]
13:22:17.0 (78179826)|SYSTEM_METHOD_EXIT|[1]|Math
13:22:17.0 (78189752)|METHOD_ENTRY|[18]||System.Math.mod(Integer, Integer)
13:22:17.0 (78235329)|METHOD_EXIT|[18]||System.Math.mod(Integer, Integer)
13:22:17.0 (78240986)|HEAP_ALLOCATE|[18]|Bytes:4
13:22:17.0 (78247771)|VARIABLE_ASSIGNMENT|[18]|dni|11
13:22:17.0 (78252421)|STATEMENT_EXECUTE|[20]
13:22:17.0 (78274712)|HEAP_ALLOCATE|[20]|Bytes:1
13:22:17.0 (78284944)|VARIABLE_SCOPE_BEGIN|[20]|reference|String|false|false
13:22:17.0 (78294318)|VARIABLE_ASSIGNMENT|[20]|reference|"B"
13:22:17.0 (78317617)|STATEMENT_EXECUTE|[22]
13:22:17.0 (78319548)|STATEMENT_EXECUTE|[23]
13:22:17.0 (78322433)|HEAP_ALLOCATE|[23]|Bytes:21
13:22:17.0 (78326673)|HEAP_ALLOCATE|[23]|Bytes:1
13:22:17.0 (78334350)|HEAP_ALLOCATE|[23]|Bytes:24
13:22:17.0 (78349007)|USER_DEBUG|[23]|DEBUG|son iguales. Es NIF. B B
13:22:17.0 (78356823)|STATEMENT_EXECUTE|[24]
13:22:17.0 (78361626)|HEAP_ALLOCATE|[24]|Bytes:5
13:22:17.0 (78369712)|METHOD_EXIT|[8]|01p1r000009oduV|Utils.isNifNie(String)
13:22:17.0 (78375248)|STATEMENT_EXECUTE|[8]
13:22:17.0 (78383941)|HEAP_ALLOCATE|[7]|Bytes:5
13:22:17.0 (78395637)|VARIABLE_ASSIGNMENT|[7]|inContact|null|
13:22:17.0 (78401608)|SYSTEM_MODE_EXIT|false
13:22:17.0 (78408603)|METHOD_EXIT|[7]|01p1r000008aKc5|ContactMethods.ValidarNif(List<Contact>)
13:22:17.78 (78417529)|CUMULATIVE_LIMIT_USAGE
13:22:17.78 (78417529)|LIMIT_USAGE_FOR_NS|(default)|
  Number of SOQL queries: 1 out of 100
  Number of query rows: 1 out of 50000
  Number of SOSL queries: 0 out of 20
  Number of DML statements: 2 out of 150
  Number of DML rows: 2 out of 10000
  Maximum CPU time: 0 out of 10000
  Maximum heap size: 0 out of 6000000
  Number of callouts: 0 out of 100
  Number of Email Invocations: 0 out of 10
  Number of future calls: 0 out of 50
  Number of queueable jobs added to the queue: 0 out of 50
  Number of Mobile Apex push calls: 0 out of 10

13:22:17.78 (78417529)|CUMULATIVE_LIMIT_USAGE_END

13:22:17.0 (79635652)|CODE_UNIT_FINISHED|ContactTrigger on Contact trigger event BeforeInsert
13:22:17.0 (83306637)|CODE_UNIT_STARTED|[EXTERNAL]|DuplicateDetector
13:22:17.0 (83323004)|DUPLICATE_DETECTION_BEGIN
13:22:17.0 (83380830)|DUPLICATE_DETECTION_RULE_INVOCATION|DuplicateRuleId:0Bm1r0000018X89|DuplicateRuleName:Standard Contact Duplicate Rule|DmlType:INSERT
13:22:17.0 (106572627)|DUPLICATE_DETECTION_MATCH_INVOCATION_DETAILS|EntityType:Contact|ActionTaken:Allow_[Alert,Report]|DuplicateRecordIds:
13:22:17.0 (106596073)|DUPLICATE_DETECTION_MATCH_INVOCATION_SUMMARY|EntityType:Contact|NumRecordsToBeSaved:1|NumRecordsToBeSavedWithDuplicates:0|NumDuplicateRecordsFound:0
13:22:17.0 (106605989)|DUPLICATE_DETECTION_MATCH_INVOCATION_DETAILS|EntityType:Contact|ActionTaken:Allow_[Alert,Report]|DuplicateRecordIds:
13:22:17.0 (106613070)|DUPLICATE_DETECTION_MATCH_INVOCATION_SUMMARY|EntityType:Contact|NumRecordsToBeSaved:1|NumRecordsToBeSavedWithDuplicates:0|NumDuplicateRecordsFound:0
13:22:17.0 (106715609)|DUPLICATE_DETECTION_END
13:22:17.0 (106720976)|CODE_UNIT_FINISHED|DuplicateDetector
13:22:17.0 (123139024)|DML_END|[12]
13:22:17.0 (123170248)|STATEMENT_EXECUTE|[14]
13:22:17.0 (123219875)|HEAP_ALLOCATE|[14]|Bytes:4
13:22:17.0 (123329586)|HEAP_ALLOCATE|[14]|Bytes:4
13:22:17.0 (123385432)|HEAP_ALLOCATE|[14]|Bytes:28
13:22:17.0 (123448065)|VARIABLE_ASSIGNMENT|[14]|this.A_o_caducidad__c|2019|0x17dda60f
13:22:17.0 (123540315)|VARIABLE_ASSIGNMENT|[14]|this.Contacto__c|"0031r000024jpPwAAI"|0x17dda60f
13:22:17.0 (123570357)|HEAP_ALLOCATE|[16]|Bytes:4
13:22:17.0 (123626343)|HEAP_ALLOCATE|[14]|Bytes:28
13:22:17.0 (123635290)|HEAP_ALLOCATE|[14]|Bytes:28
13:22:17.0 (123675002)|VARIABLE_ASSIGNMENT|[14]|this.Mes_de_caducidad__c|4|0x17dda60f
13:22:17.0 (123687796)|HEAP_ALLOCATE|[17]|Bytes:16
13:22:17.0 (123715766)|VARIABLE_ASSIGNMENT|[14]|this.N_tarjeta__c|"1234567891234567"|0x17dda60f
13:22:17.0 (123724545)|HEAP_ALLOCATE|[18]|Bytes:7
13:22:17.0 (123741529)|VARIABLE_ASSIGNMENT|[14]|this.Tarjeta__c|"Crédito"|0x17dda60f
13:22:17.0 (123748463)|HEAP_ALLOCATE|[19]|Bytes:10
13:22:17.0 (123761970)|VARIABLE_ASSIGNMENT|[14]|this.Tipo_de_tarjeta__c|"MasterCard"|0x17dda60f
13:22:17.0 (123768187)|HEAP_ALLOCATE|[20]|Bytes:8
13:22:17.0 (123784360)|VARIABLE_ASSIGNMENT|[14]|this.Name|"Tarjeta0"|0x17dda60f
13:22:17.0 (123820724)|VARIABLE_ASSIGNMENT|[14]|this.OwnerId|"0051r00000894UtAAI"|0x17dda60f
13:22:17.0 (123842668)|VARIABLE_SCOPE_BEGIN|[14]|oTarjeta|Tarjeta_de_cr_dito__c|true|false
13:22:17.0 (123873367)|VARIABLE_ASSIGNMENT|[14]|oTarjeta|{"A_o_caducidad__c":2019,"Contacto__c":"0031r000024jpPwAAI","Mes_de_caducidad__c":4,"N_tarjeta__c":"1234567891234567","Tarjeta__c":"Crédito","Tipo_de_tarjeta__c":"MasterCard","Name":"Tarjeta0","OwnerId":"0051r00000894UtAAI"}|0x17dda60f
13:22:17.0 (123887351)|STATEMENT_EXECUTE|[23]
13:22:17.0 (123909091)|HEAP_ALLOCATE|[23]|Bytes:8
13:22:17.0 (123924642)|DML_BEGIN|[23]|Op:Insert|Type:Tarjeta_de_cr_dito__c|Rows:1
13:22:17.0 (123966628)|HEAP_ALLOCATE|[EXTERNAL]|Bytes:8
13:22:17.0 (129224663)|CODE_UNIT_STARTED|[EXTERNAL]|01q1r000000j7QT|TarjetaTrigger on Tarjeta_de_cr_dito trigger event BeforeInsert
13:22:17.0 (129281082)|HEAP_ALLOCATE|[EXTERNAL]|Bytes:8
13:22:17.0 (129369296)|HEAP_ALLOCATE|[EXTERNAL]|Bytes:8
13:22:17.0 (129381186)|VARIABLE_SCOPE_BEGIN|[1]|this|TarjetaTrigger|true|false
13:22:17.0 (129431721)|VARIABLE_ASSIGNMENT|[1]|this|{}|0x2ea0854b
13:22:17.0 (129485778)|HEAP_ALLOCATE|[EXTERNAL]|Bytes:8
13:22:17.0 (129493721)|VARIABLE_SCOPE_BEGIN|[1]|this|TarjetaTrigger|true|false
13:22:17.0 (129507695)|VARIABLE_ASSIGNMENT|[1]|this|{}|0x2ea0854b
13:22:17.0 (129516500)|STATEMENT_EXECUTE|[1]
13:22:17.0 (129518913)|STATEMENT_EXECUTE|[3]
13:22:17.0 (129767065)|VARIABLE_ASSIGNMENT|[3]|this.listNew|[{"Tipo_de_tarjeta__c":"MasterCard","A_o_caducidad__c":2019,"Contacto__c":"0031r000024jpPwAAI","IsDeleted":false,"OwnerId":"0051r00000894UtAAI","Mes_de_caducidad__c":4,"Tarjeta__c":"Crédito","Name":"Tarjeta0","N_tarjeta__c":"1234567891234567"}]|0x2ea0854b
13:22:17.0 (129785836)|STATEMENT_EXECUTE|[5]
13:22:17.0 (129791465)|STATEMENT_EXECUTE|[6]
13:22:17.0 (129793175)|STATEMENT_EXECUTE|[7]
13:22:17.0 (130970246)|HEAP_ALLOCATE|[7]|Bytes:1
13:22:17.0 (130982542)|HEAP_ALLOCATE|[7]|Bytes:11
13:22:17.0 (130997593)|METHOD_ENTRY|[1]|01p1r000009oldq|TarjetaMethods.TarjetaMethods()
13:22:17.0 (131004968)|STATEMENT_EXECUTE|[1]
13:22:17.0 (131011052)|STATEMENT_EXECUTE|[1]
13:22:17.0 (131371584)|SYSTEM_MODE_ENTER|false
13:22:17.0 (131382177)|HEAP_ALLOCATE|[7]|Bytes:5
13:22:17.0 (131389481)|SYSTEM_MODE_EXIT|false
13:22:17.0 (131398924)|METHOD_EXIT|[1]|TarjetaMethods
13:22:17.0 (131422876)|METHOD_ENTRY|[7]|01p1r000009oldq|TarjetaMethods.CrearOportunidad(List<Tarjeta_de_cr_dito__c>)
13:22:17.0 (131451968)|VARIABLE_SCOPE_BEGIN|[3]|listTarjetas|List<Tarjeta_de_cr_dito__c>|true|false
13:22:17.0 (131559298)|VARIABLE_ASSIGNMENT|[3]|listTarjetas|[{"Tipo_de_tarjeta__c":"MasterCard","A_o_caducidad__c":2019,"Contacto__c":"0031r000024jpPwAAI","IsDeleted":false,"OwnerId":"0051r00000894UtAAI","Mes_de_caducidad__c":4,"Tarjeta__c":"Crédito","Name":"Tarjeta0","N_tarjeta__c":"1234567891234567"}]|0x8424575
13:22:17.0 (131589667)|SYSTEM_MODE_ENTER|false
13:22:17.0 (131596909)|HEAP_ALLOCATE|[5]|Bytes:5
13:22:17.0 (131602895)|STATEMENT_EXECUTE|[3]
13:22:17.0 (131604848)|STATEMENT_EXECUTE|[5]
13:22:17.0 (131647859)|HEAP_ALLOCATE|[5]|Bytes:4
13:22:17.0 (131718967)|VARIABLE_SCOPE_BEGIN|[5]|listOpToInsert|List<Opportunity>|true|false
13:22:17.0 (131729979)|HEAP_ALLOCATE|[EXTERNAL]|Bytes:4
13:22:17.0 (131740050)|VARIABLE_ASSIGNMENT|[5]|listOpToInsert|[]|0x38eb79ce
13:22:17.0 (131781687)|STATEMENT_EXECUTE|[7]
13:22:17.0 (131784001)|STATEMENT_EXECUTE|[9]
13:22:17.0 (131794901)|HEAP_ALLOCATE|[9]|Bytes:4
13:22:17.0 (131971012)|SOQL_EXECUTE_BEGIN|[9]|Aggregations:0|SELECT Alias FROM User WHERE Alias = 'test' LIMIT 1
13:22:17.0 (136255045)|SOQL_EXECUTE_END|[9]|Rows:1
13:22:17.0 (136289680)|HEAP_ALLOCATE|[9]|Bytes:8
13:22:17.0 (136304337)|HEAP_ALLOCATE|[9]|Bytes:42
13:22:17.0 (136331889)|HEAP_ALLOCATE|[9]|Bytes:8
13:22:17.0 (136352885)|HEAP_ALLOCATE|[9]|Bytes:12
13:22:17.0 (136360993)|VARIABLE_SCOPE_BEGIN|[9]|userAborda|User|true|false
13:22:17.0 (136382616)|VARIABLE_ASSIGNMENT|[9]|userAborda|{"Alias":"test","Id":"0051r00000894UtAAI"}|0x16b92ac
13:22:17.0 (136390028)|STATEMENT_EXECUTE|[11]
13:22:17.0 (136393644)|HEAP_ALLOCATE|[11]|Bytes:46
13:22:17.0 (136457773)|HEAP_ALLOCATE|[11]|Bytes:40
13:22:17.0 (136474278)|HEAP_ALLOCATE|[11]|Bytes:86
13:22:17.0 (136486349)|USER_DEBUG|[11]|DEBUG|TarjetaMethods.CrearOportunidad :: userAborda User:{Alias=test, Id=0051r00000894UtAAI}
13:22:17.0 (136602623)|HEAP_ALLOCATE|[13]|Bytes:5
13:22:17.0 (136619657)|HEAP_ALLOCATE|[13]|Bytes:4
13:22:17.0 (136627211)|VARIABLE_SCOPE_BEGIN|[13]|inTarjeta|Tarjeta_de_cr_dito__c|true|false
13:22:17.0 (136759561)|VARIABLE_ASSIGNMENT|[13]|inTarjeta|{"Tipo_de_tarjeta__c":"MasterCard","A_o_caducidad__c":2019,"Contacto__c":"0031r000024jpPwAAI","IsDeleted":false,"OwnerId":"0051r00000894UtAAI","Mes_de_caducidad__c":4,"Tarjeta__c":"Crédito","Name":"Tarjeta0","N_tarjeta__c":"1234567891234567"}|0x4269bc1b
13:22:17.0 (136772041)|STATEMENT_EXECUTE|[13]
13:22:17.0 (136834386)|STATEMENT_EXECUTE|[16]
13:22:17.0 (136837008)|STATEMENT_EXECUTE|[18]
13:22:17.0 (136840652)|HEAP_ALLOCATE|[18]|Bytes:67
13:22:17.0 (136854231)|HEAP_ALLOCATE|[18]|Bytes:4
13:22:17.0 (136862468)|HEAP_ALLOCATE|[18]|Bytes:7
13:22:17.0 (137059975)|SOQL_EXECUTE_BEGIN|[18]|Aggregations:0|SELECT Name, Premium__c, AccountId FROM Contact WHERE Id = :tmpVar1
13:22:17.0 (141154085)|SOQL_EXECUTE_END|[18]|Rows:1
13:22:17.0 (141185548)|HEAP_ALLOCATE|[18]|Bytes:8
13:22:17.0 (141205589)|HEAP_ALLOCATE|[18]|Bytes:101
13:22:17.0 (141242064)|HEAP_ALLOCATE|[18]|Bytes:8
13:22:17.0 (141254725)|HEAP_ALLOCATE|[18]|Bytes:33
13:22:17.0 (141271196)|HEAP_ALLOCATE|[18]|Bytes:20
13:22:17.0 (141279062)|VARIABLE_SCOPE_BEGIN|[18]|oContacto|Contact|true|false
13:22:17.0 (141307564)|VARIABLE_ASSIGNMENT|[18]|oContacto|{"Name":"ContactoPrueba0","Premium__c":true,"AccountId":"0011r00001nnSGtAAM","Id":"0031r000024jpPwAAI"}|0x611d1f0f
13:22:17.0 (141321109)|STATEMENT_EXECUTE|[20]
13:22:17.0 (141325851)|HEAP_ALLOCATE|[20]|Bytes:45
13:22:17.0 (141421262)|HEAP_ALLOCATE|[20]|Bytes:100
13:22:17.0 (141441171)|HEAP_ALLOCATE|[20]|Bytes:145
13:22:17.0 (141454700)|USER_DEBUG|[20]|DEBUG|TarjetaMethods.CrearOportunidad :: oContacto Contact:{Name=ContactoPrueba0, Premium__c=true, AccountId=0011r00001nnSGtAAM, Id=0031r000024jpPwAAI}
13:22:17.0 (141482971)|STATEMENT_EXECUTE|[23]
13:22:17.0 (141485342)|STATEMENT_EXECUTE|[25]
13:22:17.0 (141504859)|HEAP_ALLOCATE|[25]|Bytes:4
13:22:17.0 (141590113)|VARIABLE_SCOPE_BEGIN|[25]|oOpportunity|Opportunity|true|false
13:22:17.0 (141610170)|VARIABLE_ASSIGNMENT|[25]|oOpportunity|{}|0x2f3168ba
13:22:17.0 (141617597)|STATEMENT_EXECUTE|[27]
13:22:17.0 (141703983)|VARIABLE_ASSIGNMENT|[27]|this.Name|"ContactoPrueba0"|0x2f3168ba
13:22:17.0 (141716671)|STATEMENT_EXECUTE|[28]
13:22:17.0 (141752637)|HEAP_ALLOCATE|[28]|Bytes:28
13:22:17.0 (141764800)|HEAP_ALLOCATE|[28]|Bytes:8
13:22:17.0 (141779481)|HEAP_ALLOCATE|[28]|Bytes:28
13:22:17.0 (141784267)|HEAP_ALLOCATE|[28]|Bytes:8
13:22:17.0 (141841917)|HEAP_ALLOCATE|[28]|Bytes:4
13:22:17.0 (141931273)|VARIABLE_ASSIGNMENT|[28]|this.CloseDate|"2019-01-04T00:00:00.000Z"|0x2f3168ba
13:22:17.0 (141939593)|STATEMENT_EXECUTE|[29]
13:22:17.0 (141943918)|HEAP_ALLOCATE|[29]|Bytes:11
13:22:17.0 (141969055)|VARIABLE_ASSIGNMENT|[29]|this.StageName|"No iniciado"|0x2f3168ba
13:22:17.0 (141975565)|STATEMENT_EXECUTE|[30]
13:22:17.0 (142031268)|VARIABLE_ASSIGNMENT|[30]|this.AccountId|"0011r00001nnSGtAAM"|0x2f3168ba
13:22:17.0 (142046847)|STATEMENT_EXECUTE|[32]
13:22:17.0 (142050150)|HEAP_ALLOCATE|[32]|Bytes:48
13:22:17.0 (142110144)|HEAP_ALLOCATE|[32]|Bytes:118
13:22:17.0 (142130553)|HEAP_ALLOCATE|[32]|Bytes:166
13:22:17.0 (142141827)|USER_DEBUG|[32]|DEBUG|TarjetaMethods.CrearOportunidad :: oOpportunity Opportunity:{Name=ContactoPrueba0, CloseDate=2019-01-04 00:00:00, StageName=No iniciado, AccountId=0011r00001nnSGtAAM}
13:22:17.0 (142151614)|STATEMENT_EXECUTE|[34]
13:22:17.0 (142178030)|HEAP_ALLOCATE|[EXTERNAL]|Bytes:4
13:22:17.0 (142196432)|HEAP_ALLOCATE|[13]|Bytes:5
13:22:17.0 (142210961)|VARIABLE_ASSIGNMENT|[13]|inTarjeta|null|
13:22:17.0 (142216617)|STATEMENT_EXECUTE|[45]
13:22:17.0 (142261231)|DML_BEGIN|[45]|Op:Insert|Type:Opportunity|Rows:1
13:22:17.0 (142294189)|HEAP_ALLOCATE|[EXTERNAL]|Bytes:8
13:22:17.0 (180475051)|CODE_UNIT_STARTED|[EXTERNAL]|01q1r000000Bcgl|ClosedOpportunityTrigger on Opportunity trigger event AfterInsert
13:22:17.0 (180511824)|HEAP_ALLOCATE|[EXTERNAL]|Bytes:8
13:22:17.0 (180656887)|HEAP_ALLOCATE|[EXTERNAL]|Bytes:8
13:22:17.0 (180669817)|VARIABLE_SCOPE_BEGIN|[1]|this|ClosedOpportunityTrigger|true|false
13:22:17.0 (180721712)|VARIABLE_ASSIGNMENT|[1]|this|{}|0x4253a472
13:22:17.0 (180778676)|HEAP_ALLOCATE|[EXTERNAL]|Bytes:8
13:22:17.0 (180787428)|VARIABLE_SCOPE_BEGIN|[1]|this|ClosedOpportunityTrigger|true|false
13:22:17.0 (180801345)|VARIABLE_ASSIGNMENT|[1]|this|{}|0x4253a472
13:22:17.0 (180818943)|STATEMENT_EXECUTE|[1]
13:22:17.0 (180821344)|STATEMENT_EXECUTE|[3]
13:22:17.0 (180860434)|HEAP_ALLOCATE|[3]|Bytes:4
13:22:17.0 (180922908)|HEAP_ALLOCATE|[EXTERNAL]|Bytes:4
13:22:17.0 (180936803)|VARIABLE_ASSIGNMENT|[3]|this.taskList|[]|0x4253a472
13:22:17.0 (180945186)|HEAP_ALLOCATE|[5]|Bytes:89
13:22:17.0 (180958412)|HEAP_ALLOCATE|[5]|Bytes:4
13:22:17.0 (181208573)|SOQL_EXECUTE_BEGIN|[5]|Aggregations:0|SELECT Id, StageName FROM Opportunity 
13:22:17.0 (185561924)|SOQL_EXECUTE_END|[5]|Rows:0
13:22:17.0 (185682970)|HEAP_ALLOCATE|[5]|Bytes:54
13:22:17.0 (185692284)|HEAP_ALLOCATE|[5]|Bytes:8
13:22:17.0 (185715874)|SYSTEM_METHOD_ENTRY|[7]|QueryLocatorIterator.QueryLocatorIterator()
13:22:17.0 (185721131)|STATEMENT_EXECUTE|[7]
13:22:17.0 (185728636)|SYSTEM_METHOD_EXIT|[7]|QueryLocatorIterator
13:22:17.0 (185737417)|HEAP_ALLOCATE|[5]|Bytes:28
13:22:17.0 (185753345)|HEAP_ALLOCATE|[5]|Bytes:8
13:22:17.0 (185757241)|HEAP_ALLOCATE|[5]|Bytes:8
13:22:17.0 (185762468)|VARIABLE_SCOPE_BEGIN|[15]|this|Database.QueryLocatorIterator|true|false
13:22:17.0 (185796468)|VARIABLE_ASSIGNMENT|[15]|this|{}|0x6ae4bdff
13:22:17.0 (185809020)|VARIABLE_SCOPE_BEGIN|[15]|values|List<SObject>|true|false
13:22:17.0 (185818263)|VARIABLE_ASSIGNMENT|[15]|values|null|
13:22:17.0 (185822001)|VARIABLE_SCOPE_BEGIN|[15]|ql|Database.QueryLocator|true|false
13:22:17.0 (185843135)|VARIABLE_ASSIGNMENT|[15]|ql|{"query":"SELECT Id, StageName (69 more) ..."}|0x79a85eea
13:22:17.0 (185849031)|VARIABLE_SCOPE_BEGIN|[15]|totalNumRecords|Integer|false|false
13:22:17.0 (185857383)|VARIABLE_ASSIGNMENT|[15]|totalNumRecords|0
13:22:17.0 (185861472)|VARIABLE_SCOPE_BEGIN|[15]|queryMoreSize|Integer|false|false
13:22:17.0 (185867863)|VARIABLE_ASSIGNMENT|[15]|queryMoreSize|49997
13:22:17.0 (185912870)|HEAP_ALLOCATE|[5]|Bytes:28
13:22:17.0 (185931616)|METHOD_ENTRY|[5]||Database.QueryLocatorIterator.hasNext()
13:22:17.0 (185954528)|METHOD_EXIT|[5]||Database.QueryLocatorIterator.hasNext()
13:22:17.0 (185965719)|VARIABLE_ASSIGNMENT|[5]|opp|null|
13:22:17.0 (185971837)|STATEMENT_EXECUTE|[5]
13:22:17.0 (186016588)|STATEMENT_EXECUTE|[12]
13:22:17.186 (186022346)|CUMULATIVE_LIMIT_USAGE
13:22:17.186 (186022346)|LIMIT_USAGE_FOR_NS|(default)|
  Number of SOQL queries: 4 out of 100
  Number of query rows: 3 out of 50000
  Number of SOSL queries: 0 out of 20
  Number of DML statements: 4 out of 150
  Number of DML rows: 4 out of 10000
  Maximum CPU time: 0 out of 10000
  Maximum heap size: 0 out of 6000000
  Number of callouts: 0 out of 100
  Number of Email Invocations: 0 out of 10
  Number of future calls: 0 out of 50
  Number of queueable jobs added to the queue: 0 out of 50
  Number of Mobile Apex push calls: 0 out of 10

13:22:17.186 (186022346)|CUMULATIVE_LIMIT_USAGE_END

13:22:17.0 (186780051)|CODE_UNIT_FINISHED|ClosedOpportunityTrigger on Opportunity trigger event AfterInsert
13:22:17.0 (187575232)|DML_END|[45]
13:22:17.0 (187616343)|HEAP_ALLOCATE|[EXTERNAL]|Bytes:8
13:22:17.0 (187630666)|STATEMENT_EXECUTE|[46]
13:22:17.0 (187637824)|HEAP_ALLOCATE|[46]|Bytes:50
13:22:17.0 (187740302)|HEAP_ALLOCATE|[46]|Bytes:143
13:22:17.0 (187771919)|HEAP_ALLOCATE|[46]|Bytes:193
13:22:17.0 (187790771)|USER_DEBUG|[46]|DEBUG|TarjetaMethods.CrearOportunidad :: listOpToInsert (Opportunity:{Name=ContactoPrueba0, CloseDate=2019-01-04 00:00:00, StageName=No iniciado, AccountId=0011r00001nnSGtAAM, Id=0061r00000vk1SsAAI})
13:22:17.0 (187812667)|SYSTEM_MODE_EXIT|false
13:22:17.0 (187823617)|METHOD_EXIT|[7]|01p1r000009oldq|TarjetaMethods.CrearOportunidad(List<Tarjeta_de_cr_dito__c>)
13:22:17.187 (187832675)|CUMULATIVE_LIMIT_USAGE
13:22:17.187 (187832675)|LIMIT_USAGE_FOR_NS|(default)|
  Number of SOQL queries: 4 out of 100
  Number of query rows: 3 out of 50000
  Number of SOSL queries: 0 out of 20
  Number of DML statements: 4 out of 150
  Number of DML rows: 4 out of 10000
  Maximum CPU time: 0 out of 10000
  Maximum heap size: 0 out of 6000000
  Number of callouts: 0 out of 100
  Number of Email Invocations: 0 out of 10
  Number of future calls: 0 out of 50
  Number of queueable jobs added to the queue: 0 out of 50
  Number of Mobile Apex push calls: 0 out of 10

13:22:17.187 (187832675)|CUMULATIVE_LIMIT_USAGE_END

13:22:17.0 (188877133)|CODE_UNIT_FINISHED|TarjetaTrigger on Tarjeta_de_cr_dito trigger event BeforeInsert
13:22:17.0 (192513583)|CODE_UNIT_STARTED|[EXTERNAL]|Validation:Tarjeta_de_cr_dito:new
13:22:17.0 (192525262)|VALIDATION_RULE|03d1r000000i476|ValidarAno
13:22:17.0 (192928740)|VALIDATION_FORMULA|(A_o_caducidad__c<YEAR(TODAY())) &#124;&#124; 
(A_o_caducidad__c>YEAR(TODAY())+5)|A_o_caducidad__c=2019
13:22:17.0 (192939425)|VALIDATION_PASS
13:22:17.0 (192941865)|VALIDATION_RULE|03d1r000000i47B|ValidarFecha
13:22:17.0 (193047469)|VALIDATION_FORMULA|Mes_de_caducidad__c <   MONTH(TODAY()) && 
A_o_caducidad__c <= YEAR(TODAY())|A_o_caducidad__c=2019 , Mes_de_caducidad__c=4
13:22:17.0 (193055125)|VALIDATION_PASS
13:22:17.0 (193056940)|VALIDATION_RULE|03d1r000000i46X|ValidarMes
13:22:17.0 (193161170)|VALIDATION_FORMULA|(Mes_de_caducidad__c  < 1)  &#124;&#124;  (Mes_de_caducidad__c  > 12)|Mes_de_caducidad__c=4
13:22:17.0 (193169918)|VALIDATION_PASS
13:22:17.0 (193205460)|CODE_UNIT_FINISHED|Validation:Tarjeta_de_cr_dito:new
13:22:17.0 (210341012)|DML_END|[23]
13:22:17.0 (210366127)|STATEMENT_EXECUTE|[27]
13:22:17.0 (210373034)|HEAP_ALLOCATE|[27]|Bytes:83
13:22:17.0 (210396684)|HEAP_ALLOCATE|[27]|Bytes:4
13:22:17.0 (210623809)|SOQL_EXECUTE_BEGIN|[27]|Aggregations:0|SELECT Name, CloseDate, StageName, AccountId FROM Opportunity WHERE Name = :tmpVar1
13:22:17.0 (213674742)|SOQL_EXECUTE_END|[27]|Rows:0
13:22:17.0 (213701412)|HEAP_ALLOCATE|[27]|Bytes:4
13:22:17.0 (213712002)|HEAP_ALLOCATE|[27]|Bytes:0
13:22:17.0 (213746763)|HEAP_ALLOCATE|[27]|Bytes:4
13:22:17.0 (213763330)|VARIABLE_SCOPE_BEGIN|[27]|listOpportunity|List<Opportunity>|true|false
13:22:17.0 (213788071)|VARIABLE_ASSIGNMENT|[27]|listOpportunity|[]|0x69fa234e
13:22:17.0 (213800617)|STATEMENT_EXECUTE|[29]
13:22:17.0 (213895301)|HEAP_ALLOCATE|[29]|Bytes:31
13:22:17.0 (213995446)|FATAL_ERROR|System.ListException: List index out of bounds: 0

Class.TarjetaTest.testCrearOportunidad: line 29, column 1
13:22:17.0 (214008157)|FATAL_ERROR|System.ListException: List index out of bounds: 0

Class.TarjetaTest.testCrearOportunidad: line 29, column 1
13:22:17.214 (214014959)|CUMULATIVE_LIMIT_USAGE
13:22:17.214 (214014959)|LIMIT_USAGE_FOR_NS|(default)|
  Number of SOQL queries: 5 out of 100
  Number of query rows: 3 out of 50000
  Number of SOSL queries: 0 out of 20
  Number of DML statements: 4 out of 150
  Number of DML rows: 4 out of 10000
  Maximum CPU time: 0 out of 10000
  Maximum heap size: 0 out of 6000000
  Number of callouts: 0 out of 100
  Number of Email Invocations: 0 out of 10
  Number of future calls: 0 out of 50
  Number of queueable jobs added to the queue: 0 out of 50
  Number of Mobile Apex push calls: 0 out of 10

13:22:17.214 (214014959)|CUMULATIVE_LIMIT_USAGE_END

13:22:17.0 (214045851)|CODE_UNIT_FINISHED|TarjetaTest.testCrearOportunidad
13:22:17.0 (214820612)|EXECUTION_FINISHED
13:22:17.379 (379273782)|USER_INFO|[EXTERNAL]|0051r000007Oz5Q|lydia.abril@gmail.com|hora estándar de Europa central|GMT+02:00
13:22:17.379 (379307027)|EXECUTION_STARTED
13:22:17.379 (379311684)|CODE_UNIT_STARTED|[EXTERNAL]|DuplicateDetector
13:22:17.379 (379326643)|DUPLICATE_DETECTION_BEGIN
13:22:17.379 (379410631)|DUPLICATE_DETECTION_RULE_INVOCATION|DuplicateRuleId:0Bm1r0000018X89|DuplicateRuleName:Standard Contact Duplicate Rule|DmlType:INSERT
13:22:17.379 (390925867)|DUPLICATE_DETECTION_END
13:22:17.379 (390937546)|CODE_UNIT_FINISHED|DuplicateDetector
13:22:17.379 (391969104)|EXECUTION_FINISHED
13:22:17.393 (393787148)|USER_INFO|[EXTERNAL]|0051r000007Oz5Q|lydia.abril@gmail.com|hora estándar de Europa central|GMT+02:00
13:22:17.393 (393813955)|EXECUTION_STARTED
13:22:17.393 (393819340)|CODE_UNIT_STARTED|[EXTERNAL]|DuplicateDetector
13:22:17.393 (393831001)|DUPLICATE_DETECTION_BEGIN
13:22:17.393 (393891236)|DUPLICATE_DETECTION_RULE_INVOCATION|DuplicateRuleId:0Bm1r0000018X88|DuplicateRuleName:Standard Account Duplicate Rule|DmlType:INSERT
13:22:17.393 (402769926)|DUPLICATE_DETECTION_END
13:22:17.393 (402779204)|CODE_UNIT_FINISHED|DuplicateDetector
13:22:17.393 (403774112)|EXECUTION_FINISHED
