36.0 APEX_CODE,FINEST;APEX_PROFILING,INFO;CALLOUT,INFO;DB,INFO;SYSTEM,DEBUG;VALIDATION,INFO;VISUALFORCE,INFO;WAVE,INFO;WORKFLOW,INFO
14:14:45.0 (414028)|USER_INFO|[EXTERNAL]|0051r000007Oz5Q|lydia.abril@gmail.com|hora estándar de Europa central|GMT+02:00
14:14:45.0 (625837)|EXECUTION_STARTED
14:14:45.0 (633152)|CODE_UNIT_STARTED|[EXTERNAL]|01p1r000007YO5S|AnimalLocatorTest.testGetAnimalNameById
14:14:45.0 (930488)|HEAP_ALLOCATE|[72]|Bytes:3
14:14:45.0 (1002445)|HEAP_ALLOCATE|[77]|Bytes:152
14:14:45.0 (1021052)|HEAP_ALLOCATE|[342]|Bytes:408
14:14:45.0 (1036629)|HEAP_ALLOCATE|[355]|Bytes:408
14:14:45.0 (1049364)|HEAP_ALLOCATE|[467]|Bytes:48
14:14:45.0 (1120178)|HEAP_ALLOCATE|[139]|Bytes:6
14:14:45.0 (1147455)|HEAP_ALLOCATE|[EXTERNAL]|Bytes:11
14:14:45.0 (1212004)|METHOD_ENTRY|[2]|01p1r000007YO5S|AnimalLocatorTest.AnimalLocatorTest()
14:14:45.0 (1224769)|STATEMENT_EXECUTE|[2]
14:14:45.0 (1231278)|STATEMENT_EXECUTE|[2]
14:14:45.0 (1255456)|METHOD_EXIT|[2]|AnimalLocatorTest
14:14:45.0 (1379531)|HEAP_ALLOCATE|[50]|Bytes:5
14:14:45.0 (1414107)|HEAP_ALLOCATE|[56]|Bytes:5
14:14:45.0 (1427505)|HEAP_ALLOCATE|[64]|Bytes:7
14:14:45.0 (1482122)|STATEMENT_EXECUTE|[5]
14:14:45.0 (1485578)|STATEMENT_EXECUTE|[12]
14:14:45.0 (1489664)|HEAP_ALLOCATE|[12]|Bytes:22
14:14:45.0 (1664079)|HEAP_ALLOCATE|[12]|Bytes:27
14:14:45.0 (1680381)|SYSTEM_METHOD_ENTRY|[1]|Type.Type()
14:14:45.0 (1687937)|STATEMENT_EXECUTE|[1]
14:14:45.0 (1697661)|SYSTEM_METHOD_EXIT|[1]|Type
14:14:45.0 (1772585)|HEAP_ALLOCATE|[12]|Bytes:8
14:14:45.0 (1801138)|HEAP_ALLOCATE|[12]|Bytes:8
14:14:45.0 (1814660)|VARIABLE_SCOPE_BEGIN|[4]|this|System.Type|true|false
14:14:45.0 (2018220)|VARIABLE_ASSIGNMENT|[4]|this|{}|0x718b6c1b
14:14:45.0 (2031286)|VARIABLE_SCOPE_BEGIN|[4]|apextype|java:common.apex.runtime.ApexObjectType|true|false
14:14:45.0 (2246199)|VARIABLE_ASSIGNMENT|[4]|apextype|"System.HttpCalloutMock"|0x245ec319
14:14:45.0 (2367012)|HEAP_ALLOCATE|[12]|Bytes:8
14:14:45.0 (3400385)|HEAP_ALLOCATE|[12]|Bytes:1
14:14:45.0 (3425726)|METHOD_ENTRY|[2]|01p1r000007YO9z|AnimalLocatorMock.AnimalLocatorMock()
14:14:45.0 (3435095)|STATEMENT_EXECUTE|[2]
14:14:45.0 (3441491)|STATEMENT_EXECUTE|[2]
14:14:45.0 (3446584)|METHOD_EXIT|[2]|AnimalLocatorMock
14:14:45.0 (3463276)|HEAP_ALLOCATE|[12]|Bytes:4
14:14:45.0 (3511181)|CONSTRUCTOR_ENTRY|[12]|01p1r000007YO9z|<init>()
14:14:45.0 (3558989)|VARIABLE_SCOPE_BEGIN|[2]|this|AnimalLocatorMock|true|false
14:14:45.0 (3585230)|VARIABLE_ASSIGNMENT|[2]|this|{}|0x12cfd980
14:14:45.0 (3607437)|STATEMENT_EXECUTE|[2]
14:14:45.0 (3636572)|CONSTRUCTOR_EXIT|[12]|01p1r000007YO9z|<init>()
14:14:45.0 (3687915)|HEAP_ALLOCATE|[12]|Bytes:63
14:14:45.0 (3699204)|SYSTEM_METHOD_ENTRY|[1]|Test.Test()
14:14:45.0 (3704677)|STATEMENT_EXECUTE|[1]
14:14:45.0 (3710675)|SYSTEM_METHOD_EXIT|[1]|Test
14:14:45.0 (3753839)|METHOD_ENTRY|[12]||System.Test.setMock(System.Type, Object)
14:14:45.0 (3953979)|METHOD_EXIT|[12]||System.Test.setMock(System.Type, Object)
14:14:45.0 (3972734)|STATEMENT_EXECUTE|[17]
14:14:45.0 (5012886)|HEAP_ALLOCATE|[17]|Bytes:1
14:14:45.0 (5035762)|METHOD_ENTRY|[1]|01p1r000007YNwn|AnimalLocator.AnimalLocator()
14:14:45.0 (5046165)|STATEMENT_EXECUTE|[1]
14:14:45.0 (5052587)|STATEMENT_EXECUTE|[1]
14:14:45.0 (5439000)|SYSTEM_MODE_ENTER|false
14:14:45.0 (5459264)|HEAP_ALLOCATE|[17]|Bytes:5
14:14:45.0 (5470461)|SYSTEM_MODE_EXIT|false
14:14:45.0 (5482470)|METHOD_EXIT|[1]|AnimalLocator
14:14:45.0 (5510877)|METHOD_ENTRY|[17]|01p1r000007YNwn|AnimalLocator.getAnimalNameById(Integer)
14:14:45.0 (5540100)|VARIABLE_SCOPE_BEGIN|[3]|id|Integer|false|false
14:14:45.0 (5556744)|VARIABLE_ASSIGNMENT|[3]|id|0
14:14:45.0 (5582627)|SYSTEM_MODE_ENTER|false
14:14:45.0 (5589967)|HEAP_ALLOCATE|[5]|Bytes:5
14:14:45.0 (5596397)|STATEMENT_EXECUTE|[3]
14:14:45.0 (5598163)|STATEMENT_EXECUTE|[5]
14:14:45.0 (5618199)|VARIABLE_SCOPE_BEGIN|[5]|http|System.Http|true|false
14:14:45.0 (5726574)|VARIABLE_ASSIGNMENT|[5]|http|"System.Http[]"|0x77e96170
14:14:45.0 (5739330)|STATEMENT_EXECUTE|[6]
14:14:45.0 (5754082)|VARIABLE_SCOPE_BEGIN|[6]|request|System.HttpRequest|true|false
14:14:45.0 (5834081)|VARIABLE_ASSIGNMENT|[6]|request|"System.HttpRequest[Endpoint=null, Method=null]"|0x6c980a8b
14:14:45.0 (5847187)|STATEMENT_EXECUTE|[7]
14:14:45.0 (5852910)|HEAP_ALLOCATE|[7]|Bytes:51
14:14:45.0 (5951773)|HEAP_ALLOCATE|[7]|Bytes:1
14:14:45.0 (5988333)|HEAP_ALLOCATE|[7]|Bytes:52
14:14:45.0 (6041873)|STATEMENT_EXECUTE|[8]
14:14:45.0 (6047397)|HEAP_ALLOCATE|[8]|Bytes:3
14:14:45.0 (6083446)|STATEMENT_EXECUTE|[9]
14:14:45.0 (6191225)|CALLOUT_REQUEST|[9]|System.HttpRequest[Endpoint=https://th-apex-http-callout.herokuapp.com/animals/0, Method=GET]
14:14:45.0 (6283123)|HEAP_ALLOCATE|[9]|Bytes:4
14:14:45.0 (6302015)|HEAP_ALLOCATE|[9]|Bytes:52
14:14:45.0 (6311604)|VARIABLE_SCOPE_BEGIN|[4]|this|AnimalLocatorMock|true|false
14:14:45.0 (6333216)|VARIABLE_ASSIGNMENT|[4]|this|{}|0x12cfd980
14:14:45.0 (6342337)|VARIABLE_SCOPE_BEGIN|[4]|request|System.HttpRequest|true|false
14:14:45.0 (6428708)|VARIABLE_ASSIGNMENT|[4]|request|"System.HttpRequest[Endpoint=https://th-apex-http-callout.herokuapp.com/animals/0, Method=GET]"|0x6c980a8b
14:14:45.0 (6461843)|STATEMENT_EXECUTE|[4]
14:14:45.0 (6464677)|STATEMENT_EXECUTE|[6]
14:14:45.0 (6476233)|VARIABLE_SCOPE_BEGIN|[6]|response|System.HttpResponse|true|false
14:14:45.0 (6551337)|VARIABLE_ASSIGNMENT|[6]|response|"System.HttpResponse[Status=null, StatusCode=0]"|0x386163f9
14:14:45.0 (6562424)|STATEMENT_EXECUTE|[7]
14:14:45.0 (6567319)|HEAP_ALLOCATE|[7]|Bytes:12
14:14:45.0 (6574481)|HEAP_ALLOCATE|[7]|Bytes:16
14:14:45.0 (6635957)|STATEMENT_EXECUTE|[8]
14:14:45.0 (6640617)|HEAP_ALLOCATE|[8]|Bytes:19
14:14:45.0 (6676559)|STATEMENT_EXECUTE|[9]
14:14:45.0 (6705579)|STATEMENT_EXECUTE|[10]
14:14:45.0 (6719336)|CALLOUT_RESPONSE|[9]|System.HttpResponse[Status=null, StatusCode=200]
14:14:45.0 (6731453)|HEAP_ALLOCATE|[9]|Bytes:23
14:14:45.0 (6741752)|VARIABLE_SCOPE_BEGIN|[9]|response|System.HttpResponse|true|false
14:14:45.0 (6817931)|VARIABLE_ASSIGNMENT|[9]|response|"System.HttpResponse[Status=null, StatusCode=200]"|0x386163f9
14:14:45.0 (6829769)|STATEMENT_EXECUTE|[11]
14:14:45.0 (6856121)|HEAP_ALLOCATE|[11]|Bytes:4
14:14:45.0 (6890423)|VARIABLE_SCOPE_BEGIN|[11]|animal|Map<String,ANY>|true|false
14:14:45.0 (6915966)|VARIABLE_ASSIGNMENT|[11]|animal|{}|0x7491b496
14:14:45.0 (6952559)|STATEMENT_EXECUTE|[13]
14:14:45.0 (6959616)|STATEMENT_EXECUTE|[15]
14:14:45.0 (6981681)|HEAP_ALLOCATE|[15]|Bytes:19
14:14:45.0 (7032218)|HEAP_ALLOCATE|[15]|Bytes:24
14:14:45.0 (7045018)|SYSTEM_METHOD_ENTRY|[1]|JSON.JSON()
14:14:45.0 (7051273)|STATEMENT_EXECUTE|[1]
14:14:45.0 (7057914)|SYSTEM_METHOD_EXIT|[1]|JSON
14:14:45.0 (7071635)|METHOD_ENTRY|[15]||System.JSON.deserializeUntyped(String)
14:14:45.0 (7652586)|METHOD_EXIT|[15]||System.JSON.deserializeUntyped(String)
14:14:45.0 (7670895)|SYSTEM_MODE_EXIT|false
14:14:45.0 (7682081)|METHOD_EXIT|[17]|01p1r000007YNwn|AnimalLocator.getAnimalNameById(Integer)
14:14:45.0 (7776390)|FATAL_ERROR|System.JSONException: Unexpected character ('}' (code 125)): was expecting a colon to separate field name and value at [line:1, column:20]

Class.System.JSON.deserializeUntyped: line 11, column 1
Class.AnimalLocator.getAnimalNameById: line 15, column 1
Class.AnimalLocatorTest.testGetAnimalNameById: line 17, column 1
14:14:45.0 (7799448)|FATAL_ERROR|System.JSONException: Unexpected character ('}' (code 125)): was expecting a colon to separate field name and value at [line:1, column:20]

Class.System.JSON.deserializeUntyped: line 11, column 1
Class.AnimalLocator.getAnimalNameById: line 15, column 1
Class.AnimalLocatorTest.testGetAnimalNameById: line 17, column 1
14:14:45.7 (7810312)|CUMULATIVE_LIMIT_USAGE
14:14:45.7 (7810312)|LIMIT_USAGE_FOR_NS|(default)|
  Number of SOQL queries: 0 out of 100
  Number of query rows: 0 out of 50000
  Number of SOSL queries: 0 out of 20
  Number of DML statements: 0 out of 150
  Number of DML rows: 0 out of 10000
  Maximum CPU time: 0 out of 10000
  Maximum heap size: 0 out of 6000000
  Number of callouts: 1 out of 100
  Number of Email Invocations: 0 out of 10
  Number of future calls: 0 out of 50
  Number of queueable jobs added to the queue: 0 out of 50
  Number of Mobile Apex push calls: 0 out of 10

14:14:45.7 (7810312)|CUMULATIVE_LIMIT_USAGE_END

14:14:45.0 (7846904)|CODE_UNIT_FINISHED|AnimalLocatorTest.testGetAnimalNameById
14:14:45.0 (9104562)|EXECUTION_FINISHED
