36.0 APEX_CODE,FINEST;APEX_PROFILING,INFO;CALLOUT,INFO;DB,INFO;SYSTEM,DEBUG;VALIDATION,INFO;VISUALFORCE,INFO;WAVE,INFO;WORKFLOW,INFO
08:41:55.0 (433688)|USER_INFO|[EXTERNAL]|0051r000007Oz5Q|lydia.abril@gmail.com|hora estándar de Europa central|GMT+02:00
08:41:55.0 (484314)|EXECUTION_STARTED
08:41:55.0 (490400)|CODE_UNIT_STARTED|[EXTERNAL]|01p1r000009p5xn|TaskTest.testCerrarTarea
08:41:55.0 (739989)|HEAP_ALLOCATE|[72]|Bytes:3
08:41:55.0 (783161)|HEAP_ALLOCATE|[77]|Bytes:152
08:41:55.0 (797818)|HEAP_ALLOCATE|[342]|Bytes:408
08:41:55.0 (812817)|HEAP_ALLOCATE|[355]|Bytes:408
08:41:55.0 (826729)|HEAP_ALLOCATE|[467]|Bytes:48
08:41:55.0 (857031)|HEAP_ALLOCATE|[139]|Bytes:6
08:41:55.0 (872700)|HEAP_ALLOCATE|[EXTERNAL]|Bytes:113
08:41:55.0 (893299)|METHOD_ENTRY|[2]|01p1r000009p5xn|TaskTest.TaskTest()
08:41:55.0 (902157)|STATEMENT_EXECUTE|[2]
08:41:55.0 (906967)|STATEMENT_EXECUTE|[2]
08:41:55.0 (911215)|METHOD_EXIT|[2]|TaskTest
08:41:55.0 (1168667)|HEAP_ALLOCATE|[50]|Bytes:5
08:41:55.0 (1194544)|HEAP_ALLOCATE|[56]|Bytes:5
08:41:55.0 (1203090)|HEAP_ALLOCATE|[64]|Bytes:7
08:41:55.0 (1245900)|STATEMENT_EXECUTE|[4]
08:41:55.0 (1248377)|STATEMENT_EXECUTE|[6]
08:41:55.0 (1292172)|HEAP_ALLOCATE|[6]|Bytes:4
08:41:55.0 (1360577)|HEAP_ALLOCATE|[6]|Bytes:11
08:41:55.0 (1580863)|VARIABLE_ASSIGNMENT|[6]|this.Name|"CuentaPadre"|0x37cc7a5b
08:41:55.0 (1649611)|HEAP_ALLOCATE|[7]|Bytes:4
08:41:55.0 (1702708)|VARIABLE_ASSIGNMENT|[6]|this.Fecha_ultima_actividad_mas_reciente__c|"2018-01-11T00:00:00.000Z"|0x37cc7a5b
08:41:55.0 (1734724)|VARIABLE_SCOPE_BEGIN|[6]|oAccountParent|Account|true|false
08:41:55.0 (1769954)|VARIABLE_ASSIGNMENT|[6]|oAccountParent|{"Name":"CuentaPadre","Fecha_ultima_activid (18 more) ...":"2018-01-11T00:00:00.000Z"}|0x37cc7a5b
08:41:55.0 (1777987)|STATEMENT_EXECUTE|[8]
08:41:55.0 (1797807)|HEAP_ALLOCATE|[8]|Bytes:8
08:41:55.0 (1811234)|DML_BEGIN|[8]|Op:Insert|Type:Account|Rows:1
08:41:55.0 (1845979)|HEAP_ALLOCATE|[EXTERNAL]|Bytes:8
08:41:55.0 (71162037)|CODE_UNIT_STARTED|[EXTERNAL]|DuplicateDetector
08:41:55.0 (71189297)|DUPLICATE_DETECTION_BEGIN
08:41:55.0 (71792548)|DUPLICATE_DETECTION_RULE_INVOCATION|DuplicateRuleId:0Bm1r0000018X88|DuplicateRuleName:Standard Account Duplicate Rule|DmlType:INSERT
08:41:55.0 (90314717)|DUPLICATE_DETECTION_MATCH_INVOCATION_DETAILS|EntityType:Account|ActionTaken:Allow_[Alert,Report]|DuplicateRecordIds:
08:41:55.0 (90333714)|DUPLICATE_DETECTION_MATCH_INVOCATION_SUMMARY|EntityType:Account|NumRecordsToBeSaved:1|NumRecordsToBeSavedWithDuplicates:0|NumDuplicateRecordsFound:0
08:41:55.0 (90497831)|DUPLICATE_DETECTION_END
08:41:55.0 (90504310)|CODE_UNIT_FINISHED|DuplicateDetector
08:41:55.0 (120638981)|DML_END|[8]
08:41:55.0 (120677350)|STATEMENT_EXECUTE|[10]
08:41:55.0 (120714823)|HEAP_ALLOCATE|[10]|Bytes:4
08:41:55.0 (120748245)|HEAP_ALLOCATE|[10]|Bytes:6
08:41:55.0 (120819027)|VARIABLE_ASSIGNMENT|[10]|this.Name|"Cuenta"|0x7334d122
08:41:55.0 (120873786)|VARIABLE_ASSIGNMENT|[10]|this.ParentId|"0011r00001nogeMAAQ"|0x7334d122
08:41:55.0 (120967577)|HEAP_ALLOCATE|[12]|Bytes:4
08:41:55.0 (121018203)|VARIABLE_ASSIGNMENT|[10]|this.Fecha_ultima_actividad_mas_reciente__c|"2018-01-11T00:00:00.000Z"|0x7334d122
08:41:55.0 (121059224)|VARIABLE_SCOPE_BEGIN|[10]|oAccount|Account|true|false
08:41:55.0 (121088995)|VARIABLE_ASSIGNMENT|[10]|oAccount|{"Name":"Cuenta","ParentId":"0011r00001nogeMAAQ","Fecha_ultima_activid (18 more) ...":"2018-01-11T00:00:00.000Z"}|0x7334d122
08:41:55.0 (121096698)|STATEMENT_EXECUTE|[13]
08:41:55.0 (121116815)|HEAP_ALLOCATE|[13]|Bytes:8
08:41:55.0 (121127544)|DML_BEGIN|[13]|Op:Insert|Type:Account|Rows:1
08:41:55.0 (121160391)|HEAP_ALLOCATE|[EXTERNAL]|Bytes:8
08:41:55.0 (124705864)|CODE_UNIT_STARTED|[EXTERNAL]|DuplicateDetector
08:41:55.0 (124724387)|DUPLICATE_DETECTION_BEGIN
08:41:55.0 (124776039)|DUPLICATE_DETECTION_RULE_INVOCATION|DuplicateRuleId:0Bm1r0000018X88|DuplicateRuleName:Standard Account Duplicate Rule|DmlType:INSERT
08:41:55.0 (187622966)|DUPLICATE_DETECTION_MATCH_INVOCATION_DETAILS|EntityType:Account|ActionTaken:Allow_[Alert,Report]|DuplicateRecordIds:
08:41:55.0 (187645021)|DUPLICATE_DETECTION_MATCH_INVOCATION_SUMMARY|EntityType:Account|NumRecordsToBeSaved:1|NumRecordsToBeSavedWithDuplicates:0|NumDuplicateRecordsFound:0
08:41:55.0 (187790245)|DUPLICATE_DETECTION_END
08:41:55.0 (187797892)|CODE_UNIT_FINISHED|DuplicateDetector
08:41:55.0 (202025123)|DML_END|[13]
08:41:55.0 (202061445)|STATEMENT_EXECUTE|[15]
08:41:55.0 (202131665)|HEAP_ALLOCATE|[15]|Bytes:4
08:41:55.0 (202238694)|HEAP_ALLOCATE|[15]|Bytes:11
08:41:55.0 (202289083)|VARIABLE_ASSIGNMENT|[15]|this.Name|"Oportunidad"|0x3d3962f1
08:41:55.0 (202374958)|HEAP_ALLOCATE|[16]|Bytes:4
08:41:55.0 (202424208)|VARIABLE_ASSIGNMENT|[15]|this.CloseDate|"2020-01-11T00:00:00.000Z"|0x3d3962f1
08:41:55.0 (202432210)|HEAP_ALLOCATE|[17]|Bytes:11
08:41:55.0 (202448560)|VARIABLE_ASSIGNMENT|[15]|this.StageName|"Prospecting"|0x3d3962f1
08:41:55.0 (202483863)|VARIABLE_ASSIGNMENT|[15]|this.AccountId|"0011r00001nogeNAAQ"|0x3d3962f1
08:41:55.0 (202519788)|VARIABLE_SCOPE_BEGIN|[15]|oOpportunity|Opportunity|true|false
08:41:55.0 (202552679)|VARIABLE_ASSIGNMENT|[15]|oOpportunity|{"Name":"Oportunidad","CloseDate":"2020-01-11T00:00:00.000Z","StageName":"Prospecting","AccountId":"0011r00001nogeNAAQ"}|0x3d3962f1
08:41:55.0 (202561340)|STATEMENT_EXECUTE|[19]
08:41:55.0 (202582866)|HEAP_ALLOCATE|[19]|Bytes:8
08:41:55.0 (202594304)|DML_BEGIN|[19]|Op:Insert|Type:Opportunity|Rows:1
08:41:55.0 (202629727)|HEAP_ALLOCATE|[EXTERNAL]|Bytes:8
08:41:55.0 (240424281)|CODE_UNIT_STARTED|[EXTERNAL]|01q1r000000Bcgl|ClosedOpportunityTrigger on Opportunity trigger event AfterInsert
08:41:55.0 (240478275)|HEAP_ALLOCATE|[EXTERNAL]|Bytes:8
08:41:55.0 (240733981)|HEAP_ALLOCATE|[EXTERNAL]|Bytes:8
08:41:55.0 (240752282)|VARIABLE_SCOPE_BEGIN|[1]|this|ClosedOpportunityTrigger|true|false
08:41:55.0 (240830942)|VARIABLE_ASSIGNMENT|[1]|this|{}|0x5e2ee3ef
08:41:55.0 (240893176)|HEAP_ALLOCATE|[EXTERNAL]|Bytes:8
08:41:55.0 (241032116)|VARIABLE_SCOPE_BEGIN|[1]|this|ClosedOpportunityTrigger|true|false
08:41:55.0 (241049737)|VARIABLE_ASSIGNMENT|[1]|this|{}|0x5e2ee3ef
08:41:55.0 (241059533)|STATEMENT_EXECUTE|[1]
08:41:55.0 (241062786)|STATEMENT_EXECUTE|[3]
08:41:55.0 (241113730)|HEAP_ALLOCATE|[3]|Bytes:4
08:41:55.0 (241217960)|HEAP_ALLOCATE|[EXTERNAL]|Bytes:4
08:41:55.0 (241231881)|VARIABLE_ASSIGNMENT|[3]|this.taskList|[]|0x5e2ee3ef
08:41:55.0 (241242942)|HEAP_ALLOCATE|[5]|Bytes:89
08:41:55.0 (241261275)|HEAP_ALLOCATE|[5]|Bytes:4
08:41:55.0 (241271245)|HEAP_ALLOCATE|[5]|Bytes:7
08:41:55.0 (241599657)|SOQL_EXECUTE_BEGIN|[5]|Aggregations:0|SELECT Id, StageName FROM Opportunity 
08:41:55.0 (246803848)|SOQL_EXECUTE_END|[5]|Rows:0
08:41:55.0 (246961170)|HEAP_ALLOCATE|[5]|Bytes:54
08:41:55.0 (246972063)|HEAP_ALLOCATE|[5]|Bytes:8
08:41:55.0 (246998530)|SYSTEM_METHOD_ENTRY|[7]|QueryLocatorIterator.QueryLocatorIterator()
08:41:55.0 (247003788)|STATEMENT_EXECUTE|[7]
08:41:55.0 (247012817)|SYSTEM_METHOD_EXIT|[7]|QueryLocatorIterator
08:41:55.0 (247020045)|HEAP_ALLOCATE|[5]|Bytes:28
08:41:55.0 (247037498)|HEAP_ALLOCATE|[5]|Bytes:8
08:41:55.0 (247041292)|HEAP_ALLOCATE|[5]|Bytes:8
08:41:55.0 (247046428)|VARIABLE_SCOPE_BEGIN|[15]|this|Database.QueryLocatorIterator|true|false
08:41:55.0 (247084721)|VARIABLE_ASSIGNMENT|[15]|this|{}|0x4dcee9ed
08:41:55.0 (247091917)|VARIABLE_SCOPE_BEGIN|[15]|values|List<SObject>|true|false
08:41:55.0 (247100515)|VARIABLE_ASSIGNMENT|[15]|values|null|
08:41:55.0 (247104764)|VARIABLE_SCOPE_BEGIN|[15]|ql|Database.QueryLocator|true|false
08:41:55.0 (247126720)|VARIABLE_ASSIGNMENT|[15]|ql|{"query":"SELECT Id, StageName (69 more) ..."}|0x73e188e0
08:41:55.0 (247132120)|VARIABLE_SCOPE_BEGIN|[15]|totalNumRecords|Integer|false|false
08:41:55.0 (247140467)|VARIABLE_ASSIGNMENT|[15]|totalNumRecords|0
08:41:55.0 (247144487)|VARIABLE_SCOPE_BEGIN|[15]|queryMoreSize|Integer|false|false
08:41:55.0 (247150957)|VARIABLE_ASSIGNMENT|[15]|queryMoreSize|50000
08:41:55.0 (247246152)|HEAP_ALLOCATE|[5]|Bytes:28
08:41:55.0 (247266984)|METHOD_ENTRY|[5]||Database.QueryLocatorIterator.hasNext()
08:41:55.0 (247302295)|METHOD_EXIT|[5]||Database.QueryLocatorIterator.hasNext()
08:41:55.0 (247312702)|VARIABLE_ASSIGNMENT|[5]|opp|null|
08:41:55.0 (247323330)|STATEMENT_EXECUTE|[5]
08:41:55.0 (247365738)|STATEMENT_EXECUTE|[12]
08:41:55.247 (247371176)|CUMULATIVE_LIMIT_USAGE
08:41:55.247 (247371176)|LIMIT_USAGE_FOR_NS|(default)|
  Number of SOQL queries: 1 out of 100
  Number of query rows: 0 out of 50000
  Number of SOSL queries: 0 out of 20
  Number of DML statements: 3 out of 150
  Number of DML rows: 3 out of 10000
  Maximum CPU time: 0 out of 10000
  Maximum heap size: 0 out of 6000000
  Number of callouts: 0 out of 100
  Number of Email Invocations: 0 out of 10
  Number of future calls: 0 out of 50
  Number of queueable jobs added to the queue: 0 out of 50
  Number of Mobile Apex push calls: 0 out of 10

08:41:55.247 (247371176)|CUMULATIVE_LIMIT_USAGE_END

08:41:55.0 (248179328)|CODE_UNIT_FINISHED|ClosedOpportunityTrigger on Opportunity trigger event AfterInsert
08:41:55.0 (249293000)|DML_END|[19]
08:41:55.0 (249314379)|STATEMENT_EXECUTE|[23]
08:41:55.0 (249333738)|HEAP_ALLOCATE|[23]|Bytes:4
08:41:55.0 (249359722)|VARIABLE_SCOPE_BEGIN|[23]|listTask|List<Task>|true|false
08:41:55.0 (249370859)|HEAP_ALLOCATE|[EXTERNAL]|Bytes:4
08:41:55.0 (249380696)|VARIABLE_ASSIGNMENT|[23]|listTask|[]|0x7d58cc29
08:41:55.0 (249387445)|STATEMENT_EXECUTE|[25]
08:41:55.0 (249406230)|HEAP_ALLOCATE|[25]|Bytes:4
08:41:55.0 (249477076)|HEAP_ALLOCATE|[25]|Bytes:4
08:41:55.0 (249524482)|VARIABLE_ASSIGNMENT|[25]|this.Subject|"Task"|0x4763d3ee
08:41:55.0 (249532319)|HEAP_ALLOCATE|[26]|Bytes:6
08:41:55.0 (249549673)|VARIABLE_ASSIGNMENT|[25]|this.Priority|"Normal"|0x4763d3ee
08:41:55.0 (249556184)|HEAP_ALLOCATE|[27]|Bytes:11
08:41:55.0 (249570184)|VARIABLE_ASSIGNMENT|[25]|this.Status|"Not Started"|0x4763d3ee
08:41:55.0 (249607961)|VARIABLE_ASSIGNMENT|[25]|this.WhatId|"0011r00001nogeNAAQ"|0x4763d3ee
08:41:55.0 (249663836)|HEAP_ALLOCATE|[29]|Bytes:4
08:41:55.0 (249709879)|VARIABLE_ASSIGNMENT|[25]|this.ActivityDate|"2020-01-11T00:00:00.000Z"|0x4763d3ee
08:41:55.0 (249741988)|VARIABLE_SCOPE_BEGIN|[25]|oTask|Task|true|false
08:41:55.0 (249771202)|VARIABLE_ASSIGNMENT|[25]|oTask|{"Subject":"Task","Priority":"Normal","Status":"Not Started","WhatId":"0011r00001nogeNAAQ","ActivityDate":"2020-01-11T00:00:00.000Z"}|0x4763d3ee
08:41:55.0 (249780482)|STATEMENT_EXECUTE|[31]
08:41:55.0 (249811518)|HEAP_ALLOCATE|[EXTERNAL]|Bytes:4
08:41:55.0 (249821387)|STATEMENT_EXECUTE|[33]
08:41:55.0 (249860866)|DML_BEGIN|[33]|Op:Insert|Type:Task|Rows:1
08:41:55.0 (249887340)|HEAP_ALLOCATE|[EXTERNAL]|Bytes:8
08:41:55.0 (269518862)|DML_END|[33]
08:41:55.0 (269595576)|HEAP_ALLOCATE|[EXTERNAL]|Bytes:8
08:41:55.0 (269779531)|HEAP_ALLOCATE|[35]|Bytes:5
08:41:55.0 (269806250)|HEAP_ALLOCATE|[35]|Bytes:28
08:41:55.0 (269817633)|VARIABLE_SCOPE_BEGIN|[35]|inTask|Task|true|false
08:41:55.0 (269859100)|VARIABLE_ASSIGNMENT|[35]|inTask|{"Subject":"Task","Priority":"Normal","Status":"Not Started","WhatId":"0011r00001nogeNAAQ","ActivityDate":"2020-01-11T00:00:00.000Z","Id":"00T1r00004CPNuQEAX"}|0x4763d3ee
08:41:55.0 (269869676)|STATEMENT_EXECUTE|[35]
08:41:55.0 (269871879)|STATEMENT_EXECUTE|[36]
08:41:55.0 (269876596)|HEAP_ALLOCATE|[36]|Bytes:9
08:41:55.0 (269933331)|VARIABLE_ASSIGNMENT|[36]|this.Status|"Completed"|0x4763d3ee
08:41:55.0 (269950106)|HEAP_ALLOCATE|[35]|Bytes:5
08:41:55.0 (269963363)|VARIABLE_ASSIGNMENT|[35]|inTask|null|
08:41:55.0 (269970091)|STATEMENT_EXECUTE|[39]
08:41:55.0 (270013240)|DML_BEGIN|[39]|Op:Update|Type:Task|Rows:1
08:41:55.0 (270049334)|HEAP_ALLOCATE|[EXTERNAL]|Bytes:8
08:41:55.0 (286750202)|CODE_UNIT_STARTED|[EXTERNAL]|01q1r000000j6Yv|TaskTrigger on Task trigger event AfterUpdate
08:41:55.0 (286813836)|HEAP_ALLOCATE|[EXTERNAL]|Bytes:8
08:41:55.0 (286861797)|HEAP_ALLOCATE|[EXTERNAL]|Bytes:8
08:41:55.0 (287011191)|HEAP_ALLOCATE|[EXTERNAL]|Bytes:12
08:41:55.0 (287030100)|VARIABLE_SCOPE_BEGIN|[1]|this|TaskTrigger|true|false
08:41:55.0 (287094527)|VARIABLE_ASSIGNMENT|[1]|this|{}|0x2255bbb0
08:41:55.0 (287171206)|HEAP_ALLOCATE|[EXTERNAL]|Bytes:12
08:41:55.0 (287241934)|VARIABLE_SCOPE_BEGIN|[1]|this|TaskTrigger|true|false
08:41:55.0 (287258507)|VARIABLE_ASSIGNMENT|[1]|this|{}|0x2255bbb0
08:41:55.0 (287268989)|STATEMENT_EXECUTE|[1]
08:41:55.0 (287272497)|STATEMENT_EXECUTE|[3]
08:41:55.0 (289170980)|VARIABLE_ASSIGNMENT|[3]|this.listNew|[{"Status":"Completed","LastModifiedDate":"2018-04-18T06:41:55.000Z","IsDeleted":false,"AccountId":"0011r00001nogeNAAQ","WhatId":"0011r00001nogeNAAQ","ActivityDate":"2020-01-11T00:00:00.000Z","Priority":"Normal","IsHighPriority":false,"IsClosed":true,"IsRecurrence":false,"Subject":"Task","SystemModstamp":"2018-04-18T06:41:55.000Z","IsArchived":false,"CreatedById":"0051r000007Oz5QAAS","TaskSubtype":"Task","OwnerId":"0051r000007Oz5QAAS","CreatedDate":"2018-04-18T06:41:55.000Z","Id":"00T1r00004CPNuQEAX","DB_Activity_Type__c":"Other","IsReminderSet":false,"LastModifiedById":"0051r000007Oz5QAAS"}]|0x2255bbb0
08:41:55.0 (289191688)|STATEMENT_EXECUTE|[5]
08:41:55.0 (290115499)|VARIABLE_ASSIGNMENT|[5]|this.mapOld|{"00T1r00004CPNuQEAX":{"Status":"Not Started","LastModifiedDate":"2018-04-18T06:41:55.000Z","IsDeleted":false,"AccountId":"0011r00001nogeNAAQ","WhatId":"0011r00001nogeNAAQ","ActivityDate":"2020-01-11T00:00:00.000Z","Priority":"Normal","IsHighPriority":false,"IsClosed":false,"IsRecurrence":false,"Subject":"Task","SystemModstamp":"2018-04-18T06:41:55.000Z","IsArchived":false,"CreatedById":"0051r000007Oz5QAAS","TaskSubtype":"Task","OwnerId":"0051r000007Oz5QAAS","CreatedDate":"2018-04-18T06:41:55.000Z","Id":"00T1r00004CPNuQEAX","DB_Activity_Type__c":"Other","IsReminderSet":false,"LastModifiedById":"0051r000007Oz5QAAS"}}|0x2255bbb0
08:41:55.0 (290144829)|STATEMENT_EXECUTE|[7]
08:41:55.0 (290151207)|STATEMENT_EXECUTE|[8]
08:41:55.0 (290153002)|STATEMENT_EXECUTE|[9]
08:41:55.0 (291533908)|HEAP_ALLOCATE|[9]|Bytes:1
08:41:55.0 (291547140)|HEAP_ALLOCATE|[9]|Bytes:11
08:41:55.0 (291565111)|METHOD_ENTRY|[1]|01p1r000009oS6S|TaskMethods.TaskMethods()
08:41:55.0 (291572153)|STATEMENT_EXECUTE|[1]
08:41:55.0 (291577168)|STATEMENT_EXECUTE|[1]
08:41:55.0 (291954825)|SYSTEM_MODE_ENTER|false
08:41:55.0 (291973134)|HEAP_ALLOCATE|[9]|Bytes:5
08:41:55.0 (291986105)|SYSTEM_MODE_EXIT|false
08:41:55.0 (291999975)|METHOD_EXIT|[1]|TaskMethods
08:41:55.0 (292033111)|METHOD_ENTRY|[9]|01p1r000009oS6S|TaskMethods.CerrarTarea(List<Task>, Map<Id,Task>)
08:41:55.0 (292073219)|VARIABLE_SCOPE_BEGIN|[3]|listTask|List<Task>|true|false
08:41:55.0 (292849577)|VARIABLE_ASSIGNMENT|[3]|listTask|[{"Status":"Completed","LastModifiedDate":"2018-04-18T06:41:55.000Z","IsDeleted":false,"AccountId":"0011r00001nogeNAAQ","WhatId":"0011r00001nogeNAAQ","ActivityDate":"2020-01-11T00:00:00.000Z","Priority":"Normal","IsHighPriority":false,"IsClosed":true,"IsRecurrence":false,"Subject":"Task","SystemModstamp":"2018-04-18T06:41:55.000Z","IsArchived":false,"CreatedById":"0051r000007Oz5QAAS","TaskSubtype":"Task","OwnerId":"0051r000007Oz5QAAS","CreatedDate":"2018-04-18T06:41:55.000Z","Id":"00T1r00004CPNuQEAX","DB_Activity_Type__c":"Other","IsReminderSet":false,"LastModifiedById":"0051r000007Oz5QAAS"}]|0x18dc924d
08:41:55.0 (292868543)|VARIABLE_SCOPE_BEGIN|[3]|mapTaskOld|Map<Id,Task>|true|false
08:41:55.0 (293472638)|VARIABLE_ASSIGNMENT|[3]|mapTaskOld|{"00T1r00004CPNuQEAX":{"Status":"Not Started","LastModifiedDate":"2018-04-18T06:41:55.000Z","IsDeleted":false,"AccountId":"0011r00001nogeNAAQ","WhatId":"0011r00001nogeNAAQ","ActivityDate":"2020-01-11T00:00:00.000Z","Priority":"Normal","IsHighPriority":false,"IsClosed":false,"IsRecurrence":false,"Subject":"Task","SystemModstamp":"2018-04-18T06:41:55.000Z","IsArchived":false,"CreatedById":"0051r000007Oz5QAAS","TaskSubtype":"Task","OwnerId":"0051r000007Oz5QAAS","CreatedDate":"2018-04-18T06:41:55.000Z","Id":"00T1r00004CPNuQEAX","DB_Activity_Type__c":"Other","IsReminderSet":false,"LastModifiedById":"0051r000007Oz5QAAS"}}|0x2748bbde
08:41:55.0 (293523678)|SYSTEM_MODE_ENTER|false
08:41:55.0 (293532975)|HEAP_ALLOCATE|[5]|Bytes:5
08:41:55.0 (293539607)|STATEMENT_EXECUTE|[3]
08:41:55.0 (293594438)|STATEMENT_EXECUTE|[5]
08:41:55.0 (293596847)|STATEMENT_EXECUTE|[8]
08:41:55.0 (293634036)|HEAP_ALLOCATE|[8]|Bytes:4
08:41:55.0 (293719583)|VARIABLE_SCOPE_BEGIN|[8]|listAcUpdate|List<Account>|true|false
08:41:55.0 (293736680)|HEAP_ALLOCATE|[EXTERNAL]|Bytes:4
08:41:55.0 (293747552)|VARIABLE_ASSIGNMENT|[8]|listAcUpdate|[]|0x30943578
08:41:55.0 (293754624)|STATEMENT_EXECUTE|[11]
08:41:55.0 (293769671)|HEAP_ALLOCATE|[11]|Bytes:4
08:41:55.0 (293799662)|VARIABLE_SCOPE_BEGIN|[11]|setTaskIds|Set<String>|true|false
08:41:55.0 (293828290)|VARIABLE_ASSIGNMENT|[11]|setTaskIds|[]|0x70a8a0c2
08:41:55.0 (293893284)|HEAP_ALLOCATE|[13]|Bytes:5
08:41:55.0 (293925110)|VARIABLE_SCOPE_BEGIN|[13]|inTask|Task|true|false
08:41:55.0 (294146945)|VARIABLE_ASSIGNMENT|[13]|inTask|{"Status":"Completed","LastModifiedDate":"2018-04-18T06:41:55.000Z","IsDeleted":false,"AccountId":"0011r00001nogeNAAQ","WhatId":"0011r00001nogeNAAQ","ActivityDate":"2020-01-11T00:00:00.000Z","Priority":"Normal","IsHighPriority":false,"IsClosed":true,"IsRecurrence":false,"Subject":"Task","SystemModstamp":"2018-04-18T06:41:55.000Z","IsArchived":false,"CreatedById":"0051r000007Oz5QAAS","TaskSubtype":"Task","OwnerId":"0051r000007Oz5QAAS","CreatedDate":"2018-04-18T06:41:55.000Z","Id":"00T1r00004CPNuQEAX","DB_Activity_Type__c":"Other","IsReminderSet":false,"LastModifiedById":"0051r000007Oz5QAAS"}|0xc1a1a60
08:41:55.0 (294164273)|STATEMENT_EXECUTE|[13]
08:41:55.0 (294300064)|STATEMENT_EXECUTE|[14]
08:41:55.0 (294302721)|STATEMENT_EXECUTE|[15]
08:41:55.0 (294339340)|HEAP_ALLOCATE|[EXTERNAL]|Bytes:4
08:41:55.0 (294358725)|HEAP_ALLOCATE|[13]|Bytes:5
08:41:55.0 (294373449)|VARIABLE_ASSIGNMENT|[13]|inTask|null|
08:41:55.0 (294380358)|STATEMENT_EXECUTE|[20]
08:41:55.0 (294395882)|HEAP_ALLOCATE|[20]|Bytes:4
08:41:55.0 (294414951)|HEAP_ALLOCATE|[20]|Bytes:218
08:41:55.0 (294427712)|HEAP_ALLOCATE|[20]|Bytes:4
08:41:55.0 (294463201)|HEAP_ALLOCATE|[20]|Bytes:8
08:41:55.0 (294475464)|HEAP_ALLOCATE|[20]|Bytes:8
08:41:55.0 (295460876)|SOQL_EXECUTE_BEGIN|[20]|Aggregations:0|SELECT WhatId, ActivityDate, TYPEOF What WHEN Account THEN Id, Parent.Fecha_ultima_actividad_mas_reciente__c WHEN Opportunity THEN Account.Parent.Fecha_ultima_actividad_mas_reciente__c END FROM Task WHERE Id = :tmpVar1
08:41:55.0 (305147700)|SOQL_EXECUTE_END|[20]|Rows:1
08:41:55.0 (305180819)|HEAP_ALLOCATE|[20]|Bytes:8
08:41:55.0 (305227149)|HEAP_ALLOCATE|[20]|Bytes:227
08:41:55.0 (305268882)|HEAP_ALLOCATE|[20]|Bytes:8
08:41:55.0 (305305582)|HEAP_ALLOCATE|[20]|Bytes:20
08:41:55.0 (305314603)|HEAP_ALLOCATE|[20]|Bytes:20
08:41:55.0 (305319873)|HEAP_ALLOCATE|[20]|Bytes:4
08:41:55.0 (305333864)|VARIABLE_SCOPE_BEGIN|[20]|listTaskType|List<Task>|true|false
08:41:55.0 (305350328)|HEAP_ALLOCATE|[EXTERNAL]|Bytes:8
08:41:55.0 (305401990)|VARIABLE_ASSIGNMENT|[20]|listTaskType|[{"WhatId":"0011r00001nogeNAAQ","ActivityDate":"2020-01-11T00:00:00.000Z","Id":"00T1r00004CPNuQEAX","What":{"Id":"0011r00001nogeNAAQ","ParentId":"0011r00001nogeMAAQ","Parent":{"Id":"0011r00001nogeMAAQ","Fecha_ultima_activid (18 more) ...":"2018-01-11T00:00:00.000Z"}}}]|0x1267f1e2
08:41:55.0 (305420704)|STATEMENT_EXECUTE|[28]
08:41:55.0 (305428044)|HEAP_ALLOCATE|[28]|Bytes:40
08:41:55.0 (305531279)|HEAP_ALLOCATE|[28]|Bytes:91
08:41:55.0 (305553848)|HEAP_ALLOCATE|[28]|Bytes:131
08:41:55.0 (305578519)|USER_DEBUG|[28]|DEBUG|TaskMethods.CerrarTarea.listTaskType :: (Task:{WhatId=0011r00001nogeNAAQ, ActivityDate=2020-01-11 00:00:00, Id=00T1r00004CPNuQEAX})
08:41:55.0 (305623987)|HEAP_ALLOCATE|[31]|Bytes:5
08:41:55.0 (305639633)|HEAP_ALLOCATE|[31]|Bytes:20
08:41:55.0 (305648643)|VARIABLE_SCOPE_BEGIN|[31]|inTask|Task|true|false
08:41:55.0 (305676161)|VARIABLE_ASSIGNMENT|[31]|inTask|{"WhatId":"0011r00001nogeNAAQ","ActivityDate":"2020-01-11T00:00:00.000Z","Id":"00T1r00004CPNuQEAX","What":{"Id":"0011r00001nogeNAAQ","ParentId":"0011r00001nogeMAAQ","Parent":{"Id":"0011r00001nogeMAAQ","Fecha_ultima_activid (18 more) ...":"2018-01-11T00:00:00.000Z"}}}|0x427ce67c
08:41:55.0 (305686389)|STATEMENT_EXECUTE|[31]
08:41:55.0 (305740125)|HEAP_ALLOCATE|[32]|Bytes:37
08:41:55.0 (305785796)|HEAP_ALLOCATE|[38]|Bytes:33
08:41:55.0 (305797227)|STATEMENT_EXECUTE|[38]
08:41:55.0 (305799470)|STATEMENT_EXECUTE|[39]
08:41:55.0 (305801965)|HEAP_ALLOCATE|[39]|Bytes:7
08:41:55.0 (305823008)|USER_DEBUG|[39]|DEBUG|Account
08:41:55.0 (305910453)|STATEMENT_EXECUTE|[41]
08:41:55.0 (305912838)|STATEMENT_EXECUTE|[42]
08:41:55.0 (305965946)|VARIABLE_ASSIGNMENT|[42]|this.Fecha_ultima_actividad_mas_reciente__c|"2020-01-11T00:00:00.000Z"|0x2a20a9c7
08:41:55.0 (305974091)|STATEMENT_EXECUTE|[43]
08:41:55.0 (306012202)|HEAP_ALLOCATE|[EXTERNAL]|Bytes:4
08:41:55.0 (306037541)|HEAP_ALLOCATE|[31]|Bytes:5
08:41:55.0 (306058265)|VARIABLE_ASSIGNMENT|[31]|inTask|null|
08:41:55.0 (306068008)|STATEMENT_EXECUTE|[47]
08:41:55.0 (306071699)|HEAP_ALLOCATE|[47]|Bytes:13
08:41:55.0 (306119800)|HEAP_ALLOCATE|[47]|Bytes:93
08:41:55.0 (306134212)|HEAP_ALLOCATE|[47]|Bytes:106
08:41:55.0 (306144549)|USER_DEBUG|[47]|DEBUG|listAcUpdate (Account:{Id=0011r00001nogeMAAQ, Fecha_ultima_actividad_mas_reciente__c=2020-01-11 00:00:00})
08:41:55.0 (306152927)|STATEMENT_EXECUTE|[48]
08:41:55.0 (306191531)|DML_BEGIN|[48]|Op:Update|Type:Account|Rows:1
08:41:55.0 (306231802)|HEAP_ALLOCATE|[EXTERNAL]|Bytes:8
08:41:55.0 (312165097)|CODE_UNIT_STARTED|[EXTERNAL]|01q1r000000j8Jg|AccountTrigger on Account trigger event BeforeUpdate
08:41:55.0 (312208631)|HEAP_ALLOCATE|[EXTERNAL]|Bytes:8
08:41:55.0 (312235268)|HEAP_ALLOCATE|[EXTERNAL]|Bytes:8
08:41:55.0 (312346900)|HEAP_ALLOCATE|[EXTERNAL]|Bytes:12
08:41:55.0 (312360076)|VARIABLE_SCOPE_BEGIN|[1]|this|AccountTrigger|true|false
08:41:55.0 (312416962)|VARIABLE_ASSIGNMENT|[1]|this|{}|0x61370697
08:41:55.0 (312476475)|HEAP_ALLOCATE|[EXTERNAL]|Bytes:12
08:41:55.0 (312485114)|VARIABLE_SCOPE_BEGIN|[1]|this|AccountTrigger|true|false
08:41:55.0 (312498875)|VARIABLE_ASSIGNMENT|[1]|this|{}|0x61370697
08:41:55.0 (312507225)|STATEMENT_EXECUTE|[1]
08:41:55.0 (312509571)|STATEMENT_EXECUTE|[3]
08:41:55.0 (313139300)|VARIABLE_ASSIGNMENT|[3]|this.listNew|[{"LastModifiedDate":"2018-04-18T06:41:55.000Z","IsDeleted":false,"CleanStatus":"Pending","Fecha_ultima_activid (18 more) ...":"2020-01-11T00:00:00.000Z","OwnerId":"0051r000007Oz5QAAS","CreatedById":"0051r000007Oz5QAAS","Match_Billing_Addres (4 more) ...":false,"CreatedDate":"2018-04-18T06:41:55.000Z","Id":"0011r00001nogeMAAQ","LastModifiedById":"0051r000007Oz5QAAS","SystemModstamp":"2018-04-18T06:41:55.000Z","Name":"CuentaPadre"}]|0x61370697
08:41:55.0 (313162613)|STATEMENT_EXECUTE|[5]
08:41:55.0 (313537407)|VARIABLE_ASSIGNMENT|[5]|this.mapOld|{"0011r00001nogeMAAQ":{"LastModifiedDate":"2018-04-18T06:41:55.000Z","IsDeleted":false,"CleanStatus":"Pending","Fecha_ultima_activid (18 more) ...":"2018-01-11T00:00:00.000Z","OwnerId":"0051r000007Oz5QAAS","CreatedById":"0051r000007Oz5QAAS","Match_Billing_Addres (4 more) ...":false,"CreatedDate":"2018-04-18T06:41:55.000Z","Id":"0011r00001nogeMAAQ","LastModifiedById":"0051r000007Oz5QAAS","SystemModstamp":"2018-04-18T06:41:55.000Z","Name":"CuentaPadre"}}|0x61370697
08:41:55.0 (313560556)|STATEMENT_EXECUTE|[7]
08:41:55.0 (313565758)|STATEMENT_EXECUTE|[8]
08:41:55.0 (313567449)|STATEMENT_EXECUTE|[9]
08:41:55.0 (314920291)|HEAP_ALLOCATE|[9]|Bytes:1
08:41:55.0 (314952986)|METHOD_ENTRY|[1]|01p1r000009p8Bf|AccountMethods.AccountMethods()
08:41:55.0 (314963487)|STATEMENT_EXECUTE|[1]
08:41:55.0 (314970856)|STATEMENT_EXECUTE|[1]
08:41:55.0 (314989972)|HEAP_ALLOCATE|[9]|Bytes:5
08:41:55.0 (315006673)|METHOD_EXIT|[1]|AccountMethods
08:41:55.0 (315031936)|METHOD_ENTRY|[9]|01p1r000009p8Bf|AccountMethods.ActualizarCuentaHija(List<Account>, Map<Id,Account>)
08:41:55.0 (315058563)|VARIABLE_SCOPE_BEGIN|[3]|listAccount|List<Account>|true|false
08:41:55.0 (315403003)|VARIABLE_ASSIGNMENT|[3]|listAccount|[{"LastModifiedDate":"2018-04-18T06:41:55.000Z","IsDeleted":false,"CleanStatus":"Pending","Fecha_ultima_activid (18 more) ...":"2020-01-11T00:00:00.000Z","OwnerId":"0051r000007Oz5QAAS","CreatedById":"0051r000007Oz5QAAS","Match_Billing_Addres (4 more) ...":false,"CreatedDate":"2018-04-18T06:41:55.000Z","Id":"0011r00001nogeMAAQ","LastModifiedById":"0051r000007Oz5QAAS","SystemModstamp":"2018-04-18T06:41:55.000Z","Name":"CuentaPadre"}]|0x1f4aebf4
08:41:55.0 (315417059)|VARIABLE_SCOPE_BEGIN|[3]|mapOld|Map<Id,Account>|true|false
08:41:55.0 (315764039)|VARIABLE_ASSIGNMENT|[3]|mapOld|{"0011r00001nogeMAAQ":{"LastModifiedDate":"2018-04-18T06:41:55.000Z","IsDeleted":false,"CleanStatus":"Pending","Fecha_ultima_activid (18 more) ...":"2018-01-11T00:00:00.000Z","OwnerId":"0051r000007Oz5QAAS","CreatedById":"0051r000007Oz5QAAS","Match_Billing_Addres (4 more) ...":false,"CreatedDate":"2018-04-18T06:41:55.000Z","Id":"0011r00001nogeMAAQ","LastModifiedById":"0051r000007Oz5QAAS","SystemModstamp":"2018-04-18T06:41:55.000Z","Name":"CuentaPadre"}}|0xc0f01f3
08:41:55.0 (315825827)|HEAP_ALLOCATE|[5]|Bytes:5
08:41:55.0 (315836617)|STATEMENT_EXECUTE|[3]
08:41:55.0 (315901148)|STATEMENT_EXECUTE|[5]
08:41:55.0 (315903837)|STATEMENT_EXECUTE|[8]
08:41:55.0 (315918699)|HEAP_ALLOCATE|[8]|Bytes:4
08:41:55.0 (315946283)|VARIABLE_SCOPE_BEGIN|[8]|listAccountIds|List<String>|true|false
08:41:55.0 (315970203)|HEAP_ALLOCATE|[EXTERNAL]|Bytes:4
08:41:55.0 (315981289)|VARIABLE_ASSIGNMENT|[8]|listAccountIds|[]|0x653744d
08:41:55.0 (315987855)|STATEMENT_EXECUTE|[9]
08:41:55.0 (316018644)|HEAP_ALLOCATE|[9]|Bytes:4
08:41:55.0 (316043125)|VARIABLE_SCOPE_BEGIN|[9]|mapAccountParent|Map<String,Account>|true|false
08:41:55.0 (316058580)|VARIABLE_ASSIGNMENT|[9]|mapAccountParent|{}|0x5dc3f1df
08:41:55.0 (316167479)|HEAP_ALLOCATE|[11]|Bytes:5
08:41:55.0 (316185026)|HEAP_ALLOCATE|[11]|Bytes:4
08:41:55.0 (316192979)|VARIABLE_SCOPE_BEGIN|[11]|inAccount|Account|true|false
08:41:55.0 (316557518)|VARIABLE_ASSIGNMENT|[11]|inAccount|{"LastModifiedDate":"2018-04-18T06:41:55.000Z","IsDeleted":false,"CleanStatus":"Pending","Fecha_ultima_activid (18 more) ...":"2020-01-11T00:00:00.000Z","OwnerId":"0051r000007Oz5QAAS","CreatedById":"0051r000007Oz5QAAS","Match_Billing_Addres (4 more) ...":false,"CreatedDate":"2018-04-18T06:41:55.000Z","Id":"0011r00001nogeMAAQ","LastModifiedById":"0051r000007Oz5QAAS","SystemModstamp":"2018-04-18T06:41:55.000Z","Name":"CuentaPadre"}|0x616a2f11
08:41:55.0 (316572576)|STATEMENT_EXECUTE|[11]
08:41:55.0 (316663368)|STATEMENT_EXECUTE|[12]
08:41:55.0 (316667234)|STATEMENT_EXECUTE|[13]
08:41:55.0 (316720058)|HEAP_ALLOCATE|[EXTERNAL]|Bytes:4
08:41:55.0 (316737052)|STATEMENT_EXECUTE|[14]
08:41:55.0 (316790754)|HEAP_ALLOCATE|[EXTERNAL]|Bytes:-4
08:41:55.0 (316810944)|HEAP_ALLOCATE|[11]|Bytes:5
08:41:55.0 (316825572)|VARIABLE_ASSIGNMENT|[11]|inAccount|null|
08:41:55.0 (316831190)|STATEMENT_EXECUTE|[19]
08:41:55.0 (316835236)|HEAP_ALLOCATE|[19]|Bytes:99
08:41:55.0 (316847803)|HEAP_ALLOCATE|[19]|Bytes:4
08:41:55.0 (317117621)|SOQL_EXECUTE_BEGIN|[19]|Aggregations:0|SELECT Id, Fecha_ultima_actividad_mas_reciente__c, ParentId FROM Account WHERE ParentId IN :tmpVar1
08:41:55.0 (321446831)|SOQL_EXECUTE_END|[19]|Rows:1
08:41:55.0 (321468939)|HEAP_ALLOCATE|[19]|Bytes:8
08:41:55.0 (321502253)|HEAP_ALLOCATE|[19]|Bytes:105
08:41:55.0 (321531313)|HEAP_ALLOCATE|[19]|Bytes:8
08:41:55.0 (321542167)|VARIABLE_SCOPE_BEGIN|[19]|listAccountChild|List<Account>|true|false
08:41:55.0 (321571396)|VARIABLE_ASSIGNMENT|[19]|listAccountChild|[{"Id":"0011r00001nogeNAAQ","Fecha_ultima_activid (18 more) ...":"2018-01-11T00:00:00.000Z","ParentId":"0011r00001nogeMAAQ"}]|0x7f8469bf
08:41:55.0 (321627090)|HEAP_ALLOCATE|[22]|Bytes:5
08:41:55.0 (321643172)|HEAP_ALLOCATE|[22]|Bytes:16
08:41:55.0 (321652409)|VARIABLE_SCOPE_BEGIN|[22]|inAccount|Account|true|false
08:41:55.0 (321680343)|VARIABLE_ASSIGNMENT|[22]|inAccount|{"Id":"0011r00001nogeNAAQ","Fecha_ultima_activid (18 more) ...":"2018-01-11T00:00:00.000Z","ParentId":"0011r00001nogeMAAQ"}|0x30d4514c
08:41:55.0 (321693138)|STATEMENT_EXECUTE|[22]
08:41:55.0 (321696289)|STATEMENT_EXECUTE|[23]
08:41:55.0 (321821622)|VARIABLE_ASSIGNMENT|[23]|this.Fecha_ultima_actividad_mas_reciente__c|"2020-01-11T00:00:00.000Z"|0x30d4514c
08:41:55.0 (321840197)|HEAP_ALLOCATE|[22]|Bytes:5
08:41:55.0 (321854144)|VARIABLE_ASSIGNMENT|[22]|inAccount|null|
08:41:55.0 (321860046)|STATEMENT_EXECUTE|[26]
08:41:55.0 (321896586)|DML_BEGIN|[26]|Op:Update|Type:Account|Rows:1
08:41:55.0 (321919516)|HEAP_ALLOCATE|[EXTERNAL]|Bytes:8
08:41:55.0 (326657670)|CODE_UNIT_STARTED|[EXTERNAL]|01q1r000000j8Jg|AccountTrigger on Account trigger event BeforeUpdate
08:41:55.0 (326696324)|HEAP_ALLOCATE|[EXTERNAL]|Bytes:8
08:41:55.0 (326724197)|HEAP_ALLOCATE|[EXTERNAL]|Bytes:8
08:41:55.0 (326767522)|HEAP_ALLOCATE|[EXTERNAL]|Bytes:12
08:41:55.0 (326775465)|VARIABLE_SCOPE_BEGIN|[1]|this|AccountTrigger|true|false
08:41:55.0 (326796111)|VARIABLE_ASSIGNMENT|[1]|this|{}|0x7750d71b
08:41:55.0 (326825629)|HEAP_ALLOCATE|[EXTERNAL]|Bytes:12
08:41:55.0 (326831865)|VARIABLE_SCOPE_BEGIN|[1]|this|AccountTrigger|true|false
08:41:55.0 (326843432)|VARIABLE_ASSIGNMENT|[1]|this|{}|0x7750d71b
08:41:55.0 (326850873)|STATEMENT_EXECUTE|[1]
08:41:55.0 (326853057)|STATEMENT_EXECUTE|[3]
08:41:55.0 (327295671)|VARIABLE_ASSIGNMENT|[3]|this.listNew|[{"ParentId":"0011r00001nogeMAAQ","LastModifiedDate":"2018-04-18T06:41:55.000Z","IsDeleted":false,"Fecha_ultima_activid (18 more) ...":"2020-01-11T00:00:00.000Z","SystemModstamp":"2018-04-18T06:41:55.000Z","Name":"Cuenta","CleanStatus":"Pending","OwnerId":"0051r000007Oz5QAAS","CreatedById":"0051r000007Oz5QAAS","Match_Billing_Addres (4 more) ...":false,"LastActivityDate":"2020-01-11T00:00:00.000Z","CreatedDate":"2018-04-18T06:41:55.000Z","Id":"0011r00001nogeNAAQ","LastModifiedById":"0051r000007Oz5QAAS"}]|0x7750d71b
08:41:55.0 (327312045)|STATEMENT_EXECUTE|[5]
08:41:55.0 (327702189)|VARIABLE_ASSIGNMENT|[5]|this.mapOld|{"0011r00001nogeNAAQ":{"ParentId":"0011r00001nogeMAAQ","LastModifiedDate":"2018-04-18T06:41:55.000Z","IsDeleted":false,"Fecha_ultima_activid (18 more) ...":"2018-01-11T00:00:00.000Z","SystemModstamp":"2018-04-18T06:41:55.000Z","Name":"Cuenta","CleanStatus":"Pending","OwnerId":"0051r000007Oz5QAAS","CreatedById":"0051r000007Oz5QAAS","Match_Billing_Addres (4 more) ...":false,"CreatedDate":"2018-04-18T06:41:55.000Z","Id":"0011r00001nogeNAAQ","LastModifiedById":"0051r000007Oz5QAAS"}}|0x7750d71b
08:41:55.0 (327720874)|STATEMENT_EXECUTE|[7]
08:41:55.0 (327724355)|STATEMENT_EXECUTE|[8]
08:41:55.0 (327726335)|STATEMENT_EXECUTE|[9]
08:41:55.0 (327736992)|METHOD_ENTRY|[9]|01p1r000009p8Bf|AccountMethods.ActualizarCuentaHija(List<Account>, Map<Id,Account>)
08:41:55.0 (327745316)|VARIABLE_SCOPE_BEGIN|[3]|listAccount|List<Account>|true|false
08:41:55.0 (328583699)|VARIABLE_ASSIGNMENT|[3]|listAccount|[{"ParentId":"0011r00001nogeMAAQ","LastModifiedDate":"2018-04-18T06:41:55.000Z","IsDeleted":false,"Fecha_ultima_activid (18 more) ...":"2020-01-11T00:00:00.000Z","SystemModstamp":"2018-04-18T06:41:55.000Z","Name":"Cuenta","CleanStatus":"Pending","OwnerId":"0051r000007Oz5QAAS","CreatedById":"0051r000007Oz5QAAS","Match_Billing_Addres (4 more) ...":false,"LastActivityDate":"2020-01-11T00:00:00.000Z","CreatedDate":"2018-04-18T06:41:55.000Z","Id":"0011r00001nogeNAAQ","LastModifiedById":"0051r000007Oz5QAAS"}]|0x5153ee88
08:41:55.0 (328604046)|VARIABLE_SCOPE_BEGIN|[3]|mapOld|Map<Id,Account>|true|false
08:41:55.0 (330007478)|VARIABLE_ASSIGNMENT|[3]|mapOld|{"0011r00001nogeNAAQ":{"ParentId":"0011r00001nogeMAAQ","LastModifiedDate":"2018-04-18T06:41:55.000Z","IsDeleted":false,"Fecha_ultima_activid (18 more) ...":"2018-01-11T00:00:00.000Z","SystemModstamp":"2018-04-18T06:41:55.000Z","Name":"Cuenta","CleanStatus":"Pending","OwnerId":"0051r000007Oz5QAAS","CreatedById":"0051r000007Oz5QAAS","Match_Billing_Addres (4 more) ...":false,"CreatedDate":"2018-04-18T06:41:55.000Z","Id":"0011r00001nogeNAAQ","LastModifiedById":"0051r000007Oz5QAAS"}}|0x626b5c9
08:41:55.0 (330053204)|HEAP_ALLOCATE|[5]|Bytes:5
08:41:55.0 (330063626)|STATEMENT_EXECUTE|[3]
08:41:55.0 (330084160)|STATEMENT_EXECUTE|[5]
08:41:55.0 (330087246)|STATEMENT_EXECUTE|[8]
08:41:55.0 (330099994)|HEAP_ALLOCATE|[8]|Bytes:4
08:41:55.0 (330119329)|VARIABLE_SCOPE_BEGIN|[8]|listAccountIds|List<String>|true|false
08:41:55.0 (330150908)|HEAP_ALLOCATE|[EXTERNAL]|Bytes:4
08:41:55.0 (330163972)|VARIABLE_ASSIGNMENT|[8]|listAccountIds|[]|0x49bb4ec2
08:41:55.0 (330174079)|STATEMENT_EXECUTE|[9]
08:41:55.0 (330195573)|HEAP_ALLOCATE|[9]|Bytes:4
08:41:55.0 (330207100)|VARIABLE_SCOPE_BEGIN|[9]|mapAccountParent|Map<String,Account>|true|false
08:41:55.0 (330226952)|VARIABLE_ASSIGNMENT|[9]|mapAccountParent|{}|0x38a2a0e1
08:41:55.0 (330260569)|HEAP_ALLOCATE|[11]|Bytes:5
08:41:55.0 (330281384)|HEAP_ALLOCATE|[11]|Bytes:4
08:41:55.0 (330292955)|VARIABLE_SCOPE_BEGIN|[11]|inAccount|Account|true|false
08:41:55.0 (330912937)|VARIABLE_ASSIGNMENT|[11]|inAccount|{"ParentId":"0011r00001nogeMAAQ","LastModifiedDate":"2018-04-18T06:41:55.000Z","IsDeleted":false,"Fecha_ultima_activid (18 more) ...":"2020-01-11T00:00:00.000Z","SystemModstamp":"2018-04-18T06:41:55.000Z","Name":"Cuenta","CleanStatus":"Pending","OwnerId":"0051r000007Oz5QAAS","CreatedById":"0051r000007Oz5QAAS","Match_Billing_Addres (4 more) ...":false,"LastActivityDate":"2020-01-11T00:00:00.000Z","CreatedDate":"2018-04-18T06:41:55.000Z","Id":"0011r00001nogeNAAQ","LastModifiedById":"0051r000007Oz5QAAS"}|0x76cb3ed3
08:41:55.0 (330932137)|STATEMENT_EXECUTE|[11]
08:41:55.0 (330941869)|STATEMENT_EXECUTE|[12]
08:41:55.0 (330959935)|HEAP_ALLOCATE|[11]|Bytes:5
08:41:55.0 (330977594)|VARIABLE_ASSIGNMENT|[11]|inAccount|null|
08:41:55.0 (330983208)|STATEMENT_EXECUTE|[19]
08:41:55.0 (330996633)|HEAP_ALLOCATE|[19]|Bytes:4
08:41:55.0 (331217038)|SOQL_EXECUTE_BEGIN|[19]|Aggregations:0|SELECT Id, Fecha_ultima_actividad_mas_reciente__c, ParentId FROM Account WHERE ParentId IN :tmpVar1
08:41:55.0 (333426442)|SOQL_EXECUTE_END|[19]|Rows:0
08:41:55.0 (333449348)|HEAP_ALLOCATE|[19]|Bytes:4
08:41:55.0 (333461575)|HEAP_ALLOCATE|[19]|Bytes:0
08:41:55.0 (333488397)|HEAP_ALLOCATE|[19]|Bytes:4
08:41:55.0 (333498904)|VARIABLE_SCOPE_BEGIN|[19]|listAccountChild|List<Account>|true|false
08:41:55.0 (333512758)|VARIABLE_ASSIGNMENT|[19]|listAccountChild|[]|0x67107d68
08:41:55.0 (333538603)|HEAP_ALLOCATE|[22]|Bytes:5
08:41:55.0 (333551871)|VARIABLE_ASSIGNMENT|[22]|inAccount|null|
08:41:55.0 (333558460)|STATEMENT_EXECUTE|[22]
08:41:55.0 (333560680)|STATEMENT_EXECUTE|[26]
08:41:55.0 (333591264)|HEAP_ALLOCATE|[EXTERNAL]|Bytes:4
08:41:55.0 (333603541)|METHOD_EXIT|[9]|01p1r000009p8Bf|AccountMethods.ActualizarCuentaHija(List<Account>, Map<Id,Account>)
08:41:55.333 (333613511)|CUMULATIVE_LIMIT_USAGE
08:41:55.333 (333613511)|LIMIT_USAGE_FOR_NS|(default)|
  Number of SOQL queries: 4 out of 100
  Number of query rows: 2 out of 50000
  Number of SOSL queries: 0 out of 20
  Number of DML statements: 7 out of 150
  Number of DML rows: 7 out of 10000
  Maximum CPU time: 0 out of 10000
  Maximum heap size: 0 out of 6000000
  Number of callouts: 0 out of 100
  Number of Email Invocations: 0 out of 10
  Number of future calls: 0 out of 50
  Number of queueable jobs added to the queue: 0 out of 50
  Number of Mobile Apex push calls: 0 out of 10

08:41:55.333 (333613511)|CUMULATIVE_LIMIT_USAGE_END

08:41:55.0 (334393556)|CODE_UNIT_FINISHED|AccountTrigger on Account trigger event BeforeUpdate
08:41:55.0 (335323835)|CODE_UNIT_STARTED|[EXTERNAL]|DuplicateDetector
08:41:55.0 (335337814)|DUPLICATE_DETECTION_BEGIN
08:41:55.0 (335381915)|DUPLICATE_DETECTION_RULE_INVOCATION|DuplicateRuleId:0Bm1r0000018X88|DuplicateRuleName:Standard Account Duplicate Rule|DmlType:UPDATE
08:41:55.0 (335415271)|DUPLICATE_DETECTION_END
08:41:55.0 (335419392)|CODE_UNIT_FINISHED|DuplicateDetector
08:41:55.0 (348347159)|DML_END|[26]
08:41:55.0 (348380136)|HEAP_ALLOCATE|[EXTERNAL]|Bytes:8
08:41:55.0 (348402364)|METHOD_EXIT|[9]|01p1r000009p8Bf|AccountMethods.ActualizarCuentaHija(List<Account>, Map<Id,Account>)
08:41:55.348 (348414185)|CUMULATIVE_LIMIT_USAGE
08:41:55.348 (348414185)|LIMIT_USAGE_FOR_NS|(default)|
  Number of SOQL queries: 4 out of 100
  Number of query rows: 2 out of 50000
  Number of SOSL queries: 0 out of 20
  Number of DML statements: 7 out of 150
  Number of DML rows: 7 out of 10000
  Maximum CPU time: 0 out of 10000
  Maximum heap size: 0 out of 6000000
  Number of callouts: 0 out of 100
  Number of Email Invocations: 0 out of 10
  Number of future calls: 0 out of 50
  Number of queueable jobs added to the queue: 0 out of 50
  Number of Mobile Apex push calls: 0 out of 10

08:41:55.348 (348414185)|CUMULATIVE_LIMIT_USAGE_END

08:41:55.0 (349230712)|CODE_UNIT_FINISHED|AccountTrigger on Account trigger event BeforeUpdate
08:41:55.0 (350111451)|CODE_UNIT_STARTED|[EXTERNAL]|DuplicateDetector
08:41:55.0 (350124485)|DUPLICATE_DETECTION_BEGIN
08:41:55.0 (350159760)|DUPLICATE_DETECTION_RULE_INVOCATION|DuplicateRuleId:0Bm1r0000018X88|DuplicateRuleName:Standard Account Duplicate Rule|DmlType:UPDATE
08:41:55.0 (350187741)|DUPLICATE_DETECTION_END
08:41:55.0 (350191488)|CODE_UNIT_FINISHED|DuplicateDetector
08:41:55.0 (357318080)|DML_END|[48]
08:41:55.0 (357340600)|HEAP_ALLOCATE|[EXTERNAL]|Bytes:8
08:41:55.0 (357356646)|SYSTEM_MODE_EXIT|false
08:41:55.0 (357369495)|METHOD_EXIT|[9]|01p1r000009oS6S|TaskMethods.CerrarTarea(List<Task>, Map<Id,Task>)
08:41:55.357 (357379669)|CUMULATIVE_LIMIT_USAGE
08:41:55.357 (357379669)|LIMIT_USAGE_FOR_NS|(default)|
  Number of SOQL queries: 4 out of 100
  Number of query rows: 2 out of 50000
  Number of SOSL queries: 0 out of 20
  Number of DML statements: 7 out of 150
  Number of DML rows: 7 out of 10000
  Maximum CPU time: 0 out of 10000
  Maximum heap size: 0 out of 6000000
  Number of callouts: 0 out of 100
  Number of Email Invocations: 0 out of 10
  Number of future calls: 0 out of 50
  Number of queueable jobs added to the queue: 0 out of 50
  Number of Mobile Apex push calls: 0 out of 10

08:41:55.357 (357379669)|CUMULATIVE_LIMIT_USAGE_END

08:41:55.0 (358497803)|CODE_UNIT_FINISHED|TaskTrigger on Task trigger event AfterUpdate
08:41:55.0 (358939639)|DML_END|[39]
08:41:55.0 (358960127)|HEAP_ALLOCATE|[EXTERNAL]|Bytes:8
08:41:55.0 (358973498)|STATEMENT_EXECUTE|[41]
08:41:55.0 (358980930)|HEAP_ALLOCATE|[41]|Bytes:82
08:41:55.0 (359002210)|HEAP_ALLOCATE|[41]|Bytes:4
08:41:55.0 (359235808)|SOQL_EXECUTE_BEGIN|[41]|Aggregations:0|SELECT Id, Fecha_ultima_actividad_mas_reciente__c FROM Account WHERE Id = :tmpVar1
08:41:55.0 (362472446)|SOQL_EXECUTE_END|[41]|Rows:1
08:41:55.0 (362495818)|HEAP_ALLOCATE|[41]|Bytes:8
08:41:55.0 (362515978)|HEAP_ALLOCATE|[41]|Bytes:75
08:41:55.0 (362548751)|HEAP_ALLOCATE|[41]|Bytes:8
08:41:55.0 (362562428)|VARIABLE_SCOPE_BEGIN|[41]|listAccountCheck|List<Account>|true|false
08:41:55.0 (362611569)|VARIABLE_ASSIGNMENT|[41]|listAccountCheck|[{"Id":"0011r00001nogeMAAQ","Fecha_ultima_activid (18 more) ...":"2020-01-11T00:00:00.000Z"}]|0x2054782e
08:41:55.0 (362621685)|STATEMENT_EXECUTE|[43]
08:41:55.0 (362696829)|USER_DEBUG|[43]|DEBUG|(Account:{Id=0011r00001nogeMAAQ, Fecha_ultima_actividad_mas_reciente__c=2020-01-11 00:00:00})
08:41:55.0 (362711056)|STATEMENT_EXECUTE|[45]
08:41:55.0 (362763414)|HEAP_ALLOCATE|[45]|Bytes:12
08:41:55.0 (362795494)|HEAP_ALLOCATE|[45]|Bytes:28
08:41:55.0 (362827745)|STATEMENT_EXECUTE|[50]
08:41:55.0 (362846936)|HEAP_ALLOCATE|[50]|Bytes:4
08:41:55.0 (362861358)|HEAP_ALLOCATE|[50]|Bytes:5
08:41:55.0 (362893009)|VARIABLE_ASSIGNMENT|[50]|this.Subject|"Task2"|0x3267d2f3
08:41:55.0 (362913965)|VARIABLE_ASSIGNMENT|[50]|this.Priority|"Normal"|0x3267d2f3
08:41:55.0 (362920709)|HEAP_ALLOCATE|[52]|Bytes:11
08:41:55.0 (362933407)|VARIABLE_ASSIGNMENT|[50]|this.Status|"in Progress"|0x3267d2f3
08:41:55.0 (362965505)|VARIABLE_ASSIGNMENT|[50]|this.WhatId|"0061r00000vkbj4AAA"|0x3267d2f3
08:41:55.0 (363016753)|HEAP_ALLOCATE|[54]|Bytes:4
08:41:55.0 (363049284)|VARIABLE_ASSIGNMENT|[50]|this.ActivityDate|"2022-01-11T00:00:00.000Z"|0x3267d2f3
08:41:55.0 (363080181)|VARIABLE_SCOPE_BEGIN|[50]|oTask2|Task|true|false
08:41:55.0 (363102112)|VARIABLE_ASSIGNMENT|[50]|oTask2|{"Subject":"Task2","Priority":"Normal","Status":"in Progress","WhatId":"0061r00000vkbj4AAA","ActivityDate":"2022-01-11T00:00:00.000Z"}|0x3267d2f3
08:41:55.0 (363109382)|STATEMENT_EXECUTE|[56]
08:41:55.0 (363134908)|HEAP_ALLOCATE|[EXTERNAL]|Bytes:4
08:41:55.0 (363143248)|STATEMENT_EXECUTE|[58]
08:41:55.0 (363184931)|DML_BEGIN|[58]|Op:Upsert|Type:Task|Rows:2
08:41:55.0 (363217089)|HEAP_ALLOCATE|[EXTERNAL]|Bytes:12
08:41:55.0 (390543191)|CODE_UNIT_STARTED|[EXTERNAL]|01q1r000000j6Yv|TaskTrigger on Task trigger event AfterUpdate
08:41:55.0 (390589576)|HEAP_ALLOCATE|[EXTERNAL]|Bytes:8
08:41:55.0 (390629450)|HEAP_ALLOCATE|[EXTERNAL]|Bytes:8
08:41:55.0 (390677797)|HEAP_ALLOCATE|[EXTERNAL]|Bytes:12
08:41:55.0 (390688438)|VARIABLE_SCOPE_BEGIN|[1]|this|TaskTrigger|true|false
08:41:55.0 (390721358)|VARIABLE_ASSIGNMENT|[1]|this|{}|0x2bea398d
08:41:55.0 (390755110)|HEAP_ALLOCATE|[EXTERNAL]|Bytes:12
08:41:55.0 (390768949)|VARIABLE_SCOPE_BEGIN|[1]|this|TaskTrigger|true|false
08:41:55.0 (390781294)|VARIABLE_ASSIGNMENT|[1]|this|{}|0x2bea398d
08:41:55.0 (390790882)|STATEMENT_EXECUTE|[1]
08:41:55.0 (390793407)|STATEMENT_EXECUTE|[3]
08:41:55.0 (391713911)|VARIABLE_ASSIGNMENT|[3]|this.listNew|[{"Status":"Completed","LastModifiedDate":"2018-04-18T06:41:55.000Z","IsDeleted":false,"AccountId":"0011r00001nogeNAAQ","WhatId":"0011r00001nogeNAAQ","ActivityDate":"2020-01-11T00:00:00.000Z","Priority":"Normal","IsHighPriority":false,"IsClosed":true,"IsRecurrence":false,"Subject":"Task","SystemModstamp":"2018-04-18T06:41:55.000Z","IsArchived":false,"CreatedById":"0051r000007Oz5QAAS","TaskSubtype":"Task","OwnerId":"0051r000007Oz5QAAS","CreatedDate":"2018-04-18T06:41:55.000Z","Id":"00T1r00004CPNuQEAX","DB_Activity_Type__c":"Other","IsReminderSet":false,"LastModifiedById":"0051r000007Oz5QAAS"}]|0x2bea398d
08:41:55.0 (391732070)|STATEMENT_EXECUTE|[5]
08:41:55.0 (392546908)|VARIABLE_ASSIGNMENT|[5]|this.mapOld|{"00T1r00004CPNuQEAX":{"Status":"Completed","LastModifiedDate":"2018-04-18T06:41:55.000Z","IsDeleted":false,"AccountId":"0011r00001nogeNAAQ","WhatId":"0011r00001nogeNAAQ","ActivityDate":"2020-01-11T00:00:00.000Z","Priority":"Normal","IsHighPriority":false,"IsClosed":true,"IsRecurrence":false,"Subject":"Task","SystemModstamp":"2018-04-18T06:41:55.000Z","IsArchived":false,"CreatedById":"0051r000007Oz5QAAS","TaskSubtype":"Task","OwnerId":"0051r000007Oz5QAAS","CreatedDate":"2018-04-18T06:41:55.000Z","Id":"00T1r00004CPNuQEAX","DB_Activity_Type__c":"Other","IsReminderSet":false,"LastModifiedById":"0051r000007Oz5QAAS"}}|0x2bea398d
08:41:55.0 (392570574)|STATEMENT_EXECUTE|[7]
08:41:55.0 (392575452)|STATEMENT_EXECUTE|[8]
08:41:55.0 (392577130)|STATEMENT_EXECUTE|[9]
08:41:55.0 (392591996)|METHOD_ENTRY|[9]|01p1r000009oS6S|TaskMethods.CerrarTarea(List<Task>, Map<Id,Task>)
08:41:55.0 (392601848)|VARIABLE_SCOPE_BEGIN|[3]|listTask|List<Task>|true|false
08:41:55.0 (393095613)|VARIABLE_ASSIGNMENT|[3]|listTask|[{"Status":"Completed","LastModifiedDate":"2018-04-18T06:41:55.000Z","IsDeleted":false,"AccountId":"0011r00001nogeNAAQ","WhatId":"0011r00001nogeNAAQ","ActivityDate":"2020-01-11T00:00:00.000Z","Priority":"Normal","IsHighPriority":false,"IsClosed":true,"IsRecurrence":false,"Subject":"Task","SystemModstamp":"2018-04-18T06:41:55.000Z","IsArchived":false,"CreatedById":"0051r000007Oz5QAAS","TaskSubtype":"Task","OwnerId":"0051r000007Oz5QAAS","CreatedDate":"2018-04-18T06:41:55.000Z","Id":"00T1r00004CPNuQEAX","DB_Activity_Type__c":"Other","IsReminderSet":false,"LastModifiedById":"0051r000007Oz5QAAS"}]|0x1dff325a
08:41:55.0 (393109842)|VARIABLE_SCOPE_BEGIN|[3]|mapTaskOld|Map<Id,Task>|true|false
08:41:55.0 (393583633)|VARIABLE_ASSIGNMENT|[3]|mapTaskOld|{"00T1r00004CPNuQEAX":{"Status":"Completed","LastModifiedDate":"2018-04-18T06:41:55.000Z","IsDeleted":false,"AccountId":"0011r00001nogeNAAQ","WhatId":"0011r00001nogeNAAQ","ActivityDate":"2020-01-11T00:00:00.000Z","Priority":"Normal","IsHighPriority":false,"IsClosed":true,"IsRecurrence":false,"Subject":"Task","SystemModstamp":"2018-04-18T06:41:55.000Z","IsArchived":false,"CreatedById":"0051r000007Oz5QAAS","TaskSubtype":"Task","OwnerId":"0051r000007Oz5QAAS","CreatedDate":"2018-04-18T06:41:55.000Z","Id":"00T1r00004CPNuQEAX","DB_Activity_Type__c":"Other","IsReminderSet":false,"LastModifiedById":"0051r000007Oz5QAAS"}}|0x22fc419c
08:41:55.0 (394062313)|SYSTEM_MODE_ENTER|false
08:41:55.0 (394075683)|HEAP_ALLOCATE|[5]|Bytes:5
08:41:55.0 (394084423)|STATEMENT_EXECUTE|[3]
08:41:55.0 (394103739)|STATEMENT_EXECUTE|[5]
08:41:55.0 (394105789)|STATEMENT_EXECUTE|[8]
08:41:55.0 (394124006)|HEAP_ALLOCATE|[8]|Bytes:4
08:41:55.0 (394138729)|VARIABLE_SCOPE_BEGIN|[8]|listAcUpdate|List<Account>|true|false
08:41:55.0 (394147740)|HEAP_ALLOCATE|[EXTERNAL]|Bytes:4
08:41:55.0 (394156818)|VARIABLE_ASSIGNMENT|[8]|listAcUpdate|[]|0x1cbde5df
08:41:55.0 (394162955)|STATEMENT_EXECUTE|[11]
08:41:55.0 (394171696)|HEAP_ALLOCATE|[11]|Bytes:4
08:41:55.0 (394183979)|VARIABLE_SCOPE_BEGIN|[11]|setTaskIds|Set<String>|true|false
08:41:55.0 (394205245)|VARIABLE_ASSIGNMENT|[11]|setTaskIds|[]|0x66619194
08:41:55.0 (394229371)|HEAP_ALLOCATE|[13]|Bytes:5
08:41:55.0 (394248171)|VARIABLE_SCOPE_BEGIN|[13]|inTask|Task|true|false
08:41:55.0 (394389835)|VARIABLE_ASSIGNMENT|[13]|inTask|{"Status":"Completed","LastModifiedDate":"2018-04-18T06:41:55.000Z","IsDeleted":false,"AccountId":"0011r00001nogeNAAQ","WhatId":"0011r00001nogeNAAQ","ActivityDate":"2020-01-11T00:00:00.000Z","Priority":"Normal","IsHighPriority":false,"IsClosed":true,"IsRecurrence":false,"Subject":"Task","SystemModstamp":"2018-04-18T06:41:55.000Z","IsArchived":false,"CreatedById":"0051r000007Oz5QAAS","TaskSubtype":"Task","OwnerId":"0051r000007Oz5QAAS","CreatedDate":"2018-04-18T06:41:55.000Z","Id":"00T1r00004CPNuQEAX","DB_Activity_Type__c":"Other","IsReminderSet":false,"LastModifiedById":"0051r000007Oz5QAAS"}|0x2e802e0
08:41:55.0 (394405410)|STATEMENT_EXECUTE|[13]
08:41:55.0 (394443187)|STATEMENT_EXECUTE|[14]
08:41:55.0 (394453787)|HEAP_ALLOCATE|[13]|Bytes:5
08:41:55.0 (394466763)|VARIABLE_ASSIGNMENT|[13]|inTask|null|
08:41:55.0 (394472772)|STATEMENT_EXECUTE|[20]
08:41:55.0 (394485524)|HEAP_ALLOCATE|[20]|Bytes:4
08:41:55.0 (394505195)|HEAP_ALLOCATE|[20]|Bytes:4
08:41:55.0 (394531584)|HEAP_ALLOCATE|[20]|Bytes:4
08:41:55.0 (394539655)|HEAP_ALLOCATE|[20]|Bytes:4
08:41:55.0 (395046169)|SOQL_EXECUTE_BEGIN|[20]|Aggregations:0|SELECT WhatId, ActivityDate, TYPEOF What WHEN Account THEN Id, Parent.Fecha_ultima_actividad_mas_reciente__c WHEN Opportunity THEN Account.Parent.Fecha_ultima_actividad_mas_reciente__c END FROM Task WHERE Id = :tmpVar1
08:41:55.0 (396716697)|SOQL_EXECUTE_END|[20]|Rows:0
08:41:55.0 (396740040)|HEAP_ALLOCATE|[20]|Bytes:4
08:41:55.0 (396765436)|HEAP_ALLOCATE|[20]|Bytes:0
08:41:55.0 (396793444)|HEAP_ALLOCATE|[20]|Bytes:4
08:41:55.0 (396812007)|HEAP_ALLOCATE|[20]|Bytes:0
08:41:55.0 (396820499)|VARIABLE_SCOPE_BEGIN|[20]|listTaskType|List<Task>|true|false
08:41:55.0 (396829733)|HEAP_ALLOCATE|[EXTERNAL]|Bytes:4
08:41:55.0 (396839179)|VARIABLE_ASSIGNMENT|[20]|listTaskType|[]|0x196f4cbd
08:41:55.0 (396847160)|STATEMENT_EXECUTE|[28]
08:41:55.0 (396873137)|HEAP_ALLOCATE|[28]|Bytes:2
08:41:55.0 (396885670)|HEAP_ALLOCATE|[28]|Bytes:42
08:41:55.0 (396898568)|USER_DEBUG|[28]|DEBUG|TaskMethods.CerrarTarea.listTaskType :: ()
08:41:55.0 (396921580)|HEAP_ALLOCATE|[31]|Bytes:5
08:41:55.0 (396935343)|VARIABLE_ASSIGNMENT|[31]|inTask|null|
08:41:55.0 (396941807)|STATEMENT_EXECUTE|[31]
08:41:55.0 (396943776)|STATEMENT_EXECUTE|[47]
08:41:55.0 (396954741)|HEAP_ALLOCATE|[47]|Bytes:2
08:41:55.0 (396964886)|HEAP_ALLOCATE|[47]|Bytes:15
08:41:55.0 (396971739)|USER_DEBUG|[47]|DEBUG|listAcUpdate ()
08:41:55.0 (396978863)|STATEMENT_EXECUTE|[48]
08:41:55.0 (397016553)|HEAP_ALLOCATE|[EXTERNAL]|Bytes:4
08:41:55.0 (397026555)|SYSTEM_MODE_EXIT|false
08:41:55.0 (397036124)|METHOD_EXIT|[9]|01p1r000009oS6S|TaskMethods.CerrarTarea(List<Task>, Map<Id,Task>)
08:41:55.397 (397045360)|CUMULATIVE_LIMIT_USAGE
08:41:55.397 (397045360)|LIMIT_USAGE_FOR_NS|(default)|
  Number of SOQL queries: 6 out of 100
  Number of query rows: 3 out of 50000
  Number of SOSL queries: 0 out of 20
  Number of DML statements: 8 out of 150
  Number of DML rows: 9 out of 10000
  Maximum CPU time: 0 out of 10000
  Maximum heap size: 0 out of 6000000
  Number of callouts: 0 out of 100
  Number of Email Invocations: 0 out of 10
  Number of future calls: 0 out of 50
  Number of queueable jobs added to the queue: 0 out of 50
  Number of Mobile Apex push calls: 0 out of 10

08:41:55.397 (397045360)|CUMULATIVE_LIMIT_USAGE_END

08:41:55.0 (398523959)|CODE_UNIT_FINISHED|TaskTrigger on Task trigger event AfterUpdate
08:41:55.0 (399014564)|DML_END|[58]
08:41:55.0 (399060624)|HEAP_ALLOCATE|[EXTERNAL]|Bytes:12
08:41:55.0 (399118428)|HEAP_ALLOCATE|[60]|Bytes:5
08:41:55.0 (399133481)|HEAP_ALLOCATE|[60]|Bytes:28
08:41:55.0 (399141137)|VARIABLE_SCOPE_BEGIN|[60]|inTask|Task|true|false
08:41:55.0 (399170143)|VARIABLE_ASSIGNMENT|[60]|inTask|{"Subject":"Task","Priority":"Normal","Status":"Completed","WhatId":"0011r00001nogeNAAQ","ActivityDate":"2020-01-11T00:00:00.000Z","Id":"00T1r00004CPNuQEAX"}|0x4763d3ee
08:41:55.0 (399179916)|STATEMENT_EXECUTE|[60]
08:41:55.0 (399182102)|STATEMENT_EXECUTE|[61]
08:41:55.0 (399227551)|VARIABLE_ASSIGNMENT|[61]|this.Status|"Completed"|0x4763d3ee
08:41:55.0 (399243558)|HEAP_ALLOCATE|[60]|Bytes:5
08:41:55.0 (399254840)|HEAP_ALLOCATE|[60]|Bytes:28
08:41:55.0 (399261334)|VARIABLE_SCOPE_BEGIN|[60]|inTask|Task|true|false
08:41:55.0 (399281421)|VARIABLE_ASSIGNMENT|[60]|inTask|{"Subject":"Task2","Priority":"Normal","Status":"in Progress","WhatId":"0061r00000vkbj4AAA","ActivityDate":"2022-01-11T00:00:00.000Z","Id":"00T1r00004CPNuREAX"}|0x3267d2f3
08:41:55.0 (399289077)|STATEMENT_EXECUTE|[60]
08:41:55.0 (399290942)|STATEMENT_EXECUTE|[61]
08:41:55.0 (399310929)|VARIABLE_ASSIGNMENT|[61]|this.Status|"Completed"|0x3267d2f3
08:41:55.0 (399323813)|HEAP_ALLOCATE|[60]|Bytes:5
08:41:55.0 (399334738)|VARIABLE_ASSIGNMENT|[60]|inTask|null|
08:41:55.0 (399340085)|STATEMENT_EXECUTE|[64]
08:41:55.0 (399373288)|DML_BEGIN|[64]|Op:Update|Type:Task|Rows:2
08:41:55.0 (399399095)|HEAP_ALLOCATE|[EXTERNAL]|Bytes:12
08:41:55.0 (422385863)|CODE_UNIT_STARTED|[EXTERNAL]|01q1r000000j6Yv|TaskTrigger on Task trigger event AfterUpdate
08:41:55.0 (422438006)|HEAP_ALLOCATE|[EXTERNAL]|Bytes:12
08:41:55.0 (422487656)|HEAP_ALLOCATE|[EXTERNAL]|Bytes:12
08:41:55.0 (422551033)|HEAP_ALLOCATE|[EXTERNAL]|Bytes:12
08:41:55.0 (422563227)|VARIABLE_SCOPE_BEGIN|[1]|this|TaskTrigger|true|false
08:41:55.0 (422601433)|VARIABLE_ASSIGNMENT|[1]|this|{}|0x5715060
08:41:55.0 (422649733)|HEAP_ALLOCATE|[EXTERNAL]|Bytes:12
08:41:55.0 (422659074)|VARIABLE_SCOPE_BEGIN|[1]|this|TaskTrigger|true|false
08:41:55.0 (422673268)|VARIABLE_ASSIGNMENT|[1]|this|{}|0x5715060
08:41:55.0 (422684330)|STATEMENT_EXECUTE|[1]
08:41:55.0 (422686643)|STATEMENT_EXECUTE|[3]
08:41:55.0 (424228370)|VARIABLE_ASSIGNMENT|[3]|this.listNew|[{"Status":"Completed","LastModifiedDate":"2018-04-18T06:41:55.000Z","IsDeleted":false,"AccountId":"0011r00001nogeNAAQ","WhatId":"0011r00001nogeNAAQ","ActivityDate":"2020-01-11T00:00:00.000Z","Priority":"Normal","IsHighPriority":false,"IsClosed":true,"IsRecurrence":false,"Subject":"Task","SystemModstamp":"2018-04-18T06:41:55.000Z","IsArchived":false,"CreatedById":"0051r000007Oz5QAAS","TaskSubtype":"Task","OwnerId":"0051r000007Oz5QAAS","CreatedDate":"2018-04-18T06:41:55.000Z","Id":"00T1r00004CPNuQEAX","DB_Activity_Type__c":"Other","IsReminderSet":false,"LastModifiedById":"0051r000007Oz5QAAS"},{"Status":"Completed","LastModifiedDate":"2018-04-18T06:41:55.000Z","IsDeleted":false,"AccountId":"0011r00001nogeNAAQ","WhatId":"0061r00000vkbj4AAA","ActivityDate":"2022-01-11T00:00:00.000Z","Priority":"Normal","IsHighPriority":false,"IsClosed":true,"IsRecurrence":false,"Subject":"Task2","SystemModstamp":"2018-04-18T06:41:55.000Z","IsArchived":false,"CreatedById":"0051r000007Oz5QAAS","TaskSubtype":"Task","OwnerId":"0051r000007Oz5QAAS","CreatedDate":"2018-04-18T06:41:55.000Z","Id":"00T1r00004CPNuREAX","DB_Activity_Type__c":"Other","IsReminderSet":false,"LastModifiedById":"0051r000007Oz5QAAS"}]|0x5715060
08:41:55.0 (424255314)|STATEMENT_EXECUTE|[5]
08:41:55.0 (425619503)|VARIABLE_ASSIGNMENT|[5]|this.mapOld|{"00T1r00004CPNuQEAX":{"Status":"Completed","LastModifiedDate":"2018-04-18T06:41:55.000Z","IsDeleted":false,"AccountId":"0011r00001nogeNAAQ","WhatId":"0011r00001nogeNAAQ","ActivityDate":"2020-01-11T00:00:00.000Z","Priority":"Normal","IsHighPriority":false,"IsClosed":true,"IsRecurrence":false,"Subject":"Task","SystemModstamp":"2018-04-18T06:41:55.000Z","IsArchived":false,"CreatedById":"0051r000007Oz5QAAS","TaskSubtype":"Task","OwnerId":"0051r000007Oz5QAAS","CreatedDate":"2018-04-18T06:41:55.000Z","Id":"00T1r00004CPNuQEAX","DB_Activity_Type__c":"Other","IsReminderSet":false,"LastModifiedById":"0051r000007Oz5QAAS"},"00T1r00004CPNuREAX":{"Status":"In Progress","LastModifiedDate":"2018-04-18T06:41:55.000Z","IsDeleted":false,"AccountId":"0011r00001nogeNAAQ","WhatId":"0061r00000vkbj4AAA","ActivityDate":"2022-01-11T00:00:00.000Z","Priority":"Normal","IsHighPriority":false,"IsClosed":false,"IsRecurrence":false,"Subject":"Task2","SystemModstamp":"2018-04-18T06:41:55.000Z","IsArchived":false,"CreatedById":"0051r000007Oz5QAAS","TaskSubtype":"Task","OwnerId":"0051r000007Oz5QAAS","CreatedDate":"2018-04-18T06:41:55.000Z","Id":"00T1r00004CPNuREAX","DB_Activity_Type__c":"Other","IsReminderSet":false,"LastModifiedById":"0051r000007Oz5QAAS"}}|0x5715060
08:41:55.0 (425652951)|STATEMENT_EXECUTE|[7]
08:41:55.0 (425658246)|STATEMENT_EXECUTE|[8]
08:41:55.0 (425659975)|STATEMENT_EXECUTE|[9]
08:41:55.0 (425675152)|METHOD_ENTRY|[9]|01p1r000009oS6S|TaskMethods.CerrarTarea(List<Task>, Map<Id,Task>)
08:41:55.0 (425685864)|VARIABLE_SCOPE_BEGIN|[3]|listTask|List<Task>|true|false
08:41:55.0 (426608617)|VARIABLE_ASSIGNMENT|[3]|listTask|[{"Status":"Completed","LastModifiedDate":"2018-04-18T06:41:55.000Z","IsDeleted":false,"AccountId":"0011r00001nogeNAAQ","WhatId":"0011r00001nogeNAAQ","ActivityDate":"2020-01-11T00:00:00.000Z","Priority":"Normal","IsHighPriority":false,"IsClosed":true,"IsRecurrence":false,"Subject":"Task","SystemModstamp":"2018-04-18T06:41:55.000Z","IsArchived":false,"CreatedById":"0051r000007Oz5QAAS","TaskSubtype":"Task","OwnerId":"0051r000007Oz5QAAS","CreatedDate":"2018-04-18T06:41:55.000Z","Id":"00T1r00004CPNuQEAX","DB_Activity_Type__c":"Other","IsReminderSet":false,"LastModifiedById":"0051r000007Oz5QAAS"},{"Status":"Completed","LastModifiedDate":"2018-04-18T06:41:55.000Z","IsDeleted":false,"AccountId":"0011r00001nogeNAAQ","WhatId":"0061r00000vkbj4AAA","ActivityDate":"2022-01-11T00:00:00.000Z","Priority":"Normal","IsHighPriority":false,"IsClosed":true,"IsRecurrence":false,"Subject":"Task2","SystemModstamp":"2018-04-18T06:41:55.000Z","IsArchived":false,"CreatedById":"0051r000007Oz5QAAS","TaskSubtype":"Task","OwnerId":"0051r000007Oz5QAAS","CreatedDate":"2018-04-18T06:41:55.000Z","Id":"00T1r00004CPNuREAX","DB_Activity_Type__c":"Other","IsReminderSet":false,"LastModifiedById":"0051r000007Oz5QAAS"}]|0x618c714e
08:41:55.0 (426630991)|VARIABLE_SCOPE_BEGIN|[3]|mapTaskOld|Map<Id,Task>|true|false
08:41:55.0 (427486773)|VARIABLE_ASSIGNMENT|[3]|mapTaskOld|{"00T1r00004CPNuQEAX":{"Status":"Completed","LastModifiedDate":"2018-04-18T06:41:55.000Z","IsDeleted":false,"AccountId":"0011r00001nogeNAAQ","WhatId":"0011r00001nogeNAAQ","ActivityDate":"2020-01-11T00:00:00.000Z","Priority":"Normal","IsHighPriority":false,"IsClosed":true,"IsRecurrence":false,"Subject":"Task","SystemModstamp":"2018-04-18T06:41:55.000Z","IsArchived":false,"CreatedById":"0051r000007Oz5QAAS","TaskSubtype":"Task","OwnerId":"0051r000007Oz5QAAS","CreatedDate":"2018-04-18T06:41:55.000Z","Id":"00T1r00004CPNuQEAX","DB_Activity_Type__c":"Other","IsReminderSet":false,"LastModifiedById":"0051r000007Oz5QAAS"},"00T1r00004CPNuREAX":{"Status":"In Progress","LastModifiedDate":"2018-04-18T06:41:55.000Z","IsDeleted":false,"AccountId":"0011r00001nogeNAAQ","WhatId":"0061r00000vkbj4AAA","ActivityDate":"2022-01-11T00:00:00.000Z","Priority":"Normal","IsHighPriority":false,"IsClosed":false,"IsRecurrence":false,"Subject":"Task2","SystemModstamp":"2018-04-18T06:41:55.000Z","IsArchived":false,"CreatedById":"0051r000007Oz5QAAS","TaskSubtype":"Task","OwnerId":"0051r000007Oz5QAAS","CreatedDate":"2018-04-18T06:41:55.000Z","Id":"00T1r00004CPNuREAX","DB_Activity_Type__c":"Other","IsReminderSet":false,"LastModifiedById":"0051r000007Oz5QAAS"}}|0x514fe20c
08:41:55.0 (427916680)|SYSTEM_MODE_ENTER|false
08:41:55.0 (427932788)|HEAP_ALLOCATE|[5]|Bytes:5
08:41:55.0 (427941307)|STATEMENT_EXECUTE|[3]
08:41:55.0 (427965763)|STATEMENT_EXECUTE|[5]
08:41:55.0 (427967647)|STATEMENT_EXECUTE|[8]
08:41:55.0 (427991232)|HEAP_ALLOCATE|[8]|Bytes:4
08:41:55.0 (428007126)|VARIABLE_SCOPE_BEGIN|[8]|listAcUpdate|List<Account>|true|false
08:41:55.0 (428017618)|HEAP_ALLOCATE|[EXTERNAL]|Bytes:4
08:41:55.0 (428027093)|VARIABLE_ASSIGNMENT|[8]|listAcUpdate|[]|0x4fb745f2
08:41:55.0 (428033548)|STATEMENT_EXECUTE|[11]
08:41:55.0 (428046073)|HEAP_ALLOCATE|[11]|Bytes:4
08:41:55.0 (428060398)|VARIABLE_SCOPE_BEGIN|[11]|setTaskIds|Set<String>|true|false
08:41:55.0 (428088765)|VARIABLE_ASSIGNMENT|[11]|setTaskIds|[]|0x40cafe34
08:41:55.0 (428117937)|HEAP_ALLOCATE|[13]|Bytes:5
08:41:55.0 (428141286)|VARIABLE_SCOPE_BEGIN|[13]|inTask|Task|true|false
08:41:55.0 (428283394)|VARIABLE_ASSIGNMENT|[13]|inTask|{"Status":"Completed","LastModifiedDate":"2018-04-18T06:41:55.000Z","IsDeleted":false,"AccountId":"0011r00001nogeNAAQ","WhatId":"0011r00001nogeNAAQ","ActivityDate":"2020-01-11T00:00:00.000Z","Priority":"Normal","IsHighPriority":false,"IsClosed":true,"IsRecurrence":false,"Subject":"Task","SystemModstamp":"2018-04-18T06:41:55.000Z","IsArchived":false,"CreatedById":"0051r000007Oz5QAAS","TaskSubtype":"Task","OwnerId":"0051r000007Oz5QAAS","CreatedDate":"2018-04-18T06:41:55.000Z","Id":"00T1r00004CPNuQEAX","DB_Activity_Type__c":"Other","IsReminderSet":false,"LastModifiedById":"0051r000007Oz5QAAS"}|0x424ef162
08:41:55.0 (428298813)|STATEMENT_EXECUTE|[13]
08:41:55.0 (428348704)|STATEMENT_EXECUTE|[14]
08:41:55.0 (428359155)|HEAP_ALLOCATE|[13]|Bytes:5
08:41:55.0 (428372061)|VARIABLE_SCOPE_BEGIN|[13]|inTask|Task|true|false
08:41:55.0 (428494319)|VARIABLE_ASSIGNMENT|[13]|inTask|{"Status":"Completed","LastModifiedDate":"2018-04-18T06:41:55.000Z","IsDeleted":false,"AccountId":"0011r00001nogeNAAQ","WhatId":"0061r00000vkbj4AAA","ActivityDate":"2022-01-11T00:00:00.000Z","Priority":"Normal","IsHighPriority":false,"IsClosed":true,"IsRecurrence":false,"Subject":"Task2","SystemModstamp":"2018-04-18T06:41:55.000Z","IsArchived":false,"CreatedById":"0051r000007Oz5QAAS","TaskSubtype":"Task","OwnerId":"0051r000007Oz5QAAS","CreatedDate":"2018-04-18T06:41:55.000Z","Id":"00T1r00004CPNuREAX","DB_Activity_Type__c":"Other","IsReminderSet":false,"LastModifiedById":"0051r000007Oz5QAAS"}|0x6c3f34a5
08:41:55.0 (428507986)|STATEMENT_EXECUTE|[13]
08:41:55.0 (428537050)|STATEMENT_EXECUTE|[14]
08:41:55.0 (428539178)|STATEMENT_EXECUTE|[15]
08:41:55.0 (428559444)|HEAP_ALLOCATE|[EXTERNAL]|Bytes:4
08:41:55.0 (428574657)|HEAP_ALLOCATE|[13]|Bytes:5
08:41:55.0 (428587296)|VARIABLE_ASSIGNMENT|[13]|inTask|null|
08:41:55.0 (428592948)|STATEMENT_EXECUTE|[20]
08:41:55.0 (428606874)|HEAP_ALLOCATE|[20]|Bytes:4
08:41:55.0 (428627636)|HEAP_ALLOCATE|[20]|Bytes:4
08:41:55.0 (428654181)|HEAP_ALLOCATE|[20]|Bytes:8
08:41:55.0 (428662852)|HEAP_ALLOCATE|[20]|Bytes:8
08:41:55.0 (429523803)|SOQL_EXECUTE_BEGIN|[20]|Aggregations:0|SELECT WhatId, ActivityDate, TYPEOF What WHEN Account THEN Id, Parent.Fecha_ultima_actividad_mas_reciente__c WHEN Opportunity THEN Account.Parent.Fecha_ultima_actividad_mas_reciente__c END FROM Task WHERE Id = :tmpVar1
08:41:55.0 (436837528)|SOQL_EXECUTE_END|[20]|Rows:1
08:41:55.0 (436865684)|HEAP_ALLOCATE|[20]|Bytes:8
08:41:55.0 (436898231)|HEAP_ALLOCATE|[20]|Bytes:297
08:41:55.0 (436931757)|HEAP_ALLOCATE|[20]|Bytes:8
08:41:55.0 (436959612)|HEAP_ALLOCATE|[20]|Bytes:20
08:41:55.0 (436964566)|HEAP_ALLOCATE|[20]|Bytes:20
08:41:55.0 (436967937)|HEAP_ALLOCATE|[20]|Bytes:4
08:41:55.0 (436977030)|VARIABLE_SCOPE_BEGIN|[20]|listTaskType|List<Task>|true|false
08:41:55.0 (436988659)|HEAP_ALLOCATE|[EXTERNAL]|Bytes:8
08:41:55.0 (437037507)|VARIABLE_ASSIGNMENT|[20]|listTaskType|[{"WhatId":"0061r00000vkbj4AAA","ActivityDate":"2022-01-11T00:00:00.000Z","Id":"00T1r00004CPNuREAX","What":{"Id":"0061r00000vkbj4AAA","AccountId":"0011r00001nogeNAAQ","Account":{"Id":"0011r00001nogeNAAQ","ParentId":"0011r00001nogeMAAQ","Parent":{"Id":"0011r00001nogeMAAQ","Fecha_ultima_activid (18 more) ...":"2020-01-11T00:00:00.000Z"}}}}]|0x7a75a28d
08:41:55.0 (437052321)|STATEMENT_EXECUTE|[28]
08:41:55.0 (437115003)|HEAP_ALLOCATE|[28]|Bytes:91
08:41:55.0 (437132367)|HEAP_ALLOCATE|[28]|Bytes:131
08:41:55.0 (437146742)|USER_DEBUG|[28]|DEBUG|TaskMethods.CerrarTarea.listTaskType :: (Task:{WhatId=0061r00000vkbj4AAA, ActivityDate=2022-01-11 00:00:00, Id=00T1r00004CPNuREAX})
08:41:55.0 (437173586)|HEAP_ALLOCATE|[31]|Bytes:5
08:41:55.0 (437186441)|HEAP_ALLOCATE|[31]|Bytes:20
08:41:55.0 (437193746)|VARIABLE_SCOPE_BEGIN|[31]|inTask|Task|true|false
08:41:55.0 (437219654)|VARIABLE_ASSIGNMENT|[31]|inTask|{"WhatId":"0061r00000vkbj4AAA","ActivityDate":"2022-01-11T00:00:00.000Z","Id":"00T1r00004CPNuREAX","What":{"Id":"0061r00000vkbj4AAA","AccountId":"0011r00001nogeNAAQ","Account":{"Id":"0011r00001nogeNAAQ","ParentId":"0011r00001nogeMAAQ","Parent":{"Id":"0011r00001nogeMAAQ","Fecha_ultima_activid (18 more) ...":"2020-01-11T00:00:00.000Z"}}}}|0x4bafa160
08:41:55.0 (437230768)|STATEMENT_EXECUTE|[31]
08:41:55.0 (437263992)|STATEMENT_EXECUTE|[32]
08:41:55.0 (437266356)|STATEMENT_EXECUTE|[33]
08:41:55.0 (437269744)|HEAP_ALLOCATE|[33]|Bytes:11
08:41:55.0 (437301632)|USER_DEBUG|[33]|DEBUG|Opportunity
08:41:55.0 (437390577)|STATEMENT_EXECUTE|[34]
08:41:55.0 (437393089)|STATEMENT_EXECUTE|[35]
08:41:55.0 (437441325)|VARIABLE_ASSIGNMENT|[35]|this.Fecha_ultima_actividad_mas_reciente__c|"2022-01-11T00:00:00.000Z"|0x6c2f6e1c
08:41:55.0 (437449056)|STATEMENT_EXECUTE|[36]
08:41:55.0 (437487529)|HEAP_ALLOCATE|[EXTERNAL]|Bytes:4
08:41:55.0 (437505181)|HEAP_ALLOCATE|[31]|Bytes:5
08:41:55.0 (437518791)|VARIABLE_ASSIGNMENT|[31]|inTask|null|
08:41:55.0 (437525073)|STATEMENT_EXECUTE|[47]
08:41:55.0 (437557479)|HEAP_ALLOCATE|[47]|Bytes:93
08:41:55.0 (437570725)|HEAP_ALLOCATE|[47]|Bytes:106
08:41:55.0 (437579772)|USER_DEBUG|[47]|DEBUG|listAcUpdate (Account:{Id=0011r00001nogeMAAQ, Fecha_ultima_actividad_mas_reciente__c=2022-01-11 00:00:00})
08:41:55.0 (437587924)|STATEMENT_EXECUTE|[48]
08:41:55.0 (437624136)|DML_BEGIN|[48]|Op:Update|Type:Account|Rows:1
08:41:55.0 (437652430)|HEAP_ALLOCATE|[EXTERNAL]|Bytes:8
08:41:55.0 (443626088)|CODE_UNIT_STARTED|[EXTERNAL]|01q1r000000j8Jg|AccountTrigger on Account trigger event BeforeUpdate
08:41:55.0 (443668345)|HEAP_ALLOCATE|[EXTERNAL]|Bytes:8
08:41:55.0 (443699176)|HEAP_ALLOCATE|[EXTERNAL]|Bytes:8
08:41:55.0 (443742931)|HEAP_ALLOCATE|[EXTERNAL]|Bytes:12
08:41:55.0 (443753395)|VARIABLE_SCOPE_BEGIN|[1]|this|AccountTrigger|true|false
08:41:55.0 (443784418)|VARIABLE_ASSIGNMENT|[1]|this|{}|0x18e4af37
08:41:55.0 (443815781)|HEAP_ALLOCATE|[EXTERNAL]|Bytes:12
08:41:55.0 (443823393)|VARIABLE_SCOPE_BEGIN|[1]|this|AccountTrigger|true|false
08:41:55.0 (443837855)|VARIABLE_ASSIGNMENT|[1]|this|{}|0x18e4af37
08:41:55.0 (443847460)|STATEMENT_EXECUTE|[1]
08:41:55.0 (443850376)|STATEMENT_EXECUTE|[3]
08:41:55.0 (444380294)|VARIABLE_ASSIGNMENT|[3]|this.listNew|[{"LastModifiedDate":"2018-04-18T06:41:55.000Z","IsDeleted":false,"CleanStatus":"Pending","Fecha_ultima_activid (18 more) ...":"2022-01-11T00:00:00.000Z","OwnerId":"0051r000007Oz5QAAS","CreatedById":"0051r000007Oz5QAAS","Match_Billing_Addres (4 more) ...":false,"CreatedDate":"2018-04-18T06:41:55.000Z","Id":"0011r00001nogeMAAQ","LastModifiedById":"0051r000007Oz5QAAS","SystemModstamp":"2018-04-18T06:41:55.000Z","Name":"CuentaPadre"}]|0x18e4af37
08:41:55.0 (444397148)|STATEMENT_EXECUTE|[5]
08:41:55.0 (444753362)|VARIABLE_ASSIGNMENT|[5]|this.mapOld|{"0011r00001nogeMAAQ":{"LastModifiedDate":"2018-04-18T06:41:55.000Z","IsDeleted":false,"CleanStatus":"Pending","Fecha_ultima_activid (18 more) ...":"2020-01-11T00:00:00.000Z","OwnerId":"0051r000007Oz5QAAS","CreatedById":"0051r000007Oz5QAAS","Match_Billing_Addres (4 more) ...":false,"CreatedDate":"2018-04-18T06:41:55.000Z","Id":"0011r00001nogeMAAQ","LastModifiedById":"0051r000007Oz5QAAS","SystemModstamp":"2018-04-18T06:41:55.000Z","Name":"CuentaPadre"}}|0x18e4af37
08:41:55.0 (444778578)|STATEMENT_EXECUTE|[7]
08:41:55.0 (444783638)|STATEMENT_EXECUTE|[8]
08:41:55.0 (444785353)|STATEMENT_EXECUTE|[9]
08:41:55.0 (444797842)|METHOD_ENTRY|[9]|01p1r000009p8Bf|AccountMethods.ActualizarCuentaHija(List<Account>, Map<Id,Account>)
08:41:55.0 (444807902)|VARIABLE_SCOPE_BEGIN|[3]|listAccount|List<Account>|true|false
08:41:55.0 (445555027)|VARIABLE_ASSIGNMENT|[3]|listAccount|[{"LastModifiedDate":"2018-04-18T06:41:55.000Z","IsDeleted":false,"CleanStatus":"Pending","Fecha_ultima_activid (18 more) ...":"2022-01-11T00:00:00.000Z","OwnerId":"0051r000007Oz5QAAS","CreatedById":"0051r000007Oz5QAAS","Match_Billing_Addres (4 more) ...":false,"CreatedDate":"2018-04-18T06:41:55.000Z","Id":"0011r00001nogeMAAQ","LastModifiedById":"0051r000007Oz5QAAS","SystemModstamp":"2018-04-18T06:41:55.000Z","Name":"CuentaPadre"}]|0x2459d370
08:41:55.0 (445568775)|VARIABLE_SCOPE_BEGIN|[3]|mapOld|Map<Id,Account>|true|false
08:41:55.0 (446287575)|VARIABLE_ASSIGNMENT|[3]|mapOld|{"0011r00001nogeMAAQ":{"LastModifiedDate":"2018-04-18T06:41:55.000Z","IsDeleted":false,"CleanStatus":"Pending","Fecha_ultima_activid (18 more) ...":"2020-01-11T00:00:00.000Z","OwnerId":"0051r000007Oz5QAAS","CreatedById":"0051r000007Oz5QAAS","Match_Billing_Addres (4 more) ...":false,"CreatedDate":"2018-04-18T06:41:55.000Z","Id":"0011r00001nogeMAAQ","LastModifiedById":"0051r000007Oz5QAAS","SystemModstamp":"2018-04-18T06:41:55.000Z","Name":"CuentaPadre"}}|0x330056d0
08:41:55.0 (446332221)|HEAP_ALLOCATE|[5]|Bytes:5
08:41:55.0 (446341768)|STATEMENT_EXECUTE|[3]
08:41:55.0 (446359465)|STATEMENT_EXECUTE|[5]
08:41:55.0 (446361381)|STATEMENT_EXECUTE|[8]
08:41:55.0 (446370835)|HEAP_ALLOCATE|[8]|Bytes:4
08:41:55.0 (446385573)|VARIABLE_SCOPE_BEGIN|[8]|listAccountIds|List<String>|true|false
08:41:55.0 (446415704)|HEAP_ALLOCATE|[EXTERNAL]|Bytes:4
08:41:55.0 (446429917)|VARIABLE_ASSIGNMENT|[8]|listAccountIds|[]|0x16be53c8
08:41:55.0 (446438567)|STATEMENT_EXECUTE|[9]
08:41:55.0 (446455114)|HEAP_ALLOCATE|[9]|Bytes:4
08:41:55.0 (446467325)|VARIABLE_SCOPE_BEGIN|[9]|mapAccountParent|Map<String,Account>|true|false
08:41:55.0 (446481803)|VARIABLE_ASSIGNMENT|[9]|mapAccountParent|{}|0x2b1ecb3f
08:41:55.0 (446505875)|HEAP_ALLOCATE|[11]|Bytes:5
08:41:55.0 (446523543)|HEAP_ALLOCATE|[11]|Bytes:4
08:41:55.0 (446532029)|VARIABLE_SCOPE_BEGIN|[11]|inAccount|Account|true|false
08:41:55.0 (446862699)|VARIABLE_ASSIGNMENT|[11]|inAccount|{"LastModifiedDate":"2018-04-18T06:41:55.000Z","IsDeleted":false,"CleanStatus":"Pending","Fecha_ultima_activid (18 more) ...":"2022-01-11T00:00:00.000Z","OwnerId":"0051r000007Oz5QAAS","CreatedById":"0051r000007Oz5QAAS","Match_Billing_Addres (4 more) ...":false,"CreatedDate":"2018-04-18T06:41:55.000Z","Id":"0011r00001nogeMAAQ","LastModifiedById":"0051r000007Oz5QAAS","SystemModstamp":"2018-04-18T06:41:55.000Z","Name":"CuentaPadre"}|0x41b64f7f
08:41:55.0 (446876573)|STATEMENT_EXECUTE|[11]
08:41:55.0 (446930153)|STATEMENT_EXECUTE|[12]
08:41:55.0 (446932712)|STATEMENT_EXECUTE|[13]
08:41:55.0 (446957242)|HEAP_ALLOCATE|[EXTERNAL]|Bytes:4
08:41:55.0 (446966625)|STATEMENT_EXECUTE|[14]
08:41:55.0 (446983573)|HEAP_ALLOCATE|[EXTERNAL]|Bytes:-4
08:41:55.0 (446999019)|HEAP_ALLOCATE|[11]|Bytes:5
08:41:55.0 (447012205)|VARIABLE_ASSIGNMENT|[11]|inAccount|null|
08:41:55.0 (447018943)|STATEMENT_EXECUTE|[19]
08:41:55.0 (447029610)|HEAP_ALLOCATE|[19]|Bytes:4
08:41:55.0 (447207358)|SOQL_EXECUTE_BEGIN|[19]|Aggregations:0|SELECT Id, Fecha_ultima_actividad_mas_reciente__c, ParentId FROM Account WHERE ParentId IN :tmpVar1
08:41:55.0 (451120195)|SOQL_EXECUTE_END|[19]|Rows:1
08:41:55.0 (451144795)|HEAP_ALLOCATE|[19]|Bytes:8
08:41:55.0 (451168990)|HEAP_ALLOCATE|[19]|Bytes:105
08:41:55.0 (451200600)|HEAP_ALLOCATE|[19]|Bytes:8
08:41:55.0 (451213164)|VARIABLE_SCOPE_BEGIN|[19]|listAccountChild|List<Account>|true|false
08:41:55.0 (451246650)|VARIABLE_ASSIGNMENT|[19]|listAccountChild|[{"Id":"0011r00001nogeNAAQ","Fecha_ultima_activid (18 more) ...":"2020-01-11T00:00:00.000Z","ParentId":"0011r00001nogeMAAQ"}]|0x3dc30591
08:41:55.0 (451279507)|HEAP_ALLOCATE|[22]|Bytes:5
08:41:55.0 (451295427)|HEAP_ALLOCATE|[22]|Bytes:16
08:41:55.0 (451304088)|VARIABLE_SCOPE_BEGIN|[22]|inAccount|Account|true|false
08:41:55.0 (451322974)|VARIABLE_ASSIGNMENT|[22]|inAccount|{"Id":"0011r00001nogeNAAQ","Fecha_ultima_activid (18 more) ...":"2020-01-11T00:00:00.000Z","ParentId":"0011r00001nogeMAAQ"}|0x5d9c67c
08:41:55.0 (451331410)|STATEMENT_EXECUTE|[22]
08:41:55.0 (451333815)|STATEMENT_EXECUTE|[23]
08:41:55.0 (451406404)|VARIABLE_ASSIGNMENT|[23]|this.Fecha_ultima_actividad_mas_reciente__c|"2022-01-11T00:00:00.000Z"|0x5d9c67c
08:41:55.0 (451423237)|HEAP_ALLOCATE|[22]|Bytes:5
08:41:55.0 (451435821)|VARIABLE_ASSIGNMENT|[22]|inAccount|null|
08:41:55.0 (451441723)|STATEMENT_EXECUTE|[26]
08:41:55.0 (451479385)|DML_BEGIN|[26]|Op:Update|Type:Account|Rows:1
08:41:55.0 (451505073)|HEAP_ALLOCATE|[EXTERNAL]|Bytes:8
08:41:55.0 (457127437)|CODE_UNIT_STARTED|[EXTERNAL]|01q1r000000j8Jg|AccountTrigger on Account trigger event BeforeUpdate
08:41:55.0 (457176761)|HEAP_ALLOCATE|[EXTERNAL]|Bytes:8
08:41:55.0 (457208664)|HEAP_ALLOCATE|[EXTERNAL]|Bytes:8
08:41:55.0 (457270497)|HEAP_ALLOCATE|[EXTERNAL]|Bytes:12
08:41:55.0 (457283195)|VARIABLE_SCOPE_BEGIN|[1]|this|AccountTrigger|true|false
08:41:55.0 (457321644)|VARIABLE_ASSIGNMENT|[1]|this|{}|0x22d4cb9a
08:41:55.0 (457357122)|HEAP_ALLOCATE|[EXTERNAL]|Bytes:12
08:41:55.0 (457365022)|VARIABLE_SCOPE_BEGIN|[1]|this|AccountTrigger|true|false
08:41:55.0 (457378029)|VARIABLE_ASSIGNMENT|[1]|this|{}|0x22d4cb9a
08:41:55.0 (457386851)|STATEMENT_EXECUTE|[1]
08:41:55.0 (457389093)|STATEMENT_EXECUTE|[3]
08:41:55.0 (458095954)|VARIABLE_ASSIGNMENT|[3]|this.listNew|[{"ParentId":"0011r00001nogeMAAQ","LastModifiedDate":"2018-04-18T06:41:55.000Z","IsDeleted":false,"Fecha_ultima_activid (18 more) ...":"2022-01-11T00:00:00.000Z","SystemModstamp":"2018-04-18T06:41:55.000Z","Name":"Cuenta","CleanStatus":"Pending","OwnerId":"0051r000007Oz5QAAS","CreatedById":"0051r000007Oz5QAAS","Match_Billing_Addres (4 more) ...":false,"LastActivityDate":"2022-01-11T00:00:00.000Z","CreatedDate":"2018-04-18T06:41:55.000Z","Id":"0011r00001nogeNAAQ","LastModifiedById":"0051r000007Oz5QAAS"}]|0x22d4cb9a
08:41:55.0 (458121059)|STATEMENT_EXECUTE|[5]
08:41:55.0 (458617300)|VARIABLE_ASSIGNMENT|[5]|this.mapOld|{"0011r00001nogeNAAQ":{"ParentId":"0011r00001nogeMAAQ","LastModifiedDate":"2018-04-18T06:41:55.000Z","IsDeleted":false,"Fecha_ultima_activid (18 more) ...":"2020-01-11T00:00:00.000Z","SystemModstamp":"2018-04-18T06:41:55.000Z","Name":"Cuenta","CleanStatus":"Pending","OwnerId":"0051r000007Oz5QAAS","CreatedById":"0051r000007Oz5QAAS","Match_Billing_Addres (4 more) ...":false,"LastActivityDate":"2020-01-11T00:00:00.000Z","CreatedDate":"2018-04-18T06:41:55.000Z","Id":"0011r00001nogeNAAQ","LastModifiedById":"0051r000007Oz5QAAS"}}|0x22d4cb9a
08:41:55.0 (458641230)|STATEMENT_EXECUTE|[7]
08:41:55.0 (458646827)|STATEMENT_EXECUTE|[8]
08:41:55.0 (458648536)|STATEMENT_EXECUTE|[9]
08:41:55.0 (458662062)|METHOD_ENTRY|[9]|01p1r000009p8Bf|AccountMethods.ActualizarCuentaHija(List<Account>, Map<Id,Account>)
08:41:55.0 (458672131)|VARIABLE_SCOPE_BEGIN|[3]|listAccount|List<Account>|true|false
08:41:55.0 (459414738)|VARIABLE_ASSIGNMENT|[3]|listAccount|[{"ParentId":"0011r00001nogeMAAQ","LastModifiedDate":"2018-04-18T06:41:55.000Z","IsDeleted":false,"Fecha_ultima_activid (18 more) ...":"2022-01-11T00:00:00.000Z","SystemModstamp":"2018-04-18T06:41:55.000Z","Name":"Cuenta","CleanStatus":"Pending","OwnerId":"0051r000007Oz5QAAS","CreatedById":"0051r000007Oz5QAAS","Match_Billing_Addres (4 more) ...":false,"LastActivityDate":"2022-01-11T00:00:00.000Z","CreatedDate":"2018-04-18T06:41:55.000Z","Id":"0011r00001nogeNAAQ","LastModifiedById":"0051r000007Oz5QAAS"}]|0x7396ec46
08:41:55.0 (459429322)|VARIABLE_SCOPE_BEGIN|[3]|mapOld|Map<Id,Account>|true|false
08:41:55.0 (460154735)|VARIABLE_ASSIGNMENT|[3]|mapOld|{"0011r00001nogeNAAQ":{"ParentId":"0011r00001nogeMAAQ","LastModifiedDate":"2018-04-18T06:41:55.000Z","IsDeleted":false,"Fecha_ultima_activid (18 more) ...":"2020-01-11T00:00:00.000Z","SystemModstamp":"2018-04-18T06:41:55.000Z","Name":"Cuenta","CleanStatus":"Pending","OwnerId":"0051r000007Oz5QAAS","CreatedById":"0051r000007Oz5QAAS","Match_Billing_Addres (4 more) ...":false,"LastActivityDate":"2020-01-11T00:00:00.000Z","CreatedDate":"2018-04-18T06:41:55.000Z","Id":"0011r00001nogeNAAQ","LastModifiedById":"0051r000007Oz5QAAS"}}|0x67b3f34a
08:41:55.0 (460195479)|HEAP_ALLOCATE|[5]|Bytes:5
08:41:55.0 (460203214)|STATEMENT_EXECUTE|[3]
08:41:55.0 (460222796)|STATEMENT_EXECUTE|[5]
08:41:55.0 (460224832)|STATEMENT_EXECUTE|[8]
08:41:55.0 (460237941)|HEAP_ALLOCATE|[8]|Bytes:4
08:41:55.0 (460252901)|VARIABLE_SCOPE_BEGIN|[8]|listAccountIds|List<String>|true|false
08:41:55.0 (460280722)|HEAP_ALLOCATE|[EXTERNAL]|Bytes:4
08:41:55.0 (460290477)|VARIABLE_ASSIGNMENT|[8]|listAccountIds|[]|0x179ea65e
08:41:55.0 (460297419)|STATEMENT_EXECUTE|[9]
08:41:55.0 (460314229)|HEAP_ALLOCATE|[9]|Bytes:4
08:41:55.0 (460323084)|VARIABLE_SCOPE_BEGIN|[9]|mapAccountParent|Map<String,Account>|true|false
08:41:55.0 (460337124)|VARIABLE_ASSIGNMENT|[9]|mapAccountParent|{}|0x1312272c
08:41:55.0 (460365499)|HEAP_ALLOCATE|[11]|Bytes:5
08:41:55.0 (460382549)|HEAP_ALLOCATE|[11]|Bytes:4
08:41:55.0 (460390970)|VARIABLE_SCOPE_BEGIN|[11]|inAccount|Account|true|false
08:41:55.0 (460703413)|VARIABLE_ASSIGNMENT|[11]|inAccount|{"ParentId":"0011r00001nogeMAAQ","LastModifiedDate":"2018-04-18T06:41:55.000Z","IsDeleted":false,"Fecha_ultima_activid (18 more) ...":"2022-01-11T00:00:00.000Z","SystemModstamp":"2018-04-18T06:41:55.000Z","Name":"Cuenta","CleanStatus":"Pending","OwnerId":"0051r000007Oz5QAAS","CreatedById":"0051r000007Oz5QAAS","Match_Billing_Addres (4 more) ...":false,"LastActivityDate":"2022-01-11T00:00:00.000Z","CreatedDate":"2018-04-18T06:41:55.000Z","Id":"0011r00001nogeNAAQ","LastModifiedById":"0051r000007Oz5QAAS"}|0x57a21dd4
08:41:55.0 (460718248)|STATEMENT_EXECUTE|[11]
08:41:55.0 (460729542)|STATEMENT_EXECUTE|[12]
08:41:55.0 (460741462)|HEAP_ALLOCATE|[11]|Bytes:5
08:41:55.0 (460755216)|VARIABLE_ASSIGNMENT|[11]|inAccount|null|
08:41:55.0 (460761552)|STATEMENT_EXECUTE|[19]
08:41:55.0 (460774222)|HEAP_ALLOCATE|[19]|Bytes:4
08:41:55.0 (460971595)|SOQL_EXECUTE_BEGIN|[19]|Aggregations:0|SELECT Id, Fecha_ultima_actividad_mas_reciente__c, ParentId FROM Account WHERE ParentId IN :tmpVar1
08:41:55.0 (463231891)|SOQL_EXECUTE_END|[19]|Rows:0
08:41:55.0 (463256331)|HEAP_ALLOCATE|[19]|Bytes:4
08:41:55.0 (463269445)|HEAP_ALLOCATE|[19]|Bytes:0
08:41:55.0 (463297936)|HEAP_ALLOCATE|[19]|Bytes:4
08:41:55.0 (463308914)|VARIABLE_SCOPE_BEGIN|[19]|listAccountChild|List<Account>|true|false
08:41:55.0 (463325288)|VARIABLE_ASSIGNMENT|[19]|listAccountChild|[]|0x4411c578
08:41:55.0 (463352122)|HEAP_ALLOCATE|[22]|Bytes:5
08:41:55.0 (463366128)|VARIABLE_ASSIGNMENT|[22]|inAccount|null|
08:41:55.0 (463372876)|STATEMENT_EXECUTE|[22]
08:41:55.0 (463375157)|STATEMENT_EXECUTE|[26]
08:41:55.0 (463412217)|HEAP_ALLOCATE|[EXTERNAL]|Bytes:4
08:41:55.0 (463427517)|METHOD_EXIT|[9]|01p1r000009p8Bf|AccountMethods.ActualizarCuentaHija(List<Account>, Map<Id,Account>)
08:41:55.463 (463440081)|CUMULATIVE_LIMIT_USAGE
08:41:55.463 (463440081)|LIMIT_USAGE_FOR_NS|(default)|
  Number of SOQL queries: 9 out of 100
  Number of query rows: 5 out of 50000
  Number of SOSL queries: 0 out of 20
  Number of DML statements: 11 out of 150
  Number of DML rows: 13 out of 10000
  Maximum CPU time: 0 out of 10000
  Maximum heap size: 0 out of 6000000
  Number of callouts: 0 out of 100
  Number of Email Invocations: 0 out of 10
  Number of future calls: 0 out of 50
  Number of queueable jobs added to the queue: 0 out of 50
  Number of Mobile Apex push calls: 0 out of 10

08:41:55.463 (463440081)|CUMULATIVE_LIMIT_USAGE_END

08:41:55.0 (464252872)|CODE_UNIT_FINISHED|AccountTrigger on Account trigger event BeforeUpdate
08:41:55.0 (465230416)|CODE_UNIT_STARTED|[EXTERNAL]|DuplicateDetector
08:41:55.0 (465245471)|DUPLICATE_DETECTION_BEGIN
08:41:55.0 (465290485)|DUPLICATE_DETECTION_RULE_INVOCATION|DuplicateRuleId:0Bm1r0000018X88|DuplicateRuleName:Standard Account Duplicate Rule|DmlType:UPDATE
08:41:55.0 (465325753)|DUPLICATE_DETECTION_END
08:41:55.0 (465330076)|CODE_UNIT_FINISHED|DuplicateDetector
08:41:55.0 (476285382)|DML_END|[26]
08:41:55.0 (476325614)|HEAP_ALLOCATE|[EXTERNAL]|Bytes:8
08:41:55.0 (476355014)|METHOD_EXIT|[9]|01p1r000009p8Bf|AccountMethods.ActualizarCuentaHija(List<Account>, Map<Id,Account>)
08:41:55.476 (476370944)|CUMULATIVE_LIMIT_USAGE
08:41:55.476 (476370944)|LIMIT_USAGE_FOR_NS|(default)|
  Number of SOQL queries: 9 out of 100
  Number of query rows: 5 out of 50000
  Number of SOSL queries: 0 out of 20
  Number of DML statements: 11 out of 150
  Number of DML rows: 13 out of 10000
  Maximum CPU time: 0 out of 10000
  Maximum heap size: 0 out of 6000000
  Number of callouts: 0 out of 100
  Number of Email Invocations: 0 out of 10
  Number of future calls: 0 out of 50
  Number of queueable jobs added to the queue: 0 out of 50
  Number of Mobile Apex push calls: 0 out of 10

08:41:55.476 (476370944)|CUMULATIVE_LIMIT_USAGE_END

08:41:55.0 (477166113)|CODE_UNIT_FINISHED|AccountTrigger on Account trigger event BeforeUpdate
08:41:55.0 (478056324)|CODE_UNIT_STARTED|[EXTERNAL]|DuplicateDetector
08:41:55.0 (478071012)|DUPLICATE_DETECTION_BEGIN
08:41:55.0 (478110202)|DUPLICATE_DETECTION_RULE_INVOCATION|DuplicateRuleId:0Bm1r0000018X88|DuplicateRuleName:Standard Account Duplicate Rule|DmlType:UPDATE
08:41:55.0 (478141387)|DUPLICATE_DETECTION_END
08:41:55.0 (478145776)|CODE_UNIT_FINISHED|DuplicateDetector
08:41:55.0 (485480406)|DML_END|[48]
08:41:55.0 (485513136)|HEAP_ALLOCATE|[EXTERNAL]|Bytes:8
08:41:55.0 (485533307)|SYSTEM_MODE_EXIT|false
08:41:55.0 (485562346)|METHOD_EXIT|[9]|01p1r000009oS6S|TaskMethods.CerrarTarea(List<Task>, Map<Id,Task>)
08:41:55.485 (485581009)|CUMULATIVE_LIMIT_USAGE
08:41:55.485 (485581009)|LIMIT_USAGE_FOR_NS|(default)|
  Number of SOQL queries: 9 out of 100
  Number of query rows: 5 out of 50000
  Number of SOSL queries: 0 out of 20
  Number of DML statements: 11 out of 150
  Number of DML rows: 13 out of 10000
  Maximum CPU time: 0 out of 10000
  Maximum heap size: 0 out of 6000000
  Number of callouts: 0 out of 100
  Number of Email Invocations: 0 out of 10
  Number of future calls: 0 out of 50
  Number of queueable jobs added to the queue: 0 out of 50
  Number of Mobile Apex push calls: 0 out of 10

08:41:55.485 (485581009)|CUMULATIVE_LIMIT_USAGE_END

08:41:55.0 (486756865)|CODE_UNIT_FINISHED|TaskTrigger on Task trigger event AfterUpdate
08:41:55.0 (487292276)|DML_END|[64]
08:41:55.0 (487314543)|HEAP_ALLOCATE|[EXTERNAL]|Bytes:12
08:41:55.0 (487331692)|STATEMENT_EXECUTE|[66]
08:41:55.0 (487357003)|HEAP_ALLOCATE|[66]|Bytes:4
08:41:55.0 (487579084)|SOQL_EXECUTE_BEGIN|[66]|Aggregations:0|SELECT Id, Fecha_ultima_actividad_mas_reciente__c FROM Account WHERE Id = :tmpVar1
08:41:55.0 (490842038)|SOQL_EXECUTE_END|[66]|Rows:1
08:41:55.0 (490865872)|HEAP_ALLOCATE|[66]|Bytes:8
08:41:55.0 (490885336)|HEAP_ALLOCATE|[66]|Bytes:75
08:41:55.0 (490917282)|HEAP_ALLOCATE|[66]|Bytes:8
08:41:55.0 (490933826)|VARIABLE_SCOPE_BEGIN|[66]|listAccountCheckDos|List<Account>|true|false
08:41:55.0 (490991687)|VARIABLE_ASSIGNMENT|[66]|listAccountCheckDos|[{"Id":"0011r00001nogeMAAQ","Fecha_ultima_activid (18 more) ...":"2022-01-11T00:00:00.000Z"}]|0x7c6032ea
08:41:55.0 (491001338)|STATEMENT_EXECUTE|[68]
08:41:55.0 (491081161)|USER_DEBUG|[68]|DEBUG|(Account:{Id=0011r00001nogeMAAQ, Fecha_ultima_actividad_mas_reciente__c=2020-01-11 00:00:00})
08:41:55.0 (491095099)|STATEMENT_EXECUTE|[70]
08:41:55.0 (491139139)|HEAP_ALLOCATE|[70]|Bytes:12
08:41:55.0 (491168304)|HEAP_ALLOCATE|[70]|Bytes:28
08:41:55.491 (491202843)|CUMULATIVE_LIMIT_USAGE
08:41:55.491 (491202843)|LIMIT_USAGE_FOR_NS|(default)|
  Number of SOQL queries: 10 out of 100
  Number of query rows: 6 out of 50000
  Number of SOSL queries: 0 out of 20
  Number of DML statements: 11 out of 150
  Number of DML rows: 13 out of 10000
  Maximum CPU time: 0 out of 10000
  Maximum heap size: 0 out of 6000000
  Number of callouts: 0 out of 100
  Number of Email Invocations: 0 out of 10
  Number of future calls: 0 out of 50
  Number of queueable jobs added to the queue: 0 out of 50
  Number of Mobile Apex push calls: 0 out of 10

08:41:55.491 (491202843)|CUMULATIVE_LIMIT_USAGE_END

08:41:55.0 (491230671)|CODE_UNIT_FINISHED|TaskTest.testCerrarTarea
08:41:55.0 (492126164)|EXECUTION_FINISHED
08:41:55.640 (640959645)|USER_INFO|[EXTERNAL]|0051r000007Oz5Q|lydia.abril@gmail.com|hora estándar de Europa central|GMT+02:00
08:41:55.640 (640984435)|EXECUTION_STARTED
08:41:55.640 (640989489)|CODE_UNIT_STARTED|[EXTERNAL]|DuplicateDetector
08:41:55.640 (641003406)|DUPLICATE_DETECTION_BEGIN
08:41:55.640 (641063889)|DUPLICATE_DETECTION_RULE_INVOCATION|DuplicateRuleId:0Bm1r0000018X88|DuplicateRuleName:Standard Account Duplicate Rule|DmlType:INSERT
08:41:55.640 (651548197)|DUPLICATE_DETECTION_END
08:41:55.640 (651560529)|CODE_UNIT_FINISHED|DuplicateDetector
08:41:55.640 (652684050)|EXECUTION_FINISHED
08:41:55.654 (654434164)|USER_INFO|[EXTERNAL]|0051r000007Oz5Q|lydia.abril@gmail.com|hora estándar de Europa central|GMT+02:00
08:41:55.654 (654452661)|EXECUTION_STARTED
08:41:55.654 (654456288)|CODE_UNIT_STARTED|[EXTERNAL]|DuplicateDetector
08:41:55.654 (654466314)|DUPLICATE_DETECTION_BEGIN
08:41:55.654 (654508448)|DUPLICATE_DETECTION_RULE_INVOCATION|DuplicateRuleId:0Bm1r0000018X88|DuplicateRuleName:Standard Account Duplicate Rule|DmlType:UPDATE
08:41:55.654 (661692572)|DUPLICATE_DETECTION_END
08:41:55.654 (661699232)|CODE_UNIT_FINISHED|DuplicateDetector
08:41:55.654 (662459993)|EXECUTION_FINISHED
