36.0 APEX_CODE,FINEST;APEX_PROFILING,INFO;CALLOUT,INFO;DB,INFO;SYSTEM,DEBUG;VALIDATION,INFO;VISUALFORCE,INFO;WAVE,INFO;WORKFLOW,INFO
10:52:17.0 (77529)|USER_INFO|[EXTERNAL]|0051r000007Oz5Q|lydia.abril@gmail.com|hora estándar de Europa central|GMT+02:00
10:52:17.0 (127116)|EXECUTION_STARTED
10:52:17.0 (131951)|CODE_UNIT_STARTED|[EXTERNAL]|TRIGGERS
10:52:17.0 (871136)|CODE_UNIT_STARTED|[EXTERNAL]|01q1r000000j3dJ|PasajeroTrigger on Pasajero trigger event BeforeInsert
10:52:17.0 (905398)|HEAP_ALLOCATE|[EXTERNAL]|Bytes:8
10:52:17.0 (1261529)|HEAP_ALLOCATE|[72]|Bytes:3
10:52:17.0 (1295614)|HEAP_ALLOCATE|[77]|Bytes:152
10:52:17.0 (1309721)|HEAP_ALLOCATE|[342]|Bytes:408
10:52:17.0 (1321817)|HEAP_ALLOCATE|[355]|Bytes:408
10:52:17.0 (1333345)|HEAP_ALLOCATE|[467]|Bytes:48
10:52:17.0 (1360290)|HEAP_ALLOCATE|[139]|Bytes:6
10:52:17.0 (1386151)|HEAP_ALLOCATE|[EXTERNAL]|Bytes:8
10:52:17.0 (1394544)|VARIABLE_SCOPE_BEGIN|[1]|this|PasajeroTrigger|true|false
10:52:17.0 (1440363)|VARIABLE_ASSIGNMENT|[1]|this|{}|0x63b9a831
10:52:17.0 (1479310)|HEAP_ALLOCATE|[EXTERNAL]|Bytes:8
10:52:17.0 (1485765)|VARIABLE_SCOPE_BEGIN|[1]|this|PasajeroTrigger|true|false
10:52:17.0 (1497759)|VARIABLE_ASSIGNMENT|[1]|this|{}|0x63b9a831
10:52:17.0 (1507908)|STATEMENT_EXECUTE|[1]
10:52:17.0 (1510452)|STATEMENT_EXECUTE|[4]
10:52:17.0 (1540626)|HEAP_ALLOCATE|[50]|Bytes:5
10:52:17.0 (1561466)|HEAP_ALLOCATE|[56]|Bytes:5
10:52:17.0 (1569741)|HEAP_ALLOCATE|[64]|Bytes:7
10:52:17.0 (1939813)|VARIABLE_ASSIGNMENT|[4]|this.listNew|[{"IsDeleted":false,"Nombre_pasajero__c":"bbbbb","Edad__c":12,"Nif__c":"11111111B","Reserva__c":"a001r00000oUEbDAAW","Name":"bbbbb"}]|0x63b9a831
10:52:17.0 (1959509)|STATEMENT_EXECUTE|[7]
10:52:17.0 (1966166)|STATEMENT_EXECUTE|[8]
10:52:17.0 (1968179)|STATEMENT_EXECUTE|[9]
10:52:17.0 (2069989)|HEAP_ALLOCATE|[9]|Bytes:7
10:52:17.0 (2078106)|HEAP_ALLOCATE|[9]|Bytes:2
10:52:17.0 (2087017)|METHOD_ENTRY|[1]|01p1r000008Zry1|PasajeroMethods.PasajeroMethods()
10:52:17.0 (2093530)|STATEMENT_EXECUTE|[1]
10:52:17.0 (2097428)|STATEMENT_EXECUTE|[1]
10:52:17.0 (2440984)|SYSTEM_MODE_ENTER|false
10:52:17.0 (2456456)|HEAP_ALLOCATE|[9]|Bytes:5
10:52:17.0 (2464733)|SYSTEM_MODE_EXIT|false
10:52:17.0 (2473224)|METHOD_EXIT|[1]|PasajeroMethods
10:52:17.0 (2486632)|METHOD_ENTRY|[9]|01p1r000008Zry1|PasajeroMethods.ValidarNif(List<Pasajero__c>)
10:52:17.0 (2506231)|VARIABLE_SCOPE_BEGIN|[65]|listNew|List<Pasajero__c>|true|false
10:52:17.0 (2612346)|VARIABLE_ASSIGNMENT|[65]|listNew|[{"IsDeleted":false,"Nombre_pasajero__c":"bbbbb","Edad__c":12,"Nif__c":"11111111B","Reserva__c":"a001r00000oUEbDAAW","Name":"bbbbb"}]|0x9af822e
10:52:17.0 (2631132)|SYSTEM_MODE_ENTER|false
10:52:17.0 (2638123)|HEAP_ALLOCATE|[67]|Bytes:5
10:52:17.0 (2644232)|STATEMENT_EXECUTE|[65]
10:52:17.0 (2708832)|STATEMENT_EXECUTE|[67]
10:52:17.0 (2711823)|STATEMENT_EXECUTE|[70]
10:52:17.0 (2715381)|HEAP_ALLOCATE|[70]|Bytes:30
10:52:17.0 (2731944)|HEAP_ALLOCATE|[70]|Bytes:4
10:52:17.0 (2878178)|SOQL_EXECUTE_BEGIN|[70]|Aggregations:0|SELECT Nif__c FROM Pasajero__c
10:52:17.0 (4298145)|SOQL_EXECUTE_END|[70]|Rows:3
10:52:17.0 (4317515)|HEAP_ALLOCATE|[70]|Bytes:16
10:52:17.0 (4334200)|HEAP_ALLOCATE|[70]|Bytes:144
10:52:17.0 (4361684)|HEAP_ALLOCATE|[70]|Bytes:16
10:52:17.0 (4373387)|VARIABLE_SCOPE_BEGIN|[70]|listPasajero|List<Pasajero__c>|true|false
10:52:17.0 (4397181)|VARIABLE_ASSIGNMENT|[70]|listPasajero|[{"Nif__c":"987654765","Id":"a021r00000dd60CAAQ"},{"Nif__c":"111222333","Id":"a021r00000dd5yHAAQ"},{"Nif__c":"111111111","Id":"a021r00000dd5xYAAQ"}]|0x7f18ff8a
10:52:17.0 (4406219)|STATEMENT_EXECUTE|[72]
10:52:17.0 (4417273)|HEAP_ALLOCATE|[72]|Bytes:4
10:52:17.0 (4443789)|VARIABLE_SCOPE_BEGIN|[72]|listPasajeroNif|List<String>|true|false
10:52:17.0 (4467334)|HEAP_ALLOCATE|[EXTERNAL]|Bytes:4
10:52:17.0 (4477646)|VARIABLE_ASSIGNMENT|[72]|listPasajeroNif|[]|0x677d9d54
10:52:17.0 (4625479)|HEAP_ALLOCATE|[74]|Bytes:5
10:52:17.0 (4642582)|HEAP_ALLOCATE|[74]|Bytes:12
10:52:17.0 (4650253)|VARIABLE_SCOPE_BEGIN|[74]|inPasajero|Pasajero__c|true|false
10:52:17.0 (4670491)|VARIABLE_ASSIGNMENT|[74]|inPasajero|{"Nif__c":"987654765","Id":"a021r00000dd60CAAQ"}|0x6ff19f5a
10:52:17.0 (4678085)|STATEMENT_EXECUTE|[74]
10:52:17.0 (4680147)|STATEMENT_EXECUTE|[75]
10:52:17.0 (4736038)|HEAP_ALLOCATE|[EXTERNAL]|Bytes:4
10:52:17.0 (4751788)|HEAP_ALLOCATE|[74]|Bytes:5
10:52:17.0 (4762430)|HEAP_ALLOCATE|[74]|Bytes:12
10:52:17.0 (4768676)|VARIABLE_SCOPE_BEGIN|[74]|inPasajero|Pasajero__c|true|false
10:52:17.0 (4781310)|VARIABLE_ASSIGNMENT|[74]|inPasajero|{"Nif__c":"111222333","Id":"a021r00000dd5yHAAQ"}|0x572dc981
10:52:17.0 (4787434)|STATEMENT_EXECUTE|[74]
10:52:17.0 (4789551)|STATEMENT_EXECUTE|[75]
10:52:17.0 (4799007)|HEAP_ALLOCATE|[EXTERNAL]|Bytes:4
10:52:17.0 (4808941)|HEAP_ALLOCATE|[74]|Bytes:5
10:52:17.0 (4817148)|HEAP_ALLOCATE|[74]|Bytes:12
10:52:17.0 (4822581)|VARIABLE_SCOPE_BEGIN|[74]|inPasajero|Pasajero__c|true|false
10:52:17.0 (4833081)|VARIABLE_ASSIGNMENT|[74]|inPasajero|{"Nif__c":"111111111","Id":"a021r00000dd5xYAAQ"}|0x5cb1790d
10:52:17.0 (4839745)|STATEMENT_EXECUTE|[74]
10:52:17.0 (4841685)|STATEMENT_EXECUTE|[75]
10:52:17.0 (4848298)|HEAP_ALLOCATE|[EXTERNAL]|Bytes:4
10:52:17.0 (4858184)|HEAP_ALLOCATE|[74]|Bytes:5
10:52:17.0 (4867566)|VARIABLE_ASSIGNMENT|[74]|inPasajero|null|
10:52:17.0 (4889185)|HEAP_ALLOCATE|[79]|Bytes:5
10:52:17.0 (4901782)|HEAP_ALLOCATE|[79]|Bytes:4
10:52:17.0 (4906688)|VARIABLE_SCOPE_BEGIN|[79]|inPasajero|Pasajero__c|true|false
10:52:17.0 (5027152)|VARIABLE_ASSIGNMENT|[79]|inPasajero|{"IsDeleted":false,"Nombre_pasajero__c":"bbbbb","Edad__c":12,"Nif__c":"11111111B","Reserva__c":"a001r00000oUEbDAAW","Name":"bbbbb"}|0x3d39cf7f
10:52:17.0 (5038060)|STATEMENT_EXECUTE|[79]
10:52:17.0 (5040067)|STATEMENT_EXECUTE|[81]
10:52:17.0 (5088062)|HEAP_ALLOCATE|[81]|Bytes:8
10:52:17.0 (5100480)|VARIABLE_SCOPE_BEGIN|[81]|numerosNif|String|false|false
10:52:17.0 (5111726)|VARIABLE_ASSIGNMENT|[81]|numerosNif|"11111111"
10:52:17.0 (5117369)|STATEMENT_EXECUTE|[83]
10:52:17.0 (5139311)|VARIABLE_SCOPE_BEGIN|[83]|letraNif|String|false|false
10:52:17.0 (5148525)|VARIABLE_ASSIGNMENT|[83]|letraNif|""
10:52:17.0 (5221525)|STATEMENT_EXECUTE|[89]
10:52:17.0 (5223894)|STATEMENT_EXECUTE|[90]
10:52:17.0 (5227428)|HEAP_ALLOCATE|[90]|Bytes:21
10:52:17.0 (5286560)|HEAP_ALLOCATE|[79]|Bytes:5
10:52:17.0 (5299056)|VARIABLE_ASSIGNMENT|[79]|inPasajero|null|
10:52:17.0 (5306423)|SYSTEM_MODE_EXIT|false
10:52:17.0 (5314921)|METHOD_EXIT|[9]|01p1r000008Zry1|PasajeroMethods.ValidarNif(List<Pasajero__c>)
10:52:17.0 (5321094)|STATEMENT_EXECUTE|[10]
10:52:17.0 (5332575)|METHOD_ENTRY|[10]|01p1r000008Zry1|PasajeroMethods.RellenarContacto(List<Pasajero__c>)
10:52:17.0 (5344405)|VARIABLE_SCOPE_BEGIN|[33]|listPasajeros|List<Pasajero__c>|true|false
10:52:17.0 (5445415)|VARIABLE_ASSIGNMENT|[33]|listPasajeros|[{"IsDeleted":false,"Nombre_pasajero__c":"bbbbb","Edad__c":12,"Nif__c":"11111111B","Reserva__c":"a001r00000oUEbDAAW","Name":"bbbbb"}]|0x9af822e
10:52:17.0 (5464599)|SYSTEM_MODE_ENTER|false
10:52:17.0 (5470684)|HEAP_ALLOCATE|[35]|Bytes:5
10:52:17.0 (5476477)|STATEMENT_EXECUTE|[33]
10:52:17.0 (5497465)|STATEMENT_EXECUTE|[35]
10:52:17.0 (5499551)|STATEMENT_EXECUTE|[38]
10:52:17.0 (5508060)|HEAP_ALLOCATE|[38]|Bytes:4
10:52:17.0 (5523734)|VARIABLE_SCOPE_BEGIN|[38]|listNifs|List<String>|true|false
10:52:17.0 (5543278)|HEAP_ALLOCATE|[EXTERNAL]|Bytes:4
10:52:17.0 (5552386)|VARIABLE_ASSIGNMENT|[38]|listNifs|[]|0x30a743aa
10:52:17.0 (5577438)|HEAP_ALLOCATE|[40]|Bytes:5
10:52:17.0 (5590007)|HEAP_ALLOCATE|[40]|Bytes:4
10:52:17.0 (5598791)|VARIABLE_SCOPE_BEGIN|[40]|inPasajero|Pasajero__c|true|false
10:52:17.0 (5694023)|VARIABLE_ASSIGNMENT|[40]|inPasajero|{"IsDeleted":false,"Nombre_pasajero__c":"bbbbb","Edad__c":12,"Nif__c":"11111111B","Reserva__c":"a001r00000oUEbDAAW","Name":"bbbbb"}|0x3d39cf7f
10:52:17.0 (5702781)|STATEMENT_EXECUTE|[40]
10:52:17.0 (5704678)|STATEMENT_EXECUTE|[41]
10:52:17.0 (5730407)|HEAP_ALLOCATE|[EXTERNAL]|Bytes:4
10:52:17.0 (5738636)|STATEMENT_EXECUTE|[43]
10:52:17.0 (5768208)|USER_DEBUG|[43]|DEBUG|11111111B
10:52:17.0 (5783233)|HEAP_ALLOCATE|[40]|Bytes:5
10:52:17.0 (5794178)|VARIABLE_ASSIGNMENT|[40]|inPasajero|null|
10:52:17.0 (5801759)|SYSTEM_MODE_EXIT|false
10:52:17.0 (5809386)|METHOD_EXIT|[10]|01p1r000008Zry1|PasajeroMethods.RellenarContacto(List<Pasajero__c>)
10:52:17.5 (5818956)|CUMULATIVE_LIMIT_USAGE
10:52:17.5 (5818956)|LIMIT_USAGE_FOR_NS|(default)|
  Number of SOQL queries: 1 out of 100
  Number of query rows: 3 out of 50000
  Number of SOSL queries: 0 out of 20
  Number of DML statements: 0 out of 150
  Number of DML rows: 0 out of 10000
  Maximum CPU time: 0 out of 10000
  Maximum heap size: 0 out of 6000000
  Number of callouts: 0 out of 100
  Number of Email Invocations: 0 out of 10
  Number of future calls: 0 out of 50
  Number of queueable jobs added to the queue: 0 out of 50
  Number of Mobile Apex push calls: 0 out of 10

10:52:17.5 (5818956)|CUMULATIVE_LIMIT_USAGE_END

10:52:17.0 (6923742)|CODE_UNIT_FINISHED|PasajeroTrigger on Pasajero trigger event BeforeInsert
10:52:17.0 (14240550)|CODE_UNIT_FINISHED|TRIGGERS
10:52:17.0 (14255483)|EXECUTION_FINISHED
